Module path:  Src.Algorithms.ProWLS ProWLS
Dynamically loaded from:  <class 'Src.Algorithms.ProWLS.ProWLS'>
=====Configurations=====
 Namespace(NN_basis_dim='32', Policy_basis_dim='32', actor_lr=0.0074984506903203125, algo_name='ProWLS', base=0, batch_size=1000, buffer_size=1000, debug=False, delta=1, entropy_lambda=0.1, env_name='NS_SimGlucose-v0', experiment='NS_4_', extrapolator_basis='Fourier', folder_suffix='Default', fourier_coupled=True, fourier_k=3, fourier_order=3, gamma=0.99, gauss_std=0.89098, gpu=0, hyper='default', importance_clip=10.0, inc=1, log_output='term_file', max_episodes=1000, max_inner=30, max_steps=500, optim='rmsprop', oracle=-1, raw_basis=True, restore=False, save_count=100, save_model=True, seed=3, speed=4, state_lr=0.001, summary=True, swarm=False, timestamp='5|30|9:26:28')
Actions space: 2 :: State space: 1
State Low: tensor([0.]) :: State High: tensor([1.])
State features:  [('dummy_param', torch.Size([1]))]
Action Low: [3. 5.] :: Action High: [30. 50.]
Policy:  [('fc_mean.weight', torch.Size([2, 1])), ('fc_mean.bias', torch.Size([2]))]
0 :: Rewards 22.567 :: steps: 0.10 :: Time: 0.259(2.59494/step) :: Entropy : 0.000 :: Grads : []
10 :: Rewards 197.949 :: steps: 1.00 :: Time: 2.601(2.60148/step) :: Entropy : 0.000 :: Grads : []
20 :: Rewards 381.179 :: steps: 1.00 :: Time: 2.615(2.61482/step) :: Entropy : 0.000 :: Grads : []
30 :: Rewards 559.397 :: steps: 1.00 :: Time: 2.658(2.65769/step) :: Entropy : 0.000 :: Grads : []
40 :: Rewards 761.147 :: steps: 1.00 :: Time: 2.638(2.63772/step) :: Entropy : 0.000 :: Grads : []
50 :: Rewards 956.881 :: steps: 1.00 :: Time: 2.632(2.63192/step) :: Entropy : 0.000 :: Grads : []
60 :: Rewards 1108.549 :: steps: 1.00 :: Time: 2.622(2.62150/step) :: Entropy : 0.000 :: Grads : []
70 :: Rewards 1342.854 :: steps: 1.00 :: Time: 2.619(2.61883/step) :: Entropy : 0.000 :: Grads : []
80 :: Rewards 1571.133 :: steps: 1.00 :: Time: 2.681(2.68065/step) :: Entropy : 0.000 :: Grads : []
90 :: Rewards 1819.337 :: steps: 1.00 :: Time: 2.632(2.63188/step) :: Entropy : 0.000 :: Grads : []
100 :: Rewards 2085.839 :: steps: 1.00 :: Time: 2.714(2.71351/step) :: Entropy : 0.000 :: Grads : []
110 :: Rewards 2356.640 :: steps: 1.00 :: Time: 2.709(2.70948/step) :: Entropy : 0.000 :: Grads : []
120 :: Rewards 2681.026 :: steps: 1.00 :: Time: 2.714(2.71424/step) :: Entropy : 0.000 :: Grads : []
130 :: Rewards 3018.011 :: steps: 1.00 :: Time: 2.679(2.67887/step) :: Entropy : 0.000 :: Grads : []
140 :: Rewards 3337.401 :: steps: 1.00 :: Time: 2.662(2.66163/step) :: Entropy : 0.000 :: Grads : []
150 :: Rewards 3637.573 :: steps: 1.00 :: Time: 2.654(2.65397/step) :: Entropy : 0.000 :: Grads : []
160 :: Rewards 3959.315 :: steps: 1.00 :: Time: 2.622(2.62154/step) :: Entropy : 0.000 :: Grads : []
170 :: Rewards 4261.184 :: steps: 1.00 :: Time: 2.638(2.63845/step) :: Entropy : 0.000 :: Grads : []
180 :: Rewards 4562.131 :: steps: 1.00 :: Time: 2.625(2.62497/step) :: Entropy : 0.000 :: Grads : []
190 :: Rewards 4851.367 :: steps: 1.00 :: Time: 2.621(2.62149/step) :: Entropy : 0.000 :: Grads : []
200 :: Rewards 5125.130 :: steps: 1.00 :: Time: 2.617(2.61693/step) :: Entropy : 0.000 :: Grads : []
210 :: Rewards 5352.128 :: steps: 1.00 :: Time: 2.631(2.63094/step) :: Entropy : 0.000 :: Grads : []
220 :: Rewards 5541.312 :: steps: 1.00 :: Time: 2.631(2.63111/step) :: Entropy : 0.000 :: Grads : []
230 :: Rewards 5701.677 :: steps: 1.00 :: Time: 2.664(2.66412/step) :: Entropy : 0.000 :: Grads : []
240 :: Rewards 5859.169 :: steps: 1.00 :: Time: 2.668(2.66822/step) :: Entropy : 0.000 :: Grads : []
250 :: Rewards 6007.721 :: steps: 1.00 :: Time: 2.636(2.63563/step) :: Entropy : 0.000 :: Grads : []
260 :: Rewards 6161.646 :: steps: 1.00 :: Time: 2.630(2.62955/step) :: Entropy : 0.000 :: Grads : []
270 :: Rewards 6356.982 :: steps: 1.00 :: Time: 2.628(2.62823/step) :: Entropy : 0.000 :: Grads : []
280 :: Rewards 6509.628 :: steps: 1.00 :: Time: 2.663(2.66290/step) :: Entropy : 0.000 :: Grads : []
290 :: Rewards 6678.127 :: steps: 1.00 :: Time: 2.672(2.67210/step) :: Entropy : 0.000 :: Grads : []
300 :: Rewards 6831.732 :: steps: 1.00 :: Time: 2.735(2.73477/step) :: Entropy : 0.000 :: Grads : []
310 :: Rewards 7080.121 :: steps: 1.00 :: Time: 2.734(2.73365/step) :: Entropy : 0.000 :: Grads : []
320 :: Rewards 7339.398 :: steps: 1.00 :: Time: 2.632(2.63185/step) :: Entropy : 0.000 :: Grads : []
330 :: Rewards 7602.389 :: steps: 1.00 :: Time: 2.700(2.70020/step) :: Entropy : 0.000 :: Grads : []
340 :: Rewards 7893.179 :: steps: 1.00 :: Time: 2.643(2.64342/step) :: Entropy : 0.000 :: Grads : []
350 :: Rewards 8196.482 :: steps: 1.00 :: Time: 2.722(2.72184/step) :: Entropy : 0.000 :: Grads : []
360 :: Rewards 8493.670 :: steps: 1.00 :: Time: 2.677(2.67688/step) :: Entropy : 0.000 :: Grads : []
370 :: Rewards 8753.073 :: steps: 1.00 :: Time: 2.682(2.68156/step) :: Entropy : 0.000 :: Grads : []
380 :: Rewards 9023.897 :: steps: 1.00 :: Time: 2.696(2.69589/step) :: Entropy : 0.000 :: Grads : []
390 :: Rewards 9293.315 :: steps: 1.00 :: Time: 2.657(2.65719/step) :: Entropy : 0.000 :: Grads : []
400 :: Rewards 9534.169 :: steps: 1.00 :: Time: 2.702(2.70169/step) :: Entropy : 0.000 :: Grads : []
410 :: Rewards 9716.540 :: steps: 1.00 :: Time: 2.694(2.69433/step) :: Entropy : 0.000 :: Grads : []
420 :: Rewards 9785.989 :: steps: 1.00 :: Time: 2.739(2.73925/step) :: Entropy : 0.000 :: Grads : []
430 :: Rewards 9763.793 :: steps: 1.00 :: Time: 2.767(2.76671/step) :: Entropy : 0.000 :: Grads : []
440 :: Rewards 9762.263 :: steps: 1.00 :: Time: 2.783(2.78259/step) :: Entropy : 0.000 :: Grads : []
450 :: Rewards 9722.136 :: steps: 1.00 :: Time: 2.765(2.76510/step) :: Entropy : 0.000 :: Grads : []
460 :: Rewards 9673.464 :: steps: 1.00 :: Time: 2.798(2.79764/step) :: Entropy : 0.000 :: Grads : []
470 :: Rewards 9617.537 :: steps: 1.00 :: Time: 2.755(2.75486/step) :: Entropy : 0.000 :: Grads : []
480 :: Rewards 9555.411 :: steps: 1.00 :: Time: 2.784(2.78407/step) :: Entropy : 0.000 :: Grads : []
490 :: Rewards 9488.754 :: steps: 1.00 :: Time: 2.826(2.82638/step) :: Entropy : 0.000 :: Grads : []
500 :: Rewards 9469.505 :: steps: 1.00 :: Time: 2.826(2.82631/step) :: Entropy : 0.000 :: Grads : []
510 :: Rewards 9608.491 :: steps: 1.00 :: Time: 2.704(2.70363/step) :: Entropy : 0.000 :: Grads : []
520 :: Rewards 9780.653 :: steps: 1.00 :: Time: 2.680(2.68003/step) :: Entropy : 0.000 :: Grads : []
530 :: Rewards 9989.162 :: steps: 1.00 :: Time: 2.687(2.68714/step) :: Entropy : 0.000 :: Grads : []
540 :: Rewards 10177.729 :: steps: 1.00 :: Time: 2.678(2.67834/step) :: Entropy : 0.000 :: Grads : []
550 :: Rewards 10410.535 :: steps: 1.00 :: Time: 2.721(2.72088/step) :: Entropy : 0.000 :: Grads : []
560 :: Rewards 10605.776 :: steps: 1.00 :: Time: 2.673(2.67340/step) :: Entropy : 0.000 :: Grads : []
570 :: Rewards 10846.390 :: steps: 1.00 :: Time: 2.681(2.68098/step) :: Entropy : 0.000 :: Grads : []
Runtime Error:  inverse_cpu: The diagonal element 2 is zero, the inversion could not be completed because the input matrix is singular.
Runtime Error:  inverse_cpu: The diagonal element 3 is zero, the inversion could not be completed because the input matrix is singular.
580 :: Rewards 11093.572 :: steps: 1.00 :: Time: 2.687(2.68738/step) :: Entropy : 0.000 :: Grads : []
Runtime Error:  inverse_cpu: The diagonal element 3 is zero, the inversion could not be completed because the input matrix is singular.
Runtime Error:  inverse_cpu: The diagonal element 3 is zero, the inversion could not be completed because the input matrix is singular.
Runtime Error:  inverse_cpu: The diagonal element 3 is zero, the inversion could not be completed because the input matrix is singular.
Runtime Error:  inverse_cpu: The diagonal element 3 is zero, the inversion could not be completed because the input matrix is singular.
590 :: Rewards 11373.831 :: steps: 1.00 :: Time: 2.679(2.67881/step) :: Entropy : 0.000 :: Grads : []
600 :: Rewards 11654.583 :: steps: 1.00 :: Time: 2.690(2.68961/step) :: Entropy : 0.000 :: Grads : []
610 :: Rewards 11943.122 :: steps: 1.00 :: Time: 2.755(2.75465/step) :: Entropy : 0.000 :: Grads : []
620 :: Rewards 12204.552 :: steps: 1.00 :: Time: 2.799(2.79907/step) :: Entropy : 0.000 :: Grads : []
630 :: Rewards 12486.380 :: steps: 1.00 :: Time: 2.701(2.70125/step) :: Entropy : 0.000 :: Grads : []
640 :: Rewards 12726.561 :: steps: 1.00 :: Time: 2.707(2.70738/step) :: Entropy : 0.000 :: Grads : []
650 :: Rewards 12931.150 :: steps: 1.00 :: Time: 2.707(2.70721/step) :: Entropy : 0.000 :: Grads : []
660 :: Rewards 13135.305 :: steps: 1.00 :: Time: 2.713(2.71269/step) :: Entropy : 0.000 :: Grads : []
670 :: Rewards 13335.763 :: steps: 1.00 :: Time: 2.703(2.70305/step) :: Entropy : 0.000 :: Grads : []
680 :: Rewards 13501.891 :: steps: 1.00 :: Time: 2.721(2.72136/step) :: Entropy : 0.000 :: Grads : []
690 :: Rewards 13662.037 :: steps: 1.00 :: Time: 2.719(2.71861/step) :: Entropy : 0.000 :: Grads : []
700 :: Rewards 13799.130 :: steps: 1.00 :: Time: 2.715(2.71508/step) :: Entropy : 0.000 :: Grads : []
710 :: Rewards 13903.740 :: steps: 1.00 :: Time: 2.716(2.71638/step) :: Entropy : 0.000 :: Grads : []
720 :: Rewards 13998.082 :: steps: 1.00 :: Time: 2.755(2.75481/step) :: Entropy : 0.000 :: Grads : []
730 :: Rewards 14050.653 :: steps: 1.00 :: Time: 2.742(2.74202/step) :: Entropy : 0.000 :: Grads : []
740 :: Rewards 14104.151 :: steps: 1.00 :: Time: 2.769(2.76895/step) :: Entropy : 0.000 :: Grads : []
750 :: Rewards 14181.808 :: steps: 1.00 :: Time: 2.730(2.72963/step) :: Entropy : 0.000 :: Grads : []
760 :: Rewards 14314.568 :: steps: 1.00 :: Time: 2.704(2.70351/step) :: Entropy : 0.000 :: Grads : []
770 :: Rewards 14434.092 :: steps: 1.00 :: Time: 2.699(2.69852/step) :: Entropy : 0.000 :: Grads : []
Runtime Error:  inverse_cpu: The diagonal element 3 is zero, the inversion could not be completed because the input matrix is singular.
780 :: Rewards 14538.819 :: steps: 1.00 :: Time: 2.700(2.69983/step) :: Entropy : 0.000 :: Grads : []
790 :: Rewards 14615.944 :: steps: 1.00 :: Time: 2.709(2.70944/step) :: Entropy : 0.000 :: Grads : []
800 :: Rewards 14736.729 :: steps: 1.00 :: Time: 2.700(2.69982/step) :: Entropy : 0.000 :: Grads : []
810 :: Rewards 14868.464 :: steps: 1.00 :: Time: 2.707(2.70681/step) :: Entropy : 0.000 :: Grads : []
820 :: Rewards 15027.242 :: steps: 1.00 :: Time: 2.705(2.70549/step) :: Entropy : 0.000 :: Grads : []
830 :: Rewards 15199.321 :: steps: 1.00 :: Time: 2.772(2.77215/step) :: Entropy : 0.000 :: Grads : []
840 :: Rewards 15404.509 :: steps: 1.00 :: Time: 2.706(2.70643/step) :: Entropy : 0.000 :: Grads : []
850 :: Rewards 15587.426 :: steps: 1.00 :: Time: 2.759(2.75936/step) :: Entropy : 0.000 :: Grads : []
860 :: Rewards 15835.383 :: steps: 1.00 :: Time: 2.778(2.77822/step) :: Entropy : 0.000 :: Grads : []
870 :: Rewards 16103.649 :: steps: 1.00 :: Time: 2.693(2.69266/step) :: Entropy : 0.000 :: Grads : []
880 :: Rewards 16440.357 :: steps: 1.00 :: Time: 2.681(2.68122/step) :: Entropy : 0.000 :: Grads : []
890 :: Rewards 16743.453 :: steps: 1.00 :: Time: 2.695(2.69548/step) :: Entropy : 0.000 :: Grads : []
900 :: Rewards 17080.542 :: steps: 1.00 :: Time: 2.810(2.80968/step) :: Entropy : 0.000 :: Grads : []
910 :: Rewards 17388.830 :: steps: 1.00 :: Time: 2.716(2.71629/step) :: Entropy : 0.000 :: Grads : []
920 :: Rewards 17733.465 :: steps: 1.00 :: Time: 2.712(2.71181/step) :: Entropy : 0.000 :: Grads : []
930 :: Rewards 18047.316 :: steps: 1.00 :: Time: 2.735(2.73496/step) :: Entropy : 0.000 :: Grads : []
940 :: Rewards 18267.308 :: steps: 1.00 :: Time: 2.752(2.75191/step) :: Entropy : 0.000 :: Grads : []
950 :: Rewards 18562.980 :: steps: 1.00 :: Time: 2.735(2.73485/step) :: Entropy : 0.000 :: Grads : []
960 :: Rewards 18842.548 :: steps: 1.00 :: Time: 2.750(2.74965/step) :: Entropy : 0.000 :: Grads : []
970 :: Rewards 19141.807 :: steps: 1.00 :: Time: 2.752(2.75207/step) :: Entropy : 0.000 :: Grads : []
980 :: Rewards 19363.747 :: steps: 1.00 :: Time: 2.769(2.76938/step) :: Entropy : 0.000 :: Grads : []
990 :: Rewards 19634.184 :: steps: 1.00 :: Time: 2.752(2.75222/step) :: Entropy : 0.000 :: Grads : []
999 :: Rewards 19885.085 :: steps: 0.90 :: Time: 2.487(2.76340/step) :: Entropy : 0.000 :: Grads : []
Total time taken: 2702.196188926697
