Module path:  Environments.NS_Reco NS_Reco
Dynamically loaded from:  <class 'Environments.NS_Reco.NS_Reco'>
Reward Amplitudes: [4.17022005e-01 7.20324493e-01 1.14374817e-04 3.02332573e-01
 1.46755891e-01] :: Avg 0.317309867282206 
Module path:  Src.Algorithms.OFPG OFPG
Dynamically loaded from:  <class 'Src.Algorithms.OFPG.OFPG'>
=====Configurations=====
 Namespace(NN_basis_dim='32', Policy_basis_dim='32', actor_lr=0.002251439950474301, algo_name='OFPG', base=0, batch_size=1000, buffer_size=1000, debug=False, delta=1, entropy_lambda=0.11057727559233214, env_name='NS_Reco', experiment='NS_3_', extrapolator_basis='Fourier', folder_suffix='Default', fourier_coupled=True, fourier_k=7, fourier_order=3, gamma=0.99, gauss_std=1.5, gpu=0, hyper='default', importance_clip=10.0, inc=1, log_output='term_file', max_episodes=1000, max_inner=30, max_steps=500, optim='rmsprop', oracle=-1, raw_basis=True, restore=False, save_count=100, save_model=True, seed=6, speed=3, state_lr=0.001, summary=True, swarm=False, timestamp='5|24|22:29:24')
Actions space: 5 :: State space: 1
State Low: tensor([0.]) :: State High: tensor([1.])
State features:  [('dummy_param', torch.Size([1]))]
Policy:  [('fc1.weight', torch.Size([5, 1])), ('fc1.bias', torch.Size([5]))]
0 :: Rewards 0.013 :: steps: 0.10 :: Time: 0.001(0.01413/step) :: Entropy : 0.000 :: Grads : []
10 :: Rewards 0.156 :: steps: 1.00 :: Time: 0.012(0.01235/step) :: Entropy : 0.000 :: Grads : []
20 :: Rewards 0.602 :: steps: 1.00 :: Time: 0.012(0.01247/step) :: Entropy : 0.000 :: Grads : []
30 :: Rewards 2.250 :: steps: 1.00 :: Time: 0.013(0.01297/step) :: Entropy : 0.000 :: Grads : []
40 :: Rewards 3.906 :: steps: 1.00 :: Time: 0.012(0.01248/step) :: Entropy : 0.000 :: Grads : []
50 :: Rewards 6.164 :: steps: 1.00 :: Time: 0.013(0.01273/step) :: Entropy : 0.000 :: Grads : []
60 :: Rewards 7.134 :: steps: 1.00 :: Time: 0.013(0.01264/step) :: Entropy : 0.000 :: Grads : []
70 :: Rewards 10.283 :: steps: 1.00 :: Time: 0.013(0.01289/step) :: Entropy : 0.000 :: Grads : []
80 :: Rewards 13.880 :: steps: 1.00 :: Time: 0.013(0.01317/step) :: Entropy : 0.000 :: Grads : []
90 :: Rewards 17.715 :: steps: 1.00 :: Time: 0.014(0.01402/step) :: Entropy : 0.000 :: Grads : []
100 :: Rewards 22.506 :: steps: 1.00 :: Time: 0.013(0.01333/step) :: Entropy : 0.000 :: Grads : []
110 :: Rewards 28.330 :: steps: 1.00 :: Time: 0.013(0.01334/step) :: Entropy : 0.000 :: Grads : []
120 :: Rewards 34.149 :: steps: 1.00 :: Time: 0.014(0.01355/step) :: Entropy : 0.000 :: Grads : []
130 :: Rewards 40.453 :: steps: 1.00 :: Time: 0.014(0.01362/step) :: Entropy : 0.000 :: Grads : []
140 :: Rewards 44.626 :: steps: 1.00 :: Time: 0.014(0.01380/step) :: Entropy : 0.000 :: Grads : []
150 :: Rewards 50.115 :: steps: 1.00 :: Time: 0.014(0.01400/step) :: Entropy : 0.000 :: Grads : []
160 :: Rewards 55.870 :: steps: 1.00 :: Time: 0.014(0.01402/step) :: Entropy : 0.000 :: Grads : []
170 :: Rewards 61.912 :: steps: 1.00 :: Time: 0.014(0.01411/step) :: Entropy : 0.000 :: Grads : []
180 :: Rewards 67.200 :: steps: 1.00 :: Time: 0.014(0.01431/step) :: Entropy : 0.000 :: Grads : []
190 :: Rewards 73.025 :: steps: 1.00 :: Time: 0.014(0.01444/step) :: Entropy : 0.000 :: Grads : []
200 :: Rewards 78.107 :: steps: 1.00 :: Time: 0.015(0.01461/step) :: Entropy : 0.000 :: Grads : []
210 :: Rewards 83.159 :: steps: 1.00 :: Time: 0.015(0.01462/step) :: Entropy : 0.000 :: Grads : []
220 :: Rewards 87.721 :: steps: 1.00 :: Time: 0.015(0.01474/step) :: Entropy : 0.000 :: Grads : []
230 :: Rewards 91.813 :: steps: 1.00 :: Time: 0.015(0.01484/step) :: Entropy : 0.000 :: Grads : []
240 :: Rewards 95.754 :: steps: 1.00 :: Time: 0.015(0.01493/step) :: Entropy : 0.000 :: Grads : []
250 :: Rewards 99.133 :: steps: 1.00 :: Time: 0.015(0.01501/step) :: Entropy : 0.000 :: Grads : []
260 :: Rewards 102.357 :: steps: 1.00 :: Time: 0.015(0.01537/step) :: Entropy : 0.000 :: Grads : []
270 :: Rewards 104.712 :: steps: 1.00 :: Time: 0.016(0.01562/step) :: Entropy : 0.000 :: Grads : []
280 :: Rewards 106.128 :: steps: 1.00 :: Time: 0.016(0.01561/step) :: Entropy : 0.000 :: Grads : []
290 :: Rewards 107.551 :: steps: 1.00 :: Time: 0.016(0.01590/step) :: Entropy : 0.000 :: Grads : []
300 :: Rewards 108.363 :: steps: 1.00 :: Time: 0.016(0.01610/step) :: Entropy : 0.000 :: Grads : []
310 :: Rewards 108.165 :: steps: 1.00 :: Time: 0.016(0.01619/step) :: Entropy : 0.000 :: Grads : []
320 :: Rewards 108.205 :: steps: 1.00 :: Time: 0.017(0.01668/step) :: Entropy : 0.000 :: Grads : []
330 :: Rewards 108.927 :: steps: 1.00 :: Time: 0.017(0.01698/step) :: Entropy : 0.000 :: Grads : []
340 :: Rewards 107.145 :: steps: 1.00 :: Time: 0.022(0.02234/step) :: Entropy : 0.000 :: Grads : []
350 :: Rewards 106.602 :: steps: 1.00 :: Time: 0.017(0.01744/step) :: Entropy : 0.000 :: Grads : []
360 :: Rewards 106.302 :: steps: 1.00 :: Time: 0.018(0.01776/step) :: Entropy : 0.000 :: Grads : []
370 :: Rewards 104.072 :: steps: 1.00 :: Time: 0.018(0.01791/step) :: Entropy : 0.000 :: Grads : []
380 :: Rewards 101.971 :: steps: 1.00 :: Time: 0.018(0.01822/step) :: Entropy : 0.000 :: Grads : []
390 :: Rewards 101.392 :: steps: 1.00 :: Time: 0.018(0.01826/step) :: Entropy : 0.000 :: Grads : []
400 :: Rewards 100.525 :: steps: 1.00 :: Time: 0.018(0.01833/step) :: Entropy : 0.000 :: Grads : []
410 :: Rewards 99.500 :: steps: 1.00 :: Time: 0.019(0.01870/step) :: Entropy : 0.000 :: Grads : []
420 :: Rewards 98.039 :: steps: 1.00 :: Time: 0.019(0.01922/step) :: Entropy : 0.000 :: Grads : []
430 :: Rewards 96.726 :: steps: 1.00 :: Time: 0.019(0.01913/step) :: Entropy : 0.000 :: Grads : []
440 :: Rewards 93.692 :: steps: 1.00 :: Time: 0.019(0.01941/step) :: Entropy : 0.000 :: Grads : []
450 :: Rewards 91.050 :: steps: 1.00 :: Time: 0.020(0.01966/step) :: Entropy : 0.000 :: Grads : []
460 :: Rewards 89.462 :: steps: 1.00 :: Time: 0.020(0.01957/step) :: Entropy : 0.000 :: Grads : []
470 :: Rewards 86.277 :: steps: 1.00 :: Time: 0.020(0.01960/step) :: Entropy : 0.000 :: Grads : []
480 :: Rewards 82.672 :: steps: 1.00 :: Time: 0.020(0.01994/step) :: Entropy : 0.000 :: Grads : []
490 :: Rewards 80.216 :: steps: 1.00 :: Time: 0.020(0.02010/step) :: Entropy : 0.000 :: Grads : []
500 :: Rewards 76.834 :: steps: 1.00 :: Time: 0.020(0.01999/step) :: Entropy : 0.000 :: Grads : []
510 :: Rewards 74.271 :: steps: 1.00 :: Time: 0.020(0.02015/step) :: Entropy : 0.000 :: Grads : []
520 :: Rewards 70.990 :: steps: 1.00 :: Time: 0.021(0.02053/step) :: Entropy : 0.000 :: Grads : []
530 :: Rewards 68.254 :: steps: 1.00 :: Time: 0.021(0.02060/step) :: Entropy : 0.000 :: Grads : []
540 :: Rewards 65.593 :: steps: 1.00 :: Time: 0.021(0.02095/step) :: Entropy : 0.000 :: Grads : []
550 :: Rewards 62.453 :: steps: 1.00 :: Time: 0.021(0.02120/step) :: Entropy : 0.000 :: Grads : []
560 :: Rewards 60.508 :: steps: 1.00 :: Time: 0.021(0.02112/step) :: Entropy : 0.000 :: Grads : []
570 :: Rewards 58.011 :: steps: 1.00 :: Time: 0.021(0.02122/step) :: Entropy : 0.000 :: Grads : []
580 :: Rewards 55.538 :: steps: 1.00 :: Time: 0.021(0.02135/step) :: Entropy : 0.000 :: Grads : []
590 :: Rewards 52.275 :: steps: 1.00 :: Time: 0.022(0.02173/step) :: Entropy : 0.000 :: Grads : []
600 :: Rewards 50.404 :: steps: 1.00 :: Time: 0.021(0.02129/step) :: Entropy : 0.000 :: Grads : []
610 :: Rewards 48.330 :: steps: 1.00 :: Time: 0.022(0.02176/step) :: Entropy : 0.000 :: Grads : []
620 :: Rewards 47.069 :: steps: 1.00 :: Time: 0.022(0.02179/step) :: Entropy : 0.000 :: Grads : []
630 :: Rewards 46.593 :: steps: 1.00 :: Time: 0.022(0.02193/step) :: Entropy : 0.000 :: Grads : []
640 :: Rewards 45.685 :: steps: 1.00 :: Time: 0.024(0.02406/step) :: Entropy : 0.000 :: Grads : []
650 :: Rewards 43.701 :: steps: 1.00 :: Time: 0.021(0.02140/step) :: Entropy : 0.000 :: Grads : []
660 :: Rewards 43.307 :: steps: 1.00 :: Time: 0.018(0.01840/step) :: Entropy : 0.000 :: Grads : []
670 :: Rewards 42.343 :: steps: 1.00 :: Time: 0.019(0.01854/step) :: Entropy : 0.000 :: Grads : []
680 :: Rewards 41.287 :: steps: 1.00 :: Time: 0.018(0.01834/step) :: Entropy : 0.000 :: Grads : []
690 :: Rewards 41.186 :: steps: 1.00 :: Time: 0.018(0.01827/step) :: Entropy : 0.000 :: Grads : []
700 :: Rewards 41.246 :: steps: 1.00 :: Time: 0.018(0.01808/step) :: Entropy : 0.000 :: Grads : []
710 :: Rewards 40.333 :: steps: 1.00 :: Time: 0.018(0.01827/step) :: Entropy : 0.000 :: Grads : []
720 :: Rewards 41.374 :: steps: 1.00 :: Time: 0.019(0.01862/step) :: Entropy : 0.000 :: Grads : []
730 :: Rewards 41.290 :: steps: 1.00 :: Time: 0.019(0.01909/step) :: Entropy : 0.000 :: Grads : []
740 :: Rewards 45.336 :: steps: 1.00 :: Time: 0.019(0.01925/step) :: Entropy : 0.000 :: Grads : []
750 :: Rewards 46.203 :: steps: 1.00 :: Time: 0.019(0.01937/step) :: Entropy : 0.000 :: Grads : []
760 :: Rewards 47.732 :: steps: 1.00 :: Time: 0.020(0.01975/step) :: Entropy : 0.000 :: Grads : []
770 :: Rewards 47.783 :: steps: 1.00 :: Time: 0.020(0.01977/step) :: Entropy : 0.000 :: Grads : []
780 :: Rewards 48.306 :: steps: 1.00 :: Time: 0.020(0.02029/step) :: Entropy : 0.000 :: Grads : []
790 :: Rewards 49.094 :: steps: 1.00 :: Time: 0.020(0.02043/step) :: Entropy : 0.000 :: Grads : []
800 :: Rewards 51.031 :: steps: 1.00 :: Time: 0.020(0.02045/step) :: Entropy : 0.000 :: Grads : []
810 :: Rewards 52.127 :: steps: 1.00 :: Time: 0.021(0.02057/step) :: Entropy : 0.000 :: Grads : []
820 :: Rewards 53.981 :: steps: 1.00 :: Time: 0.021(0.02079/step) :: Entropy : 0.000 :: Grads : []
830 :: Rewards 56.156 :: steps: 1.00 :: Time: 0.021(0.02111/step) :: Entropy : 0.000 :: Grads : []
840 :: Rewards 58.773 :: steps: 1.00 :: Time: 0.021(0.02121/step) :: Entropy : 0.000 :: Grads : []
850 :: Rewards 60.383 :: steps: 1.00 :: Time: 0.021(0.02149/step) :: Entropy : 0.000 :: Grads : []
860 :: Rewards 61.650 :: steps: 1.00 :: Time: 0.021(0.02135/step) :: Entropy : 0.000 :: Grads : []
870 :: Rewards 63.537 :: steps: 1.00 :: Time: 0.021(0.02118/step) :: Entropy : 0.000 :: Grads : []
880 :: Rewards 63.802 :: steps: 1.00 :: Time: 0.021(0.02115/step) :: Entropy : 0.000 :: Grads : []
890 :: Rewards 64.265 :: steps: 1.00 :: Time: 0.021(0.02113/step) :: Entropy : 0.000 :: Grads : []
900 :: Rewards 64.825 :: steps: 1.00 :: Time: 0.022(0.02165/step) :: Entropy : 0.000 :: Grads : []
910 :: Rewards 63.801 :: steps: 1.00 :: Time: 0.022(0.02175/step) :: Entropy : 0.000 :: Grads : []
920 :: Rewards 64.951 :: steps: 1.00 :: Time: 0.022(0.02211/step) :: Entropy : 0.000 :: Grads : []
930 :: Rewards 64.154 :: steps: 1.00 :: Time: 0.022(0.02241/step) :: Entropy : 0.000 :: Grads : []
940 :: Rewards 63.826 :: steps: 1.00 :: Time: 0.022(0.02242/step) :: Entropy : 0.000 :: Grads : []
950 :: Rewards 64.070 :: steps: 1.00 :: Time: 0.023(0.02254/step) :: Entropy : 0.000 :: Grads : []
960 :: Rewards 62.931 :: steps: 1.00 :: Time: 0.022(0.02246/step) :: Entropy : 0.000 :: Grads : []
970 :: Rewards 61.089 :: steps: 1.00 :: Time: 0.022(0.02246/step) :: Entropy : 0.000 :: Grads : []
980 :: Rewards 62.486 :: steps: 1.00 :: Time: 0.023(0.02255/step) :: Entropy : 0.000 :: Grads : []
990 :: Rewards 62.791 :: steps: 1.00 :: Time: 0.023(0.02271/step) :: Entropy : 0.000 :: Grads : []
999 :: Rewards 62.298 :: steps: 0.90 :: Time: 0.020(0.02264/step) :: Entropy : 0.000 :: Grads : []
Total time taken: 18.466993808746338
