Module path:  Environments.NS_Reco NS_Reco
Dynamically loaded from:  <class 'Environments.NS_Reco.NS_Reco'>
Reward Amplitudes: [4.17022005e-01 7.20324493e-01 1.14374817e-04 3.02332573e-01
 1.46755891e-01] :: Avg 0.317309867282206 
Module path:  Src.Algorithms.ProOLS ProOLS
Dynamically loaded from:  <class 'Src.Algorithms.ProOLS.ProOLS'>
=====Configurations=====
 Namespace(NN_basis_dim='32', Policy_basis_dim='32', actor_lr=0.006528973986480399, algo_name='ProOLS', base=0, batch_size=1000, buffer_size=1000, debug=False, delta=1, entropy_lambda=0.03442646767804006, env_name='NS_Reco', experiment='NS_3r_', extrapolator_basis='Fourier', folder_suffix='Default', fourier_coupled=True, fourier_k=7, fourier_order=3, gamma=0.99, gauss_std=1.5, gpu=0, hyper='default', importance_clip=5.0, inc=1, log_output='term_file', max_episodes=1000, max_inner=30, max_steps=500, optim='rmsprop', oracle=-1, raw_basis=True, restore=False, save_count=100, save_model=True, seed=7, speed=3, state_lr=0.001, summary=True, swarm=False, timestamp='5|25|9:24:42')
Actions space: 5 :: State space: 1
State Low: tensor([0.]) :: State High: tensor([1.])
State features:  [('dummy_param', torch.Size([1]))]
Policy:  [('fc1.weight', torch.Size([5, 1])), ('fc1.bias', torch.Size([5]))]
0 :: Rewards -0.007 :: steps: 0.10 :: Time: 0.000(0.00055/step) :: Entropy : 0.000 :: Grads : []
10 :: Rewards -0.367 :: steps: 1.00 :: Time: 0.005(0.00526/step) :: Entropy : 0.000 :: Grads : []
20 :: Rewards -1.123 :: steps: 1.00 :: Time: 0.013(0.01253/step) :: Entropy : 0.000 :: Grads : []
30 :: Rewards -2.541 :: steps: 1.00 :: Time: 0.013(0.01274/step) :: Entropy : 0.000 :: Grads : []
40 :: Rewards -4.643 :: steps: 1.00 :: Time: 0.012(0.01225/step) :: Entropy : 0.000 :: Grads : []
50 :: Rewards -5.177 :: steps: 1.00 :: Time: 0.012(0.01239/step) :: Entropy : 0.000 :: Grads : []
60 :: Rewards -6.518 :: steps: 1.00 :: Time: 0.012(0.01239/step) :: Entropy : 0.000 :: Grads : []
70 :: Rewards -8.781 :: steps: 1.00 :: Time: 0.013(0.01284/step) :: Entropy : 0.000 :: Grads : []
80 :: Rewards -9.051 :: steps: 1.00 :: Time: 0.013(0.01275/step) :: Entropy : 0.000 :: Grads : []
90 :: Rewards -9.354 :: steps: 1.00 :: Time: 0.013(0.01285/step) :: Entropy : 0.000 :: Grads : []
100 :: Rewards -9.354 :: steps: 1.00 :: Time: 0.013(0.01297/step) :: Entropy : 0.000 :: Grads : []
110 :: Rewards -9.354 :: steps: 1.00 :: Time: 0.013(0.01305/step) :: Entropy : 0.000 :: Grads : []
120 :: Rewards -9.354 :: steps: 1.00 :: Time: 0.013(0.01320/step) :: Entropy : 0.000 :: Grads : []
130 :: Rewards -9.354 :: steps: 1.00 :: Time: 0.013(0.01336/step) :: Entropy : 0.000 :: Grads : []
140 :: Rewards -9.354 :: steps: 1.00 :: Time: 0.013(0.01346/step) :: Entropy : 0.000 :: Grads : []
150 :: Rewards -9.354 :: steps: 1.00 :: Time: 0.014(0.01358/step) :: Entropy : 0.000 :: Grads : []
160 :: Rewards -9.354 :: steps: 1.00 :: Time: 0.014(0.01369/step) :: Entropy : 0.000 :: Grads : []
170 :: Rewards -9.354 :: steps: 1.00 :: Time: 0.014(0.01378/step) :: Entropy : 0.000 :: Grads : []
180 :: Rewards -9.354 :: steps: 1.00 :: Time: 0.014(0.01385/step) :: Entropy : 0.000 :: Grads : []
190 :: Rewards -9.354 :: steps: 1.00 :: Time: 0.014(0.01397/step) :: Entropy : 0.000 :: Grads : []
200 :: Rewards -9.354 :: steps: 1.00 :: Time: 0.014(0.01409/step) :: Entropy : 0.000 :: Grads : []
210 :: Rewards -9.354 :: steps: 1.00 :: Time: 0.014(0.01417/step) :: Entropy : 0.000 :: Grads : []
220 :: Rewards -9.354 :: steps: 1.00 :: Time: 0.014(0.01428/step) :: Entropy : 0.000 :: Grads : []
230 :: Rewards -9.354 :: steps: 1.00 :: Time: 0.014(0.01437/step) :: Entropy : 0.000 :: Grads : []
240 :: Rewards -9.361 :: steps: 1.00 :: Time: 0.014(0.01442/step) :: Entropy : 0.000 :: Grads : []
250 :: Rewards -9.651 :: steps: 1.00 :: Time: 0.015(0.01455/step) :: Entropy : 0.000 :: Grads : []
260 :: Rewards -10.462 :: steps: 1.00 :: Time: 0.015(0.01480/step) :: Entropy : 0.000 :: Grads : []
270 :: Rewards -11.745 :: steps: 1.00 :: Time: 0.015(0.01484/step) :: Entropy : 0.000 :: Grads : []
280 :: Rewards -13.656 :: steps: 1.00 :: Time: 0.015(0.01498/step) :: Entropy : 0.000 :: Grads : []
290 :: Rewards -16.005 :: steps: 1.00 :: Time: 0.015(0.01526/step) :: Entropy : 0.000 :: Grads : []
300 :: Rewards -16.852 :: steps: 1.00 :: Time: 0.016(0.01554/step) :: Entropy : 0.000 :: Grads : []
310 :: Rewards -16.852 :: steps: 1.00 :: Time: 0.016(0.01631/step) :: Entropy : 0.000 :: Grads : []
320 :: Rewards -16.852 :: steps: 1.00 :: Time: 0.017(0.01664/step) :: Entropy : 0.000 :: Grads : []
330 :: Rewards -16.852 :: steps: 1.00 :: Time: 0.017(0.01677/step) :: Entropy : 0.000 :: Grads : []
340 :: Rewards -16.852 :: steps: 1.00 :: Time: 0.016(0.01584/step) :: Entropy : 0.000 :: Grads : []
350 :: Rewards -16.870 :: steps: 1.00 :: Time: 0.016(0.01603/step) :: Entropy : 0.000 :: Grads : []
360 :: Rewards -17.124 :: steps: 1.00 :: Time: 0.016(0.01628/step) :: Entropy : 0.000 :: Grads : []
370 :: Rewards -18.190 :: steps: 1.00 :: Time: 0.016(0.01647/step) :: Entropy : 0.000 :: Grads : []
380 :: Rewards -19.584 :: steps: 1.00 :: Time: 0.017(0.01664/step) :: Entropy : 0.000 :: Grads : []
390 :: Rewards -20.681 :: steps: 1.00 :: Time: 0.017(0.01673/step) :: Entropy : 0.000 :: Grads : []
400 :: Rewards -22.013 :: steps: 1.00 :: Time: 0.017(0.01680/step) :: Entropy : 0.000 :: Grads : []
410 :: Rewards -23.617 :: steps: 1.00 :: Time: 0.017(0.01705/step) :: Entropy : 0.000 :: Grads : []
420 :: Rewards -26.039 :: steps: 1.00 :: Time: 0.017(0.01742/step) :: Entropy : 0.000 :: Grads : []
430 :: Rewards -32.074 :: steps: 1.00 :: Time: 0.018(0.01756/step) :: Entropy : 0.000 :: Grads : []
440 :: Rewards -34.699 :: steps: 1.00 :: Time: 0.018(0.01769/step) :: Entropy : 0.000 :: Grads : []
450 :: Rewards -35.416 :: steps: 1.00 :: Time: 0.018(0.01777/step) :: Entropy : 0.000 :: Grads : []
460 :: Rewards -35.416 :: steps: 1.00 :: Time: 0.018(0.01800/step) :: Entropy : 0.000 :: Grads : []
470 :: Rewards -35.416 :: steps: 1.00 :: Time: 0.018(0.01830/step) :: Entropy : 0.000 :: Grads : []
480 :: Rewards -35.654 :: steps: 1.00 :: Time: 0.018(0.01813/step) :: Entropy : 0.000 :: Grads : []
490 :: Rewards -36.330 :: steps: 1.00 :: Time: 0.018(0.01797/step) :: Entropy : 0.000 :: Grads : []
500 :: Rewards -37.050 :: steps: 1.00 :: Time: 0.018(0.01812/step) :: Entropy : 0.000 :: Grads : []
510 :: Rewards -37.697 :: steps: 1.00 :: Time: 0.018(0.01816/step) :: Entropy : 0.000 :: Grads : []
520 :: Rewards -39.877 :: steps: 1.00 :: Time: 0.018(0.01844/step) :: Entropy : 0.000 :: Grads : []
530 :: Rewards -41.065 :: steps: 1.00 :: Time: 0.019(0.01878/step) :: Entropy : 0.000 :: Grads : []
540 :: Rewards -41.682 :: steps: 1.00 :: Time: 0.019(0.01867/step) :: Entropy : 0.000 :: Grads : []
550 :: Rewards -42.091 :: steps: 1.00 :: Time: 0.019(0.01858/step) :: Entropy : 0.000 :: Grads : []
560 :: Rewards -43.642 :: steps: 1.00 :: Time: 0.019(0.01862/step) :: Entropy : 0.000 :: Grads : []
570 :: Rewards -44.871 :: steps: 1.00 :: Time: 0.019(0.01868/step) :: Entropy : 0.000 :: Grads : []
580 :: Rewards -45.623 :: steps: 1.00 :: Time: 0.019(0.01880/step) :: Entropy : 0.000 :: Grads : []
590 :: Rewards -46.536 :: steps: 1.00 :: Time: 0.019(0.01886/step) :: Entropy : 0.000 :: Grads : []
600 :: Rewards -48.689 :: steps: 1.00 :: Time: 0.019(0.01897/step) :: Entropy : 0.000 :: Grads : []
610 :: Rewards -49.358 :: steps: 1.00 :: Time: 0.022(0.02187/step) :: Entropy : 0.000 :: Grads : []
620 :: Rewards -49.358 :: steps: 1.00 :: Time: 0.019(0.01948/step) :: Entropy : 0.000 :: Grads : []
630 :: Rewards -49.358 :: steps: 1.00 :: Time: 0.019(0.01912/step) :: Entropy : 0.000 :: Grads : []
640 :: Rewards -49.358 :: steps: 1.00 :: Time: 0.029(0.02885/step) :: Entropy : 0.000 :: Grads : []
650 :: Rewards -49.358 :: steps: 1.00 :: Time: 0.022(0.02197/step) :: Entropy : 0.000 :: Grads : []
660 :: Rewards -49.358 :: steps: 1.00 :: Time: 0.023(0.02276/step) :: Entropy : 0.000 :: Grads : []
670 :: Rewards -49.358 :: steps: 1.00 :: Time: 0.023(0.02347/step) :: Entropy : 0.000 :: Grads : []
680 :: Rewards -49.358 :: steps: 1.00 :: Time: 0.020(0.01962/step) :: Entropy : 0.000 :: Grads : []
690 :: Rewards -49.358 :: steps: 1.00 :: Time: 0.020(0.01975/step) :: Entropy : 0.000 :: Grads : []
700 :: Rewards -49.358 :: steps: 1.00 :: Time: 0.020(0.01987/step) :: Entropy : 0.000 :: Grads : []
710 :: Rewards -49.358 :: steps: 1.00 :: Time: 0.020(0.02017/step) :: Entropy : 0.000 :: Grads : []
720 :: Rewards -49.358 :: steps: 1.00 :: Time: 0.020(0.01997/step) :: Entropy : 0.000 :: Grads : []
730 :: Rewards -49.358 :: steps: 1.00 :: Time: 0.020(0.02004/step) :: Entropy : 0.000 :: Grads : []
740 :: Rewards -49.358 :: steps: 1.00 :: Time: 0.020(0.02025/step) :: Entropy : 0.000 :: Grads : []
750 :: Rewards -49.358 :: steps: 1.00 :: Time: 0.020(0.02025/step) :: Entropy : 0.000 :: Grads : []
760 :: Rewards -49.358 :: steps: 1.00 :: Time: 0.021(0.02067/step) :: Entropy : 0.000 :: Grads : []
770 :: Rewards -49.358 :: steps: 1.00 :: Time: 0.021(0.02059/step) :: Entropy : 0.000 :: Grads : []
780 :: Rewards -49.358 :: steps: 1.00 :: Time: 0.021(0.02076/step) :: Entropy : 0.000 :: Grads : []
790 :: Rewards -49.358 :: steps: 1.00 :: Time: 0.021(0.02065/step) :: Entropy : 0.000 :: Grads : []
800 :: Rewards -49.358 :: steps: 1.00 :: Time: 0.021(0.02079/step) :: Entropy : 0.000 :: Grads : []
810 :: Rewards -49.358 :: steps: 1.00 :: Time: 0.021(0.02072/step) :: Entropy : 0.000 :: Grads : []
820 :: Rewards -49.358 :: steps: 1.00 :: Time: 0.021(0.02086/step) :: Entropy : 0.000 :: Grads : []
830 :: Rewards -49.358 :: steps: 1.00 :: Time: 0.021(0.02103/step) :: Entropy : 0.000 :: Grads : []
840 :: Rewards -49.358 :: steps: 1.00 :: Time: 0.021(0.02098/step) :: Entropy : 0.000 :: Grads : []
850 :: Rewards -49.572 :: steps: 1.00 :: Time: 0.021(0.02098/step) :: Entropy : 0.000 :: Grads : []
860 :: Rewards -50.638 :: steps: 1.00 :: Time: 0.021(0.02114/step) :: Entropy : 0.000 :: Grads : []
870 :: Rewards -52.754 :: steps: 1.00 :: Time: 0.021(0.02138/step) :: Entropy : 0.000 :: Grads : []
880 :: Rewards -55.895 :: steps: 1.00 :: Time: 0.022(0.02164/step) :: Entropy : 0.000 :: Grads : []
890 :: Rewards -58.448 :: steps: 1.00 :: Time: 0.023(0.02285/step) :: Entropy : 0.000 :: Grads : []
900 :: Rewards -59.930 :: steps: 1.00 :: Time: 0.021(0.02132/step) :: Entropy : 0.000 :: Grads : []
910 :: Rewards -61.057 :: steps: 1.00 :: Time: 0.028(0.02793/step) :: Entropy : 0.000 :: Grads : []
920 :: Rewards -62.234 :: steps: 1.00 :: Time: 0.023(0.02307/step) :: Entropy : 0.000 :: Grads : []
930 :: Rewards -63.451 :: steps: 1.00 :: Time: 0.021(0.02150/step) :: Entropy : 0.000 :: Grads : []
940 :: Rewards -64.601 :: steps: 1.00 :: Time: 0.022(0.02234/step) :: Entropy : 0.000 :: Grads : []
950 :: Rewards -65.792 :: steps: 1.00 :: Time: 0.021(0.02126/step) :: Entropy : 0.000 :: Grads : []
960 :: Rewards -66.914 :: steps: 1.00 :: Time: 0.021(0.02148/step) :: Entropy : 0.000 :: Grads : []
970 :: Rewards -68.047 :: steps: 1.00 :: Time: 0.021(0.02142/step) :: Entropy : 0.000 :: Grads : []
980 :: Rewards -69.167 :: steps: 1.00 :: Time: 0.021(0.02139/step) :: Entropy : 0.000 :: Grads : []
990 :: Rewards -70.208 :: steps: 1.00 :: Time: 0.021(0.02137/step) :: Entropy : 0.000 :: Grads : []
999 :: Rewards -71.146 :: steps: 0.90 :: Time: 0.019(0.02149/step) :: Entropy : 0.000 :: Grads : []
Total time taken: 17.92292094230652
