Module path:  Environments.NS_Reco NS_Reco
Dynamically loaded from:  <class 'Environments.NS_Reco.NS_Reco'>
Reward Amplitudes: [4.17022005e-01 7.20324493e-01 1.14374817e-04 3.02332573e-01
 1.46755891e-01] :: Avg 0.317309867282206 
Module path:  Src.Algorithms.ProWLS ProWLS
Dynamically loaded from:  <class 'Src.Algorithms.ProWLS.ProWLS'>
=====Configurations=====
 Namespace(NN_basis_dim='32', Policy_basis_dim='32', actor_lr=0.00450428892499054, algo_name='ProWLS', base=0, batch_size=1000, buffer_size=1000, debug=False, delta=3, entropy_lambda=0.07518854390699839, env_name='NS_Reco', experiment='NS_3_', extrapolator_basis='Fourier', folder_suffix='Default', fourier_coupled=True, fourier_k=5, fourier_order=3, gamma=0.99, gauss_std=1.5, gpu=0, hyper='default', importance_clip=10.0, inc=1, log_output='term_file', max_episodes=1000, max_inner=90, max_steps=500, optim='rmsprop', oracle=-1, raw_basis=True, restore=False, save_count=100, save_model=True, seed=20, speed=3, state_lr=0.001, summary=True, swarm=False, timestamp='5|24|22:25:37')
Actions space: 5 :: State space: 1
State Low: tensor([0.]) :: State High: tensor([1.])
State features:  [('dummy_param', torch.Size([1]))]
Policy:  [('fc1.weight', torch.Size([5, 1])), ('fc1.bias', torch.Size([5]))]
0 :: Rewards 0.001 :: steps: 0.10 :: Time: 0.000(0.00062/step) :: Entropy : 0.000 :: Grads : []
10 :: Rewards 0.233 :: steps: 1.00 :: Time: 0.010(0.01029/step) :: Entropy : 0.000 :: Grads : []
20 :: Rewards 0.759 :: steps: 1.00 :: Time: 0.020(0.02045/step) :: Entropy : 0.000 :: Grads : []
30 :: Rewards 1.528 :: steps: 1.00 :: Time: 0.016(0.01592/step) :: Entropy : 0.000 :: Grads : []
40 :: Rewards 3.681 :: steps: 1.00 :: Time: 0.015(0.01534/step) :: Entropy : 0.000 :: Grads : []
50 :: Rewards 6.207 :: steps: 1.00 :: Time: 0.021(0.02058/step) :: Entropy : 0.000 :: Grads : []
60 :: Rewards 9.097 :: steps: 1.00 :: Time: 0.016(0.01564/step) :: Entropy : 0.000 :: Grads : []
70 :: Rewards 12.660 :: steps: 1.00 :: Time: 0.016(0.01592/step) :: Entropy : 0.000 :: Grads : []
80 :: Rewards 15.712 :: steps: 1.00 :: Time: 0.022(0.02155/step) :: Entropy : 0.000 :: Grads : []
90 :: Rewards 19.891 :: steps: 1.00 :: Time: 0.016(0.01648/step) :: Entropy : 0.000 :: Grads : []
100 :: Rewards 25.499 :: steps: 1.00 :: Time: 0.017(0.01673/step) :: Entropy : 0.000 :: Grads : []
110 :: Rewards 29.898 :: steps: 1.00 :: Time: 0.023(0.02268/step) :: Entropy : 0.000 :: Grads : []
120 :: Rewards 35.680 :: steps: 1.00 :: Time: 0.017(0.01735/step) :: Entropy : 0.000 :: Grads : []
130 :: Rewards 40.499 :: steps: 1.00 :: Time: 0.018(0.01764/step) :: Entropy : 0.000 :: Grads : []
140 :: Rewards 47.179 :: steps: 1.00 :: Time: 0.024(0.02397/step) :: Entropy : 0.000 :: Grads : []
150 :: Rewards 53.401 :: steps: 1.00 :: Time: 0.018(0.01838/step) :: Entropy : 0.000 :: Grads : []
160 :: Rewards 59.335 :: steps: 1.00 :: Time: 0.019(0.01872/step) :: Entropy : 0.000 :: Grads : []
170 :: Rewards 65.394 :: steps: 1.00 :: Time: 0.025(0.02545/step) :: Entropy : 0.000 :: Grads : []
180 :: Rewards 70.926 :: steps: 1.00 :: Time: 0.020(0.01956/step) :: Entropy : 0.000 :: Grads : []
190 :: Rewards 76.322 :: steps: 1.00 :: Time: 0.021(0.02065/step) :: Entropy : 0.000 :: Grads : []
200 :: Rewards 80.337 :: steps: 1.00 :: Time: 0.028(0.02791/step) :: Entropy : 0.000 :: Grads : []
210 :: Rewards 85.706 :: steps: 1.00 :: Time: 0.022(0.02157/step) :: Entropy : 0.000 :: Grads : []
220 :: Rewards 90.581 :: steps: 1.00 :: Time: 0.022(0.02212/step) :: Entropy : 0.000 :: Grads : []
230 :: Rewards 94.933 :: steps: 1.00 :: Time: 0.030(0.03013/step) :: Entropy : 0.000 :: Grads : []
240 :: Rewards 99.051 :: steps: 1.00 :: Time: 0.023(0.02332/step) :: Entropy : 0.000 :: Grads : []
250 :: Rewards 102.123 :: steps: 1.00 :: Time: 0.024(0.02393/step) :: Entropy : 0.000 :: Grads : []
260 :: Rewards 105.166 :: steps: 1.00 :: Time: 0.033(0.03306/step) :: Entropy : 0.000 :: Grads : []
270 :: Rewards 107.984 :: steps: 1.00 :: Time: 0.026(0.02602/step) :: Entropy : 0.000 :: Grads : []
280 :: Rewards 109.343 :: steps: 1.00 :: Time: 0.025(0.02543/step) :: Entropy : 0.000 :: Grads : []
290 :: Rewards 111.699 :: steps: 1.00 :: Time: 0.035(0.03519/step) :: Entropy : 0.000 :: Grads : []
300 :: Rewards 113.933 :: steps: 1.00 :: Time: 0.026(0.02619/step) :: Entropy : 0.000 :: Grads : []
310 :: Rewards 116.130 :: steps: 1.00 :: Time: 0.027(0.02684/step) :: Entropy : 0.000 :: Grads : []
320 :: Rewards 118.105 :: steps: 1.00 :: Time: 0.036(0.03633/step) :: Entropy : 0.000 :: Grads : []
330 :: Rewards 119.697 :: steps: 1.00 :: Time: 0.028(0.02792/step) :: Entropy : 0.000 :: Grads : []
340 :: Rewards 120.799 :: steps: 1.00 :: Time: 0.028(0.02842/step) :: Entropy : 0.000 :: Grads : []
350 :: Rewards 121.364 :: steps: 1.00 :: Time: 0.039(0.03857/step) :: Entropy : 0.000 :: Grads : []
360 :: Rewards 121.640 :: steps: 1.00 :: Time: 0.030(0.02958/step) :: Entropy : 0.000 :: Grads : []
370 :: Rewards 122.442 :: steps: 1.00 :: Time: 0.031(0.03105/step) :: Entropy : 0.000 :: Grads : []
380 :: Rewards 122.325 :: steps: 1.00 :: Time: 0.043(0.04291/step) :: Entropy : 0.000 :: Grads : []
390 :: Rewards 122.796 :: steps: 1.00 :: Time: 0.032(0.03218/step) :: Entropy : 0.000 :: Grads : []
400 :: Rewards 123.422 :: steps: 1.00 :: Time: 0.033(0.03257/step) :: Entropy : 0.000 :: Grads : []
410 :: Rewards 123.715 :: steps: 1.00 :: Time: 0.045(0.04455/step) :: Entropy : 0.000 :: Grads : []
420 :: Rewards 124.365 :: steps: 1.00 :: Time: 0.034(0.03421/step) :: Entropy : 0.000 :: Grads : []
430 :: Rewards 124.664 :: steps: 1.00 :: Time: 0.035(0.03514/step) :: Entropy : 0.000 :: Grads : []
440 :: Rewards 124.800 :: steps: 1.00 :: Time: 0.047(0.04734/step) :: Entropy : 0.000 :: Grads : []
450 :: Rewards 124.144 :: steps: 1.00 :: Time: 0.036(0.03628/step) :: Entropy : 0.000 :: Grads : []
460 :: Rewards 124.257 :: steps: 1.00 :: Time: 0.037(0.03663/step) :: Entropy : 0.000 :: Grads : []
470 :: Rewards 124.163 :: steps: 1.00 :: Time: 0.051(0.05067/step) :: Entropy : 0.000 :: Grads : []
480 :: Rewards 124.264 :: steps: 1.00 :: Time: 0.039(0.03897/step) :: Entropy : 0.000 :: Grads : []
490 :: Rewards 123.710 :: steps: 1.00 :: Time: 0.040(0.04012/step) :: Entropy : 0.000 :: Grads : []
500 :: Rewards 123.081 :: steps: 1.00 :: Time: 0.054(0.05426/step) :: Entropy : 0.000 :: Grads : []
510 :: Rewards 122.795 :: steps: 1.00 :: Time: 0.041(0.04145/step) :: Entropy : 0.000 :: Grads : []
520 :: Rewards 121.476 :: steps: 1.00 :: Time: 0.042(0.04249/step) :: Entropy : 0.000 :: Grads : []
530 :: Rewards 120.242 :: steps: 1.00 :: Time: 0.057(0.05714/step) :: Entropy : 0.000 :: Grads : []
540 :: Rewards 119.915 :: steps: 1.00 :: Time: 0.044(0.04379/step) :: Entropy : 0.000 :: Grads : []
550 :: Rewards 119.561 :: steps: 1.00 :: Time: 0.045(0.04472/step) :: Entropy : 0.000 :: Grads : []
560 :: Rewards 118.300 :: steps: 1.00 :: Time: 0.060(0.06046/step) :: Entropy : 0.000 :: Grads : []
570 :: Rewards 117.904 :: steps: 1.00 :: Time: 0.047(0.04667/step) :: Entropy : 0.000 :: Grads : []
580 :: Rewards 117.479 :: steps: 1.00 :: Time: 0.048(0.04774/step) :: Entropy : 0.000 :: Grads : []
590 :: Rewards 116.963 :: steps: 1.00 :: Time: 0.065(0.06512/step) :: Entropy : 0.000 :: Grads : []
600 :: Rewards 116.782 :: steps: 1.00 :: Time: 0.049(0.04940/step) :: Entropy : 0.000 :: Grads : []
610 :: Rewards 116.730 :: steps: 1.00 :: Time: 0.051(0.05123/step) :: Entropy : 0.000 :: Grads : []
620 :: Rewards 115.934 :: steps: 1.00 :: Time: 0.069(0.06892/step) :: Entropy : 0.000 :: Grads : []
630 :: Rewards 116.047 :: steps: 1.00 :: Time: 0.053(0.05279/step) :: Entropy : 0.000 :: Grads : []
640 :: Rewards 119.665 :: steps: 1.00 :: Time: 0.055(0.05548/step) :: Entropy : 0.000 :: Grads : []
650 :: Rewards 123.992 :: steps: 1.00 :: Time: 0.074(0.07362/step) :: Entropy : 0.000 :: Grads : []
660 :: Rewards 128.872 :: steps: 1.00 :: Time: 0.057(0.05687/step) :: Entropy : 0.000 :: Grads : []
670 :: Rewards 134.327 :: steps: 1.00 :: Time: 0.058(0.05834/step) :: Entropy : 0.000 :: Grads : []
680 :: Rewards 140.266 :: steps: 1.00 :: Time: 0.078(0.07838/step) :: Entropy : 0.000 :: Grads : []
690 :: Rewards 145.709 :: steps: 1.00 :: Time: 0.060(0.06006/step) :: Entropy : 0.000 :: Grads : []
700 :: Rewards 152.306 :: steps: 1.00 :: Time: 0.067(0.06700/step) :: Entropy : 0.000 :: Grads : []
710 :: Rewards 159.257 :: steps: 1.00 :: Time: 0.109(0.10897/step) :: Entropy : 0.000 :: Grads : []
720 :: Rewards 164.671 :: steps: 1.00 :: Time: 0.069(0.06878/step) :: Entropy : 0.000 :: Grads : []
730 :: Rewards 171.846 :: steps: 1.00 :: Time: 0.068(0.06818/step) :: Entropy : 0.000 :: Grads : []
740 :: Rewards 177.412 :: steps: 1.00 :: Time: 0.093(0.09341/step) :: Entropy : 0.000 :: Grads : []
750 :: Rewards 182.976 :: steps: 1.00 :: Time: 0.071(0.07055/step) :: Entropy : 0.000 :: Grads : []
760 :: Rewards 188.458 :: steps: 1.00 :: Time: 0.072(0.07199/step) :: Entropy : 0.000 :: Grads : []
770 :: Rewards 193.143 :: steps: 1.00 :: Time: 0.106(0.10632/step) :: Entropy : 0.000 :: Grads : []
780 :: Rewards 198.339 :: steps: 1.00 :: Time: 0.075(0.07506/step) :: Entropy : 0.000 :: Grads : []
790 :: Rewards 203.833 :: steps: 1.00 :: Time: 0.079(0.07857/step) :: Entropy : 0.000 :: Grads : []
800 :: Rewards 208.424 :: steps: 1.00 :: Time: 0.112(0.11197/step) :: Entropy : 0.000 :: Grads : []
810 :: Rewards 213.085 :: steps: 1.00 :: Time: 0.085(0.08541/step) :: Entropy : 0.000 :: Grads : []
820 :: Rewards 216.830 :: steps: 1.00 :: Time: 0.088(0.08812/step) :: Entropy : 0.000 :: Grads : []
830 :: Rewards 219.537 :: steps: 1.00 :: Time: 0.121(0.12113/step) :: Entropy : 0.000 :: Grads : []
840 :: Rewards 220.539 :: steps: 1.00 :: Time: 0.092(0.09215/step) :: Entropy : 0.000 :: Grads : []
850 :: Rewards 222.280 :: steps: 1.00 :: Time: 0.097(0.09654/step) :: Entropy : 0.000 :: Grads : []
860 :: Rewards 223.493 :: steps: 1.00 :: Time: 0.130(0.13046/step) :: Entropy : 0.000 :: Grads : []
870 :: Rewards 224.649 :: steps: 1.00 :: Time: 0.100(0.09963/step) :: Entropy : 0.000 :: Grads : []
880 :: Rewards 225.839 :: steps: 1.00 :: Time: 0.102(0.10168/step) :: Entropy : 0.000 :: Grads : []
890 :: Rewards 228.492 :: steps: 1.00 :: Time: 0.137(0.13702/step) :: Entropy : 0.000 :: Grads : []
900 :: Rewards 231.725 :: steps: 1.00 :: Time: 0.103(0.10331/step) :: Entropy : 0.000 :: Grads : []
910 :: Rewards 235.545 :: steps: 1.00 :: Time: 0.107(0.10727/step) :: Entropy : 0.000 :: Grads : []
920 :: Rewards 239.489 :: steps: 1.00 :: Time: 0.144(0.14400/step) :: Entropy : 0.000 :: Grads : []
930 :: Rewards 243.467 :: steps: 1.00 :: Time: 0.110(0.11033/step) :: Entropy : 0.000 :: Grads : []
940 :: Rewards 246.647 :: steps: 1.00 :: Time: 0.117(0.11714/step) :: Entropy : 0.000 :: Grads : []
950 :: Rewards 250.248 :: steps: 1.00 :: Time: 0.155(0.15452/step) :: Entropy : 0.000 :: Grads : []
960 :: Rewards 253.960 :: steps: 1.00 :: Time: 0.116(0.11588/step) :: Entropy : 0.000 :: Grads : []
970 :: Rewards 257.576 :: steps: 1.00 :: Time: 0.119(0.11899/step) :: Entropy : 0.000 :: Grads : []
980 :: Rewards 261.476 :: steps: 1.00 :: Time: 0.159(0.15899/step) :: Entropy : 0.000 :: Grads : []
990 :: Rewards 265.095 :: steps: 1.00 :: Time: 0.121(0.12086/step) :: Entropy : 0.000 :: Grads : []
999 :: Rewards 268.429 :: steps: 0.90 :: Time: 0.127(0.14159/step) :: Entropy : 0.000 :: Grads : []
Total time taken: 57.06488299369812
