Module path:  Environments.NS_Reco NS_Reco
Dynamically loaded from:  <class 'Environments.NS_Reco.NS_Reco'>
Reward Amplitudes: [4.17022005e-01 7.20324493e-01 1.14374817e-04 3.02332573e-01
 1.46755891e-01] :: Avg 0.317309867282206 
Module path:  Src.Algorithms.ProWLS ProWLS
Dynamically loaded from:  <class 'Src.Algorithms.ProWLS.ProWLS'>
=====Configurations=====
 Namespace(NN_basis_dim='32', Policy_basis_dim='32', actor_lr=0.0017966647558361548, algo_name='ProWLS', base=0, batch_size=1000, buffer_size=1000, debug=False, delta=1, entropy_lambda=0.006997441955638448, env_name='NS_Reco', experiment='NS_1r_', extrapolator_basis='Fourier', folder_suffix='Default', fourier_coupled=True, fourier_k=3, fourier_order=3, gamma=0.99, gauss_std=1.5, gpu=0, hyper='default', importance_clip=10.0, inc=1, log_output='term_file', max_episodes=1000, max_inner=30, max_steps=500, optim='rmsprop', oracle=-1, raw_basis=True, restore=False, save_count=100, save_model=True, seed=16, speed=1, state_lr=0.001, summary=True, swarm=False, timestamp='5|25|11:48:28')
Actions space: 5 :: State space: 1
State Low: tensor([0.]) :: State High: tensor([1.])
State features:  [('dummy_param', torch.Size([1]))]
Policy:  [('fc1.weight', torch.Size([5, 1])), ('fc1.bias', torch.Size([5]))]
0 :: Rewards 0.000 :: steps: 0.10 :: Time: 0.000(0.00086/step) :: Entropy : 0.000 :: Grads : []
10 :: Rewards -0.115 :: steps: 1.00 :: Time: 0.019(0.01850/step) :: Entropy : 0.000 :: Grads : []
20 :: Rewards -0.419 :: steps: 1.00 :: Time: 0.023(0.02318/step) :: Entropy : 0.000 :: Grads : []
30 :: Rewards -0.710 :: steps: 1.00 :: Time: 0.024(0.02381/step) :: Entropy : 0.000 :: Grads : []
40 :: Rewards -0.776 :: steps: 1.00 :: Time: 0.023(0.02304/step) :: Entropy : 0.000 :: Grads : []
50 :: Rewards -1.154 :: steps: 1.00 :: Time: 0.023(0.02350/step) :: Entropy : 0.000 :: Grads : []
60 :: Rewards -1.261 :: steps: 1.00 :: Time: 0.024(0.02365/step) :: Entropy : 0.000 :: Grads : []
70 :: Rewards -1.261 :: steps: 1.00 :: Time: 0.024(0.02391/step) :: Entropy : 0.000 :: Grads : []
80 :: Rewards -1.561 :: steps: 1.00 :: Time: 0.024(0.02439/step) :: Entropy : 0.000 :: Grads : []
90 :: Rewards -1.897 :: steps: 1.00 :: Time: 0.025(0.02460/step) :: Entropy : 0.000 :: Grads : []
100 :: Rewards -1.897 :: steps: 1.00 :: Time: 0.025(0.02513/step) :: Entropy : 0.000 :: Grads : []
110 :: Rewards -2.374 :: steps: 1.00 :: Time: 0.026(0.02580/step) :: Entropy : 0.000 :: Grads : []
120 :: Rewards -2.886 :: steps: 1.00 :: Time: 0.027(0.02686/step) :: Entropy : 0.000 :: Grads : []
130 :: Rewards -2.886 :: steps: 1.00 :: Time: 0.026(0.02640/step) :: Entropy : 0.000 :: Grads : []
140 :: Rewards -2.886 :: steps: 1.00 :: Time: 0.027(0.02728/step) :: Entropy : 0.000 :: Grads : []
150 :: Rewards -3.250 :: steps: 1.00 :: Time: 0.028(0.02759/step) :: Entropy : 0.000 :: Grads : []
160 :: Rewards -4.208 :: steps: 1.00 :: Time: 0.029(0.02851/step) :: Entropy : 0.000 :: Grads : []
170 :: Rewards -4.208 :: steps: 1.00 :: Time: 0.029(0.02898/step) :: Entropy : 0.000 :: Grads : []
180 :: Rewards -4.208 :: steps: 1.00 :: Time: 0.030(0.02956/step) :: Entropy : 0.000 :: Grads : []
190 :: Rewards -4.476 :: steps: 1.00 :: Time: 0.033(0.03350/step) :: Entropy : 0.000 :: Grads : []
200 :: Rewards -4.476 :: steps: 1.00 :: Time: 0.033(0.03339/step) :: Entropy : 0.000 :: Grads : []
210 :: Rewards -5.477 :: steps: 1.00 :: Time: 0.034(0.03412/step) :: Entropy : 0.000 :: Grads : []
220 :: Rewards -6.673 :: steps: 1.00 :: Time: 0.035(0.03546/step) :: Entropy : 0.000 :: Grads : []
230 :: Rewards -6.673 :: steps: 1.00 :: Time: 0.036(0.03569/step) :: Entropy : 0.000 :: Grads : []
240 :: Rewards -6.673 :: steps: 1.00 :: Time: 0.034(0.03414/step) :: Entropy : 0.000 :: Grads : []
250 :: Rewards -6.673 :: steps: 1.00 :: Time: 0.032(0.03210/step) :: Entropy : 0.000 :: Grads : []
260 :: Rewards -6.673 :: steps: 1.00 :: Time: 0.033(0.03346/step) :: Entropy : 0.000 :: Grads : []
270 :: Rewards -6.673 :: steps: 1.00 :: Time: 0.034(0.03378/step) :: Entropy : 0.000 :: Grads : []
280 :: Rewards -6.673 :: steps: 1.00 :: Time: 0.035(0.03513/step) :: Entropy : 0.000 :: Grads : []
290 :: Rewards -6.673 :: steps: 1.00 :: Time: 0.035(0.03508/step) :: Entropy : 0.000 :: Grads : []
300 :: Rewards -6.673 :: steps: 1.00 :: Time: 0.035(0.03506/step) :: Entropy : 0.000 :: Grads : []
310 :: Rewards -7.314 :: steps: 1.00 :: Time: 0.041(0.04054/step) :: Entropy : 0.000 :: Grads : []
320 :: Rewards -7.314 :: steps: 1.00 :: Time: 0.037(0.03703/step) :: Entropy : 0.000 :: Grads : []
330 :: Rewards -7.876 :: steps: 1.00 :: Time: 0.038(0.03795/step) :: Entropy : 0.000 :: Grads : []
340 :: Rewards -7.876 :: steps: 1.00 :: Time: 0.038(0.03806/step) :: Entropy : 0.000 :: Grads : []
350 :: Rewards -7.876 :: steps: 1.00 :: Time: 0.039(0.03884/step) :: Entropy : 0.000 :: Grads : []
360 :: Rewards -7.876 :: steps: 1.00 :: Time: 0.039(0.03948/step) :: Entropy : 0.000 :: Grads : []
370 :: Rewards -8.323 :: steps: 1.00 :: Time: 0.041(0.04092/step) :: Entropy : 0.000 :: Grads : []
380 :: Rewards -8.323 :: steps: 1.00 :: Time: 0.042(0.04225/step) :: Entropy : 0.000 :: Grads : []
390 :: Rewards -9.912 :: steps: 1.00 :: Time: 0.043(0.04294/step) :: Entropy : 0.000 :: Grads : []
400 :: Rewards -9.912 :: steps: 1.00 :: Time: 0.045(0.04467/step) :: Entropy : 0.000 :: Grads : []
410 :: Rewards -9.912 :: steps: 1.00 :: Time: 0.048(0.04823/step) :: Entropy : 0.000 :: Grads : []
420 :: Rewards -9.912 :: steps: 1.00 :: Time: 0.047(0.04684/step) :: Entropy : 0.000 :: Grads : []
430 :: Rewards -9.912 :: steps: 1.00 :: Time: 0.048(0.04799/step) :: Entropy : 0.000 :: Grads : []
440 :: Rewards -10.582 :: steps: 1.00 :: Time: 0.052(0.05158/step) :: Entropy : 0.000 :: Grads : []
450 :: Rewards -10.918 :: steps: 1.00 :: Time: 0.055(0.05474/step) :: Entropy : 0.000 :: Grads : []
460 :: Rewards -11.518 :: steps: 1.00 :: Time: 0.054(0.05358/step) :: Entropy : 0.000 :: Grads : []
470 :: Rewards -12.705 :: steps: 1.00 :: Time: 0.054(0.05395/step) :: Entropy : 0.000 :: Grads : []
480 :: Rewards -13.306 :: steps: 1.00 :: Time: 0.056(0.05608/step) :: Entropy : 0.000 :: Grads : []
490 :: Rewards -13.306 :: steps: 1.00 :: Time: 0.057(0.05699/step) :: Entropy : 0.000 :: Grads : []
500 :: Rewards -13.306 :: steps: 1.00 :: Time: 0.057(0.05701/step) :: Entropy : 0.000 :: Grads : []
510 :: Rewards -13.306 :: steps: 1.00 :: Time: 0.057(0.05711/step) :: Entropy : 0.000 :: Grads : []
520 :: Rewards -13.585 :: steps: 1.00 :: Time: 0.059(0.05885/step) :: Entropy : 0.000 :: Grads : []
530 :: Rewards -13.951 :: steps: 1.00 :: Time: 0.061(0.06093/step) :: Entropy : 0.000 :: Grads : []
540 :: Rewards -13.951 :: steps: 1.00 :: Time: 0.060(0.06036/step) :: Entropy : 0.000 :: Grads : []
550 :: Rewards -13.951 :: steps: 1.00 :: Time: 0.062(0.06198/step) :: Entropy : 0.000 :: Grads : []
560 :: Rewards -13.951 :: steps: 1.00 :: Time: 0.064(0.06405/step) :: Entropy : 0.000 :: Grads : []
570 :: Rewards -14.640 :: steps: 1.00 :: Time: 0.065(0.06525/step) :: Entropy : 0.000 :: Grads : []
580 :: Rewards -14.640 :: steps: 1.00 :: Time: 0.067(0.06651/step) :: Entropy : 0.000 :: Grads : []
590 :: Rewards -14.640 :: steps: 1.00 :: Time: 0.069(0.06921/step) :: Entropy : 0.000 :: Grads : []
600 :: Rewards -14.950 :: steps: 1.00 :: Time: 0.072(0.07211/step) :: Entropy : 0.000 :: Grads : []
610 :: Rewards -14.950 :: steps: 1.00 :: Time: 0.073(0.07262/step) :: Entropy : 0.000 :: Grads : []
620 :: Rewards -15.131 :: steps: 1.00 :: Time: 0.076(0.07635/step) :: Entropy : 0.000 :: Grads : []
630 :: Rewards -15.280 :: steps: 1.00 :: Time: 0.083(0.08290/step) :: Entropy : 0.000 :: Grads : []
640 :: Rewards -15.280 :: steps: 1.00 :: Time: 0.095(0.09477/step) :: Entropy : 0.000 :: Grads : []
650 :: Rewards -15.280 :: steps: 1.00 :: Time: 0.083(0.08303/step) :: Entropy : 0.000 :: Grads : []
660 :: Rewards -15.280 :: steps: 1.00 :: Time: 0.085(0.08487/step) :: Entropy : 0.000 :: Grads : []
670 :: Rewards -15.280 :: steps: 1.00 :: Time: 0.089(0.08861/step) :: Entropy : 0.000 :: Grads : []
680 :: Rewards -15.280 :: steps: 1.00 :: Time: 0.089(0.08923/step) :: Entropy : 0.000 :: Grads : []
690 :: Rewards -15.280 :: steps: 1.00 :: Time: 0.090(0.08952/step) :: Entropy : 0.000 :: Grads : []
700 :: Rewards -15.280 :: steps: 1.00 :: Time: 0.090(0.09017/step) :: Entropy : 0.000 :: Grads : []
710 :: Rewards -15.280 :: steps: 1.00 :: Time: 0.093(0.09275/step) :: Entropy : 0.000 :: Grads : []
720 :: Rewards -15.293 :: steps: 1.00 :: Time: 0.095(0.09479/step) :: Entropy : 0.000 :: Grads : []
730 :: Rewards -15.387 :: steps: 1.00 :: Time: 0.097(0.09740/step) :: Entropy : 0.000 :: Grads : []
740 :: Rewards -15.661 :: steps: 1.00 :: Time: 0.098(0.09758/step) :: Entropy : 0.000 :: Grads : []
750 :: Rewards -16.107 :: steps: 1.00 :: Time: 0.099(0.09941/step) :: Entropy : 0.000 :: Grads : []
760 :: Rewards -16.661 :: steps: 1.00 :: Time: 0.101(0.10126/step) :: Entropy : 0.000 :: Grads : []
770 :: Rewards -17.421 :: steps: 1.00 :: Time: 0.105(0.10496/step) :: Entropy : 0.000 :: Grads : []
780 :: Rewards -18.255 :: steps: 1.00 :: Time: 0.106(0.10618/step) :: Entropy : 0.000 :: Grads : []
790 :: Rewards -19.398 :: steps: 1.00 :: Time: 0.107(0.10741/step) :: Entropy : 0.000 :: Grads : []
800 :: Rewards -20.998 :: steps: 1.00 :: Time: 0.110(0.11016/step) :: Entropy : 0.000 :: Grads : []
810 :: Rewards -22.671 :: steps: 1.00 :: Time: 0.112(0.11238/step) :: Entropy : 0.000 :: Grads : []
820 :: Rewards -24.109 :: steps: 1.00 :: Time: 0.114(0.11444/step) :: Entropy : 0.000 :: Grads : []
830 :: Rewards -24.808 :: steps: 1.00 :: Time: 0.117(0.11671/step) :: Entropy : 0.000 :: Grads : []
840 :: Rewards -24.979 :: steps: 1.00 :: Time: 0.119(0.11911/step) :: Entropy : 0.000 :: Grads : []
850 :: Rewards -24.979 :: steps: 1.00 :: Time: 0.128(0.12796/step) :: Entropy : 0.000 :: Grads : []
860 :: Rewards -24.979 :: steps: 1.00 :: Time: 0.138(0.13836/step) :: Entropy : 0.000 :: Grads : []
870 :: Rewards -24.979 :: steps: 1.00 :: Time: 0.130(0.13041/step) :: Entropy : 0.000 :: Grads : []
880 :: Rewards -25.249 :: steps: 1.00 :: Time: 0.142(0.14157/step) :: Entropy : 0.000 :: Grads : []
890 :: Rewards -25.535 :: steps: 1.00 :: Time: 0.142(0.14227/step) :: Entropy : 0.000 :: Grads : []
900 :: Rewards -25.535 :: steps: 1.00 :: Time: 0.125(0.12497/step) :: Entropy : 0.000 :: Grads : []
910 :: Rewards -25.779 :: steps: 1.00 :: Time: 0.116(0.11606/step) :: Entropy : 0.000 :: Grads : []
920 :: Rewards -25.779 :: steps: 1.00 :: Time: 0.112(0.11218/step) :: Entropy : 0.000 :: Grads : []
930 :: Rewards -25.779 :: steps: 1.00 :: Time: 0.125(0.12546/step) :: Entropy : 0.000 :: Grads : []
940 :: Rewards -25.866 :: steps: 1.00 :: Time: 0.121(0.12100/step) :: Entropy : 0.000 :: Grads : []
950 :: Rewards -25.866 :: steps: 1.00 :: Time: 0.158(0.15759/step) :: Entropy : 0.000 :: Grads : []
960 :: Rewards -25.866 :: steps: 1.00 :: Time: 0.130(0.12952/step) :: Entropy : 0.000 :: Grads : []
970 :: Rewards -25.866 :: steps: 1.00 :: Time: 0.131(0.13056/step) :: Entropy : 0.000 :: Grads : []
980 :: Rewards -25.866 :: steps: 1.00 :: Time: 0.131(0.13085/step) :: Entropy : 0.000 :: Grads : []
990 :: Rewards -25.866 :: steps: 1.00 :: Time: 0.146(0.14563/step) :: Entropy : 0.000 :: Grads : []
999 :: Rewards -26.036 :: steps: 0.90 :: Time: 0.134(0.14848/step) :: Entropy : 0.000 :: Grads : []
Total time taken: 68.74424600601196
