Module path:  Environments.NS_Reco NS_Reco
Dynamically loaded from:  <class 'Environments.NS_Reco.NS_Reco'>
Reward Amplitudes: [4.17022005e-01 7.20324493e-01 1.14374817e-04 3.02332573e-01
 1.46755891e-01] :: Avg 0.317309867282206 
Module path:  Src.Algorithms.OFPG OFPG
Dynamically loaded from:  <class 'Src.Algorithms.OFPG.OFPG'>
=====Configurations=====
 Namespace(NN_basis_dim='32', Policy_basis_dim='32', actor_lr=0.0021758107191788777, algo_name='OFPG', base=0, batch_size=1000, buffer_size=1000, debug=False, delta=5, entropy_lambda=0.0820027845863337, env_name='NS_Reco', experiment='NS_2_', extrapolator_basis='Fourier', folder_suffix='Default', fourier_coupled=True, fourier_k=7, fourier_order=3, gamma=0.99, gauss_std=1.5, gpu=0, hyper='default', importance_clip=15.0, inc=1, log_output='term_file', max_episodes=1000, max_inner=100, max_steps=500, optim='rmsprop', oracle=-1, raw_basis=True, restore=False, save_count=100, save_model=True, seed=7, speed=2, state_lr=0.001, summary=True, swarm=False, timestamp='5|24|17:51:17')
Actions space: 5 :: State space: 1
State Low: tensor([0.]) :: State High: tensor([1.])
State features:  [('dummy_param', torch.Size([1]))]
Policy:  [('fc1.weight', torch.Size([5, 1])), ('fc1.bias', torch.Size([5]))]
0 :: Rewards 0.010 :: steps: 0.10 :: Time: 0.000(0.00063/step) :: Entropy : 0.000 :: Grads : []
10 :: Rewards 0.124 :: steps: 1.00 :: Time: 0.008(0.00787/step) :: Entropy : 0.000 :: Grads : []
20 :: Rewards 0.314 :: steps: 1.00 :: Time: 0.008(0.00778/step) :: Entropy : 0.000 :: Grads : []
30 :: Rewards 0.926 :: steps: 1.00 :: Time: 0.008(0.00792/step) :: Entropy : 0.000 :: Grads : []
40 :: Rewards 2.065 :: steps: 1.00 :: Time: 0.008(0.00768/step) :: Entropy : 0.000 :: Grads : []
50 :: Rewards 3.180 :: steps: 1.00 :: Time: 0.008(0.00776/step) :: Entropy : 0.000 :: Grads : []
60 :: Rewards 5.195 :: steps: 1.00 :: Time: 0.014(0.01359/step) :: Entropy : 0.000 :: Grads : []
70 :: Rewards 7.249 :: steps: 1.00 :: Time: 0.009(0.00926/step) :: Entropy : 0.000 :: Grads : []
80 :: Rewards 9.904 :: steps: 1.00 :: Time: 0.008(0.00801/step) :: Entropy : 0.000 :: Grads : []
90 :: Rewards 12.477 :: steps: 1.00 :: Time: 0.008(0.00802/step) :: Entropy : 0.000 :: Grads : []
100 :: Rewards 15.939 :: steps: 1.00 :: Time: 0.008(0.00807/step) :: Entropy : 0.000 :: Grads : []
110 :: Rewards 20.281 :: steps: 1.00 :: Time: 0.008(0.00819/step) :: Entropy : 0.000 :: Grads : []
120 :: Rewards 24.851 :: steps: 1.00 :: Time: 0.008(0.00814/step) :: Entropy : 0.000 :: Grads : []
130 :: Rewards 29.705 :: steps: 1.00 :: Time: 0.008(0.00842/step) :: Entropy : 0.000 :: Grads : []
140 :: Rewards 34.738 :: steps: 1.00 :: Time: 0.008(0.00842/step) :: Entropy : 0.000 :: Grads : []
150 :: Rewards 40.097 :: steps: 1.00 :: Time: 0.008(0.00846/step) :: Entropy : 0.000 :: Grads : []
160 :: Rewards 45.272 :: steps: 1.00 :: Time: 0.009(0.00852/step) :: Entropy : 0.000 :: Grads : []
170 :: Rewards 51.502 :: steps: 1.00 :: Time: 0.009(0.00859/step) :: Entropy : 0.000 :: Grads : []
180 :: Rewards 57.379 :: steps: 1.00 :: Time: 0.009(0.00861/step) :: Entropy : 0.000 :: Grads : []
190 :: Rewards 63.380 :: steps: 1.00 :: Time: 0.009(0.00868/step) :: Entropy : 0.000 :: Grads : []
200 :: Rewards 69.447 :: steps: 1.00 :: Time: 0.009(0.00870/step) :: Entropy : 0.000 :: Grads : []
210 :: Rewards 75.851 :: steps: 1.00 :: Time: 0.009(0.00886/step) :: Entropy : 0.000 :: Grads : []
220 :: Rewards 82.721 :: steps: 1.00 :: Time: 0.009(0.00888/step) :: Entropy : 0.000 :: Grads : []
230 :: Rewards 88.284 :: steps: 1.00 :: Time: 0.009(0.00897/step) :: Entropy : 0.000 :: Grads : []
240 :: Rewards 94.511 :: steps: 1.00 :: Time: 0.009(0.00932/step) :: Entropy : 0.000 :: Grads : []
250 :: Rewards 101.008 :: steps: 1.00 :: Time: 0.009(0.00907/step) :: Entropy : 0.000 :: Grads : []
260 :: Rewards 107.730 :: steps: 1.00 :: Time: 0.009(0.00918/step) :: Entropy : 0.000 :: Grads : []
270 :: Rewards 113.984 :: steps: 1.00 :: Time: 0.009(0.00933/step) :: Entropy : 0.000 :: Grads : []
280 :: Rewards 119.867 :: steps: 1.00 :: Time: 0.009(0.00936/step) :: Entropy : 0.000 :: Grads : []
290 :: Rewards 125.621 :: steps: 1.00 :: Time: 0.009(0.00942/step) :: Entropy : 0.000 :: Grads : []
300 :: Rewards 131.392 :: steps: 1.00 :: Time: 0.009(0.00945/step) :: Entropy : 0.000 :: Grads : []
310 :: Rewards 136.945 :: steps: 1.00 :: Time: 0.010(0.00957/step) :: Entropy : 0.000 :: Grads : []
320 :: Rewards 142.369 :: steps: 1.00 :: Time: 0.010(0.01000/step) :: Entropy : 0.000 :: Grads : []
330 :: Rewards 147.151 :: steps: 1.00 :: Time: 0.010(0.00960/step) :: Entropy : 0.000 :: Grads : []
340 :: Rewards 151.762 :: steps: 1.00 :: Time: 0.010(0.00975/step) :: Entropy : 0.000 :: Grads : []
350 :: Rewards 155.992 :: steps: 1.00 :: Time: 0.010(0.00979/step) :: Entropy : 0.000 :: Grads : []
360 :: Rewards 160.029 :: steps: 1.00 :: Time: 0.010(0.01004/step) :: Entropy : 0.000 :: Grads : []
370 :: Rewards 163.337 :: steps: 1.00 :: Time: 0.010(0.00995/step) :: Entropy : 0.000 :: Grads : []
380 :: Rewards 166.691 :: steps: 1.00 :: Time: 0.010(0.01013/step) :: Entropy : 0.000 :: Grads : []
390 :: Rewards 169.517 :: steps: 1.00 :: Time: 0.010(0.01025/step) :: Entropy : 0.000 :: Grads : []
400 :: Rewards 172.251 :: steps: 1.00 :: Time: 0.010(0.01030/step) :: Entropy : 0.000 :: Grads : []
410 :: Rewards 174.621 :: steps: 1.00 :: Time: 0.010(0.01047/step) :: Entropy : 0.000 :: Grads : []
420 :: Rewards 176.221 :: steps: 1.00 :: Time: 0.011(0.01068/step) :: Entropy : 0.000 :: Grads : []
430 :: Rewards 177.845 :: steps: 1.00 :: Time: 0.011(0.01090/step) :: Entropy : 0.000 :: Grads : []
440 :: Rewards 178.255 :: steps: 1.00 :: Time: 0.011(0.01088/step) :: Entropy : 0.000 :: Grads : []
450 :: Rewards 179.130 :: steps: 1.00 :: Time: 0.011(0.01095/step) :: Entropy : 0.000 :: Grads : []
460 :: Rewards 179.951 :: steps: 1.00 :: Time: 0.011(0.01099/step) :: Entropy : 0.000 :: Grads : []
470 :: Rewards 179.703 :: steps: 1.00 :: Time: 0.011(0.01112/step) :: Entropy : 0.000 :: Grads : []
480 :: Rewards 179.041 :: steps: 1.00 :: Time: 0.011(0.01126/step) :: Entropy : 0.000 :: Grads : []
490 :: Rewards 179.226 :: steps: 1.00 :: Time: 0.011(0.01122/step) :: Entropy : 0.000 :: Grads : []
500 :: Rewards 178.668 :: steps: 1.00 :: Time: 0.011(0.01122/step) :: Entropy : 0.000 :: Grads : []
510 :: Rewards 178.699 :: steps: 1.00 :: Time: 0.011(0.01130/step) :: Entropy : 0.000 :: Grads : []
520 :: Rewards 177.984 :: steps: 1.00 :: Time: 0.012(0.01151/step) :: Entropy : 0.000 :: Grads : []
530 :: Rewards 177.492 :: steps: 1.00 :: Time: 0.012(0.01151/step) :: Entropy : 0.000 :: Grads : []
540 :: Rewards 177.818 :: steps: 1.00 :: Time: 0.012(0.01151/step) :: Entropy : 0.000 :: Grads : []
550 :: Rewards 175.068 :: steps: 1.00 :: Time: 0.012(0.01158/step) :: Entropy : 0.000 :: Grads : []
560 :: Rewards 174.945 :: steps: 1.00 :: Time: 0.012(0.01157/step) :: Entropy : 0.000 :: Grads : []
570 :: Rewards 172.176 :: steps: 1.00 :: Time: 0.012(0.01168/step) :: Entropy : 0.000 :: Grads : []
580 :: Rewards 170.395 :: steps: 1.00 :: Time: 0.012(0.01159/step) :: Entropy : 0.000 :: Grads : []
590 :: Rewards 167.701 :: steps: 1.00 :: Time: 0.012(0.01161/step) :: Entropy : 0.000 :: Grads : []
600 :: Rewards 164.826 :: steps: 1.00 :: Time: 0.012(0.01164/step) :: Entropy : 0.000 :: Grads : []
610 :: Rewards 163.461 :: steps: 1.00 :: Time: 0.012(0.01171/step) :: Entropy : 0.000 :: Grads : []
620 :: Rewards 162.749 :: steps: 1.00 :: Time: 0.012(0.01167/step) :: Entropy : 0.000 :: Grads : []
630 :: Rewards 160.625 :: steps: 1.00 :: Time: 0.012(0.01179/step) :: Entropy : 0.000 :: Grads : []
640 :: Rewards 157.557 :: steps: 1.00 :: Time: 0.012(0.01183/step) :: Entropy : 0.000 :: Grads : []
650 :: Rewards 155.172 :: steps: 1.00 :: Time: 0.012(0.01185/step) :: Entropy : 0.000 :: Grads : []
660 :: Rewards 153.252 :: steps: 1.00 :: Time: 0.012(0.01197/step) :: Entropy : 0.000 :: Grads : []
670 :: Rewards 149.439 :: steps: 1.00 :: Time: 0.012(0.01202/step) :: Entropy : 0.000 :: Grads : []
680 :: Rewards 146.766 :: steps: 1.00 :: Time: 0.012(0.01214/step) :: Entropy : 0.000 :: Grads : []
690 :: Rewards 144.240 :: steps: 1.00 :: Time: 0.013(0.01270/step) :: Entropy : 0.000 :: Grads : []
700 :: Rewards 140.749 :: steps: 1.00 :: Time: 0.012(0.01227/step) :: Entropy : 0.000 :: Grads : []
710 :: Rewards 137.668 :: steps: 1.00 :: Time: 0.012(0.01227/step) :: Entropy : 0.000 :: Grads : []
720 :: Rewards 135.529 :: steps: 1.00 :: Time: 0.012(0.01232/step) :: Entropy : 0.000 :: Grads : []
730 :: Rewards 132.833 :: steps: 1.00 :: Time: 0.016(0.01646/step) :: Entropy : 0.000 :: Grads : []
740 :: Rewards 130.225 :: steps: 1.00 :: Time: 0.013(0.01266/step) :: Entropy : 0.000 :: Grads : []
750 :: Rewards 127.699 :: steps: 1.00 :: Time: 0.013(0.01261/step) :: Entropy : 0.000 :: Grads : []
760 :: Rewards 124.839 :: steps: 1.00 :: Time: 0.013(0.01257/step) :: Entropy : 0.000 :: Grads : []
770 :: Rewards 122.372 :: steps: 1.00 :: Time: 0.013(0.01281/step) :: Entropy : 0.000 :: Grads : []
780 :: Rewards 119.590 :: steps: 1.00 :: Time: 0.013(0.01292/step) :: Entropy : 0.000 :: Grads : []
790 :: Rewards 116.310 :: steps: 1.00 :: Time: 0.013(0.01284/step) :: Entropy : 0.000 :: Grads : []
800 :: Rewards 113.157 :: steps: 1.00 :: Time: 0.013(0.01283/step) :: Entropy : 0.000 :: Grads : []
810 :: Rewards 109.750 :: steps: 1.00 :: Time: 0.013(0.01289/step) :: Entropy : 0.000 :: Grads : []
820 :: Rewards 106.564 :: steps: 1.00 :: Time: 0.013(0.01308/step) :: Entropy : 0.000 :: Grads : []
830 :: Rewards 104.334 :: steps: 1.00 :: Time: 0.013(0.01310/step) :: Entropy : 0.000 :: Grads : []
840 :: Rewards 101.525 :: steps: 1.00 :: Time: 0.013(0.01303/step) :: Entropy : 0.000 :: Grads : []
850 :: Rewards 99.080 :: steps: 1.00 :: Time: 0.013(0.01305/step) :: Entropy : 0.000 :: Grads : []
860 :: Rewards 96.325 :: steps: 1.00 :: Time: 0.013(0.01294/step) :: Entropy : 0.000 :: Grads : []
870 :: Rewards 93.310 :: steps: 1.00 :: Time: 0.013(0.01295/step) :: Entropy : 0.000 :: Grads : []
880 :: Rewards 90.904 :: steps: 1.00 :: Time: 0.013(0.01305/step) :: Entropy : 0.000 :: Grads : []
890 :: Rewards 88.072 :: steps: 1.00 :: Time: 0.013(0.01307/step) :: Entropy : 0.000 :: Grads : []
900 :: Rewards 86.397 :: steps: 1.00 :: Time: 0.013(0.01308/step) :: Entropy : 0.000 :: Grads : []
910 :: Rewards 83.662 :: steps: 1.00 :: Time: 0.013(0.01306/step) :: Entropy : 0.000 :: Grads : []
920 :: Rewards 81.585 :: steps: 1.00 :: Time: 0.013(0.01317/step) :: Entropy : 0.000 :: Grads : []
930 :: Rewards 80.506 :: steps: 1.00 :: Time: 0.013(0.01326/step) :: Entropy : 0.000 :: Grads : []
940 :: Rewards 78.025 :: steps: 1.00 :: Time: 0.013(0.01321/step) :: Entropy : 0.000 :: Grads : []
950 :: Rewards 76.477 :: steps: 1.00 :: Time: 0.013(0.01312/step) :: Entropy : 0.000 :: Grads : []
960 :: Rewards 73.811 :: steps: 1.00 :: Time: 0.013(0.01320/step) :: Entropy : 0.000 :: Grads : []
970 :: Rewards 73.001 :: steps: 1.00 :: Time: 0.013(0.01328/step) :: Entropy : 0.000 :: Grads : []
980 :: Rewards 72.071 :: steps: 1.00 :: Time: 0.013(0.01333/step) :: Entropy : 0.000 :: Grads : []
990 :: Rewards 70.496 :: steps: 1.00 :: Time: 0.013(0.01334/step) :: Entropy : 0.000 :: Grads : []
999 :: Rewards 70.098 :: steps: 0.90 :: Time: 0.014(0.01512/step) :: Entropy : 0.000 :: Grads : []
Total time taken: 11.05793309211731
