Module path:  Environments.NS_Reco NS_Reco
Dynamically loaded from:  <class 'Environments.NS_Reco.NS_Reco'>
Reward Amplitudes: [4.17022005e-01 7.20324493e-01 1.14374817e-04 3.02332573e-01
 1.46755891e-01] :: Avg 0.317309867282206 
Module path:  Src.Algorithms.OFPG OFPG
Dynamically loaded from:  <class 'Src.Algorithms.OFPG.OFPG'>
=====Configurations=====
 Namespace(NN_basis_dim='32', Policy_basis_dim='32', actor_lr=0.002921886362032286, algo_name='OFPG', base=0, batch_size=1000, buffer_size=1000, debug=False, delta=1, entropy_lambda=0.005132349330550144, env_name='NS_Reco', experiment='NS_1_', extrapolator_basis='Fourier', folder_suffix='Default', fourier_coupled=True, fourier_k=7, fourier_order=3, gamma=0.99, gauss_std=1.5, gpu=0, hyper='default', importance_clip=5.0, inc=1, log_output='term_file', max_episodes=1000, max_inner=20, max_steps=500, optim='rmsprop', oracle=-1, raw_basis=True, restore=False, save_count=100, save_model=True, seed=12, speed=1, state_lr=0.001, summary=True, swarm=False, timestamp='5|24|21:58:23')
Actions space: 5 :: State space: 1
State Low: tensor([0.]) :: State High: tensor([1.])
State features:  [('dummy_param', torch.Size([1]))]
Policy:  [('fc1.weight', torch.Size([5, 1])), ('fc1.bias', torch.Size([5]))]
0 :: Rewards -0.005 :: steps: 0.10 :: Time: 0.001(0.00902/step) :: Entropy : 0.000 :: Grads : []
10 :: Rewards 0.076 :: steps: 1.00 :: Time: 0.007(0.00733/step) :: Entropy : 0.000 :: Grads : []
20 :: Rewards 0.365 :: steps: 1.00 :: Time: 0.007(0.00749/step) :: Entropy : 0.000 :: Grads : []
30 :: Rewards 0.990 :: steps: 1.00 :: Time: 0.008(0.00769/step) :: Entropy : 0.000 :: Grads : []
40 :: Rewards 1.845 :: steps: 1.00 :: Time: 0.007(0.00737/step) :: Entropy : 0.000 :: Grads : []
50 :: Rewards 2.960 :: steps: 1.00 :: Time: 0.007(0.00743/step) :: Entropy : 0.000 :: Grads : []
60 :: Rewards 4.361 :: steps: 1.00 :: Time: 0.008(0.00763/step) :: Entropy : 0.000 :: Grads : []
70 :: Rewards 5.933 :: steps: 1.00 :: Time: 0.008(0.00779/step) :: Entropy : 0.000 :: Grads : []
80 :: Rewards 7.611 :: steps: 1.00 :: Time: 0.008(0.00782/step) :: Entropy : 0.000 :: Grads : []
90 :: Rewards 9.775 :: steps: 1.00 :: Time: 0.008(0.00796/step) :: Entropy : 0.000 :: Grads : []
100 :: Rewards 12.175 :: steps: 1.00 :: Time: 0.008(0.00826/step) :: Entropy : 0.000 :: Grads : []
110 :: Rewards 14.815 :: steps: 1.00 :: Time: 0.008(0.00809/step) :: Entropy : 0.000 :: Grads : []
120 :: Rewards 17.713 :: steps: 1.00 :: Time: 0.008(0.00814/step) :: Entropy : 0.000 :: Grads : []
130 :: Rewards 20.813 :: steps: 1.00 :: Time: 0.008(0.00822/step) :: Entropy : 0.000 :: Grads : []
140 :: Rewards 24.187 :: steps: 1.00 :: Time: 0.008(0.00833/step) :: Entropy : 0.000 :: Grads : []
150 :: Rewards 27.759 :: steps: 1.00 :: Time: 0.008(0.00842/step) :: Entropy : 0.000 :: Grads : []
160 :: Rewards 31.583 :: steps: 1.00 :: Time: 0.008(0.00842/step) :: Entropy : 0.000 :: Grads : []
170 :: Rewards 35.589 :: steps: 1.00 :: Time: 0.009(0.00855/step) :: Entropy : 0.000 :: Grads : []
180 :: Rewards 39.855 :: steps: 1.00 :: Time: 0.009(0.00857/step) :: Entropy : 0.000 :: Grads : []
190 :: Rewards 44.242 :: steps: 1.00 :: Time: 0.009(0.00867/step) :: Entropy : 0.000 :: Grads : []
200 :: Rewards 48.859 :: steps: 1.00 :: Time: 0.009(0.00874/step) :: Entropy : 0.000 :: Grads : []
210 :: Rewards 53.692 :: steps: 1.00 :: Time: 0.009(0.00881/step) :: Entropy : 0.000 :: Grads : []
220 :: Rewards 58.688 :: steps: 1.00 :: Time: 0.009(0.00887/step) :: Entropy : 0.000 :: Grads : []
230 :: Rewards 63.935 :: steps: 1.00 :: Time: 0.009(0.00894/step) :: Entropy : 0.000 :: Grads : []
240 :: Rewards 69.299 :: steps: 1.00 :: Time: 0.009(0.00899/step) :: Entropy : 0.000 :: Grads : []
250 :: Rewards 74.834 :: steps: 1.00 :: Time: 0.009(0.00906/step) :: Entropy : 0.000 :: Grads : []
260 :: Rewards 80.501 :: steps: 1.00 :: Time: 0.009(0.00920/step) :: Entropy : 0.000 :: Grads : []
270 :: Rewards 86.346 :: steps: 1.00 :: Time: 0.009(0.00929/step) :: Entropy : 0.000 :: Grads : []
280 :: Rewards 92.359 :: steps: 1.00 :: Time: 0.009(0.00918/step) :: Entropy : 0.000 :: Grads : []
290 :: Rewards 98.504 :: steps: 1.00 :: Time: 0.009(0.00922/step) :: Entropy : 0.000 :: Grads : []
300 :: Rewards 104.773 :: steps: 1.00 :: Time: 0.009(0.00940/step) :: Entropy : 0.000 :: Grads : []
310 :: Rewards 111.173 :: steps: 1.00 :: Time: 0.009(0.00937/step) :: Entropy : 0.000 :: Grads : []
320 :: Rewards 117.719 :: steps: 1.00 :: Time: 0.010(0.00952/step) :: Entropy : 0.000 :: Grads : []
330 :: Rewards 124.347 :: steps: 1.00 :: Time: 0.010(0.00967/step) :: Entropy : 0.000 :: Grads : []
340 :: Rewards 131.066 :: steps: 1.00 :: Time: 0.010(0.00973/step) :: Entropy : 0.000 :: Grads : []
350 :: Rewards 137.850 :: steps: 1.00 :: Time: 0.010(0.00995/step) :: Entropy : 0.000 :: Grads : []
360 :: Rewards 144.714 :: steps: 1.00 :: Time: 0.010(0.01006/step) :: Entropy : 0.000 :: Grads : []
370 :: Rewards 151.688 :: steps: 1.00 :: Time: 0.010(0.01015/step) :: Entropy : 0.000 :: Grads : []
380 :: Rewards 158.713 :: steps: 1.00 :: Time: 0.010(0.01020/step) :: Entropy : 0.000 :: Grads : []
390 :: Rewards 165.815 :: steps: 1.00 :: Time: 0.010(0.01026/step) :: Entropy : 0.000 :: Grads : []
400 :: Rewards 172.928 :: steps: 1.00 :: Time: 0.011(0.01054/step) :: Entropy : 0.000 :: Grads : []
410 :: Rewards 180.097 :: steps: 1.00 :: Time: 0.010(0.01049/step) :: Entropy : 0.000 :: Grads : []
420 :: Rewards 187.278 :: steps: 1.00 :: Time: 0.011(0.01080/step) :: Entropy : 0.000 :: Grads : []
430 :: Rewards 194.489 :: steps: 1.00 :: Time: 0.011(0.01084/step) :: Entropy : 0.000 :: Grads : []
440 :: Rewards 201.687 :: steps: 1.00 :: Time: 0.011(0.01092/step) :: Entropy : 0.000 :: Grads : []
450 :: Rewards 208.874 :: steps: 1.00 :: Time: 0.011(0.01093/step) :: Entropy : 0.000 :: Grads : []
460 :: Rewards 216.103 :: steps: 1.00 :: Time: 0.011(0.01104/step) :: Entropy : 0.000 :: Grads : []
470 :: Rewards 223.279 :: steps: 1.00 :: Time: 0.011(0.01103/step) :: Entropy : 0.000 :: Grads : []
480 :: Rewards 230.408 :: steps: 1.00 :: Time: 0.011(0.01110/step) :: Entropy : 0.000 :: Grads : []
490 :: Rewards 237.491 :: steps: 1.00 :: Time: 0.011(0.01113/step) :: Entropy : 0.000 :: Grads : []
500 :: Rewards 244.570 :: steps: 1.00 :: Time: 0.011(0.01117/step) :: Entropy : 0.000 :: Grads : []
510 :: Rewards 251.543 :: steps: 1.00 :: Time: 0.011(0.01124/step) :: Entropy : 0.000 :: Grads : []
520 :: Rewards 258.450 :: steps: 1.00 :: Time: 0.011(0.01143/step) :: Entropy : 0.000 :: Grads : []
530 :: Rewards 265.366 :: steps: 1.00 :: Time: 0.011(0.01149/step) :: Entropy : 0.000 :: Grads : []
540 :: Rewards 272.143 :: steps: 1.00 :: Time: 0.012(0.01155/step) :: Entropy : 0.000 :: Grads : []
550 :: Rewards 278.837 :: steps: 1.00 :: Time: 0.012(0.01158/step) :: Entropy : 0.000 :: Grads : []
560 :: Rewards 285.430 :: steps: 1.00 :: Time: 0.012(0.01159/step) :: Entropy : 0.000 :: Grads : []
570 :: Rewards 291.870 :: steps: 1.00 :: Time: 0.012(0.01164/step) :: Entropy : 0.000 :: Grads : []
580 :: Rewards 298.272 :: steps: 1.00 :: Time: 0.012(0.01171/step) :: Entropy : 0.000 :: Grads : []
590 :: Rewards 304.480 :: steps: 1.00 :: Time: 0.012(0.01175/step) :: Entropy : 0.000 :: Grads : []
600 :: Rewards 310.596 :: steps: 1.00 :: Time: 0.012(0.01173/step) :: Entropy : 0.000 :: Grads : []
610 :: Rewards 316.554 :: steps: 1.00 :: Time: 0.012(0.01177/step) :: Entropy : 0.000 :: Grads : []
620 :: Rewards 322.370 :: steps: 1.00 :: Time: 0.012(0.01173/step) :: Entropy : 0.000 :: Grads : []
630 :: Rewards 327.980 :: steps: 1.00 :: Time: 0.012(0.01180/step) :: Entropy : 0.000 :: Grads : []
640 :: Rewards 333.454 :: steps: 1.00 :: Time: 0.012(0.01186/step) :: Entropy : 0.000 :: Grads : []
650 :: Rewards 338.782 :: steps: 1.00 :: Time: 0.012(0.01188/step) :: Entropy : 0.000 :: Grads : []
660 :: Rewards 343.947 :: steps: 1.00 :: Time: 0.012(0.01199/step) :: Entropy : 0.000 :: Grads : []
670 :: Rewards 348.933 :: steps: 1.00 :: Time: 0.012(0.01206/step) :: Entropy : 0.000 :: Grads : []
680 :: Rewards 353.735 :: steps: 1.00 :: Time: 0.012(0.01212/step) :: Entropy : 0.000 :: Grads : []
690 :: Rewards 358.332 :: steps: 1.00 :: Time: 0.012(0.01214/step) :: Entropy : 0.000 :: Grads : []
700 :: Rewards 362.721 :: steps: 1.00 :: Time: 0.012(0.01223/step) :: Entropy : 0.000 :: Grads : []
710 :: Rewards 366.934 :: steps: 1.00 :: Time: 0.012(0.01227/step) :: Entropy : 0.000 :: Grads : []
720 :: Rewards 370.937 :: steps: 1.00 :: Time: 0.012(0.01225/step) :: Entropy : 0.000 :: Grads : []
730 :: Rewards 374.658 :: steps: 1.00 :: Time: 0.012(0.01242/step) :: Entropy : 0.000 :: Grads : []
740 :: Rewards 378.202 :: steps: 1.00 :: Time: 0.012(0.01244/step) :: Entropy : 0.000 :: Grads : []
750 :: Rewards 381.483 :: steps: 1.00 :: Time: 0.013(0.01256/step) :: Entropy : 0.000 :: Grads : []
760 :: Rewards 384.519 :: steps: 1.00 :: Time: 0.013(0.01259/step) :: Entropy : 0.000 :: Grads : []
770 :: Rewards 387.351 :: steps: 1.00 :: Time: 0.013(0.01269/step) :: Entropy : 0.000 :: Grads : []
780 :: Rewards 389.959 :: steps: 1.00 :: Time: 0.013(0.01271/step) :: Entropy : 0.000 :: Grads : []
790 :: Rewards 392.324 :: steps: 1.00 :: Time: 0.013(0.01278/step) :: Entropy : 0.000 :: Grads : []
800 :: Rewards 394.458 :: steps: 1.00 :: Time: 0.013(0.01286/step) :: Entropy : 0.000 :: Grads : []
810 :: Rewards 396.272 :: steps: 1.00 :: Time: 0.013(0.01294/step) :: Entropy : 0.000 :: Grads : []
820 :: Rewards 397.899 :: steps: 1.00 :: Time: 0.013(0.01295/step) :: Entropy : 0.000 :: Grads : []
830 :: Rewards 399.227 :: steps: 1.00 :: Time: 0.013(0.01305/step) :: Entropy : 0.000 :: Grads : []
840 :: Rewards 400.329 :: steps: 1.00 :: Time: 0.013(0.01310/step) :: Entropy : 0.000 :: Grads : []
850 :: Rewards 401.175 :: steps: 1.00 :: Time: 0.013(0.01275/step) :: Entropy : 0.000 :: Grads : []
860 :: Rewards 401.786 :: steps: 1.00 :: Time: 0.013(0.01317/step) :: Entropy : 0.000 :: Grads : []
870 :: Rewards 402.107 :: steps: 1.00 :: Time: 0.013(0.01308/step) :: Entropy : 0.000 :: Grads : []
880 :: Rewards 402.203 :: steps: 1.00 :: Time: 0.013(0.01304/step) :: Entropy : 0.000 :: Grads : []
890 :: Rewards 402.020 :: steps: 1.00 :: Time: 0.013(0.01312/step) :: Entropy : 0.000 :: Grads : []
900 :: Rewards 401.499 :: steps: 1.00 :: Time: 0.013(0.01313/step) :: Entropy : 0.000 :: Grads : []
910 :: Rewards 400.826 :: steps: 1.00 :: Time: 0.013(0.01320/step) :: Entropy : 0.000 :: Grads : []
920 :: Rewards 399.823 :: steps: 1.00 :: Time: 0.013(0.01296/step) :: Entropy : 0.000 :: Grads : []
930 :: Rewards 398.615 :: steps: 1.00 :: Time: 0.013(0.01319/step) :: Entropy : 0.000 :: Grads : []
940 :: Rewards 397.187 :: steps: 1.00 :: Time: 0.013(0.01333/step) :: Entropy : 0.000 :: Grads : []
950 :: Rewards 395.474 :: steps: 1.00 :: Time: 0.013(0.01321/step) :: Entropy : 0.000 :: Grads : []
960 :: Rewards 393.514 :: steps: 1.00 :: Time: 0.013(0.01317/step) :: Entropy : 0.000 :: Grads : []
970 :: Rewards 391.338 :: steps: 1.00 :: Time: 0.013(0.01324/step) :: Entropy : 0.000 :: Grads : []
980 :: Rewards 388.883 :: steps: 1.00 :: Time: 0.013(0.01334/step) :: Entropy : 0.000 :: Grads : []
990 :: Rewards 386.198 :: steps: 1.00 :: Time: 0.013(0.01339/step) :: Entropy : 0.000 :: Grads : []
999 :: Rewards 383.577 :: steps: 0.90 :: Time: 0.012(0.01341/step) :: Entropy : 0.000 :: Grads : []
Total time taken: 10.891973733901978
