Module path:  Environments.NS_Reco NS_Reco
Dynamically loaded from:  <class 'Environments.NS_Reco.NS_Reco'>
Reward Amplitudes: [4.17022005e-01 7.20324493e-01 1.14374817e-04 3.02332573e-01
 1.46755891e-01] :: Avg 0.317309867282206 
Module path:  Src.Algorithms.ProWLS ProWLS
Dynamically loaded from:  <class 'Src.Algorithms.ProWLS.ProWLS'>
=====Configurations=====
 Namespace(NN_basis_dim='32', Policy_basis_dim='32', actor_lr=0.007650333890460954, algo_name='ProWLS', base=0, batch_size=1000, buffer_size=1000, debug=False, delta=5, entropy_lambda=0.03134205440723196, env_name='NS_Reco', experiment='NS_2r_', extrapolator_basis='Fourier', folder_suffix='Default', fourier_coupled=True, fourier_k=3, fourier_order=3, gamma=0.99, gauss_std=1.5, gpu=0, hyper='default', importance_clip=15.0, inc=1, log_output='term_file', max_episodes=1000, max_inner=50, max_steps=500, optim='rmsprop', oracle=-1, raw_basis=True, restore=False, save_count=100, save_model=True, seed=5, speed=2, state_lr=0.001, summary=True, swarm=False, timestamp='5|25|11:25:9')
Actions space: 5 :: State space: 1
State Low: tensor([0.]) :: State High: tensor([1.])
State features:  [('dummy_param', torch.Size([1]))]
Policy:  [('fc1.weight', torch.Size([5, 1])), ('fc1.bias', torch.Size([5]))]
0 :: Rewards -0.003 :: steps: 0.10 :: Time: 0.000(0.00081/step) :: Entropy : 0.000 :: Grads : []
10 :: Rewards -0.177 :: steps: 1.00 :: Time: 0.006(0.00603/step) :: Entropy : 0.000 :: Grads : []
20 :: Rewards -0.764 :: steps: 1.00 :: Time: 0.006(0.00599/step) :: Entropy : 0.000 :: Grads : []
30 :: Rewards -1.856 :: steps: 1.00 :: Time: 0.007(0.00694/step) :: Entropy : 0.000 :: Grads : []
40 :: Rewards -3.075 :: steps: 1.00 :: Time: 0.006(0.00641/step) :: Entropy : 0.000 :: Grads : []
50 :: Rewards -4.301 :: steps: 1.00 :: Time: 0.006(0.00592/step) :: Entropy : 0.000 :: Grads : []
60 :: Rewards -5.866 :: steps: 1.00 :: Time: 0.006(0.00586/step) :: Entropy : 0.000 :: Grads : []
70 :: Rewards -6.045 :: steps: 1.00 :: Time: 0.006(0.00598/step) :: Entropy : 0.000 :: Grads : []
80 :: Rewards -6.988 :: steps: 1.00 :: Time: 0.006(0.00598/step) :: Entropy : 0.000 :: Grads : []
90 :: Rewards -6.988 :: steps: 1.00 :: Time: 0.006(0.00644/step) :: Entropy : 0.000 :: Grads : []
100 :: Rewards -7.866 :: steps: 1.00 :: Time: 0.006(0.00645/step) :: Entropy : 0.000 :: Grads : []
110 :: Rewards -9.207 :: steps: 1.00 :: Time: 0.006(0.00635/step) :: Entropy : 0.000 :: Grads : []
120 :: Rewards -9.916 :: steps: 1.00 :: Time: 0.006(0.00640/step) :: Entropy : 0.000 :: Grads : []
130 :: Rewards -10.416 :: steps: 1.00 :: Time: 0.007(0.00651/step) :: Entropy : 0.000 :: Grads : []
140 :: Rewards -10.416 :: steps: 1.00 :: Time: 0.007(0.00655/step) :: Entropy : 0.000 :: Grads : []
150 :: Rewards -12.007 :: steps: 1.00 :: Time: 0.007(0.00665/step) :: Entropy : 0.000 :: Grads : []
160 :: Rewards -12.674 :: steps: 1.00 :: Time: 0.007(0.00675/step) :: Entropy : 0.000 :: Grads : []
170 :: Rewards -15.339 :: steps: 1.00 :: Time: 0.007(0.00686/step) :: Entropy : 0.000 :: Grads : []
180 :: Rewards -16.018 :: steps: 1.00 :: Time: 0.007(0.00699/step) :: Entropy : 0.000 :: Grads : []
190 :: Rewards -16.018 :: steps: 1.00 :: Time: 0.007(0.00737/step) :: Entropy : 0.000 :: Grads : []
200 :: Rewards -16.466 :: steps: 1.00 :: Time: 0.007(0.00746/step) :: Entropy : 0.000 :: Grads : []
210 :: Rewards -16.466 :: steps: 1.00 :: Time: 0.008(0.00777/step) :: Entropy : 0.000 :: Grads : []
220 :: Rewards -16.803 :: steps: 1.00 :: Time: 0.008(0.00788/step) :: Entropy : 0.000 :: Grads : []
230 :: Rewards -16.803 :: steps: 1.00 :: Time: 0.008(0.00809/step) :: Entropy : 0.000 :: Grads : []
240 :: Rewards -16.803 :: steps: 1.00 :: Time: 0.008(0.00818/step) :: Entropy : 0.000 :: Grads : []
250 :: Rewards -18.684 :: steps: 1.00 :: Time: 0.008(0.00838/step) :: Entropy : 0.000 :: Grads : []
260 :: Rewards -20.383 :: steps: 1.00 :: Time: 0.008(0.00849/step) :: Entropy : 0.000 :: Grads : []
270 :: Rewards -21.329 :: steps: 1.00 :: Time: 0.009(0.00872/step) :: Entropy : 0.000 :: Grads : []
280 :: Rewards -22.094 :: steps: 1.00 :: Time: 0.009(0.00875/step) :: Entropy : 0.000 :: Grads : []
290 :: Rewards -22.094 :: steps: 1.00 :: Time: 0.009(0.00890/step) :: Entropy : 0.000 :: Grads : []
300 :: Rewards -22.094 :: steps: 1.00 :: Time: 0.009(0.00941/step) :: Entropy : 0.000 :: Grads : []
310 :: Rewards -22.094 :: steps: 1.00 :: Time: 0.009(0.00929/step) :: Entropy : 0.000 :: Grads : []
320 :: Rewards -22.242 :: steps: 1.00 :: Time: 0.010(0.00981/step) :: Entropy : 0.000 :: Grads : []
330 :: Rewards -22.242 :: steps: 1.00 :: Time: 0.010(0.01008/step) :: Entropy : 0.000 :: Grads : []
340 :: Rewards -23.200 :: steps: 1.00 :: Time: 0.010(0.01049/step) :: Entropy : 0.000 :: Grads : []
350 :: Rewards -23.883 :: steps: 1.00 :: Time: 0.012(0.01210/step) :: Entropy : 0.000 :: Grads : []
360 :: Rewards -24.324 :: steps: 1.00 :: Time: 0.011(0.01060/step) :: Entropy : 0.000 :: Grads : []
370 :: Rewards -24.473 :: steps: 1.00 :: Time: 0.011(0.01068/step) :: Entropy : 0.000 :: Grads : []
380 :: Rewards -24.946 :: steps: 1.00 :: Time: 0.011(0.01051/step) :: Entropy : 0.000 :: Grads : []
390 :: Rewards -25.420 :: steps: 1.00 :: Time: 0.011(0.01074/step) :: Entropy : 0.000 :: Grads : []
400 :: Rewards -25.420 :: steps: 1.00 :: Time: 0.011(0.01072/step) :: Entropy : 0.000 :: Grads : []
410 :: Rewards -25.420 :: steps: 1.00 :: Time: 0.011(0.01114/step) :: Entropy : 0.000 :: Grads : []
420 :: Rewards -25.829 :: steps: 1.00 :: Time: 0.012(0.01171/step) :: Entropy : 0.000 :: Grads : []
430 :: Rewards -25.916 :: steps: 1.00 :: Time: 0.012(0.01208/step) :: Entropy : 0.000 :: Grads : []
440 :: Rewards -26.217 :: steps: 1.00 :: Time: 0.012(0.01238/step) :: Entropy : 0.000 :: Grads : []
450 :: Rewards -26.282 :: steps: 1.00 :: Time: 0.012(0.01205/step) :: Entropy : 0.000 :: Grads : []
460 :: Rewards -26.282 :: steps: 1.00 :: Time: 0.012(0.01198/step) :: Entropy : 0.000 :: Grads : []
470 :: Rewards -26.761 :: steps: 1.00 :: Time: 0.012(0.01237/step) :: Entropy : 0.000 :: Grads : []
480 :: Rewards -27.039 :: steps: 1.00 :: Time: 0.013(0.01343/step) :: Entropy : 0.000 :: Grads : []
490 :: Rewards -27.211 :: steps: 1.00 :: Time: 0.013(0.01334/step) :: Entropy : 0.000 :: Grads : []
500 :: Rewards -27.419 :: steps: 1.00 :: Time: 0.013(0.01312/step) :: Entropy : 0.000 :: Grads : []
510 :: Rewards -27.507 :: steps: 1.00 :: Time: 0.013(0.01306/step) :: Entropy : 0.000 :: Grads : []
520 :: Rewards -27.521 :: steps: 1.00 :: Time: 0.013(0.01342/step) :: Entropy : 0.000 :: Grads : []
530 :: Rewards -27.666 :: steps: 1.00 :: Time: 0.014(0.01362/step) :: Entropy : 0.000 :: Grads : []
540 :: Rewards -27.928 :: steps: 1.00 :: Time: 0.014(0.01353/step) :: Entropy : 0.000 :: Grads : []
550 :: Rewards -28.348 :: steps: 1.00 :: Time: 0.014(0.01403/step) :: Entropy : 0.000 :: Grads : []
560 :: Rewards -28.712 :: steps: 1.00 :: Time: 0.014(0.01397/step) :: Entropy : 0.000 :: Grads : []
570 :: Rewards -29.011 :: steps: 1.00 :: Time: 0.015(0.01452/step) :: Entropy : 0.000 :: Grads : []
580 :: Rewards -29.278 :: steps: 1.00 :: Time: 0.016(0.01596/step) :: Entropy : 0.000 :: Grads : []
590 :: Rewards -29.610 :: steps: 1.00 :: Time: 0.017(0.01699/step) :: Entropy : 0.000 :: Grads : []
600 :: Rewards -29.610 :: steps: 1.00 :: Time: 0.016(0.01556/step) :: Entropy : 0.000 :: Grads : []
610 :: Rewards -29.610 :: steps: 1.00 :: Time: 0.016(0.01608/step) :: Entropy : 0.000 :: Grads : []
620 :: Rewards -29.755 :: steps: 1.00 :: Time: 0.016(0.01617/step) :: Entropy : 0.000 :: Grads : []
630 :: Rewards -30.028 :: steps: 1.00 :: Time: 0.016(0.01608/step) :: Entropy : 0.000 :: Grads : []
640 :: Rewards -30.294 :: steps: 1.00 :: Time: 0.016(0.01633/step) :: Entropy : 0.000 :: Grads : []
650 :: Rewards -30.294 :: steps: 1.00 :: Time: 0.017(0.01690/step) :: Entropy : 0.000 :: Grads : []
660 :: Rewards -30.294 :: steps: 1.00 :: Time: 0.017(0.01696/step) :: Entropy : 0.000 :: Grads : []
670 :: Rewards -30.335 :: steps: 1.00 :: Time: 0.018(0.01840/step) :: Entropy : 0.000 :: Grads : []
680 :: Rewards -30.467 :: steps: 1.00 :: Time: 0.019(0.01886/step) :: Entropy : 0.000 :: Grads : []
690 :: Rewards -30.602 :: steps: 1.00 :: Time: 0.019(0.01886/step) :: Entropy : 0.000 :: Grads : []
700 :: Rewards -30.649 :: steps: 1.00 :: Time: 0.019(0.01852/step) :: Entropy : 0.000 :: Grads : []
710 :: Rewards -30.687 :: steps: 1.00 :: Time: 0.019(0.01924/step) :: Entropy : 0.000 :: Grads : []
720 :: Rewards -30.724 :: steps: 1.00 :: Time: 0.020(0.01956/step) :: Entropy : 0.000 :: Grads : []
730 :: Rewards -30.760 :: steps: 1.00 :: Time: 0.021(0.02066/step) :: Entropy : 0.000 :: Grads : []
740 :: Rewards -31.115 :: steps: 1.00 :: Time: 0.020(0.01960/step) :: Entropy : 0.000 :: Grads : []
750 :: Rewards -31.396 :: steps: 1.00 :: Time: 0.021(0.02087/step) :: Entropy : 0.000 :: Grads : []
760 :: Rewards -31.426 :: steps: 1.00 :: Time: 0.021(0.02071/step) :: Entropy : 0.000 :: Grads : []
770 :: Rewards -31.560 :: steps: 1.00 :: Time: 0.022(0.02166/step) :: Entropy : 0.000 :: Grads : []
780 :: Rewards -31.600 :: steps: 1.00 :: Time: 0.022(0.02227/step) :: Entropy : 0.000 :: Grads : []
790 :: Rewards -31.690 :: steps: 1.00 :: Time: 0.023(0.02347/step) :: Entropy : 0.000 :: Grads : []
800 :: Rewards -31.850 :: steps: 1.00 :: Time: 0.023(0.02267/step) :: Entropy : 0.000 :: Grads : []
810 :: Rewards -32.012 :: steps: 1.00 :: Time: 0.024(0.02377/step) :: Entropy : 0.000 :: Grads : []
820 :: Rewards -32.284 :: steps: 1.00 :: Time: 0.024(0.02376/step) :: Entropy : 0.000 :: Grads : []
830 :: Rewards -32.330 :: steps: 1.00 :: Time: 0.025(0.02466/step) :: Entropy : 0.000 :: Grads : []
840 :: Rewards -32.443 :: steps: 1.00 :: Time: 0.025(0.02511/step) :: Entropy : 0.000 :: Grads : []
850 :: Rewards -32.443 :: steps: 1.00 :: Time: 0.026(0.02601/step) :: Entropy : 0.000 :: Grads : []
860 :: Rewards -32.497 :: steps: 1.00 :: Time: 0.027(0.02711/step) :: Entropy : 0.000 :: Grads : []
870 :: Rewards -32.563 :: steps: 1.00 :: Time: 0.028(0.02817/step) :: Entropy : 0.000 :: Grads : []
880 :: Rewards -32.643 :: steps: 1.00 :: Time: 0.029(0.02926/step) :: Entropy : 0.000 :: Grads : []
890 :: Rewards -33.025 :: steps: 1.00 :: Time: 0.028(0.02844/step) :: Entropy : 0.000 :: Grads : []
900 :: Rewards -33.894 :: steps: 1.00 :: Time: 0.028(0.02810/step) :: Entropy : 0.000 :: Grads : []
910 :: Rewards -35.256 :: steps: 1.00 :: Time: 0.029(0.02904/step) :: Entropy : 0.000 :: Grads : []
920 :: Rewards -37.161 :: steps: 1.00 :: Time: 0.030(0.03008/step) :: Entropy : 0.000 :: Grads : []
930 :: Rewards -39.541 :: steps: 1.00 :: Time: 0.034(0.03353/step) :: Entropy : 0.000 :: Grads : []
940 :: Rewards -42.521 :: steps: 1.00 :: Time: 0.032(0.03211/step) :: Entropy : 0.000 :: Grads : []
950 :: Rewards -45.963 :: steps: 1.00 :: Time: 0.037(0.03702/step) :: Entropy : 0.000 :: Grads : []
960 :: Rewards -49.762 :: steps: 1.00 :: Time: 0.035(0.03476/step) :: Entropy : 0.000 :: Grads : []
970 :: Rewards -54.255 :: steps: 1.00 :: Time: 0.041(0.04133/step) :: Entropy : 0.000 :: Grads : []
980 :: Rewards -58.846 :: steps: 1.00 :: Time: 0.037(0.03683/step) :: Entropy : 0.000 :: Grads : []
990 :: Rewards -63.290 :: steps: 1.00 :: Time: 0.036(0.03643/step) :: Entropy : 0.000 :: Grads : []
999 :: Rewards -67.067 :: steps: 0.90 :: Time: 0.038(0.04182/step) :: Entropy : 0.000 :: Grads : []
Total time taken: 15.919313907623291
