Module path:  Environments.NS_Reco NS_Reco
Dynamically loaded from:  <class 'Environments.NS_Reco.NS_Reco'>
Reward Amplitudes: [4.17022005e-01 7.20324493e-01 1.14374817e-04 3.02332573e-01
 1.46755891e-01] :: Avg 0.317309867282206 
Module path:  Src.Algorithms.ProWLS ProWLS
Dynamically loaded from:  <class 'Src.Algorithms.ProWLS.ProWLS'>
=====Configurations=====
 Namespace(NN_basis_dim='32', Policy_basis_dim='32', actor_lr=0.00450428892499054, algo_name='ProWLS', base=0, batch_size=1000, buffer_size=1000, debug=False, delta=3, entropy_lambda=0.07518854390699839, env_name='NS_Reco', experiment='NS_3r_', extrapolator_basis='Fourier', folder_suffix='Default', fourier_coupled=True, fourier_k=5, fourier_order=3, gamma=0.99, gauss_std=1.5, gpu=0, hyper='default', importance_clip=10.0, inc=1, log_output='term_file', max_episodes=1000, max_inner=90, max_steps=500, optim='rmsprop', oracle=-1, raw_basis=True, restore=False, save_count=100, save_model=True, seed=19, speed=3, state_lr=0.001, summary=True, swarm=False, timestamp='5|25|9:49:20')
Actions space: 5 :: State space: 1
State Low: tensor([0.]) :: State High: tensor([1.])
State features:  [('dummy_param', torch.Size([1]))]
Policy:  [('fc1.weight', torch.Size([5, 1])), ('fc1.bias', torch.Size([5]))]
0 :: Rewards 0.000 :: steps: 0.10 :: Time: 0.000(0.00061/step) :: Entropy : 0.000 :: Grads : []
10 :: Rewards -0.300 :: steps: 1.00 :: Time: 0.010(0.01010/step) :: Entropy : 0.000 :: Grads : []
20 :: Rewards -0.835 :: steps: 1.00 :: Time: 0.020(0.02001/step) :: Entropy : 0.000 :: Grads : []
30 :: Rewards -1.320 :: steps: 1.00 :: Time: 0.015(0.01544/step) :: Entropy : 0.000 :: Grads : []
40 :: Rewards -2.341 :: steps: 1.00 :: Time: 0.015(0.01503/step) :: Entropy : 0.000 :: Grads : []
50 :: Rewards -3.321 :: steps: 1.00 :: Time: 0.021(0.02089/step) :: Entropy : 0.000 :: Grads : []
60 :: Rewards -3.953 :: steps: 1.00 :: Time: 0.016(0.01566/step) :: Entropy : 0.000 :: Grads : []
70 :: Rewards -5.719 :: steps: 1.00 :: Time: 0.016(0.01584/step) :: Entropy : 0.000 :: Grads : []
80 :: Rewards -6.764 :: steps: 1.00 :: Time: 0.022(0.02154/step) :: Entropy : 0.000 :: Grads : []
90 :: Rewards -7.740 :: steps: 1.00 :: Time: 0.016(0.01650/step) :: Entropy : 0.000 :: Grads : []
100 :: Rewards -8.978 :: steps: 1.00 :: Time: 0.017(0.01669/step) :: Entropy : 0.000 :: Grads : []
110 :: Rewards -10.272 :: steps: 1.00 :: Time: 0.023(0.02253/step) :: Entropy : 0.000 :: Grads : []
120 :: Rewards -12.145 :: steps: 1.00 :: Time: 0.017(0.01712/step) :: Entropy : 0.000 :: Grads : []
130 :: Rewards -13.536 :: steps: 1.00 :: Time: 0.018(0.01762/step) :: Entropy : 0.000 :: Grads : []
140 :: Rewards -15.656 :: steps: 1.00 :: Time: 0.024(0.02404/step) :: Entropy : 0.000 :: Grads : []
150 :: Rewards -16.401 :: steps: 1.00 :: Time: 0.018(0.01824/step) :: Entropy : 0.000 :: Grads : []
160 :: Rewards -17.314 :: steps: 1.00 :: Time: 0.019(0.01857/step) :: Entropy : 0.000 :: Grads : []
170 :: Rewards -17.612 :: steps: 1.00 :: Time: 0.025(0.02517/step) :: Entropy : 0.000 :: Grads : []
180 :: Rewards -17.994 :: steps: 1.00 :: Time: 0.020(0.01954/step) :: Entropy : 0.000 :: Grads : []
190 :: Rewards -18.590 :: steps: 1.00 :: Time: 0.021(0.02058/step) :: Entropy : 0.000 :: Grads : []
200 :: Rewards -20.426 :: steps: 1.00 :: Time: 0.028(0.02817/step) :: Entropy : 0.000 :: Grads : []
210 :: Rewards -21.578 :: steps: 1.00 :: Time: 0.022(0.02161/step) :: Entropy : 0.000 :: Grads : []
220 :: Rewards -22.059 :: steps: 1.00 :: Time: 0.022(0.02214/step) :: Entropy : 0.000 :: Grads : []
230 :: Rewards -23.042 :: steps: 1.00 :: Time: 0.030(0.03049/step) :: Entropy : 0.000 :: Grads : []
240 :: Rewards -23.137 :: steps: 1.00 :: Time: 0.024(0.02351/step) :: Entropy : 0.000 :: Grads : []
250 :: Rewards -23.580 :: steps: 1.00 :: Time: 0.024(0.02407/step) :: Entropy : 0.000 :: Grads : []
260 :: Rewards -23.848 :: steps: 1.00 :: Time: 0.033(0.03286/step) :: Entropy : 0.000 :: Grads : []
270 :: Rewards -24.344 :: steps: 1.00 :: Time: 0.025(0.02505/step) :: Entropy : 0.000 :: Grads : []
280 :: Rewards -24.685 :: steps: 1.00 :: Time: 0.025(0.02528/step) :: Entropy : 0.000 :: Grads : []
290 :: Rewards -24.853 :: steps: 1.00 :: Time: 0.034(0.03431/step) :: Entropy : 0.000 :: Grads : []
300 :: Rewards -25.273 :: steps: 1.00 :: Time: 0.027(0.02657/step) :: Entropy : 0.000 :: Grads : []
310 :: Rewards -25.456 :: steps: 1.00 :: Time: 0.026(0.02642/step) :: Entropy : 0.000 :: Grads : []
320 :: Rewards -26.327 :: steps: 1.00 :: Time: 0.036(0.03614/step) :: Entropy : 0.000 :: Grads : []
330 :: Rewards -26.509 :: steps: 1.00 :: Time: 0.028(0.02760/step) :: Entropy : 0.000 :: Grads : []
340 :: Rewards -27.112 :: steps: 1.00 :: Time: 0.029(0.02851/step) :: Entropy : 0.000 :: Grads : []
350 :: Rewards -28.064 :: steps: 1.00 :: Time: 0.040(0.04037/step) :: Entropy : 0.000 :: Grads : []
360 :: Rewards -28.623 :: steps: 1.00 :: Time: 0.030(0.02996/step) :: Entropy : 0.000 :: Grads : []
370 :: Rewards -29.290 :: steps: 1.00 :: Time: 0.031(0.03076/step) :: Entropy : 0.000 :: Grads : []
380 :: Rewards -30.622 :: steps: 1.00 :: Time: 0.043(0.04262/step) :: Entropy : 0.000 :: Grads : []
390 :: Rewards -31.584 :: steps: 1.00 :: Time: 0.032(0.03240/step) :: Entropy : 0.000 :: Grads : []
400 :: Rewards -32.564 :: steps: 1.00 :: Time: 0.033(0.03288/step) :: Entropy : 0.000 :: Grads : []
410 :: Rewards -34.066 :: steps: 1.00 :: Time: 0.045(0.04462/step) :: Entropy : 0.000 :: Grads : []
420 :: Rewards -34.265 :: steps: 1.00 :: Time: 0.035(0.03472/step) :: Entropy : 0.000 :: Grads : []
430 :: Rewards -34.378 :: steps: 1.00 :: Time: 0.036(0.03606/step) :: Entropy : 0.000 :: Grads : []
440 :: Rewards -35.148 :: steps: 1.00 :: Time: 0.049(0.04877/step) :: Entropy : 0.000 :: Grads : []
450 :: Rewards -35.929 :: steps: 1.00 :: Time: 0.039(0.03916/step) :: Entropy : 0.000 :: Grads : []
460 :: Rewards -36.693 :: steps: 1.00 :: Time: 0.042(0.04156/step) :: Entropy : 0.000 :: Grads : []
470 :: Rewards -36.829 :: steps: 1.00 :: Time: 0.053(0.05263/step) :: Entropy : 0.000 :: Grads : []
480 :: Rewards -37.520 :: steps: 1.00 :: Time: 0.039(0.03870/step) :: Entropy : 0.000 :: Grads : []
490 :: Rewards -37.887 :: steps: 1.00 :: Time: 0.040(0.04003/step) :: Entropy : 0.000 :: Grads : []
500 :: Rewards -38.161 :: steps: 1.00 :: Time: 0.054(0.05363/step) :: Entropy : 0.000 :: Grads : []
510 :: Rewards -38.729 :: steps: 1.00 :: Time: 0.042(0.04152/step) :: Entropy : 0.000 :: Grads : []
520 :: Rewards -39.340 :: steps: 1.00 :: Time: 0.042(0.04242/step) :: Entropy : 0.000 :: Grads : []
530 :: Rewards -40.431 :: steps: 1.00 :: Time: 0.057(0.05712/step) :: Entropy : 0.000 :: Grads : []
540 :: Rewards -40.963 :: steps: 1.00 :: Time: 0.043(0.04344/step) :: Entropy : 0.000 :: Grads : []
550 :: Rewards -41.146 :: steps: 1.00 :: Time: 0.045(0.04477/step) :: Entropy : 0.000 :: Grads : []
560 :: Rewards -42.121 :: steps: 1.00 :: Time: 0.060(0.06032/step) :: Entropy : 0.000 :: Grads : []
570 :: Rewards -42.327 :: steps: 1.00 :: Time: 0.047(0.04674/step) :: Entropy : 0.000 :: Grads : []
580 :: Rewards -43.015 :: steps: 1.00 :: Time: 0.048(0.04757/step) :: Entropy : 0.000 :: Grads : []
590 :: Rewards -43.181 :: steps: 1.00 :: Time: 0.065(0.06463/step) :: Entropy : 0.000 :: Grads : []
600 :: Rewards -44.650 :: steps: 1.00 :: Time: 0.049(0.04894/step) :: Entropy : 0.000 :: Grads : []
610 :: Rewards -45.858 :: steps: 1.00 :: Time: 0.051(0.05067/step) :: Entropy : 0.000 :: Grads : []
620 :: Rewards -46.842 :: steps: 1.00 :: Time: 0.071(0.07077/step) :: Entropy : 0.000 :: Grads : []
630 :: Rewards -47.152 :: steps: 1.00 :: Time: 0.052(0.05209/step) :: Entropy : 0.000 :: Grads : []
640 :: Rewards -48.274 :: steps: 1.00 :: Time: 0.057(0.05697/step) :: Entropy : 0.000 :: Grads : []
650 :: Rewards -48.274 :: steps: 1.00 :: Time: 0.078(0.07813/step) :: Entropy : 0.000 :: Grads : []
660 :: Rewards -49.800 :: steps: 1.00 :: Time: 0.058(0.05756/step) :: Entropy : 0.000 :: Grads : []
670 :: Rewards -50.321 :: steps: 1.00 :: Time: 0.070(0.06976/step) :: Entropy : 0.000 :: Grads : []
680 :: Rewards -50.321 :: steps: 1.00 :: Time: 0.085(0.08521/step) :: Entropy : 0.000 :: Grads : []
690 :: Rewards -50.321 :: steps: 1.00 :: Time: 0.073(0.07257/step) :: Entropy : 0.000 :: Grads : []
700 :: Rewards -50.321 :: steps: 1.00 :: Time: 0.075(0.07490/step) :: Entropy : 0.000 :: Grads : []
710 :: Rewards -51.868 :: steps: 1.00 :: Time: 0.087(0.08733/step) :: Entropy : 0.000 :: Grads : []
720 :: Rewards -52.745 :: steps: 1.00 :: Time: 0.067(0.06688/step) :: Entropy : 0.000 :: Grads : []
730 :: Rewards -54.427 :: steps: 1.00 :: Time: 0.072(0.07167/step) :: Entropy : 0.000 :: Grads : []
740 :: Rewards -56.005 :: steps: 1.00 :: Time: 0.090(0.09036/step) :: Entropy : 0.000 :: Grads : []
750 :: Rewards -56.705 :: steps: 1.00 :: Time: 0.068(0.06821/step) :: Entropy : 0.000 :: Grads : []
760 :: Rewards -56.705 :: steps: 1.00 :: Time: 0.070(0.06998/step) :: Entropy : 0.000 :: Grads : []
770 :: Rewards -57.375 :: steps: 1.00 :: Time: 0.096(0.09552/step) :: Entropy : 0.000 :: Grads : []
780 :: Rewards -58.168 :: steps: 1.00 :: Time: 0.078(0.07817/step) :: Entropy : 0.000 :: Grads : []
790 :: Rewards -59.269 :: steps: 1.00 :: Time: 0.077(0.07662/step) :: Entropy : 0.000 :: Grads : []
800 :: Rewards -60.212 :: steps: 1.00 :: Time: 0.101(0.10126/step) :: Entropy : 0.000 :: Grads : []
810 :: Rewards -61.075 :: steps: 1.00 :: Time: 0.078(0.07773/step) :: Entropy : 0.000 :: Grads : []
820 :: Rewards -62.257 :: steps: 1.00 :: Time: 0.078(0.07845/step) :: Entropy : 0.000 :: Grads : []
830 :: Rewards -62.815 :: steps: 1.00 :: Time: 0.108(0.10804/step) :: Entropy : 0.000 :: Grads : []
840 :: Rewards -63.477 :: steps: 1.00 :: Time: 0.084(0.08433/step) :: Entropy : 0.000 :: Grads : []
850 :: Rewards -63.896 :: steps: 1.00 :: Time: 0.093(0.09335/step) :: Entropy : 0.000 :: Grads : []
860 :: Rewards -64.452 :: steps: 1.00 :: Time: 0.128(0.12755/step) :: Entropy : 0.000 :: Grads : []
870 :: Rewards -65.331 :: steps: 1.00 :: Time: 0.091(0.09084/step) :: Entropy : 0.000 :: Grads : []
880 :: Rewards -66.256 :: steps: 1.00 :: Time: 0.090(0.09013/step) :: Entropy : 0.000 :: Grads : []
890 :: Rewards -66.807 :: steps: 1.00 :: Time: 0.128(0.12791/step) :: Entropy : 0.000 :: Grads : []
900 :: Rewards -67.025 :: steps: 1.00 :: Time: 0.098(0.09812/step) :: Entropy : 0.000 :: Grads : []
910 :: Rewards -67.025 :: steps: 1.00 :: Time: 0.097(0.09750/step) :: Entropy : 0.000 :: Grads : []
920 :: Rewards -67.025 :: steps: 1.00 :: Time: 0.130(0.13040/step) :: Entropy : 0.000 :: Grads : []
930 :: Rewards -67.151 :: steps: 1.00 :: Time: 0.104(0.10354/step) :: Entropy : 0.000 :: Grads : []
940 :: Rewards -67.801 :: steps: 1.00 :: Time: 0.104(0.10426/step) :: Entropy : 0.000 :: Grads : []
950 :: Rewards -67.801 :: steps: 1.00 :: Time: 0.142(0.14152/step) :: Entropy : 0.000 :: Grads : []
960 :: Rewards -68.461 :: steps: 1.00 :: Time: 0.107(0.10726/step) :: Entropy : 0.000 :: Grads : []
970 :: Rewards -69.003 :: steps: 1.00 :: Time: 0.111(0.11071/step) :: Entropy : 0.000 :: Grads : []
980 :: Rewards -70.191 :: steps: 1.00 :: Time: 0.150(0.15020/step) :: Entropy : 0.000 :: Grads : []
990 :: Rewards -70.702 :: steps: 1.00 :: Time: 0.119(0.11866/step) :: Entropy : 0.000 :: Grads : []
999 :: Rewards -70.912 :: steps: 0.90 :: Time: 0.118(0.13142/step) :: Entropy : 0.000 :: Grads : []
Total time taken: 55.40681600570679
