Module path:  Environments.NS_Reco NS_Reco
Dynamically loaded from:  <class 'Environments.NS_Reco.NS_Reco'>
Reward Amplitudes: [4.17022005e-01 7.20324493e-01 1.14374817e-04 3.02332573e-01
 1.46755891e-01] :: Avg 0.317309867282206 
Module path:  Src.Algorithms.ProOLS ProOLS
Dynamically loaded from:  <class 'Src.Algorithms.ProOLS.ProOLS'>
=====Configurations=====
 Namespace(NN_basis_dim='32', Policy_basis_dim='32', actor_lr=0.0045712864064011045, algo_name='ProOLS', base=0, batch_size=1000, buffer_size=1000, debug=False, delta=3, entropy_lambda=0.04318892012402085, env_name='NS_Reco', experiment='NS_1_', extrapolator_basis='Fourier', folder_suffix='Default', fourier_coupled=True, fourier_k=5, fourier_order=3, gamma=0.99, gauss_std=1.5, gpu=0, hyper='default', importance_clip=5.0, inc=1, log_output='term_file', max_episodes=1000, max_inner=60, max_steps=500, optim='rmsprop', oracle=-1, raw_basis=True, restore=False, save_count=100, save_model=True, seed=3, speed=1, state_lr=0.001, summary=True, swarm=False, timestamp='5|24|21:19:51')
Actions space: 5 :: State space: 1
State Low: tensor([0.]) :: State High: tensor([1.])
State features:  [('dummy_param', torch.Size([1]))]
Policy:  [('fc1.weight', torch.Size([5, 1])), ('fc1.bias', torch.Size([5]))]
0 :: Rewards 0.000 :: steps: 0.10 :: Time: 0.000(0.00053/step) :: Entropy : 0.000 :: Grads : []
10 :: Rewards 0.076 :: steps: 1.00 :: Time: 0.005(0.00508/step) :: Entropy : 0.000 :: Grads : []
20 :: Rewards 0.258 :: steps: 1.00 :: Time: 0.010(0.00977/step) :: Entropy : 0.000 :: Grads : []
30 :: Rewards 0.480 :: steps: 1.00 :: Time: 0.008(0.00754/step) :: Entropy : 0.000 :: Grads : []
40 :: Rewards 1.081 :: steps: 1.00 :: Time: 0.007(0.00728/step) :: Entropy : 0.000 :: Grads : []
50 :: Rewards 1.656 :: steps: 1.00 :: Time: 0.010(0.00985/step) :: Entropy : 0.000 :: Grads : []
60 :: Rewards 2.542 :: steps: 1.00 :: Time: 0.007(0.00740/step) :: Entropy : 0.000 :: Grads : []
70 :: Rewards 3.970 :: steps: 1.00 :: Time: 0.007(0.00749/step) :: Entropy : 0.000 :: Grads : []
80 :: Rewards 5.661 :: steps: 1.00 :: Time: 0.010(0.01003/step) :: Entropy : 0.000 :: Grads : []
90 :: Rewards 7.490 :: steps: 1.00 :: Time: 0.008(0.00762/step) :: Entropy : 0.000 :: Grads : []
100 :: Rewards 9.913 :: steps: 1.00 :: Time: 0.008(0.00766/step) :: Entropy : 0.000 :: Grads : []
110 :: Rewards 12.390 :: steps: 1.00 :: Time: 0.010(0.01027/step) :: Entropy : 0.000 :: Grads : []
120 :: Rewards 14.470 :: steps: 1.00 :: Time: 0.008(0.00779/step) :: Entropy : 0.000 :: Grads : []
130 :: Rewards 17.414 :: steps: 1.00 :: Time: 0.008(0.00791/step) :: Entropy : 0.000 :: Grads : []
140 :: Rewards 20.503 :: steps: 1.00 :: Time: 0.011(0.01057/step) :: Entropy : 0.000 :: Grads : []
150 :: Rewards 24.085 :: steps: 1.00 :: Time: 0.008(0.00803/step) :: Entropy : 0.000 :: Grads : []
160 :: Rewards 27.881 :: steps: 1.00 :: Time: 0.008(0.00809/step) :: Entropy : 0.000 :: Grads : []
170 :: Rewards 31.869 :: steps: 1.00 :: Time: 0.011(0.01080/step) :: Entropy : 0.000 :: Grads : []
180 :: Rewards 36.094 :: steps: 1.00 :: Time: 0.008(0.00820/step) :: Entropy : 0.000 :: Grads : []
190 :: Rewards 40.510 :: steps: 1.00 :: Time: 0.008(0.00826/step) :: Entropy : 0.000 :: Grads : []
200 :: Rewards 45.129 :: steps: 1.00 :: Time: 0.011(0.01105/step) :: Entropy : 0.000 :: Grads : []
210 :: Rewards 49.944 :: steps: 1.00 :: Time: 0.008(0.00839/step) :: Entropy : 0.000 :: Grads : []
220 :: Rewards 54.963 :: steps: 1.00 :: Time: 0.008(0.00844/step) :: Entropy : 0.000 :: Grads : []
230 :: Rewards 60.177 :: steps: 1.00 :: Time: 0.011(0.01129/step) :: Entropy : 0.000 :: Grads : []
240 :: Rewards 65.558 :: steps: 1.00 :: Time: 0.009(0.00856/step) :: Entropy : 0.000 :: Grads : []
250 :: Rewards 71.091 :: steps: 1.00 :: Time: 0.009(0.00859/step) :: Entropy : 0.000 :: Grads : []
260 :: Rewards 76.785 :: steps: 1.00 :: Time: 0.012(0.01173/step) :: Entropy : 0.000 :: Grads : []
270 :: Rewards 82.637 :: steps: 1.00 :: Time: 0.009(0.00891/step) :: Entropy : 0.000 :: Grads : []
280 :: Rewards 88.658 :: steps: 1.00 :: Time: 0.009(0.00896/step) :: Entropy : 0.000 :: Grads : []
290 :: Rewards 94.820 :: steps: 1.00 :: Time: 0.012(0.01189/step) :: Entropy : 0.000 :: Grads : []
300 :: Rewards 101.108 :: steps: 1.00 :: Time: 0.009(0.00899/step) :: Entropy : 0.000 :: Grads : []
310 :: Rewards 107.464 :: steps: 1.00 :: Time: 0.009(0.00917/step) :: Entropy : 0.000 :: Grads : []
320 :: Rewards 113.953 :: steps: 1.00 :: Time: 0.012(0.01221/step) :: Entropy : 0.000 :: Grads : []
330 :: Rewards 120.571 :: steps: 1.00 :: Time: 0.009(0.00936/step) :: Entropy : 0.000 :: Grads : []
340 :: Rewards 127.282 :: steps: 1.00 :: Time: 0.009(0.00943/step) :: Entropy : 0.000 :: Grads : []
350 :: Rewards 134.068 :: steps: 1.00 :: Time: 0.013(0.01273/step) :: Entropy : 0.000 :: Grads : []
360 :: Rewards 140.927 :: steps: 1.00 :: Time: 0.010(0.00971/step) :: Entropy : 0.000 :: Grads : []
370 :: Rewards 147.887 :: steps: 1.00 :: Time: 0.010(0.00977/step) :: Entropy : 0.000 :: Grads : []
380 :: Rewards 154.909 :: steps: 1.00 :: Time: 0.013(0.01307/step) :: Entropy : 0.000 :: Grads : []
390 :: Rewards 161.994 :: steps: 1.00 :: Time: 0.010(0.00991/step) :: Entropy : 0.000 :: Grads : []
400 :: Rewards 169.136 :: steps: 1.00 :: Time: 0.010(0.00997/step) :: Entropy : 0.000 :: Grads : []
410 :: Rewards 176.282 :: steps: 1.00 :: Time: 0.013(0.01342/step) :: Entropy : 0.000 :: Grads : []
420 :: Rewards 183.464 :: steps: 1.00 :: Time: 0.010(0.01038/step) :: Entropy : 0.000 :: Grads : []
430 :: Rewards 190.667 :: steps: 1.00 :: Time: 0.010(0.01043/step) :: Entropy : 0.000 :: Grads : []
440 :: Rewards 197.872 :: steps: 1.00 :: Time: 0.014(0.01388/step) :: Entropy : 0.000 :: Grads : []
450 :: Rewards 205.070 :: steps: 1.00 :: Time: 0.011(0.01051/step) :: Entropy : 0.000 :: Grads : []
460 :: Rewards 212.274 :: steps: 1.00 :: Time: 0.011(0.01053/step) :: Entropy : 0.000 :: Grads : []
470 :: Rewards 219.460 :: steps: 1.00 :: Time: 0.014(0.01406/step) :: Entropy : 0.000 :: Grads : []
480 :: Rewards 226.624 :: steps: 1.00 :: Time: 0.011(0.01064/step) :: Entropy : 0.000 :: Grads : []
490 :: Rewards 233.746 :: steps: 1.00 :: Time: 0.011(0.01068/step) :: Entropy : 0.000 :: Grads : []
500 :: Rewards 240.808 :: steps: 1.00 :: Time: 0.014(0.01424/step) :: Entropy : 0.000 :: Grads : []
510 :: Rewards 247.831 :: steps: 1.00 :: Time: 0.011(0.01075/step) :: Entropy : 0.000 :: Grads : []
520 :: Rewards 254.775 :: steps: 1.00 :: Time: 0.011(0.01096/step) :: Entropy : 0.000 :: Grads : []
530 :: Rewards 261.651 :: steps: 1.00 :: Time: 0.019(0.01881/step) :: Entropy : 0.000 :: Grads : []
540 :: Rewards 268.451 :: steps: 1.00 :: Time: 0.012(0.01202/step) :: Entropy : 0.000 :: Grads : []
550 :: Rewards 275.146 :: steps: 1.00 :: Time: 0.011(0.01111/step) :: Entropy : 0.000 :: Grads : []
560 :: Rewards 281.703 :: steps: 1.00 :: Time: 0.015(0.01476/step) :: Entropy : 0.000 :: Grads : []
570 :: Rewards 288.178 :: steps: 1.00 :: Time: 0.011(0.01113/step) :: Entropy : 0.000 :: Grads : []
580 :: Rewards 294.528 :: steps: 1.00 :: Time: 0.011(0.01120/step) :: Entropy : 0.000 :: Grads : []
590 :: Rewards 300.791 :: steps: 1.00 :: Time: 0.015(0.01493/step) :: Entropy : 0.000 :: Grads : []
600 :: Rewards 306.891 :: steps: 1.00 :: Time: 0.011(0.01129/step) :: Entropy : 0.000 :: Grads : []
610 :: Rewards 312.800 :: steps: 1.00 :: Time: 0.011(0.01126/step) :: Entropy : 0.000 :: Grads : []
620 :: Rewards 318.621 :: steps: 1.00 :: Time: 0.015(0.01498/step) :: Entropy : 0.000 :: Grads : []
630 :: Rewards 324.246 :: steps: 1.00 :: Time: 0.011(0.01127/step) :: Entropy : 0.000 :: Grads : []
640 :: Rewards 329.760 :: steps: 1.00 :: Time: 0.011(0.01137/step) :: Entropy : 0.000 :: Grads : []
650 :: Rewards 335.065 :: steps: 1.00 :: Time: 0.015(0.01517/step) :: Entropy : 0.000 :: Grads : []
660 :: Rewards 340.171 :: steps: 1.00 :: Time: 0.011(0.01149/step) :: Entropy : 0.000 :: Grads : []
670 :: Rewards 345.127 :: steps: 1.00 :: Time: 0.012(0.01158/step) :: Entropy : 0.000 :: Grads : []
680 :: Rewards 349.916 :: steps: 1.00 :: Time: 0.015(0.01540/step) :: Entropy : 0.000 :: Grads : []
690 :: Rewards 354.492 :: steps: 1.00 :: Time: 0.012(0.01178/step) :: Entropy : 0.000 :: Grads : []
700 :: Rewards 358.904 :: steps: 1.00 :: Time: 0.012(0.01172/step) :: Entropy : 0.000 :: Grads : []
710 :: Rewards 363.115 :: steps: 1.00 :: Time: 0.016(0.01563/step) :: Entropy : 0.000 :: Grads : []
720 :: Rewards 367.080 :: steps: 1.00 :: Time: 0.012(0.01178/step) :: Entropy : 0.000 :: Grads : []
730 :: Rewards 370.819 :: steps: 1.00 :: Time: 0.012(0.01187/step) :: Entropy : 0.000 :: Grads : []
740 :: Rewards 374.337 :: steps: 1.00 :: Time: 0.016(0.01583/step) :: Entropy : 0.000 :: Grads : []
750 :: Rewards 377.618 :: steps: 1.00 :: Time: 0.012(0.01197/step) :: Entropy : 0.000 :: Grads : []
760 :: Rewards 380.692 :: steps: 1.00 :: Time: 0.012(0.01200/step) :: Entropy : 0.000 :: Grads : []
770 :: Rewards 383.504 :: steps: 1.00 :: Time: 0.016(0.01607/step) :: Entropy : 0.000 :: Grads : []
780 :: Rewards 386.093 :: steps: 1.00 :: Time: 0.012(0.01226/step) :: Entropy : 0.000 :: Grads : []
790 :: Rewards 388.436 :: steps: 1.00 :: Time: 0.012(0.01227/step) :: Entropy : 0.000 :: Grads : []
800 :: Rewards 390.537 :: steps: 1.00 :: Time: 0.016(0.01635/step) :: Entropy : 0.000 :: Grads : []
810 :: Rewards 392.409 :: steps: 1.00 :: Time: 0.012(0.01232/step) :: Entropy : 0.000 :: Grads : []
820 :: Rewards 393.998 :: steps: 1.00 :: Time: 0.012(0.01237/step) :: Entropy : 0.000 :: Grads : []
830 :: Rewards 395.582 :: steps: 1.00 :: Time: 0.017(0.01653/step) :: Entropy : 0.000 :: Grads : []
840 :: Rewards 397.217 :: steps: 1.00 :: Time: 0.012(0.01244/step) :: Entropy : 0.000 :: Grads : []
850 :: Rewards 399.380 :: steps: 1.00 :: Time: 0.013(0.01252/step) :: Entropy : 0.000 :: Grads : []
860 :: Rewards 401.508 :: steps: 1.00 :: Time: 0.017(0.01669/step) :: Entropy : 0.000 :: Grads : []
870 :: Rewards 404.195 :: steps: 1.00 :: Time: 0.013(0.01252/step) :: Entropy : 0.000 :: Grads : []
880 :: Rewards 406.838 :: steps: 1.00 :: Time: 0.013(0.01258/step) :: Entropy : 0.000 :: Grads : []
890 :: Rewards 409.553 :: steps: 1.00 :: Time: 0.017(0.01675/step) :: Entropy : 0.000 :: Grads : []
900 :: Rewards 412.186 :: steps: 1.00 :: Time: 0.013(0.01262/step) :: Entropy : 0.000 :: Grads : []
910 :: Rewards 414.552 :: steps: 1.00 :: Time: 0.013(0.01265/step) :: Entropy : 0.000 :: Grads : []
920 :: Rewards 416.928 :: steps: 1.00 :: Time: 0.017(0.01679/step) :: Entropy : 0.000 :: Grads : []
930 :: Rewards 419.110 :: steps: 1.00 :: Time: 0.013(0.01265/step) :: Entropy : 0.000 :: Grads : []
940 :: Rewards 421.257 :: steps: 1.00 :: Time: 0.013(0.01271/step) :: Entropy : 0.000 :: Grads : []
950 :: Rewards 423.423 :: steps: 1.00 :: Time: 0.017(0.01689/step) :: Entropy : 0.000 :: Grads : []
960 :: Rewards 425.376 :: steps: 1.00 :: Time: 0.015(0.01453/step) :: Entropy : 0.000 :: Grads : []
970 :: Rewards 427.241 :: steps: 1.00 :: Time: 0.013(0.01275/step) :: Entropy : 0.000 :: Grads : []
980 :: Rewards 429.001 :: steps: 1.00 :: Time: 0.017(0.01698/step) :: Entropy : 0.000 :: Grads : []
990 :: Rewards 430.635 :: steps: 1.00 :: Time: 0.013(0.01281/step) :: Entropy : 0.000 :: Grads : []
999 :: Rewards 432.063 :: steps: 0.90 :: Time: 0.013(0.01426/step) :: Entropy : 0.000 :: Grads : []
Total time taken: 11.64487910270691
