Module path:  Environments.NS_Reco NS_Reco
Dynamically loaded from:  <class 'Environments.NS_Reco.NS_Reco'>
Reward Amplitudes: [4.17022005e-01 7.20324493e-01 1.14374817e-04 3.02332573e-01
 1.46755891e-01] :: Avg 0.317309867282206 
Module path:  Src.Algorithms.ProWLS ProWLS
Dynamically loaded from:  <class 'Src.Algorithms.ProWLS.ProWLS'>
=====Configurations=====
 Namespace(NN_basis_dim='32', Policy_basis_dim='32', actor_lr=0.004415491219348583, algo_name='ProWLS', base=0, batch_size=1000, buffer_size=1000, debug=False, delta=1, entropy_lambda=0.0010074417839719013, env_name='NS_Reco', experiment='NS_0_', extrapolator_basis='Fourier', folder_suffix='Default', fourier_coupled=True, fourier_k=3, fourier_order=3, gamma=0.99, gauss_std=1.5, gpu=0, hyper='default', importance_clip=5.0, inc=1, log_output='term_file', max_episodes=1000, max_inner=20, max_steps=500, optim='rmsprop', oracle=-1, raw_basis=True, restore=False, save_count=100, save_model=True, seed=26, speed=0, state_lr=0.001, summary=True, swarm=False, timestamp='5|24|20:26:30')
Actions space: 5 :: State space: 1
State Low: tensor([0.]) :: State High: tensor([1.])
State features:  [('dummy_param', torch.Size([1]))]
Policy:  [('fc1.weight', torch.Size([5, 1])), ('fc1.bias', torch.Size([5]))]
0 :: Rewards 0.721 :: steps: 0.10 :: Time: 0.000(0.00060/step) :: Entropy : 0.000 :: Grads : []
10 :: Rewards 3.583 :: steps: 1.00 :: Time: 0.009(0.00921/step) :: Entropy : 0.000 :: Grads : []
20 :: Rewards 7.288 :: steps: 1.00 :: Time: 0.011(0.01124/step) :: Entropy : 0.000 :: Grads : []
30 :: Rewards 12.772 :: steps: 1.00 :: Time: 0.011(0.01147/step) :: Entropy : 0.000 :: Grads : []
40 :: Rewards 19.145 :: steps: 1.00 :: Time: 0.011(0.01119/step) :: Entropy : 0.000 :: Grads : []
50 :: Rewards 25.457 :: steps: 1.00 :: Time: 0.011(0.01129/step) :: Entropy : 0.000 :: Grads : []
60 :: Rewards 31.342 :: steps: 1.00 :: Time: 0.011(0.01136/step) :: Entropy : 0.000 :: Grads : []
70 :: Rewards 38.226 :: steps: 1.00 :: Time: 0.012(0.01153/step) :: Entropy : 0.000 :: Grads : []
80 :: Rewards 45.477 :: steps: 1.00 :: Time: 0.012(0.01167/step) :: Entropy : 0.000 :: Grads : []
90 :: Rewards 52.725 :: steps: 1.00 :: Time: 0.012(0.01185/step) :: Entropy : 0.000 :: Grads : []
100 :: Rewards 59.952 :: steps: 1.00 :: Time: 0.012(0.01192/step) :: Entropy : 0.000 :: Grads : []
110 :: Rewards 65.854 :: steps: 1.00 :: Time: 0.012(0.01210/step) :: Entropy : 0.000 :: Grads : []
120 :: Rewards 72.104 :: steps: 1.00 :: Time: 0.012(0.01228/step) :: Entropy : 0.000 :: Grads : []
130 :: Rewards 79.311 :: steps: 1.00 :: Time: 0.012(0.01250/step) :: Entropy : 0.000 :: Grads : []
140 :: Rewards 86.218 :: steps: 1.00 :: Time: 0.013(0.01271/step) :: Entropy : 0.000 :: Grads : []
150 :: Rewards 93.149 :: steps: 1.00 :: Time: 0.013(0.01290/step) :: Entropy : 0.000 :: Grads : []
160 :: Rewards 100.331 :: steps: 1.00 :: Time: 0.013(0.01311/step) :: Entropy : 0.000 :: Grads : []
170 :: Rewards 107.096 :: steps: 1.00 :: Time: 0.013(0.01337/step) :: Entropy : 0.000 :: Grads : []
180 :: Rewards 112.850 :: steps: 1.00 :: Time: 0.014(0.01359/step) :: Entropy : 0.000 :: Grads : []
190 :: Rewards 120.064 :: steps: 1.00 :: Time: 0.014(0.01434/step) :: Entropy : 0.000 :: Grads : []
200 :: Rewards 127.267 :: steps: 1.00 :: Time: 0.015(0.01455/step) :: Entropy : 0.000 :: Grads : []
210 :: Rewards 134.120 :: steps: 1.00 :: Time: 0.015(0.01508/step) :: Entropy : 0.000 :: Grads : []
220 :: Rewards 141.287 :: steps: 1.00 :: Time: 0.016(0.01596/step) :: Entropy : 0.000 :: Grads : []
230 :: Rewards 148.488 :: steps: 1.00 :: Time: 0.016(0.01578/step) :: Entropy : 0.000 :: Grads : []
240 :: Rewards 155.702 :: steps: 1.00 :: Time: 0.016(0.01613/step) :: Entropy : 0.000 :: Grads : []
250 :: Rewards 162.912 :: steps: 1.00 :: Time: 0.016(0.01641/step) :: Entropy : 0.000 :: Grads : []
260 :: Rewards 170.113 :: steps: 1.00 :: Time: 0.017(0.01673/step) :: Entropy : 0.000 :: Grads : []
270 :: Rewards 175.016 :: steps: 1.00 :: Time: 0.017(0.01704/step) :: Entropy : 0.000 :: Grads : []
280 :: Rewards 181.641 :: steps: 1.00 :: Time: 0.017(0.01723/step) :: Entropy : 0.000 :: Grads : []
290 :: Rewards 188.878 :: steps: 1.00 :: Time: 0.017(0.01741/step) :: Entropy : 0.000 :: Grads : []
300 :: Rewards 194.647 :: steps: 1.00 :: Time: 0.017(0.01749/step) :: Entropy : 0.000 :: Grads : []
310 :: Rewards 201.870 :: steps: 1.00 :: Time: 0.018(0.01771/step) :: Entropy : 0.000 :: Grads : []
320 :: Rewards 209.061 :: steps: 1.00 :: Time: 0.018(0.01812/step) :: Entropy : 0.000 :: Grads : []
330 :: Rewards 215.698 :: steps: 1.00 :: Time: 0.018(0.01846/step) :: Entropy : 0.000 :: Grads : []
340 :: Rewards 222.876 :: steps: 1.00 :: Time: 0.019(0.01887/step) :: Entropy : 0.000 :: Grads : []
350 :: Rewards 230.053 :: steps: 1.00 :: Time: 0.019(0.01909/step) :: Entropy : 0.000 :: Grads : []
360 :: Rewards 237.275 :: steps: 1.00 :: Time: 0.019(0.01946/step) :: Entropy : 0.000 :: Grads : []
370 :: Rewards 244.455 :: steps: 1.00 :: Time: 0.020(0.01992/step) :: Entropy : 0.000 :: Grads : []
380 :: Rewards 251.681 :: steps: 1.00 :: Time: 0.020(0.02025/step) :: Entropy : 0.000 :: Grads : []
390 :: Rewards 258.583 :: steps: 1.00 :: Time: 0.021(0.02070/step) :: Entropy : 0.000 :: Grads : []
400 :: Rewards 264.677 :: steps: 1.00 :: Time: 0.021(0.02091/step) :: Entropy : 0.000 :: Grads : []
410 :: Rewards 270.854 :: steps: 1.00 :: Time: 0.021(0.02129/step) :: Entropy : 0.000 :: Grads : []
420 :: Rewards 278.093 :: steps: 1.00 :: Time: 0.022(0.02185/step) :: Entropy : 0.000 :: Grads : []
430 :: Rewards 285.292 :: steps: 1.00 :: Time: 0.022(0.02213/step) :: Entropy : 0.000 :: Grads : []
440 :: Rewards 292.479 :: steps: 1.00 :: Time: 0.022(0.02244/step) :: Entropy : 0.000 :: Grads : []
450 :: Rewards 299.677 :: steps: 1.00 :: Time: 0.023(0.02287/step) :: Entropy : 0.000 :: Grads : []
460 :: Rewards 306.876 :: steps: 1.00 :: Time: 0.023(0.02323/step) :: Entropy : 0.000 :: Grads : []
470 :: Rewards 314.090 :: steps: 1.00 :: Time: 0.024(0.02376/step) :: Entropy : 0.000 :: Grads : []
480 :: Rewards 321.266 :: steps: 1.00 :: Time: 0.024(0.02406/step) :: Entropy : 0.000 :: Grads : []
490 :: Rewards 328.471 :: steps: 1.00 :: Time: 0.024(0.02443/step) :: Entropy : 0.000 :: Grads : []
500 :: Rewards 335.657 :: steps: 1.00 :: Time: 0.025(0.02476/step) :: Entropy : 0.000 :: Grads : []
510 :: Rewards 342.878 :: steps: 1.00 :: Time: 0.025(0.02531/step) :: Entropy : 0.000 :: Grads : []
520 :: Rewards 350.084 :: steps: 1.00 :: Time: 0.026(0.02584/step) :: Entropy : 0.000 :: Grads : []
530 :: Rewards 357.311 :: steps: 1.00 :: Time: 0.026(0.02632/step) :: Entropy : 0.000 :: Grads : []
540 :: Rewards 364.511 :: steps: 1.00 :: Time: 0.027(0.02652/step) :: Entropy : 0.000 :: Grads : []
550 :: Rewards 371.733 :: steps: 1.00 :: Time: 0.027(0.02715/step) :: Entropy : 0.000 :: Grads : []
560 :: Rewards 378.948 :: steps: 1.00 :: Time: 0.028(0.02754/step) :: Entropy : 0.000 :: Grads : []
570 :: Rewards 386.156 :: steps: 1.00 :: Time: 0.028(0.02830/step) :: Entropy : 0.000 :: Grads : []
580 :: Rewards 393.391 :: steps: 1.00 :: Time: 0.029(0.02886/step) :: Entropy : 0.000 :: Grads : []
590 :: Rewards 400.583 :: steps: 1.00 :: Time: 0.029(0.02946/step) :: Entropy : 0.000 :: Grads : []
600 :: Rewards 407.756 :: steps: 1.00 :: Time: 0.030(0.02990/step) :: Entropy : 0.000 :: Grads : []
610 :: Rewards 414.974 :: steps: 1.00 :: Time: 0.030(0.03043/step) :: Entropy : 0.000 :: Grads : []
620 :: Rewards 422.197 :: steps: 1.00 :: Time: 0.031(0.03105/step) :: Entropy : 0.000 :: Grads : []
630 :: Rewards 429.397 :: steps: 1.00 :: Time: 0.032(0.03217/step) :: Entropy : 0.000 :: Grads : []
640 :: Rewards 436.607 :: steps: 1.00 :: Time: 0.032(0.03196/step) :: Entropy : 0.000 :: Grads : []
650 :: Rewards 443.818 :: steps: 1.00 :: Time: 0.033(0.03273/step) :: Entropy : 0.000 :: Grads : []
660 :: Rewards 451.012 :: steps: 1.00 :: Time: 0.033(0.03339/step) :: Entropy : 0.000 :: Grads : []
670 :: Rewards 458.233 :: steps: 1.00 :: Time: 0.034(0.03358/step) :: Entropy : 0.000 :: Grads : []
680 :: Rewards 465.461 :: steps: 1.00 :: Time: 0.035(0.03481/step) :: Entropy : 0.000 :: Grads : []
690 :: Rewards 472.682 :: steps: 1.00 :: Time: 0.039(0.03858/step) :: Entropy : 0.000 :: Grads : []
700 :: Rewards 479.909 :: steps: 1.00 :: Time: 0.036(0.03633/step) :: Entropy : 0.000 :: Grads : []
710 :: Rewards 487.171 :: steps: 1.00 :: Time: 0.037(0.03710/step) :: Entropy : 0.000 :: Grads : []
720 :: Rewards 494.383 :: steps: 1.00 :: Time: 0.038(0.03781/step) :: Entropy : 0.000 :: Grads : []
730 :: Rewards 501.575 :: steps: 1.00 :: Time: 0.039(0.03853/step) :: Entropy : 0.000 :: Grads : []
740 :: Rewards 508.806 :: steps: 1.00 :: Time: 0.039(0.03918/step) :: Entropy : 0.000 :: Grads : []
750 :: Rewards 515.984 :: steps: 1.00 :: Time: 0.040(0.04034/step) :: Entropy : 0.000 :: Grads : []
760 :: Rewards 523.194 :: steps: 1.00 :: Time: 0.041(0.04122/step) :: Entropy : 0.000 :: Grads : []
770 :: Rewards 530.429 :: steps: 1.00 :: Time: 0.042(0.04219/step) :: Entropy : 0.000 :: Grads : []
780 :: Rewards 537.581 :: steps: 1.00 :: Time: 0.043(0.04255/step) :: Entropy : 0.000 :: Grads : []
790 :: Rewards 544.745 :: steps: 1.00 :: Time: 0.043(0.04323/step) :: Entropy : 0.000 :: Grads : []
800 :: Rewards 551.940 :: steps: 1.00 :: Time: 0.044(0.04419/step) :: Entropy : 0.000 :: Grads : []
810 :: Rewards 559.119 :: steps: 1.00 :: Time: 0.045(0.04538/step) :: Entropy : 0.000 :: Grads : []
820 :: Rewards 566.335 :: steps: 1.00 :: Time: 0.046(0.04637/step) :: Entropy : 0.000 :: Grads : []
830 :: Rewards 573.515 :: steps: 1.00 :: Time: 0.047(0.04736/step) :: Entropy : 0.000 :: Grads : []
840 :: Rewards 580.686 :: steps: 1.00 :: Time: 0.049(0.04875/step) :: Entropy : 0.000 :: Grads : []
850 :: Rewards 587.854 :: steps: 1.00 :: Time: 0.049(0.04927/step) :: Entropy : 0.000 :: Grads : []
860 :: Rewards 595.061 :: steps: 1.00 :: Time: 0.050(0.05034/step) :: Entropy : 0.000 :: Grads : []
870 :: Rewards 602.265 :: steps: 1.00 :: Time: 0.051(0.05133/step) :: Entropy : 0.000 :: Grads : []
880 :: Rewards 609.476 :: steps: 1.00 :: Time: 0.054(0.05354/step) :: Entropy : 0.000 :: Grads : []
890 :: Rewards 616.680 :: steps: 1.00 :: Time: 0.054(0.05393/step) :: Entropy : 0.000 :: Grads : []
900 :: Rewards 623.895 :: steps: 1.00 :: Time: 0.055(0.05522/step) :: Entropy : 0.000 :: Grads : []
910 :: Rewards 631.127 :: steps: 1.00 :: Time: 0.058(0.05758/step) :: Entropy : 0.000 :: Grads : []
920 :: Rewards 638.289 :: steps: 1.00 :: Time: 0.058(0.05840/step) :: Entropy : 0.000 :: Grads : []
930 :: Rewards 645.501 :: steps: 1.00 :: Time: 0.059(0.05874/step) :: Entropy : 0.000 :: Grads : []
940 :: Rewards 652.725 :: steps: 1.00 :: Time: 0.060(0.06033/step) :: Entropy : 0.000 :: Grads : []
950 :: Rewards 659.902 :: steps: 1.00 :: Time: 0.062(0.06188/step) :: Entropy : 0.000 :: Grads : []
960 :: Rewards 667.097 :: steps: 1.00 :: Time: 0.062(0.06205/step) :: Entropy : 0.000 :: Grads : []
970 :: Rewards 674.301 :: steps: 1.00 :: Time: 0.064(0.06401/step) :: Entropy : 0.000 :: Grads : []
980 :: Rewards 681.487 :: steps: 1.00 :: Time: 0.065(0.06538/step) :: Entropy : 0.000 :: Grads : []
990 :: Rewards 688.668 :: steps: 1.00 :: Time: 0.066(0.06571/step) :: Entropy : 0.000 :: Grads : []
999 :: Rewards 695.131 :: steps: 0.90 :: Time: 0.061(0.06726/step) :: Entropy : 0.000 :: Grads : []
Total time taken: 29.73166584968567
