Module path:  Environments.NS_Reco NS_Reco
Dynamically loaded from:  <class 'Environments.NS_Reco.NS_Reco'>
Reward Amplitudes: [4.17022005e-01 7.20324493e-01 1.14374817e-04 3.02332573e-01
 1.46755891e-01] :: Avg 0.317309867282206 
Module path:  Src.Algorithms.ProWLS ProWLS
Dynamically loaded from:  <class 'Src.Algorithms.ProWLS.ProWLS'>
=====Configurations=====
 Namespace(NN_basis_dim='32', Policy_basis_dim='32', actor_lr=0.00450428892499054, algo_name='ProWLS', base=0, batch_size=1000, buffer_size=1000, debug=False, delta=3, entropy_lambda=0.07518854390699839, env_name='NS_Reco', experiment='NS_3_', extrapolator_basis='Fourier', folder_suffix='Default', fourier_coupled=True, fourier_k=5, fourier_order=3, gamma=0.99, gauss_std=1.5, gpu=0, hyper='default', importance_clip=10.0, inc=1, log_output='term_file', max_episodes=1000, max_inner=90, max_steps=500, optim='rmsprop', oracle=-1, raw_basis=True, restore=False, save_count=100, save_model=True, seed=1, speed=3, state_lr=0.001, summary=True, swarm=False, timestamp='5|24|22:7:10')
Actions space: 5 :: State space: 1
State Low: tensor([0.]) :: State High: tensor([1.])
State features:  [('dummy_param', torch.Size([1]))]
Policy:  [('fc1.weight', torch.Size([5, 1])), ('fc1.bias', torch.Size([5]))]
0 :: Rewards -0.007 :: steps: 0.10 :: Time: 0.000(0.00060/step) :: Entropy : 0.000 :: Grads : []
10 :: Rewards 0.055 :: steps: 1.00 :: Time: 0.011(0.01079/step) :: Entropy : 0.000 :: Grads : []
20 :: Rewards 0.298 :: steps: 1.00 :: Time: 0.021(0.02113/step) :: Entropy : 0.000 :: Grads : []
30 :: Rewards 0.809 :: steps: 1.00 :: Time: 0.016(0.01629/step) :: Entropy : 0.000 :: Grads : []
40 :: Rewards 1.854 :: steps: 1.00 :: Time: 0.016(0.01585/step) :: Entropy : 0.000 :: Grads : []
50 :: Rewards 4.086 :: steps: 1.00 :: Time: 0.021(0.02150/step) :: Entropy : 0.000 :: Grads : []
60 :: Rewards 6.693 :: steps: 1.00 :: Time: 0.016(0.01632/step) :: Entropy : 0.000 :: Grads : []
70 :: Rewards 10.963 :: steps: 1.00 :: Time: 0.017(0.01659/step) :: Entropy : 0.000 :: Grads : []
80 :: Rewards 15.116 :: steps: 1.00 :: Time: 0.022(0.02228/step) :: Entropy : 0.000 :: Grads : []
90 :: Rewards 19.454 :: steps: 1.00 :: Time: 0.017(0.01712/step) :: Entropy : 0.000 :: Grads : []
100 :: Rewards 24.200 :: steps: 1.00 :: Time: 0.017(0.01741/step) :: Entropy : 0.000 :: Grads : []
110 :: Rewards 29.321 :: steps: 1.00 :: Time: 0.024(0.02369/step) :: Entropy : 0.000 :: Grads : []
120 :: Rewards 33.637 :: steps: 1.00 :: Time: 0.018(0.01820/step) :: Entropy : 0.000 :: Grads : []
130 :: Rewards 40.640 :: steps: 1.00 :: Time: 0.018(0.01849/step) :: Entropy : 0.000 :: Grads : []
140 :: Rewards 46.442 :: steps: 1.00 :: Time: 0.025(0.02508/step) :: Entropy : 0.000 :: Grads : []
150 :: Rewards 51.872 :: steps: 1.00 :: Time: 0.019(0.01920/step) :: Entropy : 0.000 :: Grads : []
160 :: Rewards 56.151 :: steps: 1.00 :: Time: 0.020(0.01960/step) :: Entropy : 0.000 :: Grads : []
170 :: Rewards 61.921 :: steps: 1.00 :: Time: 0.027(0.02656/step) :: Entropy : 0.000 :: Grads : []
180 :: Rewards 67.673 :: steps: 1.00 :: Time: 0.020(0.02036/step) :: Entropy : 0.000 :: Grads : []
190 :: Rewards 73.027 :: steps: 1.00 :: Time: 0.022(0.02207/step) :: Entropy : 0.000 :: Grads : []
200 :: Rewards 78.648 :: steps: 1.00 :: Time: 0.030(0.02999/step) :: Entropy : 0.000 :: Grads : []
210 :: Rewards 83.581 :: steps: 1.00 :: Time: 0.023(0.02350/step) :: Entropy : 0.000 :: Grads : []
220 :: Rewards 88.808 :: steps: 1.00 :: Time: 0.024(0.02408/step) :: Entropy : 0.000 :: Grads : []
230 :: Rewards 93.003 :: steps: 1.00 :: Time: 0.033(0.03284/step) :: Entropy : 0.000 :: Grads : []
240 :: Rewards 96.540 :: steps: 1.00 :: Time: 0.025(0.02519/step) :: Entropy : 0.000 :: Grads : []
250 :: Rewards 99.767 :: steps: 1.00 :: Time: 0.026(0.02595/step) :: Entropy : 0.000 :: Grads : []
260 :: Rewards 102.514 :: steps: 1.00 :: Time: 0.035(0.03545/step) :: Entropy : 0.000 :: Grads : []
270 :: Rewards 105.338 :: steps: 1.00 :: Time: 0.027(0.02710/step) :: Entropy : 0.000 :: Grads : []
280 :: Rewards 107.559 :: steps: 1.00 :: Time: 0.028(0.02768/step) :: Entropy : 0.000 :: Grads : []
290 :: Rewards 109.802 :: steps: 1.00 :: Time: 0.037(0.03747/step) :: Entropy : 0.000 :: Grads : []
300 :: Rewards 112.368 :: steps: 1.00 :: Time: 0.029(0.02855/step) :: Entropy : 0.000 :: Grads : []
310 :: Rewards 113.785 :: steps: 1.00 :: Time: 0.029(0.02935/step) :: Entropy : 0.000 :: Grads : []
320 :: Rewards 115.262 :: steps: 1.00 :: Time: 0.040(0.03981/step) :: Entropy : 0.000 :: Grads : []
330 :: Rewards 116.589 :: steps: 1.00 :: Time: 0.031(0.03059/step) :: Entropy : 0.000 :: Grads : []
340 :: Rewards 117.877 :: steps: 1.00 :: Time: 0.031(0.03133/step) :: Entropy : 0.000 :: Grads : []
350 :: Rewards 118.697 :: steps: 1.00 :: Time: 0.043(0.04261/step) :: Entropy : 0.000 :: Grads : []
360 :: Rewards 119.507 :: steps: 1.00 :: Time: 0.033(0.03277/step) :: Entropy : 0.000 :: Grads : []
370 :: Rewards 119.631 :: steps: 1.00 :: Time: 0.035(0.03471/step) :: Entropy : 0.000 :: Grads : []
380 :: Rewards 119.708 :: steps: 1.00 :: Time: 0.047(0.04709/step) :: Entropy : 0.000 :: Grads : []
390 :: Rewards 119.851 :: steps: 1.00 :: Time: 0.035(0.03481/step) :: Entropy : 0.000 :: Grads : []
400 :: Rewards 120.279 :: steps: 1.00 :: Time: 0.036(0.03585/step) :: Entropy : 0.000 :: Grads : []
410 :: Rewards 120.283 :: steps: 1.00 :: Time: 0.049(0.04894/step) :: Entropy : 0.000 :: Grads : []
420 :: Rewards 120.728 :: steps: 1.00 :: Time: 0.038(0.03795/step) :: Entropy : 0.000 :: Grads : []
430 :: Rewards 121.226 :: steps: 1.00 :: Time: 0.039(0.03904/step) :: Entropy : 0.000 :: Grads : []
440 :: Rewards 121.589 :: steps: 1.00 :: Time: 0.053(0.05265/step) :: Entropy : 0.000 :: Grads : []
450 :: Rewards 121.720 :: steps: 1.00 :: Time: 0.040(0.04029/step) :: Entropy : 0.000 :: Grads : []
460 :: Rewards 121.248 :: steps: 1.00 :: Time: 0.041(0.04086/step) :: Entropy : 0.000 :: Grads : []
470 :: Rewards 120.511 :: steps: 1.00 :: Time: 0.056(0.05571/step) :: Entropy : 0.000 :: Grads : []
480 :: Rewards 120.614 :: steps: 1.00 :: Time: 0.042(0.04233/step) :: Entropy : 0.000 :: Grads : []
490 :: Rewards 119.860 :: steps: 1.00 :: Time: 0.044(0.04353/step) :: Entropy : 0.000 :: Grads : []
500 :: Rewards 119.610 :: steps: 1.00 :: Time: 0.063(0.06336/step) :: Entropy : 0.000 :: Grads : []
510 :: Rewards 118.763 :: steps: 1.00 :: Time: 0.046(0.04572/step) :: Entropy : 0.000 :: Grads : []
520 :: Rewards 118.446 :: steps: 1.00 :: Time: 0.047(0.04719/step) :: Entropy : 0.000 :: Grads : []
530 :: Rewards 118.343 :: steps: 1.00 :: Time: 0.064(0.06374/step) :: Entropy : 0.000 :: Grads : []
540 :: Rewards 117.169 :: steps: 1.00 :: Time: 0.048(0.04848/step) :: Entropy : 0.000 :: Grads : []
550 :: Rewards 117.058 :: steps: 1.00 :: Time: 0.050(0.05017/step) :: Entropy : 0.000 :: Grads : []
560 :: Rewards 116.778 :: steps: 1.00 :: Time: 0.068(0.06773/step) :: Entropy : 0.000 :: Grads : []
570 :: Rewards 116.007 :: steps: 1.00 :: Time: 0.052(0.05188/step) :: Entropy : 0.000 :: Grads : []
580 :: Rewards 115.616 :: steps: 1.00 :: Time: 0.053(0.05310/step) :: Entropy : 0.000 :: Grads : []
590 :: Rewards 115.132 :: steps: 1.00 :: Time: 0.073(0.07260/step) :: Entropy : 0.000 :: Grads : []
600 :: Rewards 114.969 :: steps: 1.00 :: Time: 0.055(0.05519/step) :: Entropy : 0.000 :: Grads : []
610 :: Rewards 114.912 :: steps: 1.00 :: Time: 0.057(0.05687/step) :: Entropy : 0.000 :: Grads : []
620 :: Rewards 115.900 :: steps: 1.00 :: Time: 0.080(0.08014/step) :: Entropy : 0.000 :: Grads : []
630 :: Rewards 118.903 :: steps: 1.00 :: Time: 0.060(0.05996/step) :: Entropy : 0.000 :: Grads : []
640 :: Rewards 122.589 :: steps: 1.00 :: Time: 0.060(0.06008/step) :: Entropy : 0.000 :: Grads : []
650 :: Rewards 126.901 :: steps: 1.00 :: Time: 0.081(0.08134/step) :: Entropy : 0.000 :: Grads : []
660 :: Rewards 131.817 :: steps: 1.00 :: Time: 0.062(0.06203/step) :: Entropy : 0.000 :: Grads : []
670 :: Rewards 137.242 :: steps: 1.00 :: Time: 0.064(0.06415/step) :: Entropy : 0.000 :: Grads : []
680 :: Rewards 143.155 :: steps: 1.00 :: Time: 0.087(0.08711/step) :: Entropy : 0.000 :: Grads : []
690 :: Rewards 147.677 :: steps: 1.00 :: Time: 0.067(0.06721/step) :: Entropy : 0.000 :: Grads : []
700 :: Rewards 153.460 :: steps: 1.00 :: Time: 0.068(0.06815/step) :: Entropy : 0.000 :: Grads : []
710 :: Rewards 157.886 :: steps: 1.00 :: Time: 0.093(0.09297/step) :: Entropy : 0.000 :: Grads : []
720 :: Rewards 164.914 :: steps: 1.00 :: Time: 0.071(0.07138/step) :: Entropy : 0.000 :: Grads : []
730 :: Rewards 171.297 :: steps: 1.00 :: Time: 0.074(0.07355/step) :: Entropy : 0.000 :: Grads : []
740 :: Rewards 177.603 :: steps: 1.00 :: Time: 0.101(0.10098/step) :: Entropy : 0.000 :: Grads : []
750 :: Rewards 182.451 :: steps: 1.00 :: Time: 0.076(0.07577/step) :: Entropy : 0.000 :: Grads : []
760 :: Rewards 187.701 :: steps: 1.00 :: Time: 0.075(0.07504/step) :: Entropy : 0.000 :: Grads : []
770 :: Rewards 193.740 :: steps: 1.00 :: Time: 0.101(0.10092/step) :: Entropy : 0.000 :: Grads : []
780 :: Rewards 199.518 :: steps: 1.00 :: Time: 0.076(0.07598/step) :: Entropy : 0.000 :: Grads : []
790 :: Rewards 205.591 :: steps: 1.00 :: Time: 0.079(0.07874/step) :: Entropy : 0.000 :: Grads : []
800 :: Rewards 210.056 :: steps: 1.00 :: Time: 0.107(0.10738/step) :: Entropy : 0.000 :: Grads : []
810 :: Rewards 214.471 :: steps: 1.00 :: Time: 0.084(0.08411/step) :: Entropy : 0.000 :: Grads : []
820 :: Rewards 217.512 :: steps: 1.00 :: Time: 0.087(0.08685/step) :: Entropy : 0.000 :: Grads : []
830 :: Rewards 220.820 :: steps: 1.00 :: Time: 0.120(0.11956/step) :: Entropy : 0.000 :: Grads : []
840 :: Rewards 224.043 :: steps: 1.00 :: Time: 0.092(0.09199/step) :: Entropy : 0.000 :: Grads : []
850 :: Rewards 226.164 :: steps: 1.00 :: Time: 0.095(0.09460/step) :: Entropy : 0.000 :: Grads : []
860 :: Rewards 227.928 :: steps: 1.00 :: Time: 0.132(0.13160/step) :: Entropy : 0.000 :: Grads : []
870 :: Rewards 229.485 :: steps: 1.00 :: Time: 0.100(0.10013/step) :: Entropy : 0.000 :: Grads : []
880 :: Rewards 231.183 :: steps: 1.00 :: Time: 0.106(0.10570/step) :: Entropy : 0.000 :: Grads : []
890 :: Rewards 233.094 :: steps: 1.00 :: Time: 0.141(0.14069/step) :: Entropy : 0.000 :: Grads : []
900 :: Rewards 235.707 :: steps: 1.00 :: Time: 0.108(0.10812/step) :: Entropy : 0.000 :: Grads : []
910 :: Rewards 238.423 :: steps: 1.00 :: Time: 0.107(0.10690/step) :: Entropy : 0.000 :: Grads : []
920 :: Rewards 241.271 :: steps: 1.00 :: Time: 0.152(0.15164/step) :: Entropy : 0.000 :: Grads : []
930 :: Rewards 244.180 :: steps: 1.00 :: Time: 0.110(0.11008/step) :: Entropy : 0.000 :: Grads : []
940 :: Rewards 245.933 :: steps: 1.00 :: Time: 0.112(0.11191/step) :: Entropy : 0.000 :: Grads : []
950 :: Rewards 248.619 :: steps: 1.00 :: Time: 0.153(0.15296/step) :: Entropy : 0.000 :: Grads : []
960 :: Rewards 251.326 :: steps: 1.00 :: Time: 0.116(0.11608/step) :: Entropy : 0.000 :: Grads : []
970 :: Rewards 253.713 :: steps: 1.00 :: Time: 0.114(0.11383/step) :: Entropy : 0.000 :: Grads : []
980 :: Rewards 255.445 :: steps: 1.00 :: Time: 0.154(0.15364/step) :: Entropy : 0.000 :: Grads : []
990 :: Rewards 258.409 :: steps: 1.00 :: Time: 0.116(0.11632/step) :: Entropy : 0.000 :: Grads : []
999 :: Rewards 260.153 :: steps: 0.90 :: Time: 0.120(0.13356/step) :: Entropy : 0.000 :: Grads : []
Total time taken: 59.29838490486145
