Module path:  Environments.NS_Reco NS_Reco
Dynamically loaded from:  <class 'Environments.NS_Reco.NS_Reco'>
Reward Amplitudes: [4.17022005e-01 7.20324493e-01 1.14374817e-04 3.02332573e-01
 1.46755891e-01] :: Avg 0.317309867282206 
Module path:  Src.Algorithms.ProWLS ProWLS
Dynamically loaded from:  <class 'Src.Algorithms.ProWLS.ProWLS'>
=====Configurations=====
 Namespace(NN_basis_dim='32', Policy_basis_dim='32', actor_lr=0.0037403051736555927, algo_name='ProWLS', base=0, batch_size=1000, buffer_size=1000, debug=False, delta=3, entropy_lambda=0.041755411764967935, env_name='NS_Reco', experiment='NS_4_', extrapolator_basis='Fourier', folder_suffix='Default', fourier_coupled=True, fourier_k=7, fourier_order=3, gamma=0.99, gauss_std=1.5, gpu=0, hyper='default', importance_clip=5.0, inc=1, log_output='term_file', max_episodes=1000, max_inner=60, max_steps=500, optim='rmsprop', oracle=-1, raw_basis=True, restore=False, save_count=100, save_model=True, seed=16, speed=4, state_lr=0.001, summary=True, swarm=False, timestamp='5|24|22:56:0')
Actions space: 5 :: State space: 1
State Low: tensor([0.]) :: State High: tensor([1.])
State features:  [('dummy_param', torch.Size([1]))]
Policy:  [('fc1.weight', torch.Size([5, 1])), ('fc1.bias', torch.Size([5]))]
0 :: Rewards 0.015 :: steps: 0.10 :: Time: 0.000(0.00062/step) :: Entropy : 0.000 :: Grads : []
10 :: Rewards 0.296 :: steps: 1.00 :: Time: 0.004(0.00391/step) :: Entropy : 0.000 :: Grads : []
20 :: Rewards 0.726 :: steps: 1.00 :: Time: 0.015(0.01455/step) :: Entropy : 0.000 :: Grads : []
30 :: Rewards 1.184 :: steps: 1.00 :: Time: 0.011(0.01117/step) :: Entropy : 0.000 :: Grads : []
40 :: Rewards 1.343 :: steps: 1.00 :: Time: 0.011(0.01098/step) :: Entropy : 0.000 :: Grads : []
50 :: Rewards 2.384 :: steps: 1.00 :: Time: 0.015(0.01465/step) :: Entropy : 0.000 :: Grads : []
60 :: Rewards 4.593 :: steps: 1.00 :: Time: 0.011(0.01118/step) :: Entropy : 0.000 :: Grads : []
70 :: Rewards 9.335 :: steps: 1.00 :: Time: 0.011(0.01141/step) :: Entropy : 0.000 :: Grads : []
80 :: Rewards 13.877 :: steps: 1.00 :: Time: 0.015(0.01540/step) :: Entropy : 0.000 :: Grads : []
90 :: Rewards 19.838 :: steps: 1.00 :: Time: 0.012(0.01179/step) :: Entropy : 0.000 :: Grads : []
100 :: Rewards 26.453 :: steps: 1.00 :: Time: 0.012(0.01197/step) :: Entropy : 0.000 :: Grads : []
110 :: Rewards 33.012 :: steps: 1.00 :: Time: 0.016(0.01633/step) :: Entropy : 0.000 :: Grads : []
120 :: Rewards 39.031 :: steps: 1.00 :: Time: 0.012(0.01247/step) :: Entropy : 0.000 :: Grads : []
130 :: Rewards 46.049 :: steps: 1.00 :: Time: 0.013(0.01273/step) :: Entropy : 0.000 :: Grads : []
140 :: Rewards 52.748 :: steps: 1.00 :: Time: 0.017(0.01735/step) :: Entropy : 0.000 :: Grads : []
150 :: Rewards 58.814 :: steps: 1.00 :: Time: 0.013(0.01324/step) :: Entropy : 0.000 :: Grads : []
160 :: Rewards 62.499 :: steps: 1.00 :: Time: 0.014(0.01360/step) :: Entropy : 0.000 :: Grads : []
170 :: Rewards 67.559 :: steps: 1.00 :: Time: 0.019(0.01871/step) :: Entropy : 0.000 :: Grads : []
180 :: Rewards 71.632 :: steps: 1.00 :: Time: 0.014(0.01399/step) :: Entropy : 0.000 :: Grads : []
190 :: Rewards 74.376 :: steps: 1.00 :: Time: 0.015(0.01466/step) :: Entropy : 0.000 :: Grads : []
200 :: Rewards 77.355 :: steps: 1.00 :: Time: 0.020(0.02008/step) :: Entropy : 0.000 :: Grads : []
210 :: Rewards 80.268 :: steps: 1.00 :: Time: 0.016(0.01579/step) :: Entropy : 0.000 :: Grads : []
220 :: Rewards 82.706 :: steps: 1.00 :: Time: 0.017(0.01651/step) :: Entropy : 0.000 :: Grads : []
230 :: Rewards 84.307 :: steps: 1.00 :: Time: 0.022(0.02232/step) :: Entropy : 0.000 :: Grads : []
240 :: Rewards 86.361 :: steps: 1.00 :: Time: 0.017(0.01722/step) :: Entropy : 0.000 :: Grads : []
250 :: Rewards 87.913 :: steps: 1.00 :: Time: 0.017(0.01742/step) :: Entropy : 0.000 :: Grads : []
260 :: Rewards 89.189 :: steps: 1.00 :: Time: 0.024(0.02387/step) :: Entropy : 0.000 :: Grads : []
270 :: Rewards 90.228 :: steps: 1.00 :: Time: 0.018(0.01849/step) :: Entropy : 0.000 :: Grads : []
280 :: Rewards 89.855 :: steps: 1.00 :: Time: 0.019(0.01886/step) :: Entropy : 0.000 :: Grads : []
290 :: Rewards 90.371 :: steps: 1.00 :: Time: 0.026(0.02553/step) :: Entropy : 0.000 :: Grads : []
300 :: Rewards 91.055 :: steps: 1.00 :: Time: 0.020(0.01970/step) :: Entropy : 0.000 :: Grads : []
310 :: Rewards 91.678 :: steps: 1.00 :: Time: 0.020(0.02022/step) :: Entropy : 0.000 :: Grads : []
320 :: Rewards 92.045 :: steps: 1.00 :: Time: 0.028(0.02806/step) :: Entropy : 0.000 :: Grads : []
330 :: Rewards 92.442 :: steps: 1.00 :: Time: 0.022(0.02158/step) :: Entropy : 0.000 :: Grads : []
340 :: Rewards 92.722 :: steps: 1.00 :: Time: 0.022(0.02201/step) :: Entropy : 0.000 :: Grads : []
350 :: Rewards 91.683 :: steps: 1.00 :: Time: 0.030(0.03010/step) :: Entropy : 0.000 :: Grads : []
360 :: Rewards 90.239 :: steps: 1.00 :: Time: 0.023(0.02334/step) :: Entropy : 0.000 :: Grads : []
370 :: Rewards 90.282 :: steps: 1.00 :: Time: 0.024(0.02434/step) :: Entropy : 0.000 :: Grads : []
380 :: Rewards 90.246 :: steps: 1.00 :: Time: 0.033(0.03305/step) :: Entropy : 0.000 :: Grads : []
390 :: Rewards 89.871 :: steps: 1.00 :: Time: 0.025(0.02527/step) :: Entropy : 0.000 :: Grads : []
400 :: Rewards 89.799 :: steps: 1.00 :: Time: 0.026(0.02576/step) :: Entropy : 0.000 :: Grads : []
410 :: Rewards 88.344 :: steps: 1.00 :: Time: 0.035(0.03548/step) :: Entropy : 0.000 :: Grads : []
420 :: Rewards 87.883 :: steps: 1.00 :: Time: 0.027(0.02728/step) :: Entropy : 0.000 :: Grads : []
430 :: Rewards 87.373 :: steps: 1.00 :: Time: 0.028(0.02833/step) :: Entropy : 0.000 :: Grads : []
440 :: Rewards 86.467 :: steps: 1.00 :: Time: 0.038(0.03812/step) :: Entropy : 0.000 :: Grads : []
450 :: Rewards 86.034 :: steps: 1.00 :: Time: 0.029(0.02905/step) :: Entropy : 0.000 :: Grads : []
460 :: Rewards 87.067 :: steps: 1.00 :: Time: 0.030(0.02972/step) :: Entropy : 0.000 :: Grads : []
470 :: Rewards 88.404 :: steps: 1.00 :: Time: 0.041(0.04064/step) :: Entropy : 0.000 :: Grads : []
480 :: Rewards 90.809 :: steps: 1.00 :: Time: 0.031(0.03111/step) :: Entropy : 0.000 :: Grads : []
490 :: Rewards 95.230 :: steps: 1.00 :: Time: 0.032(0.03215/step) :: Entropy : 0.000 :: Grads : []
500 :: Rewards 98.784 :: steps: 1.00 :: Time: 0.043(0.04300/step) :: Entropy : 0.000 :: Grads : []
510 :: Rewards 103.717 :: steps: 1.00 :: Time: 0.033(0.03314/step) :: Entropy : 0.000 :: Grads : []
520 :: Rewards 108.616 :: steps: 1.00 :: Time: 0.034(0.03417/step) :: Entropy : 0.000 :: Grads : []
530 :: Rewards 114.757 :: steps: 1.00 :: Time: 0.046(0.04621/step) :: Entropy : 0.000 :: Grads : []
540 :: Rewards 121.848 :: steps: 1.00 :: Time: 0.035(0.03526/step) :: Entropy : 0.000 :: Grads : []
550 :: Rewards 127.586 :: steps: 1.00 :: Time: 0.037(0.03662/step) :: Entropy : 0.000 :: Grads : []
560 :: Rewards 133.174 :: steps: 1.00 :: Time: 0.049(0.04945/step) :: Entropy : 0.000 :: Grads : []
570 :: Rewards 138.607 :: steps: 1.00 :: Time: 0.038(0.03789/step) :: Entropy : 0.000 :: Grads : []
580 :: Rewards 145.266 :: steps: 1.00 :: Time: 0.039(0.03874/step) :: Entropy : 0.000 :: Grads : []
590 :: Rewards 150.769 :: steps: 1.00 :: Time: 0.053(0.05319/step) :: Entropy : 0.000 :: Grads : []
600 :: Rewards 155.922 :: steps: 1.00 :: Time: 0.040(0.04030/step) :: Entropy : 0.000 :: Grads : []
610 :: Rewards 160.913 :: steps: 1.00 :: Time: 0.042(0.04169/step) :: Entropy : 0.000 :: Grads : []
620 :: Rewards 165.132 :: steps: 1.00 :: Time: 0.058(0.05762/step) :: Entropy : 0.000 :: Grads : []
630 :: Rewards 168.066 :: steps: 1.00 :: Time: 0.042(0.04216/step) :: Entropy : 0.000 :: Grads : []
640 :: Rewards 170.433 :: steps: 1.00 :: Time: 0.044(0.04398/step) :: Entropy : 0.000 :: Grads : []
650 :: Rewards 171.842 :: steps: 1.00 :: Time: 0.060(0.06015/step) :: Entropy : 0.000 :: Grads : []
660 :: Rewards 172.235 :: steps: 1.00 :: Time: 0.044(0.04373/step) :: Entropy : 0.000 :: Grads : []
670 :: Rewards 171.561 :: steps: 1.00 :: Time: 0.046(0.04635/step) :: Entropy : 0.000 :: Grads : []
680 :: Rewards 169.868 :: steps: 1.00 :: Time: 0.066(0.06567/step) :: Entropy : 0.000 :: Grads : []
690 :: Rewards 167.216 :: steps: 1.00 :: Time: 0.051(0.05086/step) :: Entropy : 0.000 :: Grads : []
700 :: Rewards 163.621 :: steps: 1.00 :: Time: 0.049(0.04902/step) :: Entropy : 0.000 :: Grads : []
710 :: Rewards 159.192 :: steps: 1.00 :: Time: 0.067(0.06727/step) :: Entropy : 0.000 :: Grads : []
720 :: Rewards 153.971 :: steps: 1.00 :: Time: 0.051(0.05145/step) :: Entropy : 0.000 :: Grads : []
730 :: Rewards 148.097 :: steps: 1.00 :: Time: 0.053(0.05339/step) :: Entropy : 0.000 :: Grads : []
740 :: Rewards 146.929 :: steps: 1.00 :: Time: 0.072(0.07188/step) :: Entropy : 0.000 :: Grads : []
750 :: Rewards 149.540 :: steps: 1.00 :: Time: 0.055(0.05515/step) :: Entropy : 0.000 :: Grads : []
760 :: Rewards 152.491 :: steps: 1.00 :: Time: 0.056(0.05621/step) :: Entropy : 0.000 :: Grads : []
770 :: Rewards 155.688 :: steps: 1.00 :: Time: 0.077(0.07696/step) :: Entropy : 0.000 :: Grads : []
780 :: Rewards 157.856 :: steps: 1.00 :: Time: 0.059(0.05892/step) :: Entropy : 0.000 :: Grads : []
790 :: Rewards 160.801 :: steps: 1.00 :: Time: 0.061(0.06111/step) :: Entropy : 0.000 :: Grads : []
800 :: Rewards 163.446 :: steps: 1.00 :: Time: 0.084(0.08433/step) :: Entropy : 0.000 :: Grads : []
810 :: Rewards 164.765 :: steps: 1.00 :: Time: 0.064(0.06447/step) :: Entropy : 0.000 :: Grads : []
820 :: Rewards 166.264 :: steps: 1.00 :: Time: 0.066(0.06557/step) :: Entropy : 0.000 :: Grads : []
830 :: Rewards 166.903 :: steps: 1.00 :: Time: 0.089(0.08904/step) :: Entropy : 0.000 :: Grads : []
840 :: Rewards 167.723 :: steps: 1.00 :: Time: 0.068(0.06793/step) :: Entropy : 0.000 :: Grads : []
850 :: Rewards 168.183 :: steps: 1.00 :: Time: 0.071(0.07091/step) :: Entropy : 0.000 :: Grads : []
860 :: Rewards 167.490 :: steps: 1.00 :: Time: 0.095(0.09465/step) :: Entropy : 0.000 :: Grads : []
870 :: Rewards 166.874 :: steps: 1.00 :: Time: 0.070(0.06981/step) :: Entropy : 0.000 :: Grads : []
880 :: Rewards 166.572 :: steps: 1.00 :: Time: 0.070(0.07034/step) :: Entropy : 0.000 :: Grads : []
890 :: Rewards 167.319 :: steps: 1.00 :: Time: 0.096(0.09581/step) :: Entropy : 0.000 :: Grads : []
900 :: Rewards 168.049 :: steps: 1.00 :: Time: 0.075(0.07498/step) :: Entropy : 0.000 :: Grads : []
910 :: Rewards 169.809 :: steps: 1.00 :: Time: 0.079(0.07918/step) :: Entropy : 0.000 :: Grads : []
920 :: Rewards 172.125 :: steps: 1.00 :: Time: 0.105(0.10504/step) :: Entropy : 0.000 :: Grads : []
930 :: Rewards 175.708 :: steps: 1.00 :: Time: 0.081(0.08099/step) :: Entropy : 0.000 :: Grads : []
940 :: Rewards 180.590 :: steps: 1.00 :: Time: 0.082(0.08228/step) :: Entropy : 0.000 :: Grads : []
950 :: Rewards 186.538 :: steps: 1.00 :: Time: 0.112(0.11250/step) :: Entropy : 0.000 :: Grads : []
960 :: Rewards 193.024 :: steps: 1.00 :: Time: 0.086(0.08567/step) :: Entropy : 0.000 :: Grads : []
970 :: Rewards 199.822 :: steps: 1.00 :: Time: 0.088(0.08789/step) :: Entropy : 0.000 :: Grads : []
980 :: Rewards 206.876 :: steps: 1.00 :: Time: 0.118(0.11837/step) :: Entropy : 0.000 :: Grads : []
990 :: Rewards 214.042 :: steps: 1.00 :: Time: 0.090(0.08988/step) :: Entropy : 0.000 :: Grads : []
999 :: Rewards 220.494 :: steps: 0.90 :: Time: 0.092(0.10193/step) :: Entropy : 0.000 :: Grads : []
Total time taken: 43.00775980949402
