Module path:  Environments.NS_Reco NS_Reco
Dynamically loaded from:  <class 'Environments.NS_Reco.NS_Reco'>
Reward Amplitudes: [4.17022005e-01 7.20324493e-01 1.14374817e-04 3.02332573e-01
 1.46755891e-01] :: Avg 0.317309867282206 
Module path:  Src.Algorithms.ProOLS ProOLS
Dynamically loaded from:  <class 'Src.Algorithms.ProOLS.ProOLS'>
=====Configurations=====
 Namespace(NN_basis_dim='32', Policy_basis_dim='32', actor_lr=0.0013967975033711264, algo_name='ProOLS', base=0, batch_size=1000, buffer_size=1000, debug=False, delta=1, entropy_lambda=0.009309067356364342, env_name='NS_Reco', experiment='NS_0_', extrapolator_basis='Fourier', folder_suffix='Default', fourier_coupled=True, fourier_k=5, fourier_order=3, gamma=0.99, gauss_std=1.5, gpu=0, hyper='default', importance_clip=15.0, inc=1, log_output='term_file', max_episodes=1000, max_inner=30, max_steps=500, optim='rmsprop', oracle=-1, raw_basis=True, restore=False, save_count=100, save_model=True, seed=14, speed=0, state_lr=0.001, summary=True, swarm=False, timestamp='5|24|20:5:8')
Actions space: 5 :: State space: 1
State Low: tensor([0.]) :: State High: tensor([1.])
State features:  [('dummy_param', torch.Size([1]))]
Policy:  [('fc1.weight', torch.Size([5, 1])), ('fc1.bias', torch.Size([5]))]
0 :: Rewards 0.306 :: steps: 0.10 :: Time: 0.000(0.00056/step) :: Entropy : 0.000 :: Grads : []
10 :: Rewards 3.714 :: steps: 1.00 :: Time: 0.008(0.00760/step) :: Entropy : 0.000 :: Grads : []
20 :: Rewards 6.224 :: steps: 1.00 :: Time: 0.012(0.01248/step) :: Entropy : 0.000 :: Grads : []
30 :: Rewards 9.138 :: steps: 1.00 :: Time: 0.013(0.01270/step) :: Entropy : 0.000 :: Grads : []
40 :: Rewards 13.226 :: steps: 1.00 :: Time: 0.012(0.01227/step) :: Entropy : 0.000 :: Grads : []
50 :: Rewards 17.452 :: steps: 1.00 :: Time: 0.012(0.01240/step) :: Entropy : 0.000 :: Grads : []
60 :: Rewards 22.811 :: steps: 1.00 :: Time: 0.012(0.01248/step) :: Entropy : 0.000 :: Grads : []
70 :: Rewards 28.312 :: steps: 1.00 :: Time: 0.013(0.01264/step) :: Entropy : 0.000 :: Grads : []
80 :: Rewards 35.131 :: steps: 1.00 :: Time: 0.013(0.01276/step) :: Entropy : 0.000 :: Grads : []
90 :: Rewards 41.927 :: steps: 1.00 :: Time: 0.013(0.01286/step) :: Entropy : 0.000 :: Grads : []
100 :: Rewards 49.117 :: steps: 1.00 :: Time: 0.013(0.01295/step) :: Entropy : 0.000 :: Grads : []
110 :: Rewards 55.907 :: steps: 1.00 :: Time: 0.013(0.01308/step) :: Entropy : 0.000 :: Grads : []
120 :: Rewards 63.129 :: steps: 1.00 :: Time: 0.013(0.01316/step) :: Entropy : 0.000 :: Grads : []
130 :: Rewards 70.339 :: steps: 1.00 :: Time: 0.013(0.01329/step) :: Entropy : 0.000 :: Grads : []
140 :: Rewards 77.528 :: steps: 1.00 :: Time: 0.013(0.01334/step) :: Entropy : 0.000 :: Grads : []
150 :: Rewards 84.734 :: steps: 1.00 :: Time: 0.013(0.01332/step) :: Entropy : 0.000 :: Grads : []
160 :: Rewards 91.929 :: steps: 1.00 :: Time: 0.013(0.01344/step) :: Entropy : 0.000 :: Grads : []
170 :: Rewards 99.154 :: steps: 1.00 :: Time: 0.014(0.01354/step) :: Entropy : 0.000 :: Grads : []
180 :: Rewards 106.364 :: steps: 1.00 :: Time: 0.014(0.01361/step) :: Entropy : 0.000 :: Grads : []
190 :: Rewards 113.569 :: steps: 1.00 :: Time: 0.014(0.01403/step) :: Entropy : 0.000 :: Grads : []
200 :: Rewards 120.780 :: steps: 1.00 :: Time: 0.014(0.01417/step) :: Entropy : 0.000 :: Grads : []
210 :: Rewards 127.994 :: steps: 1.00 :: Time: 0.014(0.01398/step) :: Entropy : 0.000 :: Grads : []
220 :: Rewards 135.189 :: steps: 1.00 :: Time: 0.015(0.01521/step) :: Entropy : 0.000 :: Grads : []
230 :: Rewards 142.374 :: steps: 1.00 :: Time: 0.015(0.01461/step) :: Entropy : 0.000 :: Grads : []
240 :: Rewards 149.610 :: steps: 1.00 :: Time: 0.015(0.01466/step) :: Entropy : 0.000 :: Grads : []
250 :: Rewards 156.844 :: steps: 1.00 :: Time: 0.015(0.01472/step) :: Entropy : 0.000 :: Grads : []
260 :: Rewards 164.062 :: steps: 1.00 :: Time: 0.015(0.01485/step) :: Entropy : 0.000 :: Grads : []
270 :: Rewards 171.277 :: steps: 1.00 :: Time: 0.015(0.01484/step) :: Entropy : 0.000 :: Grads : []
280 :: Rewards 178.501 :: steps: 1.00 :: Time: 0.015(0.01493/step) :: Entropy : 0.000 :: Grads : []
290 :: Rewards 185.708 :: steps: 1.00 :: Time: 0.015(0.01503/step) :: Entropy : 0.000 :: Grads : []
300 :: Rewards 192.929 :: steps: 1.00 :: Time: 0.015(0.01498/step) :: Entropy : 0.000 :: Grads : []
310 :: Rewards 200.111 :: steps: 1.00 :: Time: 0.015(0.01514/step) :: Entropy : 0.000 :: Grads : []
320 :: Rewards 207.308 :: steps: 1.00 :: Time: 0.015(0.01520/step) :: Entropy : 0.000 :: Grads : []
330 :: Rewards 214.557 :: steps: 1.00 :: Time: 0.016(0.01562/step) :: Entropy : 0.000 :: Grads : []
340 :: Rewards 221.772 :: steps: 1.00 :: Time: 0.016(0.01563/step) :: Entropy : 0.000 :: Grads : []
350 :: Rewards 228.978 :: steps: 1.00 :: Time: 0.016(0.01594/step) :: Entropy : 0.000 :: Grads : []
360 :: Rewards 236.192 :: steps: 1.00 :: Time: 0.016(0.01612/step) :: Entropy : 0.000 :: Grads : []
370 :: Rewards 243.396 :: steps: 1.00 :: Time: 0.016(0.01626/step) :: Entropy : 0.000 :: Grads : []
380 :: Rewards 250.639 :: steps: 1.00 :: Time: 0.016(0.01635/step) :: Entropy : 0.000 :: Grads : []
390 :: Rewards 257.862 :: steps: 1.00 :: Time: 0.017(0.01697/step) :: Entropy : 0.000 :: Grads : []
400 :: Rewards 265.063 :: steps: 1.00 :: Time: 0.017(0.01707/step) :: Entropy : 0.000 :: Grads : []
410 :: Rewards 272.269 :: steps: 1.00 :: Time: 0.017(0.01683/step) :: Entropy : 0.000 :: Grads : []
420 :: Rewards 279.464 :: steps: 1.00 :: Time: 0.017(0.01730/step) :: Entropy : 0.000 :: Grads : []
430 :: Rewards 286.639 :: steps: 1.00 :: Time: 0.017(0.01734/step) :: Entropy : 0.000 :: Grads : []
440 :: Rewards 293.850 :: steps: 1.00 :: Time: 0.017(0.01743/step) :: Entropy : 0.000 :: Grads : []
450 :: Rewards 301.071 :: steps: 1.00 :: Time: 0.017(0.01746/step) :: Entropy : 0.000 :: Grads : []
460 :: Rewards 308.250 :: steps: 1.00 :: Time: 0.018(0.01757/step) :: Entropy : 0.000 :: Grads : []
470 :: Rewards 315.468 :: steps: 1.00 :: Time: 0.018(0.01763/step) :: Entropy : 0.000 :: Grads : []
480 :: Rewards 322.666 :: steps: 1.00 :: Time: 0.018(0.01770/step) :: Entropy : 0.000 :: Grads : []
490 :: Rewards 329.829 :: steps: 1.00 :: Time: 0.018(0.01776/step) :: Entropy : 0.000 :: Grads : []
500 :: Rewards 337.028 :: steps: 1.00 :: Time: 0.018(0.01784/step) :: Entropy : 0.000 :: Grads : []
510 :: Rewards 344.227 :: steps: 1.00 :: Time: 0.018(0.01787/step) :: Entropy : 0.000 :: Grads : []
520 :: Rewards 351.457 :: steps: 1.00 :: Time: 0.018(0.01829/step) :: Entropy : 0.000 :: Grads : []
530 :: Rewards 358.647 :: steps: 1.00 :: Time: 0.018(0.01829/step) :: Entropy : 0.000 :: Grads : []
540 :: Rewards 365.857 :: steps: 1.00 :: Time: 0.018(0.01834/step) :: Entropy : 0.000 :: Grads : []
550 :: Rewards 373.057 :: steps: 1.00 :: Time: 0.018(0.01843/step) :: Entropy : 0.000 :: Grads : []
560 :: Rewards 380.274 :: steps: 1.00 :: Time: 0.018(0.01847/step) :: Entropy : 0.000 :: Grads : []
570 :: Rewards 387.495 :: steps: 1.00 :: Time: 0.019(0.01855/step) :: Entropy : 0.000 :: Grads : []
580 :: Rewards 394.718 :: steps: 1.00 :: Time: 0.019(0.01864/step) :: Entropy : 0.000 :: Grads : []
590 :: Rewards 401.919 :: steps: 1.00 :: Time: 0.019(0.01875/step) :: Entropy : 0.000 :: Grads : []
600 :: Rewards 409.100 :: steps: 1.00 :: Time: 0.019(0.01873/step) :: Entropy : 0.000 :: Grads : []
610 :: Rewards 416.335 :: steps: 1.00 :: Time: 0.019(0.01917/step) :: Entropy : 0.000 :: Grads : []
620 :: Rewards 423.513 :: steps: 1.00 :: Time: 0.019(0.01925/step) :: Entropy : 0.000 :: Grads : []
630 :: Rewards 430.755 :: steps: 1.00 :: Time: 0.019(0.01887/step) :: Entropy : 0.000 :: Grads : []
640 :: Rewards 437.954 :: steps: 1.00 :: Time: 0.019(0.01888/step) :: Entropy : 0.000 :: Grads : []
650 :: Rewards 445.134 :: steps: 1.00 :: Time: 0.019(0.01896/step) :: Entropy : 0.000 :: Grads : []
660 :: Rewards 452.328 :: steps: 1.00 :: Time: 0.019(0.01916/step) :: Entropy : 0.000 :: Grads : []
670 :: Rewards 459.532 :: steps: 1.00 :: Time: 0.019(0.01921/step) :: Entropy : 0.000 :: Grads : []
680 :: Rewards 466.748 :: steps: 1.00 :: Time: 0.019(0.01924/step) :: Entropy : 0.000 :: Grads : []
690 :: Rewards 473.961 :: steps: 1.00 :: Time: 0.019(0.01929/step) :: Entropy : 0.000 :: Grads : []
700 :: Rewards 481.152 :: steps: 1.00 :: Time: 0.019(0.01943/step) :: Entropy : 0.000 :: Grads : []
710 :: Rewards 488.350 :: steps: 1.00 :: Time: 0.020(0.01957/step) :: Entropy : 0.000 :: Grads : []
720 :: Rewards 495.609 :: steps: 1.00 :: Time: 0.020(0.01961/step) :: Entropy : 0.000 :: Grads : []
730 :: Rewards 502.823 :: steps: 1.00 :: Time: 0.020(0.01970/step) :: Entropy : 0.000 :: Grads : []
740 :: Rewards 510.030 :: steps: 1.00 :: Time: 0.020(0.01973/step) :: Entropy : 0.000 :: Grads : []
750 :: Rewards 517.265 :: steps: 1.00 :: Time: 0.020(0.01986/step) :: Entropy : 0.000 :: Grads : []
760 :: Rewards 524.438 :: steps: 1.00 :: Time: 0.020(0.02004/step) :: Entropy : 0.000 :: Grads : []
770 :: Rewards 531.651 :: steps: 1.00 :: Time: 0.020(0.02013/step) :: Entropy : 0.000 :: Grads : []
780 :: Rewards 538.862 :: steps: 1.00 :: Time: 0.020(0.02032/step) :: Entropy : 0.000 :: Grads : []
790 :: Rewards 546.057 :: steps: 1.00 :: Time: 0.020(0.02034/step) :: Entropy : 0.000 :: Grads : []
800 :: Rewards 553.208 :: steps: 1.00 :: Time: 0.020(0.02042/step) :: Entropy : 0.000 :: Grads : []
810 :: Rewards 560.429 :: steps: 1.00 :: Time: 0.020(0.02049/step) :: Entropy : 0.000 :: Grads : []
820 :: Rewards 567.662 :: steps: 1.00 :: Time: 0.021(0.02073/step) :: Entropy : 0.000 :: Grads : []
830 :: Rewards 574.879 :: steps: 1.00 :: Time: 0.021(0.02075/step) :: Entropy : 0.000 :: Grads : []
840 :: Rewards 582.087 :: steps: 1.00 :: Time: 0.021(0.02070/step) :: Entropy : 0.000 :: Grads : []
850 :: Rewards 589.264 :: steps: 1.00 :: Time: 0.021(0.02078/step) :: Entropy : 0.000 :: Grads : []
860 :: Rewards 596.533 :: steps: 1.00 :: Time: 0.021(0.02080/step) :: Entropy : 0.000 :: Grads : []
870 :: Rewards 603.738 :: steps: 1.00 :: Time: 0.021(0.02095/step) :: Entropy : 0.000 :: Grads : []
880 :: Rewards 610.941 :: steps: 1.00 :: Time: 0.021(0.02082/step) :: Entropy : 0.000 :: Grads : []
890 :: Rewards 618.135 :: steps: 1.00 :: Time: 0.021(0.02084/step) :: Entropy : 0.000 :: Grads : []
900 :: Rewards 625.336 :: steps: 1.00 :: Time: 0.021(0.02088/step) :: Entropy : 0.000 :: Grads : []
910 :: Rewards 632.532 :: steps: 1.00 :: Time: 0.021(0.02102/step) :: Entropy : 0.000 :: Grads : []
920 :: Rewards 639.744 :: steps: 1.00 :: Time: 0.021(0.02098/step) :: Entropy : 0.000 :: Grads : []
930 :: Rewards 646.946 :: steps: 1.00 :: Time: 0.021(0.02101/step) :: Entropy : 0.000 :: Grads : []
940 :: Rewards 654.112 :: steps: 1.00 :: Time: 0.021(0.02100/step) :: Entropy : 0.000 :: Grads : []
950 :: Rewards 661.303 :: steps: 1.00 :: Time: 0.021(0.02105/step) :: Entropy : 0.000 :: Grads : []
960 :: Rewards 668.484 :: steps: 1.00 :: Time: 0.021(0.02117/step) :: Entropy : 0.000 :: Grads : []
970 :: Rewards 675.706 :: steps: 1.00 :: Time: 0.021(0.02106/step) :: Entropy : 0.000 :: Grads : []
980 :: Rewards 682.870 :: steps: 1.00 :: Time: 0.021(0.02116/step) :: Entropy : 0.000 :: Grads : []
990 :: Rewards 690.055 :: steps: 1.00 :: Time: 0.021(0.02121/step) :: Entropy : 0.000 :: Grads : []
999 :: Rewards 696.525 :: steps: 0.90 :: Time: 0.019(0.02128/step) :: Entropy : 0.000 :: Grads : []
Total time taken: 17.388492822647095
