Module path:  Environments.NS_Reco NS_Reco
Dynamically loaded from:  <class 'Environments.NS_Reco.NS_Reco'>
Reward Amplitudes: [4.17022005e-01 7.20324493e-01 1.14374817e-04 3.02332573e-01
 1.46755891e-01] :: Avg 0.317309867282206 
Module path:  Src.Algorithms.ProWLS ProWLS
Dynamically loaded from:  <class 'Src.Algorithms.ProWLS.ProWLS'>
=====Configurations=====
 Namespace(NN_basis_dim='32', Policy_basis_dim='32', actor_lr=0.0017966647558361548, algo_name='ProWLS', base=0, batch_size=1000, buffer_size=1000, debug=False, delta=1, entropy_lambda=0.006997441955638448, env_name='NS_Reco', experiment='NS_1r_', extrapolator_basis='Fourier', folder_suffix='Default', fourier_coupled=True, fourier_k=3, fourier_order=3, gamma=0.99, gauss_std=1.5, gpu=0, hyper='default', importance_clip=10.0, inc=1, log_output='term_file', max_episodes=1000, max_inner=30, max_steps=500, optim='rmsprop', oracle=-1, raw_basis=True, restore=False, save_count=100, save_model=True, seed=26, speed=1, state_lr=0.001, summary=True, swarm=False, timestamp='5|25|11:58:26')
Actions space: 5 :: State space: 1
State Low: tensor([0.]) :: State High: tensor([1.])
State features:  [('dummy_param', torch.Size([1]))]
Policy:  [('fc1.weight', torch.Size([5, 1])), ('fc1.bias', torch.Size([5]))]
0 :: Rewards -0.008 :: steps: 0.10 :: Time: 0.000(0.00074/step) :: Entropy : 0.000 :: Grads : []
10 :: Rewards -0.145 :: steps: 1.00 :: Time: 0.015(0.01548/step) :: Entropy : 0.000 :: Grads : []
20 :: Rewards -0.275 :: steps: 1.00 :: Time: 0.019(0.01933/step) :: Entropy : 0.000 :: Grads : []
30 :: Rewards -0.559 :: steps: 1.00 :: Time: 0.020(0.01998/step) :: Entropy : 0.000 :: Grads : []
40 :: Rewards -0.733 :: steps: 1.00 :: Time: 0.020(0.01964/step) :: Entropy : 0.000 :: Grads : []
50 :: Rewards -0.813 :: steps: 1.00 :: Time: 0.020(0.01972/step) :: Entropy : 0.000 :: Grads : []
60 :: Rewards -1.000 :: steps: 1.00 :: Time: 0.020(0.02011/step) :: Entropy : 0.000 :: Grads : []
70 :: Rewards -1.258 :: steps: 1.00 :: Time: 0.020(0.02036/step) :: Entropy : 0.000 :: Grads : []
80 :: Rewards -1.258 :: steps: 1.00 :: Time: 0.021(0.02067/step) :: Entropy : 0.000 :: Grads : []
90 :: Rewards -1.258 :: steps: 1.00 :: Time: 0.021(0.02091/step) :: Entropy : 0.000 :: Grads : []
100 :: Rewards -1.610 :: steps: 1.00 :: Time: 0.021(0.02117/step) :: Entropy : 0.000 :: Grads : []
110 :: Rewards -2.015 :: steps: 1.00 :: Time: 0.022(0.02177/step) :: Entropy : 0.000 :: Grads : []
120 :: Rewards -2.557 :: steps: 1.00 :: Time: 0.022(0.02201/step) :: Entropy : 0.000 :: Grads : []
130 :: Rewards -2.557 :: steps: 1.00 :: Time: 0.022(0.02238/step) :: Entropy : 0.000 :: Grads : []
140 :: Rewards -2.732 :: steps: 1.00 :: Time: 0.023(0.02314/step) :: Entropy : 0.000 :: Grads : []
150 :: Rewards -2.732 :: steps: 1.00 :: Time: 0.023(0.02321/step) :: Entropy : 0.000 :: Grads : []
160 :: Rewards -2.732 :: steps: 1.00 :: Time: 0.024(0.02376/step) :: Entropy : 0.000 :: Grads : []
170 :: Rewards -3.105 :: steps: 1.00 :: Time: 0.024(0.02400/step) :: Entropy : 0.000 :: Grads : []
180 :: Rewards -4.004 :: steps: 1.00 :: Time: 0.025(0.02451/step) :: Entropy : 0.000 :: Grads : []
190 :: Rewards -4.004 :: steps: 1.00 :: Time: 0.028(0.02845/step) :: Entropy : 0.000 :: Grads : []
200 :: Rewards -4.954 :: steps: 1.00 :: Time: 0.029(0.02888/step) :: Entropy : 0.000 :: Grads : []
210 :: Rewards -4.954 :: steps: 1.00 :: Time: 0.028(0.02778/step) :: Entropy : 0.000 :: Grads : []
220 :: Rewards -4.954 :: steps: 1.00 :: Time: 0.029(0.02950/step) :: Entropy : 0.000 :: Grads : []
230 :: Rewards -4.954 :: steps: 1.00 :: Time: 0.031(0.03052/step) :: Entropy : 0.000 :: Grads : []
240 :: Rewards -5.234 :: steps: 1.00 :: Time: 0.031(0.03078/step) :: Entropy : 0.000 :: Grads : []
250 :: Rewards -5.599 :: steps: 1.00 :: Time: 0.031(0.03056/step) :: Entropy : 0.000 :: Grads : []
260 :: Rewards -6.264 :: steps: 1.00 :: Time: 0.032(0.03186/step) :: Entropy : 0.000 :: Grads : []
270 :: Rewards -6.264 :: steps: 1.00 :: Time: 0.032(0.03234/step) :: Entropy : 0.000 :: Grads : []
280 :: Rewards -6.264 :: steps: 1.00 :: Time: 0.033(0.03271/step) :: Entropy : 0.000 :: Grads : []
290 :: Rewards -6.264 :: steps: 1.00 :: Time: 0.034(0.03357/step) :: Entropy : 0.000 :: Grads : []
300 :: Rewards -7.522 :: steps: 1.00 :: Time: 0.034(0.03437/step) :: Entropy : 0.000 :: Grads : []
310 :: Rewards -7.522 :: steps: 1.00 :: Time: 0.036(0.03557/step) :: Entropy : 0.000 :: Grads : []
320 :: Rewards -7.522 :: steps: 1.00 :: Time: 0.037(0.03695/step) :: Entropy : 0.000 :: Grads : []
330 :: Rewards -8.085 :: steps: 1.00 :: Time: 0.038(0.03801/step) :: Entropy : 0.000 :: Grads : []
340 :: Rewards -8.085 :: steps: 1.00 :: Time: 0.039(0.03901/step) :: Entropy : 0.000 :: Grads : []
350 :: Rewards -8.085 :: steps: 1.00 :: Time: 0.040(0.03952/step) :: Entropy : 0.000 :: Grads : []
360 :: Rewards -8.085 :: steps: 1.00 :: Time: 0.040(0.04016/step) :: Entropy : 0.000 :: Grads : []
370 :: Rewards -8.085 :: steps: 1.00 :: Time: 0.041(0.04146/step) :: Entropy : 0.000 :: Grads : []
380 :: Rewards -9.247 :: steps: 1.00 :: Time: 0.042(0.04222/step) :: Entropy : 0.000 :: Grads : []
390 :: Rewards -9.247 :: steps: 1.00 :: Time: 0.043(0.04296/step) :: Entropy : 0.000 :: Grads : []
400 :: Rewards -9.247 :: steps: 1.00 :: Time: 0.044(0.04371/step) :: Entropy : 0.000 :: Grads : []
410 :: Rewards -9.247 :: steps: 1.00 :: Time: 0.045(0.04503/step) :: Entropy : 0.000 :: Grads : []
420 :: Rewards -9.247 :: steps: 1.00 :: Time: 0.047(0.04693/step) :: Entropy : 0.000 :: Grads : []
430 :: Rewards -9.247 :: steps: 1.00 :: Time: 0.048(0.04765/step) :: Entropy : 0.000 :: Grads : []
440 :: Rewards -9.247 :: steps: 1.00 :: Time: 0.049(0.04902/step) :: Entropy : 0.000 :: Grads : []
450 :: Rewards -9.961 :: steps: 1.00 :: Time: 0.049(0.04949/step) :: Entropy : 0.000 :: Grads : []
460 :: Rewards -11.101 :: steps: 1.00 :: Time: 0.050(0.05044/step) :: Entropy : 0.000 :: Grads : []
470 :: Rewards -11.101 :: steps: 1.00 :: Time: 0.047(0.04737/step) :: Entropy : 0.000 :: Grads : []
480 :: Rewards -11.101 :: steps: 1.00 :: Time: 0.042(0.04198/step) :: Entropy : 0.000 :: Grads : []
490 :: Rewards -11.422 :: steps: 1.00 :: Time: 0.043(0.04324/step) :: Entropy : 0.000 :: Grads : []
500 :: Rewards -11.422 :: steps: 1.00 :: Time: 0.045(0.04514/step) :: Entropy : 0.000 :: Grads : []
510 :: Rewards -11.422 :: steps: 1.00 :: Time: 0.045(0.04521/step) :: Entropy : 0.000 :: Grads : []
520 :: Rewards -11.422 :: steps: 1.00 :: Time: 0.046(0.04596/step) :: Entropy : 0.000 :: Grads : []
530 :: Rewards -11.422 :: steps: 1.00 :: Time: 0.046(0.04631/step) :: Entropy : 0.000 :: Grads : []
540 :: Rewards -11.422 :: steps: 1.00 :: Time: 0.047(0.04713/step) :: Entropy : 0.000 :: Grads : []
550 :: Rewards -11.422 :: steps: 1.00 :: Time: 0.048(0.04798/step) :: Entropy : 0.000 :: Grads : []
560 :: Rewards -11.422 :: steps: 1.00 :: Time: 0.050(0.04979/step) :: Entropy : 0.000 :: Grads : []
570 :: Rewards -11.422 :: steps: 1.00 :: Time: 0.051(0.05051/step) :: Entropy : 0.000 :: Grads : []
580 :: Rewards -11.422 :: steps: 1.00 :: Time: 0.052(0.05196/step) :: Entropy : 0.000 :: Grads : []
590 :: Rewards -11.422 :: steps: 1.00 :: Time: 0.054(0.05369/step) :: Entropy : 0.000 :: Grads : []
600 :: Rewards -11.422 :: steps: 1.00 :: Time: 0.053(0.05327/step) :: Entropy : 0.000 :: Grads : []
610 :: Rewards -11.422 :: steps: 1.00 :: Time: 0.054(0.05436/step) :: Entropy : 0.000 :: Grads : []
620 :: Rewards -11.422 :: steps: 1.00 :: Time: 0.056(0.05551/step) :: Entropy : 0.000 :: Grads : []
630 :: Rewards -11.422 :: steps: 1.00 :: Time: 0.057(0.05713/step) :: Entropy : 0.000 :: Grads : []
640 :: Rewards -11.422 :: steps: 1.00 :: Time: 0.058(0.05833/step) :: Entropy : 0.000 :: Grads : []
650 :: Rewards -11.422 :: steps: 1.00 :: Time: 0.060(0.06037/step) :: Entropy : 0.000 :: Grads : []
660 :: Rewards -11.422 :: steps: 1.00 :: Time: 0.062(0.06207/step) :: Entropy : 0.000 :: Grads : []
670 :: Rewards -11.422 :: steps: 1.00 :: Time: 0.064(0.06430/step) :: Entropy : 0.000 :: Grads : []
680 :: Rewards -11.422 :: steps: 1.00 :: Time: 0.066(0.06644/step) :: Entropy : 0.000 :: Grads : []
690 :: Rewards -11.422 :: steps: 1.00 :: Time: 0.068(0.06844/step) :: Entropy : 0.000 :: Grads : []
700 :: Rewards -11.846 :: steps: 1.00 :: Time: 0.070(0.06964/step) :: Entropy : 0.000 :: Grads : []
710 :: Rewards -12.258 :: steps: 1.00 :: Time: 0.072(0.07221/step) :: Entropy : 0.000 :: Grads : []
720 :: Rewards -12.268 :: steps: 1.00 :: Time: 0.074(0.07442/step) :: Entropy : 0.000 :: Grads : []
730 :: Rewards -12.346 :: steps: 1.00 :: Time: 0.076(0.07598/step) :: Entropy : 0.000 :: Grads : []
740 :: Rewards -12.552 :: steps: 1.00 :: Time: 0.077(0.07685/step) :: Entropy : 0.000 :: Grads : []
750 :: Rewards -12.993 :: steps: 1.00 :: Time: 0.079(0.07915/step) :: Entropy : 0.000 :: Grads : []
760 :: Rewards -13.620 :: steps: 1.00 :: Time: 0.084(0.08359/step) :: Entropy : 0.000 :: Grads : []
770 :: Rewards -14.441 :: steps: 1.00 :: Time: 0.084(0.08382/step) :: Entropy : 0.000 :: Grads : []
780 :: Rewards -15.396 :: steps: 1.00 :: Time: 0.085(0.08511/step) :: Entropy : 0.000 :: Grads : []
790 :: Rewards -16.481 :: steps: 1.00 :: Time: 0.087(0.08708/step) :: Entropy : 0.000 :: Grads : []
800 :: Rewards -17.244 :: steps: 1.00 :: Time: 0.087(0.08717/step) :: Entropy : 0.000 :: Grads : []
810 :: Rewards -17.400 :: steps: 1.00 :: Time: 0.087(0.08722/step) :: Entropy : 0.000 :: Grads : []
820 :: Rewards -17.400 :: steps: 1.00 :: Time: 0.089(0.08887/step) :: Entropy : 0.000 :: Grads : []
830 :: Rewards -17.493 :: steps: 1.00 :: Time: 0.091(0.09129/step) :: Entropy : 0.000 :: Grads : []
840 :: Rewards -17.493 :: steps: 1.00 :: Time: 0.093(0.09289/step) :: Entropy : 0.000 :: Grads : []
850 :: Rewards -17.493 :: steps: 1.00 :: Time: 0.095(0.09532/step) :: Entropy : 0.000 :: Grads : []
860 :: Rewards -17.644 :: steps: 1.00 :: Time: 0.097(0.09702/step) :: Entropy : 0.000 :: Grads : []
870 :: Rewards -17.791 :: steps: 1.00 :: Time: 0.100(0.09964/step) :: Entropy : 0.000 :: Grads : []
880 :: Rewards -17.924 :: steps: 1.00 :: Time: 0.103(0.10303/step) :: Entropy : 0.000 :: Grads : []
890 :: Rewards -17.924 :: steps: 1.00 :: Time: 0.105(0.10525/step) :: Entropy : 0.000 :: Grads : []
900 :: Rewards -17.924 :: steps: 1.00 :: Time: 0.108(0.10762/step) :: Entropy : 0.000 :: Grads : []
910 :: Rewards -17.924 :: steps: 1.00 :: Time: 0.110(0.11020/step) :: Entropy : 0.000 :: Grads : []
920 :: Rewards -17.924 :: steps: 1.00 :: Time: 0.112(0.11194/step) :: Entropy : 0.000 :: Grads : []
930 :: Rewards -17.924 :: steps: 1.00 :: Time: 0.115(0.11506/step) :: Entropy : 0.000 :: Grads : []
940 :: Rewards -17.979 :: steps: 1.00 :: Time: 0.118(0.11754/step) :: Entropy : 0.000 :: Grads : []
950 :: Rewards -18.080 :: steps: 1.00 :: Time: 0.120(0.11985/step) :: Entropy : 0.000 :: Grads : []
960 :: Rewards -18.080 :: steps: 1.00 :: Time: 0.123(0.12267/step) :: Entropy : 0.000 :: Grads : []
970 :: Rewards -18.678 :: steps: 1.00 :: Time: 0.126(0.12555/step) :: Entropy : 0.000 :: Grads : []
980 :: Rewards -18.856 :: steps: 1.00 :: Time: 0.130(0.12960/step) :: Entropy : 0.000 :: Grads : []
990 :: Rewards -19.220 :: steps: 1.00 :: Time: 0.122(0.12160/step) :: Entropy : 0.000 :: Grads : []
999 :: Rewards -19.544 :: steps: 0.90 :: Time: 0.098(0.10834/step) :: Entropy : 0.000 :: Grads : []
Total time taken: 56.80119204521179
