Module path:  Environments.NS_Reco NS_Reco
Dynamically loaded from:  <class 'Environments.NS_Reco.NS_Reco'>
Reward Amplitudes: [4.17022005e-01 7.20324493e-01 1.14374817e-04 3.02332573e-01
 1.46755891e-01] :: Avg 0.317309867282206 
Module path:  Src.Algorithms.OFPG OFPG
Dynamically loaded from:  <class 'Src.Algorithms.OFPG.OFPG'>
=====Configurations=====
 Namespace(NN_basis_dim='32', Policy_basis_dim='32', actor_lr=0.0008539732050307968, algo_name='OFPG', base=0, batch_size=1000, buffer_size=1000, debug=False, delta=1, entropy_lambda=0.042883020256458786, env_name='NS_Reco', experiment='NS_0r_', extrapolator_basis='Fourier', folder_suffix='Default', fourier_coupled=True, fourier_k=7, fourier_order=3, gamma=0.99, gauss_std=1.5, gpu=0, hyper='default', importance_clip=15.0, inc=1, log_output='term_file', max_episodes=1000, max_inner=20, max_steps=500, optim='rmsprop', oracle=-1, raw_basis=True, restore=False, save_count=100, save_model=True, seed=0, speed=0, state_lr=0.001, summary=True, swarm=False, timestamp='5|25|11:53:56')
Actions space: 5 :: State space: 1
State Low: tensor([0.]) :: State High: tensor([1.])
State features:  [('dummy_param', torch.Size([1]))]
Policy:  [('fc1.weight', torch.Size([5, 1])), ('fc1.bias', torch.Size([5]))]
0 :: Rewards -0.745 :: steps: 0.10 :: Time: 0.001(0.01373/step) :: Entropy : 0.000 :: Grads : []
10 :: Rewards -3.643 :: steps: 1.00 :: Time: 0.010(0.00976/step) :: Entropy : 0.000 :: Grads : []
20 :: Rewards -5.552 :: steps: 1.00 :: Time: 0.010(0.00981/step) :: Entropy : 0.000 :: Grads : []
30 :: Rewards -6.455 :: steps: 1.00 :: Time: 0.010(0.00970/step) :: Entropy : 0.000 :: Grads : []
40 :: Rewards -7.034 :: steps: 1.00 :: Time: 0.010(0.00956/step) :: Entropy : 0.000 :: Grads : []
50 :: Rewards -9.074 :: steps: 1.00 :: Time: 0.010(0.00964/step) :: Entropy : 0.000 :: Grads : []
60 :: Rewards -9.790 :: steps: 1.00 :: Time: 0.010(0.00961/step) :: Entropy : 0.000 :: Grads : []
70 :: Rewards -9.790 :: steps: 1.00 :: Time: 0.010(0.00975/step) :: Entropy : 0.000 :: Grads : []
80 :: Rewards -9.790 :: steps: 1.00 :: Time: 0.010(0.01020/step) :: Entropy : 0.000 :: Grads : []
90 :: Rewards -10.371 :: steps: 1.00 :: Time: 0.010(0.01026/step) :: Entropy : 0.000 :: Grads : []
100 :: Rewards -10.371 :: steps: 1.00 :: Time: 0.010(0.01022/step) :: Entropy : 0.000 :: Grads : []
110 :: Rewards -10.371 :: steps: 1.00 :: Time: 0.010(0.01025/step) :: Entropy : 0.000 :: Grads : []
120 :: Rewards -10.371 :: steps: 1.00 :: Time: 0.010(0.01035/step) :: Entropy : 0.000 :: Grads : []
130 :: Rewards -10.371 :: steps: 1.00 :: Time: 0.011(0.01067/step) :: Entropy : 0.000 :: Grads : []
140 :: Rewards -10.371 :: steps: 1.00 :: Time: 0.011(0.01076/step) :: Entropy : 0.000 :: Grads : []
150 :: Rewards -10.371 :: steps: 1.00 :: Time: 0.011(0.01108/step) :: Entropy : 0.000 :: Grads : []
160 :: Rewards -10.371 :: steps: 1.00 :: Time: 0.011(0.01083/step) :: Entropy : 0.000 :: Grads : []
170 :: Rewards -10.371 :: steps: 1.00 :: Time: 0.011(0.01098/step) :: Entropy : 0.000 :: Grads : []
180 :: Rewards -10.371 :: steps: 1.00 :: Time: 0.011(0.01102/step) :: Entropy : 0.000 :: Grads : []
190 :: Rewards -10.371 :: steps: 1.00 :: Time: 0.011(0.01138/step) :: Entropy : 0.000 :: Grads : []
200 :: Rewards -10.371 :: steps: 1.00 :: Time: 0.011(0.01131/step) :: Entropy : 0.000 :: Grads : []
210 :: Rewards -10.371 :: steps: 1.00 :: Time: 0.012(0.01183/step) :: Entropy : 0.000 :: Grads : []
220 :: Rewards -10.371 :: steps: 1.00 :: Time: 0.012(0.01204/step) :: Entropy : 0.000 :: Grads : []
230 :: Rewards -10.371 :: steps: 1.00 :: Time: 0.012(0.01164/step) :: Entropy : 0.000 :: Grads : []
240 :: Rewards -10.371 :: steps: 1.00 :: Time: 0.012(0.01203/step) :: Entropy : 0.000 :: Grads : []
250 :: Rewards -10.371 :: steps: 1.00 :: Time: 0.012(0.01211/step) :: Entropy : 0.000 :: Grads : []
260 :: Rewards -10.371 :: steps: 1.00 :: Time: 0.012(0.01239/step) :: Entropy : 0.000 :: Grads : []
270 :: Rewards -10.371 :: steps: 1.00 :: Time: 0.013(0.01294/step) :: Entropy : 0.000 :: Grads : []
280 :: Rewards -10.371 :: steps: 1.00 :: Time: 0.012(0.01248/step) :: Entropy : 0.000 :: Grads : []
290 :: Rewards -10.371 :: steps: 1.00 :: Time: 0.013(0.01288/step) :: Entropy : 0.000 :: Grads : []
300 :: Rewards -10.371 :: steps: 1.00 :: Time: 0.013(0.01301/step) :: Entropy : 0.000 :: Grads : []
310 :: Rewards -10.371 :: steps: 1.00 :: Time: 0.013(0.01281/step) :: Entropy : 0.000 :: Grads : []
320 :: Rewards -10.371 :: steps: 1.00 :: Time: 0.013(0.01325/step) :: Entropy : 0.000 :: Grads : []
330 :: Rewards -10.371 :: steps: 1.00 :: Time: 0.013(0.01322/step) :: Entropy : 0.000 :: Grads : []
340 :: Rewards -10.371 :: steps: 1.00 :: Time: 0.013(0.01318/step) :: Entropy : 0.000 :: Grads : []
350 :: Rewards -10.371 :: steps: 1.00 :: Time: 0.014(0.01407/step) :: Entropy : 0.000 :: Grads : []
360 :: Rewards -10.371 :: steps: 1.00 :: Time: 0.014(0.01366/step) :: Entropy : 0.000 :: Grads : []
370 :: Rewards -10.371 :: steps: 1.00 :: Time: 0.014(0.01375/step) :: Entropy : 0.000 :: Grads : []
380 :: Rewards -10.371 :: steps: 1.00 :: Time: 0.014(0.01394/step) :: Entropy : 0.000 :: Grads : []
390 :: Rewards -10.371 :: steps: 1.00 :: Time: 0.014(0.01425/step) :: Entropy : 0.000 :: Grads : []
400 :: Rewards -10.371 :: steps: 1.00 :: Time: 0.014(0.01417/step) :: Entropy : 0.000 :: Grads : []
410 :: Rewards -10.371 :: steps: 1.00 :: Time: 0.014(0.01441/step) :: Entropy : 0.000 :: Grads : []
420 :: Rewards -10.371 :: steps: 1.00 :: Time: 0.016(0.01554/step) :: Entropy : 0.000 :: Grads : []
430 :: Rewards -10.371 :: steps: 1.00 :: Time: 0.016(0.01587/step) :: Entropy : 0.000 :: Grads : []
440 :: Rewards -10.371 :: steps: 1.00 :: Time: 0.016(0.01589/step) :: Entropy : 0.000 :: Grads : []
450 :: Rewards -10.371 :: steps: 1.00 :: Time: 0.016(0.01587/step) :: Entropy : 0.000 :: Grads : []
460 :: Rewards -10.371 :: steps: 1.00 :: Time: 0.016(0.01606/step) :: Entropy : 0.000 :: Grads : []
470 :: Rewards -10.371 :: steps: 1.00 :: Time: 0.016(0.01590/step) :: Entropy : 0.000 :: Grads : []
480 :: Rewards -10.371 :: steps: 1.00 :: Time: 0.016(0.01619/step) :: Entropy : 0.000 :: Grads : []
490 :: Rewards -10.371 :: steps: 1.00 :: Time: 0.016(0.01642/step) :: Entropy : 0.000 :: Grads : []
500 :: Rewards -10.371 :: steps: 1.00 :: Time: 0.016(0.01617/step) :: Entropy : 0.000 :: Grads : []
510 :: Rewards -10.371 :: steps: 1.00 :: Time: 0.016(0.01643/step) :: Entropy : 0.000 :: Grads : []
520 :: Rewards -10.371 :: steps: 1.00 :: Time: 0.017(0.01677/step) :: Entropy : 0.000 :: Grads : []
530 :: Rewards -10.371 :: steps: 1.00 :: Time: 0.017(0.01735/step) :: Entropy : 0.000 :: Grads : []
540 :: Rewards -10.371 :: steps: 1.00 :: Time: 0.017(0.01741/step) :: Entropy : 0.000 :: Grads : []
550 :: Rewards -10.371 :: steps: 1.00 :: Time: 0.017(0.01722/step) :: Entropy : 0.000 :: Grads : []
560 :: Rewards -10.371 :: steps: 1.00 :: Time: 0.017(0.01733/step) :: Entropy : 0.000 :: Grads : []
570 :: Rewards -10.371 :: steps: 1.00 :: Time: 0.017(0.01731/step) :: Entropy : 0.000 :: Grads : []
580 :: Rewards -10.371 :: steps: 1.00 :: Time: 0.017(0.01730/step) :: Entropy : 0.000 :: Grads : []
590 :: Rewards -10.371 :: steps: 1.00 :: Time: 0.017(0.01742/step) :: Entropy : 0.000 :: Grads : []
600 :: Rewards -10.371 :: steps: 1.00 :: Time: 0.018(0.01752/step) :: Entropy : 0.000 :: Grads : []
610 :: Rewards -10.371 :: steps: 1.00 :: Time: 0.019(0.01877/step) :: Entropy : 0.000 :: Grads : []
620 :: Rewards -10.371 :: steps: 1.00 :: Time: 0.017(0.01664/step) :: Entropy : 0.000 :: Grads : []
630 :: Rewards -10.371 :: steps: 1.00 :: Time: 0.015(0.01478/step) :: Entropy : 0.000 :: Grads : []
640 :: Rewards -10.371 :: steps: 1.00 :: Time: 0.014(0.01442/step) :: Entropy : 0.000 :: Grads : []
650 :: Rewards -10.371 :: steps: 1.00 :: Time: 0.014(0.01412/step) :: Entropy : 0.000 :: Grads : []
660 :: Rewards -10.371 :: steps: 1.00 :: Time: 0.014(0.01419/step) :: Entropy : 0.000 :: Grads : []
670 :: Rewards -10.371 :: steps: 1.00 :: Time: 0.014(0.01444/step) :: Entropy : 0.000 :: Grads : []
680 :: Rewards -10.371 :: steps: 1.00 :: Time: 0.015(0.01475/step) :: Entropy : 0.000 :: Grads : []
690 :: Rewards -10.371 :: steps: 1.00 :: Time: 0.014(0.01419/step) :: Entropy : 0.000 :: Grads : []
700 :: Rewards -10.371 :: steps: 1.00 :: Time: 0.014(0.01440/step) :: Entropy : 0.000 :: Grads : []
710 :: Rewards -10.371 :: steps: 1.00 :: Time: 0.014(0.01432/step) :: Entropy : 0.000 :: Grads : []
720 :: Rewards -10.371 :: steps: 1.00 :: Time: 0.015(0.01462/step) :: Entropy : 0.000 :: Grads : []
730 :: Rewards -10.371 :: steps: 1.00 :: Time: 0.014(0.01449/step) :: Entropy : 0.000 :: Grads : []
740 :: Rewards -10.371 :: steps: 1.00 :: Time: 0.015(0.01506/step) :: Entropy : 0.000 :: Grads : []
750 :: Rewards -10.371 :: steps: 1.00 :: Time: 0.015(0.01523/step) :: Entropy : 0.000 :: Grads : []
760 :: Rewards -10.371 :: steps: 1.00 :: Time: 0.015(0.01536/step) :: Entropy : 0.000 :: Grads : []
770 :: Rewards -10.371 :: steps: 1.00 :: Time: 0.016(0.01558/step) :: Entropy : 0.000 :: Grads : []
780 :: Rewards -10.371 :: steps: 1.00 :: Time: 0.016(0.01592/step) :: Entropy : 0.000 :: Grads : []
790 :: Rewards -10.371 :: steps: 1.00 :: Time: 0.016(0.01570/step) :: Entropy : 0.000 :: Grads : []
800 :: Rewards -10.371 :: steps: 1.00 :: Time: 0.016(0.01578/step) :: Entropy : 0.000 :: Grads : []
810 :: Rewards -10.371 :: steps: 1.00 :: Time: 0.016(0.01573/step) :: Entropy : 0.000 :: Grads : []
820 :: Rewards -10.371 :: steps: 1.00 :: Time: 0.016(0.01591/step) :: Entropy : 0.000 :: Grads : []
830 :: Rewards -10.371 :: steps: 1.00 :: Time: 0.016(0.01632/step) :: Entropy : 0.000 :: Grads : []
840 :: Rewards -10.371 :: steps: 1.00 :: Time: 0.016(0.01638/step) :: Entropy : 0.000 :: Grads : []
850 :: Rewards -10.371 :: steps: 1.00 :: Time: 0.017(0.01665/step) :: Entropy : 0.000 :: Grads : []
860 :: Rewards -10.371 :: steps: 1.00 :: Time: 0.016(0.01646/step) :: Entropy : 0.000 :: Grads : []
870 :: Rewards -10.371 :: steps: 1.00 :: Time: 0.017(0.01653/step) :: Entropy : 0.000 :: Grads : []
880 :: Rewards -10.371 :: steps: 1.00 :: Time: 0.017(0.01672/step) :: Entropy : 0.000 :: Grads : []
890 :: Rewards -10.371 :: steps: 1.00 :: Time: 0.017(0.01654/step) :: Entropy : 0.000 :: Grads : []
900 :: Rewards -10.371 :: steps: 1.00 :: Time: 0.017(0.01700/step) :: Entropy : 0.000 :: Grads : []
910 :: Rewards -10.371 :: steps: 1.00 :: Time: 0.017(0.01710/step) :: Entropy : 0.000 :: Grads : []
920 :: Rewards -10.371 :: steps: 1.00 :: Time: 0.017(0.01710/step) :: Entropy : 0.000 :: Grads : []
930 :: Rewards -10.371 :: steps: 1.00 :: Time: 0.017(0.01724/step) :: Entropy : 0.000 :: Grads : []
940 :: Rewards -10.371 :: steps: 1.00 :: Time: 0.017(0.01725/step) :: Entropy : 0.000 :: Grads : []
950 :: Rewards -10.371 :: steps: 1.00 :: Time: 0.017(0.01736/step) :: Entropy : 0.000 :: Grads : []
960 :: Rewards -10.371 :: steps: 1.00 :: Time: 0.017(0.01750/step) :: Entropy : 0.000 :: Grads : []
970 :: Rewards -10.371 :: steps: 1.00 :: Time: 0.018(0.01762/step) :: Entropy : 0.000 :: Grads : []
980 :: Rewards -10.371 :: steps: 1.00 :: Time: 0.018(0.01775/step) :: Entropy : 0.000 :: Grads : []
990 :: Rewards -10.371 :: steps: 1.00 :: Time: 0.018(0.01803/step) :: Entropy : 0.000 :: Grads : []
999 :: Rewards -10.371 :: steps: 0.90 :: Time: 0.016(0.01821/step) :: Entropy : 0.000 :: Grads : []
Total time taken: 14.463135957717896
