Module path:  Environments.NS_Reco NS_Reco
Dynamically loaded from:  <class 'Environments.NS_Reco.NS_Reco'>
Reward Amplitudes: [4.17022005e-01 7.20324493e-01 1.14374817e-04 3.02332573e-01
 1.46755891e-01] :: Avg 0.317309867282206 
Module path:  Src.Algorithms.OFPG OFPG
Dynamically loaded from:  <class 'Src.Algorithms.OFPG.OFPG'>
=====Configurations=====
 Namespace(NN_basis_dim='32', Policy_basis_dim='32', actor_lr=0.0008539732050307968, algo_name='OFPG', base=0, batch_size=1000, buffer_size=1000, debug=False, delta=1, entropy_lambda=0.042883020256458786, env_name='NS_Reco', experiment='NS_0r_', extrapolator_basis='Fourier', folder_suffix='Default', fourier_coupled=True, fourier_k=7, fourier_order=3, gamma=0.99, gauss_std=1.5, gpu=0, hyper='default', importance_clip=15.0, inc=1, log_output='term_file', max_episodes=1000, max_inner=20, max_steps=500, optim='rmsprop', oracle=-1, raw_basis=True, restore=False, save_count=100, save_model=True, seed=10, speed=0, state_lr=0.001, summary=True, swarm=False, timestamp='5|25|11:56:38')
Actions space: 5 :: State space: 1
State Low: tensor([0.]) :: State High: tensor([1.])
State features:  [('dummy_param', torch.Size([1]))]
Policy:  [('fc1.weight', torch.Size([5, 1])), ('fc1.bias', torch.Size([5]))]
0 :: Rewards -0.719 :: steps: 0.10 :: Time: 0.001(0.01093/step) :: Entropy : 0.000 :: Grads : []
10 :: Rewards -4.461 :: steps: 1.00 :: Time: 0.009(0.00897/step) :: Entropy : 0.000 :: Grads : []
20 :: Rewards -8.246 :: steps: 1.00 :: Time: 0.009(0.00936/step) :: Entropy : 0.000 :: Grads : []
30 :: Rewards -10.162 :: steps: 1.00 :: Time: 0.009(0.00933/step) :: Entropy : 0.000 :: Grads : []
40 :: Rewards -13.930 :: steps: 1.00 :: Time: 0.009(0.00926/step) :: Entropy : 0.000 :: Grads : []
50 :: Rewards -17.069 :: steps: 1.00 :: Time: 0.009(0.00941/step) :: Entropy : 0.000 :: Grads : []
60 :: Rewards -19.528 :: steps: 1.00 :: Time: 0.009(0.00922/step) :: Entropy : 0.000 :: Grads : []
70 :: Rewards -22.310 :: steps: 1.00 :: Time: 0.009(0.00941/step) :: Entropy : 0.000 :: Grads : []
80 :: Rewards -24.760 :: steps: 1.00 :: Time: 0.009(0.00946/step) :: Entropy : 0.000 :: Grads : []
90 :: Rewards -26.676 :: steps: 1.00 :: Time: 0.009(0.00946/step) :: Entropy : 0.000 :: Grads : []
100 :: Rewards -28.753 :: steps: 1.00 :: Time: 0.010(0.00960/step) :: Entropy : 0.000 :: Grads : []
110 :: Rewards -31.274 :: steps: 1.00 :: Time: 0.010(0.00986/step) :: Entropy : 0.000 :: Grads : []
120 :: Rewards -33.214 :: steps: 1.00 :: Time: 0.010(0.00972/step) :: Entropy : 0.000 :: Grads : []
130 :: Rewards -34.111 :: steps: 1.00 :: Time: 0.010(0.00994/step) :: Entropy : 0.000 :: Grads : []
140 :: Rewards -35.333 :: steps: 1.00 :: Time: 0.010(0.00997/step) :: Entropy : 0.000 :: Grads : []
150 :: Rewards -35.622 :: steps: 1.00 :: Time: 0.010(0.01019/step) :: Entropy : 0.000 :: Grads : []
160 :: Rewards -36.206 :: steps: 1.00 :: Time: 0.010(0.01039/step) :: Entropy : 0.000 :: Grads : []
170 :: Rewards -37.230 :: steps: 1.00 :: Time: 0.010(0.01037/step) :: Entropy : 0.000 :: Grads : []
180 :: Rewards -37.523 :: steps: 1.00 :: Time: 0.011(0.01053/step) :: Entropy : 0.000 :: Grads : []
190 :: Rewards -37.523 :: steps: 1.00 :: Time: 0.011(0.01062/step) :: Entropy : 0.000 :: Grads : []
200 :: Rewards -37.929 :: steps: 1.00 :: Time: 0.011(0.01070/step) :: Entropy : 0.000 :: Grads : []
210 :: Rewards -38.233 :: steps: 1.00 :: Time: 0.011(0.01052/step) :: Entropy : 0.000 :: Grads : []
220 :: Rewards -38.651 :: steps: 1.00 :: Time: 0.011(0.01059/step) :: Entropy : 0.000 :: Grads : []
230 :: Rewards -39.063 :: steps: 1.00 :: Time: 0.011(0.01082/step) :: Entropy : 0.000 :: Grads : []
240 :: Rewards -39.063 :: steps: 1.00 :: Time: 0.011(0.01101/step) :: Entropy : 0.000 :: Grads : []
250 :: Rewards -39.471 :: steps: 1.00 :: Time: 0.011(0.01119/step) :: Entropy : 0.000 :: Grads : []
260 :: Rewards -39.471 :: steps: 1.00 :: Time: 0.011(0.01146/step) :: Entropy : 0.000 :: Grads : []
270 :: Rewards -39.471 :: steps: 1.00 :: Time: 0.012(0.01168/step) :: Entropy : 0.000 :: Grads : []
280 :: Rewards -39.471 :: steps: 1.00 :: Time: 0.012(0.01188/step) :: Entropy : 0.000 :: Grads : []
290 :: Rewards -39.471 :: steps: 1.00 :: Time: 0.012(0.01183/step) :: Entropy : 0.000 :: Grads : []
300 :: Rewards -39.471 :: steps: 1.00 :: Time: 0.012(0.01207/step) :: Entropy : 0.000 :: Grads : []
310 :: Rewards -39.895 :: steps: 1.00 :: Time: 0.012(0.01221/step) :: Entropy : 0.000 :: Grads : []
320 :: Rewards -39.895 :: steps: 1.00 :: Time: 0.012(0.01231/step) :: Entropy : 0.000 :: Grads : []
330 :: Rewards -39.895 :: steps: 1.00 :: Time: 0.013(0.01267/step) :: Entropy : 0.000 :: Grads : []
340 :: Rewards -39.895 :: steps: 1.00 :: Time: 0.013(0.01251/step) :: Entropy : 0.000 :: Grads : []
350 :: Rewards -39.895 :: steps: 1.00 :: Time: 0.013(0.01263/step) :: Entropy : 0.000 :: Grads : []
360 :: Rewards -39.895 :: steps: 1.00 :: Time: 0.013(0.01269/step) :: Entropy : 0.000 :: Grads : []
370 :: Rewards -40.299 :: steps: 1.00 :: Time: 0.013(0.01296/step) :: Entropy : 0.000 :: Grads : []
380 :: Rewards -40.299 :: steps: 1.00 :: Time: 0.012(0.01191/step) :: Entropy : 0.000 :: Grads : []
390 :: Rewards -40.299 :: steps: 1.00 :: Time: 0.011(0.01149/step) :: Entropy : 0.000 :: Grads : []
400 :: Rewards -40.299 :: steps: 1.00 :: Time: 0.011(0.01110/step) :: Entropy : 0.000 :: Grads : []
410 :: Rewards -40.299 :: steps: 1.00 :: Time: 0.011(0.01120/step) :: Entropy : 0.000 :: Grads : []
420 :: Rewards -40.299 :: steps: 1.00 :: Time: 0.012(0.01167/step) :: Entropy : 0.000 :: Grads : []
430 :: Rewards -40.299 :: steps: 1.00 :: Time: 0.012(0.01179/step) :: Entropy : 0.000 :: Grads : []
440 :: Rewards -40.710 :: steps: 1.00 :: Time: 0.012(0.01206/step) :: Entropy : 0.000 :: Grads : []
450 :: Rewards -40.710 :: steps: 1.00 :: Time: 0.012(0.01240/step) :: Entropy : 0.000 :: Grads : []
460 :: Rewards -40.710 :: steps: 1.00 :: Time: 0.013(0.01263/step) :: Entropy : 0.000 :: Grads : []
470 :: Rewards -40.710 :: steps: 1.00 :: Time: 0.013(0.01296/step) :: Entropy : 0.000 :: Grads : []
480 :: Rewards -40.710 :: steps: 1.00 :: Time: 0.013(0.01278/step) :: Entropy : 0.000 :: Grads : []
490 :: Rewards -40.710 :: steps: 1.00 :: Time: 0.013(0.01279/step) :: Entropy : 0.000 :: Grads : []
500 :: Rewards -40.710 :: steps: 1.00 :: Time: 0.013(0.01254/step) :: Entropy : 0.000 :: Grads : []
510 :: Rewards -40.710 :: steps: 1.00 :: Time: 0.013(0.01278/step) :: Entropy : 0.000 :: Grads : []
520 :: Rewards -40.710 :: steps: 1.00 :: Time: 0.013(0.01313/step) :: Entropy : 0.000 :: Grads : []
530 :: Rewards -40.710 :: steps: 1.00 :: Time: 0.013(0.01326/step) :: Entropy : 0.000 :: Grads : []
540 :: Rewards -40.710 :: steps: 1.00 :: Time: 0.013(0.01319/step) :: Entropy : 0.000 :: Grads : []
550 :: Rewards -40.710 :: steps: 1.00 :: Time: 0.015(0.01509/step) :: Entropy : 0.000 :: Grads : []
560 :: Rewards -40.710 :: steps: 1.00 :: Time: 0.015(0.01506/step) :: Entropy : 0.000 :: Grads : []
570 :: Rewards -40.710 :: steps: 1.00 :: Time: 0.013(0.01341/step) :: Entropy : 0.000 :: Grads : []
580 :: Rewards -40.710 :: steps: 1.00 :: Time: 0.013(0.01347/step) :: Entropy : 0.000 :: Grads : []
590 :: Rewards -40.710 :: steps: 1.00 :: Time: 0.014(0.01364/step) :: Entropy : 0.000 :: Grads : []
600 :: Rewards -40.710 :: steps: 1.00 :: Time: 0.014(0.01362/step) :: Entropy : 0.000 :: Grads : []
610 :: Rewards -40.710 :: steps: 1.00 :: Time: 0.014(0.01366/step) :: Entropy : 0.000 :: Grads : []
620 :: Rewards -40.710 :: steps: 1.00 :: Time: 0.014(0.01369/step) :: Entropy : 0.000 :: Grads : []
630 :: Rewards -40.710 :: steps: 1.00 :: Time: 0.014(0.01375/step) :: Entropy : 0.000 :: Grads : []
640 :: Rewards -40.710 :: steps: 1.00 :: Time: 0.014(0.01382/step) :: Entropy : 0.000 :: Grads : []
650 :: Rewards -40.710 :: steps: 1.00 :: Time: 0.014(0.01395/step) :: Entropy : 0.000 :: Grads : []
660 :: Rewards -40.710 :: steps: 1.00 :: Time: 0.014(0.01385/step) :: Entropy : 0.000 :: Grads : []
670 :: Rewards -40.710 :: steps: 1.00 :: Time: 0.014(0.01430/step) :: Entropy : 0.000 :: Grads : []
680 :: Rewards -40.710 :: steps: 1.00 :: Time: 0.015(0.01450/step) :: Entropy : 0.000 :: Grads : []
690 :: Rewards -40.710 :: steps: 1.00 :: Time: 0.014(0.01449/step) :: Entropy : 0.000 :: Grads : []
700 :: Rewards -40.710 :: steps: 1.00 :: Time: 0.015(0.01474/step) :: Entropy : 0.000 :: Grads : []
710 :: Rewards -40.710 :: steps: 1.00 :: Time: 0.015(0.01484/step) :: Entropy : 0.000 :: Grads : []
720 :: Rewards -40.710 :: steps: 1.00 :: Time: 0.015(0.01478/step) :: Entropy : 0.000 :: Grads : []
730 :: Rewards -40.710 :: steps: 1.00 :: Time: 0.015(0.01483/step) :: Entropy : 0.000 :: Grads : []
740 :: Rewards -40.710 :: steps: 1.00 :: Time: 0.015(0.01511/step) :: Entropy : 0.000 :: Grads : []
750 :: Rewards -40.710 :: steps: 1.00 :: Time: 0.015(0.01525/step) :: Entropy : 0.000 :: Grads : []
760 :: Rewards -40.710 :: steps: 1.00 :: Time: 0.015(0.01543/step) :: Entropy : 0.000 :: Grads : []
770 :: Rewards -40.710 :: steps: 1.00 :: Time: 0.016(0.01579/step) :: Entropy : 0.000 :: Grads : []
780 :: Rewards -40.710 :: steps: 1.00 :: Time: 0.016(0.01587/step) :: Entropy : 0.000 :: Grads : []
790 :: Rewards -40.710 :: steps: 1.00 :: Time: 0.016(0.01588/step) :: Entropy : 0.000 :: Grads : []
800 :: Rewards -40.710 :: steps: 1.00 :: Time: 0.016(0.01596/step) :: Entropy : 0.000 :: Grads : []
810 :: Rewards -40.710 :: steps: 1.00 :: Time: 0.016(0.01608/step) :: Entropy : 0.000 :: Grads : []
820 :: Rewards -40.710 :: steps: 1.00 :: Time: 0.016(0.01611/step) :: Entropy : 0.000 :: Grads : []
830 :: Rewards -40.710 :: steps: 1.00 :: Time: 0.016(0.01635/step) :: Entropy : 0.000 :: Grads : []
840 :: Rewards -40.710 :: steps: 1.00 :: Time: 0.017(0.01652/step) :: Entropy : 0.000 :: Grads : []
850 :: Rewards -40.710 :: steps: 1.00 :: Time: 0.017(0.01653/step) :: Entropy : 0.000 :: Grads : []
860 :: Rewards -40.710 :: steps: 1.00 :: Time: 0.017(0.01661/step) :: Entropy : 0.000 :: Grads : []
870 :: Rewards -40.710 :: steps: 1.00 :: Time: 0.016(0.01644/step) :: Entropy : 0.000 :: Grads : []
880 :: Rewards -40.710 :: steps: 1.00 :: Time: 0.017(0.01660/step) :: Entropy : 0.000 :: Grads : []
890 :: Rewards -40.710 :: steps: 1.00 :: Time: 0.017(0.01683/step) :: Entropy : 0.000 :: Grads : []
900 :: Rewards -40.710 :: steps: 1.00 :: Time: 0.017(0.01681/step) :: Entropy : 0.000 :: Grads : []
910 :: Rewards -40.710 :: steps: 1.00 :: Time: 0.017(0.01697/step) :: Entropy : 0.000 :: Grads : []
920 :: Rewards -40.710 :: steps: 1.00 :: Time: 0.017(0.01715/step) :: Entropy : 0.000 :: Grads : []
930 :: Rewards -40.710 :: steps: 1.00 :: Time: 0.017(0.01730/step) :: Entropy : 0.000 :: Grads : []
940 :: Rewards -40.710 :: steps: 1.00 :: Time: 0.017(0.01713/step) :: Entropy : 0.000 :: Grads : []
950 :: Rewards -40.710 :: steps: 1.00 :: Time: 0.017(0.01719/step) :: Entropy : 0.000 :: Grads : []
960 :: Rewards -40.710 :: steps: 1.00 :: Time: 0.018(0.01770/step) :: Entropy : 0.000 :: Grads : []
970 :: Rewards -40.710 :: steps: 1.00 :: Time: 0.018(0.01759/step) :: Entropy : 0.000 :: Grads : []
980 :: Rewards -40.710 :: steps: 1.00 :: Time: 0.018(0.01767/step) :: Entropy : 0.000 :: Grads : []
990 :: Rewards -40.710 :: steps: 1.00 :: Time: 0.018(0.01780/step) :: Entropy : 0.000 :: Grads : []
999 :: Rewards -40.710 :: steps: 0.90 :: Time: 0.016(0.01793/step) :: Entropy : 0.000 :: Grads : []
Total time taken: 13.310349225997925
