Module path:  Environments.NS_Reco NS_Reco
Dynamically loaded from:  <class 'Environments.NS_Reco.NS_Reco'>
Reward Amplitudes: [4.17022005e-01 7.20324493e-01 1.14374817e-04 3.02332573e-01
 1.46755891e-01] :: Avg 0.317309867282206 
Module path:  Src.Algorithms.ProOLS ProOLS
Dynamically loaded from:  <class 'Src.Algorithms.ProOLS.ProOLS'>
=====Configurations=====
 Namespace(NN_basis_dim='32', Policy_basis_dim='32', actor_lr=0.006528973986480399, algo_name='ProOLS', base=0, batch_size=1000, buffer_size=1000, debug=False, delta=1, entropy_lambda=0.03442646767804006, env_name='NS_Reco', experiment='NS_3_', extrapolator_basis='Fourier', folder_suffix='Default', fourier_coupled=True, fourier_k=7, fourier_order=3, gamma=0.99, gauss_std=1.5, gpu=0, hyper='default', importance_clip=5.0, inc=1, log_output='term_file', max_episodes=1000, max_inner=30, max_steps=500, optim='rmsprop', oracle=-1, raw_basis=True, restore=False, save_count=100, save_model=True, seed=27, speed=3, state_lr=0.001, summary=True, swarm=False, timestamp='5|24|22:15:32')
Actions space: 5 :: State space: 1
State Low: tensor([0.]) :: State High: tensor([1.])
State features:  [('dummy_param', torch.Size([1]))]
Policy:  [('fc1.weight', torch.Size([5, 1])), ('fc1.bias', torch.Size([5]))]
0 :: Rewards 0.003 :: steps: 0.10 :: Time: 0.000(0.00061/step) :: Entropy : 0.000 :: Grads : []
10 :: Rewards 0.205 :: steps: 1.00 :: Time: 0.006(0.00566/step) :: Entropy : 0.000 :: Grads : []
20 :: Rewards 0.825 :: steps: 1.00 :: Time: 0.014(0.01367/step) :: Entropy : 0.000 :: Grads : []
30 :: Rewards 2.739 :: steps: 1.00 :: Time: 0.014(0.01397/step) :: Entropy : 0.000 :: Grads : []
40 :: Rewards 5.434 :: steps: 1.00 :: Time: 0.014(0.01377/step) :: Entropy : 0.000 :: Grads : []
50 :: Rewards 8.807 :: steps: 1.00 :: Time: 0.014(0.01377/step) :: Entropy : 0.000 :: Grads : []
60 :: Rewards 12.900 :: steps: 1.00 :: Time: 0.014(0.01351/step) :: Entropy : 0.000 :: Grads : []
70 :: Rewards 17.546 :: steps: 1.00 :: Time: 0.014(0.01374/step) :: Entropy : 0.000 :: Grads : []
80 :: Rewards 22.800 :: steps: 1.00 :: Time: 0.014(0.01387/step) :: Entropy : 0.000 :: Grads : []
90 :: Rewards 28.519 :: steps: 1.00 :: Time: 0.014(0.01426/step) :: Entropy : 0.000 :: Grads : []
100 :: Rewards 34.666 :: steps: 1.00 :: Time: 0.014(0.01415/step) :: Entropy : 0.000 :: Grads : []
110 :: Rewards 41.198 :: steps: 1.00 :: Time: 0.014(0.01442/step) :: Entropy : 0.000 :: Grads : []
120 :: Rewards 48.005 :: steps: 1.00 :: Time: 0.014(0.01439/step) :: Entropy : 0.000 :: Grads : []
130 :: Rewards 55.006 :: steps: 1.00 :: Time: 0.015(0.01456/step) :: Entropy : 0.000 :: Grads : []
140 :: Rewards 62.159 :: steps: 1.00 :: Time: 0.015(0.01484/step) :: Entropy : 0.000 :: Grads : []
150 :: Rewards 69.384 :: steps: 1.00 :: Time: 0.015(0.01493/step) :: Entropy : 0.000 :: Grads : []
160 :: Rewards 76.531 :: steps: 1.00 :: Time: 0.015(0.01484/step) :: Entropy : 0.000 :: Grads : []
170 :: Rewards 83.593 :: steps: 1.00 :: Time: 0.015(0.01490/step) :: Entropy : 0.000 :: Grads : []
180 :: Rewards 90.436 :: steps: 1.00 :: Time: 0.015(0.01517/step) :: Entropy : 0.000 :: Grads : []
190 :: Rewards 97.023 :: steps: 1.00 :: Time: 0.015(0.01523/step) :: Entropy : 0.000 :: Grads : []
200 :: Rewards 103.268 :: steps: 1.00 :: Time: 0.015(0.01546/step) :: Entropy : 0.000 :: Grads : []
210 :: Rewards 109.076 :: steps: 1.00 :: Time: 0.016(0.01576/step) :: Entropy : 0.000 :: Grads : []
220 :: Rewards 114.398 :: steps: 1.00 :: Time: 0.016(0.01562/step) :: Entropy : 0.000 :: Grads : []
230 :: Rewards 119.165 :: steps: 1.00 :: Time: 0.016(0.01602/step) :: Entropy : 0.000 :: Grads : []
240 :: Rewards 123.339 :: steps: 1.00 :: Time: 0.016(0.01574/step) :: Entropy : 0.000 :: Grads : []
250 :: Rewards 126.848 :: steps: 1.00 :: Time: 0.016(0.01582/step) :: Entropy : 0.000 :: Grads : []
260 :: Rewards 129.662 :: steps: 1.00 :: Time: 0.016(0.01612/step) :: Entropy : 0.000 :: Grads : []
270 :: Rewards 131.755 :: steps: 1.00 :: Time: 0.017(0.01684/step) :: Entropy : 0.000 :: Grads : []
280 :: Rewards 133.100 :: steps: 1.00 :: Time: 0.017(0.01654/step) :: Entropy : 0.000 :: Grads : []
290 :: Rewards 133.955 :: steps: 1.00 :: Time: 0.017(0.01664/step) :: Entropy : 0.000 :: Grads : []
300 :: Rewards 135.228 :: steps: 1.00 :: Time: 0.017(0.01705/step) :: Entropy : 0.000 :: Grads : []
310 :: Rewards 136.593 :: steps: 1.00 :: Time: 0.017(0.01709/step) :: Entropy : 0.000 :: Grads : []
320 :: Rewards 138.102 :: steps: 1.00 :: Time: 0.017(0.01728/step) :: Entropy : 0.000 :: Grads : []
330 :: Rewards 139.619 :: steps: 1.00 :: Time: 0.017(0.01741/step) :: Entropy : 0.000 :: Grads : []
340 :: Rewards 141.047 :: steps: 1.00 :: Time: 0.017(0.01745/step) :: Entropy : 0.000 :: Grads : []
350 :: Rewards 142.146 :: steps: 1.00 :: Time: 0.018(0.01767/step) :: Entropy : 0.000 :: Grads : []
360 :: Rewards 143.202 :: steps: 1.00 :: Time: 0.018(0.01807/step) :: Entropy : 0.000 :: Grads : []
370 :: Rewards 144.121 :: steps: 1.00 :: Time: 0.018(0.01812/step) :: Entropy : 0.000 :: Grads : []
380 :: Rewards 144.466 :: steps: 1.00 :: Time: 0.018(0.01825/step) :: Entropy : 0.000 :: Grads : []
390 :: Rewards 145.303 :: steps: 1.00 :: Time: 0.018(0.01842/step) :: Entropy : 0.000 :: Grads : []
400 :: Rewards 145.921 :: steps: 1.00 :: Time: 0.018(0.01850/step) :: Entropy : 0.000 :: Grads : []
410 :: Rewards 146.493 :: steps: 1.00 :: Time: 0.019(0.01873/step) :: Entropy : 0.000 :: Grads : []
420 :: Rewards 146.862 :: steps: 1.00 :: Time: 0.020(0.02016/step) :: Entropy : 0.000 :: Grads : []
430 :: Rewards 146.728 :: steps: 1.00 :: Time: 0.020(0.01957/step) :: Entropy : 0.000 :: Grads : []
440 :: Rewards 147.221 :: steps: 1.00 :: Time: 0.020(0.01951/step) :: Entropy : 0.000 :: Grads : []
450 :: Rewards 147.329 :: steps: 1.00 :: Time: 0.020(0.02010/step) :: Entropy : 0.000 :: Grads : []
460 :: Rewards 147.171 :: steps: 1.00 :: Time: 0.020(0.02023/step) :: Entropy : 0.000 :: Grads : []
470 :: Rewards 147.423 :: steps: 1.00 :: Time: 0.020(0.02018/step) :: Entropy : 0.000 :: Grads : []
480 :: Rewards 146.690 :: steps: 1.00 :: Time: 0.021(0.02069/step) :: Entropy : 0.000 :: Grads : []
490 :: Rewards 146.534 :: steps: 1.00 :: Time: 0.021(0.02054/step) :: Entropy : 0.000 :: Grads : []
500 :: Rewards 146.201 :: steps: 1.00 :: Time: 0.020(0.02022/step) :: Entropy : 0.000 :: Grads : []
510 :: Rewards 146.108 :: steps: 1.00 :: Time: 0.022(0.02222/step) :: Entropy : 0.000 :: Grads : []
520 :: Rewards 145.061 :: steps: 1.00 :: Time: 0.021(0.02103/step) :: Entropy : 0.000 :: Grads : []
530 :: Rewards 144.998 :: steps: 1.00 :: Time: 0.021(0.02094/step) :: Entropy : 0.000 :: Grads : []
540 :: Rewards 144.249 :: steps: 1.00 :: Time: 0.021(0.02087/step) :: Entropy : 0.000 :: Grads : []
550 :: Rewards 144.088 :: steps: 1.00 :: Time: 0.022(0.02157/step) :: Entropy : 0.000 :: Grads : []
560 :: Rewards 143.896 :: steps: 1.00 :: Time: 0.022(0.02193/step) :: Entropy : 0.000 :: Grads : []
570 :: Rewards 142.925 :: steps: 1.00 :: Time: 0.021(0.02135/step) :: Entropy : 0.000 :: Grads : []
580 :: Rewards 141.438 :: steps: 1.00 :: Time: 0.023(0.02255/step) :: Entropy : 0.000 :: Grads : []
590 :: Rewards 141.459 :: steps: 1.00 :: Time: 0.022(0.02180/step) :: Entropy : 0.000 :: Grads : []
600 :: Rewards 141.286 :: steps: 1.00 :: Time: 0.022(0.02162/step) :: Entropy : 0.000 :: Grads : []
610 :: Rewards 140.904 :: steps: 1.00 :: Time: 0.022(0.02224/step) :: Entropy : 0.000 :: Grads : []
620 :: Rewards 140.521 :: steps: 1.00 :: Time: 0.023(0.02283/step) :: Entropy : 0.000 :: Grads : []
630 :: Rewards 142.639 :: steps: 1.00 :: Time: 0.022(0.02194/step) :: Entropy : 0.000 :: Grads : []
640 :: Rewards 146.293 :: steps: 1.00 :: Time: 0.022(0.02227/step) :: Entropy : 0.000 :: Grads : []
650 :: Rewards 150.592 :: steps: 1.00 :: Time: 0.023(0.02271/step) :: Entropy : 0.000 :: Grads : []
660 :: Rewards 155.510 :: steps: 1.00 :: Time: 0.023(0.02272/step) :: Entropy : 0.000 :: Grads : []
670 :: Rewards 160.931 :: steps: 1.00 :: Time: 0.023(0.02270/step) :: Entropy : 0.000 :: Grads : []
680 :: Rewards 166.839 :: steps: 1.00 :: Time: 0.022(0.02249/step) :: Entropy : 0.000 :: Grads : []
690 :: Rewards 173.162 :: steps: 1.00 :: Time: 0.022(0.02244/step) :: Entropy : 0.000 :: Grads : []
700 :: Rewards 179.811 :: steps: 1.00 :: Time: 0.022(0.02247/step) :: Entropy : 0.000 :: Grads : []
710 :: Rewards 186.744 :: steps: 1.00 :: Time: 0.023(0.02250/step) :: Entropy : 0.000 :: Grads : []
720 :: Rewards 193.832 :: steps: 1.00 :: Time: 0.023(0.02262/step) :: Entropy : 0.000 :: Grads : []
730 :: Rewards 201.048 :: steps: 1.00 :: Time: 0.023(0.02268/step) :: Entropy : 0.000 :: Grads : []
740 :: Rewards 208.233 :: steps: 1.00 :: Time: 0.023(0.02279/step) :: Entropy : 0.000 :: Grads : []
750 :: Rewards 215.366 :: steps: 1.00 :: Time: 0.023(0.02276/step) :: Entropy : 0.000 :: Grads : []
760 :: Rewards 222.325 :: steps: 1.00 :: Time: 0.023(0.02296/step) :: Entropy : 0.000 :: Grads : []
770 :: Rewards 229.089 :: steps: 1.00 :: Time: 0.023(0.02324/step) :: Entropy : 0.000 :: Grads : []
780 :: Rewards 235.472 :: steps: 1.00 :: Time: 0.024(0.02355/step) :: Entropy : 0.000 :: Grads : []
790 :: Rewards 241.521 :: steps: 1.00 :: Time: 0.024(0.02410/step) :: Entropy : 0.000 :: Grads : []
800 :: Rewards 247.087 :: steps: 1.00 :: Time: 0.024(0.02441/step) :: Entropy : 0.000 :: Grads : []
810 :: Rewards 252.198 :: steps: 1.00 :: Time: 0.024(0.02412/step) :: Entropy : 0.000 :: Grads : []
820 :: Rewards 256.710 :: steps: 1.00 :: Time: 0.024(0.02417/step) :: Entropy : 0.000 :: Grads : []
830 :: Rewards 260.573 :: steps: 1.00 :: Time: 0.024(0.02442/step) :: Entropy : 0.000 :: Grads : []
840 :: Rewards 263.792 :: steps: 1.00 :: Time: 0.031(0.03051/step) :: Entropy : 0.000 :: Grads : []
850 :: Rewards 266.297 :: steps: 1.00 :: Time: 0.025(0.02455/step) :: Entropy : 0.000 :: Grads : []
860 :: Rewards 268.046 :: steps: 1.00 :: Time: 0.024(0.02434/step) :: Entropy : 0.000 :: Grads : []
870 :: Rewards 270.123 :: steps: 1.00 :: Time: 0.024(0.02433/step) :: Entropy : 0.000 :: Grads : []
880 :: Rewards 273.179 :: steps: 1.00 :: Time: 0.025(0.02463/step) :: Entropy : 0.000 :: Grads : []
890 :: Rewards 276.692 :: steps: 1.00 :: Time: 0.025(0.02454/step) :: Entropy : 0.000 :: Grads : []
900 :: Rewards 280.399 :: steps: 1.00 :: Time: 0.025(0.02463/step) :: Entropy : 0.000 :: Grads : []
910 :: Rewards 284.223 :: steps: 1.00 :: Time: 0.025(0.02504/step) :: Entropy : 0.000 :: Grads : []
920 :: Rewards 288.210 :: steps: 1.00 :: Time: 0.025(0.02499/step) :: Entropy : 0.000 :: Grads : []
930 :: Rewards 292.270 :: steps: 1.00 :: Time: 0.025(0.02531/step) :: Entropy : 0.000 :: Grads : []
940 :: Rewards 296.389 :: steps: 1.00 :: Time: 0.027(0.02656/step) :: Entropy : 0.000 :: Grads : []
950 :: Rewards 300.541 :: steps: 1.00 :: Time: 0.025(0.02523/step) :: Entropy : 0.000 :: Grads : []
960 :: Rewards 304.670 :: steps: 1.00 :: Time: 0.026(0.02591/step) :: Entropy : 0.000 :: Grads : []
970 :: Rewards 308.806 :: steps: 1.00 :: Time: 0.026(0.02634/step) :: Entropy : 0.000 :: Grads : []
980 :: Rewards 312.894 :: steps: 1.00 :: Time: 0.026(0.02560/step) :: Entropy : 0.000 :: Grads : []
990 :: Rewards 316.940 :: steps: 1.00 :: Time: 0.027(0.02670/step) :: Entropy : 0.000 :: Grads : []
999 :: Rewards 320.488 :: steps: 0.90 :: Time: 0.023(0.02576/step) :: Entropy : 0.000 :: Grads : []
Total time taken: 20.045586109161377
