Module path:  Environments.NS_Reco NS_Reco
Dynamically loaded from:  <class 'Environments.NS_Reco.NS_Reco'>
Reward Amplitudes: [4.17022005e-01 7.20324493e-01 1.14374817e-04 3.02332573e-01
 1.46755891e-01] :: Avg 0.317309867282206 
Module path:  Src.Algorithms.ProOLS ProOLS
Dynamically loaded from:  <class 'Src.Algorithms.ProOLS.ProOLS'>
=====Configurations=====
 Namespace(NN_basis_dim='32', Policy_basis_dim='32', actor_lr=0.0045712864064011045, algo_name='ProOLS', base=0, batch_size=1000, buffer_size=1000, debug=False, delta=3, entropy_lambda=0.04318892012402085, env_name='NS_Reco', experiment='NS_1r_', extrapolator_basis='Fourier', folder_suffix='Default', fourier_coupled=True, fourier_k=5, fourier_order=3, gamma=0.99, gauss_std=1.5, gpu=0, hyper='default', importance_clip=5.0, inc=1, log_output='term_file', max_episodes=1000, max_inner=60, max_steps=500, optim='rmsprop', oracle=-1, raw_basis=True, restore=False, save_count=100, save_model=True, seed=24, speed=1, state_lr=0.001, summary=True, swarm=False, timestamp='5|25|11:31:23')
Actions space: 5 :: State space: 1
State Low: tensor([0.]) :: State High: tensor([1.])
State features:  [('dummy_param', torch.Size([1]))]
Policy:  [('fc1.weight', torch.Size([5, 1])), ('fc1.bias', torch.Size([5]))]
0 :: Rewards -0.004 :: steps: 0.10 :: Time: 0.000(0.00072/step) :: Entropy : 0.000 :: Grads : []
10 :: Rewards -0.082 :: steps: 1.00 :: Time: 0.006(0.00572/step) :: Entropy : 0.000 :: Grads : []
20 :: Rewards -0.109 :: steps: 1.00 :: Time: 0.012(0.01161/step) :: Entropy : 0.000 :: Grads : []
30 :: Rewards -0.422 :: steps: 1.00 :: Time: 0.009(0.00874/step) :: Entropy : 0.000 :: Grads : []
40 :: Rewards -0.856 :: steps: 1.00 :: Time: 0.008(0.00818/step) :: Entropy : 0.000 :: Grads : []
50 :: Rewards -1.138 :: steps: 1.00 :: Time: 0.011(0.01092/step) :: Entropy : 0.000 :: Grads : []
60 :: Rewards -1.978 :: steps: 1.00 :: Time: 0.008(0.00840/step) :: Entropy : 0.000 :: Grads : []
70 :: Rewards -2.509 :: steps: 1.00 :: Time: 0.010(0.01040/step) :: Entropy : 0.000 :: Grads : []
80 :: Rewards -2.719 :: steps: 1.00 :: Time: 0.013(0.01335/step) :: Entropy : 0.000 :: Grads : []
90 :: Rewards -3.254 :: steps: 1.00 :: Time: 0.009(0.00862/step) :: Entropy : 0.000 :: Grads : []
100 :: Rewards -3.908 :: steps: 1.00 :: Time: 0.009(0.00876/step) :: Entropy : 0.000 :: Grads : []
110 :: Rewards -4.070 :: steps: 1.00 :: Time: 0.012(0.01171/step) :: Entropy : 0.000 :: Grads : []
120 :: Rewards -4.376 :: steps: 1.00 :: Time: 0.010(0.00961/step) :: Entropy : 0.000 :: Grads : []
130 :: Rewards -4.716 :: steps: 1.00 :: Time: 0.010(0.00996/step) :: Entropy : 0.000 :: Grads : []
140 :: Rewards -5.239 :: steps: 1.00 :: Time: 0.012(0.01212/step) :: Entropy : 0.000 :: Grads : []
150 :: Rewards -6.430 :: steps: 1.00 :: Time: 0.009(0.00912/step) :: Entropy : 0.000 :: Grads : []
160 :: Rewards -7.587 :: steps: 1.00 :: Time: 0.009(0.00926/step) :: Entropy : 0.000 :: Grads : []
170 :: Rewards -8.430 :: steps: 1.00 :: Time: 0.012(0.01221/step) :: Entropy : 0.000 :: Grads : []
180 :: Rewards -8.430 :: steps: 1.00 :: Time: 0.010(0.00951/step) :: Entropy : 0.000 :: Grads : []
190 :: Rewards -8.430 :: steps: 1.00 :: Time: 0.009(0.00938/step) :: Entropy : 0.000 :: Grads : []
200 :: Rewards -8.430 :: steps: 1.00 :: Time: 0.013(0.01254/step) :: Entropy : 0.000 :: Grads : []
210 :: Rewards -8.430 :: steps: 1.00 :: Time: 0.010(0.00958/step) :: Entropy : 0.000 :: Grads : []
220 :: Rewards -8.430 :: steps: 1.00 :: Time: 0.010(0.00961/step) :: Entropy : 0.000 :: Grads : []
230 :: Rewards -8.430 :: steps: 1.00 :: Time: 0.013(0.01291/step) :: Entropy : 0.000 :: Grads : []
240 :: Rewards -8.430 :: steps: 1.00 :: Time: 0.010(0.00976/step) :: Entropy : 0.000 :: Grads : []
250 :: Rewards -8.430 :: steps: 1.00 :: Time: 0.013(0.01264/step) :: Entropy : 0.000 :: Grads : []
260 :: Rewards -8.430 :: steps: 1.00 :: Time: 0.014(0.01435/step) :: Entropy : 0.000 :: Grads : []
270 :: Rewards -8.430 :: steps: 1.00 :: Time: 0.010(0.01033/step) :: Entropy : 0.000 :: Grads : []
280 :: Rewards -8.430 :: steps: 1.00 :: Time: 0.010(0.01040/step) :: Entropy : 0.000 :: Grads : []
290 :: Rewards -8.430 :: steps: 1.00 :: Time: 0.016(0.01640/step) :: Entropy : 0.000 :: Grads : []
300 :: Rewards -8.430 :: steps: 1.00 :: Time: 0.016(0.01616/step) :: Entropy : 0.000 :: Grads : []
310 :: Rewards -8.430 :: steps: 1.00 :: Time: 0.013(0.01325/step) :: Entropy : 0.000 :: Grads : []
320 :: Rewards -8.430 :: steps: 1.00 :: Time: 0.016(0.01566/step) :: Entropy : 0.000 :: Grads : []
330 :: Rewards -8.430 :: steps: 1.00 :: Time: 0.011(0.01147/step) :: Entropy : 0.000 :: Grads : []
340 :: Rewards -8.430 :: steps: 1.00 :: Time: 0.012(0.01170/step) :: Entropy : 0.000 :: Grads : []
350 :: Rewards -8.430 :: steps: 1.00 :: Time: 0.016(0.01553/step) :: Entropy : 0.000 :: Grads : []
360 :: Rewards -8.430 :: steps: 1.00 :: Time: 0.011(0.01147/step) :: Entropy : 0.000 :: Grads : []
370 :: Rewards -8.430 :: steps: 1.00 :: Time: 0.012(0.01160/step) :: Entropy : 0.000 :: Grads : []
380 :: Rewards -8.430 :: steps: 1.00 :: Time: 0.017(0.01736/step) :: Entropy : 0.000 :: Grads : []
390 :: Rewards -8.430 :: steps: 1.00 :: Time: 0.012(0.01207/step) :: Entropy : 0.000 :: Grads : []
400 :: Rewards -8.430 :: steps: 1.00 :: Time: 0.012(0.01205/step) :: Entropy : 0.000 :: Grads : []
410 :: Rewards -8.430 :: steps: 1.00 :: Time: 0.016(0.01634/step) :: Entropy : 0.000 :: Grads : []
420 :: Rewards -8.430 :: steps: 1.00 :: Time: 0.015(0.01543/step) :: Entropy : 0.000 :: Grads : []
430 :: Rewards -8.430 :: steps: 1.00 :: Time: 0.017(0.01709/step) :: Entropy : 0.000 :: Grads : []
440 :: Rewards -8.430 :: steps: 1.00 :: Time: 0.017(0.01740/step) :: Entropy : 0.000 :: Grads : []
450 :: Rewards -8.430 :: steps: 1.00 :: Time: 0.013(0.01317/step) :: Entropy : 0.000 :: Grads : []
460 :: Rewards -8.430 :: steps: 1.00 :: Time: 0.014(0.01380/step) :: Entropy : 0.000 :: Grads : []
470 :: Rewards -8.430 :: steps: 1.00 :: Time: 0.018(0.01762/step) :: Entropy : 0.000 :: Grads : []
480 :: Rewards -8.430 :: steps: 1.00 :: Time: 0.013(0.01341/step) :: Entropy : 0.000 :: Grads : []
490 :: Rewards -8.430 :: steps: 1.00 :: Time: 0.013(0.01322/step) :: Entropy : 0.000 :: Grads : []
500 :: Rewards -8.430 :: steps: 1.00 :: Time: 0.020(0.01957/step) :: Entropy : 0.000 :: Grads : []
510 :: Rewards -8.430 :: steps: 1.00 :: Time: 0.015(0.01451/step) :: Entropy : 0.000 :: Grads : []
520 :: Rewards -8.430 :: steps: 1.00 :: Time: 0.015(0.01470/step) :: Entropy : 0.000 :: Grads : []
530 :: Rewards -8.430 :: steps: 1.00 :: Time: 0.024(0.02373/step) :: Entropy : 0.000 :: Grads : []
540 :: Rewards -8.430 :: steps: 1.00 :: Time: 0.014(0.01445/step) :: Entropy : 0.000 :: Grads : []
550 :: Rewards -8.430 :: steps: 1.00 :: Time: 0.014(0.01393/step) :: Entropy : 0.000 :: Grads : []
560 :: Rewards -8.430 :: steps: 1.00 :: Time: 0.019(0.01851/step) :: Entropy : 0.000 :: Grads : []
570 :: Rewards -8.430 :: steps: 1.00 :: Time: 0.014(0.01420/step) :: Entropy : 0.000 :: Grads : []
580 :: Rewards -8.430 :: steps: 1.00 :: Time: 0.014(0.01409/step) :: Entropy : 0.000 :: Grads : []
590 :: Rewards -8.430 :: steps: 1.00 :: Time: 0.019(0.01902/step) :: Entropy : 0.000 :: Grads : []
600 :: Rewards -8.430 :: steps: 1.00 :: Time: 0.014(0.01433/step) :: Entropy : 0.000 :: Grads : []
610 :: Rewards -8.430 :: steps: 1.00 :: Time: 0.015(0.01454/step) :: Entropy : 0.000 :: Grads : []
620 :: Rewards -8.430 :: steps: 1.00 :: Time: 0.018(0.01780/step) :: Entropy : 0.000 :: Grads : []
630 :: Rewards -8.430 :: steps: 1.00 :: Time: 0.012(0.01180/step) :: Entropy : 0.000 :: Grads : []
640 :: Rewards -8.430 :: steps: 1.00 :: Time: 0.012(0.01152/step) :: Entropy : 0.000 :: Grads : []
650 :: Rewards -8.430 :: steps: 1.00 :: Time: 0.016(0.01569/step) :: Entropy : 0.000 :: Grads : []
660 :: Rewards -8.430 :: steps: 1.00 :: Time: 0.012(0.01232/step) :: Entropy : 0.000 :: Grads : []
670 :: Rewards -8.430 :: steps: 1.00 :: Time: 0.013(0.01259/step) :: Entropy : 0.000 :: Grads : []
680 :: Rewards -8.430 :: steps: 1.00 :: Time: 0.015(0.01543/step) :: Entropy : 0.000 :: Grads : []
690 :: Rewards -8.430 :: steps: 1.00 :: Time: 0.012(0.01151/step) :: Entropy : 0.000 :: Grads : []
700 :: Rewards -8.430 :: steps: 1.00 :: Time: 0.012(0.01243/step) :: Entropy : 0.000 :: Grads : []
710 :: Rewards -8.430 :: steps: 1.00 :: Time: 0.017(0.01659/step) :: Entropy : 0.000 :: Grads : []
720 :: Rewards -8.439 :: steps: 1.00 :: Time: 0.012(0.01198/step) :: Entropy : 0.000 :: Grads : []
730 :: Rewards -8.536 :: steps: 1.00 :: Time: 0.012(0.01219/step) :: Entropy : 0.000 :: Grads : []
740 :: Rewards -8.811 :: steps: 1.00 :: Time: 0.016(0.01637/step) :: Entropy : 0.000 :: Grads : []
750 :: Rewards -9.129 :: steps: 1.00 :: Time: 0.012(0.01238/step) :: Entropy : 0.000 :: Grads : []
760 :: Rewards -9.709 :: steps: 1.00 :: Time: 0.012(0.01239/step) :: Entropy : 0.000 :: Grads : []
770 :: Rewards -10.450 :: steps: 1.00 :: Time: 0.017(0.01671/step) :: Entropy : 0.000 :: Grads : []
780 :: Rewards -11.379 :: steps: 1.00 :: Time: 0.016(0.01550/step) :: Entropy : 0.000 :: Grads : []
790 :: Rewards -12.532 :: steps: 1.00 :: Time: 0.014(0.01403/step) :: Entropy : 0.000 :: Grads : []
800 :: Rewards -13.811 :: steps: 1.00 :: Time: 0.017(0.01731/step) :: Entropy : 0.000 :: Grads : []
810 :: Rewards -15.343 :: steps: 1.00 :: Time: 0.014(0.01377/step) :: Entropy : 0.000 :: Grads : []
820 :: Rewards -17.055 :: steps: 1.00 :: Time: 0.014(0.01384/step) :: Entropy : 0.000 :: Grads : []
830 :: Rewards -18.893 :: steps: 1.00 :: Time: 0.018(0.01818/step) :: Entropy : 0.000 :: Grads : []
840 :: Rewards -20.523 :: steps: 1.00 :: Time: 0.016(0.01593/step) :: Entropy : 0.000 :: Grads : []
850 :: Rewards -22.039 :: steps: 1.00 :: Time: 0.014(0.01435/step) :: Entropy : 0.000 :: Grads : []
860 :: Rewards -23.102 :: steps: 1.00 :: Time: 0.019(0.01922/step) :: Entropy : 0.000 :: Grads : []
870 :: Rewards -23.799 :: steps: 1.00 :: Time: 0.014(0.01380/step) :: Entropy : 0.000 :: Grads : []
880 :: Rewards -24.421 :: steps: 1.00 :: Time: 0.014(0.01378/step) :: Entropy : 0.000 :: Grads : []
890 :: Rewards -25.052 :: steps: 1.00 :: Time: 0.022(0.02154/step) :: Entropy : 0.000 :: Grads : []
900 :: Rewards -25.553 :: steps: 1.00 :: Time: 0.015(0.01483/step) :: Entropy : 0.000 :: Grads : []
910 :: Rewards -25.861 :: steps: 1.00 :: Time: 0.014(0.01431/step) :: Entropy : 0.000 :: Grads : []
920 :: Rewards -26.416 :: steps: 1.00 :: Time: 0.019(0.01876/step) :: Entropy : 0.000 :: Grads : []
930 :: Rewards -26.911 :: steps: 1.00 :: Time: 0.014(0.01402/step) :: Entropy : 0.000 :: Grads : []
940 :: Rewards -27.158 :: steps: 1.00 :: Time: 0.014(0.01405/step) :: Entropy : 0.000 :: Grads : []
950 :: Rewards -27.276 :: steps: 1.00 :: Time: 0.019(0.01886/step) :: Entropy : 0.000 :: Grads : []
960 :: Rewards -27.525 :: steps: 1.00 :: Time: 0.014(0.01431/step) :: Entropy : 0.000 :: Grads : []
970 :: Rewards -27.819 :: steps: 1.00 :: Time: 0.014(0.01447/step) :: Entropy : 0.000 :: Grads : []
980 :: Rewards -28.120 :: steps: 1.00 :: Time: 0.019(0.01942/step) :: Entropy : 0.000 :: Grads : []
990 :: Rewards -28.341 :: steps: 1.00 :: Time: 0.015(0.01473/step) :: Entropy : 0.000 :: Grads : []
999 :: Rewards -28.608 :: steps: 0.90 :: Time: 0.015(0.01634/step) :: Entropy : 0.000 :: Grads : []
Total time taken: 13.791159868240356
