Module path:  Environments.NS_Reco NS_Reco
Dynamically loaded from:  <class 'Environments.NS_Reco.NS_Reco'>
Reward Amplitudes: [4.17022005e-01 7.20324493e-01 1.14374817e-04 3.02332573e-01
 1.46755891e-01] :: Avg 0.317309867282206 
Module path:  Src.Algorithms.OFPG OFPG
Dynamically loaded from:  <class 'Src.Algorithms.OFPG.OFPG'>
=====Configurations=====
 Namespace(NN_basis_dim='32', Policy_basis_dim='32', actor_lr=0.002921886362032286, algo_name='OFPG', base=0, batch_size=1000, buffer_size=1000, debug=False, delta=1, entropy_lambda=0.005132349330550144, env_name='NS_Reco', experiment='NS_1r_', extrapolator_basis='Fourier', folder_suffix='Default', fourier_coupled=True, fourier_k=7, fourier_order=3, gamma=0.99, gauss_std=1.5, gpu=0, hyper='default', importance_clip=5.0, inc=1, log_output='term_file', max_episodes=1000, max_inner=20, max_steps=500, optim='rmsprop', oracle=-1, raw_basis=True, restore=False, save_count=100, save_model=True, seed=29, speed=1, state_lr=0.001, summary=True, swarm=False, timestamp='5|25|11:40:58')
Actions space: 5 :: State space: 1
State Low: tensor([0.]) :: State High: tensor([1.])
State features:  [('dummy_param', torch.Size([1]))]
Policy:  [('fc1.weight', torch.Size([5, 1])), ('fc1.bias', torch.Size([5]))]
0 :: Rewards -0.001 :: steps: 0.10 :: Time: 0.001(0.01036/step) :: Entropy : 0.000 :: Grads : []
10 :: Rewards -0.062 :: steps: 1.00 :: Time: 0.009(0.00877/step) :: Entropy : 0.000 :: Grads : []
20 :: Rewards -0.095 :: steps: 1.00 :: Time: 0.009(0.00897/step) :: Entropy : 0.000 :: Grads : []
30 :: Rewards -0.221 :: steps: 1.00 :: Time: 0.009(0.00926/step) :: Entropy : 0.000 :: Grads : []
40 :: Rewards -0.294 :: steps: 1.00 :: Time: 0.009(0.00875/step) :: Entropy : 0.000 :: Grads : []
50 :: Rewards -0.294 :: steps: 1.00 :: Time: 0.009(0.00893/step) :: Entropy : 0.000 :: Grads : []
60 :: Rewards -0.400 :: steps: 1.00 :: Time: 0.009(0.00890/step) :: Entropy : 0.000 :: Grads : []
70 :: Rewards -0.506 :: steps: 1.00 :: Time: 0.009(0.00909/step) :: Entropy : 0.000 :: Grads : []
80 :: Rewards -0.640 :: steps: 1.00 :: Time: 0.009(0.00915/step) :: Entropy : 0.000 :: Grads : []
90 :: Rewards -0.805 :: steps: 1.00 :: Time: 0.009(0.00927/step) :: Entropy : 0.000 :: Grads : []
100 :: Rewards -0.975 :: steps: 1.00 :: Time: 0.009(0.00921/step) :: Entropy : 0.000 :: Grads : []
110 :: Rewards -1.167 :: steps: 1.00 :: Time: 0.009(0.00944/step) :: Entropy : 0.000 :: Grads : []
120 :: Rewards -1.353 :: steps: 1.00 :: Time: 0.009(0.00936/step) :: Entropy : 0.000 :: Grads : []
130 :: Rewards -1.353 :: steps: 1.00 :: Time: 0.009(0.00949/step) :: Entropy : 0.000 :: Grads : []
140 :: Rewards -1.353 :: steps: 1.00 :: Time: 0.010(0.00962/step) :: Entropy : 0.000 :: Grads : []
150 :: Rewards -1.353 :: steps: 1.00 :: Time: 0.010(0.00975/step) :: Entropy : 0.000 :: Grads : []
160 :: Rewards -1.353 :: steps: 1.00 :: Time: 0.010(0.00983/step) :: Entropy : 0.000 :: Grads : []
170 :: Rewards -1.353 :: steps: 1.00 :: Time: 0.010(0.00993/step) :: Entropy : 0.000 :: Grads : []
180 :: Rewards -1.353 :: steps: 1.00 :: Time: 0.010(0.01001/step) :: Entropy : 0.000 :: Grads : []
190 :: Rewards -1.353 :: steps: 1.00 :: Time: 0.010(0.01002/step) :: Entropy : 0.000 :: Grads : []
200 :: Rewards -1.353 :: steps: 1.00 :: Time: 0.010(0.01009/step) :: Entropy : 0.000 :: Grads : []
210 :: Rewards -1.353 :: steps: 1.00 :: Time: 0.010(0.01008/step) :: Entropy : 0.000 :: Grads : []
220 :: Rewards -1.353 :: steps: 1.00 :: Time: 0.010(0.01028/step) :: Entropy : 0.000 :: Grads : []
230 :: Rewards -1.353 :: steps: 1.00 :: Time: 0.010(0.01042/step) :: Entropy : 0.000 :: Grads : []
240 :: Rewards -1.353 :: steps: 1.00 :: Time: 0.010(0.01044/step) :: Entropy : 0.000 :: Grads : []
250 :: Rewards -1.353 :: steps: 1.00 :: Time: 0.011(0.01058/step) :: Entropy : 0.000 :: Grads : []
260 :: Rewards -1.353 :: steps: 1.00 :: Time: 0.011(0.01078/step) :: Entropy : 0.000 :: Grads : []
270 :: Rewards -1.353 :: steps: 1.00 :: Time: 0.011(0.01080/step) :: Entropy : 0.000 :: Grads : []
280 :: Rewards -1.353 :: steps: 1.00 :: Time: 0.011(0.01087/step) :: Entropy : 0.000 :: Grads : []
290 :: Rewards -1.353 :: steps: 1.00 :: Time: 0.011(0.01100/step) :: Entropy : 0.000 :: Grads : []
300 :: Rewards -1.353 :: steps: 1.00 :: Time: 0.011(0.01109/step) :: Entropy : 0.000 :: Grads : []
310 :: Rewards -1.353 :: steps: 1.00 :: Time: 0.011(0.01146/step) :: Entropy : 0.000 :: Grads : []
320 :: Rewards -1.353 :: steps: 1.00 :: Time: 0.011(0.01142/step) :: Entropy : 0.000 :: Grads : []
330 :: Rewards -1.353 :: steps: 1.00 :: Time: 0.012(0.01156/step) :: Entropy : 0.000 :: Grads : []
340 :: Rewards -1.353 :: steps: 1.00 :: Time: 0.012(0.01175/step) :: Entropy : 0.000 :: Grads : []
350 :: Rewards -1.353 :: steps: 1.00 :: Time: 0.012(0.01181/step) :: Entropy : 0.000 :: Grads : []
360 :: Rewards -1.353 :: steps: 1.00 :: Time: 0.012(0.01180/step) :: Entropy : 0.000 :: Grads : []
370 :: Rewards -1.353 :: steps: 1.00 :: Time: 0.012(0.01191/step) :: Entropy : 0.000 :: Grads : []
380 :: Rewards -1.353 :: steps: 1.00 :: Time: 0.012(0.01216/step) :: Entropy : 0.000 :: Grads : []
390 :: Rewards -1.353 :: steps: 1.00 :: Time: 0.013(0.01290/step) :: Entropy : 0.000 :: Grads : []
400 :: Rewards -1.353 :: steps: 1.00 :: Time: 0.012(0.01238/step) :: Entropy : 0.000 :: Grads : []
410 :: Rewards -1.353 :: steps: 1.00 :: Time: 0.012(0.01229/step) :: Entropy : 0.000 :: Grads : []
420 :: Rewards -1.353 :: steps: 1.00 :: Time: 0.013(0.01255/step) :: Entropy : 0.000 :: Grads : []
430 :: Rewards -1.353 :: steps: 1.00 :: Time: 0.013(0.01308/step) :: Entropy : 0.000 :: Grads : []
440 :: Rewards -1.353 :: steps: 1.00 :: Time: 0.013(0.01313/step) :: Entropy : 0.000 :: Grads : []
450 :: Rewards -1.353 :: steps: 1.00 :: Time: 0.014(0.01384/step) :: Entropy : 0.000 :: Grads : []
460 :: Rewards -1.353 :: steps: 1.00 :: Time: 0.014(0.01400/step) :: Entropy : 0.000 :: Grads : []
470 :: Rewards -1.353 :: steps: 1.00 :: Time: 0.014(0.01415/step) :: Entropy : 0.000 :: Grads : []
480 :: Rewards -1.353 :: steps: 1.00 :: Time: 0.014(0.01350/step) :: Entropy : 0.000 :: Grads : []
490 :: Rewards -1.353 :: steps: 1.00 :: Time: 0.014(0.01352/step) :: Entropy : 0.000 :: Grads : []
500 :: Rewards -1.353 :: steps: 1.00 :: Time: 0.013(0.01348/step) :: Entropy : 0.000 :: Grads : []
510 :: Rewards -1.353 :: steps: 1.00 :: Time: 0.014(0.01363/step) :: Entropy : 0.000 :: Grads : []
520 :: Rewards -1.353 :: steps: 1.00 :: Time: 0.014(0.01391/step) :: Entropy : 0.000 :: Grads : []
530 :: Rewards -1.353 :: steps: 1.00 :: Time: 0.014(0.01404/step) :: Entropy : 0.000 :: Grads : []
540 :: Rewards -1.353 :: steps: 1.00 :: Time: 0.014(0.01404/step) :: Entropy : 0.000 :: Grads : []
550 :: Rewards -1.353 :: steps: 1.00 :: Time: 0.014(0.01414/step) :: Entropy : 0.000 :: Grads : []
560 :: Rewards -1.353 :: steps: 1.00 :: Time: 0.014(0.01408/step) :: Entropy : 0.000 :: Grads : []
570 :: Rewards -1.353 :: steps: 1.00 :: Time: 0.014(0.01406/step) :: Entropy : 0.000 :: Grads : []
580 :: Rewards -1.353 :: steps: 1.00 :: Time: 0.014(0.01422/step) :: Entropy : 0.000 :: Grads : []
590 :: Rewards -1.353 :: steps: 1.00 :: Time: 0.014(0.01423/step) :: Entropy : 0.000 :: Grads : []
600 :: Rewards -1.353 :: steps: 1.00 :: Time: 0.014(0.01446/step) :: Entropy : 0.000 :: Grads : []
610 :: Rewards -1.353 :: steps: 1.00 :: Time: 0.014(0.01445/step) :: Entropy : 0.000 :: Grads : []
620 :: Rewards -1.353 :: steps: 1.00 :: Time: 0.015(0.01450/step) :: Entropy : 0.000 :: Grads : []
630 :: Rewards -1.353 :: steps: 1.00 :: Time: 0.015(0.01456/step) :: Entropy : 0.000 :: Grads : []
640 :: Rewards -1.353 :: steps: 1.00 :: Time: 0.015(0.01469/step) :: Entropy : 0.000 :: Grads : []
650 :: Rewards -1.353 :: steps: 1.00 :: Time: 0.014(0.01448/step) :: Entropy : 0.000 :: Grads : []
660 :: Rewards -1.353 :: steps: 1.00 :: Time: 0.015(0.01475/step) :: Entropy : 0.000 :: Grads : []
670 :: Rewards -1.353 :: steps: 1.00 :: Time: 0.015(0.01476/step) :: Entropy : 0.000 :: Grads : []
680 :: Rewards -1.353 :: steps: 1.00 :: Time: 0.015(0.01487/step) :: Entropy : 0.000 :: Grads : []
690 :: Rewards -1.353 :: steps: 1.00 :: Time: 0.015(0.01496/step) :: Entropy : 0.000 :: Grads : []
700 :: Rewards -1.353 :: steps: 1.00 :: Time: 0.015(0.01509/step) :: Entropy : 0.000 :: Grads : []
710 :: Rewards -1.353 :: steps: 1.00 :: Time: 0.015(0.01499/step) :: Entropy : 0.000 :: Grads : []
720 :: Rewards -1.360 :: steps: 1.00 :: Time: 0.015(0.01499/step) :: Entropy : 0.000 :: Grads : []
730 :: Rewards -1.421 :: steps: 1.00 :: Time: 0.015(0.01514/step) :: Entropy : 0.000 :: Grads : []
740 :: Rewards -1.663 :: steps: 1.00 :: Time: 0.015(0.01542/step) :: Entropy : 0.000 :: Grads : []
750 :: Rewards -2.053 :: steps: 1.00 :: Time: 0.016(0.01603/step) :: Entropy : 0.000 :: Grads : []
760 :: Rewards -2.638 :: steps: 1.00 :: Time: 0.016(0.01575/step) :: Entropy : 0.000 :: Grads : []
770 :: Rewards -3.418 :: steps: 1.00 :: Time: 0.016(0.01597/step) :: Entropy : 0.000 :: Grads : []
780 :: Rewards -4.347 :: steps: 1.00 :: Time: 0.016(0.01610/step) :: Entropy : 0.000 :: Grads : []
790 :: Rewards -5.448 :: steps: 1.00 :: Time: 0.016(0.01612/step) :: Entropy : 0.000 :: Grads : []
800 :: Rewards -6.778 :: steps: 1.00 :: Time: 0.016(0.01619/step) :: Entropy : 0.000 :: Grads : []
810 :: Rewards -8.256 :: steps: 1.00 :: Time: 0.016(0.01620/step) :: Entropy : 0.000 :: Grads : []
820 :: Rewards -9.953 :: steps: 1.00 :: Time: 0.017(0.01652/step) :: Entropy : 0.000 :: Grads : []
830 :: Rewards -11.788 :: steps: 1.00 :: Time: 0.017(0.01695/step) :: Entropy : 0.000 :: Grads : []
840 :: Rewards -13.807 :: steps: 1.00 :: Time: 0.017(0.01668/step) :: Entropy : 0.000 :: Grads : []
850 :: Rewards -16.063 :: steps: 1.00 :: Time: 0.017(0.01710/step) :: Entropy : 0.000 :: Grads : []
860 :: Rewards -18.451 :: steps: 1.00 :: Time: 0.017(0.01720/step) :: Entropy : 0.000 :: Grads : []
870 :: Rewards -21.055 :: steps: 1.00 :: Time: 0.017(0.01709/step) :: Entropy : 0.000 :: Grads : []
880 :: Rewards -23.776 :: steps: 1.00 :: Time: 0.017(0.01707/step) :: Entropy : 0.000 :: Grads : []
890 :: Rewards -26.620 :: steps: 1.00 :: Time: 0.017(0.01725/step) :: Entropy : 0.000 :: Grads : []
900 :: Rewards -29.740 :: steps: 1.00 :: Time: 0.017(0.01707/step) :: Entropy : 0.000 :: Grads : []
910 :: Rewards -32.981 :: steps: 1.00 :: Time: 0.017(0.01694/step) :: Entropy : 0.000 :: Grads : []
920 :: Rewards -36.372 :: steps: 1.00 :: Time: 0.017(0.01717/step) :: Entropy : 0.000 :: Grads : []
930 :: Rewards -39.953 :: steps: 1.00 :: Time: 0.018(0.01782/step) :: Entropy : 0.000 :: Grads : []
940 :: Rewards -43.720 :: steps: 1.00 :: Time: 0.017(0.01732/step) :: Entropy : 0.000 :: Grads : []
950 :: Rewards -47.593 :: steps: 1.00 :: Time: 0.017(0.01741/step) :: Entropy : 0.000 :: Grads : []
960 :: Rewards -51.585 :: steps: 1.00 :: Time: 0.017(0.01748/step) :: Entropy : 0.000 :: Grads : []
970 :: Rewards -55.729 :: steps: 1.00 :: Time: 0.018(0.01769/step) :: Entropy : 0.000 :: Grads : []
980 :: Rewards -60.046 :: steps: 1.00 :: Time: 0.018(0.01771/step) :: Entropy : 0.000 :: Grads : []
990 :: Rewards -64.524 :: steps: 1.00 :: Time: 0.018(0.01782/step) :: Entropy : 0.000 :: Grads : []
999 :: Rewards -68.676 :: steps: 0.90 :: Time: 0.016(0.01783/step) :: Entropy : 0.000 :: Grads : []
Total time taken: 13.427650213241577
