Module path:  Environments.NS_Reco NS_Reco
Dynamically loaded from:  <class 'Environments.NS_Reco.NS_Reco'>
Reward Amplitudes: [4.17022005e-01 7.20324493e-01 1.14374817e-04 3.02332573e-01
 1.46755891e-01] :: Avg 0.317309867282206 
Module path:  Src.Algorithms.ProWLS ProWLS
Dynamically loaded from:  <class 'Src.Algorithms.ProWLS.ProWLS'>
=====Configurations=====
 Namespace(NN_basis_dim='32', Policy_basis_dim='32', actor_lr=0.00450428892499054, algo_name='ProWLS', base=0, batch_size=1000, buffer_size=1000, debug=False, delta=3, entropy_lambda=0.07518854390699839, env_name='NS_Reco', experiment='NS_3_', extrapolator_basis='Fourier', folder_suffix='Default', fourier_coupled=True, fourier_k=5, fourier_order=3, gamma=0.99, gauss_std=1.5, gpu=0, hyper='default', importance_clip=10.0, inc=1, log_output='term_file', max_episodes=1000, max_inner=90, max_steps=500, optim='rmsprop', oracle=-1, raw_basis=True, restore=False, save_count=100, save_model=True, seed=16, speed=3, state_lr=0.001, summary=True, swarm=False, timestamp='5|24|22:21:54')
Actions space: 5 :: State space: 1
State Low: tensor([0.]) :: State High: tensor([1.])
State features:  [('dummy_param', torch.Size([1]))]
Policy:  [('fc1.weight', torch.Size([5, 1])), ('fc1.bias', torch.Size([5]))]
0 :: Rewards 0.015 :: steps: 0.10 :: Time: 0.000(0.00060/step) :: Entropy : 0.000 :: Grads : []
10 :: Rewards 0.152 :: steps: 1.00 :: Time: 0.010(0.01034/step) :: Entropy : 0.000 :: Grads : []
20 :: Rewards 0.622 :: steps: 1.00 :: Time: 0.020(0.02038/step) :: Entropy : 0.000 :: Grads : []
30 :: Rewards 0.987 :: steps: 1.00 :: Time: 0.016(0.01568/step) :: Entropy : 0.000 :: Grads : []
40 :: Rewards 2.969 :: steps: 1.00 :: Time: 0.015(0.01539/step) :: Entropy : 0.000 :: Grads : []
50 :: Rewards 5.497 :: steps: 1.00 :: Time: 0.021(0.02062/step) :: Entropy : 0.000 :: Grads : []
60 :: Rewards 9.157 :: steps: 1.00 :: Time: 0.016(0.01568/step) :: Entropy : 0.000 :: Grads : []
70 :: Rewards 13.293 :: steps: 1.00 :: Time: 0.016(0.01593/step) :: Entropy : 0.000 :: Grads : []
80 :: Rewards 16.823 :: steps: 1.00 :: Time: 0.021(0.02146/step) :: Entropy : 0.000 :: Grads : []
90 :: Rewards 20.756 :: steps: 1.00 :: Time: 0.016(0.01641/step) :: Entropy : 0.000 :: Grads : []
100 :: Rewards 25.978 :: steps: 1.00 :: Time: 0.017(0.01663/step) :: Entropy : 0.000 :: Grads : []
110 :: Rewards 31.234 :: steps: 1.00 :: Time: 0.023(0.02256/step) :: Entropy : 0.000 :: Grads : []
120 :: Rewards 36.528 :: steps: 1.00 :: Time: 0.017(0.01733/step) :: Entropy : 0.000 :: Grads : []
130 :: Rewards 42.167 :: steps: 1.00 :: Time: 0.018(0.01809/step) :: Entropy : 0.000 :: Grads : []
140 :: Rewards 48.584 :: steps: 1.00 :: Time: 0.024(0.02424/step) :: Entropy : 0.000 :: Grads : []
150 :: Rewards 54.560 :: steps: 1.00 :: Time: 0.018(0.01846/step) :: Entropy : 0.000 :: Grads : []
160 :: Rewards 59.669 :: steps: 1.00 :: Time: 0.019(0.01900/step) :: Entropy : 0.000 :: Grads : []
170 :: Rewards 66.350 :: steps: 1.00 :: Time: 0.026(0.02584/step) :: Entropy : 0.000 :: Grads : []
180 :: Rewards 72.383 :: steps: 1.00 :: Time: 0.020(0.01972/step) :: Entropy : 0.000 :: Grads : []
190 :: Rewards 78.690 :: steps: 1.00 :: Time: 0.021(0.02056/step) :: Entropy : 0.000 :: Grads : []
200 :: Rewards 84.597 :: steps: 1.00 :: Time: 0.028(0.02818/step) :: Entropy : 0.000 :: Grads : []
210 :: Rewards 89.366 :: steps: 1.00 :: Time: 0.022(0.02161/step) :: Entropy : 0.000 :: Grads : []
220 :: Rewards 94.000 :: steps: 1.00 :: Time: 0.022(0.02218/step) :: Entropy : 0.000 :: Grads : []
230 :: Rewards 98.293 :: steps: 1.00 :: Time: 0.030(0.03029/step) :: Entropy : 0.000 :: Grads : []
240 :: Rewards 101.977 :: steps: 1.00 :: Time: 0.023(0.02348/step) :: Entropy : 0.000 :: Grads : []
250 :: Rewards 104.905 :: steps: 1.00 :: Time: 0.024(0.02390/step) :: Entropy : 0.000 :: Grads : []
260 :: Rewards 107.957 :: steps: 1.00 :: Time: 0.033(0.03267/step) :: Entropy : 0.000 :: Grads : []
270 :: Rewards 111.093 :: steps: 1.00 :: Time: 0.025(0.02502/step) :: Entropy : 0.000 :: Grads : []
280 :: Rewards 113.805 :: steps: 1.00 :: Time: 0.026(0.02554/step) :: Entropy : 0.000 :: Grads : []
290 :: Rewards 116.631 :: steps: 1.00 :: Time: 0.035(0.03464/step) :: Entropy : 0.000 :: Grads : []
300 :: Rewards 118.348 :: steps: 1.00 :: Time: 0.027(0.02652/step) :: Entropy : 0.000 :: Grads : []
310 :: Rewards 120.098 :: steps: 1.00 :: Time: 0.027(0.02696/step) :: Entropy : 0.000 :: Grads : []
320 :: Rewards 121.784 :: steps: 1.00 :: Time: 0.037(0.03659/step) :: Entropy : 0.000 :: Grads : []
330 :: Rewards 123.006 :: steps: 1.00 :: Time: 0.028(0.02841/step) :: Entropy : 0.000 :: Grads : []
340 :: Rewards 123.825 :: steps: 1.00 :: Time: 0.029(0.02896/step) :: Entropy : 0.000 :: Grads : []
350 :: Rewards 125.012 :: steps: 1.00 :: Time: 0.040(0.03960/step) :: Entropy : 0.000 :: Grads : []
360 :: Rewards 125.464 :: steps: 1.00 :: Time: 0.030(0.03034/step) :: Entropy : 0.000 :: Grads : []
370 :: Rewards 126.252 :: steps: 1.00 :: Time: 0.031(0.03111/step) :: Entropy : 0.000 :: Grads : []
380 :: Rewards 126.716 :: steps: 1.00 :: Time: 0.042(0.04169/step) :: Entropy : 0.000 :: Grads : []
390 :: Rewards 127.471 :: steps: 1.00 :: Time: 0.032(0.03222/step) :: Entropy : 0.000 :: Grads : []
400 :: Rewards 127.098 :: steps: 1.00 :: Time: 0.033(0.03275/step) :: Entropy : 0.000 :: Grads : []
410 :: Rewards 126.915 :: steps: 1.00 :: Time: 0.045(0.04465/step) :: Entropy : 0.000 :: Grads : []
420 :: Rewards 127.306 :: steps: 1.00 :: Time: 0.035(0.03548/step) :: Entropy : 0.000 :: Grads : []
430 :: Rewards 127.551 :: steps: 1.00 :: Time: 0.036(0.03582/step) :: Entropy : 0.000 :: Grads : []
440 :: Rewards 126.787 :: steps: 1.00 :: Time: 0.047(0.04732/step) :: Entropy : 0.000 :: Grads : []
450 :: Rewards 125.822 :: steps: 1.00 :: Time: 0.036(0.03619/step) :: Entropy : 0.000 :: Grads : []
460 :: Rewards 125.816 :: steps: 1.00 :: Time: 0.037(0.03686/step) :: Entropy : 0.000 :: Grads : []
470 :: Rewards 126.025 :: steps: 1.00 :: Time: 0.050(0.05030/step) :: Entropy : 0.000 :: Grads : []
480 :: Rewards 125.625 :: steps: 1.00 :: Time: 0.039(0.03856/step) :: Entropy : 0.000 :: Grads : []
490 :: Rewards 125.224 :: steps: 1.00 :: Time: 0.040(0.03988/step) :: Entropy : 0.000 :: Grads : []
500 :: Rewards 125.232 :: steps: 1.00 :: Time: 0.054(0.05388/step) :: Entropy : 0.000 :: Grads : []
510 :: Rewards 125.208 :: steps: 1.00 :: Time: 0.041(0.04095/step) :: Entropy : 0.000 :: Grads : []
520 :: Rewards 124.696 :: steps: 1.00 :: Time: 0.042(0.04223/step) :: Entropy : 0.000 :: Grads : []
530 :: Rewards 124.106 :: steps: 1.00 :: Time: 0.057(0.05692/step) :: Entropy : 0.000 :: Grads : []
540 :: Rewards 123.896 :: steps: 1.00 :: Time: 0.043(0.04324/step) :: Entropy : 0.000 :: Grads : []
550 :: Rewards 123.232 :: steps: 1.00 :: Time: 0.044(0.04439/step) :: Entropy : 0.000 :: Grads : []
560 :: Rewards 122.720 :: steps: 1.00 :: Time: 0.060(0.05999/step) :: Entropy : 0.000 :: Grads : []
570 :: Rewards 121.939 :: steps: 1.00 :: Time: 0.046(0.04595/step) :: Entropy : 0.000 :: Grads : []
580 :: Rewards 121.859 :: steps: 1.00 :: Time: 0.047(0.04737/step) :: Entropy : 0.000 :: Grads : []
590 :: Rewards 121.294 :: steps: 1.00 :: Time: 0.065(0.06457/step) :: Entropy : 0.000 :: Grads : []
600 :: Rewards 121.047 :: steps: 1.00 :: Time: 0.049(0.04921/step) :: Entropy : 0.000 :: Grads : []
610 :: Rewards 120.864 :: steps: 1.00 :: Time: 0.051(0.05094/step) :: Entropy : 0.000 :: Grads : []
620 :: Rewards 119.860 :: steps: 1.00 :: Time: 0.069(0.06867/step) :: Entropy : 0.000 :: Grads : []
630 :: Rewards 120.104 :: steps: 1.00 :: Time: 0.052(0.05231/step) :: Entropy : 0.000 :: Grads : []
640 :: Rewards 123.773 :: steps: 1.00 :: Time: 0.054(0.05361/step) :: Entropy : 0.000 :: Grads : []
650 :: Rewards 128.120 :: steps: 1.00 :: Time: 0.073(0.07342/step) :: Entropy : 0.000 :: Grads : []
660 :: Rewards 133.066 :: steps: 1.00 :: Time: 0.056(0.05606/step) :: Entropy : 0.000 :: Grads : []
670 :: Rewards 137.713 :: steps: 1.00 :: Time: 0.059(0.05904/step) :: Entropy : 0.000 :: Grads : []
680 :: Rewards 143.625 :: steps: 1.00 :: Time: 0.082(0.08159/step) :: Entropy : 0.000 :: Grads : []
690 :: Rewards 149.964 :: steps: 1.00 :: Time: 0.060(0.06008/step) :: Entropy : 0.000 :: Grads : []
700 :: Rewards 154.101 :: steps: 1.00 :: Time: 0.061(0.06113/step) :: Entropy : 0.000 :: Grads : []
710 :: Rewards 161.031 :: steps: 1.00 :: Time: 0.084(0.08416/step) :: Entropy : 0.000 :: Grads : []
720 :: Rewards 168.106 :: steps: 1.00 :: Time: 0.067(0.06678/step) :: Entropy : 0.000 :: Grads : []
730 :: Rewards 174.455 :: steps: 1.00 :: Time: 0.067(0.06676/step) :: Entropy : 0.000 :: Grads : []
740 :: Rewards 179.962 :: steps: 1.00 :: Time: 0.090(0.09039/step) :: Entropy : 0.000 :: Grads : []
750 :: Rewards 185.600 :: steps: 1.00 :: Time: 0.071(0.07079/step) :: Entropy : 0.000 :: Grads : []
760 :: Rewards 191.001 :: steps: 1.00 :: Time: 0.071(0.07097/step) :: Entropy : 0.000 :: Grads : []
770 :: Rewards 196.387 :: steps: 1.00 :: Time: 0.096(0.09625/step) :: Entropy : 0.000 :: Grads : []
780 :: Rewards 202.220 :: steps: 1.00 :: Time: 0.073(0.07314/step) :: Entropy : 0.000 :: Grads : []
790 :: Rewards 207.660 :: steps: 1.00 :: Time: 0.078(0.07826/step) :: Entropy : 0.000 :: Grads : []
800 :: Rewards 212.792 :: steps: 1.00 :: Time: 0.106(0.10583/step) :: Entropy : 0.000 :: Grads : []
810 :: Rewards 216.975 :: steps: 1.00 :: Time: 0.083(0.08314/step) :: Entropy : 0.000 :: Grads : []
820 :: Rewards 221.182 :: steps: 1.00 :: Time: 0.083(0.08275/step) :: Entropy : 0.000 :: Grads : []
830 :: Rewards 223.415 :: steps: 1.00 :: Time: 0.116(0.11626/step) :: Entropy : 0.000 :: Grads : []
840 :: Rewards 226.275 :: steps: 1.00 :: Time: 0.085(0.08465/step) :: Entropy : 0.000 :: Grads : []
850 :: Rewards 228.817 :: steps: 1.00 :: Time: 0.092(0.09222/step) :: Entropy : 0.000 :: Grads : []
860 :: Rewards 230.820 :: steps: 1.00 :: Time: 0.120(0.11961/step) :: Entropy : 0.000 :: Grads : []
870 :: Rewards 232.604 :: steps: 1.00 :: Time: 0.089(0.08898/step) :: Entropy : 0.000 :: Grads : []
880 :: Rewards 233.863 :: steps: 1.00 :: Time: 0.094(0.09402/step) :: Entropy : 0.000 :: Grads : []
890 :: Rewards 236.609 :: steps: 1.00 :: Time: 0.129(0.12883/step) :: Entropy : 0.000 :: Grads : []
900 :: Rewards 239.508 :: steps: 1.00 :: Time: 0.097(0.09745/step) :: Entropy : 0.000 :: Grads : []
910 :: Rewards 242.661 :: steps: 1.00 :: Time: 0.102(0.10169/step) :: Entropy : 0.000 :: Grads : []
920 :: Rewards 245.945 :: steps: 1.00 :: Time: 0.134(0.13405/step) :: Entropy : 0.000 :: Grads : []
930 :: Rewards 249.635 :: steps: 1.00 :: Time: 0.106(0.10635/step) :: Entropy : 0.000 :: Grads : []
940 :: Rewards 253.070 :: steps: 1.00 :: Time: 0.105(0.10496/step) :: Entropy : 0.000 :: Grads : []
950 :: Rewards 257.115 :: steps: 1.00 :: Time: 0.145(0.14471/step) :: Entropy : 0.000 :: Grads : []
960 :: Rewards 261.165 :: steps: 1.00 :: Time: 0.111(0.11062/step) :: Entropy : 0.000 :: Grads : []
970 :: Rewards 263.888 :: steps: 1.00 :: Time: 0.110(0.10969/step) :: Entropy : 0.000 :: Grads : []
980 :: Rewards 267.122 :: steps: 1.00 :: Time: 0.146(0.14597/step) :: Entropy : 0.000 :: Grads : []
990 :: Rewards 271.171 :: steps: 1.00 :: Time: 0.116(0.11572/step) :: Entropy : 0.000 :: Grads : []
999 :: Rewards 274.018 :: steps: 0.90 :: Time: 0.117(0.12962/step) :: Entropy : 0.000 :: Grads : []
Total time taken: 54.97479200363159
