Module path:  Environments.NS_Reco NS_Reco
Dynamically loaded from:  <class 'Environments.NS_Reco.NS_Reco'>
Reward Amplitudes: [4.17022005e-01 7.20324493e-01 1.14374817e-04 3.02332573e-01
 1.46755891e-01] :: Avg 0.317309867282206 
Module path:  Src.Algorithms.ProWLS ProWLS
Dynamically loaded from:  <class 'Src.Algorithms.ProWLS.ProWLS'>
=====Configurations=====
 Namespace(NN_basis_dim='32', Policy_basis_dim='32', actor_lr=0.004415491219348583, algo_name='ProWLS', base=0, batch_size=1000, buffer_size=1000, debug=False, delta=1, entropy_lambda=0.0010074417839719013, env_name='NS_Reco', experiment='NS_0r_', extrapolator_basis='Fourier', folder_suffix='Default', fourier_coupled=True, fourier_k=3, fourier_order=3, gamma=0.99, gauss_std=1.5, gpu=0, hyper='default', importance_clip=5.0, inc=1, log_output='term_file', max_episodes=1000, max_inner=20, max_steps=500, optim='rmsprop', oracle=-1, raw_basis=True, restore=False, save_count=100, save_model=True, seed=5, speed=0, state_lr=0.001, summary=True, swarm=False, timestamp='5|30|11:43:59')
Actions space: 5 :: State space: 1
State Low: tensor([0.]) :: State High: tensor([1.])
State features:  [('dummy_param', torch.Size([1]))]
Policy:  [('fc1.weight', torch.Size([5, 1])), ('fc1.bias', torch.Size([5]))]
0 :: Rewards 0.000 :: steps: 0.10 :: Time: 0.000(0.00058/step) :: Entropy : 0.000 :: Grads : []
10 :: Rewards -3.369 :: steps: 1.00 :: Time: 0.009(0.00886/step) :: Entropy : 0.000 :: Grads : []
20 :: Rewards -7.935 :: steps: 1.00 :: Time: 0.011(0.01098/step) :: Entropy : 0.000 :: Grads : []
30 :: Rewards -9.366 :: steps: 1.00 :: Time: 0.011(0.01136/step) :: Entropy : 0.000 :: Grads : []
40 :: Rewards -10.696 :: steps: 1.00 :: Time: 0.011(0.01125/step) :: Entropy : 0.000 :: Grads : []
50 :: Rewards -11.112 :: steps: 1.00 :: Time: 0.011(0.01122/step) :: Entropy : 0.000 :: Grads : []
60 :: Rewards -11.677 :: steps: 1.00 :: Time: 0.011(0.01150/step) :: Entropy : 0.000 :: Grads : []
70 :: Rewards -11.970 :: steps: 1.00 :: Time: 0.012(0.01154/step) :: Entropy : 0.000 :: Grads : []
80 :: Rewards -11.970 :: steps: 1.00 :: Time: 0.012(0.01177/step) :: Entropy : 0.000 :: Grads : []
90 :: Rewards -11.970 :: steps: 1.00 :: Time: 0.012(0.01193/step) :: Entropy : 0.000 :: Grads : []
100 :: Rewards -11.970 :: steps: 1.00 :: Time: 0.012(0.01214/step) :: Entropy : 0.000 :: Grads : []
110 :: Rewards -11.970 :: steps: 1.00 :: Time: 0.012(0.01233/step) :: Entropy : 0.000 :: Grads : []
120 :: Rewards -11.970 :: steps: 1.00 :: Time: 0.013(0.01251/step) :: Entropy : 0.000 :: Grads : []
130 :: Rewards -12.406 :: steps: 1.00 :: Time: 0.013(0.01271/step) :: Entropy : 0.000 :: Grads : []
140 :: Rewards -12.406 :: steps: 1.00 :: Time: 0.013(0.01290/step) :: Entropy : 0.000 :: Grads : []
150 :: Rewards -12.406 :: steps: 1.00 :: Time: 0.013(0.01314/step) :: Entropy : 0.000 :: Grads : []
160 :: Rewards -12.406 :: steps: 1.00 :: Time: 0.013(0.01338/step) :: Entropy : 0.000 :: Grads : []
170 :: Rewards -12.406 :: steps: 1.00 :: Time: 0.014(0.01358/step) :: Entropy : 0.000 :: Grads : []
180 :: Rewards -12.406 :: steps: 1.00 :: Time: 0.014(0.01378/step) :: Entropy : 0.000 :: Grads : []
190 :: Rewards -12.406 :: steps: 1.00 :: Time: 0.015(0.01453/step) :: Entropy : 0.000 :: Grads : []
200 :: Rewards -12.406 :: steps: 1.00 :: Time: 0.015(0.01465/step) :: Entropy : 0.000 :: Grads : []
210 :: Rewards -12.406 :: steps: 1.00 :: Time: 0.015(0.01510/step) :: Entropy : 0.000 :: Grads : []
220 :: Rewards -12.714 :: steps: 1.00 :: Time: 0.015(0.01537/step) :: Entropy : 0.000 :: Grads : []
230 :: Rewards -12.714 :: steps: 1.00 :: Time: 0.016(0.01587/step) :: Entropy : 0.000 :: Grads : []
240 :: Rewards -12.714 :: steps: 1.00 :: Time: 0.016(0.01599/step) :: Entropy : 0.000 :: Grads : []
250 :: Rewards -12.714 :: steps: 1.00 :: Time: 0.016(0.01629/step) :: Entropy : 0.000 :: Grads : []
260 :: Rewards -12.714 :: steps: 1.00 :: Time: 0.017(0.01670/step) :: Entropy : 0.000 :: Grads : []
270 :: Rewards -12.714 :: steps: 1.00 :: Time: 0.017(0.01696/step) :: Entropy : 0.000 :: Grads : []
280 :: Rewards -12.714 :: steps: 1.00 :: Time: 0.017(0.01716/step) :: Entropy : 0.000 :: Grads : []
290 :: Rewards -12.714 :: steps: 1.00 :: Time: 0.017(0.01733/step) :: Entropy : 0.000 :: Grads : []
300 :: Rewards -12.714 :: steps: 1.00 :: Time: 0.017(0.01742/step) :: Entropy : 0.000 :: Grads : []
310 :: Rewards -12.714 :: steps: 1.00 :: Time: 0.018(0.01772/step) :: Entropy : 0.000 :: Grads : []
320 :: Rewards -12.714 :: steps: 1.00 :: Time: 0.018(0.01830/step) :: Entropy : 0.000 :: Grads : []
330 :: Rewards -12.714 :: steps: 1.00 :: Time: 0.018(0.01845/step) :: Entropy : 0.000 :: Grads : []
340 :: Rewards -12.714 :: steps: 1.00 :: Time: 0.019(0.01877/step) :: Entropy : 0.000 :: Grads : []
350 :: Rewards -12.714 :: steps: 1.00 :: Time: 0.019(0.01915/step) :: Entropy : 0.000 :: Grads : []
360 :: Rewards -12.714 :: steps: 1.00 :: Time: 0.020(0.01962/step) :: Entropy : 0.000 :: Grads : []
370 :: Rewards -12.714 :: steps: 1.00 :: Time: 0.020(0.02002/step) :: Entropy : 0.000 :: Grads : []
380 :: Rewards -12.714 :: steps: 1.00 :: Time: 0.021(0.02058/step) :: Entropy : 0.000 :: Grads : []
390 :: Rewards -12.714 :: steps: 1.00 :: Time: 0.021(0.02082/step) :: Entropy : 0.000 :: Grads : []
400 :: Rewards -12.714 :: steps: 1.00 :: Time: 0.021(0.02098/step) :: Entropy : 0.000 :: Grads : []
410 :: Rewards -12.714 :: steps: 1.00 :: Time: 0.022(0.02161/step) :: Entropy : 0.000 :: Grads : []
420 :: Rewards -12.714 :: steps: 1.00 :: Time: 0.022(0.02212/step) :: Entropy : 0.000 :: Grads : []
430 :: Rewards -12.714 :: steps: 1.00 :: Time: 0.022(0.02239/step) :: Entropy : 0.000 :: Grads : []
440 :: Rewards -12.714 :: steps: 1.00 :: Time: 0.023(0.02277/step) :: Entropy : 0.000 :: Grads : []
450 :: Rewards -12.714 :: steps: 1.00 :: Time: 0.023(0.02322/step) :: Entropy : 0.000 :: Grads : []
460 :: Rewards -12.714 :: steps: 1.00 :: Time: 0.023(0.02346/step) :: Entropy : 0.000 :: Grads : []
470 :: Rewards -12.714 :: steps: 1.00 :: Time: 0.024(0.02394/step) :: Entropy : 0.000 :: Grads : []
480 :: Rewards -12.714 :: steps: 1.00 :: Time: 0.024(0.02431/step) :: Entropy : 0.000 :: Grads : []
490 :: Rewards -12.714 :: steps: 1.00 :: Time: 0.025(0.02474/step) :: Entropy : 0.000 :: Grads : []
500 :: Rewards -12.714 :: steps: 1.00 :: Time: 0.025(0.02523/step) :: Entropy : 0.000 :: Grads : []
510 :: Rewards -12.714 :: steps: 1.00 :: Time: 0.026(0.02637/step) :: Entropy : 0.000 :: Grads : []
520 :: Rewards -12.714 :: steps: 1.00 :: Time: 0.026(0.02607/step) :: Entropy : 0.000 :: Grads : []
530 :: Rewards -12.714 :: steps: 1.00 :: Time: 0.027(0.02691/step) :: Entropy : 0.000 :: Grads : []
540 :: Rewards -12.714 :: steps: 1.00 :: Time: 0.027(0.02703/step) :: Entropy : 0.000 :: Grads : []
550 :: Rewards -12.714 :: steps: 1.00 :: Time: 0.028(0.02812/step) :: Entropy : 0.000 :: Grads : []
560 :: Rewards -12.714 :: steps: 1.00 :: Time: 0.029(0.02886/step) :: Entropy : 0.000 :: Grads : []
570 :: Rewards -12.714 :: steps: 1.00 :: Time: 0.030(0.03035/step) :: Entropy : 0.000 :: Grads : []
580 :: Rewards -12.714 :: steps: 1.00 :: Time: 0.029(0.02896/step) :: Entropy : 0.000 :: Grads : []
590 :: Rewards -12.714 :: steps: 1.00 :: Time: 0.030(0.02988/step) :: Entropy : 0.000 :: Grads : []
600 :: Rewards -12.714 :: steps: 1.00 :: Time: 0.030(0.03014/step) :: Entropy : 0.000 :: Grads : []
610 :: Rewards -12.714 :: steps: 1.00 :: Time: 0.031(0.03075/step) :: Entropy : 0.000 :: Grads : []
620 :: Rewards -12.714 :: steps: 1.00 :: Time: 0.031(0.03098/step) :: Entropy : 0.000 :: Grads : []
630 :: Rewards -12.714 :: steps: 1.00 :: Time: 0.032(0.03159/step) :: Entropy : 0.000 :: Grads : []
640 :: Rewards -12.714 :: steps: 1.00 :: Time: 0.032(0.03218/step) :: Entropy : 0.000 :: Grads : []
650 :: Rewards -12.714 :: steps: 1.00 :: Time: 0.033(0.03264/step) :: Entropy : 0.000 :: Grads : []
660 :: Rewards -12.714 :: steps: 1.00 :: Time: 0.033(0.03338/step) :: Entropy : 0.000 :: Grads : []
670 :: Rewards -12.714 :: steps: 1.00 :: Time: 0.034(0.03389/step) :: Entropy : 0.000 :: Grads : []
680 :: Rewards -12.714 :: steps: 1.00 :: Time: 0.034(0.03441/step) :: Entropy : 0.000 :: Grads : []
690 :: Rewards -12.714 :: steps: 1.00 :: Time: 0.036(0.03622/step) :: Entropy : 0.000 :: Grads : []
700 :: Rewards -12.714 :: steps: 1.00 :: Time: 0.037(0.03706/step) :: Entropy : 0.000 :: Grads : []
710 :: Rewards -12.714 :: steps: 1.00 :: Time: 0.037(0.03719/step) :: Entropy : 0.000 :: Grads : []
720 :: Rewards -12.714 :: steps: 1.00 :: Time: 0.038(0.03818/step) :: Entropy : 0.000 :: Grads : []
730 :: Rewards -12.714 :: steps: 1.00 :: Time: 0.039(0.03918/step) :: Entropy : 0.000 :: Grads : []
740 :: Rewards -12.714 :: steps: 1.00 :: Time: 0.040(0.03979/step) :: Entropy : 0.000 :: Grads : []
750 :: Rewards -12.714 :: steps: 1.00 :: Time: 0.040(0.04049/step) :: Entropy : 0.000 :: Grads : []
760 :: Rewards -12.714 :: steps: 1.00 :: Time: 0.041(0.04105/step) :: Entropy : 0.000 :: Grads : []
770 :: Rewards -12.714 :: steps: 1.00 :: Time: 0.043(0.04335/step) :: Entropy : 0.000 :: Grads : []
780 :: Rewards -12.714 :: steps: 1.00 :: Time: 0.044(0.04399/step) :: Entropy : 0.000 :: Grads : []
790 :: Rewards -12.714 :: steps: 1.00 :: Time: 0.044(0.04444/step) :: Entropy : 0.000 :: Grads : []
800 :: Rewards -12.714 :: steps: 1.00 :: Time: 0.044(0.04385/step) :: Entropy : 0.000 :: Grads : []
810 :: Rewards -12.714 :: steps: 1.00 :: Time: 0.046(0.04645/step) :: Entropy : 0.000 :: Grads : []
820 :: Rewards -12.714 :: steps: 1.00 :: Time: 0.047(0.04719/step) :: Entropy : 0.000 :: Grads : []
830 :: Rewards -12.714 :: steps: 1.00 :: Time: 0.049(0.04862/step) :: Entropy : 0.000 :: Grads : []
840 :: Rewards -12.714 :: steps: 1.00 :: Time: 0.050(0.05050/step) :: Entropy : 0.000 :: Grads : []
850 :: Rewards -12.714 :: steps: 1.00 :: Time: 0.050(0.05012/step) :: Entropy : 0.000 :: Grads : []
860 :: Rewards -12.714 :: steps: 1.00 :: Time: 0.050(0.04971/step) :: Entropy : 0.000 :: Grads : []
870 :: Rewards -12.714 :: steps: 1.00 :: Time: 0.051(0.05146/step) :: Entropy : 0.000 :: Grads : []
880 :: Rewards -12.714 :: steps: 1.00 :: Time: 0.051(0.05144/step) :: Entropy : 0.000 :: Grads : []
890 :: Rewards -12.714 :: steps: 1.00 :: Time: 0.054(0.05390/step) :: Entropy : 0.000 :: Grads : []
900 :: Rewards -12.714 :: steps: 1.00 :: Time: 0.057(0.05686/step) :: Entropy : 0.000 :: Grads : []
910 :: Rewards -12.714 :: steps: 1.00 :: Time: 0.057(0.05677/step) :: Entropy : 0.000 :: Grads : []
920 :: Rewards -12.714 :: steps: 1.00 :: Time: 0.058(0.05778/step) :: Entropy : 0.000 :: Grads : []
930 :: Rewards -12.714 :: steps: 1.00 :: Time: 0.058(0.05818/step) :: Entropy : 0.000 :: Grads : []
940 :: Rewards -12.714 :: steps: 1.00 :: Time: 0.060(0.05973/step) :: Entropy : 0.000 :: Grads : []
950 :: Rewards -12.714 :: steps: 1.00 :: Time: 0.062(0.06189/step) :: Entropy : 0.000 :: Grads : []
960 :: Rewards -12.714 :: steps: 1.00 :: Time: 0.062(0.06225/step) :: Entropy : 0.000 :: Grads : []
970 :: Rewards -12.714 :: steps: 1.00 :: Time: 0.065(0.06455/step) :: Entropy : 0.000 :: Grads : []
980 :: Rewards -12.714 :: steps: 1.00 :: Time: 0.067(0.06701/step) :: Entropy : 0.000 :: Grads : []
990 :: Rewards -12.714 :: steps: 1.00 :: Time: 0.068(0.06850/step) :: Entropy : 0.000 :: Grads : []
999 :: Rewards -12.714 :: steps: 0.90 :: Time: 0.061(0.06768/step) :: Entropy : 0.000 :: Grads : []
Total time taken: 29.949238061904907
