Module path:  Environments.NS_Reco NS_Reco
Dynamically loaded from:  <class 'Environments.NS_Reco.NS_Reco'>
Reward Amplitudes: [4.17022005e-01 7.20324493e-01 1.14374817e-04 3.02332573e-01
 1.46755891e-01] :: Avg 0.317309867282206 
Module path:  Src.Algorithms.ProWLS ProWLS
Dynamically loaded from:  <class 'Src.Algorithms.ProWLS.ProWLS'>
=====Configurations=====
 Namespace(NN_basis_dim='32', Policy_basis_dim='32', actor_lr=0.007650333890460954, algo_name='ProWLS', base=0, batch_size=1000, buffer_size=1000, debug=False, delta=5, entropy_lambda=0.03134205440723196, env_name='NS_Reco', experiment='NS_2_', extrapolator_basis='Fourier', folder_suffix='Default', fourier_coupled=True, fourier_k=3, fourier_order=3, gamma=0.99, gauss_std=1.5, gpu=0, hyper='default', importance_clip=15.0, inc=1, log_output='term_file', max_episodes=1000, max_inner=50, max_steps=500, optim='rmsprop', oracle=-1, raw_basis=True, restore=False, save_count=100, save_model=True, seed=2, speed=2, state_lr=0.001, summary=True, swarm=False, timestamp='5|24|17:33:15')
Actions space: 5 :: State space: 1
State Low: tensor([0.]) :: State High: tensor([1.])
State features:  [('dummy_param', torch.Size([1]))]
Policy:  [('fc1.weight', torch.Size([5, 1])), ('fc1.bias', torch.Size([5]))]
0 :: Rewards -0.012 :: steps: 0.10 :: Time: 0.000(0.00064/step) :: Entropy : 0.000 :: Grads : []
10 :: Rewards 0.122 :: steps: 1.00 :: Time: 0.006(0.00584/step) :: Entropy : 0.000 :: Grads : []
20 :: Rewards 0.637 :: steps: 1.00 :: Time: 0.006(0.00568/step) :: Entropy : 0.000 :: Grads : []
30 :: Rewards 1.536 :: steps: 1.00 :: Time: 0.006(0.00580/step) :: Entropy : 0.000 :: Grads : []
40 :: Rewards 3.041 :: steps: 1.00 :: Time: 0.006(0.00567/step) :: Entropy : 0.000 :: Grads : []
50 :: Rewards 4.591 :: steps: 1.00 :: Time: 0.006(0.00573/step) :: Entropy : 0.000 :: Grads : []
60 :: Rewards 7.222 :: steps: 1.00 :: Time: 0.006(0.00579/step) :: Entropy : 0.000 :: Grads : []
70 :: Rewards 10.262 :: steps: 1.00 :: Time: 0.006(0.00588/step) :: Entropy : 0.000 :: Grads : []
80 :: Rewards 13.992 :: steps: 1.00 :: Time: 0.006(0.00595/step) :: Entropy : 0.000 :: Grads : []
90 :: Rewards 16.932 :: steps: 1.00 :: Time: 0.006(0.00601/step) :: Entropy : 0.000 :: Grads : []
100 :: Rewards 20.237 :: steps: 1.00 :: Time: 0.006(0.00609/step) :: Entropy : 0.000 :: Grads : []
110 :: Rewards 24.550 :: steps: 1.00 :: Time: 0.006(0.00620/step) :: Entropy : 0.000 :: Grads : []
120 :: Rewards 28.737 :: steps: 1.00 :: Time: 0.006(0.00632/step) :: Entropy : 0.000 :: Grads : []
130 :: Rewards 34.320 :: steps: 1.00 :: Time: 0.006(0.00648/step) :: Entropy : 0.000 :: Grads : []
140 :: Rewards 39.241 :: steps: 1.00 :: Time: 0.007(0.00652/step) :: Entropy : 0.000 :: Grads : []
150 :: Rewards 45.484 :: steps: 1.00 :: Time: 0.007(0.00661/step) :: Entropy : 0.000 :: Grads : []
160 :: Rewards 51.938 :: steps: 1.00 :: Time: 0.007(0.00670/step) :: Entropy : 0.000 :: Grads : []
170 :: Rewards 58.002 :: steps: 1.00 :: Time: 0.007(0.00685/step) :: Entropy : 0.000 :: Grads : []
180 :: Rewards 63.930 :: steps: 1.00 :: Time: 0.007(0.00694/step) :: Entropy : 0.000 :: Grads : []
190 :: Rewards 70.559 :: steps: 1.00 :: Time: 0.007(0.00731/step) :: Entropy : 0.000 :: Grads : []
200 :: Rewards 77.674 :: steps: 1.00 :: Time: 0.007(0.00735/step) :: Entropy : 0.000 :: Grads : []
210 :: Rewards 84.809 :: steps: 1.00 :: Time: 0.008(0.00769/step) :: Entropy : 0.000 :: Grads : []
220 :: Rewards 92.000 :: steps: 1.00 :: Time: 0.008(0.00779/step) :: Entropy : 0.000 :: Grads : []
230 :: Rewards 99.225 :: steps: 1.00 :: Time: 0.008(0.00811/step) :: Entropy : 0.000 :: Grads : []
240 :: Rewards 106.313 :: steps: 1.00 :: Time: 0.008(0.00807/step) :: Entropy : 0.000 :: Grads : []
250 :: Rewards 111.555 :: steps: 1.00 :: Time: 0.008(0.00824/step) :: Entropy : 0.000 :: Grads : []
260 :: Rewards 116.405 :: steps: 1.00 :: Time: 0.008(0.00838/step) :: Entropy : 0.000 :: Grads : []
270 :: Rewards 122.539 :: steps: 1.00 :: Time: 0.009(0.00858/step) :: Entropy : 0.000 :: Grads : []
280 :: Rewards 128.086 :: steps: 1.00 :: Time: 0.009(0.00864/step) :: Entropy : 0.000 :: Grads : []
290 :: Rewards 133.544 :: steps: 1.00 :: Time: 0.009(0.00879/step) :: Entropy : 0.000 :: Grads : []
300 :: Rewards 139.406 :: steps: 1.00 :: Time: 0.009(0.00884/step) :: Entropy : 0.000 :: Grads : []
310 :: Rewards 144.384 :: steps: 1.00 :: Time: 0.009(0.00899/step) :: Entropy : 0.000 :: Grads : []
320 :: Rewards 148.708 :: steps: 1.00 :: Time: 0.009(0.00908/step) :: Entropy : 0.000 :: Grads : []
330 :: Rewards 153.152 :: steps: 1.00 :: Time: 0.009(0.00931/step) :: Entropy : 0.000 :: Grads : []
340 :: Rewards 157.112 :: steps: 1.00 :: Time: 0.009(0.00943/step) :: Entropy : 0.000 :: Grads : []
350 :: Rewards 160.992 :: steps: 1.00 :: Time: 0.010(0.00967/step) :: Entropy : 0.000 :: Grads : []
360 :: Rewards 164.835 :: steps: 1.00 :: Time: 0.010(0.00987/step) :: Entropy : 0.000 :: Grads : []
370 :: Rewards 168.133 :: steps: 1.00 :: Time: 0.010(0.01011/step) :: Entropy : 0.000 :: Grads : []
380 :: Rewards 171.244 :: steps: 1.00 :: Time: 0.010(0.01020/step) :: Entropy : 0.000 :: Grads : []
390 :: Rewards 173.940 :: steps: 1.00 :: Time: 0.010(0.01048/step) :: Entropy : 0.000 :: Grads : []
400 :: Rewards 176.194 :: steps: 1.00 :: Time: 0.011(0.01057/step) :: Entropy : 0.000 :: Grads : []
410 :: Rewards 177.932 :: steps: 1.00 :: Time: 0.011(0.01094/step) :: Entropy : 0.000 :: Grads : []
420 :: Rewards 180.108 :: steps: 1.00 :: Time: 0.011(0.01108/step) :: Entropy : 0.000 :: Grads : []
430 :: Rewards 183.119 :: steps: 1.00 :: Time: 0.011(0.01128/step) :: Entropy : 0.000 :: Grads : []
440 :: Rewards 185.985 :: steps: 1.00 :: Time: 0.011(0.01137/step) :: Entropy : 0.000 :: Grads : []
450 :: Rewards 188.651 :: steps: 1.00 :: Time: 0.012(0.01178/step) :: Entropy : 0.000 :: Grads : []
460 :: Rewards 191.128 :: steps: 1.00 :: Time: 0.012(0.01180/step) :: Entropy : 0.000 :: Grads : []
470 :: Rewards 193.345 :: steps: 1.00 :: Time: 0.012(0.01207/step) :: Entropy : 0.000 :: Grads : []
480 :: Rewards 195.331 :: steps: 1.00 :: Time: 0.012(0.01211/step) :: Entropy : 0.000 :: Grads : []
490 :: Rewards 197.112 :: steps: 1.00 :: Time: 0.012(0.01246/step) :: Entropy : 0.000 :: Grads : []
500 :: Rewards 198.672 :: steps: 1.00 :: Time: 0.012(0.01250/step) :: Entropy : 0.000 :: Grads : []
510 :: Rewards 199.839 :: steps: 1.00 :: Time: 0.013(0.01293/step) :: Entropy : 0.000 :: Grads : []
520 :: Rewards 200.877 :: steps: 1.00 :: Time: 0.013(0.01294/step) :: Entropy : 0.000 :: Grads : []
530 :: Rewards 201.689 :: steps: 1.00 :: Time: 0.013(0.01324/step) :: Entropy : 0.000 :: Grads : []
540 :: Rewards 202.073 :: steps: 1.00 :: Time: 0.013(0.01324/step) :: Entropy : 0.000 :: Grads : []
550 :: Rewards 202.585 :: steps: 1.00 :: Time: 0.014(0.01366/step) :: Entropy : 0.000 :: Grads : []
560 :: Rewards 203.070 :: steps: 1.00 :: Time: 0.014(0.01377/step) :: Entropy : 0.000 :: Grads : []
570 :: Rewards 203.564 :: steps: 1.00 :: Time: 0.014(0.01424/step) :: Entropy : 0.000 :: Grads : []
580 :: Rewards 204.226 :: steps: 1.00 :: Time: 0.014(0.01435/step) :: Entropy : 0.000 :: Grads : []
590 :: Rewards 204.726 :: steps: 1.00 :: Time: 0.015(0.01492/step) :: Entropy : 0.000 :: Grads : []
600 :: Rewards 205.291 :: steps: 1.00 :: Time: 0.015(0.01477/step) :: Entropy : 0.000 :: Grads : []
610 :: Rewards 205.719 :: steps: 1.00 :: Time: 0.016(0.01558/step) :: Entropy : 0.000 :: Grads : []
620 :: Rewards 206.146 :: steps: 1.00 :: Time: 0.015(0.01546/step) :: Entropy : 0.000 :: Grads : []
630 :: Rewards 206.622 :: steps: 1.00 :: Time: 0.016(0.01591/step) :: Entropy : 0.000 :: Grads : []
640 :: Rewards 207.269 :: steps: 1.00 :: Time: 0.016(0.01598/step) :: Entropy : 0.000 :: Grads : []
650 :: Rewards 207.679 :: steps: 1.00 :: Time: 0.017(0.01650/step) :: Entropy : 0.000 :: Grads : []
660 :: Rewards 208.190 :: steps: 1.00 :: Time: 0.017(0.01659/step) :: Entropy : 0.000 :: Grads : []
670 :: Rewards 208.617 :: steps: 1.00 :: Time: 0.017(0.01713/step) :: Entropy : 0.000 :: Grads : []
680 :: Rewards 209.009 :: steps: 1.00 :: Time: 0.017(0.01715/step) :: Entropy : 0.000 :: Grads : []
690 :: Rewards 209.153 :: steps: 1.00 :: Time: 0.018(0.01810/step) :: Entropy : 0.000 :: Grads : []
700 :: Rewards 209.422 :: steps: 1.00 :: Time: 0.018(0.01809/step) :: Entropy : 0.000 :: Grads : []
710 :: Rewards 209.568 :: steps: 1.00 :: Time: 0.019(0.01878/step) :: Entropy : 0.000 :: Grads : []
720 :: Rewards 209.668 :: steps: 1.00 :: Time: 0.019(0.01877/step) :: Entropy : 0.000 :: Grads : []
730 :: Rewards 209.715 :: steps: 1.00 :: Time: 0.019(0.01933/step) :: Entropy : 0.000 :: Grads : []
740 :: Rewards 209.762 :: steps: 1.00 :: Time: 0.019(0.01945/step) :: Entropy : 0.000 :: Grads : []
750 :: Rewards 209.740 :: steps: 1.00 :: Time: 0.020(0.02012/step) :: Entropy : 0.000 :: Grads : []
760 :: Rewards 209.693 :: steps: 1.00 :: Time: 0.020(0.02034/step) :: Entropy : 0.000 :: Grads : []
770 :: Rewards 209.608 :: steps: 1.00 :: Time: 0.021(0.02129/step) :: Entropy : 0.000 :: Grads : []
780 :: Rewards 209.466 :: steps: 1.00 :: Time: 0.021(0.02124/step) :: Entropy : 0.000 :: Grads : []
790 :: Rewards 208.883 :: steps: 1.00 :: Time: 0.022(0.02195/step) :: Entropy : 0.000 :: Grads : []
800 :: Rewards 208.694 :: steps: 1.00 :: Time: 0.022(0.02208/step) :: Entropy : 0.000 :: Grads : []
810 :: Rewards 208.541 :: steps: 1.00 :: Time: 0.023(0.02288/step) :: Entropy : 0.000 :: Grads : []
820 :: Rewards 208.349 :: steps: 1.00 :: Time: 0.023(0.02290/step) :: Entropy : 0.000 :: Grads : []
830 :: Rewards 208.369 :: steps: 1.00 :: Time: 0.024(0.02399/step) :: Entropy : 0.000 :: Grads : []
840 :: Rewards 208.345 :: steps: 1.00 :: Time: 0.024(0.02402/step) :: Entropy : 0.000 :: Grads : []
850 :: Rewards 208.274 :: steps: 1.00 :: Time: 0.025(0.02496/step) :: Entropy : 0.000 :: Grads : []
860 :: Rewards 207.883 :: steps: 1.00 :: Time: 0.025(0.02534/step) :: Entropy : 0.000 :: Grads : []
870 :: Rewards 207.818 :: steps: 1.00 :: Time: 0.026(0.02625/step) :: Entropy : 0.000 :: Grads : []
880 :: Rewards 207.833 :: steps: 1.00 :: Time: 0.027(0.02681/step) :: Entropy : 0.000 :: Grads : []
890 :: Rewards 207.829 :: steps: 1.00 :: Time: 0.027(0.02732/step) :: Entropy : 0.000 :: Grads : []
900 :: Rewards 207.831 :: steps: 1.00 :: Time: 0.028(0.02804/step) :: Entropy : 0.000 :: Grads : []
910 :: Rewards 207.831 :: steps: 1.00 :: Time: 0.029(0.02875/step) :: Entropy : 0.000 :: Grads : []
920 :: Rewards 207.625 :: steps: 1.00 :: Time: 0.029(0.02869/step) :: Entropy : 0.000 :: Grads : []
930 :: Rewards 207.320 :: steps: 1.00 :: Time: 0.030(0.03019/step) :: Entropy : 0.000 :: Grads : []
940 :: Rewards 207.326 :: steps: 1.00 :: Time: 0.030(0.02962/step) :: Entropy : 0.000 :: Grads : []
950 :: Rewards 207.323 :: steps: 1.00 :: Time: 0.031(0.03114/step) :: Entropy : 0.000 :: Grads : []
960 :: Rewards 206.818 :: steps: 1.00 :: Time: 0.031(0.03141/step) :: Entropy : 0.000 :: Grads : []
970 :: Rewards 206.813 :: steps: 1.00 :: Time: 0.032(0.03222/step) :: Entropy : 0.000 :: Grads : []
980 :: Rewards 206.828 :: steps: 1.00 :: Time: 0.033(0.03280/step) :: Entropy : 0.000 :: Grads : []
990 :: Rewards 206.871 :: steps: 1.00 :: Time: 0.033(0.03335/step) :: Entropy : 0.000 :: Grads : []
999 :: Rewards 206.902 :: steps: 0.90 :: Time: 0.034(0.03738/step) :: Entropy : 0.000 :: Grads : []
Total time taken: 15.017847061157227
