Module path:  Environments.NS_Reco NS_Reco
Dynamically loaded from:  <class 'Environments.NS_Reco.NS_Reco'>
Reward Amplitudes: [4.17022005e-01 7.20324493e-01 1.14374817e-04 3.02332573e-01
 1.46755891e-01] :: Avg 0.317309867282206 
Module path:  Src.Algorithms.ProOLS ProOLS
Dynamically loaded from:  <class 'Src.Algorithms.ProOLS.ProOLS'>
=====Configurations=====
 Namespace(NN_basis_dim='32', Policy_basis_dim='32', actor_lr=0.002855902814944507, algo_name='ProOLS', base=0, batch_size=1000, buffer_size=1000, debug=False, delta=1, entropy_lambda=0.053752942888962034, env_name='NS_Reco', experiment='NS_2r_', extrapolator_basis='Fourier', folder_suffix='Default', fourier_coupled=True, fourier_k=7, fourier_order=3, gamma=0.99, gauss_std=1.5, gpu=0, hyper='default', importance_clip=5.0, inc=1, log_output='term_file', max_episodes=1000, max_inner=30, max_steps=500, optim='rmsprop', oracle=-1, raw_basis=True, restore=False, save_count=100, save_model=True, seed=27, speed=2, state_lr=0.001, summary=True, swarm=False, timestamp='5|25|11:23:13')
Actions space: 5 :: State space: 1
State Low: tensor([0.]) :: State High: tensor([1.])
State features:  [('dummy_param', torch.Size([1]))]
Policy:  [('fc1.weight', torch.Size([5, 1])), ('fc1.bias', torch.Size([5]))]
0 :: Rewards -0.003 :: steps: 0.10 :: Time: 0.000(0.00055/step) :: Entropy : 0.000 :: Grads : []
10 :: Rewards -0.283 :: steps: 1.00 :: Time: 0.005(0.00530/step) :: Entropy : 0.000 :: Grads : []
20 :: Rewards -0.826 :: steps: 1.00 :: Time: 0.013(0.01268/step) :: Entropy : 0.000 :: Grads : []
30 :: Rewards -1.351 :: steps: 1.00 :: Time: 0.013(0.01293/step) :: Entropy : 0.000 :: Grads : []
40 :: Rewards -1.970 :: steps: 1.00 :: Time: 0.013(0.01251/step) :: Entropy : 0.000 :: Grads : []
50 :: Rewards -2.911 :: steps: 1.00 :: Time: 0.013(0.01262/step) :: Entropy : 0.000 :: Grads : []
60 :: Rewards -3.729 :: steps: 1.00 :: Time: 0.013(0.01267/step) :: Entropy : 0.000 :: Grads : []
70 :: Rewards -3.899 :: steps: 1.00 :: Time: 0.013(0.01285/step) :: Entropy : 0.000 :: Grads : []
80 :: Rewards -4.397 :: steps: 1.00 :: Time: 0.013(0.01294/step) :: Entropy : 0.000 :: Grads : []
90 :: Rewards -5.129 :: steps: 1.00 :: Time: 0.013(0.01308/step) :: Entropy : 0.000 :: Grads : []
100 :: Rewards -6.097 :: steps: 1.00 :: Time: 0.013(0.01318/step) :: Entropy : 0.000 :: Grads : []
110 :: Rewards -8.086 :: steps: 1.00 :: Time: 0.013(0.01330/step) :: Entropy : 0.000 :: Grads : []
120 :: Rewards -10.338 :: steps: 1.00 :: Time: 0.014(0.01356/step) :: Entropy : 0.000 :: Grads : []
130 :: Rewards -12.712 :: steps: 1.00 :: Time: 0.014(0.01363/step) :: Entropy : 0.000 :: Grads : []
140 :: Rewards -13.026 :: steps: 1.00 :: Time: 0.014(0.01371/step) :: Entropy : 0.000 :: Grads : []
150 :: Rewards -13.333 :: steps: 1.00 :: Time: 0.014(0.01398/step) :: Entropy : 0.000 :: Grads : []
160 :: Rewards -13.652 :: steps: 1.00 :: Time: 0.014(0.01395/step) :: Entropy : 0.000 :: Grads : []
170 :: Rewards -14.672 :: steps: 1.00 :: Time: 0.014(0.01407/step) :: Entropy : 0.000 :: Grads : []
180 :: Rewards -15.010 :: steps: 1.00 :: Time: 0.014(0.01417/step) :: Entropy : 0.000 :: Grads : []
190 :: Rewards -15.010 :: steps: 1.00 :: Time: 0.014(0.01448/step) :: Entropy : 0.000 :: Grads : []
200 :: Rewards -15.010 :: steps: 1.00 :: Time: 0.014(0.01445/step) :: Entropy : 0.000 :: Grads : []
210 :: Rewards -15.010 :: steps: 1.00 :: Time: 0.015(0.01454/step) :: Entropy : 0.000 :: Grads : []
220 :: Rewards -15.010 :: steps: 1.00 :: Time: 0.015(0.01464/step) :: Entropy : 0.000 :: Grads : []
230 :: Rewards -15.010 :: steps: 1.00 :: Time: 0.015(0.01471/step) :: Entropy : 0.000 :: Grads : []
240 :: Rewards -15.010 :: steps: 1.00 :: Time: 0.015(0.01481/step) :: Entropy : 0.000 :: Grads : []
250 :: Rewards -15.010 :: steps: 1.00 :: Time: 0.015(0.01487/step) :: Entropy : 0.000 :: Grads : []
260 :: Rewards -15.010 :: steps: 1.00 :: Time: 0.015(0.01508/step) :: Entropy : 0.000 :: Grads : []
270 :: Rewards -15.010 :: steps: 1.00 :: Time: 0.015(0.01528/step) :: Entropy : 0.000 :: Grads : []
280 :: Rewards -15.010 :: steps: 1.00 :: Time: 0.015(0.01523/step) :: Entropy : 0.000 :: Grads : []
290 :: Rewards -15.010 :: steps: 1.00 :: Time: 0.015(0.01523/step) :: Entropy : 0.000 :: Grads : []
300 :: Rewards -15.010 :: steps: 1.00 :: Time: 0.015(0.01525/step) :: Entropy : 0.000 :: Grads : []
310 :: Rewards -15.010 :: steps: 1.00 :: Time: 0.015(0.01548/step) :: Entropy : 0.000 :: Grads : []
320 :: Rewards -15.010 :: steps: 1.00 :: Time: 0.016(0.01563/step) :: Entropy : 0.000 :: Grads : []
330 :: Rewards -15.010 :: steps: 1.00 :: Time: 0.016(0.01571/step) :: Entropy : 0.000 :: Grads : []
340 :: Rewards -15.010 :: steps: 1.00 :: Time: 0.016(0.01608/step) :: Entropy : 0.000 :: Grads : []
350 :: Rewards -15.010 :: steps: 1.00 :: Time: 0.016(0.01607/step) :: Entropy : 0.000 :: Grads : []
360 :: Rewards -15.010 :: steps: 1.00 :: Time: 0.016(0.01648/step) :: Entropy : 0.000 :: Grads : []
370 :: Rewards -15.174 :: steps: 1.00 :: Time: 0.017(0.01662/step) :: Entropy : 0.000 :: Grads : []
380 :: Rewards -15.667 :: steps: 1.00 :: Time: 0.017(0.01678/step) :: Entropy : 0.000 :: Grads : []
390 :: Rewards -16.511 :: steps: 1.00 :: Time: 0.017(0.01719/step) :: Entropy : 0.000 :: Grads : []
400 :: Rewards -17.738 :: steps: 1.00 :: Time: 0.017(0.01701/step) :: Entropy : 0.000 :: Grads : []
410 :: Rewards -19.329 :: steps: 1.00 :: Time: 0.017(0.01733/step) :: Entropy : 0.000 :: Grads : []
420 :: Rewards -21.101 :: steps: 1.00 :: Time: 0.018(0.01770/step) :: Entropy : 0.000 :: Grads : []
430 :: Rewards -22.260 :: steps: 1.00 :: Time: 0.018(0.01772/step) :: Entropy : 0.000 :: Grads : []
440 :: Rewards -22.987 :: steps: 1.00 :: Time: 0.018(0.01783/step) :: Entropy : 0.000 :: Grads : []
450 :: Rewards -23.546 :: steps: 1.00 :: Time: 0.018(0.01782/step) :: Entropy : 0.000 :: Grads : []
460 :: Rewards -24.057 :: steps: 1.00 :: Time: 0.018(0.01795/step) :: Entropy : 0.000 :: Grads : []
470 :: Rewards -24.523 :: steps: 1.00 :: Time: 0.018(0.01799/step) :: Entropy : 0.000 :: Grads : []
480 :: Rewards -24.816 :: steps: 1.00 :: Time: 0.018(0.01810/step) :: Entropy : 0.000 :: Grads : []
490 :: Rewards -24.854 :: steps: 1.00 :: Time: 0.018(0.01812/step) :: Entropy : 0.000 :: Grads : []
500 :: Rewards -25.311 :: steps: 1.00 :: Time: 0.018(0.01822/step) :: Entropy : 0.000 :: Grads : []
510 :: Rewards -25.311 :: steps: 1.00 :: Time: 0.018(0.01827/step) :: Entropy : 0.000 :: Grads : []
520 :: Rewards -25.326 :: steps: 1.00 :: Time: 0.019(0.01857/step) :: Entropy : 0.000 :: Grads : []
530 :: Rewards -25.535 :: steps: 1.00 :: Time: 0.019(0.01866/step) :: Entropy : 0.000 :: Grads : []
540 :: Rewards -25.774 :: steps: 1.00 :: Time: 0.019(0.01876/step) :: Entropy : 0.000 :: Grads : []
550 :: Rewards -26.034 :: steps: 1.00 :: Time: 0.019(0.01873/step) :: Entropy : 0.000 :: Grads : []
560 :: Rewards -26.323 :: steps: 1.00 :: Time: 0.019(0.01881/step) :: Entropy : 0.000 :: Grads : []
570 :: Rewards -26.518 :: steps: 1.00 :: Time: 0.019(0.01887/step) :: Entropy : 0.000 :: Grads : []
580 :: Rewards -26.629 :: steps: 1.00 :: Time: 0.022(0.02154/step) :: Entropy : 0.000 :: Grads : []
590 :: Rewards -26.725 :: steps: 1.00 :: Time: 0.022(0.02154/step) :: Entropy : 0.000 :: Grads : []
600 :: Rewards -27.543 :: steps: 1.00 :: Time: 0.019(0.01914/step) :: Entropy : 0.000 :: Grads : []
610 :: Rewards -27.685 :: steps: 1.00 :: Time: 0.019(0.01914/step) :: Entropy : 0.000 :: Grads : []
620 :: Rewards -28.539 :: steps: 1.00 :: Time: 0.019(0.01914/step) :: Entropy : 0.000 :: Grads : []
630 :: Rewards -28.895 :: steps: 1.00 :: Time: 0.019(0.01920/step) :: Entropy : 0.000 :: Grads : []
640 :: Rewards -29.347 :: steps: 1.00 :: Time: 0.019(0.01925/step) :: Entropy : 0.000 :: Grads : []
650 :: Rewards -29.629 :: steps: 1.00 :: Time: 0.019(0.01938/step) :: Entropy : 0.000 :: Grads : []
660 :: Rewards -30.850 :: steps: 1.00 :: Time: 0.020(0.01963/step) :: Entropy : 0.000 :: Grads : []
670 :: Rewards -31.902 :: steps: 1.00 :: Time: 0.020(0.01952/step) :: Entropy : 0.000 :: Grads : []
680 :: Rewards -32.537 :: steps: 1.00 :: Time: 0.020(0.01963/step) :: Entropy : 0.000 :: Grads : []
690 :: Rewards -32.649 :: steps: 1.00 :: Time: 0.020(0.01976/step) :: Entropy : 0.000 :: Grads : []
700 :: Rewards -32.839 :: steps: 1.00 :: Time: 0.020(0.01980/step) :: Entropy : 0.000 :: Grads : []
710 :: Rewards -32.960 :: steps: 1.00 :: Time: 0.021(0.02090/step) :: Entropy : 0.000 :: Grads : []
720 :: Rewards -33.051 :: steps: 1.00 :: Time: 0.021(0.02065/step) :: Entropy : 0.000 :: Grads : []
730 :: Rewards -33.097 :: steps: 1.00 :: Time: 0.022(0.02160/step) :: Entropy : 0.000 :: Grads : []
740 :: Rewards -33.137 :: steps: 1.00 :: Time: 0.021(0.02127/step) :: Entropy : 0.000 :: Grads : []
750 :: Rewards -34.180 :: steps: 1.00 :: Time: 0.022(0.02188/step) :: Entropy : 0.000 :: Grads : []
760 :: Rewards -34.696 :: steps: 1.00 :: Time: 0.021(0.02111/step) :: Entropy : 0.000 :: Grads : []
770 :: Rewards -35.037 :: steps: 1.00 :: Time: 0.022(0.02165/step) :: Entropy : 0.000 :: Grads : []
780 :: Rewards -35.160 :: steps: 1.00 :: Time: 0.022(0.02205/step) :: Entropy : 0.000 :: Grads : []
790 :: Rewards -35.224 :: steps: 1.00 :: Time: 0.022(0.02154/step) :: Entropy : 0.000 :: Grads : []
800 :: Rewards -35.581 :: steps: 1.00 :: Time: 0.022(0.02198/step) :: Entropy : 0.000 :: Grads : []
810 :: Rewards -35.858 :: steps: 1.00 :: Time: 0.022(0.02189/step) :: Entropy : 0.000 :: Grads : []
820 :: Rewards -36.266 :: steps: 1.00 :: Time: 0.022(0.02154/step) :: Entropy : 0.000 :: Grads : []
830 :: Rewards -36.784 :: steps: 1.00 :: Time: 0.021(0.02119/step) :: Entropy : 0.000 :: Grads : []
840 :: Rewards -38.509 :: steps: 1.00 :: Time: 0.023(0.02317/step) :: Entropy : 0.000 :: Grads : []
850 :: Rewards -39.268 :: steps: 1.00 :: Time: 0.022(0.02151/step) :: Entropy : 0.000 :: Grads : []
860 :: Rewards -39.861 :: steps: 1.00 :: Time: 0.021(0.02131/step) :: Entropy : 0.000 :: Grads : []
870 :: Rewards -40.586 :: steps: 1.00 :: Time: 0.022(0.02198/step) :: Entropy : 0.000 :: Grads : []
880 :: Rewards -40.862 :: steps: 1.00 :: Time: 0.021(0.02145/step) :: Entropy : 0.000 :: Grads : []
890 :: Rewards -41.175 :: steps: 1.00 :: Time: 0.023(0.02254/step) :: Entropy : 0.000 :: Grads : []
900 :: Rewards -42.094 :: steps: 1.00 :: Time: 0.022(0.02154/step) :: Entropy : 0.000 :: Grads : []
910 :: Rewards -42.975 :: steps: 1.00 :: Time: 0.023(0.02291/step) :: Entropy : 0.000 :: Grads : []
920 :: Rewards -43.922 :: steps: 1.00 :: Time: 0.025(0.02469/step) :: Entropy : 0.000 :: Grads : []
930 :: Rewards -44.358 :: steps: 1.00 :: Time: 0.024(0.02377/step) :: Entropy : 0.000 :: Grads : []
940 :: Rewards -44.358 :: steps: 1.00 :: Time: 0.026(0.02595/step) :: Entropy : 0.000 :: Grads : []
950 :: Rewards -44.358 :: steps: 1.00 :: Time: 0.022(0.02222/step) :: Entropy : 0.000 :: Grads : []
960 :: Rewards -44.358 :: steps: 1.00 :: Time: 0.023(0.02311/step) :: Entropy : 0.000 :: Grads : []
970 :: Rewards -44.358 :: steps: 1.00 :: Time: 0.022(0.02201/step) :: Entropy : 0.000 :: Grads : []
980 :: Rewards -44.358 :: steps: 1.00 :: Time: 0.022(0.02239/step) :: Entropy : 0.000 :: Grads : []
990 :: Rewards -44.358 :: steps: 1.00 :: Time: 0.022(0.02218/step) :: Entropy : 0.000 :: Grads : []
999 :: Rewards -44.358 :: steps: 0.90 :: Time: 0.020(0.02212/step) :: Entropy : 0.000 :: Grads : []
Total time taken: 18.06382393836975
