Module path:  Src.Algorithms.OFPG OFPG
Dynamically loaded from:  <class 'Src.Algorithms.OFPG.OFPG'>
=====Configurations=====
 Namespace(NN_basis_dim='32', Policy_basis_dim='32', actor_lr=0.004338616144522951, algo_name='OFPG', base=0, batch_size=1000, buffer_size=1000, debug=False, delta=3, entropy_lambda=0.1, env_name='NS_SimGlucose-v0', experiment='NS_0_', extrapolator_basis='Fourier', folder_suffix='Default', fourier_coupled=True, fourier_k=7, fourier_order=3, gamma=0.99, gauss_std=1.87875, gpu=0, hyper='default', importance_clip=5.0, inc=1, log_output='term_file', max_episodes=1000, max_inner=60, max_steps=500, optim='rmsprop', oracle=-1, raw_basis=True, restore=False, save_count=100, save_model=True, seed=0, speed=0, state_lr=0.001, summary=True, swarm=False, timestamp='5|27|10:34:27')
Actions space: 2 :: State space: 1
State Low: tensor([0.]) :: State High: tensor([1.])
State features:  [('dummy_param', torch.Size([1]))]
Action Low: [3. 5.] :: Action High: [30. 50.]
Policy:  [('fc_mean.weight', torch.Size([2, 1])), ('fc_mean.bias', torch.Size([2]))]
0 :: Rewards -8.972 :: steps: 0.10 :: Time: 0.271(2.70788/step) :: Entropy : 0.000 :: Grads : []
10 :: Rewards -100.514 :: steps: 1.00 :: Time: 2.733(2.73300/step) :: Entropy : 0.000 :: Grads : []
20 :: Rewards -196.037 :: steps: 1.00 :: Time: 2.774(2.77395/step) :: Entropy : 0.000 :: Grads : []
30 :: Rewards -246.042 :: steps: 1.00 :: Time: 2.742(2.74236/step) :: Entropy : 0.000 :: Grads : []
40 :: Rewards -223.333 :: steps: 1.00 :: Time: 2.716(2.71639/step) :: Entropy : 0.000 :: Grads : []
50 :: Rewards -140.758 :: steps: 1.00 :: Time: 2.711(2.71134/step) :: Entropy : 0.000 :: Grads : []
60 :: Rewards -51.595 :: steps: 1.00 :: Time: 2.813(2.81291/step) :: Entropy : 0.000 :: Grads : []
70 :: Rewards 36.484 :: steps: 1.00 :: Time: 2.726(2.72609/step) :: Entropy : 0.000 :: Grads : []
80 :: Rewards 121.222 :: steps: 1.00 :: Time: 2.780(2.78044/step) :: Entropy : 0.000 :: Grads : []
90 :: Rewards 211.765 :: steps: 1.00 :: Time: 2.830(2.83029/step) :: Entropy : 0.000 :: Grads : []
100 :: Rewards 297.331 :: steps: 1.00 :: Time: 2.784(2.78389/step) :: Entropy : 0.000 :: Grads : []
110 :: Rewards 384.448 :: steps: 1.00 :: Time: 2.776(2.77638/step) :: Entropy : 0.000 :: Grads : []
120 :: Rewards 460.949 :: steps: 1.00 :: Time: 2.699(2.69900/step) :: Entropy : 0.000 :: Grads : []
130 :: Rewards 543.753 :: steps: 1.00 :: Time: 2.705(2.70474/step) :: Entropy : 0.000 :: Grads : []
140 :: Rewards 625.438 :: steps: 1.00 :: Time: 2.749(2.74870/step) :: Entropy : 0.000 :: Grads : []
150 :: Rewards 708.026 :: steps: 1.00 :: Time: 2.751(2.75076/step) :: Entropy : 0.000 :: Grads : []
160 :: Rewards 794.168 :: steps: 1.00 :: Time: 2.740(2.74020/step) :: Entropy : 0.000 :: Grads : []
170 :: Rewards 868.258 :: steps: 1.00 :: Time: 2.684(2.68399/step) :: Entropy : 0.000 :: Grads : []
180 :: Rewards 955.676 :: steps: 1.00 :: Time: 2.674(2.67384/step) :: Entropy : 0.000 :: Grads : []
190 :: Rewards 1040.152 :: steps: 1.00 :: Time: 2.675(2.67457/step) :: Entropy : 0.000 :: Grads : []
200 :: Rewards 1128.138 :: steps: 1.00 :: Time: 2.702(2.70193/step) :: Entropy : 0.000 :: Grads : []
210 :: Rewards 1209.555 :: steps: 1.00 :: Time: 2.741(2.74102/step) :: Entropy : 0.000 :: Grads : []
220 :: Rewards 1290.574 :: steps: 1.00 :: Time: 2.731(2.73120/step) :: Entropy : 0.000 :: Grads : []
230 :: Rewards 1374.393 :: steps: 1.00 :: Time: 2.733(2.73301/step) :: Entropy : 0.000 :: Grads : []
240 :: Rewards 1463.661 :: steps: 1.00 :: Time: 2.781(2.78110/step) :: Entropy : 0.000 :: Grads : []
250 :: Rewards 1547.956 :: steps: 1.00 :: Time: 2.766(2.76589/step) :: Entropy : 0.000 :: Grads : []
260 :: Rewards 1633.278 :: steps: 1.00 :: Time: 2.775(2.77456/step) :: Entropy : 0.000 :: Grads : []
270 :: Rewards 1721.875 :: steps: 1.00 :: Time: 2.739(2.73944/step) :: Entropy : 0.000 :: Grads : []
280 :: Rewards 1806.258 :: steps: 1.00 :: Time: 2.721(2.72072/step) :: Entropy : 0.000 :: Grads : []
290 :: Rewards 1885.506 :: steps: 1.00 :: Time: 2.724(2.72444/step) :: Entropy : 0.000 :: Grads : []
300 :: Rewards 1973.662 :: steps: 1.00 :: Time: 2.704(2.70431/step) :: Entropy : 0.000 :: Grads : []
310 :: Rewards 2061.602 :: steps: 1.00 :: Time: 2.728(2.72756/step) :: Entropy : 0.000 :: Grads : []
320 :: Rewards 2138.739 :: steps: 1.00 :: Time: 2.746(2.74647/step) :: Entropy : 0.000 :: Grads : []
330 :: Rewards 2219.132 :: steps: 1.00 :: Time: 80.979(80.97896/step) :: Entropy : 0.000 :: Grads : []
340 :: Rewards 2303.575 :: steps: 1.00 :: Time: 2.820(2.82005/step) :: Entropy : 0.000 :: Grads : []
350 :: Rewards 2382.559 :: steps: 1.00 :: Time: 2.721(2.72094/step) :: Entropy : 0.000 :: Grads : []
360 :: Rewards 2463.776 :: steps: 1.00 :: Time: 2.732(2.73172/step) :: Entropy : 0.000 :: Grads : []
370 :: Rewards 2549.581 :: steps: 1.00 :: Time: 2.712(2.71250/step) :: Entropy : 0.000 :: Grads : []
380 :: Rewards 2636.806 :: steps: 1.00 :: Time: 2.730(2.72986/step) :: Entropy : 0.000 :: Grads : []
390 :: Rewards 2720.572 :: steps: 1.00 :: Time: 2.763(2.76304/step) :: Entropy : 0.000 :: Grads : []
400 :: Rewards 2806.338 :: steps: 1.00 :: Time: 2.955(2.95468/step) :: Entropy : 0.000 :: Grads : []
410 :: Rewards 2896.019 :: steps: 1.00 :: Time: 2.776(2.77650/step) :: Entropy : 0.000 :: Grads : []
420 :: Rewards 2984.322 :: steps: 1.00 :: Time: 2.791(2.79059/step) :: Entropy : 0.000 :: Grads : []
430 :: Rewards 3055.392 :: steps: 1.00 :: Time: 2.767(2.76724/step) :: Entropy : 0.000 :: Grads : []
440 :: Rewards 3146.033 :: steps: 1.00 :: Time: 2.792(2.79223/step) :: Entropy : 0.000 :: Grads : []
450 :: Rewards 3232.659 :: steps: 1.00 :: Time: 2.743(2.74325/step) :: Entropy : 0.000 :: Grads : []
460 :: Rewards 3318.668 :: steps: 1.00 :: Time: 2.762(2.76201/step) :: Entropy : 0.000 :: Grads : []
470 :: Rewards 3400.828 :: steps: 1.00 :: Time: 2.722(2.72169/step) :: Entropy : 0.000 :: Grads : []
480 :: Rewards 3479.347 :: steps: 1.00 :: Time: 2.749(2.74889/step) :: Entropy : 0.000 :: Grads : []
490 :: Rewards 3567.765 :: steps: 1.00 :: Time: 2.737(2.73715/step) :: Entropy : 0.000 :: Grads : []
500 :: Rewards 3652.952 :: steps: 1.00 :: Time: 2.727(2.72740/step) :: Entropy : 0.000 :: Grads : []
510 :: Rewards 3732.046 :: steps: 1.00 :: Time: 2.718(2.71758/step) :: Entropy : 0.000 :: Grads : []
520 :: Rewards 3819.399 :: steps: 1.00 :: Time: 2.751(2.75116/step) :: Entropy : 0.000 :: Grads : []
530 :: Rewards 3906.169 :: steps: 1.00 :: Time: 2.802(2.80177/step) :: Entropy : 0.000 :: Grads : []
540 :: Rewards 3992.299 :: steps: 1.00 :: Time: 2.767(2.76700/step) :: Entropy : 0.000 :: Grads : []
550 :: Rewards 4078.150 :: steps: 1.00 :: Time: 2.789(2.78911/step) :: Entropy : 0.000 :: Grads : []
560 :: Rewards 4166.201 :: steps: 1.00 :: Time: 2.769(2.76908/step) :: Entropy : 0.000 :: Grads : []
570 :: Rewards 4253.023 :: steps: 1.00 :: Time: 2.735(2.73498/step) :: Entropy : 0.000 :: Grads : []
580 :: Rewards 4343.894 :: steps: 1.00 :: Time: 2.771(2.77092/step) :: Entropy : 0.000 :: Grads : []
590 :: Rewards 4419.076 :: steps: 1.00 :: Time: 2.949(2.94897/step) :: Entropy : 0.000 :: Grads : []
600 :: Rewards 4507.128 :: steps: 1.00 :: Time: 3.014(3.01431/step) :: Entropy : 0.000 :: Grads : []
610 :: Rewards 4600.108 :: steps: 1.00 :: Time: 2.870(2.87048/step) :: Entropy : 0.000 :: Grads : []
620 :: Rewards 4690.609 :: steps: 1.00 :: Time: 2.858(2.85792/step) :: Entropy : 0.000 :: Grads : []
630 :: Rewards 4780.224 :: steps: 1.00 :: Time: 2.827(2.82749/step) :: Entropy : 0.000 :: Grads : []
640 :: Rewards 4859.141 :: steps: 1.00 :: Time: 2.944(2.94392/step) :: Entropy : 0.000 :: Grads : []
650 :: Rewards 4945.940 :: steps: 1.00 :: Time: 2.746(2.74598/step) :: Entropy : 0.000 :: Grads : []
660 :: Rewards 5032.454 :: steps: 1.00 :: Time: 2.719(2.71867/step) :: Entropy : 0.000 :: Grads : []
670 :: Rewards 5114.566 :: steps: 1.00 :: Time: 2.741(2.74122/step) :: Entropy : 0.000 :: Grads : []
680 :: Rewards 5196.264 :: steps: 1.00 :: Time: 2.712(2.71230/step) :: Entropy : 0.000 :: Grads : []
690 :: Rewards 5281.135 :: steps: 1.00 :: Time: 2.699(2.69902/step) :: Entropy : 0.000 :: Grads : []
700 :: Rewards 5368.027 :: steps: 1.00 :: Time: 2.702(2.70172/step) :: Entropy : 0.000 :: Grads : []
710 :: Rewards 5454.725 :: steps: 1.00 :: Time: 2.717(2.71662/step) :: Entropy : 0.000 :: Grads : []
720 :: Rewards 5542.956 :: steps: 1.00 :: Time: 2.720(2.71967/step) :: Entropy : 0.000 :: Grads : []
730 :: Rewards 5628.864 :: steps: 1.00 :: Time: 2.828(2.82766/step) :: Entropy : 0.000 :: Grads : []
740 :: Rewards 5715.857 :: steps: 1.00 :: Time: 2.724(2.72382/step) :: Entropy : 0.000 :: Grads : []
750 :: Rewards 5803.857 :: steps: 1.00 :: Time: 2.725(2.72463/step) :: Entropy : 0.000 :: Grads : []
760 :: Rewards 5892.516 :: steps: 1.00 :: Time: 2.706(2.70586/step) :: Entropy : 0.000 :: Grads : []
770 :: Rewards 5975.357 :: steps: 1.00 :: Time: 2.715(2.71503/step) :: Entropy : 0.000 :: Grads : []
780 :: Rewards 6065.039 :: steps: 1.00 :: Time: 2.698(2.69781/step) :: Entropy : 0.000 :: Grads : []
790 :: Rewards 6147.544 :: steps: 1.00 :: Time: 2.702(2.70184/step) :: Entropy : 0.000 :: Grads : []
800 :: Rewards 6231.441 :: steps: 1.00 :: Time: 2.692(2.69240/step) :: Entropy : 0.000 :: Grads : []
810 :: Rewards 6317.435 :: steps: 1.00 :: Time: 2.701(2.70148/step) :: Entropy : 0.000 :: Grads : []
820 :: Rewards 6410.858 :: steps: 1.00 :: Time: 2.702(2.70198/step) :: Entropy : 0.000 :: Grads : []
830 :: Rewards 6497.660 :: steps: 1.00 :: Time: 2.704(2.70358/step) :: Entropy : 0.000 :: Grads : []
840 :: Rewards 6587.448 :: steps: 1.00 :: Time: 2.689(2.68851/step) :: Entropy : 0.000 :: Grads : []
850 :: Rewards 6672.491 :: steps: 1.00 :: Time: 2.685(2.68550/step) :: Entropy : 0.000 :: Grads : []
860 :: Rewards 6763.055 :: steps: 1.00 :: Time: 2.705(2.70509/step) :: Entropy : 0.000 :: Grads : []
870 :: Rewards 6853.037 :: steps: 1.00 :: Time: 2.752(2.75182/step) :: Entropy : 0.000 :: Grads : []
880 :: Rewards 6946.147 :: steps: 1.00 :: Time: 2.711(2.71111/step) :: Entropy : 0.000 :: Grads : []
890 :: Rewards 7036.583 :: steps: 1.00 :: Time: 2.747(2.74715/step) :: Entropy : 0.000 :: Grads : []
900 :: Rewards 7130.675 :: steps: 1.00 :: Time: 2.738(2.73811/step) :: Entropy : 0.000 :: Grads : []
910 :: Rewards 7208.242 :: steps: 1.00 :: Time: 2.732(2.73209/step) :: Entropy : 0.000 :: Grads : []
920 :: Rewards 7293.865 :: steps: 1.00 :: Time: 2.708(2.70789/step) :: Entropy : 0.000 :: Grads : []
930 :: Rewards 7379.487 :: steps: 1.00 :: Time: 2.760(2.76002/step) :: Entropy : 0.000 :: Grads : []
940 :: Rewards 7464.668 :: steps: 1.00 :: Time: 2.742(2.74170/step) :: Entropy : 0.000 :: Grads : []
950 :: Rewards 7545.885 :: steps: 1.00 :: Time: 2.726(2.72562/step) :: Entropy : 0.000 :: Grads : []
960 :: Rewards 7635.515 :: steps: 1.00 :: Time: 2.711(2.71129/step) :: Entropy : 0.000 :: Grads : []
970 :: Rewards 7722.882 :: steps: 1.00 :: Time: 2.707(2.70744/step) :: Entropy : 0.000 :: Grads : []
980 :: Rewards 7811.236 :: steps: 1.00 :: Time: 2.703(2.70295/step) :: Entropy : 0.000 :: Grads : []
990 :: Rewards 7898.035 :: steps: 1.00 :: Time: 2.716(2.71601/step) :: Entropy : 0.000 :: Grads : []
999 :: Rewards 7982.838 :: steps: 0.90 :: Time: 2.456(2.72854/step) :: Entropy : 0.000 :: Grads : []
Total time taken: 3531.92653298378
