Module path:  Environments.NS_Reco NS_Reco
Dynamically loaded from:  <class 'Environments.NS_Reco.NS_Reco'>
Reward Amplitudes: [4.17022005e-01 7.20324493e-01 1.14374817e-04 3.02332573e-01
 1.46755891e-01] :: Avg 0.317309867282206 
Module path:  Src.Algorithms.OFPG OFPG
Dynamically loaded from:  <class 'Src.Algorithms.OFPG.OFPG'>
=====Configurations=====
 Namespace(NN_basis_dim='32', Policy_basis_dim='32', actor_lr=0.002251439950474301, algo_name='OFPG', base=0, batch_size=1000, buffer_size=1000, debug=False, delta=1, entropy_lambda=0.11057727559233214, env_name='NS_Reco', experiment='NS_3_', extrapolator_basis='Fourier', folder_suffix='Default', fourier_coupled=True, fourier_k=7, fourier_order=3, gamma=0.99, gauss_std=1.5, gpu=0, hyper='default', importance_clip=10.0, inc=1, log_output='term_file', max_episodes=1000, max_inner=30, max_steps=500, optim='rmsprop', oracle=-1, raw_basis=True, restore=False, save_count=100, save_model=True, seed=3, speed=3, state_lr=0.001, summary=True, swarm=False, timestamp='5|24|22:28:25')
Actions space: 5 :: State space: 1
State Low: tensor([0.]) :: State High: tensor([1.])
State features:  [('dummy_param', torch.Size([1]))]
Policy:  [('fc1.weight', torch.Size([5, 1])), ('fc1.bias', torch.Size([5]))]
0 :: Rewards 0.000 :: steps: 0.10 :: Time: 0.001(0.01382/step) :: Entropy : 0.000 :: Grads : []
10 :: Rewards 0.118 :: steps: 1.00 :: Time: 0.012(0.01231/step) :: Entropy : 0.000 :: Grads : []
20 :: Rewards 0.777 :: steps: 1.00 :: Time: 0.013(0.01252/step) :: Entropy : 0.000 :: Grads : []
30 :: Rewards 1.816 :: steps: 1.00 :: Time: 0.013(0.01296/step) :: Entropy : 0.000 :: Grads : []
40 :: Rewards 4.000 :: steps: 1.00 :: Time: 0.012(0.01226/step) :: Entropy : 0.000 :: Grads : []
50 :: Rewards 6.993 :: steps: 1.00 :: Time: 0.012(0.01242/step) :: Entropy : 0.000 :: Grads : []
60 :: Rewards 10.626 :: steps: 1.00 :: Time: 0.012(0.01245/step) :: Entropy : 0.000 :: Grads : []
70 :: Rewards 14.201 :: steps: 1.00 :: Time: 0.013(0.01259/step) :: Entropy : 0.000 :: Grads : []
80 :: Rewards 18.039 :: steps: 1.00 :: Time: 0.013(0.01265/step) :: Entropy : 0.000 :: Grads : []
90 :: Rewards 22.772 :: steps: 1.00 :: Time: 0.014(0.01353/step) :: Entropy : 0.000 :: Grads : []
100 :: Rewards 28.026 :: steps: 1.00 :: Time: 0.013(0.01299/step) :: Entropy : 0.000 :: Grads : []
110 :: Rewards 33.564 :: steps: 1.00 :: Time: 0.013(0.01317/step) :: Entropy : 0.000 :: Grads : []
120 :: Rewards 38.746 :: steps: 1.00 :: Time: 0.013(0.01317/step) :: Entropy : 0.000 :: Grads : []
130 :: Rewards 45.392 :: steps: 1.00 :: Time: 0.013(0.01336/step) :: Entropy : 0.000 :: Grads : []
140 :: Rewards 51.355 :: steps: 1.00 :: Time: 0.014(0.01354/step) :: Entropy : 0.000 :: Grads : []
150 :: Rewards 57.205 :: steps: 1.00 :: Time: 0.014(0.01372/step) :: Entropy : 0.000 :: Grads : []
160 :: Rewards 63.933 :: steps: 1.00 :: Time: 0.016(0.01576/step) :: Entropy : 0.000 :: Grads : []
170 :: Rewards 70.930 :: steps: 1.00 :: Time: 0.016(0.01554/step) :: Entropy : 0.000 :: Grads : []
180 :: Rewards 77.197 :: steps: 1.00 :: Time: 0.015(0.01537/step) :: Entropy : 0.000 :: Grads : []
190 :: Rewards 83.430 :: steps: 1.00 :: Time: 0.015(0.01548/step) :: Entropy : 0.000 :: Grads : []
200 :: Rewards 89.224 :: steps: 1.00 :: Time: 0.014(0.01422/step) :: Entropy : 0.000 :: Grads : []
210 :: Rewards 94.724 :: steps: 1.00 :: Time: 0.014(0.01449/step) :: Entropy : 0.000 :: Grads : []
220 :: Rewards 99.892 :: steps: 1.00 :: Time: 0.014(0.01439/step) :: Entropy : 0.000 :: Grads : []
230 :: Rewards 104.119 :: steps: 1.00 :: Time: 0.015(0.01455/step) :: Entropy : 0.000 :: Grads : []
240 :: Rewards 108.058 :: steps: 1.00 :: Time: 0.015(0.01475/step) :: Entropy : 0.000 :: Grads : []
250 :: Rewards 111.318 :: steps: 1.00 :: Time: 0.015(0.01477/step) :: Entropy : 0.000 :: Grads : []
260 :: Rewards 114.129 :: steps: 1.00 :: Time: 0.015(0.01513/step) :: Entropy : 0.000 :: Grads : []
270 :: Rewards 116.381 :: steps: 1.00 :: Time: 0.015(0.01523/step) :: Entropy : 0.000 :: Grads : []
280 :: Rewards 117.837 :: steps: 1.00 :: Time: 0.015(0.01539/step) :: Entropy : 0.000 :: Grads : []
290 :: Rewards 118.730 :: steps: 1.00 :: Time: 0.016(0.01563/step) :: Entropy : 0.000 :: Grads : []
300 :: Rewards 119.007 :: steps: 1.00 :: Time: 0.016(0.01577/step) :: Entropy : 0.000 :: Grads : []
310 :: Rewards 119.001 :: steps: 1.00 :: Time: 0.016(0.01611/step) :: Entropy : 0.000 :: Grads : []
320 :: Rewards 117.276 :: steps: 1.00 :: Time: 0.016(0.01634/step) :: Entropy : 0.000 :: Grads : []
330 :: Rewards 116.021 :: steps: 1.00 :: Time: 0.017(0.01674/step) :: Entropy : 0.000 :: Grads : []
340 :: Rewards 114.650 :: steps: 1.00 :: Time: 0.017(0.01682/step) :: Entropy : 0.000 :: Grads : []
350 :: Rewards 113.254 :: steps: 1.00 :: Time: 0.017(0.01712/step) :: Entropy : 0.000 :: Grads : []
360 :: Rewards 112.051 :: steps: 1.00 :: Time: 0.018(0.01751/step) :: Entropy : 0.000 :: Grads : []
370 :: Rewards 110.406 :: steps: 1.00 :: Time: 0.018(0.01752/step) :: Entropy : 0.000 :: Grads : []
380 :: Rewards 108.479 :: steps: 1.00 :: Time: 0.018(0.01776/step) :: Entropy : 0.000 :: Grads : []
390 :: Rewards 106.699 :: steps: 1.00 :: Time: 0.018(0.01811/step) :: Entropy : 0.000 :: Grads : []
400 :: Rewards 103.263 :: steps: 1.00 :: Time: 0.018(0.01786/step) :: Entropy : 0.000 :: Grads : []
410 :: Rewards 100.952 :: steps: 1.00 :: Time: 0.019(0.01856/step) :: Entropy : 0.000 :: Grads : []
420 :: Rewards 98.426 :: steps: 1.00 :: Time: 0.019(0.01920/step) :: Entropy : 0.000 :: Grads : []
430 :: Rewards 95.053 :: steps: 1.00 :: Time: 0.019(0.01926/step) :: Entropy : 0.000 :: Grads : []
440 :: Rewards 93.119 :: steps: 1.00 :: Time: 0.019(0.01929/step) :: Entropy : 0.000 :: Grads : []
450 :: Rewards 90.873 :: steps: 1.00 :: Time: 0.019(0.01947/step) :: Entropy : 0.000 :: Grads : []
460 :: Rewards 89.640 :: steps: 1.00 :: Time: 0.019(0.01924/step) :: Entropy : 0.000 :: Grads : []
470 :: Rewards 87.103 :: steps: 1.00 :: Time: 0.020(0.01951/step) :: Entropy : 0.000 :: Grads : []
480 :: Rewards 85.408 :: steps: 1.00 :: Time: 0.020(0.01957/step) :: Entropy : 0.000 :: Grads : []
490 :: Rewards 82.080 :: steps: 1.00 :: Time: 0.020(0.01980/step) :: Entropy : 0.000 :: Grads : []
500 :: Rewards 79.206 :: steps: 1.00 :: Time: 0.020(0.01977/step) :: Entropy : 0.000 :: Grads : []
510 :: Rewards 77.767 :: steps: 1.00 :: Time: 0.020(0.01996/step) :: Entropy : 0.000 :: Grads : []
520 :: Rewards 76.080 :: steps: 1.00 :: Time: 0.020(0.02015/step) :: Entropy : 0.000 :: Grads : []
530 :: Rewards 73.178 :: steps: 1.00 :: Time: 0.020(0.02043/step) :: Entropy : 0.000 :: Grads : []
540 :: Rewards 70.824 :: steps: 1.00 :: Time: 0.021(0.02080/step) :: Entropy : 0.000 :: Grads : []
550 :: Rewards 68.580 :: steps: 1.00 :: Time: 0.021(0.02096/step) :: Entropy : 0.000 :: Grads : []
560 :: Rewards 66.734 :: steps: 1.00 :: Time: 0.021(0.02119/step) :: Entropy : 0.000 :: Grads : []
570 :: Rewards 64.199 :: steps: 1.00 :: Time: 0.021(0.02089/step) :: Entropy : 0.000 :: Grads : []
580 :: Rewards 62.802 :: steps: 1.00 :: Time: 0.020(0.02013/step) :: Entropy : 0.000 :: Grads : []
590 :: Rewards 61.268 :: steps: 1.00 :: Time: 0.018(0.01787/step) :: Entropy : 0.000 :: Grads : []
600 :: Rewards 59.862 :: steps: 1.00 :: Time: 0.018(0.01773/step) :: Entropy : 0.000 :: Grads : []
610 :: Rewards 58.534 :: steps: 1.00 :: Time: 0.018(0.01806/step) :: Entropy : 0.000 :: Grads : []
620 :: Rewards 56.962 :: steps: 1.00 :: Time: 0.018(0.01782/step) :: Entropy : 0.000 :: Grads : []
630 :: Rewards 55.903 :: steps: 1.00 :: Time: 0.018(0.01800/step) :: Entropy : 0.000 :: Grads : []
640 :: Rewards 54.768 :: steps: 1.00 :: Time: 0.018(0.01750/step) :: Entropy : 0.000 :: Grads : []
650 :: Rewards 53.935 :: steps: 1.00 :: Time: 0.018(0.01760/step) :: Entropy : 0.000 :: Grads : []
660 :: Rewards 51.883 :: steps: 1.00 :: Time: 0.018(0.01768/step) :: Entropy : 0.000 :: Grads : []
670 :: Rewards 51.688 :: steps: 1.00 :: Time: 0.018(0.01826/step) :: Entropy : 0.000 :: Grads : []
680 :: Rewards 51.733 :: steps: 1.00 :: Time: 0.019(0.01867/step) :: Entropy : 0.000 :: Grads : []
690 :: Rewards 52.725 :: steps: 1.00 :: Time: 0.019(0.01858/step) :: Entropy : 0.000 :: Grads : []
700 :: Rewards 53.616 :: steps: 1.00 :: Time: 0.019(0.01878/step) :: Entropy : 0.000 :: Grads : []
710 :: Rewards 53.915 :: steps: 1.00 :: Time: 0.019(0.01877/step) :: Entropy : 0.000 :: Grads : []
720 :: Rewards 55.329 :: steps: 1.00 :: Time: 0.019(0.01895/step) :: Entropy : 0.000 :: Grads : []
730 :: Rewards 59.084 :: steps: 1.00 :: Time: 0.019(0.01904/step) :: Entropy : 0.000 :: Grads : []
740 :: Rewards 61.412 :: steps: 1.00 :: Time: 0.019(0.01935/step) :: Entropy : 0.000 :: Grads : []
750 :: Rewards 62.347 :: steps: 1.00 :: Time: 0.019(0.01916/step) :: Entropy : 0.000 :: Grads : []
760 :: Rewards 64.047 :: steps: 1.00 :: Time: 0.019(0.01915/step) :: Entropy : 0.000 :: Grads : []
770 :: Rewards 66.268 :: steps: 1.00 :: Time: 0.020(0.01969/step) :: Entropy : 0.000 :: Grads : []
780 :: Rewards 69.153 :: steps: 1.00 :: Time: 0.020(0.02009/step) :: Entropy : 0.000 :: Grads : []
790 :: Rewards 73.324 :: steps: 1.00 :: Time: 0.020(0.02009/step) :: Entropy : 0.000 :: Grads : []
800 :: Rewards 76.936 :: steps: 1.00 :: Time: 0.020(0.02025/step) :: Entropy : 0.000 :: Grads : []
810 :: Rewards 79.220 :: steps: 1.00 :: Time: 0.021(0.02054/step) :: Entropy : 0.000 :: Grads : []
820 :: Rewards 81.815 :: steps: 1.00 :: Time: 0.020(0.02050/step) :: Entropy : 0.000 :: Grads : []
830 :: Rewards 83.640 :: steps: 1.00 :: Time: 0.021(0.02083/step) :: Entropy : 0.000 :: Grads : []
840 :: Rewards 85.540 :: steps: 1.00 :: Time: 0.021(0.02104/step) :: Entropy : 0.000 :: Grads : []
850 :: Rewards 87.688 :: steps: 1.00 :: Time: 0.021(0.02119/step) :: Entropy : 0.000 :: Grads : []
860 :: Rewards 89.146 :: steps: 1.00 :: Time: 0.021(0.02131/step) :: Entropy : 0.000 :: Grads : []
870 :: Rewards 90.165 :: steps: 1.00 :: Time: 0.021(0.02135/step) :: Entropy : 0.000 :: Grads : []
880 :: Rewards 90.988 :: steps: 1.00 :: Time: 0.021(0.02138/step) :: Entropy : 0.000 :: Grads : []
890 :: Rewards 90.843 :: steps: 1.00 :: Time: 0.021(0.02146/step) :: Entropy : 0.000 :: Grads : []
900 :: Rewards 90.620 :: steps: 1.00 :: Time: 0.022(0.02161/step) :: Entropy : 0.000 :: Grads : []
910 :: Rewards 89.894 :: steps: 1.00 :: Time: 0.022(0.02168/step) :: Entropy : 0.000 :: Grads : []
920 :: Rewards 90.071 :: steps: 1.00 :: Time: 0.022(0.02176/step) :: Entropy : 0.000 :: Grads : []
930 :: Rewards 90.758 :: steps: 1.00 :: Time: 0.022(0.02189/step) :: Entropy : 0.000 :: Grads : []
940 :: Rewards 90.724 :: steps: 1.00 :: Time: 0.022(0.02198/step) :: Entropy : 0.000 :: Grads : []
950 :: Rewards 90.255 :: steps: 1.00 :: Time: 0.022(0.02198/step) :: Entropy : 0.000 :: Grads : []
960 :: Rewards 89.756 :: steps: 1.00 :: Time: 0.022(0.02205/step) :: Entropy : 0.000 :: Grads : []
970 :: Rewards 86.364 :: steps: 1.00 :: Time: 0.022(0.02201/step) :: Entropy : 0.000 :: Grads : []
980 :: Rewards 87.486 :: steps: 1.00 :: Time: 0.022(0.02216/step) :: Entropy : 0.000 :: Grads : []
990 :: Rewards 85.337 :: steps: 1.00 :: Time: 0.022(0.02231/step) :: Entropy : 0.000 :: Grads : []
999 :: Rewards 84.648 :: steps: 0.90 :: Time: 0.020(0.02227/step) :: Entropy : 0.000 :: Grads : []
Total time taken: 17.97969698905945
