Module path:  Environments.NS_Reco NS_Reco
Dynamically loaded from:  <class 'Environments.NS_Reco.NS_Reco'>
Reward Amplitudes: [4.17022005e-01 7.20324493e-01 1.14374817e-04 3.02332573e-01
 1.46755891e-01] :: Avg 0.317309867282206 
Module path:  Src.Algorithms.ProWLS ProWLS
Dynamically loaded from:  <class 'Src.Algorithms.ProWLS.ProWLS'>
=====Configurations=====
 Namespace(NN_basis_dim='32', Policy_basis_dim='32', actor_lr=0.0037403051736555927, algo_name='ProWLS', base=0, batch_size=1000, buffer_size=1000, debug=False, delta=3, entropy_lambda=0.041755411764967935, env_name='NS_Reco', experiment='NS_4r_', extrapolator_basis='Fourier', folder_suffix='Default', fourier_coupled=True, fourier_k=7, fourier_order=3, gamma=0.99, gauss_std=1.5, gpu=0, hyper='default', importance_clip=5.0, inc=1, log_output='term_file', max_episodes=1000, max_inner=60, max_steps=500, optim='rmsprop', oracle=-1, raw_basis=True, restore=False, save_count=100, save_model=True, seed=1, speed=4, state_lr=0.001, summary=True, swarm=False, timestamp='5|25|10:3:29')
Actions space: 5 :: State space: 1
State Low: tensor([0.]) :: State High: tensor([1.])
State features:  [('dummy_param', torch.Size([1]))]
Policy:  [('fc1.weight', torch.Size([5, 1])), ('fc1.bias', torch.Size([5]))]
0 :: Rewards -0.003 :: steps: 0.10 :: Time: 0.000(0.00066/step) :: Entropy : 0.000 :: Grads : []
10 :: Rewards -0.493 :: steps: 1.00 :: Time: 0.004(0.00388/step) :: Entropy : 0.000 :: Grads : []
20 :: Rewards -1.814 :: steps: 1.00 :: Time: 0.014(0.01414/step) :: Entropy : 0.000 :: Grads : []
30 :: Rewards -4.113 :: steps: 1.00 :: Time: 0.011(0.01091/step) :: Entropy : 0.000 :: Grads : []
40 :: Rewards -7.074 :: steps: 1.00 :: Time: 0.011(0.01069/step) :: Entropy : 0.000 :: Grads : []
50 :: Rewards -10.150 :: steps: 1.00 :: Time: 0.014(0.01446/step) :: Entropy : 0.000 :: Grads : []
60 :: Rewards -13.173 :: steps: 1.00 :: Time: 0.011(0.01126/step) :: Entropy : 0.000 :: Grads : []
70 :: Rewards -14.850 :: steps: 1.00 :: Time: 0.012(0.01159/step) :: Entropy : 0.000 :: Grads : []
80 :: Rewards -16.101 :: steps: 1.00 :: Time: 0.015(0.01507/step) :: Entropy : 0.000 :: Grads : []
90 :: Rewards -16.756 :: steps: 1.00 :: Time: 0.012(0.01171/step) :: Entropy : 0.000 :: Grads : []
100 :: Rewards -18.134 :: steps: 1.00 :: Time: 0.012(0.01189/step) :: Entropy : 0.000 :: Grads : []
110 :: Rewards -18.724 :: steps: 1.00 :: Time: 0.016(0.01604/step) :: Entropy : 0.000 :: Grads : []
120 :: Rewards -19.146 :: steps: 1.00 :: Time: 0.012(0.01226/step) :: Entropy : 0.000 :: Grads : []
130 :: Rewards -19.146 :: steps: 1.00 :: Time: 0.013(0.01259/step) :: Entropy : 0.000 :: Grads : []
140 :: Rewards -19.146 :: steps: 1.00 :: Time: 0.017(0.01699/step) :: Entropy : 0.000 :: Grads : []
150 :: Rewards -19.460 :: steps: 1.00 :: Time: 0.013(0.01320/step) :: Entropy : 0.000 :: Grads : []
160 :: Rewards -21.045 :: steps: 1.00 :: Time: 0.013(0.01339/step) :: Entropy : 0.000 :: Grads : []
170 :: Rewards -21.119 :: steps: 1.00 :: Time: 0.018(0.01821/step) :: Entropy : 0.000 :: Grads : []
180 :: Rewards -22.015 :: steps: 1.00 :: Time: 0.014(0.01440/step) :: Entropy : 0.000 :: Grads : []
190 :: Rewards -23.282 :: steps: 1.00 :: Time: 0.015(0.01530/step) :: Entropy : 0.000 :: Grads : []
200 :: Rewards -23.966 :: steps: 1.00 :: Time: 0.020(0.02017/step) :: Entropy : 0.000 :: Grads : []
210 :: Rewards -24.480 :: steps: 1.00 :: Time: 0.016(0.01600/step) :: Entropy : 0.000 :: Grads : []
220 :: Rewards -25.170 :: steps: 1.00 :: Time: 0.016(0.01633/step) :: Entropy : 0.000 :: Grads : []
230 :: Rewards -25.794 :: steps: 1.00 :: Time: 0.023(0.02253/step) :: Entropy : 0.000 :: Grads : []
240 :: Rewards -26.030 :: steps: 1.00 :: Time: 0.017(0.01733/step) :: Entropy : 0.000 :: Grads : []
250 :: Rewards -26.205 :: steps: 1.00 :: Time: 0.018(0.01801/step) :: Entropy : 0.000 :: Grads : []
260 :: Rewards -26.331 :: steps: 1.00 :: Time: 0.024(0.02421/step) :: Entropy : 0.000 :: Grads : []
270 :: Rewards -26.515 :: steps: 1.00 :: Time: 0.019(0.01875/step) :: Entropy : 0.000 :: Grads : []
280 :: Rewards -27.231 :: steps: 1.00 :: Time: 0.020(0.02033/step) :: Entropy : 0.000 :: Grads : []
290 :: Rewards -28.024 :: steps: 1.00 :: Time: 0.025(0.02548/step) :: Entropy : 0.000 :: Grads : []
300 :: Rewards -28.380 :: steps: 1.00 :: Time: 0.020(0.02017/step) :: Entropy : 0.000 :: Grads : []
310 :: Rewards -28.545 :: steps: 1.00 :: Time: 0.021(0.02092/step) :: Entropy : 0.000 :: Grads : []
320 :: Rewards -28.680 :: steps: 1.00 :: Time: 0.029(0.02891/step) :: Entropy : 0.000 :: Grads : []
330 :: Rewards -29.082 :: steps: 1.00 :: Time: 0.022(0.02241/step) :: Entropy : 0.000 :: Grads : []
340 :: Rewards -29.513 :: steps: 1.00 :: Time: 0.022(0.02223/step) :: Entropy : 0.000 :: Grads : []
350 :: Rewards -31.422 :: steps: 1.00 :: Time: 0.031(0.03139/step) :: Entropy : 0.000 :: Grads : []
360 :: Rewards -32.229 :: steps: 1.00 :: Time: 0.024(0.02359/step) :: Entropy : 0.000 :: Grads : []
370 :: Rewards -32.313 :: steps: 1.00 :: Time: 0.024(0.02421/step) :: Entropy : 0.000 :: Grads : []
380 :: Rewards -32.816 :: steps: 1.00 :: Time: 0.034(0.03350/step) :: Entropy : 0.000 :: Grads : []
390 :: Rewards -33.744 :: steps: 1.00 :: Time: 0.026(0.02568/step) :: Entropy : 0.000 :: Grads : []
400 :: Rewards -33.806 :: steps: 1.00 :: Time: 0.026(0.02563/step) :: Entropy : 0.000 :: Grads : []
410 :: Rewards -34.095 :: steps: 1.00 :: Time: 0.034(0.03435/step) :: Entropy : 0.000 :: Grads : []
420 :: Rewards -34.727 :: steps: 1.00 :: Time: 0.029(0.02854/step) :: Entropy : 0.000 :: Grads : []
430 :: Rewards -35.288 :: steps: 1.00 :: Time: 0.028(0.02771/step) :: Entropy : 0.000 :: Grads : []
440 :: Rewards -35.664 :: steps: 1.00 :: Time: 0.039(0.03868/step) :: Entropy : 0.000 :: Grads : []
450 :: Rewards -36.402 :: steps: 1.00 :: Time: 0.030(0.02994/step) :: Entropy : 0.000 :: Grads : []
460 :: Rewards -38.031 :: steps: 1.00 :: Time: 0.029(0.02908/step) :: Entropy : 0.000 :: Grads : []
470 :: Rewards -39.064 :: steps: 1.00 :: Time: 0.041(0.04115/step) :: Entropy : 0.000 :: Grads : []
480 :: Rewards -39.064 :: steps: 1.00 :: Time: 0.031(0.03085/step) :: Entropy : 0.000 :: Grads : []
490 :: Rewards -39.869 :: steps: 1.00 :: Time: 0.032(0.03189/step) :: Entropy : 0.000 :: Grads : []
500 :: Rewards -40.501 :: steps: 1.00 :: Time: 0.044(0.04380/step) :: Entropy : 0.000 :: Grads : []
510 :: Rewards -41.230 :: steps: 1.00 :: Time: 0.033(0.03306/step) :: Entropy : 0.000 :: Grads : []
520 :: Rewards -41.230 :: steps: 1.00 :: Time: 0.033(0.03279/step) :: Entropy : 0.000 :: Grads : []
530 :: Rewards -43.259 :: steps: 1.00 :: Time: 0.049(0.04936/step) :: Entropy : 0.000 :: Grads : []
540 :: Rewards -44.121 :: steps: 1.00 :: Time: 0.038(0.03822/step) :: Entropy : 0.000 :: Grads : []
550 :: Rewards -44.934 :: steps: 1.00 :: Time: 0.037(0.03699/step) :: Entropy : 0.000 :: Grads : []
560 :: Rewards -45.705 :: steps: 1.00 :: Time: 0.049(0.04857/step) :: Entropy : 0.000 :: Grads : []
570 :: Rewards -48.847 :: steps: 1.00 :: Time: 0.039(0.03878/step) :: Entropy : 0.000 :: Grads : []
580 :: Rewards -49.677 :: steps: 1.00 :: Time: 0.045(0.04450/step) :: Entropy : 0.000 :: Grads : []
590 :: Rewards -49.677 :: steps: 1.00 :: Time: 0.057(0.05680/step) :: Entropy : 0.000 :: Grads : []
600 :: Rewards -49.677 :: steps: 1.00 :: Time: 0.039(0.03902/step) :: Entropy : 0.000 :: Grads : []
610 :: Rewards -49.677 :: steps: 1.00 :: Time: 0.042(0.04157/step) :: Entropy : 0.000 :: Grads : []
620 :: Rewards -49.677 :: steps: 1.00 :: Time: 0.055(0.05522/step) :: Entropy : 0.000 :: Grads : []
630 :: Rewards -50.026 :: steps: 1.00 :: Time: 0.044(0.04389/step) :: Entropy : 0.000 :: Grads : []
640 :: Rewards -50.369 :: steps: 1.00 :: Time: 0.043(0.04306/step) :: Entropy : 0.000 :: Grads : []
650 :: Rewards -51.966 :: steps: 1.00 :: Time: 0.060(0.05986/step) :: Entropy : 0.000 :: Grads : []
660 :: Rewards -53.465 :: steps: 1.00 :: Time: 0.045(0.04530/step) :: Entropy : 0.000 :: Grads : []
670 :: Rewards -53.902 :: steps: 1.00 :: Time: 0.048(0.04765/step) :: Entropy : 0.000 :: Grads : []
680 :: Rewards -54.350 :: steps: 1.00 :: Time: 0.062(0.06214/step) :: Entropy : 0.000 :: Grads : []
690 :: Rewards -54.350 :: steps: 1.00 :: Time: 0.047(0.04744/step) :: Entropy : 0.000 :: Grads : []
700 :: Rewards -54.350 :: steps: 1.00 :: Time: 0.046(0.04551/step) :: Entropy : 0.000 :: Grads : []
710 :: Rewards -55.579 :: steps: 1.00 :: Time: 0.063(0.06261/step) :: Entropy : 0.000 :: Grads : []
720 :: Rewards -56.048 :: steps: 1.00 :: Time: 0.048(0.04780/step) :: Entropy : 0.000 :: Grads : []
730 :: Rewards -56.490 :: steps: 1.00 :: Time: 0.050(0.05014/step) :: Entropy : 0.000 :: Grads : []
740 :: Rewards -56.916 :: steps: 1.00 :: Time: 0.080(0.08042/step) :: Entropy : 0.000 :: Grads : []
750 :: Rewards -57.321 :: steps: 1.00 :: Time: 0.060(0.06020/step) :: Entropy : 0.000 :: Grads : []
760 :: Rewards -58.436 :: steps: 1.00 :: Time: 0.056(0.05631/step) :: Entropy : 0.000 :: Grads : []
770 :: Rewards -58.436 :: steps: 1.00 :: Time: 0.075(0.07455/step) :: Entropy : 0.000 :: Grads : []
780 :: Rewards -60.605 :: steps: 1.00 :: Time: 0.053(0.05334/step) :: Entropy : 0.000 :: Grads : []
790 :: Rewards -63.647 :: steps: 1.00 :: Time: 0.055(0.05532/step) :: Entropy : 0.000 :: Grads : []
800 :: Rewards -63.774 :: steps: 1.00 :: Time: 0.082(0.08249/step) :: Entropy : 0.000 :: Grads : []
810 :: Rewards -63.819 :: steps: 1.00 :: Time: 0.062(0.06248/step) :: Entropy : 0.000 :: Grads : []
820 :: Rewards -64.252 :: steps: 1.00 :: Time: 0.063(0.06258/step) :: Entropy : 0.000 :: Grads : []
830 :: Rewards -64.452 :: steps: 1.00 :: Time: 0.085(0.08533/step) :: Entropy : 0.000 :: Grads : []
840 :: Rewards -64.782 :: steps: 1.00 :: Time: 0.066(0.06570/step) :: Entropy : 0.000 :: Grads : []
850 :: Rewards -65.177 :: steps: 1.00 :: Time: 0.069(0.06855/step) :: Entropy : 0.000 :: Grads : []
860 :: Rewards -66.143 :: steps: 1.00 :: Time: 0.093(0.09344/step) :: Entropy : 0.000 :: Grads : []
870 :: Rewards -66.783 :: steps: 1.00 :: Time: 0.072(0.07152/step) :: Entropy : 0.000 :: Grads : []
880 :: Rewards -67.412 :: steps: 1.00 :: Time: 0.073(0.07348/step) :: Entropy : 0.000 :: Grads : []
890 :: Rewards -67.888 :: steps: 1.00 :: Time: 0.101(0.10074/step) :: Entropy : 0.000 :: Grads : []
900 :: Rewards -67.991 :: steps: 1.00 :: Time: 0.077(0.07728/step) :: Entropy : 0.000 :: Grads : []
910 :: Rewards -68.999 :: steps: 1.00 :: Time: 0.079(0.07948/step) :: Entropy : 0.000 :: Grads : []
920 :: Rewards -69.841 :: steps: 1.00 :: Time: 0.106(0.10647/step) :: Entropy : 0.000 :: Grads : []
930 :: Rewards -69.841 :: steps: 1.00 :: Time: 0.082(0.08157/step) :: Entropy : 0.000 :: Grads : []
940 :: Rewards -69.841 :: steps: 1.00 :: Time: 0.083(0.08304/step) :: Entropy : 0.000 :: Grads : []
950 :: Rewards -69.841 :: steps: 1.00 :: Time: 0.113(0.11285/step) :: Entropy : 0.000 :: Grads : []
960 :: Rewards -69.841 :: steps: 1.00 :: Time: 0.087(0.08708/step) :: Entropy : 0.000 :: Grads : []
970 :: Rewards -70.387 :: steps: 1.00 :: Time: 0.088(0.08768/step) :: Entropy : 0.000 :: Grads : []
980 :: Rewards -71.633 :: steps: 1.00 :: Time: 0.117(0.11676/step) :: Entropy : 0.000 :: Grads : []
990 :: Rewards -71.633 :: steps: 1.00 :: Time: 0.086(0.08605/step) :: Entropy : 0.000 :: Grads : []
999 :: Rewards -71.633 :: steps: 0.90 :: Time: 0.088(0.09739/step) :: Entropy : 0.000 :: Grads : []
Total time taken: 42.91124725341797
