Module path:  Environments.NS_Reco NS_Reco
Dynamically loaded from:  <class 'Environments.NS_Reco.NS_Reco'>
Reward Amplitudes: [4.17022005e-01 7.20324493e-01 1.14374817e-04 3.02332573e-01
 1.46755891e-01] :: Avg 0.317309867282206 
Module path:  Src.Algorithms.ProOLS ProOLS
Dynamically loaded from:  <class 'Src.Algorithms.ProOLS.ProOLS'>
=====Configurations=====
 Namespace(NN_basis_dim='32', Policy_basis_dim='32', actor_lr=0.006330904637554062, algo_name='ProOLS', base=0, batch_size=1000, buffer_size=1000, debug=False, delta=1, entropy_lambda=0.05062512794041892, env_name='NS_Reco', experiment='NS_4r_', extrapolator_basis='Fourier', folder_suffix='Default', fourier_coupled=True, fourier_k=5, fourier_order=3, gamma=0.99, gauss_std=1.5, gpu=0, hyper='default', importance_clip=5.0, inc=1, log_output='term_file', max_episodes=1000, max_inner=20, max_steps=500, optim='rmsprop', oracle=-1, raw_basis=True, restore=False, save_count=100, save_model=True, seed=2, speed=4, state_lr=0.001, summary=True, swarm=False, timestamp='5|25|9:52:50')
Actions space: 5 :: State space: 1
State Low: tensor([0.]) :: State High: tensor([1.])
State features:  [('dummy_param', torch.Size([1]))]
Policy:  [('fc1.weight', torch.Size([5, 1])), ('fc1.bias', torch.Size([5]))]
0 :: Rewards -0.012 :: steps: 0.10 :: Time: 0.000(0.00065/step) :: Entropy : 0.000 :: Grads : []
10 :: Rewards -0.352 :: steps: 1.00 :: Time: 0.006(0.00596/step) :: Entropy : 0.000 :: Grads : []
20 :: Rewards -1.338 :: steps: 1.00 :: Time: 0.009(0.00932/step) :: Entropy : 0.000 :: Grads : []
30 :: Rewards -1.846 :: steps: 1.00 :: Time: 0.010(0.00957/step) :: Entropy : 0.000 :: Grads : []
40 :: Rewards -2.080 :: steps: 1.00 :: Time: 0.009(0.00927/step) :: Entropy : 0.000 :: Grads : []
50 :: Rewards -2.080 :: steps: 1.00 :: Time: 0.009(0.00934/step) :: Entropy : 0.000 :: Grads : []
60 :: Rewards -2.080 :: steps: 1.00 :: Time: 0.009(0.00931/step) :: Entropy : 0.000 :: Grads : []
70 :: Rewards -2.080 :: steps: 1.00 :: Time: 0.009(0.00947/step) :: Entropy : 0.000 :: Grads : []
80 :: Rewards -2.080 :: steps: 1.00 :: Time: 0.009(0.00950/step) :: Entropy : 0.000 :: Grads : []
90 :: Rewards -2.080 :: steps: 1.00 :: Time: 0.010(0.00956/step) :: Entropy : 0.000 :: Grads : []
100 :: Rewards -2.080 :: steps: 1.00 :: Time: 0.010(0.00966/step) :: Entropy : 0.000 :: Grads : []
110 :: Rewards -2.080 :: steps: 1.00 :: Time: 0.010(0.00967/step) :: Entropy : 0.000 :: Grads : []
120 :: Rewards -2.080 :: steps: 1.00 :: Time: 0.010(0.00981/step) :: Entropy : 0.000 :: Grads : []
130 :: Rewards -2.080 :: steps: 1.00 :: Time: 0.010(0.00995/step) :: Entropy : 0.000 :: Grads : []
140 :: Rewards -2.080 :: steps: 1.00 :: Time: 0.011(0.01070/step) :: Entropy : 0.000 :: Grads : []
150 :: Rewards -2.080 :: steps: 1.00 :: Time: 0.011(0.01087/step) :: Entropy : 0.000 :: Grads : []
160 :: Rewards -2.080 :: steps: 1.00 :: Time: 0.010(0.01028/step) :: Entropy : 0.000 :: Grads : []
170 :: Rewards -2.080 :: steps: 1.00 :: Time: 0.010(0.01031/step) :: Entropy : 0.000 :: Grads : []
180 :: Rewards -2.082 :: steps: 1.00 :: Time: 0.010(0.01031/step) :: Entropy : 0.000 :: Grads : []
190 :: Rewards -2.438 :: steps: 1.00 :: Time: 0.010(0.01045/step) :: Entropy : 0.000 :: Grads : []
200 :: Rewards -3.534 :: steps: 1.00 :: Time: 0.011(0.01053/step) :: Entropy : 0.000 :: Grads : []
210 :: Rewards -5.348 :: steps: 1.00 :: Time: 0.011(0.01052/step) :: Entropy : 0.000 :: Grads : []
220 :: Rewards -6.923 :: steps: 1.00 :: Time: 0.011(0.01066/step) :: Entropy : 0.000 :: Grads : []
230 :: Rewards -7.774 :: steps: 1.00 :: Time: 0.011(0.01071/step) :: Entropy : 0.000 :: Grads : []
240 :: Rewards -8.363 :: steps: 1.00 :: Time: 0.011(0.01071/step) :: Entropy : 0.000 :: Grads : []
250 :: Rewards -8.820 :: steps: 1.00 :: Time: 0.011(0.01092/step) :: Entropy : 0.000 :: Grads : []
260 :: Rewards -9.197 :: steps: 1.00 :: Time: 0.011(0.01108/step) :: Entropy : 0.000 :: Grads : []
270 :: Rewards -9.588 :: steps: 1.00 :: Time: 0.011(0.01124/step) :: Entropy : 0.000 :: Grads : []
280 :: Rewards -10.290 :: steps: 1.00 :: Time: 0.011(0.01118/step) :: Entropy : 0.000 :: Grads : []
290 :: Rewards -11.573 :: steps: 1.00 :: Time: 0.011(0.01129/step) :: Entropy : 0.000 :: Grads : []
300 :: Rewards -11.905 :: steps: 1.00 :: Time: 0.011(0.01145/step) :: Entropy : 0.000 :: Grads : []
310 :: Rewards -12.124 :: steps: 1.00 :: Time: 0.012(0.01175/step) :: Entropy : 0.000 :: Grads : []
320 :: Rewards -12.486 :: steps: 1.00 :: Time: 0.012(0.01192/step) :: Entropy : 0.000 :: Grads : []
330 :: Rewards -12.537 :: steps: 1.00 :: Time: 0.012(0.01210/step) :: Entropy : 0.000 :: Grads : []
340 :: Rewards -13.548 :: steps: 1.00 :: Time: 0.012(0.01212/step) :: Entropy : 0.000 :: Grads : []
350 :: Rewards -13.548 :: steps: 1.00 :: Time: 0.012(0.01227/step) :: Entropy : 0.000 :: Grads : []
360 :: Rewards -13.558 :: steps: 1.00 :: Time: 0.013(0.01253/step) :: Entropy : 0.000 :: Grads : []
370 :: Rewards -13.852 :: steps: 1.00 :: Time: 0.013(0.01258/step) :: Entropy : 0.000 :: Grads : []
380 :: Rewards -14.248 :: steps: 1.00 :: Time: 0.013(0.01272/step) :: Entropy : 0.000 :: Grads : []
390 :: Rewards -14.305 :: steps: 1.00 :: Time: 0.013(0.01274/step) :: Entropy : 0.000 :: Grads : []
400 :: Rewards -15.136 :: steps: 1.00 :: Time: 0.013(0.01279/step) :: Entropy : 0.000 :: Grads : []
410 :: Rewards -15.224 :: steps: 1.00 :: Time: 0.013(0.01298/step) :: Entropy : 0.000 :: Grads : []
420 :: Rewards -16.386 :: steps: 1.00 :: Time: 0.014(0.01352/step) :: Entropy : 0.000 :: Grads : []
430 :: Rewards -16.939 :: steps: 1.00 :: Time: 0.014(0.01360/step) :: Entropy : 0.000 :: Grads : []
440 :: Rewards -17.080 :: steps: 1.00 :: Time: 0.014(0.01359/step) :: Entropy : 0.000 :: Grads : []
450 :: Rewards -17.733 :: steps: 1.00 :: Time: 0.014(0.01373/step) :: Entropy : 0.000 :: Grads : []
460 :: Rewards -19.494 :: steps: 1.00 :: Time: 0.014(0.01378/step) :: Entropy : 0.000 :: Grads : []
470 :: Rewards -22.228 :: steps: 1.00 :: Time: 0.014(0.01389/step) :: Entropy : 0.000 :: Grads : []
480 :: Rewards -23.198 :: steps: 1.00 :: Time: 0.014(0.01390/step) :: Entropy : 0.000 :: Grads : []
490 :: Rewards -24.101 :: steps: 1.00 :: Time: 0.014(0.01391/step) :: Entropy : 0.000 :: Grads : []
500 :: Rewards -24.101 :: steps: 1.00 :: Time: 0.014(0.01392/step) :: Entropy : 0.000 :: Grads : []
510 :: Rewards -24.101 :: steps: 1.00 :: Time: 0.014(0.01420/step) :: Entropy : 0.000 :: Grads : []
520 :: Rewards -24.101 :: steps: 1.00 :: Time: 0.014(0.01419/step) :: Entropy : 0.000 :: Grads : []
530 :: Rewards -24.101 :: steps: 1.00 :: Time: 0.014(0.01433/step) :: Entropy : 0.000 :: Grads : []
540 :: Rewards -24.101 :: steps: 1.00 :: Time: 0.014(0.01439/step) :: Entropy : 0.000 :: Grads : []
550 :: Rewards -24.101 :: steps: 1.00 :: Time: 0.014(0.01434/step) :: Entropy : 0.000 :: Grads : []
560 :: Rewards -24.101 :: steps: 1.00 :: Time: 0.015(0.01511/step) :: Entropy : 0.000 :: Grads : []
570 :: Rewards -24.101 :: steps: 1.00 :: Time: 0.015(0.01474/step) :: Entropy : 0.000 :: Grads : []
580 :: Rewards -24.101 :: steps: 1.00 :: Time: 0.015(0.01460/step) :: Entropy : 0.000 :: Grads : []
590 :: Rewards -24.101 :: steps: 1.00 :: Time: 0.015(0.01496/step) :: Entropy : 0.000 :: Grads : []
600 :: Rewards -24.101 :: steps: 1.00 :: Time: 0.015(0.01468/step) :: Entropy : 0.000 :: Grads : []
610 :: Rewards -24.101 :: steps: 1.00 :: Time: 0.015(0.01490/step) :: Entropy : 0.000 :: Grads : []
620 :: Rewards -24.101 :: steps: 1.00 :: Time: 0.015(0.01496/step) :: Entropy : 0.000 :: Grads : []
630 :: Rewards -24.101 :: steps: 1.00 :: Time: 0.015(0.01493/step) :: Entropy : 0.000 :: Grads : []
640 :: Rewards -24.405 :: steps: 1.00 :: Time: 0.015(0.01518/step) :: Entropy : 0.000 :: Grads : []
650 :: Rewards -26.074 :: steps: 1.00 :: Time: 0.015(0.01517/step) :: Entropy : 0.000 :: Grads : []
660 :: Rewards -29.024 :: steps: 1.00 :: Time: 0.015(0.01512/step) :: Entropy : 0.000 :: Grads : []
670 :: Rewards -32.784 :: steps: 1.00 :: Time: 0.015(0.01525/step) :: Entropy : 0.000 :: Grads : []
680 :: Rewards -33.772 :: steps: 1.00 :: Time: 0.015(0.01537/step) :: Entropy : 0.000 :: Grads : []
690 :: Rewards -34.384 :: steps: 1.00 :: Time: 0.016(0.01565/step) :: Entropy : 0.000 :: Grads : []
700 :: Rewards -34.974 :: steps: 1.00 :: Time: 0.016(0.01566/step) :: Entropy : 0.000 :: Grads : []
710 :: Rewards -35.451 :: steps: 1.00 :: Time: 0.016(0.01573/step) :: Entropy : 0.000 :: Grads : []
720 :: Rewards -35.925 :: steps: 1.00 :: Time: 0.016(0.01579/step) :: Entropy : 0.000 :: Grads : []
730 :: Rewards -36.276 :: steps: 1.00 :: Time: 0.016(0.01563/step) :: Entropy : 0.000 :: Grads : []
740 :: Rewards -36.619 :: steps: 1.00 :: Time: 0.016(0.01576/step) :: Entropy : 0.000 :: Grads : []
750 :: Rewards -36.938 :: steps: 1.00 :: Time: 0.016(0.01551/step) :: Entropy : 0.000 :: Grads : []
760 :: Rewards -36.938 :: steps: 1.00 :: Time: 0.016(0.01602/step) :: Entropy : 0.000 :: Grads : []
770 :: Rewards -37.131 :: steps: 1.00 :: Time: 0.016(0.01601/step) :: Entropy : 0.000 :: Grads : []
780 :: Rewards -37.291 :: steps: 1.00 :: Time: 0.016(0.01604/step) :: Entropy : 0.000 :: Grads : []
790 :: Rewards -37.514 :: steps: 1.00 :: Time: 0.016(0.01627/step) :: Entropy : 0.000 :: Grads : []
800 :: Rewards -37.672 :: steps: 1.00 :: Time: 0.016(0.01614/step) :: Entropy : 0.000 :: Grads : []
810 :: Rewards -37.707 :: steps: 1.00 :: Time: 0.017(0.01678/step) :: Entropy : 0.000 :: Grads : []
820 :: Rewards -37.948 :: steps: 1.00 :: Time: 0.017(0.01678/step) :: Entropy : 0.000 :: Grads : []
830 :: Rewards -38.016 :: steps: 1.00 :: Time: 0.017(0.01691/step) :: Entropy : 0.000 :: Grads : []
840 :: Rewards -38.134 :: steps: 1.00 :: Time: 0.017(0.01679/step) :: Entropy : 0.000 :: Grads : []
850 :: Rewards -38.650 :: steps: 1.00 :: Time: 0.017(0.01679/step) :: Entropy : 0.000 :: Grads : []
860 :: Rewards -39.640 :: steps: 1.00 :: Time: 0.017(0.01676/step) :: Entropy : 0.000 :: Grads : []
870 :: Rewards -40.877 :: steps: 1.00 :: Time: 0.017(0.01682/step) :: Entropy : 0.000 :: Grads : []
880 :: Rewards -42.785 :: steps: 1.00 :: Time: 0.017(0.01668/step) :: Entropy : 0.000 :: Grads : []
890 :: Rewards -44.673 :: steps: 1.00 :: Time: 0.017(0.01676/step) :: Entropy : 0.000 :: Grads : []
900 :: Rewards -46.883 :: steps: 1.00 :: Time: 0.017(0.01706/step) :: Entropy : 0.000 :: Grads : []
910 :: Rewards -49.780 :: steps: 1.00 :: Time: 0.017(0.01710/step) :: Entropy : 0.000 :: Grads : []
920 :: Rewards -52.266 :: steps: 1.00 :: Time: 0.017(0.01718/step) :: Entropy : 0.000 :: Grads : []
930 :: Rewards -54.495 :: steps: 1.00 :: Time: 0.017(0.01715/step) :: Entropy : 0.000 :: Grads : []
940 :: Rewards -56.655 :: steps: 1.00 :: Time: 0.017(0.01717/step) :: Entropy : 0.000 :: Grads : []
950 :: Rewards -57.501 :: steps: 1.00 :: Time: 0.017(0.01726/step) :: Entropy : 0.000 :: Grads : []
960 :: Rewards -57.988 :: steps: 1.00 :: Time: 0.017(0.01744/step) :: Entropy : 0.000 :: Grads : []
970 :: Rewards -57.988 :: steps: 1.00 :: Time: 0.017(0.01713/step) :: Entropy : 0.000 :: Grads : []
980 :: Rewards -57.988 :: steps: 1.00 :: Time: 0.017(0.01736/step) :: Entropy : 0.000 :: Grads : []
990 :: Rewards -57.988 :: steps: 1.00 :: Time: 0.017(0.01727/step) :: Entropy : 0.000 :: Grads : []
999 :: Rewards -57.988 :: steps: 0.90 :: Time: 0.016(0.01738/step) :: Entropy : 0.000 :: Grads : []
Total time taken: 13.66093111038208
