Module path:  Environments.NS_Reco NS_Reco
Dynamically loaded from:  <class 'Environments.NS_Reco.NS_Reco'>
Reward Amplitudes: [4.17022005e-01 7.20324493e-01 1.14374817e-04 3.02332573e-01
 1.46755891e-01] :: Avg 0.317309867282206 
Module path:  Src.Algorithms.ProWLS ProWLS
Dynamically loaded from:  <class 'Src.Algorithms.ProWLS.ProWLS'>
=====Configurations=====
 Namespace(NN_basis_dim='32', Policy_basis_dim='32', actor_lr=0.0017966647558361548, algo_name='ProWLS', base=0, batch_size=1000, buffer_size=1000, debug=False, delta=1, entropy_lambda=0.006997441955638448, env_name='NS_Reco', experiment='NS_1_', extrapolator_basis='Fourier', folder_suffix='Default', fourier_coupled=True, fourier_k=3, fourier_order=3, gamma=0.99, gauss_std=1.5, gpu=0, hyper='default', importance_clip=10.0, inc=1, log_output='term_file', max_episodes=1000, max_inner=30, max_steps=500, optim='rmsprop', oracle=-1, raw_basis=True, restore=False, save_count=100, save_model=True, seed=26, speed=1, state_lr=0.001, summary=True, swarm=False, timestamp='5|24|21:45:51')
Actions space: 5 :: State space: 1
State Low: tensor([0.]) :: State High: tensor([1.])
State features:  [('dummy_param', torch.Size([1]))]
Policy:  [('fc1.weight', torch.Size([5, 1])), ('fc1.bias', torch.Size([5]))]
0 :: Rewards 0.001 :: steps: 0.10 :: Time: 0.000(0.00059/step) :: Entropy : 0.000 :: Grads : []
10 :: Rewards 0.022 :: steps: 1.00 :: Time: 0.013(0.01327/step) :: Entropy : 0.000 :: Grads : []
20 :: Rewards 0.286 :: steps: 1.00 :: Time: 0.016(0.01643/step) :: Entropy : 0.000 :: Grads : []
30 :: Rewards 0.647 :: steps: 1.00 :: Time: 0.017(0.01683/step) :: Entropy : 0.000 :: Grads : []
40 :: Rewards 1.392 :: steps: 1.00 :: Time: 0.016(0.01647/step) :: Entropy : 0.000 :: Grads : []
50 :: Rewards 2.501 :: steps: 1.00 :: Time: 0.017(0.01663/step) :: Entropy : 0.000 :: Grads : []
60 :: Rewards 3.736 :: steps: 1.00 :: Time: 0.017(0.01683/step) :: Entropy : 0.000 :: Grads : []
70 :: Rewards 5.143 :: steps: 1.00 :: Time: 0.017(0.01703/step) :: Entropy : 0.000 :: Grads : []
80 :: Rewards 7.112 :: steps: 1.00 :: Time: 0.017(0.01719/step) :: Entropy : 0.000 :: Grads : []
90 :: Rewards 9.325 :: steps: 1.00 :: Time: 0.017(0.01744/step) :: Entropy : 0.000 :: Grads : []
100 :: Rewards 11.409 :: steps: 1.00 :: Time: 0.018(0.01766/step) :: Entropy : 0.000 :: Grads : []
110 :: Rewards 13.660 :: steps: 1.00 :: Time: 0.018(0.01798/step) :: Entropy : 0.000 :: Grads : []
120 :: Rewards 16.040 :: steps: 1.00 :: Time: 0.018(0.01822/step) :: Entropy : 0.000 :: Grads : []
130 :: Rewards 19.169 :: steps: 1.00 :: Time: 0.019(0.01854/step) :: Entropy : 0.000 :: Grads : []
140 :: Rewards 22.352 :: steps: 1.00 :: Time: 0.019(0.01884/step) :: Entropy : 0.000 :: Grads : []
150 :: Rewards 25.972 :: steps: 1.00 :: Time: 0.019(0.01916/step) :: Entropy : 0.000 :: Grads : []
160 :: Rewards 29.753 :: steps: 1.00 :: Time: 0.019(0.01947/step) :: Entropy : 0.000 :: Grads : []
170 :: Rewards 33.384 :: steps: 1.00 :: Time: 0.020(0.01986/step) :: Entropy : 0.000 :: Grads : []
180 :: Rewards 36.674 :: steps: 1.00 :: Time: 0.020(0.02023/step) :: Entropy : 0.000 :: Grads : []
190 :: Rewards 41.121 :: steps: 1.00 :: Time: 0.021(0.02124/step) :: Entropy : 0.000 :: Grads : []
200 :: Rewards 44.806 :: steps: 1.00 :: Time: 0.022(0.02169/step) :: Entropy : 0.000 :: Grads : []
210 :: Rewards 49.605 :: steps: 1.00 :: Time: 0.022(0.02229/step) :: Entropy : 0.000 :: Grads : []
220 :: Rewards 54.585 :: steps: 1.00 :: Time: 0.023(0.02293/step) :: Entropy : 0.000 :: Grads : []
230 :: Rewards 59.782 :: steps: 1.00 :: Time: 0.023(0.02345/step) :: Entropy : 0.000 :: Grads : []
240 :: Rewards 64.887 :: steps: 1.00 :: Time: 0.024(0.02387/step) :: Entropy : 0.000 :: Grads : []
250 :: Rewards 70.070 :: steps: 1.00 :: Time: 0.024(0.02437/step) :: Entropy : 0.000 :: Grads : []
260 :: Rewards 75.107 :: steps: 1.00 :: Time: 0.025(0.02496/step) :: Entropy : 0.000 :: Grads : []
270 :: Rewards 80.964 :: steps: 1.00 :: Time: 0.025(0.02543/step) :: Entropy : 0.000 :: Grads : []
280 :: Rewards 86.955 :: steps: 1.00 :: Time: 0.026(0.02566/step) :: Entropy : 0.000 :: Grads : []
290 :: Rewards 93.130 :: steps: 1.00 :: Time: 0.026(0.02599/step) :: Entropy : 0.000 :: Grads : []
300 :: Rewards 98.154 :: steps: 1.00 :: Time: 0.026(0.02617/step) :: Entropy : 0.000 :: Grads : []
310 :: Rewards 104.569 :: steps: 1.00 :: Time: 0.026(0.02647/step) :: Entropy : 0.000 :: Grads : []
320 :: Rewards 111.065 :: steps: 1.00 :: Time: 0.027(0.02704/step) :: Entropy : 0.000 :: Grads : []
330 :: Rewards 117.121 :: steps: 1.00 :: Time: 0.028(0.02777/step) :: Entropy : 0.000 :: Grads : []
340 :: Rewards 123.809 :: steps: 1.00 :: Time: 0.028(0.02792/step) :: Entropy : 0.000 :: Grads : []
350 :: Rewards 130.585 :: steps: 1.00 :: Time: 0.029(0.02851/step) :: Entropy : 0.000 :: Grads : []
360 :: Rewards 137.486 :: steps: 1.00 :: Time: 0.029(0.02891/step) :: Entropy : 0.000 :: Grads : []
370 :: Rewards 144.416 :: steps: 1.00 :: Time: 0.030(0.02957/step) :: Entropy : 0.000 :: Grads : []
380 :: Rewards 150.294 :: steps: 1.00 :: Time: 0.030(0.03016/step) :: Entropy : 0.000 :: Grads : []
390 :: Rewards 157.368 :: steps: 1.00 :: Time: 0.031(0.03071/step) :: Entropy : 0.000 :: Grads : []
400 :: Rewards 164.485 :: steps: 1.00 :: Time: 0.031(0.03131/step) :: Entropy : 0.000 :: Grads : []
410 :: Rewards 171.652 :: steps: 1.00 :: Time: 0.032(0.03190/step) :: Entropy : 0.000 :: Grads : []
420 :: Rewards 178.865 :: steps: 1.00 :: Time: 0.033(0.03253/step) :: Entropy : 0.000 :: Grads : []
430 :: Rewards 186.054 :: steps: 1.00 :: Time: 0.033(0.03307/step) :: Entropy : 0.000 :: Grads : []
440 :: Rewards 193.241 :: steps: 1.00 :: Time: 0.033(0.03342/step) :: Entropy : 0.000 :: Grads : []
450 :: Rewards 199.722 :: steps: 1.00 :: Time: 0.034(0.03404/step) :: Entropy : 0.000 :: Grads : []
460 :: Rewards 205.769 :: steps: 1.00 :: Time: 0.035(0.03464/step) :: Entropy : 0.000 :: Grads : []
470 :: Rewards 212.950 :: steps: 1.00 :: Time: 0.035(0.03518/step) :: Entropy : 0.000 :: Grads : []
480 :: Rewards 220.065 :: steps: 1.00 :: Time: 0.035(0.03549/step) :: Entropy : 0.000 :: Grads : []
490 :: Rewards 226.851 :: steps: 1.00 :: Time: 0.036(0.03638/step) :: Entropy : 0.000 :: Grads : []
500 :: Rewards 233.892 :: steps: 1.00 :: Time: 0.037(0.03681/step) :: Entropy : 0.000 :: Grads : []
510 :: Rewards 240.911 :: steps: 1.00 :: Time: 0.038(0.03758/step) :: Entropy : 0.000 :: Grads : []
520 :: Rewards 247.851 :: steps: 1.00 :: Time: 0.039(0.03865/step) :: Entropy : 0.000 :: Grads : []
530 :: Rewards 254.737 :: steps: 1.00 :: Time: 0.039(0.03912/step) :: Entropy : 0.000 :: Grads : []
540 :: Rewards 261.515 :: steps: 1.00 :: Time: 0.040(0.03957/step) :: Entropy : 0.000 :: Grads : []
550 :: Rewards 268.223 :: steps: 1.00 :: Time: 0.040(0.04048/step) :: Entropy : 0.000 :: Grads : []
560 :: Rewards 274.824 :: steps: 1.00 :: Time: 0.041(0.04106/step) :: Entropy : 0.000 :: Grads : []
570 :: Rewards 281.311 :: steps: 1.00 :: Time: 0.042(0.04214/step) :: Entropy : 0.000 :: Grads : []
580 :: Rewards 287.707 :: steps: 1.00 :: Time: 0.046(0.04591/step) :: Entropy : 0.000 :: Grads : []
590 :: Rewards 293.936 :: steps: 1.00 :: Time: 0.044(0.04398/step) :: Entropy : 0.000 :: Grads : []
600 :: Rewards 300.014 :: steps: 1.00 :: Time: 0.049(0.04929/step) :: Entropy : 0.000 :: Grads : []
610 :: Rewards 305.996 :: steps: 1.00 :: Time: 0.046(0.04552/step) :: Entropy : 0.000 :: Grads : []
620 :: Rewards 311.835 :: steps: 1.00 :: Time: 0.046(0.04595/step) :: Entropy : 0.000 :: Grads : []
630 :: Rewards 317.495 :: steps: 1.00 :: Time: 0.047(0.04661/step) :: Entropy : 0.000 :: Grads : []
640 :: Rewards 323.004 :: steps: 1.00 :: Time: 0.047(0.04746/step) :: Entropy : 0.000 :: Grads : []
650 :: Rewards 328.342 :: steps: 1.00 :: Time: 0.049(0.04899/step) :: Entropy : 0.000 :: Grads : []
660 :: Rewards 333.488 :: steps: 1.00 :: Time: 0.049(0.04910/step) :: Entropy : 0.000 :: Grads : []
670 :: Rewards 338.477 :: steps: 1.00 :: Time: 0.050(0.05031/step) :: Entropy : 0.000 :: Grads : []
680 :: Rewards 343.284 :: steps: 1.00 :: Time: 0.051(0.05096/step) :: Entropy : 0.000 :: Grads : []
690 :: Rewards 347.888 :: steps: 1.00 :: Time: 0.053(0.05307/step) :: Entropy : 0.000 :: Grads : []
700 :: Rewards 351.873 :: steps: 1.00 :: Time: 0.054(0.05416/step) :: Entropy : 0.000 :: Grads : []
710 :: Rewards 355.697 :: steps: 1.00 :: Time: 0.055(0.05546/step) :: Entropy : 0.000 :: Grads : []
720 :: Rewards 359.662 :: steps: 1.00 :: Time: 0.057(0.05701/step) :: Entropy : 0.000 :: Grads : []
730 :: Rewards 363.399 :: steps: 1.00 :: Time: 0.059(0.05856/step) :: Entropy : 0.000 :: Grads : []
740 :: Rewards 366.952 :: steps: 1.00 :: Time: 0.059(0.05885/step) :: Entropy : 0.000 :: Grads : []
750 :: Rewards 370.226 :: steps: 1.00 :: Time: 0.060(0.06023/step) :: Entropy : 0.000 :: Grads : []
760 :: Rewards 373.252 :: steps: 1.00 :: Time: 0.062(0.06180/step) :: Entropy : 0.000 :: Grads : []
770 :: Rewards 376.016 :: steps: 1.00 :: Time: 0.064(0.06409/step) :: Entropy : 0.000 :: Grads : []
780 :: Rewards 378.583 :: steps: 1.00 :: Time: 0.065(0.06466/step) :: Entropy : 0.000 :: Grads : []
790 :: Rewards 380.967 :: steps: 1.00 :: Time: 0.066(0.06596/step) :: Entropy : 0.000 :: Grads : []
800 :: Rewards 383.610 :: steps: 1.00 :: Time: 0.067(0.06663/step) :: Entropy : 0.000 :: Grads : []
810 :: Rewards 386.809 :: steps: 1.00 :: Time: 0.068(0.06752/step) :: Entropy : 0.000 :: Grads : []
820 :: Rewards 390.066 :: steps: 1.00 :: Time: 0.069(0.06941/step) :: Entropy : 0.000 :: Grads : []
830 :: Rewards 393.174 :: steps: 1.00 :: Time: 0.071(0.07063/step) :: Entropy : 0.000 :: Grads : []
840 :: Rewards 396.316 :: steps: 1.00 :: Time: 0.072(0.07207/step) :: Entropy : 0.000 :: Grads : []
850 :: Rewards 399.382 :: steps: 1.00 :: Time: 0.074(0.07369/step) :: Entropy : 0.000 :: Grads : []
860 :: Rewards 402.214 :: steps: 1.00 :: Time: 0.075(0.07515/step) :: Entropy : 0.000 :: Grads : []
870 :: Rewards 404.956 :: steps: 1.00 :: Time: 0.077(0.07703/step) :: Entropy : 0.000 :: Grads : []
880 :: Rewards 407.625 :: steps: 1.00 :: Time: 0.077(0.07723/step) :: Entropy : 0.000 :: Grads : []
890 :: Rewards 410.351 :: steps: 1.00 :: Time: 0.080(0.08031/step) :: Entropy : 0.000 :: Grads : []
900 :: Rewards 412.992 :: steps: 1.00 :: Time: 0.082(0.08162/step) :: Entropy : 0.000 :: Grads : []
910 :: Rewards 415.535 :: steps: 1.00 :: Time: 0.083(0.08261/step) :: Entropy : 0.000 :: Grads : []
920 :: Rewards 417.984 :: steps: 1.00 :: Time: 0.084(0.08369/step) :: Entropy : 0.000 :: Grads : []
930 :: Rewards 420.348 :: steps: 1.00 :: Time: 0.085(0.08526/step) :: Entropy : 0.000 :: Grads : []
940 :: Rewards 422.567 :: steps: 1.00 :: Time: 0.087(0.08734/step) :: Entropy : 0.000 :: Grads : []
950 :: Rewards 424.635 :: steps: 1.00 :: Time: 0.094(0.09399/step) :: Entropy : 0.000 :: Grads : []
960 :: Rewards 426.692 :: steps: 1.00 :: Time: 0.092(0.09165/step) :: Entropy : 0.000 :: Grads : []
970 :: Rewards 428.072 :: steps: 1.00 :: Time: 0.093(0.09250/step) :: Entropy : 0.000 :: Grads : []
980 :: Rewards 429.762 :: steps: 1.00 :: Time: 0.095(0.09522/step) :: Entropy : 0.000 :: Grads : []
990 :: Rewards 431.169 :: steps: 1.00 :: Time: 0.097(0.09661/step) :: Entropy : 0.000 :: Grads : []
999 :: Rewards 432.344 :: steps: 0.90 :: Time: 0.088(0.09800/step) :: Entropy : 0.000 :: Grads : []
Total time taken: 44.10375094413757
