Module path:  Environments.NS_Reco NS_Reco
Dynamically loaded from:  <class 'Environments.NS_Reco.NS_Reco'>
Reward Amplitudes: [4.17022005e-01 7.20324493e-01 1.14374817e-04 3.02332573e-01
 1.46755891e-01] :: Avg 0.317309867282206 
Module path:  Src.Algorithms.ProWLS ProWLS
Dynamically loaded from:  <class 'Src.Algorithms.ProWLS.ProWLS'>
=====Configurations=====
 Namespace(NN_basis_dim='32', Policy_basis_dim='32', actor_lr=0.0017966647558361548, algo_name='ProWLS', base=0, batch_size=1000, buffer_size=1000, debug=False, delta=1, entropy_lambda=0.006997441955638448, env_name='NS_Reco', experiment='NS_1_', extrapolator_basis='Fourier', folder_suffix='Default', fourier_coupled=True, fourier_k=3, fourier_order=3, gamma=0.99, gauss_std=1.5, gpu=0, hyper='default', importance_clip=10.0, inc=1, log_output='term_file', max_episodes=1000, max_inner=30, max_steps=500, optim='rmsprop', oracle=-1, raw_basis=True, restore=False, save_count=100, save_model=True, seed=0, speed=1, state_lr=0.001, summary=True, swarm=False, timestamp='5|24|21:25:46')
Actions space: 5 :: State space: 1
State Low: tensor([0.]) :: State High: tensor([1.])
State features:  [('dummy_param', torch.Size([1]))]
Policy:  [('fc1.weight', torch.Size([5, 1])), ('fc1.bias', torch.Size([5]))]
0 :: Rewards -0.014 :: steps: 0.10 :: Time: 0.000(0.00065/step) :: Entropy : 0.000 :: Grads : []
10 :: Rewards 0.071 :: steps: 1.00 :: Time: 0.015(0.01469/step) :: Entropy : 0.000 :: Grads : []
20 :: Rewards 0.201 :: steps: 1.00 :: Time: 0.017(0.01670/step) :: Entropy : 0.000 :: Grads : []
30 :: Rewards 0.620 :: steps: 1.00 :: Time: 0.017(0.01724/step) :: Entropy : 0.000 :: Grads : []
40 :: Rewards 1.370 :: steps: 1.00 :: Time: 0.017(0.01661/step) :: Entropy : 0.000 :: Grads : []
50 :: Rewards 2.446 :: steps: 1.00 :: Time: 0.017(0.01678/step) :: Entropy : 0.000 :: Grads : []
60 :: Rewards 3.602 :: steps: 1.00 :: Time: 0.017(0.01708/step) :: Entropy : 0.000 :: Grads : []
70 :: Rewards 5.103 :: steps: 1.00 :: Time: 0.018(0.01777/step) :: Entropy : 0.000 :: Grads : []
80 :: Rewards 6.751 :: steps: 1.00 :: Time: 0.017(0.01721/step) :: Entropy : 0.000 :: Grads : []
90 :: Rewards 8.757 :: steps: 1.00 :: Time: 0.017(0.01735/step) :: Entropy : 0.000 :: Grads : []
100 :: Rewards 11.155 :: steps: 1.00 :: Time: 0.018(0.01751/step) :: Entropy : 0.000 :: Grads : []
110 :: Rewards 13.615 :: steps: 1.00 :: Time: 0.018(0.01786/step) :: Entropy : 0.000 :: Grads : []
120 :: Rewards 16.066 :: steps: 1.00 :: Time: 0.018(0.01803/step) :: Entropy : 0.000 :: Grads : []
130 :: Rewards 19.198 :: steps: 1.00 :: Time: 0.018(0.01839/step) :: Entropy : 0.000 :: Grads : []
140 :: Rewards 22.358 :: steps: 1.00 :: Time: 0.019(0.01887/step) :: Entropy : 0.000 :: Grads : []
150 :: Rewards 25.918 :: steps: 1.00 :: Time: 0.019(0.01933/step) :: Entropy : 0.000 :: Grads : []
160 :: Rewards 29.713 :: steps: 1.00 :: Time: 0.020(0.02013/step) :: Entropy : 0.000 :: Grads : []
170 :: Rewards 33.113 :: steps: 1.00 :: Time: 0.020(0.02021/step) :: Entropy : 0.000 :: Grads : []
180 :: Rewards 36.610 :: steps: 1.00 :: Time: 0.021(0.02055/step) :: Entropy : 0.000 :: Grads : []
190 :: Rewards 40.163 :: steps: 1.00 :: Time: 0.021(0.02134/step) :: Entropy : 0.000 :: Grads : []
200 :: Rewards 44.836 :: steps: 1.00 :: Time: 0.022(0.02185/step) :: Entropy : 0.000 :: Grads : []
210 :: Rewards 49.665 :: steps: 1.00 :: Time: 0.023(0.02261/step) :: Entropy : 0.000 :: Grads : []
220 :: Rewards 54.147 :: steps: 1.00 :: Time: 0.023(0.02298/step) :: Entropy : 0.000 :: Grads : []
230 :: Rewards 59.326 :: steps: 1.00 :: Time: 0.023(0.02347/step) :: Entropy : 0.000 :: Grads : []
240 :: Rewards 64.704 :: steps: 1.00 :: Time: 0.024(0.02433/step) :: Entropy : 0.000 :: Grads : []
250 :: Rewards 69.934 :: steps: 1.00 :: Time: 0.025(0.02461/step) :: Entropy : 0.000 :: Grads : []
260 :: Rewards 74.732 :: steps: 1.00 :: Time: 0.025(0.02501/step) :: Entropy : 0.000 :: Grads : []
270 :: Rewards 80.285 :: steps: 1.00 :: Time: 0.025(0.02538/step) :: Entropy : 0.000 :: Grads : []
280 :: Rewards 85.627 :: steps: 1.00 :: Time: 0.026(0.02567/step) :: Entropy : 0.000 :: Grads : []
290 :: Rewards 91.746 :: steps: 1.00 :: Time: 0.026(0.02614/step) :: Entropy : 0.000 :: Grads : []
300 :: Rewards 97.088 :: steps: 1.00 :: Time: 0.027(0.02700/step) :: Entropy : 0.000 :: Grads : []
310 :: Rewards 100.489 :: steps: 1.00 :: Time: 0.026(0.02649/step) :: Entropy : 0.000 :: Grads : []
320 :: Rewards 106.946 :: steps: 1.00 :: Time: 0.027(0.02663/step) :: Entropy : 0.000 :: Grads : []
330 :: Rewards 113.561 :: steps: 1.00 :: Time: 0.027(0.02738/step) :: Entropy : 0.000 :: Grads : []
340 :: Rewards 120.300 :: steps: 1.00 :: Time: 0.028(0.02775/step) :: Entropy : 0.000 :: Grads : []
350 :: Rewards 127.106 :: steps: 1.00 :: Time: 0.029(0.02860/step) :: Entropy : 0.000 :: Grads : []
360 :: Rewards 133.964 :: steps: 1.00 :: Time: 0.029(0.02903/step) :: Entropy : 0.000 :: Grads : []
370 :: Rewards 140.912 :: steps: 1.00 :: Time: 0.030(0.02966/step) :: Entropy : 0.000 :: Grads : []
380 :: Rewards 147.907 :: steps: 1.00 :: Time: 0.030(0.03022/step) :: Entropy : 0.000 :: Grads : []
390 :: Rewards 154.966 :: steps: 1.00 :: Time: 0.031(0.03084/step) :: Entropy : 0.000 :: Grads : []
400 :: Rewards 162.049 :: steps: 1.00 :: Time: 0.031(0.03123/step) :: Entropy : 0.000 :: Grads : []
410 :: Rewards 169.229 :: steps: 1.00 :: Time: 0.032(0.03196/step) :: Entropy : 0.000 :: Grads : []
420 :: Rewards 176.401 :: steps: 1.00 :: Time: 0.033(0.03289/step) :: Entropy : 0.000 :: Grads : []
430 :: Rewards 183.620 :: steps: 1.00 :: Time: 0.033(0.03324/step) :: Entropy : 0.000 :: Grads : []
440 :: Rewards 190.812 :: steps: 1.00 :: Time: 0.034(0.03360/step) :: Entropy : 0.000 :: Grads : []
450 :: Rewards 197.319 :: steps: 1.00 :: Time: 0.035(0.03452/step) :: Entropy : 0.000 :: Grads : []
460 :: Rewards 202.572 :: steps: 1.00 :: Time: 0.035(0.03490/step) :: Entropy : 0.000 :: Grads : []
470 :: Rewards 209.718 :: steps: 1.00 :: Time: 0.036(0.03566/step) :: Entropy : 0.000 :: Grads : []
480 :: Rewards 216.912 :: steps: 1.00 :: Time: 0.036(0.03599/step) :: Entropy : 0.000 :: Grads : []
490 :: Rewards 224.014 :: steps: 1.00 :: Time: 0.037(0.03671/step) :: Entropy : 0.000 :: Grads : []
500 :: Rewards 230.668 :: steps: 1.00 :: Time: 0.037(0.03734/step) :: Entropy : 0.000 :: Grads : []
510 :: Rewards 236.808 :: steps: 1.00 :: Time: 0.038(0.03836/step) :: Entropy : 0.000 :: Grads : []
520 :: Rewards 243.165 :: steps: 1.00 :: Time: 0.038(0.03847/step) :: Entropy : 0.000 :: Grads : []
530 :: Rewards 249.440 :: steps: 1.00 :: Time: 0.039(0.03891/step) :: Entropy : 0.000 :: Grads : []
540 :: Rewards 255.802 :: steps: 1.00 :: Time: 0.040(0.03952/step) :: Entropy : 0.000 :: Grads : []
550 :: Rewards 262.097 :: steps: 1.00 :: Time: 0.040(0.04048/step) :: Entropy : 0.000 :: Grads : []
560 :: Rewards 268.207 :: steps: 1.00 :: Time: 0.041(0.04097/step) :: Entropy : 0.000 :: Grads : []
570 :: Rewards 274.663 :: steps: 1.00 :: Time: 0.042(0.04186/step) :: Entropy : 0.000 :: Grads : []
580 :: Rewards 280.988 :: steps: 1.00 :: Time: 0.043(0.04287/step) :: Entropy : 0.000 :: Grads : []
590 :: Rewards 286.604 :: steps: 1.00 :: Time: 0.044(0.04362/step) :: Entropy : 0.000 :: Grads : []
600 :: Rewards 292.555 :: steps: 1.00 :: Time: 0.044(0.04424/step) :: Entropy : 0.000 :: Grads : []
610 :: Rewards 298.144 :: steps: 1.00 :: Time: 0.045(0.04510/step) :: Entropy : 0.000 :: Grads : []
620 :: Rewards 303.999 :: steps: 1.00 :: Time: 0.046(0.04583/step) :: Entropy : 0.000 :: Grads : []
630 :: Rewards 309.674 :: steps: 1.00 :: Time: 0.047(0.04677/step) :: Entropy : 0.000 :: Grads : []
640 :: Rewards 314.935 :: steps: 1.00 :: Time: 0.048(0.04765/step) :: Entropy : 0.000 :: Grads : []
650 :: Rewards 319.710 :: steps: 1.00 :: Time: 0.052(0.05237/step) :: Entropy : 0.000 :: Grads : []
660 :: Rewards 324.752 :: steps: 1.00 :: Time: 0.049(0.04918/step) :: Entropy : 0.000 :: Grads : []
670 :: Rewards 329.741 :: steps: 1.00 :: Time: 0.050(0.05040/step) :: Entropy : 0.000 :: Grads : []
680 :: Rewards 334.429 :: steps: 1.00 :: Time: 0.052(0.05202/step) :: Entropy : 0.000 :: Grads : []
690 :: Rewards 338.823 :: steps: 1.00 :: Time: 0.053(0.05318/step) :: Entropy : 0.000 :: Grads : []
700 :: Rewards 343.253 :: steps: 1.00 :: Time: 0.054(0.05409/step) :: Entropy : 0.000 :: Grads : []
710 :: Rewards 347.425 :: steps: 1.00 :: Time: 0.055(0.05541/step) :: Entropy : 0.000 :: Grads : []
720 :: Rewards 351.267 :: steps: 1.00 :: Time: 0.056(0.05625/step) :: Entropy : 0.000 :: Grads : []
730 :: Rewards 354.916 :: steps: 1.00 :: Time: 0.060(0.06025/step) :: Entropy : 0.000 :: Grads : []
740 :: Rewards 358.168 :: steps: 1.00 :: Time: 0.059(0.05878/step) :: Entropy : 0.000 :: Grads : []
750 :: Rewards 360.183 :: steps: 1.00 :: Time: 0.060(0.06009/step) :: Entropy : 0.000 :: Grads : []
760 :: Rewards 362.497 :: steps: 1.00 :: Time: 0.060(0.06038/step) :: Entropy : 0.000 :: Grads : []
770 :: Rewards 364.945 :: steps: 1.00 :: Time: 0.063(0.06281/step) :: Entropy : 0.000 :: Grads : []
780 :: Rewards 367.405 :: steps: 1.00 :: Time: 0.064(0.06409/step) :: Entropy : 0.000 :: Grads : []
790 :: Rewards 370.132 :: steps: 1.00 :: Time: 0.065(0.06508/step) :: Entropy : 0.000 :: Grads : []
800 :: Rewards 372.217 :: steps: 1.00 :: Time: 0.066(0.06610/step) :: Entropy : 0.000 :: Grads : []
810 :: Rewards 374.784 :: steps: 1.00 :: Time: 0.067(0.06748/step) :: Entropy : 0.000 :: Grads : []
820 :: Rewards 378.055 :: steps: 1.00 :: Time: 0.069(0.06905/step) :: Entropy : 0.000 :: Grads : []
830 :: Rewards 381.244 :: steps: 1.00 :: Time: 0.071(0.07120/step) :: Entropy : 0.000 :: Grads : []
840 :: Rewards 384.182 :: steps: 1.00 :: Time: 0.077(0.07700/step) :: Entropy : 0.000 :: Grads : []
850 :: Rewards 387.232 :: steps: 1.00 :: Time: 0.080(0.08022/step) :: Entropy : 0.000 :: Grads : []
860 :: Rewards 390.228 :: steps: 1.00 :: Time: 0.079(0.07876/step) :: Entropy : 0.000 :: Grads : []
870 :: Rewards 392.274 :: steps: 1.00 :: Time: 0.077(0.07744/step) :: Entropy : 0.000 :: Grads : []
880 :: Rewards 394.244 :: steps: 1.00 :: Time: 0.078(0.07829/step) :: Entropy : 0.000 :: Grads : []
890 :: Rewards 396.392 :: steps: 1.00 :: Time: 0.081(0.08064/step) :: Entropy : 0.000 :: Grads : []
900 :: Rewards 398.512 :: steps: 1.00 :: Time: 0.083(0.08302/step) :: Entropy : 0.000 :: Grads : []
910 :: Rewards 401.057 :: steps: 1.00 :: Time: 0.085(0.08524/step) :: Entropy : 0.000 :: Grads : []
920 :: Rewards 403.213 :: steps: 1.00 :: Time: 0.086(0.08593/step) :: Entropy : 0.000 :: Grads : []
930 :: Rewards 405.495 :: steps: 1.00 :: Time: 0.090(0.08969/step) :: Entropy : 0.000 :: Grads : []
940 :: Rewards 407.692 :: steps: 1.00 :: Time: 0.090(0.08958/step) :: Entropy : 0.000 :: Grads : []
950 :: Rewards 409.816 :: steps: 1.00 :: Time: 0.092(0.09228/step) :: Entropy : 0.000 :: Grads : []
960 :: Rewards 411.882 :: steps: 1.00 :: Time: 0.093(0.09299/step) :: Entropy : 0.000 :: Grads : []
970 :: Rewards 413.860 :: steps: 1.00 :: Time: 0.095(0.09520/step) :: Entropy : 0.000 :: Grads : []
980 :: Rewards 415.545 :: steps: 1.00 :: Time: 0.097(0.09657/step) :: Entropy : 0.000 :: Grads : []
990 :: Rewards 417.289 :: steps: 1.00 :: Time: 0.099(0.09852/step) :: Entropy : 0.000 :: Grads : []
999 :: Rewards 418.762 :: steps: 0.90 :: Time: 0.091(0.10063/step) :: Entropy : 0.000 :: Grads : []
Total time taken: 44.491392850875854
