Module path:  Environments.NS_Reco NS_Reco
Dynamically loaded from:  <class 'Environments.NS_Reco.NS_Reco'>
Reward Amplitudes: [4.17022005e-01 7.20324493e-01 1.14374817e-04 3.02332573e-01
 1.46755891e-01] :: Avg 0.317309867282206 
Module path:  Src.Algorithms.OFPG OFPG
Dynamically loaded from:  <class 'Src.Algorithms.OFPG.OFPG'>
=====Configurations=====
 Namespace(NN_basis_dim='32', Policy_basis_dim='32', actor_lr=0.002921886362032286, algo_name='OFPG', base=0, batch_size=1000, buffer_size=1000, debug=False, delta=1, entropy_lambda=0.005132349330550144, env_name='NS_Reco', experiment='NS_1_', extrapolator_basis='Fourier', folder_suffix='Default', fourier_coupled=True, fourier_k=7, fourier_order=3, gamma=0.99, gauss_std=1.5, gpu=0, hyper='default', importance_clip=5.0, inc=1, log_output='term_file', max_episodes=1000, max_inner=20, max_steps=500, optim='rmsprop', oracle=-1, raw_basis=True, restore=False, save_count=100, save_model=True, seed=10, speed=1, state_lr=0.001, summary=True, swarm=False, timestamp='5|24|21:57:58')
Actions space: 5 :: State space: 1
State Low: tensor([0.]) :: State High: tensor([1.])
State features:  [('dummy_param', torch.Size([1]))]
Policy:  [('fc1.weight', torch.Size([5, 1])), ('fc1.bias', torch.Size([5]))]
0 :: Rewards -0.000 :: steps: 0.10 :: Time: 0.001(0.00975/step) :: Entropy : 0.000 :: Grads : []
10 :: Rewards 0.095 :: steps: 1.00 :: Time: 0.008(0.00837/step) :: Entropy : 0.000 :: Grads : []
20 :: Rewards 0.422 :: steps: 1.00 :: Time: 0.011(0.01089/step) :: Entropy : 0.000 :: Grads : []
30 :: Rewards 0.933 :: steps: 1.00 :: Time: 0.009(0.00852/step) :: Entropy : 0.000 :: Grads : []
40 :: Rewards 1.794 :: steps: 1.00 :: Time: 0.008(0.00755/step) :: Entropy : 0.000 :: Grads : []
50 :: Rewards 2.672 :: steps: 1.00 :: Time: 0.008(0.00754/step) :: Entropy : 0.000 :: Grads : []
60 :: Rewards 3.899 :: steps: 1.00 :: Time: 0.008(0.00766/step) :: Entropy : 0.000 :: Grads : []
70 :: Rewards 5.135 :: steps: 1.00 :: Time: 0.008(0.00769/step) :: Entropy : 0.000 :: Grads : []
80 :: Rewards 6.749 :: steps: 1.00 :: Time: 0.008(0.00772/step) :: Entropy : 0.000 :: Grads : []
90 :: Rewards 8.814 :: steps: 1.00 :: Time: 0.008(0.00780/step) :: Entropy : 0.000 :: Grads : []
100 :: Rewards 11.220 :: steps: 1.00 :: Time: 0.008(0.00785/step) :: Entropy : 0.000 :: Grads : []
110 :: Rewards 13.884 :: steps: 1.00 :: Time: 0.008(0.00792/step) :: Entropy : 0.000 :: Grads : []
120 :: Rewards 16.800 :: steps: 1.00 :: Time: 0.008(0.00800/step) :: Entropy : 0.000 :: Grads : []
130 :: Rewards 19.908 :: steps: 1.00 :: Time: 0.008(0.00809/step) :: Entropy : 0.000 :: Grads : []
140 :: Rewards 23.232 :: steps: 1.00 :: Time: 0.008(0.00818/step) :: Entropy : 0.000 :: Grads : []
150 :: Rewards 26.817 :: steps: 1.00 :: Time: 0.008(0.00825/step) :: Entropy : 0.000 :: Grads : []
160 :: Rewards 30.629 :: steps: 1.00 :: Time: 0.008(0.00831/step) :: Entropy : 0.000 :: Grads : []
170 :: Rewards 34.626 :: steps: 1.00 :: Time: 0.008(0.00838/step) :: Entropy : 0.000 :: Grads : []
180 :: Rewards 38.857 :: steps: 1.00 :: Time: 0.008(0.00845/step) :: Entropy : 0.000 :: Grads : []
190 :: Rewards 43.284 :: steps: 1.00 :: Time: 0.009(0.00854/step) :: Entropy : 0.000 :: Grads : []
200 :: Rewards 47.938 :: steps: 1.00 :: Time: 0.009(0.00861/step) :: Entropy : 0.000 :: Grads : []
210 :: Rewards 52.769 :: steps: 1.00 :: Time: 0.009(0.00867/step) :: Entropy : 0.000 :: Grads : []
220 :: Rewards 57.776 :: steps: 1.00 :: Time: 0.009(0.00873/step) :: Entropy : 0.000 :: Grads : []
230 :: Rewards 62.975 :: steps: 1.00 :: Time: 0.009(0.00878/step) :: Entropy : 0.000 :: Grads : []
240 :: Rewards 68.380 :: steps: 1.00 :: Time: 0.009(0.00888/step) :: Entropy : 0.000 :: Grads : []
250 :: Rewards 73.896 :: steps: 1.00 :: Time: 0.009(0.00890/step) :: Entropy : 0.000 :: Grads : []
260 :: Rewards 79.586 :: steps: 1.00 :: Time: 0.009(0.00909/step) :: Entropy : 0.000 :: Grads : []
270 :: Rewards 85.475 :: steps: 1.00 :: Time: 0.009(0.00920/step) :: Entropy : 0.000 :: Grads : []
280 :: Rewards 91.478 :: steps: 1.00 :: Time: 0.009(0.00936/step) :: Entropy : 0.000 :: Grads : []
290 :: Rewards 97.652 :: steps: 1.00 :: Time: 0.009(0.00925/step) :: Entropy : 0.000 :: Grads : []
300 :: Rewards 103.906 :: steps: 1.00 :: Time: 0.009(0.00939/step) :: Entropy : 0.000 :: Grads : []
310 :: Rewards 110.308 :: steps: 1.00 :: Time: 0.009(0.00947/step) :: Entropy : 0.000 :: Grads : []
320 :: Rewards 116.840 :: steps: 1.00 :: Time: 0.009(0.00948/step) :: Entropy : 0.000 :: Grads : []
330 :: Rewards 123.452 :: steps: 1.00 :: Time: 0.010(0.00972/step) :: Entropy : 0.000 :: Grads : []
340 :: Rewards 130.189 :: steps: 1.00 :: Time: 0.010(0.00981/step) :: Entropy : 0.000 :: Grads : []
350 :: Rewards 136.974 :: steps: 1.00 :: Time: 0.010(0.01005/step) :: Entropy : 0.000 :: Grads : []
360 :: Rewards 143.837 :: steps: 1.00 :: Time: 0.010(0.01013/step) :: Entropy : 0.000 :: Grads : []
370 :: Rewards 150.766 :: steps: 1.00 :: Time: 0.010(0.01020/step) :: Entropy : 0.000 :: Grads : []
380 :: Rewards 157.785 :: steps: 1.00 :: Time: 0.010(0.01026/step) :: Entropy : 0.000 :: Grads : []
390 :: Rewards 164.856 :: steps: 1.00 :: Time: 0.010(0.01033/step) :: Entropy : 0.000 :: Grads : []
400 :: Rewards 171.945 :: steps: 1.00 :: Time: 0.010(0.01039/step) :: Entropy : 0.000 :: Grads : []
410 :: Rewards 179.110 :: steps: 1.00 :: Time: 0.011(0.01055/step) :: Entropy : 0.000 :: Grads : []
420 :: Rewards 186.312 :: steps: 1.00 :: Time: 0.011(0.01081/step) :: Entropy : 0.000 :: Grads : []
430 :: Rewards 193.497 :: steps: 1.00 :: Time: 0.011(0.01090/step) :: Entropy : 0.000 :: Grads : []
440 :: Rewards 200.708 :: steps: 1.00 :: Time: 0.011(0.01095/step) :: Entropy : 0.000 :: Grads : []
450 :: Rewards 207.913 :: steps: 1.00 :: Time: 0.011(0.01102/step) :: Entropy : 0.000 :: Grads : []
460 :: Rewards 215.124 :: steps: 1.00 :: Time: 0.011(0.01105/step) :: Entropy : 0.000 :: Grads : []
470 :: Rewards 222.268 :: steps: 1.00 :: Time: 0.011(0.01105/step) :: Entropy : 0.000 :: Grads : []
480 :: Rewards 229.421 :: steps: 1.00 :: Time: 0.011(0.01109/step) :: Entropy : 0.000 :: Grads : []
490 :: Rewards 236.520 :: steps: 1.00 :: Time: 0.011(0.01112/step) :: Entropy : 0.000 :: Grads : []
500 :: Rewards 243.570 :: steps: 1.00 :: Time: 0.011(0.01121/step) :: Entropy : 0.000 :: Grads : []
510 :: Rewards 250.616 :: steps: 1.00 :: Time: 0.011(0.01130/step) :: Entropy : 0.000 :: Grads : []
520 :: Rewards 257.540 :: steps: 1.00 :: Time: 0.011(0.01150/step) :: Entropy : 0.000 :: Grads : []
530 :: Rewards 264.389 :: steps: 1.00 :: Time: 0.012(0.01156/step) :: Entropy : 0.000 :: Grads : []
540 :: Rewards 271.202 :: steps: 1.00 :: Time: 0.012(0.01159/step) :: Entropy : 0.000 :: Grads : []
550 :: Rewards 277.909 :: steps: 1.00 :: Time: 0.012(0.01161/step) :: Entropy : 0.000 :: Grads : []
560 :: Rewards 284.493 :: steps: 1.00 :: Time: 0.012(0.01160/step) :: Entropy : 0.000 :: Grads : []
570 :: Rewards 290.967 :: steps: 1.00 :: Time: 0.012(0.01174/step) :: Entropy : 0.000 :: Grads : []
580 :: Rewards 297.334 :: steps: 1.00 :: Time: 0.012(0.01172/step) :: Entropy : 0.000 :: Grads : []
590 :: Rewards 303.592 :: steps: 1.00 :: Time: 0.012(0.01182/step) :: Entropy : 0.000 :: Grads : []
600 :: Rewards 309.738 :: steps: 1.00 :: Time: 0.012(0.01181/step) :: Entropy : 0.000 :: Grads : []
610 :: Rewards 315.725 :: steps: 1.00 :: Time: 0.012(0.01181/step) :: Entropy : 0.000 :: Grads : []
620 :: Rewards 321.564 :: steps: 1.00 :: Time: 0.012(0.01184/step) :: Entropy : 0.000 :: Grads : []
630 :: Rewards 327.255 :: steps: 1.00 :: Time: 0.012(0.01187/step) :: Entropy : 0.000 :: Grads : []
640 :: Rewards 332.732 :: steps: 1.00 :: Time: 0.012(0.01188/step) :: Entropy : 0.000 :: Grads : []
650 :: Rewards 338.088 :: steps: 1.00 :: Time: 0.012(0.01198/step) :: Entropy : 0.000 :: Grads : []
660 :: Rewards 343.232 :: steps: 1.00 :: Time: 0.012(0.01208/step) :: Entropy : 0.000 :: Grads : []
670 :: Rewards 348.218 :: steps: 1.00 :: Time: 0.012(0.01210/step) :: Entropy : 0.000 :: Grads : []
680 :: Rewards 352.983 :: steps: 1.00 :: Time: 0.012(0.01218/step) :: Entropy : 0.000 :: Grads : []
690 :: Rewards 357.554 :: steps: 1.00 :: Time: 0.012(0.01223/step) :: Entropy : 0.000 :: Grads : []
700 :: Rewards 361.924 :: steps: 1.00 :: Time: 0.012(0.01233/step) :: Entropy : 0.000 :: Grads : []
710 :: Rewards 366.107 :: steps: 1.00 :: Time: 0.012(0.01230/step) :: Entropy : 0.000 :: Grads : []
720 :: Rewards 370.109 :: steps: 1.00 :: Time: 0.012(0.01243/step) :: Entropy : 0.000 :: Grads : []
730 :: Rewards 373.856 :: steps: 1.00 :: Time: 0.012(0.01244/step) :: Entropy : 0.000 :: Grads : []
740 :: Rewards 377.393 :: steps: 1.00 :: Time: 0.013(0.01252/step) :: Entropy : 0.000 :: Grads : []
750 :: Rewards 380.695 :: steps: 1.00 :: Time: 0.013(0.01258/step) :: Entropy : 0.000 :: Grads : []
760 :: Rewards 383.797 :: steps: 1.00 :: Time: 0.013(0.01281/step) :: Entropy : 0.000 :: Grads : []
770 :: Rewards 386.644 :: steps: 1.00 :: Time: 0.014(0.01358/step) :: Entropy : 0.000 :: Grads : []
780 :: Rewards 389.261 :: steps: 1.00 :: Time: 0.013(0.01287/step) :: Entropy : 0.000 :: Grads : []
790 :: Rewards 391.649 :: steps: 1.00 :: Time: 0.013(0.01296/step) :: Entropy : 0.000 :: Grads : []
800 :: Rewards 393.760 :: steps: 1.00 :: Time: 0.013(0.01342/step) :: Entropy : 0.000 :: Grads : []
810 :: Rewards 395.668 :: steps: 1.00 :: Time: 0.013(0.01259/step) :: Entropy : 0.000 :: Grads : []
820 :: Rewards 397.279 :: steps: 1.00 :: Time: 0.012(0.01248/step) :: Entropy : 0.000 :: Grads : []
830 :: Rewards 398.640 :: steps: 1.00 :: Time: 0.013(0.01276/step) :: Entropy : 0.000 :: Grads : []
840 :: Rewards 399.752 :: steps: 1.00 :: Time: 0.013(0.01286/step) :: Entropy : 0.000 :: Grads : []
850 :: Rewards 400.608 :: steps: 1.00 :: Time: 0.013(0.01299/step) :: Entropy : 0.000 :: Grads : []
860 :: Rewards 401.185 :: steps: 1.00 :: Time: 0.013(0.01335/step) :: Entropy : 0.000 :: Grads : []
870 :: Rewards 401.529 :: steps: 1.00 :: Time: 0.013(0.01317/step) :: Entropy : 0.000 :: Grads : []
880 :: Rewards 401.596 :: steps: 1.00 :: Time: 0.013(0.01325/step) :: Entropy : 0.000 :: Grads : []
890 :: Rewards 401.437 :: steps: 1.00 :: Time: 0.013(0.01334/step) :: Entropy : 0.000 :: Grads : []
900 :: Rewards 400.989 :: steps: 1.00 :: Time: 0.013(0.01312/step) :: Entropy : 0.000 :: Grads : []
910 :: Rewards 400.293 :: steps: 1.00 :: Time: 0.014(0.01378/step) :: Entropy : 0.000 :: Grads : []
920 :: Rewards 399.331 :: steps: 1.00 :: Time: 0.013(0.01335/step) :: Entropy : 0.000 :: Grads : []
930 :: Rewards 398.120 :: steps: 1.00 :: Time: 0.013(0.01331/step) :: Entropy : 0.000 :: Grads : []
940 :: Rewards 396.661 :: steps: 1.00 :: Time: 0.013(0.01344/step) :: Entropy : 0.000 :: Grads : []
950 :: Rewards 394.963 :: steps: 1.00 :: Time: 0.013(0.01331/step) :: Entropy : 0.000 :: Grads : []
960 :: Rewards 392.994 :: steps: 1.00 :: Time: 0.014(0.01365/step) :: Entropy : 0.000 :: Grads : []
970 :: Rewards 390.750 :: steps: 1.00 :: Time: 0.014(0.01391/step) :: Entropy : 0.000 :: Grads : []
980 :: Rewards 388.292 :: steps: 1.00 :: Time: 0.014(0.01366/step) :: Entropy : 0.000 :: Grads : []
990 :: Rewards 385.595 :: steps: 1.00 :: Time: 0.014(0.01380/step) :: Entropy : 0.000 :: Grads : []
999 :: Rewards 382.988 :: steps: 0.90 :: Time: 0.013(0.01399/step) :: Entropy : 0.000 :: Grads : []
Total time taken: 11.004294157028198
