Module path:  Environments.NS_Reco NS_Reco
Dynamically loaded from:  <class 'Environments.NS_Reco.NS_Reco'>
Reward Amplitudes: [4.17022005e-01 7.20324493e-01 1.14374817e-04 3.02332573e-01
 1.46755891e-01] :: Avg 0.317309867282206 
Module path:  Src.Algorithms.ProWLS ProWLS
Dynamically loaded from:  <class 'Src.Algorithms.ProWLS.ProWLS'>
=====Configurations=====
 Namespace(NN_basis_dim='32', Policy_basis_dim='32', actor_lr=0.0037403051736555927, algo_name='ProWLS', base=0, batch_size=1000, buffer_size=1000, debug=False, delta=3, entropy_lambda=0.041755411764967935, env_name='NS_Reco', experiment='NS_4_', extrapolator_basis='Fourier', folder_suffix='Default', fourier_coupled=True, fourier_k=7, fourier_order=3, gamma=0.99, gauss_std=1.5, gpu=0, hyper='default', importance_clip=5.0, inc=1, log_output='term_file', max_episodes=1000, max_inner=60, max_steps=500, optim='rmsprop', oracle=-1, raw_basis=True, restore=False, save_count=100, save_model=True, seed=8, speed=4, state_lr=0.001, summary=True, swarm=False, timestamp='5|24|22:50:9')
Actions space: 5 :: State space: 1
State Low: tensor([0.]) :: State High: tensor([1.])
State features:  [('dummy_param', torch.Size([1]))]
Policy:  [('fc1.weight', torch.Size([5, 1])), ('fc1.bias', torch.Size([5]))]
0 :: Rewards 0.002 :: steps: 0.10 :: Time: 0.000(0.00064/step) :: Entropy : 0.000 :: Grads : []
10 :: Rewards 0.158 :: steps: 1.00 :: Time: 0.004(0.00374/step) :: Entropy : 0.000 :: Grads : []
20 :: Rewards 0.797 :: steps: 1.00 :: Time: 0.014(0.01389/step) :: Entropy : 0.000 :: Grads : []
30 :: Rewards 1.654 :: steps: 1.00 :: Time: 0.011(0.01066/step) :: Entropy : 0.000 :: Grads : []
40 :: Rewards 2.718 :: steps: 1.00 :: Time: 0.010(0.01040/step) :: Entropy : 0.000 :: Grads : []
50 :: Rewards 5.449 :: steps: 1.00 :: Time: 0.014(0.01400/step) :: Entropy : 0.000 :: Grads : []
60 :: Rewards 9.266 :: steps: 1.00 :: Time: 0.011(0.01068/step) :: Entropy : 0.000 :: Grads : []
70 :: Rewards 12.964 :: steps: 1.00 :: Time: 0.011(0.01091/step) :: Entropy : 0.000 :: Grads : []
80 :: Rewards 18.947 :: steps: 1.00 :: Time: 0.015(0.01465/step) :: Entropy : 0.000 :: Grads : []
90 :: Rewards 24.599 :: steps: 1.00 :: Time: 0.011(0.01123/step) :: Entropy : 0.000 :: Grads : []
100 :: Rewards 29.232 :: steps: 1.00 :: Time: 0.011(0.01146/step) :: Entropy : 0.000 :: Grads : []
110 :: Rewards 35.831 :: steps: 1.00 :: Time: 0.016(0.01558/step) :: Entropy : 0.000 :: Grads : []
120 :: Rewards 42.441 :: steps: 1.00 :: Time: 0.012(0.01195/step) :: Entropy : 0.000 :: Grads : []
130 :: Rewards 47.576 :: steps: 1.00 :: Time: 0.012(0.01222/step) :: Entropy : 0.000 :: Grads : []
140 :: Rewards 54.274 :: steps: 1.00 :: Time: 0.017(0.01659/step) :: Entropy : 0.000 :: Grads : []
150 :: Rewards 60.187 :: steps: 1.00 :: Time: 0.013(0.01273/step) :: Entropy : 0.000 :: Grads : []
160 :: Rewards 65.334 :: steps: 1.00 :: Time: 0.013(0.01304/step) :: Entropy : 0.000 :: Grads : []
170 :: Rewards 67.785 :: steps: 1.00 :: Time: 0.018(0.01771/step) :: Entropy : 0.000 :: Grads : []
180 :: Rewards 71.514 :: steps: 1.00 :: Time: 0.014(0.01363/step) :: Entropy : 0.000 :: Grads : []
190 :: Rewards 74.876 :: steps: 1.00 :: Time: 0.015(0.01489/step) :: Entropy : 0.000 :: Grads : []
200 :: Rewards 77.739 :: steps: 1.00 :: Time: 0.020(0.02014/step) :: Entropy : 0.000 :: Grads : []
210 :: Rewards 80.903 :: steps: 1.00 :: Time: 0.016(0.01594/step) :: Entropy : 0.000 :: Grads : []
220 :: Rewards 83.257 :: steps: 1.00 :: Time: 0.016(0.01634/step) :: Entropy : 0.000 :: Grads : []
230 :: Rewards 85.251 :: steps: 1.00 :: Time: 0.023(0.02267/step) :: Entropy : 0.000 :: Grads : []
240 :: Rewards 87.204 :: steps: 1.00 :: Time: 0.017(0.01744/step) :: Entropy : 0.000 :: Grads : []
250 :: Rewards 88.384 :: steps: 1.00 :: Time: 0.018(0.01799/step) :: Entropy : 0.000 :: Grads : []
260 :: Rewards 89.133 :: steps: 1.00 :: Time: 0.025(0.02458/step) :: Entropy : 0.000 :: Grads : []
270 :: Rewards 90.139 :: steps: 1.00 :: Time: 0.019(0.01892/step) :: Entropy : 0.000 :: Grads : []
280 :: Rewards 90.942 :: steps: 1.00 :: Time: 0.019(0.01931/step) :: Entropy : 0.000 :: Grads : []
290 :: Rewards 91.532 :: steps: 1.00 :: Time: 0.026(0.02631/step) :: Entropy : 0.000 :: Grads : []
300 :: Rewards 91.902 :: steps: 1.00 :: Time: 0.020(0.02029/step) :: Entropy : 0.000 :: Grads : []
310 :: Rewards 92.321 :: steps: 1.00 :: Time: 0.021(0.02089/step) :: Entropy : 0.000 :: Grads : []
320 :: Rewards 92.559 :: steps: 1.00 :: Time: 0.029(0.02900/step) :: Entropy : 0.000 :: Grads : []
330 :: Rewards 92.801 :: steps: 1.00 :: Time: 0.022(0.02240/step) :: Entropy : 0.000 :: Grads : []
340 :: Rewards 92.903 :: steps: 1.00 :: Time: 0.023(0.02251/step) :: Entropy : 0.000 :: Grads : []
350 :: Rewards 92.213 :: steps: 1.00 :: Time: 0.030(0.03048/step) :: Entropy : 0.000 :: Grads : []
360 :: Rewards 91.875 :: steps: 1.00 :: Time: 0.023(0.02349/step) :: Entropy : 0.000 :: Grads : []
370 :: Rewards 91.928 :: steps: 1.00 :: Time: 0.024(0.02449/step) :: Entropy : 0.000 :: Grads : []
380 :: Rewards 91.914 :: steps: 1.00 :: Time: 0.033(0.03337/step) :: Entropy : 0.000 :: Grads : []
390 :: Rewards 91.822 :: steps: 1.00 :: Time: 0.026(0.02556/step) :: Entropy : 0.000 :: Grads : []
400 :: Rewards 91.733 :: steps: 1.00 :: Time: 0.026(0.02611/step) :: Entropy : 0.000 :: Grads : []
410 :: Rewards 91.509 :: steps: 1.00 :: Time: 0.036(0.03559/step) :: Entropy : 0.000 :: Grads : []
420 :: Rewards 90.449 :: steps: 1.00 :: Time: 0.027(0.02736/step) :: Entropy : 0.000 :: Grads : []
430 :: Rewards 89.467 :: steps: 1.00 :: Time: 0.028(0.02843/step) :: Entropy : 0.000 :: Grads : []
440 :: Rewards 89.259 :: steps: 1.00 :: Time: 0.038(0.03820/step) :: Entropy : 0.000 :: Grads : []
450 :: Rewards 89.106 :: steps: 1.00 :: Time: 0.029(0.02938/step) :: Entropy : 0.000 :: Grads : []
460 :: Rewards 89.693 :: steps: 1.00 :: Time: 0.030(0.03008/step) :: Entropy : 0.000 :: Grads : []
470 :: Rewards 92.078 :: steps: 1.00 :: Time: 0.041(0.04079/step) :: Entropy : 0.000 :: Grads : []
480 :: Rewards 95.598 :: steps: 1.00 :: Time: 0.031(0.03113/step) :: Entropy : 0.000 :: Grads : []
490 :: Rewards 99.325 :: steps: 1.00 :: Time: 0.032(0.03230/step) :: Entropy : 0.000 :: Grads : []
500 :: Rewards 103.689 :: steps: 1.00 :: Time: 0.043(0.04321/step) :: Entropy : 0.000 :: Grads : []
510 :: Rewards 107.833 :: steps: 1.00 :: Time: 0.033(0.03316/step) :: Entropy : 0.000 :: Grads : []
520 :: Rewards 113.377 :: steps: 1.00 :: Time: 0.034(0.03434/step) :: Entropy : 0.000 :: Grads : []
530 :: Rewards 120.174 :: steps: 1.00 :: Time: 0.046(0.04644/step) :: Entropy : 0.000 :: Grads : []
540 :: Rewards 124.830 :: steps: 1.00 :: Time: 0.035(0.03543/step) :: Entropy : 0.000 :: Grads : []
550 :: Rewards 131.294 :: steps: 1.00 :: Time: 0.037(0.03674/step) :: Entropy : 0.000 :: Grads : []
560 :: Rewards 137.685 :: steps: 1.00 :: Time: 0.051(0.05087/step) :: Entropy : 0.000 :: Grads : []
570 :: Rewards 143.955 :: steps: 1.00 :: Time: 0.037(0.03664/step) :: Entropy : 0.000 :: Grads : []
580 :: Rewards 149.010 :: steps: 1.00 :: Time: 0.039(0.03858/step) :: Entropy : 0.000 :: Grads : []
590 :: Rewards 154.481 :: steps: 1.00 :: Time: 0.053(0.05260/step) :: Entropy : 0.000 :: Grads : []
600 :: Rewards 160.137 :: steps: 1.00 :: Time: 0.039(0.03888/step) :: Entropy : 0.000 :: Grads : []
610 :: Rewards 165.098 :: steps: 1.00 :: Time: 0.040(0.04015/step) :: Entropy : 0.000 :: Grads : []
620 :: Rewards 169.267 :: steps: 1.00 :: Time: 0.054(0.05440/step) :: Entropy : 0.000 :: Grads : []
630 :: Rewards 172.583 :: steps: 1.00 :: Time: 0.041(0.04133/step) :: Entropy : 0.000 :: Grads : []
640 :: Rewards 174.923 :: steps: 1.00 :: Time: 0.042(0.04219/step) :: Entropy : 0.000 :: Grads : []
650 :: Rewards 176.311 :: steps: 1.00 :: Time: 0.063(0.06282/step) :: Entropy : 0.000 :: Grads : []
660 :: Rewards 176.611 :: steps: 1.00 :: Time: 0.045(0.04508/step) :: Entropy : 0.000 :: Grads : []
670 :: Rewards 175.974 :: steps: 1.00 :: Time: 0.047(0.04718/step) :: Entropy : 0.000 :: Grads : []
680 :: Rewards 174.280 :: steps: 1.00 :: Time: 0.063(0.06324/step) :: Entropy : 0.000 :: Grads : []
690 :: Rewards 171.611 :: steps: 1.00 :: Time: 0.049(0.04859/step) :: Entropy : 0.000 :: Grads : []
700 :: Rewards 167.986 :: steps: 1.00 :: Time: 0.049(0.04942/step) :: Entropy : 0.000 :: Grads : []
710 :: Rewards 163.506 :: steps: 1.00 :: Time: 0.068(0.06786/step) :: Entropy : 0.000 :: Grads : []
720 :: Rewards 158.299 :: steps: 1.00 :: Time: 0.052(0.05167/step) :: Entropy : 0.000 :: Grads : []
730 :: Rewards 152.426 :: steps: 1.00 :: Time: 0.053(0.05338/step) :: Entropy : 0.000 :: Grads : []
740 :: Rewards 146.071 :: steps: 1.00 :: Time: 0.072(0.07212/step) :: Entropy : 0.000 :: Grads : []
750 :: Rewards 139.310 :: steps: 1.00 :: Time: 0.055(0.05467/step) :: Entropy : 0.000 :: Grads : []
760 :: Rewards 132.237 :: steps: 1.00 :: Time: 0.056(0.05637/step) :: Entropy : 0.000 :: Grads : []
770 :: Rewards 125.012 :: steps: 1.00 :: Time: 0.079(0.07854/step) :: Entropy : 0.000 :: Grads : []
780 :: Rewards 117.887 :: steps: 1.00 :: Time: 0.059(0.05913/step) :: Entropy : 0.000 :: Grads : []
790 :: Rewards 110.895 :: steps: 1.00 :: Time: 0.061(0.06114/step) :: Entropy : 0.000 :: Grads : []
800 :: Rewards 104.257 :: steps: 1.00 :: Time: 0.082(0.08248/step) :: Entropy : 0.000 :: Grads : []
810 :: Rewards 98.072 :: steps: 1.00 :: Time: 0.064(0.06375/step) :: Entropy : 0.000 :: Grads : []
820 :: Rewards 92.477 :: steps: 1.00 :: Time: 0.065(0.06539/step) :: Entropy : 0.000 :: Grads : []
830 :: Rewards 88.086 :: steps: 1.00 :: Time: 0.089(0.08931/step) :: Entropy : 0.000 :: Grads : []
840 :: Rewards 88.458 :: steps: 1.00 :: Time: 0.068(0.06836/step) :: Entropy : 0.000 :: Grads : []
850 :: Rewards 88.720 :: steps: 1.00 :: Time: 0.069(0.06858/step) :: Entropy : 0.000 :: Grads : []
860 :: Rewards 88.983 :: steps: 1.00 :: Time: 0.091(0.09076/step) :: Entropy : 0.000 :: Grads : []
870 :: Rewards 89.637 :: steps: 1.00 :: Time: 0.069(0.06856/step) :: Entropy : 0.000 :: Grads : []
880 :: Rewards 90.370 :: steps: 1.00 :: Time: 0.071(0.07089/step) :: Entropy : 0.000 :: Grads : []
890 :: Rewards 91.189 :: steps: 1.00 :: Time: 0.099(0.09877/step) :: Entropy : 0.000 :: Grads : []
900 :: Rewards 91.686 :: steps: 1.00 :: Time: 0.076(0.07605/step) :: Entropy : 0.000 :: Grads : []
910 :: Rewards 93.260 :: steps: 1.00 :: Time: 0.078(0.07823/step) :: Entropy : 0.000 :: Grads : []
920 :: Rewards 94.927 :: steps: 1.00 :: Time: 0.106(0.10563/step) :: Entropy : 0.000 :: Grads : []
930 :: Rewards 97.929 :: steps: 1.00 :: Time: 0.081(0.08062/step) :: Entropy : 0.000 :: Grads : []
940 :: Rewards 100.604 :: steps: 1.00 :: Time: 0.082(0.08225/step) :: Entropy : 0.000 :: Grads : []
950 :: Rewards 105.417 :: steps: 1.00 :: Time: 0.112(0.11167/step) :: Entropy : 0.000 :: Grads : []
960 :: Rewards 109.436 :: steps: 1.00 :: Time: 0.085(0.08542/step) :: Entropy : 0.000 :: Grads : []
970 :: Rewards 115.131 :: steps: 1.00 :: Time: 0.088(0.08753/step) :: Entropy : 0.000 :: Grads : []
980 :: Rewards 121.094 :: steps: 1.00 :: Time: 0.118(0.11843/step) :: Entropy : 0.000 :: Grads : []
990 :: Rewards 127.139 :: steps: 1.00 :: Time: 0.089(0.08926/step) :: Entropy : 0.000 :: Grads : []
999 :: Rewards 133.588 :: steps: 0.90 :: Time: 0.092(0.10250/step) :: Entropy : 0.000 :: Grads : []
Total time taken: 42.87964105606079
