Module path:  Environments.NS_Reco NS_Reco
Dynamically loaded from:  <class 'Environments.NS_Reco.NS_Reco'>
Reward Amplitudes: [4.17022005e-01 7.20324493e-01 1.14374817e-04 3.02332573e-01
 1.46755891e-01] :: Avg 0.317309867282206 
Module path:  Src.Algorithms.ProWLS ProWLS
Dynamically loaded from:  <class 'Src.Algorithms.ProWLS.ProWLS'>
=====Configurations=====
 Namespace(NN_basis_dim='32', Policy_basis_dim='32', actor_lr=0.0037403051736555927, algo_name='ProWLS', base=0, batch_size=1000, buffer_size=1000, debug=False, delta=3, entropy_lambda=0.041755411764967935, env_name='NS_Reco', experiment='NS_4_', extrapolator_basis='Fourier', folder_suffix='Default', fourier_coupled=True, fourier_k=7, fourier_order=3, gamma=0.99, gauss_std=1.5, gpu=0, hyper='default', importance_clip=5.0, inc=1, log_output='term_file', max_episodes=1000, max_inner=60, max_steps=500, optim='rmsprop', oracle=-1, raw_basis=True, restore=False, save_count=100, save_model=True, seed=11, speed=4, state_lr=0.001, summary=True, swarm=False, timestamp='5|24|22:52:21')
Actions space: 5 :: State space: 1
State Low: tensor([0.]) :: State High: tensor([1.])
State features:  [('dummy_param', torch.Size([1]))]
Policy:  [('fc1.weight', torch.Size([5, 1])), ('fc1.bias', torch.Size([5]))]
0 :: Rewards -0.003 :: steps: 0.10 :: Time: 0.000(0.00063/step) :: Entropy : 0.000 :: Grads : []
10 :: Rewards 0.229 :: steps: 1.00 :: Time: 0.004(0.00385/step) :: Entropy : 0.000 :: Grads : []
20 :: Rewards 0.783 :: steps: 1.00 :: Time: 0.014(0.01420/step) :: Entropy : 0.000 :: Grads : []
30 :: Rewards 1.571 :: steps: 1.00 :: Time: 0.011(0.01092/step) :: Entropy : 0.000 :: Grads : []
40 :: Rewards 2.323 :: steps: 1.00 :: Time: 0.011(0.01067/step) :: Entropy : 0.000 :: Grads : []
50 :: Rewards 3.891 :: steps: 1.00 :: Time: 0.014(0.01448/step) :: Entropy : 0.000 :: Grads : []
60 :: Rewards 8.282 :: steps: 1.00 :: Time: 0.011(0.01121/step) :: Entropy : 0.000 :: Grads : []
70 :: Rewards 11.551 :: steps: 1.00 :: Time: 0.011(0.01122/step) :: Entropy : 0.000 :: Grads : []
80 :: Rewards 17.298 :: steps: 1.00 :: Time: 0.015(0.01493/step) :: Entropy : 0.000 :: Grads : []
90 :: Rewards 22.857 :: steps: 1.00 :: Time: 0.012(0.01172/step) :: Entropy : 0.000 :: Grads : []
100 :: Rewards 29.483 :: steps: 1.00 :: Time: 0.012(0.01176/step) :: Entropy : 0.000 :: Grads : []
110 :: Rewards 35.945 :: steps: 1.00 :: Time: 0.016(0.01601/step) :: Entropy : 0.000 :: Grads : []
120 :: Rewards 43.119 :: steps: 1.00 :: Time: 0.012(0.01229/step) :: Entropy : 0.000 :: Grads : []
130 :: Rewards 50.144 :: steps: 1.00 :: Time: 0.013(0.01258/step) :: Entropy : 0.000 :: Grads : []
140 :: Rewards 55.054 :: steps: 1.00 :: Time: 0.017(0.01719/step) :: Entropy : 0.000 :: Grads : []
150 :: Rewards 60.281 :: steps: 1.00 :: Time: 0.013(0.01343/step) :: Entropy : 0.000 :: Grads : []
160 :: Rewards 64.822 :: steps: 1.00 :: Time: 0.014(0.01425/step) :: Entropy : 0.000 :: Grads : []
170 :: Rewards 69.887 :: steps: 1.00 :: Time: 0.020(0.01964/step) :: Entropy : 0.000 :: Grads : []
180 :: Rewards 74.128 :: steps: 1.00 :: Time: 0.018(0.01781/step) :: Entropy : 0.000 :: Grads : []
190 :: Rewards 77.007 :: steps: 1.00 :: Time: 0.020(0.01974/step) :: Entropy : 0.000 :: Grads : []
200 :: Rewards 79.626 :: steps: 1.00 :: Time: 0.023(0.02273/step) :: Entropy : 0.000 :: Grads : []
210 :: Rewards 82.751 :: steps: 1.00 :: Time: 0.019(0.01922/step) :: Entropy : 0.000 :: Grads : []
220 :: Rewards 84.758 :: steps: 1.00 :: Time: 0.018(0.01822/step) :: Entropy : 0.000 :: Grads : []
230 :: Rewards 86.631 :: steps: 1.00 :: Time: 0.024(0.02445/step) :: Entropy : 0.000 :: Grads : []
240 :: Rewards 88.523 :: steps: 1.00 :: Time: 0.019(0.01886/step) :: Entropy : 0.000 :: Grads : []
250 :: Rewards 90.224 :: steps: 1.00 :: Time: 0.019(0.01903/step) :: Entropy : 0.000 :: Grads : []
260 :: Rewards 91.533 :: steps: 1.00 :: Time: 0.026(0.02612/step) :: Entropy : 0.000 :: Grads : []
270 :: Rewards 92.382 :: steps: 1.00 :: Time: 0.019(0.01926/step) :: Entropy : 0.000 :: Grads : []
280 :: Rewards 92.834 :: steps: 1.00 :: Time: 0.020(0.02007/step) :: Entropy : 0.000 :: Grads : []
290 :: Rewards 92.284 :: steps: 1.00 :: Time: 0.026(0.02557/step) :: Entropy : 0.000 :: Grads : []
300 :: Rewards 92.469 :: steps: 1.00 :: Time: 0.020(0.02023/step) :: Entropy : 0.000 :: Grads : []
310 :: Rewards 92.966 :: steps: 1.00 :: Time: 0.021(0.02109/step) :: Entropy : 0.000 :: Grads : []
320 :: Rewards 93.633 :: steps: 1.00 :: Time: 0.029(0.02912/step) :: Entropy : 0.000 :: Grads : []
330 :: Rewards 93.509 :: steps: 1.00 :: Time: 0.022(0.02228/step) :: Entropy : 0.000 :: Grads : []
340 :: Rewards 93.937 :: steps: 1.00 :: Time: 0.022(0.02238/step) :: Entropy : 0.000 :: Grads : []
350 :: Rewards 93.129 :: steps: 1.00 :: Time: 0.032(0.03166/step) :: Entropy : 0.000 :: Grads : []
360 :: Rewards 92.289 :: steps: 1.00 :: Time: 0.023(0.02336/step) :: Entropy : 0.000 :: Grads : []
370 :: Rewards 91.705 :: steps: 1.00 :: Time: 0.024(0.02434/step) :: Entropy : 0.000 :: Grads : []
380 :: Rewards 90.951 :: steps: 1.00 :: Time: 0.034(0.03371/step) :: Entropy : 0.000 :: Grads : []
390 :: Rewards 90.609 :: steps: 1.00 :: Time: 0.026(0.02572/step) :: Entropy : 0.000 :: Grads : []
400 :: Rewards 89.971 :: steps: 1.00 :: Time: 0.025(0.02511/step) :: Entropy : 0.000 :: Grads : []
410 :: Rewards 89.440 :: steps: 1.00 :: Time: 0.035(0.03500/step) :: Entropy : 0.000 :: Grads : []
420 :: Rewards 89.202 :: steps: 1.00 :: Time: 0.028(0.02795/step) :: Entropy : 0.000 :: Grads : []
430 :: Rewards 88.077 :: steps: 1.00 :: Time: 0.028(0.02817/step) :: Entropy : 0.000 :: Grads : []
440 :: Rewards 87.750 :: steps: 1.00 :: Time: 0.040(0.04045/step) :: Entropy : 0.000 :: Grads : []
450 :: Rewards 87.429 :: steps: 1.00 :: Time: 0.030(0.02975/step) :: Entropy : 0.000 :: Grads : []
460 :: Rewards 87.623 :: steps: 1.00 :: Time: 0.029(0.02860/step) :: Entropy : 0.000 :: Grads : []
470 :: Rewards 89.436 :: steps: 1.00 :: Time: 0.041(0.04063/step) :: Entropy : 0.000 :: Grads : []
480 :: Rewards 92.991 :: steps: 1.00 :: Time: 0.029(0.02894/step) :: Entropy : 0.000 :: Grads : []
490 :: Rewards 95.845 :: steps: 1.00 :: Time: 0.029(0.02885/step) :: Entropy : 0.000 :: Grads : []
500 :: Rewards 101.043 :: steps: 1.00 :: Time: 0.039(0.03899/step) :: Entropy : 0.000 :: Grads : []
510 :: Rewards 105.362 :: steps: 1.00 :: Time: 0.030(0.03004/step) :: Entropy : 0.000 :: Grads : []
520 :: Rewards 110.922 :: steps: 1.00 :: Time: 0.031(0.03072/step) :: Entropy : 0.000 :: Grads : []
530 :: Rewards 117.044 :: steps: 1.00 :: Time: 0.042(0.04207/step) :: Entropy : 0.000 :: Grads : []
540 :: Rewards 122.696 :: steps: 1.00 :: Time: 0.032(0.03231/step) :: Entropy : 0.000 :: Grads : []
550 :: Rewards 129.029 :: steps: 1.00 :: Time: 0.035(0.03533/step) :: Entropy : 0.000 :: Grads : []
560 :: Rewards 136.204 :: steps: 1.00 :: Time: 0.045(0.04484/step) :: Entropy : 0.000 :: Grads : []
570 :: Rewards 143.220 :: steps: 1.00 :: Time: 0.034(0.03444/step) :: Entropy : 0.000 :: Grads : []
580 :: Rewards 149.941 :: steps: 1.00 :: Time: 0.035(0.03517/step) :: Entropy : 0.000 :: Grads : []
590 :: Rewards 156.181 :: steps: 1.00 :: Time: 0.048(0.04784/step) :: Entropy : 0.000 :: Grads : []
600 :: Rewards 160.228 :: steps: 1.00 :: Time: 0.036(0.03623/step) :: Entropy : 0.000 :: Grads : []
610 :: Rewards 163.905 :: steps: 1.00 :: Time: 0.038(0.03772/step) :: Entropy : 0.000 :: Grads : []
620 :: Rewards 167.487 :: steps: 1.00 :: Time: 0.050(0.05043/step) :: Entropy : 0.000 :: Grads : []
630 :: Rewards 170.127 :: steps: 1.00 :: Time: 0.039(0.03857/step) :: Entropy : 0.000 :: Grads : []
640 :: Rewards 172.175 :: steps: 1.00 :: Time: 0.040(0.03967/step) :: Entropy : 0.000 :: Grads : []
650 :: Rewards 173.383 :: steps: 1.00 :: Time: 0.054(0.05409/step) :: Entropy : 0.000 :: Grads : []
660 :: Rewards 173.718 :: steps: 1.00 :: Time: 0.042(0.04174/step) :: Entropy : 0.000 :: Grads : []
670 :: Rewards 173.036 :: steps: 1.00 :: Time: 0.043(0.04312/step) :: Entropy : 0.000 :: Grads : []
680 :: Rewards 171.911 :: steps: 1.00 :: Time: 0.058(0.05787/step) :: Entropy : 0.000 :: Grads : []
690 :: Rewards 170.763 :: steps: 1.00 :: Time: 0.044(0.04443/step) :: Entropy : 0.000 :: Grads : []
700 :: Rewards 172.969 :: steps: 1.00 :: Time: 0.045(0.04523/step) :: Entropy : 0.000 :: Grads : []
710 :: Rewards 176.255 :: steps: 1.00 :: Time: 0.062(0.06238/step) :: Entropy : 0.000 :: Grads : []
720 :: Rewards 180.420 :: steps: 1.00 :: Time: 0.047(0.04749/step) :: Entropy : 0.000 :: Grads : []
730 :: Rewards 184.555 :: steps: 1.00 :: Time: 0.049(0.04871/step) :: Entropy : 0.000 :: Grads : []
740 :: Rewards 188.207 :: steps: 1.00 :: Time: 0.066(0.06563/step) :: Entropy : 0.000 :: Grads : []
750 :: Rewards 192.062 :: steps: 1.00 :: Time: 0.050(0.04993/step) :: Entropy : 0.000 :: Grads : []
760 :: Rewards 195.764 :: steps: 1.00 :: Time: 0.052(0.05184/step) :: Entropy : 0.000 :: Grads : []
770 :: Rewards 199.229 :: steps: 1.00 :: Time: 0.070(0.07047/step) :: Entropy : 0.000 :: Grads : []
780 :: Rewards 201.351 :: steps: 1.00 :: Time: 0.054(0.05373/step) :: Entropy : 0.000 :: Grads : []
790 :: Rewards 201.349 :: steps: 1.00 :: Time: 0.056(0.05572/step) :: Entropy : 0.000 :: Grads : []
800 :: Rewards 202.048 :: steps: 1.00 :: Time: 0.075(0.07451/step) :: Entropy : 0.000 :: Grads : []
810 :: Rewards 203.423 :: steps: 1.00 :: Time: 0.056(0.05628/step) :: Entropy : 0.000 :: Grads : []
820 :: Rewards 204.518 :: steps: 1.00 :: Time: 0.058(0.05770/step) :: Entropy : 0.000 :: Grads : []
830 :: Rewards 205.700 :: steps: 1.00 :: Time: 0.078(0.07811/step) :: Entropy : 0.000 :: Grads : []
840 :: Rewards 206.498 :: steps: 1.00 :: Time: 0.060(0.06039/step) :: Entropy : 0.000 :: Grads : []
850 :: Rewards 207.108 :: steps: 1.00 :: Time: 0.063(0.06324/step) :: Entropy : 0.000 :: Grads : []
860 :: Rewards 207.629 :: steps: 1.00 :: Time: 0.085(0.08461/step) :: Entropy : 0.000 :: Grads : []
870 :: Rewards 208.784 :: steps: 1.00 :: Time: 0.064(0.06402/step) :: Entropy : 0.000 :: Grads : []
880 :: Rewards 210.112 :: steps: 1.00 :: Time: 0.066(0.06550/step) :: Entropy : 0.000 :: Grads : []
890 :: Rewards 211.247 :: steps: 1.00 :: Time: 0.092(0.09159/step) :: Entropy : 0.000 :: Grads : []
900 :: Rewards 212.658 :: steps: 1.00 :: Time: 0.070(0.06988/step) :: Entropy : 0.000 :: Grads : []
910 :: Rewards 214.113 :: steps: 1.00 :: Time: 0.073(0.07308/step) :: Entropy : 0.000 :: Grads : []
920 :: Rewards 217.185 :: steps: 1.00 :: Time: 0.098(0.09780/step) :: Entropy : 0.000 :: Grads : []
930 :: Rewards 220.503 :: steps: 1.00 :: Time: 0.075(0.07492/step) :: Entropy : 0.000 :: Grads : []
940 :: Rewards 225.358 :: steps: 1.00 :: Time: 0.077(0.07678/step) :: Entropy : 0.000 :: Grads : []
950 :: Rewards 230.334 :: steps: 1.00 :: Time: 0.104(0.10397/step) :: Entropy : 0.000 :: Grads : []
960 :: Rewards 236.250 :: steps: 1.00 :: Time: 0.085(0.08538/step) :: Entropy : 0.000 :: Grads : []
970 :: Rewards 243.055 :: steps: 1.00 :: Time: 0.098(0.09801/step) :: Entropy : 0.000 :: Grads : []
980 :: Rewards 250.109 :: steps: 1.00 :: Time: 0.112(0.11194/step) :: Entropy : 0.000 :: Grads : []
990 :: Rewards 257.314 :: steps: 1.00 :: Time: 0.086(0.08560/step) :: Entropy : 0.000 :: Grads : []
999 :: Rewards 263.743 :: steps: 0.90 :: Time: 0.088(0.09728/step) :: Entropy : 0.000 :: Grads : []
Total time taken: 40.72262787818909
