Module path:  Environments.NS_Reco NS_Reco
Dynamically loaded from:  <class 'Environments.NS_Reco.NS_Reco'>
Reward Amplitudes: [4.17022005e-01 7.20324493e-01 1.14374817e-04 3.02332573e-01
 1.46755891e-01] :: Avg 0.317309867282206 
Module path:  Src.Algorithms.OFPG OFPG
Dynamically loaded from:  <class 'Src.Algorithms.OFPG.OFPG'>
=====Configurations=====
 Namespace(NN_basis_dim='32', Policy_basis_dim='32', actor_lr=0.002251439950474301, algo_name='OFPG', base=0, batch_size=1000, buffer_size=1000, debug=False, delta=1, entropy_lambda=0.11057727559233214, env_name='NS_Reco', experiment='NS_3_', extrapolator_basis='Fourier', folder_suffix='Default', fourier_coupled=True, fourier_k=7, fourier_order=3, gamma=0.99, gauss_std=1.5, gpu=0, hyper='default', importance_clip=10.0, inc=1, log_output='term_file', max_episodes=1000, max_inner=30, max_steps=500, optim='rmsprop', oracle=-1, raw_basis=True, restore=False, save_count=100, save_model=True, seed=16, speed=3, state_lr=0.001, summary=True, swarm=False, timestamp='5|24|22:32:40')
Actions space: 5 :: State space: 1
State Low: tensor([0.]) :: State High: tensor([1.])
State features:  [('dummy_param', torch.Size([1]))]
Policy:  [('fc1.weight', torch.Size([5, 1])), ('fc1.bias', torch.Size([5]))]
0 :: Rewards 0.015 :: steps: 0.10 :: Time: 0.001(0.01281/step) :: Entropy : 0.000 :: Grads : []
10 :: Rewards 0.159 :: steps: 1.00 :: Time: 0.011(0.01130/step) :: Entropy : 0.000 :: Grads : []
20 :: Rewards 0.801 :: steps: 1.00 :: Time: 0.011(0.01148/step) :: Entropy : 0.000 :: Grads : []
30 :: Rewards 2.030 :: steps: 1.00 :: Time: 0.012(0.01178/step) :: Entropy : 0.000 :: Grads : []
40 :: Rewards 3.469 :: steps: 1.00 :: Time: 0.011(0.01139/step) :: Entropy : 0.000 :: Grads : []
50 :: Rewards 5.674 :: steps: 1.00 :: Time: 0.011(0.01141/step) :: Entropy : 0.000 :: Grads : []
60 :: Rewards 8.195 :: steps: 1.00 :: Time: 0.012(0.01154/step) :: Entropy : 0.000 :: Grads : []
70 :: Rewards 10.940 :: steps: 1.00 :: Time: 0.012(0.01174/step) :: Entropy : 0.000 :: Grads : []
80 :: Rewards 14.474 :: steps: 1.00 :: Time: 0.012(0.01190/step) :: Entropy : 0.000 :: Grads : []
90 :: Rewards 18.166 :: steps: 1.00 :: Time: 0.012(0.01198/step) :: Entropy : 0.000 :: Grads : []
100 :: Rewards 22.463 :: steps: 1.00 :: Time: 0.012(0.01220/step) :: Entropy : 0.000 :: Grads : []
110 :: Rewards 27.169 :: steps: 1.00 :: Time: 0.012(0.01231/step) :: Entropy : 0.000 :: Grads : []
120 :: Rewards 33.563 :: steps: 1.00 :: Time: 0.012(0.01245/step) :: Entropy : 0.000 :: Grads : []
130 :: Rewards 40.124 :: steps: 1.00 :: Time: 0.013(0.01255/step) :: Entropy : 0.000 :: Grads : []
140 :: Rewards 46.211 :: steps: 1.00 :: Time: 0.013(0.01283/step) :: Entropy : 0.000 :: Grads : []
150 :: Rewards 52.544 :: steps: 1.00 :: Time: 0.013(0.01284/step) :: Entropy : 0.000 :: Grads : []
160 :: Rewards 59.719 :: steps: 1.00 :: Time: 0.013(0.01300/step) :: Entropy : 0.000 :: Grads : []
170 :: Rewards 66.063 :: steps: 1.00 :: Time: 0.013(0.01304/step) :: Entropy : 0.000 :: Grads : []
180 :: Rewards 72.494 :: steps: 1.00 :: Time: 0.013(0.01324/step) :: Entropy : 0.000 :: Grads : []
190 :: Rewards 79.061 :: steps: 1.00 :: Time: 0.013(0.01342/step) :: Entropy : 0.000 :: Grads : []
200 :: Rewards 84.597 :: steps: 1.00 :: Time: 0.013(0.01343/step) :: Entropy : 0.000 :: Grads : []
210 :: Rewards 89.636 :: steps: 1.00 :: Time: 0.014(0.01372/step) :: Entropy : 0.000 :: Grads : []
220 :: Rewards 94.409 :: steps: 1.00 :: Time: 0.014(0.01392/step) :: Entropy : 0.000 :: Grads : []
230 :: Rewards 98.570 :: steps: 1.00 :: Time: 0.014(0.01396/step) :: Entropy : 0.000 :: Grads : []
240 :: Rewards 102.670 :: steps: 1.00 :: Time: 0.014(0.01410/step) :: Entropy : 0.000 :: Grads : []
250 :: Rewards 106.190 :: steps: 1.00 :: Time: 0.014(0.01418/step) :: Entropy : 0.000 :: Grads : []
260 :: Rewards 109.169 :: steps: 1.00 :: Time: 0.019(0.01903/step) :: Entropy : 0.000 :: Grads : []
270 :: Rewards 111.538 :: steps: 1.00 :: Time: 0.015(0.01488/step) :: Entropy : 0.000 :: Grads : []
280 :: Rewards 113.246 :: steps: 1.00 :: Time: 0.015(0.01480/step) :: Entropy : 0.000 :: Grads : []
290 :: Rewards 114.334 :: steps: 1.00 :: Time: 0.015(0.01474/step) :: Entropy : 0.000 :: Grads : []
300 :: Rewards 114.844 :: steps: 1.00 :: Time: 0.015(0.01490/step) :: Entropy : 0.000 :: Grads : []
310 :: Rewards 114.675 :: steps: 1.00 :: Time: 0.015(0.01494/step) :: Entropy : 0.000 :: Grads : []
320 :: Rewards 113.694 :: steps: 1.00 :: Time: 0.015(0.01519/step) :: Entropy : 0.000 :: Grads : []
330 :: Rewards 114.076 :: steps: 1.00 :: Time: 0.016(0.01556/step) :: Entropy : 0.000 :: Grads : []
340 :: Rewards 112.593 :: steps: 1.00 :: Time: 0.016(0.01581/step) :: Entropy : 0.000 :: Grads : []
350 :: Rewards 109.743 :: steps: 1.00 :: Time: 0.016(0.01595/step) :: Entropy : 0.000 :: Grads : []
360 :: Rewards 107.948 :: steps: 1.00 :: Time: 0.016(0.01611/step) :: Entropy : 0.000 :: Grads : []
370 :: Rewards 107.399 :: steps: 1.00 :: Time: 0.016(0.01633/step) :: Entropy : 0.000 :: Grads : []
380 :: Rewards 105.944 :: steps: 1.00 :: Time: 0.016(0.01642/step) :: Entropy : 0.000 :: Grads : []
390 :: Rewards 103.461 :: steps: 1.00 :: Time: 0.017(0.01653/step) :: Entropy : 0.000 :: Grads : []
400 :: Rewards 100.733 :: steps: 1.00 :: Time: 0.017(0.01705/step) :: Entropy : 0.000 :: Grads : []
410 :: Rewards 99.080 :: steps: 1.00 :: Time: 0.019(0.01889/step) :: Entropy : 0.000 :: Grads : []
420 :: Rewards 95.765 :: steps: 1.00 :: Time: 0.020(0.02050/step) :: Entropy : 0.000 :: Grads : []
430 :: Rewards 92.647 :: steps: 1.00 :: Time: 0.018(0.01789/step) :: Entropy : 0.000 :: Grads : []
440 :: Rewards 90.486 :: steps: 1.00 :: Time: 0.020(0.02032/step) :: Entropy : 0.000 :: Grads : []
450 :: Rewards 89.085 :: steps: 1.00 :: Time: 0.021(0.02086/step) :: Entropy : 0.000 :: Grads : []
460 :: Rewards 87.304 :: steps: 1.00 :: Time: 0.021(0.02105/step) :: Entropy : 0.000 :: Grads : []
470 :: Rewards 84.640 :: steps: 1.00 :: Time: 0.027(0.02680/step) :: Entropy : 0.000 :: Grads : []
480 :: Rewards 81.777 :: steps: 1.00 :: Time: 0.018(0.01827/step) :: Entropy : 0.000 :: Grads : []
490 :: Rewards 79.525 :: steps: 1.00 :: Time: 0.020(0.01957/step) :: Entropy : 0.000 :: Grads : []
500 :: Rewards 77.689 :: steps: 1.00 :: Time: 0.019(0.01853/step) :: Entropy : 0.000 :: Grads : []
510 :: Rewards 75.945 :: steps: 1.00 :: Time: 0.018(0.01849/step) :: Entropy : 0.000 :: Grads : []
520 :: Rewards 72.932 :: steps: 1.00 :: Time: 0.020(0.01970/step) :: Entropy : 0.000 :: Grads : []
530 :: Rewards 70.317 :: steps: 1.00 :: Time: 0.019(0.01877/step) :: Entropy : 0.000 :: Grads : []
540 :: Rewards 67.740 :: steps: 1.00 :: Time: 0.023(0.02275/step) :: Entropy : 0.000 :: Grads : []
550 :: Rewards 64.948 :: steps: 1.00 :: Time: 0.021(0.02135/step) :: Entropy : 0.000 :: Grads : []
560 :: Rewards 61.906 :: steps: 1.00 :: Time: 0.020(0.01998/step) :: Entropy : 0.000 :: Grads : []
570 :: Rewards 59.322 :: steps: 1.00 :: Time: 0.021(0.02115/step) :: Entropy : 0.000 :: Grads : []
580 :: Rewards 57.184 :: steps: 1.00 :: Time: 0.019(0.01919/step) :: Entropy : 0.000 :: Grads : []
590 :: Rewards 54.470 :: steps: 1.00 :: Time: 0.019(0.01938/step) :: Entropy : 0.000 :: Grads : []
600 :: Rewards 52.341 :: steps: 1.00 :: Time: 0.019(0.01942/step) :: Entropy : 0.000 :: Grads : []
610 :: Rewards 50.522 :: steps: 1.00 :: Time: 0.019(0.01941/step) :: Entropy : 0.000 :: Grads : []
620 :: Rewards 49.838 :: steps: 1.00 :: Time: 0.020(0.01966/step) :: Entropy : 0.000 :: Grads : []
630 :: Rewards 50.191 :: steps: 1.00 :: Time: 0.021(0.02146/step) :: Entropy : 0.000 :: Grads : []
640 :: Rewards 48.238 :: steps: 1.00 :: Time: 0.020(0.02032/step) :: Entropy : 0.000 :: Grads : []
650 :: Rewards 49.313 :: steps: 1.00 :: Time: 0.020(0.02002/step) :: Entropy : 0.000 :: Grads : []
660 :: Rewards 47.134 :: steps: 1.00 :: Time: 0.020(0.01984/step) :: Entropy : 0.000 :: Grads : []
670 :: Rewards 45.519 :: steps: 1.00 :: Time: 0.020(0.02009/step) :: Entropy : 0.000 :: Grads : []
680 :: Rewards 47.241 :: steps: 1.00 :: Time: 0.020(0.01999/step) :: Entropy : 0.000 :: Grads : []
690 :: Rewards 47.208 :: steps: 1.00 :: Time: 0.020(0.02018/step) :: Entropy : 0.000 :: Grads : []
700 :: Rewards 46.519 :: steps: 1.00 :: Time: 0.020(0.02048/step) :: Entropy : 0.000 :: Grads : []
710 :: Rewards 46.824 :: steps: 1.00 :: Time: 0.025(0.02467/step) :: Entropy : 0.000 :: Grads : []
720 :: Rewards 49.814 :: steps: 1.00 :: Time: 0.022(0.02239/step) :: Entropy : 0.000 :: Grads : []
730 :: Rewards 54.500 :: steps: 1.00 :: Time: 0.022(0.02153/step) :: Entropy : 0.000 :: Grads : []
740 :: Rewards 56.092 :: steps: 1.00 :: Time: 0.020(0.02047/step) :: Entropy : 0.000 :: Grads : []
750 :: Rewards 57.142 :: steps: 1.00 :: Time: 0.021(0.02106/step) :: Entropy : 0.000 :: Grads : []
760 :: Rewards 59.714 :: steps: 1.00 :: Time: 0.023(0.02327/step) :: Entropy : 0.000 :: Grads : []
770 :: Rewards 62.072 :: steps: 1.00 :: Time: 0.022(0.02196/step) :: Entropy : 0.000 :: Grads : []
780 :: Rewards 64.526 :: steps: 1.00 :: Time: 0.021(0.02107/step) :: Entropy : 0.000 :: Grads : []
790 :: Rewards 68.111 :: steps: 1.00 :: Time: 0.021(0.02103/step) :: Entropy : 0.000 :: Grads : []
800 :: Rewards 72.019 :: steps: 1.00 :: Time: 0.021(0.02112/step) :: Entropy : 0.000 :: Grads : []
810 :: Rewards 74.160 :: steps: 1.00 :: Time: 0.021(0.02126/step) :: Entropy : 0.000 :: Grads : []
820 :: Rewards 75.595 :: steps: 1.00 :: Time: 0.021(0.02119/step) :: Entropy : 0.000 :: Grads : []
830 :: Rewards 78.946 :: steps: 1.00 :: Time: 0.021(0.02145/step) :: Entropy : 0.000 :: Grads : []
840 :: Rewards 81.738 :: steps: 1.00 :: Time: 0.022(0.02155/step) :: Entropy : 0.000 :: Grads : []
850 :: Rewards 83.085 :: steps: 1.00 :: Time: 0.022(0.02155/step) :: Entropy : 0.000 :: Grads : []
860 :: Rewards 84.633 :: steps: 1.00 :: Time: 0.023(0.02296/step) :: Entropy : 0.000 :: Grads : []
870 :: Rewards 85.051 :: steps: 1.00 :: Time: 0.023(0.02350/step) :: Entropy : 0.000 :: Grads : []
880 :: Rewards 86.166 :: steps: 1.00 :: Time: 0.022(0.02211/step) :: Entropy : 0.000 :: Grads : []
890 :: Rewards 86.056 :: steps: 1.00 :: Time: 0.024(0.02393/step) :: Entropy : 0.000 :: Grads : []
900 :: Rewards 87.470 :: steps: 1.00 :: Time: 0.023(0.02342/step) :: Entropy : 0.000 :: Grads : []
910 :: Rewards 87.980 :: steps: 1.00 :: Time: 0.022(0.02240/step) :: Entropy : 0.000 :: Grads : []
920 :: Rewards 86.330 :: steps: 1.00 :: Time: 0.022(0.02223/step) :: Entropy : 0.000 :: Grads : []
930 :: Rewards 83.749 :: steps: 1.00 :: Time: 0.022(0.02241/step) :: Entropy : 0.000 :: Grads : []
940 :: Rewards 85.834 :: steps: 1.00 :: Time: 0.023(0.02250/step) :: Entropy : 0.000 :: Grads : []
950 :: Rewards 84.948 :: steps: 1.00 :: Time: 0.023(0.02335/step) :: Entropy : 0.000 :: Grads : []
960 :: Rewards 83.799 :: steps: 1.00 :: Time: 0.031(0.03086/step) :: Entropy : 0.000 :: Grads : []
970 :: Rewards 83.625 :: steps: 1.00 :: Time: 0.023(0.02336/step) :: Entropy : 0.000 :: Grads : []
980 :: Rewards 81.232 :: steps: 1.00 :: Time: 0.022(0.02248/step) :: Entropy : 0.000 :: Grads : []
990 :: Rewards 80.405 :: steps: 1.00 :: Time: 0.023(0.02280/step) :: Entropy : 0.000 :: Grads : []
999 :: Rewards 78.679 :: steps: 0.90 :: Time: 0.021(0.02312/step) :: Entropy : 0.000 :: Grads : []
Total time taken: 18.42948889732361
