Module path:  Environments.NS_Reco NS_Reco
Dynamically loaded from:  <class 'Environments.NS_Reco.NS_Reco'>
Reward Amplitudes: [4.17022005e-01 7.20324493e-01 1.14374817e-04 3.02332573e-01
 1.46755891e-01] :: Avg 0.317309867282206 
Module path:  Src.Algorithms.ProOLS ProOLS
Dynamically loaded from:  <class 'Src.Algorithms.ProOLS.ProOLS'>
=====Configurations=====
 Namespace(NN_basis_dim='32', Policy_basis_dim='32', actor_lr=0.0045712864064011045, algo_name='ProOLS', base=0, batch_size=1000, buffer_size=1000, debug=False, delta=3, entropy_lambda=0.04318892012402085, env_name='NS_Reco', experiment='NS_1r_', extrapolator_basis='Fourier', folder_suffix='Default', fourier_coupled=True, fourier_k=5, fourier_order=3, gamma=0.99, gauss_std=1.5, gpu=0, hyper='default', importance_clip=5.0, inc=1, log_output='term_file', max_episodes=1000, max_inner=60, max_steps=500, optim='rmsprop', oracle=-1, raw_basis=True, restore=False, save_count=100, save_model=True, seed=0, speed=1, state_lr=0.001, summary=True, swarm=False, timestamp='5|25|11:25:28')
Actions space: 5 :: State space: 1
State Low: tensor([0.]) :: State High: tensor([1.])
State features:  [('dummy_param', torch.Size([1]))]
Policy:  [('fc1.weight', torch.Size([5, 1])), ('fc1.bias', torch.Size([5]))]
0 :: Rewards -0.025 :: steps: 0.10 :: Time: 0.000(0.00059/step) :: Entropy : 0.000 :: Grads : []
10 :: Rewards -0.116 :: steps: 1.00 :: Time: 0.006(0.00569/step) :: Entropy : 0.000 :: Grads : []
20 :: Rewards -0.380 :: steps: 1.00 :: Time: 0.011(0.01105/step) :: Entropy : 0.000 :: Grads : []
30 :: Rewards -0.712 :: steps: 1.00 :: Time: 0.008(0.00817/step) :: Entropy : 0.000 :: Grads : []
40 :: Rewards -1.252 :: steps: 1.00 :: Time: 0.008(0.00782/step) :: Entropy : 0.000 :: Grads : []
50 :: Rewards -1.626 :: steps: 1.00 :: Time: 0.011(0.01067/step) :: Entropy : 0.000 :: Grads : []
60 :: Rewards -1.726 :: steps: 1.00 :: Time: 0.008(0.00818/step) :: Entropy : 0.000 :: Grads : []
70 :: Rewards -2.147 :: steps: 1.00 :: Time: 0.008(0.00820/step) :: Entropy : 0.000 :: Grads : []
80 :: Rewards -3.185 :: steps: 1.00 :: Time: 0.011(0.01105/step) :: Entropy : 0.000 :: Grads : []
90 :: Rewards -4.352 :: steps: 1.00 :: Time: 0.008(0.00831/step) :: Entropy : 0.000 :: Grads : []
100 :: Rewards -5.179 :: steps: 1.00 :: Time: 0.008(0.00845/step) :: Entropy : 0.000 :: Grads : []
110 :: Rewards -5.602 :: steps: 1.00 :: Time: 0.011(0.01123/step) :: Entropy : 0.000 :: Grads : []
120 :: Rewards -6.186 :: steps: 1.00 :: Time: 0.009(0.00859/step) :: Entropy : 0.000 :: Grads : []
130 :: Rewards -7.053 :: steps: 1.00 :: Time: 0.009(0.00870/step) :: Entropy : 0.000 :: Grads : []
140 :: Rewards -7.620 :: steps: 1.00 :: Time: 0.012(0.01152/step) :: Entropy : 0.000 :: Grads : []
150 :: Rewards -7.620 :: steps: 1.00 :: Time: 0.009(0.00881/step) :: Entropy : 0.000 :: Grads : []
160 :: Rewards -7.620 :: steps: 1.00 :: Time: 0.009(0.00893/step) :: Entropy : 0.000 :: Grads : []
170 :: Rewards -7.620 :: steps: 1.00 :: Time: 0.015(0.01454/step) :: Entropy : 0.000 :: Grads : []
180 :: Rewards -7.620 :: steps: 1.00 :: Time: 0.010(0.00975/step) :: Entropy : 0.000 :: Grads : []
190 :: Rewards -7.620 :: steps: 1.00 :: Time: 0.010(0.00957/step) :: Entropy : 0.000 :: Grads : []
200 :: Rewards -7.620 :: steps: 1.00 :: Time: 0.013(0.01251/step) :: Entropy : 0.000 :: Grads : []
210 :: Rewards -7.620 :: steps: 1.00 :: Time: 0.009(0.00926/step) :: Entropy : 0.000 :: Grads : []
220 :: Rewards -7.620 :: steps: 1.00 :: Time: 0.013(0.01318/step) :: Entropy : 0.000 :: Grads : []
230 :: Rewards -7.620 :: steps: 1.00 :: Time: 0.014(0.01414/step) :: Entropy : 0.000 :: Grads : []
240 :: Rewards -7.620 :: steps: 1.00 :: Time: 0.009(0.00949/step) :: Entropy : 0.000 :: Grads : []
250 :: Rewards -7.620 :: steps: 1.00 :: Time: 0.010(0.00960/step) :: Entropy : 0.000 :: Grads : []
260 :: Rewards -7.620 :: steps: 1.00 :: Time: 0.013(0.01269/step) :: Entropy : 0.000 :: Grads : []
270 :: Rewards -7.620 :: steps: 1.00 :: Time: 0.010(0.00981/step) :: Entropy : 0.000 :: Grads : []
280 :: Rewards -7.620 :: steps: 1.00 :: Time: 0.010(0.01045/step) :: Entropy : 0.000 :: Grads : []
290 :: Rewards -7.620 :: steps: 1.00 :: Time: 0.014(0.01378/step) :: Entropy : 0.000 :: Grads : []
300 :: Rewards -7.620 :: steps: 1.00 :: Time: 0.011(0.01098/step) :: Entropy : 0.000 :: Grads : []
310 :: Rewards -7.620 :: steps: 1.00 :: Time: 0.010(0.01023/step) :: Entropy : 0.000 :: Grads : []
320 :: Rewards -7.620 :: steps: 1.00 :: Time: 0.014(0.01387/step) :: Entropy : 0.000 :: Grads : []
330 :: Rewards -7.620 :: steps: 1.00 :: Time: 0.010(0.01041/step) :: Entropy : 0.000 :: Grads : []
340 :: Rewards -7.620 :: steps: 1.00 :: Time: 0.015(0.01463/step) :: Entropy : 0.000 :: Grads : []
350 :: Rewards -7.620 :: steps: 1.00 :: Time: 0.016(0.01638/step) :: Entropy : 0.000 :: Grads : []
360 :: Rewards -7.620 :: steps: 1.00 :: Time: 0.013(0.01256/step) :: Entropy : 0.000 :: Grads : []
370 :: Rewards -7.620 :: steps: 1.00 :: Time: 0.012(0.01155/step) :: Entropy : 0.000 :: Grads : []
380 :: Rewards -7.620 :: steps: 1.00 :: Time: 0.015(0.01461/step) :: Entropy : 0.000 :: Grads : []
390 :: Rewards -7.620 :: steps: 1.00 :: Time: 0.015(0.01506/step) :: Entropy : 0.000 :: Grads : []
400 :: Rewards -7.620 :: steps: 1.00 :: Time: 0.011(0.01117/step) :: Entropy : 0.000 :: Grads : []
410 :: Rewards -7.620 :: steps: 1.00 :: Time: 0.016(0.01608/step) :: Entropy : 0.000 :: Grads : []
420 :: Rewards -7.620 :: steps: 1.00 :: Time: 0.012(0.01181/step) :: Entropy : 0.000 :: Grads : []
430 :: Rewards -7.620 :: steps: 1.00 :: Time: 0.012(0.01172/step) :: Entropy : 0.000 :: Grads : []
440 :: Rewards -7.620 :: steps: 1.00 :: Time: 0.016(0.01577/step) :: Entropy : 0.000 :: Grads : []
450 :: Rewards -7.620 :: steps: 1.00 :: Time: 0.012(0.01197/step) :: Entropy : 0.000 :: Grads : []
460 :: Rewards -7.620 :: steps: 1.00 :: Time: 0.012(0.01190/step) :: Entropy : 0.000 :: Grads : []
470 :: Rewards -7.620 :: steps: 1.00 :: Time: 0.016(0.01600/step) :: Entropy : 0.000 :: Grads : []
480 :: Rewards -7.620 :: steps: 1.00 :: Time: 0.012(0.01197/step) :: Entropy : 0.000 :: Grads : []
490 :: Rewards -7.620 :: steps: 1.00 :: Time: 0.013(0.01256/step) :: Entropy : 0.000 :: Grads : []
500 :: Rewards -7.620 :: steps: 1.00 :: Time: 0.019(0.01905/step) :: Entropy : 0.000 :: Grads : []
510 :: Rewards -7.620 :: steps: 1.00 :: Time: 0.013(0.01290/step) :: Entropy : 0.000 :: Grads : []
520 :: Rewards -7.620 :: steps: 1.00 :: Time: 0.013(0.01269/step) :: Entropy : 0.000 :: Grads : []
530 :: Rewards -7.620 :: steps: 1.00 :: Time: 0.018(0.01756/step) :: Entropy : 0.000 :: Grads : []
540 :: Rewards -7.620 :: steps: 1.00 :: Time: 0.013(0.01304/step) :: Entropy : 0.000 :: Grads : []
550 :: Rewards -7.620 :: steps: 1.00 :: Time: 0.013(0.01281/step) :: Entropy : 0.000 :: Grads : []
560 :: Rewards -7.620 :: steps: 1.00 :: Time: 0.017(0.01711/step) :: Entropy : 0.000 :: Grads : []
570 :: Rewards -7.620 :: steps: 1.00 :: Time: 0.013(0.01272/step) :: Entropy : 0.000 :: Grads : []
580 :: Rewards -7.620 :: steps: 1.00 :: Time: 0.013(0.01290/step) :: Entropy : 0.000 :: Grads : []
590 :: Rewards -7.620 :: steps: 1.00 :: Time: 0.017(0.01725/step) :: Entropy : 0.000 :: Grads : []
600 :: Rewards -7.620 :: steps: 1.00 :: Time: 0.013(0.01307/step) :: Entropy : 0.000 :: Grads : []
610 :: Rewards -7.620 :: steps: 1.00 :: Time: 0.013(0.01312/step) :: Entropy : 0.000 :: Grads : []
620 :: Rewards -7.620 :: steps: 1.00 :: Time: 0.018(0.01768/step) :: Entropy : 0.000 :: Grads : []
630 :: Rewards -7.620 :: steps: 1.00 :: Time: 0.013(0.01327/step) :: Entropy : 0.000 :: Grads : []
640 :: Rewards -7.620 :: steps: 1.00 :: Time: 0.013(0.01349/step) :: Entropy : 0.000 :: Grads : []
650 :: Rewards -7.620 :: steps: 1.00 :: Time: 0.018(0.01830/step) :: Entropy : 0.000 :: Grads : []
660 :: Rewards -7.620 :: steps: 1.00 :: Time: 0.019(0.01874/step) :: Entropy : 0.000 :: Grads : []
670 :: Rewards -7.620 :: steps: 1.00 :: Time: 0.015(0.01476/step) :: Entropy : 0.000 :: Grads : []
680 :: Rewards -7.620 :: steps: 1.00 :: Time: 0.019(0.01856/step) :: Entropy : 0.000 :: Grads : []
690 :: Rewards -7.620 :: steps: 1.00 :: Time: 0.018(0.01772/step) :: Entropy : 0.000 :: Grads : []
700 :: Rewards -7.620 :: steps: 1.00 :: Time: 0.014(0.01425/step) :: Entropy : 0.000 :: Grads : []
710 :: Rewards -7.620 :: steps: 1.00 :: Time: 0.020(0.01993/step) :: Entropy : 0.000 :: Grads : []
720 :: Rewards -7.628 :: steps: 1.00 :: Time: 0.015(0.01499/step) :: Entropy : 0.000 :: Grads : []
730 :: Rewards -7.714 :: steps: 1.00 :: Time: 0.014(0.01423/step) :: Entropy : 0.000 :: Grads : []
740 :: Rewards -7.966 :: steps: 1.00 :: Time: 0.019(0.01897/step) :: Entropy : 0.000 :: Grads : []
750 :: Rewards -8.352 :: steps: 1.00 :: Time: 0.017(0.01654/step) :: Entropy : 0.000 :: Grads : []
760 :: Rewards -8.955 :: steps: 1.00 :: Time: 0.015(0.01456/step) :: Entropy : 0.000 :: Grads : []
770 :: Rewards -9.722 :: steps: 1.00 :: Time: 0.019(0.01922/step) :: Entropy : 0.000 :: Grads : []
780 :: Rewards -10.641 :: steps: 1.00 :: Time: 0.016(0.01582/step) :: Entropy : 0.000 :: Grads : []
790 :: Rewards -11.742 :: steps: 1.00 :: Time: 0.016(0.01621/step) :: Entropy : 0.000 :: Grads : []
800 :: Rewards -13.005 :: steps: 1.00 :: Time: 0.021(0.02123/step) :: Entropy : 0.000 :: Grads : []
810 :: Rewards -14.473 :: steps: 1.00 :: Time: 0.020(0.01964/step) :: Entropy : 0.000 :: Grads : []
820 :: Rewards -16.123 :: steps: 1.00 :: Time: 0.016(0.01574/step) :: Entropy : 0.000 :: Grads : []
830 :: Rewards -18.019 :: steps: 1.00 :: Time: 0.020(0.01994/step) :: Entropy : 0.000 :: Grads : []
840 :: Rewards -20.035 :: steps: 1.00 :: Time: 0.015(0.01536/step) :: Entropy : 0.000 :: Grads : []
850 :: Rewards -22.025 :: steps: 1.00 :: Time: 0.015(0.01542/step) :: Entropy : 0.000 :: Grads : []
860 :: Rewards -23.331 :: steps: 1.00 :: Time: 0.021(0.02058/step) :: Entropy : 0.000 :: Grads : []
870 :: Rewards -24.534 :: steps: 1.00 :: Time: 0.017(0.01662/step) :: Entropy : 0.000 :: Grads : []
880 :: Rewards -25.968 :: steps: 1.00 :: Time: 0.016(0.01593/step) :: Entropy : 0.000 :: Grads : []
890 :: Rewards -26.585 :: steps: 1.00 :: Time: 0.022(0.02181/step) :: Entropy : 0.000 :: Grads : []
900 :: Rewards -27.020 :: steps: 1.00 :: Time: 0.016(0.01638/step) :: Entropy : 0.000 :: Grads : []
910 :: Rewards -27.424 :: steps: 1.00 :: Time: 0.016(0.01556/step) :: Entropy : 0.000 :: Grads : []
920 :: Rewards -27.702 :: steps: 1.00 :: Time: 0.021(0.02076/step) :: Entropy : 0.000 :: Grads : []
930 :: Rewards -28.298 :: steps: 1.00 :: Time: 0.016(0.01588/step) :: Entropy : 0.000 :: Grads : []
940 :: Rewards -28.821 :: steps: 1.00 :: Time: 0.016(0.01570/step) :: Entropy : 0.000 :: Grads : []
950 :: Rewards -29.110 :: steps: 1.00 :: Time: 0.021(0.02098/step) :: Entropy : 0.000 :: Grads : []
960 :: Rewards -29.361 :: steps: 1.00 :: Time: 0.016(0.01587/step) :: Entropy : 0.000 :: Grads : []
970 :: Rewards -29.576 :: steps: 1.00 :: Time: 0.016(0.01604/step) :: Entropy : 0.000 :: Grads : []
980 :: Rewards -29.910 :: steps: 1.00 :: Time: 0.021(0.02126/step) :: Entropy : 0.000 :: Grads : []
990 :: Rewards -30.082 :: steps: 1.00 :: Time: 0.016(0.01621/step) :: Entropy : 0.000 :: Grads : []
999 :: Rewards -30.334 :: steps: 0.90 :: Time: 0.017(0.01879/step) :: Entropy : 0.000 :: Grads : []
Total time taken: 14.083872079849243
