Module path:  Environments.NS_Reco NS_Reco
Dynamically loaded from:  <class 'Environments.NS_Reco.NS_Reco'>
Reward Amplitudes: [4.17022005e-01 7.20324493e-01 1.14374817e-04 3.02332573e-01
 1.46755891e-01] :: Avg 0.317309867282206 
Module path:  Src.Algorithms.ProWLS ProWLS
Dynamically loaded from:  <class 'Src.Algorithms.ProWLS.ProWLS'>
=====Configurations=====
 Namespace(NN_basis_dim='32', Policy_basis_dim='32', actor_lr=0.0037403051736555927, algo_name='ProWLS', base=0, batch_size=1000, buffer_size=1000, debug=False, delta=3, entropy_lambda=0.041755411764967935, env_name='NS_Reco', experiment='NS_4_', extrapolator_basis='Fourier', folder_suffix='Default', fourier_coupled=True, fourier_k=7, fourier_order=3, gamma=0.99, gauss_std=1.5, gpu=0, hyper='default', importance_clip=5.0, inc=1, log_output='term_file', max_episodes=1000, max_inner=60, max_steps=500, optim='rmsprop', oracle=-1, raw_basis=True, restore=False, save_count=100, save_model=True, seed=6, speed=4, state_lr=0.001, summary=True, swarm=False, timestamp='5|24|22:48:41')
Actions space: 5 :: State space: 1
State Low: tensor([0.]) :: State High: tensor([1.])
State features:  [('dummy_param', torch.Size([1]))]
Policy:  [('fc1.weight', torch.Size([5, 1])), ('fc1.bias', torch.Size([5]))]
0 :: Rewards 0.013 :: steps: 0.10 :: Time: 0.000(0.00068/step) :: Entropy : 0.000 :: Grads : []
10 :: Rewards 0.303 :: steps: 1.00 :: Time: 0.004(0.00412/step) :: Entropy : 0.000 :: Grads : []
20 :: Rewards 0.835 :: steps: 1.00 :: Time: 0.015(0.01532/step) :: Entropy : 0.000 :: Grads : []
30 :: Rewards 1.855 :: steps: 1.00 :: Time: 0.011(0.01122/step) :: Entropy : 0.000 :: Grads : []
40 :: Rewards 4.674 :: steps: 1.00 :: Time: 0.011(0.01056/step) :: Entropy : 0.000 :: Grads : []
50 :: Rewards 8.204 :: steps: 1.00 :: Time: 0.014(0.01426/step) :: Entropy : 0.000 :: Grads : []
60 :: Rewards 12.822 :: steps: 1.00 :: Time: 0.011(0.01083/step) :: Entropy : 0.000 :: Grads : []
70 :: Rewards 18.323 :: steps: 1.00 :: Time: 0.011(0.01097/step) :: Entropy : 0.000 :: Grads : []
80 :: Rewards 22.693 :: steps: 1.00 :: Time: 0.015(0.01479/step) :: Entropy : 0.000 :: Grads : []
90 :: Rewards 29.428 :: steps: 1.00 :: Time: 0.012(0.01171/step) :: Entropy : 0.000 :: Grads : []
100 :: Rewards 33.974 :: steps: 1.00 :: Time: 0.012(0.01160/step) :: Entropy : 0.000 :: Grads : []
110 :: Rewards 41.186 :: steps: 1.00 :: Time: 0.016(0.01572/step) :: Entropy : 0.000 :: Grads : []
120 :: Rewards 47.470 :: steps: 1.00 :: Time: 0.012(0.01205/step) :: Entropy : 0.000 :: Grads : []
130 :: Rewards 53.814 :: steps: 1.00 :: Time: 0.012(0.01232/step) :: Entropy : 0.000 :: Grads : []
140 :: Rewards 58.505 :: steps: 1.00 :: Time: 0.017(0.01670/step) :: Entropy : 0.000 :: Grads : []
150 :: Rewards 64.795 :: steps: 1.00 :: Time: 0.013(0.01287/step) :: Entropy : 0.000 :: Grads : []
160 :: Rewards 70.544 :: steps: 1.00 :: Time: 0.013(0.01313/step) :: Entropy : 0.000 :: Grads : []
170 :: Rewards 74.702 :: steps: 1.00 :: Time: 0.018(0.01805/step) :: Entropy : 0.000 :: Grads : []
180 :: Rewards 77.965 :: steps: 1.00 :: Time: 0.014(0.01388/step) :: Entropy : 0.000 :: Grads : []
190 :: Rewards 81.441 :: steps: 1.00 :: Time: 0.015(0.01477/step) :: Entropy : 0.000 :: Grads : []
200 :: Rewards 84.209 :: steps: 1.00 :: Time: 0.020(0.02026/step) :: Entropy : 0.000 :: Grads : []
210 :: Rewards 86.832 :: steps: 1.00 :: Time: 0.016(0.01591/step) :: Entropy : 0.000 :: Grads : []
220 :: Rewards 89.389 :: steps: 1.00 :: Time: 0.016(0.01638/step) :: Entropy : 0.000 :: Grads : []
230 :: Rewards 91.672 :: steps: 1.00 :: Time: 0.023(0.02262/step) :: Entropy : 0.000 :: Grads : []
240 :: Rewards 93.169 :: steps: 1.00 :: Time: 0.017(0.01741/step) :: Entropy : 0.000 :: Grads : []
250 :: Rewards 94.461 :: steps: 1.00 :: Time: 0.018(0.01803/step) :: Entropy : 0.000 :: Grads : []
260 :: Rewards 95.777 :: steps: 1.00 :: Time: 0.025(0.02458/step) :: Entropy : 0.000 :: Grads : []
270 :: Rewards 96.821 :: steps: 1.00 :: Time: 0.019(0.01889/step) :: Entropy : 0.000 :: Grads : []
280 :: Rewards 97.483 :: steps: 1.00 :: Time: 0.019(0.01938/step) :: Entropy : 0.000 :: Grads : []
290 :: Rewards 97.862 :: steps: 1.00 :: Time: 0.026(0.02617/step) :: Entropy : 0.000 :: Grads : []
300 :: Rewards 97.901 :: steps: 1.00 :: Time: 0.020(0.02027/step) :: Entropy : 0.000 :: Grads : []
310 :: Rewards 97.781 :: steps: 1.00 :: Time: 0.021(0.02085/step) :: Entropy : 0.000 :: Grads : []
320 :: Rewards 97.776 :: steps: 1.00 :: Time: 0.029(0.02886/step) :: Entropy : 0.000 :: Grads : []
330 :: Rewards 97.939 :: steps: 1.00 :: Time: 0.022(0.02222/step) :: Entropy : 0.000 :: Grads : []
340 :: Rewards 98.280 :: steps: 1.00 :: Time: 0.022(0.02230/step) :: Entropy : 0.000 :: Grads : []
350 :: Rewards 98.487 :: steps: 1.00 :: Time: 0.030(0.03039/step) :: Entropy : 0.000 :: Grads : []
360 :: Rewards 98.209 :: steps: 1.00 :: Time: 0.023(0.02334/step) :: Entropy : 0.000 :: Grads : []
370 :: Rewards 97.050 :: steps: 1.00 :: Time: 0.024(0.02438/step) :: Entropy : 0.000 :: Grads : []
380 :: Rewards 97.019 :: steps: 1.00 :: Time: 0.033(0.03317/step) :: Entropy : 0.000 :: Grads : []
390 :: Rewards 96.986 :: steps: 1.00 :: Time: 0.025(0.02549/step) :: Entropy : 0.000 :: Grads : []
400 :: Rewards 96.842 :: steps: 1.00 :: Time: 0.026(0.02586/step) :: Entropy : 0.000 :: Grads : []
410 :: Rewards 96.050 :: steps: 1.00 :: Time: 0.035(0.03549/step) :: Entropy : 0.000 :: Grads : []
420 :: Rewards 95.445 :: steps: 1.00 :: Time: 0.027(0.02738/step) :: Entropy : 0.000 :: Grads : []
430 :: Rewards 94.903 :: steps: 1.00 :: Time: 0.028(0.02839/step) :: Entropy : 0.000 :: Grads : []
440 :: Rewards 94.841 :: steps: 1.00 :: Time: 0.038(0.03820/step) :: Entropy : 0.000 :: Grads : []
450 :: Rewards 94.767 :: steps: 1.00 :: Time: 0.029(0.02933/step) :: Entropy : 0.000 :: Grads : []
460 :: Rewards 95.116 :: steps: 1.00 :: Time: 0.030(0.02986/step) :: Entropy : 0.000 :: Grads : []
470 :: Rewards 97.705 :: steps: 1.00 :: Time: 0.041(0.04059/step) :: Entropy : 0.000 :: Grads : []
480 :: Rewards 100.338 :: steps: 1.00 :: Time: 0.031(0.03105/step) :: Entropy : 0.000 :: Grads : []
490 :: Rewards 103.380 :: steps: 1.00 :: Time: 0.032(0.03222/step) :: Entropy : 0.000 :: Grads : []
500 :: Rewards 107.710 :: steps: 1.00 :: Time: 0.043(0.04320/step) :: Entropy : 0.000 :: Grads : []
510 :: Rewards 112.203 :: steps: 1.00 :: Time: 0.033(0.03327/step) :: Entropy : 0.000 :: Grads : []
520 :: Rewards 116.888 :: steps: 1.00 :: Time: 0.034(0.03431/step) :: Entropy : 0.000 :: Grads : []
530 :: Rewards 122.855 :: steps: 1.00 :: Time: 0.046(0.04623/step) :: Entropy : 0.000 :: Grads : []
540 :: Rewards 129.039 :: steps: 1.00 :: Time: 0.036(0.03556/step) :: Entropy : 0.000 :: Grads : []
550 :: Rewards 136.204 :: steps: 1.00 :: Time: 0.037(0.03684/step) :: Entropy : 0.000 :: Grads : []
560 :: Rewards 142.492 :: steps: 1.00 :: Time: 0.050(0.05047/step) :: Entropy : 0.000 :: Grads : []
570 :: Rewards 149.491 :: steps: 1.00 :: Time: 0.036(0.03649/step) :: Entropy : 0.000 :: Grads : []
580 :: Rewards 156.193 :: steps: 1.00 :: Time: 0.038(0.03806/step) :: Entropy : 0.000 :: Grads : []
590 :: Rewards 161.674 :: steps: 1.00 :: Time: 0.052(0.05223/step) :: Entropy : 0.000 :: Grads : []
600 :: Rewards 164.896 :: steps: 1.00 :: Time: 0.042(0.04195/step) :: Entropy : 0.000 :: Grads : []
610 :: Rewards 169.357 :: steps: 1.00 :: Time: 0.040(0.04026/step) :: Entropy : 0.000 :: Grads : []
620 :: Rewards 173.493 :: steps: 1.00 :: Time: 0.054(0.05395/step) :: Entropy : 0.000 :: Grads : []
630 :: Rewards 176.792 :: steps: 1.00 :: Time: 0.041(0.04124/step) :: Entropy : 0.000 :: Grads : []
640 :: Rewards 179.240 :: steps: 1.00 :: Time: 0.042(0.04215/step) :: Entropy : 0.000 :: Grads : []
650 :: Rewards 181.279 :: steps: 1.00 :: Time: 0.058(0.05758/step) :: Entropy : 0.000 :: Grads : []
660 :: Rewards 183.821 :: steps: 1.00 :: Time: 0.045(0.04481/step) :: Entropy : 0.000 :: Grads : []
670 :: Rewards 186.911 :: steps: 1.00 :: Time: 0.047(0.04674/step) :: Entropy : 0.000 :: Grads : []
680 :: Rewards 190.695 :: steps: 1.00 :: Time: 0.063(0.06284/step) :: Entropy : 0.000 :: Grads : []
690 :: Rewards 193.864 :: steps: 1.00 :: Time: 0.049(0.04863/step) :: Entropy : 0.000 :: Grads : []
700 :: Rewards 197.002 :: steps: 1.00 :: Time: 0.049(0.04927/step) :: Entropy : 0.000 :: Grads : []
710 :: Rewards 199.792 :: steps: 1.00 :: Time: 0.068(0.06782/step) :: Entropy : 0.000 :: Grads : []
720 :: Rewards 203.513 :: steps: 1.00 :: Time: 0.052(0.05205/step) :: Entropy : 0.000 :: Grads : []
730 :: Rewards 207.633 :: steps: 1.00 :: Time: 0.054(0.05371/step) :: Entropy : 0.000 :: Grads : []
740 :: Rewards 211.689 :: steps: 1.00 :: Time: 0.072(0.07198/step) :: Entropy : 0.000 :: Grads : []
750 :: Rewards 215.037 :: steps: 1.00 :: Time: 0.055(0.05484/step) :: Entropy : 0.000 :: Grads : []
760 :: Rewards 217.269 :: steps: 1.00 :: Time: 0.057(0.05717/step) :: Entropy : 0.000 :: Grads : []
770 :: Rewards 220.828 :: steps: 1.00 :: Time: 0.077(0.07719/step) :: Entropy : 0.000 :: Grads : []
780 :: Rewards 224.148 :: steps: 1.00 :: Time: 0.059(0.05886/step) :: Entropy : 0.000 :: Grads : []
790 :: Rewards 225.157 :: steps: 1.00 :: Time: 0.061(0.06115/step) :: Entropy : 0.000 :: Grads : []
800 :: Rewards 225.849 :: steps: 1.00 :: Time: 0.083(0.08299/step) :: Entropy : 0.000 :: Grads : []
810 :: Rewards 228.096 :: steps: 1.00 :: Time: 0.064(0.06386/step) :: Entropy : 0.000 :: Grads : []
820 :: Rewards 229.854 :: steps: 1.00 :: Time: 0.065(0.06506/step) :: Entropy : 0.000 :: Grads : []
830 :: Rewards 231.326 :: steps: 1.00 :: Time: 0.092(0.09237/step) :: Entropy : 0.000 :: Grads : []
840 :: Rewards 232.355 :: steps: 1.00 :: Time: 0.068(0.06786/step) :: Entropy : 0.000 :: Grads : []
850 :: Rewards 232.528 :: steps: 1.00 :: Time: 0.069(0.06894/step) :: Entropy : 0.000 :: Grads : []
860 :: Rewards 232.779 :: steps: 1.00 :: Time: 0.091(0.09085/step) :: Entropy : 0.000 :: Grads : []
870 :: Rewards 232.821 :: steps: 1.00 :: Time: 0.069(0.06867/step) :: Entropy : 0.000 :: Grads : []
880 :: Rewards 233.875 :: steps: 1.00 :: Time: 0.071(0.07119/step) :: Entropy : 0.000 :: Grads : []
890 :: Rewards 234.983 :: steps: 1.00 :: Time: 0.099(0.09850/step) :: Entropy : 0.000 :: Grads : []
900 :: Rewards 236.245 :: steps: 1.00 :: Time: 0.076(0.07638/step) :: Entropy : 0.000 :: Grads : []
910 :: Rewards 237.549 :: steps: 1.00 :: Time: 0.078(0.07829/step) :: Entropy : 0.000 :: Grads : []
920 :: Rewards 239.020 :: steps: 1.00 :: Time: 0.106(0.10596/step) :: Entropy : 0.000 :: Grads : []
930 :: Rewards 241.644 :: steps: 1.00 :: Time: 0.081(0.08113/step) :: Entropy : 0.000 :: Grads : []
940 :: Rewards 245.748 :: steps: 1.00 :: Time: 0.082(0.08242/step) :: Entropy : 0.000 :: Grads : []
950 :: Rewards 251.628 :: steps: 1.00 :: Time: 0.113(0.11270/step) :: Entropy : 0.000 :: Grads : []
960 :: Rewards 258.028 :: steps: 1.00 :: Time: 0.086(0.08588/step) :: Entropy : 0.000 :: Grads : []
970 :: Rewards 264.851 :: steps: 1.00 :: Time: 0.088(0.08787/step) :: Entropy : 0.000 :: Grads : []
980 :: Rewards 271.346 :: steps: 1.00 :: Time: 0.118(0.11843/step) :: Entropy : 0.000 :: Grads : []
990 :: Rewards 278.480 :: steps: 1.00 :: Time: 0.089(0.08939/step) :: Entropy : 0.000 :: Grads : []
999 :: Rewards 284.307 :: steps: 0.90 :: Time: 0.093(0.10304/step) :: Entropy : 0.000 :: Grads : []
Total time taken: 42.92756414413452
