Module path:  Environments.NS_Reco NS_Reco
Dynamically loaded from:  <class 'Environments.NS_Reco.NS_Reco'>
Reward Amplitudes: [4.17022005e-01 7.20324493e-01 1.14374817e-04 3.02332573e-01
 1.46755891e-01] :: Avg 0.317309867282206 
Module path:  Src.Algorithms.ProWLS ProWLS
Dynamically loaded from:  <class 'Src.Algorithms.ProWLS.ProWLS'>
=====Configurations=====
 Namespace(NN_basis_dim='32', Policy_basis_dim='32', actor_lr=0.004415491219348583, algo_name='ProWLS', base=0, batch_size=1000, buffer_size=1000, debug=False, delta=1, entropy_lambda=0.0010074417839719013, env_name='NS_Reco', experiment='NS_0_', extrapolator_basis='Fourier', folder_suffix='Default', fourier_coupled=True, fourier_k=3, fourier_order=3, gamma=0.99, gauss_std=1.5, gpu=0, hyper='default', importance_clip=5.0, inc=1, log_output='term_file', max_episodes=1000, max_inner=20, max_steps=500, optim='rmsprop', oracle=-1, raw_basis=True, restore=False, save_count=100, save_model=True, seed=23, speed=0, state_lr=0.001, summary=True, swarm=False, timestamp='5|24|20:24:56')
Actions space: 5 :: State space: 1
State Low: tensor([0.]) :: State High: tensor([1.])
State features:  [('dummy_param', torch.Size([1]))]
Policy:  [('fc1.weight', torch.Size([5, 1])), ('fc1.bias', torch.Size([5]))]
0 :: Rewards -0.005 :: steps: 0.10 :: Time: 0.000(0.00059/step) :: Entropy : 0.000 :: Grads : []
10 :: Rewards 5.061 :: steps: 1.00 :: Time: 0.009(0.00904/step) :: Entropy : 0.000 :: Grads : []
20 :: Rewards 10.707 :: steps: 1.00 :: Time: 0.011(0.01146/step) :: Entropy : 0.000 :: Grads : []
30 :: Rewards 17.352 :: steps: 1.00 :: Time: 0.012(0.01162/step) :: Entropy : 0.000 :: Grads : []
40 :: Rewards 23.584 :: steps: 1.00 :: Time: 0.011(0.01122/step) :: Entropy : 0.000 :: Grads : []
50 :: Rewards 30.751 :: steps: 1.00 :: Time: 0.011(0.01136/step) :: Entropy : 0.000 :: Grads : []
60 :: Rewards 37.936 :: steps: 1.00 :: Time: 0.012(0.01153/step) :: Entropy : 0.000 :: Grads : []
70 :: Rewards 45.142 :: steps: 1.00 :: Time: 0.012(0.01159/step) :: Entropy : 0.000 :: Grads : []
80 :: Rewards 52.328 :: steps: 1.00 :: Time: 0.012(0.01170/step) :: Entropy : 0.000 :: Grads : []
90 :: Rewards 58.920 :: steps: 1.00 :: Time: 0.012(0.01187/step) :: Entropy : 0.000 :: Grads : []
100 :: Rewards 66.084 :: steps: 1.00 :: Time: 0.012(0.01198/step) :: Entropy : 0.000 :: Grads : []
110 :: Rewards 73.310 :: steps: 1.00 :: Time: 0.012(0.01217/step) :: Entropy : 0.000 :: Grads : []
120 :: Rewards 80.518 :: steps: 1.00 :: Time: 0.012(0.01235/step) :: Entropy : 0.000 :: Grads : []
130 :: Rewards 87.731 :: steps: 1.00 :: Time: 0.013(0.01255/step) :: Entropy : 0.000 :: Grads : []
140 :: Rewards 94.922 :: steps: 1.00 :: Time: 0.013(0.01280/step) :: Entropy : 0.000 :: Grads : []
150 :: Rewards 101.567 :: steps: 1.00 :: Time: 0.013(0.01299/step) :: Entropy : 0.000 :: Grads : []
160 :: Rewards 108.188 :: steps: 1.00 :: Time: 0.013(0.01320/step) :: Entropy : 0.000 :: Grads : []
170 :: Rewards 115.384 :: steps: 1.00 :: Time: 0.013(0.01345/step) :: Entropy : 0.000 :: Grads : []
180 :: Rewards 122.593 :: steps: 1.00 :: Time: 0.014(0.01368/step) :: Entropy : 0.000 :: Grads : []
190 :: Rewards 129.794 :: steps: 1.00 :: Time: 0.015(0.01454/step) :: Entropy : 0.000 :: Grads : []
200 :: Rewards 136.991 :: steps: 1.00 :: Time: 0.015(0.01460/step) :: Entropy : 0.000 :: Grads : []
210 :: Rewards 144.200 :: steps: 1.00 :: Time: 0.015(0.01508/step) :: Entropy : 0.000 :: Grads : []
220 :: Rewards 151.379 :: steps: 1.00 :: Time: 0.015(0.01545/step) :: Entropy : 0.000 :: Grads : []
230 :: Rewards 158.561 :: steps: 1.00 :: Time: 0.016(0.01574/step) :: Entropy : 0.000 :: Grads : []
240 :: Rewards 165.760 :: steps: 1.00 :: Time: 0.016(0.01608/step) :: Entropy : 0.000 :: Grads : []
250 :: Rewards 172.942 :: steps: 1.00 :: Time: 0.016(0.01637/step) :: Entropy : 0.000 :: Grads : []
260 :: Rewards 180.211 :: steps: 1.00 :: Time: 0.017(0.01670/step) :: Entropy : 0.000 :: Grads : []
270 :: Rewards 187.420 :: steps: 1.00 :: Time: 0.017(0.01701/step) :: Entropy : 0.000 :: Grads : []
280 :: Rewards 194.615 :: steps: 1.00 :: Time: 0.017(0.01721/step) :: Entropy : 0.000 :: Grads : []
290 :: Rewards 201.804 :: steps: 1.00 :: Time: 0.017(0.01744/step) :: Entropy : 0.000 :: Grads : []
300 :: Rewards 209.068 :: steps: 1.00 :: Time: 0.018(0.01771/step) :: Entropy : 0.000 :: Grads : []
310 :: Rewards 216.272 :: steps: 1.00 :: Time: 0.018(0.01769/step) :: Entropy : 0.000 :: Grads : []
320 :: Rewards 223.460 :: steps: 1.00 :: Time: 0.018(0.01826/step) :: Entropy : 0.000 :: Grads : []
330 :: Rewards 230.636 :: steps: 1.00 :: Time: 0.019(0.01869/step) :: Entropy : 0.000 :: Grads : []
340 :: Rewards 237.813 :: steps: 1.00 :: Time: 0.019(0.01920/step) :: Entropy : 0.000 :: Grads : []
350 :: Rewards 245.050 :: steps: 1.00 :: Time: 0.019(0.01927/step) :: Entropy : 0.000 :: Grads : []
360 :: Rewards 252.277 :: steps: 1.00 :: Time: 0.020(0.01962/step) :: Entropy : 0.000 :: Grads : []
370 :: Rewards 259.487 :: steps: 1.00 :: Time: 0.020(0.01979/step) :: Entropy : 0.000 :: Grads : []
380 :: Rewards 266.689 :: steps: 1.00 :: Time: 0.020(0.02017/step) :: Entropy : 0.000 :: Grads : []
390 :: Rewards 273.903 :: steps: 1.00 :: Time: 0.021(0.02063/step) :: Entropy : 0.000 :: Grads : []
400 :: Rewards 281.138 :: steps: 1.00 :: Time: 0.021(0.02093/step) :: Entropy : 0.000 :: Grads : []
410 :: Rewards 288.295 :: steps: 1.00 :: Time: 0.021(0.02136/step) :: Entropy : 0.000 :: Grads : []
420 :: Rewards 295.492 :: steps: 1.00 :: Time: 0.022(0.02165/step) :: Entropy : 0.000 :: Grads : []
430 :: Rewards 302.683 :: steps: 1.00 :: Time: 0.022(0.02206/step) :: Entropy : 0.000 :: Grads : []
440 :: Rewards 309.866 :: steps: 1.00 :: Time: 0.022(0.02236/step) :: Entropy : 0.000 :: Grads : []
450 :: Rewards 317.078 :: steps: 1.00 :: Time: 0.023(0.02285/step) :: Entropy : 0.000 :: Grads : []
460 :: Rewards 324.276 :: steps: 1.00 :: Time: 0.023(0.02320/step) :: Entropy : 0.000 :: Grads : []
470 :: Rewards 331.446 :: steps: 1.00 :: Time: 0.024(0.02373/step) :: Entropy : 0.000 :: Grads : []
480 :: Rewards 338.684 :: steps: 1.00 :: Time: 0.024(0.02398/step) :: Entropy : 0.000 :: Grads : []
490 :: Rewards 345.893 :: steps: 1.00 :: Time: 0.024(0.02450/step) :: Entropy : 0.000 :: Grads : []
500 :: Rewards 353.086 :: steps: 1.00 :: Time: 0.025(0.02482/step) :: Entropy : 0.000 :: Grads : []
510 :: Rewards 360.283 :: steps: 1.00 :: Time: 0.025(0.02547/step) :: Entropy : 0.000 :: Grads : []
520 :: Rewards 367.538 :: steps: 1.00 :: Time: 0.026(0.02590/step) :: Entropy : 0.000 :: Grads : []
530 :: Rewards 374.766 :: steps: 1.00 :: Time: 0.026(0.02637/step) :: Entropy : 0.000 :: Grads : []
540 :: Rewards 381.973 :: steps: 1.00 :: Time: 0.027(0.02656/step) :: Entropy : 0.000 :: Grads : []
550 :: Rewards 389.144 :: steps: 1.00 :: Time: 0.027(0.02709/step) :: Entropy : 0.000 :: Grads : []
560 :: Rewards 396.326 :: steps: 1.00 :: Time: 0.028(0.02750/step) :: Entropy : 0.000 :: Grads : []
570 :: Rewards 403.545 :: steps: 1.00 :: Time: 0.028(0.02829/step) :: Entropy : 0.000 :: Grads : []
580 :: Rewards 410.777 :: steps: 1.00 :: Time: 0.029(0.02888/step) :: Entropy : 0.000 :: Grads : []
590 :: Rewards 417.958 :: steps: 1.00 :: Time: 0.030(0.02965/step) :: Entropy : 0.000 :: Grads : []
600 :: Rewards 425.177 :: steps: 1.00 :: Time: 0.030(0.02982/step) :: Entropy : 0.000 :: Grads : []
610 :: Rewards 432.392 :: steps: 1.00 :: Time: 0.031(0.03057/step) :: Entropy : 0.000 :: Grads : []
620 :: Rewards 439.622 :: steps: 1.00 :: Time: 0.031(0.03085/step) :: Entropy : 0.000 :: Grads : []
630 :: Rewards 446.823 :: steps: 1.00 :: Time: 0.031(0.03137/step) :: Entropy : 0.000 :: Grads : []
640 :: Rewards 454.042 :: steps: 1.00 :: Time: 0.032(0.03198/step) :: Entropy : 0.000 :: Grads : []
650 :: Rewards 461.235 :: steps: 1.00 :: Time: 0.033(0.03283/step) :: Entropy : 0.000 :: Grads : []
660 :: Rewards 468.413 :: steps: 1.00 :: Time: 0.033(0.03322/step) :: Entropy : 0.000 :: Grads : []
670 :: Rewards 475.612 :: steps: 1.00 :: Time: 0.035(0.03453/step) :: Entropy : 0.000 :: Grads : []
680 :: Rewards 482.831 :: steps: 1.00 :: Time: 0.035(0.03462/step) :: Entropy : 0.000 :: Grads : []
690 :: Rewards 490.054 :: steps: 1.00 :: Time: 0.036(0.03588/step) :: Entropy : 0.000 :: Grads : []
700 :: Rewards 497.237 :: steps: 1.00 :: Time: 0.036(0.03636/step) :: Entropy : 0.000 :: Grads : []
710 :: Rewards 504.472 :: steps: 1.00 :: Time: 0.037(0.03719/step) :: Entropy : 0.000 :: Grads : []
720 :: Rewards 511.667 :: steps: 1.00 :: Time: 0.038(0.03798/step) :: Entropy : 0.000 :: Grads : []
730 :: Rewards 518.887 :: steps: 1.00 :: Time: 0.039(0.03856/step) :: Entropy : 0.000 :: Grads : []
740 :: Rewards 526.079 :: steps: 1.00 :: Time: 0.040(0.03969/step) :: Entropy : 0.000 :: Grads : []
750 :: Rewards 533.278 :: steps: 1.00 :: Time: 0.040(0.04034/step) :: Entropy : 0.000 :: Grads : []
760 :: Rewards 540.493 :: steps: 1.00 :: Time: 0.041(0.04143/step) :: Entropy : 0.000 :: Grads : []
770 :: Rewards 547.711 :: steps: 1.00 :: Time: 0.042(0.04245/step) :: Entropy : 0.000 :: Grads : []
780 :: Rewards 554.896 :: steps: 1.00 :: Time: 0.042(0.04230/step) :: Entropy : 0.000 :: Grads : []
790 :: Rewards 562.096 :: steps: 1.00 :: Time: 0.044(0.04442/step) :: Entropy : 0.000 :: Grads : []
800 :: Rewards 569.280 :: steps: 1.00 :: Time: 0.044(0.04408/step) :: Entropy : 0.000 :: Grads : []
810 :: Rewards 576.514 :: steps: 1.00 :: Time: 0.045(0.04540/step) :: Entropy : 0.000 :: Grads : []
820 :: Rewards 583.695 :: steps: 1.00 :: Time: 0.047(0.04656/step) :: Entropy : 0.000 :: Grads : []
830 :: Rewards 590.900 :: steps: 1.00 :: Time: 0.047(0.04742/step) :: Entropy : 0.000 :: Grads : []
840 :: Rewards 598.089 :: steps: 1.00 :: Time: 0.049(0.04863/step) :: Entropy : 0.000 :: Grads : []
850 :: Rewards 605.286 :: steps: 1.00 :: Time: 0.049(0.04946/step) :: Entropy : 0.000 :: Grads : []
860 :: Rewards 612.532 :: steps: 1.00 :: Time: 0.050(0.05041/step) :: Entropy : 0.000 :: Grads : []
870 :: Rewards 619.728 :: steps: 1.00 :: Time: 0.052(0.05200/step) :: Entropy : 0.000 :: Grads : []
880 :: Rewards 626.950 :: steps: 1.00 :: Time: 0.053(0.05291/step) :: Entropy : 0.000 :: Grads : []
890 :: Rewards 634.148 :: steps: 1.00 :: Time: 0.055(0.05483/step) :: Entropy : 0.000 :: Grads : []
900 :: Rewards 641.333 :: steps: 1.00 :: Time: 0.056(0.05575/step) :: Entropy : 0.000 :: Grads : []
910 :: Rewards 648.538 :: steps: 1.00 :: Time: 0.057(0.05737/step) :: Entropy : 0.000 :: Grads : []
920 :: Rewards 655.713 :: steps: 1.00 :: Time: 0.058(0.05808/step) :: Entropy : 0.000 :: Grads : []
930 :: Rewards 662.932 :: steps: 1.00 :: Time: 0.059(0.05936/step) :: Entropy : 0.000 :: Grads : []
940 :: Rewards 670.170 :: steps: 1.00 :: Time: 0.060(0.05998/step) :: Entropy : 0.000 :: Grads : []
950 :: Rewards 677.355 :: steps: 1.00 :: Time: 0.064(0.06372/step) :: Entropy : 0.000 :: Grads : []
960 :: Rewards 684.578 :: steps: 1.00 :: Time: 0.063(0.06282/step) :: Entropy : 0.000 :: Grads : []
970 :: Rewards 691.747 :: steps: 1.00 :: Time: 0.064(0.06377/step) :: Entropy : 0.000 :: Grads : []
980 :: Rewards 698.960 :: steps: 1.00 :: Time: 0.065(0.06499/step) :: Entropy : 0.000 :: Grads : []
990 :: Rewards 706.135 :: steps: 1.00 :: Time: 0.066(0.06619/step) :: Entropy : 0.000 :: Grads : []
999 :: Rewards 712.551 :: steps: 0.90 :: Time: 0.060(0.06708/step) :: Entropy : 0.000 :: Grads : []
Total time taken: 29.78215003013611
