Module path:  Src.Algorithms.ProOLS ProOLS
Dynamically loaded from:  <class 'Src.Algorithms.ProOLS.ProOLS'>
=====Configurations=====
 Namespace(NN_basis_dim='32', Policy_basis_dim='32', actor_lr=0.007232964846409767, algo_name='ProOLS', base=0, batch_size=1000, buffer_size=1000, debug=False, delta=1, entropy_lambda=0.1, env_name='NS_SimGlucose-v0', experiment='NS_0_', extrapolator_basis='Fourier', folder_suffix='Default', fourier_coupled=True, fourier_k=2, fourier_order=3, gamma=0.99, gauss_std=1.85938, gpu=0, hyper='default', importance_clip=5.0, inc=1, log_output='term_file', max_episodes=1000, max_inner=20, max_steps=500, optim='rmsprop', oracle=-1, raw_basis=True, restore=False, save_count=100, save_model=True, seed=1, speed=0, state_lr=0.001, summary=True, swarm=False, timestamp='5|26|18:2:50')
Actions space: 2 :: State space: 1
State Low: tensor([0.]) :: State High: tensor([1.])
State features:  [('dummy_param', torch.Size([1]))]
Action Low: [3. 5.] :: Action High: [30. 50.]
Policy:  [('fc_mean.weight', torch.Size([2, 1])), ('fc_mean.bias', torch.Size([2]))]
0 :: Rewards 0.681 :: steps: 0.10 :: Time: 0.270(2.69783/step) :: Entropy : 0.000 :: Grads : []
10 :: Rewards 54.887 :: steps: 1.00 :: Time: 2.716(2.71578/step) :: Entropy : 0.000 :: Grads : []
20 :: Rewards 129.100 :: steps: 1.00 :: Time: 2.706(2.70596/step) :: Entropy : 0.000 :: Grads : []
30 :: Rewards 192.846 :: steps: 1.00 :: Time: 2.694(2.69362/step) :: Entropy : 0.000 :: Grads : []
40 :: Rewards 274.302 :: steps: 1.00 :: Time: 2.714(2.71424/step) :: Entropy : 0.000 :: Grads : []
50 :: Rewards 353.366 :: steps: 1.00 :: Time: 2.702(2.70168/step) :: Entropy : 0.000 :: Grads : []
60 :: Rewards 415.419 :: steps: 1.00 :: Time: 2.688(2.68768/step) :: Entropy : 0.000 :: Grads : []
70 :: Rewards 463.906 :: steps: 1.00 :: Time: 2.718(2.71788/step) :: Entropy : 0.000 :: Grads : []
80 :: Rewards 519.754 :: steps: 1.00 :: Time: 2.683(2.68287/step) :: Entropy : 0.000 :: Grads : []
90 :: Rewards 564.343 :: steps: 1.00 :: Time: 2.674(2.67438/step) :: Entropy : 0.000 :: Grads : []
100 :: Rewards 618.276 :: steps: 1.00 :: Time: 2.678(2.67804/step) :: Entropy : 0.000 :: Grads : []
110 :: Rewards 698.054 :: steps: 1.00 :: Time: 2.653(2.65325/step) :: Entropy : 0.000 :: Grads : []
120 :: Rewards 789.059 :: steps: 1.00 :: Time: 2.678(2.67780/step) :: Entropy : 0.000 :: Grads : []
130 :: Rewards 857.432 :: steps: 1.00 :: Time: 2.694(2.69417/step) :: Entropy : 0.000 :: Grads : []
140 :: Rewards 930.461 :: steps: 1.00 :: Time: 2.694(2.69380/step) :: Entropy : 0.000 :: Grads : []
150 :: Rewards 999.698 :: steps: 1.00 :: Time: 2.685(2.68535/step) :: Entropy : 0.000 :: Grads : []
160 :: Rewards 1073.630 :: steps: 1.00 :: Time: 2.731(2.73096/step) :: Entropy : 0.000 :: Grads : []
170 :: Rewards 1146.997 :: steps: 1.00 :: Time: 2.724(2.72357/step) :: Entropy : 0.000 :: Grads : []
180 :: Rewards 1238.883 :: steps: 1.00 :: Time: 2.682(2.68200/step) :: Entropy : 0.000 :: Grads : []
190 :: Rewards 1306.451 :: steps: 1.00 :: Time: 2.655(2.65524/step) :: Entropy : 0.000 :: Grads : []
200 :: Rewards 1382.209 :: steps: 1.00 :: Time: 2.674(2.67424/step) :: Entropy : 0.000 :: Grads : []
210 :: Rewards 1451.410 :: steps: 1.00 :: Time: 2.661(2.66073/step) :: Entropy : 0.000 :: Grads : []
220 :: Rewards 1524.599 :: steps: 1.00 :: Time: 2.666(2.66595/step) :: Entropy : 0.000 :: Grads : []
230 :: Rewards 1579.953 :: steps: 1.00 :: Time: 2.657(2.65703/step) :: Entropy : 0.000 :: Grads : []
240 :: Rewards 1648.005 :: steps: 1.00 :: Time: 2.651(2.65055/step) :: Entropy : 0.000 :: Grads : []
250 :: Rewards 1707.369 :: steps: 1.00 :: Time: 2.669(2.66855/step) :: Entropy : 0.000 :: Grads : []
260 :: Rewards 1765.876 :: steps: 1.00 :: Time: 2.654(2.65428/step) :: Entropy : 0.000 :: Grads : []
270 :: Rewards 1829.409 :: steps: 1.00 :: Time: 2.665(2.66507/step) :: Entropy : 0.000 :: Grads : []
280 :: Rewards 1914.515 :: steps: 1.00 :: Time: 2.676(2.67641/step) :: Entropy : 0.000 :: Grads : []
290 :: Rewards 1979.556 :: steps: 1.00 :: Time: 2.694(2.69398/step) :: Entropy : 0.000 :: Grads : []
300 :: Rewards 2062.589 :: steps: 1.00 :: Time: 2.704(2.70429/step) :: Entropy : 0.000 :: Grads : []
310 :: Rewards 2145.252 :: steps: 1.00 :: Time: 2.707(2.70687/step) :: Entropy : 0.000 :: Grads : []
320 :: Rewards 2209.911 :: steps: 1.00 :: Time: 2.696(2.69637/step) :: Entropy : 0.000 :: Grads : []
330 :: Rewards 2250.324 :: steps: 1.00 :: Time: 2.716(2.71560/step) :: Entropy : 0.000 :: Grads : []
340 :: Rewards 2315.643 :: steps: 1.00 :: Time: 2.711(2.71110/step) :: Entropy : 0.000 :: Grads : []
350 :: Rewards 2385.910 :: steps: 1.00 :: Time: 2.726(2.72565/step) :: Entropy : 0.000 :: Grads : []
360 :: Rewards 2446.151 :: steps: 1.00 :: Time: 2.719(2.71902/step) :: Entropy : 0.000 :: Grads : []
370 :: Rewards 2494.756 :: steps: 1.00 :: Time: 2.695(2.69472/step) :: Entropy : 0.000 :: Grads : []
380 :: Rewards 2568.421 :: steps: 1.00 :: Time: 2.810(2.80965/step) :: Entropy : 0.000 :: Grads : []
390 :: Rewards 2645.562 :: steps: 1.00 :: Time: 2.725(2.72536/step) :: Entropy : 0.000 :: Grads : []
400 :: Rewards 2716.664 :: steps: 1.00 :: Time: 2.736(2.73646/step) :: Entropy : 0.000 :: Grads : []
410 :: Rewards 2789.779 :: steps: 1.00 :: Time: 2.715(2.71508/step) :: Entropy : 0.000 :: Grads : []
420 :: Rewards 2860.700 :: steps: 1.00 :: Time: 2.693(2.69285/step) :: Entropy : 0.000 :: Grads : []
430 :: Rewards 2937.049 :: steps: 1.00 :: Time: 2.725(2.72529/step) :: Entropy : 0.000 :: Grads : []
440 :: Rewards 2980.193 :: steps: 1.00 :: Time: 2.737(2.73663/step) :: Entropy : 0.000 :: Grads : []
450 :: Rewards 3058.156 :: steps: 1.00 :: Time: 2.678(2.67838/step) :: Entropy : 0.000 :: Grads : []
460 :: Rewards 3132.816 :: steps: 1.00 :: Time: 2.683(2.68346/step) :: Entropy : 0.000 :: Grads : []
470 :: Rewards 3223.203 :: steps: 1.00 :: Time: 2.701(2.70084/step) :: Entropy : 0.000 :: Grads : []
480 :: Rewards 3279.085 :: steps: 1.00 :: Time: 2.695(2.69472/step) :: Entropy : 0.000 :: Grads : []
490 :: Rewards 3335.321 :: steps: 1.00 :: Time: 2.754(2.75409/step) :: Entropy : 0.000 :: Grads : []
500 :: Rewards 3381.270 :: steps: 1.00 :: Time: 2.751(2.75121/step) :: Entropy : 0.000 :: Grads : []
510 :: Rewards 3467.548 :: steps: 1.00 :: Time: 2.697(2.69680/step) :: Entropy : 0.000 :: Grads : []
520 :: Rewards 3526.473 :: steps: 1.00 :: Time: 2.669(2.66858/step) :: Entropy : 0.000 :: Grads : []
530 :: Rewards 3586.388 :: steps: 1.00 :: Time: 2.690(2.69046/step) :: Entropy : 0.000 :: Grads : []
540 :: Rewards 3656.017 :: steps: 1.00 :: Time: 2.675(2.67526/step) :: Entropy : 0.000 :: Grads : []
550 :: Rewards 3730.320 :: steps: 1.00 :: Time: 2.713(2.71319/step) :: Entropy : 0.000 :: Grads : []
560 :: Rewards 3791.436 :: steps: 1.00 :: Time: 2.689(2.68905/step) :: Entropy : 0.000 :: Grads : []
570 :: Rewards 3863.572 :: steps: 1.00 :: Time: 2.704(2.70360/step) :: Entropy : 0.000 :: Grads : []
580 :: Rewards 3938.587 :: steps: 1.00 :: Time: 2.702(2.70235/step) :: Entropy : 0.000 :: Grads : []
590 :: Rewards 3999.876 :: steps: 1.00 :: Time: 2.722(2.72210/step) :: Entropy : 0.000 :: Grads : []
600 :: Rewards 4069.612 :: steps: 1.00 :: Time: 2.745(2.74462/step) :: Entropy : 0.000 :: Grads : []
610 :: Rewards 4141.107 :: steps: 1.00 :: Time: 2.719(2.71940/step) :: Entropy : 0.000 :: Grads : []
620 :: Rewards 4195.514 :: steps: 1.00 :: Time: 2.732(2.73239/step) :: Entropy : 0.000 :: Grads : []
630 :: Rewards 4277.437 :: steps: 1.00 :: Time: 2.708(2.70755/step) :: Entropy : 0.000 :: Grads : []
640 :: Rewards 4341.986 :: steps: 1.00 :: Time: 2.718(2.71821/step) :: Entropy : 0.000 :: Grads : []
650 :: Rewards 4407.569 :: steps: 1.00 :: Time: 2.664(2.66379/step) :: Entropy : 0.000 :: Grads : []
660 :: Rewards 4490.473 :: steps: 1.00 :: Time: 2.683(2.68306/step) :: Entropy : 0.000 :: Grads : []
670 :: Rewards 4531.821 :: steps: 1.00 :: Time: 2.642(2.64239/step) :: Entropy : 0.000 :: Grads : []
680 :: Rewards 4610.385 :: steps: 1.00 :: Time: 2.669(2.66917/step) :: Entropy : 0.000 :: Grads : []
690 :: Rewards 4713.999 :: steps: 1.00 :: Time: 30.309(30.30912/step) :: Entropy : 0.000 :: Grads : []
700 :: Rewards 4805.269 :: steps: 1.00 :: Time: 409.835(409.83459/step) :: Entropy : 0.000 :: Grads : []
710 :: Rewards 4880.647 :: steps: 1.00 :: Time: 398.795(398.79510/step) :: Entropy : 0.000 :: Grads : []
720 :: Rewards 4967.084 :: steps: 1.00 :: Time: 516.463(516.46286/step) :: Entropy : 0.000 :: Grads : []
730 :: Rewards 5052.275 :: steps: 1.00 :: Time: 494.934(494.93403/step) :: Entropy : 0.000 :: Grads : []
740 :: Rewards 5129.126 :: steps: 1.00 :: Time: 365.172(365.17202/step) :: Entropy : 0.000 :: Grads : []
750 :: Rewards 5204.927 :: steps: 1.00 :: Time: 390.346(390.34604/step) :: Entropy : 0.000 :: Grads : []
760 :: Rewards 5297.830 :: steps: 1.00 :: Time: 381.743(381.74282/step) :: Entropy : 0.000 :: Grads : []
770 :: Rewards 5371.368 :: steps: 1.00 :: Time: 504.804(504.80378/step) :: Entropy : 0.000 :: Grads : []
780 :: Rewards 5419.852 :: steps: 1.00 :: Time: 310.896(310.89639/step) :: Entropy : 0.000 :: Grads : []
790 :: Rewards 5509.160 :: steps: 1.00 :: Time: 393.833(393.83304/step) :: Entropy : 0.000 :: Grads : []
800 :: Rewards 5565.633 :: steps: 1.00 :: Time: 146.566(146.56612/step) :: Entropy : 0.000 :: Grads : []
810 :: Rewards 5609.661 :: steps: 1.00 :: Time: 110.590(110.58970/step) :: Entropy : 0.000 :: Grads : []
820 :: Rewards 5699.572 :: steps: 1.00 :: Time: 101.620(101.62043/step) :: Entropy : 0.000 :: Grads : []
830 :: Rewards 5761.755 :: steps: 1.00 :: Time: 2.586(2.58572/step) :: Entropy : 0.000 :: Grads : []
840 :: Rewards 5859.902 :: steps: 1.00 :: Time: 405.984(405.98407/step) :: Entropy : 0.000 :: Grads : []
850 :: Rewards 5954.056 :: steps: 1.00 :: Time: 134.514(134.51353/step) :: Entropy : 0.000 :: Grads : []
860 :: Rewards 6024.878 :: steps: 1.00 :: Time: 106.339(106.33850/step) :: Entropy : 0.000 :: Grads : []
870 :: Rewards 6098.445 :: steps: 1.00 :: Time: 250.996(250.99642/step) :: Entropy : 0.000 :: Grads : []
880 :: Rewards 6178.939 :: steps: 1.00 :: Time: 2.677(2.67670/step) :: Entropy : 0.000 :: Grads : []
890 :: Rewards 6236.722 :: steps: 1.00 :: Time: 2.660(2.66045/step) :: Entropy : 0.000 :: Grads : []
900 :: Rewards 6302.580 :: steps: 1.00 :: Time: 2.769(2.76946/step) :: Entropy : 0.000 :: Grads : []
910 :: Rewards 6391.882 :: steps: 1.00 :: Time: 2.642(2.64170/step) :: Entropy : 0.000 :: Grads : []
920 :: Rewards 6478.364 :: steps: 1.00 :: Time: 2.627(2.62657/step) :: Entropy : 0.000 :: Grads : []
930 :: Rewards 6556.169 :: steps: 1.00 :: Time: 2.642(2.64153/step) :: Entropy : 0.000 :: Grads : []
940 :: Rewards 6638.536 :: steps: 1.00 :: Time: 2.655(2.65483/step) :: Entropy : 0.000 :: Grads : []
950 :: Rewards 6698.172 :: steps: 1.00 :: Time: 2.674(2.67363/step) :: Entropy : 0.000 :: Grads : []
960 :: Rewards 6790.720 :: steps: 1.00 :: Time: 2.722(2.72215/step) :: Entropy : 0.000 :: Grads : []
970 :: Rewards 6843.589 :: steps: 1.00 :: Time: 2.766(2.76646/step) :: Entropy : 0.000 :: Grads : []
980 :: Rewards 6919.608 :: steps: 1.00 :: Time: 2.677(2.67702/step) :: Entropy : 0.000 :: Grads : []
990 :: Rewards 6982.700 :: steps: 1.00 :: Time: 2.681(2.68103/step) :: Entropy : 0.000 :: Grads : []
999 :: Rewards 7069.646 :: steps: 0.90 :: Time: 2.456(2.72935/step) :: Entropy : 0.000 :: Grads : []
Total time taken: 56748.69871997833
