Module path:  Environments.NS_Reco NS_Reco
Dynamically loaded from:  <class 'Environments.NS_Reco.NS_Reco'>
Reward Amplitudes: [4.17022005e-01 7.20324493e-01 1.14374817e-04 3.02332573e-01
 1.46755891e-01] :: Avg 0.317309867282206 
Module path:  Src.Algorithms.OFPG OFPG
Dynamically loaded from:  <class 'Src.Algorithms.OFPG.OFPG'>
=====Configurations=====
 Namespace(NN_basis_dim='32', Policy_basis_dim='32', actor_lr=0.0008539732050307968, algo_name='OFPG', base=0, batch_size=1000, buffer_size=1000, debug=False, delta=1, entropy_lambda=0.042883020256458786, env_name='NS_Reco', experiment='NS_0_', extrapolator_basis='Fourier', folder_suffix='Default', fourier_coupled=True, fourier_k=7, fourier_order=3, gamma=0.99, gauss_std=1.5, gpu=0, hyper='default', importance_clip=15.0, inc=1, log_output='term_file', max_episodes=1000, max_inner=20, max_steps=500, optim='rmsprop', oracle=-1, raw_basis=True, restore=False, save_count=100, save_model=True, seed=10, speed=0, state_lr=0.001, summary=True, swarm=False, timestamp='5|24|21:2:52')
Actions space: 5 :: State space: 1
State Low: tensor([0.]) :: State High: tensor([1.])
State features:  [('dummy_param', torch.Size([1]))]
Policy:  [('fc1.weight', torch.Size([5, 1])), ('fc1.bias', torch.Size([5]))]
0 :: Rewards 0.000 :: steps: 0.10 :: Time: 0.001(0.00877/step) :: Entropy : 0.000 :: Grads : []
10 :: Rewards 3.472 :: steps: 1.00 :: Time: 0.007(0.00745/step) :: Entropy : 0.000 :: Grads : []
20 :: Rewards 6.888 :: steps: 1.00 :: Time: 0.008(0.00758/step) :: Entropy : 0.000 :: Grads : []
30 :: Rewards 12.173 :: steps: 1.00 :: Time: 0.008(0.00768/step) :: Entropy : 0.000 :: Grads : []
40 :: Rewards 15.599 :: steps: 1.00 :: Time: 0.007(0.00741/step) :: Entropy : 0.000 :: Grads : []
50 :: Rewards 19.636 :: steps: 1.00 :: Time: 0.007(0.00747/step) :: Entropy : 0.000 :: Grads : []
60 :: Rewards 24.398 :: steps: 1.00 :: Time: 0.008(0.00753/step) :: Entropy : 0.000 :: Grads : []
70 :: Rewards 28.831 :: steps: 1.00 :: Time: 0.008(0.00762/step) :: Entropy : 0.000 :: Grads : []
80 :: Rewards 33.572 :: steps: 1.00 :: Time: 0.008(0.00771/step) :: Entropy : 0.000 :: Grads : []
90 :: Rewards 38.866 :: steps: 1.00 :: Time: 0.008(0.00774/step) :: Entropy : 0.000 :: Grads : []
100 :: Rewards 43.987 :: steps: 1.00 :: Time: 0.008(0.00782/step) :: Entropy : 0.000 :: Grads : []
110 :: Rewards 48.679 :: steps: 1.00 :: Time: 0.008(0.00788/step) :: Entropy : 0.000 :: Grads : []
120 :: Rewards 53.966 :: steps: 1.00 :: Time: 0.008(0.00795/step) :: Entropy : 0.000 :: Grads : []
130 :: Rewards 60.256 :: steps: 1.00 :: Time: 0.008(0.00804/step) :: Entropy : 0.000 :: Grads : []
140 :: Rewards 66.206 :: steps: 1.00 :: Time: 0.008(0.00815/step) :: Entropy : 0.000 :: Grads : []
150 :: Rewards 73.125 :: steps: 1.00 :: Time: 0.008(0.00821/step) :: Entropy : 0.000 :: Grads : []
160 :: Rewards 79.754 :: steps: 1.00 :: Time: 0.008(0.00827/step) :: Entropy : 0.000 :: Grads : []
170 :: Rewards 85.913 :: steps: 1.00 :: Time: 0.008(0.00837/step) :: Entropy : 0.000 :: Grads : []
180 :: Rewards 92.824 :: steps: 1.00 :: Time: 0.008(0.00841/step) :: Entropy : 0.000 :: Grads : []
190 :: Rewards 100.020 :: steps: 1.00 :: Time: 0.008(0.00846/step) :: Entropy : 0.000 :: Grads : []
200 :: Rewards 106.836 :: steps: 1.00 :: Time: 0.009(0.00855/step) :: Entropy : 0.000 :: Grads : []
210 :: Rewards 113.736 :: steps: 1.00 :: Time: 0.009(0.00861/step) :: Entropy : 0.000 :: Grads : []
220 :: Rewards 120.510 :: steps: 1.00 :: Time: 0.009(0.00868/step) :: Entropy : 0.000 :: Grads : []
230 :: Rewards 127.302 :: steps: 1.00 :: Time: 0.009(0.00873/step) :: Entropy : 0.000 :: Grads : []
240 :: Rewards 134.537 :: steps: 1.00 :: Time: 0.009(0.00881/step) :: Entropy : 0.000 :: Grads : []
250 :: Rewards 141.306 :: steps: 1.00 :: Time: 0.009(0.00886/step) :: Entropy : 0.000 :: Grads : []
260 :: Rewards 148.496 :: steps: 1.00 :: Time: 0.009(0.00909/step) :: Entropy : 0.000 :: Grads : []
270 :: Rewards 155.732 :: steps: 1.00 :: Time: 0.009(0.00928/step) :: Entropy : 0.000 :: Grads : []
280 :: Rewards 162.936 :: steps: 1.00 :: Time: 0.009(0.00932/step) :: Entropy : 0.000 :: Grads : []
290 :: Rewards 170.172 :: steps: 1.00 :: Time: 0.009(0.00935/step) :: Entropy : 0.000 :: Grads : []
300 :: Rewards 177.357 :: steps: 1.00 :: Time: 0.009(0.00933/step) :: Entropy : 0.000 :: Grads : []
310 :: Rewards 184.144 :: steps: 1.00 :: Time: 0.009(0.00947/step) :: Entropy : 0.000 :: Grads : []
320 :: Rewards 191.370 :: steps: 1.00 :: Time: 0.009(0.00943/step) :: Entropy : 0.000 :: Grads : []
330 :: Rewards 198.571 :: steps: 1.00 :: Time: 0.010(0.00970/step) :: Entropy : 0.000 :: Grads : []
340 :: Rewards 205.798 :: steps: 1.00 :: Time: 0.010(0.00973/step) :: Entropy : 0.000 :: Grads : []
350 :: Rewards 212.985 :: steps: 1.00 :: Time: 0.010(0.00996/step) :: Entropy : 0.000 :: Grads : []
360 :: Rewards 220.169 :: steps: 1.00 :: Time: 0.010(0.01008/step) :: Entropy : 0.000 :: Grads : []
370 :: Rewards 226.944 :: steps: 1.00 :: Time: 0.010(0.01016/step) :: Entropy : 0.000 :: Grads : []
380 :: Rewards 234.150 :: steps: 1.00 :: Time: 0.010(0.01021/step) :: Entropy : 0.000 :: Grads : []
390 :: Rewards 241.354 :: steps: 1.00 :: Time: 0.010(0.01029/step) :: Entropy : 0.000 :: Grads : []
400 :: Rewards 248.531 :: steps: 1.00 :: Time: 0.010(0.01037/step) :: Entropy : 0.000 :: Grads : []
410 :: Rewards 255.749 :: steps: 1.00 :: Time: 0.010(0.01050/step) :: Entropy : 0.000 :: Grads : []
420 :: Rewards 262.977 :: steps: 1.00 :: Time: 0.011(0.01082/step) :: Entropy : 0.000 :: Grads : []
430 :: Rewards 270.171 :: steps: 1.00 :: Time: 0.011(0.01086/step) :: Entropy : 0.000 :: Grads : []
440 :: Rewards 276.972 :: steps: 1.00 :: Time: 0.011(0.01087/step) :: Entropy : 0.000 :: Grads : []
450 :: Rewards 284.179 :: steps: 1.00 :: Time: 0.011(0.01125/step) :: Entropy : 0.000 :: Grads : []
460 :: Rewards 291.403 :: steps: 1.00 :: Time: 0.011(0.01097/step) :: Entropy : 0.000 :: Grads : []
470 :: Rewards 298.579 :: steps: 1.00 :: Time: 0.011(0.01116/step) :: Entropy : 0.000 :: Grads : []
480 :: Rewards 305.793 :: steps: 1.00 :: Time: 0.011(0.01107/step) :: Entropy : 0.000 :: Grads : []
490 :: Rewards 312.990 :: steps: 1.00 :: Time: 0.011(0.01088/step) :: Entropy : 0.000 :: Grads : []
500 :: Rewards 320.186 :: steps: 1.00 :: Time: 0.011(0.01121/step) :: Entropy : 0.000 :: Grads : []
510 :: Rewards 327.434 :: steps: 1.00 :: Time: 0.011(0.01123/step) :: Entropy : 0.000 :: Grads : []
520 :: Rewards 334.624 :: steps: 1.00 :: Time: 0.011(0.01144/step) :: Entropy : 0.000 :: Grads : []
530 :: Rewards 341.812 :: steps: 1.00 :: Time: 0.012(0.01150/step) :: Entropy : 0.000 :: Grads : []
540 :: Rewards 349.048 :: steps: 1.00 :: Time: 0.012(0.01153/step) :: Entropy : 0.000 :: Grads : []
550 :: Rewards 356.270 :: steps: 1.00 :: Time: 0.012(0.01157/step) :: Entropy : 0.000 :: Grads : []
560 :: Rewards 363.467 :: steps: 1.00 :: Time: 0.012(0.01170/step) :: Entropy : 0.000 :: Grads : []
570 :: Rewards 370.663 :: steps: 1.00 :: Time: 0.012(0.01208/step) :: Entropy : 0.000 :: Grads : []
580 :: Rewards 377.868 :: steps: 1.00 :: Time: 0.012(0.01176/step) :: Entropy : 0.000 :: Grads : []
590 :: Rewards 385.089 :: steps: 1.00 :: Time: 0.012(0.01176/step) :: Entropy : 0.000 :: Grads : []
600 :: Rewards 392.331 :: steps: 1.00 :: Time: 0.012(0.01178/step) :: Entropy : 0.000 :: Grads : []
610 :: Rewards 399.554 :: steps: 1.00 :: Time: 0.012(0.01178/step) :: Entropy : 0.000 :: Grads : []
620 :: Rewards 406.776 :: steps: 1.00 :: Time: 0.012(0.01180/step) :: Entropy : 0.000 :: Grads : []
630 :: Rewards 414.008 :: steps: 1.00 :: Time: 0.012(0.01182/step) :: Entropy : 0.000 :: Grads : []
640 :: Rewards 421.186 :: steps: 1.00 :: Time: 0.012(0.01185/step) :: Entropy : 0.000 :: Grads : []
650 :: Rewards 428.414 :: steps: 1.00 :: Time: 0.012(0.01194/step) :: Entropy : 0.000 :: Grads : []
660 :: Rewards 435.606 :: steps: 1.00 :: Time: 0.012(0.01205/step) :: Entropy : 0.000 :: Grads : []
670 :: Rewards 442.824 :: steps: 1.00 :: Time: 0.012(0.01206/step) :: Entropy : 0.000 :: Grads : []
680 :: Rewards 450.011 :: steps: 1.00 :: Time: 0.012(0.01212/step) :: Entropy : 0.000 :: Grads : []
690 :: Rewards 457.199 :: steps: 1.00 :: Time: 0.014(0.01399/step) :: Entropy : 0.000 :: Grads : []
700 :: Rewards 464.387 :: steps: 1.00 :: Time: 0.012(0.01230/step) :: Entropy : 0.000 :: Grads : []
710 :: Rewards 471.595 :: steps: 1.00 :: Time: 0.012(0.01235/step) :: Entropy : 0.000 :: Grads : []
720 :: Rewards 478.834 :: steps: 1.00 :: Time: 0.012(0.01239/step) :: Entropy : 0.000 :: Grads : []
730 :: Rewards 486.037 :: steps: 1.00 :: Time: 0.012(0.01245/step) :: Entropy : 0.000 :: Grads : []
740 :: Rewards 493.252 :: steps: 1.00 :: Time: 0.012(0.01245/step) :: Entropy : 0.000 :: Grads : []
750 :: Rewards 500.458 :: steps: 1.00 :: Time: 0.013(0.01253/step) :: Entropy : 0.000 :: Grads : []
760 :: Rewards 507.696 :: steps: 1.00 :: Time: 0.013(0.01263/step) :: Entropy : 0.000 :: Grads : []
770 :: Rewards 514.913 :: steps: 1.00 :: Time: 0.013(0.01272/step) :: Entropy : 0.000 :: Grads : []
780 :: Rewards 522.139 :: steps: 1.00 :: Time: 0.013(0.01283/step) :: Entropy : 0.000 :: Grads : []
790 :: Rewards 529.378 :: steps: 1.00 :: Time: 0.013(0.01288/step) :: Entropy : 0.000 :: Grads : []
800 :: Rewards 536.585 :: steps: 1.00 :: Time: 0.013(0.01291/step) :: Entropy : 0.000 :: Grads : []
810 :: Rewards 543.836 :: steps: 1.00 :: Time: 0.013(0.01291/step) :: Entropy : 0.000 :: Grads : []
820 :: Rewards 551.041 :: steps: 1.00 :: Time: 0.013(0.01301/step) :: Entropy : 0.000 :: Grads : []
830 :: Rewards 558.247 :: steps: 1.00 :: Time: 0.013(0.01309/step) :: Entropy : 0.000 :: Grads : []
840 :: Rewards 565.458 :: steps: 1.00 :: Time: 0.013(0.01306/step) :: Entropy : 0.000 :: Grads : []
850 :: Rewards 572.669 :: steps: 1.00 :: Time: 0.013(0.01312/step) :: Entropy : 0.000 :: Grads : []
860 :: Rewards 579.856 :: steps: 1.00 :: Time: 0.013(0.01317/step) :: Entropy : 0.000 :: Grads : []
870 :: Rewards 587.068 :: steps: 1.00 :: Time: 0.013(0.01318/step) :: Entropy : 0.000 :: Grads : []
880 :: Rewards 594.260 :: steps: 1.00 :: Time: 0.013(0.01321/step) :: Entropy : 0.000 :: Grads : []
890 :: Rewards 601.483 :: steps: 1.00 :: Time: 0.013(0.01318/step) :: Entropy : 0.000 :: Grads : []
900 :: Rewards 608.676 :: steps: 1.00 :: Time: 0.013(0.01322/step) :: Entropy : 0.000 :: Grads : []
910 :: Rewards 615.876 :: steps: 1.00 :: Time: 0.013(0.01324/step) :: Entropy : 0.000 :: Grads : []
920 :: Rewards 623.067 :: steps: 1.00 :: Time: 0.013(0.01327/step) :: Entropy : 0.000 :: Grads : []
930 :: Rewards 630.264 :: steps: 1.00 :: Time: 0.013(0.01332/step) :: Entropy : 0.000 :: Grads : []
940 :: Rewards 637.464 :: steps: 1.00 :: Time: 0.013(0.01333/step) :: Entropy : 0.000 :: Grads : []
950 :: Rewards 644.679 :: steps: 1.00 :: Time: 0.013(0.01333/step) :: Entropy : 0.000 :: Grads : []
960 :: Rewards 651.870 :: steps: 1.00 :: Time: 0.013(0.01334/step) :: Entropy : 0.000 :: Grads : []
970 :: Rewards 659.034 :: steps: 1.00 :: Time: 0.013(0.01339/step) :: Entropy : 0.000 :: Grads : []
980 :: Rewards 666.227 :: steps: 1.00 :: Time: 0.013(0.01340/step) :: Entropy : 0.000 :: Grads : []
990 :: Rewards 673.421 :: steps: 1.00 :: Time: 0.013(0.01342/step) :: Entropy : 0.000 :: Grads : []
999 :: Rewards 679.919 :: steps: 0.90 :: Time: 0.012(0.01349/step) :: Entropy : 0.000 :: Grads : []
Total time taken: 10.916852951049805
