Module path:  Environments.NS_Reco NS_Reco
Dynamically loaded from:  <class 'Environments.NS_Reco.NS_Reco'>
Reward Amplitudes: [4.17022005e-01 7.20324493e-01 1.14374817e-04 3.02332573e-01
 1.46755891e-01] :: Avg 0.317309867282206 
Module path:  Src.Algorithms.ProWLS ProWLS
Dynamically loaded from:  <class 'Src.Algorithms.ProWLS.ProWLS'>
=====Configurations=====
 Namespace(NN_basis_dim='32', Policy_basis_dim='32', actor_lr=0.00450428892499054, algo_name='ProWLS', base=0, batch_size=1000, buffer_size=1000, debug=False, delta=3, entropy_lambda=0.07518854390699839, env_name='NS_Reco', experiment='NS_3r_', extrapolator_basis='Fourier', folder_suffix='Default', fourier_coupled=True, fourier_k=5, fourier_order=3, gamma=0.99, gauss_std=1.5, gpu=0, hyper='default', importance_clip=10.0, inc=1, log_output='term_file', max_episodes=1000, max_inner=90, max_steps=500, optim='rmsprop', oracle=-1, raw_basis=True, restore=False, save_count=100, save_model=True, seed=9, speed=3, state_lr=0.001, summary=True, swarm=False, timestamp='5|25|9:39:38')
Actions space: 5 :: State space: 1
State Low: tensor([0.]) :: State High: tensor([1.])
State features:  [('dummy_param', torch.Size([1]))]
Policy:  [('fc1.weight', torch.Size([5, 1])), ('fc1.bias', torch.Size([5]))]
0 :: Rewards -0.034 :: steps: 0.10 :: Time: 0.000(0.00069/step) :: Entropy : 0.000 :: Grads : []
10 :: Rewards -0.290 :: steps: 1.00 :: Time: 0.011(0.01051/step) :: Entropy : 0.000 :: Grads : []
20 :: Rewards -1.312 :: steps: 1.00 :: Time: 0.021(0.02103/step) :: Entropy : 0.000 :: Grads : []
30 :: Rewards -2.656 :: steps: 1.00 :: Time: 0.016(0.01624/step) :: Entropy : 0.000 :: Grads : []
40 :: Rewards -3.296 :: steps: 1.00 :: Time: 0.016(0.01578/step) :: Entropy : 0.000 :: Grads : []
50 :: Rewards -4.354 :: steps: 1.00 :: Time: 0.021(0.02125/step) :: Entropy : 0.000 :: Grads : []
60 :: Rewards -4.790 :: steps: 1.00 :: Time: 0.016(0.01623/step) :: Entropy : 0.000 :: Grads : []
70 :: Rewards -6.952 :: steps: 1.00 :: Time: 0.016(0.01629/step) :: Entropy : 0.000 :: Grads : []
80 :: Rewards -7.395 :: steps: 1.00 :: Time: 0.022(0.02202/step) :: Entropy : 0.000 :: Grads : []
90 :: Rewards -8.085 :: steps: 1.00 :: Time: 0.017(0.01686/step) :: Entropy : 0.000 :: Grads : []
100 :: Rewards -9.202 :: steps: 1.00 :: Time: 0.017(0.01706/step) :: Entropy : 0.000 :: Grads : []
110 :: Rewards -11.431 :: steps: 1.00 :: Time: 0.023(0.02340/step) :: Entropy : 0.000 :: Grads : []
120 :: Rewards -12.565 :: steps: 1.00 :: Time: 0.018(0.01781/step) :: Entropy : 0.000 :: Grads : []
130 :: Rewards -15.936 :: steps: 1.00 :: Time: 0.018(0.01819/step) :: Entropy : 0.000 :: Grads : []
140 :: Rewards -16.537 :: steps: 1.00 :: Time: 0.025(0.02458/step) :: Entropy : 0.000 :: Grads : []
150 :: Rewards -18.607 :: steps: 1.00 :: Time: 0.019(0.01867/step) :: Entropy : 0.000 :: Grads : []
160 :: Rewards -19.038 :: steps: 1.00 :: Time: 0.019(0.01905/step) :: Entropy : 0.000 :: Grads : []
170 :: Rewards -19.750 :: steps: 1.00 :: Time: 0.026(0.02584/step) :: Entropy : 0.000 :: Grads : []
180 :: Rewards -21.854 :: steps: 1.00 :: Time: 0.020(0.01985/step) :: Entropy : 0.000 :: Grads : []
190 :: Rewards -23.189 :: steps: 1.00 :: Time: 0.021(0.02132/step) :: Entropy : 0.000 :: Grads : []
200 :: Rewards -24.881 :: steps: 1.00 :: Time: 0.030(0.03031/step) :: Entropy : 0.000 :: Grads : []
210 :: Rewards -25.141 :: steps: 1.00 :: Time: 0.023(0.02264/step) :: Entropy : 0.000 :: Grads : []
220 :: Rewards -26.524 :: steps: 1.00 :: Time: 0.023(0.02339/step) :: Entropy : 0.000 :: Grads : []
230 :: Rewards -26.957 :: steps: 1.00 :: Time: 0.032(0.03212/step) :: Entropy : 0.000 :: Grads : []
240 :: Rewards -27.089 :: steps: 1.00 :: Time: 0.027(0.02707/step) :: Entropy : 0.000 :: Grads : []
250 :: Rewards -28.044 :: steps: 1.00 :: Time: 0.026(0.02553/step) :: Entropy : 0.000 :: Grads : []
260 :: Rewards -29.425 :: steps: 1.00 :: Time: 0.035(0.03519/step) :: Entropy : 0.000 :: Grads : []
270 :: Rewards -30.176 :: steps: 1.00 :: Time: 0.027(0.02703/step) :: Entropy : 0.000 :: Grads : []
280 :: Rewards -30.702 :: steps: 1.00 :: Time: 0.028(0.02762/step) :: Entropy : 0.000 :: Grads : []
290 :: Rewards -31.167 :: steps: 1.00 :: Time: 0.037(0.03734/step) :: Entropy : 0.000 :: Grads : []
300 :: Rewards -31.938 :: steps: 1.00 :: Time: 0.029(0.02856/step) :: Entropy : 0.000 :: Grads : []
310 :: Rewards -32.329 :: steps: 1.00 :: Time: 0.029(0.02915/step) :: Entropy : 0.000 :: Grads : []
320 :: Rewards -32.777 :: steps: 1.00 :: Time: 0.040(0.04049/step) :: Entropy : 0.000 :: Grads : []
330 :: Rewards -33.490 :: steps: 1.00 :: Time: 0.031(0.03120/step) :: Entropy : 0.000 :: Grads : []
340 :: Rewards -33.635 :: steps: 1.00 :: Time: 0.032(0.03170/step) :: Entropy : 0.000 :: Grads : []
350 :: Rewards -33.720 :: steps: 1.00 :: Time: 0.043(0.04297/step) :: Entropy : 0.000 :: Grads : []
360 :: Rewards -33.962 :: steps: 1.00 :: Time: 0.032(0.03244/step) :: Entropy : 0.000 :: Grads : []
370 :: Rewards -34.416 :: steps: 1.00 :: Time: 0.034(0.03383/step) :: Entropy : 0.000 :: Grads : []
380 :: Rewards -35.421 :: steps: 1.00 :: Time: 0.046(0.04605/step) :: Entropy : 0.000 :: Grads : []
390 :: Rewards -35.907 :: steps: 1.00 :: Time: 0.036(0.03574/step) :: Entropy : 0.000 :: Grads : []
400 :: Rewards -36.467 :: steps: 1.00 :: Time: 0.037(0.03652/step) :: Entropy : 0.000 :: Grads : []
410 :: Rewards -36.771 :: steps: 1.00 :: Time: 0.050(0.04991/step) :: Entropy : 0.000 :: Grads : []
420 :: Rewards -37.403 :: steps: 1.00 :: Time: 0.040(0.04030/step) :: Entropy : 0.000 :: Grads : []
430 :: Rewards -38.529 :: steps: 1.00 :: Time: 0.041(0.04062/step) :: Entropy : 0.000 :: Grads : []
440 :: Rewards -39.286 :: steps: 1.00 :: Time: 0.053(0.05323/step) :: Entropy : 0.000 :: Grads : []
450 :: Rewards -39.663 :: steps: 1.00 :: Time: 0.041(0.04115/step) :: Entropy : 0.000 :: Grads : []
460 :: Rewards -39.712 :: steps: 1.00 :: Time: 0.042(0.04168/step) :: Entropy : 0.000 :: Grads : []
470 :: Rewards -40.083 :: steps: 1.00 :: Time: 0.057(0.05672/step) :: Entropy : 0.000 :: Grads : []
480 :: Rewards -41.138 :: steps: 1.00 :: Time: 0.046(0.04603/step) :: Entropy : 0.000 :: Grads : []
490 :: Rewards -41.205 :: steps: 1.00 :: Time: 0.048(0.04808/step) :: Entropy : 0.000 :: Grads : []
500 :: Rewards -42.140 :: steps: 1.00 :: Time: 0.070(0.07038/step) :: Entropy : 0.000 :: Grads : []
510 :: Rewards -43.123 :: steps: 1.00 :: Time: 0.050(0.04950/step) :: Entropy : 0.000 :: Grads : []
520 :: Rewards -43.164 :: steps: 1.00 :: Time: 0.048(0.04797/step) :: Entropy : 0.000 :: Grads : []
530 :: Rewards -43.289 :: steps: 1.00 :: Time: 0.066(0.06641/step) :: Entropy : 0.000 :: Grads : []
540 :: Rewards -43.706 :: steps: 1.00 :: Time: 0.049(0.04900/step) :: Entropy : 0.000 :: Grads : []
550 :: Rewards -44.500 :: steps: 1.00 :: Time: 0.050(0.05037/step) :: Entropy : 0.000 :: Grads : []
560 :: Rewards -45.084 :: steps: 1.00 :: Time: 0.068(0.06836/step) :: Entropy : 0.000 :: Grads : []
570 :: Rewards -45.754 :: steps: 1.00 :: Time: 0.052(0.05177/step) :: Entropy : 0.000 :: Grads : []
580 :: Rewards -46.081 :: steps: 1.00 :: Time: 0.052(0.05180/step) :: Entropy : 0.000 :: Grads : []
590 :: Rewards -46.650 :: steps: 1.00 :: Time: 0.071(0.07138/step) :: Entropy : 0.000 :: Grads : []
600 :: Rewards -47.414 :: steps: 1.00 :: Time: 0.053(0.05287/step) :: Entropy : 0.000 :: Grads : []
610 :: Rewards -49.516 :: steps: 1.00 :: Time: 0.058(0.05760/step) :: Entropy : 0.000 :: Grads : []
620 :: Rewards -52.565 :: steps: 1.00 :: Time: 0.074(0.07365/step) :: Entropy : 0.000 :: Grads : []
630 :: Rewards -55.644 :: steps: 1.00 :: Time: 0.056(0.05604/step) :: Entropy : 0.000 :: Grads : []
640 :: Rewards -60.236 :: steps: 1.00 :: Time: 0.063(0.06346/step) :: Entropy : 0.000 :: Grads : []
650 :: Rewards -65.142 :: steps: 1.00 :: Time: 0.078(0.07828/step) :: Entropy : 0.000 :: Grads : []
660 :: Rewards -70.200 :: steps: 1.00 :: Time: 0.061(0.06086/step) :: Entropy : 0.000 :: Grads : []
670 :: Rewards -75.747 :: steps: 1.00 :: Time: 0.063(0.06335/step) :: Entropy : 0.000 :: Grads : []
680 :: Rewards -76.320 :: steps: 1.00 :: Time: 0.087(0.08661/step) :: Entropy : 0.000 :: Grads : []
690 :: Rewards -76.320 :: steps: 1.00 :: Time: 0.066(0.06607/step) :: Entropy : 0.000 :: Grads : []
700 :: Rewards -76.320 :: steps: 1.00 :: Time: 0.067(0.06727/step) :: Entropy : 0.000 :: Grads : []
710 :: Rewards -76.320 :: steps: 1.00 :: Time: 0.092(0.09174/step) :: Entropy : 0.000 :: Grads : []
720 :: Rewards -76.320 :: steps: 1.00 :: Time: 0.074(0.07358/step) :: Entropy : 0.000 :: Grads : []
730 :: Rewards -77.154 :: steps: 1.00 :: Time: 0.081(0.08124/step) :: Entropy : 0.000 :: Grads : []
740 :: Rewards -78.029 :: steps: 1.00 :: Time: 0.099(0.09879/step) :: Entropy : 0.000 :: Grads : []
750 :: Rewards -78.772 :: steps: 1.00 :: Time: 0.075(0.07515/step) :: Entropy : 0.000 :: Grads : []
760 :: Rewards -79.489 :: steps: 1.00 :: Time: 0.078(0.07825/step) :: Entropy : 0.000 :: Grads : []
770 :: Rewards -80.167 :: steps: 1.00 :: Time: 0.105(0.10512/step) :: Entropy : 0.000 :: Grads : []
780 :: Rewards -81.421 :: steps: 1.00 :: Time: 0.080(0.08030/step) :: Entropy : 0.000 :: Grads : []
790 :: Rewards -81.958 :: steps: 1.00 :: Time: 0.083(0.08318/step) :: Entropy : 0.000 :: Grads : []
800 :: Rewards -84.701 :: steps: 1.00 :: Time: 0.115(0.11481/step) :: Entropy : 0.000 :: Grads : []
810 :: Rewards -85.024 :: steps: 1.00 :: Time: 0.089(0.08936/step) :: Entropy : 0.000 :: Grads : []
820 :: Rewards -85.745 :: steps: 1.00 :: Time: 0.089(0.08891/step) :: Entropy : 0.000 :: Grads : []
830 :: Rewards -86.080 :: steps: 1.00 :: Time: 0.122(0.12162/step) :: Entropy : 0.000 :: Grads : []
840 :: Rewards -86.949 :: steps: 1.00 :: Time: 0.099(0.09913/step) :: Entropy : 0.000 :: Grads : []
850 :: Rewards -87.594 :: steps: 1.00 :: Time: 0.105(0.10500/step) :: Entropy : 0.000 :: Grads : []
860 :: Rewards -88.867 :: steps: 1.00 :: Time: 0.125(0.12523/step) :: Entropy : 0.000 :: Grads : []
870 :: Rewards -90.314 :: steps: 1.00 :: Time: 0.095(0.09545/step) :: Entropy : 0.000 :: Grads : []
880 :: Rewards -91.227 :: steps: 1.00 :: Time: 0.100(0.09998/step) :: Entropy : 0.000 :: Grads : []
890 :: Rewards -91.895 :: steps: 1.00 :: Time: 0.141(0.14094/step) :: Entropy : 0.000 :: Grads : []
900 :: Rewards -92.114 :: steps: 1.00 :: Time: 0.102(0.10229/step) :: Entropy : 0.000 :: Grads : []
910 :: Rewards -92.445 :: steps: 1.00 :: Time: 0.106(0.10596/step) :: Entropy : 0.000 :: Grads : []
920 :: Rewards -92.690 :: steps: 1.00 :: Time: 0.149(0.14905/step) :: Entropy : 0.000 :: Grads : []
930 :: Rewards -93.055 :: steps: 1.00 :: Time: 0.128(0.12773/step) :: Entropy : 0.000 :: Grads : []
940 :: Rewards -93.938 :: steps: 1.00 :: Time: 0.114(0.11442/step) :: Entropy : 0.000 :: Grads : []
950 :: Rewards -94.579 :: steps: 1.00 :: Time: 0.167(0.16740/step) :: Entropy : 0.000 :: Grads : []
960 :: Rewards -95.206 :: steps: 1.00 :: Time: 0.117(0.11675/step) :: Entropy : 0.000 :: Grads : []
970 :: Rewards -95.315 :: steps: 1.00 :: Time: 0.119(0.11866/step) :: Entropy : 0.000 :: Grads : []
980 :: Rewards -95.546 :: steps: 1.00 :: Time: 0.160(0.16036/step) :: Entropy : 0.000 :: Grads : []
990 :: Rewards -95.864 :: steps: 1.00 :: Time: 0.121(0.12095/step) :: Entropy : 0.000 :: Grads : []
999 :: Rewards -96.457 :: steps: 0.90 :: Time: 0.123(0.13702/step) :: Entropy : 0.000 :: Grads : []
Total time taken: 60.210410833358765
