Module path:  Environments.NS_Reco NS_Reco
Dynamically loaded from:  <class 'Environments.NS_Reco.NS_Reco'>
Reward Amplitudes: [4.17022005e-01 7.20324493e-01 1.14374817e-04 3.02332573e-01
 1.46755891e-01] :: Avg 0.317309867282206 
Module path:  Src.Algorithms.ProWLS ProWLS
Dynamically loaded from:  <class 'Src.Algorithms.ProWLS.ProWLS'>
=====Configurations=====
 Namespace(NN_basis_dim='32', Policy_basis_dim='32', actor_lr=0.0037403051736555927, algo_name='ProWLS', base=0, batch_size=1000, buffer_size=1000, debug=False, delta=3, entropy_lambda=0.041755411764967935, env_name='NS_Reco', experiment='NS_4_', extrapolator_basis='Fourier', folder_suffix='Default', fourier_coupled=True, fourier_k=7, fourier_order=3, gamma=0.99, gauss_std=1.5, gpu=0, hyper='default', importance_clip=5.0, inc=1, log_output='term_file', max_episodes=1000, max_inner=60, max_steps=500, optim='rmsprop', oracle=-1, raw_basis=True, restore=False, save_count=100, save_model=True, seed=27, speed=4, state_lr=0.001, summary=True, swarm=False, timestamp='5|24|23:3:47')
Actions space: 5 :: State space: 1
State Low: tensor([0.]) :: State High: tensor([1.])
State features:  [('dummy_param', torch.Size([1]))]
Policy:  [('fc1.weight', torch.Size([5, 1])), ('fc1.bias', torch.Size([5]))]
0 :: Rewards 0.003 :: steps: 0.10 :: Time: 0.000(0.00060/step) :: Entropy : 0.000 :: Grads : []
10 :: Rewards 0.106 :: steps: 1.00 :: Time: 0.004(0.00365/step) :: Entropy : 0.000 :: Grads : []
20 :: Rewards 0.310 :: steps: 1.00 :: Time: 0.014(0.01370/step) :: Entropy : 0.000 :: Grads : []
30 :: Rewards 0.852 :: steps: 1.00 :: Time: 0.010(0.01050/step) :: Entropy : 0.000 :: Grads : []
40 :: Rewards 2.144 :: steps: 1.00 :: Time: 0.010(0.01020/step) :: Entropy : 0.000 :: Grads : []
50 :: Rewards 3.697 :: steps: 1.00 :: Time: 0.014(0.01374/step) :: Entropy : 0.000 :: Grads : []
60 :: Rewards 6.688 :: steps: 1.00 :: Time: 0.011(0.01050/step) :: Entropy : 0.000 :: Grads : []
70 :: Rewards 9.625 :: steps: 1.00 :: Time: 0.011(0.01065/step) :: Entropy : 0.000 :: Grads : []
80 :: Rewards 14.575 :: steps: 1.00 :: Time: 0.014(0.01443/step) :: Entropy : 0.000 :: Grads : []
90 :: Rewards 19.975 :: steps: 1.00 :: Time: 0.011(0.01107/step) :: Entropy : 0.000 :: Grads : []
100 :: Rewards 27.006 :: steps: 1.00 :: Time: 0.011(0.01124/step) :: Entropy : 0.000 :: Grads : []
110 :: Rewards 33.470 :: steps: 1.00 :: Time: 0.015(0.01529/step) :: Entropy : 0.000 :: Grads : []
120 :: Rewards 39.432 :: steps: 1.00 :: Time: 0.012(0.01172/step) :: Entropy : 0.000 :: Grads : []
130 :: Rewards 45.215 :: steps: 1.00 :: Time: 0.012(0.01196/step) :: Entropy : 0.000 :: Grads : []
140 :: Rewards 51.900 :: steps: 1.00 :: Time: 0.016(0.01629/step) :: Entropy : 0.000 :: Grads : []
150 :: Rewards 56.435 :: steps: 1.00 :: Time: 0.012(0.01248/step) :: Entropy : 0.000 :: Grads : []
160 :: Rewards 61.912 :: steps: 1.00 :: Time: 0.013(0.01277/step) :: Entropy : 0.000 :: Grads : []
170 :: Rewards 66.730 :: steps: 1.00 :: Time: 0.017(0.01737/step) :: Entropy : 0.000 :: Grads : []
180 :: Rewards 69.638 :: steps: 1.00 :: Time: 0.013(0.01336/step) :: Entropy : 0.000 :: Grads : []
190 :: Rewards 73.153 :: steps: 1.00 :: Time: 0.014(0.01407/step) :: Entropy : 0.000 :: Grads : []
200 :: Rewards 76.208 :: steps: 1.00 :: Time: 0.019(0.01933/step) :: Entropy : 0.000 :: Grads : []
210 :: Rewards 79.209 :: steps: 1.00 :: Time: 0.015(0.01518/step) :: Entropy : 0.000 :: Grads : []
220 :: Rewards 81.534 :: steps: 1.00 :: Time: 0.015(0.01548/step) :: Entropy : 0.000 :: Grads : []
230 :: Rewards 83.681 :: steps: 1.00 :: Time: 0.021(0.02121/step) :: Entropy : 0.000 :: Grads : []
240 :: Rewards 85.750 :: steps: 1.00 :: Time: 0.016(0.01628/step) :: Entropy : 0.000 :: Grads : []
250 :: Rewards 86.943 :: steps: 1.00 :: Time: 0.017(0.01672/step) :: Entropy : 0.000 :: Grads : []
260 :: Rewards 86.802 :: steps: 1.00 :: Time: 0.023(0.02279/step) :: Entropy : 0.000 :: Grads : []
270 :: Rewards 87.684 :: steps: 1.00 :: Time: 0.017(0.01748/step) :: Entropy : 0.000 :: Grads : []
280 :: Rewards 88.601 :: steps: 1.00 :: Time: 0.018(0.01779/step) :: Entropy : 0.000 :: Grads : []
290 :: Rewards 89.289 :: steps: 1.00 :: Time: 0.024(0.02409/step) :: Entropy : 0.000 :: Grads : []
300 :: Rewards 89.919 :: steps: 1.00 :: Time: 0.019(0.01853/step) :: Entropy : 0.000 :: Grads : []
310 :: Rewards 90.530 :: steps: 1.00 :: Time: 0.019(0.01900/step) :: Entropy : 0.000 :: Grads : []
320 :: Rewards 90.207 :: steps: 1.00 :: Time: 0.026(0.02584/step) :: Entropy : 0.000 :: Grads : []
330 :: Rewards 90.698 :: steps: 1.00 :: Time: 0.020(0.01974/step) :: Entropy : 0.000 :: Grads : []
340 :: Rewards 90.682 :: steps: 1.00 :: Time: 0.020(0.02019/step) :: Entropy : 0.000 :: Grads : []
350 :: Rewards 90.614 :: steps: 1.00 :: Time: 0.027(0.02737/step) :: Entropy : 0.000 :: Grads : []
360 :: Rewards 90.730 :: steps: 1.00 :: Time: 0.021(0.02122/step) :: Entropy : 0.000 :: Grads : []
370 :: Rewards 90.319 :: steps: 1.00 :: Time: 0.022(0.02198/step) :: Entropy : 0.000 :: Grads : []
380 :: Rewards 90.304 :: steps: 1.00 :: Time: 0.030(0.02994/step) :: Entropy : 0.000 :: Grads : []
390 :: Rewards 90.223 :: steps: 1.00 :: Time: 0.023(0.02291/step) :: Entropy : 0.000 :: Grads : []
400 :: Rewards 90.161 :: steps: 1.00 :: Time: 0.024(0.02353/step) :: Entropy : 0.000 :: Grads : []
410 :: Rewards 88.696 :: steps: 1.00 :: Time: 0.032(0.03194/step) :: Entropy : 0.000 :: Grads : []
420 :: Rewards 88.505 :: steps: 1.00 :: Time: 0.025(0.02465/step) :: Entropy : 0.000 :: Grads : []
430 :: Rewards 88.329 :: steps: 1.00 :: Time: 0.025(0.02550/step) :: Entropy : 0.000 :: Grads : []
440 :: Rewards 88.360 :: steps: 1.00 :: Time: 0.034(0.03426/step) :: Entropy : 0.000 :: Grads : []
450 :: Rewards 88.097 :: steps: 1.00 :: Time: 0.027(0.02651/step) :: Entropy : 0.000 :: Grads : []
460 :: Rewards 87.441 :: steps: 1.00 :: Time: 0.027(0.02701/step) :: Entropy : 0.000 :: Grads : []
470 :: Rewards 87.307 :: steps: 1.00 :: Time: 0.037(0.03671/step) :: Entropy : 0.000 :: Grads : []
480 :: Rewards 86.970 :: steps: 1.00 :: Time: 0.029(0.02892/step) :: Entropy : 0.000 :: Grads : []
490 :: Rewards 86.840 :: steps: 1.00 :: Time: 0.030(0.02992/step) :: Entropy : 0.000 :: Grads : []
500 :: Rewards 87.467 :: steps: 1.00 :: Time: 0.039(0.03932/step) :: Entropy : 0.000 :: Grads : []
510 :: Rewards 93.327 :: steps: 1.00 :: Time: 0.030(0.03039/step) :: Entropy : 0.000 :: Grads : []
520 :: Rewards 98.226 :: steps: 1.00 :: Time: 0.031(0.03083/step) :: Entropy : 0.000 :: Grads : []
530 :: Rewards 102.455 :: steps: 1.00 :: Time: 0.041(0.04149/step) :: Entropy : 0.000 :: Grads : []
540 :: Rewards 108.655 :: steps: 1.00 :: Time: 0.032(0.03170/step) :: Entropy : 0.000 :: Grads : []
550 :: Rewards 115.802 :: steps: 1.00 :: Time: 0.033(0.03289/step) :: Entropy : 0.000 :: Grads : []
560 :: Rewards 122.194 :: steps: 1.00 :: Time: 0.045(0.04459/step) :: Entropy : 0.000 :: Grads : []
570 :: Rewards 128.354 :: steps: 1.00 :: Time: 0.034(0.03378/step) :: Entropy : 0.000 :: Grads : []
580 :: Rewards 131.773 :: steps: 1.00 :: Time: 0.035(0.03477/step) :: Entropy : 0.000 :: Grads : []
590 :: Rewards 136.737 :: steps: 1.00 :: Time: 0.047(0.04735/step) :: Entropy : 0.000 :: Grads : []
600 :: Rewards 141.335 :: steps: 1.00 :: Time: 0.036(0.03593/step) :: Entropy : 0.000 :: Grads : []
610 :: Rewards 145.112 :: steps: 1.00 :: Time: 0.037(0.03704/step) :: Entropy : 0.000 :: Grads : []
620 :: Rewards 149.287 :: steps: 1.00 :: Time: 0.050(0.05023/step) :: Entropy : 0.000 :: Grads : []
630 :: Rewards 152.532 :: steps: 1.00 :: Time: 0.038(0.03838/step) :: Entropy : 0.000 :: Grads : []
640 :: Rewards 154.805 :: steps: 1.00 :: Time: 0.039(0.03943/step) :: Entropy : 0.000 :: Grads : []
650 :: Rewards 156.998 :: steps: 1.00 :: Time: 0.054(0.05368/step) :: Entropy : 0.000 :: Grads : []
660 :: Rewards 160.304 :: steps: 1.00 :: Time: 0.041(0.04098/step) :: Entropy : 0.000 :: Grads : []
670 :: Rewards 163.865 :: steps: 1.00 :: Time: 0.043(0.04265/step) :: Entropy : 0.000 :: Grads : []
680 :: Rewards 167.047 :: steps: 1.00 :: Time: 0.057(0.05747/step) :: Entropy : 0.000 :: Grads : []
690 :: Rewards 170.065 :: steps: 1.00 :: Time: 0.044(0.04406/step) :: Entropy : 0.000 :: Grads : []
700 :: Rewards 172.745 :: steps: 1.00 :: Time: 0.045(0.04506/step) :: Entropy : 0.000 :: Grads : []
710 :: Rewards 176.432 :: steps: 1.00 :: Time: 0.062(0.06222/step) :: Entropy : 0.000 :: Grads : []
720 :: Rewards 180.373 :: steps: 1.00 :: Time: 0.048(0.04780/step) :: Entropy : 0.000 :: Grads : []
730 :: Rewards 183.956 :: steps: 1.00 :: Time: 0.049(0.04897/step) :: Entropy : 0.000 :: Grads : []
740 :: Rewards 187.488 :: steps: 1.00 :: Time: 0.065(0.06549/step) :: Entropy : 0.000 :: Grads : []
750 :: Rewards 191.266 :: steps: 1.00 :: Time: 0.050(0.04996/step) :: Entropy : 0.000 :: Grads : []
760 :: Rewards 193.935 :: steps: 1.00 :: Time: 0.051(0.05149/step) :: Entropy : 0.000 :: Grads : []
770 :: Rewards 196.689 :: steps: 1.00 :: Time: 0.070(0.07021/step) :: Entropy : 0.000 :: Grads : []
780 :: Rewards 199.962 :: steps: 1.00 :: Time: 0.053(0.05341/step) :: Entropy : 0.000 :: Grads : []
790 :: Rewards 202.564 :: steps: 1.00 :: Time: 0.055(0.05514/step) :: Entropy : 0.000 :: Grads : []
800 :: Rewards 204.316 :: steps: 1.00 :: Time: 0.074(0.07433/step) :: Entropy : 0.000 :: Grads : []
810 :: Rewards 205.735 :: steps: 1.00 :: Time: 0.057(0.05673/step) :: Entropy : 0.000 :: Grads : []
820 :: Rewards 206.029 :: steps: 1.00 :: Time: 0.058(0.05779/step) :: Entropy : 0.000 :: Grads : []
830 :: Rewards 206.836 :: steps: 1.00 :: Time: 0.080(0.07962/step) :: Entropy : 0.000 :: Grads : []
840 :: Rewards 207.772 :: steps: 1.00 :: Time: 0.061(0.06103/step) :: Entropy : 0.000 :: Grads : []
850 :: Rewards 208.771 :: steps: 1.00 :: Time: 0.064(0.06371/step) :: Entropy : 0.000 :: Grads : []
860 :: Rewards 209.270 :: steps: 1.00 :: Time: 0.085(0.08546/step) :: Entropy : 0.000 :: Grads : []
870 :: Rewards 210.559 :: steps: 1.00 :: Time: 0.065(0.06486/step) :: Entropy : 0.000 :: Grads : []
880 :: Rewards 211.576 :: steps: 1.00 :: Time: 0.067(0.06679/step) :: Entropy : 0.000 :: Grads : []
890 :: Rewards 212.791 :: steps: 1.00 :: Time: 0.090(0.08987/step) :: Entropy : 0.000 :: Grads : []
900 :: Rewards 213.766 :: steps: 1.00 :: Time: 0.069(0.06933/step) :: Entropy : 0.000 :: Grads : []
910 :: Rewards 214.706 :: steps: 1.00 :: Time: 0.071(0.07147/step) :: Entropy : 0.000 :: Grads : []
920 :: Rewards 216.175 :: steps: 1.00 :: Time: 0.096(0.09621/step) :: Entropy : 0.000 :: Grads : []
930 :: Rewards 219.729 :: steps: 1.00 :: Time: 0.073(0.07304/step) :: Entropy : 0.000 :: Grads : []
940 :: Rewards 224.617 :: steps: 1.00 :: Time: 0.074(0.07436/step) :: Entropy : 0.000 :: Grads : []
950 :: Rewards 230.073 :: steps: 1.00 :: Time: 0.102(0.10242/step) :: Entropy : 0.000 :: Grads : []
960 :: Rewards 236.468 :: steps: 1.00 :: Time: 0.078(0.07840/step) :: Entropy : 0.000 :: Grads : []
970 :: Rewards 242.740 :: steps: 1.00 :: Time: 0.082(0.08187/step) :: Entropy : 0.000 :: Grads : []
980 :: Rewards 249.809 :: steps: 1.00 :: Time: 0.110(0.11023/step) :: Entropy : 0.000 :: Grads : []
990 :: Rewards 256.992 :: steps: 1.00 :: Time: 0.084(0.08411/step) :: Entropy : 0.000 :: Grads : []
999 :: Rewards 262.723 :: steps: 0.90 :: Time: 0.086(0.09530/step) :: Entropy : 0.000 :: Grads : []
Total time taken: 39.280986070632935
