Module path:  Environments.NS_Reco NS_Reco
Dynamically loaded from:  <class 'Environments.NS_Reco.NS_Reco'>
Reward Amplitudes: [4.17022005e-01 7.20324493e-01 1.14374817e-04 3.02332573e-01
 1.46755891e-01] :: Avg 0.317309867282206 
Module path:  Src.Algorithms.ONPG ONPG
Dynamically loaded from:  <class 'Src.Algorithms.ONPG.ONPG'>
=====Configurations=====
 Namespace(NN_basis_dim='32', Policy_basis_dim='32', actor_lr=0.008425020536482294, algo_name='ONPG', base=0, batch_size=1000, buffer_size=1000, debug=False, delta=3, entropy_lambda=0.005900970803997456, env_name='NS_Reco', experiment='NS_0_', extrapolator_basis='Fourier', folder_suffix='Default', fourier_coupled=True, fourier_k=7, fourier_order=3, gamma=0.99, gauss_std=1.5, gpu=0, hyper='default', importance_clip=10.0, inc=1, log_output='term_file', max_episodes=1000, max_inner=150, max_steps=500, optim='rmsprop', oracle=-1, raw_basis=True, restore=False, save_count=100, save_model=True, seed=12, speed=0, state_lr=0.001, summary=True, swarm=False, timestamp='5|24|20:59:31')
Actions space: 5 :: State space: 1
State Low: tensor([0.]) :: State High: tensor([1.])
State features:  [('dummy_param', torch.Size([1]))]
Policy:  [('fc1.weight', torch.Size([5, 1])), ('fc1.bias', torch.Size([5]))]
0 :: Rewards 0.412 :: steps: 0.10 :: Time: 0.000(0.00062/step) :: Entropy : 0.000 :: Grads : []
10 :: Rewards 4.122 :: steps: 1.00 :: Time: 0.001(0.00061/step) :: Entropy : 0.000 :: Grads : []
20 :: Rewards 7.422 :: steps: 1.00 :: Time: 0.001(0.00056/step) :: Entropy : 0.000 :: Grads : []
30 :: Rewards 11.992 :: steps: 1.00 :: Time: 0.000(0.00045/step) :: Entropy : 0.000 :: Grads : []
40 :: Rewards 16.523 :: steps: 1.00 :: Time: 0.000(0.00045/step) :: Entropy : 0.000 :: Grads : []
50 :: Rewards 20.831 :: steps: 1.00 :: Time: 0.001(0.00058/step) :: Entropy : 0.000 :: Grads : []
60 :: Rewards 25.395 :: steps: 1.00 :: Time: 0.001(0.00056/step) :: Entropy : 0.000 :: Grads : []
70 :: Rewards 31.449 :: steps: 1.00 :: Time: 0.000(0.00047/step) :: Entropy : 0.000 :: Grads : []
80 :: Rewards 36.802 :: steps: 1.00 :: Time: 0.001(0.00062/step) :: Entropy : 0.000 :: Grads : []
90 :: Rewards 41.332 :: steps: 1.00 :: Time: 0.000(0.00047/step) :: Entropy : 0.000 :: Grads : []
100 :: Rewards 46.366 :: steps: 1.00 :: Time: 0.000(0.00048/step) :: Entropy : 0.000 :: Grads : []
110 :: Rewards 52.884 :: steps: 1.00 :: Time: 0.001(0.00057/step) :: Entropy : 0.000 :: Grads : []
120 :: Rewards 58.949 :: steps: 1.00 :: Time: 0.000(0.00046/step) :: Entropy : 0.000 :: Grads : []
130 :: Rewards 63.784 :: steps: 1.00 :: Time: 0.000(0.00048/step) :: Entropy : 0.000 :: Grads : []
140 :: Rewards 69.364 :: steps: 1.00 :: Time: 0.001(0.00061/step) :: Entropy : 0.000 :: Grads : []
150 :: Rewards 74.853 :: steps: 1.00 :: Time: 0.000(0.00046/step) :: Entropy : 0.000 :: Grads : []
160 :: Rewards 80.303 :: steps: 1.00 :: Time: 0.000(0.00045/step) :: Entropy : 0.000 :: Grads : []
170 :: Rewards 86.791 :: steps: 1.00 :: Time: 0.001(0.00056/step) :: Entropy : 0.000 :: Grads : []
180 :: Rewards 91.684 :: steps: 1.00 :: Time: 0.000(0.00045/step) :: Entropy : 0.000 :: Grads : []
190 :: Rewards 97.537 :: steps: 1.00 :: Time: 0.000(0.00045/step) :: Entropy : 0.000 :: Grads : []
200 :: Rewards 102.836 :: steps: 1.00 :: Time: 0.001(0.00057/step) :: Entropy : 0.000 :: Grads : []
210 :: Rewards 109.001 :: steps: 1.00 :: Time: 0.000(0.00045/step) :: Entropy : 0.000 :: Grads : []
220 :: Rewards 114.876 :: steps: 1.00 :: Time: 0.000(0.00045/step) :: Entropy : 0.000 :: Grads : []
230 :: Rewards 120.747 :: steps: 1.00 :: Time: 0.001(0.00056/step) :: Entropy : 0.000 :: Grads : []
240 :: Rewards 126.913 :: steps: 1.00 :: Time: 0.000(0.00045/step) :: Entropy : 0.000 :: Grads : []
250 :: Rewards 133.715 :: steps: 1.00 :: Time: 0.000(0.00045/step) :: Entropy : 0.000 :: Grads : []
260 :: Rewards 139.742 :: steps: 1.00 :: Time: 0.001(0.00056/step) :: Entropy : 0.000 :: Grads : []
270 :: Rewards 144.988 :: steps: 1.00 :: Time: 0.000(0.00046/step) :: Entropy : 0.000 :: Grads : []
280 :: Rewards 151.806 :: steps: 1.00 :: Time: 0.000(0.00046/step) :: Entropy : 0.000 :: Grads : []
290 :: Rewards 158.304 :: steps: 1.00 :: Time: 0.001(0.00056/step) :: Entropy : 0.000 :: Grads : []
300 :: Rewards 165.189 :: steps: 1.00 :: Time: 0.000(0.00045/step) :: Entropy : 0.000 :: Grads : []
310 :: Rewards 172.389 :: steps: 1.00 :: Time: 0.000(0.00045/step) :: Entropy : 0.000 :: Grads : []
320 :: Rewards 177.952 :: steps: 1.00 :: Time: 0.001(0.00055/step) :: Entropy : 0.000 :: Grads : []
330 :: Rewards 185.123 :: steps: 1.00 :: Time: 0.000(0.00045/step) :: Entropy : 0.000 :: Grads : []
340 :: Rewards 192.327 :: steps: 1.00 :: Time: 0.000(0.00045/step) :: Entropy : 0.000 :: Grads : []
350 :: Rewards 199.220 :: steps: 1.00 :: Time: 0.001(0.00057/step) :: Entropy : 0.000 :: Grads : []
360 :: Rewards 206.094 :: steps: 1.00 :: Time: 0.000(0.00045/step) :: Entropy : 0.000 :: Grads : []
370 :: Rewards 213.306 :: steps: 1.00 :: Time: 0.000(0.00045/step) :: Entropy : 0.000 :: Grads : []
380 :: Rewards 220.465 :: steps: 1.00 :: Time: 0.001(0.00055/step) :: Entropy : 0.000 :: Grads : []
390 :: Rewards 227.642 :: steps: 1.00 :: Time: 0.000(0.00045/step) :: Entropy : 0.000 :: Grads : []
400 :: Rewards 234.848 :: steps: 1.00 :: Time: 0.000(0.00045/step) :: Entropy : 0.000 :: Grads : []
410 :: Rewards 241.757 :: steps: 1.00 :: Time: 0.001(0.00057/step) :: Entropy : 0.000 :: Grads : []
420 :: Rewards 248.636 :: steps: 1.00 :: Time: 0.000(0.00045/step) :: Entropy : 0.000 :: Grads : []
430 :: Rewards 255.519 :: steps: 1.00 :: Time: 0.000(0.00045/step) :: Entropy : 0.000 :: Grads : []
440 :: Rewards 262.425 :: steps: 1.00 :: Time: 0.001(0.00056/step) :: Entropy : 0.000 :: Grads : []
450 :: Rewards 269.307 :: steps: 1.00 :: Time: 0.000(0.00045/step) :: Entropy : 0.000 :: Grads : []
460 :: Rewards 275.897 :: steps: 1.00 :: Time: 0.000(0.00045/step) :: Entropy : 0.000 :: Grads : []
470 :: Rewards 283.110 :: steps: 1.00 :: Time: 0.001(0.00055/step) :: Entropy : 0.000 :: Grads : []
480 :: Rewards 290.033 :: steps: 1.00 :: Time: 0.000(0.00045/step) :: Entropy : 0.000 :: Grads : []
490 :: Rewards 296.931 :: steps: 1.00 :: Time: 0.000(0.00046/step) :: Entropy : 0.000 :: Grads : []
500 :: Rewards 304.137 :: steps: 1.00 :: Time: 0.001(0.00056/step) :: Entropy : 0.000 :: Grads : []
510 :: Rewards 311.045 :: steps: 1.00 :: Time: 0.000(0.00045/step) :: Entropy : 0.000 :: Grads : []
520 :: Rewards 318.226 :: steps: 1.00 :: Time: 0.000(0.00045/step) :: Entropy : 0.000 :: Grads : []
530 :: Rewards 325.150 :: steps: 1.00 :: Time: 0.001(0.00055/step) :: Entropy : 0.000 :: Grads : []
540 :: Rewards 332.322 :: steps: 1.00 :: Time: 0.000(0.00045/step) :: Entropy : 0.000 :: Grads : []
550 :: Rewards 339.482 :: steps: 1.00 :: Time: 0.000(0.00045/step) :: Entropy : 0.000 :: Grads : []
560 :: Rewards 346.667 :: steps: 1.00 :: Time: 0.001(0.00057/step) :: Entropy : 0.000 :: Grads : []
570 :: Rewards 353.888 :: steps: 1.00 :: Time: 0.000(0.00045/step) :: Entropy : 0.000 :: Grads : []
580 :: Rewards 360.731 :: steps: 1.00 :: Time: 0.000(0.00045/step) :: Entropy : 0.000 :: Grads : []
590 :: Rewards 367.926 :: steps: 1.00 :: Time: 0.001(0.00056/step) :: Entropy : 0.000 :: Grads : []
600 :: Rewards 375.143 :: steps: 1.00 :: Time: 0.000(0.00045/step) :: Entropy : 0.000 :: Grads : []
610 :: Rewards 382.375 :: steps: 1.00 :: Time: 0.000(0.00045/step) :: Entropy : 0.000 :: Grads : []
620 :: Rewards 389.563 :: steps: 1.00 :: Time: 0.001(0.00056/step) :: Entropy : 0.000 :: Grads : []
630 :: Rewards 396.489 :: steps: 1.00 :: Time: 0.000(0.00046/step) :: Entropy : 0.000 :: Grads : []
640 :: Rewards 403.683 :: steps: 1.00 :: Time: 0.000(0.00045/step) :: Entropy : 0.000 :: Grads : []
650 :: Rewards 410.591 :: steps: 1.00 :: Time: 0.001(0.00055/step) :: Entropy : 0.000 :: Grads : []
660 :: Rewards 417.813 :: steps: 1.00 :: Time: 0.000(0.00045/step) :: Entropy : 0.000 :: Grads : []
670 :: Rewards 424.979 :: steps: 1.00 :: Time: 0.000(0.00045/step) :: Entropy : 0.000 :: Grads : []
680 :: Rewards 432.176 :: steps: 1.00 :: Time: 0.001(0.00056/step) :: Entropy : 0.000 :: Grads : []
690 :: Rewards 439.328 :: steps: 1.00 :: Time: 0.000(0.00045/step) :: Entropy : 0.000 :: Grads : []
700 :: Rewards 446.512 :: steps: 1.00 :: Time: 0.000(0.00046/step) :: Entropy : 0.000 :: Grads : []
710 :: Rewards 453.713 :: steps: 1.00 :: Time: 0.001(0.00055/step) :: Entropy : 0.000 :: Grads : []
720 :: Rewards 460.496 :: steps: 1.00 :: Time: 0.000(0.00045/step) :: Entropy : 0.000 :: Grads : []
730 :: Rewards 467.701 :: steps: 1.00 :: Time: 0.000(0.00045/step) :: Entropy : 0.000 :: Grads : []
740 :: Rewards 474.934 :: steps: 1.00 :: Time: 0.001(0.00055/step) :: Entropy : 0.000 :: Grads : []
750 :: Rewards 481.402 :: steps: 1.00 :: Time: 0.000(0.00045/step) :: Entropy : 0.000 :: Grads : []
760 :: Rewards 488.599 :: steps: 1.00 :: Time: 0.000(0.00046/step) :: Entropy : 0.000 :: Grads : []
770 :: Rewards 495.817 :: steps: 1.00 :: Time: 0.001(0.00056/step) :: Entropy : 0.000 :: Grads : []
780 :: Rewards 503.006 :: steps: 1.00 :: Time: 0.000(0.00045/step) :: Entropy : 0.000 :: Grads : []
790 :: Rewards 510.171 :: steps: 1.00 :: Time: 0.000(0.00045/step) :: Entropy : 0.000 :: Grads : []
800 :: Rewards 517.405 :: steps: 1.00 :: Time: 0.001(0.00056/step) :: Entropy : 0.000 :: Grads : []
810 :: Rewards 524.576 :: steps: 1.00 :: Time: 0.000(0.00045/step) :: Entropy : 0.000 :: Grads : []
820 :: Rewards 531.750 :: steps: 1.00 :: Time: 0.000(0.00045/step) :: Entropy : 0.000 :: Grads : []
830 :: Rewards 538.953 :: steps: 1.00 :: Time: 0.001(0.00057/step) :: Entropy : 0.000 :: Grads : []
840 :: Rewards 546.177 :: steps: 1.00 :: Time: 0.000(0.00045/step) :: Entropy : 0.000 :: Grads : []
850 :: Rewards 553.400 :: steps: 1.00 :: Time: 0.000(0.00045/step) :: Entropy : 0.000 :: Grads : []
860 :: Rewards 560.613 :: steps: 1.00 :: Time: 0.001(0.00059/step) :: Entropy : 0.000 :: Grads : []
870 :: Rewards 567.826 :: steps: 1.00 :: Time: 0.000(0.00047/step) :: Entropy : 0.000 :: Grads : []
880 :: Rewards 575.061 :: steps: 1.00 :: Time: 0.000(0.00047/step) :: Entropy : 0.000 :: Grads : []
890 :: Rewards 582.263 :: steps: 1.00 :: Time: 0.001(0.00057/step) :: Entropy : 0.000 :: Grads : []
900 :: Rewards 589.478 :: steps: 1.00 :: Time: 0.000(0.00047/step) :: Entropy : 0.000 :: Grads : []
910 :: Rewards 596.688 :: steps: 1.00 :: Time: 0.000(0.00046/step) :: Entropy : 0.000 :: Grads : []
920 :: Rewards 603.884 :: steps: 1.00 :: Time: 0.001(0.00056/step) :: Entropy : 0.000 :: Grads : []
930 :: Rewards 611.064 :: steps: 1.00 :: Time: 0.000(0.00045/step) :: Entropy : 0.000 :: Grads : []
940 :: Rewards 618.299 :: steps: 1.00 :: Time: 0.000(0.00045/step) :: Entropy : 0.000 :: Grads : []
950 :: Rewards 625.497 :: steps: 1.00 :: Time: 0.001(0.00056/step) :: Entropy : 0.000 :: Grads : []
960 :: Rewards 632.714 :: steps: 1.00 :: Time: 0.000(0.00045/step) :: Entropy : 0.000 :: Grads : []
970 :: Rewards 639.941 :: steps: 1.00 :: Time: 0.000(0.00046/step) :: Entropy : 0.000 :: Grads : []
980 :: Rewards 647.179 :: steps: 1.00 :: Time: 0.001(0.00056/step) :: Entropy : 0.000 :: Grads : []
990 :: Rewards 654.387 :: steps: 1.00 :: Time: 0.000(0.00045/step) :: Entropy : 0.000 :: Grads : []
999 :: Rewards 660.849 :: steps: 0.90 :: Time: 0.000(0.00049/step) :: Entropy : 0.000 :: Grads : []
Total time taken: 0.5282700061798096
