Module path:  Environments.NS_Reco NS_Reco
Dynamically loaded from:  <class 'Environments.NS_Reco.NS_Reco'>
Reward Amplitudes: [4.17022005e-01 7.20324493e-01 1.14374817e-04 3.02332573e-01
 1.46755891e-01] :: Avg 0.317309867282206 
Module path:  Src.Algorithms.ProOLS ProOLS
Dynamically loaded from:  <class 'Src.Algorithms.ProOLS.ProOLS'>
=====Configurations=====
 Namespace(NN_basis_dim='32', Policy_basis_dim='32', actor_lr=0.006330904637554062, algo_name='ProOLS', base=0, batch_size=1000, buffer_size=1000, debug=False, delta=1, entropy_lambda=0.05062512794041892, env_name='NS_Reco', experiment='NS_4_', extrapolator_basis='Fourier', folder_suffix='Default', fourier_coupled=True, fourier_k=5, fourier_order=3, gamma=0.99, gauss_std=1.5, gpu=0, hyper='default', importance_clip=5.0, inc=1, log_output='term_file', max_episodes=1000, max_inner=20, max_steps=500, optim='rmsprop', oracle=-1, raw_basis=True, restore=False, save_count=100, save_model=True, seed=26, speed=4, state_lr=0.001, summary=True, swarm=False, timestamp='5|24|22:50:23')
Actions space: 5 :: State space: 1
State Low: tensor([0.]) :: State High: tensor([1.])
State features:  [('dummy_param', torch.Size([1]))]
Policy:  [('fc1.weight', torch.Size([5, 1])), ('fc1.bias', torch.Size([5]))]
0 :: Rewards 0.001 :: steps: 0.10 :: Time: 0.000(0.00060/step) :: Entropy : 0.000 :: Grads : []
10 :: Rewards 0.213 :: steps: 1.00 :: Time: 0.006(0.00570/step) :: Entropy : 0.000 :: Grads : []
20 :: Rewards 0.994 :: steps: 1.00 :: Time: 0.009(0.00918/step) :: Entropy : 0.000 :: Grads : []
30 :: Rewards 2.085 :: steps: 1.00 :: Time: 0.010(0.00953/step) :: Entropy : 0.000 :: Grads : []
40 :: Rewards 3.605 :: steps: 1.00 :: Time: 0.009(0.00906/step) :: Entropy : 0.000 :: Grads : []
50 :: Rewards 6.068 :: steps: 1.00 :: Time: 0.009(0.00913/step) :: Entropy : 0.000 :: Grads : []
60 :: Rewards 10.724 :: steps: 1.00 :: Time: 0.009(0.00913/step) :: Entropy : 0.000 :: Grads : []
70 :: Rewards 15.915 :: steps: 1.00 :: Time: 0.009(0.00927/step) :: Entropy : 0.000 :: Grads : []
80 :: Rewards 21.929 :: steps: 1.00 :: Time: 0.009(0.00932/step) :: Entropy : 0.000 :: Grads : []
90 :: Rewards 28.666 :: steps: 1.00 :: Time: 0.009(0.00939/step) :: Entropy : 0.000 :: Grads : []
100 :: Rewards 35.712 :: steps: 1.00 :: Time: 0.009(0.00945/step) :: Entropy : 0.000 :: Grads : []
110 :: Rewards 42.907 :: steps: 1.00 :: Time: 0.010(0.00961/step) :: Entropy : 0.000 :: Grads : []
120 :: Rewards 50.041 :: steps: 1.00 :: Time: 0.010(0.00957/step) :: Entropy : 0.000 :: Grads : []
130 :: Rewards 57.073 :: steps: 1.00 :: Time: 0.010(0.00968/step) :: Entropy : 0.000 :: Grads : []
140 :: Rewards 63.808 :: steps: 1.00 :: Time: 0.010(0.00981/step) :: Entropy : 0.000 :: Grads : []
150 :: Rewards 70.092 :: steps: 1.00 :: Time: 0.010(0.00989/step) :: Entropy : 0.000 :: Grads : []
160 :: Rewards 75.784 :: steps: 1.00 :: Time: 0.010(0.00999/step) :: Entropy : 0.000 :: Grads : []
170 :: Rewards 80.840 :: steps: 1.00 :: Time: 0.010(0.01015/step) :: Entropy : 0.000 :: Grads : []
180 :: Rewards 85.101 :: steps: 1.00 :: Time: 0.010(0.01012/step) :: Entropy : 0.000 :: Grads : []
190 :: Rewards 88.457 :: steps: 1.00 :: Time: 0.010(0.01012/step) :: Entropy : 0.000 :: Grads : []
200 :: Rewards 90.878 :: steps: 1.00 :: Time: 0.010(0.01022/step) :: Entropy : 0.000 :: Grads : []
210 :: Rewards 92.311 :: steps: 1.00 :: Time: 0.010(0.01037/step) :: Entropy : 0.000 :: Grads : []
220 :: Rewards 94.433 :: steps: 1.00 :: Time: 0.010(0.01041/step) :: Entropy : 0.000 :: Grads : []
230 :: Rewards 96.107 :: steps: 1.00 :: Time: 0.010(0.01047/step) :: Entropy : 0.000 :: Grads : []
240 :: Rewards 97.915 :: steps: 1.00 :: Time: 0.011(0.01055/step) :: Entropy : 0.000 :: Grads : []
250 :: Rewards 99.398 :: steps: 1.00 :: Time: 0.010(0.01044/step) :: Entropy : 0.000 :: Grads : []
260 :: Rewards 100.607 :: steps: 1.00 :: Time: 0.011(0.01084/step) :: Entropy : 0.000 :: Grads : []
270 :: Rewards 101.435 :: steps: 1.00 :: Time: 0.016(0.01560/step) :: Entropy : 0.000 :: Grads : []
280 :: Rewards 101.912 :: steps: 1.00 :: Time: 0.011(0.01108/step) :: Entropy : 0.000 :: Grads : []
290 :: Rewards 101.471 :: steps: 1.00 :: Time: 0.011(0.01127/step) :: Entropy : 0.000 :: Grads : []
300 :: Rewards 101.781 :: steps: 1.00 :: Time: 0.011(0.01136/step) :: Entropy : 0.000 :: Grads : []
310 :: Rewards 102.173 :: steps: 1.00 :: Time: 0.011(0.01139/step) :: Entropy : 0.000 :: Grads : []
320 :: Rewards 102.558 :: steps: 1.00 :: Time: 0.012(0.01174/step) :: Entropy : 0.000 :: Grads : []
330 :: Rewards 102.982 :: steps: 1.00 :: Time: 0.012(0.01176/step) :: Entropy : 0.000 :: Grads : []
340 :: Rewards 103.126 :: steps: 1.00 :: Time: 0.012(0.01183/step) :: Entropy : 0.000 :: Grads : []
350 :: Rewards 102.468 :: steps: 1.00 :: Time: 0.012(0.01203/step) :: Entropy : 0.000 :: Grads : []
360 :: Rewards 102.251 :: steps: 1.00 :: Time: 0.012(0.01214/step) :: Entropy : 0.000 :: Grads : []
370 :: Rewards 102.293 :: steps: 1.00 :: Time: 0.012(0.01239/step) :: Entropy : 0.000 :: Grads : []
380 :: Rewards 102.258 :: steps: 1.00 :: Time: 0.012(0.01249/step) :: Entropy : 0.000 :: Grads : []
390 :: Rewards 101.793 :: steps: 1.00 :: Time: 0.012(0.01234/step) :: Entropy : 0.000 :: Grads : []
400 :: Rewards 101.670 :: steps: 1.00 :: Time: 0.013(0.01252/step) :: Entropy : 0.000 :: Grads : []
410 :: Rewards 101.277 :: steps: 1.00 :: Time: 0.013(0.01269/step) :: Entropy : 0.000 :: Grads : []
420 :: Rewards 100.345 :: steps: 1.00 :: Time: 0.013(0.01322/step) :: Entropy : 0.000 :: Grads : []
430 :: Rewards 99.893 :: steps: 1.00 :: Time: 0.013(0.01323/step) :: Entropy : 0.000 :: Grads : []
440 :: Rewards 98.458 :: steps: 1.00 :: Time: 0.013(0.01322/step) :: Entropy : 0.000 :: Grads : []
450 :: Rewards 98.079 :: steps: 1.00 :: Time: 0.013(0.01338/step) :: Entropy : 0.000 :: Grads : []
460 :: Rewards 97.963 :: steps: 1.00 :: Time: 0.013(0.01334/step) :: Entropy : 0.000 :: Grads : []
470 :: Rewards 98.207 :: steps: 1.00 :: Time: 0.013(0.01337/step) :: Entropy : 0.000 :: Grads : []
480 :: Rewards 98.876 :: steps: 1.00 :: Time: 0.014(0.01350/step) :: Entropy : 0.000 :: Grads : []
490 :: Rewards 102.520 :: steps: 1.00 :: Time: 0.014(0.01351/step) :: Entropy : 0.000 :: Grads : []
500 :: Rewards 106.328 :: steps: 1.00 :: Time: 0.014(0.01364/step) :: Entropy : 0.000 :: Grads : []
510 :: Rewards 112.188 :: steps: 1.00 :: Time: 0.014(0.01367/step) :: Entropy : 0.000 :: Grads : []
520 :: Rewards 118.588 :: steps: 1.00 :: Time: 0.014(0.01388/step) :: Entropy : 0.000 :: Grads : []
530 :: Rewards 125.362 :: steps: 1.00 :: Time: 0.014(0.01387/step) :: Entropy : 0.000 :: Grads : []
540 :: Rewards 132.412 :: steps: 1.00 :: Time: 0.014(0.01402/step) :: Entropy : 0.000 :: Grads : []
550 :: Rewards 139.617 :: steps: 1.00 :: Time: 0.014(0.01419/step) :: Entropy : 0.000 :: Grads : []
560 :: Rewards 146.798 :: steps: 1.00 :: Time: 0.014(0.01417/step) :: Entropy : 0.000 :: Grads : []
570 :: Rewards 153.784 :: steps: 1.00 :: Time: 0.014(0.01426/step) :: Entropy : 0.000 :: Grads : []
580 :: Rewards 160.449 :: steps: 1.00 :: Time: 0.014(0.01437/step) :: Entropy : 0.000 :: Grads : []
590 :: Rewards 166.693 :: steps: 1.00 :: Time: 0.014(0.01437/step) :: Entropy : 0.000 :: Grads : []
600 :: Rewards 172.384 :: steps: 1.00 :: Time: 0.014(0.01445/step) :: Entropy : 0.000 :: Grads : []
610 :: Rewards 177.385 :: steps: 1.00 :: Time: 0.014(0.01447/step) :: Entropy : 0.000 :: Grads : []
620 :: Rewards 181.553 :: steps: 1.00 :: Time: 0.015(0.01463/step) :: Entropy : 0.000 :: Grads : []
630 :: Rewards 184.861 :: steps: 1.00 :: Time: 0.015(0.01464/step) :: Entropy : 0.000 :: Grads : []
640 :: Rewards 187.201 :: steps: 1.00 :: Time: 0.015(0.01464/step) :: Entropy : 0.000 :: Grads : []
650 :: Rewards 188.563 :: steps: 1.00 :: Time: 0.015(0.01460/step) :: Entropy : 0.000 :: Grads : []
660 :: Rewards 188.903 :: steps: 1.00 :: Time: 0.015(0.01494/step) :: Entropy : 0.000 :: Grads : []
670 :: Rewards 190.018 :: steps: 1.00 :: Time: 0.015(0.01487/step) :: Entropy : 0.000 :: Grads : []
680 :: Rewards 191.373 :: steps: 1.00 :: Time: 0.015(0.01507/step) :: Entropy : 0.000 :: Grads : []
690 :: Rewards 194.494 :: steps: 1.00 :: Time: 0.015(0.01498/step) :: Entropy : 0.000 :: Grads : []
700 :: Rewards 198.456 :: steps: 1.00 :: Time: 0.015(0.01501/step) :: Entropy : 0.000 :: Grads : []
710 :: Rewards 202.248 :: steps: 1.00 :: Time: 0.015(0.01507/step) :: Entropy : 0.000 :: Grads : []
720 :: Rewards 205.935 :: steps: 1.00 :: Time: 0.015(0.01515/step) :: Entropy : 0.000 :: Grads : []
730 :: Rewards 209.535 :: steps: 1.00 :: Time: 0.015(0.01511/step) :: Entropy : 0.000 :: Grads : []
740 :: Rewards 213.392 :: steps: 1.00 :: Time: 0.015(0.01529/step) :: Entropy : 0.000 :: Grads : []
750 :: Rewards 217.144 :: steps: 1.00 :: Time: 0.015(0.01516/step) :: Entropy : 0.000 :: Grads : []
760 :: Rewards 220.532 :: steps: 1.00 :: Time: 0.015(0.01531/step) :: Entropy : 0.000 :: Grads : []
770 :: Rewards 223.815 :: steps: 1.00 :: Time: 0.016(0.01606/step) :: Entropy : 0.000 :: Grads : []
780 :: Rewards 226.966 :: steps: 1.00 :: Time: 0.016(0.01643/step) :: Entropy : 0.000 :: Grads : []
790 :: Rewards 229.812 :: steps: 1.00 :: Time: 0.016(0.01589/step) :: Entropy : 0.000 :: Grads : []
800 :: Rewards 232.214 :: steps: 1.00 :: Time: 0.016(0.01593/step) :: Entropy : 0.000 :: Grads : []
810 :: Rewards 234.253 :: steps: 1.00 :: Time: 0.016(0.01611/step) :: Entropy : 0.000 :: Grads : []
820 :: Rewards 235.981 :: steps: 1.00 :: Time: 0.016(0.01638/step) :: Entropy : 0.000 :: Grads : []
830 :: Rewards 237.393 :: steps: 1.00 :: Time: 0.016(0.01614/step) :: Entropy : 0.000 :: Grads : []
840 :: Rewards 238.391 :: steps: 1.00 :: Time: 0.016(0.01647/step) :: Entropy : 0.000 :: Grads : []
850 :: Rewards 239.000 :: steps: 1.00 :: Time: 0.016(0.01637/step) :: Entropy : 0.000 :: Grads : []
860 :: Rewards 239.226 :: steps: 1.00 :: Time: 0.016(0.01632/step) :: Entropy : 0.000 :: Grads : []
870 :: Rewards 239.127 :: steps: 1.00 :: Time: 0.017(0.01655/step) :: Entropy : 0.000 :: Grads : []
880 :: Rewards 238.654 :: steps: 1.00 :: Time: 0.016(0.01629/step) :: Entropy : 0.000 :: Grads : []
890 :: Rewards 239.002 :: steps: 1.00 :: Time: 0.016(0.01644/step) :: Entropy : 0.000 :: Grads : []
900 :: Rewards 239.544 :: steps: 1.00 :: Time: 0.016(0.01649/step) :: Entropy : 0.000 :: Grads : []
910 :: Rewards 240.449 :: steps: 1.00 :: Time: 0.017(0.01670/step) :: Entropy : 0.000 :: Grads : []
920 :: Rewards 241.484 :: steps: 1.00 :: Time: 0.017(0.01684/step) :: Entropy : 0.000 :: Grads : []
930 :: Rewards 242.805 :: steps: 1.00 :: Time: 0.017(0.01665/step) :: Entropy : 0.000 :: Grads : []
940 :: Rewards 245.072 :: steps: 1.00 :: Time: 0.017(0.01686/step) :: Entropy : 0.000 :: Grads : []
950 :: Rewards 247.249 :: steps: 1.00 :: Time: 0.017(0.01685/step) :: Entropy : 0.000 :: Grads : []
960 :: Rewards 252.166 :: steps: 1.00 :: Time: 0.017(0.01684/step) :: Entropy : 0.000 :: Grads : []
970 :: Rewards 257.312 :: steps: 1.00 :: Time: 0.017(0.01714/step) :: Entropy : 0.000 :: Grads : []
980 :: Rewards 263.207 :: steps: 1.00 :: Time: 0.017(0.01697/step) :: Entropy : 0.000 :: Grads : []
990 :: Rewards 270.392 :: steps: 1.00 :: Time: 0.017(0.01704/step) :: Entropy : 0.000 :: Grads : []
999 :: Rewards 276.825 :: steps: 0.90 :: Time: 0.015(0.01721/step) :: Entropy : 0.000 :: Grads : []
Total time taken: 13.36778712272644
