Module path:  Src.Algorithms.ProOLS ProOLS
Dynamically loaded from:  <class 'Src.Algorithms.ProOLS.ProOLS'>
=====Configurations=====
 Namespace(NN_basis_dim='32', Policy_basis_dim='32', actor_lr=0.0037199417817850235, algo_name='ProOLS', base=0, batch_size=1000, buffer_size=1000, debug=False, delta=5, entropy_lambda=0.1, env_name='NS_SimGlucose-v0', experiment='NS_1_', extrapolator_basis='Fourier', folder_suffix='Default', fourier_coupled=True, fourier_k=4, fourier_order=3, gamma=0.99, gauss_std=1.38886, gpu=0, hyper='default', importance_clip=5.0, inc=1, log_output='term_file', max_episodes=1000, max_inner=100, max_steps=500, optim='rmsprop', oracle=-1, raw_basis=True, restore=False, save_count=100, save_model=True, seed=2, speed=1, state_lr=0.001, summary=True, swarm=False, timestamp='5|27|16:28:6')
Actions space: 2 :: State space: 1
State Low: tensor([0.]) :: State High: tensor([1.])
State features:  [('dummy_param', torch.Size([1]))]
Action Low: [3. 5.] :: Action High: [30. 50.]
Policy:  [('fc_mean.weight', torch.Size([2, 1])), ('fc_mean.bias', torch.Size([2]))]
0 :: Rewards 9.542 :: steps: 0.10 :: Time: 0.303(3.02982/step) :: Entropy : 0.000 :: Grads : []
10 :: Rewards 103.717 :: steps: 1.00 :: Time: 2.827(2.82671/step) :: Entropy : 0.000 :: Grads : []
20 :: Rewards 198.924 :: steps: 1.00 :: Time: 2.957(2.95652/step) :: Entropy : 0.000 :: Grads : []
30 :: Rewards 359.892 :: steps: 1.00 :: Time: 2.819(2.81927/step) :: Entropy : 0.000 :: Grads : []
40 :: Rewards 546.940 :: steps: 1.00 :: Time: 2.848(2.84786/step) :: Entropy : 0.000 :: Grads : []
50 :: Rewards 749.122 :: steps: 1.00 :: Time: 2.884(2.88383/step) :: Entropy : 0.000 :: Grads : []
60 :: Rewards 956.219 :: steps: 1.00 :: Time: 2.805(2.80512/step) :: Entropy : 0.000 :: Grads : []
70 :: Rewards 1167.837 :: steps: 1.00 :: Time: 2.820(2.81954/step) :: Entropy : 0.000 :: Grads : []
80 :: Rewards 1356.428 :: steps: 1.00 :: Time: 2.745(2.74526/step) :: Entropy : 0.000 :: Grads : []
90 :: Rewards 1588.852 :: steps: 1.00 :: Time: 2.774(2.77373/step) :: Entropy : 0.000 :: Grads : []
100 :: Rewards 1812.770 :: steps: 1.00 :: Time: 2.780(2.77977/step) :: Entropy : 0.000 :: Grads : []
110 :: Rewards 2065.222 :: steps: 1.00 :: Time: 2.781(2.78072/step) :: Entropy : 0.000 :: Grads : []
120 :: Rewards 2293.052 :: steps: 1.00 :: Time: 2.858(2.85826/step) :: Entropy : 0.000 :: Grads : []
130 :: Rewards 2473.718 :: steps: 1.00 :: Time: 2.983(2.98259/step) :: Entropy : 0.000 :: Grads : []
140 :: Rewards 2685.439 :: steps: 1.00 :: Time: 2.826(2.82568/step) :: Entropy : 0.000 :: Grads : []
150 :: Rewards 2902.415 :: steps: 1.00 :: Time: 2.798(2.79759/step) :: Entropy : 0.000 :: Grads : []
160 :: Rewards 3143.247 :: steps: 1.00 :: Time: 3.130(3.12971/step) :: Entropy : 0.000 :: Grads : []
170 :: Rewards 3372.463 :: steps: 1.00 :: Time: 2.760(2.76006/step) :: Entropy : 0.000 :: Grads : []
180 :: Rewards 3613.788 :: steps: 1.00 :: Time: 2.881(2.88100/step) :: Entropy : 0.000 :: Grads : []
190 :: Rewards 3845.553 :: steps: 1.00 :: Time: 2.799(2.79852/step) :: Entropy : 0.000 :: Grads : []
200 :: Rewards 4098.076 :: steps: 1.00 :: Time: 2.802(2.80249/step) :: Entropy : 0.000 :: Grads : []
210 :: Rewards 4308.847 :: steps: 1.00 :: Time: 2.735(2.73451/step) :: Entropy : 0.000 :: Grads : []
220 :: Rewards 4536.322 :: steps: 1.00 :: Time: 2.735(2.73482/step) :: Entropy : 0.000 :: Grads : []
230 :: Rewards 4774.130 :: steps: 1.00 :: Time: 2.695(2.69485/step) :: Entropy : 0.000 :: Grads : []
240 :: Rewards 5011.212 :: steps: 1.00 :: Time: 2.677(2.67655/step) :: Entropy : 0.000 :: Grads : []
250 :: Rewards 5214.522 :: steps: 1.00 :: Time: 2.701(2.70094/step) :: Entropy : 0.000 :: Grads : []
260 :: Rewards 5481.753 :: steps: 1.00 :: Time: 2.679(2.67898/step) :: Entropy : 0.000 :: Grads : []
270 :: Rewards 5746.596 :: steps: 1.00 :: Time: 2.661(2.66110/step) :: Entropy : 0.000 :: Grads : []
280 :: Rewards 6037.545 :: steps: 1.00 :: Time: 2.660(2.65958/step) :: Entropy : 0.000 :: Grads : []
290 :: Rewards 6269.470 :: steps: 1.00 :: Time: 2.674(2.67434/step) :: Entropy : 0.000 :: Grads : []
300 :: Rewards 6535.445 :: steps: 1.00 :: Time: 2.667(2.66732/step) :: Entropy : 0.000 :: Grads : []
310 :: Rewards 6786.388 :: steps: 1.00 :: Time: 2.687(2.68655/step) :: Entropy : 0.000 :: Grads : []
320 :: Rewards 7070.712 :: steps: 1.00 :: Time: 2.660(2.66048/step) :: Entropy : 0.000 :: Grads : []
330 :: Rewards 7351.029 :: steps: 1.00 :: Time: 2.666(2.66551/step) :: Entropy : 0.000 :: Grads : []
340 :: Rewards 7623.393 :: steps: 1.00 :: Time: 2.682(2.68166/step) :: Entropy : 0.000 :: Grads : []
350 :: Rewards 7888.355 :: steps: 1.00 :: Time: 2.674(2.67373/step) :: Entropy : 0.000 :: Grads : []
360 :: Rewards 8136.145 :: steps: 1.00 :: Time: 2.662(2.66186/step) :: Entropy : 0.000 :: Grads : []
370 :: Rewards 8400.890 :: steps: 1.00 :: Time: 2.697(2.69661/step) :: Entropy : 0.000 :: Grads : []
380 :: Rewards 8665.103 :: steps: 1.00 :: Time: 2.699(2.69853/step) :: Entropy : 0.000 :: Grads : []
390 :: Rewards 8949.590 :: steps: 1.00 :: Time: 2.690(2.69018/step) :: Entropy : 0.000 :: Grads : []
400 :: Rewards 9216.677 :: steps: 1.00 :: Time: 2.686(2.68598/step) :: Entropy : 0.000 :: Grads : []
410 :: Rewards 9507.904 :: steps: 1.00 :: Time: 2.679(2.67875/step) :: Entropy : 0.000 :: Grads : []
420 :: Rewards 9778.228 :: steps: 1.00 :: Time: 2.715(2.71526/step) :: Entropy : 0.000 :: Grads : []
430 :: Rewards 10066.162 :: steps: 1.00 :: Time: 2.676(2.67591/step) :: Entropy : 0.000 :: Grads : []
440 :: Rewards 10337.488 :: steps: 1.00 :: Time: 2.667(2.66716/step) :: Entropy : 0.000 :: Grads : []
450 :: Rewards 10635.652 :: steps: 1.00 :: Time: 2.733(2.73281/step) :: Entropy : 0.000 :: Grads : []
460 :: Rewards 10913.721 :: steps: 1.00 :: Time: 2.745(2.74467/step) :: Entropy : 0.000 :: Grads : []
470 :: Rewards 11232.190 :: steps: 1.00 :: Time: 2.710(2.71011/step) :: Entropy : 0.000 :: Grads : []
480 :: Rewards 11520.032 :: steps: 1.00 :: Time: 2.706(2.70577/step) :: Entropy : 0.000 :: Grads : []
490 :: Rewards 11815.067 :: steps: 1.00 :: Time: 2.722(2.72236/step) :: Entropy : 0.000 :: Grads : []
500 :: Rewards 12125.332 :: steps: 1.00 :: Time: 2.748(2.74836/step) :: Entropy : 0.000 :: Grads : []
510 :: Rewards 12432.414 :: steps: 1.00 :: Time: 2.721(2.72102/step) :: Entropy : 0.000 :: Grads : []
520 :: Rewards 12736.205 :: steps: 1.00 :: Time: 2.674(2.67396/step) :: Entropy : 0.000 :: Grads : []
530 :: Rewards 13039.711 :: steps: 1.00 :: Time: 2.683(2.68268/step) :: Entropy : 0.000 :: Grads : []
540 :: Rewards 13340.227 :: steps: 1.00 :: Time: 2.707(2.70749/step) :: Entropy : 0.000 :: Grads : []
550 :: Rewards 13605.430 :: steps: 1.00 :: Time: 2.730(2.72985/step) :: Entropy : 0.000 :: Grads : []
560 :: Rewards 13915.794 :: steps: 1.00 :: Time: 2.658(2.65802/step) :: Entropy : 0.000 :: Grads : []
570 :: Rewards 14196.904 :: steps: 1.00 :: Time: 2.728(2.72810/step) :: Entropy : 0.000 :: Grads : []
580 :: Rewards 14471.863 :: steps: 1.00 :: Time: 2.675(2.67544/step) :: Entropy : 0.000 :: Grads : []
590 :: Rewards 14775.262 :: steps: 1.00 :: Time: 2.685(2.68467/step) :: Entropy : 0.000 :: Grads : []
600 :: Rewards 15045.333 :: steps: 1.00 :: Time: 2.673(2.67346/step) :: Entropy : 0.000 :: Grads : []
610 :: Rewards 15306.257 :: steps: 1.00 :: Time: 2.671(2.67081/step) :: Entropy : 0.000 :: Grads : []
620 :: Rewards 15515.184 :: steps: 1.00 :: Time: 2.671(2.67056/step) :: Entropy : 0.000 :: Grads : []
630 :: Rewards 15782.021 :: steps: 1.00 :: Time: 2.668(2.66792/step) :: Entropy : 0.000 :: Grads : []
640 :: Rewards 16028.652 :: steps: 1.00 :: Time: 2.706(2.70625/step) :: Entropy : 0.000 :: Grads : []
650 :: Rewards 16272.715 :: steps: 1.00 :: Time: 2.664(2.66355/step) :: Entropy : 0.000 :: Grads : []
660 :: Rewards 16524.549 :: steps: 1.00 :: Time: 2.690(2.69000/step) :: Entropy : 0.000 :: Grads : []
670 :: Rewards 16778.812 :: steps: 1.00 :: Time: 2.671(2.67071/step) :: Entropy : 0.000 :: Grads : []
680 :: Rewards 17035.009 :: steps: 1.00 :: Time: 2.686(2.68638/step) :: Entropy : 0.000 :: Grads : []
690 :: Rewards 17279.939 :: steps: 1.00 :: Time: 2.704(2.70398/step) :: Entropy : 0.000 :: Grads : []
700 :: Rewards 17527.519 :: steps: 1.00 :: Time: 2.657(2.65717/step) :: Entropy : 0.000 :: Grads : []
710 :: Rewards 17762.220 :: steps: 1.00 :: Time: 2.691(2.69147/step) :: Entropy : 0.000 :: Grads : []
720 :: Rewards 18001.465 :: steps: 1.00 :: Time: 2.687(2.68727/step) :: Entropy : 0.000 :: Grads : []
730 :: Rewards 18230.479 :: steps: 1.00 :: Time: 2.679(2.67902/step) :: Entropy : 0.000 :: Grads : []
740 :: Rewards 18470.901 :: steps: 1.00 :: Time: 2.659(2.65902/step) :: Entropy : 0.000 :: Grads : []
750 :: Rewards 18701.584 :: steps: 1.00 :: Time: 2.681(2.68095/step) :: Entropy : 0.000 :: Grads : []
760 :: Rewards 18918.027 :: steps: 1.00 :: Time: 2.673(2.67298/step) :: Entropy : 0.000 :: Grads : []
770 :: Rewards 19177.242 :: steps: 1.00 :: Time: 2.743(2.74292/step) :: Entropy : 0.000 :: Grads : []
780 :: Rewards 19378.437 :: steps: 1.00 :: Time: 2.762(2.76211/step) :: Entropy : 0.000 :: Grads : []
790 :: Rewards 19593.920 :: steps: 1.00 :: Time: 2.836(2.83563/step) :: Entropy : 0.000 :: Grads : []
800 :: Rewards 19825.210 :: steps: 1.00 :: Time: 2.718(2.71842/step) :: Entropy : 0.000 :: Grads : []
810 :: Rewards 20042.696 :: steps: 1.00 :: Time: 2.791(2.79133/step) :: Entropy : 0.000 :: Grads : []
820 :: Rewards 20303.701 :: steps: 1.00 :: Time: 2.745(2.74520/step) :: Entropy : 0.000 :: Grads : []
830 :: Rewards 20508.819 :: steps: 1.00 :: Time: 2.707(2.70689/step) :: Entropy : 0.000 :: Grads : []
840 :: Rewards 20729.626 :: steps: 1.00 :: Time: 2.775(2.77466/step) :: Entropy : 0.000 :: Grads : []
850 :: Rewards 20935.187 :: steps: 1.00 :: Time: 2.805(2.80537/step) :: Entropy : 0.000 :: Grads : []
860 :: Rewards 21102.945 :: steps: 1.00 :: Time: 2.861(2.86057/step) :: Entropy : 0.000 :: Grads : []
870 :: Rewards 21216.999 :: steps: 1.00 :: Time: 2.801(2.80107/step) :: Entropy : 0.000 :: Grads : []
880 :: Rewards 21388.749 :: steps: 1.00 :: Time: 2.784(2.78382/step) :: Entropy : 0.000 :: Grads : []
890 :: Rewards 21582.138 :: steps: 1.00 :: Time: 2.941(2.94124/step) :: Entropy : 0.000 :: Grads : []
900 :: Rewards 21780.741 :: steps: 1.00 :: Time: 2.808(2.80770/step) :: Entropy : 0.000 :: Grads : []
910 :: Rewards 21977.613 :: steps: 1.00 :: Time: 2.773(2.77292/step) :: Entropy : 0.000 :: Grads : []
920 :: Rewards 22097.254 :: steps: 1.00 :: Time: 2.830(2.83039/step) :: Entropy : 0.000 :: Grads : []
930 :: Rewards 22222.074 :: steps: 1.00 :: Time: 2.803(2.80289/step) :: Entropy : 0.000 :: Grads : []
940 :: Rewards 22378.692 :: steps: 1.00 :: Time: 2.817(2.81698/step) :: Entropy : 0.000 :: Grads : []
950 :: Rewards 22539.694 :: steps: 1.00 :: Time: 2.809(2.80864/step) :: Entropy : 0.000 :: Grads : []
960 :: Rewards 22698.000 :: steps: 1.00 :: Time: 2.793(2.79333/step) :: Entropy : 0.000 :: Grads : []
970 :: Rewards 22832.802 :: steps: 1.00 :: Time: 2.868(2.86843/step) :: Entropy : 0.000 :: Grads : []
980 :: Rewards 22998.343 :: steps: 1.00 :: Time: 2.756(2.75563/step) :: Entropy : 0.000 :: Grads : []
990 :: Rewards 23157.765 :: steps: 1.00 :: Time: 2.742(2.74218/step) :: Entropy : 0.000 :: Grads : []
999 :: Rewards 23270.137 :: steps: 0.90 :: Time: 2.466(2.73989/step) :: Entropy : 0.000 :: Grads : []
Total time taken: 2745.6438961029053
