Module path:  Environments.NS_Reco NS_Reco
Dynamically loaded from:  <class 'Environments.NS_Reco.NS_Reco'>
Reward Amplitudes: [4.17022005e-01 7.20324493e-01 1.14374817e-04 3.02332573e-01
 1.46755891e-01] :: Avg 0.317309867282206 
Module path:  Src.Algorithms.ProOLS ProOLS
Dynamically loaded from:  <class 'Src.Algorithms.ProOLS.ProOLS'>
=====Configurations=====
 Namespace(NN_basis_dim='32', Policy_basis_dim='32', actor_lr=0.006528973986480399, algo_name='ProOLS', base=0, batch_size=1000, buffer_size=1000, debug=False, delta=1, entropy_lambda=0.03442646767804006, env_name='NS_Reco', experiment='NS_3_', extrapolator_basis='Fourier', folder_suffix='Default', fourier_coupled=True, fourier_k=7, fourier_order=3, gamma=0.99, gauss_std=1.5, gpu=0, hyper='default', importance_clip=5.0, inc=1, log_output='term_file', max_episodes=1000, max_inner=30, max_steps=500, optim='rmsprop', oracle=-1, raw_basis=True, restore=False, save_count=100, save_model=True, seed=2, speed=3, state_lr=0.001, summary=True, swarm=False, timestamp='5|24|22:6:38')
Actions space: 5 :: State space: 1
State Low: tensor([0.]) :: State High: tensor([1.])
State features:  [('dummy_param', torch.Size([1]))]
Policy:  [('fc1.weight', torch.Size([5, 1])), ('fc1.bias', torch.Size([5]))]
0 :: Rewards -0.012 :: steps: 0.10 :: Time: 0.000(0.00068/step) :: Entropy : 0.000 :: Grads : []
10 :: Rewards 0.198 :: steps: 1.00 :: Time: 0.006(0.00580/step) :: Entropy : 0.000 :: Grads : []
20 :: Rewards 1.060 :: steps: 1.00 :: Time: 0.014(0.01375/step) :: Entropy : 0.000 :: Grads : []
30 :: Rewards 2.225 :: steps: 1.00 :: Time: 0.014(0.01407/step) :: Entropy : 0.000 :: Grads : []
40 :: Rewards 3.899 :: steps: 1.00 :: Time: 0.014(0.01355/step) :: Entropy : 0.000 :: Grads : []
50 :: Rewards 6.982 :: steps: 1.00 :: Time: 0.014(0.01366/step) :: Entropy : 0.000 :: Grads : []
60 :: Rewards 11.023 :: steps: 1.00 :: Time: 0.014(0.01368/step) :: Entropy : 0.000 :: Grads : []
70 :: Rewards 15.693 :: steps: 1.00 :: Time: 0.014(0.01386/step) :: Entropy : 0.000 :: Grads : []
80 :: Rewards 20.933 :: steps: 1.00 :: Time: 0.014(0.01401/step) :: Entropy : 0.000 :: Grads : []
90 :: Rewards 26.680 :: steps: 1.00 :: Time: 0.014(0.01411/step) :: Entropy : 0.000 :: Grads : []
100 :: Rewards 32.837 :: steps: 1.00 :: Time: 0.014(0.01428/step) :: Entropy : 0.000 :: Grads : []
110 :: Rewards 39.389 :: steps: 1.00 :: Time: 0.014(0.01434/step) :: Entropy : 0.000 :: Grads : []
120 :: Rewards 46.179 :: steps: 1.00 :: Time: 0.014(0.01448/step) :: Entropy : 0.000 :: Grads : []
130 :: Rewards 53.158 :: steps: 1.00 :: Time: 0.015(0.01463/step) :: Entropy : 0.000 :: Grads : []
140 :: Rewards 60.320 :: steps: 1.00 :: Time: 0.015(0.01482/step) :: Entropy : 0.000 :: Grads : []
150 :: Rewards 67.492 :: steps: 1.00 :: Time: 0.015(0.01494/step) :: Entropy : 0.000 :: Grads : []
160 :: Rewards 74.648 :: steps: 1.00 :: Time: 0.015(0.01493/step) :: Entropy : 0.000 :: Grads : []
170 :: Rewards 81.691 :: steps: 1.00 :: Time: 0.015(0.01529/step) :: Entropy : 0.000 :: Grads : []
180 :: Rewards 88.562 :: steps: 1.00 :: Time: 0.015(0.01528/step) :: Entropy : 0.000 :: Grads : []
190 :: Rewards 95.143 :: steps: 1.00 :: Time: 0.016(0.01558/step) :: Entropy : 0.000 :: Grads : []
200 :: Rewards 101.331 :: steps: 1.00 :: Time: 0.015(0.01549/step) :: Entropy : 0.000 :: Grads : []
210 :: Rewards 107.152 :: steps: 1.00 :: Time: 0.016(0.01558/step) :: Entropy : 0.000 :: Grads : []
220 :: Rewards 112.444 :: steps: 1.00 :: Time: 0.016(0.01575/step) :: Entropy : 0.000 :: Grads : []
230 :: Rewards 117.199 :: steps: 1.00 :: Time: 0.016(0.01586/step) :: Entropy : 0.000 :: Grads : []
240 :: Rewards 121.318 :: steps: 1.00 :: Time: 0.016(0.01595/step) :: Entropy : 0.000 :: Grads : []
250 :: Rewards 124.815 :: steps: 1.00 :: Time: 0.016(0.01602/step) :: Entropy : 0.000 :: Grads : []
260 :: Rewards 127.641 :: steps: 1.00 :: Time: 0.016(0.01636/step) :: Entropy : 0.000 :: Grads : []
270 :: Rewards 129.768 :: steps: 1.00 :: Time: 0.016(0.01649/step) :: Entropy : 0.000 :: Grads : []
280 :: Rewards 131.426 :: steps: 1.00 :: Time: 0.017(0.01663/step) :: Entropy : 0.000 :: Grads : []
290 :: Rewards 133.592 :: steps: 1.00 :: Time: 0.017(0.01664/step) :: Entropy : 0.000 :: Grads : []
300 :: Rewards 135.593 :: steps: 1.00 :: Time: 0.017(0.01683/step) :: Entropy : 0.000 :: Grads : []
310 :: Rewards 137.395 :: steps: 1.00 :: Time: 0.017(0.01714/step) :: Entropy : 0.000 :: Grads : []
320 :: Rewards 139.026 :: steps: 1.00 :: Time: 0.017(0.01741/step) :: Entropy : 0.000 :: Grads : []
330 :: Rewards 140.465 :: steps: 1.00 :: Time: 0.018(0.01765/step) :: Entropy : 0.000 :: Grads : []
340 :: Rewards 141.649 :: steps: 1.00 :: Time: 0.018(0.01794/step) :: Entropy : 0.000 :: Grads : []
350 :: Rewards 142.832 :: steps: 1.00 :: Time: 0.018(0.01802/step) :: Entropy : 0.000 :: Grads : []
360 :: Rewards 143.874 :: steps: 1.00 :: Time: 0.018(0.01837/step) :: Entropy : 0.000 :: Grads : []
370 :: Rewards 144.679 :: steps: 1.00 :: Time: 0.018(0.01849/step) :: Entropy : 0.000 :: Grads : []
380 :: Rewards 145.580 :: steps: 1.00 :: Time: 0.019(0.01856/step) :: Entropy : 0.000 :: Grads : []
390 :: Rewards 145.812 :: steps: 1.00 :: Time: 0.019(0.01868/step) :: Entropy : 0.000 :: Grads : []
400 :: Rewards 146.552 :: steps: 1.00 :: Time: 0.019(0.01895/step) :: Entropy : 0.000 :: Grads : []
410 :: Rewards 147.338 :: steps: 1.00 :: Time: 0.019(0.01924/step) :: Entropy : 0.000 :: Grads : []
420 :: Rewards 147.845 :: steps: 1.00 :: Time: 0.020(0.01983/step) :: Entropy : 0.000 :: Grads : []
430 :: Rewards 148.229 :: steps: 1.00 :: Time: 0.020(0.01987/step) :: Entropy : 0.000 :: Grads : []
440 :: Rewards 148.310 :: steps: 1.00 :: Time: 0.020(0.02011/step) :: Entropy : 0.000 :: Grads : []
450 :: Rewards 147.954 :: steps: 1.00 :: Time: 0.020(0.01995/step) :: Entropy : 0.000 :: Grads : []
460 :: Rewards 146.854 :: steps: 1.00 :: Time: 0.020(0.02045/step) :: Entropy : 0.000 :: Grads : []
470 :: Rewards 146.822 :: steps: 1.00 :: Time: 0.020(0.02041/step) :: Entropy : 0.000 :: Grads : []
480 :: Rewards 146.957 :: steps: 1.00 :: Time: 0.020(0.02032/step) :: Entropy : 0.000 :: Grads : []
490 :: Rewards 145.774 :: steps: 1.00 :: Time: 0.020(0.02040/step) :: Entropy : 0.000 :: Grads : []
500 :: Rewards 145.181 :: steps: 1.00 :: Time: 0.021(0.02081/step) :: Entropy : 0.000 :: Grads : []
510 :: Rewards 144.625 :: steps: 1.00 :: Time: 0.021(0.02092/step) :: Entropy : 0.000 :: Grads : []
520 :: Rewards 144.563 :: steps: 1.00 :: Time: 0.021(0.02133/step) :: Entropy : 0.000 :: Grads : []
530 :: Rewards 144.507 :: steps: 1.00 :: Time: 0.021(0.02139/step) :: Entropy : 0.000 :: Grads : []
540 :: Rewards 144.079 :: steps: 1.00 :: Time: 0.021(0.02134/step) :: Entropy : 0.000 :: Grads : []
550 :: Rewards 143.139 :: steps: 1.00 :: Time: 0.021(0.02126/step) :: Entropy : 0.000 :: Grads : []
560 :: Rewards 142.995 :: steps: 1.00 :: Time: 0.022(0.02152/step) :: Entropy : 0.000 :: Grads : []
570 :: Rewards 142.893 :: steps: 1.00 :: Time: 0.022(0.02194/step) :: Entropy : 0.000 :: Grads : []
580 :: Rewards 142.758 :: steps: 1.00 :: Time: 0.022(0.02194/step) :: Entropy : 0.000 :: Grads : []
590 :: Rewards 142.390 :: steps: 1.00 :: Time: 0.022(0.02171/step) :: Entropy : 0.000 :: Grads : []
600 :: Rewards 142.867 :: steps: 1.00 :: Time: 0.022(0.02213/step) :: Entropy : 0.000 :: Grads : []
610 :: Rewards 144.251 :: steps: 1.00 :: Time: 0.022(0.02221/step) :: Entropy : 0.000 :: Grads : []
620 :: Rewards 146.509 :: steps: 1.00 :: Time: 0.022(0.02208/step) :: Entropy : 0.000 :: Grads : []
630 :: Rewards 149.519 :: steps: 1.00 :: Time: 0.022(0.02239/step) :: Entropy : 0.000 :: Grads : []
640 :: Rewards 153.179 :: steps: 1.00 :: Time: 0.022(0.02248/step) :: Entropy : 0.000 :: Grads : []
650 :: Rewards 157.466 :: steps: 1.00 :: Time: 0.022(0.02247/step) :: Entropy : 0.000 :: Grads : []
660 :: Rewards 162.359 :: steps: 1.00 :: Time: 0.023(0.02295/step) :: Entropy : 0.000 :: Grads : []
670 :: Rewards 167.850 :: steps: 1.00 :: Time: 0.025(0.02468/step) :: Entropy : 0.000 :: Grads : []
680 :: Rewards 173.762 :: steps: 1.00 :: Time: 0.023(0.02296/step) :: Entropy : 0.000 :: Grads : []
690 :: Rewards 180.073 :: steps: 1.00 :: Time: 0.023(0.02326/step) :: Entropy : 0.000 :: Grads : []
700 :: Rewards 186.730 :: steps: 1.00 :: Time: 0.023(0.02296/step) :: Entropy : 0.000 :: Grads : []
710 :: Rewards 193.663 :: steps: 1.00 :: Time: 0.023(0.02316/step) :: Entropy : 0.000 :: Grads : []
720 :: Rewards 200.731 :: steps: 1.00 :: Time: 0.023(0.02329/step) :: Entropy : 0.000 :: Grads : []
730 :: Rewards 207.964 :: steps: 1.00 :: Time: 0.023(0.02340/step) :: Entropy : 0.000 :: Grads : []
740 :: Rewards 215.200 :: steps: 1.00 :: Time: 0.023(0.02330/step) :: Entropy : 0.000 :: Grads : []
750 :: Rewards 222.345 :: steps: 1.00 :: Time: 0.024(0.02364/step) :: Entropy : 0.000 :: Grads : []
760 :: Rewards 229.291 :: steps: 1.00 :: Time: 0.024(0.02362/step) :: Entropy : 0.000 :: Grads : []
770 :: Rewards 236.049 :: steps: 1.00 :: Time: 0.024(0.02395/step) :: Entropy : 0.000 :: Grads : []
780 :: Rewards 242.479 :: steps: 1.00 :: Time: 0.024(0.02394/step) :: Entropy : 0.000 :: Grads : []
790 :: Rewards 248.543 :: steps: 1.00 :: Time: 0.024(0.02424/step) :: Entropy : 0.000 :: Grads : []
800 :: Rewards 254.129 :: steps: 1.00 :: Time: 0.025(0.02451/step) :: Entropy : 0.000 :: Grads : []
810 :: Rewards 259.161 :: steps: 1.00 :: Time: 0.024(0.02441/step) :: Entropy : 0.000 :: Grads : []
820 :: Rewards 263.664 :: steps: 1.00 :: Time: 0.025(0.02475/step) :: Entropy : 0.000 :: Grads : []
830 :: Rewards 267.557 :: steps: 1.00 :: Time: 0.025(0.02492/step) :: Entropy : 0.000 :: Grads : []
840 :: Rewards 270.762 :: steps: 1.00 :: Time: 0.025(0.02539/step) :: Entropy : 0.000 :: Grads : []
850 :: Rewards 273.243 :: steps: 1.00 :: Time: 0.025(0.02515/step) :: Entropy : 0.000 :: Grads : []
860 :: Rewards 275.106 :: steps: 1.00 :: Time: 0.025(0.02488/step) :: Entropy : 0.000 :: Grads : []
870 :: Rewards 276.843 :: steps: 1.00 :: Time: 0.025(0.02484/step) :: Entropy : 0.000 :: Grads : []
880 :: Rewards 279.148 :: steps: 1.00 :: Time: 0.025(0.02525/step) :: Entropy : 0.000 :: Grads : []
890 :: Rewards 281.613 :: steps: 1.00 :: Time: 0.025(0.02513/step) :: Entropy : 0.000 :: Grads : []
900 :: Rewards 284.185 :: steps: 1.00 :: Time: 0.025(0.02545/step) :: Entropy : 0.000 :: Grads : []
910 :: Rewards 286.891 :: steps: 1.00 :: Time: 0.026(0.02573/step) :: Entropy : 0.000 :: Grads : []
920 :: Rewards 289.694 :: steps: 1.00 :: Time: 0.025(0.02548/step) :: Entropy : 0.000 :: Grads : []
930 :: Rewards 292.543 :: steps: 1.00 :: Time: 0.026(0.02566/step) :: Entropy : 0.000 :: Grads : []
940 :: Rewards 295.513 :: steps: 1.00 :: Time: 0.026(0.02590/step) :: Entropy : 0.000 :: Grads : []
950 :: Rewards 298.516 :: steps: 1.00 :: Time: 0.026(0.02591/step) :: Entropy : 0.000 :: Grads : []
960 :: Rewards 301.548 :: steps: 1.00 :: Time: 0.026(0.02588/step) :: Entropy : 0.000 :: Grads : []
970 :: Rewards 304.553 :: steps: 1.00 :: Time: 0.026(0.02586/step) :: Entropy : 0.000 :: Grads : []
980 :: Rewards 307.587 :: steps: 1.00 :: Time: 0.026(0.02574/step) :: Entropy : 0.000 :: Grads : []
990 :: Rewards 310.557 :: steps: 1.00 :: Time: 0.026(0.02600/step) :: Entropy : 0.000 :: Grads : []
999 :: Rewards 313.168 :: steps: 0.90 :: Time: 0.024(0.02633/step) :: Entropy : 0.000 :: Grads : []
Total time taken: 20.1966450214386
