Module path:  Environments.NS_Reco NS_Reco
Dynamically loaded from:  <class 'Environments.NS_Reco.NS_Reco'>
Reward Amplitudes: [4.17022005e-01 7.20324493e-01 1.14374817e-04 3.02332573e-01
 1.46755891e-01] :: Avg 0.317309867282206 
Module path:  Src.Algorithms.ProWLS ProWLS
Dynamically loaded from:  <class 'Src.Algorithms.ProWLS.ProWLS'>
=====Configurations=====
 Namespace(NN_basis_dim='32', Policy_basis_dim='32', actor_lr=0.00450428892499054, algo_name='ProWLS', base=0, batch_size=1000, buffer_size=1000, debug=False, delta=3, entropy_lambda=0.07518854390699839, env_name='NS_Reco', experiment='NS_3_', extrapolator_basis='Fourier', folder_suffix='Default', fourier_coupled=True, fourier_k=5, fourier_order=3, gamma=0.99, gauss_std=1.5, gpu=0, hyper='default', importance_clip=10.0, inc=1, log_output='term_file', max_episodes=1000, max_inner=90, max_steps=500, optim='rmsprop', oracle=-1, raw_basis=True, restore=False, save_count=100, save_model=True, seed=29, speed=3, state_lr=0.001, summary=True, swarm=False, timestamp='5|24|22:34:40')
Actions space: 5 :: State space: 1
State Low: tensor([0.]) :: State High: tensor([1.])
State features:  [('dummy_param', torch.Size([1]))]
Policy:  [('fc1.weight', torch.Size([5, 1])), ('fc1.bias', torch.Size([5]))]
0 :: Rewards 0.007 :: steps: 0.10 :: Time: 0.000(0.00064/step) :: Entropy : 0.000 :: Grads : []
10 :: Rewards 0.200 :: steps: 1.00 :: Time: 0.010(0.01038/step) :: Entropy : 0.000 :: Grads : []
20 :: Rewards 0.755 :: steps: 1.00 :: Time: 0.020(0.02045/step) :: Entropy : 0.000 :: Grads : []
30 :: Rewards 1.079 :: steps: 1.00 :: Time: 0.016(0.01567/step) :: Entropy : 0.000 :: Grads : []
40 :: Rewards 2.526 :: steps: 1.00 :: Time: 0.015(0.01527/step) :: Entropy : 0.000 :: Grads : []
50 :: Rewards 4.691 :: steps: 1.00 :: Time: 0.021(0.02051/step) :: Entropy : 0.000 :: Grads : []
60 :: Rewards 7.834 :: steps: 1.00 :: Time: 0.016(0.01564/step) :: Entropy : 0.000 :: Grads : []
70 :: Rewards 11.657 :: steps: 1.00 :: Time: 0.016(0.01594/step) :: Entropy : 0.000 :: Grads : []
80 :: Rewards 16.598 :: steps: 1.00 :: Time: 0.022(0.02155/step) :: Entropy : 0.000 :: Grads : []
90 :: Rewards 20.412 :: steps: 1.00 :: Time: 0.016(0.01647/step) :: Entropy : 0.000 :: Grads : []
100 :: Rewards 25.944 :: steps: 1.00 :: Time: 0.017(0.01669/step) :: Entropy : 0.000 :: Grads : []
110 :: Rewards 31.891 :: steps: 1.00 :: Time: 0.023(0.02265/step) :: Entropy : 0.000 :: Grads : []
120 :: Rewards 38.002 :: steps: 1.00 :: Time: 0.017(0.01728/step) :: Entropy : 0.000 :: Grads : []
130 :: Rewards 41.938 :: steps: 1.00 :: Time: 0.018(0.01765/step) :: Entropy : 0.000 :: Grads : []
140 :: Rewards 47.806 :: steps: 1.00 :: Time: 0.024(0.02395/step) :: Entropy : 0.000 :: Grads : []
150 :: Rewards 55.035 :: steps: 1.00 :: Time: 0.018(0.01834/step) :: Entropy : 0.000 :: Grads : []
160 :: Rewards 62.164 :: steps: 1.00 :: Time: 0.021(0.02088/step) :: Entropy : 0.000 :: Grads : []
170 :: Rewards 67.390 :: steps: 1.00 :: Time: 0.026(0.02589/step) :: Entropy : 0.000 :: Grads : []
180 :: Rewards 73.314 :: steps: 1.00 :: Time: 0.020(0.01982/step) :: Entropy : 0.000 :: Grads : []
190 :: Rewards 79.930 :: steps: 1.00 :: Time: 0.021(0.02114/step) :: Entropy : 0.000 :: Grads : []
200 :: Rewards 84.978 :: steps: 1.00 :: Time: 0.029(0.02886/step) :: Entropy : 0.000 :: Grads : []
210 :: Rewards 89.941 :: steps: 1.00 :: Time: 0.023(0.02262/step) :: Entropy : 0.000 :: Grads : []
220 :: Rewards 94.401 :: steps: 1.00 :: Time: 0.023(0.02320/step) :: Entropy : 0.000 :: Grads : []
230 :: Rewards 98.914 :: steps: 1.00 :: Time: 0.032(0.03200/step) :: Entropy : 0.000 :: Grads : []
240 :: Rewards 102.659 :: steps: 1.00 :: Time: 0.025(0.02462/step) :: Entropy : 0.000 :: Grads : []
250 :: Rewards 106.076 :: steps: 1.00 :: Time: 0.025(0.02534/step) :: Entropy : 0.000 :: Grads : []
260 :: Rewards 109.239 :: steps: 1.00 :: Time: 0.035(0.03458/step) :: Entropy : 0.000 :: Grads : []
270 :: Rewards 112.227 :: steps: 1.00 :: Time: 0.026(0.02646/step) :: Entropy : 0.000 :: Grads : []
280 :: Rewards 114.733 :: steps: 1.00 :: Time: 0.027(0.02701/step) :: Entropy : 0.000 :: Grads : []
290 :: Rewards 117.307 :: steps: 1.00 :: Time: 0.037(0.03660/step) :: Entropy : 0.000 :: Grads : []
300 :: Rewards 119.853 :: steps: 1.00 :: Time: 0.028(0.02798/step) :: Entropy : 0.000 :: Grads : []
310 :: Rewards 121.949 :: steps: 1.00 :: Time: 0.029(0.02876/step) :: Entropy : 0.000 :: Grads : []
320 :: Rewards 123.712 :: steps: 1.00 :: Time: 0.040(0.03981/step) :: Entropy : 0.000 :: Grads : []
330 :: Rewards 125.299 :: steps: 1.00 :: Time: 0.031(0.03075/step) :: Entropy : 0.000 :: Grads : []
340 :: Rewards 126.232 :: steps: 1.00 :: Time: 0.031(0.03070/step) :: Entropy : 0.000 :: Grads : []
350 :: Rewards 127.460 :: steps: 1.00 :: Time: 0.042(0.04171/step) :: Entropy : 0.000 :: Grads : []
360 :: Rewards 128.432 :: steps: 1.00 :: Time: 0.034(0.03370/step) :: Entropy : 0.000 :: Grads : []
370 :: Rewards 128.698 :: steps: 1.00 :: Time: 0.036(0.03601/step) :: Entropy : 0.000 :: Grads : []
380 :: Rewards 129.223 :: steps: 1.00 :: Time: 0.054(0.05428/step) :: Entropy : 0.000 :: Grads : []
390 :: Rewards 129.941 :: steps: 1.00 :: Time: 0.040(0.04033/step) :: Entropy : 0.000 :: Grads : []
400 :: Rewards 130.551 :: steps: 1.00 :: Time: 0.039(0.03942/step) :: Entropy : 0.000 :: Grads : []
410 :: Rewards 130.013 :: steps: 1.00 :: Time: 0.050(0.04969/step) :: Entropy : 0.000 :: Grads : []
420 :: Rewards 130.212 :: steps: 1.00 :: Time: 0.038(0.03788/step) :: Entropy : 0.000 :: Grads : []
430 :: Rewards 130.412 :: steps: 1.00 :: Time: 0.039(0.03920/step) :: Entropy : 0.000 :: Grads : []
440 :: Rewards 130.083 :: steps: 1.00 :: Time: 0.053(0.05268/step) :: Entropy : 0.000 :: Grads : []
450 :: Rewards 129.268 :: steps: 1.00 :: Time: 0.041(0.04053/step) :: Entropy : 0.000 :: Grads : []
460 :: Rewards 129.334 :: steps: 1.00 :: Time: 0.041(0.04138/step) :: Entropy : 0.000 :: Grads : []
470 :: Rewards 128.633 :: steps: 1.00 :: Time: 0.056(0.05625/step) :: Entropy : 0.000 :: Grads : []
480 :: Rewards 128.745 :: steps: 1.00 :: Time: 0.043(0.04299/step) :: Entropy : 0.000 :: Grads : []
490 :: Rewards 128.496 :: steps: 1.00 :: Time: 0.047(0.04723/step) :: Entropy : 0.000 :: Grads : []
500 :: Rewards 128.481 :: steps: 1.00 :: Time: 0.060(0.05977/step) :: Entropy : 0.000 :: Grads : []
510 :: Rewards 127.889 :: steps: 1.00 :: Time: 0.048(0.04802/step) :: Entropy : 0.000 :: Grads : []
520 :: Rewards 127.449 :: steps: 1.00 :: Time: 0.047(0.04719/step) :: Entropy : 0.000 :: Grads : []
530 :: Rewards 127.060 :: steps: 1.00 :: Time: 0.064(0.06374/step) :: Entropy : 0.000 :: Grads : []
540 :: Rewards 126.528 :: steps: 1.00 :: Time: 0.049(0.04926/step) :: Entropy : 0.000 :: Grads : []
550 :: Rewards 125.997 :: steps: 1.00 :: Time: 0.050(0.05026/step) :: Entropy : 0.000 :: Grads : []
560 :: Rewards 125.393 :: steps: 1.00 :: Time: 0.069(0.06905/step) :: Entropy : 0.000 :: Grads : []
570 :: Rewards 125.046 :: steps: 1.00 :: Time: 0.052(0.05228/step) :: Entropy : 0.000 :: Grads : []
580 :: Rewards 124.496 :: steps: 1.00 :: Time: 0.052(0.05232/step) :: Entropy : 0.000 :: Grads : []
590 :: Rewards 123.632 :: steps: 1.00 :: Time: 0.070(0.06971/step) :: Entropy : 0.000 :: Grads : []
600 :: Rewards 123.952 :: steps: 1.00 :: Time: 0.053(0.05305/step) :: Entropy : 0.000 :: Grads : []
610 :: Rewards 125.146 :: steps: 1.00 :: Time: 0.054(0.05414/step) :: Entropy : 0.000 :: Grads : []
620 :: Rewards 127.424 :: steps: 1.00 :: Time: 0.073(0.07337/step) :: Entropy : 0.000 :: Grads : []
630 :: Rewards 130.425 :: steps: 1.00 :: Time: 0.057(0.05672/step) :: Entropy : 0.000 :: Grads : []
640 :: Rewards 134.104 :: steps: 1.00 :: Time: 0.057(0.05739/step) :: Entropy : 0.000 :: Grads : []
650 :: Rewards 137.213 :: steps: 1.00 :: Time: 0.079(0.07908/step) :: Entropy : 0.000 :: Grads : []
660 :: Rewards 141.288 :: steps: 1.00 :: Time: 0.062(0.06198/step) :: Entropy : 0.000 :: Grads : []
670 :: Rewards 146.732 :: steps: 1.00 :: Time: 0.063(0.06330/step) :: Entropy : 0.000 :: Grads : []
680 :: Rewards 152.646 :: steps: 1.00 :: Time: 0.086(0.08624/step) :: Entropy : 0.000 :: Grads : []
690 :: Rewards 158.058 :: steps: 1.00 :: Time: 0.066(0.06596/step) :: Entropy : 0.000 :: Grads : []
700 :: Rewards 163.169 :: steps: 1.00 :: Time: 0.067(0.06698/step) :: Entropy : 0.000 :: Grads : []
710 :: Rewards 169.212 :: steps: 1.00 :: Time: 0.092(0.09193/step) :: Entropy : 0.000 :: Grads : []
720 :: Rewards 175.495 :: steps: 1.00 :: Time: 0.073(0.07262/step) :: Entropy : 0.000 :: Grads : []
730 :: Rewards 181.846 :: steps: 1.00 :: Time: 0.075(0.07549/step) :: Entropy : 0.000 :: Grads : []
740 :: Rewards 189.029 :: steps: 1.00 :: Time: 0.099(0.09858/step) :: Entropy : 0.000 :: Grads : []
750 :: Rewards 195.393 :: steps: 1.00 :: Time: 0.076(0.07630/step) :: Entropy : 0.000 :: Grads : []
760 :: Rewards 202.334 :: steps: 1.00 :: Time: 0.077(0.07733/step) :: Entropy : 0.000 :: Grads : []
770 :: Rewards 207.703 :: steps: 1.00 :: Time: 0.107(0.10712/step) :: Entropy : 0.000 :: Grads : []
780 :: Rewards 214.132 :: steps: 1.00 :: Time: 0.080(0.08023/step) :: Entropy : 0.000 :: Grads : []
790 :: Rewards 217.910 :: steps: 1.00 :: Time: 0.084(0.08400/step) :: Entropy : 0.000 :: Grads : []
800 :: Rewards 221.570 :: steps: 1.00 :: Time: 0.112(0.11209/step) :: Entropy : 0.000 :: Grads : []
810 :: Rewards 226.648 :: steps: 1.00 :: Time: 0.088(0.08783/step) :: Entropy : 0.000 :: Grads : []
820 :: Rewards 230.857 :: steps: 1.00 :: Time: 0.089(0.08930/step) :: Entropy : 0.000 :: Grads : []
830 :: Rewards 234.583 :: steps: 1.00 :: Time: 0.123(0.12311/step) :: Entropy : 0.000 :: Grads : []
840 :: Rewards 237.472 :: steps: 1.00 :: Time: 0.091(0.09114/step) :: Entropy : 0.000 :: Grads : []
850 :: Rewards 239.871 :: steps: 1.00 :: Time: 0.092(0.09228/step) :: Entropy : 0.000 :: Grads : []
860 :: Rewards 241.687 :: steps: 1.00 :: Time: 0.124(0.12389/step) :: Entropy : 0.000 :: Grads : []
870 :: Rewards 242.932 :: steps: 1.00 :: Time: 0.093(0.09311/step) :: Entropy : 0.000 :: Grads : []
880 :: Rewards 245.687 :: steps: 1.00 :: Time: 0.097(0.09739/step) :: Entropy : 0.000 :: Grads : []
890 :: Rewards 249.098 :: steps: 1.00 :: Time: 0.136(0.13553/step) :: Entropy : 0.000 :: Grads : []
900 :: Rewards 252.770 :: steps: 1.00 :: Time: 0.111(0.11054/step) :: Entropy : 0.000 :: Grads : []
910 :: Rewards 256.098 :: steps: 1.00 :: Time: 0.106(0.10642/step) :: Entropy : 0.000 :: Grads : []
920 :: Rewards 259.710 :: steps: 1.00 :: Time: 0.143(0.14279/step) :: Entropy : 0.000 :: Grads : []
930 :: Rewards 262.958 :: steps: 1.00 :: Time: 0.110(0.11030/step) :: Entropy : 0.000 :: Grads : []
940 :: Rewards 266.958 :: steps: 1.00 :: Time: 0.113(0.11332/step) :: Entropy : 0.000 :: Grads : []
950 :: Rewards 270.875 :: steps: 1.00 :: Time: 0.151(0.15147/step) :: Entropy : 0.000 :: Grads : []
960 :: Rewards 274.622 :: steps: 1.00 :: Time: 0.115(0.11538/step) :: Entropy : 0.000 :: Grads : []
970 :: Rewards 278.675 :: steps: 1.00 :: Time: 0.118(0.11784/step) :: Entropy : 0.000 :: Grads : []
980 :: Rewards 282.569 :: steps: 1.00 :: Time: 0.159(0.15892/step) :: Entropy : 0.000 :: Grads : []
990 :: Rewards 286.379 :: steps: 1.00 :: Time: 0.120(0.12040/step) :: Entropy : 0.000 :: Grads : []
999 :: Rewards 289.058 :: steps: 0.90 :: Time: 0.124(0.13777/step) :: Entropy : 0.000 :: Grads : []
Total time taken: 59.155635356903076
