Module path:  Environments.NS_Reco NS_Reco
Dynamically loaded from:  <class 'Environments.NS_Reco.NS_Reco'>
Reward Amplitudes: [4.17022005e-01 7.20324493e-01 1.14374817e-04 3.02332573e-01
 1.46755891e-01] :: Avg 0.317309867282206 
Module path:  Src.Algorithms.ProWLS ProWLS
Dynamically loaded from:  <class 'Src.Algorithms.ProWLS.ProWLS'>
=====Configurations=====
 Namespace(NN_basis_dim='32', Policy_basis_dim='32', actor_lr=0.00450428892499054, algo_name='ProWLS', base=0, batch_size=1000, buffer_size=1000, debug=False, delta=3, entropy_lambda=0.07518854390699839, env_name='NS_Reco', experiment='NS_3r_', extrapolator_basis='Fourier', folder_suffix='Default', fourier_coupled=True, fourier_k=5, fourier_order=3, gamma=0.99, gauss_std=1.5, gpu=0, hyper='default', importance_clip=10.0, inc=1, log_output='term_file', max_episodes=1000, max_inner=90, max_steps=500, optim='rmsprop', oracle=-1, raw_basis=True, restore=False, save_count=100, save_model=True, seed=3, speed=3, state_lr=0.001, summary=True, swarm=False, timestamp='5|25|9:33:33')
Actions space: 5 :: State space: 1
State Low: tensor([0.]) :: State High: tensor([1.])
State features:  [('dummy_param', torch.Size([1]))]
Policy:  [('fc1.weight', torch.Size([5, 1])), ('fc1.bias', torch.Size([5]))]
0 :: Rewards -0.007 :: steps: 0.10 :: Time: 0.000(0.00061/step) :: Entropy : 0.000 :: Grads : []
10 :: Rewards -0.198 :: steps: 1.00 :: Time: 0.010(0.01020/step) :: Entropy : 0.000 :: Grads : []
20 :: Rewards -1.135 :: steps: 1.00 :: Time: 0.020(0.02020/step) :: Entropy : 0.000 :: Grads : []
30 :: Rewards -2.617 :: steps: 1.00 :: Time: 0.016(0.01585/step) :: Entropy : 0.000 :: Grads : []
40 :: Rewards -4.219 :: steps: 1.00 :: Time: 0.015(0.01526/step) :: Entropy : 0.000 :: Grads : []
50 :: Rewards -5.550 :: steps: 1.00 :: Time: 0.021(0.02053/step) :: Entropy : 0.000 :: Grads : []
60 :: Rewards -6.507 :: steps: 1.00 :: Time: 0.016(0.01563/step) :: Entropy : 0.000 :: Grads : []
70 :: Rewards -7.134 :: steps: 1.00 :: Time: 0.016(0.01580/step) :: Entropy : 0.000 :: Grads : []
80 :: Rewards -8.005 :: steps: 1.00 :: Time: 0.021(0.02126/step) :: Entropy : 0.000 :: Grads : []
90 :: Rewards -9.597 :: steps: 1.00 :: Time: 0.016(0.01629/step) :: Entropy : 0.000 :: Grads : []
100 :: Rewards -12.192 :: steps: 1.00 :: Time: 0.017(0.01660/step) :: Entropy : 0.000 :: Grads : []
110 :: Rewards -12.941 :: steps: 1.00 :: Time: 0.023(0.02251/step) :: Entropy : 0.000 :: Grads : []
120 :: Rewards -13.529 :: steps: 1.00 :: Time: 0.017(0.01721/step) :: Entropy : 0.000 :: Grads : []
130 :: Rewards -15.504 :: steps: 1.00 :: Time: 0.018(0.01762/step) :: Entropy : 0.000 :: Grads : []
140 :: Rewards -17.289 :: steps: 1.00 :: Time: 0.024(0.02383/step) :: Entropy : 0.000 :: Grads : []
150 :: Rewards -18.065 :: steps: 1.00 :: Time: 0.018(0.01831/step) :: Entropy : 0.000 :: Grads : []
160 :: Rewards -19.921 :: steps: 1.00 :: Time: 0.019(0.01856/step) :: Entropy : 0.000 :: Grads : []
170 :: Rewards -22.066 :: steps: 1.00 :: Time: 0.026(0.02613/step) :: Entropy : 0.000 :: Grads : []
180 :: Rewards -23.160 :: steps: 1.00 :: Time: 0.022(0.02164/step) :: Entropy : 0.000 :: Grads : []
190 :: Rewards -24.014 :: steps: 1.00 :: Time: 0.021(0.02115/step) :: Entropy : 0.000 :: Grads : []
200 :: Rewards -24.213 :: steps: 1.00 :: Time: 0.033(0.03334/step) :: Entropy : 0.000 :: Grads : []
210 :: Rewards -26.105 :: steps: 1.00 :: Time: 0.025(0.02478/step) :: Entropy : 0.000 :: Grads : []
220 :: Rewards -26.747 :: steps: 1.00 :: Time: 0.028(0.02806/step) :: Entropy : 0.000 :: Grads : []
230 :: Rewards -27.207 :: steps: 1.00 :: Time: 0.033(0.03299/step) :: Entropy : 0.000 :: Grads : []
240 :: Rewards -27.861 :: steps: 1.00 :: Time: 0.024(0.02356/step) :: Entropy : 0.000 :: Grads : []
250 :: Rewards -29.145 :: steps: 1.00 :: Time: 0.024(0.02427/step) :: Entropy : 0.000 :: Grads : []
260 :: Rewards -30.036 :: steps: 1.00 :: Time: 0.033(0.03257/step) :: Entropy : 0.000 :: Grads : []
270 :: Rewards -30.516 :: steps: 1.00 :: Time: 0.025(0.02512/step) :: Entropy : 0.000 :: Grads : []
280 :: Rewards -31.585 :: steps: 1.00 :: Time: 0.025(0.02531/step) :: Entropy : 0.000 :: Grads : []
290 :: Rewards -32.068 :: steps: 1.00 :: Time: 0.034(0.03426/step) :: Entropy : 0.000 :: Grads : []
300 :: Rewards -32.661 :: steps: 1.00 :: Time: 0.026(0.02590/step) :: Entropy : 0.000 :: Grads : []
310 :: Rewards -32.971 :: steps: 1.00 :: Time: 0.026(0.02642/step) :: Entropy : 0.000 :: Grads : []
320 :: Rewards -33.242 :: steps: 1.00 :: Time: 0.040(0.03961/step) :: Entropy : 0.000 :: Grads : []
330 :: Rewards -33.476 :: steps: 1.00 :: Time: 0.031(0.03075/step) :: Entropy : 0.000 :: Grads : []
340 :: Rewards -33.664 :: steps: 1.00 :: Time: 0.031(0.03108/step) :: Entropy : 0.000 :: Grads : []
350 :: Rewards -33.937 :: steps: 1.00 :: Time: 0.042(0.04249/step) :: Entropy : 0.000 :: Grads : []
360 :: Rewards -34.343 :: steps: 1.00 :: Time: 0.033(0.03334/step) :: Entropy : 0.000 :: Grads : []
370 :: Rewards -35.187 :: steps: 1.00 :: Time: 0.034(0.03354/step) :: Entropy : 0.000 :: Grads : []
380 :: Rewards -35.498 :: steps: 1.00 :: Time: 0.046(0.04586/step) :: Entropy : 0.000 :: Grads : []
390 :: Rewards -36.596 :: steps: 1.00 :: Time: 0.037(0.03669/step) :: Entropy : 0.000 :: Grads : []
400 :: Rewards -37.773 :: steps: 1.00 :: Time: 0.041(0.04053/step) :: Entropy : 0.000 :: Grads : []
410 :: Rewards -38.653 :: steps: 1.00 :: Time: 0.059(0.05926/step) :: Entropy : 0.000 :: Grads : []
420 :: Rewards -38.724 :: steps: 1.00 :: Time: 0.042(0.04226/step) :: Entropy : 0.000 :: Grads : []
430 :: Rewards -38.871 :: steps: 1.00 :: Time: 0.039(0.03858/step) :: Entropy : 0.000 :: Grads : []
440 :: Rewards -39.207 :: steps: 1.00 :: Time: 0.053(0.05250/step) :: Entropy : 0.000 :: Grads : []
450 :: Rewards -40.114 :: steps: 1.00 :: Time: 0.040(0.04036/step) :: Entropy : 0.000 :: Grads : []
460 :: Rewards -40.517 :: steps: 1.00 :: Time: 0.042(0.04183/step) :: Entropy : 0.000 :: Grads : []
470 :: Rewards -40.622 :: steps: 1.00 :: Time: 0.057(0.05653/step) :: Entropy : 0.000 :: Grads : []
480 :: Rewards -41.388 :: steps: 1.00 :: Time: 0.043(0.04319/step) :: Entropy : 0.000 :: Grads : []
490 :: Rewards -42.323 :: steps: 1.00 :: Time: 0.045(0.04522/step) :: Entropy : 0.000 :: Grads : []
500 :: Rewards -42.348 :: steps: 1.00 :: Time: 0.060(0.06022/step) :: Entropy : 0.000 :: Grads : []
510 :: Rewards -43.659 :: steps: 1.00 :: Time: 0.046(0.04588/step) :: Entropy : 0.000 :: Grads : []
520 :: Rewards -44.160 :: steps: 1.00 :: Time: 0.048(0.04768/step) :: Entropy : 0.000 :: Grads : []
530 :: Rewards -44.227 :: steps: 1.00 :: Time: 0.064(0.06441/step) :: Entropy : 0.000 :: Grads : []
540 :: Rewards -44.692 :: steps: 1.00 :: Time: 0.049(0.04900/step) :: Entropy : 0.000 :: Grads : []
550 :: Rewards -44.900 :: steps: 1.00 :: Time: 0.051(0.05130/step) :: Entropy : 0.000 :: Grads : []
560 :: Rewards -45.569 :: steps: 1.00 :: Time: 0.067(0.06746/step) :: Entropy : 0.000 :: Grads : []
570 :: Rewards -46.211 :: steps: 1.00 :: Time: 0.052(0.05173/step) :: Entropy : 0.000 :: Grads : []
580 :: Rewards -46.826 :: steps: 1.00 :: Time: 0.054(0.05353/step) :: Entropy : 0.000 :: Grads : []
590 :: Rewards -47.070 :: steps: 1.00 :: Time: 0.073(0.07259/step) :: Entropy : 0.000 :: Grads : []
600 :: Rewards -48.083 :: steps: 1.00 :: Time: 0.055(0.05519/step) :: Entropy : 0.000 :: Grads : []
610 :: Rewards -50.170 :: steps: 1.00 :: Time: 0.059(0.05869/step) :: Entropy : 0.000 :: Grads : []
620 :: Rewards -52.889 :: steps: 1.00 :: Time: 0.082(0.08246/step) :: Entropy : 0.000 :: Grads : []
630 :: Rewards -56.474 :: steps: 1.00 :: Time: 0.063(0.06292/step) :: Entropy : 0.000 :: Grads : []
640 :: Rewards -60.362 :: steps: 1.00 :: Time: 0.064(0.06399/step) :: Entropy : 0.000 :: Grads : []
650 :: Rewards -64.909 :: steps: 1.00 :: Time: 0.107(0.10689/step) :: Entropy : 0.000 :: Grads : []
660 :: Rewards -70.191 :: steps: 1.00 :: Time: 0.072(0.07238/step) :: Entropy : 0.000 :: Grads : []
670 :: Rewards -75.454 :: steps: 1.00 :: Time: 0.069(0.06867/step) :: Entropy : 0.000 :: Grads : []
680 :: Rewards -77.185 :: steps: 1.00 :: Time: 0.090(0.08995/step) :: Entropy : 0.000 :: Grads : []
690 :: Rewards -77.185 :: steps: 1.00 :: Time: 0.076(0.07554/step) :: Entropy : 0.000 :: Grads : []
700 :: Rewards -77.185 :: steps: 1.00 :: Time: 0.066(0.06607/step) :: Entropy : 0.000 :: Grads : []
710 :: Rewards -77.185 :: steps: 1.00 :: Time: 0.091(0.09134/step) :: Entropy : 0.000 :: Grads : []
720 :: Rewards -77.185 :: steps: 1.00 :: Time: 0.068(0.06814/step) :: Entropy : 0.000 :: Grads : []
730 :: Rewards -78.866 :: steps: 1.00 :: Time: 0.070(0.07016/step) :: Entropy : 0.000 :: Grads : []
740 :: Rewards -80.512 :: steps: 1.00 :: Time: 0.108(0.10831/step) :: Entropy : 0.000 :: Grads : []
750 :: Rewards -80.512 :: steps: 1.00 :: Time: 0.074(0.07396/step) :: Entropy : 0.000 :: Grads : []
760 :: Rewards -82.070 :: steps: 1.00 :: Time: 0.077(0.07688/step) :: Entropy : 0.000 :: Grads : []
770 :: Rewards -84.273 :: steps: 1.00 :: Time: 0.111(0.11142/step) :: Entropy : 0.000 :: Grads : []
780 :: Rewards -84.273 :: steps: 1.00 :: Time: 0.081(0.08069/step) :: Entropy : 0.000 :: Grads : []
790 :: Rewards -85.430 :: steps: 1.00 :: Time: 0.091(0.09094/step) :: Entropy : 0.000 :: Grads : []
800 :: Rewards -85.971 :: steps: 1.00 :: Time: 0.118(0.11755/step) :: Entropy : 0.000 :: Grads : []
810 :: Rewards -87.758 :: steps: 1.00 :: Time: 0.091(0.09135/step) :: Entropy : 0.000 :: Grads : []
820 :: Rewards -88.976 :: steps: 1.00 :: Time: 0.104(0.10405/step) :: Entropy : 0.000 :: Grads : []
830 :: Rewards -89.847 :: steps: 1.00 :: Time: 0.125(0.12465/step) :: Entropy : 0.000 :: Grads : []
840 :: Rewards -90.518 :: steps: 1.00 :: Time: 0.091(0.09103/step) :: Entropy : 0.000 :: Grads : []
850 :: Rewards -90.766 :: steps: 1.00 :: Time: 0.095(0.09512/step) :: Entropy : 0.000 :: Grads : []
860 :: Rewards -91.851 :: steps: 1.00 :: Time: 0.127(0.12706/step) :: Entropy : 0.000 :: Grads : []
870 :: Rewards -93.692 :: steps: 1.00 :: Time: 0.097(0.09748/step) :: Entropy : 0.000 :: Grads : []
880 :: Rewards -95.452 :: steps: 1.00 :: Time: 0.100(0.09997/step) :: Entropy : 0.000 :: Grads : []
890 :: Rewards -96.469 :: steps: 1.00 :: Time: 0.136(0.13598/step) :: Entropy : 0.000 :: Grads : []
900 :: Rewards -96.943 :: steps: 1.00 :: Time: 0.106(0.10582/step) :: Entropy : 0.000 :: Grads : []
910 :: Rewards -96.943 :: steps: 1.00 :: Time: 0.113(0.11343/step) :: Entropy : 0.000 :: Grads : []
920 :: Rewards -97.059 :: steps: 1.00 :: Time: 0.148(0.14778/step) :: Entropy : 0.000 :: Grads : []
930 :: Rewards -97.164 :: steps: 1.00 :: Time: 0.119(0.11884/step) :: Entropy : 0.000 :: Grads : []
940 :: Rewards -97.746 :: steps: 1.00 :: Time: 0.111(0.11108/step) :: Entropy : 0.000 :: Grads : []
950 :: Rewards -97.854 :: steps: 1.00 :: Time: 0.158(0.15782/step) :: Entropy : 0.000 :: Grads : []
960 :: Rewards -98.528 :: steps: 1.00 :: Time: 0.118(0.11775/step) :: Entropy : 0.000 :: Grads : []
970 :: Rewards -99.173 :: steps: 1.00 :: Time: 0.119(0.11865/step) :: Entropy : 0.000 :: Grads : []
980 :: Rewards -99.793 :: steps: 1.00 :: Time: 0.159(0.15897/step) :: Entropy : 0.000 :: Grads : []
990 :: Rewards -99.984 :: steps: 1.00 :: Time: 0.121(0.12115/step) :: Entropy : 0.000 :: Grads : []
999 :: Rewards -100.189 :: steps: 0.90 :: Time: 0.123(0.13658/step) :: Entropy : 0.000 :: Grads : []
Total time taken: 60.711848974227905
