Module path:  Environments.NS_Reco NS_Reco
Dynamically loaded from:  <class 'Environments.NS_Reco.NS_Reco'>
Reward Amplitudes: [4.17022005e-01 7.20324493e-01 1.14374817e-04 3.02332573e-01
 1.46755891e-01] :: Avg 0.317309867282206 
Module path:  Src.Algorithms.ONPG ONPG
Dynamically loaded from:  <class 'Src.Algorithms.ONPG.ONPG'>
=====Configurations=====
 Namespace(NN_basis_dim='32', Policy_basis_dim='32', actor_lr=0.008425020536482294, algo_name='ONPG', base=0, batch_size=1000, buffer_size=1000, debug=False, delta=3, entropy_lambda=0.005900970803997456, env_name='NS_Reco', experiment='NS_0_', extrapolator_basis='Fourier', folder_suffix='Default', fourier_coupled=True, fourier_k=7, fourier_order=3, gamma=0.99, gauss_std=1.5, gpu=0, hyper='default', importance_clip=10.0, inc=1, log_output='term_file', max_episodes=1000, max_inner=150, max_steps=500, optim='rmsprop', oracle=-1, raw_basis=True, restore=False, save_count=100, save_model=True, seed=9, speed=0, state_lr=0.001, summary=True, swarm=False, timestamp='5|24|20:59:26')
Actions space: 5 :: State space: 1
State Low: tensor([0.]) :: State High: tensor([1.])
State features:  [('dummy_param', torch.Size([1]))]
Policy:  [('fc1.weight', torch.Size([5, 1])), ('fc1.bias', torch.Size([5]))]
0 :: Rewards 0.395 :: steps: 0.10 :: Time: 0.000(0.00071/step) :: Entropy : 0.000 :: Grads : []
10 :: Rewards 4.303 :: steps: 1.00 :: Time: 0.001(0.00062/step) :: Entropy : 0.000 :: Grads : []
20 :: Rewards 8.215 :: steps: 1.00 :: Time: 0.001(0.00059/step) :: Entropy : 0.000 :: Grads : []
30 :: Rewards 13.958 :: steps: 1.00 :: Time: 0.001(0.00052/step) :: Entropy : 0.000 :: Grads : []
40 :: Rewards 19.552 :: steps: 1.00 :: Time: 0.000(0.00046/step) :: Entropy : 0.000 :: Grads : []
50 :: Rewards 24.161 :: steps: 1.00 :: Time: 0.001(0.00058/step) :: Entropy : 0.000 :: Grads : []
60 :: Rewards 29.770 :: steps: 1.00 :: Time: 0.001(0.00055/step) :: Entropy : 0.000 :: Grads : []
70 :: Rewards 35.400 :: steps: 1.00 :: Time: 0.000(0.00046/step) :: Entropy : 0.000 :: Grads : []
80 :: Rewards 40.137 :: steps: 1.00 :: Time: 0.001(0.00058/step) :: Entropy : 0.000 :: Grads : []
90 :: Rewards 46.767 :: steps: 1.00 :: Time: 0.000(0.00047/step) :: Entropy : 0.000 :: Grads : []
100 :: Rewards 53.360 :: steps: 1.00 :: Time: 0.000(0.00047/step) :: Entropy : 0.000 :: Grads : []
110 :: Rewards 60.560 :: steps: 1.00 :: Time: 0.001(0.00058/step) :: Entropy : 0.000 :: Grads : []
120 :: Rewards 67.181 :: steps: 1.00 :: Time: 0.001(0.00052/step) :: Entropy : 0.000 :: Grads : []
130 :: Rewards 73.829 :: steps: 1.00 :: Time: 0.000(0.00047/step) :: Entropy : 0.000 :: Grads : []
140 :: Rewards 80.033 :: steps: 1.00 :: Time: 0.001(0.00059/step) :: Entropy : 0.000 :: Grads : []
150 :: Rewards 86.644 :: steps: 1.00 :: Time: 0.001(0.00051/step) :: Entropy : 0.000 :: Grads : []
160 :: Rewards 93.804 :: steps: 1.00 :: Time: 0.000(0.00049/step) :: Entropy : 0.000 :: Grads : []
170 :: Rewards 100.447 :: steps: 1.00 :: Time: 0.001(0.00059/step) :: Entropy : 0.000 :: Grads : []
180 :: Rewards 107.228 :: steps: 1.00 :: Time: 0.000(0.00046/step) :: Entropy : 0.000 :: Grads : []
190 :: Rewards 114.449 :: steps: 1.00 :: Time: 0.000(0.00048/step) :: Entropy : 0.000 :: Grads : []
200 :: Rewards 121.327 :: steps: 1.00 :: Time: 0.001(0.00058/step) :: Entropy : 0.000 :: Grads : []
210 :: Rewards 128.536 :: steps: 1.00 :: Time: 0.000(0.00046/step) :: Entropy : 0.000 :: Grads : []
220 :: Rewards 135.734 :: steps: 1.00 :: Time: 0.000(0.00046/step) :: Entropy : 0.000 :: Grads : []
230 :: Rewards 142.941 :: steps: 1.00 :: Time: 0.001(0.00059/step) :: Entropy : 0.000 :: Grads : []
240 :: Rewards 150.134 :: steps: 1.00 :: Time: 0.000(0.00046/step) :: Entropy : 0.000 :: Grads : []
250 :: Rewards 157.312 :: steps: 1.00 :: Time: 0.000(0.00046/step) :: Entropy : 0.000 :: Grads : []
260 :: Rewards 164.489 :: steps: 1.00 :: Time: 0.001(0.00058/step) :: Entropy : 0.000 :: Grads : []
270 :: Rewards 171.698 :: steps: 1.00 :: Time: 0.000(0.00046/step) :: Entropy : 0.000 :: Grads : []
280 :: Rewards 178.877 :: steps: 1.00 :: Time: 0.000(0.00045/step) :: Entropy : 0.000 :: Grads : []
290 :: Rewards 186.090 :: steps: 1.00 :: Time: 0.001(0.00056/step) :: Entropy : 0.000 :: Grads : []
300 :: Rewards 193.313 :: steps: 1.00 :: Time: 0.000(0.00045/step) :: Entropy : 0.000 :: Grads : []
310 :: Rewards 200.548 :: steps: 1.00 :: Time: 0.000(0.00044/step) :: Entropy : 0.000 :: Grads : []
320 :: Rewards 207.758 :: steps: 1.00 :: Time: 0.001(0.00056/step) :: Entropy : 0.000 :: Grads : []
330 :: Rewards 214.991 :: steps: 1.00 :: Time: 0.000(0.00045/step) :: Entropy : 0.000 :: Grads : []
340 :: Rewards 222.181 :: steps: 1.00 :: Time: 0.000(0.00046/step) :: Entropy : 0.000 :: Grads : []
350 :: Rewards 228.687 :: steps: 1.00 :: Time: 0.001(0.00056/step) :: Entropy : 0.000 :: Grads : []
360 :: Rewards 235.152 :: steps: 1.00 :: Time: 0.000(0.00045/step) :: Entropy : 0.000 :: Grads : []
370 :: Rewards 242.370 :: steps: 1.00 :: Time: 0.000(0.00045/step) :: Entropy : 0.000 :: Grads : []
380 :: Rewards 249.582 :: steps: 1.00 :: Time: 0.001(0.00055/step) :: Entropy : 0.000 :: Grads : []
390 :: Rewards 256.800 :: steps: 1.00 :: Time: 0.000(0.00044/step) :: Entropy : 0.000 :: Grads : []
400 :: Rewards 263.972 :: steps: 1.00 :: Time: 0.000(0.00045/step) :: Entropy : 0.000 :: Grads : []
410 :: Rewards 271.151 :: steps: 1.00 :: Time: 0.001(0.00056/step) :: Entropy : 0.000 :: Grads : []
420 :: Rewards 278.390 :: steps: 1.00 :: Time: 0.000(0.00045/step) :: Entropy : 0.000 :: Grads : []
430 :: Rewards 285.598 :: steps: 1.00 :: Time: 0.000(0.00045/step) :: Entropy : 0.000 :: Grads : []
440 :: Rewards 292.818 :: steps: 1.00 :: Time: 0.001(0.00055/step) :: Entropy : 0.000 :: Grads : []
450 :: Rewards 300.039 :: steps: 1.00 :: Time: 0.000(0.00045/step) :: Entropy : 0.000 :: Grads : []
460 :: Rewards 307.235 :: steps: 1.00 :: Time: 0.000(0.00044/step) :: Entropy : 0.000 :: Grads : []
470 :: Rewards 314.408 :: steps: 1.00 :: Time: 0.001(0.00056/step) :: Entropy : 0.000 :: Grads : []
480 :: Rewards 321.620 :: steps: 1.00 :: Time: 0.000(0.00046/step) :: Entropy : 0.000 :: Grads : []
490 :: Rewards 328.828 :: steps: 1.00 :: Time: 0.001(0.00052/step) :: Entropy : 0.000 :: Grads : []
500 :: Rewards 336.059 :: steps: 1.00 :: Time: 0.001(0.00058/step) :: Entropy : 0.000 :: Grads : []
510 :: Rewards 343.246 :: steps: 1.00 :: Time: 0.000(0.00047/step) :: Entropy : 0.000 :: Grads : []
520 :: Rewards 350.464 :: steps: 1.00 :: Time: 0.000(0.00046/step) :: Entropy : 0.000 :: Grads : []
530 :: Rewards 357.635 :: steps: 1.00 :: Time: 0.001(0.00057/step) :: Entropy : 0.000 :: Grads : []
540 :: Rewards 364.385 :: steps: 1.00 :: Time: 0.000(0.00047/step) :: Entropy : 0.000 :: Grads : []
550 :: Rewards 371.573 :: steps: 1.00 :: Time: 0.000(0.00045/step) :: Entropy : 0.000 :: Grads : []
560 :: Rewards 378.781 :: steps: 1.00 :: Time: 0.001(0.00058/step) :: Entropy : 0.000 :: Grads : []
570 :: Rewards 385.952 :: steps: 1.00 :: Time: 0.000(0.00048/step) :: Entropy : 0.000 :: Grads : []
580 :: Rewards 393.123 :: steps: 1.00 :: Time: 0.000(0.00046/step) :: Entropy : 0.000 :: Grads : []
590 :: Rewards 400.269 :: steps: 1.00 :: Time: 0.001(0.00058/step) :: Entropy : 0.000 :: Grads : []
600 :: Rewards 407.469 :: steps: 1.00 :: Time: 0.000(0.00045/step) :: Entropy : 0.000 :: Grads : []
610 :: Rewards 414.665 :: steps: 1.00 :: Time: 0.000(0.00047/step) :: Entropy : 0.000 :: Grads : []
620 :: Rewards 421.849 :: steps: 1.00 :: Time: 0.001(0.00061/step) :: Entropy : 0.000 :: Grads : []
630 :: Rewards 428.493 :: steps: 1.00 :: Time: 0.000(0.00047/step) :: Entropy : 0.000 :: Grads : []
640 :: Rewards 435.717 :: steps: 1.00 :: Time: 0.000(0.00045/step) :: Entropy : 0.000 :: Grads : []
650 :: Rewards 442.936 :: steps: 1.00 :: Time: 0.001(0.00060/step) :: Entropy : 0.000 :: Grads : []
660 :: Rewards 449.678 :: steps: 1.00 :: Time: 0.001(0.00053/step) :: Entropy : 0.000 :: Grads : []
670 :: Rewards 456.899 :: steps: 1.00 :: Time: 0.000(0.00046/step) :: Entropy : 0.000 :: Grads : []
680 :: Rewards 464.103 :: steps: 1.00 :: Time: 0.001(0.00066/step) :: Entropy : 0.000 :: Grads : []
690 :: Rewards 471.284 :: steps: 1.00 :: Time: 0.000(0.00047/step) :: Entropy : 0.000 :: Grads : []
700 :: Rewards 478.505 :: steps: 1.00 :: Time: 0.000(0.00046/step) :: Entropy : 0.000 :: Grads : []
710 :: Rewards 485.401 :: steps: 1.00 :: Time: 0.001(0.00059/step) :: Entropy : 0.000 :: Grads : []
720 :: Rewards 492.627 :: steps: 1.00 :: Time: 0.000(0.00046/step) :: Entropy : 0.000 :: Grads : []
730 :: Rewards 499.835 :: steps: 1.00 :: Time: 0.000(0.00045/step) :: Entropy : 0.000 :: Grads : []
740 :: Rewards 506.738 :: steps: 1.00 :: Time: 0.001(0.00061/step) :: Entropy : 0.000 :: Grads : []
750 :: Rewards 513.928 :: steps: 1.00 :: Time: 0.001(0.00051/step) :: Entropy : 0.000 :: Grads : []
760 :: Rewards 521.107 :: steps: 1.00 :: Time: 0.000(0.00045/step) :: Entropy : 0.000 :: Grads : []
770 :: Rewards 528.313 :: steps: 1.00 :: Time: 0.001(0.00058/step) :: Entropy : 0.000 :: Grads : []
780 :: Rewards 535.479 :: steps: 1.00 :: Time: 0.000(0.00046/step) :: Entropy : 0.000 :: Grads : []
790 :: Rewards 542.657 :: steps: 1.00 :: Time: 0.000(0.00047/step) :: Entropy : 0.000 :: Grads : []
800 :: Rewards 549.887 :: steps: 1.00 :: Time: 0.001(0.00059/step) :: Entropy : 0.000 :: Grads : []
810 :: Rewards 557.129 :: steps: 1.00 :: Time: 0.000(0.00046/step) :: Entropy : 0.000 :: Grads : []
820 :: Rewards 564.337 :: steps: 1.00 :: Time: 0.000(0.00046/step) :: Entropy : 0.000 :: Grads : []
830 :: Rewards 571.576 :: steps: 1.00 :: Time: 0.001(0.00058/step) :: Entropy : 0.000 :: Grads : []
840 :: Rewards 578.784 :: steps: 1.00 :: Time: 0.000(0.00046/step) :: Entropy : 0.000 :: Grads : []
850 :: Rewards 586.001 :: steps: 1.00 :: Time: 0.000(0.00046/step) :: Entropy : 0.000 :: Grads : []
860 :: Rewards 592.790 :: steps: 1.00 :: Time: 0.001(0.00057/step) :: Entropy : 0.000 :: Grads : []
870 :: Rewards 600.029 :: steps: 1.00 :: Time: 0.000(0.00046/step) :: Entropy : 0.000 :: Grads : []
880 :: Rewards 607.259 :: steps: 1.00 :: Time: 0.000(0.00045/step) :: Entropy : 0.000 :: Grads : []
890 :: Rewards 614.468 :: steps: 1.00 :: Time: 0.001(0.00058/step) :: Entropy : 0.000 :: Grads : []
900 :: Rewards 621.693 :: steps: 1.00 :: Time: 0.000(0.00045/step) :: Entropy : 0.000 :: Grads : []
910 :: Rewards 628.886 :: steps: 1.00 :: Time: 0.000(0.00045/step) :: Entropy : 0.000 :: Grads : []
920 :: Rewards 636.072 :: steps: 1.00 :: Time: 0.001(0.00056/step) :: Entropy : 0.000 :: Grads : []
930 :: Rewards 642.970 :: steps: 1.00 :: Time: 0.000(0.00045/step) :: Entropy : 0.000 :: Grads : []
940 :: Rewards 650.161 :: steps: 1.00 :: Time: 0.000(0.00045/step) :: Entropy : 0.000 :: Grads : []
950 :: Rewards 657.397 :: steps: 1.00 :: Time: 0.001(0.00056/step) :: Entropy : 0.000 :: Grads : []
960 :: Rewards 664.591 :: steps: 1.00 :: Time: 0.000(0.00045/step) :: Entropy : 0.000 :: Grads : []
970 :: Rewards 671.785 :: steps: 1.00 :: Time: 0.000(0.00046/step) :: Entropy : 0.000 :: Grads : []
980 :: Rewards 678.986 :: steps: 1.00 :: Time: 0.001(0.00056/step) :: Entropy : 0.000 :: Grads : []
990 :: Rewards 686.221 :: steps: 1.00 :: Time: 0.000(0.00045/step) :: Entropy : 0.000 :: Grads : []
999 :: Rewards 692.706 :: steps: 0.90 :: Time: 0.000(0.00052/step) :: Entropy : 0.000 :: Grads : []
Total time taken: 0.5464608669281006
