Module path:  Environments.NS_Reco NS_Reco
Dynamically loaded from:  <class 'Environments.NS_Reco.NS_Reco'>
Reward Amplitudes: [4.17022005e-01 7.20324493e-01 1.14374817e-04 3.02332573e-01
 1.46755891e-01] :: Avg 0.317309867282206 
Module path:  Src.Algorithms.ONPG ONPG
Dynamically loaded from:  <class 'Src.Algorithms.ONPG.ONPG'>
=====Configurations=====
 Namespace(NN_basis_dim='32', Policy_basis_dim='32', actor_lr=0.009763971172325225, algo_name='ONPG', base=0, batch_size=1000, buffer_size=1000, debug=False, delta=5, entropy_lambda=0.08923394226237882, env_name='NS_Reco', experiment='NS_2r_', extrapolator_basis='Fourier', folder_suffix='Default', fourier_coupled=True, fourier_k=7, fourier_order=3, gamma=0.99, gauss_std=1.5, gpu=0, hyper='default', importance_clip=15.0, inc=1, log_output='term_file', max_episodes=1000, max_inner=150, max_steps=500, optim='rmsprop', oracle=-1, raw_basis=True, restore=False, save_count=100, save_model=True, seed=3, speed=2, state_lr=0.001, summary=True, swarm=False, timestamp='5|25|11:22:13')
Actions space: 5 :: State space: 1
State Low: tensor([0.]) :: State High: tensor([1.])
State features:  [('dummy_param', torch.Size([1]))]
Policy:  [('fc1.weight', torch.Size([5, 1])), ('fc1.bias', torch.Size([5]))]
0 :: Rewards -0.007 :: steps: 0.10 :: Time: 0.000(0.00066/step) :: Entropy : 0.000 :: Grads : []
10 :: Rewards -0.069 :: steps: 1.00 :: Time: 0.001(0.00069/step) :: Entropy : 0.000 :: Grads : []
20 :: Rewards -0.543 :: steps: 1.00 :: Time: 0.001(0.00054/step) :: Entropy : 0.000 :: Grads : []
30 :: Rewards -1.281 :: steps: 1.00 :: Time: 0.001(0.00051/step) :: Entropy : 0.000 :: Grads : []
40 :: Rewards -2.505 :: steps: 1.00 :: Time: 0.001(0.00053/step) :: Entropy : 0.000 :: Grads : []
50 :: Rewards -2.965 :: steps: 1.00 :: Time: 0.001(0.00066/step) :: Entropy : 0.000 :: Grads : []
60 :: Rewards -4.092 :: steps: 1.00 :: Time: 0.001(0.00057/step) :: Entropy : 0.000 :: Grads : []
70 :: Rewards -5.550 :: steps: 1.00 :: Time: 0.001(0.00054/step) :: Entropy : 0.000 :: Grads : []
80 :: Rewards -7.350 :: steps: 1.00 :: Time: 0.001(0.00054/step) :: Entropy : 0.000 :: Grads : []
90 :: Rewards -8.902 :: steps: 1.00 :: Time: 0.001(0.00051/step) :: Entropy : 0.000 :: Grads : []
100 :: Rewards -9.967 :: steps: 1.00 :: Time: 0.001(0.00058/step) :: Entropy : 0.000 :: Grads : []
110 :: Rewards -11.392 :: steps: 1.00 :: Time: 0.001(0.00052/step) :: Entropy : 0.000 :: Grads : []
120 :: Rewards -12.477 :: steps: 1.00 :: Time: 0.001(0.00052/step) :: Entropy : 0.000 :: Grads : []
130 :: Rewards -13.120 :: steps: 1.00 :: Time: 0.001(0.00058/step) :: Entropy : 0.000 :: Grads : []
140 :: Rewards -14.691 :: steps: 1.00 :: Time: 0.001(0.00052/step) :: Entropy : 0.000 :: Grads : []
150 :: Rewards -15.737 :: steps: 1.00 :: Time: 0.001(0.00051/step) :: Entropy : 0.000 :: Grads : []
160 :: Rewards -16.682 :: steps: 1.00 :: Time: 0.001(0.00059/step) :: Entropy : 0.000 :: Grads : []
170 :: Rewards -17.679 :: steps: 1.00 :: Time: 0.001(0.00052/step) :: Entropy : 0.000 :: Grads : []
180 :: Rewards -18.101 :: steps: 1.00 :: Time: 0.001(0.00057/step) :: Entropy : 0.000 :: Grads : []
190 :: Rewards -18.101 :: steps: 1.00 :: Time: 0.001(0.00057/step) :: Entropy : 0.000 :: Grads : []
200 :: Rewards -18.101 :: steps: 1.00 :: Time: 0.001(0.00052/step) :: Entropy : 0.000 :: Grads : []
210 :: Rewards -18.101 :: steps: 1.00 :: Time: 0.001(0.00052/step) :: Entropy : 0.000 :: Grads : []
220 :: Rewards -18.101 :: steps: 1.00 :: Time: 0.001(0.00052/step) :: Entropy : 0.000 :: Grads : []
230 :: Rewards -18.739 :: steps: 1.00 :: Time: 0.001(0.00054/step) :: Entropy : 0.000 :: Grads : []
240 :: Rewards -19.054 :: steps: 1.00 :: Time: 0.001(0.00058/step) :: Entropy : 0.000 :: Grads : []
250 :: Rewards -19.054 :: steps: 1.00 :: Time: 0.001(0.00056/step) :: Entropy : 0.000 :: Grads : []
260 :: Rewards -19.626 :: steps: 1.00 :: Time: 0.001(0.00051/step) :: Entropy : 0.000 :: Grads : []
270 :: Rewards -19.626 :: steps: 1.00 :: Time: 0.001(0.00052/step) :: Entropy : 0.000 :: Grads : []
280 :: Rewards -19.869 :: steps: 1.00 :: Time: 0.001(0.00057/step) :: Entropy : 0.000 :: Grads : []
290 :: Rewards -20.327 :: steps: 1.00 :: Time: 0.001(0.00053/step) :: Entropy : 0.000 :: Grads : []
300 :: Rewards -21.016 :: steps: 1.00 :: Time: 0.001(0.00055/step) :: Entropy : 0.000 :: Grads : []
310 :: Rewards -21.202 :: steps: 1.00 :: Time: 0.001(0.00052/step) :: Entropy : 0.000 :: Grads : []
320 :: Rewards -22.311 :: steps: 1.00 :: Time: 0.001(0.00050/step) :: Entropy : 0.000 :: Grads : []
330 :: Rewards -22.436 :: steps: 1.00 :: Time: 0.001(0.00053/step) :: Entropy : 0.000 :: Grads : []
340 :: Rewards -22.537 :: steps: 1.00 :: Time: 0.001(0.00053/step) :: Entropy : 0.000 :: Grads : []
350 :: Rewards -22.537 :: steps: 1.00 :: Time: 0.001(0.00051/step) :: Entropy : 0.000 :: Grads : []
360 :: Rewards -22.541 :: steps: 1.00 :: Time: 0.001(0.00057/step) :: Entropy : 0.000 :: Grads : []
370 :: Rewards -22.802 :: steps: 1.00 :: Time: 0.001(0.00053/step) :: Entropy : 0.000 :: Grads : []
380 :: Rewards -23.257 :: steps: 1.00 :: Time: 0.001(0.00056/step) :: Entropy : 0.000 :: Grads : []
390 :: Rewards -23.959 :: steps: 1.00 :: Time: 0.001(0.00057/step) :: Entropy : 0.000 :: Grads : []
400 :: Rewards -24.952 :: steps: 1.00 :: Time: 0.001(0.00052/step) :: Entropy : 0.000 :: Grads : []
410 :: Rewards -26.172 :: steps: 1.00 :: Time: 0.001(0.00052/step) :: Entropy : 0.000 :: Grads : []
420 :: Rewards -27.815 :: steps: 1.00 :: Time: 0.001(0.00059/step) :: Entropy : 0.000 :: Grads : []
430 :: Rewards -29.559 :: steps: 1.00 :: Time: 0.001(0.00057/step) :: Entropy : 0.000 :: Grads : []
440 :: Rewards -31.360 :: steps: 1.00 :: Time: 0.001(0.00067/step) :: Entropy : 0.000 :: Grads : []
450 :: Rewards -33.666 :: steps: 1.00 :: Time: 0.001(0.00057/step) :: Entropy : 0.000 :: Grads : []
460 :: Rewards -35.711 :: steps: 1.00 :: Time: 0.001(0.00051/step) :: Entropy : 0.000 :: Grads : []
470 :: Rewards -37.599 :: steps: 1.00 :: Time: 0.001(0.00058/step) :: Entropy : 0.000 :: Grads : []
480 :: Rewards -39.366 :: steps: 1.00 :: Time: 0.001(0.00055/step) :: Entropy : 0.000 :: Grads : []
490 :: Rewards -40.917 :: steps: 1.00 :: Time: 0.001(0.00053/step) :: Entropy : 0.000 :: Grads : []
500 :: Rewards -41.854 :: steps: 1.00 :: Time: 0.001(0.00053/step) :: Entropy : 0.000 :: Grads : []
510 :: Rewards -42.099 :: steps: 1.00 :: Time: 0.001(0.00054/step) :: Entropy : 0.000 :: Grads : []
520 :: Rewards -44.254 :: steps: 1.00 :: Time: 0.001(0.00051/step) :: Entropy : 0.000 :: Grads : []
530 :: Rewards -45.407 :: steps: 1.00 :: Time: 0.001(0.00057/step) :: Entropy : 0.000 :: Grads : []
540 :: Rewards -45.786 :: steps: 1.00 :: Time: 0.001(0.00052/step) :: Entropy : 0.000 :: Grads : []
550 :: Rewards -46.892 :: steps: 1.00 :: Time: 0.001(0.00053/step) :: Entropy : 0.000 :: Grads : []
560 :: Rewards -47.531 :: steps: 1.00 :: Time: 0.001(0.00054/step) :: Entropy : 0.000 :: Grads : []
570 :: Rewards -48.223 :: steps: 1.00 :: Time: 0.001(0.00052/step) :: Entropy : 0.000 :: Grads : []
580 :: Rewards -48.953 :: steps: 1.00 :: Time: 0.001(0.00052/step) :: Entropy : 0.000 :: Grads : []
590 :: Rewards -50.309 :: steps: 1.00 :: Time: 0.001(0.00052/step) :: Entropy : 0.000 :: Grads : []
600 :: Rewards -52.555 :: steps: 1.00 :: Time: 0.001(0.00053/step) :: Entropy : 0.000 :: Grads : []
610 :: Rewards -53.438 :: steps: 1.00 :: Time: 0.001(0.00051/step) :: Entropy : 0.000 :: Grads : []
620 :: Rewards -54.342 :: steps: 1.00 :: Time: 0.001(0.00051/step) :: Entropy : 0.000 :: Grads : []
630 :: Rewards -54.973 :: steps: 1.00 :: Time: 0.001(0.00052/step) :: Entropy : 0.000 :: Grads : []
640 :: Rewards -56.378 :: steps: 1.00 :: Time: 0.001(0.00052/step) :: Entropy : 0.000 :: Grads : []
650 :: Rewards -56.977 :: steps: 1.00 :: Time: 0.001(0.00054/step) :: Entropy : 0.000 :: Grads : []
660 :: Rewards -57.951 :: steps: 1.00 :: Time: 0.001(0.00053/step) :: Entropy : 0.000 :: Grads : []
670 :: Rewards -59.487 :: steps: 1.00 :: Time: 0.001(0.00051/step) :: Entropy : 0.000 :: Grads : []
680 :: Rewards -60.237 :: steps: 1.00 :: Time: 0.001(0.00054/step) :: Entropy : 0.000 :: Grads : []
690 :: Rewards -60.856 :: steps: 1.00 :: Time: 0.001(0.00051/step) :: Entropy : 0.000 :: Grads : []
700 :: Rewards -61.733 :: steps: 1.00 :: Time: 0.001(0.00052/step) :: Entropy : 0.000 :: Grads : []
710 :: Rewards -62.252 :: steps: 1.00 :: Time: 0.001(0.00051/step) :: Entropy : 0.000 :: Grads : []
720 :: Rewards -62.844 :: steps: 1.00 :: Time: 0.001(0.00050/step) :: Entropy : 0.000 :: Grads : []
730 :: Rewards -63.835 :: steps: 1.00 :: Time: 0.001(0.00050/step) :: Entropy : 0.000 :: Grads : []
740 :: Rewards -64.531 :: steps: 1.00 :: Time: 0.001(0.00051/step) :: Entropy : 0.000 :: Grads : []
750 :: Rewards -65.146 :: steps: 1.00 :: Time: 0.001(0.00050/step) :: Entropy : 0.000 :: Grads : []
760 :: Rewards -66.381 :: steps: 1.00 :: Time: 0.000(0.00050/step) :: Entropy : 0.000 :: Grads : []
770 :: Rewards -66.958 :: steps: 1.00 :: Time: 0.001(0.00052/step) :: Entropy : 0.000 :: Grads : []
780 :: Rewards -67.073 :: steps: 1.00 :: Time: 0.001(0.00051/step) :: Entropy : 0.000 :: Grads : []
790 :: Rewards -67.151 :: steps: 1.00 :: Time: 0.001(0.00051/step) :: Entropy : 0.000 :: Grads : []
800 :: Rewards -67.682 :: steps: 1.00 :: Time: 0.001(0.00050/step) :: Entropy : 0.000 :: Grads : []
810 :: Rewards -68.616 :: steps: 1.00 :: Time: 0.000(0.00050/step) :: Entropy : 0.000 :: Grads : []
820 :: Rewards -68.692 :: steps: 1.00 :: Time: 0.000(0.00050/step) :: Entropy : 0.000 :: Grads : []
830 :: Rewards -69.209 :: steps: 1.00 :: Time: 0.000(0.00050/step) :: Entropy : 0.000 :: Grads : []
840 :: Rewards -69.722 :: steps: 1.00 :: Time: 0.001(0.00053/step) :: Entropy : 0.000 :: Grads : []
850 :: Rewards -70.687 :: steps: 1.00 :: Time: 0.001(0.00051/step) :: Entropy : 0.000 :: Grads : []
860 :: Rewards -71.109 :: steps: 1.00 :: Time: 0.001(0.00050/step) :: Entropy : 0.000 :: Grads : []
870 :: Rewards -71.475 :: steps: 1.00 :: Time: 0.000(0.00050/step) :: Entropy : 0.000 :: Grads : []
880 :: Rewards -71.724 :: steps: 1.00 :: Time: 0.000(0.00050/step) :: Entropy : 0.000 :: Grads : []
890 :: Rewards -72.709 :: steps: 1.00 :: Time: 0.000(0.00050/step) :: Entropy : 0.000 :: Grads : []
900 :: Rewards -74.152 :: steps: 1.00 :: Time: 0.001(0.00050/step) :: Entropy : 0.000 :: Grads : []
910 :: Rewards -75.519 :: steps: 1.00 :: Time: 0.001(0.00051/step) :: Entropy : 0.000 :: Grads : []
920 :: Rewards -79.001 :: steps: 1.00 :: Time: 0.001(0.00050/step) :: Entropy : 0.000 :: Grads : []
930 :: Rewards -81.984 :: steps: 1.00 :: Time: 0.001(0.00051/step) :: Entropy : 0.000 :: Grads : []
940 :: Rewards -85.532 :: steps: 1.00 :: Time: 0.000(0.00050/step) :: Entropy : 0.000 :: Grads : []
950 :: Rewards -88.851 :: steps: 1.00 :: Time: 0.001(0.00050/step) :: Entropy : 0.000 :: Grads : []
960 :: Rewards -92.950 :: steps: 1.00 :: Time: 0.001(0.00050/step) :: Entropy : 0.000 :: Grads : []
970 :: Rewards -98.478 :: steps: 1.00 :: Time: 0.000(0.00050/step) :: Entropy : 0.000 :: Grads : []
980 :: Rewards -103.599 :: steps: 1.00 :: Time: 0.001(0.00050/step) :: Entropy : 0.000 :: Grads : []
990 :: Rewards -109.515 :: steps: 1.00 :: Time: 0.001(0.00051/step) :: Entropy : 0.000 :: Grads : []
999 :: Rewards -114.260 :: steps: 0.90 :: Time: 0.000(0.00054/step) :: Entropy : 0.000 :: Grads : []
Total time taken: 0.5759828090667725
