Module path:  Environments.NS_Reco NS_Reco
Dynamically loaded from:  <class 'Environments.NS_Reco.NS_Reco'>
Reward Amplitudes: [4.17022005e-01 7.20324493e-01 1.14374817e-04 3.02332573e-01
 1.46755891e-01] :: Avg 0.317309867282206 
Module path:  Src.Algorithms.ProWLS ProWLS
Dynamically loaded from:  <class 'Src.Algorithms.ProWLS.ProWLS'>
=====Configurations=====
 Namespace(NN_basis_dim='32', Policy_basis_dim='32', actor_lr=0.00450428892499054, algo_name='ProWLS', base=0, batch_size=1000, buffer_size=1000, debug=False, delta=3, entropy_lambda=0.07518854390699839, env_name='NS_Reco', experiment='NS_3r_', extrapolator_basis='Fourier', folder_suffix='Default', fourier_coupled=True, fourier_k=5, fourier_order=3, gamma=0.99, gauss_std=1.5, gpu=0, hyper='default', importance_clip=10.0, inc=1, log_output='term_file', max_episodes=1000, max_inner=90, max_steps=500, optim='rmsprop', oracle=-1, raw_basis=True, restore=False, save_count=100, save_model=True, seed=5, speed=3, state_lr=0.001, summary=True, swarm=False, timestamp='5|25|9:35:36')
Actions space: 5 :: State space: 1
State Low: tensor([0.]) :: State High: tensor([1.])
State features:  [('dummy_param', torch.Size([1]))]
Policy:  [('fc1.weight', torch.Size([5, 1])), ('fc1.bias', torch.Size([5]))]
0 :: Rewards -0.003 :: steps: 0.10 :: Time: 0.000(0.00066/step) :: Entropy : 0.000 :: Grads : []
10 :: Rewards -0.218 :: steps: 1.00 :: Time: 0.011(0.01054/step) :: Entropy : 0.000 :: Grads : []
20 :: Rewards -0.809 :: steps: 1.00 :: Time: 0.021(0.02127/step) :: Entropy : 0.000 :: Grads : []
30 :: Rewards -1.711 :: steps: 1.00 :: Time: 0.016(0.01637/step) :: Entropy : 0.000 :: Grads : []
40 :: Rewards -2.431 :: steps: 1.00 :: Time: 0.017(0.01676/step) :: Entropy : 0.000 :: Grads : []
50 :: Rewards -3.274 :: steps: 1.00 :: Time: 0.021(0.02129/step) :: Entropy : 0.000 :: Grads : []
60 :: Rewards -5.276 :: steps: 1.00 :: Time: 0.017(0.01746/step) :: Entropy : 0.000 :: Grads : []
70 :: Rewards -5.746 :: steps: 1.00 :: Time: 0.018(0.01764/step) :: Entropy : 0.000 :: Grads : []
80 :: Rewards -7.527 :: steps: 1.00 :: Time: 0.023(0.02264/step) :: Entropy : 0.000 :: Grads : []
90 :: Rewards -8.684 :: steps: 1.00 :: Time: 0.017(0.01736/step) :: Entropy : 0.000 :: Grads : []
100 :: Rewards -9.212 :: steps: 1.00 :: Time: 0.018(0.01755/step) :: Entropy : 0.000 :: Grads : []
110 :: Rewards -10.774 :: steps: 1.00 :: Time: 0.024(0.02375/step) :: Entropy : 0.000 :: Grads : []
120 :: Rewards -11.710 :: steps: 1.00 :: Time: 0.019(0.01894/step) :: Entropy : 0.000 :: Grads : []
130 :: Rewards -12.949 :: steps: 1.00 :: Time: 0.020(0.01954/step) :: Entropy : 0.000 :: Grads : []
140 :: Rewards -12.949 :: steps: 1.00 :: Time: 0.025(0.02534/step) :: Entropy : 0.000 :: Grads : []
150 :: Rewards -14.651 :: steps: 1.00 :: Time: 0.019(0.01937/step) :: Entropy : 0.000 :: Grads : []
160 :: Rewards -15.849 :: steps: 1.00 :: Time: 0.020(0.01976/step) :: Entropy : 0.000 :: Grads : []
170 :: Rewards -15.849 :: steps: 1.00 :: Time: 0.027(0.02696/step) :: Entropy : 0.000 :: Grads : []
180 :: Rewards -16.364 :: steps: 1.00 :: Time: 0.021(0.02061/step) :: Entropy : 0.000 :: Grads : []
190 :: Rewards -17.583 :: steps: 1.00 :: Time: 0.022(0.02197/step) :: Entropy : 0.000 :: Grads : []
200 :: Rewards -19.070 :: steps: 1.00 :: Time: 0.030(0.02995/step) :: Entropy : 0.000 :: Grads : []
210 :: Rewards -20.096 :: steps: 1.00 :: Time: 0.023(0.02345/step) :: Entropy : 0.000 :: Grads : []
220 :: Rewards -20.678 :: steps: 1.00 :: Time: 0.024(0.02418/step) :: Entropy : 0.000 :: Grads : []
230 :: Rewards -21.955 :: steps: 1.00 :: Time: 0.033(0.03284/step) :: Entropy : 0.000 :: Grads : []
240 :: Rewards -22.651 :: steps: 1.00 :: Time: 0.025(0.02509/step) :: Entropy : 0.000 :: Grads : []
250 :: Rewards -23.043 :: steps: 1.00 :: Time: 0.026(0.02577/step) :: Entropy : 0.000 :: Grads : []
260 :: Rewards -23.822 :: steps: 1.00 :: Time: 0.035(0.03501/step) :: Entropy : 0.000 :: Grads : []
270 :: Rewards -24.673 :: steps: 1.00 :: Time: 0.027(0.02675/step) :: Entropy : 0.000 :: Grads : []
280 :: Rewards -25.013 :: steps: 1.00 :: Time: 0.027(0.02732/step) :: Entropy : 0.000 :: Grads : []
290 :: Rewards -26.046 :: steps: 1.00 :: Time: 0.039(0.03864/step) :: Entropy : 0.000 :: Grads : []
300 :: Rewards -26.180 :: steps: 1.00 :: Time: 0.028(0.02751/step) :: Entropy : 0.000 :: Grads : []
310 :: Rewards -26.804 :: steps: 1.00 :: Time: 0.028(0.02820/step) :: Entropy : 0.000 :: Grads : []
320 :: Rewards -27.010 :: steps: 1.00 :: Time: 0.039(0.03924/step) :: Entropy : 0.000 :: Grads : []
330 :: Rewards -27.572 :: steps: 1.00 :: Time: 0.030(0.03029/step) :: Entropy : 0.000 :: Grads : []
340 :: Rewards -27.669 :: steps: 1.00 :: Time: 0.031(0.03055/step) :: Entropy : 0.000 :: Grads : []
350 :: Rewards -28.051 :: steps: 1.00 :: Time: 0.042(0.04168/step) :: Entropy : 0.000 :: Grads : []
360 :: Rewards -28.948 :: steps: 1.00 :: Time: 0.032(0.03206/step) :: Entropy : 0.000 :: Grads : []
370 :: Rewards -29.380 :: steps: 1.00 :: Time: 0.034(0.03355/step) :: Entropy : 0.000 :: Grads : []
380 :: Rewards -29.867 :: steps: 1.00 :: Time: 0.045(0.04521/step) :: Entropy : 0.000 :: Grads : []
390 :: Rewards -30.977 :: steps: 1.00 :: Time: 0.035(0.03464/step) :: Entropy : 0.000 :: Grads : []
400 :: Rewards -31.369 :: steps: 1.00 :: Time: 0.035(0.03540/step) :: Entropy : 0.000 :: Grads : []
410 :: Rewards -31.811 :: steps: 1.00 :: Time: 0.049(0.04886/step) :: Entropy : 0.000 :: Grads : []
420 :: Rewards -32.100 :: steps: 1.00 :: Time: 0.038(0.03831/step) :: Entropy : 0.000 :: Grads : []
430 :: Rewards -32.426 :: steps: 1.00 :: Time: 0.040(0.03984/step) :: Entropy : 0.000 :: Grads : []
440 :: Rewards -32.482 :: steps: 1.00 :: Time: 0.054(0.05362/step) :: Entropy : 0.000 :: Grads : []
450 :: Rewards -33.536 :: steps: 1.00 :: Time: 0.041(0.04095/step) :: Entropy : 0.000 :: Grads : []
460 :: Rewards -34.100 :: steps: 1.00 :: Time: 0.045(0.04531/step) :: Entropy : 0.000 :: Grads : []
470 :: Rewards -34.697 :: steps: 1.00 :: Time: 0.059(0.05866/step) :: Entropy : 0.000 :: Grads : []
480 :: Rewards -35.278 :: steps: 1.00 :: Time: 0.043(0.04337/step) :: Entropy : 0.000 :: Grads : []
490 :: Rewards -36.613 :: steps: 1.00 :: Time: 0.044(0.04442/step) :: Entropy : 0.000 :: Grads : []
500 :: Rewards -37.298 :: steps: 1.00 :: Time: 0.060(0.05982/step) :: Entropy : 0.000 :: Grads : []
510 :: Rewards -37.366 :: steps: 1.00 :: Time: 0.046(0.04601/step) :: Entropy : 0.000 :: Grads : []
520 :: Rewards -37.667 :: steps: 1.00 :: Time: 0.048(0.04843/step) :: Entropy : 0.000 :: Grads : []
530 :: Rewards -38.039 :: steps: 1.00 :: Time: 0.064(0.06433/step) :: Entropy : 0.000 :: Grads : []
540 :: Rewards -38.212 :: steps: 1.00 :: Time: 0.049(0.04881/step) :: Entropy : 0.000 :: Grads : []
550 :: Rewards -38.501 :: steps: 1.00 :: Time: 0.050(0.05050/step) :: Entropy : 0.000 :: Grads : []
560 :: Rewards -39.319 :: steps: 1.00 :: Time: 0.068(0.06765/step) :: Entropy : 0.000 :: Grads : []
570 :: Rewards -40.079 :: steps: 1.00 :: Time: 0.052(0.05186/step) :: Entropy : 0.000 :: Grads : []
580 :: Rewards -40.521 :: steps: 1.00 :: Time: 0.053(0.05282/step) :: Entropy : 0.000 :: Grads : []
590 :: Rewards -41.668 :: steps: 1.00 :: Time: 0.072(0.07210/step) :: Entropy : 0.000 :: Grads : []
600 :: Rewards -42.627 :: steps: 1.00 :: Time: 0.055(0.05478/step) :: Entropy : 0.000 :: Grads : []
610 :: Rewards -44.536 :: steps: 1.00 :: Time: 0.057(0.05665/step) :: Entropy : 0.000 :: Grads : []
620 :: Rewards -46.795 :: steps: 1.00 :: Time: 0.077(0.07698/step) :: Entropy : 0.000 :: Grads : []
630 :: Rewards -47.752 :: steps: 1.00 :: Time: 0.059(0.05884/step) :: Entropy : 0.000 :: Grads : []
640 :: Rewards -47.752 :: steps: 1.00 :: Time: 0.060(0.05986/step) :: Entropy : 0.000 :: Grads : []
650 :: Rewards -47.752 :: steps: 1.00 :: Time: 0.084(0.08360/step) :: Entropy : 0.000 :: Grads : []
660 :: Rewards -47.752 :: steps: 1.00 :: Time: 0.065(0.06453/step) :: Entropy : 0.000 :: Grads : []
670 :: Rewards -47.752 :: steps: 1.00 :: Time: 0.062(0.06245/step) :: Entropy : 0.000 :: Grads : []
680 :: Rewards -48.550 :: steps: 1.00 :: Time: 0.086(0.08612/step) :: Entropy : 0.000 :: Grads : []
690 :: Rewards -50.306 :: steps: 1.00 :: Time: 0.062(0.06234/step) :: Entropy : 0.000 :: Grads : []
700 :: Rewards -50.306 :: steps: 1.00 :: Time: 0.064(0.06367/step) :: Entropy : 0.000 :: Grads : []
710 :: Rewards -51.154 :: steps: 1.00 :: Time: 0.087(0.08738/step) :: Entropy : 0.000 :: Grads : []
720 :: Rewards -51.154 :: steps: 1.00 :: Time: 0.067(0.06667/step) :: Entropy : 0.000 :: Grads : []
730 :: Rewards -51.965 :: steps: 1.00 :: Time: 0.069(0.06904/step) :: Entropy : 0.000 :: Grads : []
740 :: Rewards -53.655 :: steps: 1.00 :: Time: 0.096(0.09570/step) :: Entropy : 0.000 :: Grads : []
750 :: Rewards -55.240 :: steps: 1.00 :: Time: 0.073(0.07344/step) :: Entropy : 0.000 :: Grads : []
760 :: Rewards -56.663 :: steps: 1.00 :: Time: 0.076(0.07582/step) :: Entropy : 0.000 :: Grads : []
770 :: Rewards -59.923 :: steps: 1.00 :: Time: 0.104(0.10366/step) :: Entropy : 0.000 :: Grads : []
780 :: Rewards -61.315 :: steps: 1.00 :: Time: 0.079(0.07901/step) :: Entropy : 0.000 :: Grads : []
790 :: Rewards -61.870 :: steps: 1.00 :: Time: 0.082(0.08208/step) :: Entropy : 0.000 :: Grads : []
800 :: Rewards -62.998 :: steps: 1.00 :: Time: 0.111(0.11110/step) :: Entropy : 0.000 :: Grads : []
810 :: Rewards -63.410 :: steps: 1.00 :: Time: 0.085(0.08538/step) :: Entropy : 0.000 :: Grads : []
820 :: Rewards -63.719 :: steps: 1.00 :: Time: 0.087(0.08725/step) :: Entropy : 0.000 :: Grads : []
830 :: Rewards -64.057 :: steps: 1.00 :: Time: 0.119(0.11924/step) :: Entropy : 0.000 :: Grads : []
840 :: Rewards -65.244 :: steps: 1.00 :: Time: 0.091(0.09127/step) :: Entropy : 0.000 :: Grads : []
850 :: Rewards -65.641 :: steps: 1.00 :: Time: 0.095(0.09493/step) :: Entropy : 0.000 :: Grads : []
860 :: Rewards -66.829 :: steps: 1.00 :: Time: 0.128(0.12848/step) :: Entropy : 0.000 :: Grads : []
870 :: Rewards -68.642 :: steps: 1.00 :: Time: 0.097(0.09717/step) :: Entropy : 0.000 :: Grads : []
880 :: Rewards -69.738 :: steps: 1.00 :: Time: 0.100(0.10010/step) :: Entropy : 0.000 :: Grads : []
890 :: Rewards -70.272 :: steps: 1.00 :: Time: 0.136(0.13565/step) :: Entropy : 0.000 :: Grads : []
900 :: Rewards -70.741 :: steps: 1.00 :: Time: 0.101(0.10118/step) :: Entropy : 0.000 :: Grads : []
910 :: Rewards -70.967 :: steps: 1.00 :: Time: 0.101(0.10075/step) :: Entropy : 0.000 :: Grads : []
920 :: Rewards -71.081 :: steps: 1.00 :: Time: 0.138(0.13759/step) :: Entropy : 0.000 :: Grads : []
930 :: Rewards -71.205 :: steps: 1.00 :: Time: 0.104(0.10437/step) :: Entropy : 0.000 :: Grads : []
940 :: Rewards -72.221 :: steps: 1.00 :: Time: 0.109(0.10924/step) :: Entropy : 0.000 :: Grads : []
950 :: Rewards -73.209 :: steps: 1.00 :: Time: 0.151(0.15120/step) :: Entropy : 0.000 :: Grads : []
960 :: Rewards -73.209 :: steps: 1.00 :: Time: 0.117(0.11686/step) :: Entropy : 0.000 :: Grads : []
970 :: Rewards -73.527 :: steps: 1.00 :: Time: 0.118(0.11807/step) :: Entropy : 0.000 :: Grads : []
980 :: Rewards -73.864 :: steps: 1.00 :: Time: 0.160(0.16047/step) :: Entropy : 0.000 :: Grads : []
990 :: Rewards -73.963 :: steps: 1.00 :: Time: 0.121(0.12066/step) :: Entropy : 0.000 :: Grads : []
999 :: Rewards -74.660 :: steps: 0.90 :: Time: 0.123(0.13631/step) :: Entropy : 0.000 :: Grads : []
Total time taken: 58.80552697181702
