Module path:  Environments.NS_Reco NS_Reco
Dynamically loaded from:  <class 'Environments.NS_Reco.NS_Reco'>
Reward Amplitudes: [4.17022005e-01 7.20324493e-01 1.14374817e-04 3.02332573e-01
 1.46755891e-01] :: Avg 0.317309867282206 
Module path:  Src.Algorithms.ProOLS ProOLS
Dynamically loaded from:  <class 'Src.Algorithms.ProOLS.ProOLS'>
=====Configurations=====
 Namespace(NN_basis_dim='32', Policy_basis_dim='32', actor_lr=0.0013967975033711264, algo_name='ProOLS', base=0, batch_size=1000, buffer_size=1000, debug=False, delta=1, entropy_lambda=0.009309067356364342, env_name='NS_Reco', experiment='NS_0r_', extrapolator_basis='Fourier', folder_suffix='Default', fourier_coupled=True, fourier_k=5, fourier_order=3, gamma=0.99, gauss_std=1.5, gpu=0, hyper='default', importance_clip=15.0, inc=1, log_output='term_file', max_episodes=1000, max_inner=30, max_steps=500, optim='rmsprop', oracle=-1, raw_basis=True, restore=False, save_count=100, save_model=True, seed=29, speed=0, state_lr=0.001, summary=True, swarm=False, timestamp='5|25|11:49:22')
Actions space: 5 :: State space: 1
State Low: tensor([0.]) :: State High: tensor([1.])
State features:  [('dummy_param', torch.Size([1]))]
Policy:  [('fc1.weight', torch.Size([5, 1])), ('fc1.bias', torch.Size([5]))]
0 :: Rewards -0.565 :: steps: 0.10 :: Time: 0.000(0.00092/step) :: Entropy : 0.000 :: Grads : []
10 :: Rewards -4.697 :: steps: 1.00 :: Time: 0.017(0.01679/step) :: Entropy : 0.000 :: Grads : []
20 :: Rewards -8.737 :: steps: 1.00 :: Time: 0.027(0.02657/step) :: Entropy : 0.000 :: Grads : []
30 :: Rewards -13.913 :: steps: 1.00 :: Time: 0.029(0.02865/step) :: Entropy : 0.000 :: Grads : []
40 :: Rewards -16.307 :: steps: 1.00 :: Time: 0.029(0.02926/step) :: Entropy : 0.000 :: Grads : []
50 :: Rewards -19.312 :: steps: 1.00 :: Time: 0.019(0.01928/step) :: Entropy : 0.000 :: Grads : []
60 :: Rewards -21.289 :: steps: 1.00 :: Time: 0.019(0.01911/step) :: Entropy : 0.000 :: Grads : []
70 :: Rewards -23.279 :: steps: 1.00 :: Time: 0.019(0.01928/step) :: Entropy : 0.000 :: Grads : []
80 :: Rewards -25.337 :: steps: 1.00 :: Time: 0.019(0.01937/step) :: Entropy : 0.000 :: Grads : []
90 :: Rewards -27.435 :: steps: 1.00 :: Time: 0.019(0.01877/step) :: Entropy : 0.000 :: Grads : []
100 :: Rewards -29.473 :: steps: 1.00 :: Time: 0.022(0.02243/step) :: Entropy : 0.000 :: Grads : []
110 :: Rewards -32.377 :: steps: 1.00 :: Time: 0.020(0.02040/step) :: Entropy : 0.000 :: Grads : []
120 :: Rewards -35.000 :: steps: 1.00 :: Time: 0.021(0.02051/step) :: Entropy : 0.000 :: Grads : []
130 :: Rewards -37.678 :: steps: 1.00 :: Time: 0.021(0.02082/step) :: Entropy : 0.000 :: Grads : []
140 :: Rewards -38.416 :: steps: 1.00 :: Time: 0.020(0.01991/step) :: Entropy : 0.000 :: Grads : []
150 :: Rewards -39.125 :: steps: 1.00 :: Time: 0.020(0.02010/step) :: Entropy : 0.000 :: Grads : []
160 :: Rewards -39.454 :: steps: 1.00 :: Time: 0.020(0.01971/step) :: Entropy : 0.000 :: Grads : []
170 :: Rewards -39.454 :: steps: 1.00 :: Time: 0.020(0.01992/step) :: Entropy : 0.000 :: Grads : []
180 :: Rewards -39.454 :: steps: 1.00 :: Time: 0.020(0.01996/step) :: Entropy : 0.000 :: Grads : []
190 :: Rewards -39.454 :: steps: 1.00 :: Time: 0.020(0.02023/step) :: Entropy : 0.000 :: Grads : []
200 :: Rewards -39.454 :: steps: 1.00 :: Time: 0.023(0.02324/step) :: Entropy : 0.000 :: Grads : []
210 :: Rewards -39.454 :: steps: 1.00 :: Time: 0.022(0.02185/step) :: Entropy : 0.000 :: Grads : []
220 :: Rewards -39.454 :: steps: 1.00 :: Time: 0.025(0.02470/step) :: Entropy : 0.000 :: Grads : []
230 :: Rewards -39.454 :: steps: 1.00 :: Time: 0.028(0.02760/step) :: Entropy : 0.000 :: Grads : []
240 :: Rewards -39.454 :: steps: 1.00 :: Time: 0.022(0.02170/step) :: Entropy : 0.000 :: Grads : []
250 :: Rewards -39.454 :: steps: 1.00 :: Time: 0.021(0.02140/step) :: Entropy : 0.000 :: Grads : []
260 :: Rewards -39.454 :: steps: 1.00 :: Time: 0.024(0.02412/step) :: Entropy : 0.000 :: Grads : []
270 :: Rewards -39.454 :: steps: 1.00 :: Time: 0.022(0.02192/step) :: Entropy : 0.000 :: Grads : []
280 :: Rewards -39.454 :: steps: 1.00 :: Time: 0.022(0.02198/step) :: Entropy : 0.000 :: Grads : []
290 :: Rewards -39.454 :: steps: 1.00 :: Time: 0.028(0.02798/step) :: Entropy : 0.000 :: Grads : []
300 :: Rewards -39.454 :: steps: 1.00 :: Time: 0.023(0.02286/step) :: Entropy : 0.000 :: Grads : []
310 :: Rewards -39.454 :: steps: 1.00 :: Time: 0.032(0.03169/step) :: Entropy : 0.000 :: Grads : []
320 :: Rewards -39.454 :: steps: 1.00 :: Time: 0.031(0.03074/step) :: Entropy : 0.000 :: Grads : []
330 :: Rewards -39.454 :: steps: 1.00 :: Time: 0.028(0.02846/step) :: Entropy : 0.000 :: Grads : []
340 :: Rewards -39.454 :: steps: 1.00 :: Time: 0.032(0.03170/step) :: Entropy : 0.000 :: Grads : []
350 :: Rewards -39.454 :: steps: 1.00 :: Time: 0.033(0.03271/step) :: Entropy : 0.000 :: Grads : []
360 :: Rewards -39.454 :: steps: 1.00 :: Time: 0.026(0.02615/step) :: Entropy : 0.000 :: Grads : []
370 :: Rewards -39.454 :: steps: 1.00 :: Time: 0.025(0.02466/step) :: Entropy : 0.000 :: Grads : []
380 :: Rewards -39.454 :: steps: 1.00 :: Time: 0.026(0.02595/step) :: Entropy : 0.000 :: Grads : []
390 :: Rewards -39.454 :: steps: 1.00 :: Time: 0.025(0.02492/step) :: Entropy : 0.000 :: Grads : []
400 :: Rewards -39.454 :: steps: 1.00 :: Time: 0.028(0.02771/step) :: Entropy : 0.000 :: Grads : []
410 :: Rewards -39.454 :: steps: 1.00 :: Time: 0.028(0.02779/step) :: Entropy : 0.000 :: Grads : []
420 :: Rewards -39.454 :: steps: 1.00 :: Time: 0.028(0.02754/step) :: Entropy : 0.000 :: Grads : []
430 :: Rewards -39.454 :: steps: 1.00 :: Time: 0.028(0.02766/step) :: Entropy : 0.000 :: Grads : []
440 :: Rewards -39.454 :: steps: 1.00 :: Time: 0.029(0.02905/step) :: Entropy : 0.000 :: Grads : []
450 :: Rewards -39.454 :: steps: 1.00 :: Time: 0.028(0.02783/step) :: Entropy : 0.000 :: Grads : []
460 :: Rewards -39.454 :: steps: 1.00 :: Time: 0.028(0.02823/step) :: Entropy : 0.000 :: Grads : []
470 :: Rewards -39.454 :: steps: 1.00 :: Time: 0.028(0.02815/step) :: Entropy : 0.000 :: Grads : []
480 :: Rewards -39.454 :: steps: 1.00 :: Time: 0.029(0.02911/step) :: Entropy : 0.000 :: Grads : []
490 :: Rewards -39.454 :: steps: 1.00 :: Time: 0.030(0.03010/step) :: Entropy : 0.000 :: Grads : []
500 :: Rewards -39.454 :: steps: 1.00 :: Time: 0.030(0.02970/step) :: Entropy : 0.000 :: Grads : []
510 :: Rewards -39.454 :: steps: 1.00 :: Time: 0.034(0.03424/step) :: Entropy : 0.000 :: Grads : []
520 :: Rewards -39.454 :: steps: 1.00 :: Time: 0.035(0.03484/step) :: Entropy : 0.000 :: Grads : []
530 :: Rewards -39.454 :: steps: 1.00 :: Time: 0.036(0.03562/step) :: Entropy : 0.000 :: Grads : []
540 :: Rewards -39.454 :: steps: 1.00 :: Time: 0.033(0.03335/step) :: Entropy : 0.000 :: Grads : []
550 :: Rewards -39.454 :: steps: 1.00 :: Time: 0.035(0.03458/step) :: Entropy : 0.000 :: Grads : []
560 :: Rewards -39.454 :: steps: 1.00 :: Time: 0.041(0.04133/step) :: Entropy : 0.000 :: Grads : []
570 :: Rewards -39.454 :: steps: 1.00 :: Time: 0.032(0.03191/step) :: Entropy : 0.000 :: Grads : []
580 :: Rewards -39.454 :: steps: 1.00 :: Time: 0.028(0.02834/step) :: Entropy : 0.000 :: Grads : []
590 :: Rewards -39.454 :: steps: 1.00 :: Time: 0.027(0.02729/step) :: Entropy : 0.000 :: Grads : []
600 :: Rewards -39.454 :: steps: 1.00 :: Time: 0.026(0.02612/step) :: Entropy : 0.000 :: Grads : []
610 :: Rewards -39.454 :: steps: 1.00 :: Time: 0.026(0.02648/step) :: Entropy : 0.000 :: Grads : []
620 :: Rewards -39.454 :: steps: 1.00 :: Time: 0.027(0.02662/step) :: Entropy : 0.000 :: Grads : []
630 :: Rewards -39.454 :: steps: 1.00 :: Time: 0.027(0.02650/step) :: Entropy : 0.000 :: Grads : []
640 :: Rewards -39.454 :: steps: 1.00 :: Time: 0.027(0.02664/step) :: Entropy : 0.000 :: Grads : []
650 :: Rewards -39.454 :: steps: 1.00 :: Time: 0.027(0.02693/step) :: Entropy : 0.000 :: Grads : []
660 :: Rewards -39.454 :: steps: 1.00 :: Time: 0.026(0.02637/step) :: Entropy : 0.000 :: Grads : []
670 :: Rewards -39.454 :: steps: 1.00 :: Time: 0.027(0.02698/step) :: Entropy : 0.000 :: Grads : []
680 :: Rewards -39.454 :: steps: 1.00 :: Time: 0.027(0.02682/step) :: Entropy : 0.000 :: Grads : []
690 :: Rewards -39.454 :: steps: 1.00 :: Time: 0.027(0.02702/step) :: Entropy : 0.000 :: Grads : []
700 :: Rewards -39.454 :: steps: 1.00 :: Time: 0.027(0.02708/step) :: Entropy : 0.000 :: Grads : []
710 :: Rewards -39.454 :: steps: 1.00 :: Time: 0.027(0.02688/step) :: Entropy : 0.000 :: Grads : []
720 :: Rewards -39.454 :: steps: 1.00 :: Time: 0.027(0.02699/step) :: Entropy : 0.000 :: Grads : []
730 :: Rewards -39.454 :: steps: 1.00 :: Time: 0.027(0.02720/step) :: Entropy : 0.000 :: Grads : []
740 :: Rewards -39.454 :: steps: 1.00 :: Time: 0.027(0.02735/step) :: Entropy : 0.000 :: Grads : []
750 :: Rewards -39.454 :: steps: 1.00 :: Time: 0.029(0.02868/step) :: Entropy : 0.000 :: Grads : []
760 :: Rewards -39.454 :: steps: 1.00 :: Time: 0.029(0.02930/step) :: Entropy : 0.000 :: Grads : []
770 :: Rewards -39.454 :: steps: 1.00 :: Time: 0.028(0.02812/step) :: Entropy : 0.000 :: Grads : []
780 :: Rewards -39.454 :: steps: 1.00 :: Time: 0.029(0.02888/step) :: Entropy : 0.000 :: Grads : []
790 :: Rewards -39.454 :: steps: 1.00 :: Time: 0.029(0.02867/step) :: Entropy : 0.000 :: Grads : []
800 :: Rewards -39.454 :: steps: 1.00 :: Time: 0.029(0.02885/step) :: Entropy : 0.000 :: Grads : []
810 :: Rewards -39.454 :: steps: 1.00 :: Time: 0.030(0.02957/step) :: Entropy : 0.000 :: Grads : []
820 :: Rewards -39.454 :: steps: 1.00 :: Time: 0.030(0.02962/step) :: Entropy : 0.000 :: Grads : []
830 :: Rewards -39.454 :: steps: 1.00 :: Time: 0.030(0.03017/step) :: Entropy : 0.000 :: Grads : []
840 :: Rewards -39.454 :: steps: 1.00 :: Time: 0.031(0.03117/step) :: Entropy : 0.000 :: Grads : []
850 :: Rewards -39.454 :: steps: 1.00 :: Time: 0.031(0.03075/step) :: Entropy : 0.000 :: Grads : []
860 :: Rewards -39.454 :: steps: 1.00 :: Time: 0.031(0.03093/step) :: Entropy : 0.000 :: Grads : []
870 :: Rewards -39.454 :: steps: 1.00 :: Time: 0.031(0.03138/step) :: Entropy : 0.000 :: Grads : []
880 :: Rewards -39.454 :: steps: 1.00 :: Time: 0.031(0.03124/step) :: Entropy : 0.000 :: Grads : []
890 :: Rewards -39.454 :: steps: 1.00 :: Time: 0.031(0.03150/step) :: Entropy : 0.000 :: Grads : []
900 :: Rewards -39.454 :: steps: 1.00 :: Time: 0.032(0.03151/step) :: Entropy : 0.000 :: Grads : []
910 :: Rewards -39.454 :: steps: 1.00 :: Time: 0.032(0.03152/step) :: Entropy : 0.000 :: Grads : []
920 :: Rewards -39.454 :: steps: 1.00 :: Time: 0.032(0.03231/step) :: Entropy : 0.000 :: Grads : []
930 :: Rewards -39.454 :: steps: 1.00 :: Time: 0.032(0.03192/step) :: Entropy : 0.000 :: Grads : []
940 :: Rewards -39.454 :: steps: 1.00 :: Time: 0.032(0.03205/step) :: Entropy : 0.000 :: Grads : []
950 :: Rewards -39.454 :: steps: 1.00 :: Time: 0.032(0.03202/step) :: Entropy : 0.000 :: Grads : []
960 :: Rewards -39.454 :: steps: 1.00 :: Time: 0.032(0.03211/step) :: Entropy : 0.000 :: Grads : []
970 :: Rewards -39.454 :: steps: 1.00 :: Time: 0.032(0.03231/step) :: Entropy : 0.000 :: Grads : []
980 :: Rewards -39.454 :: steps: 1.00 :: Time: 0.033(0.03335/step) :: Entropy : 0.000 :: Grads : []
990 :: Rewards -39.454 :: steps: 1.00 :: Time: 0.033(0.03312/step) :: Entropy : 0.000 :: Grads : []
999 :: Rewards -39.454 :: steps: 0.90 :: Time: 0.031(0.03392/step) :: Entropy : 0.000 :: Grads : []
Total time taken: 27.450616121292114
