Module path:  Environments.NS_Reco NS_Reco
Dynamically loaded from:  <class 'Environments.NS_Reco.NS_Reco'>
Reward Amplitudes: [4.17022005e-01 7.20324493e-01 1.14374817e-04 3.02332573e-01
 1.46755891e-01] :: Avg 0.317309867282206 
Module path:  Src.Algorithms.ProOLS ProOLS
Dynamically loaded from:  <class 'Src.Algorithms.ProOLS.ProOLS'>
=====Configurations=====
 Namespace(NN_basis_dim='32', Policy_basis_dim='32', actor_lr=0.0045712864064011045, algo_name='ProOLS', base=0, batch_size=1000, buffer_size=1000, debug=False, delta=3, entropy_lambda=0.04318892012402085, env_name='NS_Reco', experiment='NS_1_', extrapolator_basis='Fourier', folder_suffix='Default', fourier_coupled=True, fourier_k=5, fourier_order=3, gamma=0.99, gauss_std=1.5, gpu=0, hyper='default', importance_clip=5.0, inc=1, log_output='term_file', max_episodes=1000, max_inner=60, max_steps=500, optim='rmsprop', oracle=-1, raw_basis=True, restore=False, save_count=100, save_model=True, seed=16, speed=1, state_lr=0.001, summary=True, swarm=False, timestamp='5|24|21:22:41')
Actions space: 5 :: State space: 1
State Low: tensor([0.]) :: State High: tensor([1.])
State features:  [('dummy_param', torch.Size([1]))]
Policy:  [('fc1.weight', torch.Size([5, 1])), ('fc1.bias', torch.Size([5]))]
0 :: Rewards 0.015 :: steps: 0.10 :: Time: 0.000(0.00057/step) :: Entropy : 0.000 :: Grads : []
10 :: Rewards 0.092 :: steps: 1.00 :: Time: 0.005(0.00527/step) :: Entropy : 0.000 :: Grads : []
20 :: Rewards 0.384 :: steps: 1.00 :: Time: 0.010(0.01006/step) :: Entropy : 0.000 :: Grads : []
30 :: Rewards 0.775 :: steps: 1.00 :: Time: 0.008(0.00781/step) :: Entropy : 0.000 :: Grads : []
40 :: Rewards 1.459 :: steps: 1.00 :: Time: 0.007(0.00746/step) :: Entropy : 0.000 :: Grads : []
50 :: Rewards 2.332 :: steps: 1.00 :: Time: 0.010(0.00995/step) :: Entropy : 0.000 :: Grads : []
60 :: Rewards 3.528 :: steps: 1.00 :: Time: 0.008(0.00756/step) :: Entropy : 0.000 :: Grads : []
70 :: Rewards 4.914 :: steps: 1.00 :: Time: 0.008(0.00767/step) :: Entropy : 0.000 :: Grads : []
80 :: Rewards 6.528 :: steps: 1.00 :: Time: 0.010(0.01024/step) :: Entropy : 0.000 :: Grads : []
90 :: Rewards 8.683 :: steps: 1.00 :: Time: 0.008(0.00775/step) :: Entropy : 0.000 :: Grads : []
100 :: Rewards 11.105 :: steps: 1.00 :: Time: 0.008(0.00781/step) :: Entropy : 0.000 :: Grads : []
110 :: Rewards 13.772 :: steps: 1.00 :: Time: 0.010(0.01050/step) :: Entropy : 0.000 :: Grads : []
120 :: Rewards 16.662 :: steps: 1.00 :: Time: 0.008(0.00795/step) :: Entropy : 0.000 :: Grads : []
130 :: Rewards 19.818 :: steps: 1.00 :: Time: 0.008(0.00801/step) :: Entropy : 0.000 :: Grads : []
140 :: Rewards 23.177 :: steps: 1.00 :: Time: 0.011(0.01081/step) :: Entropy : 0.000 :: Grads : []
150 :: Rewards 26.763 :: steps: 1.00 :: Time: 0.008(0.00821/step) :: Entropy : 0.000 :: Grads : []
160 :: Rewards 30.582 :: steps: 1.00 :: Time: 0.008(0.00824/step) :: Entropy : 0.000 :: Grads : []
170 :: Rewards 34.577 :: steps: 1.00 :: Time: 0.011(0.01103/step) :: Entropy : 0.000 :: Grads : []
180 :: Rewards 38.774 :: steps: 1.00 :: Time: 0.008(0.00839/step) :: Entropy : 0.000 :: Grads : []
190 :: Rewards 43.174 :: steps: 1.00 :: Time: 0.009(0.00871/step) :: Entropy : 0.000 :: Grads : []
200 :: Rewards 47.821 :: steps: 1.00 :: Time: 0.011(0.01131/step) :: Entropy : 0.000 :: Grads : []
210 :: Rewards 52.633 :: steps: 1.00 :: Time: 0.009(0.00853/step) :: Entropy : 0.000 :: Grads : []
220 :: Rewards 57.674 :: steps: 1.00 :: Time: 0.009(0.00857/step) :: Entropy : 0.000 :: Grads : []
230 :: Rewards 62.853 :: steps: 1.00 :: Time: 0.011(0.01143/step) :: Entropy : 0.000 :: Grads : []
240 :: Rewards 68.242 :: steps: 1.00 :: Time: 0.009(0.00867/step) :: Entropy : 0.000 :: Grads : []
250 :: Rewards 73.773 :: steps: 1.00 :: Time: 0.009(0.00875/step) :: Entropy : 0.000 :: Grads : []
260 :: Rewards 79.441 :: steps: 1.00 :: Time: 0.012(0.01190/step) :: Entropy : 0.000 :: Grads : []
270 :: Rewards 85.316 :: steps: 1.00 :: Time: 0.009(0.00915/step) :: Entropy : 0.000 :: Grads : []
280 :: Rewards 91.332 :: steps: 1.00 :: Time: 0.009(0.00908/step) :: Entropy : 0.000 :: Grads : []
290 :: Rewards 97.454 :: steps: 1.00 :: Time: 0.012(0.01205/step) :: Entropy : 0.000 :: Grads : []
300 :: Rewards 103.768 :: steps: 1.00 :: Time: 0.009(0.00923/step) :: Entropy : 0.000 :: Grads : []
310 :: Rewards 110.177 :: steps: 1.00 :: Time: 0.009(0.00931/step) :: Entropy : 0.000 :: Grads : []
320 :: Rewards 116.680 :: steps: 1.00 :: Time: 0.012(0.01231/step) :: Entropy : 0.000 :: Grads : []
330 :: Rewards 123.298 :: steps: 1.00 :: Time: 0.010(0.00955/step) :: Entropy : 0.000 :: Grads : []
340 :: Rewards 130.035 :: steps: 1.00 :: Time: 0.009(0.00949/step) :: Entropy : 0.000 :: Grads : []
350 :: Rewards 136.814 :: steps: 1.00 :: Time: 0.013(0.01287/step) :: Entropy : 0.000 :: Grads : []
360 :: Rewards 143.710 :: steps: 1.00 :: Time: 0.010(0.00986/step) :: Entropy : 0.000 :: Grads : []
370 :: Rewards 150.640 :: steps: 1.00 :: Time: 0.010(0.00991/step) :: Entropy : 0.000 :: Grads : []
380 :: Rewards 157.672 :: steps: 1.00 :: Time: 0.014(0.01352/step) :: Entropy : 0.000 :: Grads : []
390 :: Rewards 164.751 :: steps: 1.00 :: Time: 0.010(0.01050/step) :: Entropy : 0.000 :: Grads : []
400 :: Rewards 171.863 :: steps: 1.00 :: Time: 0.010(0.01044/step) :: Entropy : 0.000 :: Grads : []
410 :: Rewards 179.033 :: steps: 1.00 :: Time: 0.014(0.01420/step) :: Entropy : 0.000 :: Grads : []
420 :: Rewards 186.200 :: steps: 1.00 :: Time: 0.011(0.01057/step) :: Entropy : 0.000 :: Grads : []
430 :: Rewards 193.401 :: steps: 1.00 :: Time: 0.011(0.01057/step) :: Entropy : 0.000 :: Grads : []
440 :: Rewards 200.624 :: steps: 1.00 :: Time: 0.014(0.01418/step) :: Entropy : 0.000 :: Grads : []
450 :: Rewards 207.804 :: steps: 1.00 :: Time: 0.011(0.01073/step) :: Entropy : 0.000 :: Grads : []
460 :: Rewards 214.975 :: steps: 1.00 :: Time: 0.011(0.01074/step) :: Entropy : 0.000 :: Grads : []
470 :: Rewards 222.142 :: steps: 1.00 :: Time: 0.014(0.01424/step) :: Entropy : 0.000 :: Grads : []
480 :: Rewards 229.292 :: steps: 1.00 :: Time: 0.011(0.01076/step) :: Entropy : 0.000 :: Grads : []
490 :: Rewards 236.379 :: steps: 1.00 :: Time: 0.011(0.01103/step) :: Entropy : 0.000 :: Grads : []
500 :: Rewards 243.415 :: steps: 1.00 :: Time: 0.014(0.01447/step) :: Entropy : 0.000 :: Grads : []
510 :: Rewards 250.401 :: steps: 1.00 :: Time: 0.011(0.01086/step) :: Entropy : 0.000 :: Grads : []
520 :: Rewards 257.364 :: steps: 1.00 :: Time: 0.011(0.01144/step) :: Entropy : 0.000 :: Grads : []
530 :: Rewards 264.229 :: steps: 1.00 :: Time: 0.018(0.01757/step) :: Entropy : 0.000 :: Grads : []
540 :: Rewards 271.026 :: steps: 1.00 :: Time: 0.012(0.01167/step) :: Entropy : 0.000 :: Grads : []
550 :: Rewards 277.748 :: steps: 1.00 :: Time: 0.011(0.01102/step) :: Entropy : 0.000 :: Grads : []
560 :: Rewards 284.363 :: steps: 1.00 :: Time: 0.016(0.01555/step) :: Entropy : 0.000 :: Grads : []
570 :: Rewards 290.824 :: steps: 1.00 :: Time: 0.012(0.01157/step) :: Entropy : 0.000 :: Grads : []
580 :: Rewards 297.157 :: steps: 1.00 :: Time: 0.011(0.01135/step) :: Entropy : 0.000 :: Grads : []
590 :: Rewards 303.407 :: steps: 1.00 :: Time: 0.015(0.01509/step) :: Entropy : 0.000 :: Grads : []
600 :: Rewards 309.494 :: steps: 1.00 :: Time: 0.011(0.01134/step) :: Entropy : 0.000 :: Grads : []
610 :: Rewards 315.427 :: steps: 1.00 :: Time: 0.011(0.01138/step) :: Entropy : 0.000 :: Grads : []
620 :: Rewards 321.253 :: steps: 1.00 :: Time: 0.015(0.01513/step) :: Entropy : 0.000 :: Grads : []
630 :: Rewards 326.913 :: steps: 1.00 :: Time: 0.011(0.01136/step) :: Entropy : 0.000 :: Grads : []
640 :: Rewards 332.392 :: steps: 1.00 :: Time: 0.011(0.01148/step) :: Entropy : 0.000 :: Grads : []
650 :: Rewards 337.713 :: steps: 1.00 :: Time: 0.015(0.01528/step) :: Entropy : 0.000 :: Grads : []
660 :: Rewards 342.908 :: steps: 1.00 :: Time: 0.012(0.01157/step) :: Entropy : 0.000 :: Grads : []
670 :: Rewards 347.872 :: steps: 1.00 :: Time: 0.012(0.01162/step) :: Entropy : 0.000 :: Grads : []
680 :: Rewards 352.668 :: steps: 1.00 :: Time: 0.016(0.01561/step) :: Entropy : 0.000 :: Grads : []
690 :: Rewards 357.268 :: steps: 1.00 :: Time: 0.012(0.01178/step) :: Entropy : 0.000 :: Grads : []
700 :: Rewards 361.695 :: steps: 1.00 :: Time: 0.012(0.01183/step) :: Entropy : 0.000 :: Grads : []
710 :: Rewards 365.841 :: steps: 1.00 :: Time: 0.016(0.01609/step) :: Entropy : 0.000 :: Grads : []
720 :: Rewards 369.802 :: steps: 1.00 :: Time: 0.012(0.01242/step) :: Entropy : 0.000 :: Grads : []
730 :: Rewards 373.558 :: steps: 1.00 :: Time: 0.012(0.01201/step) :: Entropy : 0.000 :: Grads : []
740 :: Rewards 377.084 :: steps: 1.00 :: Time: 0.016(0.01598/step) :: Entropy : 0.000 :: Grads : []
750 :: Rewards 380.426 :: steps: 1.00 :: Time: 0.012(0.01206/step) :: Entropy : 0.000 :: Grads : []
760 :: Rewards 383.489 :: steps: 1.00 :: Time: 0.012(0.01221/step) :: Entropy : 0.000 :: Grads : []
770 :: Rewards 386.166 :: steps: 1.00 :: Time: 0.016(0.01628/step) :: Entropy : 0.000 :: Grads : []
780 :: Rewards 388.719 :: steps: 1.00 :: Time: 0.012(0.01234/step) :: Entropy : 0.000 :: Grads : []
790 :: Rewards 391.065 :: steps: 1.00 :: Time: 0.012(0.01243/step) :: Entropy : 0.000 :: Grads : []
800 :: Rewards 393.127 :: steps: 1.00 :: Time: 0.016(0.01646/step) :: Entropy : 0.000 :: Grads : []
810 :: Rewards 394.995 :: steps: 1.00 :: Time: 0.012(0.01245/step) :: Entropy : 0.000 :: Grads : []
820 :: Rewards 396.589 :: steps: 1.00 :: Time: 0.012(0.01248/step) :: Entropy : 0.000 :: Grads : []
830 :: Rewards 397.972 :: steps: 1.00 :: Time: 0.017(0.01669/step) :: Entropy : 0.000 :: Grads : []
840 :: Rewards 399.080 :: steps: 1.00 :: Time: 0.013(0.01254/step) :: Entropy : 0.000 :: Grads : []
850 :: Rewards 400.407 :: steps: 1.00 :: Time: 0.013(0.01263/step) :: Entropy : 0.000 :: Grads : []
860 :: Rewards 401.520 :: steps: 1.00 :: Time: 0.017(0.01671/step) :: Entropy : 0.000 :: Grads : []
870 :: Rewards 402.979 :: steps: 1.00 :: Time: 0.013(0.01259/step) :: Entropy : 0.000 :: Grads : []
880 :: Rewards 405.374 :: steps: 1.00 :: Time: 0.013(0.01259/step) :: Entropy : 0.000 :: Grads : []
890 :: Rewards 407.612 :: steps: 1.00 :: Time: 0.017(0.01680/step) :: Entropy : 0.000 :: Grads : []
900 :: Rewards 409.669 :: steps: 1.00 :: Time: 0.013(0.01272/step) :: Entropy : 0.000 :: Grads : []
910 :: Rewards 411.936 :: steps: 1.00 :: Time: 0.013(0.01274/step) :: Entropy : 0.000 :: Grads : []
920 :: Rewards 414.046 :: steps: 1.00 :: Time: 0.017(0.01704/step) :: Entropy : 0.000 :: Grads : []
930 :: Rewards 416.289 :: steps: 1.00 :: Time: 0.013(0.01269/step) :: Entropy : 0.000 :: Grads : []
940 :: Rewards 418.196 :: steps: 1.00 :: Time: 0.013(0.01280/step) :: Entropy : 0.000 :: Grads : []
950 :: Rewards 420.185 :: steps: 1.00 :: Time: 0.017(0.01711/step) :: Entropy : 0.000 :: Grads : []
960 :: Rewards 422.053 :: steps: 1.00 :: Time: 0.013(0.01283/step) :: Entropy : 0.000 :: Grads : []
970 :: Rewards 423.959 :: steps: 1.00 :: Time: 0.013(0.01292/step) :: Entropy : 0.000 :: Grads : []
980 :: Rewards 425.804 :: steps: 1.00 :: Time: 0.017(0.01706/step) :: Entropy : 0.000 :: Grads : []
990 :: Rewards 427.543 :: steps: 1.00 :: Time: 0.013(0.01288/step) :: Entropy : 0.000 :: Grads : []
999 :: Rewards 429.000 :: steps: 0.90 :: Time: 0.013(0.01435/step) :: Entropy : 0.000 :: Grads : []
Total time taken: 11.793510913848877
