Module path:  Environments.NS_Reco NS_Reco
Dynamically loaded from:  <class 'Environments.NS_Reco.NS_Reco'>
Reward Amplitudes: [4.17022005e-01 7.20324493e-01 1.14374817e-04 3.02332573e-01
 1.46755891e-01] :: Avg 0.317309867282206 
Module path:  Src.Algorithms.ProWLS ProWLS
Dynamically loaded from:  <class 'Src.Algorithms.ProWLS.ProWLS'>
=====Configurations=====
 Namespace(NN_basis_dim='32', Policy_basis_dim='32', actor_lr=0.004415491219348583, algo_name='ProWLS', base=0, batch_size=1000, buffer_size=1000, debug=False, delta=1, entropy_lambda=0.0010074417839719013, env_name='NS_Reco', experiment='NS_0_', extrapolator_basis='Fourier', folder_suffix='Default', fourier_coupled=True, fourier_k=3, fourier_order=3, gamma=0.99, gauss_std=1.5, gpu=0, hyper='default', importance_clip=5.0, inc=1, log_output='term_file', max_episodes=1000, max_inner=20, max_steps=500, optim='rmsprop', oracle=-1, raw_basis=True, restore=False, save_count=100, save_model=True, seed=27, speed=0, state_lr=0.001, summary=True, swarm=False, timestamp='5|24|20:27:1')
Actions space: 5 :: State space: 1
State Low: tensor([0.]) :: State High: tensor([1.])
State features:  [('dummy_param', torch.Size([1]))]
Policy:  [('fc1.weight', torch.Size([5, 1])), ('fc1.bias', torch.Size([5]))]
0 :: Rewards 0.150 :: steps: 0.10 :: Time: 0.000(0.00060/step) :: Entropy : 0.000 :: Grads : []
10 :: Rewards 4.085 :: steps: 1.00 :: Time: 0.009(0.00917/step) :: Entropy : 0.000 :: Grads : []
20 :: Rewards 10.691 :: steps: 1.00 :: Time: 0.011(0.01128/step) :: Entropy : 0.000 :: Grads : []
30 :: Rewards 15.124 :: steps: 1.00 :: Time: 0.012(0.01152/step) :: Entropy : 0.000 :: Grads : []
40 :: Rewards 22.377 :: steps: 1.00 :: Time: 0.011(0.01140/step) :: Entropy : 0.000 :: Grads : []
50 :: Rewards 29.579 :: steps: 1.00 :: Time: 0.011(0.01148/step) :: Entropy : 0.000 :: Grads : []
60 :: Rewards 36.185 :: steps: 1.00 :: Time: 0.012(0.01158/step) :: Entropy : 0.000 :: Grads : []
70 :: Rewards 40.929 :: steps: 1.00 :: Time: 0.012(0.01170/step) :: Entropy : 0.000 :: Grads : []
80 :: Rewards 46.693 :: steps: 1.00 :: Time: 0.012(0.01184/step) :: Entropy : 0.000 :: Grads : []
90 :: Rewards 53.162 :: steps: 1.00 :: Time: 0.012(0.01198/step) :: Entropy : 0.000 :: Grads : []
100 :: Rewards 60.350 :: steps: 1.00 :: Time: 0.012(0.01215/step) :: Entropy : 0.000 :: Grads : []
110 :: Rewards 67.603 :: steps: 1.00 :: Time: 0.012(0.01232/step) :: Entropy : 0.000 :: Grads : []
120 :: Rewards 74.807 :: steps: 1.00 :: Time: 0.013(0.01251/step) :: Entropy : 0.000 :: Grads : []
130 :: Rewards 81.304 :: steps: 1.00 :: Time: 0.013(0.01271/step) :: Entropy : 0.000 :: Grads : []
140 :: Rewards 88.475 :: steps: 1.00 :: Time: 0.013(0.01292/step) :: Entropy : 0.000 :: Grads : []
150 :: Rewards 95.051 :: steps: 1.00 :: Time: 0.013(0.01319/step) :: Entropy : 0.000 :: Grads : []
160 :: Rewards 102.258 :: steps: 1.00 :: Time: 0.013(0.01335/step) :: Entropy : 0.000 :: Grads : []
170 :: Rewards 109.463 :: steps: 1.00 :: Time: 0.014(0.01358/step) :: Entropy : 0.000 :: Grads : []
180 :: Rewards 116.678 :: steps: 1.00 :: Time: 0.014(0.01386/step) :: Entropy : 0.000 :: Grads : []
190 :: Rewards 123.858 :: steps: 1.00 :: Time: 0.015(0.01463/step) :: Entropy : 0.000 :: Grads : []
200 :: Rewards 131.037 :: steps: 1.00 :: Time: 0.015(0.01477/step) :: Entropy : 0.000 :: Grads : []
210 :: Rewards 138.262 :: steps: 1.00 :: Time: 0.015(0.01530/step) :: Entropy : 0.000 :: Grads : []
220 :: Rewards 145.464 :: steps: 1.00 :: Time: 0.016(0.01560/step) :: Entropy : 0.000 :: Grads : []
230 :: Rewards 152.664 :: steps: 1.00 :: Time: 0.016(0.01592/step) :: Entropy : 0.000 :: Grads : []
240 :: Rewards 159.252 :: steps: 1.00 :: Time: 0.016(0.01627/step) :: Entropy : 0.000 :: Grads : []
250 :: Rewards 166.160 :: steps: 1.00 :: Time: 0.017(0.01658/step) :: Entropy : 0.000 :: Grads : []
260 :: Rewards 173.397 :: steps: 1.00 :: Time: 0.017(0.01684/step) :: Entropy : 0.000 :: Grads : []
270 :: Rewards 180.629 :: steps: 1.00 :: Time: 0.017(0.01716/step) :: Entropy : 0.000 :: Grads : []
280 :: Rewards 187.813 :: steps: 1.00 :: Time: 0.017(0.01736/step) :: Entropy : 0.000 :: Grads : []
290 :: Rewards 194.343 :: steps: 1.00 :: Time: 0.018(0.01757/step) :: Entropy : 0.000 :: Grads : []
300 :: Rewards 201.609 :: steps: 1.00 :: Time: 0.018(0.01772/step) :: Entropy : 0.000 :: Grads : []
310 :: Rewards 208.815 :: steps: 1.00 :: Time: 0.018(0.01786/step) :: Entropy : 0.000 :: Grads : []
320 :: Rewards 216.018 :: steps: 1.00 :: Time: 0.018(0.01827/step) :: Entropy : 0.000 :: Grads : []
330 :: Rewards 223.179 :: steps: 1.00 :: Time: 0.019(0.01861/step) :: Entropy : 0.000 :: Grads : []
340 :: Rewards 230.373 :: steps: 1.00 :: Time: 0.019(0.01895/step) :: Entropy : 0.000 :: Grads : []
350 :: Rewards 237.584 :: steps: 1.00 :: Time: 0.019(0.01921/step) :: Entropy : 0.000 :: Grads : []
360 :: Rewards 244.758 :: steps: 1.00 :: Time: 0.020(0.01968/step) :: Entropy : 0.000 :: Grads : []
370 :: Rewards 252.000 :: steps: 1.00 :: Time: 0.020(0.02006/step) :: Entropy : 0.000 :: Grads : []
380 :: Rewards 259.187 :: steps: 1.00 :: Time: 0.020(0.02037/step) :: Entropy : 0.000 :: Grads : []
390 :: Rewards 266.403 :: steps: 1.00 :: Time: 0.021(0.02085/step) :: Entropy : 0.000 :: Grads : []
400 :: Rewards 273.646 :: steps: 1.00 :: Time: 0.021(0.02111/step) :: Entropy : 0.000 :: Grads : []
410 :: Rewards 280.881 :: steps: 1.00 :: Time: 0.022(0.02152/step) :: Entropy : 0.000 :: Grads : []
420 :: Rewards 288.090 :: steps: 1.00 :: Time: 0.022(0.02197/step) :: Entropy : 0.000 :: Grads : []
430 :: Rewards 295.264 :: steps: 1.00 :: Time: 0.022(0.02242/step) :: Entropy : 0.000 :: Grads : []
440 :: Rewards 302.215 :: steps: 1.00 :: Time: 0.023(0.02276/step) :: Entropy : 0.000 :: Grads : []
450 :: Rewards 309.450 :: steps: 1.00 :: Time: 0.023(0.02321/step) :: Entropy : 0.000 :: Grads : []
460 :: Rewards 316.690 :: steps: 1.00 :: Time: 0.024(0.02350/step) :: Entropy : 0.000 :: Grads : []
470 :: Rewards 323.873 :: steps: 1.00 :: Time: 0.024(0.02395/step) :: Entropy : 0.000 :: Grads : []
480 :: Rewards 331.040 :: steps: 1.00 :: Time: 0.024(0.02414/step) :: Entropy : 0.000 :: Grads : []
490 :: Rewards 338.242 :: steps: 1.00 :: Time: 0.025(0.02465/step) :: Entropy : 0.000 :: Grads : []
500 :: Rewards 344.694 :: steps: 1.00 :: Time: 0.025(0.02496/step) :: Entropy : 0.000 :: Grads : []
510 :: Rewards 351.914 :: steps: 1.00 :: Time: 0.026(0.02555/step) :: Entropy : 0.000 :: Grads : []
520 :: Rewards 359.102 :: steps: 1.00 :: Time: 0.026(0.02613/step) :: Entropy : 0.000 :: Grads : []
530 :: Rewards 366.296 :: steps: 1.00 :: Time: 0.027(0.02656/step) :: Entropy : 0.000 :: Grads : []
540 :: Rewards 373.477 :: steps: 1.00 :: Time: 0.027(0.02690/step) :: Entropy : 0.000 :: Grads : []
550 :: Rewards 380.639 :: steps: 1.00 :: Time: 0.027(0.02739/step) :: Entropy : 0.000 :: Grads : []
560 :: Rewards 387.571 :: steps: 1.00 :: Time: 0.028(0.02782/step) :: Entropy : 0.000 :: Grads : []
570 :: Rewards 394.757 :: steps: 1.00 :: Time: 0.028(0.02841/step) :: Entropy : 0.000 :: Grads : []
580 :: Rewards 401.273 :: steps: 1.00 :: Time: 0.029(0.02905/step) :: Entropy : 0.000 :: Grads : []
590 :: Rewards 408.482 :: steps: 1.00 :: Time: 0.030(0.02968/step) :: Entropy : 0.000 :: Grads : []
600 :: Rewards 415.715 :: steps: 1.00 :: Time: 0.030(0.03022/step) :: Entropy : 0.000 :: Grads : []
610 :: Rewards 422.889 :: steps: 1.00 :: Time: 0.031(0.03057/step) :: Entropy : 0.000 :: Grads : []
620 :: Rewards 429.795 :: steps: 1.00 :: Time: 0.031(0.03095/step) :: Entropy : 0.000 :: Grads : []
630 :: Rewards 436.992 :: steps: 1.00 :: Time: 0.036(0.03571/step) :: Entropy : 0.000 :: Grads : []
640 :: Rewards 444.175 :: steps: 1.00 :: Time: 0.035(0.03513/step) :: Entropy : 0.000 :: Grads : []
650 :: Rewards 451.342 :: steps: 1.00 :: Time: 0.036(0.03648/step) :: Entropy : 0.000 :: Grads : []
660 :: Rewards 458.546 :: steps: 1.00 :: Time: 0.037(0.03667/step) :: Entropy : 0.000 :: Grads : []
670 :: Rewards 465.730 :: steps: 1.00 :: Time: 0.034(0.03449/step) :: Entropy : 0.000 :: Grads : []
680 :: Rewards 472.904 :: steps: 1.00 :: Time: 0.035(0.03507/step) :: Entropy : 0.000 :: Grads : []
690 :: Rewards 480.118 :: steps: 1.00 :: Time: 0.036(0.03617/step) :: Entropy : 0.000 :: Grads : []
700 :: Rewards 487.293 :: steps: 1.00 :: Time: 0.036(0.03629/step) :: Entropy : 0.000 :: Grads : []
710 :: Rewards 494.500 :: steps: 1.00 :: Time: 0.037(0.03732/step) :: Entropy : 0.000 :: Grads : []
720 :: Rewards 501.698 :: steps: 1.00 :: Time: 0.038(0.03783/step) :: Entropy : 0.000 :: Grads : []
730 :: Rewards 508.904 :: steps: 1.00 :: Time: 0.039(0.03895/step) :: Entropy : 0.000 :: Grads : []
740 :: Rewards 516.065 :: steps: 1.00 :: Time: 0.039(0.03939/step) :: Entropy : 0.000 :: Grads : []
750 :: Rewards 523.233 :: steps: 1.00 :: Time: 0.040(0.04044/step) :: Entropy : 0.000 :: Grads : []
760 :: Rewards 530.470 :: steps: 1.00 :: Time: 0.041(0.04138/step) :: Entropy : 0.000 :: Grads : []
770 :: Rewards 537.659 :: steps: 1.00 :: Time: 0.043(0.04250/step) :: Entropy : 0.000 :: Grads : []
780 :: Rewards 544.876 :: steps: 1.00 :: Time: 0.043(0.04265/step) :: Entropy : 0.000 :: Grads : []
790 :: Rewards 552.065 :: steps: 1.00 :: Time: 0.043(0.04344/step) :: Entropy : 0.000 :: Grads : []
800 :: Rewards 559.264 :: steps: 1.00 :: Time: 0.045(0.04501/step) :: Entropy : 0.000 :: Grads : []
810 :: Rewards 566.458 :: steps: 1.00 :: Time: 0.046(0.04587/step) :: Entropy : 0.000 :: Grads : []
820 :: Rewards 573.657 :: steps: 1.00 :: Time: 0.047(0.04660/step) :: Entropy : 0.000 :: Grads : []
830 :: Rewards 580.537 :: steps: 1.00 :: Time: 0.047(0.04715/step) :: Entropy : 0.000 :: Grads : []
840 :: Rewards 587.709 :: steps: 1.00 :: Time: 0.048(0.04814/step) :: Entropy : 0.000 :: Grads : []
850 :: Rewards 594.914 :: steps: 1.00 :: Time: 0.051(0.05097/step) :: Entropy : 0.000 :: Grads : []
860 :: Rewards 602.115 :: steps: 1.00 :: Time: 0.052(0.05241/step) :: Entropy : 0.000 :: Grads : []
870 :: Rewards 609.314 :: steps: 1.00 :: Time: 0.052(0.05242/step) :: Entropy : 0.000 :: Grads : []
880 :: Rewards 616.527 :: steps: 1.00 :: Time: 0.053(0.05313/step) :: Entropy : 0.000 :: Grads : []
890 :: Rewards 623.701 :: steps: 1.00 :: Time: 0.055(0.05477/step) :: Entropy : 0.000 :: Grads : []
900 :: Rewards 630.907 :: steps: 1.00 :: Time: 0.056(0.05627/step) :: Entropy : 0.000 :: Grads : []
910 :: Rewards 638.101 :: steps: 1.00 :: Time: 0.057(0.05739/step) :: Entropy : 0.000 :: Grads : []
920 :: Rewards 645.325 :: steps: 1.00 :: Time: 0.059(0.05860/step) :: Entropy : 0.000 :: Grads : []
930 :: Rewards 652.502 :: steps: 1.00 :: Time: 0.060(0.05958/step) :: Entropy : 0.000 :: Grads : []
940 :: Rewards 659.709 :: steps: 1.00 :: Time: 0.060(0.05978/step) :: Entropy : 0.000 :: Grads : []
950 :: Rewards 666.925 :: steps: 1.00 :: Time: 0.062(0.06197/step) :: Entropy : 0.000 :: Grads : []
960 :: Rewards 674.106 :: steps: 1.00 :: Time: 0.063(0.06253/step) :: Entropy : 0.000 :: Grads : []
970 :: Rewards 681.319 :: steps: 1.00 :: Time: 0.063(0.06324/step) :: Entropy : 0.000 :: Grads : []
980 :: Rewards 688.515 :: steps: 1.00 :: Time: 0.065(0.06467/step) :: Entropy : 0.000 :: Grads : []
990 :: Rewards 695.711 :: steps: 1.00 :: Time: 0.066(0.06631/step) :: Entropy : 0.000 :: Grads : []
999 :: Rewards 702.184 :: steps: 0.90 :: Time: 0.060(0.06711/step) :: Entropy : 0.000 :: Grads : []
Total time taken: 30.046483993530273
