Module path:  Environments.NS_Reco NS_Reco
Dynamically loaded from:  <class 'Environments.NS_Reco.NS_Reco'>
Reward Amplitudes: [4.17022005e-01 7.20324493e-01 1.14374817e-04 3.02332573e-01
 1.46755891e-01] :: Avg 0.317309867282206 
Module path:  Src.Algorithms.ProWLS ProWLS
Dynamically loaded from:  <class 'Src.Algorithms.ProWLS.ProWLS'>
=====Configurations=====
 Namespace(NN_basis_dim='32', Policy_basis_dim='32', actor_lr=0.007650333890460954, algo_name='ProWLS', base=0, batch_size=1000, buffer_size=1000, debug=False, delta=5, entropy_lambda=0.03134205440723196, env_name='NS_Reco', experiment='NS_2r_', extrapolator_basis='Fourier', folder_suffix='Default', fourier_coupled=True, fourier_k=3, fourier_order=3, gamma=0.99, gauss_std=1.5, gpu=0, hyper='default', importance_clip=15.0, inc=1, log_output='term_file', max_episodes=1000, max_inner=50, max_steps=500, optim='rmsprop', oracle=-1, raw_basis=True, restore=False, save_count=100, save_model=True, seed=17, speed=2, state_lr=0.001, summary=True, swarm=False, timestamp='5|25|11:28:46')
Actions space: 5 :: State space: 1
State Low: tensor([0.]) :: State High: tensor([1.])
State features:  [('dummy_param', torch.Size([1]))]
Policy:  [('fc1.weight', torch.Size([5, 1])), ('fc1.bias', torch.Size([5]))]
0 :: Rewards -0.007 :: steps: 0.10 :: Time: 0.000(0.00062/step) :: Entropy : 0.000 :: Grads : []
10 :: Rewards -0.182 :: steps: 1.00 :: Time: 0.006(0.00610/step) :: Entropy : 0.000 :: Grads : []
20 :: Rewards -0.841 :: steps: 1.00 :: Time: 0.006(0.00594/step) :: Entropy : 0.000 :: Grads : []
30 :: Rewards -1.255 :: steps: 1.00 :: Time: 0.006(0.00608/step) :: Entropy : 0.000 :: Grads : []
40 :: Rewards -1.986 :: steps: 1.00 :: Time: 0.006(0.00595/step) :: Entropy : 0.000 :: Grads : []
50 :: Rewards -2.356 :: steps: 1.00 :: Time: 0.006(0.00600/step) :: Entropy : 0.000 :: Grads : []
60 :: Rewards -2.981 :: steps: 1.00 :: Time: 0.006(0.00606/step) :: Entropy : 0.000 :: Grads : []
70 :: Rewards -2.981 :: steps: 1.00 :: Time: 0.006(0.00617/step) :: Entropy : 0.000 :: Grads : []
80 :: Rewards -4.742 :: steps: 1.00 :: Time: 0.006(0.00622/step) :: Entropy : 0.000 :: Grads : []
90 :: Rewards -6.355 :: steps: 1.00 :: Time: 0.006(0.00629/step) :: Entropy : 0.000 :: Grads : []
100 :: Rewards -6.737 :: steps: 1.00 :: Time: 0.006(0.00637/step) :: Entropy : 0.000 :: Grads : []
110 :: Rewards -7.989 :: steps: 1.00 :: Time: 0.007(0.00653/step) :: Entropy : 0.000 :: Grads : []
120 :: Rewards -7.989 :: steps: 1.00 :: Time: 0.007(0.00659/step) :: Entropy : 0.000 :: Grads : []
130 :: Rewards -8.593 :: steps: 1.00 :: Time: 0.007(0.00670/step) :: Entropy : 0.000 :: Grads : []
140 :: Rewards -8.909 :: steps: 1.00 :: Time: 0.007(0.00681/step) :: Entropy : 0.000 :: Grads : []
150 :: Rewards -10.037 :: steps: 1.00 :: Time: 0.007(0.00694/step) :: Entropy : 0.000 :: Grads : []
160 :: Rewards -10.037 :: steps: 1.00 :: Time: 0.007(0.00709/step) :: Entropy : 0.000 :: Grads : []
170 :: Rewards -10.451 :: steps: 1.00 :: Time: 0.007(0.00717/step) :: Entropy : 0.000 :: Grads : []
180 :: Rewards -10.451 :: steps: 1.00 :: Time: 0.007(0.00727/step) :: Entropy : 0.000 :: Grads : []
190 :: Rewards -10.451 :: steps: 1.00 :: Time: 0.008(0.00788/step) :: Entropy : 0.000 :: Grads : []
200 :: Rewards -10.451 :: steps: 1.00 :: Time: 0.008(0.00802/step) :: Entropy : 0.000 :: Grads : []
210 :: Rewards -10.792 :: steps: 1.00 :: Time: 0.008(0.00830/step) :: Entropy : 0.000 :: Grads : []
220 :: Rewards -14.179 :: steps: 1.00 :: Time: 0.009(0.00852/step) :: Entropy : 0.000 :: Grads : []
230 :: Rewards -16.233 :: steps: 1.00 :: Time: 0.009(0.00864/step) :: Entropy : 0.000 :: Grads : []
240 :: Rewards -17.975 :: steps: 1.00 :: Time: 0.009(0.00869/step) :: Entropy : 0.000 :: Grads : []
250 :: Rewards -19.284 :: steps: 1.00 :: Time: 0.009(0.00899/step) :: Entropy : 0.000 :: Grads : []
260 :: Rewards -19.999 :: steps: 1.00 :: Time: 0.009(0.00911/step) :: Entropy : 0.000 :: Grads : []
270 :: Rewards -20.563 :: steps: 1.00 :: Time: 0.009(0.00934/step) :: Entropy : 0.000 :: Grads : []
280 :: Rewards -20.563 :: steps: 1.00 :: Time: 0.009(0.00940/step) :: Entropy : 0.000 :: Grads : []
290 :: Rewards -20.563 :: steps: 1.00 :: Time: 0.010(0.00961/step) :: Entropy : 0.000 :: Grads : []
300 :: Rewards -20.563 :: steps: 1.00 :: Time: 0.010(0.00964/step) :: Entropy : 0.000 :: Grads : []
310 :: Rewards -21.413 :: steps: 1.00 :: Time: 0.010(0.00984/step) :: Entropy : 0.000 :: Grads : []
320 :: Rewards -22.459 :: steps: 1.00 :: Time: 0.010(0.01007/step) :: Entropy : 0.000 :: Grads : []
330 :: Rewards -22.900 :: steps: 1.00 :: Time: 0.010(0.01024/step) :: Entropy : 0.000 :: Grads : []
340 :: Rewards -23.120 :: steps: 1.00 :: Time: 0.010(0.01040/step) :: Entropy : 0.000 :: Grads : []
350 :: Rewards -23.276 :: steps: 1.00 :: Time: 0.011(0.01062/step) :: Entropy : 0.000 :: Grads : []
360 :: Rewards -23.283 :: steps: 1.00 :: Time: 0.011(0.01080/step) :: Entropy : 0.000 :: Grads : []
370 :: Rewards -23.655 :: steps: 1.00 :: Time: 0.011(0.01124/step) :: Entropy : 0.000 :: Grads : []
380 :: Rewards -23.871 :: steps: 1.00 :: Time: 0.011(0.01130/step) :: Entropy : 0.000 :: Grads : []
390 :: Rewards -24.039 :: steps: 1.00 :: Time: 0.012(0.01166/step) :: Entropy : 0.000 :: Grads : []
400 :: Rewards -24.681 :: steps: 1.00 :: Time: 0.012(0.01176/step) :: Entropy : 0.000 :: Grads : []
410 :: Rewards -24.681 :: steps: 1.00 :: Time: 0.012(0.01225/step) :: Entropy : 0.000 :: Grads : []
420 :: Rewards -24.856 :: steps: 1.00 :: Time: 0.012(0.01233/step) :: Entropy : 0.000 :: Grads : []
430 :: Rewards -24.856 :: steps: 1.00 :: Time: 0.013(0.01279/step) :: Entropy : 0.000 :: Grads : []
440 :: Rewards -24.856 :: steps: 1.00 :: Time: 0.013(0.01276/step) :: Entropy : 0.000 :: Grads : []
450 :: Rewards -24.856 :: steps: 1.00 :: Time: 0.013(0.01320/step) :: Entropy : 0.000 :: Grads : []
460 :: Rewards -25.033 :: steps: 1.00 :: Time: 0.013(0.01318/step) :: Entropy : 0.000 :: Grads : []
470 :: Rewards -26.735 :: steps: 1.00 :: Time: 0.014(0.01356/step) :: Entropy : 0.000 :: Grads : []
480 :: Rewards -27.025 :: steps: 1.00 :: Time: 0.014(0.01367/step) :: Entropy : 0.000 :: Grads : []
490 :: Rewards -27.195 :: steps: 1.00 :: Time: 0.014(0.01406/step) :: Entropy : 0.000 :: Grads : []
500 :: Rewards -27.275 :: steps: 1.00 :: Time: 0.014(0.01413/step) :: Entropy : 0.000 :: Grads : []
510 :: Rewards -27.651 :: steps: 1.00 :: Time: 0.015(0.01454/step) :: Entropy : 0.000 :: Grads : []
520 :: Rewards -27.784 :: steps: 1.00 :: Time: 0.015(0.01488/step) :: Entropy : 0.000 :: Grads : []
530 :: Rewards -27.876 :: steps: 1.00 :: Time: 0.015(0.01515/step) :: Entropy : 0.000 :: Grads : []
540 :: Rewards -28.112 :: steps: 1.00 :: Time: 0.015(0.01516/step) :: Entropy : 0.000 :: Grads : []
550 :: Rewards -29.147 :: steps: 1.00 :: Time: 0.016(0.01564/step) :: Entropy : 0.000 :: Grads : []
560 :: Rewards -29.563 :: steps: 1.00 :: Time: 0.016(0.01640/step) :: Entropy : 0.000 :: Grads : []
570 :: Rewards -30.280 :: steps: 1.00 :: Time: 0.016(0.01623/step) :: Entropy : 0.000 :: Grads : []
580 :: Rewards -30.490 :: steps: 1.00 :: Time: 0.016(0.01645/step) :: Entropy : 0.000 :: Grads : []
590 :: Rewards -30.810 :: steps: 1.00 :: Time: 0.018(0.01834/step) :: Entropy : 0.000 :: Grads : []
600 :: Rewards -31.658 :: steps: 1.00 :: Time: 0.017(0.01655/step) :: Entropy : 0.000 :: Grads : []
610 :: Rewards -31.923 :: steps: 1.00 :: Time: 0.016(0.01646/step) :: Entropy : 0.000 :: Grads : []
620 :: Rewards -32.143 :: steps: 1.00 :: Time: 0.017(0.01710/step) :: Entropy : 0.000 :: Grads : []
630 :: Rewards -32.143 :: steps: 1.00 :: Time: 0.018(0.01786/step) :: Entropy : 0.000 :: Grads : []
640 :: Rewards -32.267 :: steps: 1.00 :: Time: 0.018(0.01806/step) :: Entropy : 0.000 :: Grads : []
650 :: Rewards -32.320 :: steps: 1.00 :: Time: 0.019(0.01887/step) :: Entropy : 0.000 :: Grads : []
660 :: Rewards -32.527 :: steps: 1.00 :: Time: 0.018(0.01842/step) :: Entropy : 0.000 :: Grads : []
670 :: Rewards -32.621 :: steps: 1.00 :: Time: 0.019(0.01894/step) :: Entropy : 0.000 :: Grads : []
680 :: Rewards -32.621 :: steps: 1.00 :: Time: 0.018(0.01835/step) :: Entropy : 0.000 :: Grads : []
690 :: Rewards -32.729 :: steps: 1.00 :: Time: 0.019(0.01923/step) :: Entropy : 0.000 :: Grads : []
700 :: Rewards -32.752 :: steps: 1.00 :: Time: 0.019(0.01917/step) :: Entropy : 0.000 :: Grads : []
710 :: Rewards -32.809 :: steps: 1.00 :: Time: 0.020(0.01987/step) :: Entropy : 0.000 :: Grads : []
720 :: Rewards -32.824 :: steps: 1.00 :: Time: 0.020(0.02008/step) :: Entropy : 0.000 :: Grads : []
730 :: Rewards -32.863 :: steps: 1.00 :: Time: 0.021(0.02134/step) :: Entropy : 0.000 :: Grads : []
740 :: Rewards -32.890 :: steps: 1.00 :: Time: 0.021(0.02118/step) :: Entropy : 0.000 :: Grads : []
750 :: Rewards -32.916 :: steps: 1.00 :: Time: 0.021(0.02140/step) :: Entropy : 0.000 :: Grads : []
760 :: Rewards -32.997 :: steps: 1.00 :: Time: 0.022(0.02159/step) :: Entropy : 0.000 :: Grads : []
770 :: Rewards -33.014 :: steps: 1.00 :: Time: 0.023(0.02273/step) :: Entropy : 0.000 :: Grads : []
780 :: Rewards -33.094 :: steps: 1.00 :: Time: 0.023(0.02271/step) :: Entropy : 0.000 :: Grads : []
790 :: Rewards -33.182 :: steps: 1.00 :: Time: 0.024(0.02393/step) :: Entropy : 0.000 :: Grads : []
800 :: Rewards -33.252 :: steps: 1.00 :: Time: 0.024(0.02430/step) :: Entropy : 0.000 :: Grads : []
810 :: Rewards -33.340 :: steps: 1.00 :: Time: 0.026(0.02564/step) :: Entropy : 0.000 :: Grads : []
820 :: Rewards -33.511 :: steps: 1.00 :: Time: 0.026(0.02580/step) :: Entropy : 0.000 :: Grads : []
830 :: Rewards -33.674 :: steps: 1.00 :: Time: 0.027(0.02701/step) :: Entropy : 0.000 :: Grads : []
840 :: Rewards -34.016 :: steps: 1.00 :: Time: 0.028(0.02755/step) :: Entropy : 0.000 :: Grads : []
850 :: Rewards -34.133 :: steps: 1.00 :: Time: 0.028(0.02838/step) :: Entropy : 0.000 :: Grads : []
860 :: Rewards -34.375 :: steps: 1.00 :: Time: 0.029(0.02855/step) :: Entropy : 0.000 :: Grads : []
870 :: Rewards -34.452 :: steps: 1.00 :: Time: 0.030(0.02953/step) :: Entropy : 0.000 :: Grads : []
880 :: Rewards -34.722 :: steps: 1.00 :: Time: 0.030(0.02999/step) :: Entropy : 0.000 :: Grads : []
890 :: Rewards -35.146 :: steps: 1.00 :: Time: 0.031(0.03061/step) :: Entropy : 0.000 :: Grads : []
900 :: Rewards -36.315 :: steps: 1.00 :: Time: 0.031(0.03105/step) :: Entropy : 0.000 :: Grads : []
910 :: Rewards -38.076 :: steps: 1.00 :: Time: 0.032(0.03181/step) :: Entropy : 0.000 :: Grads : []
920 :: Rewards -39.963 :: steps: 1.00 :: Time: 0.032(0.03186/step) :: Entropy : 0.000 :: Grads : []
930 :: Rewards -42.449 :: steps: 1.00 :: Time: 0.033(0.03296/step) :: Entropy : 0.000 :: Grads : []
940 :: Rewards -45.249 :: steps: 1.00 :: Time: 0.033(0.03303/step) :: Entropy : 0.000 :: Grads : []
950 :: Rewards -48.550 :: steps: 1.00 :: Time: 0.035(0.03450/step) :: Entropy : 0.000 :: Grads : []
960 :: Rewards -52.307 :: steps: 1.00 :: Time: 0.035(0.03486/step) :: Entropy : 0.000 :: Grads : []
970 :: Rewards -56.490 :: steps: 1.00 :: Time: 0.036(0.03560/step) :: Entropy : 0.000 :: Grads : []
980 :: Rewards -61.087 :: steps: 1.00 :: Time: 0.036(0.03573/step) :: Entropy : 0.000 :: Grads : []
990 :: Rewards -66.127 :: steps: 1.00 :: Time: 0.036(0.03621/step) :: Entropy : 0.000 :: Grads : []
999 :: Rewards -71.039 :: steps: 0.90 :: Time: 0.040(0.04394/step) :: Entropy : 0.000 :: Grads : []
Total time taken: 16.59237003326416
