Module path:  Environments.NS_Reco NS_Reco
Dynamically loaded from:  <class 'Environments.NS_Reco.NS_Reco'>
Reward Amplitudes: [4.17022005e-01 7.20324493e-01 1.14374817e-04 3.02332573e-01
 1.46755891e-01] :: Avg 0.317309867282206 
Module path:  Src.Algorithms.ProWLS ProWLS
Dynamically loaded from:  <class 'Src.Algorithms.ProWLS.ProWLS'>
=====Configurations=====
 Namespace(NN_basis_dim='32', Policy_basis_dim='32', actor_lr=0.0017966647558361548, algo_name='ProWLS', base=0, batch_size=1000, buffer_size=1000, debug=False, delta=1, entropy_lambda=0.006997441955638448, env_name='NS_Reco', experiment='NS_1r_', extrapolator_basis='Fourier', folder_suffix='Default', fourier_coupled=True, fourier_k=3, fourier_order=3, gamma=0.99, gauss_std=1.5, gpu=0, hyper='default', importance_clip=10.0, inc=1, log_output='term_file', max_episodes=1000, max_inner=30, max_steps=500, optim='rmsprop', oracle=-1, raw_basis=True, restore=False, save_count=100, save_model=True, seed=6, speed=1, state_lr=0.001, summary=True, swarm=False, timestamp='5|25|11:39:30')
Actions space: 5 :: State space: 1
State Low: tensor([0.]) :: State High: tensor([1.])
State features:  [('dummy_param', torch.Size([1]))]
Policy:  [('fc1.weight', torch.Size([5, 1])), ('fc1.bias', torch.Size([5]))]
0 :: Rewards 0.000 :: steps: 0.10 :: Time: 0.000(0.00066/step) :: Entropy : 0.000 :: Grads : []
10 :: Rewards -0.068 :: steps: 1.00 :: Time: 0.015(0.01469/step) :: Entropy : 0.000 :: Grads : []
20 :: Rewards -0.246 :: steps: 1.00 :: Time: 0.019(0.01852/step) :: Entropy : 0.000 :: Grads : []
30 :: Rewards -0.349 :: steps: 1.00 :: Time: 0.019(0.01896/step) :: Entropy : 0.000 :: Grads : []
40 :: Rewards -0.349 :: steps: 1.00 :: Time: 0.019(0.01864/step) :: Entropy : 0.000 :: Grads : []
50 :: Rewards -0.752 :: steps: 1.00 :: Time: 0.018(0.01847/step) :: Entropy : 0.000 :: Grads : []
60 :: Rewards -0.947 :: steps: 1.00 :: Time: 0.019(0.01869/step) :: Entropy : 0.000 :: Grads : []
70 :: Rewards -0.947 :: steps: 1.00 :: Time: 0.019(0.01863/step) :: Entropy : 0.000 :: Grads : []
80 :: Rewards -1.118 :: steps: 1.00 :: Time: 0.019(0.01910/step) :: Entropy : 0.000 :: Grads : []
90 :: Rewards -1.118 :: steps: 1.00 :: Time: 0.019(0.01940/step) :: Entropy : 0.000 :: Grads : []
100 :: Rewards -1.699 :: steps: 1.00 :: Time: 0.020(0.02014/step) :: Entropy : 0.000 :: Grads : []
110 :: Rewards -1.699 :: steps: 1.00 :: Time: 0.020(0.01984/step) :: Entropy : 0.000 :: Grads : []
120 :: Rewards -1.991 :: steps: 1.00 :: Time: 0.020(0.01999/step) :: Entropy : 0.000 :: Grads : []
130 :: Rewards -2.307 :: steps: 1.00 :: Time: 0.020(0.02035/step) :: Entropy : 0.000 :: Grads : []
140 :: Rewards -2.611 :: steps: 1.00 :: Time: 0.021(0.02083/step) :: Entropy : 0.000 :: Grads : []
150 :: Rewards -2.908 :: steps: 1.00 :: Time: 0.021(0.02134/step) :: Entropy : 0.000 :: Grads : []
160 :: Rewards -3.175 :: steps: 1.00 :: Time: 0.022(0.02177/step) :: Entropy : 0.000 :: Grads : []
170 :: Rewards -3.394 :: steps: 1.00 :: Time: 0.022(0.02184/step) :: Entropy : 0.000 :: Grads : []
180 :: Rewards -3.767 :: steps: 1.00 :: Time: 0.022(0.02210/step) :: Entropy : 0.000 :: Grads : []
190 :: Rewards -4.014 :: steps: 1.00 :: Time: 0.024(0.02425/step) :: Entropy : 0.000 :: Grads : []
200 :: Rewards -4.014 :: steps: 1.00 :: Time: 0.028(0.02762/step) :: Entropy : 0.000 :: Grads : []
210 :: Rewards -4.014 :: steps: 1.00 :: Time: 0.025(0.02496/step) :: Entropy : 0.000 :: Grads : []
220 :: Rewards -4.014 :: steps: 1.00 :: Time: 0.025(0.02513/step) :: Entropy : 0.000 :: Grads : []
230 :: Rewards -4.014 :: steps: 1.00 :: Time: 0.026(0.02560/step) :: Entropy : 0.000 :: Grads : []
240 :: Rewards -4.909 :: steps: 1.00 :: Time: 0.026(0.02592/step) :: Entropy : 0.000 :: Grads : []
250 :: Rewards -4.909 :: steps: 1.00 :: Time: 0.027(0.02725/step) :: Entropy : 0.000 :: Grads : []
260 :: Rewards -4.909 :: steps: 1.00 :: Time: 0.028(0.02809/step) :: Entropy : 0.000 :: Grads : []
270 :: Rewards -4.909 :: steps: 1.00 :: Time: 0.029(0.02902/step) :: Entropy : 0.000 :: Grads : []
280 :: Rewards -4.909 :: steps: 1.00 :: Time: 0.029(0.02924/step) :: Entropy : 0.000 :: Grads : []
290 :: Rewards -4.909 :: steps: 1.00 :: Time: 0.030(0.03000/step) :: Entropy : 0.000 :: Grads : []
300 :: Rewards -4.909 :: steps: 1.00 :: Time: 0.031(0.03056/step) :: Entropy : 0.000 :: Grads : []
310 :: Rewards -5.312 :: steps: 1.00 :: Time: 0.031(0.03134/step) :: Entropy : 0.000 :: Grads : []
320 :: Rewards -5.312 :: steps: 1.00 :: Time: 0.032(0.03225/step) :: Entropy : 0.000 :: Grads : []
330 :: Rewards -7.095 :: steps: 1.00 :: Time: 0.033(0.03307/step) :: Entropy : 0.000 :: Grads : []
340 :: Rewards -8.000 :: steps: 1.00 :: Time: 0.034(0.03365/step) :: Entropy : 0.000 :: Grads : []
350 :: Rewards -8.567 :: steps: 1.00 :: Time: 0.034(0.03402/step) :: Entropy : 0.000 :: Grads : []
360 :: Rewards -8.567 :: steps: 1.00 :: Time: 0.035(0.03474/step) :: Entropy : 0.000 :: Grads : []
370 :: Rewards -8.567 :: steps: 1.00 :: Time: 0.035(0.03544/step) :: Entropy : 0.000 :: Grads : []
380 :: Rewards -10.685 :: steps: 1.00 :: Time: 0.036(0.03608/step) :: Entropy : 0.000 :: Grads : []
390 :: Rewards -11.009 :: steps: 1.00 :: Time: 0.036(0.03629/step) :: Entropy : 0.000 :: Grads : []
400 :: Rewards -11.009 :: steps: 1.00 :: Time: 0.037(0.03696/step) :: Entropy : 0.000 :: Grads : []
410 :: Rewards -12.064 :: steps: 1.00 :: Time: 0.039(0.03866/step) :: Entropy : 0.000 :: Grads : []
420 :: Rewards -12.401 :: steps: 1.00 :: Time: 0.039(0.03943/step) :: Entropy : 0.000 :: Grads : []
430 :: Rewards -12.401 :: steps: 1.00 :: Time: 0.040(0.04030/step) :: Entropy : 0.000 :: Grads : []
440 :: Rewards -12.401 :: steps: 1.00 :: Time: 0.041(0.04111/step) :: Entropy : 0.000 :: Grads : []
450 :: Rewards -12.401 :: steps: 1.00 :: Time: 0.042(0.04194/step) :: Entropy : 0.000 :: Grads : []
460 :: Rewards -12.401 :: steps: 1.00 :: Time: 0.043(0.04315/step) :: Entropy : 0.000 :: Grads : []
470 :: Rewards -12.812 :: steps: 1.00 :: Time: 0.044(0.04361/step) :: Entropy : 0.000 :: Grads : []
480 :: Rewards -13.221 :: steps: 1.00 :: Time: 0.044(0.04399/step) :: Entropy : 0.000 :: Grads : []
490 :: Rewards -13.645 :: steps: 1.00 :: Time: 0.044(0.04363/step) :: Entropy : 0.000 :: Grads : []
500 :: Rewards -13.645 :: steps: 1.00 :: Time: 0.044(0.04411/step) :: Entropy : 0.000 :: Grads : []
510 :: Rewards -13.645 :: steps: 1.00 :: Time: 0.045(0.04550/step) :: Entropy : 0.000 :: Grads : []
520 :: Rewards -14.197 :: steps: 1.00 :: Time: 0.047(0.04664/step) :: Entropy : 0.000 :: Grads : []
530 :: Rewards -14.764 :: steps: 1.00 :: Time: 0.050(0.05035/step) :: Entropy : 0.000 :: Grads : []
540 :: Rewards -14.764 :: steps: 1.00 :: Time: 0.052(0.05171/step) :: Entropy : 0.000 :: Grads : []
550 :: Rewards -14.764 :: steps: 1.00 :: Time: 0.057(0.05713/step) :: Entropy : 0.000 :: Grads : []
560 :: Rewards -14.764 :: steps: 1.00 :: Time: 0.054(0.05443/step) :: Entropy : 0.000 :: Grads : []
570 :: Rewards -14.764 :: steps: 1.00 :: Time: 0.052(0.05220/step) :: Entropy : 0.000 :: Grads : []
580 :: Rewards -14.764 :: steps: 1.00 :: Time: 0.052(0.05221/step) :: Entropy : 0.000 :: Grads : []
590 :: Rewards -14.764 :: steps: 1.00 :: Time: 0.054(0.05383/step) :: Entropy : 0.000 :: Grads : []
600 :: Rewards -14.764 :: steps: 1.00 :: Time: 0.059(0.05903/step) :: Entropy : 0.000 :: Grads : []
610 :: Rewards -14.941 :: steps: 1.00 :: Time: 0.059(0.05894/step) :: Entropy : 0.000 :: Grads : []
620 :: Rewards -14.941 :: steps: 1.00 :: Time: 0.056(0.05617/step) :: Entropy : 0.000 :: Grads : []
630 :: Rewards -15.351 :: steps: 1.00 :: Time: 0.057(0.05749/step) :: Entropy : 0.000 :: Grads : []
640 :: Rewards -15.506 :: steps: 1.00 :: Time: 0.058(0.05848/step) :: Entropy : 0.000 :: Grads : []
650 :: Rewards -15.914 :: steps: 1.00 :: Time: 0.060(0.05976/step) :: Entropy : 0.000 :: Grads : []
660 :: Rewards -15.914 :: steps: 1.00 :: Time: 0.061(0.06062/step) :: Entropy : 0.000 :: Grads : []
670 :: Rewards -15.914 :: steps: 1.00 :: Time: 0.062(0.06197/step) :: Entropy : 0.000 :: Grads : []
680 :: Rewards -16.070 :: steps: 1.00 :: Time: 0.063(0.06271/step) :: Entropy : 0.000 :: Grads : []
690 :: Rewards -16.070 :: steps: 1.00 :: Time: 0.064(0.06418/step) :: Entropy : 0.000 :: Grads : []
700 :: Rewards -16.070 :: steps: 1.00 :: Time: 0.065(0.06504/step) :: Entropy : 0.000 :: Grads : []
710 :: Rewards -16.239 :: steps: 1.00 :: Time: 0.066(0.06559/step) :: Entropy : 0.000 :: Grads : []
720 :: Rewards -16.371 :: steps: 1.00 :: Time: 0.068(0.06814/step) :: Entropy : 0.000 :: Grads : []
730 :: Rewards -16.428 :: steps: 1.00 :: Time: 0.075(0.07452/step) :: Entropy : 0.000 :: Grads : []
740 :: Rewards -16.666 :: steps: 1.00 :: Time: 0.079(0.07869/step) :: Entropy : 0.000 :: Grads : []
750 :: Rewards -17.094 :: steps: 1.00 :: Time: 0.072(0.07244/step) :: Entropy : 0.000 :: Grads : []
760 :: Rewards -17.533 :: steps: 1.00 :: Time: 0.070(0.07021/step) :: Entropy : 0.000 :: Grads : []
770 :: Rewards -18.333 :: steps: 1.00 :: Time: 0.073(0.07305/step) :: Entropy : 0.000 :: Grads : []
780 :: Rewards -18.614 :: steps: 1.00 :: Time: 0.075(0.07536/step) :: Entropy : 0.000 :: Grads : []
790 :: Rewards -18.614 :: steps: 1.00 :: Time: 0.077(0.07741/step) :: Entropy : 0.000 :: Grads : []
800 :: Rewards -18.614 :: steps: 1.00 :: Time: 0.080(0.08016/step) :: Entropy : 0.000 :: Grads : []
810 :: Rewards -18.614 :: steps: 1.00 :: Time: 0.082(0.08238/step) :: Entropy : 0.000 :: Grads : []
820 :: Rewards -18.614 :: steps: 1.00 :: Time: 0.087(0.08686/step) :: Entropy : 0.000 :: Grads : []
830 :: Rewards -18.614 :: steps: 1.00 :: Time: 0.088(0.08846/step) :: Entropy : 0.000 :: Grads : []
840 :: Rewards -18.614 :: steps: 1.00 :: Time: 0.089(0.08874/step) :: Entropy : 0.000 :: Grads : []
850 :: Rewards -18.614 :: steps: 1.00 :: Time: 0.090(0.09039/step) :: Entropy : 0.000 :: Grads : []
860 :: Rewards -18.614 :: steps: 1.00 :: Time: 0.092(0.09172/step) :: Entropy : 0.000 :: Grads : []
870 :: Rewards -18.614 :: steps: 1.00 :: Time: 0.093(0.09348/step) :: Entropy : 0.000 :: Grads : []
880 :: Rewards -18.614 :: steps: 1.00 :: Time: 0.096(0.09580/step) :: Entropy : 0.000 :: Grads : []
890 :: Rewards -18.614 :: steps: 1.00 :: Time: 0.098(0.09799/step) :: Entropy : 0.000 :: Grads : []
900 :: Rewards -18.614 :: steps: 1.00 :: Time: 0.100(0.09963/step) :: Entropy : 0.000 :: Grads : []
910 :: Rewards -18.614 :: steps: 1.00 :: Time: 0.102(0.10161/step) :: Entropy : 0.000 :: Grads : []
920 :: Rewards -18.614 :: steps: 1.00 :: Time: 0.100(0.09977/step) :: Entropy : 0.000 :: Grads : []
930 :: Rewards -18.614 :: steps: 1.00 :: Time: 0.111(0.11055/step) :: Entropy : 0.000 :: Grads : []
940 :: Rewards -18.614 :: steps: 1.00 :: Time: 0.102(0.10209/step) :: Entropy : 0.000 :: Grads : []
950 :: Rewards -18.614 :: steps: 1.00 :: Time: 0.106(0.10571/step) :: Entropy : 0.000 :: Grads : []
960 :: Rewards -18.614 :: steps: 1.00 :: Time: 0.105(0.10460/step) :: Entropy : 0.000 :: Grads : []
970 :: Rewards -18.614 :: steps: 1.00 :: Time: 0.107(0.10707/step) :: Entropy : 0.000 :: Grads : []
980 :: Rewards -18.614 :: steps: 1.00 :: Time: 0.111(0.11087/step) :: Entropy : 0.000 :: Grads : []
990 :: Rewards -18.614 :: steps: 1.00 :: Time: 0.110(0.11039/step) :: Entropy : 0.000 :: Grads : []
999 :: Rewards -18.614 :: steps: 0.90 :: Time: 0.102(0.11368/step) :: Entropy : 0.000 :: Grads : []
Total time taken: 52.85672330856323
