Module path:  Environments.NS_Reco NS_Reco
Dynamically loaded from:  <class 'Environments.NS_Reco.NS_Reco'>
Reward Amplitudes: [4.17022005e-01 7.20324493e-01 1.14374817e-04 3.02332573e-01
 1.46755891e-01] :: Avg 0.317309867282206 
Module path:  Src.Algorithms.ProOLS ProOLS
Dynamically loaded from:  <class 'Src.Algorithms.ProOLS.ProOLS'>
=====Configurations=====
 Namespace(NN_basis_dim='32', Policy_basis_dim='32', actor_lr=0.002855902814944507, algo_name='ProOLS', base=0, batch_size=1000, buffer_size=1000, debug=False, delta=1, entropy_lambda=0.053752942888962034, env_name='NS_Reco', experiment='NS_2r_', extrapolator_basis='Fourier', folder_suffix='Default', fourier_coupled=True, fourier_k=7, fourier_order=3, gamma=0.99, gauss_std=1.5, gpu=0, hyper='default', importance_clip=5.0, inc=1, log_output='term_file', max_episodes=1000, max_inner=30, max_steps=500, optim='rmsprop', oracle=-1, raw_basis=True, restore=False, save_count=100, save_model=True, seed=13, speed=2, state_lr=0.001, summary=True, swarm=False, timestamp='5|25|11:18:33')
Actions space: 5 :: State space: 1
State Low: tensor([0.]) :: State High: tensor([1.])
State features:  [('dummy_param', torch.Size([1]))]
Policy:  [('fc1.weight', torch.Size([5, 1])), ('fc1.bias', torch.Size([5]))]
0 :: Rewards 0.000 :: steps: 0.10 :: Time: 0.000(0.00075/step) :: Entropy : 0.000 :: Grads : []
10 :: Rewards -0.064 :: steps: 1.00 :: Time: 0.006(0.00639/step) :: Entropy : 0.000 :: Grads : []
20 :: Rewards -0.326 :: steps: 1.00 :: Time: 0.014(0.01353/step) :: Entropy : 0.000 :: Grads : []
30 :: Rewards -0.982 :: steps: 1.00 :: Time: 0.014(0.01402/step) :: Entropy : 0.000 :: Grads : []
40 :: Rewards -1.388 :: steps: 1.00 :: Time: 0.014(0.01426/step) :: Entropy : 0.000 :: Grads : []
50 :: Rewards -1.535 :: steps: 1.00 :: Time: 0.014(0.01373/step) :: Entropy : 0.000 :: Grads : []
60 :: Rewards -1.814 :: steps: 1.00 :: Time: 0.013(0.01329/step) :: Entropy : 0.000 :: Grads : []
70 :: Rewards -1.814 :: steps: 1.00 :: Time: 0.013(0.01347/step) :: Entropy : 0.000 :: Grads : []
80 :: Rewards -2.151 :: steps: 1.00 :: Time: 0.013(0.01342/step) :: Entropy : 0.000 :: Grads : []
90 :: Rewards -2.151 :: steps: 1.00 :: Time: 0.014(0.01351/step) :: Entropy : 0.000 :: Grads : []
100 :: Rewards -2.151 :: steps: 1.00 :: Time: 0.014(0.01362/step) :: Entropy : 0.000 :: Grads : []
110 :: Rewards -2.626 :: steps: 1.00 :: Time: 0.013(0.01343/step) :: Entropy : 0.000 :: Grads : []
120 :: Rewards -2.626 :: steps: 1.00 :: Time: 0.014(0.01355/step) :: Entropy : 0.000 :: Grads : []
130 :: Rewards -3.192 :: steps: 1.00 :: Time: 0.014(0.01367/step) :: Entropy : 0.000 :: Grads : []
140 :: Rewards -3.192 :: steps: 1.00 :: Time: 0.014(0.01412/step) :: Entropy : 0.000 :: Grads : []
150 :: Rewards -3.192 :: steps: 1.00 :: Time: 0.016(0.01581/step) :: Entropy : 0.000 :: Grads : []
160 :: Rewards -3.192 :: steps: 1.00 :: Time: 0.015(0.01480/step) :: Entropy : 0.000 :: Grads : []
170 :: Rewards -3.192 :: steps: 1.00 :: Time: 0.014(0.01441/step) :: Entropy : 0.000 :: Grads : []
180 :: Rewards -3.192 :: steps: 1.00 :: Time: 0.014(0.01438/step) :: Entropy : 0.000 :: Grads : []
190 :: Rewards -3.192 :: steps: 1.00 :: Time: 0.015(0.01514/step) :: Entropy : 0.000 :: Grads : []
200 :: Rewards -3.192 :: steps: 1.00 :: Time: 0.016(0.01565/step) :: Entropy : 0.000 :: Grads : []
210 :: Rewards -3.192 :: steps: 1.00 :: Time: 0.015(0.01510/step) :: Entropy : 0.000 :: Grads : []
220 :: Rewards -3.192 :: steps: 1.00 :: Time: 0.016(0.01562/step) :: Entropy : 0.000 :: Grads : []
230 :: Rewards -3.192 :: steps: 1.00 :: Time: 0.015(0.01544/step) :: Entropy : 0.000 :: Grads : []
240 :: Rewards -3.192 :: steps: 1.00 :: Time: 0.015(0.01524/step) :: Entropy : 0.000 :: Grads : []
250 :: Rewards -3.192 :: steps: 1.00 :: Time: 0.015(0.01506/step) :: Entropy : 0.000 :: Grads : []
260 :: Rewards -3.192 :: steps: 1.00 :: Time: 0.015(0.01531/step) :: Entropy : 0.000 :: Grads : []
270 :: Rewards -3.192 :: steps: 1.00 :: Time: 0.016(0.01564/step) :: Entropy : 0.000 :: Grads : []
280 :: Rewards -3.192 :: steps: 1.00 :: Time: 0.016(0.01583/step) :: Entropy : 0.000 :: Grads : []
290 :: Rewards -3.192 :: steps: 1.00 :: Time: 0.016(0.01591/step) :: Entropy : 0.000 :: Grads : []
300 :: Rewards -3.192 :: steps: 1.00 :: Time: 0.016(0.01585/step) :: Entropy : 0.000 :: Grads : []
310 :: Rewards -3.192 :: steps: 1.00 :: Time: 0.017(0.01662/step) :: Entropy : 0.000 :: Grads : []
320 :: Rewards -3.192 :: steps: 1.00 :: Time: 0.017(0.01681/step) :: Entropy : 0.000 :: Grads : []
330 :: Rewards -3.192 :: steps: 1.00 :: Time: 0.017(0.01681/step) :: Entropy : 0.000 :: Grads : []
340 :: Rewards -3.192 :: steps: 1.00 :: Time: 0.019(0.01910/step) :: Entropy : 0.000 :: Grads : []
350 :: Rewards -3.192 :: steps: 1.00 :: Time: 0.018(0.01780/step) :: Entropy : 0.000 :: Grads : []
360 :: Rewards -3.192 :: steps: 1.00 :: Time: 0.019(0.01856/step) :: Entropy : 0.000 :: Grads : []
370 :: Rewards -3.377 :: steps: 1.00 :: Time: 0.018(0.01831/step) :: Entropy : 0.000 :: Grads : []
380 :: Rewards -3.909 :: steps: 1.00 :: Time: 0.031(0.03098/step) :: Entropy : 0.000 :: Grads : []
390 :: Rewards -4.777 :: steps: 1.00 :: Time: 0.022(0.02150/step) :: Entropy : 0.000 :: Grads : []
400 :: Rewards -6.213 :: steps: 1.00 :: Time: 0.018(0.01831/step) :: Entropy : 0.000 :: Grads : []
410 :: Rewards -7.640 :: steps: 1.00 :: Time: 0.019(0.01859/step) :: Entropy : 0.000 :: Grads : []
420 :: Rewards -8.768 :: steps: 1.00 :: Time: 0.019(0.01938/step) :: Entropy : 0.000 :: Grads : []
430 :: Rewards -8.768 :: steps: 1.00 :: Time: 0.020(0.01981/step) :: Entropy : 0.000 :: Grads : []
440 :: Rewards -8.768 :: steps: 1.00 :: Time: 0.020(0.01963/step) :: Entropy : 0.000 :: Grads : []
450 :: Rewards -8.768 :: steps: 1.00 :: Time: 0.020(0.02040/step) :: Entropy : 0.000 :: Grads : []
460 :: Rewards -8.768 :: steps: 1.00 :: Time: 0.020(0.02034/step) :: Entropy : 0.000 :: Grads : []
470 :: Rewards -8.768 :: steps: 1.00 :: Time: 0.020(0.01988/step) :: Entropy : 0.000 :: Grads : []
480 :: Rewards -8.768 :: steps: 1.00 :: Time: 0.021(0.02069/step) :: Entropy : 0.000 :: Grads : []
490 :: Rewards -8.768 :: steps: 1.00 :: Time: 0.021(0.02085/step) :: Entropy : 0.000 :: Grads : []
500 :: Rewards -8.800 :: steps: 1.00 :: Time: 0.021(0.02109/step) :: Entropy : 0.000 :: Grads : []
510 :: Rewards -9.311 :: steps: 1.00 :: Time: 0.020(0.02040/step) :: Entropy : 0.000 :: Grads : []
520 :: Rewards -9.541 :: steps: 1.00 :: Time: 0.022(0.02160/step) :: Entropy : 0.000 :: Grads : []
530 :: Rewards -9.911 :: steps: 1.00 :: Time: 0.021(0.02138/step) :: Entropy : 0.000 :: Grads : []
540 :: Rewards -10.979 :: steps: 1.00 :: Time: 0.021(0.02133/step) :: Entropy : 0.000 :: Grads : []
550 :: Rewards -11.457 :: steps: 1.00 :: Time: 0.022(0.02156/step) :: Entropy : 0.000 :: Grads : []
560 :: Rewards -12.078 :: steps: 1.00 :: Time: 0.022(0.02232/step) :: Entropy : 0.000 :: Grads : []
570 :: Rewards -12.552 :: steps: 1.00 :: Time: 0.021(0.02100/step) :: Entropy : 0.000 :: Grads : []
580 :: Rewards -13.100 :: steps: 1.00 :: Time: 0.021(0.02057/step) :: Entropy : 0.000 :: Grads : []
590 :: Rewards -13.398 :: steps: 1.00 :: Time: 0.021(0.02101/step) :: Entropy : 0.000 :: Grads : []
600 :: Rewards -13.484 :: steps: 1.00 :: Time: 0.021(0.02137/step) :: Entropy : 0.000 :: Grads : []
610 :: Rewards -13.645 :: steps: 1.00 :: Time: 0.022(0.02241/step) :: Entropy : 0.000 :: Grads : []
620 :: Rewards -14.270 :: steps: 1.00 :: Time: 0.021(0.02107/step) :: Entropy : 0.000 :: Grads : []
630 :: Rewards -14.403 :: steps: 1.00 :: Time: 0.021(0.02110/step) :: Entropy : 0.000 :: Grads : []
640 :: Rewards -14.788 :: steps: 1.00 :: Time: 0.021(0.02135/step) :: Entropy : 0.000 :: Grads : []
650 :: Rewards -14.849 :: steps: 1.00 :: Time: 0.022(0.02165/step) :: Entropy : 0.000 :: Grads : []
660 :: Rewards -16.725 :: steps: 1.00 :: Time: 0.023(0.02327/step) :: Entropy : 0.000 :: Grads : []
670 :: Rewards -16.767 :: steps: 1.00 :: Time: 0.023(0.02310/step) :: Entropy : 0.000 :: Grads : []
680 :: Rewards -17.647 :: steps: 1.00 :: Time: 0.022(0.02189/step) :: Entropy : 0.000 :: Grads : []
690 :: Rewards -18.966 :: steps: 1.00 :: Time: 0.023(0.02257/step) :: Entropy : 0.000 :: Grads : []
700 :: Rewards -20.150 :: steps: 1.00 :: Time: 0.022(0.02180/step) :: Entropy : 0.000 :: Grads : []
710 :: Rewards -20.469 :: steps: 1.00 :: Time: 0.022(0.02188/step) :: Entropy : 0.000 :: Grads : []
720 :: Rewards -20.553 :: steps: 1.00 :: Time: 0.020(0.02039/step) :: Entropy : 0.000 :: Grads : []
730 :: Rewards -20.637 :: steps: 1.00 :: Time: 0.020(0.01987/step) :: Entropy : 0.000 :: Grads : []
740 :: Rewards -20.901 :: steps: 1.00 :: Time: 0.021(0.02066/step) :: Entropy : 0.000 :: Grads : []
750 :: Rewards -21.489 :: steps: 1.00 :: Time: 0.020(0.02040/step) :: Entropy : 0.000 :: Grads : []
760 :: Rewards -21.533 :: steps: 1.00 :: Time: 0.026(0.02592/step) :: Entropy : 0.000 :: Grads : []
770 :: Rewards -21.595 :: steps: 1.00 :: Time: 0.020(0.01981/step) :: Entropy : 0.000 :: Grads : []
780 :: Rewards -21.734 :: steps: 1.00 :: Time: 0.020(0.01998/step) :: Entropy : 0.000 :: Grads : []
790 :: Rewards -21.800 :: steps: 1.00 :: Time: 0.021(0.02102/step) :: Entropy : 0.000 :: Grads : []
800 :: Rewards -22.168 :: steps: 1.00 :: Time: 0.021(0.02143/step) :: Entropy : 0.000 :: Grads : []
810 :: Rewards -24.455 :: steps: 1.00 :: Time: 0.022(0.02160/step) :: Entropy : 0.000 :: Grads : []
820 :: Rewards -24.574 :: steps: 1.00 :: Time: 0.022(0.02192/step) :: Entropy : 0.000 :: Grads : []
830 :: Rewards -24.738 :: steps: 1.00 :: Time: 0.022(0.02243/step) :: Entropy : 0.000 :: Grads : []
840 :: Rewards -25.590 :: steps: 1.00 :: Time: 0.022(0.02247/step) :: Entropy : 0.000 :: Grads : []
850 :: Rewards -25.707 :: steps: 1.00 :: Time: 0.023(0.02263/step) :: Entropy : 0.000 :: Grads : []
860 :: Rewards -26.748 :: steps: 1.00 :: Time: 0.022(0.02240/step) :: Entropy : 0.000 :: Grads : []
870 :: Rewards -26.961 :: steps: 1.00 :: Time: 0.022(0.02217/step) :: Entropy : 0.000 :: Grads : []
880 :: Rewards -27.059 :: steps: 1.00 :: Time: 0.022(0.02229/step) :: Entropy : 0.000 :: Grads : []
890 :: Rewards -27.427 :: steps: 1.00 :: Time: 0.022(0.02224/step) :: Entropy : 0.000 :: Grads : []
900 :: Rewards -28.603 :: steps: 1.00 :: Time: 0.022(0.02248/step) :: Entropy : 0.000 :: Grads : []
910 :: Rewards -30.173 :: steps: 1.00 :: Time: 0.023(0.02286/step) :: Entropy : 0.000 :: Grads : []
920 :: Rewards -32.324 :: steps: 1.00 :: Time: 0.023(0.02308/step) :: Entropy : 0.000 :: Grads : []
930 :: Rewards -35.090 :: steps: 1.00 :: Time: 0.024(0.02351/step) :: Entropy : 0.000 :: Grads : []
940 :: Rewards -36.646 :: steps: 1.00 :: Time: 0.025(0.02541/step) :: Entropy : 0.000 :: Grads : []
950 :: Rewards -36.968 :: steps: 1.00 :: Time: 0.024(0.02358/step) :: Entropy : 0.000 :: Grads : []
960 :: Rewards -38.088 :: steps: 1.00 :: Time: 0.024(0.02357/step) :: Entropy : 0.000 :: Grads : []
970 :: Rewards -38.497 :: steps: 1.00 :: Time: 0.023(0.02338/step) :: Entropy : 0.000 :: Grads : []
980 :: Rewards -38.497 :: steps: 1.00 :: Time: 0.024(0.02359/step) :: Entropy : 0.000 :: Grads : []
990 :: Rewards -39.223 :: steps: 1.00 :: Time: 0.024(0.02378/step) :: Entropy : 0.000 :: Grads : []
999 :: Rewards -40.044 :: steps: 0.90 :: Time: 0.022(0.02413/step) :: Entropy : 0.000 :: Grads : []
Total time taken: 19.32938027381897
