Module path:  Environments.NS_Reco NS_Reco
Dynamically loaded from:  <class 'Environments.NS_Reco.NS_Reco'>
Reward Amplitudes: [4.17022005e-01 7.20324493e-01 1.14374817e-04 3.02332573e-01
 1.46755891e-01] :: Avg 0.317309867282206 
Module path:  Src.Algorithms.ProWLS ProWLS
Dynamically loaded from:  <class 'Src.Algorithms.ProWLS.ProWLS'>
=====Configurations=====
 Namespace(NN_basis_dim='32', Policy_basis_dim='32', actor_lr=0.0017966647558361548, algo_name='ProWLS', base=0, batch_size=1000, buffer_size=1000, debug=False, delta=1, entropy_lambda=0.006997441955638448, env_name='NS_Reco', experiment='NS_1_', extrapolator_basis='Fourier', folder_suffix='Default', fourier_coupled=True, fourier_k=3, fourier_order=3, gamma=0.99, gauss_std=1.5, gpu=0, hyper='default', importance_clip=10.0, inc=1, log_output='term_file', max_episodes=1000, max_inner=30, max_steps=500, optim='rmsprop', oracle=-1, raw_basis=True, restore=False, save_count=100, save_model=True, seed=6, speed=1, state_lr=0.001, summary=True, swarm=False, timestamp='5|24|21:30:30')
Actions space: 5 :: State space: 1
State Low: tensor([0.]) :: State High: tensor([1.])
State features:  [('dummy_param', torch.Size([1]))]
Policy:  [('fc1.weight', torch.Size([5, 1])), ('fc1.bias', torch.Size([5]))]
0 :: Rewards 0.013 :: steps: 0.10 :: Time: 0.000(0.00060/step) :: Entropy : 0.000 :: Grads : []
10 :: Rewards 0.112 :: steps: 1.00 :: Time: 0.016(0.01589/step) :: Entropy : 0.000 :: Grads : []
20 :: Rewards 0.326 :: steps: 1.00 :: Time: 0.017(0.01726/step) :: Entropy : 0.000 :: Grads : []
30 :: Rewards 0.865 :: steps: 1.00 :: Time: 0.017(0.01700/step) :: Entropy : 0.000 :: Grads : []
40 :: Rewards 1.753 :: steps: 1.00 :: Time: 0.017(0.01657/step) :: Entropy : 0.000 :: Grads : []
50 :: Rewards 2.533 :: steps: 1.00 :: Time: 0.017(0.01678/step) :: Entropy : 0.000 :: Grads : []
60 :: Rewards 3.740 :: steps: 1.00 :: Time: 0.017(0.01696/step) :: Entropy : 0.000 :: Grads : []
70 :: Rewards 5.397 :: steps: 1.00 :: Time: 0.017(0.01715/step) :: Entropy : 0.000 :: Grads : []
80 :: Rewards 7.160 :: steps: 1.00 :: Time: 0.017(0.01739/step) :: Entropy : 0.000 :: Grads : []
90 :: Rewards 9.296 :: steps: 1.00 :: Time: 0.018(0.01759/step) :: Entropy : 0.000 :: Grads : []
100 :: Rewards 11.180 :: steps: 1.00 :: Time: 0.018(0.01782/step) :: Entropy : 0.000 :: Grads : []
110 :: Rewards 13.862 :: steps: 1.00 :: Time: 0.018(0.01812/step) :: Entropy : 0.000 :: Grads : []
120 :: Rewards 16.480 :: steps: 1.00 :: Time: 0.018(0.01839/step) :: Entropy : 0.000 :: Grads : []
130 :: Rewards 19.323 :: steps: 1.00 :: Time: 0.019(0.01874/step) :: Entropy : 0.000 :: Grads : []
140 :: Rewards 22.369 :: steps: 1.00 :: Time: 0.019(0.01907/step) :: Entropy : 0.000 :: Grads : []
150 :: Rewards 25.663 :: steps: 1.00 :: Time: 0.019(0.01935/step) :: Entropy : 0.000 :: Grads : []
160 :: Rewards 29.233 :: steps: 1.00 :: Time: 0.020(0.01966/step) :: Entropy : 0.000 :: Grads : []
170 :: Rewards 33.020 :: steps: 1.00 :: Time: 0.020(0.01998/step) :: Entropy : 0.000 :: Grads : []
180 :: Rewards 36.848 :: steps: 1.00 :: Time: 0.020(0.02037/step) :: Entropy : 0.000 :: Grads : []
190 :: Rewards 41.024 :: steps: 1.00 :: Time: 0.021(0.02137/step) :: Entropy : 0.000 :: Grads : []
200 :: Rewards 45.658 :: steps: 1.00 :: Time: 0.022(0.02163/step) :: Entropy : 0.000 :: Grads : []
210 :: Rewards 50.531 :: steps: 1.00 :: Time: 0.022(0.02214/step) :: Entropy : 0.000 :: Grads : []
220 :: Rewards 55.492 :: steps: 1.00 :: Time: 0.022(0.02250/step) :: Entropy : 0.000 :: Grads : []
230 :: Rewards 60.705 :: steps: 1.00 :: Time: 0.023(0.02334/step) :: Entropy : 0.000 :: Grads : []
240 :: Rewards 65.186 :: steps: 1.00 :: Time: 0.024(0.02389/step) :: Entropy : 0.000 :: Grads : []
250 :: Rewards 70.723 :: steps: 1.00 :: Time: 0.024(0.02442/step) :: Entropy : 0.000 :: Grads : []
260 :: Rewards 76.435 :: steps: 1.00 :: Time: 0.025(0.02482/step) :: Entropy : 0.000 :: Grads : []
270 :: Rewards 82.313 :: steps: 1.00 :: Time: 0.025(0.02526/step) :: Entropy : 0.000 :: Grads : []
280 :: Rewards 88.307 :: steps: 1.00 :: Time: 0.026(0.02561/step) :: Entropy : 0.000 :: Grads : []
290 :: Rewards 94.448 :: steps: 1.00 :: Time: 0.026(0.02600/step) :: Entropy : 0.000 :: Grads : []
300 :: Rewards 100.707 :: steps: 1.00 :: Time: 0.026(0.02619/step) :: Entropy : 0.000 :: Grads : []
310 :: Rewards 106.713 :: steps: 1.00 :: Time: 0.027(0.02665/step) :: Entropy : 0.000 :: Grads : []
320 :: Rewards 113.223 :: steps: 1.00 :: Time: 0.027(0.02708/step) :: Entropy : 0.000 :: Grads : []
330 :: Rewards 118.047 :: steps: 1.00 :: Time: 0.028(0.02766/step) :: Entropy : 0.000 :: Grads : []
340 :: Rewards 123.836 :: steps: 1.00 :: Time: 0.028(0.02796/step) :: Entropy : 0.000 :: Grads : []
350 :: Rewards 130.052 :: steps: 1.00 :: Time: 0.029(0.02870/step) :: Entropy : 0.000 :: Grads : []
360 :: Rewards 136.916 :: steps: 1.00 :: Time: 0.029(0.02883/step) :: Entropy : 0.000 :: Grads : []
370 :: Rewards 143.895 :: steps: 1.00 :: Time: 0.029(0.02949/step) :: Entropy : 0.000 :: Grads : []
380 :: Rewards 148.798 :: steps: 1.00 :: Time: 0.030(0.03011/step) :: Entropy : 0.000 :: Grads : []
390 :: Rewards 155.544 :: steps: 1.00 :: Time: 0.031(0.03071/step) :: Entropy : 0.000 :: Grads : []
400 :: Rewards 162.639 :: steps: 1.00 :: Time: 0.031(0.03108/step) :: Entropy : 0.000 :: Grads : []
410 :: Rewards 168.733 :: steps: 1.00 :: Time: 0.032(0.03196/step) :: Entropy : 0.000 :: Grads : []
420 :: Rewards 175.540 :: steps: 1.00 :: Time: 0.033(0.03268/step) :: Entropy : 0.000 :: Grads : []
430 :: Rewards 182.733 :: steps: 1.00 :: Time: 0.033(0.03336/step) :: Entropy : 0.000 :: Grads : []
440 :: Rewards 189.950 :: steps: 1.00 :: Time: 0.034(0.03357/step) :: Entropy : 0.000 :: Grads : []
450 :: Rewards 197.162 :: steps: 1.00 :: Time: 0.034(0.03437/step) :: Entropy : 0.000 :: Grads : []
460 :: Rewards 204.354 :: steps: 1.00 :: Time: 0.035(0.03474/step) :: Entropy : 0.000 :: Grads : []
470 :: Rewards 211.067 :: steps: 1.00 :: Time: 0.035(0.03532/step) :: Entropy : 0.000 :: Grads : []
480 :: Rewards 217.832 :: steps: 1.00 :: Time: 0.036(0.03560/step) :: Entropy : 0.000 :: Grads : []
490 :: Rewards 224.530 :: steps: 1.00 :: Time: 0.036(0.03640/step) :: Entropy : 0.000 :: Grads : []
500 :: Rewards 231.553 :: steps: 1.00 :: Time: 0.037(0.03689/step) :: Entropy : 0.000 :: Grads : []
510 :: Rewards 238.558 :: steps: 1.00 :: Time: 0.038(0.03762/step) :: Entropy : 0.000 :: Grads : []
520 :: Rewards 244.902 :: steps: 1.00 :: Time: 0.038(0.03834/step) :: Entropy : 0.000 :: Grads : []
530 :: Rewards 251.196 :: steps: 1.00 :: Time: 0.039(0.03895/step) :: Entropy : 0.000 :: Grads : []
540 :: Rewards 257.952 :: steps: 1.00 :: Time: 0.039(0.03931/step) :: Entropy : 0.000 :: Grads : []
550 :: Rewards 264.619 :: steps: 1.00 :: Time: 0.040(0.04018/step) :: Entropy : 0.000 :: Grads : []
560 :: Rewards 271.196 :: steps: 1.00 :: Time: 0.041(0.04054/step) :: Entropy : 0.000 :: Grads : []
570 :: Rewards 277.676 :: steps: 1.00 :: Time: 0.042(0.04189/step) :: Entropy : 0.000 :: Grads : []
580 :: Rewards 284.054 :: steps: 1.00 :: Time: 0.043(0.04280/step) :: Entropy : 0.000 :: Grads : []
590 :: Rewards 290.278 :: steps: 1.00 :: Time: 0.043(0.04312/step) :: Entropy : 0.000 :: Grads : []
600 :: Rewards 296.437 :: steps: 1.00 :: Time: 0.044(0.04365/step) :: Entropy : 0.000 :: Grads : []
610 :: Rewards 302.198 :: steps: 1.00 :: Time: 0.045(0.04472/step) :: Entropy : 0.000 :: Grads : []
620 :: Rewards 307.967 :: steps: 1.00 :: Time: 0.045(0.04535/step) :: Entropy : 0.000 :: Grads : []
630 :: Rewards 313.245 :: steps: 1.00 :: Time: 0.046(0.04629/step) :: Entropy : 0.000 :: Grads : []
640 :: Rewards 318.579 :: steps: 1.00 :: Time: 0.047(0.04739/step) :: Entropy : 0.000 :: Grads : []
650 :: Rewards 323.539 :: steps: 1.00 :: Time: 0.048(0.04819/step) :: Entropy : 0.000 :: Grads : []
660 :: Rewards 328.694 :: steps: 1.00 :: Time: 0.049(0.04901/step) :: Entropy : 0.000 :: Grads : []
670 :: Rewards 333.692 :: steps: 1.00 :: Time: 0.051(0.05092/step) :: Entropy : 0.000 :: Grads : []
680 :: Rewards 338.324 :: steps: 1.00 :: Time: 0.053(0.05326/step) :: Entropy : 0.000 :: Grads : []
690 :: Rewards 342.879 :: steps: 1.00 :: Time: 0.053(0.05273/step) :: Entropy : 0.000 :: Grads : []
700 :: Rewards 347.257 :: steps: 1.00 :: Time: 0.053(0.05339/step) :: Entropy : 0.000 :: Grads : []
710 :: Rewards 351.246 :: steps: 1.00 :: Time: 0.055(0.05504/step) :: Entropy : 0.000 :: Grads : []
720 :: Rewards 355.094 :: steps: 1.00 :: Time: 0.056(0.05619/step) :: Entropy : 0.000 :: Grads : []
730 :: Rewards 358.846 :: steps: 1.00 :: Time: 0.058(0.05780/step) :: Entropy : 0.000 :: Grads : []
740 :: Rewards 362.354 :: steps: 1.00 :: Time: 0.059(0.05861/step) :: Entropy : 0.000 :: Grads : []
750 :: Rewards 365.636 :: steps: 1.00 :: Time: 0.060(0.05967/step) :: Entropy : 0.000 :: Grads : []
760 :: Rewards 368.876 :: steps: 1.00 :: Time: 0.061(0.06109/step) :: Entropy : 0.000 :: Grads : []
770 :: Rewards 371.677 :: steps: 1.00 :: Time: 0.063(0.06308/step) :: Entropy : 0.000 :: Grads : []
780 :: Rewards 374.957 :: steps: 1.00 :: Time: 0.064(0.06371/step) :: Entropy : 0.000 :: Grads : []
790 :: Rewards 378.432 :: steps: 1.00 :: Time: 0.065(0.06512/step) :: Entropy : 0.000 :: Grads : []
800 :: Rewards 381.847 :: steps: 1.00 :: Time: 0.066(0.06641/step) :: Entropy : 0.000 :: Grads : []
810 :: Rewards 385.182 :: steps: 1.00 :: Time: 0.068(0.06823/step) :: Entropy : 0.000 :: Grads : []
820 :: Rewards 388.439 :: steps: 1.00 :: Time: 0.070(0.07034/step) :: Entropy : 0.000 :: Grads : []
830 :: Rewards 391.639 :: steps: 1.00 :: Time: 0.072(0.07225/step) :: Entropy : 0.000 :: Grads : []
840 :: Rewards 394.764 :: steps: 1.00 :: Time: 0.073(0.07310/step) :: Entropy : 0.000 :: Grads : []
850 :: Rewards 397.812 :: steps: 1.00 :: Time: 0.074(0.07412/step) :: Entropy : 0.000 :: Grads : []
860 :: Rewards 400.840 :: steps: 1.00 :: Time: 0.075(0.07517/step) :: Entropy : 0.000 :: Grads : []
870 :: Rewards 403.727 :: steps: 1.00 :: Time: 0.076(0.07641/step) :: Entropy : 0.000 :: Grads : []
880 :: Rewards 406.533 :: steps: 1.00 :: Time: 0.080(0.07994/step) :: Entropy : 0.000 :: Grads : []
890 :: Rewards 409.259 :: steps: 1.00 :: Time: 0.082(0.08173/step) :: Entropy : 0.000 :: Grads : []
900 :: Rewards 411.890 :: steps: 1.00 :: Time: 0.084(0.08363/step) :: Entropy : 0.000 :: Grads : []
910 :: Rewards 414.412 :: steps: 1.00 :: Time: 0.084(0.08422/step) :: Entropy : 0.000 :: Grads : []
920 :: Rewards 416.862 :: steps: 1.00 :: Time: 0.086(0.08575/step) :: Entropy : 0.000 :: Grads : []
930 :: Rewards 419.241 :: steps: 1.00 :: Time: 0.087(0.08744/step) :: Entropy : 0.000 :: Grads : []
940 :: Rewards 421.510 :: steps: 1.00 :: Time: 0.089(0.08906/step) :: Entropy : 0.000 :: Grads : []
950 :: Rewards 423.661 :: steps: 1.00 :: Time: 0.092(0.09185/step) :: Entropy : 0.000 :: Grads : []
960 :: Rewards 425.745 :: steps: 1.00 :: Time: 0.093(0.09268/step) :: Entropy : 0.000 :: Grads : []
970 :: Rewards 427.689 :: steps: 1.00 :: Time: 0.095(0.09537/step) :: Entropy : 0.000 :: Grads : []
980 :: Rewards 429.556 :: steps: 1.00 :: Time: 0.098(0.09768/step) :: Entropy : 0.000 :: Grads : []
990 :: Rewards 431.343 :: steps: 1.00 :: Time: 0.098(0.09840/step) :: Entropy : 0.000 :: Grads : []
999 :: Rewards 432.818 :: steps: 0.90 :: Time: 0.091(0.10074/step) :: Entropy : 0.000 :: Grads : []
Total time taken: 44.239253997802734
