Module path:  Environments.NS_Reco NS_Reco
Dynamically loaded from:  <class 'Environments.NS_Reco.NS_Reco'>
Reward Amplitudes: [4.17022005e-01 7.20324493e-01 1.14374817e-04 3.02332573e-01
 1.46755891e-01] :: Avg 0.317309867282206 
Module path:  Src.Algorithms.ProOLS ProOLS
Dynamically loaded from:  <class 'Src.Algorithms.ProOLS.ProOLS'>
=====Configurations=====
 Namespace(NN_basis_dim='32', Policy_basis_dim='32', actor_lr=0.0045712864064011045, algo_name='ProOLS', base=0, batch_size=1000, buffer_size=1000, debug=False, delta=3, entropy_lambda=0.04318892012402085, env_name='NS_Reco', experiment='NS_1_', extrapolator_basis='Fourier', folder_suffix='Default', fourier_coupled=True, fourier_k=5, fourier_order=3, gamma=0.99, gauss_std=1.5, gpu=0, hyper='default', importance_clip=5.0, inc=1, log_output='term_file', max_episodes=1000, max_inner=60, max_steps=500, optim='rmsprop', oracle=-1, raw_basis=True, restore=False, save_count=100, save_model=True, seed=19, speed=1, state_lr=0.001, summary=True, swarm=False, timestamp='5|24|21:23:20')
Actions space: 5 :: State space: 1
State Low: tensor([0.]) :: State High: tensor([1.])
State features:  [('dummy_param', torch.Size([1]))]
Policy:  [('fc1.weight', torch.Size([5, 1])), ('fc1.bias', torch.Size([5]))]
0 :: Rewards 0.006 :: steps: 0.10 :: Time: 0.000(0.00056/step) :: Entropy : 0.000 :: Grads : []
10 :: Rewards 0.012 :: steps: 1.00 :: Time: 0.005(0.00523/step) :: Entropy : 0.000 :: Grads : []
20 :: Rewards 0.149 :: steps: 1.00 :: Time: 0.010(0.01000/step) :: Entropy : 0.000 :: Grads : []
30 :: Rewards 0.375 :: steps: 1.00 :: Time: 0.008(0.00767/step) :: Entropy : 0.000 :: Grads : []
40 :: Rewards 0.972 :: steps: 1.00 :: Time: 0.007(0.00741/step) :: Entropy : 0.000 :: Grads : []
50 :: Rewards 1.766 :: steps: 1.00 :: Time: 0.010(0.00992/step) :: Entropy : 0.000 :: Grads : []
60 :: Rewards 2.812 :: steps: 1.00 :: Time: 0.008(0.00751/step) :: Entropy : 0.000 :: Grads : []
70 :: Rewards 4.260 :: steps: 1.00 :: Time: 0.008(0.00757/step) :: Entropy : 0.000 :: Grads : []
80 :: Rewards 6.231 :: steps: 1.00 :: Time: 0.010(0.01015/step) :: Entropy : 0.000 :: Grads : []
90 :: Rewards 8.398 :: steps: 1.00 :: Time: 0.008(0.00773/step) :: Entropy : 0.000 :: Grads : []
100 :: Rewards 10.784 :: steps: 1.00 :: Time: 0.008(0.00779/step) :: Entropy : 0.000 :: Grads : []
110 :: Rewards 13.397 :: steps: 1.00 :: Time: 0.010(0.01041/step) :: Entropy : 0.000 :: Grads : []
120 :: Rewards 16.280 :: steps: 1.00 :: Time: 0.008(0.00800/step) :: Entropy : 0.000 :: Grads : []
130 :: Rewards 19.407 :: steps: 1.00 :: Time: 0.008(0.00800/step) :: Entropy : 0.000 :: Grads : []
140 :: Rewards 22.769 :: steps: 1.00 :: Time: 0.011(0.01072/step) :: Entropy : 0.000 :: Grads : []
150 :: Rewards 26.393 :: steps: 1.00 :: Time: 0.008(0.00815/step) :: Entropy : 0.000 :: Grads : []
160 :: Rewards 30.153 :: steps: 1.00 :: Time: 0.008(0.00818/step) :: Entropy : 0.000 :: Grads : []
170 :: Rewards 34.181 :: steps: 1.00 :: Time: 0.011(0.01095/step) :: Entropy : 0.000 :: Grads : []
180 :: Rewards 38.400 :: steps: 1.00 :: Time: 0.008(0.00837/step) :: Entropy : 0.000 :: Grads : []
190 :: Rewards 42.838 :: steps: 1.00 :: Time: 0.008(0.00843/step) :: Entropy : 0.000 :: Grads : []
200 :: Rewards 47.464 :: steps: 1.00 :: Time: 0.011(0.01119/step) :: Entropy : 0.000 :: Grads : []
210 :: Rewards 52.299 :: steps: 1.00 :: Time: 0.009(0.00853/step) :: Entropy : 0.000 :: Grads : []
220 :: Rewards 57.307 :: steps: 1.00 :: Time: 0.009(0.00859/step) :: Entropy : 0.000 :: Grads : []
230 :: Rewards 62.476 :: steps: 1.00 :: Time: 0.012(0.01155/step) :: Entropy : 0.000 :: Grads : []
240 :: Rewards 67.871 :: steps: 1.00 :: Time: 0.009(0.00876/step) :: Entropy : 0.000 :: Grads : []
250 :: Rewards 73.403 :: steps: 1.00 :: Time: 0.009(0.00878/step) :: Entropy : 0.000 :: Grads : []
260 :: Rewards 79.132 :: steps: 1.00 :: Time: 0.012(0.01199/step) :: Entropy : 0.000 :: Grads : []
270 :: Rewards 84.959 :: steps: 1.00 :: Time: 0.009(0.00908/step) :: Entropy : 0.000 :: Grads : []
280 :: Rewards 90.977 :: steps: 1.00 :: Time: 0.009(0.00915/step) :: Entropy : 0.000 :: Grads : []
290 :: Rewards 97.076 :: steps: 1.00 :: Time: 0.012(0.01203/step) :: Entropy : 0.000 :: Grads : []
300 :: Rewards 103.324 :: steps: 1.00 :: Time: 0.009(0.00924/step) :: Entropy : 0.000 :: Grads : []
310 :: Rewards 109.725 :: steps: 1.00 :: Time: 0.009(0.00929/step) :: Entropy : 0.000 :: Grads : []
320 :: Rewards 116.249 :: steps: 1.00 :: Time: 0.012(0.01244/step) :: Entropy : 0.000 :: Grads : []
330 :: Rewards 122.864 :: steps: 1.00 :: Time: 0.010(0.00961/step) :: Entropy : 0.000 :: Grads : []
340 :: Rewards 129.544 :: steps: 1.00 :: Time: 0.010(0.00958/step) :: Entropy : 0.000 :: Grads : []
350 :: Rewards 136.333 :: steps: 1.00 :: Time: 0.013(0.01307/step) :: Entropy : 0.000 :: Grads : []
360 :: Rewards 143.184 :: steps: 1.00 :: Time: 0.010(0.00995/step) :: Entropy : 0.000 :: Grads : []
370 :: Rewards 150.110 :: steps: 1.00 :: Time: 0.010(0.00997/step) :: Entropy : 0.000 :: Grads : []
380 :: Rewards 157.141 :: steps: 1.00 :: Time: 0.013(0.01332/step) :: Entropy : 0.000 :: Grads : []
390 :: Rewards 164.186 :: steps: 1.00 :: Time: 0.010(0.01013/step) :: Entropy : 0.000 :: Grads : []
400 :: Rewards 171.283 :: steps: 1.00 :: Time: 0.010(0.01017/step) :: Entropy : 0.000 :: Grads : []
410 :: Rewards 178.429 :: steps: 1.00 :: Time: 0.014(0.01370/step) :: Entropy : 0.000 :: Grads : []
420 :: Rewards 185.632 :: steps: 1.00 :: Time: 0.011(0.01063/step) :: Entropy : 0.000 :: Grads : []
430 :: Rewards 192.813 :: steps: 1.00 :: Time: 0.011(0.01066/step) :: Entropy : 0.000 :: Grads : []
440 :: Rewards 200.039 :: steps: 1.00 :: Time: 0.014(0.01414/step) :: Entropy : 0.000 :: Grads : []
450 :: Rewards 207.276 :: steps: 1.00 :: Time: 0.011(0.01078/step) :: Entropy : 0.000 :: Grads : []
460 :: Rewards 214.465 :: steps: 1.00 :: Time: 0.011(0.01081/step) :: Entropy : 0.000 :: Grads : []
470 :: Rewards 221.641 :: steps: 1.00 :: Time: 0.014(0.01432/step) :: Entropy : 0.000 :: Grads : []
480 :: Rewards 228.789 :: steps: 1.00 :: Time: 0.011(0.01080/step) :: Entropy : 0.000 :: Grads : []
490 :: Rewards 235.903 :: steps: 1.00 :: Time: 0.011(0.01093/step) :: Entropy : 0.000 :: Grads : []
500 :: Rewards 242.962 :: steps: 1.00 :: Time: 0.015(0.01452/step) :: Entropy : 0.000 :: Grads : []
510 :: Rewards 249.977 :: steps: 1.00 :: Time: 0.011(0.01109/step) :: Entropy : 0.000 :: Grads : []
520 :: Rewards 256.905 :: steps: 1.00 :: Time: 0.011(0.01128/step) :: Entropy : 0.000 :: Grads : []
530 :: Rewards 263.783 :: steps: 1.00 :: Time: 0.017(0.01679/step) :: Entropy : 0.000 :: Grads : []
540 :: Rewards 270.573 :: steps: 1.00 :: Time: 0.012(0.01165/step) :: Entropy : 0.000 :: Grads : []
550 :: Rewards 277.261 :: steps: 1.00 :: Time: 0.011(0.01130/step) :: Entropy : 0.000 :: Grads : []
560 :: Rewards 283.833 :: steps: 1.00 :: Time: 0.015(0.01498/step) :: Entropy : 0.000 :: Grads : []
570 :: Rewards 290.286 :: steps: 1.00 :: Time: 0.015(0.01518/step) :: Entropy : 0.000 :: Grads : []
580 :: Rewards 296.650 :: steps: 1.00 :: Time: 0.014(0.01358/step) :: Entropy : 0.000 :: Grads : []
590 :: Rewards 302.907 :: steps: 1.00 :: Time: 0.016(0.01624/step) :: Entropy : 0.000 :: Grads : []
600 :: Rewards 309.037 :: steps: 1.00 :: Time: 0.012(0.01153/step) :: Entropy : 0.000 :: Grads : []
610 :: Rewards 314.971 :: steps: 1.00 :: Time: 0.012(0.01153/step) :: Entropy : 0.000 :: Grads : []
620 :: Rewards 320.760 :: steps: 1.00 :: Time: 0.016(0.01565/step) :: Entropy : 0.000 :: Grads : []
630 :: Rewards 326.474 :: steps: 1.00 :: Time: 0.012(0.01157/step) :: Entropy : 0.000 :: Grads : []
640 :: Rewards 331.988 :: steps: 1.00 :: Time: 0.012(0.01204/step) :: Entropy : 0.000 :: Grads : []
650 :: Rewards 337.288 :: steps: 1.00 :: Time: 0.015(0.01544/step) :: Entropy : 0.000 :: Grads : []
660 :: Rewards 342.416 :: steps: 1.00 :: Time: 0.012(0.01175/step) :: Entropy : 0.000 :: Grads : []
670 :: Rewards 347.394 :: steps: 1.00 :: Time: 0.012(0.01192/step) :: Entropy : 0.000 :: Grads : []
680 :: Rewards 352.196 :: steps: 1.00 :: Time: 0.016(0.01593/step) :: Entropy : 0.000 :: Grads : []
690 :: Rewards 356.806 :: steps: 1.00 :: Time: 0.012(0.01193/step) :: Entropy : 0.000 :: Grads : []
700 :: Rewards 361.202 :: steps: 1.00 :: Time: 0.012(0.01193/step) :: Entropy : 0.000 :: Grads : []
710 :: Rewards 365.411 :: steps: 1.00 :: Time: 0.016(0.01590/step) :: Entropy : 0.000 :: Grads : []
720 :: Rewards 369.361 :: steps: 1.00 :: Time: 0.012(0.01206/step) :: Entropy : 0.000 :: Grads : []
730 :: Rewards 373.078 :: steps: 1.00 :: Time: 0.012(0.01238/step) :: Entropy : 0.000 :: Grads : []
740 :: Rewards 376.610 :: steps: 1.00 :: Time: 0.016(0.01643/step) :: Entropy : 0.000 :: Grads : []
750 :: Rewards 379.910 :: steps: 1.00 :: Time: 0.012(0.01234/step) :: Entropy : 0.000 :: Grads : []
760 :: Rewards 382.928 :: steps: 1.00 :: Time: 0.012(0.01237/step) :: Entropy : 0.000 :: Grads : []
770 :: Rewards 385.739 :: steps: 1.00 :: Time: 0.016(0.01637/step) :: Entropy : 0.000 :: Grads : []
780 :: Rewards 388.320 :: steps: 1.00 :: Time: 0.012(0.01240/step) :: Entropy : 0.000 :: Grads : []
790 :: Rewards 390.488 :: steps: 1.00 :: Time: 0.013(0.01265/step) :: Entropy : 0.000 :: Grads : []
800 :: Rewards 392.586 :: steps: 1.00 :: Time: 0.017(0.01673/step) :: Entropy : 0.000 :: Grads : []
810 :: Rewards 394.355 :: steps: 1.00 :: Time: 0.012(0.01249/step) :: Entropy : 0.000 :: Grads : []
820 :: Rewards 395.924 :: steps: 1.00 :: Time: 0.013(0.01252/step) :: Entropy : 0.000 :: Grads : []
830 :: Rewards 397.298 :: steps: 1.00 :: Time: 0.017(0.01711/step) :: Entropy : 0.000 :: Grads : []
840 :: Rewards 398.601 :: steps: 1.00 :: Time: 0.013(0.01341/step) :: Entropy : 0.000 :: Grads : []
850 :: Rewards 400.009 :: steps: 1.00 :: Time: 0.013(0.01284/step) :: Entropy : 0.000 :: Grads : []
860 :: Rewards 401.596 :: steps: 1.00 :: Time: 0.017(0.01689/step) :: Entropy : 0.000 :: Grads : []
870 :: Rewards 403.057 :: steps: 1.00 :: Time: 0.013(0.01271/step) :: Entropy : 0.000 :: Grads : []
880 :: Rewards 405.010 :: steps: 1.00 :: Time: 0.013(0.01277/step) :: Entropy : 0.000 :: Grads : []
890 :: Rewards 407.211 :: steps: 1.00 :: Time: 0.017(0.01706/step) :: Entropy : 0.000 :: Grads : []
900 :: Rewards 409.380 :: steps: 1.00 :: Time: 0.013(0.01287/step) :: Entropy : 0.000 :: Grads : []
910 :: Rewards 411.808 :: steps: 1.00 :: Time: 0.013(0.01283/step) :: Entropy : 0.000 :: Grads : []
920 :: Rewards 413.791 :: steps: 1.00 :: Time: 0.018(0.01779/step) :: Entropy : 0.000 :: Grads : []
930 :: Rewards 415.950 :: steps: 1.00 :: Time: 0.013(0.01299/step) :: Entropy : 0.000 :: Grads : []
940 :: Rewards 417.947 :: steps: 1.00 :: Time: 0.014(0.01353/step) :: Entropy : 0.000 :: Grads : []
950 :: Rewards 419.800 :: steps: 1.00 :: Time: 0.021(0.02057/step) :: Entropy : 0.000 :: Grads : []
960 :: Rewards 421.560 :: steps: 1.00 :: Time: 0.013(0.01331/step) :: Entropy : 0.000 :: Grads : []
970 :: Rewards 423.403 :: steps: 1.00 :: Time: 0.013(0.01291/step) :: Entropy : 0.000 :: Grads : []
980 :: Rewards 425.097 :: steps: 1.00 :: Time: 0.017(0.01741/step) :: Entropy : 0.000 :: Grads : []
990 :: Rewards 426.824 :: steps: 1.00 :: Time: 0.013(0.01295/step) :: Entropy : 0.000 :: Grads : []
999 :: Rewards 428.310 :: steps: 0.90 :: Time: 0.013(0.01451/step) :: Entropy : 0.000 :: Grads : []
Total time taken: 11.995183944702148
