Module path:  Environments.NS_Reco NS_Reco
Dynamically loaded from:  <class 'Environments.NS_Reco.NS_Reco'>
Reward Amplitudes: [4.17022005e-01 7.20324493e-01 1.14374817e-04 3.02332573e-01
 1.46755891e-01] :: Avg 0.317309867282206 
Module path:  Src.Algorithms.OFPG OFPG
Dynamically loaded from:  <class 'Src.Algorithms.OFPG.OFPG'>
=====Configurations=====
 Namespace(NN_basis_dim='32', Policy_basis_dim='32', actor_lr=0.0021758107191788777, algo_name='OFPG', base=0, batch_size=1000, buffer_size=1000, debug=False, delta=5, entropy_lambda=0.0820027845863337, env_name='NS_Reco', experiment='NS_2_', extrapolator_basis='Fourier', folder_suffix='Default', fourier_coupled=True, fourier_k=7, fourier_order=3, gamma=0.99, gauss_std=1.5, gpu=0, hyper='default', importance_clip=15.0, inc=1, log_output='term_file', max_episodes=1000, max_inner=100, max_steps=500, optim='rmsprop', oracle=-1, raw_basis=True, restore=False, save_count=100, save_model=True, seed=12, speed=2, state_lr=0.001, summary=True, swarm=False, timestamp='5|24|17:52:19')
Actions space: 5 :: State space: 1
State Low: tensor([0.]) :: State High: tensor([1.])
State features:  [('dummy_param', torch.Size([1]))]
Policy:  [('fc1.weight', torch.Size([5, 1])), ('fc1.bias', torch.Size([5]))]
0 :: Rewards -0.005 :: steps: 0.10 :: Time: 0.000(0.00062/step) :: Entropy : 0.000 :: Grads : []
10 :: Rewards 0.075 :: steps: 1.00 :: Time: 0.008(0.00782/step) :: Entropy : 0.000 :: Grads : []
20 :: Rewards 0.451 :: steps: 1.00 :: Time: 0.008(0.00796/step) :: Entropy : 0.000 :: Grads : []
30 :: Rewards 1.131 :: steps: 1.00 :: Time: 0.008(0.00806/step) :: Entropy : 0.000 :: Grads : []
40 :: Rewards 2.209 :: steps: 1.00 :: Time: 0.008(0.00768/step) :: Entropy : 0.000 :: Grads : []
50 :: Rewards 3.419 :: steps: 1.00 :: Time: 0.008(0.00783/step) :: Entropy : 0.000 :: Grads : []
60 :: Rewards 5.686 :: steps: 1.00 :: Time: 0.008(0.00791/step) :: Entropy : 0.000 :: Grads : []
70 :: Rewards 7.049 :: steps: 1.00 :: Time: 0.008(0.00794/step) :: Entropy : 0.000 :: Grads : []
80 :: Rewards 9.418 :: steps: 1.00 :: Time: 0.008(0.00798/step) :: Entropy : 0.000 :: Grads : []
90 :: Rewards 13.302 :: steps: 1.00 :: Time: 0.008(0.00810/step) :: Entropy : 0.000 :: Grads : []
100 :: Rewards 16.367 :: steps: 1.00 :: Time: 0.008(0.00818/step) :: Entropy : 0.000 :: Grads : []
110 :: Rewards 19.988 :: steps: 1.00 :: Time: 0.008(0.00829/step) :: Entropy : 0.000 :: Grads : []
120 :: Rewards 24.572 :: steps: 1.00 :: Time: 0.008(0.00827/step) :: Entropy : 0.000 :: Grads : []
130 :: Rewards 28.642 :: steps: 1.00 :: Time: 0.008(0.00829/step) :: Entropy : 0.000 :: Grads : []
140 :: Rewards 32.302 :: steps: 1.00 :: Time: 0.008(0.00840/step) :: Entropy : 0.000 :: Grads : []
150 :: Rewards 38.031 :: steps: 1.00 :: Time: 0.008(0.00845/step) :: Entropy : 0.000 :: Grads : []
160 :: Rewards 43.204 :: steps: 1.00 :: Time: 0.009(0.00861/step) :: Entropy : 0.000 :: Grads : []
170 :: Rewards 48.028 :: steps: 1.00 :: Time: 0.009(0.00862/step) :: Entropy : 0.000 :: Grads : []
180 :: Rewards 53.512 :: steps: 1.00 :: Time: 0.009(0.00866/step) :: Entropy : 0.000 :: Grads : []
190 :: Rewards 59.626 :: steps: 1.00 :: Time: 0.009(0.00875/step) :: Entropy : 0.000 :: Grads : []
200 :: Rewards 66.395 :: steps: 1.00 :: Time: 0.009(0.00880/step) :: Entropy : 0.000 :: Grads : []
210 :: Rewards 73.204 :: steps: 1.00 :: Time: 0.009(0.00883/step) :: Entropy : 0.000 :: Grads : []
220 :: Rewards 78.942 :: steps: 1.00 :: Time: 0.009(0.00893/step) :: Entropy : 0.000 :: Grads : []
230 :: Rewards 85.797 :: steps: 1.00 :: Time: 0.009(0.00901/step) :: Entropy : 0.000 :: Grads : []
240 :: Rewards 92.662 :: steps: 1.00 :: Time: 0.009(0.00918/step) :: Entropy : 0.000 :: Grads : []
250 :: Rewards 99.764 :: steps: 1.00 :: Time: 0.009(0.00919/step) :: Entropy : 0.000 :: Grads : []
260 :: Rewards 106.724 :: steps: 1.00 :: Time: 0.009(0.00933/step) :: Entropy : 0.000 :: Grads : []
270 :: Rewards 113.569 :: steps: 1.00 :: Time: 0.009(0.00948/step) :: Entropy : 0.000 :: Grads : []
280 :: Rewards 120.205 :: steps: 1.00 :: Time: 0.010(0.00951/step) :: Entropy : 0.000 :: Grads : []
290 :: Rewards 126.636 :: steps: 1.00 :: Time: 0.009(0.00944/step) :: Entropy : 0.000 :: Grads : []
300 :: Rewards 132.794 :: steps: 1.00 :: Time: 0.009(0.00947/step) :: Entropy : 0.000 :: Grads : []
310 :: Rewards 138.690 :: steps: 1.00 :: Time: 0.010(0.00961/step) :: Entropy : 0.000 :: Grads : []
320 :: Rewards 143.990 :: steps: 1.00 :: Time: 0.010(0.00975/step) :: Entropy : 0.000 :: Grads : []
330 :: Rewards 149.251 :: steps: 1.00 :: Time: 0.010(0.00978/step) :: Entropy : 0.000 :: Grads : []
340 :: Rewards 154.109 :: steps: 1.00 :: Time: 0.010(0.00991/step) :: Entropy : 0.000 :: Grads : []
350 :: Rewards 158.590 :: steps: 1.00 :: Time: 0.010(0.00999/step) :: Entropy : 0.000 :: Grads : []
360 :: Rewards 162.657 :: steps: 1.00 :: Time: 0.010(0.01021/step) :: Entropy : 0.000 :: Grads : []
370 :: Rewards 166.054 :: steps: 1.00 :: Time: 0.010(0.01031/step) :: Entropy : 0.000 :: Grads : []
380 :: Rewards 169.198 :: steps: 1.00 :: Time: 0.011(0.01051/step) :: Entropy : 0.000 :: Grads : []
390 :: Rewards 171.735 :: steps: 1.00 :: Time: 0.011(0.01054/step) :: Entropy : 0.000 :: Grads : []
400 :: Rewards 173.963 :: steps: 1.00 :: Time: 0.010(0.01048/step) :: Entropy : 0.000 :: Grads : []
410 :: Rewards 175.716 :: steps: 1.00 :: Time: 0.011(0.01081/step) :: Entropy : 0.000 :: Grads : []
420 :: Rewards 176.946 :: steps: 1.00 :: Time: 0.011(0.01114/step) :: Entropy : 0.000 :: Grads : []
430 :: Rewards 177.817 :: steps: 1.00 :: Time: 0.011(0.01102/step) :: Entropy : 0.000 :: Grads : []
440 :: Rewards 178.241 :: steps: 1.00 :: Time: 0.011(0.01108/step) :: Entropy : 0.000 :: Grads : []
450 :: Rewards 178.224 :: steps: 1.00 :: Time: 0.011(0.01112/step) :: Entropy : 0.000 :: Grads : []
460 :: Rewards 177.903 :: steps: 1.00 :: Time: 0.011(0.01115/step) :: Entropy : 0.000 :: Grads : []
470 :: Rewards 176.846 :: steps: 1.00 :: Time: 0.011(0.01133/step) :: Entropy : 0.000 :: Grads : []
480 :: Rewards 175.200 :: steps: 1.00 :: Time: 0.011(0.01133/step) :: Entropy : 0.000 :: Grads : []
490 :: Rewards 173.658 :: steps: 1.00 :: Time: 0.011(0.01134/step) :: Entropy : 0.000 :: Grads : []
500 :: Rewards 172.957 :: steps: 1.00 :: Time: 0.012(0.01163/step) :: Entropy : 0.000 :: Grads : []
510 :: Rewards 171.506 :: steps: 1.00 :: Time: 0.012(0.01155/step) :: Entropy : 0.000 :: Grads : []
520 :: Rewards 170.617 :: steps: 1.00 :: Time: 0.012(0.01184/step) :: Entropy : 0.000 :: Grads : []
530 :: Rewards 167.517 :: steps: 1.00 :: Time: 0.012(0.01182/step) :: Entropy : 0.000 :: Grads : []
540 :: Rewards 164.569 :: steps: 1.00 :: Time: 0.012(0.01183/step) :: Entropy : 0.000 :: Grads : []
550 :: Rewards 161.729 :: steps: 1.00 :: Time: 0.012(0.01188/step) :: Entropy : 0.000 :: Grads : []
560 :: Rewards 161.041 :: steps: 1.00 :: Time: 0.012(0.01195/step) :: Entropy : 0.000 :: Grads : []
570 :: Rewards 157.779 :: steps: 1.00 :: Time: 0.012(0.01186/step) :: Entropy : 0.000 :: Grads : []
580 :: Rewards 155.374 :: steps: 1.00 :: Time: 0.012(0.01187/step) :: Entropy : 0.000 :: Grads : []
590 :: Rewards 152.891 :: steps: 1.00 :: Time: 0.012(0.01192/step) :: Entropy : 0.000 :: Grads : []
600 :: Rewards 149.990 :: steps: 1.00 :: Time: 0.012(0.01197/step) :: Entropy : 0.000 :: Grads : []
610 :: Rewards 147.553 :: steps: 1.00 :: Time: 0.012(0.01204/step) :: Entropy : 0.000 :: Grads : []
620 :: Rewards 145.041 :: steps: 1.00 :: Time: 0.012(0.01211/step) :: Entropy : 0.000 :: Grads : []
630 :: Rewards 141.981 :: steps: 1.00 :: Time: 0.012(0.01213/step) :: Entropy : 0.000 :: Grads : []
640 :: Rewards 138.383 :: steps: 1.00 :: Time: 0.012(0.01224/step) :: Entropy : 0.000 :: Grads : []
650 :: Rewards 136.287 :: steps: 1.00 :: Time: 0.012(0.01219/step) :: Entropy : 0.000 :: Grads : []
660 :: Rewards 133.627 :: steps: 1.00 :: Time: 0.014(0.01429/step) :: Entropy : 0.000 :: Grads : []
670 :: Rewards 130.441 :: steps: 1.00 :: Time: 0.012(0.01246/step) :: Entropy : 0.000 :: Grads : []
680 :: Rewards 128.486 :: steps: 1.00 :: Time: 0.012(0.01217/step) :: Entropy : 0.000 :: Grads : []
690 :: Rewards 123.921 :: steps: 1.00 :: Time: 0.012(0.01228/step) :: Entropy : 0.000 :: Grads : []
700 :: Rewards 121.107 :: steps: 1.00 :: Time: 0.012(0.01237/step) :: Entropy : 0.000 :: Grads : []
710 :: Rewards 117.743 :: steps: 1.00 :: Time: 0.012(0.01232/step) :: Entropy : 0.000 :: Grads : []
720 :: Rewards 114.455 :: steps: 1.00 :: Time: 0.012(0.01248/step) :: Entropy : 0.000 :: Grads : []
730 :: Rewards 111.661 :: steps: 1.00 :: Time: 0.012(0.01239/step) :: Entropy : 0.000 :: Grads : []
740 :: Rewards 109.224 :: steps: 1.00 :: Time: 0.012(0.01249/step) :: Entropy : 0.000 :: Grads : []
750 :: Rewards 107.439 :: steps: 1.00 :: Time: 0.013(0.01254/step) :: Entropy : 0.000 :: Grads : []
760 :: Rewards 104.494 :: steps: 1.00 :: Time: 0.013(0.01268/step) :: Entropy : 0.000 :: Grads : []
770 :: Rewards 101.690 :: steps: 1.00 :: Time: 0.013(0.01292/step) :: Entropy : 0.000 :: Grads : []
780 :: Rewards 99.013 :: steps: 1.00 :: Time: 0.013(0.01308/step) :: Entropy : 0.000 :: Grads : []
790 :: Rewards 96.253 :: steps: 1.00 :: Time: 0.013(0.01296/step) :: Entropy : 0.000 :: Grads : []
800 :: Rewards 93.625 :: steps: 1.00 :: Time: 0.013(0.01287/step) :: Entropy : 0.000 :: Grads : []
810 :: Rewards 90.697 :: steps: 1.00 :: Time: 0.013(0.01302/step) :: Entropy : 0.000 :: Grads : []
820 :: Rewards 88.158 :: steps: 1.00 :: Time: 0.013(0.01324/step) :: Entropy : 0.000 :: Grads : []
830 :: Rewards 85.958 :: steps: 1.00 :: Time: 0.013(0.01326/step) :: Entropy : 0.000 :: Grads : []
840 :: Rewards 84.474 :: steps: 1.00 :: Time: 0.013(0.01328/step) :: Entropy : 0.000 :: Grads : []
850 :: Rewards 82.431 :: steps: 1.00 :: Time: 0.013(0.01321/step) :: Entropy : 0.000 :: Grads : []
860 :: Rewards 80.115 :: steps: 1.00 :: Time: 0.013(0.01325/step) :: Entropy : 0.000 :: Grads : []
870 :: Rewards 77.656 :: steps: 1.00 :: Time: 0.013(0.01348/step) :: Entropy : 0.000 :: Grads : []
880 :: Rewards 76.057 :: steps: 1.00 :: Time: 0.013(0.01346/step) :: Entropy : 0.000 :: Grads : []
890 :: Rewards 74.647 :: steps: 1.00 :: Time: 0.013(0.01328/step) :: Entropy : 0.000 :: Grads : []
900 :: Rewards 73.219 :: steps: 1.00 :: Time: 0.014(0.01375/step) :: Entropy : 0.000 :: Grads : []
910 :: Rewards 71.937 :: steps: 1.00 :: Time: 0.014(0.01359/step) :: Entropy : 0.000 :: Grads : []
920 :: Rewards 70.727 :: steps: 1.00 :: Time: 0.014(0.01354/step) :: Entropy : 0.000 :: Grads : []
930 :: Rewards 69.908 :: steps: 1.00 :: Time: 0.014(0.01362/step) :: Entropy : 0.000 :: Grads : []
940 :: Rewards 69.204 :: steps: 1.00 :: Time: 0.014(0.01377/step) :: Entropy : 0.000 :: Grads : []
950 :: Rewards 68.449 :: steps: 1.00 :: Time: 0.014(0.01396/step) :: Entropy : 0.000 :: Grads : []
960 :: Rewards 68.259 :: steps: 1.00 :: Time: 0.014(0.01382/step) :: Entropy : 0.000 :: Grads : []
970 :: Rewards 68.006 :: steps: 1.00 :: Time: 0.014(0.01373/step) :: Entropy : 0.000 :: Grads : []
980 :: Rewards 67.706 :: steps: 1.00 :: Time: 0.013(0.01340/step) :: Entropy : 0.000 :: Grads : []
990 :: Rewards 68.499 :: steps: 1.00 :: Time: 0.013(0.01340/step) :: Entropy : 0.000 :: Grads : []
999 :: Rewards 68.904 :: steps: 0.90 :: Time: 0.013(0.01499/step) :: Entropy : 0.000 :: Grads : []
Total time taken: 11.144189834594727
