Module path:  Environments.NS_Reco NS_Reco
Dynamically loaded from:  <class 'Environments.NS_Reco.NS_Reco'>
Reward Amplitudes: [4.17022005e-01 7.20324493e-01 1.14374817e-04 3.02332573e-01
 1.46755891e-01] :: Avg 0.317309867282206 
Module path:  Src.Algorithms.ProWLS ProWLS
Dynamically loaded from:  <class 'Src.Algorithms.ProWLS.ProWLS'>
=====Configurations=====
 Namespace(NN_basis_dim='32', Policy_basis_dim='32', actor_lr=0.004415491219348583, algo_name='ProWLS', base=0, batch_size=1000, buffer_size=1000, debug=False, delta=1, entropy_lambda=0.0010074417839719013, env_name='NS_Reco', experiment='NS_0r_', extrapolator_basis='Fourier', folder_suffix='Default', fourier_coupled=True, fourier_k=3, fourier_order=3, gamma=0.99, gauss_std=1.5, gpu=0, hyper='default', importance_clip=5.0, inc=1, log_output='term_file', max_episodes=1000, max_inner=20, max_steps=500, optim='rmsprop', oracle=-1, raw_basis=True, restore=False, save_count=100, save_model=True, seed=14, speed=0, state_lr=0.001, summary=True, swarm=False, timestamp='5|30|11:48:51')
Actions space: 5 :: State space: 1
State Low: tensor([0.]) :: State High: tensor([1.])
State features:  [('dummy_param', torch.Size([1]))]
Policy:  [('fc1.weight', torch.Size([5, 1])), ('fc1.bias', torch.Size([5]))]
0 :: Rewards -0.417 :: steps: 0.10 :: Time: 0.000(0.00062/step) :: Entropy : 0.000 :: Grads : []
10 :: Rewards -4.797 :: steps: 1.00 :: Time: 0.009(0.00904/step) :: Entropy : 0.000 :: Grads : []
20 :: Rewards -7.684 :: steps: 1.00 :: Time: 0.012(0.01151/step) :: Entropy : 0.000 :: Grads : []
30 :: Rewards -8.830 :: steps: 1.00 :: Time: 0.013(0.01269/step) :: Entropy : 0.000 :: Grads : []
40 :: Rewards -9.548 :: steps: 1.00 :: Time: 0.014(0.01363/step) :: Entropy : 0.000 :: Grads : []
50 :: Rewards -10.124 :: steps: 1.00 :: Time: 0.013(0.01281/step) :: Entropy : 0.000 :: Grads : []
60 :: Rewards -10.831 :: steps: 1.00 :: Time: 0.016(0.01611/step) :: Entropy : 0.000 :: Grads : []
70 :: Rewards -10.831 :: steps: 1.00 :: Time: 0.012(0.01213/step) :: Entropy : 0.000 :: Grads : []
80 :: Rewards -10.831 :: steps: 1.00 :: Time: 0.013(0.01295/step) :: Entropy : 0.000 :: Grads : []
90 :: Rewards -10.831 :: steps: 1.00 :: Time: 0.013(0.01317/step) :: Entropy : 0.000 :: Grads : []
100 :: Rewards -10.831 :: steps: 1.00 :: Time: 0.013(0.01348/step) :: Entropy : 0.000 :: Grads : []
110 :: Rewards -11.142 :: steps: 1.00 :: Time: 0.013(0.01300/step) :: Entropy : 0.000 :: Grads : []
120 :: Rewards -11.142 :: steps: 1.00 :: Time: 0.013(0.01345/step) :: Entropy : 0.000 :: Grads : []
130 :: Rewards -12.294 :: steps: 1.00 :: Time: 0.015(0.01536/step) :: Entropy : 0.000 :: Grads : []
140 :: Rewards -12.294 :: steps: 1.00 :: Time: 0.014(0.01371/step) :: Entropy : 0.000 :: Grads : []
150 :: Rewards -12.294 :: steps: 1.00 :: Time: 0.016(0.01564/step) :: Entropy : 0.000 :: Grads : []
160 :: Rewards -12.294 :: steps: 1.00 :: Time: 0.016(0.01585/step) :: Entropy : 0.000 :: Grads : []
170 :: Rewards -12.597 :: steps: 1.00 :: Time: 0.017(0.01705/step) :: Entropy : 0.000 :: Grads : []
180 :: Rewards -12.898 :: steps: 1.00 :: Time: 0.015(0.01466/step) :: Entropy : 0.000 :: Grads : []
190 :: Rewards -12.898 :: steps: 1.00 :: Time: 0.016(0.01568/step) :: Entropy : 0.000 :: Grads : []
200 :: Rewards -12.898 :: steps: 1.00 :: Time: 0.015(0.01509/step) :: Entropy : 0.000 :: Grads : []
210 :: Rewards -12.898 :: steps: 1.00 :: Time: 0.016(0.01637/step) :: Entropy : 0.000 :: Grads : []
220 :: Rewards -13.460 :: steps: 1.00 :: Time: 0.016(0.01640/step) :: Entropy : 0.000 :: Grads : []
230 :: Rewards -13.460 :: steps: 1.00 :: Time: 0.016(0.01630/step) :: Entropy : 0.000 :: Grads : []
240 :: Rewards -13.460 :: steps: 1.00 :: Time: 0.017(0.01659/step) :: Entropy : 0.000 :: Grads : []
250 :: Rewards -13.460 :: steps: 1.00 :: Time: 0.017(0.01728/step) :: Entropy : 0.000 :: Grads : []
260 :: Rewards -13.460 :: steps: 1.00 :: Time: 0.018(0.01786/step) :: Entropy : 0.000 :: Grads : []
270 :: Rewards -13.460 :: steps: 1.00 :: Time: 0.019(0.01947/step) :: Entropy : 0.000 :: Grads : []
280 :: Rewards -13.460 :: steps: 1.00 :: Time: 0.019(0.01949/step) :: Entropy : 0.000 :: Grads : []
290 :: Rewards -13.460 :: steps: 1.00 :: Time: 0.018(0.01835/step) :: Entropy : 0.000 :: Grads : []
300 :: Rewards -13.460 :: steps: 1.00 :: Time: 0.018(0.01807/step) :: Entropy : 0.000 :: Grads : []
310 :: Rewards -13.460 :: steps: 1.00 :: Time: 0.021(0.02128/step) :: Entropy : 0.000 :: Grads : []
320 :: Rewards -13.460 :: steps: 1.00 :: Time: 0.028(0.02818/step) :: Entropy : 0.000 :: Grads : []
330 :: Rewards -14.076 :: steps: 1.00 :: Time: 0.019(0.01936/step) :: Entropy : 0.000 :: Grads : []
340 :: Rewards -14.076 :: steps: 1.00 :: Time: 0.019(0.01900/step) :: Entropy : 0.000 :: Grads : []
350 :: Rewards -14.374 :: steps: 1.00 :: Time: 0.020(0.01957/step) :: Entropy : 0.000 :: Grads : []
360 :: Rewards -14.374 :: steps: 1.00 :: Time: 0.020(0.01965/step) :: Entropy : 0.000 :: Grads : []
370 :: Rewards -14.374 :: steps: 1.00 :: Time: 0.020(0.01993/step) :: Entropy : 0.000 :: Grads : []
380 :: Rewards -14.374 :: steps: 1.00 :: Time: 0.021(0.02103/step) :: Entropy : 0.000 :: Grads : []
390 :: Rewards -14.374 :: steps: 1.00 :: Time: 0.021(0.02075/step) :: Entropy : 0.000 :: Grads : []
400 :: Rewards -14.374 :: steps: 1.00 :: Time: 0.021(0.02150/step) :: Entropy : 0.000 :: Grads : []
410 :: Rewards -14.374 :: steps: 1.00 :: Time: 0.023(0.02292/step) :: Entropy : 0.000 :: Grads : []
420 :: Rewards -14.374 :: steps: 1.00 :: Time: 0.024(0.02411/step) :: Entropy : 0.000 :: Grads : []
430 :: Rewards -14.374 :: steps: 1.00 :: Time: 0.022(0.02240/step) :: Entropy : 0.000 :: Grads : []
440 :: Rewards -14.374 :: steps: 1.00 :: Time: 0.025(0.02459/step) :: Entropy : 0.000 :: Grads : []
450 :: Rewards -14.374 :: steps: 1.00 :: Time: 0.026(0.02634/step) :: Entropy : 0.000 :: Grads : []
460 :: Rewards -14.374 :: steps: 1.00 :: Time: 0.025(0.02487/step) :: Entropy : 0.000 :: Grads : []
470 :: Rewards -14.374 :: steps: 1.00 :: Time: 0.027(0.02701/step) :: Entropy : 0.000 :: Grads : []
480 :: Rewards -14.374 :: steps: 1.00 :: Time: 0.028(0.02768/step) :: Entropy : 0.000 :: Grads : []
490 :: Rewards -14.374 :: steps: 1.00 :: Time: 0.025(0.02535/step) :: Entropy : 0.000 :: Grads : []
500 :: Rewards -14.374 :: steps: 1.00 :: Time: 0.026(0.02550/step) :: Entropy : 0.000 :: Grads : []
510 :: Rewards -14.374 :: steps: 1.00 :: Time: 0.026(0.02552/step) :: Entropy : 0.000 :: Grads : []
520 :: Rewards -14.374 :: steps: 1.00 :: Time: 0.030(0.02999/step) :: Entropy : 0.000 :: Grads : []
530 :: Rewards -14.673 :: steps: 1.00 :: Time: 0.031(0.03132/step) :: Entropy : 0.000 :: Grads : []
540 :: Rewards -14.974 :: steps: 1.00 :: Time: 0.028(0.02808/step) :: Entropy : 0.000 :: Grads : []
550 :: Rewards -14.974 :: steps: 1.00 :: Time: 0.030(0.02994/step) :: Entropy : 0.000 :: Grads : []
560 :: Rewards -14.974 :: steps: 1.00 :: Time: 0.031(0.03078/step) :: Entropy : 0.000 :: Grads : []
570 :: Rewards -14.974 :: steps: 1.00 :: Time: 0.029(0.02917/step) :: Entropy : 0.000 :: Grads : []
580 :: Rewards -14.974 :: steps: 1.00 :: Time: 0.033(0.03265/step) :: Entropy : 0.000 :: Grads : []
590 :: Rewards -14.974 :: steps: 1.00 :: Time: 0.034(0.03390/step) :: Entropy : 0.000 :: Grads : []
600 :: Rewards -14.974 :: steps: 1.00 :: Time: 0.033(0.03319/step) :: Entropy : 0.000 :: Grads : []
610 :: Rewards -15.286 :: steps: 1.00 :: Time: 0.038(0.03752/step) :: Entropy : 0.000 :: Grads : []
620 :: Rewards -15.286 :: steps: 1.00 :: Time: 0.032(0.03166/step) :: Entropy : 0.000 :: Grads : []
630 :: Rewards -15.286 :: steps: 1.00 :: Time: 0.036(0.03570/step) :: Entropy : 0.000 :: Grads : []
640 :: Rewards -15.286 :: steps: 1.00 :: Time: 0.035(0.03523/step) :: Entropy : 0.000 :: Grads : []
650 :: Rewards -15.286 :: steps: 1.00 :: Time: 0.041(0.04060/step) :: Entropy : 0.000 :: Grads : []
660 :: Rewards -15.286 :: steps: 1.00 :: Time: 0.038(0.03760/step) :: Entropy : 0.000 :: Grads : []
670 :: Rewards -15.286 :: steps: 1.00 :: Time: 0.037(0.03668/step) :: Entropy : 0.000 :: Grads : []
680 :: Rewards -15.286 :: steps: 1.00 :: Time: 0.037(0.03660/step) :: Entropy : 0.000 :: Grads : []
690 :: Rewards -15.895 :: steps: 1.00 :: Time: 0.037(0.03718/step) :: Entropy : 0.000 :: Grads : []
700 :: Rewards -15.895 :: steps: 1.00 :: Time: 0.037(0.03691/step) :: Entropy : 0.000 :: Grads : []
710 :: Rewards -15.895 :: steps: 1.00 :: Time: 0.037(0.03710/step) :: Entropy : 0.000 :: Grads : []
720 :: Rewards -15.895 :: steps: 1.00 :: Time: 0.038(0.03770/step) :: Entropy : 0.000 :: Grads : []
730 :: Rewards -15.895 :: steps: 1.00 :: Time: 0.039(0.03946/step) :: Entropy : 0.000 :: Grads : []
740 :: Rewards -15.895 :: steps: 1.00 :: Time: 0.039(0.03928/step) :: Entropy : 0.000 :: Grads : []
750 :: Rewards -15.895 :: steps: 1.00 :: Time: 0.040(0.03988/step) :: Entropy : 0.000 :: Grads : []
760 :: Rewards -15.895 :: steps: 1.00 :: Time: 0.041(0.04132/step) :: Entropy : 0.000 :: Grads : []
770 :: Rewards -15.895 :: steps: 1.00 :: Time: 0.046(0.04597/step) :: Entropy : 0.000 :: Grads : []
780 :: Rewards -15.895 :: steps: 1.00 :: Time: 0.045(0.04505/step) :: Entropy : 0.000 :: Grads : []
790 :: Rewards -15.895 :: steps: 1.00 :: Time: 0.045(0.04474/step) :: Entropy : 0.000 :: Grads : []
800 :: Rewards -15.895 :: steps: 1.00 :: Time: 0.050(0.04960/step) :: Entropy : 0.000 :: Grads : []
810 :: Rewards -15.895 :: steps: 1.00 :: Time: 0.048(0.04825/step) :: Entropy : 0.000 :: Grads : []
820 :: Rewards -15.895 :: steps: 1.00 :: Time: 0.054(0.05375/step) :: Entropy : 0.000 :: Grads : []
830 :: Rewards -15.895 :: steps: 1.00 :: Time: 0.062(0.06192/step) :: Entropy : 0.000 :: Grads : []
840 :: Rewards -15.895 :: steps: 1.00 :: Time: 0.069(0.06867/step) :: Entropy : 0.000 :: Grads : []
850 :: Rewards -15.895 :: steps: 1.00 :: Time: 0.054(0.05448/step) :: Entropy : 0.000 :: Grads : []
860 :: Rewards -15.895 :: steps: 1.00 :: Time: 0.052(0.05246/step) :: Entropy : 0.000 :: Grads : []
870 :: Rewards -15.895 :: steps: 1.00 :: Time: 0.052(0.05222/step) :: Entropy : 0.000 :: Grads : []
880 :: Rewards -15.895 :: steps: 1.00 :: Time: 0.053(0.05272/step) :: Entropy : 0.000 :: Grads : []
890 :: Rewards -15.895 :: steps: 1.00 :: Time: 0.054(0.05415/step) :: Entropy : 0.000 :: Grads : []
900 :: Rewards -15.895 :: steps: 1.00 :: Time: 0.057(0.05721/step) :: Entropy : 0.000 :: Grads : []
910 :: Rewards -15.895 :: steps: 1.00 :: Time: 0.057(0.05734/step) :: Entropy : 0.000 :: Grads : []
920 :: Rewards -15.895 :: steps: 1.00 :: Time: 0.060(0.06039/step) :: Entropy : 0.000 :: Grads : []
930 :: Rewards -15.895 :: steps: 1.00 :: Time: 0.061(0.06063/step) :: Entropy : 0.000 :: Grads : []
940 :: Rewards -15.895 :: steps: 1.00 :: Time: 0.060(0.06050/step) :: Entropy : 0.000 :: Grads : []
950 :: Rewards -15.895 :: steps: 1.00 :: Time: 0.062(0.06215/step) :: Entropy : 0.000 :: Grads : []
960 :: Rewards -15.895 :: steps: 1.00 :: Time: 0.063(0.06343/step) :: Entropy : 0.000 :: Grads : []
970 :: Rewards -15.895 :: steps: 1.00 :: Time: 0.063(0.06350/step) :: Entropy : 0.000 :: Grads : []
980 :: Rewards -15.895 :: steps: 1.00 :: Time: 0.066(0.06560/step) :: Entropy : 0.000 :: Grads : []
990 :: Rewards -15.895 :: steps: 1.00 :: Time: 0.067(0.06664/step) :: Entropy : 0.000 :: Grads : []
999 :: Rewards -15.895 :: steps: 0.90 :: Time: 0.060(0.06683/step) :: Entropy : 0.000 :: Grads : []
Total time taken: 31.883430242538452
