Module path:  Src.Algorithms.ProOLS ProOLS
Dynamically loaded from:  <class 'Src.Algorithms.ProOLS.ProOLS'>
=====Configurations=====
 Namespace(NN_basis_dim='32', Policy_basis_dim='32', actor_lr=0.0014243000759653686, algo_name='ProOLS', base=1000, batch_size=1000, buffer_size=1000, debug=False, delta=1, entropy_lambda=0.1, env_name='NS_SimGlucose-v0', experiment='NS_2_', extrapolator_basis='Fourier', folder_suffix='Default', fourier_coupled=True, fourier_k=4, fourier_order=3, gamma=0.99, gauss_std=1.95574, gpu=0, hyper='default', importance_clip=5.0, inc=1, log_output='term_file', max_episodes=1000, max_inner=30, max_steps=500, optim='rmsprop', oracle=-1, raw_basis=True, restore=False, save_count=100, save_model=True, seed=6, speed=2, state_lr=0.001, summary=True, swarm=False, timestamp='5|25|21:29:44')
Actions space: 2 :: State space: 1
State Low: tensor([0.]) :: State High: tensor([1.])
State features:  [('dummy_param', torch.Size([1]))]
Action Low: [3. 5.] :: Action High: [30. 50.]
Policy:  [('fc_mean.weight', torch.Size([2, 1])), ('fc_mean.bias', torch.Size([2]))]
0 :: Rewards -17.356 :: steps: 0.10 :: Time: 0.335(3.35479/step) :: Entropy : 0.000 :: Grads : []
10 :: Rewards -218.239 :: steps: 1.00 :: Time: 3.395(3.39534/step) :: Entropy : 0.000 :: Grads : []
20 :: Rewards -430.686 :: steps: 1.00 :: Time: 3.555(3.55534/step) :: Entropy : 0.000 :: Grads : []
30 :: Rewards -636.880 :: steps: 1.00 :: Time: 3.459(3.45874/step) :: Entropy : 0.000 :: Grads : []
40 :: Rewards -832.672 :: steps: 1.00 :: Time: 3.341(3.34112/step) :: Entropy : 0.000 :: Grads : []
50 :: Rewards -977.150 :: steps: 1.00 :: Time: 3.436(3.43625/step) :: Entropy : 0.000 :: Grads : []
60 :: Rewards -1117.941 :: steps: 1.00 :: Time: 3.222(3.22213/step) :: Entropy : 0.000 :: Grads : []
70 :: Rewards -1288.422 :: steps: 1.00 :: Time: 3.217(3.21707/step) :: Entropy : 0.000 :: Grads : []
80 :: Rewards -1482.160 :: steps: 1.00 :: Time: 3.277(3.27680/step) :: Entropy : 0.000 :: Grads : []
90 :: Rewards -1632.886 :: steps: 1.00 :: Time: 3.330(3.33047/step) :: Entropy : 0.000 :: Grads : []
100 :: Rewards -1741.126 :: steps: 1.00 :: Time: 3.387(3.38675/step) :: Entropy : 0.000 :: Grads : []
110 :: Rewards -1807.556 :: steps: 1.00 :: Time: 3.380(3.37994/step) :: Entropy : 0.000 :: Grads : []
120 :: Rewards -1857.726 :: steps: 1.00 :: Time: 3.420(3.41972/step) :: Entropy : 0.000 :: Grads : []
130 :: Rewards -1889.894 :: steps: 1.00 :: Time: 3.523(3.52253/step) :: Entropy : 0.000 :: Grads : []
140 :: Rewards -1875.081 :: steps: 1.00 :: Time: 3.393(3.39306/step) :: Entropy : 0.000 :: Grads : []
150 :: Rewards -1846.646 :: steps: 1.00 :: Time: 3.429(3.42897/step) :: Entropy : 0.000 :: Grads : []
160 :: Rewards -1803.439 :: steps: 1.00 :: Time: 3.462(3.46193/step) :: Entropy : 0.000 :: Grads : []
170 :: Rewards -1771.312 :: steps: 1.00 :: Time: 3.469(3.46883/step) :: Entropy : 0.000 :: Grads : []
180 :: Rewards -1711.687 :: steps: 1.00 :: Time: 3.511(3.51120/step) :: Entropy : 0.000 :: Grads : []
190 :: Rewards -1617.779 :: steps: 1.00 :: Time: 3.358(3.35754/step) :: Entropy : 0.000 :: Grads : []
200 :: Rewards -1485.983 :: steps: 1.00 :: Time: 3.411(3.41094/step) :: Entropy : 0.000 :: Grads : []
210 :: Rewards -1358.813 :: steps: 1.00 :: Time: 3.626(3.62610/step) :: Entropy : 0.000 :: Grads : []
220 :: Rewards -1194.887 :: steps: 1.00 :: Time: 3.680(3.67999/step) :: Entropy : 0.000 :: Grads : []
230 :: Rewards -1028.363 :: steps: 1.00 :: Time: 3.503(3.50308/step) :: Entropy : 0.000 :: Grads : []
240 :: Rewards -853.991 :: steps: 1.00 :: Time: 3.527(3.52656/step) :: Entropy : 0.000 :: Grads : []
250 :: Rewards -668.574 :: steps: 1.00 :: Time: 3.453(3.45292/step) :: Entropy : 0.000 :: Grads : []
260 :: Rewards -497.603 :: steps: 1.00 :: Time: 3.445(3.44469/step) :: Entropy : 0.000 :: Grads : []
270 :: Rewards -303.891 :: steps: 1.00 :: Time: 3.535(3.53475/step) :: Entropy : 0.000 :: Grads : []
280 :: Rewards -113.300 :: steps: 1.00 :: Time: 3.578(3.57801/step) :: Entropy : 0.000 :: Grads : []
290 :: Rewards 120.686 :: steps: 1.00 :: Time: 3.575(3.57519/step) :: Entropy : 0.000 :: Grads : []
300 :: Rewards 353.973 :: steps: 1.00 :: Time: 3.578(3.57804/step) :: Entropy : 0.000 :: Grads : []
310 :: Rewards 586.790 :: steps: 1.00 :: Time: 3.584(3.58379/step) :: Entropy : 0.000 :: Grads : []
320 :: Rewards 789.247 :: steps: 1.00 :: Time: 3.544(3.54357/step) :: Entropy : 0.000 :: Grads : []
330 :: Rewards 1040.556 :: steps: 1.00 :: Time: 3.510(3.51011/step) :: Entropy : 0.000 :: Grads : []
340 :: Rewards 1270.746 :: steps: 1.00 :: Time: 3.582(3.58152/step) :: Entropy : 0.000 :: Grads : []
350 :: Rewards 1491.091 :: steps: 1.00 :: Time: 3.543(3.54269/step) :: Entropy : 0.000 :: Grads : []
360 :: Rewards 1704.919 :: steps: 1.00 :: Time: 3.521(3.52092/step) :: Entropy : 0.000 :: Grads : []
370 :: Rewards 1936.707 :: steps: 1.00 :: Time: 3.562(3.56227/step) :: Entropy : 0.000 :: Grads : []
380 :: Rewards 2128.388 :: steps: 1.00 :: Time: 3.654(3.65393/step) :: Entropy : 0.000 :: Grads : []
390 :: Rewards 2316.350 :: steps: 1.00 :: Time: 3.684(3.68405/step) :: Entropy : 0.000 :: Grads : []
400 :: Rewards 2496.373 :: steps: 1.00 :: Time: 3.559(3.55863/step) :: Entropy : 0.000 :: Grads : []
410 :: Rewards 2674.731 :: steps: 1.00 :: Time: 3.825(3.82527/step) :: Entropy : 0.000 :: Grads : []
420 :: Rewards 2823.359 :: steps: 1.00 :: Time: 3.592(3.59249/step) :: Entropy : 0.000 :: Grads : []
430 :: Rewards 2944.208 :: steps: 1.00 :: Time: 3.440(3.43963/step) :: Entropy : 0.000 :: Grads : []
440 :: Rewards 3105.147 :: steps: 1.00 :: Time: 3.519(3.51918/step) :: Entropy : 0.000 :: Grads : []
450 :: Rewards 3247.760 :: steps: 1.00 :: Time: 3.470(3.47011/step) :: Entropy : 0.000 :: Grads : []
460 :: Rewards 3413.035 :: steps: 1.00 :: Time: 3.574(3.57404/step) :: Entropy : 0.000 :: Grads : []
470 :: Rewards 3557.807 :: steps: 1.00 :: Time: 3.636(3.63610/step) :: Entropy : 0.000 :: Grads : []
480 :: Rewards 3577.417 :: steps: 1.00 :: Time: 3.711(3.71109/step) :: Entropy : 0.000 :: Grads : []
490 :: Rewards 3689.801 :: steps: 1.00 :: Time: 3.728(3.72806/step) :: Entropy : 0.000 :: Grads : []
500 :: Rewards 3805.998 :: steps: 1.00 :: Time: 3.680(3.68039/step) :: Entropy : 0.000 :: Grads : []
510 :: Rewards 3876.354 :: steps: 1.00 :: Time: 3.623(3.62313/step) :: Entropy : 0.000 :: Grads : []
520 :: Rewards 3984.361 :: steps: 1.00 :: Time: 3.759(3.75858/step) :: Entropy : 0.000 :: Grads : []
530 :: Rewards 4119.124 :: steps: 1.00 :: Time: 3.555(3.55453/step) :: Entropy : 0.000 :: Grads : []
540 :: Rewards 4227.961 :: steps: 1.00 :: Time: 3.548(3.54754/step) :: Entropy : 0.000 :: Grads : []
550 :: Rewards 4304.502 :: steps: 1.00 :: Time: 3.488(3.48786/step) :: Entropy : 0.000 :: Grads : []
560 :: Rewards 4379.120 :: steps: 1.00 :: Time: 3.372(3.37243/step) :: Entropy : 0.000 :: Grads : []
570 :: Rewards 4534.979 :: steps: 1.00 :: Time: 3.402(3.40243/step) :: Entropy : 0.000 :: Grads : []
580 :: Rewards 4609.953 :: steps: 1.00 :: Time: 3.553(3.55265/step) :: Entropy : 0.000 :: Grads : []
590 :: Rewards 4745.703 :: steps: 1.00 :: Time: 3.454(3.45411/step) :: Entropy : 0.000 :: Grads : []
600 :: Rewards 4814.651 :: steps: 1.00 :: Time: 3.403(3.40347/step) :: Entropy : 0.000 :: Grads : []
610 :: Rewards 4914.401 :: steps: 1.00 :: Time: 3.456(3.45593/step) :: Entropy : 0.000 :: Grads : []
620 :: Rewards 5052.830 :: steps: 1.00 :: Time: 3.420(3.42009/step) :: Entropy : 0.000 :: Grads : []
630 :: Rewards 5215.730 :: steps: 1.00 :: Time: 3.659(3.65889/step) :: Entropy : 0.000 :: Grads : []
640 :: Rewards 5405.238 :: steps: 1.00 :: Time: 4.095(4.09547/step) :: Entropy : 0.000 :: Grads : []
650 :: Rewards 5595.118 :: steps: 1.00 :: Time: 3.693(3.69291/step) :: Entropy : 0.000 :: Grads : []
660 :: Rewards 5755.633 :: steps: 1.00 :: Time: 3.588(3.58784/step) :: Entropy : 0.000 :: Grads : []
670 :: Rewards 5978.713 :: steps: 1.00 :: Time: 3.615(3.61524/step) :: Entropy : 0.000 :: Grads : []
680 :: Rewards 6225.215 :: steps: 1.00 :: Time: 3.665(3.66485/step) :: Entropy : 0.000 :: Grads : []
690 :: Rewards 6464.836 :: steps: 1.00 :: Time: 3.803(3.80321/step) :: Entropy : 0.000 :: Grads : []
700 :: Rewards 6702.859 :: steps: 1.00 :: Time: 3.624(3.62435/step) :: Entropy : 0.000 :: Grads : []
710 :: Rewards 6979.890 :: steps: 1.00 :: Time: 3.624(3.62416/step) :: Entropy : 0.000 :: Grads : []
720 :: Rewards 7222.411 :: steps: 1.00 :: Time: 3.788(3.78811/step) :: Entropy : 0.000 :: Grads : []
730 :: Rewards 7446.302 :: steps: 1.00 :: Time: 3.178(3.17787/step) :: Entropy : 0.000 :: Grads : []
740 :: Rewards 7663.334 :: steps: 1.00 :: Time: 2.657(2.65658/step) :: Entropy : 0.000 :: Grads : []
750 :: Rewards 7893.755 :: steps: 1.00 :: Time: 2.649(2.64864/step) :: Entropy : 0.000 :: Grads : []
760 :: Rewards 8098.390 :: steps: 1.00 :: Time: 2.663(2.66292/step) :: Entropy : 0.000 :: Grads : []
770 :: Rewards 8340.390 :: steps: 1.00 :: Time: 2.629(2.62886/step) :: Entropy : 0.000 :: Grads : []
780 :: Rewards 8494.478 :: steps: 1.00 :: Time: 2.748(2.74787/step) :: Entropy : 0.000 :: Grads : []
790 :: Rewards 8669.883 :: steps: 1.00 :: Time: 2.671(2.67100/step) :: Entropy : 0.000 :: Grads : []
800 :: Rewards 8792.015 :: steps: 1.00 :: Time: 2.684(2.68401/step) :: Entropy : 0.000 :: Grads : []
810 :: Rewards 8926.796 :: steps: 1.00 :: Time: 2.696(2.69594/step) :: Entropy : 0.000 :: Grads : []
820 :: Rewards 9032.835 :: steps: 1.00 :: Time: 2.683(2.68329/step) :: Entropy : 0.000 :: Grads : []
830 :: Rewards 9110.618 :: steps: 1.00 :: Time: 2.700(2.69982/step) :: Entropy : 0.000 :: Grads : []
840 :: Rewards 9148.507 :: steps: 1.00 :: Time: 2.746(2.74613/step) :: Entropy : 0.000 :: Grads : []
850 :: Rewards 9100.665 :: steps: 1.00 :: Time: 2.711(2.71112/step) :: Entropy : 0.000 :: Grads : []
860 :: Rewards 9094.626 :: steps: 1.00 :: Time: 2.679(2.67857/step) :: Entropy : 0.000 :: Grads : []
870 :: Rewards 9005.608 :: steps: 1.00 :: Time: 2.758(2.75760/step) :: Entropy : 0.000 :: Grads : []
880 :: Rewards 8951.430 :: steps: 1.00 :: Time: 2.734(2.73364/step) :: Entropy : 0.000 :: Grads : []
890 :: Rewards 8877.837 :: steps: 1.00 :: Time: 2.756(2.75576/step) :: Entropy : 0.000 :: Grads : []
900 :: Rewards 8785.873 :: steps: 1.00 :: Time: 2.740(2.73963/step) :: Entropy : 0.000 :: Grads : []
910 :: Rewards 8674.720 :: steps: 1.00 :: Time: 2.728(2.72793/step) :: Entropy : 0.000 :: Grads : []
920 :: Rewards 8545.907 :: steps: 1.00 :: Time: 2.747(2.74669/step) :: Entropy : 0.000 :: Grads : []
930 :: Rewards 8400.718 :: steps: 1.00 :: Time: 2.787(2.78657/step) :: Entropy : 0.000 :: Grads : []
940 :: Rewards 8243.099 :: steps: 1.00 :: Time: 2.777(2.77658/step) :: Entropy : 0.000 :: Grads : []
950 :: Rewards 8071.622 :: steps: 1.00 :: Time: 2.771(2.77141/step) :: Entropy : 0.000 :: Grads : []
960 :: Rewards 7891.372 :: steps: 1.00 :: Time: 2.788(2.78829/step) :: Entropy : 0.000 :: Grads : []
970 :: Rewards 7647.718 :: steps: 1.00 :: Time: 2.724(2.72419/step) :: Entropy : 0.000 :: Grads : []
980 :: Rewards 7455.982 :: steps: 1.00 :: Time: 2.829(2.82850/step) :: Entropy : 0.000 :: Grads : []
990 :: Rewards 7257.783 :: steps: 1.00 :: Time: 2.785(2.78462/step) :: Entropy : 0.000 :: Grads : []
999 :: Rewards 7076.630 :: steps: 0.90 :: Time: 2.557(2.84107/step) :: Entropy : 0.000 :: Grads : []
Total time taken: 3316.2978079319
