Module path:  Environments.NS_Reco NS_Reco
Dynamically loaded from:  <class 'Environments.NS_Reco.NS_Reco'>
Reward Amplitudes: [4.17022005e-01 7.20324493e-01 1.14374817e-04 3.02332573e-01
 1.46755891e-01] :: Avg 0.317309867282206 
Module path:  Src.Algorithms.OFPG OFPG
Dynamically loaded from:  <class 'Src.Algorithms.OFPG.OFPG'>
=====Configurations=====
 Namespace(NN_basis_dim='32', Policy_basis_dim='32', actor_lr=0.002251439950474301, algo_name='OFPG', base=0, batch_size=1000, buffer_size=1000, debug=False, delta=1, entropy_lambda=0.11057727559233214, env_name='NS_Reco', experiment='NS_3_', extrapolator_basis='Fourier', folder_suffix='Default', fourier_coupled=True, fourier_k=7, fourier_order=3, gamma=0.99, gauss_std=1.5, gpu=0, hyper='default', importance_clip=10.0, inc=1, log_output='term_file', max_episodes=1000, max_inner=30, max_steps=500, optim='rmsprop', oracle=-1, raw_basis=True, restore=False, save_count=100, save_model=True, seed=22, speed=3, state_lr=0.001, summary=True, swarm=False, timestamp='5|24|22:34:40')
Actions space: 5 :: State space: 1
State Low: tensor([0.]) :: State High: tensor([1.])
State features:  [('dummy_param', torch.Size([1]))]
Policy:  [('fc1.weight', torch.Size([5, 1])), ('fc1.bias', torch.Size([5]))]
0 :: Rewards -0.014 :: steps: 0.10 :: Time: 0.001(0.01272/step) :: Entropy : 0.000 :: Grads : []
10 :: Rewards 0.062 :: steps: 1.00 :: Time: 0.011(0.01138/step) :: Entropy : 0.000 :: Grads : []
20 :: Rewards 0.757 :: steps: 1.00 :: Time: 0.012(0.01160/step) :: Entropy : 0.000 :: Grads : []
30 :: Rewards 1.928 :: steps: 1.00 :: Time: 0.012(0.01184/step) :: Entropy : 0.000 :: Grads : []
40 :: Rewards 3.318 :: steps: 1.00 :: Time: 0.011(0.01143/step) :: Entropy : 0.000 :: Grads : []
50 :: Rewards 6.018 :: steps: 1.00 :: Time: 0.012(0.01153/step) :: Entropy : 0.000 :: Grads : []
60 :: Rewards 8.137 :: steps: 1.00 :: Time: 0.012(0.01160/step) :: Entropy : 0.000 :: Grads : []
70 :: Rewards 11.498 :: steps: 1.00 :: Time: 0.012(0.01181/step) :: Entropy : 0.000 :: Grads : []
80 :: Rewards 15.119 :: steps: 1.00 :: Time: 0.012(0.01192/step) :: Entropy : 0.000 :: Grads : []
90 :: Rewards 18.955 :: steps: 1.00 :: Time: 0.012(0.01202/step) :: Entropy : 0.000 :: Grads : []
100 :: Rewards 23.027 :: steps: 1.00 :: Time: 0.012(0.01219/step) :: Entropy : 0.000 :: Grads : []
110 :: Rewards 28.426 :: steps: 1.00 :: Time: 0.012(0.01228/step) :: Entropy : 0.000 :: Grads : []
120 :: Rewards 33.948 :: steps: 1.00 :: Time: 0.012(0.01239/step) :: Entropy : 0.000 :: Grads : []
130 :: Rewards 39.927 :: steps: 1.00 :: Time: 0.013(0.01254/step) :: Entropy : 0.000 :: Grads : []
140 :: Rewards 46.448 :: steps: 1.00 :: Time: 0.013(0.01265/step) :: Entropy : 0.000 :: Grads : []
150 :: Rewards 52.991 :: steps: 1.00 :: Time: 0.013(0.01273/step) :: Entropy : 0.000 :: Grads : []
160 :: Rewards 59.807 :: steps: 1.00 :: Time: 0.013(0.01284/step) :: Entropy : 0.000 :: Grads : []
170 :: Rewards 66.514 :: steps: 1.00 :: Time: 0.013(0.01297/step) :: Entropy : 0.000 :: Grads : []
180 :: Rewards 72.792 :: steps: 1.00 :: Time: 0.013(0.01302/step) :: Entropy : 0.000 :: Grads : []
190 :: Rewards 79.121 :: steps: 1.00 :: Time: 0.013(0.01312/step) :: Entropy : 0.000 :: Grads : []
200 :: Rewards 84.834 :: steps: 1.00 :: Time: 0.013(0.01321/step) :: Entropy : 0.000 :: Grads : []
210 :: Rewards 90.402 :: steps: 1.00 :: Time: 0.015(0.01459/step) :: Entropy : 0.000 :: Grads : []
220 :: Rewards 95.589 :: steps: 1.00 :: Time: 0.014(0.01358/step) :: Entropy : 0.000 :: Grads : []
230 :: Rewards 100.289 :: steps: 1.00 :: Time: 0.014(0.01354/step) :: Entropy : 0.000 :: Grads : []
240 :: Rewards 104.426 :: steps: 1.00 :: Time: 0.014(0.01364/step) :: Entropy : 0.000 :: Grads : []
250 :: Rewards 107.941 :: steps: 1.00 :: Time: 0.014(0.01384/step) :: Entropy : 0.000 :: Grads : []
260 :: Rewards 110.839 :: steps: 1.00 :: Time: 0.014(0.01427/step) :: Entropy : 0.000 :: Grads : []
270 :: Rewards 112.729 :: steps: 1.00 :: Time: 0.014(0.01439/step) :: Entropy : 0.000 :: Grads : []
280 :: Rewards 114.234 :: steps: 1.00 :: Time: 0.015(0.01454/step) :: Entropy : 0.000 :: Grads : []
290 :: Rewards 114.944 :: steps: 1.00 :: Time: 0.015(0.01470/step) :: Entropy : 0.000 :: Grads : []
300 :: Rewards 115.580 :: steps: 1.00 :: Time: 0.015(0.01476/step) :: Entropy : 0.000 :: Grads : []
310 :: Rewards 114.694 :: steps: 1.00 :: Time: 0.015(0.01493/step) :: Entropy : 0.000 :: Grads : []
320 :: Rewards 114.163 :: steps: 1.00 :: Time: 0.015(0.01517/step) :: Entropy : 0.000 :: Grads : []
330 :: Rewards 113.951 :: steps: 1.00 :: Time: 0.015(0.01548/step) :: Entropy : 0.000 :: Grads : []
340 :: Rewards 112.202 :: steps: 1.00 :: Time: 0.016(0.01568/step) :: Entropy : 0.000 :: Grads : []
350 :: Rewards 109.298 :: steps: 1.00 :: Time: 0.016(0.01594/step) :: Entropy : 0.000 :: Grads : []
360 :: Rewards 106.945 :: steps: 1.00 :: Time: 0.016(0.01613/step) :: Entropy : 0.000 :: Grads : []
370 :: Rewards 104.710 :: steps: 1.00 :: Time: 0.016(0.01633/step) :: Entropy : 0.000 :: Grads : []
380 :: Rewards 100.972 :: steps: 1.00 :: Time: 0.016(0.01645/step) :: Entropy : 0.000 :: Grads : []
390 :: Rewards 96.689 :: steps: 1.00 :: Time: 0.017(0.01659/step) :: Entropy : 0.000 :: Grads : []
400 :: Rewards 94.651 :: steps: 1.00 :: Time: 0.017(0.01670/step) :: Entropy : 0.000 :: Grads : []
410 :: Rewards 92.946 :: steps: 1.00 :: Time: 0.017(0.01689/step) :: Entropy : 0.000 :: Grads : []
420 :: Rewards 91.388 :: steps: 1.00 :: Time: 0.017(0.01736/step) :: Entropy : 0.000 :: Grads : []
430 :: Rewards 89.018 :: steps: 1.00 :: Time: 0.017(0.01747/step) :: Entropy : 0.000 :: Grads : []
440 :: Rewards 85.437 :: steps: 1.00 :: Time: 0.018(0.01751/step) :: Entropy : 0.000 :: Grads : []
450 :: Rewards 81.601 :: steps: 1.00 :: Time: 0.018(0.01758/step) :: Entropy : 0.000 :: Grads : []
460 :: Rewards 77.401 :: steps: 1.00 :: Time: 0.018(0.01765/step) :: Entropy : 0.000 :: Grads : []
470 :: Rewards 73.656 :: steps: 1.00 :: Time: 0.018(0.01781/step) :: Entropy : 0.000 :: Grads : []
480 :: Rewards 70.618 :: steps: 1.00 :: Time: 0.018(0.01788/step) :: Entropy : 0.000 :: Grads : []
490 :: Rewards 67.973 :: steps: 1.00 :: Time: 0.018(0.01811/step) :: Entropy : 0.000 :: Grads : []
500 :: Rewards 65.588 :: steps: 1.00 :: Time: 0.018(0.01808/step) :: Entropy : 0.000 :: Grads : []
510 :: Rewards 61.890 :: steps: 1.00 :: Time: 0.018(0.01820/step) :: Entropy : 0.000 :: Grads : []
520 :: Rewards 59.411 :: steps: 1.00 :: Time: 0.019(0.01851/step) :: Entropy : 0.000 :: Grads : []
530 :: Rewards 56.611 :: steps: 1.00 :: Time: 0.019(0.01862/step) :: Entropy : 0.000 :: Grads : []
540 :: Rewards 55.129 :: steps: 1.00 :: Time: 0.019(0.01863/step) :: Entropy : 0.000 :: Grads : []
550 :: Rewards 52.636 :: steps: 1.00 :: Time: 0.019(0.01873/step) :: Entropy : 0.000 :: Grads : []
560 :: Rewards 51.337 :: steps: 1.00 :: Time: 0.019(0.01879/step) :: Entropy : 0.000 :: Grads : []
570 :: Rewards 49.084 :: steps: 1.00 :: Time: 0.022(0.02183/step) :: Entropy : 0.000 :: Grads : []
580 :: Rewards 46.029 :: steps: 1.00 :: Time: 0.019(0.01940/step) :: Entropy : 0.000 :: Grads : []
590 :: Rewards 44.329 :: steps: 1.00 :: Time: 0.019(0.01909/step) :: Entropy : 0.000 :: Grads : []
600 :: Rewards 42.755 :: steps: 1.00 :: Time: 0.025(0.02451/step) :: Entropy : 0.000 :: Grads : []
610 :: Rewards 40.331 :: steps: 1.00 :: Time: 0.024(0.02402/step) :: Entropy : 0.000 :: Grads : []
620 :: Rewards 38.895 :: steps: 1.00 :: Time: 0.022(0.02212/step) :: Entropy : 0.000 :: Grads : []
630 :: Rewards 38.668 :: steps: 1.00 :: Time: 0.022(0.02248/step) :: Entropy : 0.000 :: Grads : []
640 :: Rewards 36.813 :: steps: 1.00 :: Time: 0.020(0.02021/step) :: Entropy : 0.000 :: Grads : []
650 :: Rewards 35.594 :: steps: 1.00 :: Time: 0.020(0.01979/step) :: Entropy : 0.000 :: Grads : []
660 :: Rewards 35.863 :: steps: 1.00 :: Time: 0.020(0.01984/step) :: Entropy : 0.000 :: Grads : []
670 :: Rewards 33.700 :: steps: 1.00 :: Time: 0.020(0.01979/step) :: Entropy : 0.000 :: Grads : []
680 :: Rewards 36.411 :: steps: 1.00 :: Time: 0.020(0.01988/step) :: Entropy : 0.000 :: Grads : []
690 :: Rewards 37.559 :: steps: 1.00 :: Time: 0.020(0.02009/step) :: Entropy : 0.000 :: Grads : []
700 :: Rewards 39.235 :: steps: 1.00 :: Time: 0.020(0.02001/step) :: Entropy : 0.000 :: Grads : []
710 :: Rewards 41.049 :: steps: 1.00 :: Time: 0.020(0.02015/step) :: Entropy : 0.000 :: Grads : []
720 :: Rewards 41.593 :: steps: 1.00 :: Time: 0.020(0.02020/step) :: Entropy : 0.000 :: Grads : []
730 :: Rewards 44.783 :: steps: 1.00 :: Time: 0.020(0.02029/step) :: Entropy : 0.000 :: Grads : []
740 :: Rewards 46.374 :: steps: 1.00 :: Time: 0.020(0.02037/step) :: Entropy : 0.000 :: Grads : []
750 :: Rewards 50.217 :: steps: 1.00 :: Time: 0.021(0.02053/step) :: Entropy : 0.000 :: Grads : []
760 :: Rewards 51.939 :: steps: 1.00 :: Time: 0.021(0.02053/step) :: Entropy : 0.000 :: Grads : []
770 :: Rewards 55.179 :: steps: 1.00 :: Time: 0.021(0.02073/step) :: Entropy : 0.000 :: Grads : []
780 :: Rewards 59.550 :: steps: 1.00 :: Time: 0.021(0.02072/step) :: Entropy : 0.000 :: Grads : []
790 :: Rewards 61.108 :: steps: 1.00 :: Time: 0.021(0.02092/step) :: Entropy : 0.000 :: Grads : []
800 :: Rewards 65.024 :: steps: 1.00 :: Time: 0.021(0.02088/step) :: Entropy : 0.000 :: Grads : []
810 :: Rewards 68.182 :: steps: 1.00 :: Time: 0.021(0.02108/step) :: Entropy : 0.000 :: Grads : []
820 :: Rewards 70.706 :: steps: 1.00 :: Time: 0.021(0.02143/step) :: Entropy : 0.000 :: Grads : []
830 :: Rewards 73.012 :: steps: 1.00 :: Time: 0.022(0.02215/step) :: Entropy : 0.000 :: Grads : []
840 :: Rewards 75.211 :: steps: 1.00 :: Time: 0.024(0.02369/step) :: Entropy : 0.000 :: Grads : []
850 :: Rewards 76.902 :: steps: 1.00 :: Time: 0.021(0.02149/step) :: Entropy : 0.000 :: Grads : []
860 :: Rewards 78.891 :: steps: 1.00 :: Time: 0.022(0.02158/step) :: Entropy : 0.000 :: Grads : []
870 :: Rewards 80.278 :: steps: 1.00 :: Time: 0.022(0.02169/step) :: Entropy : 0.000 :: Grads : []
880 :: Rewards 81.731 :: steps: 1.00 :: Time: 0.022(0.02246/step) :: Entropy : 0.000 :: Grads : []
890 :: Rewards 82.340 :: steps: 1.00 :: Time: 0.023(0.02269/step) :: Entropy : 0.000 :: Grads : []
900 :: Rewards 82.640 :: steps: 1.00 :: Time: 0.022(0.02206/step) :: Entropy : 0.000 :: Grads : []
910 :: Rewards 83.161 :: steps: 1.00 :: Time: 0.022(0.02222/step) :: Entropy : 0.000 :: Grads : []
920 :: Rewards 81.291 :: steps: 1.00 :: Time: 0.022(0.02211/step) :: Entropy : 0.000 :: Grads : []
930 :: Rewards 81.644 :: steps: 1.00 :: Time: 0.022(0.02224/step) :: Entropy : 0.000 :: Grads : []
940 :: Rewards 81.642 :: steps: 1.00 :: Time: 0.022(0.02240/step) :: Entropy : 0.000 :: Grads : []
950 :: Rewards 81.229 :: steps: 1.00 :: Time: 0.023(0.02281/step) :: Entropy : 0.000 :: Grads : []
960 :: Rewards 78.806 :: steps: 1.00 :: Time: 0.022(0.02248/step) :: Entropy : 0.000 :: Grads : []
970 :: Rewards 77.937 :: steps: 1.00 :: Time: 0.022(0.02245/step) :: Entropy : 0.000 :: Grads : []
980 :: Rewards 77.564 :: steps: 1.00 :: Time: 0.023(0.02270/step) :: Entropy : 0.000 :: Grads : []
990 :: Rewards 77.784 :: steps: 1.00 :: Time: 0.023(0.02280/step) :: Entropy : 0.000 :: Grads : []
999 :: Rewards 78.093 :: steps: 0.90 :: Time: 0.021(0.02292/step) :: Entropy : 0.000 :: Grads : []
Total time taken: 17.828261852264404
