Module path:  Environments.NS_Reco NS_Reco
Dynamically loaded from:  <class 'Environments.NS_Reco.NS_Reco'>
Reward Amplitudes: [4.17022005e-01 7.20324493e-01 1.14374817e-04 3.02332573e-01
 1.46755891e-01] :: Avg 0.317309867282206 
Module path:  Src.Algorithms.OFPG OFPG
Dynamically loaded from:  <class 'Src.Algorithms.OFPG.OFPG'>
=====Configurations=====
 Namespace(NN_basis_dim='32', Policy_basis_dim='32', actor_lr=0.002921886362032286, algo_name='OFPG', base=0, batch_size=1000, buffer_size=1000, debug=False, delta=1, entropy_lambda=0.005132349330550144, env_name='NS_Reco', experiment='NS_1r_', extrapolator_basis='Fourier', folder_suffix='Default', fourier_coupled=True, fourier_k=7, fourier_order=3, gamma=0.99, gauss_std=1.5, gpu=0, hyper='default', importance_clip=5.0, inc=1, log_output='term_file', max_episodes=1000, max_inner=20, max_steps=500, optim='rmsprop', oracle=-1, raw_basis=True, restore=False, save_count=100, save_model=True, seed=28, speed=1, state_lr=0.001, summary=True, swarm=False, timestamp='5|25|11:40:43')
Actions space: 5 :: State space: 1
State Low: tensor([0.]) :: State High: tensor([1.])
State features:  [('dummy_param', torch.Size([1]))]
Policy:  [('fc1.weight', torch.Size([5, 1])), ('fc1.bias', torch.Size([5]))]
0 :: Rewards -0.011 :: steps: 0.10 :: Time: 0.001(0.00986/step) :: Entropy : 0.000 :: Grads : []
10 :: Rewards -0.049 :: steps: 1.00 :: Time: 0.008(0.00844/step) :: Entropy : 0.000 :: Grads : []
20 :: Rewards -0.054 :: steps: 1.00 :: Time: 0.009(0.00855/step) :: Entropy : 0.000 :: Grads : []
30 :: Rewards -0.166 :: steps: 1.00 :: Time: 0.009(0.00875/step) :: Entropy : 0.000 :: Grads : []
40 :: Rewards -0.674 :: steps: 1.00 :: Time: 0.008(0.00835/step) :: Entropy : 0.000 :: Grads : []
50 :: Rewards -1.171 :: steps: 1.00 :: Time: 0.009(0.00859/step) :: Entropy : 0.000 :: Grads : []
60 :: Rewards -1.512 :: steps: 1.00 :: Time: 0.009(0.00868/step) :: Entropy : 0.000 :: Grads : []
70 :: Rewards -1.697 :: steps: 1.00 :: Time: 0.009(0.00869/step) :: Entropy : 0.000 :: Grads : []
80 :: Rewards -1.896 :: steps: 1.00 :: Time: 0.009(0.00879/step) :: Entropy : 0.000 :: Grads : []
90 :: Rewards -1.896 :: steps: 1.00 :: Time: 0.009(0.00889/step) :: Entropy : 0.000 :: Grads : []
100 :: Rewards -1.896 :: steps: 1.00 :: Time: 0.009(0.00878/step) :: Entropy : 0.000 :: Grads : []
110 :: Rewards -1.896 :: steps: 1.00 :: Time: 0.009(0.00909/step) :: Entropy : 0.000 :: Grads : []
120 :: Rewards -2.045 :: steps: 1.00 :: Time: 0.009(0.00944/step) :: Entropy : 0.000 :: Grads : []
130 :: Rewards -2.225 :: steps: 1.00 :: Time: 0.009(0.00934/step) :: Entropy : 0.000 :: Grads : []
140 :: Rewards -2.225 :: steps: 1.00 :: Time: 0.009(0.00933/step) :: Entropy : 0.000 :: Grads : []
150 :: Rewards -2.414 :: steps: 1.00 :: Time: 0.009(0.00923/step) :: Entropy : 0.000 :: Grads : []
160 :: Rewards -2.621 :: steps: 1.00 :: Time: 0.010(0.00952/step) :: Entropy : 0.000 :: Grads : []
170 :: Rewards -2.841 :: steps: 1.00 :: Time: 0.009(0.00948/step) :: Entropy : 0.000 :: Grads : []
180 :: Rewards -3.082 :: steps: 1.00 :: Time: 0.010(0.00955/step) :: Entropy : 0.000 :: Grads : []
190 :: Rewards -3.082 :: steps: 1.00 :: Time: 0.010(0.00969/step) :: Entropy : 0.000 :: Grads : []
200 :: Rewards -3.575 :: steps: 1.00 :: Time: 0.010(0.00970/step) :: Entropy : 0.000 :: Grads : []
210 :: Rewards -3.575 :: steps: 1.00 :: Time: 0.010(0.00992/step) :: Entropy : 0.000 :: Grads : []
220 :: Rewards -3.575 :: steps: 1.00 :: Time: 0.010(0.00984/step) :: Entropy : 0.000 :: Grads : []
230 :: Rewards -3.855 :: steps: 1.00 :: Time: 0.010(0.01005/step) :: Entropy : 0.000 :: Grads : []
240 :: Rewards -3.855 :: steps: 1.00 :: Time: 0.010(0.01001/step) :: Entropy : 0.000 :: Grads : []
250 :: Rewards -3.855 :: steps: 1.00 :: Time: 0.010(0.01007/step) :: Entropy : 0.000 :: Grads : []
260 :: Rewards -3.855 :: steps: 1.00 :: Time: 0.010(0.01031/step) :: Entropy : 0.000 :: Grads : []
270 :: Rewards -3.855 :: steps: 1.00 :: Time: 0.010(0.01050/step) :: Entropy : 0.000 :: Grads : []
280 :: Rewards -3.855 :: steps: 1.00 :: Time: 0.011(0.01141/step) :: Entropy : 0.000 :: Grads : []
290 :: Rewards -3.855 :: steps: 1.00 :: Time: 0.012(0.01224/step) :: Entropy : 0.000 :: Grads : []
300 :: Rewards -3.855 :: steps: 1.00 :: Time: 0.011(0.01079/step) :: Entropy : 0.000 :: Grads : []
310 :: Rewards -3.855 :: steps: 1.00 :: Time: 0.011(0.01104/step) :: Entropy : 0.000 :: Grads : []
320 :: Rewards -3.855 :: steps: 1.00 :: Time: 0.011(0.01104/step) :: Entropy : 0.000 :: Grads : []
330 :: Rewards -3.855 :: steps: 1.00 :: Time: 0.011(0.01113/step) :: Entropy : 0.000 :: Grads : []
340 :: Rewards -3.855 :: steps: 1.00 :: Time: 0.011(0.01127/step) :: Entropy : 0.000 :: Grads : []
350 :: Rewards -3.855 :: steps: 1.00 :: Time: 0.011(0.01134/step) :: Entropy : 0.000 :: Grads : []
360 :: Rewards -3.855 :: steps: 1.00 :: Time: 0.011(0.01123/step) :: Entropy : 0.000 :: Grads : []
370 :: Rewards -3.855 :: steps: 1.00 :: Time: 0.011(0.01135/step) :: Entropy : 0.000 :: Grads : []
380 :: Rewards -3.855 :: steps: 1.00 :: Time: 0.011(0.01146/step) :: Entropy : 0.000 :: Grads : []
390 :: Rewards -3.855 :: steps: 1.00 :: Time: 0.012(0.01152/step) :: Entropy : 0.000 :: Grads : []
400 :: Rewards -3.855 :: steps: 1.00 :: Time: 0.012(0.01156/step) :: Entropy : 0.000 :: Grads : []
410 :: Rewards -3.855 :: steps: 1.00 :: Time: 0.012(0.01194/step) :: Entropy : 0.000 :: Grads : []
420 :: Rewards -3.855 :: steps: 1.00 :: Time: 0.013(0.01270/step) :: Entropy : 0.000 :: Grads : []
430 :: Rewards -3.855 :: steps: 1.00 :: Time: 0.013(0.01270/step) :: Entropy : 0.000 :: Grads : []
440 :: Rewards -3.855 :: steps: 1.00 :: Time: 0.013(0.01294/step) :: Entropy : 0.000 :: Grads : []
450 :: Rewards -3.855 :: steps: 1.00 :: Time: 0.013(0.01311/step) :: Entropy : 0.000 :: Grads : []
460 :: Rewards -3.855 :: steps: 1.00 :: Time: 0.013(0.01325/step) :: Entropy : 0.000 :: Grads : []
470 :: Rewards -3.855 :: steps: 1.00 :: Time: 0.017(0.01681/step) :: Entropy : 0.000 :: Grads : []
480 :: Rewards -3.855 :: steps: 1.00 :: Time: 0.014(0.01353/step) :: Entropy : 0.000 :: Grads : []
490 :: Rewards -3.855 :: steps: 1.00 :: Time: 0.013(0.01346/step) :: Entropy : 0.000 :: Grads : []
500 :: Rewards -3.855 :: steps: 1.00 :: Time: 0.014(0.01374/step) :: Entropy : 0.000 :: Grads : []
510 :: Rewards -3.855 :: steps: 1.00 :: Time: 0.014(0.01368/step) :: Entropy : 0.000 :: Grads : []
520 :: Rewards -3.855 :: steps: 1.00 :: Time: 0.014(0.01408/step) :: Entropy : 0.000 :: Grads : []
530 :: Rewards -3.855 :: steps: 1.00 :: Time: 0.014(0.01412/step) :: Entropy : 0.000 :: Grads : []
540 :: Rewards -3.855 :: steps: 1.00 :: Time: 0.014(0.01416/step) :: Entropy : 0.000 :: Grads : []
550 :: Rewards -3.855 :: steps: 1.00 :: Time: 0.014(0.01416/step) :: Entropy : 0.000 :: Grads : []
560 :: Rewards -3.855 :: steps: 1.00 :: Time: 0.014(0.01421/step) :: Entropy : 0.000 :: Grads : []
570 :: Rewards -3.855 :: steps: 1.00 :: Time: 0.014(0.01422/step) :: Entropy : 0.000 :: Grads : []
580 :: Rewards -3.855 :: steps: 1.00 :: Time: 0.014(0.01435/step) :: Entropy : 0.000 :: Grads : []
590 :: Rewards -3.855 :: steps: 1.00 :: Time: 0.015(0.01460/step) :: Entropy : 0.000 :: Grads : []
600 :: Rewards -3.855 :: steps: 1.00 :: Time: 0.015(0.01466/step) :: Entropy : 0.000 :: Grads : []
610 :: Rewards -3.855 :: steps: 1.00 :: Time: 0.015(0.01473/step) :: Entropy : 0.000 :: Grads : []
620 :: Rewards -3.855 :: steps: 1.00 :: Time: 0.015(0.01462/step) :: Entropy : 0.000 :: Grads : []
630 :: Rewards -3.855 :: steps: 1.00 :: Time: 0.015(0.01467/step) :: Entropy : 0.000 :: Grads : []
640 :: Rewards -3.855 :: steps: 1.00 :: Time: 0.015(0.01487/step) :: Entropy : 0.000 :: Grads : []
650 :: Rewards -3.855 :: steps: 1.00 :: Time: 0.015(0.01475/step) :: Entropy : 0.000 :: Grads : []
660 :: Rewards -3.855 :: steps: 1.00 :: Time: 0.015(0.01494/step) :: Entropy : 0.000 :: Grads : []
670 :: Rewards -3.855 :: steps: 1.00 :: Time: 0.015(0.01513/step) :: Entropy : 0.000 :: Grads : []
680 :: Rewards -3.855 :: steps: 1.00 :: Time: 0.015(0.01508/step) :: Entropy : 0.000 :: Grads : []
690 :: Rewards -3.855 :: steps: 1.00 :: Time: 0.015(0.01537/step) :: Entropy : 0.000 :: Grads : []
700 :: Rewards -3.855 :: steps: 1.00 :: Time: 0.015(0.01514/step) :: Entropy : 0.000 :: Grads : []
710 :: Rewards -3.855 :: steps: 1.00 :: Time: 0.015(0.01533/step) :: Entropy : 0.000 :: Grads : []
720 :: Rewards -3.862 :: steps: 1.00 :: Time: 0.015(0.01533/step) :: Entropy : 0.000 :: Grads : []
730 :: Rewards -3.948 :: steps: 1.00 :: Time: 0.015(0.01547/step) :: Entropy : 0.000 :: Grads : []
740 :: Rewards -4.176 :: steps: 1.00 :: Time: 0.016(0.01568/step) :: Entropy : 0.000 :: Grads : []
750 :: Rewards -4.548 :: steps: 1.00 :: Time: 0.016(0.01587/step) :: Entropy : 0.000 :: Grads : []
760 :: Rewards -5.155 :: steps: 1.00 :: Time: 0.016(0.01599/step) :: Entropy : 0.000 :: Grads : []
770 :: Rewards -5.886 :: steps: 1.00 :: Time: 0.016(0.01598/step) :: Entropy : 0.000 :: Grads : []
780 :: Rewards -6.804 :: steps: 1.00 :: Time: 0.016(0.01625/step) :: Entropy : 0.000 :: Grads : []
790 :: Rewards -7.987 :: steps: 1.00 :: Time: 0.016(0.01629/step) :: Entropy : 0.000 :: Grads : []
800 :: Rewards -9.292 :: steps: 1.00 :: Time: 0.016(0.01640/step) :: Entropy : 0.000 :: Grads : []
810 :: Rewards -10.802 :: steps: 1.00 :: Time: 0.017(0.01658/step) :: Entropy : 0.000 :: Grads : []
820 :: Rewards -12.440 :: steps: 1.00 :: Time: 0.017(0.01654/step) :: Entropy : 0.000 :: Grads : []
830 :: Rewards -14.270 :: steps: 1.00 :: Time: 0.016(0.01648/step) :: Entropy : 0.000 :: Grads : []
840 :: Rewards -16.315 :: steps: 1.00 :: Time: 0.017(0.01667/step) :: Entropy : 0.000 :: Grads : []
850 :: Rewards -18.459 :: steps: 1.00 :: Time: 0.017(0.01661/step) :: Entropy : 0.000 :: Grads : []
860 :: Rewards -20.811 :: steps: 1.00 :: Time: 0.017(0.01674/step) :: Entropy : 0.000 :: Grads : []
870 :: Rewards -23.335 :: steps: 1.00 :: Time: 0.017(0.01673/step) :: Entropy : 0.000 :: Grads : []
880 :: Rewards -26.038 :: steps: 1.00 :: Time: 0.017(0.01673/step) :: Entropy : 0.000 :: Grads : []
890 :: Rewards -28.904 :: steps: 1.00 :: Time: 0.017(0.01686/step) :: Entropy : 0.000 :: Grads : []
900 :: Rewards -31.958 :: steps: 1.00 :: Time: 0.017(0.01675/step) :: Entropy : 0.000 :: Grads : []
910 :: Rewards -35.182 :: steps: 1.00 :: Time: 0.017(0.01697/step) :: Entropy : 0.000 :: Grads : []
920 :: Rewards -38.611 :: steps: 1.00 :: Time: 0.017(0.01712/step) :: Entropy : 0.000 :: Grads : []
930 :: Rewards -42.169 :: steps: 1.00 :: Time: 0.017(0.01718/step) :: Entropy : 0.000 :: Grads : []
940 :: Rewards -45.911 :: steps: 1.00 :: Time: 0.022(0.02175/step) :: Entropy : 0.000 :: Grads : []
950 :: Rewards -49.793 :: steps: 1.00 :: Time: 0.017(0.01731/step) :: Entropy : 0.000 :: Grads : []
960 :: Rewards -53.873 :: steps: 1.00 :: Time: 0.017(0.01747/step) :: Entropy : 0.000 :: Grads : []
970 :: Rewards -58.018 :: steps: 1.00 :: Time: 0.017(0.01718/step) :: Entropy : 0.000 :: Grads : []
980 :: Rewards -62.370 :: steps: 1.00 :: Time: 0.018(0.01758/step) :: Entropy : 0.000 :: Grads : []
990 :: Rewards -66.794 :: steps: 1.00 :: Time: 0.018(0.01762/step) :: Entropy : 0.000 :: Grads : []
999 :: Rewards -70.863 :: steps: 0.90 :: Time: 0.016(0.01755/step) :: Entropy : 0.000 :: Grads : []
Total time taken: 13.344794034957886
