Module path:  Src.Algorithms.ProWLS ProWLS
Dynamically loaded from:  <class 'Src.Algorithms.ProWLS.ProWLS'>
=====Configurations=====
 Namespace(NN_basis_dim='32', Policy_basis_dim='32', actor_lr=0.009011684354587917, algo_name='ProWLS', base=0, batch_size=1000, buffer_size=1000, debug=False, delta=1, entropy_lambda=0.1, env_name='NS_SimGlucose-v0', experiment='NS_1_', extrapolator_basis='Fourier', folder_suffix='Default', fourier_coupled=True, fourier_k=4, fourier_order=3, gamma=0.99, gauss_std=1.04377, gpu=0, hyper='default', importance_clip=5.0, inc=1, log_output='term_file', max_episodes=1000, max_inner=30, max_steps=500, optim='rmsprop', oracle=-1, raw_basis=True, restore=False, save_count=100, save_model=True, seed=1, speed=1, state_lr=0.001, summary=True, swarm=False, timestamp='5|27|18:5:1')
Actions space: 2 :: State space: 1
State Low: tensor([0.]) :: State High: tensor([1.])
State features:  [('dummy_param', torch.Size([1]))]
Action Low: [3. 5.] :: Action High: [30. 50.]
Policy:  [('fc_mean.weight', torch.Size([2, 1])), ('fc_mean.bias', torch.Size([2]))]
0 :: Rewards 0.522 :: steps: 0.10 :: Time: 0.267(2.66902/step) :: Entropy : 0.000 :: Grads : []
10 :: Rewards 45.636 :: steps: 1.00 :: Time: 2.700(2.70013/step) :: Entropy : 0.000 :: Grads : []
20 :: Rewards 84.792 :: steps: 1.00 :: Time: 2.667(2.66696/step) :: Entropy : 0.000 :: Grads : []
30 :: Rewards 148.886 :: steps: 1.00 :: Time: 2.725(2.72549/step) :: Entropy : 0.000 :: Grads : []
40 :: Rewards 233.672 :: steps: 1.00 :: Time: 2.714(2.71435/step) :: Entropy : 0.000 :: Grads : []
50 :: Rewards 243.040 :: steps: 1.00 :: Time: 2.734(2.73411/step) :: Entropy : 0.000 :: Grads : []
60 :: Rewards 296.721 :: steps: 1.00 :: Time: 2.712(2.71161/step) :: Entropy : 0.000 :: Grads : []
70 :: Rewards 345.174 :: steps: 1.00 :: Time: 2.726(2.72637/step) :: Entropy : 0.000 :: Grads : []
80 :: Rewards 419.214 :: steps: 1.00 :: Time: 2.735(2.73529/step) :: Entropy : 0.000 :: Grads : []
90 :: Rewards 499.436 :: steps: 1.00 :: Time: 2.708(2.70842/step) :: Entropy : 0.000 :: Grads : []
100 :: Rewards 558.354 :: steps: 1.00 :: Time: 2.705(2.70497/step) :: Entropy : 0.000 :: Grads : []
110 :: Rewards 661.438 :: steps: 1.00 :: Time: 2.681(2.68150/step) :: Entropy : 0.000 :: Grads : []
120 :: Rewards 765.935 :: steps: 1.00 :: Time: 2.712(2.71174/step) :: Entropy : 0.000 :: Grads : []
Runtime Error:  inverse_cpu: The diagonal element 2 is zero, the inversion could not be completed because the input matrix is singular.
130 :: Rewards 782.374 :: steps: 1.00 :: Time: 2.725(2.72549/step) :: Entropy : 0.000 :: Grads : []
140 :: Rewards 839.835 :: steps: 1.00 :: Time: 2.734(2.73379/step) :: Entropy : 0.000 :: Grads : []
150 :: Rewards 896.394 :: steps: 1.00 :: Time: 2.678(2.67787/step) :: Entropy : 0.000 :: Grads : []
160 :: Rewards 940.876 :: steps: 1.00 :: Time: 2.719(2.71882/step) :: Entropy : 0.000 :: Grads : []
170 :: Rewards 1076.519 :: steps: 1.00 :: Time: 2.662(2.66181/step) :: Entropy : 0.000 :: Grads : []
180 :: Rewards 1190.997 :: steps: 1.00 :: Time: 2.673(2.67275/step) :: Entropy : 0.000 :: Grads : []
190 :: Rewards 1342.582 :: steps: 1.00 :: Time: 2.718(2.71783/step) :: Entropy : 0.000 :: Grads : []
200 :: Rewards 1504.321 :: steps: 1.00 :: Time: 2.669(2.66883/step) :: Entropy : 0.000 :: Grads : []
210 :: Rewards 1651.847 :: steps: 1.00 :: Time: 2.645(2.64513/step) :: Entropy : 0.000 :: Grads : []
220 :: Rewards 1767.789 :: steps: 1.00 :: Time: 2.672(2.67229/step) :: Entropy : 0.000 :: Grads : []
230 :: Rewards 1927.147 :: steps: 1.00 :: Time: 2.657(2.65701/step) :: Entropy : 0.000 :: Grads : []
240 :: Rewards 2066.866 :: steps: 1.00 :: Time: 2.644(2.64444/step) :: Entropy : 0.000 :: Grads : []
250 :: Rewards 2238.711 :: steps: 1.00 :: Time: 2.656(2.65606/step) :: Entropy : 0.000 :: Grads : []
260 :: Rewards 2378.445 :: steps: 1.00 :: Time: 2.651(2.65084/step) :: Entropy : 0.000 :: Grads : []
270 :: Rewards 2579.483 :: steps: 1.00 :: Time: 2.664(2.66366/step) :: Entropy : 0.000 :: Grads : []
280 :: Rewards 2744.612 :: steps: 1.00 :: Time: 2.667(2.66663/step) :: Entropy : 0.000 :: Grads : []
290 :: Rewards 2932.154 :: steps: 1.00 :: Time: 2.663(2.66268/step) :: Entropy : 0.000 :: Grads : []
300 :: Rewards 3116.168 :: steps: 1.00 :: Time: 2.654(2.65350/step) :: Entropy : 0.000 :: Grads : []
310 :: Rewards 3335.875 :: steps: 1.00 :: Time: 2.669(2.66913/step) :: Entropy : 0.000 :: Grads : []
320 :: Rewards 3522.232 :: steps: 1.00 :: Time: 2.699(2.69882/step) :: Entropy : 0.000 :: Grads : []
330 :: Rewards 3735.745 :: steps: 1.00 :: Time: 2.706(2.70552/step) :: Entropy : 0.000 :: Grads : []
340 :: Rewards 3952.841 :: steps: 1.00 :: Time: 2.683(2.68322/step) :: Entropy : 0.000 :: Grads : []
350 :: Rewards 4173.045 :: steps: 1.00 :: Time: 2.696(2.69608/step) :: Entropy : 0.000 :: Grads : []
360 :: Rewards 4403.299 :: steps: 1.00 :: Time: 2.694(2.69370/step) :: Entropy : 0.000 :: Grads : []
370 :: Rewards 4629.307 :: steps: 1.00 :: Time: 2.673(2.67340/step) :: Entropy : 0.000 :: Grads : []
380 :: Rewards 4885.543 :: steps: 1.00 :: Time: 2.669(2.66893/step) :: Entropy : 0.000 :: Grads : []
390 :: Rewards 5140.814 :: steps: 1.00 :: Time: 2.653(2.65325/step) :: Entropy : 0.000 :: Grads : []
400 :: Rewards 5339.877 :: steps: 1.00 :: Time: 2.730(2.73027/step) :: Entropy : 0.000 :: Grads : []
410 :: Rewards 5612.720 :: steps: 1.00 :: Time: 2.672(2.67175/step) :: Entropy : 0.000 :: Grads : []
420 :: Rewards 5870.945 :: steps: 1.00 :: Time: 2.723(2.72343/step) :: Entropy : 0.000 :: Grads : []
430 :: Rewards 6128.164 :: steps: 1.00 :: Time: 2.694(2.69440/step) :: Entropy : 0.000 :: Grads : []
440 :: Rewards 6372.698 :: steps: 1.00 :: Time: 2.710(2.71000/step) :: Entropy : 0.000 :: Grads : []
450 :: Rewards 6649.218 :: steps: 1.00 :: Time: 2.675(2.67466/step) :: Entropy : 0.000 :: Grads : []
460 :: Rewards 6929.374 :: steps: 1.00 :: Time: 2.722(2.72216/step) :: Entropy : 0.000 :: Grads : []
470 :: Rewards 7204.669 :: steps: 1.00 :: Time: 2.707(2.70696/step) :: Entropy : 0.000 :: Grads : []
480 :: Rewards 7455.238 :: steps: 1.00 :: Time: 2.710(2.71001/step) :: Entropy : 0.000 :: Grads : []
490 :: Rewards 7691.507 :: steps: 1.00 :: Time: 2.719(2.71938/step) :: Entropy : 0.000 :: Grads : []
500 :: Rewards 7923.564 :: steps: 1.00 :: Time: 2.720(2.71960/step) :: Entropy : 0.000 :: Grads : []
510 :: Rewards 8186.437 :: steps: 1.00 :: Time: 2.710(2.70989/step) :: Entropy : 0.000 :: Grads : []
520 :: Rewards 8426.779 :: steps: 1.00 :: Time: 2.681(2.68128/step) :: Entropy : 0.000 :: Grads : []
530 :: Rewards 8664.394 :: steps: 1.00 :: Time: 2.786(2.78597/step) :: Entropy : 0.000 :: Grads : []
540 :: Rewards 8915.982 :: steps: 1.00 :: Time: 2.720(2.71958/step) :: Entropy : 0.000 :: Grads : []
550 :: Rewards 9186.916 :: steps: 1.00 :: Time: 2.796(2.79642/step) :: Entropy : 0.000 :: Grads : []
560 :: Rewards 9439.596 :: steps: 1.00 :: Time: 71.474(71.47371/step) :: Entropy : 0.000 :: Grads : []
570 :: Rewards 9714.381 :: steps: 1.00 :: Time: 2.657(2.65739/step) :: Entropy : 0.000 :: Grads : []
580 :: Rewards 9999.713 :: steps: 1.00 :: Time: 2.650(2.65010/step) :: Entropy : 0.000 :: Grads : []
590 :: Rewards 10254.769 :: steps: 1.00 :: Time: 4.057(4.05654/step) :: Entropy : 0.000 :: Grads : []
600 :: Rewards 10516.764 :: steps: 1.00 :: Time: 134.479(134.47937/step) :: Entropy : 0.000 :: Grads : []
610 :: Rewards 10795.328 :: steps: 1.00 :: Time: 310.109(310.10940/step) :: Entropy : 0.000 :: Grads : []
620 :: Rewards 11034.594 :: steps: 1.00 :: Time: 337.421(337.42074/step) :: Entropy : 0.000 :: Grads : []
630 :: Rewards 11297.753 :: steps: 1.00 :: Time: 492.735(492.73478/step) :: Entropy : 0.000 :: Grads : []
640 :: Rewards 11563.156 :: steps: 1.00 :: Time: 359.155(359.15484/step) :: Entropy : 0.000 :: Grads : []
650 :: Rewards 11818.231 :: steps: 1.00 :: Time: 494.957(494.95669/step) :: Entropy : 0.000 :: Grads : []
660 :: Rewards 12090.350 :: steps: 1.00 :: Time: 406.626(406.62562/step) :: Entropy : 0.000 :: Grads : []
670 :: Rewards 12319.650 :: steps: 1.00 :: Time: 493.064(493.06436/step) :: Entropy : 0.000 :: Grads : []
680 :: Rewards 12580.418 :: steps: 1.00 :: Time: 522.135(522.13522/step) :: Entropy : 0.000 :: Grads : []
690 :: Rewards 12853.426 :: steps: 1.00 :: Time: 495.449(495.44854/step) :: Entropy : 0.000 :: Grads : []
700 :: Rewards 13117.635 :: steps: 1.00 :: Time: 397.919(397.91862/step) :: Entropy : 0.000 :: Grads : []
710 :: Rewards 13360.905 :: steps: 1.00 :: Time: 478.950(478.94998/step) :: Entropy : 0.000 :: Grads : []
720 :: Rewards 13625.231 :: steps: 1.00 :: Time: 487.134(487.13435/step) :: Entropy : 0.000 :: Grads : []
730 :: Rewards 13889.917 :: steps: 1.00 :: Time: 308.984(308.98384/step) :: Entropy : 0.000 :: Grads : []
740 :: Rewards 14147.377 :: steps: 1.00 :: Time: 507.215(507.21536/step) :: Entropy : 0.000 :: Grads : []
750 :: Rewards 14403.732 :: steps: 1.00 :: Time: 346.187(346.18676/step) :: Entropy : 0.000 :: Grads : []
760 :: Rewards 14658.816 :: steps: 1.00 :: Time: 494.641(494.64082/step) :: Entropy : 0.000 :: Grads : []
770 :: Rewards 14909.534 :: steps: 1.00 :: Time: 80.973(80.97334/step) :: Entropy : 0.000 :: Grads : []
780 :: Rewards 15155.044 :: steps: 1.00 :: Time: 2.725(2.72482/step) :: Entropy : 0.000 :: Grads : []
790 :: Rewards 15393.186 :: steps: 1.00 :: Time: 2.721(2.72060/step) :: Entropy : 0.000 :: Grads : []
800 :: Rewards 15629.965 :: steps: 1.00 :: Time: 2.800(2.79976/step) :: Entropy : 0.000 :: Grads : []
810 :: Rewards 15882.565 :: steps: 1.00 :: Time: 2.832(2.83192/step) :: Entropy : 0.000 :: Grads : []
820 :: Rewards 16116.490 :: steps: 1.00 :: Time: 98.913(98.91269/step) :: Entropy : 0.000 :: Grads : []
830 :: Rewards 16351.465 :: steps: 1.00 :: Time: 388.060(388.05989/step) :: Entropy : 0.000 :: Grads : []
840 :: Rewards 16592.600 :: steps: 1.00 :: Time: 491.256(491.25597/step) :: Entropy : 0.000 :: Grads : []
850 :: Rewards 16817.127 :: steps: 1.00 :: Time: 490.458(490.45822/step) :: Entropy : 0.000 :: Grads : []
860 :: Rewards 17051.505 :: steps: 1.00 :: Time: 396.808(396.80827/step) :: Entropy : 0.000 :: Grads : []
870 :: Rewards 17245.220 :: steps: 1.00 :: Time: 529.470(529.47005/step) :: Entropy : 0.000 :: Grads : []
880 :: Rewards 17471.411 :: steps: 1.00 :: Time: 479.042(479.04165/step) :: Entropy : 0.000 :: Grads : []
890 :: Rewards 17673.212 :: steps: 1.00 :: Time: 309.983(309.98350/step) :: Entropy : 0.000 :: Grads : []
900 :: Rewards 17893.018 :: steps: 1.00 :: Time: 491.826(491.82626/step) :: Entropy : 0.000 :: Grads : []
910 :: Rewards 18114.352 :: steps: 1.00 :: Time: 381.938(381.93841/step) :: Entropy : 0.000 :: Grads : []
920 :: Rewards 18302.418 :: steps: 1.00 :: Time: 503.974(503.97363/step) :: Entropy : 0.000 :: Grads : []
930 :: Rewards 18501.923 :: steps: 1.00 :: Time: 481.788(481.78795/step) :: Entropy : 0.000 :: Grads : []
940 :: Rewards 18675.768 :: steps: 1.00 :: Time: 502.903(502.90291/step) :: Entropy : 0.000 :: Grads : []
950 :: Rewards 18834.971 :: steps: 1.00 :: Time: 504.488(504.48796/step) :: Entropy : 0.000 :: Grads : []
960 :: Rewards 19019.506 :: steps: 1.00 :: Time: 407.642(407.64205/step) :: Entropy : 0.000 :: Grads : []
970 :: Rewards 19197.166 :: steps: 1.00 :: Time: 474.325(474.32534/step) :: Entropy : 0.000 :: Grads : []
980 :: Rewards 19378.904 :: steps: 1.00 :: Time: 500.895(500.89533/step) :: Entropy : 0.000 :: Grads : []
990 :: Rewards 19548.000 :: steps: 1.00 :: Time: 392.665(392.66540/step) :: Entropy : 0.000 :: Grads : []
999 :: Rewards 19715.155 :: steps: 0.90 :: Time: 506.218(562.46453/step) :: Entropy : 0.000 :: Grads : []
Total time taken: 157213.13005018234
