Module path:  Environments.NS_Reco NS_Reco
Dynamically loaded from:  <class 'Environments.NS_Reco.NS_Reco'>
Reward Amplitudes: [4.17022005e-01 7.20324493e-01 1.14374817e-04 3.02332573e-01
 1.46755891e-01] :: Avg 0.317309867282206 
Module path:  Src.Algorithms.ProOLS ProOLS
Dynamically loaded from:  <class 'Src.Algorithms.ProOLS.ProOLS'>
=====Configurations=====
 Namespace(NN_basis_dim='32', Policy_basis_dim='32', actor_lr=0.002855902814944507, algo_name='ProOLS', base=0, batch_size=1000, buffer_size=1000, debug=False, delta=1, entropy_lambda=0.053752942888962034, env_name='NS_Reco', experiment='NS_2r_', extrapolator_basis='Fourier', folder_suffix='Default', fourier_coupled=True, fourier_k=7, fourier_order=3, gamma=0.99, gauss_std=1.5, gpu=0, hyper='default', importance_clip=5.0, inc=1, log_output='term_file', max_episodes=1000, max_inner=30, max_steps=500, optim='rmsprop', oracle=-1, raw_basis=True, restore=False, save_count=100, save_model=True, seed=28, speed=2, state_lr=0.001, summary=True, swarm=False, timestamp='5|25|11:23:32')
Actions space: 5 :: State space: 1
State Low: tensor([0.]) :: State High: tensor([1.])
State features:  [('dummy_param', torch.Size([1]))]
Policy:  [('fc1.weight', torch.Size([5, 1])), ('fc1.bias', torch.Size([5]))]
0 :: Rewards -0.011 :: steps: 0.10 :: Time: 0.000(0.00054/step) :: Entropy : 0.000 :: Grads : []
10 :: Rewards -0.152 :: steps: 1.00 :: Time: 0.006(0.00556/step) :: Entropy : 0.000 :: Grads : []
20 :: Rewards -0.685 :: steps: 1.00 :: Time: 0.013(0.01305/step) :: Entropy : 0.000 :: Grads : []
30 :: Rewards -1.120 :: steps: 1.00 :: Time: 0.013(0.01301/step) :: Entropy : 0.000 :: Grads : []
40 :: Rewards -2.038 :: steps: 1.00 :: Time: 0.013(0.01273/step) :: Entropy : 0.000 :: Grads : []
50 :: Rewards -2.853 :: steps: 1.00 :: Time: 0.013(0.01306/step) :: Entropy : 0.000 :: Grads : []
60 :: Rewards -3.698 :: steps: 1.00 :: Time: 0.013(0.01272/step) :: Entropy : 0.000 :: Grads : []
70 :: Rewards -3.917 :: steps: 1.00 :: Time: 0.013(0.01289/step) :: Entropy : 0.000 :: Grads : []
80 :: Rewards -3.917 :: steps: 1.00 :: Time: 0.016(0.01584/step) :: Entropy : 0.000 :: Grads : []
90 :: Rewards -3.917 :: steps: 1.00 :: Time: 0.014(0.01391/step) :: Entropy : 0.000 :: Grads : []
100 :: Rewards -3.917 :: steps: 1.00 :: Time: 0.014(0.01361/step) :: Entropy : 0.000 :: Grads : []
110 :: Rewards -3.917 :: steps: 1.00 :: Time: 0.013(0.01329/step) :: Entropy : 0.000 :: Grads : []
120 :: Rewards -3.917 :: steps: 1.00 :: Time: 0.013(0.01339/step) :: Entropy : 0.000 :: Grads : []
130 :: Rewards -3.917 :: steps: 1.00 :: Time: 0.013(0.01350/step) :: Entropy : 0.000 :: Grads : []
140 :: Rewards -3.917 :: steps: 1.00 :: Time: 0.014(0.01420/step) :: Entropy : 0.000 :: Grads : []
150 :: Rewards -3.917 :: steps: 1.00 :: Time: 0.014(0.01418/step) :: Entropy : 0.000 :: Grads : []
160 :: Rewards -3.917 :: steps: 1.00 :: Time: 0.016(0.01580/step) :: Entropy : 0.000 :: Grads : []
170 :: Rewards -3.917 :: steps: 1.00 :: Time: 0.016(0.01562/step) :: Entropy : 0.000 :: Grads : []
180 :: Rewards -3.917 :: steps: 1.00 :: Time: 0.014(0.01446/step) :: Entropy : 0.000 :: Grads : []
190 :: Rewards -3.917 :: steps: 1.00 :: Time: 0.014(0.01441/step) :: Entropy : 0.000 :: Grads : []
200 :: Rewards -3.917 :: steps: 1.00 :: Time: 0.014(0.01437/step) :: Entropy : 0.000 :: Grads : []
210 :: Rewards -3.917 :: steps: 1.00 :: Time: 0.014(0.01446/step) :: Entropy : 0.000 :: Grads : []
220 :: Rewards -3.917 :: steps: 1.00 :: Time: 0.015(0.01453/step) :: Entropy : 0.000 :: Grads : []
230 :: Rewards -3.917 :: steps: 1.00 :: Time: 0.015(0.01475/step) :: Entropy : 0.000 :: Grads : []
240 :: Rewards -3.917 :: steps: 1.00 :: Time: 0.015(0.01466/step) :: Entropy : 0.000 :: Grads : []
250 :: Rewards -3.917 :: steps: 1.00 :: Time: 0.015(0.01508/step) :: Entropy : 0.000 :: Grads : []
260 :: Rewards -3.917 :: steps: 1.00 :: Time: 0.015(0.01514/step) :: Entropy : 0.000 :: Grads : []
270 :: Rewards -3.917 :: steps: 1.00 :: Time: 0.015(0.01523/step) :: Entropy : 0.000 :: Grads : []
280 :: Rewards -3.917 :: steps: 1.00 :: Time: 0.015(0.01530/step) :: Entropy : 0.000 :: Grads : []
290 :: Rewards -3.917 :: steps: 1.00 :: Time: 0.015(0.01532/step) :: Entropy : 0.000 :: Grads : []
300 :: Rewards -3.917 :: steps: 1.00 :: Time: 0.015(0.01531/step) :: Entropy : 0.000 :: Grads : []
310 :: Rewards -3.917 :: steps: 1.00 :: Time: 0.016(0.01582/step) :: Entropy : 0.000 :: Grads : []
320 :: Rewards -3.917 :: steps: 1.00 :: Time: 0.016(0.01609/step) :: Entropy : 0.000 :: Grads : []
330 :: Rewards -3.917 :: steps: 1.00 :: Time: 0.016(0.01625/step) :: Entropy : 0.000 :: Grads : []
340 :: Rewards -3.917 :: steps: 1.00 :: Time: 0.016(0.01607/step) :: Entropy : 0.000 :: Grads : []
350 :: Rewards -3.917 :: steps: 1.00 :: Time: 0.016(0.01608/step) :: Entropy : 0.000 :: Grads : []
360 :: Rewards -3.926 :: steps: 1.00 :: Time: 0.017(0.01651/step) :: Entropy : 0.000 :: Grads : []
370 :: Rewards -4.063 :: steps: 1.00 :: Time: 0.018(0.01811/step) :: Entropy : 0.000 :: Grads : []
380 :: Rewards -4.541 :: steps: 1.00 :: Time: 0.017(0.01697/step) :: Entropy : 0.000 :: Grads : []
390 :: Rewards -5.444 :: steps: 1.00 :: Time: 0.017(0.01742/step) :: Entropy : 0.000 :: Grads : []
400 :: Rewards -6.908 :: steps: 1.00 :: Time: 0.017(0.01714/step) :: Entropy : 0.000 :: Grads : []
410 :: Rewards -8.543 :: steps: 1.00 :: Time: 0.018(0.01763/step) :: Entropy : 0.000 :: Grads : []
420 :: Rewards -10.117 :: steps: 1.00 :: Time: 0.018(0.01774/step) :: Entropy : 0.000 :: Grads : []
430 :: Rewards -11.023 :: steps: 1.00 :: Time: 0.018(0.01797/step) :: Entropy : 0.000 :: Grads : []
440 :: Rewards -11.468 :: steps: 1.00 :: Time: 0.022(0.02179/step) :: Entropy : 0.000 :: Grads : []
450 :: Rewards -11.779 :: steps: 1.00 :: Time: 0.019(0.01900/step) :: Entropy : 0.000 :: Grads : []
460 :: Rewards -11.779 :: steps: 1.00 :: Time: 0.018(0.01802/step) :: Entropy : 0.000 :: Grads : []
470 :: Rewards -11.779 :: steps: 1.00 :: Time: 0.018(0.01803/step) :: Entropy : 0.000 :: Grads : []
480 :: Rewards -11.779 :: steps: 1.00 :: Time: 0.018(0.01801/step) :: Entropy : 0.000 :: Grads : []
490 :: Rewards -11.779 :: steps: 1.00 :: Time: 0.018(0.01815/step) :: Entropy : 0.000 :: Grads : []
500 :: Rewards -11.779 :: steps: 1.00 :: Time: 0.018(0.01826/step) :: Entropy : 0.000 :: Grads : []
510 :: Rewards -11.779 :: steps: 1.00 :: Time: 0.018(0.01826/step) :: Entropy : 0.000 :: Grads : []
520 :: Rewards -11.792 :: steps: 1.00 :: Time: 0.019(0.01892/step) :: Entropy : 0.000 :: Grads : []
530 :: Rewards -11.840 :: steps: 1.00 :: Time: 0.019(0.01926/step) :: Entropy : 0.000 :: Grads : []
540 :: Rewards -12.047 :: steps: 1.00 :: Time: 0.019(0.01909/step) :: Entropy : 0.000 :: Grads : []
550 :: Rewards -13.448 :: steps: 1.00 :: Time: 0.019(0.01931/step) :: Entropy : 0.000 :: Grads : []
560 :: Rewards -13.996 :: steps: 1.00 :: Time: 0.019(0.01892/step) :: Entropy : 0.000 :: Grads : []
570 :: Rewards -14.237 :: steps: 1.00 :: Time: 0.019(0.01933/step) :: Entropy : 0.000 :: Grads : []
580 :: Rewards -15.224 :: steps: 1.00 :: Time: 0.019(0.01894/step) :: Entropy : 0.000 :: Grads : []
590 :: Rewards -15.529 :: steps: 1.00 :: Time: 0.020(0.01955/step) :: Entropy : 0.000 :: Grads : []
600 :: Rewards -15.730 :: steps: 1.00 :: Time: 0.021(0.02083/step) :: Entropy : 0.000 :: Grads : []
610 :: Rewards -15.813 :: steps: 1.00 :: Time: 0.020(0.01992/step) :: Entropy : 0.000 :: Grads : []
620 :: Rewards -16.100 :: steps: 1.00 :: Time: 0.020(0.01979/step) :: Entropy : 0.000 :: Grads : []
630 :: Rewards -16.815 :: steps: 1.00 :: Time: 0.021(0.02069/step) :: Entropy : 0.000 :: Grads : []
640 :: Rewards -16.870 :: steps: 1.00 :: Time: 0.021(0.02112/step) :: Entropy : 0.000 :: Grads : []
650 :: Rewards -16.987 :: steps: 1.00 :: Time: 0.021(0.02065/step) :: Entropy : 0.000 :: Grads : []
660 :: Rewards -17.186 :: steps: 1.00 :: Time: 0.021(0.02107/step) :: Entropy : 0.000 :: Grads : []
670 :: Rewards -17.856 :: steps: 1.00 :: Time: 0.021(0.02116/step) :: Entropy : 0.000 :: Grads : []
680 :: Rewards -18.542 :: steps: 1.00 :: Time: 0.021(0.02146/step) :: Entropy : 0.000 :: Grads : []
690 :: Rewards -19.016 :: steps: 1.00 :: Time: 0.022(0.02215/step) :: Entropy : 0.000 :: Grads : []
700 :: Rewards -22.100 :: steps: 1.00 :: Time: 0.022(0.02170/step) :: Entropy : 0.000 :: Grads : []
710 :: Rewards -22.892 :: steps: 1.00 :: Time: 0.022(0.02190/step) :: Entropy : 0.000 :: Grads : []
720 :: Rewards -23.620 :: steps: 1.00 :: Time: 0.022(0.02182/step) :: Entropy : 0.000 :: Grads : []
730 :: Rewards -24.531 :: steps: 1.00 :: Time: 0.022(0.02198/step) :: Entropy : 0.000 :: Grads : []
740 :: Rewards -24.568 :: steps: 1.00 :: Time: 0.022(0.02216/step) :: Entropy : 0.000 :: Grads : []
750 :: Rewards -24.947 :: steps: 1.00 :: Time: 0.022(0.02226/step) :: Entropy : 0.000 :: Grads : []
760 :: Rewards -24.959 :: steps: 1.00 :: Time: 0.022(0.02241/step) :: Entropy : 0.000 :: Grads : []
770 :: Rewards -25.077 :: steps: 1.00 :: Time: 0.022(0.02245/step) :: Entropy : 0.000 :: Grads : []
780 :: Rewards -25.123 :: steps: 1.00 :: Time: 0.023(0.02269/step) :: Entropy : 0.000 :: Grads : []
790 :: Rewards -25.688 :: steps: 1.00 :: Time: 0.023(0.02288/step) :: Entropy : 0.000 :: Grads : []
800 :: Rewards -25.726 :: steps: 1.00 :: Time: 0.023(0.02297/step) :: Entropy : 0.000 :: Grads : []
810 :: Rewards -25.879 :: steps: 1.00 :: Time: 0.023(0.02346/step) :: Entropy : 0.000 :: Grads : []
820 :: Rewards -26.058 :: steps: 1.00 :: Time: 0.024(0.02446/step) :: Entropy : 0.000 :: Grads : []
830 :: Rewards -27.381 :: steps: 1.00 :: Time: 0.023(0.02343/step) :: Entropy : 0.000 :: Grads : []
840 :: Rewards -28.149 :: steps: 1.00 :: Time: 0.024(0.02370/step) :: Entropy : 0.000 :: Grads : []
850 :: Rewards -28.925 :: steps: 1.00 :: Time: 0.024(0.02374/step) :: Entropy : 0.000 :: Grads : []
860 :: Rewards -30.514 :: steps: 1.00 :: Time: 0.024(0.02385/step) :: Entropy : 0.000 :: Grads : []
870 :: Rewards -32.208 :: steps: 1.00 :: Time: 0.024(0.02416/step) :: Entropy : 0.000 :: Grads : []
880 :: Rewards -33.281 :: steps: 1.00 :: Time: 0.024(0.02434/step) :: Entropy : 0.000 :: Grads : []
890 :: Rewards -33.668 :: steps: 1.00 :: Time: 0.024(0.02440/step) :: Entropy : 0.000 :: Grads : []
900 :: Rewards -34.604 :: steps: 1.00 :: Time: 0.024(0.02448/step) :: Entropy : 0.000 :: Grads : []
910 :: Rewards -37.042 :: steps: 1.00 :: Time: 0.024(0.02443/step) :: Entropy : 0.000 :: Grads : []
920 :: Rewards -39.389 :: steps: 1.00 :: Time: 0.025(0.02481/step) :: Entropy : 0.000 :: Grads : []
930 :: Rewards -41.949 :: steps: 1.00 :: Time: 0.026(0.02565/step) :: Entropy : 0.000 :: Grads : []
940 :: Rewards -44.890 :: steps: 1.00 :: Time: 0.025(0.02497/step) :: Entropy : 0.000 :: Grads : []
950 :: Rewards -48.849 :: steps: 1.00 :: Time: 0.026(0.02562/step) :: Entropy : 0.000 :: Grads : []
960 :: Rewards -53.514 :: steps: 1.00 :: Time: 0.025(0.02542/step) :: Entropy : 0.000 :: Grads : []
970 :: Rewards -58.464 :: steps: 1.00 :: Time: 0.026(0.02569/step) :: Entropy : 0.000 :: Grads : []
980 :: Rewards -63.090 :: steps: 1.00 :: Time: 0.026(0.02571/step) :: Entropy : 0.000 :: Grads : []
990 :: Rewards -68.733 :: steps: 1.00 :: Time: 0.026(0.02640/step) :: Entropy : 0.000 :: Grads : []
999 :: Rewards -73.631 :: steps: 0.90 :: Time: 0.024(0.02651/step) :: Entropy : 0.000 :: Grads : []
Total time taken: 18.962980270385742
