Module path:  Environments.NS_Reco NS_Reco
Dynamically loaded from:  <class 'Environments.NS_Reco.NS_Reco'>
Reward Amplitudes: [4.17022005e-01 7.20324493e-01 1.14374817e-04 3.02332573e-01
 1.46755891e-01] :: Avg 0.317309867282206 
Module path:  Src.Algorithms.ProOLS ProOLS
Dynamically loaded from:  <class 'Src.Algorithms.ProOLS.ProOLS'>
=====Configurations=====
 Namespace(NN_basis_dim='32', Policy_basis_dim='32', actor_lr=0.0013967975033711264, algo_name='ProOLS', base=0, batch_size=1000, buffer_size=1000, debug=False, delta=1, entropy_lambda=0.009309067356364342, env_name='NS_Reco', experiment='NS_0_', extrapolator_basis='Fourier', folder_suffix='Default', fourier_coupled=True, fourier_k=5, fourier_order=3, gamma=0.99, gauss_std=1.5, gpu=0, hyper='default', importance_clip=15.0, inc=1, log_output='term_file', max_episodes=1000, max_inner=30, max_steps=500, optim='rmsprop', oracle=-1, raw_basis=True, restore=False, save_count=100, save_model=True, seed=2, speed=0, state_lr=0.001, summary=True, swarm=False, timestamp='5|24|20:1:22')
Actions space: 5 :: State space: 1
State Low: tensor([0.]) :: State High: tensor([1.])
State features:  [('dummy_param', torch.Size([1]))]
Policy:  [('fc1.weight', torch.Size([5, 1])), ('fc1.bias', torch.Size([5]))]
0 :: Rewards -0.012 :: steps: 0.10 :: Time: 0.000(0.00053/step) :: Entropy : 0.000 :: Grads : []
10 :: Rewards 3.260 :: steps: 1.00 :: Time: 0.008(0.00792/step) :: Entropy : 0.000 :: Grads : []
20 :: Rewards 5.875 :: steps: 1.00 :: Time: 0.013(0.01286/step) :: Entropy : 0.000 :: Grads : []
30 :: Rewards 9.899 :: steps: 1.00 :: Time: 0.013(0.01314/step) :: Entropy : 0.000 :: Grads : []
40 :: Rewards 12.037 :: steps: 1.00 :: Time: 0.013(0.01271/step) :: Entropy : 0.000 :: Grads : []
50 :: Rewards 16.274 :: steps: 1.00 :: Time: 0.013(0.01274/step) :: Entropy : 0.000 :: Grads : []
60 :: Rewards 20.054 :: steps: 1.00 :: Time: 0.013(0.01327/step) :: Entropy : 0.000 :: Grads : []
70 :: Rewards 26.845 :: steps: 1.00 :: Time: 0.013(0.01272/step) :: Entropy : 0.000 :: Grads : []
80 :: Rewards 34.053 :: steps: 1.00 :: Time: 0.013(0.01283/step) :: Entropy : 0.000 :: Grads : []
90 :: Rewards 40.869 :: steps: 1.00 :: Time: 0.013(0.01304/step) :: Entropy : 0.000 :: Grads : []
100 :: Rewards 47.670 :: steps: 1.00 :: Time: 0.013(0.01282/step) :: Entropy : 0.000 :: Grads : []
110 :: Rewards 53.056 :: steps: 1.00 :: Time: 0.013(0.01289/step) :: Entropy : 0.000 :: Grads : []
120 :: Rewards 60.245 :: steps: 1.00 :: Time: 0.013(0.01327/step) :: Entropy : 0.000 :: Grads : []
130 :: Rewards 67.431 :: steps: 1.00 :: Time: 0.013(0.01316/step) :: Entropy : 0.000 :: Grads : []
140 :: Rewards 74.635 :: steps: 1.00 :: Time: 0.013(0.01330/step) :: Entropy : 0.000 :: Grads : []
150 :: Rewards 81.810 :: steps: 1.00 :: Time: 0.013(0.01338/step) :: Entropy : 0.000 :: Grads : []
160 :: Rewards 89.030 :: steps: 1.00 :: Time: 0.014(0.01359/step) :: Entropy : 0.000 :: Grads : []
170 :: Rewards 96.254 :: steps: 1.00 :: Time: 0.014(0.01366/step) :: Entropy : 0.000 :: Grads : []
180 :: Rewards 103.416 :: steps: 1.00 :: Time: 0.014(0.01373/step) :: Entropy : 0.000 :: Grads : []
190 :: Rewards 110.627 :: steps: 1.00 :: Time: 0.014(0.01398/step) :: Entropy : 0.000 :: Grads : []
200 :: Rewards 117.829 :: steps: 1.00 :: Time: 0.014(0.01398/step) :: Entropy : 0.000 :: Grads : []
210 :: Rewards 125.005 :: steps: 1.00 :: Time: 0.014(0.01404/step) :: Entropy : 0.000 :: Grads : []
220 :: Rewards 132.233 :: steps: 1.00 :: Time: 0.014(0.01412/step) :: Entropy : 0.000 :: Grads : []
230 :: Rewards 139.415 :: steps: 1.00 :: Time: 0.014(0.01420/step) :: Entropy : 0.000 :: Grads : []
240 :: Rewards 146.625 :: steps: 1.00 :: Time: 0.014(0.01423/step) :: Entropy : 0.000 :: Grads : []
250 :: Rewards 153.808 :: steps: 1.00 :: Time: 0.014(0.01439/step) :: Entropy : 0.000 :: Grads : []
260 :: Rewards 161.037 :: steps: 1.00 :: Time: 0.015(0.01478/step) :: Entropy : 0.000 :: Grads : []
270 :: Rewards 168.239 :: steps: 1.00 :: Time: 0.015(0.01498/step) :: Entropy : 0.000 :: Grads : []
280 :: Rewards 175.429 :: steps: 1.00 :: Time: 0.015(0.01476/step) :: Entropy : 0.000 :: Grads : []
290 :: Rewards 182.652 :: steps: 1.00 :: Time: 0.015(0.01484/step) :: Entropy : 0.000 :: Grads : []
300 :: Rewards 189.875 :: steps: 1.00 :: Time: 0.015(0.01483/step) :: Entropy : 0.000 :: Grads : []
310 :: Rewards 197.093 :: steps: 1.00 :: Time: 0.015(0.01515/step) :: Entropy : 0.000 :: Grads : []
320 :: Rewards 204.297 :: steps: 1.00 :: Time: 0.016(0.01552/step) :: Entropy : 0.000 :: Grads : []
330 :: Rewards 211.495 :: steps: 1.00 :: Time: 0.016(0.01557/step) :: Entropy : 0.000 :: Grads : []
340 :: Rewards 218.690 :: steps: 1.00 :: Time: 0.016(0.01564/step) :: Entropy : 0.000 :: Grads : []
350 :: Rewards 225.921 :: steps: 1.00 :: Time: 0.016(0.01618/step) :: Entropy : 0.000 :: Grads : []
360 :: Rewards 233.117 :: steps: 1.00 :: Time: 0.016(0.01617/step) :: Entropy : 0.000 :: Grads : []
370 :: Rewards 240.295 :: steps: 1.00 :: Time: 0.016(0.01635/step) :: Entropy : 0.000 :: Grads : []
380 :: Rewards 247.525 :: steps: 1.00 :: Time: 0.017(0.01653/step) :: Entropy : 0.000 :: Grads : []
390 :: Rewards 254.699 :: steps: 1.00 :: Time: 0.016(0.01649/step) :: Entropy : 0.000 :: Grads : []
400 :: Rewards 261.890 :: steps: 1.00 :: Time: 0.017(0.01658/step) :: Entropy : 0.000 :: Grads : []
410 :: Rewards 269.096 :: steps: 1.00 :: Time: 0.017(0.01683/step) :: Entropy : 0.000 :: Grads : []
420 :: Rewards 276.291 :: steps: 1.00 :: Time: 0.017(0.01727/step) :: Entropy : 0.000 :: Grads : []
430 :: Rewards 283.478 :: steps: 1.00 :: Time: 0.017(0.01734/step) :: Entropy : 0.000 :: Grads : []
440 :: Rewards 290.735 :: steps: 1.00 :: Time: 0.017(0.01742/step) :: Entropy : 0.000 :: Grads : []
450 :: Rewards 297.924 :: steps: 1.00 :: Time: 0.018(0.01752/step) :: Entropy : 0.000 :: Grads : []
460 :: Rewards 305.106 :: steps: 1.00 :: Time: 0.018(0.01762/step) :: Entropy : 0.000 :: Grads : []
470 :: Rewards 312.287 :: steps: 1.00 :: Time: 0.018(0.01819/step) :: Entropy : 0.000 :: Grads : []
480 :: Rewards 319.482 :: steps: 1.00 :: Time: 0.018(0.01796/step) :: Entropy : 0.000 :: Grads : []
490 :: Rewards 326.640 :: steps: 1.00 :: Time: 0.018(0.01843/step) :: Entropy : 0.000 :: Grads : []
500 :: Rewards 333.846 :: steps: 1.00 :: Time: 0.018(0.01813/step) :: Entropy : 0.000 :: Grads : []
510 :: Rewards 340.994 :: steps: 1.00 :: Time: 0.018(0.01822/step) :: Entropy : 0.000 :: Grads : []
520 :: Rewards 348.204 :: steps: 1.00 :: Time: 0.019(0.01879/step) :: Entropy : 0.000 :: Grads : []
530 :: Rewards 355.408 :: steps: 1.00 :: Time: 0.019(0.01878/step) :: Entropy : 0.000 :: Grads : []
540 :: Rewards 362.619 :: steps: 1.00 :: Time: 0.018(0.01841/step) :: Entropy : 0.000 :: Grads : []
550 :: Rewards 369.835 :: steps: 1.00 :: Time: 0.019(0.01870/step) :: Entropy : 0.000 :: Grads : []
560 :: Rewards 377.022 :: steps: 1.00 :: Time: 0.019(0.01913/step) :: Entropy : 0.000 :: Grads : []
570 :: Rewards 384.211 :: steps: 1.00 :: Time: 0.019(0.01903/step) :: Entropy : 0.000 :: Grads : []
580 :: Rewards 391.408 :: steps: 1.00 :: Time: 0.019(0.01931/step) :: Entropy : 0.000 :: Grads : []
590 :: Rewards 398.602 :: steps: 1.00 :: Time: 0.019(0.01883/step) :: Entropy : 0.000 :: Grads : []
600 :: Rewards 405.804 :: steps: 1.00 :: Time: 0.019(0.01879/step) :: Entropy : 0.000 :: Grads : []
610 :: Rewards 412.976 :: steps: 1.00 :: Time: 0.019(0.01904/step) :: Entropy : 0.000 :: Grads : []
620 :: Rewards 420.159 :: steps: 1.00 :: Time: 0.019(0.01944/step) :: Entropy : 0.000 :: Grads : []
630 :: Rewards 427.369 :: steps: 1.00 :: Time: 0.019(0.01911/step) :: Entropy : 0.000 :: Grads : []
640 :: Rewards 434.594 :: steps: 1.00 :: Time: 0.020(0.01972/step) :: Entropy : 0.000 :: Grads : []
650 :: Rewards 441.820 :: steps: 1.00 :: Time: 0.020(0.01987/step) :: Entropy : 0.000 :: Grads : []
660 :: Rewards 449.030 :: steps: 1.00 :: Time: 0.020(0.01961/step) :: Entropy : 0.000 :: Grads : []
670 :: Rewards 456.240 :: steps: 1.00 :: Time: 0.019(0.01923/step) :: Entropy : 0.000 :: Grads : []
680 :: Rewards 463.448 :: steps: 1.00 :: Time: 0.019(0.01934/step) :: Entropy : 0.000 :: Grads : []
690 :: Rewards 470.647 :: steps: 1.00 :: Time: 0.020(0.01999/step) :: Entropy : 0.000 :: Grads : []
700 :: Rewards 477.842 :: steps: 1.00 :: Time: 0.020(0.01965/step) :: Entropy : 0.000 :: Grads : []
710 :: Rewards 485.059 :: steps: 1.00 :: Time: 0.020(0.01961/step) :: Entropy : 0.000 :: Grads : []
720 :: Rewards 492.293 :: steps: 1.00 :: Time: 0.020(0.01975/step) :: Entropy : 0.000 :: Grads : []
730 :: Rewards 499.536 :: steps: 1.00 :: Time: 0.020(0.02046/step) :: Entropy : 0.000 :: Grads : []
740 :: Rewards 506.733 :: steps: 1.00 :: Time: 0.021(0.02056/step) :: Entropy : 0.000 :: Grads : []
750 :: Rewards 513.934 :: steps: 1.00 :: Time: 0.020(0.02019/step) :: Entropy : 0.000 :: Grads : []
760 :: Rewards 521.107 :: steps: 1.00 :: Time: 0.021(0.02088/step) :: Entropy : 0.000 :: Grads : []
770 :: Rewards 528.307 :: steps: 1.00 :: Time: 0.020(0.02034/step) :: Entropy : 0.000 :: Grads : []
780 :: Rewards 535.512 :: steps: 1.00 :: Time: 0.020(0.02033/step) :: Entropy : 0.000 :: Grads : []
790 :: Rewards 542.763 :: steps: 1.00 :: Time: 0.021(0.02068/step) :: Entropy : 0.000 :: Grads : []
800 :: Rewards 549.981 :: steps: 1.00 :: Time: 0.021(0.02143/step) :: Entropy : 0.000 :: Grads : []
810 :: Rewards 557.172 :: steps: 1.00 :: Time: 0.021(0.02065/step) :: Entropy : 0.000 :: Grads : []
820 :: Rewards 564.407 :: steps: 1.00 :: Time: 0.021(0.02061/step) :: Entropy : 0.000 :: Grads : []
830 :: Rewards 571.634 :: steps: 1.00 :: Time: 0.021(0.02121/step) :: Entropy : 0.000 :: Grads : []
840 :: Rewards 578.849 :: steps: 1.00 :: Time: 0.021(0.02137/step) :: Entropy : 0.000 :: Grads : []
850 :: Rewards 586.063 :: steps: 1.00 :: Time: 0.021(0.02089/step) :: Entropy : 0.000 :: Grads : []
860 :: Rewards 593.295 :: steps: 1.00 :: Time: 0.021(0.02083/step) :: Entropy : 0.000 :: Grads : []
870 :: Rewards 600.554 :: steps: 1.00 :: Time: 0.021(0.02088/step) :: Entropy : 0.000 :: Grads : []
880 :: Rewards 607.769 :: steps: 1.00 :: Time: 0.021(0.02114/step) :: Entropy : 0.000 :: Grads : []
890 :: Rewards 614.950 :: steps: 1.00 :: Time: 0.021(0.02106/step) :: Entropy : 0.000 :: Grads : []
900 :: Rewards 622.134 :: steps: 1.00 :: Time: 0.021(0.02121/step) :: Entropy : 0.000 :: Grads : []
910 :: Rewards 629.340 :: steps: 1.00 :: Time: 0.021(0.02114/step) :: Entropy : 0.000 :: Grads : []
920 :: Rewards 636.561 :: steps: 1.00 :: Time: 0.021(0.02125/step) :: Entropy : 0.000 :: Grads : []
930 :: Rewards 643.778 :: steps: 1.00 :: Time: 0.022(0.02161/step) :: Entropy : 0.000 :: Grads : []
940 :: Rewards 651.012 :: steps: 1.00 :: Time: 0.021(0.02132/step) :: Entropy : 0.000 :: Grads : []
950 :: Rewards 658.217 :: steps: 1.00 :: Time: 0.021(0.02117/step) :: Entropy : 0.000 :: Grads : []
960 :: Rewards 665.422 :: steps: 1.00 :: Time: 0.021(0.02111/step) :: Entropy : 0.000 :: Grads : []
970 :: Rewards 672.636 :: steps: 1.00 :: Time: 0.022(0.02176/step) :: Entropy : 0.000 :: Grads : []
980 :: Rewards 679.807 :: steps: 1.00 :: Time: 0.021(0.02142/step) :: Entropy : 0.000 :: Grads : []
990 :: Rewards 687.010 :: steps: 1.00 :: Time: 0.022(0.02175/step) :: Entropy : 0.000 :: Grads : []
999 :: Rewards 693.497 :: steps: 0.90 :: Time: 0.020(0.02172/step) :: Entropy : 0.000 :: Grads : []
Total time taken: 17.560054063796997
