Module path:  Environments.NS_Reco NS_Reco
Dynamically loaded from:  <class 'Environments.NS_Reco.NS_Reco'>
Reward Amplitudes: [4.17022005e-01 7.20324493e-01 1.14374817e-04 3.02332573e-01
 1.46755891e-01] :: Avg 0.317309867282206 
Module path:  Src.Algorithms.ProOLS ProOLS
Dynamically loaded from:  <class 'Src.Algorithms.ProOLS.ProOLS'>
=====Configurations=====
 Namespace(NN_basis_dim='32', Policy_basis_dim='32', actor_lr=0.0013967975033711264, algo_name='ProOLS', base=0, batch_size=1000, buffer_size=1000, debug=False, delta=1, entropy_lambda=0.009309067356364342, env_name='NS_Reco', experiment='NS_2_', extrapolator_basis='Fourier', folder_suffix='Default', fourier_coupled=True, fourier_k=5, fourier_order=3, gamma=0.99, gauss_std=1.5, gpu=0, hyper='default', importance_clip=15.0, inc=1, log_output='term_file', max_episodes=1000, max_inner=30, max_steps=500, optim='rmsprop', oracle=-1, raw_basis=True, restore=False, save_count=100, save_model=True, seed=22, speed=2, state_lr=0.001, summary=True, swarm=False, timestamp='5|24|17:23:59')
Actions space: 5 :: State space: 1
State Low: tensor([0.]) :: State High: tensor([1.])
State features:  [('dummy_param', torch.Size([1]))]
Policy:  [('fc1.weight', torch.Size([5, 1])), ('fc1.bias', torch.Size([5]))]
0 :: Rewards -0.014 :: steps: 0.10 :: Time: 0.000(0.00054/step) :: Entropy : 0.000 :: Grads : []
10 :: Rewards 0.144 :: steps: 1.00 :: Time: 0.008(0.00802/step) :: Entropy : 0.000 :: Grads : []
20 :: Rewards 0.608 :: steps: 1.00 :: Time: 0.013(0.01271/step) :: Entropy : 0.000 :: Grads : []
30 :: Rewards 1.186 :: steps: 1.00 :: Time: 0.013(0.01301/step) :: Entropy : 0.000 :: Grads : []
40 :: Rewards 2.332 :: steps: 1.00 :: Time: 0.013(0.01251/step) :: Entropy : 0.000 :: Grads : []
50 :: Rewards 3.550 :: steps: 1.00 :: Time: 0.013(0.01265/step) :: Entropy : 0.000 :: Grads : []
60 :: Rewards 5.360 :: steps: 1.00 :: Time: 0.013(0.01287/step) :: Entropy : 0.000 :: Grads : []
70 :: Rewards 7.241 :: steps: 1.00 :: Time: 0.013(0.01280/step) :: Entropy : 0.000 :: Grads : []
80 :: Rewards 10.487 :: steps: 1.00 :: Time: 0.013(0.01295/step) :: Entropy : 0.000 :: Grads : []
90 :: Rewards 14.379 :: steps: 1.00 :: Time: 0.013(0.01303/step) :: Entropy : 0.000 :: Grads : []
100 :: Rewards 18.973 :: steps: 1.00 :: Time: 0.013(0.01311/step) :: Entropy : 0.000 :: Grads : []
110 :: Rewards 23.286 :: steps: 1.00 :: Time: 0.013(0.01322/step) :: Entropy : 0.000 :: Grads : []
120 :: Rewards 28.574 :: steps: 1.00 :: Time: 0.013(0.01330/step) :: Entropy : 0.000 :: Grads : []
130 :: Rewards 34.139 :: steps: 1.00 :: Time: 0.013(0.01344/step) :: Entropy : 0.000 :: Grads : []
140 :: Rewards 40.093 :: steps: 1.00 :: Time: 0.014(0.01359/step) :: Entropy : 0.000 :: Grads : []
150 :: Rewards 46.281 :: steps: 1.00 :: Time: 0.014(0.01370/step) :: Entropy : 0.000 :: Grads : []
160 :: Rewards 52.758 :: steps: 1.00 :: Time: 0.014(0.01382/step) :: Entropy : 0.000 :: Grads : []
170 :: Rewards 59.454 :: steps: 1.00 :: Time: 0.014(0.01391/step) :: Entropy : 0.000 :: Grads : []
180 :: Rewards 66.304 :: steps: 1.00 :: Time: 0.014(0.01399/step) :: Entropy : 0.000 :: Grads : []
190 :: Rewards 73.270 :: steps: 1.00 :: Time: 0.014(0.01410/step) :: Entropy : 0.000 :: Grads : []
200 :: Rewards 80.413 :: steps: 1.00 :: Time: 0.014(0.01421/step) :: Entropy : 0.000 :: Grads : []
210 :: Rewards 87.622 :: steps: 1.00 :: Time: 0.014(0.01432/step) :: Entropy : 0.000 :: Grads : []
220 :: Rewards 94.838 :: steps: 1.00 :: Time: 0.014(0.01442/step) :: Entropy : 0.000 :: Grads : []
230 :: Rewards 102.004 :: steps: 1.00 :: Time: 0.015(0.01452/step) :: Entropy : 0.000 :: Grads : []
240 :: Rewards 109.159 :: steps: 1.00 :: Time: 0.015(0.01475/step) :: Entropy : 0.000 :: Grads : []
250 :: Rewards 116.227 :: steps: 1.00 :: Time: 0.015(0.01474/step) :: Entropy : 0.000 :: Grads : []
260 :: Rewards 123.203 :: steps: 1.00 :: Time: 0.015(0.01506/step) :: Entropy : 0.000 :: Grads : []
270 :: Rewards 130.000 :: steps: 1.00 :: Time: 0.015(0.01527/step) :: Entropy : 0.000 :: Grads : []
280 :: Rewards 136.659 :: steps: 1.00 :: Time: 0.015(0.01533/step) :: Entropy : 0.000 :: Grads : []
290 :: Rewards 143.082 :: steps: 1.00 :: Time: 0.015(0.01529/step) :: Entropy : 0.000 :: Grads : []
300 :: Rewards 149.266 :: steps: 1.00 :: Time: 0.015(0.01537/step) :: Entropy : 0.000 :: Grads : []
310 :: Rewards 155.144 :: steps: 1.00 :: Time: 0.015(0.01540/step) :: Entropy : 0.000 :: Grads : []
320 :: Rewards 160.688 :: steps: 1.00 :: Time: 0.016(0.01558/step) :: Entropy : 0.000 :: Grads : []
330 :: Rewards 165.929 :: steps: 1.00 :: Time: 0.016(0.01570/step) :: Entropy : 0.000 :: Grads : []
340 :: Rewards 170.800 :: steps: 1.00 :: Time: 0.016(0.01596/step) :: Entropy : 0.000 :: Grads : []
350 :: Rewards 175.254 :: steps: 1.00 :: Time: 0.016(0.01596/step) :: Entropy : 0.000 :: Grads : []
360 :: Rewards 179.333 :: steps: 1.00 :: Time: 0.016(0.01643/step) :: Entropy : 0.000 :: Grads : []
370 :: Rewards 182.950 :: steps: 1.00 :: Time: 0.017(0.01654/step) :: Entropy : 0.000 :: Grads : []
380 :: Rewards 186.148 :: steps: 1.00 :: Time: 0.017(0.01668/step) :: Entropy : 0.000 :: Grads : []
390 :: Rewards 188.836 :: steps: 1.00 :: Time: 0.017(0.01682/step) :: Entropy : 0.000 :: Grads : []
400 :: Rewards 191.050 :: steps: 1.00 :: Time: 0.017(0.01693/step) :: Entropy : 0.000 :: Grads : []
410 :: Rewards 192.761 :: steps: 1.00 :: Time: 0.017(0.01707/step) :: Entropy : 0.000 :: Grads : []
420 :: Rewards 193.949 :: steps: 1.00 :: Time: 0.018(0.01752/step) :: Entropy : 0.000 :: Grads : []
430 :: Rewards 194.683 :: steps: 1.00 :: Time: 0.018(0.01762/step) :: Entropy : 0.000 :: Grads : []
440 :: Rewards 194.897 :: steps: 1.00 :: Time: 0.018(0.01769/step) :: Entropy : 0.000 :: Grads : []
450 :: Rewards 194.566 :: steps: 1.00 :: Time: 0.018(0.01774/step) :: Entropy : 0.000 :: Grads : []
460 :: Rewards 193.707 :: steps: 1.00 :: Time: 0.018(0.01781/step) :: Entropy : 0.000 :: Grads : []
470 :: Rewards 192.400 :: steps: 1.00 :: Time: 0.018(0.01791/step) :: Entropy : 0.000 :: Grads : []
480 :: Rewards 190.583 :: steps: 1.00 :: Time: 0.018(0.01795/step) :: Entropy : 0.000 :: Grads : []
490 :: Rewards 188.253 :: steps: 1.00 :: Time: 0.018(0.01804/step) :: Entropy : 0.000 :: Grads : []
500 :: Rewards 185.434 :: steps: 1.00 :: Time: 0.018(0.01810/step) :: Entropy : 0.000 :: Grads : []
510 :: Rewards 182.153 :: steps: 1.00 :: Time: 0.018(0.01822/step) :: Entropy : 0.000 :: Grads : []
520 :: Rewards 178.447 :: steps: 1.00 :: Time: 0.019(0.01851/step) :: Entropy : 0.000 :: Grads : []
530 :: Rewards 174.238 :: steps: 1.00 :: Time: 0.019(0.01864/step) :: Entropy : 0.000 :: Grads : []
540 :: Rewards 169.638 :: steps: 1.00 :: Time: 0.019(0.01862/step) :: Entropy : 0.000 :: Grads : []
550 :: Rewards 164.693 :: steps: 1.00 :: Time: 0.019(0.01867/step) :: Entropy : 0.000 :: Grads : []
560 :: Rewards 159.367 :: steps: 1.00 :: Time: 0.019(0.01874/step) :: Entropy : 0.000 :: Grads : []
570 :: Rewards 153.738 :: steps: 1.00 :: Time: 0.019(0.01881/step) :: Entropy : 0.000 :: Grads : []
580 :: Rewards 147.801 :: steps: 1.00 :: Time: 0.019(0.01888/step) :: Entropy : 0.000 :: Grads : []
590 :: Rewards 141.568 :: steps: 1.00 :: Time: 0.020(0.01964/step) :: Entropy : 0.000 :: Grads : []
600 :: Rewards 135.088 :: steps: 1.00 :: Time: 0.019(0.01913/step) :: Entropy : 0.000 :: Grads : []
610 :: Rewards 128.442 :: steps: 1.00 :: Time: 0.019(0.01915/step) :: Entropy : 0.000 :: Grads : []
620 :: Rewards 121.578 :: steps: 1.00 :: Time: 0.019(0.01912/step) :: Entropy : 0.000 :: Grads : []
630 :: Rewards 114.574 :: steps: 1.00 :: Time: 0.019(0.01914/step) :: Entropy : 0.000 :: Grads : []
640 :: Rewards 107.489 :: steps: 1.00 :: Time: 0.019(0.01923/step) :: Entropy : 0.000 :: Grads : []
650 :: Rewards 100.301 :: steps: 1.00 :: Time: 0.019(0.01932/step) :: Entropy : 0.000 :: Grads : []
660 :: Rewards 96.538 :: steps: 1.00 :: Time: 0.019(0.01944/step) :: Entropy : 0.000 :: Grads : []
670 :: Rewards 93.330 :: steps: 1.00 :: Time: 0.019(0.01950/step) :: Entropy : 0.000 :: Grads : []
680 :: Rewards 90.685 :: steps: 1.00 :: Time: 0.020(0.01955/step) :: Entropy : 0.000 :: Grads : []
690 :: Rewards 88.473 :: steps: 1.00 :: Time: 0.020(0.01971/step) :: Entropy : 0.000 :: Grads : []
700 :: Rewards 86.653 :: steps: 1.00 :: Time: 0.020(0.01952/step) :: Entropy : 0.000 :: Grads : []
710 :: Rewards 84.676 :: steps: 1.00 :: Time: 0.019(0.01950/step) :: Entropy : 0.000 :: Grads : []
720 :: Rewards 82.601 :: steps: 1.00 :: Time: 0.020(0.01951/step) :: Entropy : 0.000 :: Grads : []
730 :: Rewards 80.390 :: steps: 1.00 :: Time: 0.020(0.01961/step) :: Entropy : 0.000 :: Grads : []
740 :: Rewards 78.091 :: steps: 1.00 :: Time: 0.020(0.01976/step) :: Entropy : 0.000 :: Grads : []
750 :: Rewards 77.328 :: steps: 1.00 :: Time: 0.020(0.01991/step) :: Entropy : 0.000 :: Grads : []
760 :: Rewards 77.051 :: steps: 1.00 :: Time: 0.020(0.02001/step) :: Entropy : 0.000 :: Grads : []
770 :: Rewards 76.727 :: steps: 1.00 :: Time: 0.020(0.02010/step) :: Entropy : 0.000 :: Grads : []
780 :: Rewards 76.573 :: steps: 1.00 :: Time: 0.020(0.02048/step) :: Entropy : 0.000 :: Grads : []
790 :: Rewards 76.391 :: steps: 1.00 :: Time: 0.020(0.02026/step) :: Entropy : 0.000 :: Grads : []
800 :: Rewards 76.149 :: steps: 1.00 :: Time: 0.020(0.02035/step) :: Entropy : 0.000 :: Grads : []
810 :: Rewards 76.161 :: steps: 1.00 :: Time: 0.020(0.02037/step) :: Entropy : 0.000 :: Grads : []
820 :: Rewards 75.654 :: steps: 1.00 :: Time: 0.020(0.02049/step) :: Entropy : 0.000 :: Grads : []
830 :: Rewards 75.653 :: steps: 1.00 :: Time: 0.021(0.02062/step) :: Entropy : 0.000 :: Grads : []
840 :: Rewards 75.594 :: steps: 1.00 :: Time: 0.021(0.02079/step) :: Entropy : 0.000 :: Grads : []
850 :: Rewards 75.378 :: steps: 1.00 :: Time: 0.021(0.02073/step) :: Entropy : 0.000 :: Grads : []
860 :: Rewards 75.400 :: steps: 1.00 :: Time: 0.021(0.02070/step) :: Entropy : 0.000 :: Grads : []
870 :: Rewards 74.965 :: steps: 1.00 :: Time: 0.021(0.02078/step) :: Entropy : 0.000 :: Grads : []
880 :: Rewards 74.960 :: steps: 1.00 :: Time: 0.021(0.02093/step) :: Entropy : 0.000 :: Grads : []
890 :: Rewards 74.959 :: steps: 1.00 :: Time: 0.021(0.02092/step) :: Entropy : 0.000 :: Grads : []
900 :: Rewards 74.775 :: steps: 1.00 :: Time: 0.021(0.02093/step) :: Entropy : 0.000 :: Grads : []
910 :: Rewards 74.569 :: steps: 1.00 :: Time: 0.021(0.02093/step) :: Entropy : 0.000 :: Grads : []
920 :: Rewards 74.474 :: steps: 1.00 :: Time: 0.021(0.02102/step) :: Entropy : 0.000 :: Grads : []
930 :: Rewards 74.460 :: steps: 1.00 :: Time: 0.021(0.02086/step) :: Entropy : 0.000 :: Grads : []
940 :: Rewards 74.467 :: steps: 1.00 :: Time: 0.021(0.02099/step) :: Entropy : 0.000 :: Grads : []
950 :: Rewards 74.411 :: steps: 1.00 :: Time: 0.023(0.02287/step) :: Entropy : 0.000 :: Grads : []
960 :: Rewards 75.965 :: steps: 1.00 :: Time: 0.022(0.02156/step) :: Entropy : 0.000 :: Grads : []
970 :: Rewards 78.461 :: steps: 1.00 :: Time: 0.022(0.02166/step) :: Entropy : 0.000 :: Grads : []
980 :: Rewards 81.670 :: steps: 1.00 :: Time: 0.022(0.02163/step) :: Entropy : 0.000 :: Grads : []
990 :: Rewards 86.623 :: steps: 1.00 :: Time: 0.021(0.02146/step) :: Entropy : 0.000 :: Grads : []
999 :: Rewards 91.417 :: steps: 0.90 :: Time: 0.019(0.02132/step) :: Entropy : 0.000 :: Grads : []
Total time taken: 17.554347038269043
