Module path:  Environments.NS_Reco NS_Reco
Dynamically loaded from:  <class 'Environments.NS_Reco.NS_Reco'>
Reward Amplitudes: [4.17022005e-01 7.20324493e-01 1.14374817e-04 3.02332573e-01
 1.46755891e-01] :: Avg 0.317309867282206 
Module path:  Src.Algorithms.ProWLS ProWLS
Dynamically loaded from:  <class 'Src.Algorithms.ProWLS.ProWLS'>
=====Configurations=====
 Namespace(NN_basis_dim='32', Policy_basis_dim='32', actor_lr=0.00450428892499054, algo_name='ProWLS', base=0, batch_size=1000, buffer_size=1000, debug=False, delta=3, entropy_lambda=0.07518854390699839, env_name='NS_Reco', experiment='NS_3_', extrapolator_basis='Fourier', folder_suffix='Default', fourier_coupled=True, fourier_k=5, fourier_order=3, gamma=0.99, gauss_std=1.5, gpu=0, hyper='default', importance_clip=10.0, inc=1, log_output='term_file', max_episodes=1000, max_inner=90, max_steps=500, optim='rmsprop', oracle=-1, raw_basis=True, restore=False, save_count=100, save_model=True, seed=15, speed=3, state_lr=0.001, summary=True, swarm=False, timestamp='5|24|22:20:58')
Actions space: 5 :: State space: 1
State Low: tensor([0.]) :: State High: tensor([1.])
State features:  [('dummy_param', torch.Size([1]))]
Policy:  [('fc1.weight', torch.Size([5, 1])), ('fc1.bias', torch.Size([5]))]
0 :: Rewards -0.003 :: steps: 0.10 :: Time: 0.000(0.00062/step) :: Entropy : 0.000 :: Grads : []
10 :: Rewards 0.158 :: steps: 1.00 :: Time: 0.010(0.01010/step) :: Entropy : 0.000 :: Grads : []
20 :: Rewards 0.797 :: steps: 1.00 :: Time: 0.020(0.02021/step) :: Entropy : 0.000 :: Grads : []
30 :: Rewards 1.871 :: steps: 1.00 :: Time: 0.015(0.01547/step) :: Entropy : 0.000 :: Grads : []
40 :: Rewards 2.587 :: steps: 1.00 :: Time: 0.015(0.01507/step) :: Entropy : 0.000 :: Grads : []
50 :: Rewards 4.342 :: steps: 1.00 :: Time: 0.020(0.02034/step) :: Entropy : 0.000 :: Grads : []
60 :: Rewards 7.488 :: steps: 1.00 :: Time: 0.015(0.01549/step) :: Entropy : 0.000 :: Grads : []
70 :: Rewards 11.716 :: steps: 1.00 :: Time: 0.016(0.01573/step) :: Entropy : 0.000 :: Grads : []
80 :: Rewards 16.234 :: steps: 1.00 :: Time: 0.021(0.02119/step) :: Entropy : 0.000 :: Grads : []
90 :: Rewards 20.590 :: steps: 1.00 :: Time: 0.016(0.01630/step) :: Entropy : 0.000 :: Grads : []
100 :: Rewards 25.392 :: steps: 1.00 :: Time: 0.016(0.01644/step) :: Entropy : 0.000 :: Grads : []
110 :: Rewards 31.225 :: steps: 1.00 :: Time: 0.022(0.02234/step) :: Entropy : 0.000 :: Grads : []
120 :: Rewards 36.921 :: steps: 1.00 :: Time: 0.017(0.01713/step) :: Entropy : 0.000 :: Grads : []
130 :: Rewards 40.756 :: steps: 1.00 :: Time: 0.018(0.01787/step) :: Entropy : 0.000 :: Grads : []
140 :: Rewards 47.952 :: steps: 1.00 :: Time: 0.024(0.02368/step) :: Entropy : 0.000 :: Grads : []
150 :: Rewards 53.816 :: steps: 1.00 :: Time: 0.018(0.01816/step) :: Entropy : 0.000 :: Grads : []
160 :: Rewards 58.500 :: steps: 1.00 :: Time: 0.019(0.01857/step) :: Entropy : 0.000 :: Grads : []
170 :: Rewards 65.145 :: steps: 1.00 :: Time: 0.025(0.02543/step) :: Entropy : 0.000 :: Grads : []
180 :: Rewards 70.946 :: steps: 1.00 :: Time: 0.019(0.01938/step) :: Entropy : 0.000 :: Grads : []
190 :: Rewards 76.003 :: steps: 1.00 :: Time: 0.021(0.02060/step) :: Entropy : 0.000 :: Grads : []
200 :: Rewards 80.655 :: steps: 1.00 :: Time: 0.028(0.02776/step) :: Entropy : 0.000 :: Grads : []
210 :: Rewards 85.007 :: steps: 1.00 :: Time: 0.022(0.02157/step) :: Entropy : 0.000 :: Grads : []
220 :: Rewards 89.960 :: steps: 1.00 :: Time: 0.022(0.02206/step) :: Entropy : 0.000 :: Grads : []
230 :: Rewards 93.435 :: steps: 1.00 :: Time: 0.030(0.03022/step) :: Entropy : 0.000 :: Grads : []
240 :: Rewards 97.199 :: steps: 1.00 :: Time: 0.023(0.02326/step) :: Entropy : 0.000 :: Grads : []
250 :: Rewards 100.670 :: steps: 1.00 :: Time: 0.024(0.02387/step) :: Entropy : 0.000 :: Grads : []
260 :: Rewards 103.825 :: steps: 1.00 :: Time: 0.032(0.03242/step) :: Entropy : 0.000 :: Grads : []
270 :: Rewards 106.485 :: steps: 1.00 :: Time: 0.025(0.02483/step) :: Entropy : 0.000 :: Grads : []
280 :: Rewards 109.386 :: steps: 1.00 :: Time: 0.025(0.02537/step) :: Entropy : 0.000 :: Grads : []
290 :: Rewards 111.600 :: steps: 1.00 :: Time: 0.034(0.03427/step) :: Entropy : 0.000 :: Grads : []
300 :: Rewards 114.128 :: steps: 1.00 :: Time: 0.026(0.02618/step) :: Entropy : 0.000 :: Grads : []
310 :: Rewards 115.975 :: steps: 1.00 :: Time: 0.027(0.02688/step) :: Entropy : 0.000 :: Grads : []
320 :: Rewards 116.933 :: steps: 1.00 :: Time: 0.036(0.03621/step) :: Entropy : 0.000 :: Grads : []
330 :: Rewards 118.341 :: steps: 1.00 :: Time: 0.028(0.02781/step) :: Entropy : 0.000 :: Grads : []
340 :: Rewards 119.474 :: steps: 1.00 :: Time: 0.028(0.02836/step) :: Entropy : 0.000 :: Grads : []
350 :: Rewards 120.490 :: steps: 1.00 :: Time: 0.039(0.03854/step) :: Entropy : 0.000 :: Grads : []
360 :: Rewards 121.319 :: steps: 1.00 :: Time: 0.030(0.02957/step) :: Entropy : 0.000 :: Grads : []
370 :: Rewards 121.228 :: steps: 1.00 :: Time: 0.030(0.03045/step) :: Entropy : 0.000 :: Grads : []
380 :: Rewards 121.503 :: steps: 1.00 :: Time: 0.041(0.04130/step) :: Entropy : 0.000 :: Grads : []
390 :: Rewards 121.916 :: steps: 1.00 :: Time: 0.032(0.03166/step) :: Entropy : 0.000 :: Grads : []
400 :: Rewards 122.411 :: steps: 1.00 :: Time: 0.032(0.03227/step) :: Entropy : 0.000 :: Grads : []
410 :: Rewards 121.515 :: steps: 1.00 :: Time: 0.044(0.04416/step) :: Entropy : 0.000 :: Grads : []
420 :: Rewards 121.955 :: steps: 1.00 :: Time: 0.034(0.03418/step) :: Entropy : 0.000 :: Grads : []
430 :: Rewards 122.355 :: steps: 1.00 :: Time: 0.035(0.03518/step) :: Entropy : 0.000 :: Grads : []
440 :: Rewards 122.553 :: steps: 1.00 :: Time: 0.047(0.04717/step) :: Entropy : 0.000 :: Grads : []
450 :: Rewards 121.892 :: steps: 1.00 :: Time: 0.036(0.03627/step) :: Entropy : 0.000 :: Grads : []
460 :: Rewards 121.178 :: steps: 1.00 :: Time: 0.037(0.03702/step) :: Entropy : 0.000 :: Grads : []
470 :: Rewards 121.066 :: steps: 1.00 :: Time: 0.050(0.05046/step) :: Entropy : 0.000 :: Grads : []
480 :: Rewards 121.150 :: steps: 1.00 :: Time: 0.039(0.03858/step) :: Entropy : 0.000 :: Grads : []
490 :: Rewards 120.964 :: steps: 1.00 :: Time: 0.040(0.03980/step) :: Entropy : 0.000 :: Grads : []
500 :: Rewards 120.609 :: steps: 1.00 :: Time: 0.053(0.05335/step) :: Entropy : 0.000 :: Grads : []
510 :: Rewards 120.021 :: steps: 1.00 :: Time: 0.041(0.04076/step) :: Entropy : 0.000 :: Grads : []
520 :: Rewards 119.925 :: steps: 1.00 :: Time: 0.042(0.04203/step) :: Entropy : 0.000 :: Grads : []
530 :: Rewards 119.451 :: steps: 1.00 :: Time: 0.057(0.05651/step) :: Entropy : 0.000 :: Grads : []
540 :: Rewards 119.346 :: steps: 1.00 :: Time: 0.043(0.04316/step) :: Entropy : 0.000 :: Grads : []
550 :: Rewards 118.868 :: steps: 1.00 :: Time: 0.045(0.04475/step) :: Entropy : 0.000 :: Grads : []
560 :: Rewards 118.737 :: steps: 1.00 :: Time: 0.060(0.06001/step) :: Entropy : 0.000 :: Grads : []
570 :: Rewards 117.901 :: steps: 1.00 :: Time: 0.046(0.04611/step) :: Entropy : 0.000 :: Grads : []
580 :: Rewards 117.479 :: steps: 1.00 :: Time: 0.047(0.04711/step) :: Entropy : 0.000 :: Grads : []
590 :: Rewards 117.119 :: steps: 1.00 :: Time: 0.065(0.06465/step) :: Entropy : 0.000 :: Grads : []
600 :: Rewards 116.518 :: steps: 1.00 :: Time: 0.049(0.04924/step) :: Entropy : 0.000 :: Grads : []
610 :: Rewards 116.781 :: steps: 1.00 :: Time: 0.051(0.05059/step) :: Entropy : 0.000 :: Grads : []
620 :: Rewards 119.000 :: steps: 1.00 :: Time: 0.068(0.06827/step) :: Entropy : 0.000 :: Grads : []
630 :: Rewards 121.729 :: steps: 1.00 :: Time: 0.052(0.05224/step) :: Entropy : 0.000 :: Grads : []
640 :: Rewards 125.360 :: steps: 1.00 :: Time: 0.054(0.05352/step) :: Entropy : 0.000 :: Grads : []
650 :: Rewards 128.225 :: steps: 1.00 :: Time: 0.073(0.07296/step) :: Entropy : 0.000 :: Grads : []
660 :: Rewards 133.104 :: steps: 1.00 :: Time: 0.055(0.05535/step) :: Entropy : 0.000 :: Grads : []
670 :: Rewards 138.565 :: steps: 1.00 :: Time: 0.058(0.05769/step) :: Entropy : 0.000 :: Grads : []
680 :: Rewards 144.442 :: steps: 1.00 :: Time: 0.078(0.07797/step) :: Entropy : 0.000 :: Grads : []
690 :: Rewards 150.793 :: steps: 1.00 :: Time: 0.060(0.05957/step) :: Entropy : 0.000 :: Grads : []
700 :: Rewards 156.546 :: steps: 1.00 :: Time: 0.061(0.06074/step) :: Entropy : 0.000 :: Grads : []
710 :: Rewards 162.611 :: steps: 1.00 :: Time: 0.083(0.08309/step) :: Entropy : 0.000 :: Grads : []
720 :: Rewards 169.703 :: steps: 1.00 :: Time: 0.064(0.06378/step) :: Entropy : 0.000 :: Grads : []
730 :: Rewards 176.850 :: steps: 1.00 :: Time: 0.067(0.06691/step) :: Entropy : 0.000 :: Grads : []
740 :: Rewards 184.043 :: steps: 1.00 :: Time: 0.089(0.08929/step) :: Entropy : 0.000 :: Grads : []
750 :: Rewards 188.532 :: steps: 1.00 :: Time: 0.068(0.06811/step) :: Entropy : 0.000 :: Grads : []
760 :: Rewards 195.476 :: steps: 1.00 :: Time: 0.069(0.06948/step) :: Entropy : 0.000 :: Grads : []
770 :: Rewards 199.560 :: steps: 1.00 :: Time: 0.096(0.09569/step) :: Entropy : 0.000 :: Grads : []
780 :: Rewards 205.219 :: steps: 1.00 :: Time: 0.073(0.07320/step) :: Entropy : 0.000 :: Grads : []
790 :: Rewards 210.748 :: steps: 1.00 :: Time: 0.076(0.07640/step) :: Entropy : 0.000 :: Grads : []
800 :: Rewards 215.432 :: steps: 1.00 :: Time: 0.105(0.10541/step) :: Entropy : 0.000 :: Grads : []
810 :: Rewards 219.314 :: steps: 1.00 :: Time: 0.078(0.07768/step) :: Entropy : 0.000 :: Grads : []
820 :: Rewards 223.848 :: steps: 1.00 :: Time: 0.080(0.07987/step) :: Entropy : 0.000 :: Grads : []
830 :: Rewards 227.430 :: steps: 1.00 :: Time: 0.108(0.10818/step) :: Entropy : 0.000 :: Grads : []
840 :: Rewards 230.009 :: steps: 1.00 :: Time: 0.082(0.08197/step) :: Entropy : 0.000 :: Grads : []
850 :: Rewards 232.156 :: steps: 1.00 :: Time: 0.085(0.08481/step) :: Entropy : 0.000 :: Grads : []
860 :: Rewards 233.749 :: steps: 1.00 :: Time: 0.119(0.11868/step) :: Entropy : 0.000 :: Grads : []
870 :: Rewards 234.946 :: steps: 1.00 :: Time: 0.092(0.09182/step) :: Entropy : 0.000 :: Grads : []
880 :: Rewards 237.099 :: steps: 1.00 :: Time: 0.091(0.09141/step) :: Entropy : 0.000 :: Grads : []
890 :: Rewards 239.855 :: steps: 1.00 :: Time: 0.124(0.12419/step) :: Entropy : 0.000 :: Grads : []
900 :: Rewards 243.427 :: steps: 1.00 :: Time: 0.095(0.09474/step) :: Entropy : 0.000 :: Grads : []
910 :: Rewards 246.429 :: steps: 1.00 :: Time: 0.099(0.09923/step) :: Entropy : 0.000 :: Grads : []
920 :: Rewards 250.157 :: steps: 1.00 :: Time: 0.131(0.13106/step) :: Entropy : 0.000 :: Grads : []
930 :: Rewards 253.993 :: steps: 1.00 :: Time: 0.101(0.10075/step) :: Entropy : 0.000 :: Grads : []
940 :: Rewards 257.543 :: steps: 1.00 :: Time: 0.104(0.10433/step) :: Entropy : 0.000 :: Grads : []
950 :: Rewards 261.456 :: steps: 1.00 :: Time: 0.145(0.14544/step) :: Entropy : 0.000 :: Grads : []
960 :: Rewards 265.634 :: steps: 1.00 :: Time: 0.107(0.10658/step) :: Entropy : 0.000 :: Grads : []
970 :: Rewards 269.040 :: steps: 1.00 :: Time: 0.109(0.10902/step) :: Entropy : 0.000 :: Grads : []
980 :: Rewards 272.803 :: steps: 1.00 :: Time: 0.146(0.14632/step) :: Entropy : 0.000 :: Grads : []
990 :: Rewards 276.847 :: steps: 1.00 :: Time: 0.114(0.11375/step) :: Entropy : 0.000 :: Grads : []
999 :: Rewards 280.362 :: steps: 0.90 :: Time: 0.115(0.12809/step) :: Entropy : 0.000 :: Grads : []
Total time taken: 54.0825252532959
