Module path:  Environments.NS_Reco NS_Reco
Dynamically loaded from:  <class 'Environments.NS_Reco.NS_Reco'>
Reward Amplitudes: [4.17022005e-01 7.20324493e-01 1.14374817e-04 3.02332573e-01
 1.46755891e-01] :: Avg 0.317309867282206 
Module path:  Src.Algorithms.ProWLS ProWLS
Dynamically loaded from:  <class 'Src.Algorithms.ProWLS.ProWLS'>
=====Configurations=====
 Namespace(NN_basis_dim='32', Policy_basis_dim='32', actor_lr=0.007650333890460954, algo_name='ProWLS', base=0, batch_size=1000, buffer_size=1000, debug=False, delta=5, entropy_lambda=0.03134205440723196, env_name='NS_Reco', experiment='NS_2r_', extrapolator_basis='Fourier', folder_suffix='Default', fourier_coupled=True, fourier_k=3, fourier_order=3, gamma=0.99, gauss_std=1.5, gpu=0, hyper='default', importance_clip=15.0, inc=1, log_output='term_file', max_episodes=1000, max_inner=50, max_steps=500, optim='rmsprop', oracle=-1, raw_basis=True, restore=False, save_count=100, save_model=True, seed=9, speed=2, state_lr=0.001, summary=True, swarm=False, timestamp='5|25|11:26:22')
Actions space: 5 :: State space: 1
State Low: tensor([0.]) :: State High: tensor([1.])
State features:  [('dummy_param', torch.Size([1]))]
Policy:  [('fc1.weight', torch.Size([5, 1])), ('fc1.bias', torch.Size([5]))]
0 :: Rewards -0.034 :: steps: 0.10 :: Time: 0.000(0.00062/step) :: Entropy : 0.000 :: Grads : []
10 :: Rewards -0.137 :: steps: 1.00 :: Time: 0.006(0.00607/step) :: Entropy : 0.000 :: Grads : []
20 :: Rewards -0.754 :: steps: 1.00 :: Time: 0.006(0.00601/step) :: Entropy : 0.000 :: Grads : []
30 :: Rewards -1.735 :: steps: 1.00 :: Time: 0.006(0.00610/step) :: Entropy : 0.000 :: Grads : []
40 :: Rewards -2.118 :: steps: 1.00 :: Time: 0.006(0.00593/step) :: Entropy : 0.000 :: Grads : []
50 :: Rewards -2.943 :: steps: 1.00 :: Time: 0.006(0.00597/step) :: Entropy : 0.000 :: Grads : []
60 :: Rewards -3.484 :: steps: 1.00 :: Time: 0.006(0.00605/step) :: Entropy : 0.000 :: Grads : []
70 :: Rewards -4.652 :: steps: 1.00 :: Time: 0.006(0.00609/step) :: Entropy : 0.000 :: Grads : []
80 :: Rewards -5.328 :: steps: 1.00 :: Time: 0.006(0.00615/step) :: Entropy : 0.000 :: Grads : []
90 :: Rewards -5.328 :: steps: 1.00 :: Time: 0.006(0.00636/step) :: Entropy : 0.000 :: Grads : []
100 :: Rewards -5.328 :: steps: 1.00 :: Time: 0.006(0.00647/step) :: Entropy : 0.000 :: Grads : []
110 :: Rewards -5.328 :: steps: 1.00 :: Time: 0.007(0.00657/step) :: Entropy : 0.000 :: Grads : []
120 :: Rewards -6.512 :: steps: 1.00 :: Time: 0.007(0.00657/step) :: Entropy : 0.000 :: Grads : []
130 :: Rewards -8.441 :: steps: 1.00 :: Time: 0.007(0.00669/step) :: Entropy : 0.000 :: Grads : []
140 :: Rewards -10.477 :: steps: 1.00 :: Time: 0.007(0.00685/step) :: Entropy : 0.000 :: Grads : []
150 :: Rewards -11.650 :: steps: 1.00 :: Time: 0.007(0.00684/step) :: Entropy : 0.000 :: Grads : []
160 :: Rewards -12.276 :: steps: 1.00 :: Time: 0.007(0.00702/step) :: Entropy : 0.000 :: Grads : []
170 :: Rewards -12.276 :: steps: 1.00 :: Time: 0.007(0.00718/step) :: Entropy : 0.000 :: Grads : []
180 :: Rewards -12.276 :: steps: 1.00 :: Time: 0.007(0.00736/step) :: Entropy : 0.000 :: Grads : []
190 :: Rewards -12.968 :: steps: 1.00 :: Time: 0.008(0.00790/step) :: Entropy : 0.000 :: Grads : []
200 :: Rewards -14.065 :: steps: 1.00 :: Time: 0.008(0.00797/step) :: Entropy : 0.000 :: Grads : []
210 :: Rewards -14.065 :: steps: 1.00 :: Time: 0.008(0.00823/step) :: Entropy : 0.000 :: Grads : []
220 :: Rewards -14.781 :: steps: 1.00 :: Time: 0.008(0.00842/step) :: Entropy : 0.000 :: Grads : []
230 :: Rewards -14.781 :: steps: 1.00 :: Time: 0.009(0.00857/step) :: Entropy : 0.000 :: Grads : []
240 :: Rewards -14.781 :: steps: 1.00 :: Time: 0.009(0.00880/step) :: Entropy : 0.000 :: Grads : []
250 :: Rewards -14.781 :: steps: 1.00 :: Time: 0.009(0.00902/step) :: Entropy : 0.000 :: Grads : []
260 :: Rewards -14.781 :: steps: 1.00 :: Time: 0.009(0.00923/step) :: Entropy : 0.000 :: Grads : []
270 :: Rewards -15.059 :: steps: 1.00 :: Time: 0.009(0.00943/step) :: Entropy : 0.000 :: Grads : []
280 :: Rewards -15.059 :: steps: 1.00 :: Time: 0.010(0.00954/step) :: Entropy : 0.000 :: Grads : []
290 :: Rewards -15.785 :: steps: 1.00 :: Time: 0.012(0.01234/step) :: Entropy : 0.000 :: Grads : []
300 :: Rewards -17.707 :: steps: 1.00 :: Time: 0.010(0.00973/step) :: Entropy : 0.000 :: Grads : []
310 :: Rewards -18.163 :: steps: 1.00 :: Time: 0.010(0.00991/step) :: Entropy : 0.000 :: Grads : []
320 :: Rewards -18.293 :: steps: 1.00 :: Time: 0.010(0.01013/step) :: Entropy : 0.000 :: Grads : []
330 :: Rewards -18.293 :: steps: 1.00 :: Time: 0.010(0.01041/step) :: Entropy : 0.000 :: Grads : []
340 :: Rewards -19.348 :: steps: 1.00 :: Time: 0.010(0.01050/step) :: Entropy : 0.000 :: Grads : []
350 :: Rewards -20.077 :: steps: 1.00 :: Time: 0.011(0.01073/step) :: Entropy : 0.000 :: Grads : []
360 :: Rewards -20.736 :: steps: 1.00 :: Time: 0.011(0.01092/step) :: Entropy : 0.000 :: Grads : []
370 :: Rewards -21.239 :: steps: 1.00 :: Time: 0.011(0.01126/step) :: Entropy : 0.000 :: Grads : []
380 :: Rewards -22.112 :: steps: 1.00 :: Time: 0.011(0.01136/step) :: Entropy : 0.000 :: Grads : []
390 :: Rewards -22.869 :: steps: 1.00 :: Time: 0.012(0.01203/step) :: Entropy : 0.000 :: Grads : []
400 :: Rewards -23.157 :: steps: 1.00 :: Time: 0.012(0.01235/step) :: Entropy : 0.000 :: Grads : []
410 :: Rewards -23.411 :: steps: 1.00 :: Time: 0.012(0.01236/step) :: Entropy : 0.000 :: Grads : []
420 :: Rewards -23.727 :: steps: 1.00 :: Time: 0.012(0.01246/step) :: Entropy : 0.000 :: Grads : []
430 :: Rewards -24.010 :: steps: 1.00 :: Time: 0.013(0.01274/step) :: Entropy : 0.000 :: Grads : []
440 :: Rewards -24.150 :: steps: 1.00 :: Time: 0.013(0.01285/step) :: Entropy : 0.000 :: Grads : []
450 :: Rewards -24.490 :: steps: 1.00 :: Time: 0.013(0.01321/step) :: Entropy : 0.000 :: Grads : []
460 :: Rewards -25.311 :: steps: 1.00 :: Time: 0.013(0.01343/step) :: Entropy : 0.000 :: Grads : []
470 :: Rewards -25.370 :: steps: 1.00 :: Time: 0.014(0.01395/step) :: Entropy : 0.000 :: Grads : []
480 :: Rewards -25.636 :: steps: 1.00 :: Time: 0.014(0.01380/step) :: Entropy : 0.000 :: Grads : []
490 :: Rewards -26.070 :: steps: 1.00 :: Time: 0.014(0.01420/step) :: Entropy : 0.000 :: Grads : []
500 :: Rewards -26.183 :: steps: 1.00 :: Time: 0.015(0.01535/step) :: Entropy : 0.000 :: Grads : []
510 :: Rewards -26.246 :: steps: 1.00 :: Time: 0.015(0.01458/step) :: Entropy : 0.000 :: Grads : []
520 :: Rewards -26.463 :: steps: 1.00 :: Time: 0.014(0.01410/step) :: Entropy : 0.000 :: Grads : []
530 :: Rewards -26.850 :: steps: 1.00 :: Time: 0.015(0.01451/step) :: Entropy : 0.000 :: Grads : []
540 :: Rewards -27.318 :: steps: 1.00 :: Time: 0.015(0.01486/step) :: Entropy : 0.000 :: Grads : []
550 :: Rewards -27.788 :: steps: 1.00 :: Time: 0.015(0.01540/step) :: Entropy : 0.000 :: Grads : []
560 :: Rewards -28.451 :: steps: 1.00 :: Time: 0.016(0.01559/step) :: Entropy : 0.000 :: Grads : []
570 :: Rewards -29.057 :: steps: 1.00 :: Time: 0.016(0.01621/step) :: Entropy : 0.000 :: Grads : []
580 :: Rewards -29.629 :: steps: 1.00 :: Time: 0.017(0.01658/step) :: Entropy : 0.000 :: Grads : []
590 :: Rewards -29.945 :: steps: 1.00 :: Time: 0.016(0.01629/step) :: Entropy : 0.000 :: Grads : []
600 :: Rewards -30.189 :: steps: 1.00 :: Time: 0.016(0.01618/step) :: Entropy : 0.000 :: Grads : []
610 :: Rewards -30.599 :: steps: 1.00 :: Time: 0.017(0.01679/step) :: Entropy : 0.000 :: Grads : []
620 :: Rewards -30.599 :: steps: 1.00 :: Time: 0.017(0.01679/step) :: Entropy : 0.000 :: Grads : []
630 :: Rewards -30.599 :: steps: 1.00 :: Time: 0.018(0.01767/step) :: Entropy : 0.000 :: Grads : []
640 :: Rewards -31.003 :: steps: 1.00 :: Time: 0.019(0.01904/step) :: Entropy : 0.000 :: Grads : []
650 :: Rewards -31.003 :: steps: 1.00 :: Time: 0.018(0.01816/step) :: Entropy : 0.000 :: Grads : []
660 :: Rewards -31.003 :: steps: 1.00 :: Time: 0.018(0.01791/step) :: Entropy : 0.000 :: Grads : []
670 :: Rewards -31.079 :: steps: 1.00 :: Time: 0.018(0.01837/step) :: Entropy : 0.000 :: Grads : []
680 :: Rewards -31.153 :: steps: 1.00 :: Time: 0.019(0.01856/step) :: Entropy : 0.000 :: Grads : []
690 :: Rewards -31.226 :: steps: 1.00 :: Time: 0.019(0.01927/step) :: Entropy : 0.000 :: Grads : []
700 :: Rewards -31.294 :: steps: 1.00 :: Time: 0.019(0.01913/step) :: Entropy : 0.000 :: Grads : []
710 :: Rewards -31.367 :: steps: 1.00 :: Time: 0.020(0.01999/step) :: Entropy : 0.000 :: Grads : []
720 :: Rewards -31.367 :: steps: 1.00 :: Time: 0.020(0.02016/step) :: Entropy : 0.000 :: Grads : []
730 :: Rewards -31.393 :: steps: 1.00 :: Time: 0.021(0.02121/step) :: Entropy : 0.000 :: Grads : []
740 :: Rewards -31.404 :: steps: 1.00 :: Time: 0.021(0.02142/step) :: Entropy : 0.000 :: Grads : []
750 :: Rewards -31.420 :: steps: 1.00 :: Time: 0.022(0.02227/step) :: Entropy : 0.000 :: Grads : []
760 :: Rewards -31.468 :: steps: 1.00 :: Time: 0.022(0.02230/step) :: Entropy : 0.000 :: Grads : []
770 :: Rewards -31.613 :: steps: 1.00 :: Time: 0.024(0.02382/step) :: Entropy : 0.000 :: Grads : []
780 :: Rewards -31.750 :: steps: 1.00 :: Time: 0.024(0.02402/step) :: Entropy : 0.000 :: Grads : []
790 :: Rewards -31.964 :: steps: 1.00 :: Time: 0.024(0.02447/step) :: Entropy : 0.000 :: Grads : []
800 :: Rewards -32.138 :: steps: 1.00 :: Time: 0.025(0.02490/step) :: Entropy : 0.000 :: Grads : []
810 :: Rewards -32.214 :: steps: 1.00 :: Time: 0.026(0.02589/step) :: Entropy : 0.000 :: Grads : []
820 :: Rewards -32.421 :: steps: 1.00 :: Time: 0.026(0.02649/step) :: Entropy : 0.000 :: Grads : []
830 :: Rewards -32.471 :: steps: 1.00 :: Time: 0.027(0.02722/step) :: Entropy : 0.000 :: Grads : []
840 :: Rewards -32.753 :: steps: 1.00 :: Time: 0.027(0.02731/step) :: Entropy : 0.000 :: Grads : []
850 :: Rewards -33.078 :: steps: 1.00 :: Time: 0.029(0.02896/step) :: Entropy : 0.000 :: Grads : []
860 :: Rewards -33.206 :: steps: 1.00 :: Time: 0.030(0.03012/step) :: Entropy : 0.000 :: Grads : []
870 :: Rewards -33.588 :: steps: 1.00 :: Time: 0.030(0.02956/step) :: Entropy : 0.000 :: Grads : []
880 :: Rewards -33.615 :: steps: 1.00 :: Time: 0.030(0.02971/step) :: Entropy : 0.000 :: Grads : []
890 :: Rewards -34.335 :: steps: 1.00 :: Time: 0.031(0.03063/step) :: Entropy : 0.000 :: Grads : []
900 :: Rewards -35.265 :: steps: 1.00 :: Time: 0.031(0.03131/step) :: Entropy : 0.000 :: Grads : []
910 :: Rewards -36.850 :: steps: 1.00 :: Time: 0.032(0.03187/step) :: Entropy : 0.000 :: Grads : []
920 :: Rewards -38.821 :: steps: 1.00 :: Time: 0.032(0.03184/step) :: Entropy : 0.000 :: Grads : []
930 :: Rewards -41.409 :: steps: 1.00 :: Time: 0.033(0.03278/step) :: Entropy : 0.000 :: Grads : []
940 :: Rewards -44.517 :: steps: 1.00 :: Time: 0.033(0.03325/step) :: Entropy : 0.000 :: Grads : []
950 :: Rewards -48.199 :: steps: 1.00 :: Time: 0.034(0.03425/step) :: Entropy : 0.000 :: Grads : []
960 :: Rewards -51.950 :: steps: 1.00 :: Time: 0.034(0.03418/step) :: Entropy : 0.000 :: Grads : []
970 :: Rewards -56.135 :: steps: 1.00 :: Time: 0.035(0.03521/step) :: Entropy : 0.000 :: Grads : []
980 :: Rewards -60.254 :: steps: 1.00 :: Time: 0.035(0.03530/step) :: Entropy : 0.000 :: Grads : []
990 :: Rewards -63.695 :: steps: 1.00 :: Time: 0.036(0.03613/step) :: Entropy : 0.000 :: Grads : []
999 :: Rewards -64.214 :: steps: 0.90 :: Time: 0.036(0.04031/step) :: Entropy : 0.000 :: Grads : []
Total time taken: 16.645873308181763
