Module path:  Environments.NS_Reco NS_Reco
Dynamically loaded from:  <class 'Environments.NS_Reco.NS_Reco'>
Reward Amplitudes: [4.17022005e-01 7.20324493e-01 1.14374817e-04 3.02332573e-01
 1.46755891e-01] :: Avg 0.317309867282206 
Module path:  Src.Algorithms.ProWLS ProWLS
Dynamically loaded from:  <class 'Src.Algorithms.ProWLS.ProWLS'>
=====Configurations=====
 Namespace(NN_basis_dim='32', Policy_basis_dim='32', actor_lr=0.0017966647558361548, algo_name='ProWLS', base=0, batch_size=1000, buffer_size=1000, debug=False, delta=1, entropy_lambda=0.006997441955638448, env_name='NS_Reco', experiment='NS_1_', extrapolator_basis='Fourier', folder_suffix='Default', fourier_coupled=True, fourier_k=3, fourier_order=3, gamma=0.99, gauss_std=1.5, gpu=0, hyper='default', importance_clip=10.0, inc=1, log_output='term_file', max_episodes=1000, max_inner=30, max_steps=500, optim='rmsprop', oracle=-1, raw_basis=True, restore=False, save_count=100, save_model=True, seed=20, speed=1, state_lr=0.001, summary=True, swarm=False, timestamp='5|24|21:41:12')
Actions space: 5 :: State space: 1
State Low: tensor([0.]) :: State High: tensor([1.])
State features:  [('dummy_param', torch.Size([1]))]
Policy:  [('fc1.weight', torch.Size([5, 1])), ('fc1.bias', torch.Size([5]))]
0 :: Rewards 0.001 :: steps: 0.10 :: Time: 0.000(0.00061/step) :: Entropy : 0.000 :: Grads : []
10 :: Rewards 0.103 :: steps: 1.00 :: Time: 0.014(0.01360/step) :: Entropy : 0.000 :: Grads : []
20 :: Rewards 0.242 :: steps: 1.00 :: Time: 0.017(0.01699/step) :: Entropy : 0.000 :: Grads : []
30 :: Rewards 0.556 :: steps: 1.00 :: Time: 0.018(0.01762/step) :: Entropy : 0.000 :: Grads : []
40 :: Rewards 1.453 :: steps: 1.00 :: Time: 0.017(0.01704/step) :: Entropy : 0.000 :: Grads : []
50 :: Rewards 2.460 :: steps: 1.00 :: Time: 0.017(0.01723/step) :: Entropy : 0.000 :: Grads : []
60 :: Rewards 3.763 :: steps: 1.00 :: Time: 0.017(0.01731/step) :: Entropy : 0.000 :: Grads : []
70 :: Rewards 5.197 :: steps: 1.00 :: Time: 0.018(0.01755/step) :: Entropy : 0.000 :: Grads : []
80 :: Rewards 6.832 :: steps: 1.00 :: Time: 0.018(0.01791/step) :: Entropy : 0.000 :: Grads : []
90 :: Rewards 8.627 :: steps: 1.00 :: Time: 0.018(0.01810/step) :: Entropy : 0.000 :: Grads : []
100 :: Rewards 11.032 :: steps: 1.00 :: Time: 0.018(0.01834/step) :: Entropy : 0.000 :: Grads : []
110 :: Rewards 13.408 :: steps: 1.00 :: Time: 0.019(0.01862/step) :: Entropy : 0.000 :: Grads : []
120 :: Rewards 16.301 :: steps: 1.00 :: Time: 0.019(0.01891/step) :: Entropy : 0.000 :: Grads : []
130 :: Rewards 19.383 :: steps: 1.00 :: Time: 0.019(0.01922/step) :: Entropy : 0.000 :: Grads : []
140 :: Rewards 22.531 :: steps: 1.00 :: Time: 0.020(0.01955/step) :: Entropy : 0.000 :: Grads : []
150 :: Rewards 25.722 :: steps: 1.00 :: Time: 0.020(0.01984/step) :: Entropy : 0.000 :: Grads : []
160 :: Rewards 29.085 :: steps: 1.00 :: Time: 0.020(0.02016/step) :: Entropy : 0.000 :: Grads : []
170 :: Rewards 32.787 :: steps: 1.00 :: Time: 0.021(0.02052/step) :: Entropy : 0.000 :: Grads : []
180 :: Rewards 37.047 :: steps: 1.00 :: Time: 0.021(0.02088/step) :: Entropy : 0.000 :: Grads : []
190 :: Rewards 41.165 :: steps: 1.00 :: Time: 0.022(0.02196/step) :: Entropy : 0.000 :: Grads : []
200 :: Rewards 44.925 :: steps: 1.00 :: Time: 0.022(0.02227/step) :: Entropy : 0.000 :: Grads : []
210 :: Rewards 49.377 :: steps: 1.00 :: Time: 0.023(0.02270/step) :: Entropy : 0.000 :: Grads : []
220 :: Rewards 54.423 :: steps: 1.00 :: Time: 0.023(0.02312/step) :: Entropy : 0.000 :: Grads : []
230 :: Rewards 59.607 :: steps: 1.00 :: Time: 0.024(0.02385/step) :: Entropy : 0.000 :: Grads : []
240 :: Rewards 64.454 :: steps: 1.00 :: Time: 0.024(0.02435/step) :: Entropy : 0.000 :: Grads : []
250 :: Rewards 70.003 :: steps: 1.00 :: Time: 0.025(0.02483/step) :: Entropy : 0.000 :: Grads : []
260 :: Rewards 75.701 :: steps: 1.00 :: Time: 0.025(0.02544/step) :: Entropy : 0.000 :: Grads : []
270 :: Rewards 80.976 :: steps: 1.00 :: Time: 0.026(0.02591/step) :: Entropy : 0.000 :: Grads : []
280 :: Rewards 86.995 :: steps: 1.00 :: Time: 0.026(0.02628/step) :: Entropy : 0.000 :: Grads : []
290 :: Rewards 93.155 :: steps: 1.00 :: Time: 0.027(0.02660/step) :: Entropy : 0.000 :: Grads : []
300 :: Rewards 99.389 :: steps: 1.00 :: Time: 0.027(0.02672/step) :: Entropy : 0.000 :: Grads : []
310 :: Rewards 105.146 :: steps: 1.00 :: Time: 0.027(0.02710/step) :: Entropy : 0.000 :: Grads : []
320 :: Rewards 111.654 :: steps: 1.00 :: Time: 0.028(0.02772/step) :: Entropy : 0.000 :: Grads : []
330 :: Rewards 118.298 :: steps: 1.00 :: Time: 0.029(0.02854/step) :: Entropy : 0.000 :: Grads : []
340 :: Rewards 124.991 :: steps: 1.00 :: Time: 0.033(0.03281/step) :: Entropy : 0.000 :: Grads : []
350 :: Rewards 131.319 :: steps: 1.00 :: Time: 0.030(0.03047/step) :: Entropy : 0.000 :: Grads : []
360 :: Rewards 137.613 :: steps: 1.00 :: Time: 0.035(0.03479/step) :: Entropy : 0.000 :: Grads : []
370 :: Rewards 142.946 :: steps: 1.00 :: Time: 0.033(0.03323/step) :: Entropy : 0.000 :: Grads : []
380 :: Rewards 149.945 :: steps: 1.00 :: Time: 0.033(0.03314/step) :: Entropy : 0.000 :: Grads : []
390 :: Rewards 157.020 :: steps: 1.00 :: Time: 0.034(0.03415/step) :: Entropy : 0.000 :: Grads : []
400 :: Rewards 162.941 :: steps: 1.00 :: Time: 0.035(0.03481/step) :: Entropy : 0.000 :: Grads : []
410 :: Rewards 170.096 :: steps: 1.00 :: Time: 0.033(0.03273/step) :: Entropy : 0.000 :: Grads : []
420 :: Rewards 177.280 :: steps: 1.00 :: Time: 0.033(0.03333/step) :: Entropy : 0.000 :: Grads : []
430 :: Rewards 184.489 :: steps: 1.00 :: Time: 0.034(0.03394/step) :: Entropy : 0.000 :: Grads : []
440 :: Rewards 191.712 :: steps: 1.00 :: Time: 0.034(0.03432/step) :: Entropy : 0.000 :: Grads : []
450 :: Rewards 197.470 :: steps: 1.00 :: Time: 0.035(0.03498/step) :: Entropy : 0.000 :: Grads : []
460 :: Rewards 204.708 :: steps: 1.00 :: Time: 0.035(0.03536/step) :: Entropy : 0.000 :: Grads : []
470 :: Rewards 211.532 :: steps: 1.00 :: Time: 0.036(0.03622/step) :: Entropy : 0.000 :: Grads : []
480 :: Rewards 218.393 :: steps: 1.00 :: Time: 0.037(0.03655/step) :: Entropy : 0.000 :: Grads : []
490 :: Rewards 224.887 :: steps: 1.00 :: Time: 0.037(0.03706/step) :: Entropy : 0.000 :: Grads : []
500 :: Rewards 231.960 :: steps: 1.00 :: Time: 0.037(0.03742/step) :: Entropy : 0.000 :: Grads : []
510 :: Rewards 238.963 :: steps: 1.00 :: Time: 0.040(0.04040/step) :: Entropy : 0.000 :: Grads : []
520 :: Rewards 245.335 :: steps: 1.00 :: Time: 0.039(0.03908/step) :: Entropy : 0.000 :: Grads : []
530 :: Rewards 252.180 :: steps: 1.00 :: Time: 0.040(0.03979/step) :: Entropy : 0.000 :: Grads : []
540 :: Rewards 258.567 :: steps: 1.00 :: Time: 0.040(0.04030/step) :: Entropy : 0.000 :: Grads : []
550 :: Rewards 265.195 :: steps: 1.00 :: Time: 0.041(0.04114/step) :: Entropy : 0.000 :: Grads : []
560 :: Rewards 271.046 :: steps: 1.00 :: Time: 0.043(0.04287/step) :: Entropy : 0.000 :: Grads : []
570 :: Rewards 277.023 :: steps: 1.00 :: Time: 0.043(0.04260/step) :: Entropy : 0.000 :: Grads : []
580 :: Rewards 283.404 :: steps: 1.00 :: Time: 0.044(0.04357/step) :: Entropy : 0.000 :: Grads : []
590 :: Rewards 289.664 :: steps: 1.00 :: Time: 0.044(0.04436/step) :: Entropy : 0.000 :: Grads : []
600 :: Rewards 295.786 :: steps: 1.00 :: Time: 0.045(0.04526/step) :: Entropy : 0.000 :: Grads : []
610 :: Rewards 301.750 :: steps: 1.00 :: Time: 0.046(0.04632/step) :: Entropy : 0.000 :: Grads : []
620 :: Rewards 307.378 :: steps: 1.00 :: Time: 0.047(0.04652/step) :: Entropy : 0.000 :: Grads : []
630 :: Rewards 313.007 :: steps: 1.00 :: Time: 0.047(0.04736/step) :: Entropy : 0.000 :: Grads : []
640 :: Rewards 318.332 :: steps: 1.00 :: Time: 0.048(0.04803/step) :: Entropy : 0.000 :: Grads : []
650 :: Rewards 323.681 :: steps: 1.00 :: Time: 0.049(0.04949/step) :: Entropy : 0.000 :: Grads : []
660 :: Rewards 328.814 :: steps: 1.00 :: Time: 0.050(0.05032/step) :: Entropy : 0.000 :: Grads : []
670 :: Rewards 333.291 :: steps: 1.00 :: Time: 0.052(0.05151/step) :: Entropy : 0.000 :: Grads : []
680 :: Rewards 337.761 :: steps: 1.00 :: Time: 0.052(0.05214/step) :: Entropy : 0.000 :: Grads : []
690 :: Rewards 341.842 :: steps: 1.00 :: Time: 0.054(0.05433/step) :: Entropy : 0.000 :: Grads : []
700 :: Rewards 346.116 :: steps: 1.00 :: Time: 0.055(0.05526/step) :: Entropy : 0.000 :: Grads : []
710 :: Rewards 350.338 :: steps: 1.00 :: Time: 0.057(0.05715/step) :: Entropy : 0.000 :: Grads : []
720 :: Rewards 354.325 :: steps: 1.00 :: Time: 0.058(0.05753/step) :: Entropy : 0.000 :: Grads : []
730 :: Rewards 358.085 :: steps: 1.00 :: Time: 0.062(0.06230/step) :: Entropy : 0.000 :: Grads : []
740 :: Rewards 361.504 :: steps: 1.00 :: Time: 0.059(0.05949/step) :: Entropy : 0.000 :: Grads : []
750 :: Rewards 364.848 :: steps: 1.00 :: Time: 0.061(0.06121/step) :: Entropy : 0.000 :: Grads : []
760 :: Rewards 367.904 :: steps: 1.00 :: Time: 0.063(0.06287/step) :: Entropy : 0.000 :: Grads : []
770 :: Rewards 370.889 :: steps: 1.00 :: Time: 0.064(0.06419/step) :: Entropy : 0.000 :: Grads : []
780 :: Rewards 373.750 :: steps: 1.00 :: Time: 0.064(0.06444/step) :: Entropy : 0.000 :: Grads : []
790 :: Rewards 376.711 :: steps: 1.00 :: Time: 0.065(0.06550/step) :: Entropy : 0.000 :: Grads : []
800 :: Rewards 379.643 :: steps: 1.00 :: Time: 0.069(0.06945/step) :: Entropy : 0.000 :: Grads : []
810 :: Rewards 382.923 :: steps: 1.00 :: Time: 0.070(0.07044/step) :: Entropy : 0.000 :: Grads : []
820 :: Rewards 386.086 :: steps: 1.00 :: Time: 0.072(0.07177/step) :: Entropy : 0.000 :: Grads : []
830 :: Rewards 389.299 :: steps: 1.00 :: Time: 0.075(0.07497/step) :: Entropy : 0.000 :: Grads : []
840 :: Rewards 392.373 :: steps: 1.00 :: Time: 0.076(0.07578/step) :: Entropy : 0.000 :: Grads : []
850 :: Rewards 395.446 :: steps: 1.00 :: Time: 0.077(0.07654/step) :: Entropy : 0.000 :: Grads : []
860 :: Rewards 398.428 :: steps: 1.00 :: Time: 0.078(0.07841/step) :: Entropy : 0.000 :: Grads : []
870 :: Rewards 401.251 :: steps: 1.00 :: Time: 0.079(0.07921/step) :: Entropy : 0.000 :: Grads : []
880 :: Rewards 403.998 :: steps: 1.00 :: Time: 0.082(0.08247/step) :: Entropy : 0.000 :: Grads : []
890 :: Rewards 406.650 :: steps: 1.00 :: Time: 0.085(0.08458/step) :: Entropy : 0.000 :: Grads : []
900 :: Rewards 409.305 :: steps: 1.00 :: Time: 0.098(0.09790/step) :: Entropy : 0.000 :: Grads : []
910 :: Rewards 411.831 :: steps: 1.00 :: Time: 0.091(0.09056/step) :: Entropy : 0.000 :: Grads : []
920 :: Rewards 414.269 :: steps: 1.00 :: Time: 0.093(0.09260/step) :: Entropy : 0.000 :: Grads : []
930 :: Rewards 416.667 :: steps: 1.00 :: Time: 0.088(0.08758/step) :: Entropy : 0.000 :: Grads : []
940 :: Rewards 418.888 :: steps: 1.00 :: Time: 0.088(0.08796/step) :: Entropy : 0.000 :: Grads : []
950 :: Rewards 421.027 :: steps: 1.00 :: Time: 0.091(0.09080/step) :: Entropy : 0.000 :: Grads : []
960 :: Rewards 423.035 :: steps: 1.00 :: Time: 0.094(0.09395/step) :: Entropy : 0.000 :: Grads : []
970 :: Rewards 424.964 :: steps: 1.00 :: Time: 0.104(0.10382/step) :: Entropy : 0.000 :: Grads : []
980 :: Rewards 426.842 :: steps: 1.00 :: Time: 0.098(0.09767/step) :: Entropy : 0.000 :: Grads : []
990 :: Rewards 428.614 :: steps: 1.00 :: Time: 0.098(0.09798/step) :: Entropy : 0.000 :: Grads : []
999 :: Rewards 430.118 :: steps: 0.90 :: Time: 0.090(0.10011/step) :: Entropy : 0.000 :: Grads : []
Total time taken: 45.68627095222473
