Module path:  Environments.NS_Reco NS_Reco
Dynamically loaded from:  <class 'Environments.NS_Reco.NS_Reco'>
Reward Amplitudes: [4.17022005e-01 7.20324493e-01 1.14374817e-04 3.02332573e-01
 1.46755891e-01] :: Avg 0.317309867282206 
Module path:  Src.Algorithms.ProOLS ProOLS
Dynamically loaded from:  <class 'Src.Algorithms.ProOLS.ProOLS'>
=====Configurations=====
 Namespace(NN_basis_dim='32', Policy_basis_dim='32', actor_lr=0.006330904637554062, algo_name='ProOLS', base=0, batch_size=1000, buffer_size=1000, debug=False, delta=1, entropy_lambda=0.05062512794041892, env_name='NS_Reco', experiment='NS_4_', extrapolator_basis='Fourier', folder_suffix='Default', fourier_coupled=True, fourier_k=5, fourier_order=3, gamma=0.99, gauss_std=1.5, gpu=0, hyper='default', importance_clip=5.0, inc=1, log_output='term_file', max_episodes=1000, max_inner=20, max_steps=500, optim='rmsprop', oracle=-1, raw_basis=True, restore=False, save_count=100, save_model=True, seed=12, speed=4, state_lr=0.001, summary=True, swarm=False, timestamp='5|24|22:46:57')
Actions space: 5 :: State space: 1
State Low: tensor([0.]) :: State High: tensor([1.])
State features:  [('dummy_param', torch.Size([1]))]
Policy:  [('fc1.weight', torch.Size([5, 1])), ('fc1.bias', torch.Size([5]))]
0 :: Rewards -0.005 :: steps: 0.10 :: Time: 0.000(0.00064/step) :: Entropy : 0.000 :: Grads : []
10 :: Rewards 0.074 :: steps: 1.00 :: Time: 0.006(0.00584/step) :: Entropy : 0.000 :: Grads : []
20 :: Rewards 1.061 :: steps: 1.00 :: Time: 0.009(0.00932/step) :: Entropy : 0.000 :: Grads : []
30 :: Rewards 2.463 :: steps: 1.00 :: Time: 0.009(0.00945/step) :: Entropy : 0.000 :: Grads : []
40 :: Rewards 4.630 :: steps: 1.00 :: Time: 0.009(0.00909/step) :: Entropy : 0.000 :: Grads : []
50 :: Rewards 8.299 :: steps: 1.00 :: Time: 0.009(0.00931/step) :: Entropy : 0.000 :: Grads : []
60 :: Rewards 12.069 :: steps: 1.00 :: Time: 0.009(0.00921/step) :: Entropy : 0.000 :: Grads : []
70 :: Rewards 17.255 :: steps: 1.00 :: Time: 0.009(0.00942/step) :: Entropy : 0.000 :: Grads : []
80 :: Rewards 23.590 :: steps: 1.00 :: Time: 0.009(0.00948/step) :: Entropy : 0.000 :: Grads : []
90 :: Rewards 30.354 :: steps: 1.00 :: Time: 0.010(0.00950/step) :: Entropy : 0.000 :: Grads : []
100 :: Rewards 37.388 :: steps: 1.00 :: Time: 0.010(0.00961/step) :: Entropy : 0.000 :: Grads : []
110 :: Rewards 44.589 :: steps: 1.00 :: Time: 0.010(0.00969/step) :: Entropy : 0.000 :: Grads : []
120 :: Rewards 51.764 :: steps: 1.00 :: Time: 0.010(0.00975/step) :: Entropy : 0.000 :: Grads : []
130 :: Rewards 58.794 :: steps: 1.00 :: Time: 0.010(0.00982/step) :: Entropy : 0.000 :: Grads : []
140 :: Rewards 65.532 :: steps: 1.00 :: Time: 0.010(0.01003/step) :: Entropy : 0.000 :: Grads : []
150 :: Rewards 71.835 :: steps: 1.00 :: Time: 0.010(0.01013/step) :: Entropy : 0.000 :: Grads : []
160 :: Rewards 77.550 :: steps: 1.00 :: Time: 0.010(0.01013/step) :: Entropy : 0.000 :: Grads : []
170 :: Rewards 82.596 :: steps: 1.00 :: Time: 0.010(0.01016/step) :: Entropy : 0.000 :: Grads : []
180 :: Rewards 86.829 :: steps: 1.00 :: Time: 0.010(0.01023/step) :: Entropy : 0.000 :: Grads : []
190 :: Rewards 90.179 :: steps: 1.00 :: Time: 0.010(0.01027/step) :: Entropy : 0.000 :: Grads : []
200 :: Rewards 92.609 :: steps: 1.00 :: Time: 0.010(0.01045/step) :: Entropy : 0.000 :: Grads : []
210 :: Rewards 94.058 :: steps: 1.00 :: Time: 0.010(0.01047/step) :: Entropy : 0.000 :: Grads : []
220 :: Rewards 94.978 :: steps: 1.00 :: Time: 0.011(0.01062/step) :: Entropy : 0.000 :: Grads : []
230 :: Rewards 96.385 :: steps: 1.00 :: Time: 0.011(0.01059/step) :: Entropy : 0.000 :: Grads : []
240 :: Rewards 97.943 :: steps: 1.00 :: Time: 0.011(0.01061/step) :: Entropy : 0.000 :: Grads : []
250 :: Rewards 99.265 :: steps: 1.00 :: Time: 0.011(0.01069/step) :: Entropy : 0.000 :: Grads : []
260 :: Rewards 100.328 :: steps: 1.00 :: Time: 0.011(0.01110/step) :: Entropy : 0.000 :: Grads : []
270 :: Rewards 101.123 :: steps: 1.00 :: Time: 0.011(0.01117/step) :: Entropy : 0.000 :: Grads : []
280 :: Rewards 101.677 :: steps: 1.00 :: Time: 0.011(0.01131/step) :: Entropy : 0.000 :: Grads : []
290 :: Rewards 101.608 :: steps: 1.00 :: Time: 0.011(0.01136/step) :: Entropy : 0.000 :: Grads : []
300 :: Rewards 101.860 :: steps: 1.00 :: Time: 0.011(0.01146/step) :: Entropy : 0.000 :: Grads : []
310 :: Rewards 101.841 :: steps: 1.00 :: Time: 0.012(0.01162/step) :: Entropy : 0.000 :: Grads : []
320 :: Rewards 102.243 :: steps: 1.00 :: Time: 0.012(0.01184/step) :: Entropy : 0.000 :: Grads : []
330 :: Rewards 102.719 :: steps: 1.00 :: Time: 0.012(0.01200/step) :: Entropy : 0.000 :: Grads : []
340 :: Rewards 103.009 :: steps: 1.00 :: Time: 0.012(0.01215/step) :: Entropy : 0.000 :: Grads : []
350 :: Rewards 102.245 :: steps: 1.00 :: Time: 0.012(0.01225/step) :: Entropy : 0.000 :: Grads : []
360 :: Rewards 102.046 :: steps: 1.00 :: Time: 0.012(0.01240/step) :: Entropy : 0.000 :: Grads : []
370 :: Rewards 101.480 :: steps: 1.00 :: Time: 0.013(0.01264/step) :: Entropy : 0.000 :: Grads : []
380 :: Rewards 101.444 :: steps: 1.00 :: Time: 0.013(0.01277/step) :: Entropy : 0.000 :: Grads : []
390 :: Rewards 100.708 :: steps: 1.00 :: Time: 0.013(0.01274/step) :: Entropy : 0.000 :: Grads : []
400 :: Rewards 100.367 :: steps: 1.00 :: Time: 0.013(0.01297/step) :: Entropy : 0.000 :: Grads : []
410 :: Rewards 99.202 :: steps: 1.00 :: Time: 0.013(0.01305/step) :: Entropy : 0.000 :: Grads : []
420 :: Rewards 98.670 :: steps: 1.00 :: Time: 0.013(0.01338/step) :: Entropy : 0.000 :: Grads : []
430 :: Rewards 98.354 :: steps: 1.00 :: Time: 0.014(0.01360/step) :: Entropy : 0.000 :: Grads : []
440 :: Rewards 97.304 :: steps: 1.00 :: Time: 0.014(0.01364/step) :: Entropy : 0.000 :: Grads : []
450 :: Rewards 96.828 :: steps: 1.00 :: Time: 0.014(0.01372/step) :: Entropy : 0.000 :: Grads : []
460 :: Rewards 96.344 :: steps: 1.00 :: Time: 0.014(0.01369/step) :: Entropy : 0.000 :: Grads : []
470 :: Rewards 95.388 :: steps: 1.00 :: Time: 0.014(0.01385/step) :: Entropy : 0.000 :: Grads : []
480 :: Rewards 95.392 :: steps: 1.00 :: Time: 0.014(0.01390/step) :: Entropy : 0.000 :: Grads : []
490 :: Rewards 96.329 :: steps: 1.00 :: Time: 0.014(0.01392/step) :: Entropy : 0.000 :: Grads : []
500 :: Rewards 99.444 :: steps: 1.00 :: Time: 0.014(0.01413/step) :: Entropy : 0.000 :: Grads : []
510 :: Rewards 104.097 :: steps: 1.00 :: Time: 0.014(0.01418/step) :: Entropy : 0.000 :: Grads : []
520 :: Rewards 110.471 :: steps: 1.00 :: Time: 0.015(0.01462/step) :: Entropy : 0.000 :: Grads : []
530 :: Rewards 117.278 :: steps: 1.00 :: Time: 0.014(0.01429/step) :: Entropy : 0.000 :: Grads : []
540 :: Rewards 124.336 :: steps: 1.00 :: Time: 0.014(0.01437/step) :: Entropy : 0.000 :: Grads : []
550 :: Rewards 131.491 :: steps: 1.00 :: Time: 0.015(0.01460/step) :: Entropy : 0.000 :: Grads : []
560 :: Rewards 138.632 :: steps: 1.00 :: Time: 0.015(0.01472/step) :: Entropy : 0.000 :: Grads : []
570 :: Rewards 145.605 :: steps: 1.00 :: Time: 0.015(0.01479/step) :: Entropy : 0.000 :: Grads : []
580 :: Rewards 152.308 :: steps: 1.00 :: Time: 0.015(0.01488/step) :: Entropy : 0.000 :: Grads : []
590 :: Rewards 158.603 :: steps: 1.00 :: Time: 0.015(0.01494/step) :: Entropy : 0.000 :: Grads : []
600 :: Rewards 164.247 :: steps: 1.00 :: Time: 0.015(0.01504/step) :: Entropy : 0.000 :: Grads : []
610 :: Rewards 169.225 :: steps: 1.00 :: Time: 0.015(0.01503/step) :: Entropy : 0.000 :: Grads : []
620 :: Rewards 173.383 :: steps: 1.00 :: Time: 0.015(0.01512/step) :: Entropy : 0.000 :: Grads : []
630 :: Rewards 176.543 :: steps: 1.00 :: Time: 0.015(0.01508/step) :: Entropy : 0.000 :: Grads : []
640 :: Rewards 178.883 :: steps: 1.00 :: Time: 0.015(0.01532/step) :: Entropy : 0.000 :: Grads : []
650 :: Rewards 180.385 :: steps: 1.00 :: Time: 0.015(0.01507/step) :: Entropy : 0.000 :: Grads : []
660 :: Rewards 181.083 :: steps: 1.00 :: Time: 0.015(0.01538/step) :: Entropy : 0.000 :: Grads : []
670 :: Rewards 181.619 :: steps: 1.00 :: Time: 0.015(0.01543/step) :: Entropy : 0.000 :: Grads : []
680 :: Rewards 184.490 :: steps: 1.00 :: Time: 0.015(0.01538/step) :: Entropy : 0.000 :: Grads : []
690 :: Rewards 188.456 :: steps: 1.00 :: Time: 0.015(0.01549/step) :: Entropy : 0.000 :: Grads : []
700 :: Rewards 192.395 :: steps: 1.00 :: Time: 0.016(0.01585/step) :: Entropy : 0.000 :: Grads : []
710 :: Rewards 196.437 :: steps: 1.00 :: Time: 0.016(0.01568/step) :: Entropy : 0.000 :: Grads : []
720 :: Rewards 200.590 :: steps: 1.00 :: Time: 0.016(0.01586/step) :: Entropy : 0.000 :: Grads : []
730 :: Rewards 204.606 :: steps: 1.00 :: Time: 0.016(0.01560/step) :: Entropy : 0.000 :: Grads : []
740 :: Rewards 208.577 :: steps: 1.00 :: Time: 0.016(0.01586/step) :: Entropy : 0.000 :: Grads : []
750 :: Rewards 212.511 :: steps: 1.00 :: Time: 0.016(0.01575/step) :: Entropy : 0.000 :: Grads : []
760 :: Rewards 215.983 :: steps: 1.00 :: Time: 0.016(0.01592/step) :: Entropy : 0.000 :: Grads : []
770 :: Rewards 219.243 :: steps: 1.00 :: Time: 0.016(0.01603/step) :: Entropy : 0.000 :: Grads : []
780 :: Rewards 222.367 :: steps: 1.00 :: Time: 0.016(0.01634/step) :: Entropy : 0.000 :: Grads : []
790 :: Rewards 225.049 :: steps: 1.00 :: Time: 0.016(0.01640/step) :: Entropy : 0.000 :: Grads : []
800 :: Rewards 227.513 :: steps: 1.00 :: Time: 0.017(0.01661/step) :: Entropy : 0.000 :: Grads : []
810 :: Rewards 229.596 :: steps: 1.00 :: Time: 0.017(0.01675/step) :: Entropy : 0.000 :: Grads : []
820 :: Rewards 231.284 :: steps: 1.00 :: Time: 0.017(0.01696/step) :: Entropy : 0.000 :: Grads : []
830 :: Rewards 232.631 :: steps: 1.00 :: Time: 0.017(0.01693/step) :: Entropy : 0.000 :: Grads : []
840 :: Rewards 233.594 :: steps: 1.00 :: Time: 0.017(0.01730/step) :: Entropy : 0.000 :: Grads : []
850 :: Rewards 234.236 :: steps: 1.00 :: Time: 0.017(0.01730/step) :: Entropy : 0.000 :: Grads : []
860 :: Rewards 234.488 :: steps: 1.00 :: Time: 0.017(0.01700/step) :: Entropy : 0.000 :: Grads : []
870 :: Rewards 234.515 :: steps: 1.00 :: Time: 0.017(0.01707/step) :: Entropy : 0.000 :: Grads : []
880 :: Rewards 234.496 :: steps: 1.00 :: Time: 0.017(0.01716/step) :: Entropy : 0.000 :: Grads : []
890 :: Rewards 234.046 :: steps: 1.00 :: Time: 0.017(0.01700/step) :: Entropy : 0.000 :: Grads : []
900 :: Rewards 234.305 :: steps: 1.00 :: Time: 0.017(0.01736/step) :: Entropy : 0.000 :: Grads : []
910 :: Rewards 234.785 :: steps: 1.00 :: Time: 0.017(0.01746/step) :: Entropy : 0.000 :: Grads : []
920 :: Rewards 236.961 :: steps: 1.00 :: Time: 0.018(0.01751/step) :: Entropy : 0.000 :: Grads : []
930 :: Rewards 239.736 :: steps: 1.00 :: Time: 0.018(0.01756/step) :: Entropy : 0.000 :: Grads : []
940 :: Rewards 243.855 :: steps: 1.00 :: Time: 0.018(0.01760/step) :: Entropy : 0.000 :: Grads : []
950 :: Rewards 248.860 :: steps: 1.00 :: Time: 0.018(0.01758/step) :: Entropy : 0.000 :: Grads : []
960 :: Rewards 255.247 :: steps: 1.00 :: Time: 0.017(0.01735/step) :: Entropy : 0.000 :: Grads : []
970 :: Rewards 262.078 :: steps: 1.00 :: Time: 0.018(0.01767/step) :: Entropy : 0.000 :: Grads : []
980 :: Rewards 267.989 :: steps: 1.00 :: Time: 0.018(0.01785/step) :: Entropy : 0.000 :: Grads : []
990 :: Rewards 275.232 :: steps: 1.00 :: Time: 0.018(0.01776/step) :: Entropy : 0.000 :: Grads : []
999 :: Rewards 281.681 :: steps: 0.90 :: Time: 0.016(0.01766/step) :: Entropy : 0.000 :: Grads : []
Total time taken: 13.727061986923218
