Module path:  Environments.NS_Reco NS_Reco
Dynamically loaded from:  <class 'Environments.NS_Reco.NS_Reco'>
Reward Amplitudes: [4.17022005e-01 7.20324493e-01 1.14374817e-04 3.02332573e-01
 1.46755891e-01] :: Avg 0.317309867282206 
Module path:  Src.Algorithms.ProOLS ProOLS
Dynamically loaded from:  <class 'Src.Algorithms.ProOLS.ProOLS'>
=====Configurations=====
 Namespace(NN_basis_dim='32', Policy_basis_dim='32', actor_lr=0.002855902814944507, algo_name='ProOLS', base=0, batch_size=1000, buffer_size=1000, debug=False, delta=1, entropy_lambda=0.053752942888962034, env_name='NS_Reco', experiment='NS_2r_', extrapolator_basis='Fourier', folder_suffix='Default', fourier_coupled=True, fourier_k=7, fourier_order=3, gamma=0.99, gauss_std=1.5, gpu=0, hyper='default', importance_clip=5.0, inc=1, log_output='term_file', max_episodes=1000, max_inner=30, max_steps=500, optim='rmsprop', oracle=-1, raw_basis=True, restore=False, save_count=100, save_model=True, seed=22, speed=2, state_lr=0.001, summary=True, swarm=False, timestamp='5|25|11:21:34')
Actions space: 5 :: State space: 1
State Low: tensor([0.]) :: State High: tensor([1.])
State features:  [('dummy_param', torch.Size([1]))]
Policy:  [('fc1.weight', torch.Size([5, 1])), ('fc1.bias', torch.Size([5]))]
0 :: Rewards -0.016 :: steps: 0.10 :: Time: 0.000(0.00083/step) :: Entropy : 0.000 :: Grads : []
10 :: Rewards -0.190 :: steps: 1.00 :: Time: 0.006(0.00590/step) :: Entropy : 0.000 :: Grads : []
20 :: Rewards -0.557 :: steps: 1.00 :: Time: 0.013(0.01296/step) :: Entropy : 0.000 :: Grads : []
30 :: Rewards -1.200 :: steps: 1.00 :: Time: 0.013(0.01296/step) :: Entropy : 0.000 :: Grads : []
40 :: Rewards -1.798 :: steps: 1.00 :: Time: 0.012(0.01249/step) :: Entropy : 0.000 :: Grads : []
50 :: Rewards -1.798 :: steps: 1.00 :: Time: 0.013(0.01257/step) :: Entropy : 0.000 :: Grads : []
60 :: Rewards -2.280 :: steps: 1.00 :: Time: 0.013(0.01268/step) :: Entropy : 0.000 :: Grads : []
70 :: Rewards -2.796 :: steps: 1.00 :: Time: 0.013(0.01282/step) :: Entropy : 0.000 :: Grads : []
80 :: Rewards -3.760 :: steps: 1.00 :: Time: 0.013(0.01331/step) :: Entropy : 0.000 :: Grads : []
90 :: Rewards -4.637 :: steps: 1.00 :: Time: 0.013(0.01312/step) :: Entropy : 0.000 :: Grads : []
100 :: Rewards -4.868 :: steps: 1.00 :: Time: 0.013(0.01312/step) :: Entropy : 0.000 :: Grads : []
110 :: Rewards -4.868 :: steps: 1.00 :: Time: 0.013(0.01322/step) :: Entropy : 0.000 :: Grads : []
120 :: Rewards -4.868 :: steps: 1.00 :: Time: 0.013(0.01332/step) :: Entropy : 0.000 :: Grads : []
130 :: Rewards -4.868 :: steps: 1.00 :: Time: 0.013(0.01346/step) :: Entropy : 0.000 :: Grads : []
140 :: Rewards -4.868 :: steps: 1.00 :: Time: 0.014(0.01359/step) :: Entropy : 0.000 :: Grads : []
150 :: Rewards -4.868 :: steps: 1.00 :: Time: 0.014(0.01375/step) :: Entropy : 0.000 :: Grads : []
160 :: Rewards -4.868 :: steps: 1.00 :: Time: 0.014(0.01381/step) :: Entropy : 0.000 :: Grads : []
170 :: Rewards -4.868 :: steps: 1.00 :: Time: 0.014(0.01391/step) :: Entropy : 0.000 :: Grads : []
180 :: Rewards -4.868 :: steps: 1.00 :: Time: 0.014(0.01398/step) :: Entropy : 0.000 :: Grads : []
190 :: Rewards -4.868 :: steps: 1.00 :: Time: 0.014(0.01410/step) :: Entropy : 0.000 :: Grads : []
200 :: Rewards -4.868 :: steps: 1.00 :: Time: 0.014(0.01420/step) :: Entropy : 0.000 :: Grads : []
210 :: Rewards -4.868 :: steps: 1.00 :: Time: 0.014(0.01430/step) :: Entropy : 0.000 :: Grads : []
220 :: Rewards -4.868 :: steps: 1.00 :: Time: 0.014(0.01439/step) :: Entropy : 0.000 :: Grads : []
230 :: Rewards -4.868 :: steps: 1.00 :: Time: 0.014(0.01449/step) :: Entropy : 0.000 :: Grads : []
240 :: Rewards -4.868 :: steps: 1.00 :: Time: 0.015(0.01460/step) :: Entropy : 0.000 :: Grads : []
250 :: Rewards -4.868 :: steps: 1.00 :: Time: 0.015(0.01472/step) :: Entropy : 0.000 :: Grads : []
260 :: Rewards -4.868 :: steps: 1.00 :: Time: 0.015(0.01497/step) :: Entropy : 0.000 :: Grads : []
270 :: Rewards -4.868 :: steps: 1.00 :: Time: 0.015(0.01515/step) :: Entropy : 0.000 :: Grads : []
280 :: Rewards -4.868 :: steps: 1.00 :: Time: 0.015(0.01520/step) :: Entropy : 0.000 :: Grads : []
290 :: Rewards -4.868 :: steps: 1.00 :: Time: 0.015(0.01534/step) :: Entropy : 0.000 :: Grads : []
300 :: Rewards -4.868 :: steps: 1.00 :: Time: 0.015(0.01538/step) :: Entropy : 0.000 :: Grads : []
310 :: Rewards -4.868 :: steps: 1.00 :: Time: 0.015(0.01542/step) :: Entropy : 0.000 :: Grads : []
320 :: Rewards -4.868 :: steps: 1.00 :: Time: 0.016(0.01561/step) :: Entropy : 0.000 :: Grads : []
330 :: Rewards -4.868 :: steps: 1.00 :: Time: 0.016(0.01572/step) :: Entropy : 0.000 :: Grads : []
340 :: Rewards -4.868 :: steps: 1.00 :: Time: 0.016(0.01606/step) :: Entropy : 0.000 :: Grads : []
350 :: Rewards -4.868 :: steps: 1.00 :: Time: 0.016(0.01606/step) :: Entropy : 0.000 :: Grads : []
360 :: Rewards -4.868 :: steps: 1.00 :: Time: 0.016(0.01641/step) :: Entropy : 0.000 :: Grads : []
370 :: Rewards -5.046 :: steps: 1.00 :: Time: 0.017(0.01657/step) :: Entropy : 0.000 :: Grads : []
380 :: Rewards -5.597 :: steps: 1.00 :: Time: 0.017(0.01670/step) :: Entropy : 0.000 :: Grads : []
390 :: Rewards -6.449 :: steps: 1.00 :: Time: 0.017(0.01684/step) :: Entropy : 0.000 :: Grads : []
400 :: Rewards -7.607 :: steps: 1.00 :: Time: 0.017(0.01692/step) :: Entropy : 0.000 :: Grads : []
410 :: Rewards -9.031 :: steps: 1.00 :: Time: 0.017(0.01712/step) :: Entropy : 0.000 :: Grads : []
420 :: Rewards -10.278 :: steps: 1.00 :: Time: 0.018(0.01769/step) :: Entropy : 0.000 :: Grads : []
430 :: Rewards -11.540 :: steps: 1.00 :: Time: 0.018(0.01765/step) :: Entropy : 0.000 :: Grads : []
440 :: Rewards -12.465 :: steps: 1.00 :: Time: 0.018(0.01770/step) :: Entropy : 0.000 :: Grads : []
450 :: Rewards -13.162 :: steps: 1.00 :: Time: 0.018(0.01783/step) :: Entropy : 0.000 :: Grads : []
460 :: Rewards -13.816 :: steps: 1.00 :: Time: 0.018(0.01787/step) :: Entropy : 0.000 :: Grads : []
470 :: Rewards -14.421 :: steps: 1.00 :: Time: 0.018(0.01792/step) :: Entropy : 0.000 :: Grads : []
480 :: Rewards -14.937 :: steps: 1.00 :: Time: 0.018(0.01799/step) :: Entropy : 0.000 :: Grads : []
490 :: Rewards -15.366 :: steps: 1.00 :: Time: 0.018(0.01810/step) :: Entropy : 0.000 :: Grads : []
500 :: Rewards -15.902 :: steps: 1.00 :: Time: 0.018(0.01813/step) :: Entropy : 0.000 :: Grads : []
510 :: Rewards -16.260 :: steps: 1.00 :: Time: 0.019(0.01878/step) :: Entropy : 0.000 :: Grads : []
520 :: Rewards -17.383 :: steps: 1.00 :: Time: 0.019(0.01877/step) :: Entropy : 0.000 :: Grads : []
530 :: Rewards -17.423 :: steps: 1.00 :: Time: 0.019(0.01870/step) :: Entropy : 0.000 :: Grads : []
540 :: Rewards -17.423 :: steps: 1.00 :: Time: 0.019(0.01865/step) :: Entropy : 0.000 :: Grads : []
550 :: Rewards -17.423 :: steps: 1.00 :: Time: 0.019(0.01869/step) :: Entropy : 0.000 :: Grads : []
560 :: Rewards -17.423 :: steps: 1.00 :: Time: 0.019(0.01904/step) :: Entropy : 0.000 :: Grads : []
570 :: Rewards -17.613 :: steps: 1.00 :: Time: 0.019(0.01881/step) :: Entropy : 0.000 :: Grads : []
580 :: Rewards -17.888 :: steps: 1.00 :: Time: 0.019(0.01877/step) :: Entropy : 0.000 :: Grads : []
590 :: Rewards -18.258 :: steps: 1.00 :: Time: 0.019(0.01891/step) :: Entropy : 0.000 :: Grads : []
600 :: Rewards -19.397 :: steps: 1.00 :: Time: 0.019(0.01901/step) :: Entropy : 0.000 :: Grads : []
610 :: Rewards -19.637 :: steps: 1.00 :: Time: 0.019(0.01908/step) :: Entropy : 0.000 :: Grads : []
620 :: Rewards -19.988 :: steps: 1.00 :: Time: 0.019(0.01904/step) :: Entropy : 0.000 :: Grads : []
630 :: Rewards -20.304 :: steps: 1.00 :: Time: 0.019(0.01913/step) :: Entropy : 0.000 :: Grads : []
640 :: Rewards -21.103 :: steps: 1.00 :: Time: 0.019(0.01913/step) :: Entropy : 0.000 :: Grads : []
650 :: Rewards -22.246 :: steps: 1.00 :: Time: 0.019(0.01924/step) :: Entropy : 0.000 :: Grads : []
660 :: Rewards -23.306 :: steps: 1.00 :: Time: 0.019(0.01933/step) :: Entropy : 0.000 :: Grads : []
670 :: Rewards -24.461 :: steps: 1.00 :: Time: 0.019(0.01945/step) :: Entropy : 0.000 :: Grads : []
680 :: Rewards -24.672 :: steps: 1.00 :: Time: 0.020(0.01966/step) :: Entropy : 0.000 :: Grads : []
690 :: Rewards -25.210 :: steps: 1.00 :: Time: 0.020(0.01962/step) :: Entropy : 0.000 :: Grads : []
700 :: Rewards -25.642 :: steps: 1.00 :: Time: 0.020(0.01969/step) :: Entropy : 0.000 :: Grads : []
710 :: Rewards -26.065 :: steps: 1.00 :: Time: 0.020(0.01974/step) :: Entropy : 0.000 :: Grads : []
720 :: Rewards -26.160 :: steps: 1.00 :: Time: 0.020(0.01984/step) :: Entropy : 0.000 :: Grads : []
730 :: Rewards -26.448 :: steps: 1.00 :: Time: 0.020(0.01994/step) :: Entropy : 0.000 :: Grads : []
740 :: Rewards -27.164 :: steps: 1.00 :: Time: 0.020(0.02011/step) :: Entropy : 0.000 :: Grads : []
750 :: Rewards -27.433 :: steps: 1.00 :: Time: 0.020(0.02015/step) :: Entropy : 0.000 :: Grads : []
760 :: Rewards -27.519 :: steps: 1.00 :: Time: 0.020(0.02032/step) :: Entropy : 0.000 :: Grads : []
770 :: Rewards -28.138 :: steps: 1.00 :: Time: 0.020(0.02046/step) :: Entropy : 0.000 :: Grads : []
780 :: Rewards -28.202 :: steps: 1.00 :: Time: 0.021(0.02065/step) :: Entropy : 0.000 :: Grads : []
790 :: Rewards -28.764 :: steps: 1.00 :: Time: 0.021(0.02118/step) :: Entropy : 0.000 :: Grads : []
800 :: Rewards -28.943 :: steps: 1.00 :: Time: 0.021(0.02081/step) :: Entropy : 0.000 :: Grads : []
810 :: Rewards -29.076 :: steps: 1.00 :: Time: 0.021(0.02082/step) :: Entropy : 0.000 :: Grads : []
820 :: Rewards -29.934 :: steps: 1.00 :: Time: 0.021(0.02091/step) :: Entropy : 0.000 :: Grads : []
830 :: Rewards -30.911 :: steps: 1.00 :: Time: 0.021(0.02107/step) :: Entropy : 0.000 :: Grads : []
840 :: Rewards -33.040 :: steps: 1.00 :: Time: 0.024(0.02395/step) :: Entropy : 0.000 :: Grads : []
850 :: Rewards -33.580 :: steps: 1.00 :: Time: 0.021(0.02113/step) :: Entropy : 0.000 :: Grads : []
860 :: Rewards -33.782 :: steps: 1.00 :: Time: 0.021(0.02117/step) :: Entropy : 0.000 :: Grads : []
870 :: Rewards -34.073 :: steps: 1.00 :: Time: 0.021(0.02123/step) :: Entropy : 0.000 :: Grads : []
880 :: Rewards -34.491 :: steps: 1.00 :: Time: 0.021(0.02117/step) :: Entropy : 0.000 :: Grads : []
890 :: Rewards -35.068 :: steps: 1.00 :: Time: 0.021(0.02128/step) :: Entropy : 0.000 :: Grads : []
900 :: Rewards -35.297 :: steps: 1.00 :: Time: 0.021(0.02138/step) :: Entropy : 0.000 :: Grads : []
910 :: Rewards -36.371 :: steps: 1.00 :: Time: 0.021(0.02143/step) :: Entropy : 0.000 :: Grads : []
920 :: Rewards -37.151 :: steps: 1.00 :: Time: 0.021(0.02141/step) :: Entropy : 0.000 :: Grads : []
930 :: Rewards -38.465 :: steps: 1.00 :: Time: 0.022(0.02188/step) :: Entropy : 0.000 :: Grads : []
940 :: Rewards -39.612 :: steps: 1.00 :: Time: 0.022(0.02157/step) :: Entropy : 0.000 :: Grads : []
950 :: Rewards -39.969 :: steps: 1.00 :: Time: 0.022(0.02171/step) :: Entropy : 0.000 :: Grads : []
960 :: Rewards -39.969 :: steps: 1.00 :: Time: 0.026(0.02586/step) :: Entropy : 0.000 :: Grads : []
970 :: Rewards -39.969 :: steps: 1.00 :: Time: 0.022(0.02178/step) :: Entropy : 0.000 :: Grads : []
980 :: Rewards -39.969 :: steps: 1.00 :: Time: 0.022(0.02182/step) :: Entropy : 0.000 :: Grads : []
990 :: Rewards -39.969 :: steps: 1.00 :: Time: 0.022(0.02166/step) :: Entropy : 0.000 :: Grads : []
999 :: Rewards -39.969 :: steps: 0.90 :: Time: 0.020(0.02184/step) :: Entropy : 0.000 :: Grads : []
Total time taken: 17.71975564956665
