Module path:  Environments.NS_Reco NS_Reco
Dynamically loaded from:  <class 'Environments.NS_Reco.NS_Reco'>
Reward Amplitudes: [4.17022005e-01 7.20324493e-01 1.14374817e-04 3.02332573e-01
 1.46755891e-01] :: Avg 0.317309867282206 
Module path:  Src.Algorithms.ONPG ONPG
Dynamically loaded from:  <class 'Src.Algorithms.ONPG.ONPG'>
=====Configurations=====
 Namespace(NN_basis_dim='32', Policy_basis_dim='32', actor_lr=0.008425020536482294, algo_name='ONPG', base=0, batch_size=1000, buffer_size=1000, debug=False, delta=3, entropy_lambda=0.005900970803997456, env_name='NS_Reco', experiment='NS_0_', extrapolator_basis='Fourier', folder_suffix='Default', fourier_coupled=True, fourier_k=7, fourier_order=3, gamma=0.99, gauss_std=1.5, gpu=0, hyper='default', importance_clip=10.0, inc=1, log_output='term_file', max_episodes=1000, max_inner=150, max_steps=500, optim='rmsprop', oracle=-1, raw_basis=True, restore=False, save_count=100, save_model=True, seed=1, speed=0, state_lr=0.001, summary=True, swarm=False, timestamp='5|24|20:59:13')
Actions space: 5 :: State space: 1
State Low: tensor([0.]) :: State High: tensor([1.])
State features:  [('dummy_param', torch.Size([1]))]
Policy:  [('fc1.weight', torch.Size([5, 1])), ('fc1.bias', torch.Size([5]))]
0 :: Rewards -0.007 :: steps: 0.10 :: Time: 0.000(0.00061/step) :: Entropy : 0.000 :: Grads : []
10 :: Rewards 3.549 :: steps: 1.00 :: Time: 0.001(0.00063/step) :: Entropy : 0.000 :: Grads : []
20 :: Rewards 7.830 :: steps: 1.00 :: Time: 0.001(0.00060/step) :: Entropy : 0.000 :: Grads : []
30 :: Rewards 12.504 :: steps: 1.00 :: Time: 0.000(0.00047/step) :: Entropy : 0.000 :: Grads : []
40 :: Rewards 19.277 :: steps: 1.00 :: Time: 0.000(0.00047/step) :: Entropy : 0.000 :: Grads : []
50 :: Rewards 24.304 :: steps: 1.00 :: Time: 0.001(0.00058/step) :: Entropy : 0.000 :: Grads : []
60 :: Rewards 30.058 :: steps: 1.00 :: Time: 0.000(0.00049/step) :: Entropy : 0.000 :: Grads : []
70 :: Rewards 36.079 :: steps: 1.00 :: Time: 0.001(0.00050/step) :: Entropy : 0.000 :: Grads : []
80 :: Rewards 42.264 :: steps: 1.00 :: Time: 0.001(0.00058/step) :: Entropy : 0.000 :: Grads : []
90 :: Rewards 48.622 :: steps: 1.00 :: Time: 0.000(0.00046/step) :: Entropy : 0.000 :: Grads : []
100 :: Rewards 54.935 :: steps: 1.00 :: Time: 0.000(0.00047/step) :: Entropy : 0.000 :: Grads : []
110 :: Rewards 61.828 :: steps: 1.00 :: Time: 0.001(0.00058/step) :: Entropy : 0.000 :: Grads : []
120 :: Rewards 68.429 :: steps: 1.00 :: Time: 0.000(0.00046/step) :: Entropy : 0.000 :: Grads : []
130 :: Rewards 74.363 :: steps: 1.00 :: Time: 0.000(0.00048/step) :: Entropy : 0.000 :: Grads : []
140 :: Rewards 80.684 :: steps: 1.00 :: Time: 0.001(0.00057/step) :: Entropy : 0.000 :: Grads : []
150 :: Rewards 87.904 :: steps: 1.00 :: Time: 0.000(0.00048/step) :: Entropy : 0.000 :: Grads : []
160 :: Rewards 95.129 :: steps: 1.00 :: Time: 0.000(0.00046/step) :: Entropy : 0.000 :: Grads : []
170 :: Rewards 102.312 :: steps: 1.00 :: Time: 0.001(0.00060/step) :: Entropy : 0.000 :: Grads : []
180 :: Rewards 109.468 :: steps: 1.00 :: Time: 0.000(0.00047/step) :: Entropy : 0.000 :: Grads : []
190 :: Rewards 116.660 :: steps: 1.00 :: Time: 0.000(0.00046/step) :: Entropy : 0.000 :: Grads : []
200 :: Rewards 123.873 :: steps: 1.00 :: Time: 0.001(0.00058/step) :: Entropy : 0.000 :: Grads : []
210 :: Rewards 129.919 :: steps: 1.00 :: Time: 0.000(0.00047/step) :: Entropy : 0.000 :: Grads : []
220 :: Rewards 136.388 :: steps: 1.00 :: Time: 0.000(0.00046/step) :: Entropy : 0.000 :: Grads : []
230 :: Rewards 143.544 :: steps: 1.00 :: Time: 0.001(0.00056/step) :: Entropy : 0.000 :: Grads : []
240 :: Rewards 150.445 :: steps: 1.00 :: Time: 0.000(0.00046/step) :: Entropy : 0.000 :: Grads : []
250 :: Rewards 157.381 :: steps: 1.00 :: Time: 0.000(0.00046/step) :: Entropy : 0.000 :: Grads : []
260 :: Rewards 164.612 :: steps: 1.00 :: Time: 0.001(0.00058/step) :: Entropy : 0.000 :: Grads : []
270 :: Rewards 171.191 :: steps: 1.00 :: Time: 0.000(0.00048/step) :: Entropy : 0.000 :: Grads : []
280 :: Rewards 178.390 :: steps: 1.00 :: Time: 0.000(0.00047/step) :: Entropy : 0.000 :: Grads : []
290 :: Rewards 185.597 :: steps: 1.00 :: Time: 0.001(0.00057/step) :: Entropy : 0.000 :: Grads : []
300 :: Rewards 192.087 :: steps: 1.00 :: Time: 0.000(0.00046/step) :: Entropy : 0.000 :: Grads : []
310 :: Rewards 198.997 :: steps: 1.00 :: Time: 0.000(0.00046/step) :: Entropy : 0.000 :: Grads : []
320 :: Rewards 205.482 :: steps: 1.00 :: Time: 0.001(0.00057/step) :: Entropy : 0.000 :: Grads : []
330 :: Rewards 212.402 :: steps: 1.00 :: Time: 0.000(0.00046/step) :: Entropy : 0.000 :: Grads : []
340 :: Rewards 219.190 :: steps: 1.00 :: Time: 0.000(0.00046/step) :: Entropy : 0.000 :: Grads : []
350 :: Rewards 225.368 :: steps: 1.00 :: Time: 0.001(0.00056/step) :: Entropy : 0.000 :: Grads : []
360 :: Rewards 231.977 :: steps: 1.00 :: Time: 0.000(0.00045/step) :: Entropy : 0.000 :: Grads : []
370 :: Rewards 239.173 :: steps: 1.00 :: Time: 0.000(0.00045/step) :: Entropy : 0.000 :: Grads : []
380 :: Rewards 246.302 :: steps: 1.00 :: Time: 0.001(0.00056/step) :: Entropy : 0.000 :: Grads : []
390 :: Rewards 252.644 :: steps: 1.00 :: Time: 0.000(0.00045/step) :: Entropy : 0.000 :: Grads : []
400 :: Rewards 259.855 :: steps: 1.00 :: Time: 0.000(0.00045/step) :: Entropy : 0.000 :: Grads : []
410 :: Rewards 267.093 :: steps: 1.00 :: Time: 0.001(0.00057/step) :: Entropy : 0.000 :: Grads : []
420 :: Rewards 274.309 :: steps: 1.00 :: Time: 0.000(0.00045/step) :: Entropy : 0.000 :: Grads : []
430 :: Rewards 281.519 :: steps: 1.00 :: Time: 0.000(0.00045/step) :: Entropy : 0.000 :: Grads : []
440 :: Rewards 288.306 :: steps: 1.00 :: Time: 0.001(0.00056/step) :: Entropy : 0.000 :: Grads : []
450 :: Rewards 295.211 :: steps: 1.00 :: Time: 0.000(0.00045/step) :: Entropy : 0.000 :: Grads : []
460 :: Rewards 301.700 :: steps: 1.00 :: Time: 0.000(0.00045/step) :: Entropy : 0.000 :: Grads : []
470 :: Rewards 308.863 :: steps: 1.00 :: Time: 0.001(0.00056/step) :: Entropy : 0.000 :: Grads : []
480 :: Rewards 315.484 :: steps: 1.00 :: Time: 0.000(0.00046/step) :: Entropy : 0.000 :: Grads : []
490 :: Rewards 322.380 :: steps: 1.00 :: Time: 0.000(0.00046/step) :: Entropy : 0.000 :: Grads : []
500 :: Rewards 329.591 :: steps: 1.00 :: Time: 0.001(0.00056/step) :: Entropy : 0.000 :: Grads : []
510 :: Rewards 336.793 :: steps: 1.00 :: Time: 0.000(0.00045/step) :: Entropy : 0.000 :: Grads : []
520 :: Rewards 344.010 :: steps: 1.00 :: Time: 0.000(0.00045/step) :: Entropy : 0.000 :: Grads : []
530 :: Rewards 351.199 :: steps: 1.00 :: Time: 0.001(0.00056/step) :: Entropy : 0.000 :: Grads : []
540 :: Rewards 358.372 :: steps: 1.00 :: Time: 0.000(0.00045/step) :: Entropy : 0.000 :: Grads : []
550 :: Rewards 365.570 :: steps: 1.00 :: Time: 0.000(0.00046/step) :: Entropy : 0.000 :: Grads : []
560 :: Rewards 372.778 :: steps: 1.00 :: Time: 0.001(0.00057/step) :: Entropy : 0.000 :: Grads : []
570 :: Rewards 379.965 :: steps: 1.00 :: Time: 0.000(0.00045/step) :: Entropy : 0.000 :: Grads : []
580 :: Rewards 387.164 :: steps: 1.00 :: Time: 0.000(0.00045/step) :: Entropy : 0.000 :: Grads : []
590 :: Rewards 394.363 :: steps: 1.00 :: Time: 0.001(0.00056/step) :: Entropy : 0.000 :: Grads : []
600 :: Rewards 401.577 :: steps: 1.00 :: Time: 0.000(0.00045/step) :: Entropy : 0.000 :: Grads : []
610 :: Rewards 408.757 :: steps: 1.00 :: Time: 0.000(0.00045/step) :: Entropy : 0.000 :: Grads : []
620 :: Rewards 415.956 :: steps: 1.00 :: Time: 0.001(0.00057/step) :: Entropy : 0.000 :: Grads : []
630 :: Rewards 423.144 :: steps: 1.00 :: Time: 0.000(0.00045/step) :: Entropy : 0.000 :: Grads : []
640 :: Rewards 430.354 :: steps: 1.00 :: Time: 0.000(0.00045/step) :: Entropy : 0.000 :: Grads : []
650 :: Rewards 437.533 :: steps: 1.00 :: Time: 0.001(0.00056/step) :: Entropy : 0.000 :: Grads : []
660 :: Rewards 444.747 :: steps: 1.00 :: Time: 0.000(0.00045/step) :: Entropy : 0.000 :: Grads : []
670 :: Rewards 451.983 :: steps: 1.00 :: Time: 0.000(0.00045/step) :: Entropy : 0.000 :: Grads : []
680 :: Rewards 459.196 :: steps: 1.00 :: Time: 0.001(0.00056/step) :: Entropy : 0.000 :: Grads : []
690 :: Rewards 466.423 :: steps: 1.00 :: Time: 0.000(0.00046/step) :: Entropy : 0.000 :: Grads : []
700 :: Rewards 473.623 :: steps: 1.00 :: Time: 0.000(0.00046/step) :: Entropy : 0.000 :: Grads : []
710 :: Rewards 480.780 :: steps: 1.00 :: Time: 0.001(0.00056/step) :: Entropy : 0.000 :: Grads : []
720 :: Rewards 487.993 :: steps: 1.00 :: Time: 0.000(0.00045/step) :: Entropy : 0.000 :: Grads : []
730 :: Rewards 495.197 :: steps: 1.00 :: Time: 0.000(0.00045/step) :: Entropy : 0.000 :: Grads : []
740 :: Rewards 502.384 :: steps: 1.00 :: Time: 0.001(0.00056/step) :: Entropy : 0.000 :: Grads : []
750 :: Rewards 509.616 :: steps: 1.00 :: Time: 0.000(0.00045/step) :: Entropy : 0.000 :: Grads : []
760 :: Rewards 516.825 :: steps: 1.00 :: Time: 0.000(0.00046/step) :: Entropy : 0.000 :: Grads : []
770 :: Rewards 523.986 :: steps: 1.00 :: Time: 0.001(0.00057/step) :: Entropy : 0.000 :: Grads : []
780 :: Rewards 531.213 :: steps: 1.00 :: Time: 0.000(0.00045/step) :: Entropy : 0.000 :: Grads : []
790 :: Rewards 538.431 :: steps: 1.00 :: Time: 0.000(0.00045/step) :: Entropy : 0.000 :: Grads : []
800 :: Rewards 545.642 :: steps: 1.00 :: Time: 0.001(0.00056/step) :: Entropy : 0.000 :: Grads : []
810 :: Rewards 552.821 :: steps: 1.00 :: Time: 0.000(0.00045/step) :: Entropy : 0.000 :: Grads : []
820 :: Rewards 560.004 :: steps: 1.00 :: Time: 0.000(0.00045/step) :: Entropy : 0.000 :: Grads : []
830 :: Rewards 567.224 :: steps: 1.00 :: Time: 0.001(0.00057/step) :: Entropy : 0.000 :: Grads : []
840 :: Rewards 574.401 :: steps: 1.00 :: Time: 0.000(0.00045/step) :: Entropy : 0.000 :: Grads : []
850 :: Rewards 581.576 :: steps: 1.00 :: Time: 0.000(0.00045/step) :: Entropy : 0.000 :: Grads : []
860 :: Rewards 588.812 :: steps: 1.00 :: Time: 0.001(0.00056/step) :: Entropy : 0.000 :: Grads : []
870 :: Rewards 596.034 :: steps: 1.00 :: Time: 0.000(0.00045/step) :: Entropy : 0.000 :: Grads : []
880 :: Rewards 603.224 :: steps: 1.00 :: Time: 0.000(0.00046/step) :: Entropy : 0.000 :: Grads : []
890 :: Rewards 610.398 :: steps: 1.00 :: Time: 0.001(0.00057/step) :: Entropy : 0.000 :: Grads : []
900 :: Rewards 617.616 :: steps: 1.00 :: Time: 0.000(0.00047/step) :: Entropy : 0.000 :: Grads : []
910 :: Rewards 624.824 :: steps: 1.00 :: Time: 0.000(0.00045/step) :: Entropy : 0.000 :: Grads : []
920 :: Rewards 632.027 :: steps: 1.00 :: Time: 0.001(0.00056/step) :: Entropy : 0.000 :: Grads : []
930 :: Rewards 639.199 :: steps: 1.00 :: Time: 0.000(0.00045/step) :: Entropy : 0.000 :: Grads : []
940 :: Rewards 646.414 :: steps: 1.00 :: Time: 0.000(0.00045/step) :: Entropy : 0.000 :: Grads : []
950 :: Rewards 653.641 :: steps: 1.00 :: Time: 0.001(0.00056/step) :: Entropy : 0.000 :: Grads : []
960 :: Rewards 660.837 :: steps: 1.00 :: Time: 0.000(0.00045/step) :: Entropy : 0.000 :: Grads : []
970 :: Rewards 668.033 :: steps: 1.00 :: Time: 0.000(0.00046/step) :: Entropy : 0.000 :: Grads : []
980 :: Rewards 675.266 :: steps: 1.00 :: Time: 0.001(0.00056/step) :: Entropy : 0.000 :: Grads : []
990 :: Rewards 682.485 :: steps: 1.00 :: Time: 0.000(0.00045/step) :: Entropy : 0.000 :: Grads : []
999 :: Rewards 688.991 :: steps: 0.90 :: Time: 0.000(0.00049/step) :: Entropy : 0.000 :: Grads : []
Total time taken: 0.535207986831665
