Module path:  Environments.NS_Reco NS_Reco
Dynamically loaded from:  <class 'Environments.NS_Reco.NS_Reco'>
Reward Amplitudes: [4.17022005e-01 7.20324493e-01 1.14374817e-04 3.02332573e-01
 1.46755891e-01] :: Avg 0.317309867282206 
Module path:  Src.Algorithms.ProWLS ProWLS
Dynamically loaded from:  <class 'Src.Algorithms.ProWLS.ProWLS'>
=====Configurations=====
 Namespace(NN_basis_dim='32', Policy_basis_dim='32', actor_lr=0.0037403051736555927, algo_name='ProWLS', base=0, batch_size=1000, buffer_size=1000, debug=False, delta=3, entropy_lambda=0.041755411764967935, env_name='NS_Reco', experiment='NS_4_', extrapolator_basis='Fourier', folder_suffix='Default', fourier_coupled=True, fourier_k=7, fourier_order=3, gamma=0.99, gauss_std=1.5, gpu=0, hyper='default', importance_clip=5.0, inc=1, log_output='term_file', max_episodes=1000, max_inner=60, max_steps=500, optim='rmsprop', oracle=-1, raw_basis=True, restore=False, save_count=100, save_model=True, seed=24, speed=4, state_lr=0.001, summary=True, swarm=False, timestamp='5|24|23:1:45')
Actions space: 5 :: State space: 1
State Low: tensor([0.]) :: State High: tensor([1.])
State features:  [('dummy_param', torch.Size([1]))]
Policy:  [('fc1.weight', torch.Size([5, 1])), ('fc1.bias', torch.Size([5]))]
0 :: Rewards -0.007 :: steps: 0.10 :: Time: 0.000(0.00062/step) :: Entropy : 0.000 :: Grads : []
10 :: Rewards 0.188 :: steps: 1.00 :: Time: 0.004(0.00364/step) :: Entropy : 0.000 :: Grads : []
20 :: Rewards 1.190 :: steps: 1.00 :: Time: 0.014(0.01358/step) :: Entropy : 0.000 :: Grads : []
30 :: Rewards 2.040 :: steps: 1.00 :: Time: 0.010(0.01043/step) :: Entropy : 0.000 :: Grads : []
40 :: Rewards 3.308 :: steps: 1.00 :: Time: 0.010(0.01021/step) :: Entropy : 0.000 :: Grads : []
50 :: Rewards 5.707 :: steps: 1.00 :: Time: 0.014(0.01372/step) :: Entropy : 0.000 :: Grads : []
60 :: Rewards 8.967 :: steps: 1.00 :: Time: 0.010(0.01048/step) :: Entropy : 0.000 :: Grads : []
70 :: Rewards 12.502 :: steps: 1.00 :: Time: 0.011(0.01068/step) :: Entropy : 0.000 :: Grads : []
80 :: Rewards 17.783 :: steps: 1.00 :: Time: 0.014(0.01443/step) :: Entropy : 0.000 :: Grads : []
90 :: Rewards 23.014 :: steps: 1.00 :: Time: 0.011(0.01107/step) :: Entropy : 0.000 :: Grads : []
100 :: Rewards 29.133 :: steps: 1.00 :: Time: 0.011(0.01126/step) :: Entropy : 0.000 :: Grads : []
110 :: Rewards 35.862 :: steps: 1.00 :: Time: 0.015(0.01530/step) :: Entropy : 0.000 :: Grads : []
120 :: Rewards 43.057 :: steps: 1.00 :: Time: 0.012(0.01173/step) :: Entropy : 0.000 :: Grads : []
130 :: Rewards 50.088 :: steps: 1.00 :: Time: 0.012(0.01203/step) :: Entropy : 0.000 :: Grads : []
140 :: Rewards 56.534 :: steps: 1.00 :: Time: 0.016(0.01629/step) :: Entropy : 0.000 :: Grads : []
150 :: Rewards 60.938 :: steps: 1.00 :: Time: 0.013(0.01251/step) :: Entropy : 0.000 :: Grads : []
160 :: Rewards 66.216 :: steps: 1.00 :: Time: 0.013(0.01279/step) :: Entropy : 0.000 :: Grads : []
170 :: Rewards 70.754 :: steps: 1.00 :: Time: 0.017(0.01745/step) :: Entropy : 0.000 :: Grads : []
180 :: Rewards 74.071 :: steps: 1.00 :: Time: 0.013(0.01346/step) :: Entropy : 0.000 :: Grads : []
190 :: Rewards 76.673 :: steps: 1.00 :: Time: 0.014(0.01442/step) :: Entropy : 0.000 :: Grads : []
200 :: Rewards 79.462 :: steps: 1.00 :: Time: 0.020(0.01951/step) :: Entropy : 0.000 :: Grads : []
210 :: Rewards 82.102 :: steps: 1.00 :: Time: 0.015(0.01525/step) :: Entropy : 0.000 :: Grads : []
220 :: Rewards 85.015 :: steps: 1.00 :: Time: 0.016(0.01562/step) :: Entropy : 0.000 :: Grads : []
230 :: Rewards 87.345 :: steps: 1.00 :: Time: 0.021(0.02130/step) :: Entropy : 0.000 :: Grads : []
240 :: Rewards 89.261 :: steps: 1.00 :: Time: 0.016(0.01639/step) :: Entropy : 0.000 :: Grads : []
250 :: Rewards 90.401 :: steps: 1.00 :: Time: 0.017(0.01683/step) :: Entropy : 0.000 :: Grads : []
260 :: Rewards 90.767 :: steps: 1.00 :: Time: 0.023(0.02295/step) :: Entropy : 0.000 :: Grads : []
270 :: Rewards 91.707 :: steps: 1.00 :: Time: 0.018(0.01759/step) :: Entropy : 0.000 :: Grads : []
280 :: Rewards 92.283 :: steps: 1.00 :: Time: 0.018(0.01792/step) :: Entropy : 0.000 :: Grads : []
290 :: Rewards 92.893 :: steps: 1.00 :: Time: 0.024(0.02431/step) :: Entropy : 0.000 :: Grads : []
300 :: Rewards 93.761 :: steps: 1.00 :: Time: 0.019(0.01890/step) :: Entropy : 0.000 :: Grads : []
310 :: Rewards 94.199 :: steps: 1.00 :: Time: 0.019(0.01939/step) :: Entropy : 0.000 :: Grads : []
320 :: Rewards 94.459 :: steps: 1.00 :: Time: 0.026(0.02628/step) :: Entropy : 0.000 :: Grads : []
330 :: Rewards 94.511 :: steps: 1.00 :: Time: 0.020(0.02004/step) :: Entropy : 0.000 :: Grads : []
340 :: Rewards 94.067 :: steps: 1.00 :: Time: 0.020(0.02050/step) :: Entropy : 0.000 :: Grads : []
350 :: Rewards 93.960 :: steps: 1.00 :: Time: 0.028(0.02787/step) :: Entropy : 0.000 :: Grads : []
360 :: Rewards 93.832 :: steps: 1.00 :: Time: 0.021(0.02147/step) :: Entropy : 0.000 :: Grads : []
370 :: Rewards 92.947 :: steps: 1.00 :: Time: 0.022(0.02225/step) :: Entropy : 0.000 :: Grads : []
380 :: Rewards 92.948 :: steps: 1.00 :: Time: 0.030(0.03011/step) :: Entropy : 0.000 :: Grads : []
390 :: Rewards 92.352 :: steps: 1.00 :: Time: 0.023(0.02310/step) :: Entropy : 0.000 :: Grads : []
400 :: Rewards 90.886 :: steps: 1.00 :: Time: 0.024(0.02367/step) :: Entropy : 0.000 :: Grads : []
410 :: Rewards 90.754 :: steps: 1.00 :: Time: 0.032(0.03205/step) :: Entropy : 0.000 :: Grads : []
420 :: Rewards 90.243 :: steps: 1.00 :: Time: 0.025(0.02472/step) :: Entropy : 0.000 :: Grads : []
430 :: Rewards 88.326 :: steps: 1.00 :: Time: 0.026(0.02557/step) :: Entropy : 0.000 :: Grads : []
440 :: Rewards 88.007 :: steps: 1.00 :: Time: 0.034(0.03436/step) :: Entropy : 0.000 :: Grads : []
450 :: Rewards 88.014 :: steps: 1.00 :: Time: 0.026(0.02634/step) :: Entropy : 0.000 :: Grads : []
460 :: Rewards 88.008 :: steps: 1.00 :: Time: 0.027(0.02680/step) :: Entropy : 0.000 :: Grads : []
470 :: Rewards 89.345 :: steps: 1.00 :: Time: 0.037(0.03656/step) :: Entropy : 0.000 :: Grads : []
480 :: Rewards 92.419 :: steps: 1.00 :: Time: 0.028(0.02786/step) :: Entropy : 0.000 :: Grads : []
490 :: Rewards 96.085 :: steps: 1.00 :: Time: 0.029(0.02893/step) :: Entropy : 0.000 :: Grads : []
500 :: Rewards 99.885 :: steps: 1.00 :: Time: 0.039(0.03855/step) :: Entropy : 0.000 :: Grads : []
510 :: Rewards 105.149 :: steps: 1.00 :: Time: 0.030(0.02967/step) :: Entropy : 0.000 :: Grads : []
520 :: Rewards 109.852 :: steps: 1.00 :: Time: 0.031(0.03094/step) :: Entropy : 0.000 :: Grads : []
530 :: Rewards 115.820 :: steps: 1.00 :: Time: 0.043(0.04340/step) :: Entropy : 0.000 :: Grads : []
540 :: Rewards 122.052 :: steps: 1.00 :: Time: 0.032(0.03201/step) :: Entropy : 0.000 :: Grads : []
550 :: Rewards 126.627 :: steps: 1.00 :: Time: 0.033(0.03327/step) :: Entropy : 0.000 :: Grads : []
560 :: Rewards 133.821 :: steps: 1.00 :: Time: 0.045(0.04469/step) :: Entropy : 0.000 :: Grads : []
570 :: Rewards 139.415 :: steps: 1.00 :: Time: 0.034(0.03434/step) :: Entropy : 0.000 :: Grads : []
580 :: Rewards 146.097 :: steps: 1.00 :: Time: 0.035(0.03529/step) :: Entropy : 0.000 :: Grads : []
590 :: Rewards 151.785 :: steps: 1.00 :: Time: 0.048(0.04769/step) :: Entropy : 0.000 :: Grads : []
600 :: Rewards 155.789 :: steps: 1.00 :: Time: 0.036(0.03628/step) :: Entropy : 0.000 :: Grads : []
610 :: Rewards 160.774 :: steps: 1.00 :: Time: 0.038(0.03782/step) :: Entropy : 0.000 :: Grads : []
620 :: Rewards 164.962 :: steps: 1.00 :: Time: 0.051(0.05091/step) :: Entropy : 0.000 :: Grads : []
630 :: Rewards 167.458 :: steps: 1.00 :: Time: 0.039(0.03871/step) :: Entropy : 0.000 :: Grads : []
640 :: Rewards 169.174 :: steps: 1.00 :: Time: 0.040(0.03970/step) :: Entropy : 0.000 :: Grads : []
650 :: Rewards 170.539 :: steps: 1.00 :: Time: 0.054(0.05414/step) :: Entropy : 0.000 :: Grads : []
660 :: Rewards 170.757 :: steps: 1.00 :: Time: 0.041(0.04141/step) :: Entropy : 0.000 :: Grads : []
670 :: Rewards 170.111 :: steps: 1.00 :: Time: 0.043(0.04309/step) :: Entropy : 0.000 :: Grads : []
680 :: Rewards 168.452 :: steps: 1.00 :: Time: 0.058(0.05795/step) :: Entropy : 0.000 :: Grads : []
690 :: Rewards 165.812 :: steps: 1.00 :: Time: 0.044(0.04448/step) :: Entropy : 0.000 :: Grads : []
700 :: Rewards 162.251 :: steps: 1.00 :: Time: 0.045(0.04532/step) :: Entropy : 0.000 :: Grads : []
710 :: Rewards 157.778 :: steps: 1.00 :: Time: 0.062(0.06228/step) :: Entropy : 0.000 :: Grads : []
720 :: Rewards 152.578 :: steps: 1.00 :: Time: 0.048(0.04785/step) :: Entropy : 0.000 :: Grads : []
730 :: Rewards 147.618 :: steps: 1.00 :: Time: 0.049(0.04919/step) :: Entropy : 0.000 :: Grads : []
740 :: Rewards 149.354 :: steps: 1.00 :: Time: 0.066(0.06614/step) :: Entropy : 0.000 :: Grads : []
750 :: Rewards 152.078 :: steps: 1.00 :: Time: 0.050(0.05023/step) :: Entropy : 0.000 :: Grads : []
760 :: Rewards 154.631 :: steps: 1.00 :: Time: 0.051(0.05117/step) :: Entropy : 0.000 :: Grads : []
770 :: Rewards 157.596 :: steps: 1.00 :: Time: 0.070(0.07033/step) :: Entropy : 0.000 :: Grads : []
780 :: Rewards 160.834 :: steps: 1.00 :: Time: 0.053(0.05347/step) :: Entropy : 0.000 :: Grads : []
790 :: Rewards 163.823 :: steps: 1.00 :: Time: 0.055(0.05545/step) :: Entropy : 0.000 :: Grads : []
800 :: Rewards 165.127 :: steps: 1.00 :: Time: 0.075(0.07488/step) :: Entropy : 0.000 :: Grads : []
810 :: Rewards 166.536 :: steps: 1.00 :: Time: 0.057(0.05700/step) :: Entropy : 0.000 :: Grads : []
820 :: Rewards 167.665 :: steps: 1.00 :: Time: 0.059(0.05868/step) :: Entropy : 0.000 :: Grads : []
830 :: Rewards 169.073 :: steps: 1.00 :: Time: 0.079(0.07895/step) :: Entropy : 0.000 :: Grads : []
840 :: Rewards 169.614 :: steps: 1.00 :: Time: 0.061(0.06059/step) :: Entropy : 0.000 :: Grads : []
850 :: Rewards 169.857 :: steps: 1.00 :: Time: 0.063(0.06288/step) :: Entropy : 0.000 :: Grads : []
860 :: Rewards 169.395 :: steps: 1.00 :: Time: 0.085(0.08485/step) :: Entropy : 0.000 :: Grads : []
870 :: Rewards 168.506 :: steps: 1.00 :: Time: 0.064(0.06415/step) :: Entropy : 0.000 :: Grads : []
880 :: Rewards 168.498 :: steps: 1.00 :: Time: 0.065(0.06530/step) :: Entropy : 0.000 :: Grads : []
890 :: Rewards 169.608 :: steps: 1.00 :: Time: 0.091(0.09086/step) :: Entropy : 0.000 :: Grads : []
900 :: Rewards 170.838 :: steps: 1.00 :: Time: 0.070(0.06999/step) :: Entropy : 0.000 :: Grads : []
910 :: Rewards 172.605 :: steps: 1.00 :: Time: 0.073(0.07311/step) :: Entropy : 0.000 :: Grads : []
920 :: Rewards 175.594 :: steps: 1.00 :: Time: 0.099(0.09870/step) :: Entropy : 0.000 :: Grads : []
930 :: Rewards 179.783 :: steps: 1.00 :: Time: 0.074(0.07383/step) :: Entropy : 0.000 :: Grads : []
940 :: Rewards 184.475 :: steps: 1.00 :: Time: 0.076(0.07624/step) :: Entropy : 0.000 :: Grads : []
950 :: Rewards 189.944 :: steps: 1.00 :: Time: 0.105(0.10506/step) :: Entropy : 0.000 :: Grads : []
960 :: Rewards 196.373 :: steps: 1.00 :: Time: 0.080(0.08012/step) :: Entropy : 0.000 :: Grads : []
970 :: Rewards 202.597 :: steps: 1.00 :: Time: 0.083(0.08265/step) :: Entropy : 0.000 :: Grads : []
980 :: Rewards 209.669 :: steps: 1.00 :: Time: 0.111(0.11136/step) :: Entropy : 0.000 :: Grads : []
990 :: Rewards 216.854 :: steps: 1.00 :: Time: 0.085(0.08453/step) :: Entropy : 0.000 :: Grads : []
999 :: Rewards 222.561 :: steps: 0.90 :: Time: 0.086(0.09580/step) :: Entropy : 0.000 :: Grads : []
Total time taken: 39.515419244766235
