Module path:  Environments.NS_Reco NS_Reco
Dynamically loaded from:  <class 'Environments.NS_Reco.NS_Reco'>
Reward Amplitudes: [4.17022005e-01 7.20324493e-01 1.14374817e-04 3.02332573e-01
 1.46755891e-01] :: Avg 0.317309867282206 
Module path:  Src.Algorithms.ProWLS ProWLS
Dynamically loaded from:  <class 'Src.Algorithms.ProWLS.ProWLS'>
=====Configurations=====
 Namespace(NN_basis_dim='32', Policy_basis_dim='32', actor_lr=0.004415491219348583, algo_name='ProWLS', base=0, batch_size=1000, buffer_size=1000, debug=False, delta=1, entropy_lambda=0.0010074417839719013, env_name='NS_Reco', experiment='NS_0r_', extrapolator_basis='Fourier', folder_suffix='Default', fourier_coupled=True, fourier_k=3, fourier_order=3, gamma=0.99, gauss_std=1.5, gpu=0, hyper='default', importance_clip=5.0, inc=1, log_output='term_file', max_episodes=1000, max_inner=20, max_steps=500, optim='rmsprop', oracle=-1, raw_basis=True, restore=False, save_count=100, save_model=True, seed=11, speed=0, state_lr=0.001, summary=True, swarm=False, timestamp='5|30|11:47:13')
Actions space: 5 :: State space: 1
State Low: tensor([0.]) :: State High: tensor([1.])
State features:  [('dummy_param', torch.Size([1]))]
Policy:  [('fc1.weight', torch.Size([5, 1])), ('fc1.bias', torch.Size([5]))]
0 :: Rewards 0.000 :: steps: 0.10 :: Time: 0.000(0.00149/step) :: Entropy : 0.000 :: Grads : []
10 :: Rewards -3.427 :: steps: 1.00 :: Time: 0.009(0.00941/step) :: Entropy : 0.000 :: Grads : []
20 :: Rewards -6.166 :: steps: 1.00 :: Time: 0.011(0.01139/step) :: Entropy : 0.000 :: Grads : []
30 :: Rewards -7.183 :: steps: 1.00 :: Time: 0.012(0.01167/step) :: Entropy : 0.000 :: Grads : []
40 :: Rewards -7.183 :: steps: 1.00 :: Time: 0.012(0.01160/step) :: Entropy : 0.000 :: Grads : []
50 :: Rewards -7.892 :: steps: 1.00 :: Time: 0.011(0.01149/step) :: Entropy : 0.000 :: Grads : []
60 :: Rewards -9.876 :: steps: 1.00 :: Time: 0.012(0.01157/step) :: Entropy : 0.000 :: Grads : []
70 :: Rewards -10.904 :: steps: 1.00 :: Time: 0.013(0.01309/step) :: Entropy : 0.000 :: Grads : []
80 :: Rewards -11.476 :: steps: 1.00 :: Time: 0.012(0.01195/step) :: Entropy : 0.000 :: Grads : []
90 :: Rewards -11.476 :: steps: 1.00 :: Time: 0.012(0.01212/step) :: Entropy : 0.000 :: Grads : []
100 :: Rewards -11.476 :: steps: 1.00 :: Time: 0.012(0.01216/step) :: Entropy : 0.000 :: Grads : []
110 :: Rewards -11.476 :: steps: 1.00 :: Time: 0.012(0.01222/step) :: Entropy : 0.000 :: Grads : []
120 :: Rewards -11.476 :: steps: 1.00 :: Time: 0.012(0.01243/step) :: Entropy : 0.000 :: Grads : []
130 :: Rewards -12.905 :: steps: 1.00 :: Time: 0.013(0.01263/step) :: Entropy : 0.000 :: Grads : []
140 :: Rewards -13.201 :: steps: 1.00 :: Time: 0.013(0.01291/step) :: Entropy : 0.000 :: Grads : []
150 :: Rewards -13.522 :: steps: 1.00 :: Time: 0.013(0.01310/step) :: Entropy : 0.000 :: Grads : []
160 :: Rewards -15.370 :: steps: 1.00 :: Time: 0.013(0.01333/step) :: Entropy : 0.000 :: Grads : []
170 :: Rewards -15.370 :: steps: 1.00 :: Time: 0.014(0.01392/step) :: Entropy : 0.000 :: Grads : []
180 :: Rewards -15.370 :: steps: 1.00 :: Time: 0.014(0.01437/step) :: Entropy : 0.000 :: Grads : []
190 :: Rewards -15.370 :: steps: 1.00 :: Time: 0.014(0.01442/step) :: Entropy : 0.000 :: Grads : []
200 :: Rewards -15.370 :: steps: 1.00 :: Time: 0.016(0.01617/step) :: Entropy : 0.000 :: Grads : []
210 :: Rewards -15.370 :: steps: 1.00 :: Time: 0.017(0.01716/step) :: Entropy : 0.000 :: Grads : []
220 :: Rewards -15.370 :: steps: 1.00 :: Time: 0.018(0.01771/step) :: Entropy : 0.000 :: Grads : []
230 :: Rewards -16.934 :: steps: 1.00 :: Time: 0.018(0.01833/step) :: Entropy : 0.000 :: Grads : []
240 :: Rewards -16.934 :: steps: 1.00 :: Time: 0.017(0.01669/step) :: Entropy : 0.000 :: Grads : []
250 :: Rewards -16.934 :: steps: 1.00 :: Time: 0.018(0.01778/step) :: Entropy : 0.000 :: Grads : []
260 :: Rewards -16.934 :: steps: 1.00 :: Time: 0.018(0.01830/step) :: Entropy : 0.000 :: Grads : []
270 :: Rewards -16.934 :: steps: 1.00 :: Time: 0.017(0.01744/step) :: Entropy : 0.000 :: Grads : []
280 :: Rewards -16.934 :: steps: 1.00 :: Time: 0.023(0.02293/step) :: Entropy : 0.000 :: Grads : []
290 :: Rewards -16.934 :: steps: 1.00 :: Time: 0.018(0.01780/step) :: Entropy : 0.000 :: Grads : []
300 :: Rewards -17.239 :: steps: 1.00 :: Time: 0.018(0.01787/step) :: Entropy : 0.000 :: Grads : []
310 :: Rewards -17.538 :: steps: 1.00 :: Time: 0.018(0.01789/step) :: Entropy : 0.000 :: Grads : []
320 :: Rewards -17.538 :: steps: 1.00 :: Time: 0.018(0.01830/step) :: Entropy : 0.000 :: Grads : []
330 :: Rewards -17.538 :: steps: 1.00 :: Time: 0.019(0.01862/step) :: Entropy : 0.000 :: Grads : []
340 :: Rewards -17.538 :: steps: 1.00 :: Time: 0.019(0.01888/step) :: Entropy : 0.000 :: Grads : []
350 :: Rewards -17.538 :: steps: 1.00 :: Time: 0.019(0.01929/step) :: Entropy : 0.000 :: Grads : []
360 :: Rewards -18.113 :: steps: 1.00 :: Time: 0.020(0.01969/step) :: Entropy : 0.000 :: Grads : []
370 :: Rewards -19.278 :: steps: 1.00 :: Time: 0.020(0.01994/step) :: Entropy : 0.000 :: Grads : []
380 :: Rewards -19.278 :: steps: 1.00 :: Time: 0.020(0.02030/step) :: Entropy : 0.000 :: Grads : []
390 :: Rewards -19.278 :: steps: 1.00 :: Time: 0.021(0.02084/step) :: Entropy : 0.000 :: Grads : []
400 :: Rewards -19.278 :: steps: 1.00 :: Time: 0.021(0.02101/step) :: Entropy : 0.000 :: Grads : []
410 :: Rewards -19.840 :: steps: 1.00 :: Time: 0.022(0.02158/step) :: Entropy : 0.000 :: Grads : []
420 :: Rewards -19.840 :: steps: 1.00 :: Time: 0.022(0.02217/step) :: Entropy : 0.000 :: Grads : []
430 :: Rewards -19.840 :: steps: 1.00 :: Time: 0.023(0.02274/step) :: Entropy : 0.000 :: Grads : []
440 :: Rewards -19.840 :: steps: 1.00 :: Time: 0.023(0.02287/step) :: Entropy : 0.000 :: Grads : []
450 :: Rewards -19.840 :: steps: 1.00 :: Time: 0.024(0.02372/step) :: Entropy : 0.000 :: Grads : []
460 :: Rewards -19.840 :: steps: 1.00 :: Time: 0.024(0.02400/step) :: Entropy : 0.000 :: Grads : []
470 :: Rewards -20.415 :: steps: 1.00 :: Time: 0.024(0.02445/step) :: Entropy : 0.000 :: Grads : []
480 :: Rewards -20.415 :: steps: 1.00 :: Time: 0.024(0.02430/step) :: Entropy : 0.000 :: Grads : []
490 :: Rewards -20.415 :: steps: 1.00 :: Time: 0.025(0.02483/step) :: Entropy : 0.000 :: Grads : []
500 :: Rewards -20.711 :: steps: 1.00 :: Time: 0.025(0.02534/step) :: Entropy : 0.000 :: Grads : []
510 :: Rewards -20.711 :: steps: 1.00 :: Time: 0.026(0.02563/step) :: Entropy : 0.000 :: Grads : []
520 :: Rewards -20.711 :: steps: 1.00 :: Time: 0.026(0.02630/step) :: Entropy : 0.000 :: Grads : []
530 :: Rewards -20.711 :: steps: 1.00 :: Time: 0.027(0.02726/step) :: Entropy : 0.000 :: Grads : []
540 :: Rewards -20.711 :: steps: 1.00 :: Time: 0.028(0.02800/step) :: Entropy : 0.000 :: Grads : []
550 :: Rewards -20.711 :: steps: 1.00 :: Time: 0.028(0.02780/step) :: Entropy : 0.000 :: Grads : []
560 :: Rewards -20.711 :: steps: 1.00 :: Time: 0.029(0.02916/step) :: Entropy : 0.000 :: Grads : []
570 :: Rewards -20.711 :: steps: 1.00 :: Time: 0.031(0.03084/step) :: Entropy : 0.000 :: Grads : []
580 :: Rewards -21.279 :: steps: 1.00 :: Time: 0.038(0.03812/step) :: Entropy : 0.000 :: Grads : []
590 :: Rewards -21.867 :: steps: 1.00 :: Time: 0.030(0.02965/step) :: Entropy : 0.000 :: Grads : []
600 :: Rewards -21.867 :: steps: 1.00 :: Time: 0.030(0.03043/step) :: Entropy : 0.000 :: Grads : []
610 :: Rewards -21.867 :: steps: 1.00 :: Time: 0.031(0.03112/step) :: Entropy : 0.000 :: Grads : []
620 :: Rewards -21.867 :: steps: 1.00 :: Time: 0.036(0.03613/step) :: Entropy : 0.000 :: Grads : []
630 :: Rewards -21.867 :: steps: 1.00 :: Time: 0.039(0.03950/step) :: Entropy : 0.000 :: Grads : []
640 :: Rewards -21.867 :: steps: 1.00 :: Time: 0.034(0.03414/step) :: Entropy : 0.000 :: Grads : []
650 :: Rewards -21.867 :: steps: 1.00 :: Time: 0.035(0.03471/step) :: Entropy : 0.000 :: Grads : []
660 :: Rewards -21.867 :: steps: 1.00 :: Time: 0.033(0.03350/step) :: Entropy : 0.000 :: Grads : []
670 :: Rewards -21.867 :: steps: 1.00 :: Time: 0.041(0.04147/step) :: Entropy : 0.000 :: Grads : []
680 :: Rewards -21.867 :: steps: 1.00 :: Time: 0.038(0.03759/step) :: Entropy : 0.000 :: Grads : []
690 :: Rewards -21.867 :: steps: 1.00 :: Time: 0.036(0.03578/step) :: Entropy : 0.000 :: Grads : []
700 :: Rewards -21.867 :: steps: 1.00 :: Time: 0.037(0.03697/step) :: Entropy : 0.000 :: Grads : []
710 :: Rewards -21.867 :: steps: 1.00 :: Time: 0.039(0.03907/step) :: Entropy : 0.000 :: Grads : []
720 :: Rewards -21.867 :: steps: 1.00 :: Time: 0.039(0.03872/step) :: Entropy : 0.000 :: Grads : []
730 :: Rewards -21.867 :: steps: 1.00 :: Time: 0.042(0.04176/step) :: Entropy : 0.000 :: Grads : []
740 :: Rewards -21.867 :: steps: 1.00 :: Time: 0.042(0.04244/step) :: Entropy : 0.000 :: Grads : []
750 :: Rewards -21.867 :: steps: 1.00 :: Time: 0.052(0.05248/step) :: Entropy : 0.000 :: Grads : []
760 :: Rewards -21.867 :: steps: 1.00 :: Time: 0.057(0.05749/step) :: Entropy : 0.000 :: Grads : []
770 :: Rewards -21.867 :: steps: 1.00 :: Time: 0.053(0.05286/step) :: Entropy : 0.000 :: Grads : []
780 :: Rewards -21.867 :: steps: 1.00 :: Time: 0.049(0.04866/step) :: Entropy : 0.000 :: Grads : []
790 :: Rewards -21.867 :: steps: 1.00 :: Time: 0.048(0.04830/step) :: Entropy : 0.000 :: Grads : []
800 :: Rewards -21.867 :: steps: 1.00 :: Time: 0.048(0.04783/step) :: Entropy : 0.000 :: Grads : []
810 :: Rewards -21.867 :: steps: 1.00 :: Time: 0.047(0.04745/step) :: Entropy : 0.000 :: Grads : []
820 :: Rewards -21.867 :: steps: 1.00 :: Time: 0.053(0.05271/step) :: Entropy : 0.000 :: Grads : []
830 :: Rewards -21.867 :: steps: 1.00 :: Time: 0.050(0.04974/step) :: Entropy : 0.000 :: Grads : []
840 :: Rewards -21.867 :: steps: 1.00 :: Time: 0.051(0.05142/step) :: Entropy : 0.000 :: Grads : []
850 :: Rewards -21.867 :: steps: 1.00 :: Time: 0.049(0.04880/step) :: Entropy : 0.000 :: Grads : []
860 :: Rewards -21.867 :: steps: 1.00 :: Time: 0.052(0.05205/step) :: Entropy : 0.000 :: Grads : []
870 :: Rewards -21.867 :: steps: 1.00 :: Time: 0.052(0.05186/step) :: Entropy : 0.000 :: Grads : []
880 :: Rewards -21.867 :: steps: 1.00 :: Time: 0.053(0.05269/step) :: Entropy : 0.000 :: Grads : []
890 :: Rewards -21.867 :: steps: 1.00 :: Time: 0.054(0.05384/step) :: Entropy : 0.000 :: Grads : []
900 :: Rewards -21.867 :: steps: 1.00 :: Time: 0.058(0.05758/step) :: Entropy : 0.000 :: Grads : []
910 :: Rewards -21.867 :: steps: 1.00 :: Time: 0.057(0.05696/step) :: Entropy : 0.000 :: Grads : []
920 :: Rewards -21.867 :: steps: 1.00 :: Time: 0.058(0.05768/step) :: Entropy : 0.000 :: Grads : []
930 :: Rewards -21.867 :: steps: 1.00 :: Time: 0.060(0.05968/step) :: Entropy : 0.000 :: Grads : []
940 :: Rewards -21.867 :: steps: 1.00 :: Time: 0.061(0.06126/step) :: Entropy : 0.000 :: Grads : []
950 :: Rewards -21.867 :: steps: 1.00 :: Time: 0.065(0.06529/step) :: Entropy : 0.000 :: Grads : []
960 :: Rewards -21.867 :: steps: 1.00 :: Time: 0.066(0.06581/step) :: Entropy : 0.000 :: Grads : []
970 :: Rewards -21.867 :: steps: 1.00 :: Time: 0.064(0.06381/step) :: Entropy : 0.000 :: Grads : []
980 :: Rewards -21.867 :: steps: 1.00 :: Time: 0.068(0.06751/step) :: Entropy : 0.000 :: Grads : []
990 :: Rewards -21.867 :: steps: 1.00 :: Time: 0.086(0.08645/step) :: Entropy : 0.000 :: Grads : []
999 :: Rewards -21.867 :: steps: 0.90 :: Time: 0.063(0.07046/step) :: Entropy : 0.000 :: Grads : []
Total time taken: 31.63595223426819
