Module path:  Environments.NS_Reco NS_Reco
Dynamically loaded from:  <class 'Environments.NS_Reco.NS_Reco'>
Reward Amplitudes: [4.17022005e-01 7.20324493e-01 1.14374817e-04 3.02332573e-01
 1.46755891e-01] :: Avg 0.317309867282206 
Module path:  Src.Algorithms.OFPG OFPG
Dynamically loaded from:  <class 'Src.Algorithms.OFPG.OFPG'>
=====Configurations=====
 Namespace(NN_basis_dim='32', Policy_basis_dim='32', actor_lr=0.0021758107191788777, algo_name='OFPG', base=0, batch_size=1000, buffer_size=1000, debug=False, delta=5, entropy_lambda=0.0820027845863337, env_name='NS_Reco', experiment='NS_2r_', extrapolator_basis='Fourier', folder_suffix='Default', fourier_coupled=True, fourier_k=7, fourier_order=3, gamma=0.99, gauss_std=1.5, gpu=0, hyper='default', importance_clip=15.0, inc=1, log_output='term_file', max_episodes=1000, max_inner=100, max_steps=500, optim='rmsprop', oracle=-1, raw_basis=True, restore=False, save_count=100, save_model=True, seed=21, speed=2, state_lr=0.001, summary=True, swarm=False, timestamp='5|25|11:19:0')
Actions space: 5 :: State space: 1
State Low: tensor([0.]) :: State High: tensor([1.])
State features:  [('dummy_param', torch.Size([1]))]
Policy:  [('fc1.weight', torch.Size([5, 1])), ('fc1.bias', torch.Size([5]))]
0 :: Rewards 0.000 :: steps: 0.10 :: Time: 0.000(0.00064/step) :: Entropy : 0.000 :: Grads : []
10 :: Rewards -0.168 :: steps: 1.00 :: Time: 0.008(0.00819/step) :: Entropy : 0.000 :: Grads : []
20 :: Rewards -0.664 :: steps: 1.00 :: Time: 0.008(0.00824/step) :: Entropy : 0.000 :: Grads : []
30 :: Rewards -1.309 :: steps: 1.00 :: Time: 0.008(0.00848/step) :: Entropy : 0.000 :: Grads : []
40 :: Rewards -2.065 :: steps: 1.00 :: Time: 0.008(0.00810/step) :: Entropy : 0.000 :: Grads : []
50 :: Rewards -2.762 :: steps: 1.00 :: Time: 0.008(0.00793/step) :: Entropy : 0.000 :: Grads : []
60 :: Rewards -3.412 :: steps: 1.00 :: Time: 0.008(0.00793/step) :: Entropy : 0.000 :: Grads : []
70 :: Rewards -4.995 :: steps: 1.00 :: Time: 0.008(0.00812/step) :: Entropy : 0.000 :: Grads : []
80 :: Rewards -6.447 :: steps: 1.00 :: Time: 0.008(0.00812/step) :: Entropy : 0.000 :: Grads : []
90 :: Rewards -7.830 :: steps: 1.00 :: Time: 0.008(0.00816/step) :: Entropy : 0.000 :: Grads : []
100 :: Rewards -8.064 :: steps: 1.00 :: Time: 0.008(0.00830/step) :: Entropy : 0.000 :: Grads : []
110 :: Rewards -8.384 :: steps: 1.00 :: Time: 0.008(0.00838/step) :: Entropy : 0.000 :: Grads : []
120 :: Rewards -8.725 :: steps: 1.00 :: Time: 0.008(0.00846/step) :: Entropy : 0.000 :: Grads : []
130 :: Rewards -8.725 :: steps: 1.00 :: Time: 0.009(0.00856/step) :: Entropy : 0.000 :: Grads : []
140 :: Rewards -9.099 :: steps: 1.00 :: Time: 0.009(0.00861/step) :: Entropy : 0.000 :: Grads : []
150 :: Rewards -9.099 :: steps: 1.00 :: Time: 0.009(0.00878/step) :: Entropy : 0.000 :: Grads : []
160 :: Rewards -9.099 :: steps: 1.00 :: Time: 0.009(0.00889/step) :: Entropy : 0.000 :: Grads : []
170 :: Rewards -9.099 :: steps: 1.00 :: Time: 0.009(0.00900/step) :: Entropy : 0.000 :: Grads : []
180 :: Rewards -9.099 :: steps: 1.00 :: Time: 0.009(0.00908/step) :: Entropy : 0.000 :: Grads : []
190 :: Rewards -9.549 :: steps: 1.00 :: Time: 0.009(0.00911/step) :: Entropy : 0.000 :: Grads : []
200 :: Rewards -9.549 :: steps: 1.00 :: Time: 0.009(0.00936/step) :: Entropy : 0.000 :: Grads : []
210 :: Rewards -9.549 :: steps: 1.00 :: Time: 0.009(0.00926/step) :: Entropy : 0.000 :: Grads : []
220 :: Rewards -9.984 :: steps: 1.00 :: Time: 0.009(0.00949/step) :: Entropy : 0.000 :: Grads : []
230 :: Rewards -9.984 :: steps: 1.00 :: Time: 0.009(0.00938/step) :: Entropy : 0.000 :: Grads : []
240 :: Rewards -9.984 :: steps: 1.00 :: Time: 0.010(0.00986/step) :: Entropy : 0.000 :: Grads : []
250 :: Rewards -10.399 :: steps: 1.00 :: Time: 0.010(0.00969/step) :: Entropy : 0.000 :: Grads : []
260 :: Rewards -11.474 :: steps: 1.00 :: Time: 0.010(0.00984/step) :: Entropy : 0.000 :: Grads : []
270 :: Rewards -11.855 :: steps: 1.00 :: Time: 0.010(0.00972/step) :: Entropy : 0.000 :: Grads : []
280 :: Rewards -12.234 :: steps: 1.00 :: Time: 0.010(0.00981/step) :: Entropy : 0.000 :: Grads : []
290 :: Rewards -12.234 :: steps: 1.00 :: Time: 0.010(0.00983/step) :: Entropy : 0.000 :: Grads : []
300 :: Rewards -12.752 :: steps: 1.00 :: Time: 0.010(0.00995/step) :: Entropy : 0.000 :: Grads : []
310 :: Rewards -13.338 :: steps: 1.00 :: Time: 0.010(0.01011/step) :: Entropy : 0.000 :: Grads : []
320 :: Rewards -13.338 :: steps: 1.00 :: Time: 0.010(0.01010/step) :: Entropy : 0.000 :: Grads : []
330 :: Rewards -13.810 :: steps: 1.00 :: Time: 0.011(0.01051/step) :: Entropy : 0.000 :: Grads : []
340 :: Rewards -13.810 :: steps: 1.00 :: Time: 0.011(0.01058/step) :: Entropy : 0.000 :: Grads : []
350 :: Rewards -13.898 :: steps: 1.00 :: Time: 0.011(0.01083/step) :: Entropy : 0.000 :: Grads : []
360 :: Rewards -14.133 :: steps: 1.00 :: Time: 0.011(0.01086/step) :: Entropy : 0.000 :: Grads : []
370 :: Rewards -14.383 :: steps: 1.00 :: Time: 0.011(0.01100/step) :: Entropy : 0.000 :: Grads : []
380 :: Rewards -14.808 :: steps: 1.00 :: Time: 0.011(0.01108/step) :: Entropy : 0.000 :: Grads : []
390 :: Rewards -15.616 :: steps: 1.00 :: Time: 0.011(0.01105/step) :: Entropy : 0.000 :: Grads : []
400 :: Rewards -16.602 :: steps: 1.00 :: Time: 0.011(0.01125/step) :: Entropy : 0.000 :: Grads : []
410 :: Rewards -18.036 :: steps: 1.00 :: Time: 0.011(0.01146/step) :: Entropy : 0.000 :: Grads : []
420 :: Rewards -19.902 :: steps: 1.00 :: Time: 0.012(0.01169/step) :: Entropy : 0.000 :: Grads : []
430 :: Rewards -21.983 :: steps: 1.00 :: Time: 0.012(0.01181/step) :: Entropy : 0.000 :: Grads : []
440 :: Rewards -24.201 :: steps: 1.00 :: Time: 0.012(0.01197/step) :: Entropy : 0.000 :: Grads : []
450 :: Rewards -26.875 :: steps: 1.00 :: Time: 0.012(0.01188/step) :: Entropy : 0.000 :: Grads : []
460 :: Rewards -29.257 :: steps: 1.00 :: Time: 0.012(0.01201/step) :: Entropy : 0.000 :: Grads : []
470 :: Rewards -31.593 :: steps: 1.00 :: Time: 0.012(0.01193/step) :: Entropy : 0.000 :: Grads : []
480 :: Rewards -35.516 :: steps: 1.00 :: Time: 0.012(0.01210/step) :: Entropy : 0.000 :: Grads : []
490 :: Rewards -39.108 :: steps: 1.00 :: Time: 0.012(0.01207/step) :: Entropy : 0.000 :: Grads : []
500 :: Rewards -42.382 :: steps: 1.00 :: Time: 0.012(0.01215/step) :: Entropy : 0.000 :: Grads : []
510 :: Rewards -45.774 :: steps: 1.00 :: Time: 0.012(0.01221/step) :: Entropy : 0.000 :: Grads : []
520 :: Rewards -50.263 :: steps: 1.00 :: Time: 0.012(0.01245/step) :: Entropy : 0.000 :: Grads : []
530 :: Rewards -54.065 :: steps: 1.00 :: Time: 0.012(0.01241/step) :: Entropy : 0.000 :: Grads : []
540 :: Rewards -58.655 :: steps: 1.00 :: Time: 0.012(0.01245/step) :: Entropy : 0.000 :: Grads : []
550 :: Rewards -61.326 :: steps: 1.00 :: Time: 0.013(0.01255/step) :: Entropy : 0.000 :: Grads : []
560 :: Rewards -65.466 :: steps: 1.00 :: Time: 0.013(0.01255/step) :: Entropy : 0.000 :: Grads : []
570 :: Rewards -69.697 :: steps: 1.00 :: Time: 0.013(0.01266/step) :: Entropy : 0.000 :: Grads : []
580 :: Rewards -71.819 :: steps: 1.00 :: Time: 0.013(0.01322/step) :: Entropy : 0.000 :: Grads : []
590 :: Rewards -74.730 :: steps: 1.00 :: Time: 0.013(0.01289/step) :: Entropy : 0.000 :: Grads : []
600 :: Rewards -78.875 :: steps: 1.00 :: Time: 0.013(0.01299/step) :: Entropy : 0.000 :: Grads : []
610 :: Rewards -82.725 :: steps: 1.00 :: Time: 0.013(0.01330/step) :: Entropy : 0.000 :: Grads : []
620 :: Rewards -84.842 :: steps: 1.00 :: Time: 0.013(0.01309/step) :: Entropy : 0.000 :: Grads : []
630 :: Rewards -88.263 :: steps: 1.00 :: Time: 0.013(0.01317/step) :: Entropy : 0.000 :: Grads : []
640 :: Rewards -91.088 :: steps: 1.00 :: Time: 0.013(0.01325/step) :: Entropy : 0.000 :: Grads : []
650 :: Rewards -93.299 :: steps: 1.00 :: Time: 0.013(0.01323/step) :: Entropy : 0.000 :: Grads : []
660 :: Rewards -96.505 :: steps: 1.00 :: Time: 0.013(0.01313/step) :: Entropy : 0.000 :: Grads : []
670 :: Rewards -99.120 :: steps: 1.00 :: Time: 0.013(0.01324/step) :: Entropy : 0.000 :: Grads : []
680 :: Rewards -103.420 :: steps: 1.00 :: Time: 0.013(0.01331/step) :: Entropy : 0.000 :: Grads : []
690 :: Rewards -107.194 :: steps: 1.00 :: Time: 0.013(0.01324/step) :: Entropy : 0.000 :: Grads : []
700 :: Rewards -110.007 :: steps: 1.00 :: Time: 0.013(0.01331/step) :: Entropy : 0.000 :: Grads : []
710 :: Rewards -114.319 :: steps: 1.00 :: Time: 0.013(0.01348/step) :: Entropy : 0.000 :: Grads : []
720 :: Rewards -116.828 :: steps: 1.00 :: Time: 0.014(0.01382/step) :: Entropy : 0.000 :: Grads : []
730 :: Rewards -118.823 :: steps: 1.00 :: Time: 0.014(0.01357/step) :: Entropy : 0.000 :: Grads : []
740 :: Rewards -121.147 :: steps: 1.00 :: Time: 0.014(0.01354/step) :: Entropy : 0.000 :: Grads : []
750 :: Rewards -123.042 :: steps: 1.00 :: Time: 0.014(0.01373/step) :: Entropy : 0.000 :: Grads : []
760 :: Rewards -126.158 :: steps: 1.00 :: Time: 0.014(0.01373/step) :: Entropy : 0.000 :: Grads : []
770 :: Rewards -128.592 :: steps: 1.00 :: Time: 0.014(0.01381/step) :: Entropy : 0.000 :: Grads : []
780 :: Rewards -131.179 :: steps: 1.00 :: Time: 0.014(0.01375/step) :: Entropy : 0.000 :: Grads : []
790 :: Rewards -133.738 :: steps: 1.00 :: Time: 0.014(0.01388/step) :: Entropy : 0.000 :: Grads : []
800 :: Rewards -136.711 :: steps: 1.00 :: Time: 0.015(0.01455/step) :: Entropy : 0.000 :: Grads : []
810 :: Rewards -139.960 :: steps: 1.00 :: Time: 0.014(0.01419/step) :: Entropy : 0.000 :: Grads : []
820 :: Rewards -142.600 :: steps: 1.00 :: Time: 0.014(0.01421/step) :: Entropy : 0.000 :: Grads : []
830 :: Rewards -145.137 :: steps: 1.00 :: Time: 0.014(0.01430/step) :: Entropy : 0.000 :: Grads : []
840 :: Rewards -147.344 :: steps: 1.00 :: Time: 0.014(0.01426/step) :: Entropy : 0.000 :: Grads : []
850 :: Rewards -149.373 :: steps: 1.00 :: Time: 0.014(0.01437/step) :: Entropy : 0.000 :: Grads : []
860 :: Rewards -151.317 :: steps: 1.00 :: Time: 0.014(0.01434/step) :: Entropy : 0.000 :: Grads : []
870 :: Rewards -152.912 :: steps: 1.00 :: Time: 0.014(0.01430/step) :: Entropy : 0.000 :: Grads : []
880 :: Rewards -154.149 :: steps: 1.00 :: Time: 0.014(0.01449/step) :: Entropy : 0.000 :: Grads : []
890 :: Rewards -155.639 :: steps: 1.00 :: Time: 0.015(0.01456/step) :: Entropy : 0.000 :: Grads : []
900 :: Rewards -157.617 :: steps: 1.00 :: Time: 0.015(0.01472/step) :: Entropy : 0.000 :: Grads : []
910 :: Rewards -160.254 :: steps: 1.00 :: Time: 0.015(0.01486/step) :: Entropy : 0.000 :: Grads : []
920 :: Rewards -163.170 :: steps: 1.00 :: Time: 0.015(0.01494/step) :: Entropy : 0.000 :: Grads : []
930 :: Rewards -167.391 :: steps: 1.00 :: Time: 0.015(0.01497/step) :: Entropy : 0.000 :: Grads : []
940 :: Rewards -171.454 :: steps: 1.00 :: Time: 0.015(0.01492/step) :: Entropy : 0.000 :: Grads : []
950 :: Rewards -175.079 :: steps: 1.00 :: Time: 0.015(0.01477/step) :: Entropy : 0.000 :: Grads : []
960 :: Rewards -178.480 :: steps: 1.00 :: Time: 0.015(0.01501/step) :: Entropy : 0.000 :: Grads : []
970 :: Rewards -183.323 :: steps: 1.00 :: Time: 0.015(0.01485/step) :: Entropy : 0.000 :: Grads : []
980 :: Rewards -187.995 :: steps: 1.00 :: Time: 0.015(0.01501/step) :: Entropy : 0.000 :: Grads : []
990 :: Rewards -191.468 :: steps: 1.00 :: Time: 0.015(0.01497/step) :: Entropy : 0.000 :: Grads : []
999 :: Rewards -195.140 :: steps: 0.90 :: Time: 0.015(0.01696/step) :: Entropy : 0.000 :: Grads : []
Total time taken: 11.88945984840393
