Module path:  Environments.NS_Reco NS_Reco
Dynamically loaded from:  <class 'Environments.NS_Reco.NS_Reco'>
Reward Amplitudes: [4.17022005e-01 7.20324493e-01 1.14374817e-04 3.02332573e-01
 1.46755891e-01] :: Avg 0.317309867282206 
Module path:  Src.Algorithms.OFPG OFPG
Dynamically loaded from:  <class 'Src.Algorithms.OFPG.OFPG'>
=====Configurations=====
 Namespace(NN_basis_dim='32', Policy_basis_dim='32', actor_lr=0.005252014538415403, algo_name='OFPG', base=0, batch_size=1000, buffer_size=1000, debug=False, delta=1, entropy_lambda=0.08551739420792737, env_name='NS_Reco', experiment='NS_4r_', extrapolator_basis='Fourier', folder_suffix='Default', fourier_coupled=True, fourier_k=7, fourier_order=3, gamma=0.99, gauss_std=1.5, gpu=0, hyper='default', importance_clip=10.0, inc=1, log_output='term_file', max_episodes=1000, max_inner=20, max_steps=500, optim='rmsprop', oracle=-1, raw_basis=True, restore=False, save_count=100, save_model=True, seed=0, speed=4, state_lr=0.001, summary=True, swarm=False, timestamp='5|25|10:3:55')
Actions space: 5 :: State space: 1
State Low: tensor([0.]) :: State High: tensor([1.])
State features:  [('dummy_param', torch.Size([1]))]
Policy:  [('fc1.weight', torch.Size([5, 1])), ('fc1.bias', torch.Size([5]))]
0 :: Rewards -0.025 :: steps: 0.10 :: Time: 0.001(0.00984/step) :: Entropy : 0.000 :: Grads : []
10 :: Rewards -0.290 :: steps: 1.00 :: Time: 0.008(0.00808/step) :: Entropy : 0.000 :: Grads : []
20 :: Rewards -0.647 :: steps: 1.00 :: Time: 0.008(0.00831/step) :: Entropy : 0.000 :: Grads : []
30 :: Rewards -1.017 :: steps: 1.00 :: Time: 0.009(0.00861/step) :: Entropy : 0.000 :: Grads : []
40 :: Rewards -1.269 :: steps: 1.00 :: Time: 0.008(0.00822/step) :: Entropy : 0.000 :: Grads : []
50 :: Rewards -2.713 :: steps: 1.00 :: Time: 0.008(0.00827/step) :: Entropy : 0.000 :: Grads : []
60 :: Rewards -4.745 :: steps: 1.00 :: Time: 0.008(0.00833/step) :: Entropy : 0.000 :: Grads : []
70 :: Rewards -5.360 :: steps: 1.00 :: Time: 0.008(0.00841/step) :: Entropy : 0.000 :: Grads : []
80 :: Rewards -5.681 :: steps: 1.00 :: Time: 0.009(0.00863/step) :: Entropy : 0.000 :: Grads : []
90 :: Rewards -6.269 :: steps: 1.00 :: Time: 0.009(0.00858/step) :: Entropy : 0.000 :: Grads : []
100 :: Rewards -7.040 :: steps: 1.00 :: Time: 0.009(0.00859/step) :: Entropy : 0.000 :: Grads : []
110 :: Rewards -8.177 :: steps: 1.00 :: Time: 0.009(0.00880/step) :: Entropy : 0.000 :: Grads : []
120 :: Rewards -8.592 :: steps: 1.00 :: Time: 0.009(0.00886/step) :: Entropy : 0.000 :: Grads : []
130 :: Rewards -9.389 :: steps: 1.00 :: Time: 0.009(0.00888/step) :: Entropy : 0.000 :: Grads : []
140 :: Rewards -10.706 :: steps: 1.00 :: Time: 0.009(0.00912/step) :: Entropy : 0.000 :: Grads : []
150 :: Rewards -10.706 :: steps: 1.00 :: Time: 0.009(0.00915/step) :: Entropy : 0.000 :: Grads : []
160 :: Rewards -11.012 :: steps: 1.00 :: Time: 0.009(0.00921/step) :: Entropy : 0.000 :: Grads : []
170 :: Rewards -11.388 :: steps: 1.00 :: Time: 0.009(0.00927/step) :: Entropy : 0.000 :: Grads : []
180 :: Rewards -11.451 :: steps: 1.00 :: Time: 0.009(0.00935/step) :: Entropy : 0.000 :: Grads : []
190 :: Rewards -11.762 :: steps: 1.00 :: Time: 0.009(0.00944/step) :: Entropy : 0.000 :: Grads : []
200 :: Rewards -12.800 :: steps: 1.00 :: Time: 0.010(0.00953/step) :: Entropy : 0.000 :: Grads : []
210 :: Rewards -14.625 :: steps: 1.00 :: Time: 0.010(0.00962/step) :: Entropy : 0.000 :: Grads : []
220 :: Rewards -16.175 :: steps: 1.00 :: Time: 0.010(0.00963/step) :: Entropy : 0.000 :: Grads : []
230 :: Rewards -18.881 :: steps: 1.00 :: Time: 0.010(0.00973/step) :: Entropy : 0.000 :: Grads : []
240 :: Rewards -21.983 :: steps: 1.00 :: Time: 0.010(0.00980/step) :: Entropy : 0.000 :: Grads : []
250 :: Rewards -23.353 :: steps: 1.00 :: Time: 0.010(0.00995/step) :: Entropy : 0.000 :: Grads : []
260 :: Rewards -26.893 :: steps: 1.00 :: Time: 0.010(0.01017/step) :: Entropy : 0.000 :: Grads : []
270 :: Rewards -30.220 :: steps: 1.00 :: Time: 0.010(0.01029/step) :: Entropy : 0.000 :: Grads : []
280 :: Rewards -31.783 :: steps: 1.00 :: Time: 0.010(0.01028/step) :: Entropy : 0.000 :: Grads : []
290 :: Rewards -34.319 :: steps: 1.00 :: Time: 0.010(0.01029/step) :: Entropy : 0.000 :: Grads : []
300 :: Rewards -37.197 :: steps: 1.00 :: Time: 0.010(0.01043/step) :: Entropy : 0.000 :: Grads : []
310 :: Rewards -40.365 :: steps: 1.00 :: Time: 0.011(0.01064/step) :: Entropy : 0.000 :: Grads : []
320 :: Rewards -43.485 :: steps: 1.00 :: Time: 0.011(0.01082/step) :: Entropy : 0.000 :: Grads : []
330 :: Rewards -46.841 :: steps: 1.00 :: Time: 0.011(0.01099/step) :: Entropy : 0.000 :: Grads : []
340 :: Rewards -50.885 :: steps: 1.00 :: Time: 0.011(0.01127/step) :: Entropy : 0.000 :: Grads : []
350 :: Rewards -52.922 :: steps: 1.00 :: Time: 0.011(0.01129/step) :: Entropy : 0.000 :: Grads : []
360 :: Rewards -55.679 :: steps: 1.00 :: Time: 0.011(0.01147/step) :: Entropy : 0.000 :: Grads : []
370 :: Rewards -57.786 :: steps: 1.00 :: Time: 0.012(0.01158/step) :: Entropy : 0.000 :: Grads : []
380 :: Rewards -60.612 :: steps: 1.00 :: Time: 0.012(0.01164/step) :: Entropy : 0.000 :: Grads : []
390 :: Rewards -63.053 :: steps: 1.00 :: Time: 0.012(0.01170/step) :: Entropy : 0.000 :: Grads : []
400 :: Rewards -66.203 :: steps: 1.00 :: Time: 0.012(0.01189/step) :: Entropy : 0.000 :: Grads : []
410 :: Rewards -67.735 :: steps: 1.00 :: Time: 0.012(0.01197/step) :: Entropy : 0.000 :: Grads : []
420 :: Rewards -69.989 :: steps: 1.00 :: Time: 0.012(0.01247/step) :: Entropy : 0.000 :: Grads : []
430 :: Rewards -71.802 :: steps: 1.00 :: Time: 0.013(0.01254/step) :: Entropy : 0.000 :: Grads : []
440 :: Rewards -73.148 :: steps: 1.00 :: Time: 0.013(0.01259/step) :: Entropy : 0.000 :: Grads : []
450 :: Rewards -76.744 :: steps: 1.00 :: Time: 0.013(0.01262/step) :: Entropy : 0.000 :: Grads : []
460 :: Rewards -79.428 :: steps: 1.00 :: Time: 0.013(0.01269/step) :: Entropy : 0.000 :: Grads : []
470 :: Rewards -82.729 :: steps: 1.00 :: Time: 0.013(0.01288/step) :: Entropy : 0.000 :: Grads : []
480 :: Rewards -87.928 :: steps: 1.00 :: Time: 0.013(0.01281/step) :: Entropy : 0.000 :: Grads : []
490 :: Rewards -92.408 :: steps: 1.00 :: Time: 0.013(0.01291/step) :: Entropy : 0.000 :: Grads : []
500 :: Rewards -98.163 :: steps: 1.00 :: Time: 0.013(0.01302/step) :: Entropy : 0.000 :: Grads : []
510 :: Rewards -103.747 :: steps: 1.00 :: Time: 0.013(0.01310/step) :: Entropy : 0.000 :: Grads : []
520 :: Rewards -110.787 :: steps: 1.00 :: Time: 0.013(0.01315/step) :: Entropy : 0.000 :: Grads : []
530 :: Rewards -116.713 :: steps: 1.00 :: Time: 0.013(0.01331/step) :: Entropy : 0.000 :: Grads : []
540 :: Rewards -121.362 :: steps: 1.00 :: Time: 0.013(0.01320/step) :: Entropy : 0.000 :: Grads : []
550 :: Rewards -126.237 :: steps: 1.00 :: Time: 0.013(0.01336/step) :: Entropy : 0.000 :: Grads : []
560 :: Rewards -130.844 :: steps: 1.00 :: Time: 0.013(0.01346/step) :: Entropy : 0.000 :: Grads : []
570 :: Rewards -134.704 :: steps: 1.00 :: Time: 0.014(0.01367/step) :: Entropy : 0.000 :: Grads : []
580 :: Rewards -139.685 :: steps: 1.00 :: Time: 0.014(0.01355/step) :: Entropy : 0.000 :: Grads : []
590 :: Rewards -144.699 :: steps: 1.00 :: Time: 0.014(0.01369/step) :: Entropy : 0.000 :: Grads : []
600 :: Rewards -148.171 :: steps: 1.00 :: Time: 0.014(0.01382/step) :: Entropy : 0.000 :: Grads : []
610 :: Rewards -150.298 :: steps: 1.00 :: Time: 0.014(0.01375/step) :: Entropy : 0.000 :: Grads : []
620 :: Rewards -151.118 :: steps: 1.00 :: Time: 0.014(0.01390/step) :: Entropy : 0.000 :: Grads : []
630 :: Rewards -152.235 :: steps: 1.00 :: Time: 0.014(0.01386/step) :: Entropy : 0.000 :: Grads : []
640 :: Rewards -152.945 :: steps: 1.00 :: Time: 0.014(0.01393/step) :: Entropy : 0.000 :: Grads : []
650 :: Rewards -155.006 :: steps: 1.00 :: Time: 0.014(0.01415/step) :: Entropy : 0.000 :: Grads : []
660 :: Rewards -157.095 :: steps: 1.00 :: Time: 0.014(0.01412/step) :: Entropy : 0.000 :: Grads : []
670 :: Rewards -160.104 :: steps: 1.00 :: Time: 0.014(0.01448/step) :: Entropy : 0.000 :: Grads : []
680 :: Rewards -165.105 :: steps: 1.00 :: Time: 0.014(0.01412/step) :: Entropy : 0.000 :: Grads : []
690 :: Rewards -168.778 :: steps: 1.00 :: Time: 0.014(0.01423/step) :: Entropy : 0.000 :: Grads : []
700 :: Rewards -172.179 :: steps: 1.00 :: Time: 0.014(0.01435/step) :: Entropy : 0.000 :: Grads : []
710 :: Rewards -178.261 :: steps: 1.00 :: Time: 0.014(0.01433/step) :: Entropy : 0.000 :: Grads : []
720 :: Rewards -181.683 :: steps: 1.00 :: Time: 0.014(0.01447/step) :: Entropy : 0.000 :: Grads : []
730 :: Rewards -185.373 :: steps: 1.00 :: Time: 0.014(0.01441/step) :: Entropy : 0.000 :: Grads : []
740 :: Rewards -188.302 :: steps: 1.00 :: Time: 0.015(0.01452/step) :: Entropy : 0.000 :: Grads : []
750 :: Rewards -191.714 :: steps: 1.00 :: Time: 0.014(0.01442/step) :: Entropy : 0.000 :: Grads : []
760 :: Rewards -199.446 :: steps: 1.00 :: Time: 0.015(0.01468/step) :: Entropy : 0.000 :: Grads : []
770 :: Rewards -203.604 :: steps: 1.00 :: Time: 0.015(0.01469/step) :: Entropy : 0.000 :: Grads : []
780 :: Rewards -205.446 :: steps: 1.00 :: Time: 0.015(0.01479/step) :: Entropy : 0.000 :: Grads : []
790 :: Rewards -206.103 :: steps: 1.00 :: Time: 0.015(0.01503/step) :: Entropy : 0.000 :: Grads : []
800 :: Rewards -207.678 :: steps: 1.00 :: Time: 0.015(0.01510/step) :: Entropy : 0.000 :: Grads : []
810 :: Rewards -210.579 :: steps: 1.00 :: Time: 0.015(0.01533/step) :: Entropy : 0.000 :: Grads : []
820 :: Rewards -212.059 :: steps: 1.00 :: Time: 0.015(0.01538/step) :: Entropy : 0.000 :: Grads : []
830 :: Rewards -213.145 :: steps: 1.00 :: Time: 0.015(0.01538/step) :: Entropy : 0.000 :: Grads : []
840 :: Rewards -213.483 :: steps: 1.00 :: Time: 0.016(0.01562/step) :: Entropy : 0.000 :: Grads : []
850 :: Rewards -214.747 :: steps: 1.00 :: Time: 0.016(0.01563/step) :: Entropy : 0.000 :: Grads : []
860 :: Rewards -216.002 :: steps: 1.00 :: Time: 0.016(0.01553/step) :: Entropy : 0.000 :: Grads : []
870 :: Rewards -217.079 :: steps: 1.00 :: Time: 0.016(0.01556/step) :: Entropy : 0.000 :: Grads : []
880 :: Rewards -218.650 :: steps: 1.00 :: Time: 0.016(0.01560/step) :: Entropy : 0.000 :: Grads : []
890 :: Rewards -220.541 :: steps: 1.00 :: Time: 0.016(0.01567/step) :: Entropy : 0.000 :: Grads : []
900 :: Rewards -222.374 :: steps: 1.00 :: Time: 0.016(0.01594/step) :: Entropy : 0.000 :: Grads : []
910 :: Rewards -226.162 :: steps: 1.00 :: Time: 0.016(0.01580/step) :: Entropy : 0.000 :: Grads : []
920 :: Rewards -229.557 :: steps: 1.00 :: Time: 0.016(0.01598/step) :: Entropy : 0.000 :: Grads : []
930 :: Rewards -233.868 :: steps: 1.00 :: Time: 0.016(0.01599/step) :: Entropy : 0.000 :: Grads : []
940 :: Rewards -238.381 :: steps: 1.00 :: Time: 0.016(0.01608/step) :: Entropy : 0.000 :: Grads : []
950 :: Rewards -244.448 :: steps: 1.00 :: Time: 0.016(0.01621/step) :: Entropy : 0.000 :: Grads : []
960 :: Rewards -251.691 :: steps: 1.00 :: Time: 0.016(0.01608/step) :: Entropy : 0.000 :: Grads : []
970 :: Rewards -256.677 :: steps: 1.00 :: Time: 0.016(0.01609/step) :: Entropy : 0.000 :: Grads : []
980 :: Rewards -261.229 :: steps: 1.00 :: Time: 0.016(0.01605/step) :: Entropy : 0.000 :: Grads : []
990 :: Rewards -265.530 :: steps: 1.00 :: Time: 0.016(0.01623/step) :: Entropy : 0.000 :: Grads : []
999 :: Rewards -270.558 :: steps: 0.90 :: Time: 0.015(0.01660/step) :: Entropy : 0.000 :: Grads : []
Total time taken: 12.602418184280396
