Module path:  Environments.NS_Reco NS_Reco
Dynamically loaded from:  <class 'Environments.NS_Reco.NS_Reco'>
Reward Amplitudes: [4.17022005e-01 7.20324493e-01 1.14374817e-04 3.02332573e-01
 1.46755891e-01] :: Avg 0.317309867282206 
Module path:  Src.Algorithms.ProWLS ProWLS
Dynamically loaded from:  <class 'Src.Algorithms.ProWLS.ProWLS'>
=====Configurations=====
 Namespace(NN_basis_dim='32', Policy_basis_dim='32', actor_lr=0.004415491219348583, algo_name='ProWLS', base=0, batch_size=1000, buffer_size=1000, debug=False, delta=1, entropy_lambda=0.0010074417839719013, env_name='NS_Reco', experiment='NS_0_', extrapolator_basis='Fourier', folder_suffix='Default', fourier_coupled=True, fourier_k=3, fourier_order=3, gamma=0.99, gauss_std=1.5, gpu=0, hyper='default', importance_clip=5.0, inc=1, log_output='term_file', max_episodes=1000, max_inner=20, max_steps=500, optim='rmsprop', oracle=-1, raw_basis=True, restore=False, save_count=100, save_model=True, seed=10, speed=0, state_lr=0.001, summary=True, swarm=False, timestamp='5|24|20:18:12')
Actions space: 5 :: State space: 1
State Low: tensor([0.]) :: State High: tensor([1.])
State features:  [('dummy_param', torch.Size([1]))]
Policy:  [('fc1.weight', torch.Size([5, 1])), ('fc1.bias', torch.Size([5]))]
0 :: Rewards 0.000 :: steps: 0.10 :: Time: 0.000(0.00061/step) :: Entropy : 0.000 :: Grads : []
10 :: Rewards 1.883 :: steps: 1.00 :: Time: 0.009(0.00911/step) :: Entropy : 0.000 :: Grads : []
20 :: Rewards 7.076 :: steps: 1.00 :: Time: 0.011(0.01106/step) :: Entropy : 0.000 :: Grads : []
30 :: Rewards 14.280 :: steps: 1.00 :: Time: 0.011(0.01132/step) :: Entropy : 0.000 :: Grads : []
40 :: Rewards 21.446 :: steps: 1.00 :: Time: 0.011(0.01102/step) :: Entropy : 0.000 :: Grads : []
50 :: Rewards 27.963 :: steps: 1.00 :: Time: 0.011(0.01112/step) :: Entropy : 0.000 :: Grads : []
60 :: Rewards 35.234 :: steps: 1.00 :: Time: 0.011(0.01122/step) :: Entropy : 0.000 :: Grads : []
70 :: Rewards 42.424 :: steps: 1.00 :: Time: 0.011(0.01150/step) :: Entropy : 0.000 :: Grads : []
80 :: Rewards 49.630 :: steps: 1.00 :: Time: 0.012(0.01159/step) :: Entropy : 0.000 :: Grads : []
90 :: Rewards 56.826 :: steps: 1.00 :: Time: 0.012(0.01179/step) :: Entropy : 0.000 :: Grads : []
100 :: Rewards 64.073 :: steps: 1.00 :: Time: 0.012(0.01197/step) :: Entropy : 0.000 :: Grads : []
110 :: Rewards 70.563 :: steps: 1.00 :: Time: 0.012(0.01217/step) :: Entropy : 0.000 :: Grads : []
120 :: Rewards 77.760 :: steps: 1.00 :: Time: 0.012(0.01234/step) :: Entropy : 0.000 :: Grads : []
130 :: Rewards 84.958 :: steps: 1.00 :: Time: 0.013(0.01251/step) :: Entropy : 0.000 :: Grads : []
140 :: Rewards 91.404 :: steps: 1.00 :: Time: 0.013(0.01271/step) :: Entropy : 0.000 :: Grads : []
150 :: Rewards 98.573 :: steps: 1.00 :: Time: 0.013(0.01295/step) :: Entropy : 0.000 :: Grads : []
160 :: Rewards 105.736 :: steps: 1.00 :: Time: 0.013(0.01318/step) :: Entropy : 0.000 :: Grads : []
170 :: Rewards 112.945 :: steps: 1.00 :: Time: 0.013(0.01341/step) :: Entropy : 0.000 :: Grads : []
180 :: Rewards 120.161 :: steps: 1.00 :: Time: 0.014(0.01373/step) :: Entropy : 0.000 :: Grads : []
190 :: Rewards 127.364 :: steps: 1.00 :: Time: 0.014(0.01442/step) :: Entropy : 0.000 :: Grads : []
200 :: Rewards 134.588 :: steps: 1.00 :: Time: 0.015(0.01451/step) :: Entropy : 0.000 :: Grads : []
210 :: Rewards 141.831 :: steps: 1.00 :: Time: 0.015(0.01489/step) :: Entropy : 0.000 :: Grads : []
220 :: Rewards 149.055 :: steps: 1.00 :: Time: 0.015(0.01507/step) :: Entropy : 0.000 :: Grads : []
230 :: Rewards 156.247 :: steps: 1.00 :: Time: 0.016(0.01553/step) :: Entropy : 0.000 :: Grads : []
240 :: Rewards 161.964 :: steps: 1.00 :: Time: 0.016(0.01590/step) :: Entropy : 0.000 :: Grads : []
250 :: Rewards 169.185 :: steps: 1.00 :: Time: 0.016(0.01624/step) :: Entropy : 0.000 :: Grads : []
260 :: Rewards 176.384 :: steps: 1.00 :: Time: 0.017(0.01658/step) :: Entropy : 0.000 :: Grads : []
270 :: Rewards 183.614 :: steps: 1.00 :: Time: 0.017(0.01685/step) :: Entropy : 0.000 :: Grads : []
280 :: Rewards 190.826 :: steps: 1.00 :: Time: 0.017(0.01711/step) :: Entropy : 0.000 :: Grads : []
290 :: Rewards 198.009 :: steps: 1.00 :: Time: 0.017(0.01742/step) :: Entropy : 0.000 :: Grads : []
300 :: Rewards 205.195 :: steps: 1.00 :: Time: 0.017(0.01748/step) :: Entropy : 0.000 :: Grads : []
310 :: Rewards 212.340 :: steps: 1.00 :: Time: 0.018(0.01777/step) :: Entropy : 0.000 :: Grads : []
320 :: Rewards 219.245 :: steps: 1.00 :: Time: 0.018(0.01808/step) :: Entropy : 0.000 :: Grads : []
330 :: Rewards 226.395 :: steps: 1.00 :: Time: 0.019(0.01853/step) :: Entropy : 0.000 :: Grads : []
340 :: Rewards 233.581 :: steps: 1.00 :: Time: 0.019(0.01876/step) :: Entropy : 0.000 :: Grads : []
350 :: Rewards 240.792 :: steps: 1.00 :: Time: 0.019(0.01910/step) :: Entropy : 0.000 :: Grads : []
360 :: Rewards 247.954 :: steps: 1.00 :: Time: 0.019(0.01929/step) :: Entropy : 0.000 :: Grads : []
370 :: Rewards 255.155 :: steps: 1.00 :: Time: 0.020(0.01969/step) :: Entropy : 0.000 :: Grads : []
380 :: Rewards 262.336 :: steps: 1.00 :: Time: 0.020(0.02010/step) :: Entropy : 0.000 :: Grads : []
390 :: Rewards 269.584 :: steps: 1.00 :: Time: 0.021(0.02052/step) :: Entropy : 0.000 :: Grads : []
400 :: Rewards 276.811 :: steps: 1.00 :: Time: 0.021(0.02073/step) :: Entropy : 0.000 :: Grads : []
410 :: Rewards 283.980 :: steps: 1.00 :: Time: 0.021(0.02126/step) :: Entropy : 0.000 :: Grads : []
420 :: Rewards 291.166 :: steps: 1.00 :: Time: 0.022(0.02188/step) :: Entropy : 0.000 :: Grads : []
430 :: Rewards 298.396 :: steps: 1.00 :: Time: 0.022(0.02215/step) :: Entropy : 0.000 :: Grads : []
440 :: Rewards 305.596 :: steps: 1.00 :: Time: 0.022(0.02241/step) :: Entropy : 0.000 :: Grads : []
450 :: Rewards 312.801 :: steps: 1.00 :: Time: 0.023(0.02277/step) :: Entropy : 0.000 :: Grads : []
460 :: Rewards 320.028 :: steps: 1.00 :: Time: 0.023(0.02307/step) :: Entropy : 0.000 :: Grads : []
470 :: Rewards 327.236 :: steps: 1.00 :: Time: 0.024(0.02352/step) :: Entropy : 0.000 :: Grads : []
480 :: Rewards 334.474 :: steps: 1.00 :: Time: 0.024(0.02394/step) :: Entropy : 0.000 :: Grads : []
490 :: Rewards 341.692 :: steps: 1.00 :: Time: 0.024(0.02430/step) :: Entropy : 0.000 :: Grads : []
500 :: Rewards 348.917 :: steps: 1.00 :: Time: 0.025(0.02460/step) :: Entropy : 0.000 :: Grads : []
510 :: Rewards 356.145 :: steps: 1.00 :: Time: 0.025(0.02516/step) :: Entropy : 0.000 :: Grads : []
520 :: Rewards 363.298 :: steps: 1.00 :: Time: 0.026(0.02553/step) :: Entropy : 0.000 :: Grads : []
530 :: Rewards 370.544 :: steps: 1.00 :: Time: 0.026(0.02601/step) :: Entropy : 0.000 :: Grads : []
540 :: Rewards 377.726 :: steps: 1.00 :: Time: 0.026(0.02638/step) :: Entropy : 0.000 :: Grads : []
550 :: Rewards 384.914 :: steps: 1.00 :: Time: 0.027(0.02684/step) :: Entropy : 0.000 :: Grads : []
560 :: Rewards 392.129 :: steps: 1.00 :: Time: 0.027(0.02725/step) :: Entropy : 0.000 :: Grads : []
570 :: Rewards 399.311 :: steps: 1.00 :: Time: 0.028(0.02790/step) :: Entropy : 0.000 :: Grads : []
580 :: Rewards 406.526 :: steps: 1.00 :: Time: 0.029(0.02863/step) :: Entropy : 0.000 :: Grads : []
590 :: Rewards 413.704 :: steps: 1.00 :: Time: 0.029(0.02899/step) :: Entropy : 0.000 :: Grads : []
600 :: Rewards 420.902 :: steps: 1.00 :: Time: 0.029(0.02925/step) :: Entropy : 0.000 :: Grads : []
610 :: Rewards 427.803 :: steps: 1.00 :: Time: 0.030(0.02974/step) :: Entropy : 0.000 :: Grads : []
620 :: Rewards 434.694 :: steps: 1.00 :: Time: 0.030(0.03024/step) :: Entropy : 0.000 :: Grads : []
630 :: Rewards 441.605 :: steps: 1.00 :: Time: 0.031(0.03119/step) :: Entropy : 0.000 :: Grads : []
640 :: Rewards 448.789 :: steps: 1.00 :: Time: 0.032(0.03155/step) :: Entropy : 0.000 :: Grads : []
650 :: Rewards 456.004 :: steps: 1.00 :: Time: 0.034(0.03433/step) :: Entropy : 0.000 :: Grads : []
660 :: Rewards 463.201 :: steps: 1.00 :: Time: 0.033(0.03257/step) :: Entropy : 0.000 :: Grads : []
670 :: Rewards 470.379 :: steps: 1.00 :: Time: 0.033(0.03337/step) :: Entropy : 0.000 :: Grads : []
680 :: Rewards 477.574 :: steps: 1.00 :: Time: 0.034(0.03388/step) :: Entropy : 0.000 :: Grads : []
690 :: Rewards 484.749 :: steps: 1.00 :: Time: 0.035(0.03522/step) :: Entropy : 0.000 :: Grads : []
700 :: Rewards 491.950 :: steps: 1.00 :: Time: 0.036(0.03574/step) :: Entropy : 0.000 :: Grads : []
710 :: Rewards 499.137 :: steps: 1.00 :: Time: 0.037(0.03666/step) :: Entropy : 0.000 :: Grads : []
720 :: Rewards 506.355 :: steps: 1.00 :: Time: 0.037(0.03713/step) :: Entropy : 0.000 :: Grads : []
730 :: Rewards 513.567 :: steps: 1.00 :: Time: 0.038(0.03819/step) :: Entropy : 0.000 :: Grads : []
740 :: Rewards 520.787 :: steps: 1.00 :: Time: 0.039(0.03918/step) :: Entropy : 0.000 :: Grads : []
750 :: Rewards 528.018 :: steps: 1.00 :: Time: 0.040(0.04023/step) :: Entropy : 0.000 :: Grads : []
760 :: Rewards 535.190 :: steps: 1.00 :: Time: 0.041(0.04068/step) :: Entropy : 0.000 :: Grads : []
770 :: Rewards 542.093 :: steps: 1.00 :: Time: 0.042(0.04183/step) :: Entropy : 0.000 :: Grads : []
780 :: Rewards 549.341 :: steps: 1.00 :: Time: 0.042(0.04240/step) :: Entropy : 0.000 :: Grads : []
790 :: Rewards 556.521 :: steps: 1.00 :: Time: 0.043(0.04306/step) :: Entropy : 0.000 :: Grads : []
800 :: Rewards 563.720 :: steps: 1.00 :: Time: 0.045(0.04457/step) :: Entropy : 0.000 :: Grads : []
810 :: Rewards 570.900 :: steps: 1.00 :: Time: 0.046(0.04574/step) :: Entropy : 0.000 :: Grads : []
820 :: Rewards 578.094 :: steps: 1.00 :: Time: 0.047(0.04712/step) :: Entropy : 0.000 :: Grads : []
830 :: Rewards 585.302 :: steps: 1.00 :: Time: 0.048(0.04773/step) :: Entropy : 0.000 :: Grads : []
840 :: Rewards 592.527 :: steps: 1.00 :: Time: 0.048(0.04827/step) :: Entropy : 0.000 :: Grads : []
850 :: Rewards 599.684 :: steps: 1.00 :: Time: 0.049(0.04906/step) :: Entropy : 0.000 :: Grads : []
860 :: Rewards 606.902 :: steps: 1.00 :: Time: 0.050(0.05016/step) :: Entropy : 0.000 :: Grads : []
870 :: Rewards 614.137 :: steps: 1.00 :: Time: 0.051(0.05135/step) :: Entropy : 0.000 :: Grads : []
880 :: Rewards 621.333 :: steps: 1.00 :: Time: 0.052(0.05196/step) :: Entropy : 0.000 :: Grads : []
890 :: Rewards 628.546 :: steps: 1.00 :: Time: 0.054(0.05398/step) :: Entropy : 0.000 :: Grads : []
900 :: Rewards 635.730 :: steps: 1.00 :: Time: 0.055(0.05465/step) :: Entropy : 0.000 :: Grads : []
910 :: Rewards 642.950 :: steps: 1.00 :: Time: 0.056(0.05611/step) :: Entropy : 0.000 :: Grads : []
920 :: Rewards 650.147 :: steps: 1.00 :: Time: 0.057(0.05724/step) :: Entropy : 0.000 :: Grads : []
930 :: Rewards 657.014 :: steps: 1.00 :: Time: 0.059(0.05869/step) :: Entropy : 0.000 :: Grads : []
940 :: Rewards 664.184 :: steps: 1.00 :: Time: 0.059(0.05915/step) :: Entropy : 0.000 :: Grads : []
950 :: Rewards 671.367 :: steps: 1.00 :: Time: 0.062(0.06161/step) :: Entropy : 0.000 :: Grads : []
960 :: Rewards 678.597 :: steps: 1.00 :: Time: 0.063(0.06254/step) :: Entropy : 0.000 :: Grads : []
970 :: Rewards 685.799 :: steps: 1.00 :: Time: 0.063(0.06252/step) :: Entropy : 0.000 :: Grads : []
980 :: Rewards 692.999 :: steps: 1.00 :: Time: 0.065(0.06478/step) :: Entropy : 0.000 :: Grads : []
990 :: Rewards 700.184 :: steps: 1.00 :: Time: 0.066(0.06551/step) :: Entropy : 0.000 :: Grads : []
999 :: Rewards 706.655 :: steps: 0.90 :: Time: 0.060(0.06628/step) :: Entropy : 0.000 :: Grads : []
Total time taken: 29.48137402534485
