Module path:  Environments.NS_Reco NS_Reco
Dynamically loaded from:  <class 'Environments.NS_Reco.NS_Reco'>
Reward Amplitudes: [4.17022005e-01 7.20324493e-01 1.14374817e-04 3.02332573e-01
 1.46755891e-01] :: Avg 0.317309867282206 
Module path:  Src.Algorithms.OFPG OFPG
Dynamically loaded from:  <class 'Src.Algorithms.OFPG.OFPG'>
=====Configurations=====
 Namespace(NN_basis_dim='32', Policy_basis_dim='32', actor_lr=0.002921886362032286, algo_name='OFPG', base=0, batch_size=1000, buffer_size=1000, debug=False, delta=1, entropy_lambda=0.005132349330550144, env_name='NS_Reco', experiment='NS_1r_', extrapolator_basis='Fourier', folder_suffix='Default', fourier_coupled=True, fourier_k=7, fourier_order=3, gamma=0.99, gauss_std=1.5, gpu=0, hyper='default', importance_clip=5.0, inc=1, log_output='term_file', max_episodes=1000, max_inner=20, max_steps=500, optim='rmsprop', oracle=-1, raw_basis=True, restore=False, save_count=100, save_model=True, seed=20, speed=1, state_lr=0.001, summary=True, swarm=False, timestamp='5|25|11:38:45')
Actions space: 5 :: State space: 1
State Low: tensor([0.]) :: State High: tensor([1.])
State features:  [('dummy_param', torch.Size([1]))]
Policy:  [('fc1.weight', torch.Size([5, 1])), ('fc1.bias', torch.Size([5]))]
0 :: Rewards -0.011 :: steps: 0.10 :: Time: 0.001(0.01056/step) :: Entropy : 0.000 :: Grads : []
10 :: Rewards -0.110 :: steps: 1.00 :: Time: 0.009(0.00924/step) :: Entropy : 0.000 :: Grads : []
20 :: Rewards -0.339 :: steps: 1.00 :: Time: 0.009(0.00872/step) :: Entropy : 0.000 :: Grads : []
30 :: Rewards -0.555 :: steps: 1.00 :: Time: 0.009(0.00878/step) :: Entropy : 0.000 :: Grads : []
40 :: Rewards -0.725 :: steps: 1.00 :: Time: 0.008(0.00829/step) :: Entropy : 0.000 :: Grads : []
50 :: Rewards -0.771 :: steps: 1.00 :: Time: 0.009(0.00851/step) :: Entropy : 0.000 :: Grads : []
60 :: Rewards -0.858 :: steps: 1.00 :: Time: 0.008(0.00843/step) :: Entropy : 0.000 :: Grads : []
70 :: Rewards -0.858 :: steps: 1.00 :: Time: 0.009(0.00851/step) :: Entropy : 0.000 :: Grads : []
80 :: Rewards -0.858 :: steps: 1.00 :: Time: 0.009(0.00906/step) :: Entropy : 0.000 :: Grads : []
90 :: Rewards -0.858 :: steps: 1.00 :: Time: 0.009(0.00898/step) :: Entropy : 0.000 :: Grads : []
100 :: Rewards -0.858 :: steps: 1.00 :: Time: 0.009(0.00912/step) :: Entropy : 0.000 :: Grads : []
110 :: Rewards -0.858 :: steps: 1.00 :: Time: 0.009(0.00912/step) :: Entropy : 0.000 :: Grads : []
120 :: Rewards -0.858 :: steps: 1.00 :: Time: 0.009(0.00895/step) :: Entropy : 0.000 :: Grads : []
130 :: Rewards -0.858 :: steps: 1.00 :: Time: 0.009(0.00913/step) :: Entropy : 0.000 :: Grads : []
140 :: Rewards -0.858 :: steps: 1.00 :: Time: 0.009(0.00928/step) :: Entropy : 0.000 :: Grads : []
150 :: Rewards -0.858 :: steps: 1.00 :: Time: 0.009(0.00932/step) :: Entropy : 0.000 :: Grads : []
160 :: Rewards -0.858 :: steps: 1.00 :: Time: 0.011(0.01069/step) :: Entropy : 0.000 :: Grads : []
170 :: Rewards -0.858 :: steps: 1.00 :: Time: 0.009(0.00924/step) :: Entropy : 0.000 :: Grads : []
180 :: Rewards -0.858 :: steps: 1.00 :: Time: 0.010(0.00951/step) :: Entropy : 0.000 :: Grads : []
190 :: Rewards -0.858 :: steps: 1.00 :: Time: 0.010(0.00951/step) :: Entropy : 0.000 :: Grads : []
200 :: Rewards -0.858 :: steps: 1.00 :: Time: 0.010(0.00959/step) :: Entropy : 0.000 :: Grads : []
210 :: Rewards -0.858 :: steps: 1.00 :: Time: 0.010(0.00956/step) :: Entropy : 0.000 :: Grads : []
220 :: Rewards -0.858 :: steps: 1.00 :: Time: 0.010(0.00958/step) :: Entropy : 0.000 :: Grads : []
230 :: Rewards -0.858 :: steps: 1.00 :: Time: 0.010(0.00986/step) :: Entropy : 0.000 :: Grads : []
240 :: Rewards -0.858 :: steps: 1.00 :: Time: 0.010(0.00971/step) :: Entropy : 0.000 :: Grads : []
250 :: Rewards -0.858 :: steps: 1.00 :: Time: 0.010(0.00988/step) :: Entropy : 0.000 :: Grads : []
260 :: Rewards -0.858 :: steps: 1.00 :: Time: 0.010(0.01006/step) :: Entropy : 0.000 :: Grads : []
270 :: Rewards -0.858 :: steps: 1.00 :: Time: 0.010(0.01035/step) :: Entropy : 0.000 :: Grads : []
280 :: Rewards -0.858 :: steps: 1.00 :: Time: 0.010(0.01032/step) :: Entropy : 0.000 :: Grads : []
290 :: Rewards -0.858 :: steps: 1.00 :: Time: 0.010(0.01030/step) :: Entropy : 0.000 :: Grads : []
300 :: Rewards -0.858 :: steps: 1.00 :: Time: 0.010(0.01046/step) :: Entropy : 0.000 :: Grads : []
310 :: Rewards -0.858 :: steps: 1.00 :: Time: 0.011(0.01051/step) :: Entropy : 0.000 :: Grads : []
320 :: Rewards -0.858 :: steps: 1.00 :: Time: 0.011(0.01056/step) :: Entropy : 0.000 :: Grads : []
330 :: Rewards -0.858 :: steps: 1.00 :: Time: 0.011(0.01066/step) :: Entropy : 0.000 :: Grads : []
340 :: Rewards -0.858 :: steps: 1.00 :: Time: 0.011(0.01079/step) :: Entropy : 0.000 :: Grads : []
350 :: Rewards -0.858 :: steps: 1.00 :: Time: 0.011(0.01086/step) :: Entropy : 0.000 :: Grads : []
360 :: Rewards -0.858 :: steps: 1.00 :: Time: 0.011(0.01066/step) :: Entropy : 0.000 :: Grads : []
370 :: Rewards -0.858 :: steps: 1.00 :: Time: 0.011(0.01101/step) :: Entropy : 0.000 :: Grads : []
380 :: Rewards -0.858 :: steps: 1.00 :: Time: 0.011(0.01099/step) :: Entropy : 0.000 :: Grads : []
390 :: Rewards -0.858 :: steps: 1.00 :: Time: 0.011(0.01112/step) :: Entropy : 0.000 :: Grads : []
400 :: Rewards -0.858 :: steps: 1.00 :: Time: 0.011(0.01107/step) :: Entropy : 0.000 :: Grads : []
410 :: Rewards -0.858 :: steps: 1.00 :: Time: 0.011(0.01133/step) :: Entropy : 0.000 :: Grads : []
420 :: Rewards -0.858 :: steps: 1.00 :: Time: 0.012(0.01206/step) :: Entropy : 0.000 :: Grads : []
430 :: Rewards -0.858 :: steps: 1.00 :: Time: 0.012(0.01186/step) :: Entropy : 0.000 :: Grads : []
440 :: Rewards -0.858 :: steps: 1.00 :: Time: 0.012(0.01195/step) :: Entropy : 0.000 :: Grads : []
450 :: Rewards -0.858 :: steps: 1.00 :: Time: 0.012(0.01225/step) :: Entropy : 0.000 :: Grads : []
460 :: Rewards -0.858 :: steps: 1.00 :: Time: 0.012(0.01244/step) :: Entropy : 0.000 :: Grads : []
470 :: Rewards -0.858 :: steps: 1.00 :: Time: 0.013(0.01252/step) :: Entropy : 0.000 :: Grads : []
480 :: Rewards -0.858 :: steps: 1.00 :: Time: 0.013(0.01262/step) :: Entropy : 0.000 :: Grads : []
490 :: Rewards -0.858 :: steps: 1.00 :: Time: 0.013(0.01283/step) :: Entropy : 0.000 :: Grads : []
500 :: Rewards -0.858 :: steps: 1.00 :: Time: 0.013(0.01285/step) :: Entropy : 0.000 :: Grads : []
510 :: Rewards -0.858 :: steps: 1.00 :: Time: 0.013(0.01307/step) :: Entropy : 0.000 :: Grads : []
520 :: Rewards -0.858 :: steps: 1.00 :: Time: 0.013(0.01327/step) :: Entropy : 0.000 :: Grads : []
530 :: Rewards -0.858 :: steps: 1.00 :: Time: 0.013(0.01338/step) :: Entropy : 0.000 :: Grads : []
540 :: Rewards -0.858 :: steps: 1.00 :: Time: 0.014(0.01352/step) :: Entropy : 0.000 :: Grads : []
550 :: Rewards -0.858 :: steps: 1.00 :: Time: 0.014(0.01354/step) :: Entropy : 0.000 :: Grads : []
560 :: Rewards -0.858 :: steps: 1.00 :: Time: 0.014(0.01351/step) :: Entropy : 0.000 :: Grads : []
570 :: Rewards -0.858 :: steps: 1.00 :: Time: 0.014(0.01370/step) :: Entropy : 0.000 :: Grads : []
580 :: Rewards -0.858 :: steps: 1.00 :: Time: 0.014(0.01376/step) :: Entropy : 0.000 :: Grads : []
590 :: Rewards -0.858 :: steps: 1.00 :: Time: 0.014(0.01374/step) :: Entropy : 0.000 :: Grads : []
600 :: Rewards -0.858 :: steps: 1.00 :: Time: 0.014(0.01398/step) :: Entropy : 0.000 :: Grads : []
610 :: Rewards -0.858 :: steps: 1.00 :: Time: 0.014(0.01396/step) :: Entropy : 0.000 :: Grads : []
620 :: Rewards -0.858 :: steps: 1.00 :: Time: 0.014(0.01385/step) :: Entropy : 0.000 :: Grads : []
630 :: Rewards -0.858 :: steps: 1.00 :: Time: 0.014(0.01410/step) :: Entropy : 0.000 :: Grads : []
640 :: Rewards -0.858 :: steps: 1.00 :: Time: 0.014(0.01415/step) :: Entropy : 0.000 :: Grads : []
650 :: Rewards -0.858 :: steps: 1.00 :: Time: 0.014(0.01421/step) :: Entropy : 0.000 :: Grads : []
660 :: Rewards -0.858 :: steps: 1.00 :: Time: 0.014(0.01431/step) :: Entropy : 0.000 :: Grads : []
670 :: Rewards -0.858 :: steps: 1.00 :: Time: 0.014(0.01430/step) :: Entropy : 0.000 :: Grads : []
680 :: Rewards -0.858 :: steps: 1.00 :: Time: 0.014(0.01439/step) :: Entropy : 0.000 :: Grads : []
690 :: Rewards -0.858 :: steps: 1.00 :: Time: 0.015(0.01456/step) :: Entropy : 0.000 :: Grads : []
700 :: Rewards -0.858 :: steps: 1.00 :: Time: 0.015(0.01467/step) :: Entropy : 0.000 :: Grads : []
710 :: Rewards -0.858 :: steps: 1.00 :: Time: 0.015(0.01463/step) :: Entropy : 0.000 :: Grads : []
720 :: Rewards -0.858 :: steps: 1.00 :: Time: 0.015(0.01493/step) :: Entropy : 0.000 :: Grads : []
730 :: Rewards -0.936 :: steps: 1.00 :: Time: 0.015(0.01481/step) :: Entropy : 0.000 :: Grads : []
740 :: Rewards -1.156 :: steps: 1.00 :: Time: 0.015(0.01533/step) :: Entropy : 0.000 :: Grads : []
750 :: Rewards -1.557 :: steps: 1.00 :: Time: 0.015(0.01541/step) :: Entropy : 0.000 :: Grads : []
760 :: Rewards -2.162 :: steps: 1.00 :: Time: 0.015(0.01536/step) :: Entropy : 0.000 :: Grads : []
770 :: Rewards -2.891 :: steps: 1.00 :: Time: 0.016(0.01552/step) :: Entropy : 0.000 :: Grads : []
780 :: Rewards -3.823 :: steps: 1.00 :: Time: 0.016(0.01556/step) :: Entropy : 0.000 :: Grads : []
790 :: Rewards -4.949 :: steps: 1.00 :: Time: 0.016(0.01577/step) :: Entropy : 0.000 :: Grads : []
800 :: Rewards -6.273 :: steps: 1.00 :: Time: 0.016(0.01586/step) :: Entropy : 0.000 :: Grads : []
810 :: Rewards -7.714 :: steps: 1.00 :: Time: 0.016(0.01586/step) :: Entropy : 0.000 :: Grads : []
820 :: Rewards -9.368 :: steps: 1.00 :: Time: 0.016(0.01580/step) :: Entropy : 0.000 :: Grads : []
830 :: Rewards -11.163 :: steps: 1.00 :: Time: 0.016(0.01599/step) :: Entropy : 0.000 :: Grads : []
840 :: Rewards -13.173 :: steps: 1.00 :: Time: 0.016(0.01578/step) :: Entropy : 0.000 :: Grads : []
850 :: Rewards -15.369 :: steps: 1.00 :: Time: 0.016(0.01609/step) :: Entropy : 0.000 :: Grads : []
860 :: Rewards -17.756 :: steps: 1.00 :: Time: 0.017(0.01698/step) :: Entropy : 0.000 :: Grads : []
870 :: Rewards -20.299 :: steps: 1.00 :: Time: 0.021(0.02146/step) :: Entropy : 0.000 :: Grads : []
880 :: Rewards -23.046 :: steps: 1.00 :: Time: 0.019(0.01896/step) :: Entropy : 0.000 :: Grads : []
890 :: Rewards -25.932 :: steps: 1.00 :: Time: 0.019(0.01941/step) :: Entropy : 0.000 :: Grads : []
900 :: Rewards -28.988 :: steps: 1.00 :: Time: 0.017(0.01719/step) :: Entropy : 0.000 :: Grads : []
910 :: Rewards -32.227 :: steps: 1.00 :: Time: 0.016(0.01648/step) :: Entropy : 0.000 :: Grads : []
920 :: Rewards -35.656 :: steps: 1.00 :: Time: 0.017(0.01657/step) :: Entropy : 0.000 :: Grads : []
930 :: Rewards -39.173 :: steps: 1.00 :: Time: 0.018(0.01765/step) :: Entropy : 0.000 :: Grads : []
940 :: Rewards -42.881 :: steps: 1.00 :: Time: 0.017(0.01673/step) :: Entropy : 0.000 :: Grads : []
950 :: Rewards -46.801 :: steps: 1.00 :: Time: 0.017(0.01663/step) :: Entropy : 0.000 :: Grads : []
960 :: Rewards -50.835 :: steps: 1.00 :: Time: 0.017(0.01666/step) :: Entropy : 0.000 :: Grads : []
970 :: Rewards -55.021 :: steps: 1.00 :: Time: 0.017(0.01682/step) :: Entropy : 0.000 :: Grads : []
980 :: Rewards -59.336 :: steps: 1.00 :: Time: 0.017(0.01676/step) :: Entropy : 0.000 :: Grads : []
990 :: Rewards -63.827 :: steps: 1.00 :: Time: 0.018(0.01831/step) :: Entropy : 0.000 :: Grads : []
999 :: Rewards -67.954 :: steps: 0.90 :: Time: 0.015(0.01721/step) :: Entropy : 0.000 :: Grads : []
Total time taken: 12.938362836837769
