Module path:  Environments.NS_Reco NS_Reco
Dynamically loaded from:  <class 'Environments.NS_Reco.NS_Reco'>
Reward Amplitudes: [4.17022005e-01 7.20324493e-01 1.14374817e-04 3.02332573e-01
 1.46755891e-01] :: Avg 0.317309867282206 
Module path:  Src.Algorithms.OFPG OFPG
Dynamically loaded from:  <class 'Src.Algorithms.OFPG.OFPG'>
=====Configurations=====
 Namespace(NN_basis_dim='32', Policy_basis_dim='32', actor_lr=0.002921886362032286, algo_name='OFPG', base=0, batch_size=1000, buffer_size=1000, debug=False, delta=1, entropy_lambda=0.005132349330550144, env_name='NS_Reco', experiment='NS_1r_', extrapolator_basis='Fourier', folder_suffix='Default', fourier_coupled=True, fourier_k=7, fourier_order=3, gamma=0.99, gauss_std=1.5, gpu=0, hyper='default', importance_clip=5.0, inc=1, log_output='term_file', max_episodes=1000, max_inner=20, max_steps=500, optim='rmsprop', oracle=-1, raw_basis=True, restore=False, save_count=100, save_model=True, seed=23, speed=1, state_lr=0.001, summary=True, swarm=False, timestamp='5|25|11:39:31')
Actions space: 5 :: State space: 1
State Low: tensor([0.]) :: State High: tensor([1.])
State features:  [('dummy_param', torch.Size([1]))]
Policy:  [('fc1.weight', torch.Size([5, 1])), ('fc1.bias', torch.Size([5]))]
0 :: Rewards -0.012 :: steps: 0.10 :: Time: 0.001(0.01003/step) :: Entropy : 0.000 :: Grads : []
10 :: Rewards -0.075 :: steps: 1.00 :: Time: 0.008(0.00820/step) :: Entropy : 0.000 :: Grads : []
20 :: Rewards -0.213 :: steps: 1.00 :: Time: 0.008(0.00836/step) :: Entropy : 0.000 :: Grads : []
30 :: Rewards -0.262 :: steps: 1.00 :: Time: 0.009(0.00856/step) :: Entropy : 0.000 :: Grads : []
40 :: Rewards -0.376 :: steps: 1.00 :: Time: 0.008(0.00830/step) :: Entropy : 0.000 :: Grads : []
50 :: Rewards -0.626 :: steps: 1.00 :: Time: 0.008(0.00832/step) :: Entropy : 0.000 :: Grads : []
60 :: Rewards -0.697 :: steps: 1.00 :: Time: 0.008(0.00843/step) :: Entropy : 0.000 :: Grads : []
70 :: Rewards -0.929 :: steps: 1.00 :: Time: 0.008(0.00849/step) :: Entropy : 0.000 :: Grads : []
80 :: Rewards -0.929 :: steps: 1.00 :: Time: 0.009(0.00860/step) :: Entropy : 0.000 :: Grads : []
90 :: Rewards -1.503 :: steps: 1.00 :: Time: 0.009(0.00858/step) :: Entropy : 0.000 :: Grads : []
100 :: Rewards -2.136 :: steps: 1.00 :: Time: 0.009(0.00880/step) :: Entropy : 0.000 :: Grads : []
110 :: Rewards -2.311 :: steps: 1.00 :: Time: 0.009(0.00878/step) :: Entropy : 0.000 :: Grads : []
120 :: Rewards -2.688 :: steps: 1.00 :: Time: 0.009(0.00899/step) :: Entropy : 0.000 :: Grads : []
130 :: Rewards -2.907 :: steps: 1.00 :: Time: 0.009(0.00917/step) :: Entropy : 0.000 :: Grads : []
140 :: Rewards -2.907 :: steps: 1.00 :: Time: 0.009(0.00919/step) :: Entropy : 0.000 :: Grads : []
150 :: Rewards -2.907 :: steps: 1.00 :: Time: 0.009(0.00920/step) :: Entropy : 0.000 :: Grads : []
160 :: Rewards -2.907 :: steps: 1.00 :: Time: 0.009(0.00926/step) :: Entropy : 0.000 :: Grads : []
170 :: Rewards -2.907 :: steps: 1.00 :: Time: 0.009(0.00919/step) :: Entropy : 0.000 :: Grads : []
180 :: Rewards -2.907 :: steps: 1.00 :: Time: 0.009(0.00935/step) :: Entropy : 0.000 :: Grads : []
190 :: Rewards -2.907 :: steps: 1.00 :: Time: 0.009(0.00949/step) :: Entropy : 0.000 :: Grads : []
200 :: Rewards -2.907 :: steps: 1.00 :: Time: 0.009(0.00936/step) :: Entropy : 0.000 :: Grads : []
210 :: Rewards -2.907 :: steps: 1.00 :: Time: 0.010(0.00961/step) :: Entropy : 0.000 :: Grads : []
220 :: Rewards -2.907 :: steps: 1.00 :: Time: 0.010(0.00952/step) :: Entropy : 0.000 :: Grads : []
230 :: Rewards -2.907 :: steps: 1.00 :: Time: 0.010(0.00983/step) :: Entropy : 0.000 :: Grads : []
240 :: Rewards -2.907 :: steps: 1.00 :: Time: 0.010(0.00974/step) :: Entropy : 0.000 :: Grads : []
250 :: Rewards -2.907 :: steps: 1.00 :: Time: 0.010(0.00992/step) :: Entropy : 0.000 :: Grads : []
260 :: Rewards -2.907 :: steps: 1.00 :: Time: 0.010(0.01017/step) :: Entropy : 0.000 :: Grads : []
270 :: Rewards -2.907 :: steps: 1.00 :: Time: 0.010(0.00998/step) :: Entropy : 0.000 :: Grads : []
280 :: Rewards -2.907 :: steps: 1.00 :: Time: 0.010(0.01008/step) :: Entropy : 0.000 :: Grads : []
290 :: Rewards -2.907 :: steps: 1.00 :: Time: 0.010(0.01026/step) :: Entropy : 0.000 :: Grads : []
300 :: Rewards -2.907 :: steps: 1.00 :: Time: 0.010(0.01023/step) :: Entropy : 0.000 :: Grads : []
310 :: Rewards -2.907 :: steps: 1.00 :: Time: 0.010(0.01030/step) :: Entropy : 0.000 :: Grads : []
320 :: Rewards -2.907 :: steps: 1.00 :: Time: 0.010(0.01038/step) :: Entropy : 0.000 :: Grads : []
330 :: Rewards -2.907 :: steps: 1.00 :: Time: 0.010(0.01039/step) :: Entropy : 0.000 :: Grads : []
340 :: Rewards -2.907 :: steps: 1.00 :: Time: 0.011(0.01054/step) :: Entropy : 0.000 :: Grads : []
350 :: Rewards -2.907 :: steps: 1.00 :: Time: 0.013(0.01331/step) :: Entropy : 0.000 :: Grads : []
360 :: Rewards -2.907 :: steps: 1.00 :: Time: 0.011(0.01077/step) :: Entropy : 0.000 :: Grads : []
370 :: Rewards -2.907 :: steps: 1.00 :: Time: 0.011(0.01057/step) :: Entropy : 0.000 :: Grads : []
380 :: Rewards -2.907 :: steps: 1.00 :: Time: 0.011(0.01071/step) :: Entropy : 0.000 :: Grads : []
390 :: Rewards -2.907 :: steps: 1.00 :: Time: 0.011(0.01077/step) :: Entropy : 0.000 :: Grads : []
400 :: Rewards -2.907 :: steps: 1.00 :: Time: 0.011(0.01087/step) :: Entropy : 0.000 :: Grads : []
410 :: Rewards -2.907 :: steps: 1.00 :: Time: 0.011(0.01108/step) :: Entropy : 0.000 :: Grads : []
420 :: Rewards -2.907 :: steps: 1.00 :: Time: 0.012(0.01162/step) :: Entropy : 0.000 :: Grads : []
430 :: Rewards -2.907 :: steps: 1.00 :: Time: 0.011(0.01146/step) :: Entropy : 0.000 :: Grads : []
440 :: Rewards -2.907 :: steps: 1.00 :: Time: 0.012(0.01166/step) :: Entropy : 0.000 :: Grads : []
450 :: Rewards -2.907 :: steps: 1.00 :: Time: 0.012(0.01201/step) :: Entropy : 0.000 :: Grads : []
460 :: Rewards -2.907 :: steps: 1.00 :: Time: 0.012(0.01223/step) :: Entropy : 0.000 :: Grads : []
470 :: Rewards -2.907 :: steps: 1.00 :: Time: 0.012(0.01225/step) :: Entropy : 0.000 :: Grads : []
480 :: Rewards -2.907 :: steps: 1.00 :: Time: 0.012(0.01231/step) :: Entropy : 0.000 :: Grads : []
490 :: Rewards -2.907 :: steps: 1.00 :: Time: 0.013(0.01259/step) :: Entropy : 0.000 :: Grads : []
500 :: Rewards -2.907 :: steps: 1.00 :: Time: 0.013(0.01256/step) :: Entropy : 0.000 :: Grads : []
510 :: Rewards -2.907 :: steps: 1.00 :: Time: 0.013(0.01270/step) :: Entropy : 0.000 :: Grads : []
520 :: Rewards -2.907 :: steps: 1.00 :: Time: 0.013(0.01296/step) :: Entropy : 0.000 :: Grads : []
530 :: Rewards -2.907 :: steps: 1.00 :: Time: 0.013(0.01295/step) :: Entropy : 0.000 :: Grads : []
540 :: Rewards -2.907 :: steps: 1.00 :: Time: 0.013(0.01317/step) :: Entropy : 0.000 :: Grads : []
550 :: Rewards -2.907 :: steps: 1.00 :: Time: 0.013(0.01302/step) :: Entropy : 0.000 :: Grads : []
560 :: Rewards -2.907 :: steps: 1.00 :: Time: 0.013(0.01321/step) :: Entropy : 0.000 :: Grads : []
570 :: Rewards -2.907 :: steps: 1.00 :: Time: 0.013(0.01315/step) :: Entropy : 0.000 :: Grads : []
580 :: Rewards -2.907 :: steps: 1.00 :: Time: 0.013(0.01332/step) :: Entropy : 0.000 :: Grads : []
590 :: Rewards -2.907 :: steps: 1.00 :: Time: 0.013(0.01340/step) :: Entropy : 0.000 :: Grads : []
600 :: Rewards -2.907 :: steps: 1.00 :: Time: 0.013(0.01346/step) :: Entropy : 0.000 :: Grads : []
610 :: Rewards -2.907 :: steps: 1.00 :: Time: 0.014(0.01363/step) :: Entropy : 0.000 :: Grads : []
620 :: Rewards -2.907 :: steps: 1.00 :: Time: 0.014(0.01370/step) :: Entropy : 0.000 :: Grads : []
630 :: Rewards -2.907 :: steps: 1.00 :: Time: 0.014(0.01364/step) :: Entropy : 0.000 :: Grads : []
640 :: Rewards -2.907 :: steps: 1.00 :: Time: 0.014(0.01381/step) :: Entropy : 0.000 :: Grads : []
650 :: Rewards -2.907 :: steps: 1.00 :: Time: 0.014(0.01385/step) :: Entropy : 0.000 :: Grads : []
660 :: Rewards -2.907 :: steps: 1.00 :: Time: 0.014(0.01397/step) :: Entropy : 0.000 :: Grads : []
670 :: Rewards -2.907 :: steps: 1.00 :: Time: 0.014(0.01391/step) :: Entropy : 0.000 :: Grads : []
680 :: Rewards -2.907 :: steps: 1.00 :: Time: 0.014(0.01421/step) :: Entropy : 0.000 :: Grads : []
690 :: Rewards -2.907 :: steps: 1.00 :: Time: 0.014(0.01408/step) :: Entropy : 0.000 :: Grads : []
700 :: Rewards -2.907 :: steps: 1.00 :: Time: 0.014(0.01413/step) :: Entropy : 0.000 :: Grads : []
710 :: Rewards -2.907 :: steps: 1.00 :: Time: 0.014(0.01434/step) :: Entropy : 0.000 :: Grads : []
720 :: Rewards -2.907 :: steps: 1.00 :: Time: 0.014(0.01444/step) :: Entropy : 0.000 :: Grads : []
730 :: Rewards -2.975 :: steps: 1.00 :: Time: 0.014(0.01450/step) :: Entropy : 0.000 :: Grads : []
740 :: Rewards -3.220 :: steps: 1.00 :: Time: 0.015(0.01468/step) :: Entropy : 0.000 :: Grads : []
750 :: Rewards -3.583 :: steps: 1.00 :: Time: 0.015(0.01463/step) :: Entropy : 0.000 :: Grads : []
760 :: Rewards -4.156 :: steps: 1.00 :: Time: 0.015(0.01488/step) :: Entropy : 0.000 :: Grads : []
770 :: Rewards -4.919 :: steps: 1.00 :: Time: 0.015(0.01506/step) :: Entropy : 0.000 :: Grads : []
780 :: Rewards -5.844 :: steps: 1.00 :: Time: 0.015(0.01520/step) :: Entropy : 0.000 :: Grads : []
790 :: Rewards -7.007 :: steps: 1.00 :: Time: 0.015(0.01536/step) :: Entropy : 0.000 :: Grads : []
800 :: Rewards -8.345 :: steps: 1.00 :: Time: 0.015(0.01533/step) :: Entropy : 0.000 :: Grads : []
810 :: Rewards -9.852 :: steps: 1.00 :: Time: 0.015(0.01540/step) :: Entropy : 0.000 :: Grads : []
820 :: Rewards -11.563 :: steps: 1.00 :: Time: 0.015(0.01548/step) :: Entropy : 0.000 :: Grads : []
830 :: Rewards -13.366 :: steps: 1.00 :: Time: 0.016(0.01574/step) :: Entropy : 0.000 :: Grads : []
840 :: Rewards -15.421 :: steps: 1.00 :: Time: 0.016(0.01572/step) :: Entropy : 0.000 :: Grads : []
850 :: Rewards -17.590 :: steps: 1.00 :: Time: 0.016(0.01558/step) :: Entropy : 0.000 :: Grads : []
860 :: Rewards -19.947 :: steps: 1.00 :: Time: 0.016(0.01565/step) :: Entropy : 0.000 :: Grads : []
870 :: Rewards -22.529 :: steps: 1.00 :: Time: 0.016(0.01577/step) :: Entropy : 0.000 :: Grads : []
880 :: Rewards -25.219 :: steps: 1.00 :: Time: 0.016(0.01566/step) :: Entropy : 0.000 :: Grads : []
890 :: Rewards -28.138 :: steps: 1.00 :: Time: 0.016(0.01571/step) :: Entropy : 0.000 :: Grads : []
900 :: Rewards -31.216 :: steps: 1.00 :: Time: 0.016(0.01586/step) :: Entropy : 0.000 :: Grads : []
910 :: Rewards -34.446 :: steps: 1.00 :: Time: 0.016(0.01592/step) :: Entropy : 0.000 :: Grads : []
920 :: Rewards -37.860 :: steps: 1.00 :: Time: 0.016(0.01609/step) :: Entropy : 0.000 :: Grads : []
930 :: Rewards -41.446 :: steps: 1.00 :: Time: 0.016(0.01608/step) :: Entropy : 0.000 :: Grads : []
940 :: Rewards -45.187 :: steps: 1.00 :: Time: 0.016(0.01618/step) :: Entropy : 0.000 :: Grads : []
950 :: Rewards -49.095 :: steps: 1.00 :: Time: 0.016(0.01639/step) :: Entropy : 0.000 :: Grads : []
960 :: Rewards -53.111 :: steps: 1.00 :: Time: 0.016(0.01636/step) :: Entropy : 0.000 :: Grads : []
970 :: Rewards -57.278 :: steps: 1.00 :: Time: 0.016(0.01631/step) :: Entropy : 0.000 :: Grads : []
980 :: Rewards -61.602 :: steps: 1.00 :: Time: 0.017(0.01665/step) :: Entropy : 0.000 :: Grads : []
990 :: Rewards -66.061 :: steps: 1.00 :: Time: 0.016(0.01640/step) :: Entropy : 0.000 :: Grads : []
999 :: Rewards -70.154 :: steps: 0.90 :: Time: 0.015(0.01639/step) :: Entropy : 0.000 :: Grads : []
Total time taken: 12.483844995498657
