Module path:  Environments.NS_Reco NS_Reco
Dynamically loaded from:  <class 'Environments.NS_Reco.NS_Reco'>
Reward Amplitudes: [4.17022005e-01 7.20324493e-01 1.14374817e-04 3.02332573e-01
 1.46755891e-01] :: Avg 0.317309867282206 
Module path:  Src.Algorithms.OFPG OFPG
Dynamically loaded from:  <class 'Src.Algorithms.OFPG.OFPG'>
=====Configurations=====
 Namespace(NN_basis_dim='32', Policy_basis_dim='32', actor_lr=0.0021758107191788777, algo_name='OFPG', base=0, batch_size=1000, buffer_size=1000, debug=False, delta=5, entropy_lambda=0.0820027845863337, env_name='NS_Reco', experiment='NS_2r_', extrapolator_basis='Fourier', folder_suffix='Default', fourier_coupled=True, fourier_k=7, fourier_order=3, gamma=0.99, gauss_std=1.5, gpu=0, hyper='default', importance_clip=15.0, inc=1, log_output='term_file', max_episodes=1000, max_inner=100, max_steps=500, optim='rmsprop', oracle=-1, raw_basis=True, restore=False, save_count=100, save_model=True, seed=13, speed=2, state_lr=0.001, summary=True, swarm=False, timestamp='5|25|11:17:16')
Actions space: 5 :: State space: 1
State Low: tensor([0.]) :: State High: tensor([1.])
State features:  [('dummy_param', torch.Size([1]))]
Policy:  [('fc1.weight', torch.Size([5, 1])), ('fc1.bias', torch.Size([5]))]
0 :: Rewards 0.000 :: steps: 0.10 :: Time: 0.000(0.00063/step) :: Entropy : 0.000 :: Grads : []
10 :: Rewards -0.134 :: steps: 1.00 :: Time: 0.008(0.00777/step) :: Entropy : 0.000 :: Grads : []
20 :: Rewards -0.632 :: steps: 1.00 :: Time: 0.008(0.00788/step) :: Entropy : 0.000 :: Grads : []
30 :: Rewards -1.338 :: steps: 1.00 :: Time: 0.008(0.00799/step) :: Entropy : 0.000 :: Grads : []
40 :: Rewards -2.181 :: steps: 1.00 :: Time: 0.008(0.00769/step) :: Entropy : 0.000 :: Grads : []
50 :: Rewards -2.929 :: steps: 1.00 :: Time: 0.008(0.00776/step) :: Entropy : 0.000 :: Grads : []
60 :: Rewards -3.104 :: steps: 1.00 :: Time: 0.008(0.00779/step) :: Entropy : 0.000 :: Grads : []
70 :: Rewards -4.319 :: steps: 1.00 :: Time: 0.008(0.00834/step) :: Entropy : 0.000 :: Grads : []
80 :: Rewards -4.838 :: steps: 1.00 :: Time: 0.009(0.00870/step) :: Entropy : 0.000 :: Grads : []
90 :: Rewards -5.348 :: steps: 1.00 :: Time: 0.008(0.00830/step) :: Entropy : 0.000 :: Grads : []
100 :: Rewards -5.786 :: steps: 1.00 :: Time: 0.008(0.00818/step) :: Entropy : 0.000 :: Grads : []
110 :: Rewards -6.559 :: steps: 1.00 :: Time: 0.008(0.00823/step) :: Entropy : 0.000 :: Grads : []
120 :: Rewards -6.825 :: steps: 1.00 :: Time: 0.010(0.01021/step) :: Entropy : 0.000 :: Grads : []
130 :: Rewards -7.118 :: steps: 1.00 :: Time: 0.012(0.01210/step) :: Entropy : 0.000 :: Grads : []
140 :: Rewards -8.007 :: steps: 1.00 :: Time: 0.011(0.01068/step) :: Entropy : 0.000 :: Grads : []
150 :: Rewards -8.336 :: steps: 1.00 :: Time: 0.010(0.00954/step) :: Entropy : 0.000 :: Grads : []
160 :: Rewards -8.668 :: steps: 1.00 :: Time: 0.009(0.00923/step) :: Entropy : 0.000 :: Grads : []
170 :: Rewards -9.015 :: steps: 1.00 :: Time: 0.009(0.00904/step) :: Entropy : 0.000 :: Grads : []
180 :: Rewards -9.779 :: steps: 1.00 :: Time: 0.009(0.00892/step) :: Entropy : 0.000 :: Grads : []
190 :: Rewards -10.117 :: steps: 1.00 :: Time: 0.009(0.00893/step) :: Entropy : 0.000 :: Grads : []
200 :: Rewards -10.461 :: steps: 1.00 :: Time: 0.009(0.00891/step) :: Entropy : 0.000 :: Grads : []
210 :: Rewards -11.144 :: steps: 1.00 :: Time: 0.009(0.00898/step) :: Entropy : 0.000 :: Grads : []
220 :: Rewards -11.944 :: steps: 1.00 :: Time: 0.009(0.00907/step) :: Entropy : 0.000 :: Grads : []
230 :: Rewards -12.586 :: steps: 1.00 :: Time: 0.009(0.00911/step) :: Entropy : 0.000 :: Grads : []
240 :: Rewards -13.208 :: steps: 1.00 :: Time: 0.009(0.00916/step) :: Entropy : 0.000 :: Grads : []
250 :: Rewards -13.802 :: steps: 1.00 :: Time: 0.009(0.00921/step) :: Entropy : 0.000 :: Grads : []
260 :: Rewards -14.095 :: steps: 1.00 :: Time: 0.010(0.01012/step) :: Entropy : 0.000 :: Grads : []
270 :: Rewards -14.924 :: steps: 1.00 :: Time: 0.010(0.01009/step) :: Entropy : 0.000 :: Grads : []
280 :: Rewards -15.400 :: steps: 1.00 :: Time: 0.010(0.00986/step) :: Entropy : 0.000 :: Grads : []
290 :: Rewards -15.400 :: steps: 1.00 :: Time: 0.010(0.00977/step) :: Entropy : 0.000 :: Grads : []
300 :: Rewards -15.965 :: steps: 1.00 :: Time: 0.010(0.00974/step) :: Entropy : 0.000 :: Grads : []
310 :: Rewards -16.126 :: steps: 1.00 :: Time: 0.010(0.00998/step) :: Entropy : 0.000 :: Grads : []
320 :: Rewards -16.267 :: steps: 1.00 :: Time: 0.010(0.01004/step) :: Entropy : 0.000 :: Grads : []
330 :: Rewards -16.267 :: steps: 1.00 :: Time: 0.011(0.01052/step) :: Entropy : 0.000 :: Grads : []
340 :: Rewards -16.434 :: steps: 1.00 :: Time: 0.010(0.01034/step) :: Entropy : 0.000 :: Grads : []
350 :: Rewards -16.434 :: steps: 1.00 :: Time: 0.011(0.01070/step) :: Entropy : 0.000 :: Grads : []
360 :: Rewards -16.441 :: steps: 1.00 :: Time: 0.011(0.01081/step) :: Entropy : 0.000 :: Grads : []
370 :: Rewards -16.560 :: steps: 1.00 :: Time: 0.011(0.01091/step) :: Entropy : 0.000 :: Grads : []
380 :: Rewards -17.085 :: steps: 1.00 :: Time: 0.011(0.01098/step) :: Entropy : 0.000 :: Grads : []
390 :: Rewards -17.903 :: steps: 1.00 :: Time: 0.011(0.01130/step) :: Entropy : 0.000 :: Grads : []
400 :: Rewards -19.033 :: steps: 1.00 :: Time: 0.011(0.01124/step) :: Entropy : 0.000 :: Grads : []
410 :: Rewards -20.647 :: steps: 1.00 :: Time: 0.011(0.01149/step) :: Entropy : 0.000 :: Grads : []
420 :: Rewards -22.301 :: steps: 1.00 :: Time: 0.012(0.01164/step) :: Entropy : 0.000 :: Grads : []
430 :: Rewards -24.455 :: steps: 1.00 :: Time: 0.012(0.01173/step) :: Entropy : 0.000 :: Grads : []
440 :: Rewards -26.569 :: steps: 1.00 :: Time: 0.012(0.01173/step) :: Entropy : 0.000 :: Grads : []
450 :: Rewards -28.964 :: steps: 1.00 :: Time: 0.012(0.01169/step) :: Entropy : 0.000 :: Grads : []
460 :: Rewards -31.968 :: steps: 1.00 :: Time: 0.012(0.01183/step) :: Entropy : 0.000 :: Grads : []
470 :: Rewards -34.876 :: steps: 1.00 :: Time: 0.012(0.01191/step) :: Entropy : 0.000 :: Grads : []
480 :: Rewards -37.635 :: steps: 1.00 :: Time: 0.012(0.01210/step) :: Entropy : 0.000 :: Grads : []
490 :: Rewards -40.636 :: steps: 1.00 :: Time: 0.012(0.01212/step) :: Entropy : 0.000 :: Grads : []
500 :: Rewards -44.701 :: steps: 1.00 :: Time: 0.012(0.01217/step) :: Entropy : 0.000 :: Grads : []
510 :: Rewards -47.577 :: steps: 1.00 :: Time: 0.012(0.01231/step) :: Entropy : 0.000 :: Grads : []
520 :: Rewards -49.637 :: steps: 1.00 :: Time: 0.015(0.01516/step) :: Entropy : 0.000 :: Grads : []
530 :: Rewards -52.917 :: steps: 1.00 :: Time: 0.016(0.01638/step) :: Entropy : 0.000 :: Grads : []
540 :: Rewards -57.048 :: steps: 1.00 :: Time: 0.014(0.01369/step) :: Entropy : 0.000 :: Grads : []
550 :: Rewards -60.892 :: steps: 1.00 :: Time: 0.013(0.01296/step) :: Entropy : 0.000 :: Grads : []
560 :: Rewards -66.115 :: steps: 1.00 :: Time: 0.013(0.01278/step) :: Entropy : 0.000 :: Grads : []
570 :: Rewards -69.277 :: steps: 1.00 :: Time: 0.013(0.01272/step) :: Entropy : 0.000 :: Grads : []
580 :: Rewards -73.195 :: steps: 1.00 :: Time: 0.013(0.01267/step) :: Entropy : 0.000 :: Grads : []
590 :: Rewards -74.377 :: steps: 1.00 :: Time: 0.013(0.01280/step) :: Entropy : 0.000 :: Grads : []
600 :: Rewards -76.905 :: steps: 1.00 :: Time: 0.013(0.01347/step) :: Entropy : 0.000 :: Grads : []
610 :: Rewards -81.398 :: steps: 1.00 :: Time: 0.013(0.01280/step) :: Entropy : 0.000 :: Grads : []
620 :: Rewards -85.990 :: steps: 1.00 :: Time: 0.018(0.01780/step) :: Entropy : 0.000 :: Grads : []
630 :: Rewards -91.281 :: steps: 1.00 :: Time: 0.015(0.01481/step) :: Entropy : 0.000 :: Grads : []
640 :: Rewards -94.851 :: steps: 1.00 :: Time: 0.014(0.01377/step) :: Entropy : 0.000 :: Grads : []
650 :: Rewards -98.122 :: steps: 1.00 :: Time: 0.013(0.01341/step) :: Entropy : 0.000 :: Grads : []
660 :: Rewards -101.224 :: steps: 1.00 :: Time: 0.014(0.01417/step) :: Entropy : 0.000 :: Grads : []
670 :: Rewards -104.203 :: steps: 1.00 :: Time: 0.013(0.01344/step) :: Entropy : 0.000 :: Grads : []
680 :: Rewards -107.465 :: steps: 1.00 :: Time: 0.013(0.01330/step) :: Entropy : 0.000 :: Grads : []
690 :: Rewards -110.533 :: steps: 1.00 :: Time: 0.013(0.01331/step) :: Entropy : 0.000 :: Grads : []
700 :: Rewards -112.637 :: steps: 1.00 :: Time: 0.013(0.01337/step) :: Entropy : 0.000 :: Grads : []
710 :: Rewards -116.265 :: steps: 1.00 :: Time: 0.013(0.01349/step) :: Entropy : 0.000 :: Grads : []
720 :: Rewards -119.813 :: steps: 1.00 :: Time: 0.013(0.01348/step) :: Entropy : 0.000 :: Grads : []
730 :: Rewards -122.785 :: steps: 1.00 :: Time: 0.014(0.01357/step) :: Entropy : 0.000 :: Grads : []
740 :: Rewards -126.226 :: steps: 1.00 :: Time: 0.014(0.01360/step) :: Entropy : 0.000 :: Grads : []
750 :: Rewards -129.120 :: steps: 1.00 :: Time: 0.014(0.01366/step) :: Entropy : 0.000 :: Grads : []
760 :: Rewards -131.435 :: steps: 1.00 :: Time: 0.014(0.01375/step) :: Entropy : 0.000 :: Grads : []
770 :: Rewards -134.984 :: steps: 1.00 :: Time: 0.014(0.01373/step) :: Entropy : 0.000 :: Grads : []
780 :: Rewards -137.270 :: steps: 1.00 :: Time: 0.014(0.01388/step) :: Entropy : 0.000 :: Grads : []
790 :: Rewards -139.776 :: steps: 1.00 :: Time: 0.014(0.01396/step) :: Entropy : 0.000 :: Grads : []
800 :: Rewards -142.791 :: steps: 1.00 :: Time: 0.014(0.01394/step) :: Entropy : 0.000 :: Grads : []
810 :: Rewards -146.133 :: steps: 1.00 :: Time: 0.014(0.01383/step) :: Entropy : 0.000 :: Grads : []
820 :: Rewards -149.169 :: steps: 1.00 :: Time: 0.014(0.01396/step) :: Entropy : 0.000 :: Grads : []
830 :: Rewards -151.682 :: steps: 1.00 :: Time: 0.014(0.01408/step) :: Entropy : 0.000 :: Grads : []
840 :: Rewards -154.658 :: steps: 1.00 :: Time: 0.014(0.01418/step) :: Entropy : 0.000 :: Grads : []
850 :: Rewards -156.839 :: steps: 1.00 :: Time: 0.014(0.01425/step) :: Entropy : 0.000 :: Grads : []
860 :: Rewards -159.500 :: steps: 1.00 :: Time: 0.014(0.01443/step) :: Entropy : 0.000 :: Grads : []
870 :: Rewards -161.843 :: steps: 1.00 :: Time: 0.015(0.01458/step) :: Entropy : 0.000 :: Grads : []
880 :: Rewards -164.267 :: steps: 1.00 :: Time: 0.014(0.01441/step) :: Entropy : 0.000 :: Grads : []
890 :: Rewards -166.792 :: steps: 1.00 :: Time: 0.014(0.01445/step) :: Entropy : 0.000 :: Grads : []
900 :: Rewards -168.946 :: steps: 1.00 :: Time: 0.014(0.01437/step) :: Entropy : 0.000 :: Grads : []
910 :: Rewards -172.068 :: steps: 1.00 :: Time: 0.015(0.01452/step) :: Entropy : 0.000 :: Grads : []
920 :: Rewards -176.318 :: steps: 1.00 :: Time: 0.015(0.01450/step) :: Entropy : 0.000 :: Grads : []
930 :: Rewards -179.362 :: steps: 1.00 :: Time: 0.015(0.01455/step) :: Entropy : 0.000 :: Grads : []
940 :: Rewards -183.529 :: steps: 1.00 :: Time: 0.015(0.01470/step) :: Entropy : 0.000 :: Grads : []
950 :: Rewards -188.764 :: steps: 1.00 :: Time: 0.015(0.01474/step) :: Entropy : 0.000 :: Grads : []
960 :: Rewards -193.886 :: steps: 1.00 :: Time: 0.015(0.01470/step) :: Entropy : 0.000 :: Grads : []
970 :: Rewards -199.870 :: steps: 1.00 :: Time: 0.015(0.01474/step) :: Entropy : 0.000 :: Grads : []
980 :: Rewards -205.741 :: steps: 1.00 :: Time: 0.015(0.01489/step) :: Entropy : 0.000 :: Grads : []
990 :: Rewards -209.280 :: steps: 1.00 :: Time: 0.015(0.01490/step) :: Entropy : 0.000 :: Grads : []
999 :: Rewards -214.827 :: steps: 0.90 :: Time: 0.015(0.01705/step) :: Entropy : 0.000 :: Grads : []
Total time taken: 12.045936822891235
