Module path:  Environments.NS_Reco NS_Reco
Dynamically loaded from:  <class 'Environments.NS_Reco.NS_Reco'>
Reward Amplitudes: [4.17022005e-01 7.20324493e-01 1.14374817e-04 3.02332573e-01
 1.46755891e-01] :: Avg 0.317309867282206 
Module path:  Src.Algorithms.ProOLS ProOLS
Dynamically loaded from:  <class 'Src.Algorithms.ProOLS.ProOLS'>
=====Configurations=====
 Namespace(NN_basis_dim='32', Policy_basis_dim='32', actor_lr=0.002855902814944507, algo_name='ProOLS', base=0, batch_size=1000, buffer_size=1000, debug=False, delta=1, entropy_lambda=0.053752942888962034, env_name='NS_Reco', experiment='NS_2r_', extrapolator_basis='Fourier', folder_suffix='Default', fourier_coupled=True, fourier_k=7, fourier_order=3, gamma=0.99, gauss_std=1.5, gpu=0, hyper='default', importance_clip=5.0, inc=1, log_output='term_file', max_episodes=1000, max_inner=30, max_steps=500, optim='rmsprop', oracle=-1, raw_basis=True, restore=False, save_count=100, save_model=True, seed=21, speed=2, state_lr=0.001, summary=True, swarm=False, timestamp='5|25|11:21:15')
Actions space: 5 :: State space: 1
State Low: tensor([0.]) :: State High: tensor([1.])
State features:  [('dummy_param', torch.Size([1]))]
Policy:  [('fc1.weight', torch.Size([5, 1])), ('fc1.bias', torch.Size([5]))]
0 :: Rewards 0.000 :: steps: 0.10 :: Time: 0.000(0.00055/step) :: Entropy : 0.000 :: Grads : []
10 :: Rewards -0.121 :: steps: 1.00 :: Time: 0.005(0.00530/step) :: Entropy : 0.000 :: Grads : []
20 :: Rewards -0.747 :: steps: 1.00 :: Time: 0.013(0.01261/step) :: Entropy : 0.000 :: Grads : []
30 :: Rewards -1.039 :: steps: 1.00 :: Time: 0.013(0.01292/step) :: Entropy : 0.000 :: Grads : []
40 :: Rewards -1.156 :: steps: 1.00 :: Time: 0.012(0.01245/step) :: Entropy : 0.000 :: Grads : []
50 :: Rewards -1.306 :: steps: 1.00 :: Time: 0.013(0.01277/step) :: Entropy : 0.000 :: Grads : []
60 :: Rewards -2.531 :: steps: 1.00 :: Time: 0.013(0.01278/step) :: Entropy : 0.000 :: Grads : []
70 :: Rewards -3.442 :: steps: 1.00 :: Time: 0.014(0.01375/step) :: Entropy : 0.000 :: Grads : []
80 :: Rewards -4.130 :: steps: 1.00 :: Time: 0.013(0.01317/step) :: Entropy : 0.000 :: Grads : []
90 :: Rewards -4.394 :: steps: 1.00 :: Time: 0.013(0.01313/step) :: Entropy : 0.000 :: Grads : []
100 :: Rewards -4.934 :: steps: 1.00 :: Time: 0.014(0.01445/step) :: Entropy : 0.000 :: Grads : []
110 :: Rewards -6.685 :: steps: 1.00 :: Time: 0.014(0.01402/step) :: Entropy : 0.000 :: Grads : []
120 :: Rewards -7.606 :: steps: 1.00 :: Time: 0.014(0.01405/step) :: Entropy : 0.000 :: Grads : []
130 :: Rewards -8.306 :: steps: 1.00 :: Time: 0.014(0.01395/step) :: Entropy : 0.000 :: Grads : []
140 :: Rewards -8.697 :: steps: 1.00 :: Time: 0.014(0.01393/step) :: Entropy : 0.000 :: Grads : []
150 :: Rewards -9.107 :: steps: 1.00 :: Time: 0.014(0.01427/step) :: Entropy : 0.000 :: Grads : []
160 :: Rewards -9.107 :: steps: 1.00 :: Time: 0.014(0.01411/step) :: Entropy : 0.000 :: Grads : []
170 :: Rewards -9.107 :: steps: 1.00 :: Time: 0.014(0.01404/step) :: Entropy : 0.000 :: Grads : []
180 :: Rewards -9.107 :: steps: 1.00 :: Time: 0.015(0.01453/step) :: Entropy : 0.000 :: Grads : []
190 :: Rewards -9.542 :: steps: 1.00 :: Time: 0.015(0.01479/step) :: Entropy : 0.000 :: Grads : []
200 :: Rewards -9.979 :: steps: 1.00 :: Time: 0.015(0.01482/step) :: Entropy : 0.000 :: Grads : []
210 :: Rewards -9.979 :: steps: 1.00 :: Time: 0.014(0.01450/step) :: Entropy : 0.000 :: Grads : []
220 :: Rewards -9.979 :: steps: 1.00 :: Time: 0.014(0.01444/step) :: Entropy : 0.000 :: Grads : []
230 :: Rewards -9.979 :: steps: 1.00 :: Time: 0.015(0.01450/step) :: Entropy : 0.000 :: Grads : []
240 :: Rewards -9.979 :: steps: 1.00 :: Time: 0.015(0.01467/step) :: Entropy : 0.000 :: Grads : []
250 :: Rewards -9.979 :: steps: 1.00 :: Time: 0.015(0.01507/step) :: Entropy : 0.000 :: Grads : []
260 :: Rewards -9.979 :: steps: 1.00 :: Time: 0.015(0.01513/step) :: Entropy : 0.000 :: Grads : []
270 :: Rewards -9.979 :: steps: 1.00 :: Time: 0.015(0.01513/step) :: Entropy : 0.000 :: Grads : []
280 :: Rewards -9.979 :: steps: 1.00 :: Time: 0.015(0.01523/step) :: Entropy : 0.000 :: Grads : []
290 :: Rewards -9.979 :: steps: 1.00 :: Time: 0.015(0.01524/step) :: Entropy : 0.000 :: Grads : []
300 :: Rewards -10.611 :: steps: 1.00 :: Time: 0.015(0.01534/step) :: Entropy : 0.000 :: Grads : []
310 :: Rewards -11.439 :: steps: 1.00 :: Time: 0.015(0.01545/step) :: Entropy : 0.000 :: Grads : []
320 :: Rewards -12.230 :: steps: 1.00 :: Time: 0.016(0.01560/step) :: Entropy : 0.000 :: Grads : []
330 :: Rewards -13.161 :: steps: 1.00 :: Time: 0.016(0.01577/step) :: Entropy : 0.000 :: Grads : []
340 :: Rewards -13.380 :: steps: 1.00 :: Time: 0.016(0.01643/step) :: Entropy : 0.000 :: Grads : []
350 :: Rewards -13.568 :: steps: 1.00 :: Time: 0.016(0.01641/step) :: Entropy : 0.000 :: Grads : []
360 :: Rewards -13.568 :: steps: 1.00 :: Time: 0.017(0.01663/step) :: Entropy : 0.000 :: Grads : []
370 :: Rewards -13.727 :: steps: 1.00 :: Time: 0.017(0.01709/step) :: Entropy : 0.000 :: Grads : []
380 :: Rewards -14.223 :: steps: 1.00 :: Time: 0.017(0.01692/step) :: Entropy : 0.000 :: Grads : []
390 :: Rewards -15.099 :: steps: 1.00 :: Time: 0.017(0.01702/step) :: Entropy : 0.000 :: Grads : []
400 :: Rewards -16.334 :: steps: 1.00 :: Time: 0.017(0.01703/step) :: Entropy : 0.000 :: Grads : []
410 :: Rewards -17.952 :: steps: 1.00 :: Time: 0.017(0.01744/step) :: Entropy : 0.000 :: Grads : []
420 :: Rewards -19.865 :: steps: 1.00 :: Time: 0.018(0.01765/step) :: Entropy : 0.000 :: Grads : []
430 :: Rewards -20.391 :: steps: 1.00 :: Time: 0.018(0.01807/step) :: Entropy : 0.000 :: Grads : []
440 :: Rewards -20.547 :: steps: 1.00 :: Time: 0.018(0.01808/step) :: Entropy : 0.000 :: Grads : []
450 :: Rewards -21.206 :: steps: 1.00 :: Time: 0.019(0.01851/step) :: Entropy : 0.000 :: Grads : []
460 :: Rewards -21.754 :: steps: 1.00 :: Time: 0.018(0.01802/step) :: Entropy : 0.000 :: Grads : []
470 :: Rewards -22.087 :: steps: 1.00 :: Time: 0.018(0.01824/step) :: Entropy : 0.000 :: Grads : []
480 :: Rewards -22.535 :: steps: 1.00 :: Time: 0.018(0.01799/step) :: Entropy : 0.000 :: Grads : []
490 :: Rewards -22.920 :: steps: 1.00 :: Time: 0.018(0.01814/step) :: Entropy : 0.000 :: Grads : []
500 :: Rewards -23.272 :: steps: 1.00 :: Time: 0.018(0.01840/step) :: Entropy : 0.000 :: Grads : []
510 :: Rewards -23.611 :: steps: 1.00 :: Time: 0.019(0.01950/step) :: Entropy : 0.000 :: Grads : []
520 :: Rewards -23.840 :: steps: 1.00 :: Time: 0.020(0.02010/step) :: Entropy : 0.000 :: Grads : []
530 :: Rewards -24.114 :: steps: 1.00 :: Time: 0.036(0.03640/step) :: Entropy : 0.000 :: Grads : []
540 :: Rewards -24.496 :: steps: 1.00 :: Time: 0.022(0.02232/step) :: Entropy : 0.000 :: Grads : []
550 :: Rewards -25.412 :: steps: 1.00 :: Time: 0.020(0.02019/step) :: Entropy : 0.000 :: Grads : []
560 :: Rewards -25.879 :: steps: 1.00 :: Time: 0.019(0.01942/step) :: Entropy : 0.000 :: Grads : []
570 :: Rewards -26.379 :: steps: 1.00 :: Time: 0.019(0.01897/step) :: Entropy : 0.000 :: Grads : []
580 :: Rewards -27.053 :: steps: 1.00 :: Time: 0.020(0.01982/step) :: Entropy : 0.000 :: Grads : []
590 :: Rewards -27.257 :: steps: 1.00 :: Time: 0.020(0.01984/step) :: Entropy : 0.000 :: Grads : []
600 :: Rewards -28.298 :: steps: 1.00 :: Time: 0.019(0.01916/step) :: Entropy : 0.000 :: Grads : []
610 :: Rewards -29.226 :: steps: 1.00 :: Time: 0.019(0.01929/step) :: Entropy : 0.000 :: Grads : []
620 :: Rewards -29.526 :: steps: 1.00 :: Time: 0.020(0.02002/step) :: Entropy : 0.000 :: Grads : []
630 :: Rewards -29.526 :: steps: 1.00 :: Time: 0.021(0.02053/step) :: Entropy : 0.000 :: Grads : []
640 :: Rewards -29.590 :: steps: 1.00 :: Time: 0.020(0.01975/step) :: Entropy : 0.000 :: Grads : []
650 :: Rewards -29.997 :: steps: 1.00 :: Time: 0.020(0.02027/step) :: Entropy : 0.000 :: Grads : []
660 :: Rewards -30.204 :: steps: 1.00 :: Time: 0.020(0.01953/step) :: Entropy : 0.000 :: Grads : []
670 :: Rewards -30.303 :: steps: 1.00 :: Time: 0.020(0.01959/step) :: Entropy : 0.000 :: Grads : []
680 :: Rewards -30.409 :: steps: 1.00 :: Time: 0.020(0.01964/step) :: Entropy : 0.000 :: Grads : []
690 :: Rewards -31.926 :: steps: 1.00 :: Time: 0.020(0.01975/step) :: Entropy : 0.000 :: Grads : []
700 :: Rewards -32.437 :: steps: 1.00 :: Time: 0.020(0.01999/step) :: Entropy : 0.000 :: Grads : []
710 :: Rewards -32.587 :: steps: 1.00 :: Time: 0.020(0.01983/step) :: Entropy : 0.000 :: Grads : []
720 :: Rewards -32.632 :: steps: 1.00 :: Time: 0.020(0.01993/step) :: Entropy : 0.000 :: Grads : []
730 :: Rewards -32.882 :: steps: 1.00 :: Time: 0.020(0.02003/step) :: Entropy : 0.000 :: Grads : []
740 :: Rewards -33.148 :: steps: 1.00 :: Time: 0.020(0.02022/step) :: Entropy : 0.000 :: Grads : []
750 :: Rewards -33.737 :: steps: 1.00 :: Time: 0.020(0.02017/step) :: Entropy : 0.000 :: Grads : []
760 :: Rewards -34.804 :: steps: 1.00 :: Time: 0.020(0.02035/step) :: Entropy : 0.000 :: Grads : []
770 :: Rewards -36.254 :: steps: 1.00 :: Time: 0.021(0.02057/step) :: Entropy : 0.000 :: Grads : []
780 :: Rewards -36.349 :: steps: 1.00 :: Time: 0.021(0.02078/step) :: Entropy : 0.000 :: Grads : []
790 :: Rewards -36.501 :: steps: 1.00 :: Time: 0.021(0.02072/step) :: Entropy : 0.000 :: Grads : []
800 :: Rewards -36.662 :: steps: 1.00 :: Time: 0.021(0.02073/step) :: Entropy : 0.000 :: Grads : []
810 :: Rewards -36.785 :: steps: 1.00 :: Time: 0.021(0.02086/step) :: Entropy : 0.000 :: Grads : []
820 :: Rewards -37.333 :: steps: 1.00 :: Time: 0.021(0.02116/step) :: Entropy : 0.000 :: Grads : []
830 :: Rewards -38.574 :: steps: 1.00 :: Time: 0.023(0.02266/step) :: Entropy : 0.000 :: Grads : []
840 :: Rewards -38.676 :: steps: 1.00 :: Time: 0.025(0.02539/step) :: Entropy : 0.000 :: Grads : []
850 :: Rewards -38.858 :: steps: 1.00 :: Time: 0.022(0.02185/step) :: Entropy : 0.000 :: Grads : []
860 :: Rewards -39.541 :: steps: 1.00 :: Time: 0.022(0.02189/step) :: Entropy : 0.000 :: Grads : []
870 :: Rewards -39.850 :: steps: 1.00 :: Time: 0.021(0.02134/step) :: Entropy : 0.000 :: Grads : []
880 :: Rewards -41.222 :: steps: 1.00 :: Time: 0.021(0.02150/step) :: Entropy : 0.000 :: Grads : []
890 :: Rewards -42.048 :: steps: 1.00 :: Time: 0.022(0.02168/step) :: Entropy : 0.000 :: Grads : []
900 :: Rewards -42.214 :: steps: 1.00 :: Time: 0.022(0.02198/step) :: Entropy : 0.000 :: Grads : []
910 :: Rewards -42.626 :: steps: 1.00 :: Time: 0.023(0.02295/step) :: Entropy : 0.000 :: Grads : []
920 :: Rewards -43.533 :: steps: 1.00 :: Time: 0.022(0.02242/step) :: Entropy : 0.000 :: Grads : []
930 :: Rewards -44.283 :: steps: 1.00 :: Time: 0.022(0.02167/step) :: Entropy : 0.000 :: Grads : []
940 :: Rewards -44.283 :: steps: 1.00 :: Time: 0.023(0.02260/step) :: Entropy : 0.000 :: Grads : []
950 :: Rewards -44.283 :: steps: 1.00 :: Time: 0.023(0.02262/step) :: Entropy : 0.000 :: Grads : []
960 :: Rewards -44.926 :: steps: 1.00 :: Time: 0.025(0.02528/step) :: Entropy : 0.000 :: Grads : []
970 :: Rewards -44.926 :: steps: 1.00 :: Time: 0.022(0.02198/step) :: Entropy : 0.000 :: Grads : []
980 :: Rewards -45.720 :: steps: 1.00 :: Time: 0.022(0.02191/step) :: Entropy : 0.000 :: Grads : []
990 :: Rewards -45.720 :: steps: 1.00 :: Time: 0.022(0.02178/step) :: Entropy : 0.000 :: Grads : []
999 :: Rewards -45.720 :: steps: 0.90 :: Time: 0.020(0.02186/step) :: Entropy : 0.000 :: Grads : []
Total time taken: 18.26483392715454
