Module path:  Environments.NS_Reco NS_Reco
Dynamically loaded from:  <class 'Environments.NS_Reco.NS_Reco'>
Reward Amplitudes: [4.17022005e-01 7.20324493e-01 1.14374817e-04 3.02332573e-01
 1.46755891e-01] :: Avg 0.317309867282206 
Module path:  Src.Algorithms.ProWLS ProWLS
Dynamically loaded from:  <class 'Src.Algorithms.ProWLS.ProWLS'>
=====Configurations=====
 Namespace(NN_basis_dim='32', Policy_basis_dim='32', actor_lr=0.0017966647558361548, algo_name='ProWLS', base=0, batch_size=1000, buffer_size=1000, debug=False, delta=1, entropy_lambda=0.006997441955638448, env_name='NS_Reco', experiment='NS_1r_', extrapolator_basis='Fourier', folder_suffix='Default', fourier_coupled=True, fourier_k=3, fourier_order=3, gamma=0.99, gauss_std=1.5, gpu=0, hyper='default', importance_clip=10.0, inc=1, log_output='term_file', max_episodes=1000, max_inner=30, max_steps=500, optim='rmsprop', oracle=-1, raw_basis=True, restore=False, save_count=100, save_model=True, seed=11, speed=1, state_lr=0.001, summary=True, swarm=False, timestamp='5|25|11:43:50')
Actions space: 5 :: State space: 1
State Low: tensor([0.]) :: State High: tensor([1.])
State features:  [('dummy_param', torch.Size([1]))]
Policy:  [('fc1.weight', torch.Size([5, 1])), ('fc1.bias', torch.Size([5]))]
0 :: Rewards -0.012 :: steps: 0.10 :: Time: 0.000(0.00067/step) :: Entropy : 0.000 :: Grads : []
10 :: Rewards -0.089 :: steps: 1.00 :: Time: 0.014(0.01416/step) :: Entropy : 0.000 :: Grads : []
20 :: Rewards -0.284 :: steps: 1.00 :: Time: 0.018(0.01787/step) :: Entropy : 0.000 :: Grads : []
30 :: Rewards -0.506 :: steps: 1.00 :: Time: 0.018(0.01813/step) :: Entropy : 0.000 :: Grads : []
40 :: Rewards -0.611 :: steps: 1.00 :: Time: 0.018(0.01752/step) :: Entropy : 0.000 :: Grads : []
50 :: Rewards -0.783 :: steps: 1.00 :: Time: 0.018(0.01776/step) :: Entropy : 0.000 :: Grads : []
60 :: Rewards -1.019 :: steps: 1.00 :: Time: 0.018(0.01818/step) :: Entropy : 0.000 :: Grads : []
70 :: Rewards -1.470 :: steps: 1.00 :: Time: 0.018(0.01838/step) :: Entropy : 0.000 :: Grads : []
80 :: Rewards -1.648 :: steps: 1.00 :: Time: 0.019(0.01863/step) :: Entropy : 0.000 :: Grads : []
90 :: Rewards -1.648 :: steps: 1.00 :: Time: 0.019(0.01903/step) :: Entropy : 0.000 :: Grads : []
100 :: Rewards -1.648 :: steps: 1.00 :: Time: 0.019(0.01912/step) :: Entropy : 0.000 :: Grads : []
110 :: Rewards -1.906 :: steps: 1.00 :: Time: 0.019(0.01943/step) :: Entropy : 0.000 :: Grads : []
120 :: Rewards -2.072 :: steps: 1.00 :: Time: 0.020(0.01983/step) :: Entropy : 0.000 :: Grads : []
130 :: Rewards -2.072 :: steps: 1.00 :: Time: 0.020(0.01994/step) :: Entropy : 0.000 :: Grads : []
140 :: Rewards -2.072 :: steps: 1.00 :: Time: 0.020(0.02049/step) :: Entropy : 0.000 :: Grads : []
150 :: Rewards -2.535 :: steps: 1.00 :: Time: 0.021(0.02085/step) :: Entropy : 0.000 :: Grads : []
160 :: Rewards -3.365 :: steps: 1.00 :: Time: 0.021(0.02098/step) :: Entropy : 0.000 :: Grads : []
170 :: Rewards -3.365 :: steps: 1.00 :: Time: 0.021(0.02143/step) :: Entropy : 0.000 :: Grads : []
180 :: Rewards -3.365 :: steps: 1.00 :: Time: 0.022(0.02183/step) :: Entropy : 0.000 :: Grads : []
190 :: Rewards -3.627 :: steps: 1.00 :: Time: 0.023(0.02333/step) :: Entropy : 0.000 :: Grads : []
200 :: Rewards -3.884 :: steps: 1.00 :: Time: 0.023(0.02326/step) :: Entropy : 0.000 :: Grads : []
210 :: Rewards -4.163 :: steps: 1.00 :: Time: 0.024(0.02423/step) :: Entropy : 0.000 :: Grads : []
220 :: Rewards -4.163 :: steps: 1.00 :: Time: 0.025(0.02496/step) :: Entropy : 0.000 :: Grads : []
230 :: Rewards -5.411 :: steps: 1.00 :: Time: 0.026(0.02553/step) :: Entropy : 0.000 :: Grads : []
240 :: Rewards -5.411 :: steps: 1.00 :: Time: 0.026(0.02607/step) :: Entropy : 0.000 :: Grads : []
250 :: Rewards -5.411 :: steps: 1.00 :: Time: 0.027(0.02670/step) :: Entropy : 0.000 :: Grads : []
260 :: Rewards -5.983 :: steps: 1.00 :: Time: 0.026(0.02621/step) :: Entropy : 0.000 :: Grads : []
270 :: Rewards -5.983 :: steps: 1.00 :: Time: 0.027(0.02695/step) :: Entropy : 0.000 :: Grads : []
280 :: Rewards -5.983 :: steps: 1.00 :: Time: 0.027(0.02723/step) :: Entropy : 0.000 :: Grads : []
290 :: Rewards -5.983 :: steps: 1.00 :: Time: 0.028(0.02794/step) :: Entropy : 0.000 :: Grads : []
300 :: Rewards -6.996 :: steps: 1.00 :: Time: 0.028(0.02827/step) :: Entropy : 0.000 :: Grads : []
310 :: Rewards -6.996 :: steps: 1.00 :: Time: 0.028(0.02839/step) :: Entropy : 0.000 :: Grads : []
320 :: Rewards -6.996 :: steps: 1.00 :: Time: 0.030(0.02973/step) :: Entropy : 0.000 :: Grads : []
330 :: Rewards -7.337 :: steps: 1.00 :: Time: 0.031(0.03054/step) :: Entropy : 0.000 :: Grads : []
340 :: Rewards -7.910 :: steps: 1.00 :: Time: 0.031(0.03079/step) :: Entropy : 0.000 :: Grads : []
350 :: Rewards -7.910 :: steps: 1.00 :: Time: 0.032(0.03160/step) :: Entropy : 0.000 :: Grads : []
360 :: Rewards -7.910 :: steps: 1.00 :: Time: 0.032(0.03210/step) :: Entropy : 0.000 :: Grads : []
370 :: Rewards -8.359 :: steps: 1.00 :: Time: 0.033(0.03311/step) :: Entropy : 0.000 :: Grads : []
380 :: Rewards -8.359 :: steps: 1.00 :: Time: 0.035(0.03520/step) :: Entropy : 0.000 :: Grads : []
390 :: Rewards -8.359 :: steps: 1.00 :: Time: 0.036(0.03617/step) :: Entropy : 0.000 :: Grads : []
400 :: Rewards -8.359 :: steps: 1.00 :: Time: 0.035(0.03529/step) :: Entropy : 0.000 :: Grads : []
410 :: Rewards -8.359 :: steps: 1.00 :: Time: 0.036(0.03596/step) :: Entropy : 0.000 :: Grads : []
420 :: Rewards -8.359 :: steps: 1.00 :: Time: 0.037(0.03685/step) :: Entropy : 0.000 :: Grads : []
430 :: Rewards -8.689 :: steps: 1.00 :: Time: 0.038(0.03779/step) :: Entropy : 0.000 :: Grads : []
440 :: Rewards -8.689 :: steps: 1.00 :: Time: 0.038(0.03839/step) :: Entropy : 0.000 :: Grads : []
450 :: Rewards -8.689 :: steps: 1.00 :: Time: 0.040(0.03956/step) :: Entropy : 0.000 :: Grads : []
460 :: Rewards -8.689 :: steps: 1.00 :: Time: 0.040(0.03996/step) :: Entropy : 0.000 :: Grads : []
470 :: Rewards -9.414 :: steps: 1.00 :: Time: 0.041(0.04081/step) :: Entropy : 0.000 :: Grads : []
480 :: Rewards -9.414 :: steps: 1.00 :: Time: 0.041(0.04145/step) :: Entropy : 0.000 :: Grads : []
490 :: Rewards -9.414 :: steps: 1.00 :: Time: 0.042(0.04221/step) :: Entropy : 0.000 :: Grads : []
500 :: Rewards -9.414 :: steps: 1.00 :: Time: 0.043(0.04283/step) :: Entropy : 0.000 :: Grads : []
510 :: Rewards -9.414 :: steps: 1.00 :: Time: 0.044(0.04356/step) :: Entropy : 0.000 :: Grads : []
520 :: Rewards -9.414 :: steps: 1.00 :: Time: 0.045(0.04451/step) :: Entropy : 0.000 :: Grads : []
530 :: Rewards -9.798 :: steps: 1.00 :: Time: 0.045(0.04524/step) :: Entropy : 0.000 :: Grads : []
540 :: Rewards -9.798 :: steps: 1.00 :: Time: 0.046(0.04550/step) :: Entropy : 0.000 :: Grads : []
550 :: Rewards -10.186 :: steps: 1.00 :: Time: 0.047(0.04664/step) :: Entropy : 0.000 :: Grads : []
560 :: Rewards -10.186 :: steps: 1.00 :: Time: 0.047(0.04705/step) :: Entropy : 0.000 :: Grads : []
570 :: Rewards -10.186 :: steps: 1.00 :: Time: 0.048(0.04808/step) :: Entropy : 0.000 :: Grads : []
580 :: Rewards -10.186 :: steps: 1.00 :: Time: 0.049(0.04909/step) :: Entropy : 0.000 :: Grads : []
590 :: Rewards -10.186 :: steps: 1.00 :: Time: 0.050(0.05022/step) :: Entropy : 0.000 :: Grads : []
600 :: Rewards -10.186 :: steps: 1.00 :: Time: 0.051(0.05065/step) :: Entropy : 0.000 :: Grads : []
610 :: Rewards -10.790 :: steps: 1.00 :: Time: 0.052(0.05174/step) :: Entropy : 0.000 :: Grads : []
620 :: Rewards -11.370 :: steps: 1.00 :: Time: 0.053(0.05273/step) :: Entropy : 0.000 :: Grads : []
630 :: Rewards -12.354 :: steps: 1.00 :: Time: 0.054(0.05427/step) :: Entropy : 0.000 :: Grads : []
640 :: Rewards -13.181 :: steps: 1.00 :: Time: 0.054(0.05439/step) :: Entropy : 0.000 :: Grads : []
650 :: Rewards -13.964 :: steps: 1.00 :: Time: 0.056(0.05563/step) :: Entropy : 0.000 :: Grads : []
660 :: Rewards -13.964 :: steps: 1.00 :: Time: 0.056(0.05649/step) :: Entropy : 0.000 :: Grads : []
670 :: Rewards -13.964 :: steps: 1.00 :: Time: 0.058(0.05786/step) :: Entropy : 0.000 :: Grads : []
680 :: Rewards -13.964 :: steps: 1.00 :: Time: 0.059(0.05920/step) :: Entropy : 0.000 :: Grads : []
690 :: Rewards -13.964 :: steps: 1.00 :: Time: 0.061(0.06061/step) :: Entropy : 0.000 :: Grads : []
700 :: Rewards -13.964 :: steps: 1.00 :: Time: 0.062(0.06164/step) :: Entropy : 0.000 :: Grads : []
710 :: Rewards -13.973 :: steps: 1.00 :: Time: 0.063(0.06319/step) :: Entropy : 0.000 :: Grads : []
720 :: Rewards -14.085 :: steps: 1.00 :: Time: 0.064(0.06408/step) :: Entropy : 0.000 :: Grads : []
730 :: Rewards -14.166 :: steps: 1.00 :: Time: 0.066(0.06643/step) :: Entropy : 0.000 :: Grads : []
740 :: Rewards -14.554 :: steps: 1.00 :: Time: 0.063(0.06317/step) :: Entropy : 0.000 :: Grads : []
750 :: Rewards -14.808 :: steps: 1.00 :: Time: 0.066(0.06574/step) :: Entropy : 0.000 :: Grads : []
760 :: Rewards -15.196 :: steps: 1.00 :: Time: 0.063(0.06347/step) :: Entropy : 0.000 :: Grads : []
770 :: Rewards -15.337 :: steps: 1.00 :: Time: 0.065(0.06518/step) :: Entropy : 0.000 :: Grads : []
780 :: Rewards -15.441 :: steps: 1.00 :: Time: 0.069(0.06940/step) :: Entropy : 0.000 :: Grads : []
790 :: Rewards -15.441 :: steps: 1.00 :: Time: 0.070(0.06967/step) :: Entropy : 0.000 :: Grads : []
800 :: Rewards -15.531 :: steps: 1.00 :: Time: 0.071(0.07068/step) :: Entropy : 0.000 :: Grads : []
810 :: Rewards -15.531 :: steps: 1.00 :: Time: 0.074(0.07392/step) :: Entropy : 0.000 :: Grads : []
820 :: Rewards -15.531 :: steps: 1.00 :: Time: 0.076(0.07590/step) :: Entropy : 0.000 :: Grads : []
830 :: Rewards -16.163 :: steps: 1.00 :: Time: 0.079(0.07877/step) :: Entropy : 0.000 :: Grads : []
840 :: Rewards -16.476 :: steps: 1.00 :: Time: 0.081(0.08113/step) :: Entropy : 0.000 :: Grads : []
850 :: Rewards -16.794 :: steps: 1.00 :: Time: 0.083(0.08308/step) :: Entropy : 0.000 :: Grads : []
860 :: Rewards -16.794 :: steps: 1.00 :: Time: 0.084(0.08372/step) :: Entropy : 0.000 :: Grads : []
870 :: Rewards -17.083 :: steps: 1.00 :: Time: 0.085(0.08536/step) :: Entropy : 0.000 :: Grads : []
880 :: Rewards -17.357 :: steps: 1.00 :: Time: 0.089(0.08853/step) :: Entropy : 0.000 :: Grads : []
890 :: Rewards -17.357 :: steps: 1.00 :: Time: 0.090(0.09015/step) :: Entropy : 0.000 :: Grads : []
900 :: Rewards -17.413 :: steps: 1.00 :: Time: 0.091(0.09125/step) :: Entropy : 0.000 :: Grads : []
910 :: Rewards -17.552 :: steps: 1.00 :: Time: 0.094(0.09420/step) :: Entropy : 0.000 :: Grads : []
920 :: Rewards -17.552 :: steps: 1.00 :: Time: 0.095(0.09491/step) :: Entropy : 0.000 :: Grads : []
930 :: Rewards -17.711 :: steps: 1.00 :: Time: 0.097(0.09722/step) :: Entropy : 0.000 :: Grads : []
940 :: Rewards -17.846 :: steps: 1.00 :: Time: 0.098(0.09777/step) :: Entropy : 0.000 :: Grads : []
950 :: Rewards -17.956 :: steps: 1.00 :: Time: 0.101(0.10124/step) :: Entropy : 0.000 :: Grads : []
960 :: Rewards -18.062 :: steps: 1.00 :: Time: 0.103(0.10257/step) :: Entropy : 0.000 :: Grads : []
970 :: Rewards -18.202 :: steps: 1.00 :: Time: 0.108(0.10819/step) :: Entropy : 0.000 :: Grads : []
980 :: Rewards -18.287 :: steps: 1.00 :: Time: 0.107(0.10653/step) :: Entropy : 0.000 :: Grads : []
990 :: Rewards -18.333 :: steps: 1.00 :: Time: 0.107(0.10710/step) :: Entropy : 0.000 :: Grads : []
999 :: Rewards -18.378 :: steps: 0.90 :: Time: 0.098(0.10890/step) :: Entropy : 0.000 :: Grads : []
Total time taken: 49.151427030563354
