Module path:  Environments.NS_Reco NS_Reco
Dynamically loaded from:  <class 'Environments.NS_Reco.NS_Reco'>
Reward Amplitudes: [4.17022005e-01 7.20324493e-01 1.14374817e-04 3.02332573e-01
 1.46755891e-01] :: Avg 0.317309867282206 
Module path:  Src.Algorithms.ProWLS ProWLS
Dynamically loaded from:  <class 'Src.Algorithms.ProWLS.ProWLS'>
=====Configurations=====
 Namespace(NN_basis_dim='32', Policy_basis_dim='32', actor_lr=0.0037403051736555927, algo_name='ProWLS', base=0, batch_size=1000, buffer_size=1000, debug=False, delta=3, entropy_lambda=0.041755411764967935, env_name='NS_Reco', experiment='NS_4_', extrapolator_basis='Fourier', folder_suffix='Default', fourier_coupled=True, fourier_k=7, fourier_order=3, gamma=0.99, gauss_std=1.5, gpu=0, hyper='default', importance_clip=5.0, inc=1, log_output='term_file', max_episodes=1000, max_inner=60, max_steps=500, optim='rmsprop', oracle=-1, raw_basis=True, restore=False, save_count=100, save_model=True, seed=5, speed=4, state_lr=0.001, summary=True, swarm=False, timestamp='5|24|22:47:56')
Actions space: 5 :: State space: 1
State Low: tensor([0.]) :: State High: tensor([1.])
State features:  [('dummy_param', torch.Size([1]))]
Policy:  [('fc1.weight', torch.Size([5, 1])), ('fc1.bias', torch.Size([5]))]
0 :: Rewards 0.003 :: steps: 0.10 :: Time: 0.000(0.00061/step) :: Entropy : 0.000 :: Grads : []
10 :: Rewards 0.170 :: steps: 1.00 :: Time: 0.004(0.00377/step) :: Entropy : 0.000 :: Grads : []
20 :: Rewards 0.516 :: steps: 1.00 :: Time: 0.014(0.01398/step) :: Entropy : 0.000 :: Grads : []
30 :: Rewards 1.141 :: steps: 1.00 :: Time: 0.011(0.01088/step) :: Entropy : 0.000 :: Grads : []
40 :: Rewards 2.527 :: steps: 1.00 :: Time: 0.011(0.01060/step) :: Entropy : 0.000 :: Grads : []
50 :: Rewards 5.590 :: steps: 1.00 :: Time: 0.014(0.01411/step) :: Entropy : 0.000 :: Grads : []
60 :: Rewards 6.932 :: steps: 1.00 :: Time: 0.011(0.01073/step) :: Entropy : 0.000 :: Grads : []
70 :: Rewards 10.928 :: steps: 1.00 :: Time: 0.011(0.01092/step) :: Entropy : 0.000 :: Grads : []
80 :: Rewards 15.076 :: steps: 1.00 :: Time: 0.015(0.01476/step) :: Entropy : 0.000 :: Grads : []
90 :: Rewards 21.869 :: steps: 1.00 :: Time: 0.011(0.01133/step) :: Entropy : 0.000 :: Grads : []
100 :: Rewards 28.009 :: steps: 1.00 :: Time: 0.012(0.01153/step) :: Entropy : 0.000 :: Grads : []
110 :: Rewards 33.749 :: steps: 1.00 :: Time: 0.016(0.01563/step) :: Entropy : 0.000 :: Grads : []
120 :: Rewards 40.347 :: steps: 1.00 :: Time: 0.012(0.01202/step) :: Entropy : 0.000 :: Grads : []
130 :: Rewards 46.135 :: steps: 1.00 :: Time: 0.012(0.01245/step) :: Entropy : 0.000 :: Grads : []
140 :: Rewards 51.514 :: steps: 1.00 :: Time: 0.021(0.02135/step) :: Entropy : 0.000 :: Grads : []
150 :: Rewards 57.478 :: steps: 1.00 :: Time: 0.013(0.01281/step) :: Entropy : 0.000 :: Grads : []
160 :: Rewards 62.057 :: steps: 1.00 :: Time: 0.013(0.01307/step) :: Entropy : 0.000 :: Grads : []
170 :: Rewards 66.265 :: steps: 1.00 :: Time: 0.018(0.01784/step) :: Entropy : 0.000 :: Grads : []
180 :: Rewards 70.455 :: steps: 1.00 :: Time: 0.014(0.01375/step) :: Entropy : 0.000 :: Grads : []
190 :: Rewards 74.009 :: steps: 1.00 :: Time: 0.015(0.01476/step) :: Entropy : 0.000 :: Grads : []
200 :: Rewards 77.059 :: steps: 1.00 :: Time: 0.020(0.02005/step) :: Entropy : 0.000 :: Grads : []
210 :: Rewards 80.112 :: steps: 1.00 :: Time: 0.016(0.01584/step) :: Entropy : 0.000 :: Grads : []
220 :: Rewards 83.032 :: steps: 1.00 :: Time: 0.016(0.01637/step) :: Entropy : 0.000 :: Grads : []
230 :: Rewards 85.299 :: steps: 1.00 :: Time: 0.023(0.02261/step) :: Entropy : 0.000 :: Grads : []
240 :: Rewards 87.126 :: steps: 1.00 :: Time: 0.017(0.01743/step) :: Entropy : 0.000 :: Grads : []
250 :: Rewards 88.748 :: steps: 1.00 :: Time: 0.018(0.01811/step) :: Entropy : 0.000 :: Grads : []
260 :: Rewards 90.061 :: steps: 1.00 :: Time: 0.025(0.02465/step) :: Entropy : 0.000 :: Grads : []
270 :: Rewards 89.345 :: steps: 1.00 :: Time: 0.019(0.01884/step) :: Entropy : 0.000 :: Grads : []
280 :: Rewards 90.052 :: steps: 1.00 :: Time: 0.019(0.01932/step) :: Entropy : 0.000 :: Grads : []
290 :: Rewards 90.706 :: steps: 1.00 :: Time: 0.026(0.02622/step) :: Entropy : 0.000 :: Grads : []
300 :: Rewards 91.357 :: steps: 1.00 :: Time: 0.020(0.02026/step) :: Entropy : 0.000 :: Grads : []
310 :: Rewards 89.412 :: steps: 1.00 :: Time: 0.021(0.02087/step) :: Entropy : 0.000 :: Grads : []
320 :: Rewards 89.397 :: steps: 1.00 :: Time: 0.029(0.02872/step) :: Entropy : 0.000 :: Grads : []
330 :: Rewards 89.604 :: steps: 1.00 :: Time: 0.022(0.02216/step) :: Entropy : 0.000 :: Grads : []
340 :: Rewards 88.849 :: steps: 1.00 :: Time: 0.022(0.02237/step) :: Entropy : 0.000 :: Grads : []
350 :: Rewards 88.831 :: steps: 1.00 :: Time: 0.030(0.03038/step) :: Entropy : 0.000 :: Grads : []
360 :: Rewards 88.741 :: steps: 1.00 :: Time: 0.023(0.02338/step) :: Entropy : 0.000 :: Grads : []
370 :: Rewards 88.775 :: steps: 1.00 :: Time: 0.024(0.02438/step) :: Entropy : 0.000 :: Grads : []
380 :: Rewards 88.405 :: steps: 1.00 :: Time: 0.033(0.03331/step) :: Entropy : 0.000 :: Grads : []
390 :: Rewards 88.291 :: steps: 1.00 :: Time: 0.026(0.02550/step) :: Entropy : 0.000 :: Grads : []
400 :: Rewards 88.180 :: steps: 1.00 :: Time: 0.026(0.02611/step) :: Entropy : 0.000 :: Grads : []
410 :: Rewards 88.076 :: steps: 1.00 :: Time: 0.036(0.03551/step) :: Entropy : 0.000 :: Grads : []
420 :: Rewards 87.201 :: steps: 1.00 :: Time: 0.027(0.02734/step) :: Entropy : 0.000 :: Grads : []
430 :: Rewards 86.869 :: steps: 1.00 :: Time: 0.028(0.02829/step) :: Entropy : 0.000 :: Grads : []
440 :: Rewards 85.483 :: steps: 1.00 :: Time: 0.038(0.03814/step) :: Entropy : 0.000 :: Grads : []
450 :: Rewards 85.453 :: steps: 1.00 :: Time: 0.029(0.02935/step) :: Entropy : 0.000 :: Grads : []
460 :: Rewards 86.270 :: steps: 1.00 :: Time: 0.030(0.02991/step) :: Entropy : 0.000 :: Grads : []
470 :: Rewards 88.687 :: steps: 1.00 :: Time: 0.041(0.04067/step) :: Entropy : 0.000 :: Grads : []
480 :: Rewards 92.255 :: steps: 1.00 :: Time: 0.031(0.03114/step) :: Entropy : 0.000 :: Grads : []
490 :: Rewards 96.678 :: steps: 1.00 :: Time: 0.032(0.03216/step) :: Entropy : 0.000 :: Grads : []
500 :: Rewards 101.882 :: steps: 1.00 :: Time: 0.043(0.04334/step) :: Entropy : 0.000 :: Grads : []
510 :: Rewards 107.735 :: steps: 1.00 :: Time: 0.033(0.03339/step) :: Entropy : 0.000 :: Grads : []
520 :: Rewards 113.227 :: steps: 1.00 :: Time: 0.034(0.03422/step) :: Entropy : 0.000 :: Grads : []
530 :: Rewards 118.279 :: steps: 1.00 :: Time: 0.046(0.04618/step) :: Entropy : 0.000 :: Grads : []
540 :: Rewards 123.090 :: steps: 1.00 :: Time: 0.035(0.03543/step) :: Entropy : 0.000 :: Grads : []
550 :: Rewards 127.697 :: steps: 1.00 :: Time: 0.037(0.03670/step) :: Entropy : 0.000 :: Grads : []
560 :: Rewards 134.150 :: steps: 1.00 :: Time: 0.051(0.05058/step) :: Entropy : 0.000 :: Grads : []
570 :: Rewards 139.766 :: steps: 1.00 :: Time: 0.036(0.03645/step) :: Entropy : 0.000 :: Grads : []
580 :: Rewards 145.789 :: steps: 1.00 :: Time: 0.038(0.03822/step) :: Entropy : 0.000 :: Grads : []
590 :: Rewards 151.296 :: steps: 1.00 :: Time: 0.052(0.05225/step) :: Entropy : 0.000 :: Grads : []
600 :: Rewards 156.452 :: steps: 1.00 :: Time: 0.039(0.03871/step) :: Entropy : 0.000 :: Grads : []
610 :: Rewards 161.053 :: steps: 1.00 :: Time: 0.040(0.04018/step) :: Entropy : 0.000 :: Grads : []
620 :: Rewards 164.558 :: steps: 1.00 :: Time: 0.054(0.05430/step) :: Entropy : 0.000 :: Grads : []
630 :: Rewards 167.583 :: steps: 1.00 :: Time: 0.041(0.04130/step) :: Entropy : 0.000 :: Grads : []
640 :: Rewards 170.085 :: steps: 1.00 :: Time: 0.042(0.04216/step) :: Entropy : 0.000 :: Grads : []
650 :: Rewards 171.229 :: steps: 1.00 :: Time: 0.058(0.05795/step) :: Entropy : 0.000 :: Grads : []
660 :: Rewards 173.520 :: steps: 1.00 :: Time: 0.045(0.04492/step) :: Entropy : 0.000 :: Grads : []
670 :: Rewards 176.731 :: steps: 1.00 :: Time: 0.047(0.04699/step) :: Entropy : 0.000 :: Grads : []
680 :: Rewards 179.134 :: steps: 1.00 :: Time: 0.063(0.06335/step) :: Entropy : 0.000 :: Grads : []
690 :: Rewards 182.860 :: steps: 1.00 :: Time: 0.049(0.04884/step) :: Entropy : 0.000 :: Grads : []
700 :: Rewards 186.676 :: steps: 1.00 :: Time: 0.049(0.04938/step) :: Entropy : 0.000 :: Grads : []
710 :: Rewards 190.256 :: steps: 1.00 :: Time: 0.068(0.06829/step) :: Entropy : 0.000 :: Grads : []
720 :: Rewards 193.914 :: steps: 1.00 :: Time: 0.052(0.05215/step) :: Entropy : 0.000 :: Grads : []
730 :: Rewards 197.530 :: steps: 1.00 :: Time: 0.054(0.05375/step) :: Entropy : 0.000 :: Grads : []
740 :: Rewards 201.573 :: steps: 1.00 :: Time: 0.073(0.07258/step) :: Entropy : 0.000 :: Grads : []
750 :: Rewards 205.412 :: steps: 1.00 :: Time: 0.055(0.05529/step) :: Entropy : 0.000 :: Grads : []
760 :: Rewards 207.893 :: steps: 1.00 :: Time: 0.057(0.05672/step) :: Entropy : 0.000 :: Grads : []
770 :: Rewards 209.310 :: steps: 1.00 :: Time: 0.077(0.07748/step) :: Entropy : 0.000 :: Grads : []
780 :: Rewards 211.535 :: steps: 1.00 :: Time: 0.059(0.05937/step) :: Entropy : 0.000 :: Grads : []
790 :: Rewards 214.488 :: steps: 1.00 :: Time: 0.062(0.06157/step) :: Entropy : 0.000 :: Grads : []
800 :: Rewards 217.038 :: steps: 1.00 :: Time: 0.083(0.08307/step) :: Entropy : 0.000 :: Grads : []
810 :: Rewards 218.873 :: steps: 1.00 :: Time: 0.064(0.06404/step) :: Entropy : 0.000 :: Grads : []
820 :: Rewards 220.077 :: steps: 1.00 :: Time: 0.066(0.06552/step) :: Entropy : 0.000 :: Grads : []
830 :: Rewards 221.141 :: steps: 1.00 :: Time: 0.089(0.08906/step) :: Entropy : 0.000 :: Grads : []
840 :: Rewards 221.970 :: steps: 1.00 :: Time: 0.068(0.06820/step) :: Entropy : 0.000 :: Grads : []
850 :: Rewards 222.334 :: steps: 1.00 :: Time: 0.068(0.06843/step) :: Entropy : 0.000 :: Grads : []
860 :: Rewards 222.883 :: steps: 1.00 :: Time: 0.091(0.09091/step) :: Entropy : 0.000 :: Grads : []
870 :: Rewards 224.143 :: steps: 1.00 :: Time: 0.069(0.06899/step) :: Entropy : 0.000 :: Grads : []
880 :: Rewards 225.054 :: steps: 1.00 :: Time: 0.071(0.07071/step) :: Entropy : 0.000 :: Grads : []
890 :: Rewards 226.031 :: steps: 1.00 :: Time: 0.098(0.09828/step) :: Entropy : 0.000 :: Grads : []
900 :: Rewards 227.564 :: steps: 1.00 :: Time: 0.076(0.07620/step) :: Entropy : 0.000 :: Grads : []
910 :: Rewards 229.352 :: steps: 1.00 :: Time: 0.078(0.07834/step) :: Entropy : 0.000 :: Grads : []
920 :: Rewards 231.979 :: steps: 1.00 :: Time: 0.105(0.10545/step) :: Entropy : 0.000 :: Grads : []
930 :: Rewards 236.470 :: steps: 1.00 :: Time: 0.082(0.08219/step) :: Entropy : 0.000 :: Grads : []
940 :: Rewards 241.712 :: steps: 1.00 :: Time: 0.082(0.08219/step) :: Entropy : 0.000 :: Grads : []
950 :: Rewards 247.591 :: steps: 1.00 :: Time: 0.112(0.11166/step) :: Entropy : 0.000 :: Grads : []
960 :: Rewards 254.018 :: steps: 1.00 :: Time: 0.085(0.08530/step) :: Entropy : 0.000 :: Grads : []
970 :: Rewards 260.837 :: steps: 1.00 :: Time: 0.088(0.08772/step) :: Entropy : 0.000 :: Grads : []
980 :: Rewards 267.904 :: steps: 1.00 :: Time: 0.119(0.11860/step) :: Entropy : 0.000 :: Grads : []
990 :: Rewards 275.039 :: steps: 1.00 :: Time: 0.089(0.08916/step) :: Entropy : 0.000 :: Grads : []
999 :: Rewards 280.070 :: steps: 0.90 :: Time: 0.092(0.10180/step) :: Entropy : 0.000 :: Grads : []
Total time taken: 42.8939950466156
