Module path:  Environments.NS_Reco NS_Reco
Dynamically loaded from:  <class 'Environments.NS_Reco.NS_Reco'>
Reward Amplitudes: [4.17022005e-01 7.20324493e-01 1.14374817e-04 3.02332573e-01
 1.46755891e-01] :: Avg 0.317309867282206 
Module path:  Src.Algorithms.OFPG OFPG
Dynamically loaded from:  <class 'Src.Algorithms.OFPG.OFPG'>
=====Configurations=====
 Namespace(NN_basis_dim='32', Policy_basis_dim='32', actor_lr=0.0021758107191788777, algo_name='OFPG', base=0, batch_size=1000, buffer_size=1000, debug=False, delta=5, entropy_lambda=0.0820027845863337, env_name='NS_Reco', experiment='NS_2r_', extrapolator_basis='Fourier', folder_suffix='Default', fourier_coupled=True, fourier_k=7, fourier_order=3, gamma=0.99, gauss_std=1.5, gpu=0, hyper='default', importance_clip=15.0, inc=1, log_output='term_file', max_episodes=1000, max_inner=100, max_steps=500, optim='rmsprop', oracle=-1, raw_basis=True, restore=False, save_count=100, save_model=True, seed=18, speed=2, state_lr=0.001, summary=True, swarm=False, timestamp='5|25|11:18:21')
Actions space: 5 :: State space: 1
State Low: tensor([0.]) :: State High: tensor([1.])
State features:  [('dummy_param', torch.Size([1]))]
Policy:  [('fc1.weight', torch.Size([5, 1])), ('fc1.bias', torch.Size([5]))]
0 :: Rewards -0.007 :: steps: 0.10 :: Time: 0.000(0.00061/step) :: Entropy : 0.000 :: Grads : []
10 :: Rewards -0.237 :: steps: 1.00 :: Time: 0.008(0.00790/step) :: Entropy : 0.000 :: Grads : []
20 :: Rewards -0.747 :: steps: 1.00 :: Time: 0.008(0.00787/step) :: Entropy : 0.000 :: Grads : []
30 :: Rewards -1.770 :: steps: 1.00 :: Time: 0.008(0.00806/step) :: Entropy : 0.000 :: Grads : []
40 :: Rewards -2.479 :: steps: 1.00 :: Time: 0.008(0.00789/step) :: Entropy : 0.000 :: Grads : []
50 :: Rewards -3.458 :: steps: 1.00 :: Time: 0.008(0.00785/step) :: Entropy : 0.000 :: Grads : []
60 :: Rewards -4.733 :: steps: 1.00 :: Time: 0.009(0.00860/step) :: Entropy : 0.000 :: Grads : []
70 :: Rewards -6.524 :: steps: 1.00 :: Time: 0.009(0.00868/step) :: Entropy : 0.000 :: Grads : []
80 :: Rewards -7.613 :: steps: 1.00 :: Time: 0.008(0.00828/step) :: Entropy : 0.000 :: Grads : []
90 :: Rewards -8.847 :: steps: 1.00 :: Time: 0.009(0.00851/step) :: Entropy : 0.000 :: Grads : []
100 :: Rewards -10.115 :: steps: 1.00 :: Time: 0.008(0.00837/step) :: Entropy : 0.000 :: Grads : []
110 :: Rewards -11.004 :: steps: 1.00 :: Time: 0.008(0.00835/step) :: Entropy : 0.000 :: Grads : []
120 :: Rewards -11.904 :: steps: 1.00 :: Time: 0.008(0.00845/step) :: Entropy : 0.000 :: Grads : []
130 :: Rewards -12.491 :: steps: 1.00 :: Time: 0.009(0.00853/step) :: Entropy : 0.000 :: Grads : []
140 :: Rewards -13.385 :: steps: 1.00 :: Time: 0.009(0.00866/step) :: Entropy : 0.000 :: Grads : []
150 :: Rewards -14.849 :: steps: 1.00 :: Time: 0.009(0.00863/step) :: Entropy : 0.000 :: Grads : []
160 :: Rewards -15.585 :: steps: 1.00 :: Time: 0.009(0.00873/step) :: Entropy : 0.000 :: Grads : []
170 :: Rewards -16.334 :: steps: 1.00 :: Time: 0.009(0.00890/step) :: Entropy : 0.000 :: Grads : []
180 :: Rewards -16.334 :: steps: 1.00 :: Time: 0.009(0.00900/step) :: Entropy : 0.000 :: Grads : []
190 :: Rewards -17.490 :: steps: 1.00 :: Time: 0.009(0.00897/step) :: Entropy : 0.000 :: Grads : []
200 :: Rewards -18.274 :: steps: 1.00 :: Time: 0.009(0.00907/step) :: Entropy : 0.000 :: Grads : []
210 :: Rewards -18.274 :: steps: 1.00 :: Time: 0.009(0.00906/step) :: Entropy : 0.000 :: Grads : []
220 :: Rewards -18.997 :: steps: 1.00 :: Time: 0.009(0.00919/step) :: Entropy : 0.000 :: Grads : []
230 :: Rewards -18.997 :: steps: 1.00 :: Time: 0.009(0.00925/step) :: Entropy : 0.000 :: Grads : []
240 :: Rewards -18.997 :: steps: 1.00 :: Time: 0.009(0.00925/step) :: Entropy : 0.000 :: Grads : []
250 :: Rewards -18.997 :: steps: 1.00 :: Time: 0.009(0.00939/step) :: Entropy : 0.000 :: Grads : []
260 :: Rewards -18.997 :: steps: 1.00 :: Time: 0.010(0.00962/step) :: Entropy : 0.000 :: Grads : []
270 :: Rewards -18.997 :: steps: 1.00 :: Time: 0.010(0.00979/step) :: Entropy : 0.000 :: Grads : []
280 :: Rewards -18.997 :: steps: 1.00 :: Time: 0.010(0.00982/step) :: Entropy : 0.000 :: Grads : []
290 :: Rewards -18.997 :: steps: 1.00 :: Time: 0.010(0.00995/step) :: Entropy : 0.000 :: Grads : []
300 :: Rewards -18.997 :: steps: 1.00 :: Time: 0.010(0.01001/step) :: Entropy : 0.000 :: Grads : []
310 :: Rewards -19.297 :: steps: 1.00 :: Time: 0.010(0.01010/step) :: Entropy : 0.000 :: Grads : []
320 :: Rewards -19.297 :: steps: 1.00 :: Time: 0.010(0.01026/step) :: Entropy : 0.000 :: Grads : []
330 :: Rewards -19.533 :: steps: 1.00 :: Time: 0.011(0.01050/step) :: Entropy : 0.000 :: Grads : []
340 :: Rewards -19.533 :: steps: 1.00 :: Time: 0.010(0.01050/step) :: Entropy : 0.000 :: Grads : []
350 :: Rewards -19.686 :: steps: 1.00 :: Time: 0.011(0.01073/step) :: Entropy : 0.000 :: Grads : []
360 :: Rewards -19.686 :: steps: 1.00 :: Time: 0.011(0.01076/step) :: Entropy : 0.000 :: Grads : []
370 :: Rewards -20.039 :: steps: 1.00 :: Time: 0.011(0.01094/step) :: Entropy : 0.000 :: Grads : []
380 :: Rewards -20.580 :: steps: 1.00 :: Time: 0.011(0.01106/step) :: Entropy : 0.000 :: Grads : []
390 :: Rewards -21.448 :: steps: 1.00 :: Time: 0.011(0.01111/step) :: Entropy : 0.000 :: Grads : []
400 :: Rewards -22.704 :: steps: 1.00 :: Time: 0.011(0.01122/step) :: Entropy : 0.000 :: Grads : []
410 :: Rewards -24.294 :: steps: 1.00 :: Time: 0.011(0.01141/step) :: Entropy : 0.000 :: Grads : []
420 :: Rewards -26.264 :: steps: 1.00 :: Time: 0.011(0.01150/step) :: Entropy : 0.000 :: Grads : []
430 :: Rewards -28.364 :: steps: 1.00 :: Time: 0.012(0.01160/step) :: Entropy : 0.000 :: Grads : []
440 :: Rewards -30.599 :: steps: 1.00 :: Time: 0.012(0.01163/step) :: Entropy : 0.000 :: Grads : []
450 :: Rewards -33.623 :: steps: 1.00 :: Time: 0.012(0.01177/step) :: Entropy : 0.000 :: Grads : []
460 :: Rewards -36.414 :: steps: 1.00 :: Time: 0.012(0.01176/step) :: Entropy : 0.000 :: Grads : []
470 :: Rewards -39.388 :: steps: 1.00 :: Time: 0.012(0.01194/step) :: Entropy : 0.000 :: Grads : []
480 :: Rewards -43.046 :: steps: 1.00 :: Time: 0.012(0.01192/step) :: Entropy : 0.000 :: Grads : []
490 :: Rewards -46.956 :: steps: 1.00 :: Time: 0.012(0.01206/step) :: Entropy : 0.000 :: Grads : []
500 :: Rewards -50.685 :: steps: 1.00 :: Time: 0.012(0.01205/step) :: Entropy : 0.000 :: Grads : []
510 :: Rewards -54.582 :: steps: 1.00 :: Time: 0.012(0.01213/step) :: Entropy : 0.000 :: Grads : []
520 :: Rewards -57.661 :: steps: 1.00 :: Time: 0.012(0.01236/step) :: Entropy : 0.000 :: Grads : []
530 :: Rewards -61.018 :: steps: 1.00 :: Time: 0.012(0.01237/step) :: Entropy : 0.000 :: Grads : []
540 :: Rewards -65.605 :: steps: 1.00 :: Time: 0.012(0.01243/step) :: Entropy : 0.000 :: Grads : []
550 :: Rewards -69.994 :: steps: 1.00 :: Time: 0.012(0.01243/step) :: Entropy : 0.000 :: Grads : []
560 :: Rewards -75.235 :: steps: 1.00 :: Time: 0.012(0.01250/step) :: Entropy : 0.000 :: Grads : []
570 :: Rewards -80.105 :: steps: 1.00 :: Time: 0.012(0.01244/step) :: Entropy : 0.000 :: Grads : []
580 :: Rewards -84.603 :: steps: 1.00 :: Time: 0.013(0.01262/step) :: Entropy : 0.000 :: Grads : []
590 :: Rewards -90.530 :: steps: 1.00 :: Time: 0.013(0.01275/step) :: Entropy : 0.000 :: Grads : []
600 :: Rewards -96.034 :: steps: 1.00 :: Time: 0.013(0.01271/step) :: Entropy : 0.000 :: Grads : []
610 :: Rewards -99.196 :: steps: 1.00 :: Time: 0.013(0.01276/step) :: Entropy : 0.000 :: Grads : []
620 :: Rewards -105.457 :: steps: 1.00 :: Time: 0.013(0.01288/step) :: Entropy : 0.000 :: Grads : []
630 :: Rewards -109.946 :: steps: 1.00 :: Time: 0.013(0.01298/step) :: Entropy : 0.000 :: Grads : []
640 :: Rewards -113.736 :: steps: 1.00 :: Time: 0.013(0.01307/step) :: Entropy : 0.000 :: Grads : []
650 :: Rewards -115.300 :: steps: 1.00 :: Time: 0.013(0.01290/step) :: Entropy : 0.000 :: Grads : []
660 :: Rewards -119.363 :: steps: 1.00 :: Time: 0.013(0.01311/step) :: Entropy : 0.000 :: Grads : []
670 :: Rewards -122.616 :: steps: 1.00 :: Time: 0.013(0.01314/step) :: Entropy : 0.000 :: Grads : []
680 :: Rewards -126.414 :: steps: 1.00 :: Time: 0.013(0.01326/step) :: Entropy : 0.000 :: Grads : []
690 :: Rewards -129.177 :: steps: 1.00 :: Time: 0.013(0.01325/step) :: Entropy : 0.000 :: Grads : []
700 :: Rewards -132.181 :: steps: 1.00 :: Time: 0.013(0.01334/step) :: Entropy : 0.000 :: Grads : []
710 :: Rewards -134.146 :: steps: 1.00 :: Time: 0.013(0.01334/step) :: Entropy : 0.000 :: Grads : []
720 :: Rewards -138.153 :: steps: 1.00 :: Time: 0.013(0.01328/step) :: Entropy : 0.000 :: Grads : []
730 :: Rewards -139.747 :: steps: 1.00 :: Time: 0.014(0.01350/step) :: Entropy : 0.000 :: Grads : []
740 :: Rewards -143.077 :: steps: 1.00 :: Time: 0.014(0.01355/step) :: Entropy : 0.000 :: Grads : []
750 :: Rewards -146.159 :: steps: 1.00 :: Time: 0.014(0.01359/step) :: Entropy : 0.000 :: Grads : []
760 :: Rewards -149.008 :: steps: 1.00 :: Time: 0.014(0.01368/step) :: Entropy : 0.000 :: Grads : []
770 :: Rewards -152.188 :: steps: 1.00 :: Time: 0.014(0.01359/step) :: Entropy : 0.000 :: Grads : []
780 :: Rewards -155.117 :: steps: 1.00 :: Time: 0.014(0.01402/step) :: Entropy : 0.000 :: Grads : []
790 :: Rewards -158.024 :: steps: 1.00 :: Time: 0.014(0.01383/step) :: Entropy : 0.000 :: Grads : []
800 :: Rewards -159.934 :: steps: 1.00 :: Time: 0.014(0.01392/step) :: Entropy : 0.000 :: Grads : []
810 :: Rewards -162.122 :: steps: 1.00 :: Time: 0.014(0.01395/step) :: Entropy : 0.000 :: Grads : []
820 :: Rewards -165.143 :: steps: 1.00 :: Time: 0.014(0.01404/step) :: Entropy : 0.000 :: Grads : []
830 :: Rewards -168.016 :: steps: 1.00 :: Time: 0.014(0.01421/step) :: Entropy : 0.000 :: Grads : []
840 :: Rewards -170.421 :: steps: 1.00 :: Time: 0.014(0.01414/step) :: Entropy : 0.000 :: Grads : []
850 :: Rewards -172.579 :: steps: 1.00 :: Time: 0.014(0.01418/step) :: Entropy : 0.000 :: Grads : []
860 :: Rewards -174.716 :: steps: 1.00 :: Time: 0.014(0.01428/step) :: Entropy : 0.000 :: Grads : []
870 :: Rewards -176.896 :: steps: 1.00 :: Time: 0.014(0.01442/step) :: Entropy : 0.000 :: Grads : []
880 :: Rewards -179.223 :: steps: 1.00 :: Time: 0.014(0.01444/step) :: Entropy : 0.000 :: Grads : []
890 :: Rewards -181.718 :: steps: 1.00 :: Time: 0.015(0.01455/step) :: Entropy : 0.000 :: Grads : []
900 :: Rewards -184.771 :: steps: 1.00 :: Time: 0.014(0.01448/step) :: Entropy : 0.000 :: Grads : []
910 :: Rewards -187.922 :: steps: 1.00 :: Time: 0.015(0.01458/step) :: Entropy : 0.000 :: Grads : []
920 :: Rewards -191.825 :: steps: 1.00 :: Time: 0.015(0.01460/step) :: Entropy : 0.000 :: Grads : []
930 :: Rewards -194.913 :: steps: 1.00 :: Time: 0.015(0.01465/step) :: Entropy : 0.000 :: Grads : []
940 :: Rewards -198.991 :: steps: 1.00 :: Time: 0.015(0.01470/step) :: Entropy : 0.000 :: Grads : []
950 :: Rewards -202.691 :: steps: 1.00 :: Time: 0.014(0.01443/step) :: Entropy : 0.000 :: Grads : []
960 :: Rewards -206.118 :: steps: 1.00 :: Time: 0.013(0.01313/step) :: Entropy : 0.000 :: Grads : []
970 :: Rewards -208.956 :: steps: 1.00 :: Time: 0.014(0.01392/step) :: Entropy : 0.000 :: Grads : []
980 :: Rewards -214.033 :: steps: 1.00 :: Time: 0.014(0.01368/step) :: Entropy : 0.000 :: Grads : []
990 :: Rewards -218.117 :: steps: 1.00 :: Time: 0.013(0.01347/step) :: Entropy : 0.000 :: Grads : []
999 :: Rewards -221.408 :: steps: 0.90 :: Time: 0.014(0.01538/step) :: Entropy : 0.000 :: Grads : []
Total time taken: 11.706655025482178
