Module path:  Environments.NS_Reco NS_Reco
Dynamically loaded from:  <class 'Environments.NS_Reco.NS_Reco'>
Reward Amplitudes: [4.17022005e-01 7.20324493e-01 1.14374817e-04 3.02332573e-01
 1.46755891e-01] :: Avg 0.317309867282206 
Module path:  Src.Algorithms.OFPG OFPG
Dynamically loaded from:  <class 'Src.Algorithms.OFPG.OFPG'>
=====Configurations=====
 Namespace(NN_basis_dim='32', Policy_basis_dim='32', actor_lr=0.002921886362032286, algo_name='OFPG', base=0, batch_size=1000, buffer_size=1000, debug=False, delta=1, entropy_lambda=0.005132349330550144, env_name='NS_Reco', experiment='NS_1_', extrapolator_basis='Fourier', folder_suffix='Default', fourier_coupled=True, fourier_k=7, fourier_order=3, gamma=0.99, gauss_std=1.5, gpu=0, hyper='default', importance_clip=5.0, inc=1, log_output='term_file', max_episodes=1000, max_inner=20, max_steps=500, optim='rmsprop', oracle=-1, raw_basis=True, restore=False, save_count=100, save_model=True, seed=26, speed=1, state_lr=0.001, summary=True, swarm=False, timestamp='5|24|22:1:15')
Actions space: 5 :: State space: 1
State Low: tensor([0.]) :: State High: tensor([1.])
State features:  [('dummy_param', torch.Size([1]))]
Policy:  [('fc1.weight', torch.Size([5, 1])), ('fc1.bias', torch.Size([5]))]
0 :: Rewards 0.001 :: steps: 0.10 :: Time: 0.001(0.00893/step) :: Entropy : 0.000 :: Grads : []
10 :: Rewards 0.055 :: steps: 1.00 :: Time: 0.008(0.00782/step) :: Entropy : 0.000 :: Grads : []
20 :: Rewards 0.232 :: steps: 1.00 :: Time: 0.008(0.00808/step) :: Entropy : 0.000 :: Grads : []
30 :: Rewards 0.704 :: steps: 1.00 :: Time: 0.008(0.00795/step) :: Entropy : 0.000 :: Grads : []
40 :: Rewards 1.469 :: steps: 1.00 :: Time: 0.008(0.00755/step) :: Entropy : 0.000 :: Grads : []
50 :: Rewards 2.427 :: steps: 1.00 :: Time: 0.008(0.00762/step) :: Entropy : 0.000 :: Grads : []
60 :: Rewards 3.702 :: steps: 1.00 :: Time: 0.008(0.00762/step) :: Entropy : 0.000 :: Grads : []
70 :: Rewards 5.408 :: steps: 1.00 :: Time: 0.008(0.00780/step) :: Entropy : 0.000 :: Grads : []
80 :: Rewards 7.066 :: steps: 1.00 :: Time: 0.008(0.00778/step) :: Entropy : 0.000 :: Grads : []
90 :: Rewards 8.923 :: steps: 1.00 :: Time: 0.008(0.00786/step) :: Entropy : 0.000 :: Grads : []
100 :: Rewards 11.037 :: steps: 1.00 :: Time: 0.008(0.00792/step) :: Entropy : 0.000 :: Grads : []
110 :: Rewards 13.547 :: steps: 1.00 :: Time: 0.008(0.00801/step) :: Entropy : 0.000 :: Grads : []
120 :: Rewards 16.356 :: steps: 1.00 :: Time: 0.008(0.00805/step) :: Entropy : 0.000 :: Grads : []
130 :: Rewards 19.304 :: steps: 1.00 :: Time: 0.008(0.00815/step) :: Entropy : 0.000 :: Grads : []
140 :: Rewards 22.478 :: steps: 1.00 :: Time: 0.008(0.00825/step) :: Entropy : 0.000 :: Grads : []
150 :: Rewards 26.067 :: steps: 1.00 :: Time: 0.008(0.00831/step) :: Entropy : 0.000 :: Grads : []
160 :: Rewards 29.903 :: steps: 1.00 :: Time: 0.008(0.00838/step) :: Entropy : 0.000 :: Grads : []
170 :: Rewards 33.961 :: steps: 1.00 :: Time: 0.008(0.00845/step) :: Entropy : 0.000 :: Grads : []
180 :: Rewards 38.202 :: steps: 1.00 :: Time: 0.009(0.00851/step) :: Entropy : 0.000 :: Grads : []
190 :: Rewards 42.668 :: steps: 1.00 :: Time: 0.009(0.00857/step) :: Entropy : 0.000 :: Grads : []
200 :: Rewards 47.313 :: steps: 1.00 :: Time: 0.009(0.00864/step) :: Entropy : 0.000 :: Grads : []
210 :: Rewards 52.138 :: steps: 1.00 :: Time: 0.009(0.00872/step) :: Entropy : 0.000 :: Grads : []
220 :: Rewards 57.151 :: steps: 1.00 :: Time: 0.009(0.00881/step) :: Entropy : 0.000 :: Grads : []
230 :: Rewards 62.352 :: steps: 1.00 :: Time: 0.009(0.00887/step) :: Entropy : 0.000 :: Grads : []
240 :: Rewards 67.734 :: steps: 1.00 :: Time: 0.009(0.00892/step) :: Entropy : 0.000 :: Grads : []
250 :: Rewards 73.277 :: steps: 1.00 :: Time: 0.009(0.00899/step) :: Entropy : 0.000 :: Grads : []
260 :: Rewards 78.970 :: steps: 1.00 :: Time: 0.010(0.00957/step) :: Entropy : 0.000 :: Grads : []
270 :: Rewards 84.833 :: steps: 1.00 :: Time: 0.010(0.00961/step) :: Entropy : 0.000 :: Grads : []
280 :: Rewards 90.861 :: steps: 1.00 :: Time: 0.009(0.00942/step) :: Entropy : 0.000 :: Grads : []
290 :: Rewards 97.035 :: steps: 1.00 :: Time: 0.009(0.00939/step) :: Entropy : 0.000 :: Grads : []
300 :: Rewards 103.281 :: steps: 1.00 :: Time: 0.010(0.00952/step) :: Entropy : 0.000 :: Grads : []
310 :: Rewards 109.668 :: steps: 1.00 :: Time: 0.010(0.00985/step) :: Entropy : 0.000 :: Grads : []
320 :: Rewards 116.206 :: steps: 1.00 :: Time: 0.010(0.00989/step) :: Entropy : 0.000 :: Grads : []
330 :: Rewards 122.848 :: steps: 1.00 :: Time: 0.010(0.01019/step) :: Entropy : 0.000 :: Grads : []
340 :: Rewards 129.570 :: steps: 1.00 :: Time: 0.010(0.01017/step) :: Entropy : 0.000 :: Grads : []
350 :: Rewards 136.351 :: steps: 1.00 :: Time: 0.010(0.01039/step) :: Entropy : 0.000 :: Grads : []
360 :: Rewards 143.242 :: steps: 1.00 :: Time: 0.011(0.01054/step) :: Entropy : 0.000 :: Grads : []
370 :: Rewards 150.198 :: steps: 1.00 :: Time: 0.011(0.01060/step) :: Entropy : 0.000 :: Grads : []
380 :: Rewards 157.222 :: steps: 1.00 :: Time: 0.011(0.01062/step) :: Entropy : 0.000 :: Grads : []
390 :: Rewards 164.263 :: steps: 1.00 :: Time: 0.011(0.01073/step) :: Entropy : 0.000 :: Grads : []
400 :: Rewards 171.386 :: steps: 1.00 :: Time: 0.011(0.01075/step) :: Entropy : 0.000 :: Grads : []
410 :: Rewards 178.509 :: steps: 1.00 :: Time: 0.011(0.01097/step) :: Entropy : 0.000 :: Grads : []
420 :: Rewards 185.678 :: steps: 1.00 :: Time: 0.011(0.01132/step) :: Entropy : 0.000 :: Grads : []
430 :: Rewards 192.870 :: steps: 1.00 :: Time: 0.011(0.01127/step) :: Entropy : 0.000 :: Grads : []
440 :: Rewards 200.042 :: steps: 1.00 :: Time: 0.011(0.01119/step) :: Entropy : 0.000 :: Grads : []
450 :: Rewards 207.288 :: steps: 1.00 :: Time: 0.011(0.01137/step) :: Entropy : 0.000 :: Grads : []
460 :: Rewards 214.484 :: steps: 1.00 :: Time: 0.012(0.01153/step) :: Entropy : 0.000 :: Grads : []
470 :: Rewards 221.661 :: steps: 1.00 :: Time: 0.012(0.01151/step) :: Entropy : 0.000 :: Grads : []
480 :: Rewards 228.774 :: steps: 1.00 :: Time: 0.012(0.01168/step) :: Entropy : 0.000 :: Grads : []
490 :: Rewards 235.916 :: steps: 1.00 :: Time: 0.012(0.01160/step) :: Entropy : 0.000 :: Grads : []
500 :: Rewards 243.003 :: steps: 1.00 :: Time: 0.012(0.01170/step) :: Entropy : 0.000 :: Grads : []
510 :: Rewards 250.003 :: steps: 1.00 :: Time: 0.012(0.01169/step) :: Entropy : 0.000 :: Grads : []
520 :: Rewards 256.993 :: steps: 1.00 :: Time: 0.012(0.01188/step) :: Entropy : 0.000 :: Grads : []
530 :: Rewards 263.873 :: steps: 1.00 :: Time: 0.012(0.01171/step) :: Entropy : 0.000 :: Grads : []
540 :: Rewards 270.642 :: steps: 1.00 :: Time: 0.012(0.01154/step) :: Entropy : 0.000 :: Grads : []
550 :: Rewards 277.320 :: steps: 1.00 :: Time: 0.012(0.01156/step) :: Entropy : 0.000 :: Grads : []
560 :: Rewards 283.916 :: steps: 1.00 :: Time: 0.012(0.01165/step) :: Entropy : 0.000 :: Grads : []
570 :: Rewards 290.411 :: steps: 1.00 :: Time: 0.012(0.01178/step) :: Entropy : 0.000 :: Grads : []
580 :: Rewards 296.798 :: steps: 1.00 :: Time: 0.012(0.01181/step) :: Entropy : 0.000 :: Grads : []
590 :: Rewards 303.006 :: steps: 1.00 :: Time: 0.012(0.01183/step) :: Entropy : 0.000 :: Grads : []
600 :: Rewards 309.110 :: steps: 1.00 :: Time: 0.012(0.01187/step) :: Entropy : 0.000 :: Grads : []
610 :: Rewards 315.105 :: steps: 1.00 :: Time: 0.012(0.01183/step) :: Entropy : 0.000 :: Grads : []
620 :: Rewards 320.922 :: steps: 1.00 :: Time: 0.012(0.01183/step) :: Entropy : 0.000 :: Grads : []
630 :: Rewards 326.619 :: steps: 1.00 :: Time: 0.012(0.01190/step) :: Entropy : 0.000 :: Grads : []
640 :: Rewards 332.121 :: steps: 1.00 :: Time: 0.012(0.01185/step) :: Entropy : 0.000 :: Grads : []
650 :: Rewards 337.453 :: steps: 1.00 :: Time: 0.012(0.01199/step) :: Entropy : 0.000 :: Grads : []
660 :: Rewards 342.592 :: steps: 1.00 :: Time: 0.012(0.01247/step) :: Entropy : 0.000 :: Grads : []
670 :: Rewards 347.602 :: steps: 1.00 :: Time: 0.012(0.01236/step) :: Entropy : 0.000 :: Grads : []
680 :: Rewards 352.434 :: steps: 1.00 :: Time: 0.012(0.01231/step) :: Entropy : 0.000 :: Grads : []
690 :: Rewards 356.993 :: steps: 1.00 :: Time: 0.012(0.01217/step) :: Entropy : 0.000 :: Grads : []
700 :: Rewards 361.412 :: steps: 1.00 :: Time: 0.012(0.01228/step) :: Entropy : 0.000 :: Grads : []
710 :: Rewards 365.558 :: steps: 1.00 :: Time: 0.012(0.01235/step) :: Entropy : 0.000 :: Grads : []
720 :: Rewards 369.537 :: steps: 1.00 :: Time: 0.012(0.01240/step) :: Entropy : 0.000 :: Grads : []
730 :: Rewards 373.315 :: steps: 1.00 :: Time: 0.012(0.01247/step) :: Entropy : 0.000 :: Grads : []
740 :: Rewards 376.827 :: steps: 1.00 :: Time: 0.013(0.01254/step) :: Entropy : 0.000 :: Grads : []
750 :: Rewards 380.139 :: steps: 1.00 :: Time: 0.013(0.01272/step) :: Entropy : 0.000 :: Grads : []
760 :: Rewards 383.208 :: steps: 1.00 :: Time: 0.013(0.01274/step) :: Entropy : 0.000 :: Grads : []
770 :: Rewards 385.993 :: steps: 1.00 :: Time: 0.013(0.01281/step) :: Entropy : 0.000 :: Grads : []
780 :: Rewards 388.604 :: steps: 1.00 :: Time: 0.013(0.01289/step) :: Entropy : 0.000 :: Grads : []
790 :: Rewards 391.016 :: steps: 1.00 :: Time: 0.013(0.01326/step) :: Entropy : 0.000 :: Grads : []
800 :: Rewards 393.115 :: steps: 1.00 :: Time: 0.013(0.01325/step) :: Entropy : 0.000 :: Grads : []
810 :: Rewards 394.975 :: steps: 1.00 :: Time: 0.013(0.01311/step) :: Entropy : 0.000 :: Grads : []
820 :: Rewards 396.600 :: steps: 1.00 :: Time: 0.013(0.01348/step) :: Entropy : 0.000 :: Grads : []
830 :: Rewards 397.950 :: steps: 1.00 :: Time: 0.013(0.01336/step) :: Entropy : 0.000 :: Grads : []
840 :: Rewards 399.069 :: steps: 1.00 :: Time: 0.013(0.01322/step) :: Entropy : 0.000 :: Grads : []
850 :: Rewards 399.927 :: steps: 1.00 :: Time: 0.013(0.01328/step) :: Entropy : 0.000 :: Grads : []
860 :: Rewards 400.530 :: steps: 1.00 :: Time: 0.013(0.01331/step) :: Entropy : 0.000 :: Grads : []
870 :: Rewards 400.906 :: steps: 1.00 :: Time: 0.013(0.01327/step) :: Entropy : 0.000 :: Grads : []
880 :: Rewards 401.002 :: steps: 1.00 :: Time: 0.013(0.01331/step) :: Entropy : 0.000 :: Grads : []
890 :: Rewards 400.849 :: steps: 1.00 :: Time: 0.013(0.01336/step) :: Entropy : 0.000 :: Grads : []
900 :: Rewards 400.373 :: steps: 1.00 :: Time: 0.013(0.01321/step) :: Entropy : 0.000 :: Grads : []
910 :: Rewards 399.681 :: steps: 1.00 :: Time: 0.013(0.01333/step) :: Entropy : 0.000 :: Grads : []
920 :: Rewards 398.728 :: steps: 1.00 :: Time: 0.013(0.01330/step) :: Entropy : 0.000 :: Grads : []
930 :: Rewards 397.525 :: steps: 1.00 :: Time: 0.013(0.01328/step) :: Entropy : 0.000 :: Grads : []
940 :: Rewards 396.077 :: steps: 1.00 :: Time: 0.014(0.01356/step) :: Entropy : 0.000 :: Grads : []
950 :: Rewards 394.381 :: steps: 1.00 :: Time: 0.014(0.01381/step) :: Entropy : 0.000 :: Grads : []
960 :: Rewards 392.445 :: steps: 1.00 :: Time: 0.013(0.01341/step) :: Entropy : 0.000 :: Grads : []
970 :: Rewards 390.236 :: steps: 1.00 :: Time: 0.014(0.01366/step) :: Entropy : 0.000 :: Grads : []
980 :: Rewards 387.816 :: steps: 1.00 :: Time: 0.014(0.01352/step) :: Entropy : 0.000 :: Grads : []
990 :: Rewards 385.111 :: steps: 1.00 :: Time: 0.014(0.01371/step) :: Entropy : 0.000 :: Grads : []
999 :: Rewards 382.501 :: steps: 0.90 :: Time: 0.012(0.01357/step) :: Entropy : 0.000 :: Grads : []
Total time taken: 11.094746828079224
