Module path:  Environments.NS_Reco NS_Reco
Dynamically loaded from:  <class 'Environments.NS_Reco.NS_Reco'>
Reward Amplitudes: [4.17022005e-01 7.20324493e-01 1.14374817e-04 3.02332573e-01
 1.46755891e-01] :: Avg 0.317309867282206 
Module path:  Src.Algorithms.ProWLS ProWLS
Dynamically loaded from:  <class 'Src.Algorithms.ProWLS.ProWLS'>
=====Configurations=====
 Namespace(NN_basis_dim='32', Policy_basis_dim='32', actor_lr=0.0037403051736555927, algo_name='ProWLS', base=0, batch_size=1000, buffer_size=1000, debug=False, delta=3, entropy_lambda=0.041755411764967935, env_name='NS_Reco', experiment='NS_4r_', extrapolator_basis='Fourier', folder_suffix='Default', fourier_coupled=True, fourier_k=7, fourier_order=3, gamma=0.99, gauss_std=1.5, gpu=0, hyper='default', importance_clip=5.0, inc=1, log_output='term_file', max_episodes=1000, max_inner=60, max_steps=500, optim='rmsprop', oracle=-1, raw_basis=True, restore=False, save_count=100, save_model=True, seed=26, speed=4, state_lr=0.001, summary=True, swarm=False, timestamp='5|25|10:22:27')
Actions space: 5 :: State space: 1
State Low: tensor([0.]) :: State High: tensor([1.])
State features:  [('dummy_param', torch.Size([1]))]
Policy:  [('fc1.weight', torch.Size([5, 1])), ('fc1.bias', torch.Size([5]))]
0 :: Rewards -0.008 :: steps: 0.10 :: Time: 0.000(0.00061/step) :: Entropy : 0.000 :: Grads : []
10 :: Rewards -0.371 :: steps: 1.00 :: Time: 0.004(0.00374/step) :: Entropy : 0.000 :: Grads : []
20 :: Rewards -1.062 :: steps: 1.00 :: Time: 0.014(0.01373/step) :: Entropy : 0.000 :: Grads : []
30 :: Rewards -2.628 :: steps: 1.00 :: Time: 0.011(0.01124/step) :: Entropy : 0.000 :: Grads : []
40 :: Rewards -5.598 :: steps: 1.00 :: Time: 0.011(0.01068/step) :: Entropy : 0.000 :: Grads : []
50 :: Rewards -8.775 :: steps: 1.00 :: Time: 0.014(0.01426/step) :: Entropy : 0.000 :: Grads : []
60 :: Rewards -11.712 :: steps: 1.00 :: Time: 0.011(0.01090/step) :: Entropy : 0.000 :: Grads : []
70 :: Rewards -14.455 :: steps: 1.00 :: Time: 0.011(0.01085/step) :: Entropy : 0.000 :: Grads : []
80 :: Rewards -15.475 :: steps: 1.00 :: Time: 0.015(0.01479/step) :: Entropy : 0.000 :: Grads : []
90 :: Rewards -17.937 :: steps: 1.00 :: Time: 0.011(0.01123/step) :: Entropy : 0.000 :: Grads : []
100 :: Rewards -17.937 :: steps: 1.00 :: Time: 0.012(0.01214/step) :: Entropy : 0.000 :: Grads : []
110 :: Rewards -19.532 :: steps: 1.00 :: Time: 0.016(0.01641/step) :: Entropy : 0.000 :: Grads : []
120 :: Rewards -21.318 :: steps: 1.00 :: Time: 0.012(0.01191/step) :: Entropy : 0.000 :: Grads : []
130 :: Rewards -22.008 :: steps: 1.00 :: Time: 0.013(0.01264/step) :: Entropy : 0.000 :: Grads : []
140 :: Rewards -22.279 :: steps: 1.00 :: Time: 0.017(0.01659/step) :: Entropy : 0.000 :: Grads : []
150 :: Rewards -22.279 :: steps: 1.00 :: Time: 0.013(0.01280/step) :: Entropy : 0.000 :: Grads : []
160 :: Rewards -22.279 :: steps: 1.00 :: Time: 0.013(0.01299/step) :: Entropy : 0.000 :: Grads : []
170 :: Rewards -23.054 :: steps: 1.00 :: Time: 0.018(0.01778/step) :: Entropy : 0.000 :: Grads : []
180 :: Rewards -23.912 :: steps: 1.00 :: Time: 0.014(0.01379/step) :: Entropy : 0.000 :: Grads : []
190 :: Rewards -24.046 :: steps: 1.00 :: Time: 0.015(0.01477/step) :: Entropy : 0.000 :: Grads : []
200 :: Rewards -24.376 :: steps: 1.00 :: Time: 0.020(0.01966/step) :: Entropy : 0.000 :: Grads : []
210 :: Rewards -24.457 :: steps: 1.00 :: Time: 0.016(0.01554/step) :: Entropy : 0.000 :: Grads : []
220 :: Rewards -25.211 :: steps: 1.00 :: Time: 0.016(0.01568/step) :: Entropy : 0.000 :: Grads : []
230 :: Rewards -25.901 :: steps: 1.00 :: Time: 0.022(0.02165/step) :: Entropy : 0.000 :: Grads : []
240 :: Rewards -26.154 :: steps: 1.00 :: Time: 0.017(0.01668/step) :: Entropy : 0.000 :: Grads : []
250 :: Rewards -26.765 :: steps: 1.00 :: Time: 0.017(0.01711/step) :: Entropy : 0.000 :: Grads : []
260 :: Rewards -27.361 :: steps: 1.00 :: Time: 0.024(0.02358/step) :: Entropy : 0.000 :: Grads : []
270 :: Rewards -27.520 :: steps: 1.00 :: Time: 0.018(0.01773/step) :: Entropy : 0.000 :: Grads : []
280 :: Rewards -27.883 :: steps: 1.00 :: Time: 0.018(0.01833/step) :: Entropy : 0.000 :: Grads : []
290 :: Rewards -28.265 :: steps: 1.00 :: Time: 0.025(0.02497/step) :: Entropy : 0.000 :: Grads : []
300 :: Rewards -28.265 :: steps: 1.00 :: Time: 0.019(0.01904/step) :: Entropy : 0.000 :: Grads : []
310 :: Rewards -28.829 :: steps: 1.00 :: Time: 0.019(0.01936/step) :: Entropy : 0.000 :: Grads : []
320 :: Rewards -29.219 :: steps: 1.00 :: Time: 0.027(0.02661/step) :: Entropy : 0.000 :: Grads : []
330 :: Rewards -30.136 :: steps: 1.00 :: Time: 0.022(0.02234/step) :: Entropy : 0.000 :: Grads : []
340 :: Rewards -30.650 :: steps: 1.00 :: Time: 0.023(0.02285/step) :: Entropy : 0.000 :: Grads : []
350 :: Rewards -30.759 :: steps: 1.00 :: Time: 0.034(0.03379/step) :: Entropy : 0.000 :: Grads : []
360 :: Rewards -31.099 :: steps: 1.00 :: Time: 0.023(0.02288/step) :: Entropy : 0.000 :: Grads : []
370 :: Rewards -31.370 :: steps: 1.00 :: Time: 0.024(0.02391/step) :: Entropy : 0.000 :: Grads : []
380 :: Rewards -31.396 :: steps: 1.00 :: Time: 0.031(0.03122/step) :: Entropy : 0.000 :: Grads : []
390 :: Rewards -31.497 :: steps: 1.00 :: Time: 0.024(0.02381/step) :: Entropy : 0.000 :: Grads : []
400 :: Rewards -32.267 :: steps: 1.00 :: Time: 0.025(0.02488/step) :: Entropy : 0.000 :: Grads : []
410 :: Rewards -33.196 :: steps: 1.00 :: Time: 0.038(0.03807/step) :: Entropy : 0.000 :: Grads : []
420 :: Rewards -33.591 :: steps: 1.00 :: Time: 0.026(0.02622/step) :: Entropy : 0.000 :: Grads : []
430 :: Rewards -33.786 :: steps: 1.00 :: Time: 0.028(0.02843/step) :: Entropy : 0.000 :: Grads : []
440 :: Rewards -33.966 :: steps: 1.00 :: Time: 0.036(0.03595/step) :: Entropy : 0.000 :: Grads : []
450 :: Rewards -35.000 :: steps: 1.00 :: Time: 0.028(0.02769/step) :: Entropy : 0.000 :: Grads : []
460 :: Rewards -36.830 :: steps: 1.00 :: Time: 0.027(0.02748/step) :: Entropy : 0.000 :: Grads : []
470 :: Rewards -39.444 :: steps: 1.00 :: Time: 0.038(0.03760/step) :: Entropy : 0.000 :: Grads : []
480 :: Rewards -43.105 :: steps: 1.00 :: Time: 0.035(0.03521/step) :: Entropy : 0.000 :: Grads : []
490 :: Rewards -44.695 :: steps: 1.00 :: Time: 0.034(0.03385/step) :: Entropy : 0.000 :: Grads : []
500 :: Rewards -45.189 :: steps: 1.00 :: Time: 0.041(0.04100/step) :: Entropy : 0.000 :: Grads : []
510 :: Rewards -46.055 :: steps: 1.00 :: Time: 0.031(0.03129/step) :: Entropy : 0.000 :: Grads : []
520 :: Rewards -46.887 :: steps: 1.00 :: Time: 0.031(0.03135/step) :: Entropy : 0.000 :: Grads : []
530 :: Rewards -47.731 :: steps: 1.00 :: Time: 0.043(0.04314/step) :: Entropy : 0.000 :: Grads : []
540 :: Rewards -48.579 :: steps: 1.00 :: Time: 0.032(0.03207/step) :: Entropy : 0.000 :: Grads : []
550 :: Rewards -50.285 :: steps: 1.00 :: Time: 0.034(0.03367/step) :: Entropy : 0.000 :: Grads : []
560 :: Rewards -52.401 :: steps: 1.00 :: Time: 0.046(0.04562/step) :: Entropy : 0.000 :: Grads : []
570 :: Rewards -54.528 :: steps: 1.00 :: Time: 0.035(0.03469/step) :: Entropy : 0.000 :: Grads : []
580 :: Rewards -54.528 :: steps: 1.00 :: Time: 0.035(0.03546/step) :: Entropy : 0.000 :: Grads : []
590 :: Rewards -55.942 :: steps: 1.00 :: Time: 0.050(0.04950/step) :: Entropy : 0.000 :: Grads : []
600 :: Rewards -55.942 :: steps: 1.00 :: Time: 0.038(0.03789/step) :: Entropy : 0.000 :: Grads : []
610 :: Rewards -55.942 :: steps: 1.00 :: Time: 0.039(0.03890/step) :: Entropy : 0.000 :: Grads : []
620 :: Rewards -55.942 :: steps: 1.00 :: Time: 0.053(0.05298/step) :: Entropy : 0.000 :: Grads : []
630 :: Rewards -56.312 :: steps: 1.00 :: Time: 0.040(0.04018/step) :: Entropy : 0.000 :: Grads : []
640 :: Rewards -56.651 :: steps: 1.00 :: Time: 0.042(0.04168/step) :: Entropy : 0.000 :: Grads : []
650 :: Rewards -58.259 :: steps: 1.00 :: Time: 0.057(0.05677/step) :: Entropy : 0.000 :: Grads : []
660 :: Rewards -61.210 :: steps: 1.00 :: Time: 0.043(0.04296/step) :: Entropy : 0.000 :: Grads : []
670 :: Rewards -65.427 :: steps: 1.00 :: Time: 0.046(0.04575/step) :: Entropy : 0.000 :: Grads : []
680 :: Rewards -70.860 :: steps: 1.00 :: Time: 0.065(0.06489/step) :: Entropy : 0.000 :: Grads : []
690 :: Rewards -77.447 :: steps: 1.00 :: Time: 0.047(0.04689/step) :: Entropy : 0.000 :: Grads : []
700 :: Rewards -83.205 :: steps: 1.00 :: Time: 0.047(0.04691/step) :: Entropy : 0.000 :: Grads : []
710 :: Rewards -86.005 :: steps: 1.00 :: Time: 0.066(0.06594/step) :: Entropy : 0.000 :: Grads : []
720 :: Rewards -86.551 :: steps: 1.00 :: Time: 0.052(0.05170/step) :: Entropy : 0.000 :: Grads : []
730 :: Rewards -86.771 :: steps: 1.00 :: Time: 0.057(0.05679/step) :: Entropy : 0.000 :: Grads : []
740 :: Rewards -86.890 :: steps: 1.00 :: Time: 0.070(0.06990/step) :: Entropy : 0.000 :: Grads : []
750 :: Rewards -87.265 :: steps: 1.00 :: Time: 0.055(0.05479/step) :: Entropy : 0.000 :: Grads : []
760 :: Rewards -87.621 :: steps: 1.00 :: Time: 0.053(0.05344/step) :: Entropy : 0.000 :: Grads : []
770 :: Rewards -88.404 :: steps: 1.00 :: Time: 0.074(0.07413/step) :: Entropy : 0.000 :: Grads : []
780 :: Rewards -88.730 :: steps: 1.00 :: Time: 0.055(0.05502/step) :: Entropy : 0.000 :: Grads : []
790 :: Rewards -88.884 :: steps: 1.00 :: Time: 0.058(0.05814/step) :: Entropy : 0.000 :: Grads : []
800 :: Rewards -89.559 :: steps: 1.00 :: Time: 0.079(0.07886/step) :: Entropy : 0.000 :: Grads : []
810 :: Rewards -89.846 :: steps: 1.00 :: Time: 0.060(0.06000/step) :: Entropy : 0.000 :: Grads : []
820 :: Rewards -90.859 :: steps: 1.00 :: Time: 0.062(0.06162/step) :: Entropy : 0.000 :: Grads : []
830 :: Rewards -91.210 :: steps: 1.00 :: Time: 0.086(0.08568/step) :: Entropy : 0.000 :: Grads : []
840 :: Rewards -91.305 :: steps: 1.00 :: Time: 0.072(0.07239/step) :: Entropy : 0.000 :: Grads : []
850 :: Rewards -91.705 :: steps: 1.00 :: Time: 0.067(0.06658/step) :: Entropy : 0.000 :: Grads : []
860 :: Rewards -92.149 :: steps: 1.00 :: Time: 0.090(0.09035/step) :: Entropy : 0.000 :: Grads : []
870 :: Rewards -92.149 :: steps: 1.00 :: Time: 0.068(0.06779/step) :: Entropy : 0.000 :: Grads : []
880 :: Rewards -92.618 :: steps: 1.00 :: Time: 0.070(0.07046/step) :: Entropy : 0.000 :: Grads : []
890 :: Rewards -92.725 :: steps: 1.00 :: Time: 0.097(0.09670/step) :: Entropy : 0.000 :: Grads : []
900 :: Rewards -93.039 :: steps: 1.00 :: Time: 0.074(0.07424/step) :: Entropy : 0.000 :: Grads : []
910 :: Rewards -93.730 :: steps: 1.00 :: Time: 0.079(0.07867/step) :: Entropy : 0.000 :: Grads : []
920 :: Rewards -94.175 :: steps: 1.00 :: Time: 0.114(0.11426/step) :: Entropy : 0.000 :: Grads : []
930 :: Rewards -94.444 :: steps: 1.00 :: Time: 0.080(0.07978/step) :: Entropy : 0.000 :: Grads : []
940 :: Rewards -94.815 :: steps: 1.00 :: Time: 0.081(0.08066/step) :: Entropy : 0.000 :: Grads : []
950 :: Rewards -95.392 :: steps: 1.00 :: Time: 0.109(0.10926/step) :: Entropy : 0.000 :: Grads : []
960 :: Rewards -95.392 :: steps: 1.00 :: Time: 0.087(0.08697/step) :: Entropy : 0.000 :: Grads : []
970 :: Rewards -95.392 :: steps: 1.00 :: Time: 0.087(0.08689/step) :: Entropy : 0.000 :: Grads : []
980 :: Rewards -95.392 :: steps: 1.00 :: Time: 0.120(0.11976/step) :: Entropy : 0.000 :: Grads : []
990 :: Rewards -95.392 :: steps: 1.00 :: Time: 0.093(0.09326/step) :: Entropy : 0.000 :: Grads : []
999 :: Rewards -95.392 :: steps: 0.90 :: Time: 0.090(0.09998/step) :: Entropy : 0.000 :: Grads : []
Total time taken: 41.99741291999817
