Module path:  Src.Algorithms.ProOLS ProOLS
Dynamically loaded from:  <class 'Src.Algorithms.ProOLS.ProOLS'>
=====Configurations=====
 Namespace(NN_basis_dim='32', Policy_basis_dim='32', actor_lr=0.004401977234833837, algo_name='ProOLS', base=0, batch_size=1000, buffer_size=1000, debug=False, delta=1, entropy_lambda=0.1, env_name='NS_SimGlucose-v0', experiment='NS_4_', extrapolator_basis='Fourier', folder_suffix='Default', fourier_coupled=True, fourier_k=2, fourier_order=3, gamma=0.99, gauss_std=1.99427, gpu=0, hyper='default', importance_clip=10.0, inc=1, log_output='term_file', max_episodes=1000, max_inner=30, max_steps=500, optim='rmsprop', oracle=-1, raw_basis=True, restore=False, save_count=100, save_model=True, seed=0, speed=4, state_lr=0.001, summary=True, swarm=False, timestamp='5|29|22:28:59')
Actions space: 2 :: State space: 1
State Low: tensor([0.]) :: State High: tensor([1.])
State features:  [('dummy_param', torch.Size([1]))]
Action Low: [3. 5.] :: Action High: [30. 50.]
Policy:  [('fc_mean.weight', torch.Size([2, 1])), ('fc_mean.bias', torch.Size([2]))]
0 :: Rewards -8.967 :: steps: 0.10 :: Time: 0.271(2.71099/step) :: Entropy : 0.000 :: Grads : []
10 :: Rewards 61.009 :: steps: 1.00 :: Time: 2.727(2.72711/step) :: Entropy : 0.000 :: Grads : []
20 :: Rewards 156.228 :: steps: 1.00 :: Time: 2.701(2.70055/step) :: Entropy : 0.000 :: Grads : []
30 :: Rewards 223.690 :: steps: 1.00 :: Time: 2.681(2.68078/step) :: Entropy : 0.000 :: Grads : []
40 :: Rewards 351.302 :: steps: 1.00 :: Time: 2.682(2.68231/step) :: Entropy : 0.000 :: Grads : []
50 :: Rewards 457.967 :: steps: 1.00 :: Time: 2.697(2.69714/step) :: Entropy : 0.000 :: Grads : []
60 :: Rewards 556.043 :: steps: 1.00 :: Time: 2.691(2.69057/step) :: Entropy : 0.000 :: Grads : []
70 :: Rewards 660.172 :: steps: 1.00 :: Time: 2.733(2.73327/step) :: Entropy : 0.000 :: Grads : []
80 :: Rewards 773.808 :: steps: 1.00 :: Time: 2.697(2.69748/step) :: Entropy : 0.000 :: Grads : []
90 :: Rewards 888.948 :: steps: 1.00 :: Time: 2.697(2.69693/step) :: Entropy : 0.000 :: Grads : []
100 :: Rewards 995.208 :: steps: 1.00 :: Time: 2.687(2.68680/step) :: Entropy : 0.000 :: Grads : []
110 :: Rewards 1095.868 :: steps: 1.00 :: Time: 2.686(2.68649/step) :: Entropy : 0.000 :: Grads : []
120 :: Rewards 1200.589 :: steps: 1.00 :: Time: 2.696(2.69552/step) :: Entropy : 0.000 :: Grads : []
130 :: Rewards 1303.007 :: steps: 1.00 :: Time: 2.677(2.67668/step) :: Entropy : 0.000 :: Grads : []
140 :: Rewards 1402.990 :: steps: 1.00 :: Time: 2.677(2.67693/step) :: Entropy : 0.000 :: Grads : []
150 :: Rewards 1492.803 :: steps: 1.00 :: Time: 2.678(2.67806/step) :: Entropy : 0.000 :: Grads : []
160 :: Rewards 1572.640 :: steps: 1.00 :: Time: 2.710(2.70984/step) :: Entropy : 0.000 :: Grads : []
170 :: Rewards 1634.626 :: steps: 1.00 :: Time: 2.682(2.68190/step) :: Entropy : 0.000 :: Grads : []
180 :: Rewards 1678.315 :: steps: 1.00 :: Time: 2.670(2.66985/step) :: Entropy : 0.000 :: Grads : []
190 :: Rewards 1701.273 :: steps: 1.00 :: Time: 2.687(2.68748/step) :: Entropy : 0.000 :: Grads : []
200 :: Rewards 1709.637 :: steps: 1.00 :: Time: 2.707(2.70694/step) :: Entropy : 0.000 :: Grads : []
210 :: Rewards 1698.789 :: steps: 1.00 :: Time: 2.662(2.66178/step) :: Entropy : 0.000 :: Grads : []
220 :: Rewards 1667.757 :: steps: 1.00 :: Time: 2.671(2.67087/step) :: Entropy : 0.000 :: Grads : []
230 :: Rewards 1626.418 :: steps: 1.00 :: Time: 2.682(2.68155/step) :: Entropy : 0.000 :: Grads : []
240 :: Rewards 1572.184 :: steps: 1.00 :: Time: 2.678(2.67842/step) :: Entropy : 0.000 :: Grads : []
250 :: Rewards 1507.658 :: steps: 1.00 :: Time: 2.673(2.67253/step) :: Entropy : 0.000 :: Grads : []
260 :: Rewards 1441.199 :: steps: 1.00 :: Time: 2.704(2.70407/step) :: Entropy : 0.000 :: Grads : []
270 :: Rewards 1366.588 :: steps: 1.00 :: Time: 2.689(2.68911/step) :: Entropy : 0.000 :: Grads : []
280 :: Rewards 1266.436 :: steps: 1.00 :: Time: 2.731(2.73120/step) :: Entropy : 0.000 :: Grads : []
290 :: Rewards 1180.373 :: steps: 1.00 :: Time: 2.682(2.68200/step) :: Entropy : 0.000 :: Grads : []
300 :: Rewards 1131.129 :: steps: 1.00 :: Time: 2.698(2.69787/step) :: Entropy : 0.000 :: Grads : []
310 :: Rewards 1204.386 :: steps: 1.00 :: Time: 2.689(2.68868/step) :: Entropy : 0.000 :: Grads : []
320 :: Rewards 1376.215 :: steps: 1.00 :: Time: 2.685(2.68500/step) :: Entropy : 0.000 :: Grads : []
330 :: Rewards 1553.749 :: steps: 1.00 :: Time: 2.688(2.68751/step) :: Entropy : 0.000 :: Grads : []
340 :: Rewards 1723.640 :: steps: 1.00 :: Time: 2.715(2.71489/step) :: Entropy : 0.000 :: Grads : []
350 :: Rewards 1918.806 :: steps: 1.00 :: Time: 2.733(2.73349/step) :: Entropy : 0.000 :: Grads : []
360 :: Rewards 2119.256 :: steps: 1.00 :: Time: 2.695(2.69477/step) :: Entropy : 0.000 :: Grads : []
370 :: Rewards 2334.745 :: steps: 1.00 :: Time: 2.719(2.71934/step) :: Entropy : 0.000 :: Grads : []
380 :: Rewards 2494.728 :: steps: 1.00 :: Time: 2.704(2.70368/step) :: Entropy : 0.000 :: Grads : []
390 :: Rewards 2616.512 :: steps: 1.00 :: Time: 2.695(2.69515/step) :: Entropy : 0.000 :: Grads : []
400 :: Rewards 2824.545 :: steps: 1.00 :: Time: 2.700(2.70018/step) :: Entropy : 0.000 :: Grads : []
410 :: Rewards 2975.172 :: steps: 1.00 :: Time: 2.698(2.69769/step) :: Entropy : 0.000 :: Grads : []
420 :: Rewards 3172.452 :: steps: 1.00 :: Time: 2.746(2.74551/step) :: Entropy : 0.000 :: Grads : []
430 :: Rewards 3356.958 :: steps: 1.00 :: Time: 2.704(2.70369/step) :: Entropy : 0.000 :: Grads : []
440 :: Rewards 3486.541 :: steps: 1.00 :: Time: 2.741(2.74087/step) :: Entropy : 0.000 :: Grads : []
450 :: Rewards 3662.559 :: steps: 1.00 :: Time: 2.680(2.68032/step) :: Entropy : 0.000 :: Grads : []
460 :: Rewards 3778.278 :: steps: 1.00 :: Time: 2.683(2.68269/step) :: Entropy : 0.000 :: Grads : []
470 :: Rewards 3883.721 :: steps: 1.00 :: Time: 2.697(2.69707/step) :: Entropy : 0.000 :: Grads : []
480 :: Rewards 4062.465 :: steps: 1.00 :: Time: 2.710(2.71031/step) :: Entropy : 0.000 :: Grads : []
490 :: Rewards 4179.938 :: steps: 1.00 :: Time: 2.709(2.70915/step) :: Entropy : 0.000 :: Grads : []
500 :: Rewards 4234.349 :: steps: 1.00 :: Time: 2.718(2.71794/step) :: Entropy : 0.000 :: Grads : []
510 :: Rewards 4359.433 :: steps: 1.00 :: Time: 2.700(2.70049/step) :: Entropy : 0.000 :: Grads : []
520 :: Rewards 4483.060 :: steps: 1.00 :: Time: 2.715(2.71543/step) :: Entropy : 0.000 :: Grads : []
530 :: Rewards 4559.158 :: steps: 1.00 :: Time: 2.765(2.76462/step) :: Entropy : 0.000 :: Grads : []
540 :: Rewards 4639.901 :: steps: 1.00 :: Time: 2.714(2.71421/step) :: Entropy : 0.000 :: Grads : []
550 :: Rewards 4737.228 :: steps: 1.00 :: Time: 2.787(2.78748/step) :: Entropy : 0.000 :: Grads : []
560 :: Rewards 4898.505 :: steps: 1.00 :: Time: 2.707(2.70659/step) :: Entropy : 0.000 :: Grads : []
570 :: Rewards 5047.947 :: steps: 1.00 :: Time: 2.687(2.68726/step) :: Entropy : 0.000 :: Grads : []
580 :: Rewards 5198.640 :: steps: 1.00 :: Time: 2.711(2.71090/step) :: Entropy : 0.000 :: Grads : []
590 :: Rewards 5390.463 :: steps: 1.00 :: Time: 2.717(2.71691/step) :: Entropy : 0.000 :: Grads : []
600 :: Rewards 5601.765 :: steps: 1.00 :: Time: 2.702(2.70206/step) :: Entropy : 0.000 :: Grads : []
610 :: Rewards 5725.462 :: steps: 1.00 :: Time: 2.726(2.72588/step) :: Entropy : 0.000 :: Grads : []
620 :: Rewards 5888.134 :: steps: 1.00 :: Time: 2.736(2.73612/step) :: Entropy : 0.000 :: Grads : []
630 :: Rewards 6084.071 :: steps: 1.00 :: Time: 2.683(2.68337/step) :: Entropy : 0.000 :: Grads : []
640 :: Rewards 6305.042 :: steps: 1.00 :: Time: 2.697(2.69676/step) :: Entropy : 0.000 :: Grads : []
650 :: Rewards 6547.870 :: steps: 1.00 :: Time: 2.684(2.68405/step) :: Entropy : 0.000 :: Grads : []
660 :: Rewards 6763.976 :: steps: 1.00 :: Time: 2.692(2.69185/step) :: Entropy : 0.000 :: Grads : []
670 :: Rewards 6973.486 :: steps: 1.00 :: Time: 2.673(2.67303/step) :: Entropy : 0.000 :: Grads : []
680 :: Rewards 7179.380 :: steps: 1.00 :: Time: 2.687(2.68740/step) :: Entropy : 0.000 :: Grads : []
690 :: Rewards 7351.735 :: steps: 1.00 :: Time: 2.719(2.71850/step) :: Entropy : 0.000 :: Grads : []
700 :: Rewards 7522.960 :: steps: 1.00 :: Time: 2.701(2.70106/step) :: Entropy : 0.000 :: Grads : []
710 :: Rewards 7636.962 :: steps: 1.00 :: Time: 2.716(2.71650/step) :: Entropy : 0.000 :: Grads : []
720 :: Rewards 7765.251 :: steps: 1.00 :: Time: 2.684(2.68419/step) :: Entropy : 0.000 :: Grads : []
730 :: Rewards 7902.375 :: steps: 1.00 :: Time: 2.706(2.70567/step) :: Entropy : 0.000 :: Grads : []
740 :: Rewards 8025.568 :: steps: 1.00 :: Time: 2.685(2.68508/step) :: Entropy : 0.000 :: Grads : []
750 :: Rewards 8142.487 :: steps: 1.00 :: Time: 2.693(2.69294/step) :: Entropy : 0.000 :: Grads : []
760 :: Rewards 8176.037 :: steps: 1.00 :: Time: 2.683(2.68260/step) :: Entropy : 0.000 :: Grads : []
770 :: Rewards 8184.629 :: steps: 1.00 :: Time: 2.703(2.70271/step) :: Entropy : 0.000 :: Grads : []
780 :: Rewards 8182.072 :: steps: 1.00 :: Time: 2.720(2.72004/step) :: Entropy : 0.000 :: Grads : []
790 :: Rewards 8198.252 :: steps: 1.00 :: Time: 2.709(2.70915/step) :: Entropy : 0.000 :: Grads : []
800 :: Rewards 8225.692 :: steps: 1.00 :: Time: 2.679(2.67913/step) :: Entropy : 0.000 :: Grads : []
810 :: Rewards 8272.451 :: steps: 1.00 :: Time: 2.681(2.68064/step) :: Entropy : 0.000 :: Grads : []
820 :: Rewards 8343.492 :: steps: 1.00 :: Time: 2.712(2.71174/step) :: Entropy : 0.000 :: Grads : []
830 :: Rewards 8437.961 :: steps: 1.00 :: Time: 2.691(2.69071/step) :: Entropy : 0.000 :: Grads : []
840 :: Rewards 8570.271 :: steps: 1.00 :: Time: 2.699(2.69925/step) :: Entropy : 0.000 :: Grads : []
850 :: Rewards 8724.793 :: steps: 1.00 :: Time: 2.700(2.70030/step) :: Entropy : 0.000 :: Grads : []
860 :: Rewards 8902.480 :: steps: 1.00 :: Time: 2.683(2.68293/step) :: Entropy : 0.000 :: Grads : []
870 :: Rewards 9090.174 :: steps: 1.00 :: Time: 2.682(2.68175/step) :: Entropy : 0.000 :: Grads : []
880 :: Rewards 9218.723 :: steps: 1.00 :: Time: 2.719(2.71862/step) :: Entropy : 0.000 :: Grads : []
890 :: Rewards 9390.478 :: steps: 1.00 :: Time: 2.705(2.70503/step) :: Entropy : 0.000 :: Grads : []
900 :: Rewards 9613.373 :: steps: 1.00 :: Time: 2.684(2.68436/step) :: Entropy : 0.000 :: Grads : []
910 :: Rewards 9867.822 :: steps: 1.00 :: Time: 2.691(2.69126/step) :: Entropy : 0.000 :: Grads : []
920 :: Rewards 10080.963 :: steps: 1.00 :: Time: 2.681(2.68071/step) :: Entropy : 0.000 :: Grads : []
930 :: Rewards 10273.790 :: steps: 1.00 :: Time: 2.696(2.69552/step) :: Entropy : 0.000 :: Grads : []
940 :: Rewards 10466.165 :: steps: 1.00 :: Time: 2.693(2.69278/step) :: Entropy : 0.000 :: Grads : []
950 :: Rewards 10664.470 :: steps: 1.00 :: Time: 2.699(2.69901/step) :: Entropy : 0.000 :: Grads : []
960 :: Rewards 10802.813 :: steps: 1.00 :: Time: 2.715(2.71501/step) :: Entropy : 0.000 :: Grads : []
970 :: Rewards 10971.979 :: steps: 1.00 :: Time: 2.704(2.70417/step) :: Entropy : 0.000 :: Grads : []
980 :: Rewards 11157.566 :: steps: 1.00 :: Time: 2.702(2.70226/step) :: Entropy : 0.000 :: Grads : []
990 :: Rewards 11314.323 :: steps: 1.00 :: Time: 2.722(2.72224/step) :: Entropy : 0.000 :: Grads : []
999 :: Rewards 11420.376 :: steps: 0.90 :: Time: 2.459(2.73170/step) :: Entropy : 0.000 :: Grads : []
Total time taken: 2700.686993122101
