Module path:  Environments.NS_Reco NS_Reco
Dynamically loaded from:  <class 'Environments.NS_Reco.NS_Reco'>
Reward Amplitudes: [4.17022005e-01 7.20324493e-01 1.14374817e-04 3.02332573e-01
 1.46755891e-01] :: Avg 0.317309867282206 
Module path:  Src.Algorithms.ProOLS ProOLS
Dynamically loaded from:  <class 'Src.Algorithms.ProOLS.ProOLS'>
=====Configurations=====
 Namespace(NN_basis_dim='32', Policy_basis_dim='32', actor_lr=0.006528973986480399, algo_name='ProOLS', base=0, batch_size=1000, buffer_size=1000, debug=False, delta=1, entropy_lambda=0.03442646767804006, env_name='NS_Reco', experiment='NS_3_', extrapolator_basis='Fourier', folder_suffix='Default', fourier_coupled=True, fourier_k=7, fourier_order=3, gamma=0.99, gauss_std=1.5, gpu=0, hyper='default', importance_clip=5.0, inc=1, log_output='term_file', max_episodes=1000, max_inner=30, max_steps=500, optim='rmsprop', oracle=-1, raw_basis=True, restore=False, save_count=100, save_model=True, seed=11, speed=3, state_lr=0.001, summary=True, swarm=False, timestamp='5|24|22:9:50')
Actions space: 5 :: State space: 1
State Low: tensor([0.]) :: State High: tensor([1.])
State features:  [('dummy_param', torch.Size([1]))]
Policy:  [('fc1.weight', torch.Size([5, 1])), ('fc1.bias', torch.Size([5]))]
0 :: Rewards -0.003 :: steps: 0.10 :: Time: 0.000(0.00063/step) :: Entropy : 0.000 :: Grads : []
10 :: Rewards 0.278 :: steps: 1.00 :: Time: 0.006(0.00582/step) :: Entropy : 0.000 :: Grads : []
20 :: Rewards 1.350 :: steps: 1.00 :: Time: 0.014(0.01393/step) :: Entropy : 0.000 :: Grads : []
30 :: Rewards 3.173 :: steps: 1.00 :: Time: 0.014(0.01397/step) :: Entropy : 0.000 :: Grads : []
40 :: Rewards 5.476 :: steps: 1.00 :: Time: 0.013(0.01332/step) :: Entropy : 0.000 :: Grads : []
50 :: Rewards 8.636 :: steps: 1.00 :: Time: 0.014(0.01355/step) :: Entropy : 0.000 :: Grads : []
60 :: Rewards 10.999 :: steps: 1.00 :: Time: 0.014(0.01363/step) :: Entropy : 0.000 :: Grads : []
70 :: Rewards 12.547 :: steps: 1.00 :: Time: 0.014(0.01384/step) :: Entropy : 0.000 :: Grads : []
80 :: Rewards 17.068 :: steps: 1.00 :: Time: 0.014(0.01406/step) :: Entropy : 0.000 :: Grads : []
90 :: Rewards 22.371 :: steps: 1.00 :: Time: 0.014(0.01402/step) :: Entropy : 0.000 :: Grads : []
100 :: Rewards 27.707 :: steps: 1.00 :: Time: 0.014(0.01415/step) :: Entropy : 0.000 :: Grads : []
110 :: Rewards 34.182 :: steps: 1.00 :: Time: 0.014(0.01428/step) :: Entropy : 0.000 :: Grads : []
120 :: Rewards 41.014 :: steps: 1.00 :: Time: 0.014(0.01447/step) :: Entropy : 0.000 :: Grads : []
130 :: Rewards 48.067 :: steps: 1.00 :: Time: 0.015(0.01458/step) :: Entropy : 0.000 :: Grads : []
140 :: Rewards 55.163 :: steps: 1.00 :: Time: 0.015(0.01477/step) :: Entropy : 0.000 :: Grads : []
150 :: Rewards 62.336 :: steps: 1.00 :: Time: 0.015(0.01478/step) :: Entropy : 0.000 :: Grads : []
160 :: Rewards 69.479 :: steps: 1.00 :: Time: 0.015(0.01483/step) :: Entropy : 0.000 :: Grads : []
170 :: Rewards 76.532 :: steps: 1.00 :: Time: 0.015(0.01507/step) :: Entropy : 0.000 :: Grads : []
180 :: Rewards 83.386 :: steps: 1.00 :: Time: 0.015(0.01509/step) :: Entropy : 0.000 :: Grads : []
190 :: Rewards 89.926 :: steps: 1.00 :: Time: 0.015(0.01522/step) :: Entropy : 0.000 :: Grads : []
200 :: Rewards 96.148 :: steps: 1.00 :: Time: 0.015(0.01542/step) :: Entropy : 0.000 :: Grads : []
210 :: Rewards 101.917 :: steps: 1.00 :: Time: 0.016(0.01558/step) :: Entropy : 0.000 :: Grads : []
220 :: Rewards 107.233 :: steps: 1.00 :: Time: 0.016(0.01568/step) :: Entropy : 0.000 :: Grads : []
230 :: Rewards 111.972 :: steps: 1.00 :: Time: 0.016(0.01563/step) :: Entropy : 0.000 :: Grads : []
240 :: Rewards 116.113 :: steps: 1.00 :: Time: 0.016(0.01575/step) :: Entropy : 0.000 :: Grads : []
250 :: Rewards 119.631 :: steps: 1.00 :: Time: 0.016(0.01597/step) :: Entropy : 0.000 :: Grads : []
260 :: Rewards 122.467 :: steps: 1.00 :: Time: 0.016(0.01627/step) :: Entropy : 0.000 :: Grads : []
270 :: Rewards 124.545 :: steps: 1.00 :: Time: 0.017(0.01651/step) :: Entropy : 0.000 :: Grads : []
280 :: Rewards 125.879 :: steps: 1.00 :: Time: 0.017(0.01669/step) :: Entropy : 0.000 :: Grads : []
290 :: Rewards 126.456 :: steps: 1.00 :: Time: 0.017(0.01673/step) :: Entropy : 0.000 :: Grads : []
300 :: Rewards 128.079 :: steps: 1.00 :: Time: 0.017(0.01702/step) :: Entropy : 0.000 :: Grads : []
310 :: Rewards 129.627 :: steps: 1.00 :: Time: 0.017(0.01735/step) :: Entropy : 0.000 :: Grads : []
320 :: Rewards 131.275 :: steps: 1.00 :: Time: 0.018(0.01754/step) :: Entropy : 0.000 :: Grads : []
330 :: Rewards 132.665 :: steps: 1.00 :: Time: 0.018(0.01779/step) :: Entropy : 0.000 :: Grads : []
340 :: Rewards 133.880 :: steps: 1.00 :: Time: 0.018(0.01822/step) :: Entropy : 0.000 :: Grads : []
350 :: Rewards 134.875 :: steps: 1.00 :: Time: 0.018(0.01816/step) :: Entropy : 0.000 :: Grads : []
360 :: Rewards 135.171 :: steps: 1.00 :: Time: 0.018(0.01846/step) :: Entropy : 0.000 :: Grads : []
370 :: Rewards 135.711 :: steps: 1.00 :: Time: 0.019(0.01866/step) :: Entropy : 0.000 :: Grads : []
380 :: Rewards 136.033 :: steps: 1.00 :: Time: 0.019(0.01892/step) :: Entropy : 0.000 :: Grads : []
390 :: Rewards 136.750 :: steps: 1.00 :: Time: 0.019(0.01922/step) :: Entropy : 0.000 :: Grads : []
400 :: Rewards 137.489 :: steps: 1.00 :: Time: 0.019(0.01930/step) :: Entropy : 0.000 :: Grads : []
410 :: Rewards 138.038 :: steps: 1.00 :: Time: 0.020(0.01953/step) :: Entropy : 0.000 :: Grads : []
420 :: Rewards 137.934 :: steps: 1.00 :: Time: 0.020(0.02011/step) :: Entropy : 0.000 :: Grads : []
430 :: Rewards 138.578 :: steps: 1.00 :: Time: 0.020(0.02018/step) :: Entropy : 0.000 :: Grads : []
440 :: Rewards 139.045 :: steps: 1.00 :: Time: 0.020(0.02024/step) :: Entropy : 0.000 :: Grads : []
450 :: Rewards 139.201 :: steps: 1.00 :: Time: 0.021(0.02057/step) :: Entropy : 0.000 :: Grads : []
460 :: Rewards 139.460 :: steps: 1.00 :: Time: 0.021(0.02072/step) :: Entropy : 0.000 :: Grads : []
470 :: Rewards 138.369 :: steps: 1.00 :: Time: 0.021(0.02062/step) :: Entropy : 0.000 :: Grads : []
480 :: Rewards 138.240 :: steps: 1.00 :: Time: 0.021(0.02062/step) :: Entropy : 0.000 :: Grads : []
490 :: Rewards 138.272 :: steps: 1.00 :: Time: 0.021(0.02096/step) :: Entropy : 0.000 :: Grads : []
500 :: Rewards 138.258 :: steps: 1.00 :: Time: 0.021(0.02090/step) :: Entropy : 0.000 :: Grads : []
510 :: Rewards 137.484 :: steps: 1.00 :: Time: 0.021(0.02129/step) :: Entropy : 0.000 :: Grads : []
520 :: Rewards 136.471 :: steps: 1.00 :: Time: 0.022(0.02161/step) :: Entropy : 0.000 :: Grads : []
530 :: Rewards 136.138 :: steps: 1.00 :: Time: 0.022(0.02153/step) :: Entropy : 0.000 :: Grads : []
540 :: Rewards 135.075 :: steps: 1.00 :: Time: 0.022(0.02170/step) :: Entropy : 0.000 :: Grads : []
550 :: Rewards 135.084 :: steps: 1.00 :: Time: 0.022(0.02174/step) :: Entropy : 0.000 :: Grads : []
560 :: Rewards 134.955 :: steps: 1.00 :: Time: 0.022(0.02191/step) :: Entropy : 0.000 :: Grads : []
570 :: Rewards 134.550 :: steps: 1.00 :: Time: 0.022(0.02210/step) :: Entropy : 0.000 :: Grads : []
580 :: Rewards 134.091 :: steps: 1.00 :: Time: 0.022(0.02235/step) :: Entropy : 0.000 :: Grads : []
590 :: Rewards 133.633 :: steps: 1.00 :: Time: 0.022(0.02223/step) :: Entropy : 0.000 :: Grads : []
600 :: Rewards 133.237 :: steps: 1.00 :: Time: 0.022(0.02239/step) :: Entropy : 0.000 :: Grads : []
610 :: Rewards 132.675 :: steps: 1.00 :: Time: 0.023(0.02255/step) :: Entropy : 0.000 :: Grads : []
620 :: Rewards 133.199 :: steps: 1.00 :: Time: 0.023(0.02261/step) :: Entropy : 0.000 :: Grads : []
630 :: Rewards 135.648 :: steps: 1.00 :: Time: 0.023(0.02273/step) :: Entropy : 0.000 :: Grads : []
640 :: Rewards 138.575 :: steps: 1.00 :: Time: 0.023(0.02293/step) :: Entropy : 0.000 :: Grads : []
650 :: Rewards 142.889 :: steps: 1.00 :: Time: 0.023(0.02304/step) :: Entropy : 0.000 :: Grads : []
660 :: Rewards 147.756 :: steps: 1.00 :: Time: 0.023(0.02303/step) :: Entropy : 0.000 :: Grads : []
670 :: Rewards 153.207 :: steps: 1.00 :: Time: 0.023(0.02331/step) :: Entropy : 0.000 :: Grads : []
680 :: Rewards 159.120 :: steps: 1.00 :: Time: 0.023(0.02342/step) :: Entropy : 0.000 :: Grads : []
690 :: Rewards 165.402 :: steps: 1.00 :: Time: 0.024(0.02353/step) :: Entropy : 0.000 :: Grads : []
700 :: Rewards 172.083 :: steps: 1.00 :: Time: 0.023(0.02336/step) :: Entropy : 0.000 :: Grads : []
710 :: Rewards 178.990 :: steps: 1.00 :: Time: 0.024(0.02387/step) :: Entropy : 0.000 :: Grads : []
720 :: Rewards 186.098 :: steps: 1.00 :: Time: 0.024(0.02383/step) :: Entropy : 0.000 :: Grads : []
730 :: Rewards 193.258 :: steps: 1.00 :: Time: 0.024(0.02372/step) :: Entropy : 0.000 :: Grads : []
740 :: Rewards 200.466 :: steps: 1.00 :: Time: 0.024(0.02383/step) :: Entropy : 0.000 :: Grads : []
750 :: Rewards 207.627 :: steps: 1.00 :: Time: 0.024(0.02385/step) :: Entropy : 0.000 :: Grads : []
760 :: Rewards 214.620 :: steps: 1.00 :: Time: 0.024(0.02410/step) :: Entropy : 0.000 :: Grads : []
770 :: Rewards 221.344 :: steps: 1.00 :: Time: 0.024(0.02438/step) :: Entropy : 0.000 :: Grads : []
780 :: Rewards 227.812 :: steps: 1.00 :: Time: 0.025(0.02470/step) :: Entropy : 0.000 :: Grads : []
790 :: Rewards 233.858 :: steps: 1.00 :: Time: 0.025(0.02463/step) :: Entropy : 0.000 :: Grads : []
800 :: Rewards 239.462 :: steps: 1.00 :: Time: 0.025(0.02511/step) :: Entropy : 0.000 :: Grads : []
810 :: Rewards 244.530 :: steps: 1.00 :: Time: 0.026(0.02558/step) :: Entropy : 0.000 :: Grads : []
820 :: Rewards 248.991 :: steps: 1.00 :: Time: 0.026(0.02566/step) :: Entropy : 0.000 :: Grads : []
830 :: Rewards 252.849 :: steps: 1.00 :: Time: 0.026(0.02589/step) :: Entropy : 0.000 :: Grads : []
840 :: Rewards 256.069 :: steps: 1.00 :: Time: 0.026(0.02599/step) :: Entropy : 0.000 :: Grads : []
850 :: Rewards 258.570 :: steps: 1.00 :: Time: 0.026(0.02608/step) :: Entropy : 0.000 :: Grads : []
860 :: Rewards 260.354 :: steps: 1.00 :: Time: 0.026(0.02561/step) :: Entropy : 0.000 :: Grads : []
870 :: Rewards 261.546 :: steps: 1.00 :: Time: 0.026(0.02558/step) :: Entropy : 0.000 :: Grads : []
880 :: Rewards 262.736 :: steps: 1.00 :: Time: 0.026(0.02574/step) :: Entropy : 0.000 :: Grads : []
890 :: Rewards 264.620 :: steps: 1.00 :: Time: 0.026(0.02582/step) :: Entropy : 0.000 :: Grads : []
900 :: Rewards 267.252 :: steps: 1.00 :: Time: 0.029(0.02871/step) :: Entropy : 0.000 :: Grads : []
910 :: Rewards 269.959 :: steps: 1.00 :: Time: 0.026(0.02605/step) :: Entropy : 0.000 :: Grads : []
920 :: Rewards 272.756 :: steps: 1.00 :: Time: 0.026(0.02644/step) :: Entropy : 0.000 :: Grads : []
930 :: Rewards 275.665 :: steps: 1.00 :: Time: 0.026(0.02638/step) :: Entropy : 0.000 :: Grads : []
940 :: Rewards 278.629 :: steps: 1.00 :: Time: 0.026(0.02611/step) :: Entropy : 0.000 :: Grads : []
950 :: Rewards 281.601 :: steps: 1.00 :: Time: 0.027(0.02661/step) :: Entropy : 0.000 :: Grads : []
960 :: Rewards 284.605 :: steps: 1.00 :: Time: 0.027(0.02664/step) :: Entropy : 0.000 :: Grads : []
970 :: Rewards 287.640 :: steps: 1.00 :: Time: 0.026(0.02646/step) :: Entropy : 0.000 :: Grads : []
980 :: Rewards 290.646 :: steps: 1.00 :: Time: 0.027(0.02659/step) :: Entropy : 0.000 :: Grads : []
990 :: Rewards 293.589 :: steps: 1.00 :: Time: 0.023(0.02301/step) :: Entropy : 0.000 :: Grads : []
999 :: Rewards 296.192 :: steps: 0.90 :: Time: 0.020(0.02242/step) :: Entropy : 0.000 :: Grads : []
Total time taken: 20.420963048934937
