Module path:  Environments.NS_Reco NS_Reco
Dynamically loaded from:  <class 'Environments.NS_Reco.NS_Reco'>
Reward Amplitudes: [4.17022005e-01 7.20324493e-01 1.14374817e-04 3.02332573e-01
 1.46755891e-01] :: Avg 0.317309867282206 
Module path:  Src.Algorithms.ProWLS ProWLS
Dynamically loaded from:  <class 'Src.Algorithms.ProWLS.ProWLS'>
=====Configurations=====
 Namespace(NN_basis_dim='32', Policy_basis_dim='32', actor_lr=0.0037403051736555927, algo_name='ProWLS', base=0, batch_size=1000, buffer_size=1000, debug=False, delta=3, entropy_lambda=0.041755411764967935, env_name='NS_Reco', experiment='NS_4_', extrapolator_basis='Fourier', folder_suffix='Default', fourier_coupled=True, fourier_k=7, fourier_order=3, gamma=0.99, gauss_std=1.5, gpu=0, hyper='default', importance_clip=5.0, inc=1, log_output='term_file', max_episodes=1000, max_inner=60, max_steps=500, optim='rmsprop', oracle=-1, raw_basis=True, restore=False, save_count=100, save_model=True, seed=15, speed=4, state_lr=0.001, summary=True, swarm=False, timestamp='5|24|22:55:16')
Actions space: 5 :: State space: 1
State Low: tensor([0.]) :: State High: tensor([1.])
State features:  [('dummy_param', torch.Size([1]))]
Policy:  [('fc1.weight', torch.Size([5, 1])), ('fc1.bias', torch.Size([5]))]
0 :: Rewards -0.003 :: steps: 0.10 :: Time: 0.000(0.00062/step) :: Entropy : 0.000 :: Grads : []
10 :: Rewards 0.359 :: steps: 1.00 :: Time: 0.004(0.00385/step) :: Entropy : 0.000 :: Grads : []
20 :: Rewards 1.208 :: steps: 1.00 :: Time: 0.015(0.01461/step) :: Entropy : 0.000 :: Grads : []
30 :: Rewards 2.316 :: steps: 1.00 :: Time: 0.011(0.01136/step) :: Entropy : 0.000 :: Grads : []
40 :: Rewards 3.336 :: steps: 1.00 :: Time: 0.011(0.01088/step) :: Entropy : 0.000 :: Grads : []
50 :: Rewards 5.010 :: steps: 1.00 :: Time: 0.015(0.01471/step) :: Entropy : 0.000 :: Grads : []
60 :: Rewards 8.634 :: steps: 1.00 :: Time: 0.011(0.01117/step) :: Entropy : 0.000 :: Grads : []
70 :: Rewards 14.103 :: steps: 1.00 :: Time: 0.012(0.01154/step) :: Entropy : 0.000 :: Grads : []
80 :: Rewards 19.093 :: steps: 1.00 :: Time: 0.015(0.01548/step) :: Entropy : 0.000 :: Grads : []
90 :: Rewards 24.522 :: steps: 1.00 :: Time: 0.012(0.01195/step) :: Entropy : 0.000 :: Grads : []
100 :: Rewards 29.935 :: steps: 1.00 :: Time: 0.012(0.01208/step) :: Entropy : 0.000 :: Grads : []
110 :: Rewards 35.762 :: steps: 1.00 :: Time: 0.016(0.01630/step) :: Entropy : 0.000 :: Grads : []
120 :: Rewards 42.635 :: steps: 1.00 :: Time: 0.013(0.01264/step) :: Entropy : 0.000 :: Grads : []
130 :: Rewards 48.255 :: steps: 1.00 :: Time: 0.013(0.01292/step) :: Entropy : 0.000 :: Grads : []
140 :: Rewards 54.103 :: steps: 1.00 :: Time: 0.017(0.01731/step) :: Entropy : 0.000 :: Grads : []
150 :: Rewards 59.968 :: steps: 1.00 :: Time: 0.013(0.01323/step) :: Entropy : 0.000 :: Grads : []
160 :: Rewards 65.486 :: steps: 1.00 :: Time: 0.014(0.01350/step) :: Entropy : 0.000 :: Grads : []
170 :: Rewards 70.307 :: steps: 1.00 :: Time: 0.019(0.01861/step) :: Entropy : 0.000 :: Grads : []
180 :: Rewards 73.226 :: steps: 1.00 :: Time: 0.014(0.01449/step) :: Entropy : 0.000 :: Grads : []
190 :: Rewards 76.647 :: steps: 1.00 :: Time: 0.016(0.01567/step) :: Entropy : 0.000 :: Grads : []
200 :: Rewards 79.378 :: steps: 1.00 :: Time: 0.021(0.02126/step) :: Entropy : 0.000 :: Grads : []
210 :: Rewards 82.141 :: steps: 1.00 :: Time: 0.017(0.01656/step) :: Entropy : 0.000 :: Grads : []
220 :: Rewards 84.330 :: steps: 1.00 :: Time: 0.017(0.01707/step) :: Entropy : 0.000 :: Grads : []
230 :: Rewards 86.037 :: steps: 1.00 :: Time: 0.023(0.02327/step) :: Entropy : 0.000 :: Grads : []
240 :: Rewards 87.856 :: steps: 1.00 :: Time: 0.018(0.01795/step) :: Entropy : 0.000 :: Grads : []
250 :: Rewards 89.508 :: steps: 1.00 :: Time: 0.018(0.01846/step) :: Entropy : 0.000 :: Grads : []
260 :: Rewards 90.687 :: steps: 1.00 :: Time: 0.025(0.02515/step) :: Entropy : 0.000 :: Grads : []
270 :: Rewards 90.020 :: steps: 1.00 :: Time: 0.019(0.01935/step) :: Entropy : 0.000 :: Grads : []
280 :: Rewards 90.565 :: steps: 1.00 :: Time: 0.020(0.01974/step) :: Entropy : 0.000 :: Grads : []
290 :: Rewards 91.053 :: steps: 1.00 :: Time: 0.027(0.02660/step) :: Entropy : 0.000 :: Grads : []
300 :: Rewards 91.391 :: steps: 1.00 :: Time: 0.021(0.02058/step) :: Entropy : 0.000 :: Grads : []
310 :: Rewards 91.943 :: steps: 1.00 :: Time: 0.021(0.02131/step) :: Entropy : 0.000 :: Grads : []
320 :: Rewards 92.473 :: steps: 1.00 :: Time: 0.029(0.02888/step) :: Entropy : 0.000 :: Grads : []
330 :: Rewards 93.028 :: steps: 1.00 :: Time: 0.022(0.02226/step) :: Entropy : 0.000 :: Grads : []
340 :: Rewards 93.324 :: steps: 1.00 :: Time: 0.024(0.02354/step) :: Entropy : 0.000 :: Grads : []
350 :: Rewards 92.059 :: steps: 1.00 :: Time: 0.031(0.03080/step) :: Entropy : 0.000 :: Grads : []
360 :: Rewards 90.191 :: steps: 1.00 :: Time: 0.023(0.02325/step) :: Entropy : 0.000 :: Grads : []
370 :: Rewards 89.793 :: steps: 1.00 :: Time: 0.024(0.02416/step) :: Entropy : 0.000 :: Grads : []
380 :: Rewards 89.551 :: steps: 1.00 :: Time: 0.033(0.03311/step) :: Entropy : 0.000 :: Grads : []
390 :: Rewards 89.470 :: steps: 1.00 :: Time: 0.026(0.02557/step) :: Entropy : 0.000 :: Grads : []
400 :: Rewards 89.331 :: steps: 1.00 :: Time: 0.026(0.02563/step) :: Entropy : 0.000 :: Grads : []
410 :: Rewards 88.607 :: steps: 1.00 :: Time: 0.035(0.03499/step) :: Entropy : 0.000 :: Grads : []
420 :: Rewards 87.324 :: steps: 1.00 :: Time: 0.027(0.02694/step) :: Entropy : 0.000 :: Grads : []
430 :: Rewards 87.208 :: steps: 1.00 :: Time: 0.028(0.02784/step) :: Entropy : 0.000 :: Grads : []
440 :: Rewards 87.139 :: steps: 1.00 :: Time: 0.038(0.03751/step) :: Entropy : 0.000 :: Grads : []
450 :: Rewards 87.222 :: steps: 1.00 :: Time: 0.028(0.02847/step) :: Entropy : 0.000 :: Grads : []
460 :: Rewards 87.866 :: steps: 1.00 :: Time: 0.029(0.02917/step) :: Entropy : 0.000 :: Grads : []
470 :: Rewards 90.171 :: steps: 1.00 :: Time: 0.040(0.03985/step) :: Entropy : 0.000 :: Grads : []
480 :: Rewards 91.822 :: steps: 1.00 :: Time: 0.031(0.03072/step) :: Entropy : 0.000 :: Grads : []
490 :: Rewards 96.263 :: steps: 1.00 :: Time: 0.032(0.03216/step) :: Entropy : 0.000 :: Grads : []
500 :: Rewards 100.311 :: steps: 1.00 :: Time: 0.044(0.04380/step) :: Entropy : 0.000 :: Grads : []
510 :: Rewards 105.310 :: steps: 1.00 :: Time: 0.034(0.03360/step) :: Entropy : 0.000 :: Grads : []
520 :: Rewards 111.679 :: steps: 1.00 :: Time: 0.035(0.03469/step) :: Entropy : 0.000 :: Grads : []
530 :: Rewards 117.631 :: steps: 1.00 :: Time: 0.047(0.04670/step) :: Entropy : 0.000 :: Grads : []
540 :: Rewards 123.897 :: steps: 1.00 :: Time: 0.036(0.03582/step) :: Entropy : 0.000 :: Grads : []
550 :: Rewards 129.660 :: steps: 1.00 :: Time: 0.037(0.03703/step) :: Entropy : 0.000 :: Grads : []
560 :: Rewards 135.933 :: steps: 1.00 :: Time: 0.050(0.04992/step) :: Entropy : 0.000 :: Grads : []
570 :: Rewards 141.487 :: steps: 1.00 :: Time: 0.038(0.03843/step) :: Entropy : 0.000 :: Grads : []
580 :: Rewards 146.566 :: steps: 1.00 :: Time: 0.039(0.03936/step) :: Entropy : 0.000 :: Grads : []
590 :: Rewards 152.820 :: steps: 1.00 :: Time: 0.054(0.05359/step) :: Entropy : 0.000 :: Grads : []
600 :: Rewards 158.491 :: steps: 1.00 :: Time: 0.041(0.04074/step) :: Entropy : 0.000 :: Grads : []
610 :: Rewards 163.455 :: steps: 1.00 :: Time: 0.042(0.04187/step) :: Entropy : 0.000 :: Grads : []
620 :: Rewards 167.597 :: steps: 1.00 :: Time: 0.057(0.05674/step) :: Entropy : 0.000 :: Grads : []
630 :: Rewards 170.757 :: steps: 1.00 :: Time: 0.043(0.04329/step) :: Entropy : 0.000 :: Grads : []
640 :: Rewards 173.085 :: steps: 1.00 :: Time: 0.045(0.04453/step) :: Entropy : 0.000 :: Grads : []
650 :: Rewards 174.439 :: steps: 1.00 :: Time: 0.060(0.06023/step) :: Entropy : 0.000 :: Grads : []
660 :: Rewards 176.269 :: steps: 1.00 :: Time: 0.046(0.04644/step) :: Entropy : 0.000 :: Grads : []
670 :: Rewards 178.509 :: steps: 1.00 :: Time: 0.048(0.04777/step) :: Entropy : 0.000 :: Grads : []
680 :: Rewards 180.984 :: steps: 1.00 :: Time: 0.065(0.06469/step) :: Entropy : 0.000 :: Grads : []
690 :: Rewards 184.297 :: steps: 1.00 :: Time: 0.051(0.05084/step) :: Entropy : 0.000 :: Grads : []
700 :: Rewards 188.373 :: steps: 1.00 :: Time: 0.049(0.04896/step) :: Entropy : 0.000 :: Grads : []
710 :: Rewards 192.041 :: steps: 1.00 :: Time: 0.069(0.06861/step) :: Entropy : 0.000 :: Grads : []
720 :: Rewards 196.237 :: steps: 1.00 :: Time: 0.051(0.05060/step) :: Entropy : 0.000 :: Grads : []
730 :: Rewards 199.447 :: steps: 1.00 :: Time: 0.052(0.05170/step) :: Entropy : 0.000 :: Grads : []
740 :: Rewards 203.489 :: steps: 1.00 :: Time: 0.070(0.06998/step) :: Entropy : 0.000 :: Grads : []
750 :: Rewards 207.138 :: steps: 1.00 :: Time: 0.053(0.05282/step) :: Entropy : 0.000 :: Grads : []
760 :: Rewards 210.423 :: steps: 1.00 :: Time: 0.055(0.05506/step) :: Entropy : 0.000 :: Grads : []
770 :: Rewards 213.247 :: steps: 1.00 :: Time: 0.077(0.07670/step) :: Entropy : 0.000 :: Grads : []
780 :: Rewards 213.114 :: steps: 1.00 :: Time: 0.059(0.05863/step) :: Entropy : 0.000 :: Grads : []
790 :: Rewards 215.138 :: steps: 1.00 :: Time: 0.061(0.06120/step) :: Entropy : 0.000 :: Grads : []
800 :: Rewards 216.875 :: steps: 1.00 :: Time: 0.082(0.08215/step) :: Entropy : 0.000 :: Grads : []
810 :: Rewards 219.080 :: steps: 1.00 :: Time: 0.064(0.06377/step) :: Entropy : 0.000 :: Grads : []
820 :: Rewards 219.303 :: steps: 1.00 :: Time: 0.065(0.06518/step) :: Entropy : 0.000 :: Grads : []
830 :: Rewards 220.658 :: steps: 1.00 :: Time: 0.089(0.08904/step) :: Entropy : 0.000 :: Grads : []
840 :: Rewards 221.578 :: steps: 1.00 :: Time: 0.068(0.06823/step) :: Entropy : 0.000 :: Grads : []
850 :: Rewards 222.256 :: steps: 1.00 :: Time: 0.070(0.07035/step) :: Entropy : 0.000 :: Grads : []
860 :: Rewards 223.156 :: steps: 1.00 :: Time: 0.094(0.09445/step) :: Entropy : 0.000 :: Grads : []
870 :: Rewards 224.340 :: steps: 1.00 :: Time: 0.072(0.07211/step) :: Entropy : 0.000 :: Grads : []
880 :: Rewards 225.684 :: steps: 1.00 :: Time: 0.074(0.07404/step) :: Entropy : 0.000 :: Grads : []
890 :: Rewards 226.662 :: steps: 1.00 :: Time: 0.102(0.10185/step) :: Entropy : 0.000 :: Grads : []
900 :: Rewards 227.777 :: steps: 1.00 :: Time: 0.077(0.07680/step) :: Entropy : 0.000 :: Grads : []
910 :: Rewards 229.227 :: steps: 1.00 :: Time: 0.078(0.07800/step) :: Entropy : 0.000 :: Grads : []
920 :: Rewards 230.719 :: steps: 1.00 :: Time: 0.102(0.10206/step) :: Entropy : 0.000 :: Grads : []
930 :: Rewards 232.057 :: steps: 1.00 :: Time: 0.078(0.07765/step) :: Entropy : 0.000 :: Grads : []
940 :: Rewards 233.778 :: steps: 1.00 :: Time: 0.080(0.08027/step) :: Entropy : 0.000 :: Grads : []
950 :: Rewards 237.813 :: steps: 1.00 :: Time: 0.112(0.11151/step) :: Entropy : 0.000 :: Grads : []
960 :: Rewards 244.213 :: steps: 1.00 :: Time: 0.085(0.08491/step) :: Entropy : 0.000 :: Grads : []
970 :: Rewards 251.027 :: steps: 1.00 :: Time: 0.087(0.08733/step) :: Entropy : 0.000 :: Grads : []
980 :: Rewards 258.102 :: steps: 1.00 :: Time: 0.118(0.11775/step) :: Entropy : 0.000 :: Grads : []
990 :: Rewards 265.279 :: steps: 1.00 :: Time: 0.090(0.08987/step) :: Entropy : 0.000 :: Grads : []
999 :: Rewards 271.696 :: steps: 0.90 :: Time: 0.092(0.10168/step) :: Entropy : 0.000 :: Grads : []
Total time taken: 43.142109870910645
