Module path:  Environments.NS_Reco NS_Reco
Dynamically loaded from:  <class 'Environments.NS_Reco.NS_Reco'>
Reward Amplitudes: [4.17022005e-01 7.20324493e-01 1.14374817e-04 3.02332573e-01
 1.46755891e-01] :: Avg 0.317309867282206 
Module path:  Src.Algorithms.OFPG OFPG
Dynamically loaded from:  <class 'Src.Algorithms.OFPG.OFPG'>
=====Configurations=====
 Namespace(NN_basis_dim='32', Policy_basis_dim='32', actor_lr=0.0021758107191788777, algo_name='OFPG', base=0, batch_size=1000, buffer_size=1000, debug=False, delta=5, entropy_lambda=0.0820027845863337, env_name='NS_Reco', experiment='NS_2r_', extrapolator_basis='Fourier', folder_suffix='Default', fourier_coupled=True, fourier_k=7, fourier_order=3, gamma=0.99, gauss_std=1.5, gpu=0, hyper='default', importance_clip=15.0, inc=1, log_output='term_file', max_episodes=1000, max_inner=100, max_steps=500, optim='rmsprop', oracle=-1, raw_basis=True, restore=False, save_count=100, save_model=True, seed=11, speed=2, state_lr=0.001, summary=True, swarm=False, timestamp='5|25|11:16:49')
Actions space: 5 :: State space: 1
State Low: tensor([0.]) :: State High: tensor([1.])
State features:  [('dummy_param', torch.Size([1]))]
Policy:  [('fc1.weight', torch.Size([5, 1])), ('fc1.bias', torch.Size([5]))]
0 :: Rewards -0.012 :: steps: 0.10 :: Time: 0.000(0.00103/step) :: Entropy : 0.000 :: Grads : []
10 :: Rewards -0.113 :: steps: 1.00 :: Time: 0.008(0.00836/step) :: Entropy : 0.000 :: Grads : []
20 :: Rewards -0.563 :: steps: 1.00 :: Time: 0.008(0.00828/step) :: Entropy : 0.000 :: Grads : []
30 :: Rewards -1.375 :: steps: 1.00 :: Time: 0.009(0.00895/step) :: Entropy : 0.000 :: Grads : []
40 :: Rewards -2.472 :: steps: 1.00 :: Time: 0.008(0.00830/step) :: Entropy : 0.000 :: Grads : []
50 :: Rewards -3.900 :: steps: 1.00 :: Time: 0.008(0.00815/step) :: Entropy : 0.000 :: Grads : []
60 :: Rewards -4.728 :: steps: 1.00 :: Time: 0.008(0.00822/step) :: Entropy : 0.000 :: Grads : []
70 :: Rewards -6.111 :: steps: 1.00 :: Time: 0.008(0.00842/step) :: Entropy : 0.000 :: Grads : []
80 :: Rewards -7.492 :: steps: 1.00 :: Time: 0.008(0.00842/step) :: Entropy : 0.000 :: Grads : []
90 :: Rewards -8.448 :: steps: 1.00 :: Time: 0.008(0.00847/step) :: Entropy : 0.000 :: Grads : []
100 :: Rewards -9.069 :: steps: 1.00 :: Time: 0.009(0.00850/step) :: Entropy : 0.000 :: Grads : []
110 :: Rewards -9.572 :: steps: 1.00 :: Time: 0.009(0.00858/step) :: Entropy : 0.000 :: Grads : []
120 :: Rewards -10.098 :: steps: 1.00 :: Time: 0.009(0.00866/step) :: Entropy : 0.000 :: Grads : []
130 :: Rewards -10.398 :: steps: 1.00 :: Time: 0.009(0.00871/step) :: Entropy : 0.000 :: Grads : []
140 :: Rewards -11.372 :: steps: 1.00 :: Time: 0.009(0.00893/step) :: Entropy : 0.000 :: Grads : []
150 :: Rewards -11.700 :: steps: 1.00 :: Time: 0.009(0.00898/step) :: Entropy : 0.000 :: Grads : []
160 :: Rewards -12.349 :: steps: 1.00 :: Time: 0.009(0.00905/step) :: Entropy : 0.000 :: Grads : []
170 :: Rewards -12.349 :: steps: 1.00 :: Time: 0.009(0.00929/step) :: Entropy : 0.000 :: Grads : []
180 :: Rewards -12.349 :: steps: 1.00 :: Time: 0.009(0.00916/step) :: Entropy : 0.000 :: Grads : []
190 :: Rewards -12.685 :: steps: 1.00 :: Time: 0.009(0.00924/step) :: Entropy : 0.000 :: Grads : []
200 :: Rewards -12.685 :: steps: 1.00 :: Time: 0.010(0.00951/step) :: Entropy : 0.000 :: Grads : []
210 :: Rewards -13.036 :: steps: 1.00 :: Time: 0.010(0.00959/step) :: Entropy : 0.000 :: Grads : []
220 :: Rewards -13.718 :: steps: 1.00 :: Time: 0.011(0.01117/step) :: Entropy : 0.000 :: Grads : []
230 :: Rewards -14.025 :: steps: 1.00 :: Time: 0.018(0.01801/step) :: Entropy : 0.000 :: Grads : []
240 :: Rewards -14.025 :: steps: 1.00 :: Time: 0.011(0.01100/step) :: Entropy : 0.000 :: Grads : []
250 :: Rewards -14.327 :: steps: 1.00 :: Time: 0.009(0.00950/step) :: Entropy : 0.000 :: Grads : []
260 :: Rewards -14.598 :: steps: 1.00 :: Time: 0.010(0.00959/step) :: Entropy : 0.000 :: Grads : []
270 :: Rewards -14.598 :: steps: 1.00 :: Time: 0.010(0.00987/step) :: Entropy : 0.000 :: Grads : []
280 :: Rewards -14.837 :: steps: 1.00 :: Time: 0.010(0.00964/step) :: Entropy : 0.000 :: Grads : []
290 :: Rewards -14.837 :: steps: 1.00 :: Time: 0.010(0.00979/step) :: Entropy : 0.000 :: Grads : []
300 :: Rewards -14.837 :: steps: 1.00 :: Time: 0.010(0.00982/step) :: Entropy : 0.000 :: Grads : []
310 :: Rewards -14.837 :: steps: 1.00 :: Time: 0.010(0.01001/step) :: Entropy : 0.000 :: Grads : []
320 :: Rewards -14.837 :: steps: 1.00 :: Time: 0.010(0.01007/step) :: Entropy : 0.000 :: Grads : []
330 :: Rewards -14.837 :: steps: 1.00 :: Time: 0.010(0.01037/step) :: Entropy : 0.000 :: Grads : []
340 :: Rewards -14.837 :: steps: 1.00 :: Time: 0.011(0.01057/step) :: Entropy : 0.000 :: Grads : []
350 :: Rewards -14.837 :: steps: 1.00 :: Time: 0.010(0.01050/step) :: Entropy : 0.000 :: Grads : []
360 :: Rewards -14.844 :: steps: 1.00 :: Time: 0.011(0.01059/step) :: Entropy : 0.000 :: Grads : []
370 :: Rewards -15.027 :: steps: 1.00 :: Time: 0.011(0.01065/step) :: Entropy : 0.000 :: Grads : []
380 :: Rewards -15.833 :: steps: 1.00 :: Time: 0.011(0.01073/step) :: Entropy : 0.000 :: Grads : []
390 :: Rewards -16.706 :: steps: 1.00 :: Time: 0.011(0.01082/step) :: Entropy : 0.000 :: Grads : []
400 :: Rewards -17.803 :: steps: 1.00 :: Time: 0.011(0.01090/step) :: Entropy : 0.000 :: Grads : []
410 :: Rewards -19.378 :: steps: 1.00 :: Time: 0.011(0.01112/step) :: Entropy : 0.000 :: Grads : []
420 :: Rewards -21.310 :: steps: 1.00 :: Time: 0.011(0.01142/step) :: Entropy : 0.000 :: Grads : []
430 :: Rewards -23.421 :: steps: 1.00 :: Time: 0.011(0.01130/step) :: Entropy : 0.000 :: Grads : []
440 :: Rewards -25.811 :: steps: 1.00 :: Time: 0.012(0.01191/step) :: Entropy : 0.000 :: Grads : []
450 :: Rewards -28.798 :: steps: 1.00 :: Time: 0.012(0.01187/step) :: Entropy : 0.000 :: Grads : []
460 :: Rewards -31.810 :: steps: 1.00 :: Time: 0.012(0.01160/step) :: Entropy : 0.000 :: Grads : []
470 :: Rewards -35.352 :: steps: 1.00 :: Time: 0.015(0.01459/step) :: Entropy : 0.000 :: Grads : []
480 :: Rewards -38.569 :: steps: 1.00 :: Time: 0.012(0.01176/step) :: Entropy : 0.000 :: Grads : []
490 :: Rewards -42.845 :: steps: 1.00 :: Time: 0.012(0.01160/step) :: Entropy : 0.000 :: Grads : []
500 :: Rewards -45.554 :: steps: 1.00 :: Time: 0.012(0.01166/step) :: Entropy : 0.000 :: Grads : []
510 :: Rewards -50.352 :: steps: 1.00 :: Time: 0.012(0.01173/step) :: Entropy : 0.000 :: Grads : []
520 :: Rewards -54.901 :: steps: 1.00 :: Time: 0.012(0.01191/step) :: Entropy : 0.000 :: Grads : []
530 :: Rewards -59.741 :: steps: 1.00 :: Time: 0.012(0.01195/step) :: Entropy : 0.000 :: Grads : []
540 :: Rewards -63.824 :: steps: 1.00 :: Time: 0.012(0.01201/step) :: Entropy : 0.000 :: Grads : []
550 :: Rewards -68.846 :: steps: 1.00 :: Time: 0.012(0.01238/step) :: Entropy : 0.000 :: Grads : []
560 :: Rewards -74.089 :: steps: 1.00 :: Time: 0.012(0.01215/step) :: Entropy : 0.000 :: Grads : []
570 :: Rewards -78.994 :: steps: 1.00 :: Time: 0.012(0.01221/step) :: Entropy : 0.000 :: Grads : []
580 :: Rewards -85.377 :: steps: 1.00 :: Time: 0.013(0.01260/step) :: Entropy : 0.000 :: Grads : []
590 :: Rewards -90.106 :: steps: 1.00 :: Time: 0.013(0.01266/step) :: Entropy : 0.000 :: Grads : []
600 :: Rewards -96.220 :: steps: 1.00 :: Time: 0.013(0.01341/step) :: Entropy : 0.000 :: Grads : []
610 :: Rewards -99.778 :: steps: 1.00 :: Time: 0.013(0.01256/step) :: Entropy : 0.000 :: Grads : []
620 :: Rewards -104.434 :: steps: 1.00 :: Time: 0.012(0.01248/step) :: Entropy : 0.000 :: Grads : []
630 :: Rewards -107.255 :: steps: 1.00 :: Time: 0.017(0.01699/step) :: Entropy : 0.000 :: Grads : []
640 :: Rewards -110.548 :: steps: 1.00 :: Time: 0.013(0.01284/step) :: Entropy : 0.000 :: Grads : []
650 :: Rewards -115.056 :: steps: 1.00 :: Time: 0.013(0.01277/step) :: Entropy : 0.000 :: Grads : []
660 :: Rewards -120.082 :: steps: 1.00 :: Time: 0.013(0.01268/step) :: Entropy : 0.000 :: Grads : []
670 :: Rewards -123.633 :: steps: 1.00 :: Time: 0.013(0.01271/step) :: Entropy : 0.000 :: Grads : []
680 :: Rewards -127.521 :: steps: 1.00 :: Time: 0.013(0.01287/step) :: Entropy : 0.000 :: Grads : []
690 :: Rewards -131.664 :: steps: 1.00 :: Time: 0.013(0.01304/step) :: Entropy : 0.000 :: Grads : []
700 :: Rewards -133.329 :: steps: 1.00 :: Time: 0.013(0.01297/step) :: Entropy : 0.000 :: Grads : []
710 :: Rewards -136.918 :: steps: 1.00 :: Time: 0.013(0.01315/step) :: Entropy : 0.000 :: Grads : []
720 :: Rewards -139.499 :: steps: 1.00 :: Time: 0.013(0.01307/step) :: Entropy : 0.000 :: Grads : []
730 :: Rewards -143.262 :: steps: 1.00 :: Time: 0.013(0.01334/step) :: Entropy : 0.000 :: Grads : []
740 :: Rewards -145.821 :: steps: 1.00 :: Time: 0.014(0.01374/step) :: Entropy : 0.000 :: Grads : []
750 :: Rewards -148.075 :: steps: 1.00 :: Time: 0.014(0.01400/step) :: Entropy : 0.000 :: Grads : []
760 :: Rewards -150.089 :: steps: 1.00 :: Time: 0.014(0.01426/step) :: Entropy : 0.000 :: Grads : []
770 :: Rewards -153.164 :: steps: 1.00 :: Time: 0.014(0.01408/step) :: Entropy : 0.000 :: Grads : []
780 :: Rewards -155.954 :: steps: 1.00 :: Time: 0.017(0.01659/step) :: Entropy : 0.000 :: Grads : []
790 :: Rewards -158.838 :: steps: 1.00 :: Time: 0.014(0.01396/step) :: Entropy : 0.000 :: Grads : []
800 :: Rewards -162.406 :: steps: 1.00 :: Time: 0.014(0.01419/step) :: Entropy : 0.000 :: Grads : []
810 :: Rewards -165.256 :: steps: 1.00 :: Time: 0.014(0.01428/step) :: Entropy : 0.000 :: Grads : []
820 :: Rewards -168.246 :: steps: 1.00 :: Time: 0.014(0.01428/step) :: Entropy : 0.000 :: Grads : []
830 :: Rewards -170.832 :: steps: 1.00 :: Time: 0.014(0.01435/step) :: Entropy : 0.000 :: Grads : []
840 :: Rewards -173.850 :: steps: 1.00 :: Time: 0.014(0.01439/step) :: Entropy : 0.000 :: Grads : []
850 :: Rewards -175.941 :: steps: 1.00 :: Time: 0.014(0.01430/step) :: Entropy : 0.000 :: Grads : []
860 :: Rewards -178.141 :: steps: 1.00 :: Time: 0.014(0.01437/step) :: Entropy : 0.000 :: Grads : []
870 :: Rewards -179.656 :: steps: 1.00 :: Time: 0.014(0.01430/step) :: Entropy : 0.000 :: Grads : []
880 :: Rewards -181.510 :: steps: 1.00 :: Time: 0.014(0.01426/step) :: Entropy : 0.000 :: Grads : []
890 :: Rewards -183.155 :: steps: 1.00 :: Time: 0.014(0.01437/step) :: Entropy : 0.000 :: Grads : []
900 :: Rewards -185.665 :: steps: 1.00 :: Time: 0.015(0.01451/step) :: Entropy : 0.000 :: Grads : []
910 :: Rewards -188.109 :: steps: 1.00 :: Time: 0.014(0.01445/step) :: Entropy : 0.000 :: Grads : []
920 :: Rewards -190.711 :: steps: 1.00 :: Time: 0.015(0.01462/step) :: Entropy : 0.000 :: Grads : []
930 :: Rewards -194.101 :: steps: 1.00 :: Time: 0.015(0.01462/step) :: Entropy : 0.000 :: Grads : []
940 :: Rewards -196.971 :: steps: 1.00 :: Time: 0.015(0.01462/step) :: Entropy : 0.000 :: Grads : []
950 :: Rewards -198.997 :: steps: 1.00 :: Time: 0.015(0.01482/step) :: Entropy : 0.000 :: Grads : []
960 :: Rewards -202.593 :: steps: 1.00 :: Time: 0.015(0.01499/step) :: Entropy : 0.000 :: Grads : []
970 :: Rewards -206.543 :: steps: 1.00 :: Time: 0.015(0.01491/step) :: Entropy : 0.000 :: Grads : []
980 :: Rewards -210.560 :: steps: 1.00 :: Time: 0.017(0.01681/step) :: Entropy : 0.000 :: Grads : []
990 :: Rewards -214.002 :: steps: 1.00 :: Time: 0.017(0.01716/step) :: Entropy : 0.000 :: Grads : []
999 :: Rewards -220.139 :: steps: 0.90 :: Time: 0.024(0.02717/step) :: Entropy : 0.000 :: Grads : []
Total time taken: 12.129817008972168
