Module path:  Environments.NS_Reco NS_Reco
Dynamically loaded from:  <class 'Environments.NS_Reco.NS_Reco'>
Reward Amplitudes: [4.17022005e-01 7.20324493e-01 1.14374817e-04 3.02332573e-01
 1.46755891e-01] :: Avg 0.317309867282206 
Module path:  Src.Algorithms.ProWLS ProWLS
Dynamically loaded from:  <class 'Src.Algorithms.ProWLS.ProWLS'>
=====Configurations=====
 Namespace(NN_basis_dim='32', Policy_basis_dim='32', actor_lr=0.004415491219348583, algo_name='ProWLS', base=0, batch_size=1000, buffer_size=1000, debug=False, delta=1, entropy_lambda=0.0010074417839719013, env_name='NS_Reco', experiment='NS_0_', extrapolator_basis='Fourier', folder_suffix='Default', fourier_coupled=True, fourier_k=3, fourier_order=3, gamma=0.99, gauss_std=1.5, gpu=0, hyper='default', importance_clip=5.0, inc=1, log_output='term_file', max_episodes=1000, max_inner=20, max_steps=500, optim='rmsprop', oracle=-1, raw_basis=True, restore=False, save_count=100, save_model=True, seed=5, speed=0, state_lr=0.001, summary=True, swarm=False, timestamp='5|24|20:15:37')
Actions space: 5 :: State space: 1
State Low: tensor([0.]) :: State High: tensor([1.])
State features:  [('dummy_param', torch.Size([1]))]
Policy:  [('fc1.weight', torch.Size([5, 1])), ('fc1.bias', torch.Size([5]))]
0 :: Rewards 0.723 :: steps: 0.10 :: Time: 0.000(0.00061/step) :: Entropy : 0.000 :: Grads : []
10 :: Rewards 4.515 :: steps: 1.00 :: Time: 0.009(0.00920/step) :: Entropy : 0.000 :: Grads : []
20 :: Rewards 7.122 :: steps: 1.00 :: Time: 0.011(0.01117/step) :: Entropy : 0.000 :: Grads : []
30 :: Rewards 12.896 :: steps: 1.00 :: Time: 0.011(0.01140/step) :: Entropy : 0.000 :: Grads : []
40 :: Rewards 18.767 :: steps: 1.00 :: Time: 0.011(0.01108/step) :: Entropy : 0.000 :: Grads : []
50 :: Rewards 25.556 :: steps: 1.00 :: Time: 0.011(0.01120/step) :: Entropy : 0.000 :: Grads : []
60 :: Rewards 32.168 :: steps: 1.00 :: Time: 0.011(0.01143/step) :: Entropy : 0.000 :: Grads : []
70 :: Rewards 39.077 :: steps: 1.00 :: Time: 0.012(0.01152/step) :: Entropy : 0.000 :: Grads : []
80 :: Rewards 46.297 :: steps: 1.00 :: Time: 0.012(0.01167/step) :: Entropy : 0.000 :: Grads : []
90 :: Rewards 53.526 :: steps: 1.00 :: Time: 0.012(0.01181/step) :: Entropy : 0.000 :: Grads : []
100 :: Rewards 60.739 :: steps: 1.00 :: Time: 0.012(0.01197/step) :: Entropy : 0.000 :: Grads : []
110 :: Rewards 67.948 :: steps: 1.00 :: Time: 0.012(0.01215/step) :: Entropy : 0.000 :: Grads : []
120 :: Rewards 75.169 :: steps: 1.00 :: Time: 0.012(0.01237/step) :: Entropy : 0.000 :: Grads : []
130 :: Rewards 81.931 :: steps: 1.00 :: Time: 0.013(0.01253/step) :: Entropy : 0.000 :: Grads : []
140 :: Rewards 89.142 :: steps: 1.00 :: Time: 0.013(0.01272/step) :: Entropy : 0.000 :: Grads : []
150 :: Rewards 96.350 :: steps: 1.00 :: Time: 0.013(0.01289/step) :: Entropy : 0.000 :: Grads : []
160 :: Rewards 103.576 :: steps: 1.00 :: Time: 0.013(0.01306/step) :: Entropy : 0.000 :: Grads : []
170 :: Rewards 110.777 :: steps: 1.00 :: Time: 0.013(0.01334/step) :: Entropy : 0.000 :: Grads : []
180 :: Rewards 117.959 :: steps: 1.00 :: Time: 0.014(0.01355/step) :: Entropy : 0.000 :: Grads : []
190 :: Rewards 125.206 :: steps: 1.00 :: Time: 0.014(0.01424/step) :: Entropy : 0.000 :: Grads : []
200 :: Rewards 132.405 :: steps: 1.00 :: Time: 0.015(0.01472/step) :: Entropy : 0.000 :: Grads : []
210 :: Rewards 139.651 :: steps: 1.00 :: Time: 0.015(0.01515/step) :: Entropy : 0.000 :: Grads : []
220 :: Rewards 146.594 :: steps: 1.00 :: Time: 0.015(0.01543/step) :: Entropy : 0.000 :: Grads : []
230 :: Rewards 153.773 :: steps: 1.00 :: Time: 0.016(0.01572/step) :: Entropy : 0.000 :: Grads : []
240 :: Rewards 160.899 :: steps: 1.00 :: Time: 0.016(0.01603/step) :: Entropy : 0.000 :: Grads : []
250 :: Rewards 168.088 :: steps: 1.00 :: Time: 0.016(0.01633/step) :: Entropy : 0.000 :: Grads : []
260 :: Rewards 175.278 :: steps: 1.00 :: Time: 0.017(0.01669/step) :: Entropy : 0.000 :: Grads : []
270 :: Rewards 182.479 :: steps: 1.00 :: Time: 0.017(0.01698/step) :: Entropy : 0.000 :: Grads : []
280 :: Rewards 189.685 :: steps: 1.00 :: Time: 0.017(0.01720/step) :: Entropy : 0.000 :: Grads : []
290 :: Rewards 196.920 :: steps: 1.00 :: Time: 0.017(0.01741/step) :: Entropy : 0.000 :: Grads : []
300 :: Rewards 204.110 :: steps: 1.00 :: Time: 0.018(0.01754/step) :: Entropy : 0.000 :: Grads : []
310 :: Rewards 211.329 :: steps: 1.00 :: Time: 0.018(0.01778/step) :: Entropy : 0.000 :: Grads : []
320 :: Rewards 218.560 :: steps: 1.00 :: Time: 0.018(0.01816/step) :: Entropy : 0.000 :: Grads : []
330 :: Rewards 225.778 :: steps: 1.00 :: Time: 0.019(0.01874/step) :: Entropy : 0.000 :: Grads : []
340 :: Rewards 233.015 :: steps: 1.00 :: Time: 0.019(0.01877/step) :: Entropy : 0.000 :: Grads : []
350 :: Rewards 240.184 :: steps: 1.00 :: Time: 0.019(0.01910/step) :: Entropy : 0.000 :: Grads : []
360 :: Rewards 247.392 :: steps: 1.00 :: Time: 0.019(0.01942/step) :: Entropy : 0.000 :: Grads : []
370 :: Rewards 254.540 :: steps: 1.00 :: Time: 0.020(0.01980/step) :: Entropy : 0.000 :: Grads : []
380 :: Rewards 261.756 :: steps: 1.00 :: Time: 0.020(0.02014/step) :: Entropy : 0.000 :: Grads : []
390 :: Rewards 268.949 :: steps: 1.00 :: Time: 0.021(0.02072/step) :: Entropy : 0.000 :: Grads : []
400 :: Rewards 276.109 :: steps: 1.00 :: Time: 0.021(0.02098/step) :: Entropy : 0.000 :: Grads : []
410 :: Rewards 283.275 :: steps: 1.00 :: Time: 0.022(0.02154/step) :: Entropy : 0.000 :: Grads : []
420 :: Rewards 290.479 :: steps: 1.00 :: Time: 0.022(0.02203/step) :: Entropy : 0.000 :: Grads : []
430 :: Rewards 297.693 :: steps: 1.00 :: Time: 0.022(0.02232/step) :: Entropy : 0.000 :: Grads : []
440 :: Rewards 304.935 :: steps: 1.00 :: Time: 0.023(0.02259/step) :: Entropy : 0.000 :: Grads : []
450 :: Rewards 312.137 :: steps: 1.00 :: Time: 0.023(0.02326/step) :: Entropy : 0.000 :: Grads : []
460 :: Rewards 319.333 :: steps: 1.00 :: Time: 0.023(0.02344/step) :: Entropy : 0.000 :: Grads : []
470 :: Rewards 326.541 :: steps: 1.00 :: Time: 0.024(0.02380/step) :: Entropy : 0.000 :: Grads : []
480 :: Rewards 333.746 :: steps: 1.00 :: Time: 0.024(0.02402/step) :: Entropy : 0.000 :: Grads : []
490 :: Rewards 340.953 :: steps: 1.00 :: Time: 0.025(0.02454/step) :: Entropy : 0.000 :: Grads : []
500 :: Rewards 348.176 :: steps: 1.00 :: Time: 0.025(0.02475/step) :: Entropy : 0.000 :: Grads : []
510 :: Rewards 355.388 :: steps: 1.00 :: Time: 0.025(0.02529/step) :: Entropy : 0.000 :: Grads : []
520 :: Rewards 362.582 :: steps: 1.00 :: Time: 0.028(0.02813/step) :: Entropy : 0.000 :: Grads : []
530 :: Rewards 369.790 :: steps: 1.00 :: Time: 0.026(0.02609/step) :: Entropy : 0.000 :: Grads : []
540 :: Rewards 376.996 :: steps: 1.00 :: Time: 0.027(0.02658/step) :: Entropy : 0.000 :: Grads : []
550 :: Rewards 384.225 :: steps: 1.00 :: Time: 0.027(0.02717/step) :: Entropy : 0.000 :: Grads : []
560 :: Rewards 391.419 :: steps: 1.00 :: Time: 0.027(0.02749/step) :: Entropy : 0.000 :: Grads : []
570 :: Rewards 398.642 :: steps: 1.00 :: Time: 0.028(0.02831/step) :: Entropy : 0.000 :: Grads : []
580 :: Rewards 405.845 :: steps: 1.00 :: Time: 0.029(0.02889/step) :: Entropy : 0.000 :: Grads : []
590 :: Rewards 413.065 :: steps: 1.00 :: Time: 0.029(0.02935/step) :: Entropy : 0.000 :: Grads : []
600 :: Rewards 420.283 :: steps: 1.00 :: Time: 0.029(0.02945/step) :: Entropy : 0.000 :: Grads : []
610 :: Rewards 427.494 :: steps: 1.00 :: Time: 0.030(0.03008/step) :: Entropy : 0.000 :: Grads : []
620 :: Rewards 434.698 :: steps: 1.00 :: Time: 0.030(0.03029/step) :: Entropy : 0.000 :: Grads : []
630 :: Rewards 441.955 :: steps: 1.00 :: Time: 0.031(0.03116/step) :: Entropy : 0.000 :: Grads : []
640 :: Rewards 449.182 :: steps: 1.00 :: Time: 0.032(0.03179/step) :: Entropy : 0.000 :: Grads : []
650 :: Rewards 456.374 :: steps: 1.00 :: Time: 0.033(0.03255/step) :: Entropy : 0.000 :: Grads : []
660 :: Rewards 463.566 :: steps: 1.00 :: Time: 0.033(0.03290/step) :: Entropy : 0.000 :: Grads : []
670 :: Rewards 470.799 :: steps: 1.00 :: Time: 0.034(0.03375/step) :: Entropy : 0.000 :: Grads : []
680 :: Rewards 478.037 :: steps: 1.00 :: Time: 0.034(0.03448/step) :: Entropy : 0.000 :: Grads : []
690 :: Rewards 485.255 :: steps: 1.00 :: Time: 0.036(0.03550/step) :: Entropy : 0.000 :: Grads : []
700 :: Rewards 492.493 :: steps: 1.00 :: Time: 0.036(0.03632/step) :: Entropy : 0.000 :: Grads : []
710 :: Rewards 499.676 :: steps: 1.00 :: Time: 0.037(0.03737/step) :: Entropy : 0.000 :: Grads : []
720 :: Rewards 506.892 :: steps: 1.00 :: Time: 0.038(0.03793/step) :: Entropy : 0.000 :: Grads : []
730 :: Rewards 514.102 :: steps: 1.00 :: Time: 0.039(0.03891/step) :: Entropy : 0.000 :: Grads : []
740 :: Rewards 521.347 :: steps: 1.00 :: Time: 0.039(0.03915/step) :: Entropy : 0.000 :: Grads : []
750 :: Rewards 528.506 :: steps: 1.00 :: Time: 0.040(0.03992/step) :: Entropy : 0.000 :: Grads : []
760 :: Rewards 535.683 :: steps: 1.00 :: Time: 0.040(0.04045/step) :: Entropy : 0.000 :: Grads : []
770 :: Rewards 542.856 :: steps: 1.00 :: Time: 0.042(0.04193/step) :: Entropy : 0.000 :: Grads : []
780 :: Rewards 550.060 :: steps: 1.00 :: Time: 0.043(0.04317/step) :: Entropy : 0.000 :: Grads : []
790 :: Rewards 557.278 :: steps: 1.00 :: Time: 0.044(0.04387/step) :: Entropy : 0.000 :: Grads : []
800 :: Rewards 564.481 :: steps: 1.00 :: Time: 0.044(0.04404/step) :: Entropy : 0.000 :: Grads : []
810 :: Rewards 571.694 :: steps: 1.00 :: Time: 0.045(0.04529/step) :: Entropy : 0.000 :: Grads : []
820 :: Rewards 578.878 :: steps: 1.00 :: Time: 0.046(0.04584/step) :: Entropy : 0.000 :: Grads : []
830 :: Rewards 586.061 :: steps: 1.00 :: Time: 0.047(0.04690/step) :: Entropy : 0.000 :: Grads : []
840 :: Rewards 593.247 :: steps: 1.00 :: Time: 0.048(0.04802/step) :: Entropy : 0.000 :: Grads : []
850 :: Rewards 600.466 :: steps: 1.00 :: Time: 0.049(0.04881/step) :: Entropy : 0.000 :: Grads : []
860 :: Rewards 607.614 :: steps: 1.00 :: Time: 0.050(0.05022/step) :: Entropy : 0.000 :: Grads : []
870 :: Rewards 614.861 :: steps: 1.00 :: Time: 0.051(0.05087/step) :: Entropy : 0.000 :: Grads : []
880 :: Rewards 622.060 :: steps: 1.00 :: Time: 0.052(0.05174/step) :: Entropy : 0.000 :: Grads : []
890 :: Rewards 629.268 :: steps: 1.00 :: Time: 0.054(0.05385/step) :: Entropy : 0.000 :: Grads : []
900 :: Rewards 636.475 :: steps: 1.00 :: Time: 0.055(0.05494/step) :: Entropy : 0.000 :: Grads : []
910 :: Rewards 643.670 :: steps: 1.00 :: Time: 0.056(0.05625/step) :: Entropy : 0.000 :: Grads : []
920 :: Rewards 650.886 :: steps: 1.00 :: Time: 0.057(0.05738/step) :: Entropy : 0.000 :: Grads : []
930 :: Rewards 658.102 :: steps: 1.00 :: Time: 0.060(0.05955/step) :: Entropy : 0.000 :: Grads : []
940 :: Rewards 665.310 :: steps: 1.00 :: Time: 0.060(0.06030/step) :: Entropy : 0.000 :: Grads : []
950 :: Rewards 672.505 :: steps: 1.00 :: Time: 0.062(0.06195/step) :: Entropy : 0.000 :: Grads : []
960 :: Rewards 679.718 :: steps: 1.00 :: Time: 0.062(0.06238/step) :: Entropy : 0.000 :: Grads : []
970 :: Rewards 686.924 :: steps: 1.00 :: Time: 0.064(0.06385/step) :: Entropy : 0.000 :: Grads : []
980 :: Rewards 694.118 :: steps: 1.00 :: Time: 0.065(0.06472/step) :: Entropy : 0.000 :: Grads : []
990 :: Rewards 701.266 :: steps: 1.00 :: Time: 0.066(0.06568/step) :: Entropy : 0.000 :: Grads : []
999 :: Rewards 707.787 :: steps: 0.90 :: Time: 0.061(0.06726/step) :: Entropy : 0.000 :: Grads : []
Total time taken: 29.632390022277832
