Module path:  Environments.NS_Reco NS_Reco
Dynamically loaded from:  <class 'Environments.NS_Reco.NS_Reco'>
Reward Amplitudes: [4.17022005e-01 7.20324493e-01 1.14374817e-04 3.02332573e-01
 1.46755891e-01] :: Avg 0.317309867282206 
Module path:  Src.Algorithms.ProWLS ProWLS
Dynamically loaded from:  <class 'Src.Algorithms.ProWLS.ProWLS'>
=====Configurations=====
 Namespace(NN_basis_dim='32', Policy_basis_dim='32', actor_lr=0.0017966647558361548, algo_name='ProWLS', base=0, batch_size=1000, buffer_size=1000, debug=False, delta=1, entropy_lambda=0.006997441955638448, env_name='NS_Reco', experiment='NS_1r_', extrapolator_basis='Fourier', folder_suffix='Default', fourier_coupled=True, fourier_k=3, fourier_order=3, gamma=0.99, gauss_std=1.5, gpu=0, hyper='default', importance_clip=10.0, inc=1, log_output='term_file', max_episodes=1000, max_inner=30, max_steps=500, optim='rmsprop', oracle=-1, raw_basis=True, restore=False, save_count=100, save_model=True, seed=10, speed=1, state_lr=0.001, summary=True, swarm=False, timestamp='5|25|11:42:59')
Actions space: 5 :: State space: 1
State Low: tensor([0.]) :: State High: tensor([1.])
State features:  [('dummy_param', torch.Size([1]))]
Policy:  [('fc1.weight', torch.Size([5, 1])), ('fc1.bias', torch.Size([5]))]
0 :: Rewards -0.009 :: steps: 0.10 :: Time: 0.000(0.00062/step) :: Entropy : 0.000 :: Grads : []
10 :: Rewards -0.130 :: steps: 1.00 :: Time: 0.014(0.01365/step) :: Entropy : 0.000 :: Grads : []
20 :: Rewards -0.348 :: steps: 1.00 :: Time: 0.017(0.01742/step) :: Entropy : 0.000 :: Grads : []
30 :: Rewards -0.562 :: steps: 1.00 :: Time: 0.018(0.01767/step) :: Entropy : 0.000 :: Grads : []
40 :: Rewards -0.789 :: steps: 1.00 :: Time: 0.018(0.01756/step) :: Entropy : 0.000 :: Grads : []
50 :: Rewards -0.994 :: steps: 1.00 :: Time: 0.018(0.01758/step) :: Entropy : 0.000 :: Grads : []
60 :: Rewards -1.154 :: steps: 1.00 :: Time: 0.018(0.01766/step) :: Entropy : 0.000 :: Grads : []
70 :: Rewards -1.432 :: steps: 1.00 :: Time: 0.018(0.01786/step) :: Entropy : 0.000 :: Grads : []
80 :: Rewards -1.629 :: steps: 1.00 :: Time: 0.018(0.01809/step) :: Entropy : 0.000 :: Grads : []
90 :: Rewards -1.629 :: steps: 1.00 :: Time: 0.018(0.01837/step) :: Entropy : 0.000 :: Grads : []
100 :: Rewards -1.629 :: steps: 1.00 :: Time: 0.019(0.01875/step) :: Entropy : 0.000 :: Grads : []
110 :: Rewards -2.361 :: steps: 1.00 :: Time: 0.019(0.01904/step) :: Entropy : 0.000 :: Grads : []
120 :: Rewards -3.135 :: steps: 1.00 :: Time: 0.019(0.01916/step) :: Entropy : 0.000 :: Grads : []
130 :: Rewards -3.135 :: steps: 1.00 :: Time: 0.019(0.01948/step) :: Entropy : 0.000 :: Grads : []
140 :: Rewards -3.497 :: steps: 1.00 :: Time: 0.020(0.02010/step) :: Entropy : 0.000 :: Grads : []
150 :: Rewards -3.497 :: steps: 1.00 :: Time: 0.020(0.02025/step) :: Entropy : 0.000 :: Grads : []
160 :: Rewards -3.497 :: steps: 1.00 :: Time: 0.021(0.02052/step) :: Entropy : 0.000 :: Grads : []
170 :: Rewards -3.723 :: steps: 1.00 :: Time: 0.021(0.02095/step) :: Entropy : 0.000 :: Grads : []
180 :: Rewards -3.723 :: steps: 1.00 :: Time: 0.021(0.02120/step) :: Entropy : 0.000 :: Grads : []
190 :: Rewards -3.973 :: steps: 1.00 :: Time: 0.023(0.02305/step) :: Entropy : 0.000 :: Grads : []
200 :: Rewards -4.681 :: steps: 1.00 :: Time: 0.023(0.02339/step) :: Entropy : 0.000 :: Grads : []
210 :: Rewards -4.681 :: steps: 1.00 :: Time: 0.024(0.02421/step) :: Entropy : 0.000 :: Grads : []
220 :: Rewards -4.681 :: steps: 1.00 :: Time: 0.025(0.02480/step) :: Entropy : 0.000 :: Grads : []
230 :: Rewards -5.134 :: steps: 1.00 :: Time: 0.025(0.02530/step) :: Entropy : 0.000 :: Grads : []
240 :: Rewards -5.134 :: steps: 1.00 :: Time: 0.026(0.02570/step) :: Entropy : 0.000 :: Grads : []
250 :: Rewards -5.134 :: steps: 1.00 :: Time: 0.026(0.02643/step) :: Entropy : 0.000 :: Grads : []
260 :: Rewards -5.134 :: steps: 1.00 :: Time: 0.027(0.02705/step) :: Entropy : 0.000 :: Grads : []
270 :: Rewards -5.134 :: steps: 1.00 :: Time: 0.027(0.02747/step) :: Entropy : 0.000 :: Grads : []
280 :: Rewards -5.134 :: steps: 1.00 :: Time: 0.028(0.02799/step) :: Entropy : 0.000 :: Grads : []
290 :: Rewards -5.134 :: steps: 1.00 :: Time: 0.028(0.02828/step) :: Entropy : 0.000 :: Grads : []
300 :: Rewards -6.377 :: steps: 1.00 :: Time: 0.029(0.02868/step) :: Entropy : 0.000 :: Grads : []
310 :: Rewards -7.667 :: steps: 1.00 :: Time: 0.029(0.02907/step) :: Entropy : 0.000 :: Grads : []
320 :: Rewards -7.667 :: steps: 1.00 :: Time: 0.030(0.02971/step) :: Entropy : 0.000 :: Grads : []
330 :: Rewards -7.667 :: steps: 1.00 :: Time: 0.030(0.03046/step) :: Entropy : 0.000 :: Grads : []
340 :: Rewards -7.667 :: steps: 1.00 :: Time: 0.031(0.03093/step) :: Entropy : 0.000 :: Grads : []
350 :: Rewards -8.968 :: steps: 1.00 :: Time: 0.032(0.03163/step) :: Entropy : 0.000 :: Grads : []
360 :: Rewards -9.409 :: steps: 1.00 :: Time: 0.032(0.03215/step) :: Entropy : 0.000 :: Grads : []
370 :: Rewards -9.833 :: steps: 1.00 :: Time: 0.033(0.03312/step) :: Entropy : 0.000 :: Grads : []
380 :: Rewards -11.605 :: steps: 1.00 :: Time: 0.034(0.03378/step) :: Entropy : 0.000 :: Grads : []
390 :: Rewards -11.605 :: steps: 1.00 :: Time: 0.035(0.03460/step) :: Entropy : 0.000 :: Grads : []
400 :: Rewards -11.605 :: steps: 1.00 :: Time: 0.035(0.03513/step) :: Entropy : 0.000 :: Grads : []
410 :: Rewards -11.605 :: steps: 1.00 :: Time: 0.036(0.03639/step) :: Entropy : 0.000 :: Grads : []
420 :: Rewards -12.620 :: steps: 1.00 :: Time: 0.037(0.03709/step) :: Entropy : 0.000 :: Grads : []
430 :: Rewards -12.957 :: steps: 1.00 :: Time: 0.038(0.03780/step) :: Entropy : 0.000 :: Grads : []
440 :: Rewards -12.957 :: steps: 1.00 :: Time: 0.038(0.03845/step) :: Entropy : 0.000 :: Grads : []
450 :: Rewards -12.957 :: steps: 1.00 :: Time: 0.039(0.03946/step) :: Entropy : 0.000 :: Grads : []
460 :: Rewards -12.957 :: steps: 1.00 :: Time: 0.040(0.03964/step) :: Entropy : 0.000 :: Grads : []
470 :: Rewards -13.678 :: steps: 1.00 :: Time: 0.041(0.04141/step) :: Entropy : 0.000 :: Grads : []
480 :: Rewards -13.678 :: steps: 1.00 :: Time: 0.040(0.03994/step) :: Entropy : 0.000 :: Grads : []
490 :: Rewards -13.678 :: steps: 1.00 :: Time: 0.041(0.04099/step) :: Entropy : 0.000 :: Grads : []
500 :: Rewards -14.256 :: steps: 1.00 :: Time: 0.042(0.04155/step) :: Entropy : 0.000 :: Grads : []
510 :: Rewards -14.256 :: steps: 1.00 :: Time: 0.042(0.04246/step) :: Entropy : 0.000 :: Grads : []
520 :: Rewards -14.256 :: steps: 1.00 :: Time: 0.043(0.04301/step) :: Entropy : 0.000 :: Grads : []
530 :: Rewards -14.256 :: steps: 1.00 :: Time: 0.043(0.04347/step) :: Entropy : 0.000 :: Grads : []
540 :: Rewards -14.256 :: steps: 1.00 :: Time: 0.044(0.04408/step) :: Entropy : 0.000 :: Grads : []
550 :: Rewards -14.757 :: steps: 1.00 :: Time: 0.045(0.04467/step) :: Entropy : 0.000 :: Grads : []
560 :: Rewards -14.757 :: steps: 1.00 :: Time: 0.045(0.04524/step) :: Entropy : 0.000 :: Grads : []
570 :: Rewards -14.757 :: steps: 1.00 :: Time: 0.046(0.04628/step) :: Entropy : 0.000 :: Grads : []
580 :: Rewards -14.757 :: steps: 1.00 :: Time: 0.047(0.04686/step) :: Entropy : 0.000 :: Grads : []
590 :: Rewards -14.757 :: steps: 1.00 :: Time: 0.048(0.04781/step) :: Entropy : 0.000 :: Grads : []
600 :: Rewards -14.757 :: steps: 1.00 :: Time: 0.052(0.05240/step) :: Entropy : 0.000 :: Grads : []
610 :: Rewards -14.757 :: steps: 1.00 :: Time: 0.053(0.05269/step) :: Entropy : 0.000 :: Grads : []
620 :: Rewards -14.757 :: steps: 1.00 :: Time: 0.055(0.05522/step) :: Entropy : 0.000 :: Grads : []
630 :: Rewards -15.034 :: steps: 1.00 :: Time: 0.060(0.06012/step) :: Entropy : 0.000 :: Grads : []
640 :: Rewards -15.813 :: steps: 1.00 :: Time: 0.066(0.06559/step) :: Entropy : 0.000 :: Grads : []
650 :: Rewards -16.575 :: steps: 1.00 :: Time: 0.058(0.05802/step) :: Entropy : 0.000 :: Grads : []
660 :: Rewards -16.784 :: steps: 1.00 :: Time: 0.057(0.05744/step) :: Entropy : 0.000 :: Grads : []
670 :: Rewards -17.010 :: steps: 1.00 :: Time: 0.064(0.06358/step) :: Entropy : 0.000 :: Grads : []
680 :: Rewards -17.010 :: steps: 1.00 :: Time: 0.059(0.05913/step) :: Entropy : 0.000 :: Grads : []
690 :: Rewards -17.323 :: steps: 1.00 :: Time: 0.060(0.06026/step) :: Entropy : 0.000 :: Grads : []
700 :: Rewards -17.485 :: steps: 1.00 :: Time: 0.061(0.06149/step) :: Entropy : 0.000 :: Grads : []
710 :: Rewards -17.612 :: steps: 1.00 :: Time: 0.063(0.06303/step) :: Entropy : 0.000 :: Grads : []
720 :: Rewards -17.887 :: steps: 1.00 :: Time: 0.064(0.06386/step) :: Entropy : 0.000 :: Grads : []
730 :: Rewards -17.964 :: steps: 1.00 :: Time: 0.066(0.06554/step) :: Entropy : 0.000 :: Grads : []
740 :: Rewards -18.286 :: steps: 1.00 :: Time: 0.066(0.06620/step) :: Entropy : 0.000 :: Grads : []
750 :: Rewards -18.782 :: steps: 1.00 :: Time: 0.068(0.06779/step) :: Entropy : 0.000 :: Grads : []
760 :: Rewards -19.558 :: steps: 1.00 :: Time: 0.069(0.06883/step) :: Entropy : 0.000 :: Grads : []
770 :: Rewards -20.351 :: steps: 1.00 :: Time: 0.071(0.07095/step) :: Entropy : 0.000 :: Grads : []
780 :: Rewards -21.263 :: steps: 1.00 :: Time: 0.072(0.07216/step) :: Entropy : 0.000 :: Grads : []
790 :: Rewards -22.566 :: steps: 1.00 :: Time: 0.074(0.07400/step) :: Entropy : 0.000 :: Grads : []
800 :: Rewards -23.887 :: steps: 1.00 :: Time: 0.075(0.07522/step) :: Entropy : 0.000 :: Grads : []
810 :: Rewards -25.255 :: steps: 1.00 :: Time: 0.077(0.07651/step) :: Entropy : 0.000 :: Grads : []
820 :: Rewards -26.751 :: steps: 1.00 :: Time: 0.079(0.07884/step) :: Entropy : 0.000 :: Grads : []
830 :: Rewards -28.185 :: steps: 1.00 :: Time: 0.081(0.08091/step) :: Entropy : 0.000 :: Grads : []
840 :: Rewards -30.257 :: steps: 1.00 :: Time: 0.083(0.08309/step) :: Entropy : 0.000 :: Grads : []
850 :: Rewards -31.740 :: steps: 1.00 :: Time: 0.083(0.08321/step) :: Entropy : 0.000 :: Grads : []
860 :: Rewards -32.898 :: steps: 1.00 :: Time: 0.084(0.08449/step) :: Entropy : 0.000 :: Grads : []
870 :: Rewards -33.258 :: steps: 1.00 :: Time: 0.083(0.08322/step) :: Entropy : 0.000 :: Grads : []
880 :: Rewards -33.258 :: steps: 1.00 :: Time: 0.085(0.08456/step) :: Entropy : 0.000 :: Grads : []
890 :: Rewards -33.258 :: steps: 1.00 :: Time: 0.087(0.08714/step) :: Entropy : 0.000 :: Grads : []
900 :: Rewards -33.258 :: steps: 1.00 :: Time: 0.089(0.08874/step) :: Entropy : 0.000 :: Grads : []
910 :: Rewards -33.258 :: steps: 1.00 :: Time: 0.093(0.09290/step) :: Entropy : 0.000 :: Grads : []
920 :: Rewards -33.258 :: steps: 1.00 :: Time: 0.094(0.09430/step) :: Entropy : 0.000 :: Grads : []
930 :: Rewards -33.258 :: steps: 1.00 :: Time: 0.097(0.09685/step) :: Entropy : 0.000 :: Grads : []
940 :: Rewards -33.258 :: steps: 1.00 :: Time: 0.099(0.09928/step) :: Entropy : 0.000 :: Grads : []
950 :: Rewards -33.258 :: steps: 1.00 :: Time: 0.101(0.10116/step) :: Entropy : 0.000 :: Grads : []
960 :: Rewards -33.476 :: steps: 1.00 :: Time: 0.103(0.10287/step) :: Entropy : 0.000 :: Grads : []
970 :: Rewards -33.665 :: steps: 1.00 :: Time: 0.105(0.10527/step) :: Entropy : 0.000 :: Grads : []
980 :: Rewards -34.023 :: steps: 1.00 :: Time: 0.106(0.10606/step) :: Entropy : 0.000 :: Grads : []
990 :: Rewards -34.023 :: steps: 1.00 :: Time: 0.108(0.10841/step) :: Entropy : 0.000 :: Grads : []
999 :: Rewards -34.352 :: steps: 0.90 :: Time: 0.099(0.10972/step) :: Entropy : 0.000 :: Grads : []
Total time taken: 49.414599895477295
