Module path:  Src.Algorithms.OFPG OFPG
Dynamically loaded from:  <class 'Src.Algorithms.OFPG.OFPG'>
=====Configurations=====
 Namespace(NN_basis_dim='32', Policy_basis_dim='32', actor_lr=0.004542294448784554, algo_name='OFPG', base=0, batch_size=1000, buffer_size=1000, debug=False, delta=5, entropy_lambda=0.1, env_name='NS_SimGlucose-v0', experiment='NS_1_', extrapolator_basis='Fourier', folder_suffix='', fourier_coupled=True, fourier_k=3, fourier_order=3, gamma=0.99, gauss_std=2.06337, gpu=0, hyper='default', importance_clip=5.0, inc=1, log_output='term_file', max_episodes=1000, max_inner=100, max_steps=500, optim='rmsprop', oracle=-1, raw_basis=True, restore=False, save_count=100, save_model=True, seed=1, speed=1, state_lr=0.001, summary=True, swarm=False, timestamp='5|29|19:24:37')
Actions space: 2 :: State space: 1
State Low: tensor([0.]) :: State High: tensor([1.])
State features:  [('dummy_param', torch.Size([1]))]
Action Low: [3. 5.] :: Action High: [30. 50.]
Policy:  [('fc_mean.weight', torch.Size([2, 1])), ('fc_mean.bias', torch.Size([2]))]
0 :: Rewards 0.722 :: steps: 0.10 :: Time: 0.268(2.67922/step) :: Entropy : 0.000 :: Grads : []
10 :: Rewards 32.377 :: steps: 1.00 :: Time: 2.563(2.56321/step) :: Entropy : 0.000 :: Grads : []
20 :: Rewards 83.483 :: steps: 1.00 :: Time: 2.635(2.63512/step) :: Entropy : 0.000 :: Grads : []
30 :: Rewards 133.125 :: steps: 1.00 :: Time: 2.622(2.62203/step) :: Entropy : 0.000 :: Grads : []
40 :: Rewards 194.675 :: steps: 1.00 :: Time: 2.643(2.64261/step) :: Entropy : 0.000 :: Grads : []
50 :: Rewards 261.343 :: steps: 1.00 :: Time: 2.833(2.83335/step) :: Entropy : 0.000 :: Grads : []
60 :: Rewards 314.204 :: steps: 1.00 :: Time: 2.644(2.64433/step) :: Entropy : 0.000 :: Grads : []
70 :: Rewards 392.401 :: steps: 1.00 :: Time: 2.614(2.61401/step) :: Entropy : 0.000 :: Grads : []
80 :: Rewards 456.093 :: steps: 1.00 :: Time: 2.589(2.58937/step) :: Entropy : 0.000 :: Grads : []
90 :: Rewards 522.684 :: steps: 1.00 :: Time: 2.601(2.60147/step) :: Entropy : 0.000 :: Grads : []
100 :: Rewards 573.365 :: steps: 1.00 :: Time: 2.617(2.61746/step) :: Entropy : 0.000 :: Grads : []
110 :: Rewards 639.361 :: steps: 1.00 :: Time: 2.584(2.58433/step) :: Entropy : 0.000 :: Grads : []
120 :: Rewards 716.767 :: steps: 1.00 :: Time: 2.581(2.58059/step) :: Entropy : 0.000 :: Grads : []
130 :: Rewards 811.171 :: steps: 1.00 :: Time: 2.570(2.56999/step) :: Entropy : 0.000 :: Grads : []
140 :: Rewards 900.573 :: steps: 1.00 :: Time: 2.586(2.58649/step) :: Entropy : 0.000 :: Grads : []
150 :: Rewards 986.261 :: steps: 1.00 :: Time: 2.601(2.60074/step) :: Entropy : 0.000 :: Grads : []
160 :: Rewards 1076.699 :: steps: 1.00 :: Time: 2.587(2.58700/step) :: Entropy : 0.000 :: Grads : []
170 :: Rewards 1182.960 :: steps: 1.00 :: Time: 2.581(2.58139/step) :: Entropy : 0.000 :: Grads : []
180 :: Rewards 1305.821 :: steps: 1.00 :: Time: 2.570(2.57027/step) :: Entropy : 0.000 :: Grads : []
190 :: Rewards 1419.300 :: steps: 1.00 :: Time: 2.578(2.57801/step) :: Entropy : 0.000 :: Grads : []
200 :: Rewards 1533.707 :: steps: 1.00 :: Time: 2.589(2.58946/step) :: Entropy : 0.000 :: Grads : []
210 :: Rewards 1636.752 :: steps: 1.00 :: Time: 2.588(2.58818/step) :: Entropy : 0.000 :: Grads : []
220 :: Rewards 1755.439 :: steps: 1.00 :: Time: 2.591(2.59140/step) :: Entropy : 0.000 :: Grads : []
230 :: Rewards 1883.374 :: steps: 1.00 :: Time: 2.585(2.58542/step) :: Entropy : 0.000 :: Grads : []
240 :: Rewards 2019.893 :: steps: 1.00 :: Time: 2.583(2.58285/step) :: Entropy : 0.000 :: Grads : []
250 :: Rewards 2173.312 :: steps: 1.00 :: Time: 2.597(2.59697/step) :: Entropy : 0.000 :: Grads : []
260 :: Rewards 2308.766 :: steps: 1.00 :: Time: 2.596(2.59602/step) :: Entropy : 0.000 :: Grads : []
270 :: Rewards 2458.017 :: steps: 1.00 :: Time: 2.569(2.56912/step) :: Entropy : 0.000 :: Grads : []
280 :: Rewards 2582.241 :: steps: 1.00 :: Time: 2.576(2.57577/step) :: Entropy : 0.000 :: Grads : []
290 :: Rewards 2707.669 :: steps: 1.00 :: Time: 2.590(2.59015/step) :: Entropy : 0.000 :: Grads : []
300 :: Rewards 2865.859 :: steps: 1.00 :: Time: 2.620(2.62027/step) :: Entropy : 0.000 :: Grads : []
310 :: Rewards 3013.926 :: steps: 1.00 :: Time: 2.986(2.98592/step) :: Entropy : 0.000 :: Grads : []
320 :: Rewards 3151.720 :: steps: 1.00 :: Time: 2.644(2.64360/step) :: Entropy : 0.000 :: Grads : []
330 :: Rewards 3310.981 :: steps: 1.00 :: Time: 2.585(2.58521/step) :: Entropy : 0.000 :: Grads : []
340 :: Rewards 3473.116 :: steps: 1.00 :: Time: 2.601(2.60083/step) :: Entropy : 0.000 :: Grads : []
350 :: Rewards 3624.374 :: steps: 1.00 :: Time: 2.603(2.60272/step) :: Entropy : 0.000 :: Grads : []
360 :: Rewards 3787.304 :: steps: 1.00 :: Time: 2.595(2.59468/step) :: Entropy : 0.000 :: Grads : []
370 :: Rewards 3955.651 :: steps: 1.00 :: Time: 2.577(2.57706/step) :: Entropy : 0.000 :: Grads : []
380 :: Rewards 4121.305 :: steps: 1.00 :: Time: 2.593(2.59265/step) :: Entropy : 0.000 :: Grads : []
390 :: Rewards 4278.838 :: steps: 1.00 :: Time: 2.597(2.59727/step) :: Entropy : 0.000 :: Grads : []
400 :: Rewards 4429.428 :: steps: 1.00 :: Time: 2.596(2.59579/step) :: Entropy : 0.000 :: Grads : []
410 :: Rewards 4596.817 :: steps: 1.00 :: Time: 2.600(2.60013/step) :: Entropy : 0.000 :: Grads : []
420 :: Rewards 4763.728 :: steps: 1.00 :: Time: 2.605(2.60518/step) :: Entropy : 0.000 :: Grads : []
430 :: Rewards 4933.754 :: steps: 1.00 :: Time: 2.607(2.60719/step) :: Entropy : 0.000 :: Grads : []
440 :: Rewards 5102.905 :: steps: 1.00 :: Time: 2.573(2.57334/step) :: Entropy : 0.000 :: Grads : []
450 :: Rewards 5281.673 :: steps: 1.00 :: Time: 2.565(2.56463/step) :: Entropy : 0.000 :: Grads : []
460 :: Rewards 5460.521 :: steps: 1.00 :: Time: 2.587(2.58705/step) :: Entropy : 0.000 :: Grads : []
470 :: Rewards 5642.675 :: steps: 1.00 :: Time: 2.576(2.57629/step) :: Entropy : 0.000 :: Grads : []
480 :: Rewards 5834.331 :: steps: 1.00 :: Time: 2.572(2.57161/step) :: Entropy : 0.000 :: Grads : []
490 :: Rewards 6016.269 :: steps: 1.00 :: Time: 32.524(32.52380/step) :: Entropy : 0.000 :: Grads : []
500 :: Rewards 6202.427 :: steps: 1.00 :: Time: 2.660(2.65970/step) :: Entropy : 0.000 :: Grads : []
510 :: Rewards 6398.209 :: steps: 1.00 :: Time: 32.643(32.64260/step) :: Entropy : 0.000 :: Grads : []
520 :: Rewards 6595.026 :: steps: 1.00 :: Time: 2.599(2.59927/step) :: Entropy : 0.000 :: Grads : []
530 :: Rewards 6800.635 :: steps: 1.00 :: Time: 32.606(32.60601/step) :: Entropy : 0.000 :: Grads : []
540 :: Rewards 7002.778 :: steps: 1.00 :: Time: 2.564(2.56379/step) :: Entropy : 0.000 :: Grads : []
550 :: Rewards 7179.252 :: steps: 1.00 :: Time: 32.518(32.51809/step) :: Entropy : 0.000 :: Grads : []
560 :: Rewards 7372.656 :: steps: 1.00 :: Time: 2.578(2.57850/step) :: Entropy : 0.000 :: Grads : []
570 :: Rewards 7549.230 :: steps: 1.00 :: Time: 32.522(32.52217/step) :: Entropy : 0.000 :: Grads : []
580 :: Rewards 7745.623 :: steps: 1.00 :: Time: 2.536(2.53591/step) :: Entropy : 0.000 :: Grads : []
590 :: Rewards 7955.063 :: steps: 1.00 :: Time: 2.562(2.56222/step) :: Entropy : 0.000 :: Grads : []
600 :: Rewards 8124.365 :: steps: 1.00 :: Time: 2.551(2.55118/step) :: Entropy : 0.000 :: Grads : []
610 :: Rewards 8320.707 :: steps: 1.00 :: Time: 2.552(2.55196/step) :: Entropy : 0.000 :: Grads : []
620 :: Rewards 8499.906 :: steps: 1.00 :: Time: 2.579(2.57870/step) :: Entropy : 0.000 :: Grads : []
630 :: Rewards 8676.024 :: steps: 1.00 :: Time: 2.630(2.62957/step) :: Entropy : 0.000 :: Grads : []
640 :: Rewards 8878.501 :: steps: 1.00 :: Time: 2.586(2.58638/step) :: Entropy : 0.000 :: Grads : []
650 :: Rewards 9057.454 :: steps: 1.00 :: Time: 2.603(2.60269/step) :: Entropy : 0.000 :: Grads : []
660 :: Rewards 9236.144 :: steps: 1.00 :: Time: 2.585(2.58493/step) :: Entropy : 0.000 :: Grads : []
670 :: Rewards 9434.799 :: steps: 1.00 :: Time: 2.596(2.59648/step) :: Entropy : 0.000 :: Grads : []
680 :: Rewards 9611.435 :: steps: 1.00 :: Time: 2.583(2.58258/step) :: Entropy : 0.000 :: Grads : []
690 :: Rewards 9801.248 :: steps: 1.00 :: Time: 2.588(2.58766/step) :: Entropy : 0.000 :: Grads : []
700 :: Rewards 9980.709 :: steps: 1.00 :: Time: 2.575(2.57478/step) :: Entropy : 0.000 :: Grads : []
710 :: Rewards 10155.008 :: steps: 1.00 :: Time: 2.681(2.68096/step) :: Entropy : 0.000 :: Grads : []
720 :: Rewards 10317.804 :: steps: 1.00 :: Time: 2.584(2.58392/step) :: Entropy : 0.000 :: Grads : []
730 :: Rewards 10482.961 :: steps: 1.00 :: Time: 2.692(2.69227/step) :: Entropy : 0.000 :: Grads : []
740 :: Rewards 10655.882 :: steps: 1.00 :: Time: 2.659(2.65906/step) :: Entropy : 0.000 :: Grads : []
750 :: Rewards 10823.083 :: steps: 1.00 :: Time: 2.600(2.60002/step) :: Entropy : 0.000 :: Grads : []
760 :: Rewards 10977.938 :: steps: 1.00 :: Time: 2.602(2.60164/step) :: Entropy : 0.000 :: Grads : []
770 :: Rewards 11133.897 :: steps: 1.00 :: Time: 2.601(2.60144/step) :: Entropy : 0.000 :: Grads : []
780 :: Rewards 11312.596 :: steps: 1.00 :: Time: 2.583(2.58348/step) :: Entropy : 0.000 :: Grads : []
790 :: Rewards 11457.399 :: steps: 1.00 :: Time: 2.576(2.57586/step) :: Entropy : 0.000 :: Grads : []
800 :: Rewards 11616.688 :: steps: 1.00 :: Time: 2.811(2.81149/step) :: Entropy : 0.000 :: Grads : []
810 :: Rewards 11805.760 :: steps: 1.00 :: Time: 2.586(2.58576/step) :: Entropy : 0.000 :: Grads : []
820 :: Rewards 11941.106 :: steps: 1.00 :: Time: 2.580(2.58049/step) :: Entropy : 0.000 :: Grads : []
830 :: Rewards 12096.828 :: steps: 1.00 :: Time: 2.601(2.60142/step) :: Entropy : 0.000 :: Grads : []
840 :: Rewards 12241.736 :: steps: 1.00 :: Time: 2.576(2.57621/step) :: Entropy : 0.000 :: Grads : []
850 :: Rewards 12376.110 :: steps: 1.00 :: Time: 2.575(2.57545/step) :: Entropy : 0.000 :: Grads : []
860 :: Rewards 12536.773 :: steps: 1.00 :: Time: 2.604(2.60437/step) :: Entropy : 0.000 :: Grads : []
870 :: Rewards 12640.026 :: steps: 1.00 :: Time: 2.596(2.59614/step) :: Entropy : 0.000 :: Grads : []
880 :: Rewards 12774.384 :: steps: 1.00 :: Time: 2.571(2.57105/step) :: Entropy : 0.000 :: Grads : []
890 :: Rewards 12907.589 :: steps: 1.00 :: Time: 2.555(2.55536/step) :: Entropy : 0.000 :: Grads : []
900 :: Rewards 13044.046 :: steps: 1.00 :: Time: 2.592(2.59187/step) :: Entropy : 0.000 :: Grads : []
910 :: Rewards 13176.380 :: steps: 1.00 :: Time: 101.317(101.31690/step) :: Entropy : 0.000 :: Grads : []
920 :: Rewards 13276.389 :: steps: 1.00 :: Time: 2.573(2.57335/step) :: Entropy : 0.000 :: Grads : []
930 :: Rewards 13387.396 :: steps: 1.00 :: Time: 2.560(2.56041/step) :: Entropy : 0.000 :: Grads : []
940 :: Rewards 13474.202 :: steps: 1.00 :: Time: 32.483(32.48263/step) :: Entropy : 0.000 :: Grads : []
950 :: Rewards 13559.939 :: steps: 1.00 :: Time: 2.536(2.53611/step) :: Entropy : 0.000 :: Grads : []
960 :: Rewards 13653.587 :: steps: 1.00 :: Time: 26.876(26.87560/step) :: Entropy : 0.000 :: Grads : []
970 :: Rewards 13757.911 :: steps: 1.00 :: Time: 2.568(2.56768/step) :: Entropy : 0.000 :: Grads : []
980 :: Rewards 13859.525 :: steps: 1.00 :: Time: 2.547(2.54669/step) :: Entropy : 0.000 :: Grads : []
990 :: Rewards 13943.578 :: steps: 1.00 :: Time: 2.582(2.58232/step) :: Entropy : 0.000 :: Grads : []
999 :: Rewards 14026.266 :: steps: 0.90 :: Time: 2.294(2.54911/step) :: Entropy : 0.000 :: Grads : []
Total time taken: 5628.65687084198
