Module path:  Environments.NS_Reco NS_Reco
Dynamically loaded from:  <class 'Environments.NS_Reco.NS_Reco'>
Reward Amplitudes: [4.17022005e-01 7.20324493e-01 1.14374817e-04 3.02332573e-01
 1.46755891e-01] :: Avg 0.317309867282206 
Module path:  Src.Algorithms.ProWLS ProWLS
Dynamically loaded from:  <class 'Src.Algorithms.ProWLS.ProWLS'>
=====Configurations=====
 Namespace(NN_basis_dim='32', Policy_basis_dim='32', actor_lr=0.007650333890460954, algo_name='ProWLS', base=0, batch_size=1000, buffer_size=1000, debug=False, delta=5, entropy_lambda=0.03134205440723196, env_name='NS_Reco', experiment='NS_2_', extrapolator_basis='Fourier', folder_suffix='Default', fourier_coupled=True, fourier_k=3, fourier_order=3, gamma=0.99, gauss_std=1.5, gpu=0, hyper='default', importance_clip=15.0, inc=1, log_output='term_file', max_episodes=1000, max_inner=50, max_steps=500, optim='rmsprop', oracle=-1, raw_basis=True, restore=False, save_count=100, save_model=True, seed=24, speed=2, state_lr=0.001, summary=True, swarm=False, timestamp='5|24|17:39:22')
Actions space: 5 :: State space: 1
State Low: tensor([0.]) :: State High: tensor([1.])
State features:  [('dummy_param', torch.Size([1]))]
Policy:  [('fc1.weight', torch.Size([5, 1])), ('fc1.bias', torch.Size([5]))]
0 :: Rewards -0.007 :: steps: 0.10 :: Time: 0.000(0.00061/step) :: Entropy : 0.000 :: Grads : []
10 :: Rewards 0.037 :: steps: 1.00 :: Time: 0.006(0.00575/step) :: Entropy : 0.000 :: Grads : []
20 :: Rewards 0.230 :: steps: 1.00 :: Time: 0.006(0.00564/step) :: Entropy : 0.000 :: Grads : []
30 :: Rewards 0.682 :: steps: 1.00 :: Time: 0.006(0.00576/step) :: Entropy : 0.000 :: Grads : []
40 :: Rewards 1.187 :: steps: 1.00 :: Time: 0.006(0.00558/step) :: Entropy : 0.000 :: Grads : []
50 :: Rewards 2.081 :: steps: 1.00 :: Time: 0.006(0.00565/step) :: Entropy : 0.000 :: Grads : []
60 :: Rewards 3.427 :: steps: 1.00 :: Time: 0.006(0.00570/step) :: Entropy : 0.000 :: Grads : []
70 :: Rewards 5.192 :: steps: 1.00 :: Time: 0.006(0.00579/step) :: Entropy : 0.000 :: Grads : []
80 :: Rewards 8.632 :: steps: 1.00 :: Time: 0.006(0.00585/step) :: Entropy : 0.000 :: Grads : []
90 :: Rewards 11.940 :: steps: 1.00 :: Time: 0.006(0.00595/step) :: Entropy : 0.000 :: Grads : []
100 :: Rewards 15.665 :: steps: 1.00 :: Time: 0.006(0.00601/step) :: Entropy : 0.000 :: Grads : []
110 :: Rewards 19.726 :: steps: 1.00 :: Time: 0.006(0.00614/step) :: Entropy : 0.000 :: Grads : []
120 :: Rewards 24.175 :: steps: 1.00 :: Time: 0.006(0.00620/step) :: Entropy : 0.000 :: Grads : []
130 :: Rewards 29.819 :: steps: 1.00 :: Time: 0.006(0.00631/step) :: Entropy : 0.000 :: Grads : []
140 :: Rewards 35.734 :: steps: 1.00 :: Time: 0.006(0.00641/step) :: Entropy : 0.000 :: Grads : []
150 :: Rewards 41.932 :: steps: 1.00 :: Time: 0.007(0.00651/step) :: Entropy : 0.000 :: Grads : []
160 :: Rewards 48.401 :: steps: 1.00 :: Time: 0.007(0.00661/step) :: Entropy : 0.000 :: Grads : []
170 :: Rewards 54.728 :: steps: 1.00 :: Time: 0.007(0.00675/step) :: Entropy : 0.000 :: Grads : []
180 :: Rewards 61.548 :: steps: 1.00 :: Time: 0.007(0.00688/step) :: Entropy : 0.000 :: Grads : []
190 :: Rewards 64.685 :: steps: 1.00 :: Time: 0.007(0.00744/step) :: Entropy : 0.000 :: Grads : []
200 :: Rewards 68.665 :: steps: 1.00 :: Time: 0.007(0.00740/step) :: Entropy : 0.000 :: Grads : []
210 :: Rewards 74.007 :: steps: 1.00 :: Time: 0.008(0.00769/step) :: Entropy : 0.000 :: Grads : []
220 :: Rewards 81.192 :: steps: 1.00 :: Time: 0.008(0.00782/step) :: Entropy : 0.000 :: Grads : []
230 :: Rewards 88.384 :: steps: 1.00 :: Time: 0.008(0.00799/step) :: Entropy : 0.000 :: Grads : []
240 :: Rewards 95.556 :: steps: 1.00 :: Time: 0.008(0.00812/step) :: Entropy : 0.000 :: Grads : []
250 :: Rewards 102.645 :: steps: 1.00 :: Time: 0.008(0.00832/step) :: Entropy : 0.000 :: Grads : []
260 :: Rewards 109.618 :: steps: 1.00 :: Time: 0.008(0.00846/step) :: Entropy : 0.000 :: Grads : []
270 :: Rewards 115.110 :: steps: 1.00 :: Time: 0.009(0.00864/step) :: Entropy : 0.000 :: Grads : []
280 :: Rewards 121.755 :: steps: 1.00 :: Time: 0.009(0.00869/step) :: Entropy : 0.000 :: Grads : []
290 :: Rewards 128.155 :: steps: 1.00 :: Time: 0.009(0.00884/step) :: Entropy : 0.000 :: Grads : []
300 :: Rewards 134.301 :: steps: 1.00 :: Time: 0.009(0.00903/step) :: Entropy : 0.000 :: Grads : []
310 :: Rewards 138.851 :: steps: 1.00 :: Time: 0.010(0.00972/step) :: Entropy : 0.000 :: Grads : []
320 :: Rewards 144.005 :: steps: 1.00 :: Time: 0.010(0.01017/step) :: Entropy : 0.000 :: Grads : []
330 :: Rewards 149.250 :: steps: 1.00 :: Time: 0.010(0.01049/step) :: Entropy : 0.000 :: Grads : []
340 :: Rewards 152.957 :: steps: 1.00 :: Time: 0.010(0.01011/step) :: Entropy : 0.000 :: Grads : []
350 :: Rewards 157.257 :: steps: 1.00 :: Time: 0.010(0.00997/step) :: Entropy : 0.000 :: Grads : []
360 :: Rewards 161.270 :: steps: 1.00 :: Time: 0.010(0.00999/step) :: Entropy : 0.000 :: Grads : []
370 :: Rewards 164.889 :: steps: 1.00 :: Time: 0.010(0.01044/step) :: Entropy : 0.000 :: Grads : []
380 :: Rewards 168.103 :: steps: 1.00 :: Time: 0.010(0.01042/step) :: Entropy : 0.000 :: Grads : []
390 :: Rewards 171.047 :: steps: 1.00 :: Time: 0.011(0.01066/step) :: Entropy : 0.000 :: Grads : []
400 :: Rewards 173.849 :: steps: 1.00 :: Time: 0.012(0.01163/step) :: Entropy : 0.000 :: Grads : []
410 :: Rewards 176.804 :: steps: 1.00 :: Time: 0.011(0.01113/step) :: Entropy : 0.000 :: Grads : []
420 :: Rewards 179.274 :: steps: 1.00 :: Time: 0.012(0.01157/step) :: Entropy : 0.000 :: Grads : []
430 :: Rewards 182.174 :: steps: 1.00 :: Time: 0.011(0.01146/step) :: Entropy : 0.000 :: Grads : []
440 :: Rewards 184.891 :: steps: 1.00 :: Time: 0.012(0.01150/step) :: Entropy : 0.000 :: Grads : []
450 :: Rewards 187.536 :: steps: 1.00 :: Time: 0.012(0.01174/step) :: Entropy : 0.000 :: Grads : []
460 :: Rewards 190.040 :: steps: 1.00 :: Time: 0.012(0.01172/step) :: Entropy : 0.000 :: Grads : []
470 :: Rewards 192.119 :: steps: 1.00 :: Time: 0.012(0.01211/step) :: Entropy : 0.000 :: Grads : []
480 :: Rewards 193.640 :: steps: 1.00 :: Time: 0.012(0.01217/step) :: Entropy : 0.000 :: Grads : []
490 :: Rewards 195.437 :: steps: 1.00 :: Time: 0.012(0.01247/step) :: Entropy : 0.000 :: Grads : []
500 :: Rewards 196.927 :: steps: 1.00 :: Time: 0.013(0.01252/step) :: Entropy : 0.000 :: Grads : []
510 :: Rewards 198.364 :: steps: 1.00 :: Time: 0.013(0.01284/step) :: Entropy : 0.000 :: Grads : []
520 :: Rewards 199.627 :: steps: 1.00 :: Time: 0.013(0.01305/step) :: Entropy : 0.000 :: Grads : []
530 :: Rewards 200.675 :: steps: 1.00 :: Time: 0.013(0.01338/step) :: Entropy : 0.000 :: Grads : []
540 :: Rewards 201.525 :: steps: 1.00 :: Time: 0.013(0.01339/step) :: Entropy : 0.000 :: Grads : []
550 :: Rewards 202.358 :: steps: 1.00 :: Time: 0.014(0.01378/step) :: Entropy : 0.000 :: Grads : []
560 :: Rewards 203.013 :: steps: 1.00 :: Time: 0.014(0.01384/step) :: Entropy : 0.000 :: Grads : []
570 :: Rewards 203.697 :: steps: 1.00 :: Time: 0.014(0.01428/step) :: Entropy : 0.000 :: Grads : []
580 :: Rewards 204.243 :: steps: 1.00 :: Time: 0.014(0.01444/step) :: Entropy : 0.000 :: Grads : []
590 :: Rewards 204.957 :: steps: 1.00 :: Time: 0.015(0.01488/step) :: Entropy : 0.000 :: Grads : []
600 :: Rewards 205.697 :: steps: 1.00 :: Time: 0.015(0.01493/step) :: Entropy : 0.000 :: Grads : []
610 :: Rewards 206.373 :: steps: 1.00 :: Time: 0.015(0.01544/step) :: Entropy : 0.000 :: Grads : []
620 :: Rewards 206.893 :: steps: 1.00 :: Time: 0.016(0.01555/step) :: Entropy : 0.000 :: Grads : []
630 :: Rewards 207.315 :: steps: 1.00 :: Time: 0.016(0.01588/step) :: Entropy : 0.000 :: Grads : []
640 :: Rewards 207.844 :: steps: 1.00 :: Time: 0.016(0.01608/step) :: Entropy : 0.000 :: Grads : []
650 :: Rewards 208.409 :: steps: 1.00 :: Time: 0.017(0.01658/step) :: Entropy : 0.000 :: Grads : []
660 :: Rewards 208.930 :: steps: 1.00 :: Time: 0.017(0.01661/step) :: Entropy : 0.000 :: Grads : []
670 :: Rewards 209.215 :: steps: 1.00 :: Time: 0.017(0.01733/step) :: Entropy : 0.000 :: Grads : []
680 :: Rewards 209.580 :: steps: 1.00 :: Time: 0.017(0.01735/step) :: Entropy : 0.000 :: Grads : []
690 :: Rewards 209.871 :: steps: 1.00 :: Time: 0.018(0.01827/step) :: Entropy : 0.000 :: Grads : []
700 :: Rewards 210.096 :: steps: 1.00 :: Time: 0.018(0.01818/step) :: Entropy : 0.000 :: Grads : []
710 :: Rewards 210.289 :: steps: 1.00 :: Time: 0.020(0.01979/step) :: Entropy : 0.000 :: Grads : []
720 :: Rewards 210.466 :: steps: 1.00 :: Time: 0.019(0.01875/step) :: Entropy : 0.000 :: Grads : []
730 :: Rewards 210.534 :: steps: 1.00 :: Time: 0.020(0.01954/step) :: Entropy : 0.000 :: Grads : []
740 :: Rewards 210.542 :: steps: 1.00 :: Time: 0.020(0.01958/step) :: Entropy : 0.000 :: Grads : []
750 :: Rewards 210.530 :: steps: 1.00 :: Time: 0.020(0.02028/step) :: Entropy : 0.000 :: Grads : []
760 :: Rewards 210.441 :: steps: 1.00 :: Time: 0.021(0.02055/step) :: Entropy : 0.000 :: Grads : []
770 :: Rewards 210.384 :: steps: 1.00 :: Time: 0.021(0.02118/step) :: Entropy : 0.000 :: Grads : []
780 :: Rewards 210.323 :: steps: 1.00 :: Time: 0.021(0.02150/step) :: Entropy : 0.000 :: Grads : []
790 :: Rewards 210.138 :: steps: 1.00 :: Time: 0.022(0.02205/step) :: Entropy : 0.000 :: Grads : []
800 :: Rewards 209.955 :: steps: 1.00 :: Time: 0.022(0.02242/step) :: Entropy : 0.000 :: Grads : []
810 :: Rewards 209.851 :: steps: 1.00 :: Time: 0.023(0.02281/step) :: Entropy : 0.000 :: Grads : []
820 :: Rewards 209.777 :: steps: 1.00 :: Time: 0.023(0.02331/step) :: Entropy : 0.000 :: Grads : []
830 :: Rewards 209.695 :: steps: 1.00 :: Time: 0.027(0.02686/step) :: Entropy : 0.000 :: Grads : []
840 :: Rewards 209.662 :: steps: 1.00 :: Time: 0.025(0.02452/step) :: Entropy : 0.000 :: Grads : []
850 :: Rewards 209.522 :: steps: 1.00 :: Time: 0.025(0.02499/step) :: Entropy : 0.000 :: Grads : []
860 :: Rewards 209.418 :: steps: 1.00 :: Time: 0.025(0.02522/step) :: Entropy : 0.000 :: Grads : []
870 :: Rewards 209.340 :: steps: 1.00 :: Time: 0.026(0.02583/step) :: Entropy : 0.000 :: Grads : []
880 :: Rewards 209.153 :: steps: 1.00 :: Time: 0.027(0.02727/step) :: Entropy : 0.000 :: Grads : []
890 :: Rewards 209.136 :: steps: 1.00 :: Time: 0.027(0.02739/step) :: Entropy : 0.000 :: Grads : []
900 :: Rewards 208.645 :: steps: 1.00 :: Time: 0.028(0.02824/step) :: Entropy : 0.000 :: Grads : []
910 :: Rewards 208.573 :: steps: 1.00 :: Time: 0.029(0.02941/step) :: Entropy : 0.000 :: Grads : []
920 :: Rewards 208.445 :: steps: 1.00 :: Time: 0.030(0.03010/step) :: Entropy : 0.000 :: Grads : []
930 :: Rewards 208.474 :: steps: 1.00 :: Time: 0.030(0.03009/step) :: Entropy : 0.000 :: Grads : []
940 :: Rewards 208.449 :: steps: 1.00 :: Time: 0.031(0.03072/step) :: Entropy : 0.000 :: Grads : []
950 :: Rewards 208.363 :: steps: 1.00 :: Time: 0.031(0.03106/step) :: Entropy : 0.000 :: Grads : []
960 :: Rewards 208.397 :: steps: 1.00 :: Time: 0.032(0.03170/step) :: Entropy : 0.000 :: Grads : []
970 :: Rewards 208.136 :: steps: 1.00 :: Time: 0.032(0.03239/step) :: Entropy : 0.000 :: Grads : []
980 :: Rewards 208.183 :: steps: 1.00 :: Time: 0.033(0.03290/step) :: Entropy : 0.000 :: Grads : []
990 :: Rewards 208.200 :: steps: 1.00 :: Time: 0.033(0.03335/step) :: Entropy : 0.000 :: Grads : []
999 :: Rewards 208.203 :: steps: 0.90 :: Time: 0.034(0.03722/step) :: Entropy : 0.000 :: Grads : []
Total time taken: 15.19134783744812
