Module path:  Environments.NS_Reco NS_Reco
Dynamically loaded from:  <class 'Environments.NS_Reco.NS_Reco'>
Reward Amplitudes: [4.17022005e-01 7.20324493e-01 1.14374817e-04 3.02332573e-01
 1.46755891e-01] :: Avg 0.317309867282206 
Module path:  Src.Algorithms.OFPG OFPG
Dynamically loaded from:  <class 'Src.Algorithms.OFPG.OFPG'>
=====Configurations=====
 Namespace(NN_basis_dim='32', Policy_basis_dim='32', actor_lr=0.005252014538415403, algo_name='OFPG', base=0, batch_size=1000, buffer_size=1000, debug=False, delta=1, entropy_lambda=0.08551739420792737, env_name='NS_Reco', experiment='NS_4_', extrapolator_basis='Fourier', folder_suffix='Default', fourier_coupled=True, fourier_k=7, fourier_order=3, gamma=0.99, gauss_std=1.5, gpu=0, hyper='default', importance_clip=10.0, inc=1, log_output='term_file', max_episodes=1000, max_inner=20, max_steps=500, optim='rmsprop', oracle=-1, raw_basis=True, restore=False, save_count=100, save_model=True, seed=17, speed=4, state_lr=0.001, summary=True, swarm=False, timestamp='5|24|22:56:58')
Actions space: 5 :: State space: 1
State Low: tensor([0.]) :: State High: tensor([1.])
State features:  [('dummy_param', torch.Size([1]))]
Policy:  [('fc1.weight', torch.Size([5, 1])), ('fc1.bias', torch.Size([5]))]
0 :: Rewards 0.001 :: steps: 0.10 :: Time: 0.001(0.00963/step) :: Entropy : 0.000 :: Grads : []
10 :: Rewards 0.257 :: steps: 1.00 :: Time: 0.008(0.00821/step) :: Entropy : 0.000 :: Grads : []
20 :: Rewards 0.962 :: steps: 1.00 :: Time: 0.008(0.00827/step) :: Entropy : 0.000 :: Grads : []
30 :: Rewards 2.641 :: steps: 1.00 :: Time: 0.008(0.00847/step) :: Entropy : 0.000 :: Grads : []
40 :: Rewards 4.337 :: steps: 1.00 :: Time: 0.008(0.00818/step) :: Entropy : 0.000 :: Grads : []
50 :: Rewards 7.491 :: steps: 1.00 :: Time: 0.008(0.00830/step) :: Entropy : 0.000 :: Grads : []
60 :: Rewards 10.886 :: steps: 1.00 :: Time: 0.008(0.00827/step) :: Entropy : 0.000 :: Grads : []
70 :: Rewards 15.955 :: steps: 1.00 :: Time: 0.008(0.00836/step) :: Entropy : 0.000 :: Grads : []
80 :: Rewards 20.776 :: steps: 1.00 :: Time: 0.009(0.00851/step) :: Entropy : 0.000 :: Grads : []
90 :: Rewards 26.543 :: steps: 1.00 :: Time: 0.009(0.00862/step) :: Entropy : 0.000 :: Grads : []
100 :: Rewards 32.034 :: steps: 1.00 :: Time: 0.009(0.00861/step) :: Entropy : 0.000 :: Grads : []
110 :: Rewards 38.888 :: steps: 1.00 :: Time: 0.009(0.00870/step) :: Entropy : 0.000 :: Grads : []
120 :: Rewards 45.329 :: steps: 1.00 :: Time: 0.009(0.00874/step) :: Entropy : 0.000 :: Grads : []
130 :: Rewards 51.643 :: steps: 1.00 :: Time: 0.009(0.00883/step) :: Entropy : 0.000 :: Grads : []
140 :: Rewards 58.070 :: steps: 1.00 :: Time: 0.009(0.00900/step) :: Entropy : 0.000 :: Grads : []
150 :: Rewards 64.341 :: steps: 1.00 :: Time: 0.009(0.00909/step) :: Entropy : 0.000 :: Grads : []
160 :: Rewards 69.845 :: steps: 1.00 :: Time: 0.009(0.00904/step) :: Entropy : 0.000 :: Grads : []
170 :: Rewards 74.615 :: steps: 1.00 :: Time: 0.009(0.00916/step) :: Entropy : 0.000 :: Grads : []
180 :: Rewards 78.858 :: steps: 1.00 :: Time: 0.009(0.00919/step) :: Entropy : 0.000 :: Grads : []
190 :: Rewards 82.258 :: steps: 1.00 :: Time: 0.009(0.00940/step) :: Entropy : 0.000 :: Grads : []
200 :: Rewards 84.666 :: steps: 1.00 :: Time: 0.009(0.00942/step) :: Entropy : 0.000 :: Grads : []
210 :: Rewards 86.403 :: steps: 1.00 :: Time: 0.009(0.00939/step) :: Entropy : 0.000 :: Grads : []
220 :: Rewards 87.014 :: steps: 1.00 :: Time: 0.010(0.00954/step) :: Entropy : 0.000 :: Grads : []
230 :: Rewards 86.633 :: steps: 1.00 :: Time: 0.010(0.00967/step) :: Entropy : 0.000 :: Grads : []
240 :: Rewards 86.361 :: steps: 1.00 :: Time: 0.010(0.00962/step) :: Entropy : 0.000 :: Grads : []
250 :: Rewards 84.654 :: steps: 1.00 :: Time: 0.010(0.00973/step) :: Entropy : 0.000 :: Grads : []
260 :: Rewards 82.122 :: steps: 1.00 :: Time: 0.010(0.00996/step) :: Entropy : 0.000 :: Grads : []
270 :: Rewards 78.269 :: steps: 1.00 :: Time: 0.010(0.01005/step) :: Entropy : 0.000 :: Grads : []
280 :: Rewards 75.964 :: steps: 1.00 :: Time: 0.010(0.01016/step) :: Entropy : 0.000 :: Grads : []
290 :: Rewards 73.306 :: steps: 1.00 :: Time: 0.010(0.01034/step) :: Entropy : 0.000 :: Grads : []
300 :: Rewards 71.760 :: steps: 1.00 :: Time: 0.010(0.01026/step) :: Entropy : 0.000 :: Grads : []
310 :: Rewards 69.455 :: steps: 1.00 :: Time: 0.010(0.01046/step) :: Entropy : 0.000 :: Grads : []
320 :: Rewards 67.141 :: steps: 1.00 :: Time: 0.011(0.01053/step) :: Entropy : 0.000 :: Grads : []
330 :: Rewards 65.949 :: steps: 1.00 :: Time: 0.011(0.01081/step) :: Entropy : 0.000 :: Grads : []
340 :: Rewards 63.585 :: steps: 1.00 :: Time: 0.011(0.01090/step) :: Entropy : 0.000 :: Grads : []
350 :: Rewards 60.926 :: steps: 1.00 :: Time: 0.011(0.01097/step) :: Entropy : 0.000 :: Grads : []
360 :: Rewards 57.599 :: steps: 1.00 :: Time: 0.011(0.01115/step) :: Entropy : 0.000 :: Grads : []
370 :: Rewards 55.043 :: steps: 1.00 :: Time: 0.011(0.01127/step) :: Entropy : 0.000 :: Grads : []
380 :: Rewards 52.730 :: steps: 1.00 :: Time: 0.011(0.01142/step) :: Entropy : 0.000 :: Grads : []
390 :: Rewards 49.839 :: steps: 1.00 :: Time: 0.011(0.01138/step) :: Entropy : 0.000 :: Grads : []
400 :: Rewards 46.803 :: steps: 1.00 :: Time: 0.012(0.01151/step) :: Entropy : 0.000 :: Grads : []
410 :: Rewards 43.629 :: steps: 1.00 :: Time: 0.012(0.01180/step) :: Entropy : 0.000 :: Grads : []
420 :: Rewards 41.371 :: steps: 1.00 :: Time: 0.012(0.01216/step) :: Entropy : 0.000 :: Grads : []
430 :: Rewards 38.985 :: steps: 1.00 :: Time: 0.012(0.01206/step) :: Entropy : 0.000 :: Grads : []
440 :: Rewards 36.864 :: steps: 1.00 :: Time: 0.012(0.01229/step) :: Entropy : 0.000 :: Grads : []
450 :: Rewards 34.852 :: steps: 1.00 :: Time: 0.012(0.01225/step) :: Entropy : 0.000 :: Grads : []
460 :: Rewards 33.680 :: steps: 1.00 :: Time: 0.012(0.01235/step) :: Entropy : 0.000 :: Grads : []
470 :: Rewards 32.503 :: steps: 1.00 :: Time: 0.012(0.01236/step) :: Entropy : 0.000 :: Grads : []
480 :: Rewards 31.692 :: steps: 1.00 :: Time: 0.012(0.01243/step) :: Entropy : 0.000 :: Grads : []
490 :: Rewards 32.650 :: steps: 1.00 :: Time: 0.012(0.01247/step) :: Entropy : 0.000 :: Grads : []
500 :: Rewards 32.383 :: steps: 1.00 :: Time: 0.013(0.01258/step) :: Entropy : 0.000 :: Grads : []
510 :: Rewards 31.654 :: steps: 1.00 :: Time: 0.013(0.01275/step) :: Entropy : 0.000 :: Grads : []
520 :: Rewards 32.266 :: steps: 1.00 :: Time: 0.013(0.01291/step) :: Entropy : 0.000 :: Grads : []
530 :: Rewards 32.700 :: steps: 1.00 :: Time: 0.013(0.01302/step) :: Entropy : 0.000 :: Grads : []
540 :: Rewards 32.842 :: steps: 1.00 :: Time: 0.013(0.01319/step) :: Entropy : 0.000 :: Grads : []
550 :: Rewards 35.005 :: steps: 1.00 :: Time: 0.013(0.01313/step) :: Entropy : 0.000 :: Grads : []
560 :: Rewards 37.598 :: steps: 1.00 :: Time: 0.013(0.01328/step) :: Entropy : 0.000 :: Grads : []
570 :: Rewards 41.708 :: steps: 1.00 :: Time: 0.013(0.01324/step) :: Entropy : 0.000 :: Grads : []
580 :: Rewards 45.560 :: steps: 1.00 :: Time: 0.013(0.01334/step) :: Entropy : 0.000 :: Grads : []
590 :: Rewards 47.961 :: steps: 1.00 :: Time: 0.014(0.01353/step) :: Entropy : 0.000 :: Grads : []
600 :: Rewards 53.115 :: steps: 1.00 :: Time: 0.013(0.01343/step) :: Entropy : 0.000 :: Grads : []
610 :: Rewards 56.619 :: steps: 1.00 :: Time: 0.014(0.01372/step) :: Entropy : 0.000 :: Grads : []
620 :: Rewards 59.787 :: steps: 1.00 :: Time: 0.014(0.01355/step) :: Entropy : 0.000 :: Grads : []
630 :: Rewards 62.713 :: steps: 1.00 :: Time: 0.014(0.01357/step) :: Entropy : 0.000 :: Grads : []
640 :: Rewards 64.841 :: steps: 1.00 :: Time: 0.014(0.01357/step) :: Entropy : 0.000 :: Grads : []
650 :: Rewards 66.092 :: steps: 1.00 :: Time: 0.014(0.01377/step) :: Entropy : 0.000 :: Grads : []
660 :: Rewards 66.551 :: steps: 1.00 :: Time: 0.014(0.01393/step) :: Entropy : 0.000 :: Grads : []
670 :: Rewards 67.730 :: steps: 1.00 :: Time: 0.014(0.01393/step) :: Entropy : 0.000 :: Grads : []
680 :: Rewards 66.734 :: steps: 1.00 :: Time: 0.014(0.01388/step) :: Entropy : 0.000 :: Grads : []
690 :: Rewards 65.333 :: steps: 1.00 :: Time: 0.014(0.01392/step) :: Entropy : 0.000 :: Grads : []
700 :: Rewards 64.455 :: steps: 1.00 :: Time: 0.014(0.01398/step) :: Entropy : 0.000 :: Grads : []
710 :: Rewards 63.815 :: steps: 1.00 :: Time: 0.014(0.01421/step) :: Entropy : 0.000 :: Grads : []
720 :: Rewards 63.162 :: steps: 1.00 :: Time: 0.014(0.01403/step) :: Entropy : 0.000 :: Grads : []
730 :: Rewards 60.670 :: steps: 1.00 :: Time: 0.014(0.01410/step) :: Entropy : 0.000 :: Grads : []
740 :: Rewards 60.836 :: steps: 1.00 :: Time: 0.014(0.01428/step) :: Entropy : 0.000 :: Grads : []
750 :: Rewards 59.068 :: steps: 1.00 :: Time: 0.014(0.01424/step) :: Entropy : 0.000 :: Grads : []
760 :: Rewards 56.485 :: steps: 1.00 :: Time: 0.015(0.01450/step) :: Entropy : 0.000 :: Grads : []
770 :: Rewards 55.233 :: steps: 1.00 :: Time: 0.015(0.01456/step) :: Entropy : 0.000 :: Grads : []
780 :: Rewards 52.951 :: steps: 1.00 :: Time: 0.015(0.01454/step) :: Entropy : 0.000 :: Grads : []
790 :: Rewards 50.705 :: steps: 1.00 :: Time: 0.015(0.01467/step) :: Entropy : 0.000 :: Grads : []
800 :: Rewards 49.227 :: steps: 1.00 :: Time: 0.015(0.01472/step) :: Entropy : 0.000 :: Grads : []
810 :: Rewards 49.109 :: steps: 1.00 :: Time: 0.015(0.01511/step) :: Entropy : 0.000 :: Grads : []
820 :: Rewards 50.045 :: steps: 1.00 :: Time: 0.015(0.01523/step) :: Entropy : 0.000 :: Grads : []
830 :: Rewards 48.696 :: steps: 1.00 :: Time: 0.015(0.01510/step) :: Entropy : 0.000 :: Grads : []
840 :: Rewards 48.684 :: steps: 1.00 :: Time: 0.015(0.01511/step) :: Entropy : 0.000 :: Grads : []
850 :: Rewards 49.016 :: steps: 1.00 :: Time: 0.015(0.01525/step) :: Entropy : 0.000 :: Grads : []
860 :: Rewards 49.481 :: steps: 1.00 :: Time: 0.015(0.01522/step) :: Entropy : 0.000 :: Grads : []
870 :: Rewards 49.660 :: steps: 1.00 :: Time: 0.015(0.01520/step) :: Entropy : 0.000 :: Grads : []
880 :: Rewards 49.445 :: steps: 1.00 :: Time: 0.015(0.01521/step) :: Entropy : 0.000 :: Grads : []
890 :: Rewards 49.140 :: steps: 1.00 :: Time: 0.015(0.01510/step) :: Entropy : 0.000 :: Grads : []
900 :: Rewards 48.768 :: steps: 1.00 :: Time: 0.015(0.01526/step) :: Entropy : 0.000 :: Grads : []
910 :: Rewards 48.029 :: steps: 1.00 :: Time: 0.015(0.01549/step) :: Entropy : 0.000 :: Grads : []
920 :: Rewards 47.071 :: steps: 1.00 :: Time: 0.016(0.01562/step) :: Entropy : 0.000 :: Grads : []
930 :: Rewards 46.475 :: steps: 1.00 :: Time: 0.015(0.01550/step) :: Entropy : 0.000 :: Grads : []
940 :: Rewards 45.926 :: steps: 1.00 :: Time: 0.016(0.01563/step) :: Entropy : 0.000 :: Grads : []
950 :: Rewards 45.119 :: steps: 1.00 :: Time: 0.016(0.01574/step) :: Entropy : 0.000 :: Grads : []
960 :: Rewards 44.438 :: steps: 1.00 :: Time: 0.016(0.01581/step) :: Entropy : 0.000 :: Grads : []
970 :: Rewards 43.696 :: steps: 1.00 :: Time: 0.016(0.01586/step) :: Entropy : 0.000 :: Grads : []
980 :: Rewards 42.785 :: steps: 1.00 :: Time: 0.016(0.01589/step) :: Entropy : 0.000 :: Grads : []
990 :: Rewards 43.583 :: steps: 1.00 :: Time: 0.016(0.01580/step) :: Entropy : 0.000 :: Grads : []
999 :: Rewards 45.284 :: steps: 0.90 :: Time: 0.014(0.01593/step) :: Entropy : 0.000 :: Grads : []
Total time taken: 12.346394062042236
