Module path:  Src.Algorithms.ProWLS ProWLS
Dynamically loaded from:  <class 'Src.Algorithms.ProWLS.ProWLS'>
=====Configurations=====
 Namespace(NN_basis_dim='32', Policy_basis_dim='32', actor_lr=0.0074984506903203125, algo_name='ProWLS', base=0, batch_size=1000, buffer_size=1000, debug=False, delta=1, entropy_lambda=0.1, env_name='NS_SimGlucose-v0', experiment='NS_4_', extrapolator_basis='Fourier', folder_suffix='Default', fourier_coupled=True, fourier_k=3, fourier_order=3, gamma=0.99, gauss_std=0.89098, gpu=0, hyper='default', importance_clip=10.0, inc=1, log_output='term_file', max_episodes=1000, max_inner=30, max_steps=500, optim='rmsprop', oracle=-1, raw_basis=True, restore=False, save_count=100, save_model=True, seed=2, speed=4, state_lr=0.001, summary=True, swarm=False, timestamp='5|29|23:16:25')
Actions space: 2 :: State space: 1
State Low: tensor([0.]) :: State High: tensor([1.])
State features:  [('dummy_param', torch.Size([1]))]
Action Low: [3. 5.] :: Action High: [30. 50.]
Policy:  [('fc_mean.weight', torch.Size([2, 1])), ('fc_mean.bias', torch.Size([2]))]
0 :: Rewards 9.746 :: steps: 0.10 :: Time: 0.274(2.73627/step) :: Entropy : 0.000 :: Grads : []
10 :: Rewards 82.738 :: steps: 1.00 :: Time: 2.710(2.70958/step) :: Entropy : 0.000 :: Grads : []
20 :: Rewards 121.537 :: steps: 1.00 :: Time: 2.682(2.68184/step) :: Entropy : 0.000 :: Grads : []
30 :: Rewards 212.377 :: steps: 1.00 :: Time: 2.691(2.69119/step) :: Entropy : 0.000 :: Grads : []
40 :: Rewards 315.419 :: steps: 1.00 :: Time: 2.664(2.66403/step) :: Entropy : 0.000 :: Grads : []
50 :: Rewards 495.487 :: steps: 1.00 :: Time: 2.686(2.68640/step) :: Entropy : 0.000 :: Grads : []
60 :: Rewards 695.005 :: steps: 1.00 :: Time: 2.668(2.66815/step) :: Entropy : 0.000 :: Grads : []
Runtime Error:  inverse_cpu: The diagonal element 2 is zero, the inversion could not be completed because the input matrix is singular.
70 :: Rewards 942.832 :: steps: 1.00 :: Time: 2.687(2.68658/step) :: Entropy : 0.000 :: Grads : []
80 :: Rewards 1222.127 :: steps: 1.00 :: Time: 2.667(2.66657/step) :: Entropy : 0.000 :: Grads : []
90 :: Rewards 1517.868 :: steps: 1.00 :: Time: 2.718(2.71758/step) :: Entropy : 0.000 :: Grads : []
100 :: Rewards 1814.431 :: steps: 1.00 :: Time: 2.674(2.67438/step) :: Entropy : 0.000 :: Grads : []
110 :: Rewards 2093.469 :: steps: 1.00 :: Time: 2.672(2.67233/step) :: Entropy : 0.000 :: Grads : []
120 :: Rewards 2366.392 :: steps: 1.00 :: Time: 2.647(2.64730/step) :: Entropy : 0.000 :: Grads : []
130 :: Rewards 2641.191 :: steps: 1.00 :: Time: 2.742(2.74198/step) :: Entropy : 0.000 :: Grads : []
140 :: Rewards 2944.233 :: steps: 1.00 :: Time: 2.650(2.64977/step) :: Entropy : 0.000 :: Grads : []
150 :: Rewards 3241.979 :: steps: 1.00 :: Time: 2.637(2.63747/step) :: Entropy : 0.000 :: Grads : []
160 :: Rewards 3555.962 :: steps: 1.00 :: Time: 2.666(2.66573/step) :: Entropy : 0.000 :: Grads : []
170 :: Rewards 3836.483 :: steps: 1.00 :: Time: 2.678(2.67755/step) :: Entropy : 0.000 :: Grads : []
Runtime Error:  inverse_cpu: The diagonal element 2 is zero, the inversion could not be completed because the input matrix is singular.
180 :: Rewards 4131.328 :: steps: 1.00 :: Time: 2.697(2.69677/step) :: Entropy : 0.000 :: Grads : []
190 :: Rewards 4396.072 :: steps: 1.00 :: Time: 2.645(2.64487/step) :: Entropy : 0.000 :: Grads : []
200 :: Rewards 4667.418 :: steps: 1.00 :: Time: 2.637(2.63730/step) :: Entropy : 0.000 :: Grads : []
210 :: Rewards 4921.148 :: steps: 1.00 :: Time: 2.631(2.63121/step) :: Entropy : 0.000 :: Grads : []
220 :: Rewards 5129.409 :: steps: 1.00 :: Time: 2.695(2.69527/step) :: Entropy : 0.000 :: Grads : []
230 :: Rewards 5345.811 :: steps: 1.00 :: Time: 2.660(2.66001/step) :: Entropy : 0.000 :: Grads : []
240 :: Rewards 5528.329 :: steps: 1.00 :: Time: 2.650(2.65032/step) :: Entropy : 0.000 :: Grads : []
250 :: Rewards 5711.543 :: steps: 1.00 :: Time: 2.637(2.63659/step) :: Entropy : 0.000 :: Grads : []
260 :: Rewards 5891.435 :: steps: 1.00 :: Time: 2.716(2.71616/step) :: Entropy : 0.000 :: Grads : []
270 :: Rewards 6066.043 :: steps: 1.00 :: Time: 2.713(2.71331/step) :: Entropy : 0.000 :: Grads : []
280 :: Rewards 6236.065 :: steps: 1.00 :: Time: 2.678(2.67842/step) :: Entropy : 0.000 :: Grads : []
290 :: Rewards 6420.702 :: steps: 1.00 :: Time: 2.674(2.67407/step) :: Entropy : 0.000 :: Grads : []
300 :: Rewards 6610.301 :: steps: 1.00 :: Time: 2.663(2.66252/step) :: Entropy : 0.000 :: Grads : []
310 :: Rewards 6830.585 :: steps: 1.00 :: Time: 2.665(2.66548/step) :: Entropy : 0.000 :: Grads : []
320 :: Rewards 7083.362 :: steps: 1.00 :: Time: 2.665(2.66459/step) :: Entropy : 0.000 :: Grads : []
330 :: Rewards 7336.673 :: steps: 1.00 :: Time: 2.694(2.69363/step) :: Entropy : 0.000 :: Grads : []
340 :: Rewards 7610.087 :: steps: 1.00 :: Time: 2.645(2.64506/step) :: Entropy : 0.000 :: Grads : []
Runtime Error:  inverse_cpu: The diagonal element 2 is zero, the inversion could not be completed because the input matrix is singular.
Runtime Error:  inverse_cpu: The diagonal element 3 is zero, the inversion could not be completed because the input matrix is singular.
350 :: Rewards 7896.054 :: steps: 1.00 :: Time: 2.700(2.69962/step) :: Entropy : 0.000 :: Grads : []
360 :: Rewards 8186.827 :: steps: 1.00 :: Time: 2.716(2.71625/step) :: Entropy : 0.000 :: Grads : []
370 :: Rewards 8482.503 :: steps: 1.00 :: Time: 2.710(2.70985/step) :: Entropy : 0.000 :: Grads : []
380 :: Rewards 8791.177 :: steps: 1.00 :: Time: 2.682(2.68219/step) :: Entropy : 0.000 :: Grads : []
390 :: Rewards 9049.103 :: steps: 1.00 :: Time: 2.718(2.71843/step) :: Entropy : 0.000 :: Grads : []
400 :: Rewards 9335.679 :: steps: 1.00 :: Time: 2.688(2.68789/step) :: Entropy : 0.000 :: Grads : []
410 :: Rewards 9433.523 :: steps: 1.00 :: Time: 2.790(2.79016/step) :: Entropy : 0.000 :: Grads : []
420 :: Rewards 9478.602 :: steps: 1.00 :: Time: 2.830(2.83002/step) :: Entropy : 0.000 :: Grads : []
430 :: Rewards 9480.105 :: steps: 1.00 :: Time: 2.818(2.81827/step) :: Entropy : 0.000 :: Grads : []
440 :: Rewards 9466.216 :: steps: 1.00 :: Time: 2.846(2.84561/step) :: Entropy : 0.000 :: Grads : []
450 :: Rewards 9436.905 :: steps: 1.00 :: Time: 2.861(2.86078/step) :: Entropy : 0.000 :: Grads : []
460 :: Rewards 9393.847 :: steps: 1.00 :: Time: 2.862(2.86250/step) :: Entropy : 0.000 :: Grads : []
470 :: Rewards 9339.587 :: steps: 1.00 :: Time: 2.847(2.84665/step) :: Entropy : 0.000 :: Grads : []
480 :: Rewards 9275.878 :: steps: 1.00 :: Time: 2.858(2.85846/step) :: Entropy : 0.000 :: Grads : []
490 :: Rewards 9204.942 :: steps: 1.00 :: Time: 2.843(2.84272/step) :: Entropy : 0.000 :: Grads : []
500 :: Rewards 9128.654 :: steps: 1.00 :: Time: 2.855(2.85502/step) :: Entropy : 0.000 :: Grads : []
510 :: Rewards 9048.786 :: steps: 1.00 :: Time: 2.853(2.85280/step) :: Entropy : 0.000 :: Grads : []
520 :: Rewards 8967.239 :: steps: 1.00 :: Time: 2.840(2.83974/step) :: Entropy : 0.000 :: Grads : []
530 :: Rewards 8885.522 :: steps: 1.00 :: Time: 2.906(2.90577/step) :: Entropy : 0.000 :: Grads : []
540 :: Rewards 8805.135 :: steps: 1.00 :: Time: 2.838(2.83814/step) :: Entropy : 0.000 :: Grads : []
550 :: Rewards 8727.798 :: steps: 1.00 :: Time: 2.795(2.79544/step) :: Entropy : 0.000 :: Grads : []
560 :: Rewards 8655.219 :: steps: 1.00 :: Time: 2.793(2.79265/step) :: Entropy : 0.000 :: Grads : []
570 :: Rewards 8589.461 :: steps: 1.00 :: Time: 2.798(2.79763/step) :: Entropy : 0.000 :: Grads : []
580 :: Rewards 8532.735 :: steps: 1.00 :: Time: 2.824(2.82377/step) :: Entropy : 0.000 :: Grads : []
590 :: Rewards 8486.691 :: steps: 1.00 :: Time: 2.852(2.85181/step) :: Entropy : 0.000 :: Grads : []
600 :: Rewards 8453.759 :: steps: 1.00 :: Time: 2.851(2.85091/step) :: Entropy : 0.000 :: Grads : []
610 :: Rewards 8435.344 :: steps: 1.00 :: Time: 2.846(2.84599/step) :: Entropy : 0.000 :: Grads : []
620 :: Rewards 8432.482 :: steps: 1.00 :: Time: 2.852(2.85235/step) :: Entropy : 0.000 :: Grads : []
630 :: Rewards 8444.715 :: steps: 1.00 :: Time: 2.813(2.81277/step) :: Entropy : 0.000 :: Grads : []
640 :: Rewards 8655.091 :: steps: 1.00 :: Time: 2.724(2.72379/step) :: Entropy : 0.000 :: Grads : []
650 :: Rewards 8926.873 :: steps: 1.00 :: Time: 2.762(2.76218/step) :: Entropy : 0.000 :: Grads : []
660 :: Rewards 9223.353 :: steps: 1.00 :: Time: 2.712(2.71202/step) :: Entropy : 0.000 :: Grads : []
670 :: Rewards 9522.917 :: steps: 1.00 :: Time: 2.703(2.70263/step) :: Entropy : 0.000 :: Grads : []
680 :: Rewards 9817.384 :: steps: 1.00 :: Time: 2.688(2.68770/step) :: Entropy : 0.000 :: Grads : []
690 :: Rewards 10087.994 :: steps: 1.00 :: Time: 2.687(2.68697/step) :: Entropy : 0.000 :: Grads : []
700 :: Rewards 10353.340 :: steps: 1.00 :: Time: 2.703(2.70345/step) :: Entropy : 0.000 :: Grads : []
710 :: Rewards 10596.024 :: steps: 1.00 :: Time: 2.705(2.70459/step) :: Entropy : 0.000 :: Grads : []
720 :: Rewards 10827.279 :: steps: 1.00 :: Time: 2.733(2.73347/step) :: Entropy : 0.000 :: Grads : []
730 :: Rewards 11040.925 :: steps: 1.00 :: Time: 2.695(2.69460/step) :: Entropy : 0.000 :: Grads : []
740 :: Rewards 11276.841 :: steps: 1.00 :: Time: 2.683(2.68306/step) :: Entropy : 0.000 :: Grads : []
750 :: Rewards 11499.544 :: steps: 1.00 :: Time: 2.679(2.67921/step) :: Entropy : 0.000 :: Grads : []
760 :: Rewards 11691.719 :: steps: 1.00 :: Time: 2.696(2.69592/step) :: Entropy : 0.000 :: Grads : []
770 :: Rewards 11857.756 :: steps: 1.00 :: Time: 2.763(2.76276/step) :: Entropy : 0.000 :: Grads : []
780 :: Rewards 12007.655 :: steps: 1.00 :: Time: 2.718(2.71752/step) :: Entropy : 0.000 :: Grads : []
790 :: Rewards 12171.657 :: steps: 1.00 :: Time: 2.705(2.70529/step) :: Entropy : 0.000 :: Grads : []
800 :: Rewards 12365.740 :: steps: 1.00 :: Time: 2.692(2.69210/step) :: Entropy : 0.000 :: Grads : []
810 :: Rewards 12564.436 :: steps: 1.00 :: Time: 2.697(2.69744/step) :: Entropy : 0.000 :: Grads : []
820 :: Rewards 12800.942 :: steps: 1.00 :: Time: 2.717(2.71741/step) :: Entropy : 0.000 :: Grads : []
830 :: Rewards 13024.164 :: steps: 1.00 :: Time: 2.702(2.70199/step) :: Entropy : 0.000 :: Grads : []
840 :: Rewards 13279.164 :: steps: 1.00 :: Time: 2.723(2.72289/step) :: Entropy : 0.000 :: Grads : []
850 :: Rewards 13541.298 :: steps: 1.00 :: Time: 2.699(2.69927/step) :: Entropy : 0.000 :: Grads : []
860 :: Rewards 13809.692 :: steps: 1.00 :: Time: 2.695(2.69527/step) :: Entropy : 0.000 :: Grads : []
870 :: Rewards 14073.520 :: steps: 1.00 :: Time: 2.724(2.72400/step) :: Entropy : 0.000 :: Grads : []
880 :: Rewards 14382.464 :: steps: 1.00 :: Time: 2.722(2.72164/step) :: Entropy : 0.000 :: Grads : []
890 :: Rewards 14684.520 :: steps: 1.00 :: Time: 2.735(2.73498/step) :: Entropy : 0.000 :: Grads : []
900 :: Rewards 14943.162 :: steps: 1.00 :: Time: 2.740(2.73956/step) :: Entropy : 0.000 :: Grads : []
910 :: Rewards 15177.899 :: steps: 1.00 :: Time: 2.735(2.73503/step) :: Entropy : 0.000 :: Grads : []
920 :: Rewards 15423.412 :: steps: 1.00 :: Time: 2.739(2.73925/step) :: Entropy : 0.000 :: Grads : []
930 :: Rewards 15651.312 :: steps: 1.00 :: Time: 2.753(2.75347/step) :: Entropy : 0.000 :: Grads : []
940 :: Rewards 15838.141 :: steps: 1.00 :: Time: 2.776(2.77626/step) :: Entropy : 0.000 :: Grads : []
950 :: Rewards 15924.989 :: steps: 1.00 :: Time: 2.838(2.83812/step) :: Entropy : 0.000 :: Grads : []
960 :: Rewards 15915.712 :: steps: 1.00 :: Time: 2.933(2.93288/step) :: Entropy : 0.000 :: Grads : []
970 :: Rewards 15891.202 :: steps: 1.00 :: Time: 2.884(2.88367/step) :: Entropy : 0.000 :: Grads : []
980 :: Rewards 15852.605 :: steps: 1.00 :: Time: 2.885(2.88549/step) :: Entropy : 0.000 :: Grads : []
990 :: Rewards 15801.861 :: steps: 1.00 :: Time: 2.882(2.88176/step) :: Entropy : 0.000 :: Grads : []
999 :: Rewards 15747.427 :: steps: 0.90 :: Time: 2.608(2.89787/step) :: Entropy : 0.000 :: Grads : []
Total time taken: 2739.422085046768
