Module path:  Environments.NS_Reco NS_Reco
Dynamically loaded from:  <class 'Environments.NS_Reco.NS_Reco'>
Reward Amplitudes: [4.17022005e-01 7.20324493e-01 1.14374817e-04 3.02332573e-01
 1.46755891e-01] :: Avg 0.317309867282206 
Module path:  Src.Algorithms.ProWLS ProWLS
Dynamically loaded from:  <class 'Src.Algorithms.ProWLS.ProWLS'>
=====Configurations=====
 Namespace(NN_basis_dim='32', Policy_basis_dim='32', actor_lr=0.007650333890460954, algo_name='ProWLS', base=0, batch_size=1000, buffer_size=1000, debug=False, delta=5, entropy_lambda=0.03134205440723196, env_name='NS_Reco', experiment='NS_2_', extrapolator_basis='Fourier', folder_suffix='Default', fourier_coupled=True, fourier_k=3, fourier_order=3, gamma=0.99, gauss_std=1.5, gpu=0, hyper='default', importance_clip=15.0, inc=1, log_output='term_file', max_episodes=1000, max_inner=50, max_steps=500, optim='rmsprop', oracle=-1, raw_basis=True, restore=False, save_count=100, save_model=True, seed=26, speed=2, state_lr=0.001, summary=True, swarm=False, timestamp='5|24|17:39:56')
Actions space: 5 :: State space: 1
State Low: tensor([0.]) :: State High: tensor([1.])
State features:  [('dummy_param', torch.Size([1]))]
Policy:  [('fc1.weight', torch.Size([5, 1])), ('fc1.bias', torch.Size([5]))]
0 :: Rewards 0.001 :: steps: 0.10 :: Time: 0.000(0.00059/step) :: Entropy : 0.000 :: Grads : []
10 :: Rewards 0.071 :: steps: 1.00 :: Time: 0.006(0.00591/step) :: Entropy : 0.000 :: Grads : []
20 :: Rewards 0.546 :: steps: 1.00 :: Time: 0.006(0.00571/step) :: Entropy : 0.000 :: Grads : []
30 :: Rewards 1.138 :: steps: 1.00 :: Time: 0.006(0.00585/step) :: Entropy : 0.000 :: Grads : []
40 :: Rewards 2.511 :: steps: 1.00 :: Time: 0.006(0.00570/step) :: Entropy : 0.000 :: Grads : []
50 :: Rewards 4.837 :: steps: 1.00 :: Time: 0.006(0.00577/step) :: Entropy : 0.000 :: Grads : []
60 :: Rewards 6.749 :: steps: 1.00 :: Time: 0.006(0.00580/step) :: Entropy : 0.000 :: Grads : []
70 :: Rewards 9.807 :: steps: 1.00 :: Time: 0.006(0.00594/step) :: Entropy : 0.000 :: Grads : []
80 :: Rewards 13.557 :: steps: 1.00 :: Time: 0.006(0.00594/step) :: Entropy : 0.000 :: Grads : []
90 :: Rewards 16.584 :: steps: 1.00 :: Time: 0.006(0.00602/step) :: Entropy : 0.000 :: Grads : []
100 :: Rewards 20.208 :: steps: 1.00 :: Time: 0.006(0.00611/step) :: Entropy : 0.000 :: Grads : []
110 :: Rewards 25.143 :: steps: 1.00 :: Time: 0.006(0.00623/step) :: Entropy : 0.000 :: Grads : []
120 :: Rewards 29.893 :: steps: 1.00 :: Time: 0.006(0.00629/step) :: Entropy : 0.000 :: Grads : []
130 :: Rewards 34.436 :: steps: 1.00 :: Time: 0.006(0.00640/step) :: Entropy : 0.000 :: Grads : []
140 :: Rewards 40.074 :: steps: 1.00 :: Time: 0.006(0.00650/step) :: Entropy : 0.000 :: Grads : []
150 :: Rewards 45.110 :: steps: 1.00 :: Time: 0.007(0.00661/step) :: Entropy : 0.000 :: Grads : []
160 :: Rewards 51.547 :: steps: 1.00 :: Time: 0.007(0.00671/step) :: Entropy : 0.000 :: Grads : []
170 :: Rewards 57.763 :: steps: 1.00 :: Time: 0.007(0.00683/step) :: Entropy : 0.000 :: Grads : []
180 :: Rewards 60.999 :: steps: 1.00 :: Time: 0.007(0.00694/step) :: Entropy : 0.000 :: Grads : []
190 :: Rewards 67.316 :: steps: 1.00 :: Time: 0.007(0.00739/step) :: Entropy : 0.000 :: Grads : []
200 :: Rewards 74.410 :: steps: 1.00 :: Time: 0.007(0.00736/step) :: Entropy : 0.000 :: Grads : []
210 :: Rewards 81.545 :: steps: 1.00 :: Time: 0.008(0.00767/step) :: Entropy : 0.000 :: Grads : []
220 :: Rewards 88.706 :: steps: 1.00 :: Time: 0.008(0.00782/step) :: Entropy : 0.000 :: Grads : []
230 :: Rewards 92.907 :: steps: 1.00 :: Time: 0.008(0.00801/step) :: Entropy : 0.000 :: Grads : []
240 :: Rewards 98.295 :: steps: 1.00 :: Time: 0.008(0.00810/step) :: Entropy : 0.000 :: Grads : []
250 :: Rewards 103.960 :: steps: 1.00 :: Time: 0.008(0.00829/step) :: Entropy : 0.000 :: Grads : []
260 :: Rewards 110.924 :: steps: 1.00 :: Time: 0.008(0.00839/step) :: Entropy : 0.000 :: Grads : []
270 :: Rewards 117.742 :: steps: 1.00 :: Time: 0.009(0.00859/step) :: Entropy : 0.000 :: Grads : []
280 :: Rewards 124.366 :: steps: 1.00 :: Time: 0.009(0.00865/step) :: Entropy : 0.000 :: Grads : []
290 :: Rewards 130.817 :: steps: 1.00 :: Time: 0.009(0.00881/step) :: Entropy : 0.000 :: Grads : []
300 :: Rewards 135.568 :: steps: 1.00 :: Time: 0.009(0.00876/step) :: Entropy : 0.000 :: Grads : []
310 :: Rewards 140.286 :: steps: 1.00 :: Time: 0.009(0.00897/step) :: Entropy : 0.000 :: Grads : []
320 :: Rewards 145.186 :: steps: 1.00 :: Time: 0.009(0.00915/step) :: Entropy : 0.000 :: Grads : []
330 :: Rewards 149.587 :: steps: 1.00 :: Time: 0.009(0.00927/step) :: Entropy : 0.000 :: Grads : []
340 :: Rewards 153.962 :: steps: 1.00 :: Time: 0.009(0.00945/step) :: Entropy : 0.000 :: Grads : []
350 :: Rewards 158.231 :: steps: 1.00 :: Time: 0.010(0.00966/step) :: Entropy : 0.000 :: Grads : []
360 :: Rewards 162.018 :: steps: 1.00 :: Time: 0.010(0.00985/step) :: Entropy : 0.000 :: Grads : []
370 :: Rewards 165.440 :: steps: 1.00 :: Time: 0.010(0.01016/step) :: Entropy : 0.000 :: Grads : []
380 :: Rewards 168.691 :: steps: 1.00 :: Time: 0.010(0.01021/step) :: Entropy : 0.000 :: Grads : []
390 :: Rewards 171.358 :: steps: 1.00 :: Time: 0.011(0.01064/step) :: Entropy : 0.000 :: Grads : []
400 :: Rewards 173.947 :: steps: 1.00 :: Time: 0.011(0.01068/step) :: Entropy : 0.000 :: Grads : []
410 :: Rewards 176.745 :: steps: 1.00 :: Time: 0.011(0.01096/step) :: Entropy : 0.000 :: Grads : []
420 :: Rewards 179.627 :: steps: 1.00 :: Time: 0.011(0.01109/step) :: Entropy : 0.000 :: Grads : []
430 :: Rewards 182.472 :: steps: 1.00 :: Time: 0.011(0.01149/step) :: Entropy : 0.000 :: Grads : []
440 :: Rewards 184.913 :: steps: 1.00 :: Time: 0.012(0.01155/step) :: Entropy : 0.000 :: Grads : []
450 :: Rewards 187.442 :: steps: 1.00 :: Time: 0.012(0.01188/step) :: Entropy : 0.000 :: Grads : []
460 :: Rewards 189.804 :: steps: 1.00 :: Time: 0.012(0.01190/step) :: Entropy : 0.000 :: Grads : []
470 :: Rewards 192.034 :: steps: 1.00 :: Time: 0.012(0.01227/step) :: Entropy : 0.000 :: Grads : []
480 :: Rewards 194.056 :: steps: 1.00 :: Time: 0.012(0.01241/step) :: Entropy : 0.000 :: Grads : []
490 :: Rewards 195.914 :: steps: 1.00 :: Time: 0.013(0.01255/step) :: Entropy : 0.000 :: Grads : []
500 :: Rewards 197.412 :: steps: 1.00 :: Time: 0.012(0.01244/step) :: Entropy : 0.000 :: Grads : []
510 :: Rewards 198.807 :: steps: 1.00 :: Time: 0.013(0.01285/step) :: Entropy : 0.000 :: Grads : []
520 :: Rewards 200.051 :: steps: 1.00 :: Time: 0.013(0.01302/step) :: Entropy : 0.000 :: Grads : []
530 :: Rewards 201.185 :: steps: 1.00 :: Time: 0.013(0.01346/step) :: Entropy : 0.000 :: Grads : []
540 :: Rewards 202.142 :: steps: 1.00 :: Time: 0.015(0.01473/step) :: Entropy : 0.000 :: Grads : []
550 :: Rewards 203.116 :: steps: 1.00 :: Time: 0.014(0.01392/step) :: Entropy : 0.000 :: Grads : []
560 :: Rewards 203.749 :: steps: 1.00 :: Time: 0.014(0.01373/step) :: Entropy : 0.000 :: Grads : []
570 :: Rewards 204.253 :: steps: 1.00 :: Time: 0.014(0.01428/step) :: Entropy : 0.000 :: Grads : []
580 :: Rewards 204.709 :: steps: 1.00 :: Time: 0.014(0.01442/step) :: Entropy : 0.000 :: Grads : []
590 :: Rewards 205.428 :: steps: 1.00 :: Time: 0.015(0.01493/step) :: Entropy : 0.000 :: Grads : []
600 :: Rewards 205.928 :: steps: 1.00 :: Time: 0.015(0.01492/step) :: Entropy : 0.000 :: Grads : []
610 :: Rewards 206.742 :: steps: 1.00 :: Time: 0.016(0.01555/step) :: Entropy : 0.000 :: Grads : []
620 :: Rewards 207.201 :: steps: 1.00 :: Time: 0.016(0.01560/step) :: Entropy : 0.000 :: Grads : []
630 :: Rewards 207.604 :: steps: 1.00 :: Time: 0.016(0.01578/step) :: Entropy : 0.000 :: Grads : []
640 :: Rewards 208.108 :: steps: 1.00 :: Time: 0.016(0.01610/step) :: Entropy : 0.000 :: Grads : []
650 :: Rewards 208.514 :: steps: 1.00 :: Time: 0.017(0.01677/step) :: Entropy : 0.000 :: Grads : []
660 :: Rewards 208.923 :: steps: 1.00 :: Time: 0.017(0.01664/step) :: Entropy : 0.000 :: Grads : []
670 :: Rewards 209.338 :: steps: 1.00 :: Time: 0.018(0.01750/step) :: Entropy : 0.000 :: Grads : []
680 :: Rewards 209.683 :: steps: 1.00 :: Time: 0.017(0.01735/step) :: Entropy : 0.000 :: Grads : []
690 :: Rewards 209.803 :: steps: 1.00 :: Time: 0.020(0.02011/step) :: Entropy : 0.000 :: Grads : []
700 :: Rewards 210.029 :: steps: 1.00 :: Time: 0.019(0.01924/step) :: Entropy : 0.000 :: Grads : []
710 :: Rewards 210.221 :: steps: 1.00 :: Time: 0.020(0.02024/step) :: Entropy : 0.000 :: Grads : []
720 :: Rewards 210.345 :: steps: 1.00 :: Time: 0.028(0.02828/step) :: Entropy : 0.000 :: Grads : []
730 :: Rewards 210.421 :: steps: 1.00 :: Time: 0.021(0.02129/step) :: Entropy : 0.000 :: Grads : []
740 :: Rewards 210.461 :: steps: 1.00 :: Time: 0.021(0.02076/step) :: Entropy : 0.000 :: Grads : []
750 :: Rewards 210.204 :: steps: 1.00 :: Time: 0.021(0.02108/step) :: Entropy : 0.000 :: Grads : []
760 :: Rewards 210.140 :: steps: 1.00 :: Time: 0.021(0.02059/step) :: Entropy : 0.000 :: Grads : []
770 :: Rewards 210.030 :: steps: 1.00 :: Time: 0.022(0.02152/step) :: Entropy : 0.000 :: Grads : []
780 :: Rewards 209.893 :: steps: 1.00 :: Time: 0.025(0.02451/step) :: Entropy : 0.000 :: Grads : []
790 :: Rewards 209.796 :: steps: 1.00 :: Time: 0.025(0.02482/step) :: Entropy : 0.000 :: Grads : []
800 :: Rewards 209.562 :: steps: 1.00 :: Time: 0.023(0.02257/step) :: Entropy : 0.000 :: Grads : []
810 :: Rewards 209.375 :: steps: 1.00 :: Time: 0.023(0.02303/step) :: Entropy : 0.000 :: Grads : []
820 :: Rewards 209.131 :: steps: 1.00 :: Time: 0.023(0.02325/step) :: Entropy : 0.000 :: Grads : []
830 :: Rewards 208.798 :: steps: 1.00 :: Time: 0.024(0.02421/step) :: Entropy : 0.000 :: Grads : []
840 :: Rewards 208.623 :: steps: 1.00 :: Time: 0.024(0.02424/step) :: Entropy : 0.000 :: Grads : []
850 :: Rewards 208.483 :: steps: 1.00 :: Time: 0.026(0.02565/step) :: Entropy : 0.000 :: Grads : []
860 :: Rewards 208.294 :: steps: 1.00 :: Time: 0.026(0.02571/step) :: Entropy : 0.000 :: Grads : []
870 :: Rewards 208.135 :: steps: 1.00 :: Time: 0.027(0.02657/step) :: Entropy : 0.000 :: Grads : []
880 :: Rewards 207.480 :: steps: 1.00 :: Time: 0.027(0.02708/step) :: Entropy : 0.000 :: Grads : []
890 :: Rewards 207.329 :: steps: 1.00 :: Time: 0.028(0.02801/step) :: Entropy : 0.000 :: Grads : []
900 :: Rewards 207.328 :: steps: 1.00 :: Time: 0.028(0.02791/step) :: Entropy : 0.000 :: Grads : []
910 :: Rewards 207.222 :: steps: 1.00 :: Time: 0.029(0.02893/step) :: Entropy : 0.000 :: Grads : []
920 :: Rewards 207.216 :: steps: 1.00 :: Time: 0.029(0.02885/step) :: Entropy : 0.000 :: Grads : []
930 :: Rewards 207.412 :: steps: 1.00 :: Time: 0.030(0.02999/step) :: Entropy : 0.000 :: Grads : []
940 :: Rewards 208.485 :: steps: 1.00 :: Time: 0.030(0.03030/step) :: Entropy : 0.000 :: Grads : []
950 :: Rewards 211.035 :: steps: 1.00 :: Time: 0.032(0.03168/step) :: Entropy : 0.000 :: Grads : []
960 :: Rewards 214.794 :: steps: 1.00 :: Time: 0.032(0.03174/step) :: Entropy : 0.000 :: Grads : []
970 :: Rewards 218.991 :: steps: 1.00 :: Time: 0.033(0.03345/step) :: Entropy : 0.000 :: Grads : []
980 :: Rewards 223.577 :: steps: 1.00 :: Time: 0.033(0.03322/step) :: Entropy : 0.000 :: Grads : []
990 :: Rewards 228.542 :: steps: 1.00 :: Time: 0.034(0.03363/step) :: Entropy : 0.000 :: Grads : []
999 :: Rewards 233.318 :: steps: 0.90 :: Time: 0.035(0.03905/step) :: Entropy : 0.000 :: Grads : []
Total time taken: 15.406383991241455
