Module path:  Src.Algorithms.ONPG ONPG
Dynamically loaded from:  <class 'Src.Algorithms.ONPG.ONPG'>
=====Configurations=====
 Namespace(NN_basis_dim='32', Policy_basis_dim='32', actor_lr=0.009685946972421793, algo_name='ONPG', base=0, batch_size=1000, buffer_size=1000, debug=False, delta=1, entropy_lambda=0.1, env_name='NS_SimGlucose-v0', experiment='NS_4_', extrapolator_basis='Fourier', folder_suffix='Default', fourier_coupled=True, fourier_k=3, fourier_order=3, gamma=0.99, gauss_std=2.32306, gpu=0, hyper='default', importance_clip=10.0, inc=1, log_output='term_file', max_episodes=1000, max_inner=10, max_steps=500, optim='rmsprop', oracle=-1, raw_basis=True, restore=False, save_count=100, save_model=True, seed=1, speed=4, state_lr=0.001, summary=True, swarm=False, timestamp='5|30|1:28:45')
Actions space: 2 :: State space: 1
State Low: tensor([0.]) :: State High: tensor([1.])
State features:  [('dummy_param', torch.Size([1]))]
Action Low: [3. 5.] :: Action High: [30. 50.]
Policy:  [('fc_mean.weight', torch.Size([2, 1])), ('fc_mean.bias', torch.Size([2]))]
0 :: Rewards 0.779 :: steps: 0.10 :: Time: 0.260(2.59721/step) :: Entropy : 0.000 :: Grads : []
10 :: Rewards 60.303 :: steps: 1.00 :: Time: 2.603(2.60299/step) :: Entropy : 0.000 :: Grads : []
20 :: Rewards 106.260 :: steps: 1.00 :: Time: 2.613(2.61327/step) :: Entropy : 0.000 :: Grads : []
30 :: Rewards 181.907 :: steps: 1.00 :: Time: 2.599(2.59936/step) :: Entropy : 0.000 :: Grads : []
40 :: Rewards 273.376 :: steps: 1.00 :: Time: 2.605(2.60482/step) :: Entropy : 0.000 :: Grads : []
50 :: Rewards 378.149 :: steps: 1.00 :: Time: 2.612(2.61224/step) :: Entropy : 0.000 :: Grads : []
60 :: Rewards 490.727 :: steps: 1.00 :: Time: 2.611(2.61063/step) :: Entropy : 0.000 :: Grads : []
70 :: Rewards 628.973 :: steps: 1.00 :: Time: 2.602(2.60174/step) :: Entropy : 0.000 :: Grads : []
80 :: Rewards 779.565 :: steps: 1.00 :: Time: 2.591(2.59136/step) :: Entropy : 0.000 :: Grads : []
90 :: Rewards 936.654 :: steps: 1.00 :: Time: 2.616(2.61564/step) :: Entropy : 0.000 :: Grads : []
100 :: Rewards 1115.852 :: steps: 1.00 :: Time: 2.597(2.59663/step) :: Entropy : 0.000 :: Grads : []
110 :: Rewards 1299.223 :: steps: 1.00 :: Time: 2.616(2.61644/step) :: Entropy : 0.000 :: Grads : []
120 :: Rewards 1488.545 :: steps: 1.00 :: Time: 2.592(2.59249/step) :: Entropy : 0.000 :: Grads : []
130 :: Rewards 1674.175 :: steps: 1.00 :: Time: 2.610(2.60995/step) :: Entropy : 0.000 :: Grads : []
140 :: Rewards 1838.484 :: steps: 1.00 :: Time: 2.638(2.63768/step) :: Entropy : 0.000 :: Grads : []
150 :: Rewards 1979.705 :: steps: 1.00 :: Time: 2.624(2.62385/step) :: Entropy : 0.000 :: Grads : []
160 :: Rewards 2130.737 :: steps: 1.00 :: Time: 2.639(2.63932/step) :: Entropy : 0.000 :: Grads : []
170 :: Rewards 2268.508 :: steps: 1.00 :: Time: 2.592(2.59226/step) :: Entropy : 0.000 :: Grads : []
180 :: Rewards 2422.196 :: steps: 1.00 :: Time: 2.657(2.65673/step) :: Entropy : 0.000 :: Grads : []
190 :: Rewards 2559.123 :: steps: 1.00 :: Time: 2.584(2.58400/step) :: Entropy : 0.000 :: Grads : []
200 :: Rewards 2692.306 :: steps: 1.00 :: Time: 2.578(2.57796/step) :: Entropy : 0.000 :: Grads : []
210 :: Rewards 2783.976 :: steps: 1.00 :: Time: 2.592(2.59193/step) :: Entropy : 0.000 :: Grads : []
220 :: Rewards 2910.719 :: steps: 1.00 :: Time: 2.592(2.59177/step) :: Entropy : 0.000 :: Grads : []
230 :: Rewards 3010.640 :: steps: 1.00 :: Time: 2.638(2.63772/step) :: Entropy : 0.000 :: Grads : []
240 :: Rewards 3095.765 :: steps: 1.00 :: Time: 2.605(2.60550/step) :: Entropy : 0.000 :: Grads : []
250 :: Rewards 3166.815 :: steps: 1.00 :: Time: 2.605(2.60518/step) :: Entropy : 0.000 :: Grads : []
260 :: Rewards 3238.355 :: steps: 1.00 :: Time: 2.663(2.66314/step) :: Entropy : 0.000 :: Grads : []
270 :: Rewards 3308.652 :: steps: 1.00 :: Time: 2.603(2.60338/step) :: Entropy : 0.000 :: Grads : []
280 :: Rewards 3409.977 :: steps: 1.00 :: Time: 2.602(2.60185/step) :: Entropy : 0.000 :: Grads : []
290 :: Rewards 3506.776 :: steps: 1.00 :: Time: 2.603(2.60348/step) :: Entropy : 0.000 :: Grads : []
300 :: Rewards 3621.275 :: steps: 1.00 :: Time: 2.603(2.60332/step) :: Entropy : 0.000 :: Grads : []
310 :: Rewards 3756.282 :: steps: 1.00 :: Time: 2.613(2.61269/step) :: Entropy : 0.000 :: Grads : []
320 :: Rewards 3894.947 :: steps: 1.00 :: Time: 2.579(2.57940/step) :: Entropy : 0.000 :: Grads : []
330 :: Rewards 4067.757 :: steps: 1.00 :: Time: 2.618(2.61790/step) :: Entropy : 0.000 :: Grads : []
340 :: Rewards 4240.774 :: steps: 1.00 :: Time: 2.614(2.61423/step) :: Entropy : 0.000 :: Grads : []
350 :: Rewards 4436.348 :: steps: 1.00 :: Time: 2.595(2.59509/step) :: Entropy : 0.000 :: Grads : []
360 :: Rewards 4617.309 :: steps: 1.00 :: Time: 2.602(2.60189/step) :: Entropy : 0.000 :: Grads : []
370 :: Rewards 4787.063 :: steps: 1.00 :: Time: 2.667(2.66710/step) :: Entropy : 0.000 :: Grads : []
380 :: Rewards 4935.552 :: steps: 1.00 :: Time: 2.675(2.67519/step) :: Entropy : 0.000 :: Grads : []
390 :: Rewards 5121.514 :: steps: 1.00 :: Time: 2.646(2.64648/step) :: Entropy : 0.000 :: Grads : []
400 :: Rewards 5347.350 :: steps: 1.00 :: Time: 2.576(2.57563/step) :: Entropy : 0.000 :: Grads : []
410 :: Rewards 5588.481 :: steps: 1.00 :: Time: 2.586(2.58567/step) :: Entropy : 0.000 :: Grads : []
420 :: Rewards 5802.902 :: steps: 1.00 :: Time: 2.588(2.58785/step) :: Entropy : 0.000 :: Grads : []
430 :: Rewards 5992.060 :: steps: 1.00 :: Time: 2.622(2.62181/step) :: Entropy : 0.000 :: Grads : []
440 :: Rewards 6110.375 :: steps: 1.00 :: Time: 2.612(2.61183/step) :: Entropy : 0.000 :: Grads : []
450 :: Rewards 6229.953 :: steps: 1.00 :: Time: 2.627(2.62694/step) :: Entropy : 0.000 :: Grads : []
460 :: Rewards 6251.263 :: steps: 1.00 :: Time: 2.663(2.66263/step) :: Entropy : 0.000 :: Grads : []
470 :: Rewards 6294.643 :: steps: 1.00 :: Time: 2.651(2.65091/step) :: Entropy : 0.000 :: Grads : []
480 :: Rewards 6306.412 :: steps: 1.00 :: Time: 2.719(2.71888/step) :: Entropy : 0.000 :: Grads : []
490 :: Rewards 6281.305 :: steps: 1.00 :: Time: 2.656(2.65582/step) :: Entropy : 0.000 :: Grads : []
500 :: Rewards 6254.395 :: steps: 1.00 :: Time: 2.656(2.65584/step) :: Entropy : 0.000 :: Grads : []
510 :: Rewards 6204.503 :: steps: 1.00 :: Time: 2.671(2.67111/step) :: Entropy : 0.000 :: Grads : []
520 :: Rewards 6174.036 :: steps: 1.00 :: Time: 2.692(2.69242/step) :: Entropy : 0.000 :: Grads : []
530 :: Rewards 6153.338 :: steps: 1.00 :: Time: 2.665(2.66488/step) :: Entropy : 0.000 :: Grads : []
540 :: Rewards 6126.221 :: steps: 1.00 :: Time: 2.667(2.66682/step) :: Entropy : 0.000 :: Grads : []
550 :: Rewards 6165.203 :: steps: 1.00 :: Time: 2.624(2.62360/step) :: Entropy : 0.000 :: Grads : []
560 :: Rewards 6191.556 :: steps: 1.00 :: Time: 2.643(2.64274/step) :: Entropy : 0.000 :: Grads : []
570 :: Rewards 6260.758 :: steps: 1.00 :: Time: 2.628(2.62792/step) :: Entropy : 0.000 :: Grads : []
580 :: Rewards 6380.648 :: steps: 1.00 :: Time: 2.621(2.62052/step) :: Entropy : 0.000 :: Grads : []
590 :: Rewards 6506.232 :: steps: 1.00 :: Time: 2.625(2.62454/step) :: Entropy : 0.000 :: Grads : []
600 :: Rewards 6674.443 :: steps: 1.00 :: Time: 2.648(2.64846/step) :: Entropy : 0.000 :: Grads : []
610 :: Rewards 6876.835 :: steps: 1.00 :: Time: 2.607(2.60741/step) :: Entropy : 0.000 :: Grads : []
620 :: Rewards 7059.210 :: steps: 1.00 :: Time: 2.605(2.60549/step) :: Entropy : 0.000 :: Grads : []
630 :: Rewards 7260.088 :: steps: 1.00 :: Time: 2.585(2.58537/step) :: Entropy : 0.000 :: Grads : []
640 :: Rewards 7494.257 :: steps: 1.00 :: Time: 2.590(2.58980/step) :: Entropy : 0.000 :: Grads : []
650 :: Rewards 7706.045 :: steps: 1.00 :: Time: 2.605(2.60455/step) :: Entropy : 0.000 :: Grads : []
660 :: Rewards 7914.816 :: steps: 1.00 :: Time: 2.589(2.58896/step) :: Entropy : 0.000 :: Grads : []
670 :: Rewards 8088.355 :: steps: 1.00 :: Time: 2.635(2.63509/step) :: Entropy : 0.000 :: Grads : []
680 :: Rewards 8286.132 :: steps: 1.00 :: Time: 2.587(2.58665/step) :: Entropy : 0.000 :: Grads : []
690 :: Rewards 8507.614 :: steps: 1.00 :: Time: 2.599(2.59873/step) :: Entropy : 0.000 :: Grads : []
700 :: Rewards 8706.392 :: steps: 1.00 :: Time: 2.615(2.61525/step) :: Entropy : 0.000 :: Grads : []
710 :: Rewards 8880.106 :: steps: 1.00 :: Time: 2.641(2.64070/step) :: Entropy : 0.000 :: Grads : []
720 :: Rewards 9043.654 :: steps: 1.00 :: Time: 2.618(2.61802/step) :: Entropy : 0.000 :: Grads : []
730 :: Rewards 9196.468 :: steps: 1.00 :: Time: 2.587(2.58736/step) :: Entropy : 0.000 :: Grads : []
740 :: Rewards 9349.369 :: steps: 1.00 :: Time: 2.592(2.59218/step) :: Entropy : 0.000 :: Grads : []
750 :: Rewards 9486.608 :: steps: 1.00 :: Time: 2.582(2.58163/step) :: Entropy : 0.000 :: Grads : []
760 :: Rewards 9592.909 :: steps: 1.00 :: Time: 2.573(2.57349/step) :: Entropy : 0.000 :: Grads : []
770 :: Rewards 9695.571 :: steps: 1.00 :: Time: 2.574(2.57379/step) :: Entropy : 0.000 :: Grads : []
780 :: Rewards 9836.997 :: steps: 1.00 :: Time: 2.585(2.58460/step) :: Entropy : 0.000 :: Grads : []
790 :: Rewards 9925.756 :: steps: 1.00 :: Time: 2.591(2.59132/step) :: Entropy : 0.000 :: Grads : []
800 :: Rewards 10048.005 :: steps: 1.00 :: Time: 2.598(2.59778/step) :: Entropy : 0.000 :: Grads : []
810 :: Rewards 10179.691 :: steps: 1.00 :: Time: 2.574(2.57396/step) :: Entropy : 0.000 :: Grads : []
820 :: Rewards 10302.201 :: steps: 1.00 :: Time: 2.586(2.58551/step) :: Entropy : 0.000 :: Grads : []
830 :: Rewards 10460.670 :: steps: 1.00 :: Time: 2.628(2.62756/step) :: Entropy : 0.000 :: Grads : []
840 :: Rewards 10648.087 :: steps: 1.00 :: Time: 2.602(2.60192/step) :: Entropy : 0.000 :: Grads : []
850 :: Rewards 10835.547 :: steps: 1.00 :: Time: 2.589(2.58939/step) :: Entropy : 0.000 :: Grads : []
860 :: Rewards 11044.947 :: steps: 1.00 :: Time: 2.641(2.64056/step) :: Entropy : 0.000 :: Grads : []
870 :: Rewards 11230.084 :: steps: 1.00 :: Time: 2.582(2.58233/step) :: Entropy : 0.000 :: Grads : []
880 :: Rewards 11458.188 :: steps: 1.00 :: Time: 2.597(2.59682/step) :: Entropy : 0.000 :: Grads : []
890 :: Rewards 11627.997 :: steps: 1.00 :: Time: 2.623(2.62333/step) :: Entropy : 0.000 :: Grads : []
900 :: Rewards 11851.701 :: steps: 1.00 :: Time: 2.598(2.59774/step) :: Entropy : 0.000 :: Grads : []
910 :: Rewards 12069.149 :: steps: 1.00 :: Time: 2.631(2.63112/step) :: Entropy : 0.000 :: Grads : []
920 :: Rewards 12290.741 :: steps: 1.00 :: Time: 2.603(2.60258/step) :: Entropy : 0.000 :: Grads : []
930 :: Rewards 12507.443 :: steps: 1.00 :: Time: 2.603(2.60288/step) :: Entropy : 0.000 :: Grads : []
940 :: Rewards 12725.991 :: steps: 1.00 :: Time: 2.612(2.61155/step) :: Entropy : 0.000 :: Grads : []
950 :: Rewards 12869.370 :: steps: 1.00 :: Time: 2.593(2.59310/step) :: Entropy : 0.000 :: Grads : []
960 :: Rewards 13109.928 :: steps: 1.00 :: Time: 2.589(2.58861/step) :: Entropy : 0.000 :: Grads : []
970 :: Rewards 13249.605 :: steps: 1.00 :: Time: 2.724(2.72443/step) :: Entropy : 0.000 :: Grads : []
980 :: Rewards 13353.119 :: steps: 1.00 :: Time: 2.647(2.64710/step) :: Entropy : 0.000 :: Grads : []
990 :: Rewards 13472.876 :: steps: 1.00 :: Time: 2.625(2.62525/step) :: Entropy : 0.000 :: Grads : []
999 :: Rewards 13535.699 :: steps: 0.90 :: Time: 2.411(2.67883/step) :: Entropy : 0.000 :: Grads : []
Total time taken: 2616.5323057174683
