Module path:  Environments.NS_Reco NS_Reco
Dynamically loaded from:  <class 'Environments.NS_Reco.NS_Reco'>
Reward Amplitudes: [4.17022005e-01 7.20324493e-01 1.14374817e-04 3.02332573e-01
 1.46755891e-01] :: Avg 0.317309867282206 
Module path:  Src.Algorithms.ProWLS ProWLS
Dynamically loaded from:  <class 'Src.Algorithms.ProWLS.ProWLS'>
=====Configurations=====
 Namespace(NN_basis_dim='32', Policy_basis_dim='32', actor_lr=0.00450428892499054, algo_name='ProWLS', base=0, batch_size=1000, buffer_size=1000, debug=False, delta=3, entropy_lambda=0.07518854390699839, env_name='NS_Reco', experiment='NS_3r_', extrapolator_basis='Fourier', folder_suffix='Default', fourier_coupled=True, fourier_k=5, fourier_order=3, gamma=0.99, gauss_std=1.5, gpu=0, hyper='default', importance_clip=10.0, inc=1, log_output='term_file', max_episodes=1000, max_inner=90, max_steps=500, optim='rmsprop', oracle=-1, raw_basis=True, restore=False, save_count=100, save_model=True, seed=7, speed=3, state_lr=0.001, summary=True, swarm=False, timestamp='5|25|9:37:37')
Actions space: 5 :: State space: 1
State Low: tensor([0.]) :: State High: tensor([1.])
State features:  [('dummy_param', torch.Size([1]))]
Policy:  [('fc1.weight', torch.Size([5, 1])), ('fc1.bias', torch.Size([5]))]
0 :: Rewards -0.007 :: steps: 0.10 :: Time: 0.000(0.00169/step) :: Entropy : 0.000 :: Grads : []
10 :: Rewards -0.299 :: steps: 1.00 :: Time: 0.012(0.01156/step) :: Entropy : 0.000 :: Grads : []
20 :: Rewards -1.147 :: steps: 1.00 :: Time: 0.022(0.02230/step) :: Entropy : 0.000 :: Grads : []
30 :: Rewards -2.182 :: steps: 1.00 :: Time: 0.017(0.01656/step) :: Entropy : 0.000 :: Grads : []
40 :: Rewards -2.863 :: steps: 1.00 :: Time: 0.016(0.01624/step) :: Entropy : 0.000 :: Grads : []
50 :: Rewards -3.196 :: steps: 1.00 :: Time: 0.022(0.02181/step) :: Entropy : 0.000 :: Grads : []
60 :: Rewards -4.560 :: steps: 1.00 :: Time: 0.017(0.01651/step) :: Entropy : 0.000 :: Grads : []
70 :: Rewards -5.438 :: steps: 1.00 :: Time: 0.017(0.01682/step) :: Entropy : 0.000 :: Grads : []
80 :: Rewards -5.714 :: steps: 1.00 :: Time: 0.023(0.02271/step) :: Entropy : 0.000 :: Grads : []
90 :: Rewards -7.502 :: steps: 1.00 :: Time: 0.017(0.01734/step) :: Entropy : 0.000 :: Grads : []
100 :: Rewards -9.368 :: steps: 1.00 :: Time: 0.018(0.01764/step) :: Entropy : 0.000 :: Grads : []
110 :: Rewards -9.954 :: steps: 1.00 :: Time: 0.024(0.02392/step) :: Entropy : 0.000 :: Grads : []
120 :: Rewards -11.275 :: steps: 1.00 :: Time: 0.018(0.01831/step) :: Entropy : 0.000 :: Grads : []
130 :: Rewards -11.275 :: steps: 1.00 :: Time: 0.019(0.01863/step) :: Entropy : 0.000 :: Grads : []
140 :: Rewards -13.036 :: steps: 1.00 :: Time: 0.025(0.02470/step) :: Entropy : 0.000 :: Grads : []
150 :: Rewards -15.423 :: steps: 1.00 :: Time: 0.019(0.01852/step) :: Entropy : 0.000 :: Grads : []
160 :: Rewards -16.702 :: steps: 1.00 :: Time: 0.019(0.01921/step) :: Entropy : 0.000 :: Grads : []
170 :: Rewards -18.518 :: steps: 1.00 :: Time: 0.027(0.02672/step) :: Entropy : 0.000 :: Grads : []
180 :: Rewards -19.852 :: steps: 1.00 :: Time: 0.020(0.02026/step) :: Entropy : 0.000 :: Grads : []
190 :: Rewards -20.218 :: steps: 1.00 :: Time: 0.022(0.02199/step) :: Entropy : 0.000 :: Grads : []
200 :: Rewards -21.689 :: steps: 1.00 :: Time: 0.029(0.02888/step) :: Entropy : 0.000 :: Grads : []
210 :: Rewards -22.556 :: steps: 1.00 :: Time: 0.022(0.02249/step) :: Entropy : 0.000 :: Grads : []
220 :: Rewards -22.931 :: steps: 1.00 :: Time: 0.023(0.02297/step) :: Entropy : 0.000 :: Grads : []
230 :: Rewards -23.352 :: steps: 1.00 :: Time: 0.031(0.03128/step) :: Entropy : 0.000 :: Grads : []
240 :: Rewards -23.807 :: steps: 1.00 :: Time: 0.025(0.02536/step) :: Entropy : 0.000 :: Grads : []
250 :: Rewards -24.893 :: steps: 1.00 :: Time: 0.026(0.02561/step) :: Entropy : 0.000 :: Grads : []
260 :: Rewards -25.511 :: steps: 1.00 :: Time: 0.035(0.03450/step) :: Entropy : 0.000 :: Grads : []
270 :: Rewards -25.607 :: steps: 1.00 :: Time: 0.027(0.02684/step) :: Entropy : 0.000 :: Grads : []
280 :: Rewards -25.960 :: steps: 1.00 :: Time: 0.027(0.02724/step) :: Entropy : 0.000 :: Grads : []
290 :: Rewards -26.458 :: steps: 1.00 :: Time: 0.040(0.04001/step) :: Entropy : 0.000 :: Grads : []
300 :: Rewards -26.869 :: steps: 1.00 :: Time: 0.032(0.03177/step) :: Entropy : 0.000 :: Grads : []
310 :: Rewards -26.988 :: steps: 1.00 :: Time: 0.036(0.03574/step) :: Entropy : 0.000 :: Grads : []
320 :: Rewards -27.727 :: steps: 1.00 :: Time: 0.046(0.04645/step) :: Entropy : 0.000 :: Grads : []
330 :: Rewards -28.127 :: steps: 1.00 :: Time: 0.037(0.03745/step) :: Entropy : 0.000 :: Grads : []
340 :: Rewards -28.780 :: steps: 1.00 :: Time: 0.031(0.03137/step) :: Entropy : 0.000 :: Grads : []
350 :: Rewards -29.017 :: steps: 1.00 :: Time: 0.043(0.04316/step) :: Entropy : 0.000 :: Grads : []
360 :: Rewards -29.278 :: steps: 1.00 :: Time: 0.033(0.03310/step) :: Entropy : 0.000 :: Grads : []
370 :: Rewards -29.567 :: steps: 1.00 :: Time: 0.034(0.03422/step) :: Entropy : 0.000 :: Grads : []
380 :: Rewards -29.966 :: steps: 1.00 :: Time: 0.047(0.04663/step) :: Entropy : 0.000 :: Grads : []
390 :: Rewards -30.390 :: steps: 1.00 :: Time: 0.036(0.03558/step) :: Entropy : 0.000 :: Grads : []
400 :: Rewards -31.094 :: steps: 1.00 :: Time: 0.036(0.03641/step) :: Entropy : 0.000 :: Grads : []
410 :: Rewards -31.333 :: steps: 1.00 :: Time: 0.050(0.04984/step) :: Entropy : 0.000 :: Grads : []
420 :: Rewards -32.308 :: steps: 1.00 :: Time: 0.038(0.03845/step) :: Entropy : 0.000 :: Grads : []
430 :: Rewards -33.230 :: steps: 1.00 :: Time: 0.040(0.03966/step) :: Entropy : 0.000 :: Grads : []
440 :: Rewards -33.642 :: steps: 1.00 :: Time: 0.055(0.05490/step) :: Entropy : 0.000 :: Grads : []
450 :: Rewards -33.937 :: steps: 1.00 :: Time: 0.042(0.04238/step) :: Entropy : 0.000 :: Grads : []
460 :: Rewards -34.239 :: steps: 1.00 :: Time: 0.044(0.04440/step) :: Entropy : 0.000 :: Grads : []
470 :: Rewards -34.409 :: steps: 1.00 :: Time: 0.057(0.05663/step) :: Entropy : 0.000 :: Grads : []
480 :: Rewards -34.723 :: steps: 1.00 :: Time: 0.043(0.04331/step) :: Entropy : 0.000 :: Grads : []
490 :: Rewards -36.257 :: steps: 1.00 :: Time: 0.045(0.04460/step) :: Entropy : 0.000 :: Grads : []
500 :: Rewards -36.519 :: steps: 1.00 :: Time: 0.060(0.06017/step) :: Entropy : 0.000 :: Grads : []
510 :: Rewards -37.099 :: steps: 1.00 :: Time: 0.046(0.04605/step) :: Entropy : 0.000 :: Grads : []
520 :: Rewards -37.988 :: steps: 1.00 :: Time: 0.047(0.04711/step) :: Entropy : 0.000 :: Grads : []
530 :: Rewards -38.433 :: steps: 1.00 :: Time: 0.064(0.06372/step) :: Entropy : 0.000 :: Grads : []
540 :: Rewards -38.657 :: steps: 1.00 :: Time: 0.048(0.04836/step) :: Entropy : 0.000 :: Grads : []
550 :: Rewards -39.034 :: steps: 1.00 :: Time: 0.050(0.05026/step) :: Entropy : 0.000 :: Grads : []
560 :: Rewards -39.214 :: steps: 1.00 :: Time: 0.068(0.06766/step) :: Entropy : 0.000 :: Grads : []
570 :: Rewards -39.629 :: steps: 1.00 :: Time: 0.052(0.05228/step) :: Entropy : 0.000 :: Grads : []
580 :: Rewards -39.928 :: steps: 1.00 :: Time: 0.057(0.05694/step) :: Entropy : 0.000 :: Grads : []
590 :: Rewards -40.259 :: steps: 1.00 :: Time: 0.073(0.07342/step) :: Entropy : 0.000 :: Grads : []
600 :: Rewards -41.271 :: steps: 1.00 :: Time: 0.056(0.05633/step) :: Entropy : 0.000 :: Grads : []
610 :: Rewards -43.185 :: steps: 1.00 :: Time: 0.059(0.05910/step) :: Entropy : 0.000 :: Grads : []
620 :: Rewards -45.533 :: steps: 1.00 :: Time: 0.078(0.07788/step) :: Entropy : 0.000 :: Grads : []
630 :: Rewards -48.515 :: steps: 1.00 :: Time: 0.058(0.05829/step) :: Entropy : 0.000 :: Grads : []
640 :: Rewards -53.311 :: steps: 1.00 :: Time: 0.059(0.05900/step) :: Entropy : 0.000 :: Grads : []
650 :: Rewards -58.689 :: steps: 1.00 :: Time: 0.078(0.07808/step) :: Entropy : 0.000 :: Grads : []
660 :: Rewards -63.948 :: steps: 1.00 :: Time: 0.062(0.06196/step) :: Entropy : 0.000 :: Grads : []
670 :: Rewards -70.077 :: steps: 1.00 :: Time: 0.061(0.06131/step) :: Entropy : 0.000 :: Grads : []
680 :: Rewards -76.505 :: steps: 1.00 :: Time: 0.084(0.08420/step) :: Entropy : 0.000 :: Grads : []
690 :: Rewards -83.318 :: steps: 1.00 :: Time: 0.064(0.06417/step) :: Entropy : 0.000 :: Grads : []
700 :: Rewards -90.140 :: steps: 1.00 :: Time: 0.067(0.06681/step) :: Entropy : 0.000 :: Grads : []
710 :: Rewards -97.327 :: steps: 1.00 :: Time: 0.091(0.09141/step) :: Entropy : 0.000 :: Grads : []
720 :: Rewards -104.822 :: steps: 1.00 :: Time: 0.070(0.07039/step) :: Entropy : 0.000 :: Grads : []
730 :: Rewards -112.636 :: steps: 1.00 :: Time: 0.072(0.07209/step) :: Entropy : 0.000 :: Grads : []
740 :: Rewards -119.880 :: steps: 1.00 :: Time: 0.097(0.09704/step) :: Entropy : 0.000 :: Grads : []
750 :: Rewards -127.098 :: steps: 1.00 :: Time: 0.075(0.07497/step) :: Entropy : 0.000 :: Grads : []
760 :: Rewards -134.433 :: steps: 1.00 :: Time: 0.077(0.07742/step) :: Entropy : 0.000 :: Grads : []
770 :: Rewards -141.391 :: steps: 1.00 :: Time: 0.106(0.10612/step) :: Entropy : 0.000 :: Grads : []
780 :: Rewards -147.697 :: steps: 1.00 :: Time: 0.080(0.08009/step) :: Entropy : 0.000 :: Grads : []
790 :: Rewards -153.476 :: steps: 1.00 :: Time: 0.084(0.08411/step) :: Entropy : 0.000 :: Grads : []
800 :: Rewards -158.721 :: steps: 1.00 :: Time: 0.113(0.11284/step) :: Entropy : 0.000 :: Grads : []
810 :: Rewards -162.818 :: steps: 1.00 :: Time: 0.087(0.08653/step) :: Entropy : 0.000 :: Grads : []
820 :: Rewards -166.078 :: steps: 1.00 :: Time: 0.087(0.08656/step) :: Entropy : 0.000 :: Grads : []
830 :: Rewards -168.212 :: steps: 1.00 :: Time: 0.131(0.13089/step) :: Entropy : 0.000 :: Grads : []
840 :: Rewards -169.576 :: steps: 1.00 :: Time: 0.101(0.10080/step) :: Entropy : 0.000 :: Grads : []
850 :: Rewards -169.731 :: steps: 1.00 :: Time: 0.100(0.09957/step) :: Entropy : 0.000 :: Grads : []
860 :: Rewards -169.996 :: steps: 1.00 :: Time: 0.133(0.13284/step) :: Entropy : 0.000 :: Grads : []
870 :: Rewards -170.762 :: steps: 1.00 :: Time: 0.096(0.09643/step) :: Entropy : 0.000 :: Grads : []
880 :: Rewards -171.707 :: steps: 1.00 :: Time: 0.097(0.09747/step) :: Entropy : 0.000 :: Grads : []
890 :: Rewards -172.022 :: steps: 1.00 :: Time: 0.130(0.12963/step) :: Entropy : 0.000 :: Grads : []
900 :: Rewards -172.243 :: steps: 1.00 :: Time: 0.099(0.09900/step) :: Entropy : 0.000 :: Grads : []
910 :: Rewards -172.876 :: steps: 1.00 :: Time: 0.103(0.10344/step) :: Entropy : 0.000 :: Grads : []
920 :: Rewards -173.911 :: steps: 1.00 :: Time: 0.141(0.14106/step) :: Entropy : 0.000 :: Grads : []
930 :: Rewards -174.311 :: steps: 1.00 :: Time: 0.108(0.10811/step) :: Entropy : 0.000 :: Grads : []
940 :: Rewards -174.963 :: steps: 1.00 :: Time: 0.110(0.11014/step) :: Entropy : 0.000 :: Grads : []
950 :: Rewards -175.506 :: steps: 1.00 :: Time: 0.151(0.15069/step) :: Entropy : 0.000 :: Grads : []
960 :: Rewards -175.740 :: steps: 1.00 :: Time: 0.115(0.11531/step) :: Entropy : 0.000 :: Grads : []
970 :: Rewards -176.710 :: steps: 1.00 :: Time: 0.118(0.11757/step) :: Entropy : 0.000 :: Grads : []
980 :: Rewards -177.226 :: steps: 1.00 :: Time: 0.158(0.15801/step) :: Entropy : 0.000 :: Grads : []
990 :: Rewards -177.628 :: steps: 1.00 :: Time: 0.120(0.11984/step) :: Entropy : 0.000 :: Grads : []
999 :: Rewards -178.217 :: steps: 0.90 :: Time: 0.127(0.14065/step) :: Entropy : 0.000 :: Grads : []
Total time taken: 59.601011753082275
