Module path:  Environments.NS_Reco NS_Reco
Dynamically loaded from:  <class 'Environments.NS_Reco.NS_Reco'>
Reward Amplitudes: [4.17022005e-01 7.20324493e-01 1.14374817e-04 3.02332573e-01
 1.46755891e-01] :: Avg 0.317309867282206 
Module path:  Src.Algorithms.ProOLS ProOLS
Dynamically loaded from:  <class 'Src.Algorithms.ProOLS.ProOLS'>
=====Configurations=====
 Namespace(NN_basis_dim='32', Policy_basis_dim='32', actor_lr=0.002855902814944507, algo_name='ProOLS', base=0, batch_size=1000, buffer_size=1000, debug=False, delta=1, entropy_lambda=0.053752942888962034, env_name='NS_Reco', experiment='NS_2r_', extrapolator_basis='Fourier', folder_suffix='Default', fourier_coupled=True, fourier_k=7, fourier_order=3, gamma=0.99, gauss_std=1.5, gpu=0, hyper='default', importance_clip=5.0, inc=1, log_output='term_file', max_episodes=1000, max_inner=30, max_steps=500, optim='rmsprop', oracle=-1, raw_basis=True, restore=False, save_count=100, save_model=True, seed=15, speed=2, state_lr=0.001, summary=True, swarm=False, timestamp='5|25|11:19:14')
Actions space: 5 :: State space: 1
State Low: tensor([0.]) :: State High: tensor([1.])
State features:  [('dummy_param', torch.Size([1]))]
Policy:  [('fc1.weight', torch.Size([5, 1])), ('fc1.bias', torch.Size([5]))]
0 :: Rewards -0.004 :: steps: 0.10 :: Time: 0.000(0.00057/step) :: Entropy : 0.000 :: Grads : []
10 :: Rewards -0.153 :: steps: 1.00 :: Time: 0.005(0.00540/step) :: Entropy : 0.000 :: Grads : []
20 :: Rewards -0.649 :: steps: 1.00 :: Time: 0.013(0.01299/step) :: Entropy : 0.000 :: Grads : []
30 :: Rewards -0.828 :: steps: 1.00 :: Time: 0.013(0.01315/step) :: Entropy : 0.000 :: Grads : []
40 :: Rewards -1.373 :: steps: 1.00 :: Time: 0.013(0.01269/step) :: Entropy : 0.000 :: Grads : []
50 :: Rewards -1.986 :: steps: 1.00 :: Time: 0.013(0.01279/step) :: Entropy : 0.000 :: Grads : []
60 :: Rewards -3.021 :: steps: 1.00 :: Time: 0.013(0.01283/step) :: Entropy : 0.000 :: Grads : []
70 :: Rewards -4.090 :: steps: 1.00 :: Time: 0.013(0.01311/step) :: Entropy : 0.000 :: Grads : []
80 :: Rewards -5.292 :: steps: 1.00 :: Time: 0.013(0.01321/step) :: Entropy : 0.000 :: Grads : []
90 :: Rewards -5.949 :: steps: 1.00 :: Time: 0.013(0.01331/step) :: Entropy : 0.000 :: Grads : []
100 :: Rewards -5.949 :: steps: 1.00 :: Time: 0.013(0.01338/step) :: Entropy : 0.000 :: Grads : []
110 :: Rewards -6.738 :: steps: 1.00 :: Time: 0.014(0.01410/step) :: Entropy : 0.000 :: Grads : []
120 :: Rewards -7.306 :: steps: 1.00 :: Time: 0.014(0.01421/step) :: Entropy : 0.000 :: Grads : []
130 :: Rewards -7.917 :: steps: 1.00 :: Time: 0.014(0.01415/step) :: Entropy : 0.000 :: Grads : []
140 :: Rewards -7.917 :: steps: 1.00 :: Time: 0.015(0.01471/step) :: Entropy : 0.000 :: Grads : []
150 :: Rewards -7.917 :: steps: 1.00 :: Time: 0.015(0.01469/step) :: Entropy : 0.000 :: Grads : []
160 :: Rewards -7.917 :: steps: 1.00 :: Time: 0.016(0.01556/step) :: Entropy : 0.000 :: Grads : []
170 :: Rewards -7.917 :: steps: 1.00 :: Time: 0.015(0.01524/step) :: Entropy : 0.000 :: Grads : []
180 :: Rewards -7.917 :: steps: 1.00 :: Time: 0.015(0.01492/step) :: Entropy : 0.000 :: Grads : []
190 :: Rewards -7.917 :: steps: 1.00 :: Time: 0.015(0.01474/step) :: Entropy : 0.000 :: Grads : []
200 :: Rewards -7.917 :: steps: 1.00 :: Time: 0.015(0.01500/step) :: Entropy : 0.000 :: Grads : []
210 :: Rewards -7.917 :: steps: 1.00 :: Time: 0.016(0.01550/step) :: Entropy : 0.000 :: Grads : []
220 :: Rewards -7.917 :: steps: 1.00 :: Time: 0.015(0.01528/step) :: Entropy : 0.000 :: Grads : []
230 :: Rewards -7.917 :: steps: 1.00 :: Time: 0.015(0.01537/step) :: Entropy : 0.000 :: Grads : []
240 :: Rewards -7.917 :: steps: 1.00 :: Time: 0.016(0.01552/step) :: Entropy : 0.000 :: Grads : []
250 :: Rewards -7.917 :: steps: 1.00 :: Time: 0.015(0.01529/step) :: Entropy : 0.000 :: Grads : []
260 :: Rewards -7.917 :: steps: 1.00 :: Time: 0.016(0.01601/step) :: Entropy : 0.000 :: Grads : []
270 :: Rewards -7.917 :: steps: 1.00 :: Time: 0.016(0.01607/step) :: Entropy : 0.000 :: Grads : []
280 :: Rewards -7.917 :: steps: 1.00 :: Time: 0.016(0.01621/step) :: Entropy : 0.000 :: Grads : []
290 :: Rewards -7.917 :: steps: 1.00 :: Time: 0.016(0.01620/step) :: Entropy : 0.000 :: Grads : []
300 :: Rewards -7.917 :: steps: 1.00 :: Time: 0.016(0.01646/step) :: Entropy : 0.000 :: Grads : []
310 :: Rewards -7.917 :: steps: 1.00 :: Time: 0.017(0.01694/step) :: Entropy : 0.000 :: Grads : []
320 :: Rewards -7.917 :: steps: 1.00 :: Time: 0.017(0.01666/step) :: Entropy : 0.000 :: Grads : []
330 :: Rewards -7.917 :: steps: 1.00 :: Time: 0.018(0.01786/step) :: Entropy : 0.000 :: Grads : []
340 :: Rewards -7.917 :: steps: 1.00 :: Time: 0.017(0.01740/step) :: Entropy : 0.000 :: Grads : []
350 :: Rewards -7.917 :: steps: 1.00 :: Time: 0.019(0.01860/step) :: Entropy : 0.000 :: Grads : []
360 :: Rewards -7.925 :: steps: 1.00 :: Time: 0.018(0.01813/step) :: Entropy : 0.000 :: Grads : []
370 :: Rewards -8.076 :: steps: 1.00 :: Time: 0.018(0.01797/step) :: Entropy : 0.000 :: Grads : []
380 :: Rewards -8.598 :: steps: 1.00 :: Time: 0.018(0.01809/step) :: Entropy : 0.000 :: Grads : []
390 :: Rewards -9.477 :: steps: 1.00 :: Time: 0.018(0.01818/step) :: Entropy : 0.000 :: Grads : []
400 :: Rewards -10.697 :: steps: 1.00 :: Time: 0.018(0.01822/step) :: Entropy : 0.000 :: Grads : []
410 :: Rewards -12.226 :: steps: 1.00 :: Time: 0.018(0.01848/step) :: Entropy : 0.000 :: Grads : []
420 :: Rewards -14.402 :: steps: 1.00 :: Time: 0.019(0.01912/step) :: Entropy : 0.000 :: Grads : []
430 :: Rewards -16.374 :: steps: 1.00 :: Time: 0.019(0.01922/step) :: Entropy : 0.000 :: Grads : []
440 :: Rewards -17.581 :: steps: 1.00 :: Time: 0.019(0.01947/step) :: Entropy : 0.000 :: Grads : []
450 :: Rewards -18.492 :: steps: 1.00 :: Time: 0.020(0.01973/step) :: Entropy : 0.000 :: Grads : []
460 :: Rewards -19.137 :: steps: 1.00 :: Time: 0.020(0.01971/step) :: Entropy : 0.000 :: Grads : []
470 :: Rewards -19.837 :: steps: 1.00 :: Time: 0.020(0.02016/step) :: Entropy : 0.000 :: Grads : []
480 :: Rewards -20.540 :: steps: 1.00 :: Time: 0.021(0.02060/step) :: Entropy : 0.000 :: Grads : []
490 :: Rewards -20.979 :: steps: 1.00 :: Time: 0.020(0.01989/step) :: Entropy : 0.000 :: Grads : []
500 :: Rewards -21.430 :: steps: 1.00 :: Time: 0.020(0.01987/step) :: Entropy : 0.000 :: Grads : []
510 :: Rewards -21.733 :: steps: 1.00 :: Time: 0.020(0.01981/step) :: Entropy : 0.000 :: Grads : []
520 :: Rewards -21.944 :: steps: 1.00 :: Time: 0.020(0.02034/step) :: Entropy : 0.000 :: Grads : []
530 :: Rewards -22.121 :: steps: 1.00 :: Time: 0.021(0.02051/step) :: Entropy : 0.000 :: Grads : []
540 :: Rewards -22.279 :: steps: 1.00 :: Time: 0.020(0.02050/step) :: Entropy : 0.000 :: Grads : []
550 :: Rewards -22.501 :: steps: 1.00 :: Time: 0.021(0.02093/step) :: Entropy : 0.000 :: Grads : []
560 :: Rewards -22.769 :: steps: 1.00 :: Time: 0.021(0.02101/step) :: Entropy : 0.000 :: Grads : []
570 :: Rewards -23.685 :: steps: 1.00 :: Time: 0.021(0.02102/step) :: Entropy : 0.000 :: Grads : []
580 :: Rewards -24.037 :: steps: 1.00 :: Time: 0.021(0.02113/step) :: Entropy : 0.000 :: Grads : []
590 :: Rewards -24.534 :: steps: 1.00 :: Time: 0.021(0.02106/step) :: Entropy : 0.000 :: Grads : []
600 :: Rewards -25.373 :: steps: 1.00 :: Time: 0.021(0.02117/step) :: Entropy : 0.000 :: Grads : []
610 :: Rewards -25.373 :: steps: 1.00 :: Time: 0.021(0.02150/step) :: Entropy : 0.000 :: Grads : []
620 :: Rewards -25.642 :: steps: 1.00 :: Time: 0.022(0.02173/step) :: Entropy : 0.000 :: Grads : []
630 :: Rewards -25.928 :: steps: 1.00 :: Time: 0.022(0.02191/step) :: Entropy : 0.000 :: Grads : []
640 :: Rewards -26.417 :: steps: 1.00 :: Time: 0.022(0.02217/step) :: Entropy : 0.000 :: Grads : []
650 :: Rewards -26.634 :: steps: 1.00 :: Time: 0.022(0.02161/step) :: Entropy : 0.000 :: Grads : []
660 :: Rewards -27.084 :: steps: 1.00 :: Time: 0.022(0.02161/step) :: Entropy : 0.000 :: Grads : []
670 :: Rewards -27.966 :: steps: 1.00 :: Time: 0.021(0.02136/step) :: Entropy : 0.000 :: Grads : []
680 :: Rewards -27.966 :: steps: 1.00 :: Time: 0.020(0.02002/step) :: Entropy : 0.000 :: Grads : []
690 :: Rewards -28.212 :: steps: 1.00 :: Time: 0.020(0.02043/step) :: Entropy : 0.000 :: Grads : []
700 :: Rewards -28.511 :: steps: 1.00 :: Time: 0.020(0.02021/step) :: Entropy : 0.000 :: Grads : []
710 :: Rewards -28.777 :: steps: 1.00 :: Time: 0.021(0.02086/step) :: Entropy : 0.000 :: Grads : []
720 :: Rewards -29.025 :: steps: 1.00 :: Time: 0.020(0.02033/step) :: Entropy : 0.000 :: Grads : []
730 :: Rewards -29.077 :: steps: 1.00 :: Time: 0.020(0.02000/step) :: Entropy : 0.000 :: Grads : []
740 :: Rewards -29.107 :: steps: 1.00 :: Time: 0.020(0.02011/step) :: Entropy : 0.000 :: Grads : []
750 :: Rewards -30.082 :: steps: 1.00 :: Time: 0.021(0.02097/step) :: Entropy : 0.000 :: Grads : []
760 :: Rewards -30.475 :: steps: 1.00 :: Time: 0.021(0.02081/step) :: Entropy : 0.000 :: Grads : []
770 :: Rewards -30.526 :: steps: 1.00 :: Time: 0.021(0.02087/step) :: Entropy : 0.000 :: Grads : []
780 :: Rewards -30.573 :: steps: 1.00 :: Time: 0.021(0.02146/step) :: Entropy : 0.000 :: Grads : []
790 :: Rewards -31.006 :: steps: 1.00 :: Time: 0.021(0.02130/step) :: Entropy : 0.000 :: Grads : []
800 :: Rewards -32.084 :: steps: 1.00 :: Time: 0.022(0.02164/step) :: Entropy : 0.000 :: Grads : []
810 :: Rewards -32.499 :: steps: 1.00 :: Time: 0.022(0.02182/step) :: Entropy : 0.000 :: Grads : []
820 :: Rewards -32.928 :: steps: 1.00 :: Time: 0.022(0.02218/step) :: Entropy : 0.000 :: Grads : []
830 :: Rewards -34.360 :: steps: 1.00 :: Time: 0.022(0.02250/step) :: Entropy : 0.000 :: Grads : []
840 :: Rewards -35.024 :: steps: 1.00 :: Time: 0.023(0.02257/step) :: Entropy : 0.000 :: Grads : []
850 :: Rewards -35.483 :: steps: 1.00 :: Time: 0.022(0.02237/step) :: Entropy : 0.000 :: Grads : []
860 :: Rewards -35.655 :: steps: 1.00 :: Time: 0.022(0.02248/step) :: Entropy : 0.000 :: Grads : []
870 :: Rewards -36.033 :: steps: 1.00 :: Time: 0.023(0.02279/step) :: Entropy : 0.000 :: Grads : []
880 :: Rewards -36.279 :: steps: 1.00 :: Time: 0.023(0.02309/step) :: Entropy : 0.000 :: Grads : []
890 :: Rewards -37.055 :: steps: 1.00 :: Time: 0.023(0.02345/step) :: Entropy : 0.000 :: Grads : []
900 :: Rewards -38.678 :: steps: 1.00 :: Time: 0.023(0.02348/step) :: Entropy : 0.000 :: Grads : []
910 :: Rewards -40.387 :: steps: 1.00 :: Time: 0.023(0.02304/step) :: Entropy : 0.000 :: Grads : []
920 :: Rewards -42.271 :: steps: 1.00 :: Time: 0.023(0.02314/step) :: Entropy : 0.000 :: Grads : []
930 :: Rewards -44.752 :: steps: 1.00 :: Time: 0.023(0.02323/step) :: Entropy : 0.000 :: Grads : []
940 :: Rewards -49.101 :: steps: 1.00 :: Time: 0.023(0.02315/step) :: Entropy : 0.000 :: Grads : []
950 :: Rewards -51.855 :: steps: 1.00 :: Time: 0.023(0.02335/step) :: Entropy : 0.000 :: Grads : []
960 :: Rewards -53.133 :: steps: 1.00 :: Time: 0.023(0.02336/step) :: Entropy : 0.000 :: Grads : []
970 :: Rewards -53.133 :: steps: 1.00 :: Time: 0.024(0.02366/step) :: Entropy : 0.000 :: Grads : []
980 :: Rewards -53.133 :: steps: 1.00 :: Time: 0.024(0.02380/step) :: Entropy : 0.000 :: Grads : []
990 :: Rewards -53.133 :: steps: 1.00 :: Time: 0.024(0.02389/step) :: Entropy : 0.000 :: Grads : []
999 :: Rewards -53.133 :: steps: 0.90 :: Time: 0.022(0.02392/step) :: Entropy : 0.000 :: Grads : []
Total time taken: 18.952796936035156
