Module path:  Environments.NS_Reco NS_Reco
Dynamically loaded from:  <class 'Environments.NS_Reco.NS_Reco'>
Reward Amplitudes: [4.17022005e-01 7.20324493e-01 1.14374817e-04 3.02332573e-01
 1.46755891e-01] :: Avg 0.317309867282206 
Module path:  Src.Algorithms.ProWLS ProWLS
Dynamically loaded from:  <class 'Src.Algorithms.ProWLS.ProWLS'>
=====Configurations=====
 Namespace(NN_basis_dim='32', Policy_basis_dim='32', actor_lr=0.004415491219348583, algo_name='ProWLS', base=0, batch_size=1000, buffer_size=1000, debug=False, delta=1, entropy_lambda=0.0010074417839719013, env_name='NS_Reco', experiment='NS_0_', extrapolator_basis='Fourier', folder_suffix='Default', fourier_coupled=True, fourier_k=3, fourier_order=3, gamma=0.99, gauss_std=1.5, gpu=0, hyper='default', importance_clip=5.0, inc=1, log_output='term_file', max_episodes=1000, max_inner=20, max_steps=500, optim='rmsprop', oracle=-1, raw_basis=True, restore=False, save_count=100, save_model=True, seed=1, speed=0, state_lr=0.001, summary=True, swarm=False, timestamp='5|24|20:13:33')
Actions space: 5 :: State space: 1
State Low: tensor([0.]) :: State High: tensor([1.])
State features:  [('dummy_param', torch.Size([1]))]
Policy:  [('fc1.weight', torch.Size([5, 1])), ('fc1.bias', torch.Size([5]))]
0 :: Rewards -0.007 :: steps: 0.10 :: Time: 0.000(0.00058/step) :: Entropy : 0.000 :: Grads : []
10 :: Rewards 1.730 :: steps: 1.00 :: Time: 0.009(0.00883/step) :: Entropy : 0.000 :: Grads : []
20 :: Rewards 2.770 :: steps: 1.00 :: Time: 0.011(0.01095/step) :: Entropy : 0.000 :: Grads : []
30 :: Rewards 5.376 :: steps: 1.00 :: Time: 0.011(0.01130/step) :: Entropy : 0.000 :: Grads : []
40 :: Rewards 9.266 :: steps: 1.00 :: Time: 0.011(0.01093/step) :: Entropy : 0.000 :: Grads : []
50 :: Rewards 15.434 :: steps: 1.00 :: Time: 0.011(0.01102/step) :: Entropy : 0.000 :: Grads : []
60 :: Rewards 21.193 :: steps: 1.00 :: Time: 0.011(0.01113/step) :: Entropy : 0.000 :: Grads : []
70 :: Rewards 27.213 :: steps: 1.00 :: Time: 0.011(0.01133/step) :: Entropy : 0.000 :: Grads : []
80 :: Rewards 34.407 :: steps: 1.00 :: Time: 0.011(0.01149/step) :: Entropy : 0.000 :: Grads : []
90 :: Rewards 41.623 :: steps: 1.00 :: Time: 0.012(0.01164/step) :: Entropy : 0.000 :: Grads : []
100 :: Rewards 48.813 :: steps: 1.00 :: Time: 0.012(0.01178/step) :: Entropy : 0.000 :: Grads : []
110 :: Rewards 56.011 :: steps: 1.00 :: Time: 0.012(0.01197/step) :: Entropy : 0.000 :: Grads : []
120 :: Rewards 63.161 :: steps: 1.00 :: Time: 0.012(0.01215/step) :: Entropy : 0.000 :: Grads : []
130 :: Rewards 70.348 :: steps: 1.00 :: Time: 0.012(0.01235/step) :: Entropy : 0.000 :: Grads : []
140 :: Rewards 77.545 :: steps: 1.00 :: Time: 0.013(0.01257/step) :: Entropy : 0.000 :: Grads : []
150 :: Rewards 84.771 :: steps: 1.00 :: Time: 0.013(0.01287/step) :: Entropy : 0.000 :: Grads : []
160 :: Rewards 91.970 :: steps: 1.00 :: Time: 0.013(0.01297/step) :: Entropy : 0.000 :: Grads : []
170 :: Rewards 99.181 :: steps: 1.00 :: Time: 0.013(0.01323/step) :: Entropy : 0.000 :: Grads : []
180 :: Rewards 106.417 :: steps: 1.00 :: Time: 0.013(0.01342/step) :: Entropy : 0.000 :: Grads : []
190 :: Rewards 113.640 :: steps: 1.00 :: Time: 0.014(0.01432/step) :: Entropy : 0.000 :: Grads : []
200 :: Rewards 120.862 :: steps: 1.00 :: Time: 0.015(0.01454/step) :: Entropy : 0.000 :: Grads : []
210 :: Rewards 128.054 :: steps: 1.00 :: Time: 0.015(0.01501/step) :: Entropy : 0.000 :: Grads : []
220 :: Rewards 135.269 :: steps: 1.00 :: Time: 0.015(0.01531/step) :: Entropy : 0.000 :: Grads : []
230 :: Rewards 142.497 :: steps: 1.00 :: Time: 0.016(0.01562/step) :: Entropy : 0.000 :: Grads : []
240 :: Rewards 149.700 :: steps: 1.00 :: Time: 0.016(0.01593/step) :: Entropy : 0.000 :: Grads : []
250 :: Rewards 156.928 :: steps: 1.00 :: Time: 0.016(0.01621/step) :: Entropy : 0.000 :: Grads : []
260 :: Rewards 164.125 :: steps: 1.00 :: Time: 0.017(0.01661/step) :: Entropy : 0.000 :: Grads : []
270 :: Rewards 171.294 :: steps: 1.00 :: Time: 0.017(0.01691/step) :: Entropy : 0.000 :: Grads : []
280 :: Rewards 178.484 :: steps: 1.00 :: Time: 0.017(0.01706/step) :: Entropy : 0.000 :: Grads : []
290 :: Rewards 185.689 :: steps: 1.00 :: Time: 0.017(0.01726/step) :: Entropy : 0.000 :: Grads : []
300 :: Rewards 192.910 :: steps: 1.00 :: Time: 0.017(0.01736/step) :: Entropy : 0.000 :: Grads : []
310 :: Rewards 200.095 :: steps: 1.00 :: Time: 0.018(0.01752/step) :: Entropy : 0.000 :: Grads : []
320 :: Rewards 207.323 :: steps: 1.00 :: Time: 0.018(0.01779/step) :: Entropy : 0.000 :: Grads : []
330 :: Rewards 214.526 :: steps: 1.00 :: Time: 0.018(0.01837/step) :: Entropy : 0.000 :: Grads : []
340 :: Rewards 221.708 :: steps: 1.00 :: Time: 0.018(0.01847/step) :: Entropy : 0.000 :: Grads : []
350 :: Rewards 228.897 :: steps: 1.00 :: Time: 0.019(0.01898/step) :: Entropy : 0.000 :: Grads : []
360 :: Rewards 236.066 :: steps: 1.00 :: Time: 0.019(0.01933/step) :: Entropy : 0.000 :: Grads : []
370 :: Rewards 243.266 :: steps: 1.00 :: Time: 0.020(0.01984/step) :: Entropy : 0.000 :: Grads : []
380 :: Rewards 250.491 :: steps: 1.00 :: Time: 0.020(0.02012/step) :: Entropy : 0.000 :: Grads : []
390 :: Rewards 257.703 :: steps: 1.00 :: Time: 0.021(0.02056/step) :: Entropy : 0.000 :: Grads : []
400 :: Rewards 264.923 :: steps: 1.00 :: Time: 0.021(0.02094/step) :: Entropy : 0.000 :: Grads : []
410 :: Rewards 272.138 :: steps: 1.00 :: Time: 0.021(0.02143/step) :: Entropy : 0.000 :: Grads : []
420 :: Rewards 279.375 :: steps: 1.00 :: Time: 0.022(0.02194/step) :: Entropy : 0.000 :: Grads : []
430 :: Rewards 286.608 :: steps: 1.00 :: Time: 0.022(0.02228/step) :: Entropy : 0.000 :: Grads : []
440 :: Rewards 293.810 :: steps: 1.00 :: Time: 0.022(0.02248/step) :: Entropy : 0.000 :: Grads : []
450 :: Rewards 301.019 :: steps: 1.00 :: Time: 0.023(0.02306/step) :: Entropy : 0.000 :: Grads : []
460 :: Rewards 308.204 :: steps: 1.00 :: Time: 0.023(0.02328/step) :: Entropy : 0.000 :: Grads : []
470 :: Rewards 315.392 :: steps: 1.00 :: Time: 0.024(0.02386/step) :: Entropy : 0.000 :: Grads : []
480 :: Rewards 322.645 :: steps: 1.00 :: Time: 0.024(0.02434/step) :: Entropy : 0.000 :: Grads : []
490 :: Rewards 329.850 :: steps: 1.00 :: Time: 0.024(0.02449/step) :: Entropy : 0.000 :: Grads : []
500 :: Rewards 337.039 :: steps: 1.00 :: Time: 0.025(0.02483/step) :: Entropy : 0.000 :: Grads : []
510 :: Rewards 344.247 :: steps: 1.00 :: Time: 0.026(0.02557/step) :: Entropy : 0.000 :: Grads : []
520 :: Rewards 351.439 :: steps: 1.00 :: Time: 0.026(0.02566/step) :: Entropy : 0.000 :: Grads : []
530 :: Rewards 358.677 :: steps: 1.00 :: Time: 0.026(0.02602/step) :: Entropy : 0.000 :: Grads : []
540 :: Rewards 365.902 :: steps: 1.00 :: Time: 0.026(0.02639/step) :: Entropy : 0.000 :: Grads : []
550 :: Rewards 373.096 :: steps: 1.00 :: Time: 0.027(0.02719/step) :: Entropy : 0.000 :: Grads : []
560 :: Rewards 380.322 :: steps: 1.00 :: Time: 0.027(0.02740/step) :: Entropy : 0.000 :: Grads : []
570 :: Rewards 387.524 :: steps: 1.00 :: Time: 0.028(0.02822/step) :: Entropy : 0.000 :: Grads : []
580 :: Rewards 394.763 :: steps: 1.00 :: Time: 0.029(0.02860/step) :: Entropy : 0.000 :: Grads : []
590 :: Rewards 401.950 :: steps: 1.00 :: Time: 0.030(0.02981/step) :: Entropy : 0.000 :: Grads : []
600 :: Rewards 409.126 :: steps: 1.00 :: Time: 0.031(0.03106/step) :: Entropy : 0.000 :: Grads : []
610 :: Rewards 416.326 :: steps: 1.00 :: Time: 0.030(0.03021/step) :: Entropy : 0.000 :: Grads : []
620 :: Rewards 423.479 :: steps: 1.00 :: Time: 0.031(0.03061/step) :: Entropy : 0.000 :: Grads : []
630 :: Rewards 430.703 :: steps: 1.00 :: Time: 0.031(0.03134/step) :: Entropy : 0.000 :: Grads : []
640 :: Rewards 437.926 :: steps: 1.00 :: Time: 0.032(0.03171/step) :: Entropy : 0.000 :: Grads : []
650 :: Rewards 445.132 :: steps: 1.00 :: Time: 0.033(0.03250/step) :: Entropy : 0.000 :: Grads : []
660 :: Rewards 452.349 :: steps: 1.00 :: Time: 0.035(0.03523/step) :: Entropy : 0.000 :: Grads : []
670 :: Rewards 459.539 :: steps: 1.00 :: Time: 0.034(0.03384/step) :: Entropy : 0.000 :: Grads : []
680 :: Rewards 466.743 :: steps: 1.00 :: Time: 0.035(0.03453/step) :: Entropy : 0.000 :: Grads : []
690 :: Rewards 473.920 :: steps: 1.00 :: Time: 0.036(0.03590/step) :: Entropy : 0.000 :: Grads : []
700 :: Rewards 481.140 :: steps: 1.00 :: Time: 0.036(0.03648/step) :: Entropy : 0.000 :: Grads : []
710 :: Rewards 488.391 :: steps: 1.00 :: Time: 0.037(0.03732/step) :: Entropy : 0.000 :: Grads : []
720 :: Rewards 495.537 :: steps: 1.00 :: Time: 0.038(0.03775/step) :: Entropy : 0.000 :: Grads : []
730 :: Rewards 502.764 :: steps: 1.00 :: Time: 0.038(0.03843/step) :: Entropy : 0.000 :: Grads : []
740 :: Rewards 509.943 :: steps: 1.00 :: Time: 0.039(0.03900/step) :: Entropy : 0.000 :: Grads : []
750 :: Rewards 517.179 :: steps: 1.00 :: Time: 0.040(0.03978/step) :: Entropy : 0.000 :: Grads : []
760 :: Rewards 524.356 :: steps: 1.00 :: Time: 0.041(0.04103/step) :: Entropy : 0.000 :: Grads : []
770 :: Rewards 531.539 :: steps: 1.00 :: Time: 0.042(0.04219/step) :: Entropy : 0.000 :: Grads : []
780 :: Rewards 538.727 :: steps: 1.00 :: Time: 0.043(0.04309/step) :: Entropy : 0.000 :: Grads : []
790 :: Rewards 545.953 :: steps: 1.00 :: Time: 0.044(0.04360/step) :: Entropy : 0.000 :: Grads : []
800 :: Rewards 553.142 :: steps: 1.00 :: Time: 0.044(0.04391/step) :: Entropy : 0.000 :: Grads : []
810 :: Rewards 560.330 :: steps: 1.00 :: Time: 0.045(0.04473/step) :: Entropy : 0.000 :: Grads : []
820 :: Rewards 567.539 :: steps: 1.00 :: Time: 0.046(0.04565/step) :: Entropy : 0.000 :: Grads : []
830 :: Rewards 574.682 :: steps: 1.00 :: Time: 0.047(0.04688/step) :: Entropy : 0.000 :: Grads : []
840 :: Rewards 581.901 :: steps: 1.00 :: Time: 0.049(0.04875/step) :: Entropy : 0.000 :: Grads : []
850 :: Rewards 589.131 :: steps: 1.00 :: Time: 0.049(0.04943/step) :: Entropy : 0.000 :: Grads : []
860 :: Rewards 596.337 :: steps: 1.00 :: Time: 0.051(0.05123/step) :: Entropy : 0.000 :: Grads : []
870 :: Rewards 603.538 :: steps: 1.00 :: Time: 0.050(0.05041/step) :: Entropy : 0.000 :: Grads : []
880 :: Rewards 610.723 :: steps: 1.00 :: Time: 0.052(0.05228/step) :: Entropy : 0.000 :: Grads : []
890 :: Rewards 617.932 :: steps: 1.00 :: Time: 0.054(0.05391/step) :: Entropy : 0.000 :: Grads : []
900 :: Rewards 625.112 :: steps: 1.00 :: Time: 0.055(0.05481/step) :: Entropy : 0.000 :: Grads : []
910 :: Rewards 632.306 :: steps: 1.00 :: Time: 0.056(0.05636/step) :: Entropy : 0.000 :: Grads : []
920 :: Rewards 639.511 :: steps: 1.00 :: Time: 0.059(0.05854/step) :: Entropy : 0.000 :: Grads : []
930 :: Rewards 646.679 :: steps: 1.00 :: Time: 0.059(0.05949/step) :: Entropy : 0.000 :: Grads : []
940 :: Rewards 653.894 :: steps: 1.00 :: Time: 0.061(0.06051/step) :: Entropy : 0.000 :: Grads : []
950 :: Rewards 661.098 :: steps: 1.00 :: Time: 0.062(0.06222/step) :: Entropy : 0.000 :: Grads : []
960 :: Rewards 668.281 :: steps: 1.00 :: Time: 0.063(0.06300/step) :: Entropy : 0.000 :: Grads : []
970 :: Rewards 675.500 :: steps: 1.00 :: Time: 0.064(0.06364/step) :: Entropy : 0.000 :: Grads : []
980 :: Rewards 682.685 :: steps: 1.00 :: Time: 0.065(0.06465/step) :: Entropy : 0.000 :: Grads : []
990 :: Rewards 689.927 :: steps: 1.00 :: Time: 0.066(0.06565/step) :: Entropy : 0.000 :: Grads : []
999 :: Rewards 696.411 :: steps: 0.90 :: Time: 0.061(0.06740/step) :: Entropy : 0.000 :: Grads : []
Total time taken: 29.627909183502197
