Module path:  Environments.NS_Reco NS_Reco
Dynamically loaded from:  <class 'Environments.NS_Reco.NS_Reco'>
Reward Amplitudes: [4.17022005e-01 7.20324493e-01 1.14374817e-04 3.02332573e-01
 1.46755891e-01] :: Avg 0.317309867282206 
Module path:  Src.Algorithms.ProOLS ProOLS
Dynamically loaded from:  <class 'Src.Algorithms.ProOLS.ProOLS'>
=====Configurations=====
 Namespace(NN_basis_dim='32', Policy_basis_dim='32', actor_lr=0.0013967975033711264, algo_name='ProOLS', base=0, batch_size=1000, buffer_size=1000, debug=False, delta=1, entropy_lambda=0.009309067356364342, env_name='NS_Reco', experiment='NS_0r_', extrapolator_basis='Fourier', folder_suffix='Default', fourier_coupled=True, fourier_k=5, fourier_order=3, gamma=0.99, gauss_std=1.5, gpu=0, hyper='default', importance_clip=15.0, inc=1, log_output='term_file', max_episodes=1000, max_inner=30, max_steps=500, optim='rmsprop', oracle=-1, raw_basis=True, restore=False, save_count=100, save_model=True, seed=5, speed=0, state_lr=0.001, summary=True, swarm=False, timestamp='5|25|11:39:55')
Actions space: 5 :: State space: 1
State Low: tensor([0.]) :: State High: tensor([1.])
State features:  [('dummy_param', torch.Size([1]))]
Policy:  [('fc1.weight', torch.Size([5, 1])), ('fc1.bias', torch.Size([5]))]
0 :: Rewards 0.000 :: steps: 0.10 :: Time: 0.000(0.00065/step) :: Entropy : 0.000 :: Grads : []
10 :: Rewards -2.647 :: steps: 1.00 :: Time: 0.009(0.00885/step) :: Entropy : 0.000 :: Grads : []
20 :: Rewards -6.027 :: steps: 1.00 :: Time: 0.014(0.01438/step) :: Entropy : 0.000 :: Grads : []
30 :: Rewards -8.919 :: steps: 1.00 :: Time: 0.015(0.01474/step) :: Entropy : 0.000 :: Grads : []
40 :: Rewards -10.172 :: steps: 1.00 :: Time: 0.015(0.01453/step) :: Entropy : 0.000 :: Grads : []
50 :: Rewards -11.421 :: steps: 1.00 :: Time: 0.014(0.01424/step) :: Entropy : 0.000 :: Grads : []
60 :: Rewards -12.710 :: steps: 1.00 :: Time: 0.014(0.01442/step) :: Entropy : 0.000 :: Grads : []
70 :: Rewards -12.710 :: steps: 1.00 :: Time: 0.014(0.01449/step) :: Entropy : 0.000 :: Grads : []
80 :: Rewards -12.710 :: steps: 1.00 :: Time: 0.015(0.01473/step) :: Entropy : 0.000 :: Grads : []
90 :: Rewards -12.710 :: steps: 1.00 :: Time: 0.015(0.01521/step) :: Entropy : 0.000 :: Grads : []
100 :: Rewards -13.134 :: steps: 1.00 :: Time: 0.015(0.01519/step) :: Entropy : 0.000 :: Grads : []
110 :: Rewards -13.134 :: steps: 1.00 :: Time: 0.015(0.01503/step) :: Entropy : 0.000 :: Grads : []
120 :: Rewards -13.975 :: steps: 1.00 :: Time: 0.015(0.01526/step) :: Entropy : 0.000 :: Grads : []
130 :: Rewards -13.975 :: steps: 1.00 :: Time: 0.015(0.01536/step) :: Entropy : 0.000 :: Grads : []
140 :: Rewards -13.975 :: steps: 1.00 :: Time: 0.015(0.01547/step) :: Entropy : 0.000 :: Grads : []
150 :: Rewards -14.395 :: steps: 1.00 :: Time: 0.019(0.01910/step) :: Entropy : 0.000 :: Grads : []
160 :: Rewards -14.395 :: steps: 1.00 :: Time: 0.017(0.01679/step) :: Entropy : 0.000 :: Grads : []
170 :: Rewards -14.395 :: steps: 1.00 :: Time: 0.019(0.01876/step) :: Entropy : 0.000 :: Grads : []
180 :: Rewards -14.809 :: steps: 1.00 :: Time: 0.025(0.02482/step) :: Entropy : 0.000 :: Grads : []
190 :: Rewards -15.630 :: steps: 1.00 :: Time: 0.016(0.01604/step) :: Entropy : 0.000 :: Grads : []
200 :: Rewards -15.630 :: steps: 1.00 :: Time: 0.017(0.01651/step) :: Entropy : 0.000 :: Grads : []
210 :: Rewards -15.630 :: steps: 1.00 :: Time: 0.017(0.01689/step) :: Entropy : 0.000 :: Grads : []
220 :: Rewards -15.630 :: steps: 1.00 :: Time: 0.017(0.01731/step) :: Entropy : 0.000 :: Grads : []
230 :: Rewards -15.630 :: steps: 1.00 :: Time: 0.017(0.01739/step) :: Entropy : 0.000 :: Grads : []
240 :: Rewards -16.039 :: steps: 1.00 :: Time: 0.019(0.01851/step) :: Entropy : 0.000 :: Grads : []
250 :: Rewards -16.039 :: steps: 1.00 :: Time: 0.017(0.01703/step) :: Entropy : 0.000 :: Grads : []
260 :: Rewards -16.039 :: steps: 1.00 :: Time: 0.017(0.01677/step) :: Entropy : 0.000 :: Grads : []
270 :: Rewards -17.277 :: steps: 1.00 :: Time: 0.018(0.01814/step) :: Entropy : 0.000 :: Grads : []
280 :: Rewards -17.277 :: steps: 1.00 :: Time: 0.017(0.01717/step) :: Entropy : 0.000 :: Grads : []
290 :: Rewards -17.681 :: steps: 1.00 :: Time: 0.018(0.01766/step) :: Entropy : 0.000 :: Grads : []
300 :: Rewards -18.096 :: steps: 1.00 :: Time: 0.018(0.01784/step) :: Entropy : 0.000 :: Grads : []
310 :: Rewards -18.096 :: steps: 1.00 :: Time: 0.018(0.01801/step) :: Entropy : 0.000 :: Grads : []
320 :: Rewards -18.096 :: steps: 1.00 :: Time: 0.018(0.01808/step) :: Entropy : 0.000 :: Grads : []
330 :: Rewards -18.096 :: steps: 1.00 :: Time: 0.018(0.01842/step) :: Entropy : 0.000 :: Grads : []
340 :: Rewards -18.096 :: steps: 1.00 :: Time: 0.019(0.01865/step) :: Entropy : 0.000 :: Grads : []
350 :: Rewards -18.096 :: steps: 1.00 :: Time: 0.018(0.01843/step) :: Entropy : 0.000 :: Grads : []
360 :: Rewards -18.096 :: steps: 1.00 :: Time: 0.019(0.01918/step) :: Entropy : 0.000 :: Grads : []
370 :: Rewards -18.096 :: steps: 1.00 :: Time: 0.019(0.01917/step) :: Entropy : 0.000 :: Grads : []
380 :: Rewards -18.096 :: steps: 1.00 :: Time: 0.019(0.01914/step) :: Entropy : 0.000 :: Grads : []
390 :: Rewards -18.096 :: steps: 1.00 :: Time: 0.019(0.01931/step) :: Entropy : 0.000 :: Grads : []
400 :: Rewards -18.096 :: steps: 1.00 :: Time: 0.020(0.01953/step) :: Entropy : 0.000 :: Grads : []
410 :: Rewards -18.096 :: steps: 1.00 :: Time: 0.020(0.01975/step) :: Entropy : 0.000 :: Grads : []
420 :: Rewards -18.096 :: steps: 1.00 :: Time: 0.021(0.02107/step) :: Entropy : 0.000 :: Grads : []
430 :: Rewards -18.096 :: steps: 1.00 :: Time: 0.021(0.02108/step) :: Entropy : 0.000 :: Grads : []
440 :: Rewards -18.096 :: steps: 1.00 :: Time: 0.021(0.02105/step) :: Entropy : 0.000 :: Grads : []
450 :: Rewards -18.096 :: steps: 1.00 :: Time: 0.021(0.02138/step) :: Entropy : 0.000 :: Grads : []
460 :: Rewards -18.096 :: steps: 1.00 :: Time: 0.022(0.02165/step) :: Entropy : 0.000 :: Grads : []
470 :: Rewards -18.096 :: steps: 1.00 :: Time: 0.022(0.02238/step) :: Entropy : 0.000 :: Grads : []
480 :: Rewards -18.096 :: steps: 1.00 :: Time: 0.022(0.02208/step) :: Entropy : 0.000 :: Grads : []
490 :: Rewards -18.096 :: steps: 1.00 :: Time: 0.022(0.02232/step) :: Entropy : 0.000 :: Grads : []
500 :: Rewards -18.096 :: steps: 1.00 :: Time: 0.023(0.02275/step) :: Entropy : 0.000 :: Grads : []
510 :: Rewards -18.096 :: steps: 1.00 :: Time: 0.024(0.02355/step) :: Entropy : 0.000 :: Grads : []
520 :: Rewards -18.096 :: steps: 1.00 :: Time: 0.024(0.02431/step) :: Entropy : 0.000 :: Grads : []
530 :: Rewards -18.096 :: steps: 1.00 :: Time: 0.025(0.02528/step) :: Entropy : 0.000 :: Grads : []
540 :: Rewards -18.096 :: steps: 1.00 :: Time: 0.023(0.02321/step) :: Entropy : 0.000 :: Grads : []
550 :: Rewards -18.096 :: steps: 1.00 :: Time: 0.023(0.02329/step) :: Entropy : 0.000 :: Grads : []
560 :: Rewards -18.096 :: steps: 1.00 :: Time: 0.024(0.02361/step) :: Entropy : 0.000 :: Grads : []
570 :: Rewards -18.096 :: steps: 1.00 :: Time: 0.023(0.02341/step) :: Entropy : 0.000 :: Grads : []
580 :: Rewards -18.096 :: steps: 1.00 :: Time: 0.024(0.02375/step) :: Entropy : 0.000 :: Grads : []
590 :: Rewards -18.096 :: steps: 1.00 :: Time: 0.024(0.02371/step) :: Entropy : 0.000 :: Grads : []
600 :: Rewards -18.096 :: steps: 1.00 :: Time: 0.024(0.02376/step) :: Entropy : 0.000 :: Grads : []
610 :: Rewards -18.096 :: steps: 1.00 :: Time: 0.024(0.02406/step) :: Entropy : 0.000 :: Grads : []
620 :: Rewards -18.096 :: steps: 1.00 :: Time: 0.024(0.02400/step) :: Entropy : 0.000 :: Grads : []
630 :: Rewards -18.096 :: steps: 1.00 :: Time: 0.024(0.02448/step) :: Entropy : 0.000 :: Grads : []
640 :: Rewards -18.096 :: steps: 1.00 :: Time: 0.024(0.02423/step) :: Entropy : 0.000 :: Grads : []
650 :: Rewards -18.096 :: steps: 1.00 :: Time: 0.025(0.02455/step) :: Entropy : 0.000 :: Grads : []
660 :: Rewards -18.096 :: steps: 1.00 :: Time: 0.024(0.02449/step) :: Entropy : 0.000 :: Grads : []
670 :: Rewards -18.096 :: steps: 1.00 :: Time: 0.025(0.02503/step) :: Entropy : 0.000 :: Grads : []
680 :: Rewards -18.096 :: steps: 1.00 :: Time: 0.025(0.02491/step) :: Entropy : 0.000 :: Grads : []
690 :: Rewards -18.096 :: steps: 1.00 :: Time: 0.025(0.02475/step) :: Entropy : 0.000 :: Grads : []
700 :: Rewards -18.096 :: steps: 1.00 :: Time: 0.025(0.02522/step) :: Entropy : 0.000 :: Grads : []
710 :: Rewards -18.096 :: steps: 1.00 :: Time: 0.026(0.02557/step) :: Entropy : 0.000 :: Grads : []
720 :: Rewards -18.096 :: steps: 1.00 :: Time: 0.026(0.02562/step) :: Entropy : 0.000 :: Grads : []
730 :: Rewards -18.096 :: steps: 1.00 :: Time: 0.026(0.02581/step) :: Entropy : 0.000 :: Grads : []
740 :: Rewards -18.096 :: steps: 1.00 :: Time: 0.026(0.02597/step) :: Entropy : 0.000 :: Grads : []
750 :: Rewards -18.096 :: steps: 1.00 :: Time: 0.026(0.02627/step) :: Entropy : 0.000 :: Grads : []
760 :: Rewards -18.096 :: steps: 1.00 :: Time: 0.026(0.02645/step) :: Entropy : 0.000 :: Grads : []
770 :: Rewards -18.096 :: steps: 1.00 :: Time: 0.027(0.02667/step) :: Entropy : 0.000 :: Grads : []
780 :: Rewards -18.096 :: steps: 1.00 :: Time: 0.027(0.02666/step) :: Entropy : 0.000 :: Grads : []
790 :: Rewards -18.096 :: steps: 1.00 :: Time: 0.027(0.02681/step) :: Entropy : 0.000 :: Grads : []
800 :: Rewards -18.096 :: steps: 1.00 :: Time: 0.027(0.02684/step) :: Entropy : 0.000 :: Grads : []
810 :: Rewards -18.096 :: steps: 1.00 :: Time: 0.027(0.02726/step) :: Entropy : 0.000 :: Grads : []
820 :: Rewards -18.096 :: steps: 1.00 :: Time: 0.027(0.02746/step) :: Entropy : 0.000 :: Grads : []
830 :: Rewards -18.096 :: steps: 1.00 :: Time: 0.028(0.02804/step) :: Entropy : 0.000 :: Grads : []
840 :: Rewards -18.096 :: steps: 1.00 :: Time: 0.028(0.02782/step) :: Entropy : 0.000 :: Grads : []
850 :: Rewards -18.096 :: steps: 1.00 :: Time: 0.028(0.02842/step) :: Entropy : 0.000 :: Grads : []
860 :: Rewards -18.096 :: steps: 1.00 :: Time: 0.027(0.02690/step) :: Entropy : 0.000 :: Grads : []
870 :: Rewards -18.096 :: steps: 1.00 :: Time: 0.027(0.02708/step) :: Entropy : 0.000 :: Grads : []
880 :: Rewards -18.096 :: steps: 1.00 :: Time: 0.027(0.02671/step) :: Entropy : 0.000 :: Grads : []
890 :: Rewards -18.096 :: steps: 1.00 :: Time: 0.027(0.02717/step) :: Entropy : 0.000 :: Grads : []
900 :: Rewards -18.096 :: steps: 1.00 :: Time: 0.029(0.02907/step) :: Entropy : 0.000 :: Grads : []
910 :: Rewards -18.096 :: steps: 1.00 :: Time: 0.035(0.03532/step) :: Entropy : 0.000 :: Grads : []
920 :: Rewards -18.096 :: steps: 1.00 :: Time: 0.027(0.02712/step) :: Entropy : 0.000 :: Grads : []
930 :: Rewards -18.096 :: steps: 1.00 :: Time: 0.027(0.02711/step) :: Entropy : 0.000 :: Grads : []
940 :: Rewards -18.096 :: steps: 1.00 :: Time: 0.027(0.02716/step) :: Entropy : 0.000 :: Grads : []
950 :: Rewards -18.096 :: steps: 1.00 :: Time: 0.027(0.02744/step) :: Entropy : 0.000 :: Grads : []
960 :: Rewards -18.096 :: steps: 1.00 :: Time: 0.027(0.02726/step) :: Entropy : 0.000 :: Grads : []
970 :: Rewards -18.096 :: steps: 1.00 :: Time: 0.027(0.02745/step) :: Entropy : 0.000 :: Grads : []
980 :: Rewards -18.096 :: steps: 1.00 :: Time: 0.028(0.02751/step) :: Entropy : 0.000 :: Grads : []
990 :: Rewards -18.096 :: steps: 1.00 :: Time: 0.028(0.02781/step) :: Entropy : 0.000 :: Grads : []
999 :: Rewards -18.096 :: steps: 0.90 :: Time: 0.025(0.02784/step) :: Entropy : 0.000 :: Grads : []
Total time taken: 22.005883932113647
