Module path:  Environments.NS_Reco NS_Reco
Dynamically loaded from:  <class 'Environments.NS_Reco.NS_Reco'>
Reward Amplitudes: [4.17022005e-01 7.20324493e-01 1.14374817e-04 3.02332573e-01
 1.46755891e-01] :: Avg 0.317309867282206 
Module path:  Src.Algorithms.ProOLS ProOLS
Dynamically loaded from:  <class 'Src.Algorithms.ProOLS.ProOLS'>
=====Configurations=====
 Namespace(NN_basis_dim='32', Policy_basis_dim='32', actor_lr=0.006528973986480399, algo_name='ProOLS', base=0, batch_size=1000, buffer_size=1000, debug=False, delta=1, entropy_lambda=0.03442646767804006, env_name='NS_Reco', experiment='NS_3r_', extrapolator_basis='Fourier', folder_suffix='Default', fourier_coupled=True, fourier_k=7, fourier_order=3, gamma=0.99, gauss_std=1.5, gpu=0, hyper='default', importance_clip=5.0, inc=1, log_output='term_file', max_episodes=1000, max_inner=30, max_steps=500, optim='rmsprop', oracle=-1, raw_basis=True, restore=False, save_count=100, save_model=True, seed=25, speed=3, state_lr=0.001, summary=True, swarm=False, timestamp='5|25|9:30:25')
Actions space: 5 :: State space: 1
State Low: tensor([0.]) :: State High: tensor([1.])
State features:  [('dummy_param', torch.Size([1]))]
Policy:  [('fc1.weight', torch.Size([5, 1])), ('fc1.bias', torch.Size([5]))]
0 :: Rewards -0.011 :: steps: 0.10 :: Time: 0.000(0.00070/step) :: Entropy : 0.000 :: Grads : []
10 :: Rewards -0.310 :: steps: 1.00 :: Time: 0.006(0.00562/step) :: Entropy : 0.000 :: Grads : []
20 :: Rewards -0.747 :: steps: 1.00 :: Time: 0.014(0.01414/step) :: Entropy : 0.000 :: Grads : []
30 :: Rewards -1.834 :: steps: 1.00 :: Time: 0.015(0.01486/step) :: Entropy : 0.000 :: Grads : []
40 :: Rewards -1.981 :: steps: 1.00 :: Time: 0.013(0.01270/step) :: Entropy : 0.000 :: Grads : []
50 :: Rewards -3.337 :: steps: 1.00 :: Time: 0.012(0.01249/step) :: Entropy : 0.000 :: Grads : []
60 :: Rewards -3.337 :: steps: 1.00 :: Time: 0.013(0.01267/step) :: Entropy : 0.000 :: Grads : []
70 :: Rewards -3.337 :: steps: 1.00 :: Time: 0.013(0.01287/step) :: Entropy : 0.000 :: Grads : []
80 :: Rewards -3.337 :: steps: 1.00 :: Time: 0.013(0.01294/step) :: Entropy : 0.000 :: Grads : []
90 :: Rewards -3.337 :: steps: 1.00 :: Time: 0.013(0.01292/step) :: Entropy : 0.000 :: Grads : []
100 :: Rewards -3.337 :: steps: 1.00 :: Time: 0.013(0.01299/step) :: Entropy : 0.000 :: Grads : []
110 :: Rewards -3.337 :: steps: 1.00 :: Time: 0.013(0.01310/step) :: Entropy : 0.000 :: Grads : []
120 :: Rewards -3.337 :: steps: 1.00 :: Time: 0.014(0.01374/step) :: Entropy : 0.000 :: Grads : []
130 :: Rewards -3.337 :: steps: 1.00 :: Time: 0.014(0.01368/step) :: Entropy : 0.000 :: Grads : []
140 :: Rewards -3.337 :: steps: 1.00 :: Time: 0.014(0.01381/step) :: Entropy : 0.000 :: Grads : []
150 :: Rewards -3.337 :: steps: 1.00 :: Time: 0.013(0.01349/step) :: Entropy : 0.000 :: Grads : []
160 :: Rewards -3.337 :: steps: 1.00 :: Time: 0.014(0.01378/step) :: Entropy : 0.000 :: Grads : []
170 :: Rewards -3.337 :: steps: 1.00 :: Time: 0.014(0.01382/step) :: Entropy : 0.000 :: Grads : []
180 :: Rewards -3.337 :: steps: 1.00 :: Time: 0.014(0.01369/step) :: Entropy : 0.000 :: Grads : []
190 :: Rewards -3.337 :: steps: 1.00 :: Time: 0.014(0.01399/step) :: Entropy : 0.000 :: Grads : []
200 :: Rewards -3.337 :: steps: 1.00 :: Time: 0.014(0.01425/step) :: Entropy : 0.000 :: Grads : []
210 :: Rewards -3.337 :: steps: 1.00 :: Time: 0.014(0.01432/step) :: Entropy : 0.000 :: Grads : []
220 :: Rewards -3.337 :: steps: 1.00 :: Time: 0.015(0.01476/step) :: Entropy : 0.000 :: Grads : []
230 :: Rewards -3.337 :: steps: 1.00 :: Time: 0.015(0.01457/step) :: Entropy : 0.000 :: Grads : []
240 :: Rewards -3.338 :: steps: 1.00 :: Time: 0.016(0.01563/step) :: Entropy : 0.000 :: Grads : []
250 :: Rewards -3.559 :: steps: 1.00 :: Time: 0.015(0.01489/step) :: Entropy : 0.000 :: Grads : []
260 :: Rewards -4.359 :: steps: 1.00 :: Time: 0.015(0.01529/step) :: Entropy : 0.000 :: Grads : []
270 :: Rewards -5.708 :: steps: 1.00 :: Time: 0.018(0.01793/step) :: Entropy : 0.000 :: Grads : []
280 :: Rewards -7.597 :: steps: 1.00 :: Time: 0.016(0.01586/step) :: Entropy : 0.000 :: Grads : []
290 :: Rewards -8.997 :: steps: 1.00 :: Time: 0.015(0.01520/step) :: Entropy : 0.000 :: Grads : []
300 :: Rewards -9.726 :: steps: 1.00 :: Time: 0.015(0.01514/step) :: Entropy : 0.000 :: Grads : []
310 :: Rewards -10.399 :: steps: 1.00 :: Time: 0.015(0.01529/step) :: Entropy : 0.000 :: Grads : []
320 :: Rewards -10.942 :: steps: 1.00 :: Time: 0.015(0.01537/step) :: Entropy : 0.000 :: Grads : []
330 :: Rewards -11.384 :: steps: 1.00 :: Time: 0.016(0.01556/step) :: Entropy : 0.000 :: Grads : []
340 :: Rewards -11.758 :: steps: 1.00 :: Time: 0.016(0.01578/step) :: Entropy : 0.000 :: Grads : []
350 :: Rewards -12.142 :: steps: 1.00 :: Time: 0.016(0.01607/step) :: Entropy : 0.000 :: Grads : []
360 :: Rewards -13.060 :: steps: 1.00 :: Time: 0.016(0.01622/step) :: Entropy : 0.000 :: Grads : []
370 :: Rewards -14.035 :: steps: 1.00 :: Time: 0.016(0.01613/step) :: Entropy : 0.000 :: Grads : []
380 :: Rewards -14.534 :: steps: 1.00 :: Time: 0.017(0.01673/step) :: Entropy : 0.000 :: Grads : []
390 :: Rewards -14.758 :: steps: 1.00 :: Time: 0.017(0.01731/step) :: Entropy : 0.000 :: Grads : []
400 :: Rewards -14.850 :: steps: 1.00 :: Time: 0.017(0.01749/step) :: Entropy : 0.000 :: Grads : []
410 :: Rewards -15.120 :: steps: 1.00 :: Time: 0.018(0.01784/step) :: Entropy : 0.000 :: Grads : []
420 :: Rewards -15.192 :: steps: 1.00 :: Time: 0.018(0.01751/step) :: Entropy : 0.000 :: Grads : []
430 :: Rewards -15.192 :: steps: 1.00 :: Time: 0.017(0.01720/step) :: Entropy : 0.000 :: Grads : []
440 :: Rewards -16.981 :: steps: 1.00 :: Time: 0.018(0.01758/step) :: Entropy : 0.000 :: Grads : []
450 :: Rewards -17.266 :: steps: 1.00 :: Time: 0.018(0.01758/step) :: Entropy : 0.000 :: Grads : []
460 :: Rewards -17.684 :: steps: 1.00 :: Time: 0.018(0.01843/step) :: Entropy : 0.000 :: Grads : []
470 :: Rewards -17.815 :: steps: 1.00 :: Time: 0.019(0.01879/step) :: Entropy : 0.000 :: Grads : []
480 :: Rewards -19.955 :: steps: 1.00 :: Time: 0.019(0.01890/step) :: Entropy : 0.000 :: Grads : []
490 :: Rewards -20.321 :: steps: 1.00 :: Time: 0.019(0.01868/step) :: Entropy : 0.000 :: Grads : []
500 :: Rewards -21.024 :: steps: 1.00 :: Time: 0.019(0.01874/step) :: Entropy : 0.000 :: Grads : []
510 :: Rewards -21.035 :: steps: 1.00 :: Time: 0.019(0.01881/step) :: Entropy : 0.000 :: Grads : []
520 :: Rewards -22.428 :: steps: 1.00 :: Time: 0.019(0.01920/step) :: Entropy : 0.000 :: Grads : []
530 :: Rewards -22.754 :: steps: 1.00 :: Time: 0.019(0.01930/step) :: Entropy : 0.000 :: Grads : []
540 :: Rewards -22.976 :: steps: 1.00 :: Time: 0.020(0.01962/step) :: Entropy : 0.000 :: Grads : []
550 :: Rewards -23.748 :: steps: 1.00 :: Time: 0.020(0.01951/step) :: Entropy : 0.000 :: Grads : []
560 :: Rewards -24.534 :: steps: 1.00 :: Time: 0.019(0.01947/step) :: Entropy : 0.000 :: Grads : []
570 :: Rewards -24.839 :: steps: 1.00 :: Time: 0.020(0.01985/step) :: Entropy : 0.000 :: Grads : []
580 :: Rewards -25.069 :: steps: 1.00 :: Time: 0.020(0.01968/step) :: Entropy : 0.000 :: Grads : []
590 :: Rewards -25.314 :: steps: 1.00 :: Time: 0.020(0.01983/step) :: Entropy : 0.000 :: Grads : []
600 :: Rewards -26.481 :: steps: 1.00 :: Time: 0.020(0.01970/step) :: Entropy : 0.000 :: Grads : []
610 :: Rewards -28.597 :: steps: 1.00 :: Time: 0.020(0.01972/step) :: Entropy : 0.000 :: Grads : []
620 :: Rewards -31.060 :: steps: 1.00 :: Time: 0.020(0.01984/step) :: Entropy : 0.000 :: Grads : []
630 :: Rewards -34.811 :: steps: 1.00 :: Time: 0.020(0.02033/step) :: Entropy : 0.000 :: Grads : []
640 :: Rewards -39.295 :: steps: 1.00 :: Time: 0.021(0.02072/step) :: Entropy : 0.000 :: Grads : []
650 :: Rewards -44.596 :: steps: 1.00 :: Time: 0.021(0.02126/step) :: Entropy : 0.000 :: Grads : []
660 :: Rewards -46.992 :: steps: 1.00 :: Time: 0.021(0.02098/step) :: Entropy : 0.000 :: Grads : []
670 :: Rewards -46.992 :: steps: 1.00 :: Time: 0.021(0.02120/step) :: Entropy : 0.000 :: Grads : []
680 :: Rewards -46.992 :: steps: 1.00 :: Time: 0.021(0.02120/step) :: Entropy : 0.000 :: Grads : []
690 :: Rewards -46.992 :: steps: 1.00 :: Time: 0.021(0.02126/step) :: Entropy : 0.000 :: Grads : []
700 :: Rewards -46.992 :: steps: 1.00 :: Time: 0.021(0.02137/step) :: Entropy : 0.000 :: Grads : []
710 :: Rewards -46.992 :: steps: 1.00 :: Time: 0.022(0.02164/step) :: Entropy : 0.000 :: Grads : []
720 :: Rewards -46.992 :: steps: 1.00 :: Time: 0.022(0.02153/step) :: Entropy : 0.000 :: Grads : []
730 :: Rewards -46.992 :: steps: 1.00 :: Time: 0.022(0.02174/step) :: Entropy : 0.000 :: Grads : []
740 :: Rewards -46.992 :: steps: 1.00 :: Time: 0.022(0.02188/step) :: Entropy : 0.000 :: Grads : []
750 :: Rewards -46.992 :: steps: 1.00 :: Time: 0.022(0.02205/step) :: Entropy : 0.000 :: Grads : []
760 :: Rewards -46.992 :: steps: 1.00 :: Time: 0.022(0.02197/step) :: Entropy : 0.000 :: Grads : []
770 :: Rewards -46.992 :: steps: 1.00 :: Time: 0.022(0.02198/step) :: Entropy : 0.000 :: Grads : []
780 :: Rewards -46.992 :: steps: 1.00 :: Time: 0.022(0.02238/step) :: Entropy : 0.000 :: Grads : []
790 :: Rewards -46.992 :: steps: 1.00 :: Time: 0.022(0.02248/step) :: Entropy : 0.000 :: Grads : []
800 :: Rewards -46.992 :: steps: 1.00 :: Time: 0.023(0.02255/step) :: Entropy : 0.000 :: Grads : []
810 :: Rewards -46.992 :: steps: 1.00 :: Time: 0.022(0.02250/step) :: Entropy : 0.000 :: Grads : []
820 :: Rewards -46.992 :: steps: 1.00 :: Time: 0.023(0.02272/step) :: Entropy : 0.000 :: Grads : []
830 :: Rewards -46.992 :: steps: 1.00 :: Time: 0.023(0.02277/step) :: Entropy : 0.000 :: Grads : []
840 :: Rewards -46.992 :: steps: 1.00 :: Time: 0.023(0.02291/step) :: Entropy : 0.000 :: Grads : []
850 :: Rewards -47.174 :: steps: 1.00 :: Time: 0.023(0.02303/step) :: Entropy : 0.000 :: Grads : []
860 :: Rewards -48.242 :: steps: 1.00 :: Time: 0.023(0.02299/step) :: Entropy : 0.000 :: Grads : []
870 :: Rewards -49.983 :: steps: 1.00 :: Time: 0.023(0.02310/step) :: Entropy : 0.000 :: Grads : []
880 :: Rewards -51.385 :: steps: 1.00 :: Time: 0.023(0.02321/step) :: Entropy : 0.000 :: Grads : []
890 :: Rewards -52.809 :: steps: 1.00 :: Time: 0.023(0.02320/step) :: Entropy : 0.000 :: Grads : []
900 :: Rewards -53.869 :: steps: 1.00 :: Time: 0.023(0.02322/step) :: Entropy : 0.000 :: Grads : []
910 :: Rewards -55.002 :: steps: 1.00 :: Time: 0.023(0.02330/step) :: Entropy : 0.000 :: Grads : []
920 :: Rewards -56.136 :: steps: 1.00 :: Time: 0.023(0.02340/step) :: Entropy : 0.000 :: Grads : []
930 :: Rewards -57.332 :: steps: 1.00 :: Time: 0.024(0.02364/step) :: Entropy : 0.000 :: Grads : []
940 :: Rewards -58.489 :: steps: 1.00 :: Time: 0.024(0.02369/step) :: Entropy : 0.000 :: Grads : []
950 :: Rewards -59.612 :: steps: 1.00 :: Time: 0.024(0.02392/step) :: Entropy : 0.000 :: Grads : []
960 :: Rewards -60.759 :: steps: 1.00 :: Time: 0.024(0.02385/step) :: Entropy : 0.000 :: Grads : []
970 :: Rewards -61.902 :: steps: 1.00 :: Time: 0.024(0.02392/step) :: Entropy : 0.000 :: Grads : []
980 :: Rewards -62.998 :: steps: 1.00 :: Time: 0.024(0.02407/step) :: Entropy : 0.000 :: Grads : []
990 :: Rewards -64.006 :: steps: 1.00 :: Time: 0.024(0.02402/step) :: Entropy : 0.000 :: Grads : []
999 :: Rewards -64.957 :: steps: 0.90 :: Time: 0.022(0.02433/step) :: Entropy : 0.000 :: Grads : []
Total time taken: 18.532448053359985
