Module path:  Src.Algorithms.ONPG ONPG
Dynamically loaded from:  <class 'Src.Algorithms.ONPG.ONPG'>
=====Configurations=====
 Namespace(NN_basis_dim='32', Policy_basis_dim='32', actor_lr=0.006636403756913685, algo_name='ONPG', base=0, batch_size=1000, buffer_size=1000, debug=False, delta=5, entropy_lambda=0.1, env_name='NS_SimGlucose-v0', experiment='NS_0_', extrapolator_basis='Fourier', folder_suffix='Default', fourier_coupled=True, fourier_k=7, fourier_order=3, gamma=0.99, gauss_std=1.30953, gpu=0, hyper='default', importance_clip=5.0, inc=1, log_output='term_file', max_episodes=1000, max_inner=150, max_steps=500, optim='rmsprop', oracle=-1, raw_basis=True, restore=False, save_count=100, save_model=True, seed=1, speed=0, state_lr=0.001, summary=True, swarm=False, timestamp='5|27|11:32:49')
Actions space: 2 :: State space: 1
State Low: tensor([0.]) :: State High: tensor([1.])
State features:  [('dummy_param', torch.Size([1]))]
Action Low: [3. 5.] :: Action High: [30. 50.]
Policy:  [('fc_mean.weight', torch.Size([2, 1])), ('fc_mean.bias', torch.Size([2]))]
0 :: Rewards 0.574 :: steps: 0.10 :: Time: 0.267(2.66944/step) :: Entropy : 0.000 :: Grads : []
10 :: Rewards 12.211 :: steps: 1.00 :: Time: 2.678(2.67791/step) :: Entropy : 0.000 :: Grads : []
20 :: Rewards 40.991 :: steps: 1.00 :: Time: 2.675(2.67486/step) :: Entropy : 0.000 :: Grads : []
30 :: Rewards 109.001 :: steps: 1.00 :: Time: 2.674(2.67397/step) :: Entropy : 0.000 :: Grads : []
40 :: Rewards 177.813 :: steps: 1.00 :: Time: 2.672(2.67163/step) :: Entropy : 0.000 :: Grads : []
50 :: Rewards 253.341 :: steps: 1.00 :: Time: 2.676(2.67564/step) :: Entropy : 0.000 :: Grads : []
60 :: Rewards 312.841 :: steps: 1.00 :: Time: 3.014(3.01423/step) :: Entropy : 0.000 :: Grads : []
70 :: Rewards 383.953 :: steps: 1.00 :: Time: 2.735(2.73539/step) :: Entropy : 0.000 :: Grads : []
80 :: Rewards 457.906 :: steps: 1.00 :: Time: 2.719(2.71917/step) :: Entropy : 0.000 :: Grads : []
90 :: Rewards 513.635 :: steps: 1.00 :: Time: 2.681(2.68101/step) :: Entropy : 0.000 :: Grads : []
100 :: Rewards 570.051 :: steps: 1.00 :: Time: 2.679(2.67907/step) :: Entropy : 0.000 :: Grads : []
110 :: Rewards 637.869 :: steps: 1.00 :: Time: 2.660(2.65983/step) :: Entropy : 0.000 :: Grads : []
120 :: Rewards 717.249 :: steps: 1.00 :: Time: 2.661(2.66079/step) :: Entropy : 0.000 :: Grads : []
130 :: Rewards 791.911 :: steps: 1.00 :: Time: 2.653(2.65331/step) :: Entropy : 0.000 :: Grads : []
140 :: Rewards 868.292 :: steps: 1.00 :: Time: 2.650(2.64966/step) :: Entropy : 0.000 :: Grads : []
150 :: Rewards 942.949 :: steps: 1.00 :: Time: 2.660(2.65984/step) :: Entropy : 0.000 :: Grads : []
160 :: Rewards 1021.880 :: steps: 1.00 :: Time: 2.663(2.66259/step) :: Entropy : 0.000 :: Grads : []
170 :: Rewards 1114.239 :: steps: 1.00 :: Time: 2.648(2.64765/step) :: Entropy : 0.000 :: Grads : []
180 :: Rewards 1190.980 :: steps: 1.00 :: Time: 2.656(2.65578/step) :: Entropy : 0.000 :: Grads : []
190 :: Rewards 1275.820 :: steps: 1.00 :: Time: 2.648(2.64792/step) :: Entropy : 0.000 :: Grads : []
200 :: Rewards 1340.662 :: steps: 1.00 :: Time: 2.661(2.66061/step) :: Entropy : 0.000 :: Grads : []
210 :: Rewards 1417.296 :: steps: 1.00 :: Time: 2.694(2.69407/step) :: Entropy : 0.000 :: Grads : []
220 :: Rewards 1504.107 :: steps: 1.00 :: Time: 2.771(2.77087/step) :: Entropy : 0.000 :: Grads : []
230 :: Rewards 1578.612 :: steps: 1.00 :: Time: 2.722(2.72182/step) :: Entropy : 0.000 :: Grads : []
240 :: Rewards 1651.510 :: steps: 1.00 :: Time: 2.686(2.68629/step) :: Entropy : 0.000 :: Grads : []
250 :: Rewards 1720.323 :: steps: 1.00 :: Time: 2.717(2.71737/step) :: Entropy : 0.000 :: Grads : []
260 :: Rewards 1786.499 :: steps: 1.00 :: Time: 2.696(2.69602/step) :: Entropy : 0.000 :: Grads : []
270 :: Rewards 1875.175 :: steps: 1.00 :: Time: 2.760(2.76047/step) :: Entropy : 0.000 :: Grads : []
280 :: Rewards 1967.559 :: steps: 1.00 :: Time: 2.675(2.67545/step) :: Entropy : 0.000 :: Grads : []
290 :: Rewards 2054.146 :: steps: 1.00 :: Time: 2.681(2.68130/step) :: Entropy : 0.000 :: Grads : []
300 :: Rewards 2139.429 :: steps: 1.00 :: Time: 2.661(2.66115/step) :: Entropy : 0.000 :: Grads : []
310 :: Rewards 2231.841 :: steps: 1.00 :: Time: 2.655(2.65488/step) :: Entropy : 0.000 :: Grads : []
320 :: Rewards 2321.196 :: steps: 1.00 :: Time: 2.658(2.65822/step) :: Entropy : 0.000 :: Grads : []
330 :: Rewards 2402.313 :: steps: 1.00 :: Time: 2.643(2.64300/step) :: Entropy : 0.000 :: Grads : []
340 :: Rewards 2486.183 :: steps: 1.00 :: Time: 2.666(2.66613/step) :: Entropy : 0.000 :: Grads : []
350 :: Rewards 2568.477 :: steps: 1.00 :: Time: 2.690(2.69036/step) :: Entropy : 0.000 :: Grads : []
360 :: Rewards 2644.601 :: steps: 1.00 :: Time: 2.855(2.85478/step) :: Entropy : 0.000 :: Grads : []
370 :: Rewards 2717.444 :: steps: 1.00 :: Time: 2.827(2.82741/step) :: Entropy : 0.000 :: Grads : []
380 :: Rewards 2788.745 :: steps: 1.00 :: Time: 2.776(2.77579/step) :: Entropy : 0.000 :: Grads : []
390 :: Rewards 2866.973 :: steps: 1.00 :: Time: 2.695(2.69453/step) :: Entropy : 0.000 :: Grads : []
400 :: Rewards 2957.621 :: steps: 1.00 :: Time: 2.682(2.68237/step) :: Entropy : 0.000 :: Grads : []
410 :: Rewards 3045.586 :: steps: 1.00 :: Time: 2.644(2.64416/step) :: Entropy : 0.000 :: Grads : []
420 :: Rewards 3112.587 :: steps: 1.00 :: Time: 2.629(2.62895/step) :: Entropy : 0.000 :: Grads : []
430 :: Rewards 3198.369 :: steps: 1.00 :: Time: 2.624(2.62422/step) :: Entropy : 0.000 :: Grads : []
440 :: Rewards 3268.868 :: steps: 1.00 :: Time: 2.626(2.62558/step) :: Entropy : 0.000 :: Grads : []
450 :: Rewards 3342.301 :: steps: 1.00 :: Time: 2.614(2.61447/step) :: Entropy : 0.000 :: Grads : []
460 :: Rewards 3422.452 :: steps: 1.00 :: Time: 2.620(2.61989/step) :: Entropy : 0.000 :: Grads : []
470 :: Rewards 3510.013 :: steps: 1.00 :: Time: 2.618(2.61829/step) :: Entropy : 0.000 :: Grads : []
480 :: Rewards 3593.140 :: steps: 1.00 :: Time: 2.621(2.62124/step) :: Entropy : 0.000 :: Grads : []
490 :: Rewards 3679.616 :: steps: 1.00 :: Time: 2.633(2.63322/step) :: Entropy : 0.000 :: Grads : []
500 :: Rewards 3751.847 :: steps: 1.00 :: Time: 2.625(2.62522/step) :: Entropy : 0.000 :: Grads : []
510 :: Rewards 3840.199 :: steps: 1.00 :: Time: 2.656(2.65577/step) :: Entropy : 0.000 :: Grads : []
520 :: Rewards 3906.121 :: steps: 1.00 :: Time: 2.752(2.75191/step) :: Entropy : 0.000 :: Grads : []
530 :: Rewards 3977.870 :: steps: 1.00 :: Time: 2.690(2.68989/step) :: Entropy : 0.000 :: Grads : []
540 :: Rewards 4052.883 :: steps: 1.00 :: Time: 2.656(2.65606/step) :: Entropy : 0.000 :: Grads : []
550 :: Rewards 4146.683 :: steps: 1.00 :: Time: 2.709(2.70903/step) :: Entropy : 0.000 :: Grads : []
560 :: Rewards 4226.607 :: steps: 1.00 :: Time: 2.716(2.71593/step) :: Entropy : 0.000 :: Grads : []
570 :: Rewards 4301.557 :: steps: 1.00 :: Time: 2.692(2.69158/step) :: Entropy : 0.000 :: Grads : []
580 :: Rewards 4388.542 :: steps: 1.00 :: Time: 2.665(2.66467/step) :: Entropy : 0.000 :: Grads : []
590 :: Rewards 4468.905 :: steps: 1.00 :: Time: 2.640(2.64023/step) :: Entropy : 0.000 :: Grads : []
600 :: Rewards 4553.546 :: steps: 1.00 :: Time: 12.664(12.66407/step) :: Entropy : 0.000 :: Grads : []
610 :: Rewards 4631.045 :: steps: 1.00 :: Time: 2.715(2.71455/step) :: Entropy : 0.000 :: Grads : []
620 :: Rewards 4714.664 :: steps: 1.00 :: Time: 2.649(2.64861/step) :: Entropy : 0.000 :: Grads : []
630 :: Rewards 4791.785 :: steps: 1.00 :: Time: 2.638(2.63762/step) :: Entropy : 0.000 :: Grads : []
640 :: Rewards 4869.397 :: steps: 1.00 :: Time: 2.661(2.66091/step) :: Entropy : 0.000 :: Grads : []
650 :: Rewards 4949.795 :: steps: 1.00 :: Time: 2.671(2.67071/step) :: Entropy : 0.000 :: Grads : []
660 :: Rewards 5033.909 :: steps: 1.00 :: Time: 2.660(2.65974/step) :: Entropy : 0.000 :: Grads : []
670 :: Rewards 5110.573 :: steps: 1.00 :: Time: 2.633(2.63258/step) :: Entropy : 0.000 :: Grads : []
680 :: Rewards 5176.074 :: steps: 1.00 :: Time: 2.659(2.65894/step) :: Entropy : 0.000 :: Grads : []
690 :: Rewards 5245.739 :: steps: 1.00 :: Time: 2.658(2.65810/step) :: Entropy : 0.000 :: Grads : []
700 :: Rewards 5311.360 :: steps: 1.00 :: Time: 2.664(2.66448/step) :: Entropy : 0.000 :: Grads : []
710 :: Rewards 5404.506 :: steps: 1.00 :: Time: 3.143(3.14290/step) :: Entropy : 0.000 :: Grads : []
720 :: Rewards 5483.973 :: steps: 1.00 :: Time: 3.113(3.11325/step) :: Entropy : 0.000 :: Grads : []
730 :: Rewards 5556.503 :: steps: 1.00 :: Time: 2.699(2.69871/step) :: Entropy : 0.000 :: Grads : []
740 :: Rewards 5636.363 :: steps: 1.00 :: Time: 2.697(2.69696/step) :: Entropy : 0.000 :: Grads : []
750 :: Rewards 5704.760 :: steps: 1.00 :: Time: 2.704(2.70425/step) :: Entropy : 0.000 :: Grads : []
760 :: Rewards 5786.664 :: steps: 1.00 :: Time: 2.726(2.72580/step) :: Entropy : 0.000 :: Grads : []
770 :: Rewards 5860.200 :: steps: 1.00 :: Time: 2.710(2.70969/step) :: Entropy : 0.000 :: Grads : []
780 :: Rewards 5923.702 :: steps: 1.00 :: Time: 2.754(2.75397/step) :: Entropy : 0.000 :: Grads : []
790 :: Rewards 6005.196 :: steps: 1.00 :: Time: 2.736(2.73632/step) :: Entropy : 0.000 :: Grads : []
800 :: Rewards 6068.971 :: steps: 1.00 :: Time: 2.729(2.72893/step) :: Entropy : 0.000 :: Grads : []
810 :: Rewards 6138.277 :: steps: 1.00 :: Time: 2.778(2.77819/step) :: Entropy : 0.000 :: Grads : []
820 :: Rewards 6221.635 :: steps: 1.00 :: Time: 2.699(2.69945/step) :: Entropy : 0.000 :: Grads : []
830 :: Rewards 6294.700 :: steps: 1.00 :: Time: 2.720(2.72020/step) :: Entropy : 0.000 :: Grads : []
840 :: Rewards 6362.291 :: steps: 1.00 :: Time: 2.710(2.71016/step) :: Entropy : 0.000 :: Grads : []
850 :: Rewards 6441.381 :: steps: 1.00 :: Time: 2.696(2.69605/step) :: Entropy : 0.000 :: Grads : []
860 :: Rewards 6504.241 :: steps: 1.00 :: Time: 2.655(2.65485/step) :: Entropy : 0.000 :: Grads : []
870 :: Rewards 6564.062 :: steps: 1.00 :: Time: 2.638(2.63809/step) :: Entropy : 0.000 :: Grads : []
880 :: Rewards 6631.011 :: steps: 1.00 :: Time: 2.712(2.71159/step) :: Entropy : 0.000 :: Grads : []
890 :: Rewards 6707.621 :: steps: 1.00 :: Time: 2.759(2.75880/step) :: Entropy : 0.000 :: Grads : []
900 :: Rewards 6776.260 :: steps: 1.00 :: Time: 2.740(2.74034/step) :: Entropy : 0.000 :: Grads : []
910 :: Rewards 6846.635 :: steps: 1.00 :: Time: 2.700(2.69980/step) :: Entropy : 0.000 :: Grads : []
920 :: Rewards 6903.220 :: steps: 1.00 :: Time: 2.698(2.69786/step) :: Entropy : 0.000 :: Grads : []
930 :: Rewards 6979.041 :: steps: 1.00 :: Time: 2.668(2.66774/step) :: Entropy : 0.000 :: Grads : []
940 :: Rewards 7055.251 :: steps: 1.00 :: Time: 2.758(2.75771/step) :: Entropy : 0.000 :: Grads : []
950 :: Rewards 7124.460 :: steps: 1.00 :: Time: 2.728(2.72787/step) :: Entropy : 0.000 :: Grads : []
960 :: Rewards 7202.964 :: steps: 1.00 :: Time: 2.718(2.71812/step) :: Entropy : 0.000 :: Grads : []
970 :: Rewards 7268.652 :: steps: 1.00 :: Time: 2.756(2.75578/step) :: Entropy : 0.000 :: Grads : []
980 :: Rewards 7342.321 :: steps: 1.00 :: Time: 2.713(2.71333/step) :: Entropy : 0.000 :: Grads : []
990 :: Rewards 7412.166 :: steps: 1.00 :: Time: 2.734(2.73407/step) :: Entropy : 0.000 :: Grads : []
999 :: Rewards 7474.767 :: steps: 0.90 :: Time: 2.448(2.72051/step) :: Entropy : 0.000 :: Grads : []
Total time taken: 2801.6128261089325
