Module path:  Environments.NS_Reco NS_Reco
Dynamically loaded from:  <class 'Environments.NS_Reco.NS_Reco'>
Reward Amplitudes: [4.17022005e-01 7.20324493e-01 1.14374817e-04 3.02332573e-01
 1.46755891e-01] :: Avg 0.317309867282206 
Module path:  Src.Algorithms.ProWLS ProWLS
Dynamically loaded from:  <class 'Src.Algorithms.ProWLS.ProWLS'>
=====Configurations=====
 Namespace(NN_basis_dim='32', Policy_basis_dim='32', actor_lr=0.0017966647558361548, algo_name='ProWLS', base=0, batch_size=1000, buffer_size=1000, debug=False, delta=1, entropy_lambda=0.006997441955638448, env_name='NS_Reco', experiment='NS_1r_', extrapolator_basis='Fourier', folder_suffix='Default', fourier_coupled=True, fourier_k=3, fourier_order=3, gamma=0.99, gauss_std=1.5, gpu=0, hyper='default', importance_clip=10.0, inc=1, log_output='term_file', max_episodes=1000, max_inner=30, max_steps=500, optim='rmsprop', oracle=-1, raw_basis=True, restore=False, save_count=100, save_model=True, seed=20, speed=1, state_lr=0.001, summary=True, swarm=False, timestamp='5|25|11:52:40')
Actions space: 5 :: State space: 1
State Low: tensor([0.]) :: State High: tensor([1.])
State features:  [('dummy_param', torch.Size([1]))]
Policy:  [('fc1.weight', torch.Size([5, 1])), ('fc1.bias', torch.Size([5]))]
0 :: Rewards -0.011 :: steps: 0.10 :: Time: 0.000(0.00086/step) :: Entropy : 0.000 :: Grads : []
10 :: Rewards -0.092 :: steps: 1.00 :: Time: 0.015(0.01545/step) :: Entropy : 0.000 :: Grads : []
20 :: Rewards -0.353 :: steps: 1.00 :: Time: 0.019(0.01905/step) :: Entropy : 0.000 :: Grads : []
30 :: Rewards -0.695 :: steps: 1.00 :: Time: 0.020(0.01953/step) :: Entropy : 0.000 :: Grads : []
40 :: Rewards -0.751 :: steps: 1.00 :: Time: 0.019(0.01922/step) :: Entropy : 0.000 :: Grads : []
50 :: Rewards -0.914 :: steps: 1.00 :: Time: 0.019(0.01946/step) :: Entropy : 0.000 :: Grads : []
60 :: Rewards -1.037 :: steps: 1.00 :: Time: 0.020(0.01964/step) :: Entropy : 0.000 :: Grads : []
70 :: Rewards -1.256 :: steps: 1.00 :: Time: 0.020(0.01983/step) :: Entropy : 0.000 :: Grads : []
80 :: Rewards -1.529 :: steps: 1.00 :: Time: 0.020(0.02025/step) :: Entropy : 0.000 :: Grads : []
90 :: Rewards -1.891 :: steps: 1.00 :: Time: 0.020(0.02043/step) :: Entropy : 0.000 :: Grads : []
100 :: Rewards -1.891 :: steps: 1.00 :: Time: 0.023(0.02292/step) :: Entropy : 0.000 :: Grads : []
110 :: Rewards -2.156 :: steps: 1.00 :: Time: 0.021(0.02120/step) :: Entropy : 0.000 :: Grads : []
120 :: Rewards -2.156 :: steps: 1.00 :: Time: 0.022(0.02172/step) :: Entropy : 0.000 :: Grads : []
130 :: Rewards -2.156 :: steps: 1.00 :: Time: 0.022(0.02179/step) :: Entropy : 0.000 :: Grads : []
140 :: Rewards -2.339 :: steps: 1.00 :: Time: 0.024(0.02380/step) :: Entropy : 0.000 :: Grads : []
150 :: Rewards -2.727 :: steps: 1.00 :: Time: 0.024(0.02371/step) :: Entropy : 0.000 :: Grads : []
160 :: Rewards -3.199 :: steps: 1.00 :: Time: 0.027(0.02695/step) :: Entropy : 0.000 :: Grads : []
170 :: Rewards -3.538 :: steps: 1.00 :: Time: 0.031(0.03103/step) :: Entropy : 0.000 :: Grads : []
180 :: Rewards -3.538 :: steps: 1.00 :: Time: 0.029(0.02938/step) :: Entropy : 0.000 :: Grads : []
190 :: Rewards -3.832 :: steps: 1.00 :: Time: 0.027(0.02696/step) :: Entropy : 0.000 :: Grads : []
200 :: Rewards -4.663 :: steps: 1.00 :: Time: 0.027(0.02723/step) :: Entropy : 0.000 :: Grads : []
210 :: Rewards -5.075 :: steps: 1.00 :: Time: 0.028(0.02844/step) :: Entropy : 0.000 :: Grads : []
220 :: Rewards -5.075 :: steps: 1.00 :: Time: 0.030(0.02989/step) :: Entropy : 0.000 :: Grads : []
230 :: Rewards -5.075 :: steps: 1.00 :: Time: 0.030(0.03016/step) :: Entropy : 0.000 :: Grads : []
240 :: Rewards -5.613 :: steps: 1.00 :: Time: 0.031(0.03107/step) :: Entropy : 0.000 :: Grads : []
250 :: Rewards -5.613 :: steps: 1.00 :: Time: 0.031(0.03126/step) :: Entropy : 0.000 :: Grads : []
260 :: Rewards -5.613 :: steps: 1.00 :: Time: 0.034(0.03359/step) :: Entropy : 0.000 :: Grads : []
270 :: Rewards -6.230 :: steps: 1.00 :: Time: 0.036(0.03610/step) :: Entropy : 0.000 :: Grads : []
280 :: Rewards -6.230 :: steps: 1.00 :: Time: 0.034(0.03419/step) :: Entropy : 0.000 :: Grads : []
290 :: Rewards -6.230 :: steps: 1.00 :: Time: 0.034(0.03447/step) :: Entropy : 0.000 :: Grads : []
300 :: Rewards -6.230 :: steps: 1.00 :: Time: 0.035(0.03483/step) :: Entropy : 0.000 :: Grads : []
310 :: Rewards -6.852 :: steps: 1.00 :: Time: 0.036(0.03604/step) :: Entropy : 0.000 :: Grads : []
320 :: Rewards -6.852 :: steps: 1.00 :: Time: 0.033(0.03335/step) :: Entropy : 0.000 :: Grads : []
330 :: Rewards -6.852 :: steps: 1.00 :: Time: 0.031(0.03082/step) :: Entropy : 0.000 :: Grads : []
340 :: Rewards -6.852 :: steps: 1.00 :: Time: 0.031(0.03086/step) :: Entropy : 0.000 :: Grads : []
350 :: Rewards -7.303 :: steps: 1.00 :: Time: 0.032(0.03161/step) :: Entropy : 0.000 :: Grads : []
360 :: Rewards -7.888 :: steps: 1.00 :: Time: 0.032(0.03234/step) :: Entropy : 0.000 :: Grads : []
370 :: Rewards -9.508 :: steps: 1.00 :: Time: 0.033(0.03325/step) :: Entropy : 0.000 :: Grads : []
380 :: Rewards -9.508 :: steps: 1.00 :: Time: 0.034(0.03393/step) :: Entropy : 0.000 :: Grads : []
390 :: Rewards -9.508 :: steps: 1.00 :: Time: 0.034(0.03446/step) :: Entropy : 0.000 :: Grads : []
400 :: Rewards -10.708 :: steps: 1.00 :: Time: 0.035(0.03544/step) :: Entropy : 0.000 :: Grads : []
410 :: Rewards -10.708 :: steps: 1.00 :: Time: 0.038(0.03818/step) :: Entropy : 0.000 :: Grads : []
420 :: Rewards -10.708 :: steps: 1.00 :: Time: 0.036(0.03645/step) :: Entropy : 0.000 :: Grads : []
430 :: Rewards -10.708 :: steps: 1.00 :: Time: 0.038(0.03802/step) :: Entropy : 0.000 :: Grads : []
440 :: Rewards -10.708 :: steps: 1.00 :: Time: 0.038(0.03781/step) :: Entropy : 0.000 :: Grads : []
450 :: Rewards -12.157 :: steps: 1.00 :: Time: 0.040(0.03955/step) :: Entropy : 0.000 :: Grads : []
460 :: Rewards -12.157 :: steps: 1.00 :: Time: 0.040(0.04000/step) :: Entropy : 0.000 :: Grads : []
470 :: Rewards -12.493 :: steps: 1.00 :: Time: 0.041(0.04104/step) :: Entropy : 0.000 :: Grads : []
480 :: Rewards -12.801 :: steps: 1.00 :: Time: 0.042(0.04182/step) :: Entropy : 0.000 :: Grads : []
490 :: Rewards -13.416 :: steps: 1.00 :: Time: 0.043(0.04267/step) :: Entropy : 0.000 :: Grads : []
500 :: Rewards -13.416 :: steps: 1.00 :: Time: 0.043(0.04325/step) :: Entropy : 0.000 :: Grads : []
510 :: Rewards -13.416 :: steps: 1.00 :: Time: 0.044(0.04422/step) :: Entropy : 0.000 :: Grads : []
520 :: Rewards -13.971 :: steps: 1.00 :: Time: 0.046(0.04552/step) :: Entropy : 0.000 :: Grads : []
530 :: Rewards -13.971 :: steps: 1.00 :: Time: 0.046(0.04579/step) :: Entropy : 0.000 :: Grads : []
540 :: Rewards -14.346 :: steps: 1.00 :: Time: 0.047(0.04670/step) :: Entropy : 0.000 :: Grads : []
550 :: Rewards -14.346 :: steps: 1.00 :: Time: 0.050(0.05033/step) :: Entropy : 0.000 :: Grads : []
560 :: Rewards -15.065 :: steps: 1.00 :: Time: 0.049(0.04886/step) :: Entropy : 0.000 :: Grads : []
570 :: Rewards -15.582 :: steps: 1.00 :: Time: 0.050(0.05033/step) :: Entropy : 0.000 :: Grads : []
580 :: Rewards -15.582 :: steps: 1.00 :: Time: 0.051(0.05139/step) :: Entropy : 0.000 :: Grads : []
590 :: Rewards -15.582 :: steps: 1.00 :: Time: 0.056(0.05585/step) :: Entropy : 0.000 :: Grads : []
600 :: Rewards -15.582 :: steps: 1.00 :: Time: 0.053(0.05343/step) :: Entropy : 0.000 :: Grads : []
610 :: Rewards -15.582 :: steps: 1.00 :: Time: 0.054(0.05446/step) :: Entropy : 0.000 :: Grads : []
620 :: Rewards -15.748 :: steps: 1.00 :: Time: 0.056(0.05581/step) :: Entropy : 0.000 :: Grads : []
630 :: Rewards -15.748 :: steps: 1.00 :: Time: 0.056(0.05646/step) :: Entropy : 0.000 :: Grads : []
640 :: Rewards -15.876 :: steps: 1.00 :: Time: 0.058(0.05806/step) :: Entropy : 0.000 :: Grads : []
650 :: Rewards -15.876 :: steps: 1.00 :: Time: 0.059(0.05929/step) :: Entropy : 0.000 :: Grads : []
660 :: Rewards -15.876 :: steps: 1.00 :: Time: 0.061(0.06107/step) :: Entropy : 0.000 :: Grads : []
670 :: Rewards -16.387 :: steps: 1.00 :: Time: 0.063(0.06287/step) :: Entropy : 0.000 :: Grads : []
680 :: Rewards -16.726 :: steps: 1.00 :: Time: 0.065(0.06513/step) :: Entropy : 0.000 :: Grads : []
690 :: Rewards -17.228 :: steps: 1.00 :: Time: 0.067(0.06710/step) :: Entropy : 0.000 :: Grads : []
700 :: Rewards -17.284 :: steps: 1.00 :: Time: 0.069(0.06865/step) :: Entropy : 0.000 :: Grads : []
710 :: Rewards -17.284 :: steps: 1.00 :: Time: 0.071(0.07066/step) :: Entropy : 0.000 :: Grads : []
720 :: Rewards -17.285 :: steps: 1.00 :: Time: 0.073(0.07307/step) :: Entropy : 0.000 :: Grads : []
730 :: Rewards -17.369 :: steps: 1.00 :: Time: 0.076(0.07581/step) :: Entropy : 0.000 :: Grads : []
740 :: Rewards -17.708 :: steps: 1.00 :: Time: 0.077(0.07682/step) :: Entropy : 0.000 :: Grads : []
750 :: Rewards -18.083 :: steps: 1.00 :: Time: 0.080(0.07955/step) :: Entropy : 0.000 :: Grads : []
760 :: Rewards -18.656 :: steps: 1.00 :: Time: 0.081(0.08125/step) :: Entropy : 0.000 :: Grads : []
770 :: Rewards -19.263 :: steps: 1.00 :: Time: 0.087(0.08691/step) :: Entropy : 0.000 :: Grads : []
780 :: Rewards -19.923 :: steps: 1.00 :: Time: 0.088(0.08845/step) :: Entropy : 0.000 :: Grads : []
790 :: Rewards -20.457 :: steps: 1.00 :: Time: 0.089(0.08851/step) :: Entropy : 0.000 :: Grads : []
800 :: Rewards -20.908 :: steps: 1.00 :: Time: 0.090(0.09037/step) :: Entropy : 0.000 :: Grads : []
810 :: Rewards -20.990 :: steps: 1.00 :: Time: 0.092(0.09167/step) :: Entropy : 0.000 :: Grads : []
820 :: Rewards -21.079 :: steps: 1.00 :: Time: 0.095(0.09530/step) :: Entropy : 0.000 :: Grads : []
830 :: Rewards -21.079 :: steps: 1.00 :: Time: 0.097(0.09661/step) :: Entropy : 0.000 :: Grads : []
840 :: Rewards -21.166 :: steps: 1.00 :: Time: 0.100(0.09970/step) :: Entropy : 0.000 :: Grads : []
850 :: Rewards -21.166 :: steps: 1.00 :: Time: 0.102(0.10201/step) :: Entropy : 0.000 :: Grads : []
860 :: Rewards -21.166 :: steps: 1.00 :: Time: 0.103(0.10256/step) :: Entropy : 0.000 :: Grads : []
870 :: Rewards -21.245 :: steps: 1.00 :: Time: 0.104(0.10437/step) :: Entropy : 0.000 :: Grads : []
880 :: Rewards -21.328 :: steps: 1.00 :: Time: 0.106(0.10597/step) :: Entropy : 0.000 :: Grads : []
890 :: Rewards -21.402 :: steps: 1.00 :: Time: 0.109(0.10881/step) :: Entropy : 0.000 :: Grads : []
900 :: Rewards -21.402 :: steps: 1.00 :: Time: 0.112(0.11188/step) :: Entropy : 0.000 :: Grads : []
910 :: Rewards -21.402 :: steps: 1.00 :: Time: 0.112(0.11229/step) :: Entropy : 0.000 :: Grads : []
920 :: Rewards -21.402 :: steps: 1.00 :: Time: 0.114(0.11377/step) :: Entropy : 0.000 :: Grads : []
930 :: Rewards -21.402 :: steps: 1.00 :: Time: 0.101(0.10130/step) :: Entropy : 0.000 :: Grads : []
940 :: Rewards -21.462 :: steps: 1.00 :: Time: 0.097(0.09741/step) :: Entropy : 0.000 :: Grads : []
950 :: Rewards -21.509 :: steps: 1.00 :: Time: 0.095(0.09541/step) :: Entropy : 0.000 :: Grads : []
960 :: Rewards -21.561 :: steps: 1.00 :: Time: 0.097(0.09708/step) :: Entropy : 0.000 :: Grads : []
970 :: Rewards -21.605 :: steps: 1.00 :: Time: 0.102(0.10206/step) :: Entropy : 0.000 :: Grads : []
980 :: Rewards -21.605 :: steps: 1.00 :: Time: 0.105(0.10507/step) :: Entropy : 0.000 :: Grads : []
990 :: Rewards -21.605 :: steps: 1.00 :: Time: 0.107(0.10713/step) :: Entropy : 0.000 :: Grads : []
999 :: Rewards -21.605 :: steps: 0.90 :: Time: 0.098(0.10916/step) :: Entropy : 0.000 :: Grads : []
Total time taken: 54.73784875869751
