Module path:  Environments.NS_Reco NS_Reco
Dynamically loaded from:  <class 'Environments.NS_Reco.NS_Reco'>
Reward Amplitudes: [4.17022005e-01 7.20324493e-01 1.14374817e-04 3.02332573e-01
 1.46755891e-01] :: Avg 0.317309867282206 
Module path:  Src.Algorithms.ProOLS ProOLS
Dynamically loaded from:  <class 'Src.Algorithms.ProOLS.ProOLS'>
=====Configurations=====
 Namespace(NN_basis_dim='32', Policy_basis_dim='32', actor_lr=0.002855902814944507, algo_name='ProOLS', base=0, batch_size=1000, buffer_size=1000, debug=False, delta=1, entropy_lambda=0.053752942888962034, env_name='NS_Reco', experiment='NS_2r_', extrapolator_basis='Fourier', folder_suffix='Default', fourier_coupled=True, fourier_k=7, fourier_order=3, gamma=0.99, gauss_std=1.5, gpu=0, hyper='default', importance_clip=5.0, inc=1, log_output='term_file', max_episodes=1000, max_inner=30, max_steps=500, optim='rmsprop', oracle=-1, raw_basis=True, restore=False, save_count=100, save_model=True, seed=1, speed=2, state_lr=0.001, summary=True, swarm=False, timestamp='5|25|11:14:29')
Actions space: 5 :: State space: 1
State Low: tensor([0.]) :: State High: tensor([1.])
State features:  [('dummy_param', torch.Size([1]))]
Policy:  [('fc1.weight', torch.Size([5, 1])), ('fc1.bias', torch.Size([5]))]
0 :: Rewards -0.003 :: steps: 0.10 :: Time: 0.000(0.00058/step) :: Entropy : 0.000 :: Grads : []
10 :: Rewards -0.157 :: steps: 1.00 :: Time: 0.006(0.00588/step) :: Entropy : 0.000 :: Grads : []
20 :: Rewards -0.478 :: steps: 1.00 :: Time: 0.014(0.01413/step) :: Entropy : 0.000 :: Grads : []
30 :: Rewards -1.207 :: steps: 1.00 :: Time: 0.015(0.01511/step) :: Entropy : 0.000 :: Grads : []
40 :: Rewards -1.677 :: steps: 1.00 :: Time: 0.014(0.01434/step) :: Entropy : 0.000 :: Grads : []
50 :: Rewards -2.522 :: steps: 1.00 :: Time: 0.014(0.01410/step) :: Entropy : 0.000 :: Grads : []
60 :: Rewards -3.378 :: steps: 1.00 :: Time: 0.014(0.01440/step) :: Entropy : 0.000 :: Grads : []
70 :: Rewards -4.351 :: steps: 1.00 :: Time: 0.015(0.01537/step) :: Entropy : 0.000 :: Grads : []
80 :: Rewards -4.590 :: steps: 1.00 :: Time: 0.014(0.01412/step) :: Entropy : 0.000 :: Grads : []
90 :: Rewards -5.071 :: steps: 1.00 :: Time: 0.015(0.01451/step) :: Entropy : 0.000 :: Grads : []
100 :: Rewards -5.391 :: steps: 1.00 :: Time: 0.018(0.01751/step) :: Entropy : 0.000 :: Grads : []
110 :: Rewards -5.391 :: steps: 1.00 :: Time: 0.015(0.01471/step) :: Entropy : 0.000 :: Grads : []
120 :: Rewards -5.391 :: steps: 1.00 :: Time: 0.015(0.01484/step) :: Entropy : 0.000 :: Grads : []
130 :: Rewards -5.391 :: steps: 1.00 :: Time: 0.014(0.01439/step) :: Entropy : 0.000 :: Grads : []
140 :: Rewards -5.391 :: steps: 1.00 :: Time: 0.014(0.01443/step) :: Entropy : 0.000 :: Grads : []
150 :: Rewards -5.391 :: steps: 1.00 :: Time: 0.015(0.01452/step) :: Entropy : 0.000 :: Grads : []
160 :: Rewards -5.391 :: steps: 1.00 :: Time: 0.015(0.01472/step) :: Entropy : 0.000 :: Grads : []
170 :: Rewards -5.391 :: steps: 1.00 :: Time: 0.015(0.01489/step) :: Entropy : 0.000 :: Grads : []
180 :: Rewards -5.391 :: steps: 1.00 :: Time: 0.015(0.01494/step) :: Entropy : 0.000 :: Grads : []
190 :: Rewards -5.391 :: steps: 1.00 :: Time: 0.015(0.01503/step) :: Entropy : 0.000 :: Grads : []
200 :: Rewards -5.391 :: steps: 1.00 :: Time: 0.015(0.01512/step) :: Entropy : 0.000 :: Grads : []
210 :: Rewards -5.391 :: steps: 1.00 :: Time: 0.015(0.01526/step) :: Entropy : 0.000 :: Grads : []
220 :: Rewards -5.391 :: steps: 1.00 :: Time: 0.015(0.01544/step) :: Entropy : 0.000 :: Grads : []
230 :: Rewards -5.391 :: steps: 1.00 :: Time: 0.018(0.01845/step) :: Entropy : 0.000 :: Grads : []
240 :: Rewards -5.391 :: steps: 1.00 :: Time: 0.017(0.01682/step) :: Entropy : 0.000 :: Grads : []
250 :: Rewards -5.391 :: steps: 1.00 :: Time: 0.017(0.01656/step) :: Entropy : 0.000 :: Grads : []
260 :: Rewards -5.391 :: steps: 1.00 :: Time: 0.019(0.01922/step) :: Entropy : 0.000 :: Grads : []
270 :: Rewards -5.391 :: steps: 1.00 :: Time: 0.018(0.01849/step) :: Entropy : 0.000 :: Grads : []
280 :: Rewards -5.391 :: steps: 1.00 :: Time: 0.017(0.01680/step) :: Entropy : 0.000 :: Grads : []
290 :: Rewards -5.391 :: steps: 1.00 :: Time: 0.016(0.01646/step) :: Entropy : 0.000 :: Grads : []
300 :: Rewards -5.391 :: steps: 1.00 :: Time: 0.017(0.01657/step) :: Entropy : 0.000 :: Grads : []
310 :: Rewards -5.391 :: steps: 1.00 :: Time: 0.017(0.01653/step) :: Entropy : 0.000 :: Grads : []
320 :: Rewards -5.391 :: steps: 1.00 :: Time: 0.017(0.01667/step) :: Entropy : 0.000 :: Grads : []
330 :: Rewards -5.391 :: steps: 1.00 :: Time: 0.017(0.01707/step) :: Entropy : 0.000 :: Grads : []
340 :: Rewards -5.391 :: steps: 1.00 :: Time: 0.018(0.01819/step) :: Entropy : 0.000 :: Grads : []
350 :: Rewards -5.391 :: steps: 1.00 :: Time: 0.018(0.01807/step) :: Entropy : 0.000 :: Grads : []
360 :: Rewards -5.396 :: steps: 1.00 :: Time: 0.018(0.01804/step) :: Entropy : 0.000 :: Grads : []
370 :: Rewards -5.518 :: steps: 1.00 :: Time: 0.018(0.01808/step) :: Entropy : 0.000 :: Grads : []
380 :: Rewards -6.043 :: steps: 1.00 :: Time: 0.018(0.01798/step) :: Entropy : 0.000 :: Grads : []
390 :: Rewards -6.895 :: steps: 1.00 :: Time: 0.019(0.01865/step) :: Entropy : 0.000 :: Grads : []
400 :: Rewards -8.124 :: steps: 1.00 :: Time: 0.019(0.01858/step) :: Entropy : 0.000 :: Grads : []
410 :: Rewards -9.785 :: steps: 1.00 :: Time: 0.019(0.01893/step) :: Entropy : 0.000 :: Grads : []
420 :: Rewards -11.657 :: steps: 1.00 :: Time: 0.020(0.01963/step) :: Entropy : 0.000 :: Grads : []
430 :: Rewards -13.180 :: steps: 1.00 :: Time: 0.020(0.01982/step) :: Entropy : 0.000 :: Grads : []
440 :: Rewards -13.941 :: steps: 1.00 :: Time: 0.019(0.01949/step) :: Entropy : 0.000 :: Grads : []
450 :: Rewards -14.465 :: steps: 1.00 :: Time: 0.019(0.01922/step) :: Entropy : 0.000 :: Grads : []
460 :: Rewards -14.722 :: steps: 1.00 :: Time: 0.019(0.01912/step) :: Entropy : 0.000 :: Grads : []
470 :: Rewards -15.102 :: steps: 1.00 :: Time: 0.019(0.01862/step) :: Entropy : 0.000 :: Grads : []
480 :: Rewards -15.362 :: steps: 1.00 :: Time: 0.019(0.01851/step) :: Entropy : 0.000 :: Grads : []
490 :: Rewards -15.708 :: steps: 1.00 :: Time: 0.019(0.01880/step) :: Entropy : 0.000 :: Grads : []
500 :: Rewards -16.009 :: steps: 1.00 :: Time: 0.019(0.01861/step) :: Entropy : 0.000 :: Grads : []
510 :: Rewards -16.673 :: steps: 1.00 :: Time: 0.019(0.01880/step) :: Entropy : 0.000 :: Grads : []
520 :: Rewards -16.873 :: steps: 1.00 :: Time: 0.019(0.01920/step) :: Entropy : 0.000 :: Grads : []
530 :: Rewards -16.941 :: steps: 1.00 :: Time: 0.023(0.02313/step) :: Entropy : 0.000 :: Grads : []
540 :: Rewards -16.941 :: steps: 1.00 :: Time: 0.019(0.01935/step) :: Entropy : 0.000 :: Grads : []
550 :: Rewards -16.941 :: steps: 1.00 :: Time: 0.019(0.01949/step) :: Entropy : 0.000 :: Grads : []
560 :: Rewards -17.160 :: steps: 1.00 :: Time: 0.020(0.01977/step) :: Entropy : 0.000 :: Grads : []
570 :: Rewards -17.160 :: steps: 1.00 :: Time: 0.020(0.01988/step) :: Entropy : 0.000 :: Grads : []
580 :: Rewards -17.355 :: steps: 1.00 :: Time: 0.020(0.02023/step) :: Entropy : 0.000 :: Grads : []
590 :: Rewards -17.535 :: steps: 1.00 :: Time: 0.020(0.02031/step) :: Entropy : 0.000 :: Grads : []
600 :: Rewards -19.074 :: steps: 1.00 :: Time: 0.021(0.02104/step) :: Entropy : 0.000 :: Grads : []
610 :: Rewards -19.146 :: steps: 1.00 :: Time: 0.021(0.02145/step) :: Entropy : 0.000 :: Grads : []
620 :: Rewards -19.361 :: steps: 1.00 :: Time: 0.021(0.02119/step) :: Entropy : 0.000 :: Grads : []
630 :: Rewards -20.188 :: steps: 1.00 :: Time: 0.021(0.02075/step) :: Entropy : 0.000 :: Grads : []
640 :: Rewards -21.456 :: steps: 1.00 :: Time: 0.021(0.02089/step) :: Entropy : 0.000 :: Grads : []
650 :: Rewards -22.395 :: steps: 1.00 :: Time: 0.021(0.02092/step) :: Entropy : 0.000 :: Grads : []
660 :: Rewards -22.920 :: steps: 1.00 :: Time: 0.021(0.02093/step) :: Entropy : 0.000 :: Grads : []
670 :: Rewards -23.086 :: steps: 1.00 :: Time: 0.021(0.02102/step) :: Entropy : 0.000 :: Grads : []
680 :: Rewards -23.241 :: steps: 1.00 :: Time: 0.021(0.02108/step) :: Entropy : 0.000 :: Grads : []
690 :: Rewards -23.560 :: steps: 1.00 :: Time: 0.021(0.02124/step) :: Entropy : 0.000 :: Grads : []
700 :: Rewards -23.824 :: steps: 1.00 :: Time: 0.021(0.02128/step) :: Entropy : 0.000 :: Grads : []
710 :: Rewards -24.593 :: steps: 1.00 :: Time: 0.022(0.02154/step) :: Entropy : 0.000 :: Grads : []
720 :: Rewards -24.656 :: steps: 1.00 :: Time: 0.022(0.02174/step) :: Entropy : 0.000 :: Grads : []
730 :: Rewards -25.046 :: steps: 1.00 :: Time: 0.021(0.02132/step) :: Entropy : 0.000 :: Grads : []
740 :: Rewards -25.707 :: steps: 1.00 :: Time: 0.021(0.02140/step) :: Entropy : 0.000 :: Grads : []
750 :: Rewards -27.015 :: steps: 1.00 :: Time: 0.021(0.02143/step) :: Entropy : 0.000 :: Grads : []
760 :: Rewards -27.765 :: steps: 1.00 :: Time: 0.022(0.02187/step) :: Entropy : 0.000 :: Grads : []
770 :: Rewards -28.233 :: steps: 1.00 :: Time: 0.022(0.02194/step) :: Entropy : 0.000 :: Grads : []
780 :: Rewards -28.298 :: steps: 1.00 :: Time: 0.022(0.02218/step) :: Entropy : 0.000 :: Grads : []
790 :: Rewards -28.479 :: steps: 1.00 :: Time: 0.022(0.02185/step) :: Entropy : 0.000 :: Grads : []
800 :: Rewards -28.618 :: steps: 1.00 :: Time: 0.022(0.02174/step) :: Entropy : 0.000 :: Grads : []
810 :: Rewards -29.630 :: steps: 1.00 :: Time: 0.022(0.02212/step) :: Entropy : 0.000 :: Grads : []
820 :: Rewards -30.317 :: steps: 1.00 :: Time: 0.022(0.02249/step) :: Entropy : 0.000 :: Grads : []
830 :: Rewards -31.127 :: steps: 1.00 :: Time: 0.023(0.02280/step) :: Entropy : 0.000 :: Grads : []
840 :: Rewards -32.138 :: steps: 1.00 :: Time: 0.023(0.02273/step) :: Entropy : 0.000 :: Grads : []
850 :: Rewards -32.729 :: steps: 1.00 :: Time: 0.023(0.02269/step) :: Entropy : 0.000 :: Grads : []
860 :: Rewards -33.463 :: steps: 1.00 :: Time: 0.023(0.02290/step) :: Entropy : 0.000 :: Grads : []
870 :: Rewards -33.635 :: steps: 1.00 :: Time: 0.023(0.02295/step) :: Entropy : 0.000 :: Grads : []
880 :: Rewards -34.921 :: steps: 1.00 :: Time: 0.023(0.02297/step) :: Entropy : 0.000 :: Grads : []
890 :: Rewards -35.151 :: steps: 1.00 :: Time: 0.023(0.02291/step) :: Entropy : 0.000 :: Grads : []
900 :: Rewards -35.978 :: steps: 1.00 :: Time: 0.023(0.02297/step) :: Entropy : 0.000 :: Grads : []
910 :: Rewards -37.056 :: steps: 1.00 :: Time: 0.023(0.02338/step) :: Entropy : 0.000 :: Grads : []
920 :: Rewards -38.407 :: steps: 1.00 :: Time: 0.024(0.02439/step) :: Entropy : 0.000 :: Grads : []
930 :: Rewards -39.043 :: steps: 1.00 :: Time: 0.023(0.02306/step) :: Entropy : 0.000 :: Grads : []
940 :: Rewards -39.880 :: steps: 1.00 :: Time: 0.023(0.02347/step) :: Entropy : 0.000 :: Grads : []
950 :: Rewards -40.195 :: steps: 1.00 :: Time: 0.024(0.02399/step) :: Entropy : 0.000 :: Grads : []
960 :: Rewards -40.195 :: steps: 1.00 :: Time: 0.024(0.02396/step) :: Entropy : 0.000 :: Grads : []
970 :: Rewards -40.195 :: steps: 1.00 :: Time: 0.024(0.02381/step) :: Entropy : 0.000 :: Grads : []
980 :: Rewards -40.195 :: steps: 1.00 :: Time: 0.023(0.02296/step) :: Entropy : 0.000 :: Grads : []
990 :: Rewards -40.195 :: steps: 1.00 :: Time: 0.023(0.02281/step) :: Entropy : 0.000 :: Grads : []
999 :: Rewards -40.195 :: steps: 0.90 :: Time: 0.020(0.02270/step) :: Entropy : 0.000 :: Grads : []
Total time taken: 19.20842981338501
