Module path:  Environments.NS_Reco NS_Reco
Dynamically loaded from:  <class 'Environments.NS_Reco.NS_Reco'>
Reward Amplitudes: [4.17022005e-01 7.20324493e-01 1.14374817e-04 3.02332573e-01
 1.46755891e-01] :: Avg 0.317309867282206 
Module path:  Src.Algorithms.OFPG OFPG
Dynamically loaded from:  <class 'Src.Algorithms.OFPG.OFPG'>
=====Configurations=====
 Namespace(NN_basis_dim='32', Policy_basis_dim='32', actor_lr=0.005252014538415403, algo_name='OFPG', base=0, batch_size=1000, buffer_size=1000, debug=False, delta=1, entropy_lambda=0.08551739420792737, env_name='NS_Reco', experiment='NS_4_', extrapolator_basis='Fourier', folder_suffix='Default', fourier_coupled=True, fourier_k=7, fourier_order=3, gamma=0.99, gauss_std=1.5, gpu=0, hyper='default', importance_clip=10.0, inc=1, log_output='term_file', max_episodes=1000, max_inner=20, max_steps=500, optim='rmsprop', oracle=-1, raw_basis=True, restore=False, save_count=100, save_model=True, seed=14, speed=4, state_lr=0.001, summary=True, swarm=False, timestamp='5|24|22:56:17')
Actions space: 5 :: State space: 1
State Low: tensor([0.]) :: State High: tensor([1.])
State features:  [('dummy_param', torch.Size([1]))]
Policy:  [('fc1.weight', torch.Size([5, 1])), ('fc1.bias', torch.Size([5]))]
0 :: Rewards 0.003 :: steps: 0.10 :: Time: 0.001(0.00976/step) :: Entropy : 0.000 :: Grads : []
10 :: Rewards 0.222 :: steps: 1.00 :: Time: 0.008(0.00823/step) :: Entropy : 0.000 :: Grads : []
20 :: Rewards 0.863 :: steps: 1.00 :: Time: 0.008(0.00823/step) :: Entropy : 0.000 :: Grads : []
30 :: Rewards 1.933 :: steps: 1.00 :: Time: 0.008(0.00840/step) :: Entropy : 0.000 :: Grads : []
40 :: Rewards 3.731 :: steps: 1.00 :: Time: 0.009(0.00851/step) :: Entropy : 0.000 :: Grads : []
50 :: Rewards 6.726 :: steps: 1.00 :: Time: 0.008(0.00811/step) :: Entropy : 0.000 :: Grads : []
60 :: Rewards 11.048 :: steps: 1.00 :: Time: 0.008(0.00831/step) :: Entropy : 0.000 :: Grads : []
70 :: Rewards 16.068 :: steps: 1.00 :: Time: 0.008(0.00831/step) :: Entropy : 0.000 :: Grads : []
80 :: Rewards 21.654 :: steps: 1.00 :: Time: 0.008(0.00836/step) :: Entropy : 0.000 :: Grads : []
90 :: Rewards 26.522 :: steps: 1.00 :: Time: 0.009(0.00851/step) :: Entropy : 0.000 :: Grads : []
100 :: Rewards 32.429 :: steps: 1.00 :: Time: 0.009(0.00853/step) :: Entropy : 0.000 :: Grads : []
110 :: Rewards 39.196 :: steps: 1.00 :: Time: 0.009(0.00861/step) :: Entropy : 0.000 :: Grads : []
120 :: Rewards 45.719 :: steps: 1.00 :: Time: 0.009(0.00877/step) :: Entropy : 0.000 :: Grads : []
130 :: Rewards 52.161 :: steps: 1.00 :: Time: 0.009(0.00877/step) :: Entropy : 0.000 :: Grads : []
140 :: Rewards 58.911 :: steps: 1.00 :: Time: 0.009(0.00887/step) :: Entropy : 0.000 :: Grads : []
150 :: Rewards 64.993 :: steps: 1.00 :: Time: 0.010(0.00971/step) :: Entropy : 0.000 :: Grads : []
160 :: Rewards 70.524 :: steps: 1.00 :: Time: 0.010(0.00971/step) :: Entropy : 0.000 :: Grads : []
170 :: Rewards 75.462 :: steps: 1.00 :: Time: 0.010(0.00986/step) :: Entropy : 0.000 :: Grads : []
180 :: Rewards 79.729 :: steps: 1.00 :: Time: 0.010(0.00969/step) :: Entropy : 0.000 :: Grads : []
190 :: Rewards 83.152 :: steps: 1.00 :: Time: 0.010(0.00982/step) :: Entropy : 0.000 :: Grads : []
200 :: Rewards 85.700 :: steps: 1.00 :: Time: 0.010(0.01013/step) :: Entropy : 0.000 :: Grads : []
210 :: Rewards 87.355 :: steps: 1.00 :: Time: 0.010(0.01032/step) :: Entropy : 0.000 :: Grads : []
220 :: Rewards 88.548 :: steps: 1.00 :: Time: 0.011(0.01100/step) :: Entropy : 0.000 :: Grads : []
230 :: Rewards 88.959 :: steps: 1.00 :: Time: 0.011(0.01096/step) :: Entropy : 0.000 :: Grads : []
240 :: Rewards 87.706 :: steps: 1.00 :: Time: 0.010(0.01034/step) :: Entropy : 0.000 :: Grads : []
250 :: Rewards 86.416 :: steps: 1.00 :: Time: 0.011(0.01080/step) :: Entropy : 0.000 :: Grads : []
260 :: Rewards 84.828 :: steps: 1.00 :: Time: 0.011(0.01075/step) :: Entropy : 0.000 :: Grads : []
270 :: Rewards 83.125 :: steps: 1.00 :: Time: 0.011(0.01111/step) :: Entropy : 0.000 :: Grads : []
280 :: Rewards 80.194 :: steps: 1.00 :: Time: 0.010(0.01040/step) :: Entropy : 0.000 :: Grads : []
290 :: Rewards 77.921 :: steps: 1.00 :: Time: 0.010(0.01024/step) :: Entropy : 0.000 :: Grads : []
300 :: Rewards 76.329 :: steps: 1.00 :: Time: 0.010(0.01029/step) :: Entropy : 0.000 :: Grads : []
310 :: Rewards 74.905 :: steps: 1.00 :: Time: 0.010(0.01038/step) :: Entropy : 0.000 :: Grads : []
320 :: Rewards 73.266 :: steps: 1.00 :: Time: 0.011(0.01057/step) :: Entropy : 0.000 :: Grads : []
330 :: Rewards 70.167 :: steps: 1.00 :: Time: 0.011(0.01085/step) :: Entropy : 0.000 :: Grads : []
340 :: Rewards 67.512 :: steps: 1.00 :: Time: 0.011(0.01084/step) :: Entropy : 0.000 :: Grads : []
350 :: Rewards 62.732 :: steps: 1.00 :: Time: 0.011(0.01100/step) :: Entropy : 0.000 :: Grads : []
360 :: Rewards 60.173 :: steps: 1.00 :: Time: 0.011(0.01110/step) :: Entropy : 0.000 :: Grads : []
370 :: Rewards 56.400 :: steps: 1.00 :: Time: 0.011(0.01123/step) :: Entropy : 0.000 :: Grads : []
380 :: Rewards 53.698 :: steps: 1.00 :: Time: 0.011(0.01146/step) :: Entropy : 0.000 :: Grads : []
390 :: Rewards 50.440 :: steps: 1.00 :: Time: 0.011(0.01141/step) :: Entropy : 0.000 :: Grads : []
400 :: Rewards 47.359 :: steps: 1.00 :: Time: 0.011(0.01145/step) :: Entropy : 0.000 :: Grads : []
410 :: Rewards 44.050 :: steps: 1.00 :: Time: 0.012(0.01168/step) :: Entropy : 0.000 :: Grads : []
420 :: Rewards 42.765 :: steps: 1.00 :: Time: 0.012(0.01206/step) :: Entropy : 0.000 :: Grads : []
430 :: Rewards 40.368 :: steps: 1.00 :: Time: 0.012(0.01215/step) :: Entropy : 0.000 :: Grads : []
440 :: Rewards 36.946 :: steps: 1.00 :: Time: 0.012(0.01224/step) :: Entropy : 0.000 :: Grads : []
450 :: Rewards 34.431 :: steps: 1.00 :: Time: 0.012(0.01232/step) :: Entropy : 0.000 :: Grads : []
460 :: Rewards 32.713 :: steps: 1.00 :: Time: 0.012(0.01226/step) :: Entropy : 0.000 :: Grads : []
470 :: Rewards 31.100 :: steps: 1.00 :: Time: 0.012(0.01231/step) :: Entropy : 0.000 :: Grads : []
480 :: Rewards 31.861 :: steps: 1.00 :: Time: 0.012(0.01243/step) :: Entropy : 0.000 :: Grads : []
490 :: Rewards 30.820 :: steps: 1.00 :: Time: 0.012(0.01249/step) :: Entropy : 0.000 :: Grads : []
500 :: Rewards 29.811 :: steps: 1.00 :: Time: 0.013(0.01256/step) :: Entropy : 0.000 :: Grads : []
510 :: Rewards 29.704 :: steps: 1.00 :: Time: 0.013(0.01267/step) :: Entropy : 0.000 :: Grads : []
520 :: Rewards 31.326 :: steps: 1.00 :: Time: 0.013(0.01298/step) :: Entropy : 0.000 :: Grads : []
530 :: Rewards 31.672 :: steps: 1.00 :: Time: 0.013(0.01305/step) :: Entropy : 0.000 :: Grads : []
540 :: Rewards 32.326 :: steps: 1.00 :: Time: 0.013(0.01302/step) :: Entropy : 0.000 :: Grads : []
550 :: Rewards 35.349 :: steps: 1.00 :: Time: 0.013(0.01298/step) :: Entropy : 0.000 :: Grads : []
560 :: Rewards 37.791 :: steps: 1.00 :: Time: 0.013(0.01315/step) :: Entropy : 0.000 :: Grads : []
570 :: Rewards 41.632 :: steps: 1.00 :: Time: 0.013(0.01311/step) :: Entropy : 0.000 :: Grads : []
580 :: Rewards 43.457 :: steps: 1.00 :: Time: 0.013(0.01320/step) :: Entropy : 0.000 :: Grads : []
590 :: Rewards 45.327 :: steps: 1.00 :: Time: 0.013(0.01332/step) :: Entropy : 0.000 :: Grads : []
600 :: Rewards 46.961 :: steps: 1.00 :: Time: 0.013(0.01331/step) :: Entropy : 0.000 :: Grads : []
610 :: Rewards 49.548 :: steps: 1.00 :: Time: 0.013(0.01339/step) :: Entropy : 0.000 :: Grads : []
620 :: Rewards 51.445 :: steps: 1.00 :: Time: 0.013(0.01342/step) :: Entropy : 0.000 :: Grads : []
630 :: Rewards 53.457 :: steps: 1.00 :: Time: 0.014(0.01368/step) :: Entropy : 0.000 :: Grads : []
640 :: Rewards 55.145 :: steps: 1.00 :: Time: 0.014(0.01357/step) :: Entropy : 0.000 :: Grads : []
650 :: Rewards 56.511 :: steps: 1.00 :: Time: 0.014(0.01363/step) :: Entropy : 0.000 :: Grads : []
660 :: Rewards 57.234 :: steps: 1.00 :: Time: 0.014(0.01373/step) :: Entropy : 0.000 :: Grads : []
670 :: Rewards 57.206 :: steps: 1.00 :: Time: 0.014(0.01371/step) :: Entropy : 0.000 :: Grads : []
680 :: Rewards 57.484 :: steps: 1.00 :: Time: 0.014(0.01379/step) :: Entropy : 0.000 :: Grads : []
690 :: Rewards 57.440 :: steps: 1.00 :: Time: 0.014(0.01378/step) :: Entropy : 0.000 :: Grads : []
700 :: Rewards 58.379 :: steps: 1.00 :: Time: 0.014(0.01395/step) :: Entropy : 0.000 :: Grads : []
710 :: Rewards 57.291 :: steps: 1.00 :: Time: 0.014(0.01405/step) :: Entropy : 0.000 :: Grads : []
720 :: Rewards 58.012 :: steps: 1.00 :: Time: 0.014(0.01408/step) :: Entropy : 0.000 :: Grads : []
730 :: Rewards 56.068 :: steps: 1.00 :: Time: 0.014(0.01411/step) :: Entropy : 0.000 :: Grads : []
740 :: Rewards 53.789 :: steps: 1.00 :: Time: 0.014(0.01400/step) :: Entropy : 0.000 :: Grads : []
750 :: Rewards 51.626 :: steps: 1.00 :: Time: 0.014(0.01420/step) :: Entropy : 0.000 :: Grads : []
760 :: Rewards 53.381 :: steps: 1.00 :: Time: 0.014(0.01435/step) :: Entropy : 0.000 :: Grads : []
770 :: Rewards 54.854 :: steps: 1.00 :: Time: 0.014(0.01434/step) :: Entropy : 0.000 :: Grads : []
780 :: Rewards 53.808 :: steps: 1.00 :: Time: 0.015(0.01453/step) :: Entropy : 0.000 :: Grads : []
790 :: Rewards 56.118 :: steps: 1.00 :: Time: 0.015(0.01475/step) :: Entropy : 0.000 :: Grads : []
800 :: Rewards 54.302 :: steps: 1.00 :: Time: 0.016(0.01573/step) :: Entropy : 0.000 :: Grads : []
810 :: Rewards 53.886 :: steps: 1.00 :: Time: 0.015(0.01516/step) :: Entropy : 0.000 :: Grads : []
820 :: Rewards 55.294 :: steps: 1.00 :: Time: 0.015(0.01514/step) :: Entropy : 0.000 :: Grads : []
830 :: Rewards 56.078 :: steps: 1.00 :: Time: 0.015(0.01516/step) :: Entropy : 0.000 :: Grads : []
840 :: Rewards 55.024 :: steps: 1.00 :: Time: 0.015(0.01539/step) :: Entropy : 0.000 :: Grads : []
850 :: Rewards 54.831 :: steps: 1.00 :: Time: 0.015(0.01528/step) :: Entropy : 0.000 :: Grads : []
860 :: Rewards 54.068 :: steps: 1.00 :: Time: 0.015(0.01511/step) :: Entropy : 0.000 :: Grads : []
870 :: Rewards 53.768 :: steps: 1.00 :: Time: 0.015(0.01520/step) :: Entropy : 0.000 :: Grads : []
880 :: Rewards 53.546 :: steps: 1.00 :: Time: 0.015(0.01527/step) :: Entropy : 0.000 :: Grads : []
890 :: Rewards 53.051 :: steps: 1.00 :: Time: 0.015(0.01524/step) :: Entropy : 0.000 :: Grads : []
900 :: Rewards 52.490 :: steps: 1.00 :: Time: 0.015(0.01532/step) :: Entropy : 0.000 :: Grads : []
910 :: Rewards 51.676 :: steps: 1.00 :: Time: 0.015(0.01546/step) :: Entropy : 0.000 :: Grads : []
920 :: Rewards 51.134 :: steps: 1.00 :: Time: 0.016(0.01553/step) :: Entropy : 0.000 :: Grads : []
930 :: Rewards 50.400 :: steps: 1.00 :: Time: 0.016(0.01580/step) :: Entropy : 0.000 :: Grads : []
940 :: Rewards 51.084 :: steps: 1.00 :: Time: 0.016(0.01567/step) :: Entropy : 0.000 :: Grads : []
950 :: Rewards 50.394 :: steps: 1.00 :: Time: 0.016(0.01569/step) :: Entropy : 0.000 :: Grads : []
960 :: Rewards 51.310 :: steps: 1.00 :: Time: 0.016(0.01559/step) :: Entropy : 0.000 :: Grads : []
970 :: Rewards 50.485 :: steps: 1.00 :: Time: 0.016(0.01562/step) :: Entropy : 0.000 :: Grads : []
980 :: Rewards 51.565 :: steps: 1.00 :: Time: 0.016(0.01586/step) :: Entropy : 0.000 :: Grads : []
990 :: Rewards 51.299 :: steps: 1.00 :: Time: 0.016(0.01594/step) :: Entropy : 0.000 :: Grads : []
999 :: Rewards 51.285 :: steps: 0.90 :: Time: 0.014(0.01592/step) :: Entropy : 0.000 :: Grads : []
Total time taken: 12.44041919708252
