Module path:  Environments.NS_Reco NS_Reco
Dynamically loaded from:  <class 'Environments.NS_Reco.NS_Reco'>
Reward Amplitudes: [4.17022005e-01 7.20324493e-01 1.14374817e-04 3.02332573e-01
 1.46755891e-01] :: Avg 0.317309867282206 
Module path:  Src.Algorithms.OFPG OFPG
Dynamically loaded from:  <class 'Src.Algorithms.OFPG.OFPG'>
=====Configurations=====
 Namespace(NN_basis_dim='32', Policy_basis_dim='32', actor_lr=0.002251439950474301, algo_name='OFPG', base=0, batch_size=1000, buffer_size=1000, debug=False, delta=1, entropy_lambda=0.11057727559233214, env_name='NS_Reco', experiment='NS_3r_', extrapolator_basis='Fourier', folder_suffix='Default', fourier_coupled=True, fourier_k=7, fourier_order=3, gamma=0.99, gauss_std=1.5, gpu=0, hyper='default', importance_clip=10.0, inc=1, log_output='term_file', max_episodes=1000, max_inner=30, max_steps=500, optim='rmsprop', oracle=-1, raw_basis=True, restore=False, save_count=100, save_model=True, seed=19, speed=3, state_lr=0.001, summary=True, swarm=False, timestamp='5|25|9:39:58')
Actions space: 5 :: State space: 1
State Low: tensor([0.]) :: State High: tensor([1.])
State features:  [('dummy_param', torch.Size([1]))]
Policy:  [('fc1.weight', torch.Size([5, 1])), ('fc1.bias', torch.Size([5]))]
0 :: Rewards 0.000 :: steps: 0.10 :: Time: 0.002(0.01585/step) :: Entropy : 0.000 :: Grads : []
10 :: Rewards -0.201 :: steps: 1.00 :: Time: 0.012(0.01185/step) :: Entropy : 0.000 :: Grads : []
20 :: Rewards -0.595 :: steps: 1.00 :: Time: 0.012(0.01244/step) :: Entropy : 0.000 :: Grads : []
30 :: Rewards -1.540 :: steps: 1.00 :: Time: 0.012(0.01248/step) :: Entropy : 0.000 :: Grads : []
40 :: Rewards -2.974 :: steps: 1.00 :: Time: 0.012(0.01207/step) :: Entropy : 0.000 :: Grads : []
50 :: Rewards -3.875 :: steps: 1.00 :: Time: 0.012(0.01225/step) :: Entropy : 0.000 :: Grads : []
60 :: Rewards -4.830 :: steps: 1.00 :: Time: 0.012(0.01225/step) :: Entropy : 0.000 :: Grads : []
70 :: Rewards -5.427 :: steps: 1.00 :: Time: 0.016(0.01553/step) :: Entropy : 0.000 :: Grads : []
80 :: Rewards -5.710 :: steps: 1.00 :: Time: 0.013(0.01267/step) :: Entropy : 0.000 :: Grads : []
90 :: Rewards -5.710 :: steps: 1.00 :: Time: 0.013(0.01280/step) :: Entropy : 0.000 :: Grads : []
100 :: Rewards -6.352 :: steps: 1.00 :: Time: 0.013(0.01310/step) :: Entropy : 0.000 :: Grads : []
110 :: Rewards -6.352 :: steps: 1.00 :: Time: 0.013(0.01298/step) :: Entropy : 0.000 :: Grads : []
120 :: Rewards -6.691 :: steps: 1.00 :: Time: 0.013(0.01304/step) :: Entropy : 0.000 :: Grads : []
130 :: Rewards -7.644 :: steps: 1.00 :: Time: 0.013(0.01323/step) :: Entropy : 0.000 :: Grads : []
140 :: Rewards -8.425 :: steps: 1.00 :: Time: 0.013(0.01341/step) :: Entropy : 0.000 :: Grads : []
150 :: Rewards -9.091 :: steps: 1.00 :: Time: 0.014(0.01365/step) :: Entropy : 0.000 :: Grads : []
160 :: Rewards -9.515 :: steps: 1.00 :: Time: 0.014(0.01365/step) :: Entropy : 0.000 :: Grads : []
170 :: Rewards -9.803 :: steps: 1.00 :: Time: 0.014(0.01375/step) :: Entropy : 0.000 :: Grads : []
180 :: Rewards -10.051 :: steps: 1.00 :: Time: 0.014(0.01366/step) :: Entropy : 0.000 :: Grads : []
190 :: Rewards -10.851 :: steps: 1.00 :: Time: 0.014(0.01392/step) :: Entropy : 0.000 :: Grads : []
200 :: Rewards -10.851 :: steps: 1.00 :: Time: 0.014(0.01397/step) :: Entropy : 0.000 :: Grads : []
210 :: Rewards -10.995 :: steps: 1.00 :: Time: 0.014(0.01419/step) :: Entropy : 0.000 :: Grads : []
220 :: Rewards -11.351 :: steps: 1.00 :: Time: 0.017(0.01682/step) :: Entropy : 0.000 :: Grads : []
230 :: Rewards -11.563 :: steps: 1.00 :: Time: 0.015(0.01494/step) :: Entropy : 0.000 :: Grads : []
240 :: Rewards -11.683 :: steps: 1.00 :: Time: 0.015(0.01456/step) :: Entropy : 0.000 :: Grads : []
250 :: Rewards -11.836 :: steps: 1.00 :: Time: 0.014(0.01440/step) :: Entropy : 0.000 :: Grads : []
260 :: Rewards -12.477 :: steps: 1.00 :: Time: 0.015(0.01475/step) :: Entropy : 0.000 :: Grads : []
270 :: Rewards -13.677 :: steps: 1.00 :: Time: 0.015(0.01506/step) :: Entropy : 0.000 :: Grads : []
280 :: Rewards -14.690 :: steps: 1.00 :: Time: 0.015(0.01509/step) :: Entropy : 0.000 :: Grads : []
290 :: Rewards -16.934 :: steps: 1.00 :: Time: 0.015(0.01524/step) :: Entropy : 0.000 :: Grads : []
300 :: Rewards -19.005 :: steps: 1.00 :: Time: 0.015(0.01538/step) :: Entropy : 0.000 :: Grads : []
310 :: Rewards -21.131 :: steps: 1.00 :: Time: 0.016(0.01561/step) :: Entropy : 0.000 :: Grads : []
320 :: Rewards -24.635 :: steps: 1.00 :: Time: 0.016(0.01585/step) :: Entropy : 0.000 :: Grads : []
330 :: Rewards -27.062 :: steps: 1.00 :: Time: 0.016(0.01621/step) :: Entropy : 0.000 :: Grads : []
340 :: Rewards -29.128 :: steps: 1.00 :: Time: 0.016(0.01627/step) :: Entropy : 0.000 :: Grads : []
350 :: Rewards -32.744 :: steps: 1.00 :: Time: 0.016(0.01641/step) :: Entropy : 0.000 :: Grads : []
360 :: Rewards -34.786 :: steps: 1.00 :: Time: 0.017(0.01667/step) :: Entropy : 0.000 :: Grads : []
370 :: Rewards -38.090 :: steps: 1.00 :: Time: 0.017(0.01703/step) :: Entropy : 0.000 :: Grads : []
380 :: Rewards -42.352 :: steps: 1.00 :: Time: 0.017(0.01738/step) :: Entropy : 0.000 :: Grads : []
390 :: Rewards -45.730 :: steps: 1.00 :: Time: 0.017(0.01719/step) :: Entropy : 0.000 :: Grads : []
400 :: Rewards -48.754 :: steps: 1.00 :: Time: 0.017(0.01738/step) :: Entropy : 0.000 :: Grads : []
410 :: Rewards -51.413 :: steps: 1.00 :: Time: 0.018(0.01760/step) :: Entropy : 0.000 :: Grads : []
420 :: Rewards -56.096 :: steps: 1.00 :: Time: 0.018(0.01796/step) :: Entropy : 0.000 :: Grads : []
430 :: Rewards -58.989 :: steps: 1.00 :: Time: 0.018(0.01802/step) :: Entropy : 0.000 :: Grads : []
440 :: Rewards -60.970 :: steps: 1.00 :: Time: 0.018(0.01835/step) :: Entropy : 0.000 :: Grads : []
450 :: Rewards -64.696 :: steps: 1.00 :: Time: 0.018(0.01843/step) :: Entropy : 0.000 :: Grads : []
460 :: Rewards -68.300 :: steps: 1.00 :: Time: 0.019(0.01870/step) :: Entropy : 0.000 :: Grads : []
470 :: Rewards -71.610 :: steps: 1.00 :: Time: 0.019(0.01850/step) :: Entropy : 0.000 :: Grads : []
480 :: Rewards -73.851 :: steps: 1.00 :: Time: 0.019(0.01875/step) :: Entropy : 0.000 :: Grads : []
490 :: Rewards -75.993 :: steps: 1.00 :: Time: 0.019(0.01897/step) :: Entropy : 0.000 :: Grads : []
500 :: Rewards -78.349 :: steps: 1.00 :: Time: 0.019(0.01896/step) :: Entropy : 0.000 :: Grads : []
510 :: Rewards -81.767 :: steps: 1.00 :: Time: 0.019(0.01915/step) :: Entropy : 0.000 :: Grads : []
520 :: Rewards -84.087 :: steps: 1.00 :: Time: 0.019(0.01926/step) :: Entropy : 0.000 :: Grads : []
530 :: Rewards -87.292 :: steps: 1.00 :: Time: 0.019(0.01938/step) :: Entropy : 0.000 :: Grads : []
540 :: Rewards -89.397 :: steps: 1.00 :: Time: 0.020(0.01953/step) :: Entropy : 0.000 :: Grads : []
550 :: Rewards -91.716 :: steps: 1.00 :: Time: 0.020(0.01955/step) :: Entropy : 0.000 :: Grads : []
560 :: Rewards -94.456 :: steps: 1.00 :: Time: 0.020(0.01991/step) :: Entropy : 0.000 :: Grads : []
570 :: Rewards -97.176 :: steps: 1.00 :: Time: 0.021(0.02074/step) :: Entropy : 0.000 :: Grads : []
580 :: Rewards -99.372 :: steps: 1.00 :: Time: 0.023(0.02285/step) :: Entropy : 0.000 :: Grads : []
590 :: Rewards -102.312 :: steps: 1.00 :: Time: 0.022(0.02175/step) :: Entropy : 0.000 :: Grads : []
600 :: Rewards -104.833 :: steps: 1.00 :: Time: 0.021(0.02133/step) :: Entropy : 0.000 :: Grads : []
610 :: Rewards -107.605 :: steps: 1.00 :: Time: 0.021(0.02114/step) :: Entropy : 0.000 :: Grads : []
620 :: Rewards -111.150 :: steps: 1.00 :: Time: 0.020(0.02030/step) :: Entropy : 0.000 :: Grads : []
630 :: Rewards -115.538 :: steps: 1.00 :: Time: 0.021(0.02075/step) :: Entropy : 0.000 :: Grads : []
640 :: Rewards -121.737 :: steps: 1.00 :: Time: 0.021(0.02051/step) :: Entropy : 0.000 :: Grads : []
650 :: Rewards -127.520 :: steps: 1.00 :: Time: 0.021(0.02083/step) :: Entropy : 0.000 :: Grads : []
660 :: Rewards -131.877 :: steps: 1.00 :: Time: 0.021(0.02084/step) :: Entropy : 0.000 :: Grads : []
670 :: Rewards -137.625 :: steps: 1.00 :: Time: 0.021(0.02083/step) :: Entropy : 0.000 :: Grads : []
680 :: Rewards -144.574 :: steps: 1.00 :: Time: 0.021(0.02110/step) :: Entropy : 0.000 :: Grads : []
690 :: Rewards -152.379 :: steps: 1.00 :: Time: 0.021(0.02094/step) :: Entropy : 0.000 :: Grads : []
700 :: Rewards -158.205 :: steps: 1.00 :: Time: 0.021(0.02141/step) :: Entropy : 0.000 :: Grads : []
710 :: Rewards -163.095 :: steps: 1.00 :: Time: 0.021(0.02109/step) :: Entropy : 0.000 :: Grads : []
720 :: Rewards -167.222 :: steps: 1.00 :: Time: 0.021(0.02113/step) :: Entropy : 0.000 :: Grads : []
730 :: Rewards -173.002 :: steps: 1.00 :: Time: 0.021(0.02124/step) :: Entropy : 0.000 :: Grads : []
740 :: Rewards -177.000 :: steps: 1.00 :: Time: 0.021(0.02136/step) :: Entropy : 0.000 :: Grads : []
750 :: Rewards -182.435 :: steps: 1.00 :: Time: 0.022(0.02161/step) :: Entropy : 0.000 :: Grads : []
760 :: Rewards -186.963 :: steps: 1.00 :: Time: 0.021(0.02137/step) :: Entropy : 0.000 :: Grads : []
770 :: Rewards -191.280 :: steps: 1.00 :: Time: 0.022(0.02173/step) :: Entropy : 0.000 :: Grads : []
780 :: Rewards -193.778 :: steps: 1.00 :: Time: 0.022(0.02197/step) :: Entropy : 0.000 :: Grads : []
790 :: Rewards -197.921 :: steps: 1.00 :: Time: 0.022(0.02211/step) :: Entropy : 0.000 :: Grads : []
800 :: Rewards -201.266 :: steps: 1.00 :: Time: 0.022(0.02234/step) :: Entropy : 0.000 :: Grads : []
810 :: Rewards -202.878 :: steps: 1.00 :: Time: 0.023(0.02260/step) :: Entropy : 0.000 :: Grads : []
820 :: Rewards -204.713 :: steps: 1.00 :: Time: 0.023(0.02252/step) :: Entropy : 0.000 :: Grads : []
830 :: Rewards -207.292 :: steps: 1.00 :: Time: 0.022(0.02241/step) :: Entropy : 0.000 :: Grads : []
840 :: Rewards -208.295 :: steps: 1.00 :: Time: 0.023(0.02262/step) :: Entropy : 0.000 :: Grads : []
850 :: Rewards -208.792 :: steps: 1.00 :: Time: 0.023(0.02277/step) :: Entropy : 0.000 :: Grads : []
860 :: Rewards -209.835 :: steps: 1.00 :: Time: 0.024(0.02446/step) :: Entropy : 0.000 :: Grads : []
870 :: Rewards -212.286 :: steps: 1.00 :: Time: 0.023(0.02277/step) :: Entropy : 0.000 :: Grads : []
880 :: Rewards -214.812 :: steps: 1.00 :: Time: 0.023(0.02272/step) :: Entropy : 0.000 :: Grads : []
890 :: Rewards -217.552 :: steps: 1.00 :: Time: 0.023(0.02296/step) :: Entropy : 0.000 :: Grads : []
900 :: Rewards -221.647 :: steps: 1.00 :: Time: 0.024(0.02413/step) :: Entropy : 0.000 :: Grads : []
910 :: Rewards -225.504 :: steps: 1.00 :: Time: 0.024(0.02369/step) :: Entropy : 0.000 :: Grads : []
920 :: Rewards -230.234 :: steps: 1.00 :: Time: 0.023(0.02332/step) :: Entropy : 0.000 :: Grads : []
930 :: Rewards -235.131 :: steps: 1.00 :: Time: 0.024(0.02421/step) :: Entropy : 0.000 :: Grads : []
940 :: Rewards -240.510 :: steps: 1.00 :: Time: 0.024(0.02433/step) :: Entropy : 0.000 :: Grads : []
950 :: Rewards -245.047 :: steps: 1.00 :: Time: 0.024(0.02367/step) :: Entropy : 0.000 :: Grads : []
960 :: Rewards -250.404 :: steps: 1.00 :: Time: 0.024(0.02395/step) :: Entropy : 0.000 :: Grads : []
970 :: Rewards -256.381 :: steps: 1.00 :: Time: 0.024(0.02400/step) :: Entropy : 0.000 :: Grads : []
980 :: Rewards -260.058 :: steps: 1.00 :: Time: 0.024(0.02396/step) :: Entropy : 0.000 :: Grads : []
990 :: Rewards -262.225 :: steps: 1.00 :: Time: 0.024(0.02386/step) :: Entropy : 0.000 :: Grads : []
999 :: Rewards -265.772 :: steps: 0.90 :: Time: 0.022(0.02434/step) :: Entropy : 0.000 :: Grads : []
Total time taken: 18.672423124313354
