Module path:  Environments.NS_Reco NS_Reco
Dynamically loaded from:  <class 'Environments.NS_Reco.NS_Reco'>
Reward Amplitudes: [4.17022005e-01 7.20324493e-01 1.14374817e-04 3.02332573e-01
 1.46755891e-01] :: Avg 0.317309867282206 
Module path:  Src.Algorithms.OFPG OFPG
Dynamically loaded from:  <class 'Src.Algorithms.OFPG.OFPG'>
=====Configurations=====
 Namespace(NN_basis_dim='32', Policy_basis_dim='32', actor_lr=0.0008539732050307968, algo_name='OFPG', base=0, batch_size=1000, buffer_size=1000, debug=False, delta=1, entropy_lambda=0.042883020256458786, env_name='NS_Reco', experiment='NS_0r_', extrapolator_basis='Fourier', folder_suffix='Default', fourier_coupled=True, fourier_k=7, fourier_order=3, gamma=0.99, gauss_std=1.5, gpu=0, hyper='default', importance_clip=15.0, inc=1, log_output='term_file', max_episodes=1000, max_inner=20, max_steps=500, optim='rmsprop', oracle=-1, raw_basis=True, restore=False, save_count=100, save_model=True, seed=28, speed=0, state_lr=0.001, summary=True, swarm=False, timestamp='5|25|12:1:29')
Actions space: 5 :: State space: 1
State Low: tensor([0.]) :: State High: tensor([1.])
State features:  [('dummy_param', torch.Size([1]))]
Policy:  [('fc1.weight', torch.Size([5, 1])), ('fc1.bias', torch.Size([5]))]
0 :: Rewards -0.422 :: steps: 0.10 :: Time: 0.001(0.00993/step) :: Entropy : 0.000 :: Grads : []
10 :: Rewards -2.886 :: steps: 1.00 :: Time: 0.008(0.00835/step) :: Entropy : 0.000 :: Grads : []
20 :: Rewards -4.177 :: steps: 1.00 :: Time: 0.009(0.00867/step) :: Entropy : 0.000 :: Grads : []
30 :: Rewards -6.352 :: steps: 1.00 :: Time: 0.009(0.00885/step) :: Entropy : 0.000 :: Grads : []
40 :: Rewards -9.573 :: steps: 1.00 :: Time: 0.009(0.00855/step) :: Entropy : 0.000 :: Grads : []
50 :: Rewards -11.215 :: steps: 1.00 :: Time: 0.009(0.00857/step) :: Entropy : 0.000 :: Grads : []
60 :: Rewards -12.240 :: steps: 1.00 :: Time: 0.009(0.00867/step) :: Entropy : 0.000 :: Grads : []
70 :: Rewards -12.540 :: steps: 1.00 :: Time: 0.009(0.00875/step) :: Entropy : 0.000 :: Grads : []
80 :: Rewards -13.866 :: steps: 1.00 :: Time: 0.009(0.00880/step) :: Entropy : 0.000 :: Grads : []
90 :: Rewards -14.167 :: steps: 1.00 :: Time: 0.009(0.00889/step) :: Entropy : 0.000 :: Grads : []
100 :: Rewards -14.167 :: steps: 1.00 :: Time: 0.009(0.00899/step) :: Entropy : 0.000 :: Grads : []
110 :: Rewards -14.167 :: steps: 1.00 :: Time: 0.009(0.00904/step) :: Entropy : 0.000 :: Grads : []
120 :: Rewards -14.461 :: steps: 1.00 :: Time: 0.009(0.00914/step) :: Entropy : 0.000 :: Grads : []
130 :: Rewards -14.764 :: steps: 1.00 :: Time: 0.009(0.00934/step) :: Entropy : 0.000 :: Grads : []
140 :: Rewards -14.764 :: steps: 1.00 :: Time: 0.009(0.00937/step) :: Entropy : 0.000 :: Grads : []
150 :: Rewards -14.764 :: steps: 1.00 :: Time: 0.010(0.00957/step) :: Entropy : 0.000 :: Grads : []
160 :: Rewards -14.764 :: steps: 1.00 :: Time: 0.010(0.00955/step) :: Entropy : 0.000 :: Grads : []
170 :: Rewards -15.063 :: steps: 1.00 :: Time: 0.010(0.00967/step) :: Entropy : 0.000 :: Grads : []
180 :: Rewards -15.063 :: steps: 1.00 :: Time: 0.010(0.00979/step) :: Entropy : 0.000 :: Grads : []
190 :: Rewards -15.063 :: steps: 1.00 :: Time: 0.010(0.00980/step) :: Entropy : 0.000 :: Grads : []
200 :: Rewards -15.483 :: steps: 1.00 :: Time: 0.010(0.00977/step) :: Entropy : 0.000 :: Grads : []
210 :: Rewards -15.483 :: steps: 1.00 :: Time: 0.010(0.00994/step) :: Entropy : 0.000 :: Grads : []
220 :: Rewards -15.483 :: steps: 1.00 :: Time: 0.010(0.01014/step) :: Entropy : 0.000 :: Grads : []
230 :: Rewards -15.483 :: steps: 1.00 :: Time: 0.010(0.01042/step) :: Entropy : 0.000 :: Grads : []
240 :: Rewards -15.483 :: steps: 1.00 :: Time: 0.010(0.01018/step) :: Entropy : 0.000 :: Grads : []
250 :: Rewards -15.483 :: steps: 1.00 :: Time: 0.010(0.01026/step) :: Entropy : 0.000 :: Grads : []
260 :: Rewards -15.483 :: steps: 1.00 :: Time: 0.011(0.01065/step) :: Entropy : 0.000 :: Grads : []
270 :: Rewards -15.483 :: steps: 1.00 :: Time: 0.011(0.01061/step) :: Entropy : 0.000 :: Grads : []
280 :: Rewards -15.483 :: steps: 1.00 :: Time: 0.011(0.01076/step) :: Entropy : 0.000 :: Grads : []
290 :: Rewards -15.483 :: steps: 1.00 :: Time: 0.011(0.01076/step) :: Entropy : 0.000 :: Grads : []
300 :: Rewards -15.483 :: steps: 1.00 :: Time: 0.011(0.01108/step) :: Entropy : 0.000 :: Grads : []
310 :: Rewards -15.483 :: steps: 1.00 :: Time: 0.011(0.01105/step) :: Entropy : 0.000 :: Grads : []
320 :: Rewards -15.483 :: steps: 1.00 :: Time: 0.011(0.01124/step) :: Entropy : 0.000 :: Grads : []
330 :: Rewards -15.483 :: steps: 1.00 :: Time: 0.011(0.01116/step) :: Entropy : 0.000 :: Grads : []
340 :: Rewards -15.483 :: steps: 1.00 :: Time: 0.011(0.01135/step) :: Entropy : 0.000 :: Grads : []
350 :: Rewards -15.483 :: steps: 1.00 :: Time: 0.011(0.01144/step) :: Entropy : 0.000 :: Grads : []
360 :: Rewards -16.303 :: steps: 1.00 :: Time: 0.012(0.01153/step) :: Entropy : 0.000 :: Grads : []
370 :: Rewards -16.303 :: steps: 1.00 :: Time: 0.012(0.01150/step) :: Entropy : 0.000 :: Grads : []
380 :: Rewards -16.729 :: steps: 1.00 :: Time: 0.012(0.01179/step) :: Entropy : 0.000 :: Grads : []
390 :: Rewards -16.729 :: steps: 1.00 :: Time: 0.012(0.01155/step) :: Entropy : 0.000 :: Grads : []
400 :: Rewards -16.729 :: steps: 1.00 :: Time: 0.012(0.01198/step) :: Entropy : 0.000 :: Grads : []
410 :: Rewards -16.729 :: steps: 1.00 :: Time: 0.012(0.01217/step) :: Entropy : 0.000 :: Grads : []
420 :: Rewards -16.729 :: steps: 1.00 :: Time: 0.013(0.01299/step) :: Entropy : 0.000 :: Grads : []
430 :: Rewards -17.172 :: steps: 1.00 :: Time: 0.013(0.01316/step) :: Entropy : 0.000 :: Grads : []
440 :: Rewards -17.590 :: steps: 1.00 :: Time: 0.013(0.01345/step) :: Entropy : 0.000 :: Grads : []
450 :: Rewards -17.590 :: steps: 1.00 :: Time: 0.013(0.01338/step) :: Entropy : 0.000 :: Grads : []
460 :: Rewards -17.590 :: steps: 1.00 :: Time: 0.014(0.01354/step) :: Entropy : 0.000 :: Grads : []
470 :: Rewards -17.590 :: steps: 1.00 :: Time: 0.014(0.01390/step) :: Entropy : 0.000 :: Grads : []
480 :: Rewards -17.590 :: steps: 1.00 :: Time: 0.014(0.01390/step) :: Entropy : 0.000 :: Grads : []
490 :: Rewards -17.590 :: steps: 1.00 :: Time: 0.014(0.01402/step) :: Entropy : 0.000 :: Grads : []
500 :: Rewards -17.590 :: steps: 1.00 :: Time: 0.014(0.01418/step) :: Entropy : 0.000 :: Grads : []
510 :: Rewards -17.590 :: steps: 1.00 :: Time: 0.014(0.01430/step) :: Entropy : 0.000 :: Grads : []
520 :: Rewards -17.590 :: steps: 1.00 :: Time: 0.015(0.01470/step) :: Entropy : 0.000 :: Grads : []
530 :: Rewards -17.590 :: steps: 1.00 :: Time: 0.015(0.01468/step) :: Entropy : 0.000 :: Grads : []
540 :: Rewards -17.999 :: steps: 1.00 :: Time: 0.015(0.01467/step) :: Entropy : 0.000 :: Grads : []
550 :: Rewards -17.999 :: steps: 1.00 :: Time: 0.015(0.01491/step) :: Entropy : 0.000 :: Grads : []
560 :: Rewards -18.414 :: steps: 1.00 :: Time: 0.015(0.01494/step) :: Entropy : 0.000 :: Grads : []
570 :: Rewards -18.414 :: steps: 1.00 :: Time: 0.015(0.01507/step) :: Entropy : 0.000 :: Grads : []
580 :: Rewards -18.829 :: steps: 1.00 :: Time: 0.015(0.01508/step) :: Entropy : 0.000 :: Grads : []
590 :: Rewards -18.829 :: steps: 1.00 :: Time: 0.015(0.01517/step) :: Entropy : 0.000 :: Grads : []
600 :: Rewards -18.829 :: steps: 1.00 :: Time: 0.015(0.01521/step) :: Entropy : 0.000 :: Grads : []
610 :: Rewards -18.829 :: steps: 1.00 :: Time: 0.015(0.01548/step) :: Entropy : 0.000 :: Grads : []
620 :: Rewards -19.247 :: steps: 1.00 :: Time: 0.016(0.01555/step) :: Entropy : 0.000 :: Grads : []
630 :: Rewards -19.247 :: steps: 1.00 :: Time: 0.016(0.01577/step) :: Entropy : 0.000 :: Grads : []
640 :: Rewards -19.247 :: steps: 1.00 :: Time: 0.016(0.01575/step) :: Entropy : 0.000 :: Grads : []
650 :: Rewards -19.247 :: steps: 1.00 :: Time: 0.016(0.01579/step) :: Entropy : 0.000 :: Grads : []
660 :: Rewards -19.247 :: steps: 1.00 :: Time: 0.016(0.01577/step) :: Entropy : 0.000 :: Grads : []
670 :: Rewards -19.247 :: steps: 1.00 :: Time: 0.016(0.01617/step) :: Entropy : 0.000 :: Grads : []
680 :: Rewards -19.247 :: steps: 1.00 :: Time: 0.016(0.01613/step) :: Entropy : 0.000 :: Grads : []
690 :: Rewards -19.247 :: steps: 1.00 :: Time: 0.016(0.01621/step) :: Entropy : 0.000 :: Grads : []
700 :: Rewards -19.247 :: steps: 1.00 :: Time: 0.016(0.01620/step) :: Entropy : 0.000 :: Grads : []
710 :: Rewards -19.648 :: steps: 1.00 :: Time: 0.017(0.01654/step) :: Entropy : 0.000 :: Grads : []
720 :: Rewards -19.648 :: steps: 1.00 :: Time: 0.017(0.01661/step) :: Entropy : 0.000 :: Grads : []
730 :: Rewards -20.066 :: steps: 1.00 :: Time: 0.017(0.01680/step) :: Entropy : 0.000 :: Grads : []
740 :: Rewards -20.066 :: steps: 1.00 :: Time: 0.017(0.01670/step) :: Entropy : 0.000 :: Grads : []
750 :: Rewards -20.066 :: steps: 1.00 :: Time: 0.017(0.01695/step) :: Entropy : 0.000 :: Grads : []
760 :: Rewards -20.066 :: steps: 1.00 :: Time: 0.017(0.01716/step) :: Entropy : 0.000 :: Grads : []
770 :: Rewards -20.482 :: steps: 1.00 :: Time: 0.017(0.01732/step) :: Entropy : 0.000 :: Grads : []
780 :: Rewards -20.482 :: steps: 1.00 :: Time: 0.018(0.01768/step) :: Entropy : 0.000 :: Grads : []
790 :: Rewards -20.482 :: steps: 1.00 :: Time: 0.018(0.01771/step) :: Entropy : 0.000 :: Grads : []
800 :: Rewards -20.911 :: steps: 1.00 :: Time: 0.018(0.01775/step) :: Entropy : 0.000 :: Grads : []
810 :: Rewards -20.911 :: steps: 1.00 :: Time: 0.018(0.01789/step) :: Entropy : 0.000 :: Grads : []
820 :: Rewards -20.911 :: steps: 1.00 :: Time: 0.018(0.01809/step) :: Entropy : 0.000 :: Grads : []
830 :: Rewards -21.335 :: steps: 1.00 :: Time: 0.018(0.01821/step) :: Entropy : 0.000 :: Grads : []
840 :: Rewards -21.335 :: steps: 1.00 :: Time: 0.018(0.01842/step) :: Entropy : 0.000 :: Grads : []
850 :: Rewards -21.753 :: steps: 1.00 :: Time: 0.019(0.01852/step) :: Entropy : 0.000 :: Grads : []
860 :: Rewards -21.753 :: steps: 1.00 :: Time: 0.018(0.01843/step) :: Entropy : 0.000 :: Grads : []
870 :: Rewards -21.753 :: steps: 1.00 :: Time: 0.019(0.01874/step) :: Entropy : 0.000 :: Grads : []
880 :: Rewards -21.753 :: steps: 1.00 :: Time: 0.019(0.01878/step) :: Entropy : 0.000 :: Grads : []
890 :: Rewards -21.753 :: steps: 1.00 :: Time: 0.019(0.01890/step) :: Entropy : 0.000 :: Grads : []
900 :: Rewards -21.753 :: steps: 1.00 :: Time: 0.019(0.01891/step) :: Entropy : 0.000 :: Grads : []
910 :: Rewards -22.177 :: steps: 1.00 :: Time: 0.019(0.01877/step) :: Entropy : 0.000 :: Grads : []
920 :: Rewards -22.177 :: steps: 1.00 :: Time: 0.019(0.01898/step) :: Entropy : 0.000 :: Grads : []
930 :: Rewards -22.177 :: steps: 1.00 :: Time: 0.019(0.01875/step) :: Entropy : 0.000 :: Grads : []
940 :: Rewards -22.177 :: steps: 1.00 :: Time: 0.019(0.01908/step) :: Entropy : 0.000 :: Grads : []
950 :: Rewards -22.177 :: steps: 1.00 :: Time: 0.020(0.02042/step) :: Entropy : 0.000 :: Grads : []
960 :: Rewards -22.588 :: steps: 1.00 :: Time: 0.019(0.01915/step) :: Entropy : 0.000 :: Grads : []
970 :: Rewards -22.588 :: steps: 1.00 :: Time: 0.019(0.01927/step) :: Entropy : 0.000 :: Grads : []
980 :: Rewards -23.012 :: steps: 1.00 :: Time: 0.020(0.01972/step) :: Entropy : 0.000 :: Grads : []
990 :: Rewards -23.012 :: steps: 1.00 :: Time: 0.020(0.01974/step) :: Entropy : 0.000 :: Grads : []
999 :: Rewards -23.012 :: steps: 0.90 :: Time: 0.018(0.01959/step) :: Entropy : 0.000 :: Grads : []
Total time taken: 13.991299152374268
