Module path:  Environments.NS_Reco NS_Reco
Dynamically loaded from:  <class 'Environments.NS_Reco.NS_Reco'>
Reward Amplitudes: [4.17022005e-01 7.20324493e-01 1.14374817e-04 3.02332573e-01
 1.46755891e-01] :: Avg 0.317309867282206 
Module path:  Src.Algorithms.ProWLS ProWLS
Dynamically loaded from:  <class 'Src.Algorithms.ProWLS.ProWLS'>
=====Configurations=====
 Namespace(NN_basis_dim='32', Policy_basis_dim='32', actor_lr=0.0017966647558361548, algo_name='ProWLS', base=0, batch_size=1000, buffer_size=1000, debug=False, delta=1, entropy_lambda=0.006997441955638448, env_name='NS_Reco', experiment='NS_1_', extrapolator_basis='Fourier', folder_suffix='Default', fourier_coupled=True, fourier_k=3, fourier_order=3, gamma=0.99, gauss_std=1.5, gpu=0, hyper='default', importance_clip=10.0, inc=1, log_output='term_file', max_episodes=1000, max_inner=30, max_steps=500, optim='rmsprop', oracle=-1, raw_basis=True, restore=False, save_count=100, save_model=True, seed=24, speed=1, state_lr=0.001, summary=True, swarm=False, timestamp='5|24|21:44:18')
Actions space: 5 :: State space: 1
State Low: tensor([0.]) :: State High: tensor([1.])
State features:  [('dummy_param', torch.Size([1]))]
Policy:  [('fc1.weight', torch.Size([5, 1])), ('fc1.bias', torch.Size([5]))]
0 :: Rewards -0.007 :: steps: 0.10 :: Time: 0.000(0.00108/step) :: Entropy : 0.000 :: Grads : []
10 :: Rewards 0.007 :: steps: 1.00 :: Time: 0.014(0.01371/step) :: Entropy : 0.000 :: Grads : []
20 :: Rewards 0.205 :: steps: 1.00 :: Time: 0.017(0.01709/step) :: Entropy : 0.000 :: Grads : []
30 :: Rewards 0.505 :: steps: 1.00 :: Time: 0.017(0.01744/step) :: Entropy : 0.000 :: Grads : []
40 :: Rewards 1.157 :: steps: 1.00 :: Time: 0.017(0.01697/step) :: Entropy : 0.000 :: Grads : []
50 :: Rewards 2.251 :: steps: 1.00 :: Time: 0.017(0.01688/step) :: Entropy : 0.000 :: Grads : []
60 :: Rewards 3.588 :: steps: 1.00 :: Time: 0.017(0.01697/step) :: Entropy : 0.000 :: Grads : []
70 :: Rewards 4.705 :: steps: 1.00 :: Time: 0.017(0.01722/step) :: Entropy : 0.000 :: Grads : []
80 :: Rewards 6.479 :: steps: 1.00 :: Time: 0.017(0.01744/step) :: Entropy : 0.000 :: Grads : []
90 :: Rewards 8.617 :: steps: 1.00 :: Time: 0.018(0.01785/step) :: Entropy : 0.000 :: Grads : []
100 :: Rewards 10.784 :: steps: 1.00 :: Time: 0.019(0.01879/step) :: Entropy : 0.000 :: Grads : []
110 :: Rewards 13.167 :: steps: 1.00 :: Time: 0.018(0.01844/step) :: Entropy : 0.000 :: Grads : []
120 :: Rewards 16.080 :: steps: 1.00 :: Time: 0.019(0.01903/step) :: Entropy : 0.000 :: Grads : []
130 :: Rewards 19.049 :: steps: 1.00 :: Time: 0.021(0.02075/step) :: Entropy : 0.000 :: Grads : []
140 :: Rewards 22.382 :: steps: 1.00 :: Time: 0.019(0.01921/step) :: Entropy : 0.000 :: Grads : []
150 :: Rewards 25.947 :: steps: 1.00 :: Time: 0.020(0.01964/step) :: Entropy : 0.000 :: Grads : []
160 :: Rewards 29.249 :: steps: 1.00 :: Time: 0.020(0.01975/step) :: Entropy : 0.000 :: Grads : []
170 :: Rewards 33.262 :: steps: 1.00 :: Time: 0.020(0.02007/step) :: Entropy : 0.000 :: Grads : []
180 :: Rewards 37.098 :: steps: 1.00 :: Time: 0.020(0.02044/step) :: Entropy : 0.000 :: Grads : []
190 :: Rewards 41.131 :: steps: 1.00 :: Time: 0.021(0.02142/step) :: Entropy : 0.000 :: Grads : []
200 :: Rewards 45.261 :: steps: 1.00 :: Time: 0.022(0.02176/step) :: Entropy : 0.000 :: Grads : []
210 :: Rewards 49.593 :: steps: 1.00 :: Time: 0.022(0.02249/step) :: Entropy : 0.000 :: Grads : []
220 :: Rewards 54.259 :: steps: 1.00 :: Time: 0.023(0.02326/step) :: Entropy : 0.000 :: Grads : []
230 :: Rewards 59.454 :: steps: 1.00 :: Time: 0.024(0.02378/step) :: Entropy : 0.000 :: Grads : []
240 :: Rewards 64.845 :: steps: 1.00 :: Time: 0.024(0.02438/step) :: Entropy : 0.000 :: Grads : []
250 :: Rewards 70.023 :: steps: 1.00 :: Time: 0.025(0.02479/step) :: Entropy : 0.000 :: Grads : []
260 :: Rewards 75.732 :: steps: 1.00 :: Time: 0.025(0.02540/step) :: Entropy : 0.000 :: Grads : []
270 :: Rewards 81.599 :: steps: 1.00 :: Time: 0.026(0.02576/step) :: Entropy : 0.000 :: Grads : []
280 :: Rewards 86.068 :: steps: 1.00 :: Time: 0.026(0.02598/step) :: Entropy : 0.000 :: Grads : []
290 :: Rewards 92.191 :: steps: 1.00 :: Time: 0.026(0.02632/step) :: Entropy : 0.000 :: Grads : []
300 :: Rewards 98.442 :: steps: 1.00 :: Time: 0.026(0.02643/step) :: Entropy : 0.000 :: Grads : []
310 :: Rewards 104.843 :: steps: 1.00 :: Time: 0.027(0.02673/step) :: Entropy : 0.000 :: Grads : []
320 :: Rewards 111.012 :: steps: 1.00 :: Time: 0.027(0.02732/step) :: Entropy : 0.000 :: Grads : []
330 :: Rewards 117.299 :: steps: 1.00 :: Time: 0.028(0.02774/step) :: Entropy : 0.000 :: Grads : []
340 :: Rewards 124.033 :: steps: 1.00 :: Time: 0.028(0.02807/step) :: Entropy : 0.000 :: Grads : []
350 :: Rewards 130.843 :: steps: 1.00 :: Time: 0.029(0.02902/step) :: Entropy : 0.000 :: Grads : []
360 :: Rewards 137.700 :: steps: 1.00 :: Time: 0.030(0.03016/step) :: Entropy : 0.000 :: Grads : []
370 :: Rewards 144.621 :: steps: 1.00 :: Time: 0.031(0.03051/step) :: Entropy : 0.000 :: Grads : []
380 :: Rewards 150.954 :: steps: 1.00 :: Time: 0.032(0.03156/step) :: Entropy : 0.000 :: Grads : []
390 :: Rewards 158.043 :: steps: 1.00 :: Time: 0.032(0.03158/step) :: Entropy : 0.000 :: Grads : []
400 :: Rewards 163.675 :: steps: 1.00 :: Time: 0.032(0.03209/step) :: Entropy : 0.000 :: Grads : []
410 :: Rewards 170.821 :: steps: 1.00 :: Time: 0.033(0.03279/step) :: Entropy : 0.000 :: Grads : []
420 :: Rewards 177.363 :: steps: 1.00 :: Time: 0.033(0.03345/step) :: Entropy : 0.000 :: Grads : []
430 :: Rewards 184.571 :: steps: 1.00 :: Time: 0.033(0.03344/step) :: Entropy : 0.000 :: Grads : []
440 :: Rewards 191.762 :: steps: 1.00 :: Time: 0.034(0.03367/step) :: Entropy : 0.000 :: Grads : []
450 :: Rewards 198.983 :: steps: 1.00 :: Time: 0.034(0.03431/step) :: Entropy : 0.000 :: Grads : []
460 :: Rewards 206.159 :: steps: 1.00 :: Time: 0.035(0.03507/step) :: Entropy : 0.000 :: Grads : []
470 :: Rewards 213.330 :: steps: 1.00 :: Time: 0.036(0.03586/step) :: Entropy : 0.000 :: Grads : []
480 :: Rewards 220.145 :: steps: 1.00 :: Time: 0.038(0.03806/step) :: Entropy : 0.000 :: Grads : []
490 :: Rewards 226.944 :: steps: 1.00 :: Time: 0.041(0.04089/step) :: Entropy : 0.000 :: Grads : []
500 :: Rewards 233.182 :: steps: 1.00 :: Time: 0.047(0.04664/step) :: Entropy : 0.000 :: Grads : []
510 :: Rewards 238.546 :: steps: 1.00 :: Time: 0.039(0.03875/step) :: Entropy : 0.000 :: Grads : []
520 :: Rewards 245.059 :: steps: 1.00 :: Time: 0.039(0.03908/step) :: Entropy : 0.000 :: Grads : []
530 :: Rewards 251.235 :: steps: 1.00 :: Time: 0.039(0.03945/step) :: Entropy : 0.000 :: Grads : []
540 :: Rewards 258.021 :: steps: 1.00 :: Time: 0.040(0.04008/step) :: Entropy : 0.000 :: Grads : []
550 :: Rewards 264.675 :: steps: 1.00 :: Time: 0.041(0.04101/step) :: Entropy : 0.000 :: Grads : []
560 :: Rewards 271.292 :: steps: 1.00 :: Time: 0.041(0.04150/step) :: Entropy : 0.000 :: Grads : []
570 :: Rewards 277.757 :: steps: 1.00 :: Time: 0.043(0.04257/step) :: Entropy : 0.000 :: Grads : []
580 :: Rewards 283.613 :: steps: 1.00 :: Time: 0.044(0.04364/step) :: Entropy : 0.000 :: Grads : []
590 :: Rewards 289.875 :: steps: 1.00 :: Time: 0.045(0.04458/step) :: Entropy : 0.000 :: Grads : []
600 :: Rewards 295.389 :: steps: 1.00 :: Time: 0.048(0.04820/step) :: Entropy : 0.000 :: Grads : []
610 :: Rewards 301.364 :: steps: 1.00 :: Time: 0.045(0.04547/step) :: Entropy : 0.000 :: Grads : []
620 :: Rewards 307.185 :: steps: 1.00 :: Time: 0.046(0.04611/step) :: Entropy : 0.000 :: Grads : []
630 :: Rewards 312.799 :: steps: 1.00 :: Time: 0.047(0.04702/step) :: Entropy : 0.000 :: Grads : []
640 :: Rewards 318.326 :: steps: 1.00 :: Time: 0.048(0.04799/step) :: Entropy : 0.000 :: Grads : []
650 :: Rewards 323.238 :: steps: 1.00 :: Time: 0.049(0.04937/step) :: Entropy : 0.000 :: Grads : []
660 :: Rewards 328.171 :: steps: 1.00 :: Time: 0.051(0.05111/step) :: Entropy : 0.000 :: Grads : []
670 :: Rewards 332.990 :: steps: 1.00 :: Time: 0.052(0.05184/step) :: Entropy : 0.000 :: Grads : []
680 :: Rewards 337.806 :: steps: 1.00 :: Time: 0.054(0.05392/step) :: Entropy : 0.000 :: Grads : []
690 :: Rewards 342.425 :: steps: 1.00 :: Time: 0.054(0.05392/step) :: Entropy : 0.000 :: Grads : []
700 :: Rewards 346.796 :: steps: 1.00 :: Time: 0.055(0.05534/step) :: Entropy : 0.000 :: Grads : []
710 :: Rewards 350.951 :: steps: 1.00 :: Time: 0.056(0.05584/step) :: Entropy : 0.000 :: Grads : []
720 :: Rewards 354.927 :: steps: 1.00 :: Time: 0.057(0.05672/step) :: Entropy : 0.000 :: Grads : []
730 :: Rewards 358.673 :: steps: 1.00 :: Time: 0.058(0.05845/step) :: Entropy : 0.000 :: Grads : []
740 :: Rewards 362.242 :: steps: 1.00 :: Time: 0.060(0.05984/step) :: Entropy : 0.000 :: Grads : []
750 :: Rewards 365.682 :: steps: 1.00 :: Time: 0.061(0.06148/step) :: Entropy : 0.000 :: Grads : []
760 :: Rewards 368.803 :: steps: 1.00 :: Time: 0.064(0.06416/step) :: Entropy : 0.000 :: Grads : []
770 :: Rewards 371.739 :: steps: 1.00 :: Time: 0.064(0.06394/step) :: Entropy : 0.000 :: Grads : []
780 :: Rewards 375.123 :: steps: 1.00 :: Time: 0.064(0.06447/step) :: Entropy : 0.000 :: Grads : []
790 :: Rewards 378.591 :: steps: 1.00 :: Time: 0.066(0.06625/step) :: Entropy : 0.000 :: Grads : []
800 :: Rewards 381.882 :: steps: 1.00 :: Time: 0.068(0.06784/step) :: Entropy : 0.000 :: Grads : []
810 :: Rewards 384.820 :: steps: 1.00 :: Time: 0.072(0.07169/step) :: Entropy : 0.000 :: Grads : []
820 :: Rewards 388.084 :: steps: 1.00 :: Time: 0.072(0.07178/step) :: Entropy : 0.000 :: Grads : []
830 :: Rewards 391.110 :: steps: 1.00 :: Time: 0.073(0.07344/step) :: Entropy : 0.000 :: Grads : []
840 :: Rewards 394.224 :: steps: 1.00 :: Time: 0.073(0.07313/step) :: Entropy : 0.000 :: Grads : []
850 :: Rewards 397.291 :: steps: 1.00 :: Time: 0.074(0.07355/step) :: Entropy : 0.000 :: Grads : []
860 :: Rewards 400.309 :: steps: 1.00 :: Time: 0.076(0.07600/step) :: Entropy : 0.000 :: Grads : []
870 :: Rewards 403.180 :: steps: 1.00 :: Time: 0.077(0.07726/step) :: Entropy : 0.000 :: Grads : []
880 :: Rewards 406.009 :: steps: 1.00 :: Time: 0.081(0.08119/step) :: Entropy : 0.000 :: Grads : []
890 :: Rewards 408.742 :: steps: 1.00 :: Time: 0.084(0.08367/step) :: Entropy : 0.000 :: Grads : []
900 :: Rewards 411.339 :: steps: 1.00 :: Time: 0.085(0.08514/step) :: Entropy : 0.000 :: Grads : []
910 :: Rewards 413.816 :: steps: 1.00 :: Time: 0.085(0.08520/step) :: Entropy : 0.000 :: Grads : []
920 :: Rewards 416.239 :: steps: 1.00 :: Time: 0.088(0.08759/step) :: Entropy : 0.000 :: Grads : []
930 :: Rewards 418.604 :: steps: 1.00 :: Time: 0.090(0.09021/step) :: Entropy : 0.000 :: Grads : []
940 :: Rewards 420.875 :: steps: 1.00 :: Time: 0.089(0.08915/step) :: Entropy : 0.000 :: Grads : []
950 :: Rewards 423.019 :: steps: 1.00 :: Time: 0.093(0.09290/step) :: Entropy : 0.000 :: Grads : []
960 :: Rewards 425.058 :: steps: 1.00 :: Time: 0.094(0.09446/step) :: Entropy : 0.000 :: Grads : []
970 :: Rewards 426.978 :: steps: 1.00 :: Time: 0.096(0.09573/step) :: Entropy : 0.000 :: Grads : []
980 :: Rewards 428.834 :: steps: 1.00 :: Time: 0.099(0.09918/step) :: Entropy : 0.000 :: Grads : []
990 :: Rewards 430.589 :: steps: 1.00 :: Time: 0.099(0.09907/step) :: Entropy : 0.000 :: Grads : []
999 :: Rewards 432.049 :: steps: 0.90 :: Time: 0.094(0.10405/step) :: Entropy : 0.000 :: Grads : []
Total time taken: 45.189131021499634
