Module path:  Environments.NS_Reco NS_Reco
Dynamically loaded from:  <class 'Environments.NS_Reco.NS_Reco'>
Reward Amplitudes: [4.17022005e-01 7.20324493e-01 1.14374817e-04 3.02332573e-01
 1.46755891e-01] :: Avg 0.317309867282206 
Module path:  Src.Algorithms.ONPG ONPG
Dynamically loaded from:  <class 'Src.Algorithms.ONPG.ONPG'>
=====Configurations=====
 Namespace(NN_basis_dim='32', Policy_basis_dim='32', actor_lr=0.009763971172325225, algo_name='ONPG', base=0, batch_size=1000, buffer_size=1000, debug=False, delta=5, entropy_lambda=0.08923394226237882, env_name='NS_Reco', experiment='NS_2_', extrapolator_basis='Fourier', folder_suffix='Default', fourier_coupled=True, fourier_k=7, fourier_order=3, gamma=0.99, gauss_std=1.5, gpu=0, hyper='default', importance_clip=15.0, inc=1, log_output='term_file', max_episodes=1000, max_inner=150, max_steps=500, optim='rmsprop', oracle=-1, raw_basis=True, restore=False, save_count=100, save_model=True, seed=28, speed=2, state_lr=0.001, summary=True, swarm=False, timestamp='5|24|17:45:28')
Actions space: 5 :: State space: 1
State Low: tensor([0.]) :: State High: tensor([1.])
State features:  [('dummy_param', torch.Size([1]))]
Policy:  [('fc1.weight', torch.Size([5, 1])), ('fc1.bias', torch.Size([5]))]
0 :: Rewards -0.003 :: steps: 0.10 :: Time: 0.000(0.00062/step) :: Entropy : 0.000 :: Grads : []
10 :: Rewards 0.136 :: steps: 1.00 :: Time: 0.001(0.00062/step) :: Entropy : 0.000 :: Grads : []
20 :: Rewards 0.386 :: steps: 1.00 :: Time: 0.000(0.00049/step) :: Entropy : 0.000 :: Grads : []
30 :: Rewards 0.862 :: steps: 1.00 :: Time: 0.001(0.00053/step) :: Entropy : 0.000 :: Grads : []
40 :: Rewards 1.588 :: steps: 1.00 :: Time: 0.001(0.00052/step) :: Entropy : 0.000 :: Grads : []
50 :: Rewards 2.335 :: steps: 1.00 :: Time: 0.001(0.00051/step) :: Entropy : 0.000 :: Grads : []
60 :: Rewards 3.119 :: steps: 1.00 :: Time: 0.001(0.00051/step) :: Entropy : 0.000 :: Grads : []
70 :: Rewards 5.152 :: steps: 1.00 :: Time: 0.001(0.00050/step) :: Entropy : 0.000 :: Grads : []
80 :: Rewards 7.756 :: steps: 1.00 :: Time: 0.001(0.00050/step) :: Entropy : 0.000 :: Grads : []
90 :: Rewards 11.030 :: steps: 1.00 :: Time: 0.000(0.00050/step) :: Entropy : 0.000 :: Grads : []
100 :: Rewards 14.103 :: steps: 1.00 :: Time: 0.001(0.00050/step) :: Entropy : 0.000 :: Grads : []
110 :: Rewards 17.498 :: steps: 1.00 :: Time: 0.000(0.00050/step) :: Entropy : 0.000 :: Grads : []
120 :: Rewards 21.765 :: steps: 1.00 :: Time: 0.000(0.00050/step) :: Entropy : 0.000 :: Grads : []
130 :: Rewards 27.419 :: steps: 1.00 :: Time: 0.001(0.00051/step) :: Entropy : 0.000 :: Grads : []
140 :: Rewards 32.738 :: steps: 1.00 :: Time: 0.000(0.00050/step) :: Entropy : 0.000 :: Grads : []
150 :: Rewards 38.960 :: steps: 1.00 :: Time: 0.000(0.00049/step) :: Entropy : 0.000 :: Grads : []
160 :: Rewards 44.972 :: steps: 1.00 :: Time: 0.000(0.00049/step) :: Entropy : 0.000 :: Grads : []
170 :: Rewards 51.168 :: steps: 1.00 :: Time: 0.000(0.00049/step) :: Entropy : 0.000 :: Grads : []
180 :: Rewards 57.562 :: steps: 1.00 :: Time: 0.000(0.00049/step) :: Entropy : 0.000 :: Grads : []
190 :: Rewards 64.548 :: steps: 1.00 :: Time: 0.000(0.00049/step) :: Entropy : 0.000 :: Grads : []
200 :: Rewards 70.420 :: steps: 1.00 :: Time: 0.000(0.00050/step) :: Entropy : 0.000 :: Grads : []
210 :: Rewards 76.639 :: steps: 1.00 :: Time: 0.000(0.00049/step) :: Entropy : 0.000 :: Grads : []
220 :: Rewards 83.850 :: steps: 1.00 :: Time: 0.000(0.00049/step) :: Entropy : 0.000 :: Grads : []
230 :: Rewards 91.009 :: steps: 1.00 :: Time: 0.000(0.00049/step) :: Entropy : 0.000 :: Grads : []
240 :: Rewards 98.149 :: steps: 1.00 :: Time: 0.000(0.00049/step) :: Entropy : 0.000 :: Grads : []
250 :: Rewards 105.226 :: steps: 1.00 :: Time: 0.000(0.00049/step) :: Entropy : 0.000 :: Grads : []
260 :: Rewards 112.132 :: steps: 1.00 :: Time: 0.000(0.00049/step) :: Entropy : 0.000 :: Grads : []
270 :: Rewards 118.970 :: steps: 1.00 :: Time: 0.000(0.00050/step) :: Entropy : 0.000 :: Grads : []
280 :: Rewards 125.324 :: steps: 1.00 :: Time: 0.000(0.00049/step) :: Entropy : 0.000 :: Grads : []
290 :: Rewards 131.755 :: steps: 1.00 :: Time: 0.000(0.00049/step) :: Entropy : 0.000 :: Grads : []
300 :: Rewards 137.734 :: steps: 1.00 :: Time: 0.000(0.00049/step) :: Entropy : 0.000 :: Grads : []
310 :: Rewards 143.624 :: steps: 1.00 :: Time: 0.000(0.00049/step) :: Entropy : 0.000 :: Grads : []
320 :: Rewards 149.199 :: steps: 1.00 :: Time: 0.000(0.00049/step) :: Entropy : 0.000 :: Grads : []
330 :: Rewards 154.395 :: steps: 1.00 :: Time: 0.000(0.00049/step) :: Entropy : 0.000 :: Grads : []
340 :: Rewards 159.309 :: steps: 1.00 :: Time: 0.000(0.00050/step) :: Entropy : 0.000 :: Grads : []
350 :: Rewards 163.686 :: steps: 1.00 :: Time: 0.000(0.00049/step) :: Entropy : 0.000 :: Grads : []
360 :: Rewards 167.742 :: steps: 1.00 :: Time: 0.000(0.00049/step) :: Entropy : 0.000 :: Grads : []
370 :: Rewards 171.380 :: steps: 1.00 :: Time: 0.001(0.00052/step) :: Entropy : 0.000 :: Grads : []
380 :: Rewards 174.561 :: steps: 1.00 :: Time: 0.000(0.00050/step) :: Entropy : 0.000 :: Grads : []
390 :: Rewards 177.265 :: steps: 1.00 :: Time: 0.000(0.00049/step) :: Entropy : 0.000 :: Grads : []
400 :: Rewards 179.228 :: steps: 1.00 :: Time: 0.000(0.00049/step) :: Entropy : 0.000 :: Grads : []
410 :: Rewards 181.205 :: steps: 1.00 :: Time: 0.000(0.00050/step) :: Entropy : 0.000 :: Grads : []
420 :: Rewards 182.359 :: steps: 1.00 :: Time: 0.000(0.00049/step) :: Entropy : 0.000 :: Grads : []
430 :: Rewards 183.245 :: steps: 1.00 :: Time: 0.000(0.00049/step) :: Entropy : 0.000 :: Grads : []
440 :: Rewards 183.921 :: steps: 1.00 :: Time: 0.000(0.00049/step) :: Entropy : 0.000 :: Grads : []
450 :: Rewards 184.848 :: steps: 1.00 :: Time: 0.000(0.00049/step) :: Entropy : 0.000 :: Grads : []
460 :: Rewards 184.884 :: steps: 1.00 :: Time: 0.000(0.00049/step) :: Entropy : 0.000 :: Grads : []
470 :: Rewards 184.411 :: steps: 1.00 :: Time: 0.000(0.00049/step) :: Entropy : 0.000 :: Grads : []
480 :: Rewards 184.190 :: steps: 1.00 :: Time: 0.000(0.00050/step) :: Entropy : 0.000 :: Grads : []
490 :: Rewards 183.749 :: steps: 1.00 :: Time: 0.000(0.00049/step) :: Entropy : 0.000 :: Grads : []
500 :: Rewards 183.957 :: steps: 1.00 :: Time: 0.000(0.00049/step) :: Entropy : 0.000 :: Grads : []
510 :: Rewards 183.837 :: steps: 1.00 :: Time: 0.000(0.00049/step) :: Entropy : 0.000 :: Grads : []
520 :: Rewards 184.895 :: steps: 1.00 :: Time: 0.000(0.00049/step) :: Entropy : 0.000 :: Grads : []
530 :: Rewards 184.399 :: steps: 1.00 :: Time: 0.000(0.00049/step) :: Entropy : 0.000 :: Grads : []
540 :: Rewards 183.627 :: steps: 1.00 :: Time: 0.000(0.00049/step) :: Entropy : 0.000 :: Grads : []
550 :: Rewards 183.043 :: steps: 1.00 :: Time: 0.000(0.00050/step) :: Entropy : 0.000 :: Grads : []
560 :: Rewards 182.936 :: steps: 1.00 :: Time: 0.000(0.00049/step) :: Entropy : 0.000 :: Grads : []
570 :: Rewards 183.524 :: steps: 1.00 :: Time: 0.000(0.00049/step) :: Entropy : 0.000 :: Grads : []
580 :: Rewards 183.101 :: steps: 1.00 :: Time: 0.000(0.00049/step) :: Entropy : 0.000 :: Grads : []
590 :: Rewards 183.089 :: steps: 1.00 :: Time: 0.000(0.00049/step) :: Entropy : 0.000 :: Grads : []
600 :: Rewards 183.252 :: steps: 1.00 :: Time: 0.000(0.00049/step) :: Entropy : 0.000 :: Grads : []
610 :: Rewards 183.288 :: steps: 1.00 :: Time: 0.000(0.00049/step) :: Entropy : 0.000 :: Grads : []
620 :: Rewards 183.259 :: steps: 1.00 :: Time: 0.001(0.00050/step) :: Entropy : 0.000 :: Grads : []
630 :: Rewards 182.295 :: steps: 1.00 :: Time: 0.000(0.00050/step) :: Entropy : 0.000 :: Grads : []
640 :: Rewards 181.464 :: steps: 1.00 :: Time: 0.000(0.00049/step) :: Entropy : 0.000 :: Grads : []
650 :: Rewards 181.556 :: steps: 1.00 :: Time: 0.000(0.00049/step) :: Entropy : 0.000 :: Grads : []
660 :: Rewards 181.241 :: steps: 1.00 :: Time: 0.000(0.00049/step) :: Entropy : 0.000 :: Grads : []
670 :: Rewards 181.074 :: steps: 1.00 :: Time: 0.000(0.00049/step) :: Entropy : 0.000 :: Grads : []
680 :: Rewards 180.767 :: steps: 1.00 :: Time: 0.000(0.00049/step) :: Entropy : 0.000 :: Grads : []
690 :: Rewards 180.587 :: steps: 1.00 :: Time: 0.000(0.00050/step) :: Entropy : 0.000 :: Grads : []
700 :: Rewards 179.414 :: steps: 1.00 :: Time: 0.000(0.00049/step) :: Entropy : 0.000 :: Grads : []
710 :: Rewards 177.985 :: steps: 1.00 :: Time: 0.000(0.00049/step) :: Entropy : 0.000 :: Grads : []
720 :: Rewards 178.036 :: steps: 1.00 :: Time: 0.000(0.00049/step) :: Entropy : 0.000 :: Grads : []
730 :: Rewards 178.086 :: steps: 1.00 :: Time: 0.000(0.00049/step) :: Entropy : 0.000 :: Grads : []
740 :: Rewards 177.540 :: steps: 1.00 :: Time: 0.000(0.00049/step) :: Entropy : 0.000 :: Grads : []
750 :: Rewards 177.172 :: steps: 1.00 :: Time: 0.000(0.00049/step) :: Entropy : 0.000 :: Grads : []
760 :: Rewards 176.863 :: steps: 1.00 :: Time: 0.000(0.00050/step) :: Entropy : 0.000 :: Grads : []
770 :: Rewards 176.265 :: steps: 1.00 :: Time: 0.000(0.00049/step) :: Entropy : 0.000 :: Grads : []
780 :: Rewards 175.870 :: steps: 1.00 :: Time: 0.000(0.00049/step) :: Entropy : 0.000 :: Grads : []
790 :: Rewards 175.459 :: steps: 1.00 :: Time: 0.000(0.00049/step) :: Entropy : 0.000 :: Grads : []
800 :: Rewards 174.209 :: steps: 1.00 :: Time: 0.000(0.00049/step) :: Entropy : 0.000 :: Grads : []
810 :: Rewards 173.211 :: steps: 1.00 :: Time: 0.000(0.00049/step) :: Entropy : 0.000 :: Grads : []
820 :: Rewards 173.038 :: steps: 1.00 :: Time: 0.000(0.00049/step) :: Entropy : 0.000 :: Grads : []
830 :: Rewards 172.816 :: steps: 1.00 :: Time: 0.000(0.00050/step) :: Entropy : 0.000 :: Grads : []
840 :: Rewards 172.327 :: steps: 1.00 :: Time: 0.000(0.00049/step) :: Entropy : 0.000 :: Grads : []
850 :: Rewards 172.100 :: steps: 1.00 :: Time: 0.000(0.00049/step) :: Entropy : 0.000 :: Grads : []
860 :: Rewards 171.763 :: steps: 1.00 :: Time: 0.000(0.00049/step) :: Entropy : 0.000 :: Grads : []
870 :: Rewards 171.265 :: steps: 1.00 :: Time: 0.000(0.00049/step) :: Entropy : 0.000 :: Grads : []
880 :: Rewards 169.572 :: steps: 1.00 :: Time: 0.000(0.00049/step) :: Entropy : 0.000 :: Grads : []
890 :: Rewards 168.282 :: steps: 1.00 :: Time: 0.000(0.00049/step) :: Entropy : 0.000 :: Grads : []
900 :: Rewards 167.951 :: steps: 1.00 :: Time: 0.000(0.00050/step) :: Entropy : 0.000 :: Grads : []
910 :: Rewards 167.266 :: steps: 1.00 :: Time: 0.000(0.00049/step) :: Entropy : 0.000 :: Grads : []
920 :: Rewards 166.673 :: steps: 1.00 :: Time: 0.001(0.00051/step) :: Entropy : 0.000 :: Grads : []
930 :: Rewards 166.385 :: steps: 1.00 :: Time: 0.001(0.00053/step) :: Entropy : 0.000 :: Grads : []
940 :: Rewards 166.070 :: steps: 1.00 :: Time: 0.000(0.00049/step) :: Entropy : 0.000 :: Grads : []
950 :: Rewards 165.196 :: steps: 1.00 :: Time: 0.000(0.00049/step) :: Entropy : 0.000 :: Grads : []
960 :: Rewards 165.073 :: steps: 1.00 :: Time: 0.000(0.00049/step) :: Entropy : 0.000 :: Grads : []
970 :: Rewards 164.089 :: steps: 1.00 :: Time: 0.000(0.00050/step) :: Entropy : 0.000 :: Grads : []
980 :: Rewards 163.515 :: steps: 1.00 :: Time: 0.000(0.00049/step) :: Entropy : 0.000 :: Grads : []
990 :: Rewards 163.537 :: steps: 1.00 :: Time: 0.000(0.00049/step) :: Entropy : 0.000 :: Grads : []
999 :: Rewards 163.292 :: steps: 0.90 :: Time: 0.000(0.00054/step) :: Entropy : 0.000 :: Grads : []
Total time taken: 0.5282537937164307
