Module path:  Environments.NS_Reco NS_Reco
Dynamically loaded from:  <class 'Environments.NS_Reco.NS_Reco'>
Reward Amplitudes: [4.17022005e-01 7.20324493e-01 1.14374817e-04 3.02332573e-01
 1.46755891e-01] :: Avg 0.317309867282206 
Module path:  Src.Algorithms.ONPG ONPG
Dynamically loaded from:  <class 'Src.Algorithms.ONPG.ONPG'>
=====Configurations=====
 Namespace(NN_basis_dim='32', Policy_basis_dim='32', actor_lr=0.009763971172325225, algo_name='ONPG', base=0, batch_size=1000, buffer_size=1000, debug=False, delta=5, entropy_lambda=0.08923394226237882, env_name='NS_Reco', experiment='NS_2r_', extrapolator_basis='Fourier', folder_suffix='Default', fourier_coupled=True, fourier_k=7, fourier_order=3, gamma=0.99, gauss_std=1.5, gpu=0, hyper='default', importance_clip=15.0, inc=1, log_output='term_file', max_episodes=1000, max_inner=150, max_steps=500, optim='rmsprop', oracle=-1, raw_basis=True, restore=False, save_count=100, save_model=True, seed=14, speed=2, state_lr=0.001, summary=True, swarm=False, timestamp='5|25|11:22:34')
Actions space: 5 :: State space: 1
State Low: tensor([0.]) :: State High: tensor([1.])
State features:  [('dummy_param', torch.Size([1]))]
Policy:  [('fc1.weight', torch.Size([5, 1])), ('fc1.bias', torch.Size([5]))]
0 :: Rewards 0.000 :: steps: 0.10 :: Time: 0.000(0.00086/step) :: Entropy : 0.000 :: Grads : []
10 :: Rewards -0.157 :: steps: 1.00 :: Time: 0.001(0.00070/step) :: Entropy : 0.000 :: Grads : []
20 :: Rewards -0.742 :: steps: 1.00 :: Time: 0.001(0.00053/step) :: Entropy : 0.000 :: Grads : []
30 :: Rewards -1.115 :: steps: 1.00 :: Time: 0.001(0.00059/step) :: Entropy : 0.000 :: Grads : []
40 :: Rewards -2.299 :: steps: 1.00 :: Time: 0.001(0.00054/step) :: Entropy : 0.000 :: Grads : []
50 :: Rewards -3.545 :: steps: 1.00 :: Time: 0.001(0.00054/step) :: Entropy : 0.000 :: Grads : []
60 :: Rewards -5.006 :: steps: 1.00 :: Time: 0.001(0.00053/step) :: Entropy : 0.000 :: Grads : []
70 :: Rewards -6.151 :: steps: 1.00 :: Time: 0.001(0.00052/step) :: Entropy : 0.000 :: Grads : []
80 :: Rewards -7.394 :: steps: 1.00 :: Time: 0.001(0.00054/step) :: Entropy : 0.000 :: Grads : []
90 :: Rewards -8.781 :: steps: 1.00 :: Time: 0.001(0.00058/step) :: Entropy : 0.000 :: Grads : []
100 :: Rewards -9.909 :: steps: 1.00 :: Time: 0.001(0.00053/step) :: Entropy : 0.000 :: Grads : []
110 :: Rewards -10.977 :: steps: 1.00 :: Time: 0.001(0.00051/step) :: Entropy : 0.000 :: Grads : []
120 :: Rewards -12.471 :: steps: 1.00 :: Time: 0.001(0.00054/step) :: Entropy : 0.000 :: Grads : []
130 :: Rewards -13.474 :: steps: 1.00 :: Time: 0.001(0.00051/step) :: Entropy : 0.000 :: Grads : []
140 :: Rewards -14.250 :: steps: 1.00 :: Time: 0.001(0.00051/step) :: Entropy : 0.000 :: Grads : []
150 :: Rewards -16.106 :: steps: 1.00 :: Time: 0.001(0.00051/step) :: Entropy : 0.000 :: Grads : []
160 :: Rewards -17.781 :: steps: 1.00 :: Time: 0.001(0.00051/step) :: Entropy : 0.000 :: Grads : []
170 :: Rewards -19.982 :: steps: 1.00 :: Time: 0.001(0.00051/step) :: Entropy : 0.000 :: Grads : []
180 :: Rewards -20.433 :: steps: 1.00 :: Time: 0.001(0.00052/step) :: Entropy : 0.000 :: Grads : []
190 :: Rewards -21.760 :: steps: 1.00 :: Time: 0.001(0.00051/step) :: Entropy : 0.000 :: Grads : []
200 :: Rewards -22.996 :: steps: 1.00 :: Time: 0.001(0.00051/step) :: Entropy : 0.000 :: Grads : []
210 :: Rewards -25.346 :: steps: 1.00 :: Time: 0.001(0.00052/step) :: Entropy : 0.000 :: Grads : []
220 :: Rewards -27.251 :: steps: 1.00 :: Time: 0.001(0.00050/step) :: Entropy : 0.000 :: Grads : []
230 :: Rewards -27.585 :: steps: 1.00 :: Time: 0.001(0.00050/step) :: Entropy : 0.000 :: Grads : []
240 :: Rewards -28.423 :: steps: 1.00 :: Time: 0.001(0.00051/step) :: Entropy : 0.000 :: Grads : []
250 :: Rewards -29.710 :: steps: 1.00 :: Time: 0.001(0.00051/step) :: Entropy : 0.000 :: Grads : []
260 :: Rewards -31.080 :: steps: 1.00 :: Time: 0.001(0.00050/step) :: Entropy : 0.000 :: Grads : []
270 :: Rewards -32.421 :: steps: 1.00 :: Time: 0.001(0.00050/step) :: Entropy : 0.000 :: Grads : []
280 :: Rewards -33.028 :: steps: 1.00 :: Time: 0.001(0.00051/step) :: Entropy : 0.000 :: Grads : []
290 :: Rewards -33.678 :: steps: 1.00 :: Time: 0.001(0.00051/step) :: Entropy : 0.000 :: Grads : []
300 :: Rewards -34.631 :: steps: 1.00 :: Time: 0.001(0.00051/step) :: Entropy : 0.000 :: Grads : []
310 :: Rewards -35.209 :: steps: 1.00 :: Time: 0.001(0.00055/step) :: Entropy : 0.000 :: Grads : []
320 :: Rewards -35.722 :: steps: 1.00 :: Time: 0.001(0.00053/step) :: Entropy : 0.000 :: Grads : []
330 :: Rewards -36.406 :: steps: 1.00 :: Time: 0.001(0.00051/step) :: Entropy : 0.000 :: Grads : []
340 :: Rewards -36.820 :: steps: 1.00 :: Time: 0.001(0.00051/step) :: Entropy : 0.000 :: Grads : []
350 :: Rewards -36.869 :: steps: 1.00 :: Time: 0.001(0.00051/step) :: Entropy : 0.000 :: Grads : []
360 :: Rewards -37.504 :: steps: 1.00 :: Time: 0.001(0.00051/step) :: Entropy : 0.000 :: Grads : []
370 :: Rewards -37.967 :: steps: 1.00 :: Time: 0.001(0.00052/step) :: Entropy : 0.000 :: Grads : []
380 :: Rewards -38.498 :: steps: 1.00 :: Time: 0.001(0.00051/step) :: Entropy : 0.000 :: Grads : []
390 :: Rewards -39.347 :: steps: 1.00 :: Time: 0.001(0.00051/step) :: Entropy : 0.000 :: Grads : []
400 :: Rewards -40.386 :: steps: 1.00 :: Time: 0.001(0.00052/step) :: Entropy : 0.000 :: Grads : []
410 :: Rewards -41.524 :: steps: 1.00 :: Time: 0.001(0.00052/step) :: Entropy : 0.000 :: Grads : []
420 :: Rewards -43.532 :: steps: 1.00 :: Time: 0.001(0.00051/step) :: Entropy : 0.000 :: Grads : []
430 :: Rewards -45.320 :: steps: 1.00 :: Time: 0.001(0.00051/step) :: Entropy : 0.000 :: Grads : []
440 :: Rewards -47.114 :: steps: 1.00 :: Time: 0.001(0.00050/step) :: Entropy : 0.000 :: Grads : []
450 :: Rewards -48.812 :: steps: 1.00 :: Time: 0.001(0.00050/step) :: Entropy : 0.000 :: Grads : []
460 :: Rewards -50.583 :: steps: 1.00 :: Time: 0.001(0.00052/step) :: Entropy : 0.000 :: Grads : []
470 :: Rewards -53.065 :: steps: 1.00 :: Time: 0.001(0.00051/step) :: Entropy : 0.000 :: Grads : []
480 :: Rewards -54.768 :: steps: 1.00 :: Time: 0.001(0.00052/step) :: Entropy : 0.000 :: Grads : []
490 :: Rewards -55.783 :: steps: 1.00 :: Time: 0.001(0.00051/step) :: Entropy : 0.000 :: Grads : []
500 :: Rewards -56.087 :: steps: 1.00 :: Time: 0.001(0.00051/step) :: Entropy : 0.000 :: Grads : []
510 :: Rewards -56.753 :: steps: 1.00 :: Time: 0.001(0.00050/step) :: Entropy : 0.000 :: Grads : []
520 :: Rewards -57.482 :: steps: 1.00 :: Time: 0.001(0.00050/step) :: Entropy : 0.000 :: Grads : []
530 :: Rewards -58.311 :: steps: 1.00 :: Time: 0.001(0.00050/step) :: Entropy : 0.000 :: Grads : []
540 :: Rewards -59.315 :: steps: 1.00 :: Time: 0.000(0.00050/step) :: Entropy : 0.000 :: Grads : []
550 :: Rewards -60.490 :: steps: 1.00 :: Time: 0.001(0.00050/step) :: Entropy : 0.000 :: Grads : []
560 :: Rewards -61.952 :: steps: 1.00 :: Time: 0.000(0.00050/step) :: Entropy : 0.000 :: Grads : []
570 :: Rewards -62.719 :: steps: 1.00 :: Time: 0.000(0.00050/step) :: Entropy : 0.000 :: Grads : []
580 :: Rewards -63.602 :: steps: 1.00 :: Time: 0.000(0.00050/step) :: Entropy : 0.000 :: Grads : []
590 :: Rewards -64.022 :: steps: 1.00 :: Time: 0.001(0.00051/step) :: Entropy : 0.000 :: Grads : []
600 :: Rewards -65.003 :: steps: 1.00 :: Time: 0.001(0.00050/step) :: Entropy : 0.000 :: Grads : []
610 :: Rewards -66.198 :: steps: 1.00 :: Time: 0.001(0.00050/step) :: Entropy : 0.000 :: Grads : []
620 :: Rewards -66.964 :: steps: 1.00 :: Time: 0.000(0.00050/step) :: Entropy : 0.000 :: Grads : []
630 :: Rewards -68.705 :: steps: 1.00 :: Time: 0.000(0.00050/step) :: Entropy : 0.000 :: Grads : []
640 :: Rewards -71.129 :: steps: 1.00 :: Time: 0.001(0.00050/step) :: Entropy : 0.000 :: Grads : []
650 :: Rewards -72.453 :: steps: 1.00 :: Time: 0.000(0.00050/step) :: Entropy : 0.000 :: Grads : []
660 :: Rewards -72.888 :: steps: 1.00 :: Time: 0.001(0.00051/step) :: Entropy : 0.000 :: Grads : []
670 :: Rewards -73.346 :: steps: 1.00 :: Time: 0.001(0.00050/step) :: Entropy : 0.000 :: Grads : []
680 :: Rewards -74.018 :: steps: 1.00 :: Time: 0.000(0.00050/step) :: Entropy : 0.000 :: Grads : []
690 :: Rewards -74.388 :: steps: 1.00 :: Time: 0.000(0.00050/step) :: Entropy : 0.000 :: Grads : []
700 :: Rewards -74.949 :: steps: 1.00 :: Time: 0.001(0.00052/step) :: Entropy : 0.000 :: Grads : []
710 :: Rewards -76.415 :: steps: 1.00 :: Time: 0.001(0.00052/step) :: Entropy : 0.000 :: Grads : []
720 :: Rewards -77.070 :: steps: 1.00 :: Time: 0.000(0.00050/step) :: Entropy : 0.000 :: Grads : []
730 :: Rewards -77.648 :: steps: 1.00 :: Time: 0.001(0.00050/step) :: Entropy : 0.000 :: Grads : []
740 :: Rewards -78.538 :: steps: 1.00 :: Time: 0.000(0.00050/step) :: Entropy : 0.000 :: Grads : []
750 :: Rewards -78.607 :: steps: 1.00 :: Time: 0.000(0.00050/step) :: Entropy : 0.000 :: Grads : []
760 :: Rewards -78.675 :: steps: 1.00 :: Time: 0.000(0.00050/step) :: Entropy : 0.000 :: Grads : []
770 :: Rewards -79.284 :: steps: 1.00 :: Time: 0.000(0.00050/step) :: Entropy : 0.000 :: Grads : []
780 :: Rewards -80.126 :: steps: 1.00 :: Time: 0.001(0.00051/step) :: Entropy : 0.000 :: Grads : []
790 :: Rewards -80.229 :: steps: 1.00 :: Time: 0.001(0.00055/step) :: Entropy : 0.000 :: Grads : []
800 :: Rewards -81.076 :: steps: 1.00 :: Time: 0.001(0.00052/step) :: Entropy : 0.000 :: Grads : []
810 :: Rewards -81.539 :: steps: 1.00 :: Time: 0.001(0.00051/step) :: Entropy : 0.000 :: Grads : []
820 :: Rewards -81.772 :: steps: 1.00 :: Time: 0.001(0.00051/step) :: Entropy : 0.000 :: Grads : []
830 :: Rewards -82.328 :: steps: 1.00 :: Time: 0.001(0.00050/step) :: Entropy : 0.000 :: Grads : []
840 :: Rewards -83.292 :: steps: 1.00 :: Time: 0.001(0.00050/step) :: Entropy : 0.000 :: Grads : []
850 :: Rewards -83.292 :: steps: 1.00 :: Time: 0.001(0.00050/step) :: Entropy : 0.000 :: Grads : []
860 :: Rewards -83.905 :: steps: 1.00 :: Time: 0.001(0.00050/step) :: Entropy : 0.000 :: Grads : []
870 :: Rewards -84.564 :: steps: 1.00 :: Time: 0.001(0.00052/step) :: Entropy : 0.000 :: Grads : []
880 :: Rewards -84.876 :: steps: 1.00 :: Time: 0.001(0.00051/step) :: Entropy : 0.000 :: Grads : []
890 :: Rewards -85.380 :: steps: 1.00 :: Time: 0.001(0.00051/step) :: Entropy : 0.000 :: Grads : []
900 :: Rewards -86.433 :: steps: 1.00 :: Time: 0.001(0.00052/step) :: Entropy : 0.000 :: Grads : []
910 :: Rewards -87.832 :: steps: 1.00 :: Time: 0.001(0.00052/step) :: Entropy : 0.000 :: Grads : []
920 :: Rewards -90.455 :: steps: 1.00 :: Time: 0.001(0.00050/step) :: Entropy : 0.000 :: Grads : []
930 :: Rewards -93.152 :: steps: 1.00 :: Time: 0.001(0.00055/step) :: Entropy : 0.000 :: Grads : []
940 :: Rewards -96.774 :: steps: 1.00 :: Time: 0.001(0.00054/step) :: Entropy : 0.000 :: Grads : []
950 :: Rewards -100.670 :: steps: 1.00 :: Time: 0.001(0.00053/step) :: Entropy : 0.000 :: Grads : []
960 :: Rewards -104.988 :: steps: 1.00 :: Time: 0.001(0.00051/step) :: Entropy : 0.000 :: Grads : []
970 :: Rewards -109.343 :: steps: 1.00 :: Time: 0.001(0.00050/step) :: Entropy : 0.000 :: Grads : []
980 :: Rewards -113.249 :: steps: 1.00 :: Time: 0.001(0.00051/step) :: Entropy : 0.000 :: Grads : []
990 :: Rewards -117.049 :: steps: 1.00 :: Time: 0.001(0.00050/step) :: Entropy : 0.000 :: Grads : []
999 :: Rewards -118.632 :: steps: 0.90 :: Time: 0.000(0.00055/step) :: Entropy : 0.000 :: Grads : []
Total time taken: 0.5576519966125488
