Module path:  Environments.NS_Reco NS_Reco
Dynamically loaded from:  <class 'Environments.NS_Reco.NS_Reco'>
Reward Amplitudes: [4.17022005e-01 7.20324493e-01 1.14374817e-04 3.02332573e-01
 1.46755891e-01] :: Avg 0.317309867282206 
Module path:  Src.Algorithms.ProWLS ProWLS
Dynamically loaded from:  <class 'Src.Algorithms.ProWLS.ProWLS'>
=====Configurations=====
 Namespace(NN_basis_dim='32', Policy_basis_dim='32', actor_lr=0.0037403051736555927, algo_name='ProWLS', base=0, batch_size=1000, buffer_size=1000, debug=False, delta=3, entropy_lambda=0.041755411764967935, env_name='NS_Reco', experiment='NS_4r_', extrapolator_basis='Fourier', folder_suffix='Default', fourier_coupled=True, fourier_k=7, fourier_order=3, gamma=0.99, gauss_std=1.5, gpu=0, hyper='default', importance_clip=5.0, inc=1, log_output='term_file', max_episodes=1000, max_inner=60, max_steps=500, optim='rmsprop', oracle=-1, raw_basis=True, restore=False, save_count=100, save_model=True, seed=9, speed=4, state_lr=0.001, summary=True, swarm=False, timestamp='5|25|10:9:47')
Actions space: 5 :: State space: 1
State Low: tensor([0.]) :: State High: tensor([1.])
State features:  [('dummy_param', torch.Size([1]))]
Policy:  [('fc1.weight', torch.Size([5, 1])), ('fc1.bias', torch.Size([5]))]
0 :: Rewards -0.034 :: steps: 0.10 :: Time: 0.000(0.00080/step) :: Entropy : 0.000 :: Grads : []
10 :: Rewards -0.254 :: steps: 1.00 :: Time: 0.004(0.00450/step) :: Entropy : 0.000 :: Grads : []
20 :: Rewards -1.682 :: steps: 1.00 :: Time: 0.018(0.01761/step) :: Entropy : 0.000 :: Grads : []
30 :: Rewards -3.151 :: steps: 1.00 :: Time: 0.014(0.01394/step) :: Entropy : 0.000 :: Grads : []
40 :: Rewards -4.049 :: steps: 1.00 :: Time: 0.012(0.01213/step) :: Entropy : 0.000 :: Grads : []
50 :: Rewards -4.703 :: steps: 1.00 :: Time: 0.018(0.01776/step) :: Entropy : 0.000 :: Grads : []
60 :: Rewards -4.703 :: steps: 1.00 :: Time: 0.012(0.01191/step) :: Entropy : 0.000 :: Grads : []
70 :: Rewards -5.195 :: steps: 1.00 :: Time: 0.012(0.01202/step) :: Entropy : 0.000 :: Grads : []
80 :: Rewards -6.239 :: steps: 1.00 :: Time: 0.019(0.01938/step) :: Entropy : 0.000 :: Grads : []
90 :: Rewards -6.239 :: steps: 1.00 :: Time: 0.014(0.01403/step) :: Entropy : 0.000 :: Grads : []
100 :: Rewards -7.277 :: steps: 1.00 :: Time: 0.013(0.01272/step) :: Entropy : 0.000 :: Grads : []
110 :: Rewards -7.948 :: steps: 1.00 :: Time: 0.017(0.01650/step) :: Entropy : 0.000 :: Grads : []
120 :: Rewards -8.375 :: steps: 1.00 :: Time: 0.013(0.01277/step) :: Entropy : 0.000 :: Grads : []
130 :: Rewards -10.231 :: steps: 1.00 :: Time: 0.013(0.01296/step) :: Entropy : 0.000 :: Grads : []
140 :: Rewards -10.750 :: steps: 1.00 :: Time: 0.018(0.01772/step) :: Entropy : 0.000 :: Grads : []
150 :: Rewards -11.272 :: steps: 1.00 :: Time: 0.013(0.01339/step) :: Entropy : 0.000 :: Grads : []
160 :: Rewards -11.272 :: steps: 1.00 :: Time: 0.014(0.01374/step) :: Entropy : 0.000 :: Grads : []
170 :: Rewards -11.272 :: steps: 1.00 :: Time: 0.018(0.01821/step) :: Entropy : 0.000 :: Grads : []
180 :: Rewards -12.981 :: steps: 1.00 :: Time: 0.014(0.01415/step) :: Entropy : 0.000 :: Grads : []
190 :: Rewards -14.098 :: steps: 1.00 :: Time: 0.016(0.01574/step) :: Entropy : 0.000 :: Grads : []
200 :: Rewards -14.763 :: steps: 1.00 :: Time: 0.022(0.02166/step) :: Entropy : 0.000 :: Grads : []
210 :: Rewards -14.966 :: steps: 1.00 :: Time: 0.018(0.01756/step) :: Entropy : 0.000 :: Grads : []
220 :: Rewards -15.501 :: steps: 1.00 :: Time: 0.017(0.01736/step) :: Entropy : 0.000 :: Grads : []
230 :: Rewards -15.823 :: steps: 1.00 :: Time: 0.023(0.02278/step) :: Entropy : 0.000 :: Grads : []
240 :: Rewards -15.823 :: steps: 1.00 :: Time: 0.017(0.01740/step) :: Entropy : 0.000 :: Grads : []
250 :: Rewards -16.726 :: steps: 1.00 :: Time: 0.018(0.01838/step) :: Entropy : 0.000 :: Grads : []
260 :: Rewards -16.735 :: steps: 1.00 :: Time: 0.024(0.02427/step) :: Entropy : 0.000 :: Grads : []
270 :: Rewards -16.942 :: steps: 1.00 :: Time: 0.019(0.01881/step) :: Entropy : 0.000 :: Grads : []
280 :: Rewards -17.187 :: steps: 1.00 :: Time: 0.020(0.01970/step) :: Entropy : 0.000 :: Grads : []
290 :: Rewards -18.640 :: steps: 1.00 :: Time: 0.026(0.02627/step) :: Entropy : 0.000 :: Grads : []
300 :: Rewards -18.768 :: steps: 1.00 :: Time: 0.020(0.02024/step) :: Entropy : 0.000 :: Grads : []
310 :: Rewards -18.901 :: steps: 1.00 :: Time: 0.021(0.02071/step) :: Entropy : 0.000 :: Grads : []
320 :: Rewards -19.386 :: steps: 1.00 :: Time: 0.029(0.02886/step) :: Entropy : 0.000 :: Grads : []
330 :: Rewards -20.512 :: steps: 1.00 :: Time: 0.022(0.02216/step) :: Entropy : 0.000 :: Grads : []
340 :: Rewards -21.789 :: steps: 1.00 :: Time: 0.022(0.02243/step) :: Entropy : 0.000 :: Grads : []
350 :: Rewards -22.085 :: steps: 1.00 :: Time: 0.033(0.03275/step) :: Entropy : 0.000 :: Grads : []
360 :: Rewards -22.449 :: steps: 1.00 :: Time: 0.026(0.02551/step) :: Entropy : 0.000 :: Grads : []
370 :: Rewards -22.494 :: steps: 1.00 :: Time: 0.025(0.02517/step) :: Entropy : 0.000 :: Grads : []
380 :: Rewards -23.450 :: steps: 1.00 :: Time: 0.035(0.03475/step) :: Entropy : 0.000 :: Grads : []
390 :: Rewards -23.701 :: steps: 1.00 :: Time: 0.026(0.02601/step) :: Entropy : 0.000 :: Grads : []
400 :: Rewards -24.384 :: steps: 1.00 :: Time: 0.026(0.02636/step) :: Entropy : 0.000 :: Grads : []
410 :: Rewards -25.132 :: steps: 1.00 :: Time: 0.036(0.03621/step) :: Entropy : 0.000 :: Grads : []
420 :: Rewards -26.974 :: steps: 1.00 :: Time: 0.028(0.02819/step) :: Entropy : 0.000 :: Grads : []
430 :: Rewards -27.400 :: steps: 1.00 :: Time: 0.040(0.04019/step) :: Entropy : 0.000 :: Grads : []
440 :: Rewards -27.492 :: steps: 1.00 :: Time: 0.039(0.03854/step) :: Entropy : 0.000 :: Grads : []
450 :: Rewards -28.260 :: steps: 1.00 :: Time: 0.029(0.02946/step) :: Entropy : 0.000 :: Grads : []
460 :: Rewards -30.282 :: steps: 1.00 :: Time: 0.030(0.03045/step) :: Entropy : 0.000 :: Grads : []
470 :: Rewards -32.907 :: steps: 1.00 :: Time: 0.042(0.04163/step) :: Entropy : 0.000 :: Grads : []
480 :: Rewards -36.578 :: steps: 1.00 :: Time: 0.032(0.03184/step) :: Entropy : 0.000 :: Grads : []
490 :: Rewards -41.443 :: steps: 1.00 :: Time: 0.033(0.03274/step) :: Entropy : 0.000 :: Grads : []
500 :: Rewards -47.508 :: steps: 1.00 :: Time: 0.044(0.04430/step) :: Entropy : 0.000 :: Grads : []
510 :: Rewards -53.809 :: steps: 1.00 :: Time: 0.034(0.03422/step) :: Entropy : 0.000 :: Grads : []
520 :: Rewards -60.172 :: steps: 1.00 :: Time: 0.035(0.03533/step) :: Entropy : 0.000 :: Grads : []
530 :: Rewards -66.950 :: steps: 1.00 :: Time: 0.048(0.04762/step) :: Entropy : 0.000 :: Grads : []
540 :: Rewards -74.030 :: steps: 1.00 :: Time: 0.040(0.04023/step) :: Entropy : 0.000 :: Grads : []
550 :: Rewards -77.570 :: steps: 1.00 :: Time: 0.056(0.05566/step) :: Entropy : 0.000 :: Grads : []
560 :: Rewards -78.435 :: steps: 1.00 :: Time: 0.059(0.05851/step) :: Entropy : 0.000 :: Grads : []
570 :: Rewards -79.272 :: steps: 1.00 :: Time: 0.039(0.03938/step) :: Entropy : 0.000 :: Grads : []
580 :: Rewards -80.637 :: steps: 1.00 :: Time: 0.041(0.04135/step) :: Entropy : 0.000 :: Grads : []
590 :: Rewards -82.603 :: steps: 1.00 :: Time: 0.055(0.05548/step) :: Entropy : 0.000 :: Grads : []
600 :: Rewards -83.028 :: steps: 1.00 :: Time: 0.044(0.04414/step) :: Entropy : 0.000 :: Grads : []
610 :: Rewards -84.551 :: steps: 1.00 :: Time: 0.056(0.05610/step) :: Entropy : 0.000 :: Grads : []
620 :: Rewards -86.696 :: steps: 1.00 :: Time: 0.056(0.05618/step) :: Entropy : 0.000 :: Grads : []
630 :: Rewards -87.411 :: steps: 1.00 :: Time: 0.043(0.04305/step) :: Entropy : 0.000 :: Grads : []
640 :: Rewards -88.164 :: steps: 1.00 :: Time: 0.044(0.04374/step) :: Entropy : 0.000 :: Grads : []
650 :: Rewards -90.438 :: steps: 1.00 :: Time: 0.059(0.05878/step) :: Entropy : 0.000 :: Grads : []
660 :: Rewards -90.776 :: steps: 1.00 :: Time: 0.060(0.05968/step) :: Entropy : 0.000 :: Grads : []
670 :: Rewards -91.230 :: steps: 1.00 :: Time: 0.054(0.05445/step) :: Entropy : 0.000 :: Grads : []
680 :: Rewards -92.138 :: steps: 1.00 :: Time: 0.062(0.06231/step) :: Entropy : 0.000 :: Grads : []
690 :: Rewards -92.698 :: steps: 1.00 :: Time: 0.048(0.04809/step) :: Entropy : 0.000 :: Grads : []
700 :: Rewards -92.811 :: steps: 1.00 :: Time: 0.052(0.05162/step) :: Entropy : 0.000 :: Grads : []
710 :: Rewards -92.811 :: steps: 1.00 :: Time: 0.069(0.06851/step) :: Entropy : 0.000 :: Grads : []
720 :: Rewards -93.159 :: steps: 1.00 :: Time: 0.057(0.05661/step) :: Entropy : 0.000 :: Grads : []
730 :: Rewards -93.274 :: steps: 1.00 :: Time: 0.067(0.06706/step) :: Entropy : 0.000 :: Grads : []
740 :: Rewards -93.690 :: steps: 1.00 :: Time: 0.074(0.07412/step) :: Entropy : 0.000 :: Grads : []
750 :: Rewards -94.063 :: steps: 1.00 :: Time: 0.056(0.05631/step) :: Entropy : 0.000 :: Grads : []
760 :: Rewards -95.134 :: steps: 1.00 :: Time: 0.066(0.06605/step) :: Entropy : 0.000 :: Grads : []
770 :: Rewards -96.284 :: steps: 1.00 :: Time: 0.091(0.09134/step) :: Entropy : 0.000 :: Grads : []
780 :: Rewards -97.592 :: steps: 1.00 :: Time: 0.065(0.06515/step) :: Entropy : 0.000 :: Grads : []
790 :: Rewards -98.818 :: steps: 1.00 :: Time: 0.065(0.06520/step) :: Entropy : 0.000 :: Grads : []
800 :: Rewards -99.402 :: steps: 1.00 :: Time: 0.088(0.08773/step) :: Entropy : 0.000 :: Grads : []
810 :: Rewards -99.618 :: steps: 1.00 :: Time: 0.085(0.08477/step) :: Entropy : 0.000 :: Grads : []
820 :: Rewards -99.913 :: steps: 1.00 :: Time: 0.084(0.08446/step) :: Entropy : 0.000 :: Grads : []
830 :: Rewards -99.955 :: steps: 1.00 :: Time: 0.106(0.10641/step) :: Entropy : 0.000 :: Grads : []
840 :: Rewards -100.199 :: steps: 1.00 :: Time: 0.091(0.09063/step) :: Entropy : 0.000 :: Grads : []
850 :: Rewards -100.819 :: steps: 1.00 :: Time: 0.078(0.07774/step) :: Entropy : 0.000 :: Grads : []
860 :: Rewards -101.727 :: steps: 1.00 :: Time: 0.106(0.10612/step) :: Entropy : 0.000 :: Grads : []
870 :: Rewards -102.960 :: steps: 1.00 :: Time: 0.076(0.07596/step) :: Entropy : 0.000 :: Grads : []
880 :: Rewards -104.066 :: steps: 1.00 :: Time: 0.077(0.07687/step) :: Entropy : 0.000 :: Grads : []
890 :: Rewards -104.478 :: steps: 1.00 :: Time: 0.104(0.10376/step) :: Entropy : 0.000 :: Grads : []
900 :: Rewards -104.555 :: steps: 1.00 :: Time: 0.077(0.07678/step) :: Entropy : 0.000 :: Grads : []
910 :: Rewards -105.164 :: steps: 1.00 :: Time: 0.079(0.07921/step) :: Entropy : 0.000 :: Grads : []
920 :: Rewards -105.822 :: steps: 1.00 :: Time: 0.110(0.10990/step) :: Entropy : 0.000 :: Grads : []
930 :: Rewards -106.383 :: steps: 1.00 :: Time: 0.083(0.08341/step) :: Entropy : 0.000 :: Grads : []
940 :: Rewards -106.753 :: steps: 1.00 :: Time: 0.088(0.08807/step) :: Entropy : 0.000 :: Grads : []
950 :: Rewards -107.201 :: steps: 1.00 :: Time: 0.124(0.12446/step) :: Entropy : 0.000 :: Grads : []
960 :: Rewards -107.201 :: steps: 1.00 :: Time: 0.098(0.09784/step) :: Entropy : 0.000 :: Grads : []
970 :: Rewards -107.201 :: steps: 1.00 :: Time: 0.100(0.10032/step) :: Entropy : 0.000 :: Grads : []
980 :: Rewards -107.201 :: steps: 1.00 :: Time: 0.166(0.16616/step) :: Entropy : 0.000 :: Grads : []
990 :: Rewards -107.201 :: steps: 1.00 :: Time: 0.105(0.10487/step) :: Entropy : 0.000 :: Grads : []
999 :: Rewards -107.201 :: steps: 0.90 :: Time: 0.095(0.10543/step) :: Entropy : 0.000 :: Grads : []
Total time taken: 47.390583753585815
