Module path:  Environments.NS_Reco NS_Reco
Dynamically loaded from:  <class 'Environments.NS_Reco.NS_Reco'>
Reward Amplitudes: [4.17022005e-01 7.20324493e-01 1.14374817e-04 3.02332573e-01
 1.46755891e-01] :: Avg 0.317309867282206 
Module path:  Src.Algorithms.ONPG ONPG
Dynamically loaded from:  <class 'Src.Algorithms.ONPG.ONPG'>
=====Configurations=====
 Namespace(NN_basis_dim='32', Policy_basis_dim='32', actor_lr=0.008752955454770457, algo_name='ONPG', base=0, batch_size=1000, buffer_size=1000, debug=False, delta=5, entropy_lambda=0.12422425451548592, env_name='NS_Reco', experiment='NS_4_', extrapolator_basis='Fourier', folder_suffix='Default', fourier_coupled=True, fourier_k=7, fourier_order=3, gamma=0.99, gauss_std=1.5, gpu=0, hyper='default', importance_clip=10.0, inc=1, log_output='term_file', max_episodes=1000, max_inner=150, max_steps=500, optim='rmsprop', oracle=-1, raw_basis=True, restore=False, save_count=100, save_model=True, seed=5, speed=4, state_lr=0.001, summary=True, swarm=False, timestamp='5|24|22:51:45')
Actions space: 5 :: State space: 1
State Low: tensor([0.]) :: State High: tensor([1.])
State features:  [('dummy_param', torch.Size([1]))]
Policy:  [('fc1.weight', torch.Size([5, 1])), ('fc1.bias', torch.Size([5]))]
0 :: Rewards 0.003 :: steps: 0.10 :: Time: 0.000(0.00066/step) :: Entropy : 0.000 :: Grads : []
10 :: Rewards 0.213 :: steps: 1.00 :: Time: 0.001(0.00066/step) :: Entropy : 0.000 :: Grads : []
20 :: Rewards 1.349 :: steps: 1.00 :: Time: 0.001(0.00054/step) :: Entropy : 0.000 :: Grads : []
30 :: Rewards 2.627 :: steps: 1.00 :: Time: 0.001(0.00056/step) :: Entropy : 0.000 :: Grads : []
40 :: Rewards 5.382 :: steps: 1.00 :: Time: 0.001(0.00053/step) :: Entropy : 0.000 :: Grads : []
50 :: Rewards 8.273 :: steps: 1.00 :: Time: 0.001(0.00053/step) :: Entropy : 0.000 :: Grads : []
60 :: Rewards 11.501 :: steps: 1.00 :: Time: 0.001(0.00054/step) :: Entropy : 0.000 :: Grads : []
70 :: Rewards 14.925 :: steps: 1.00 :: Time: 0.001(0.00053/step) :: Entropy : 0.000 :: Grads : []
80 :: Rewards 19.665 :: steps: 1.00 :: Time: 0.001(0.00058/step) :: Entropy : 0.000 :: Grads : []
90 :: Rewards 24.825 :: steps: 1.00 :: Time: 0.001(0.00054/step) :: Entropy : 0.000 :: Grads : []
100 :: Rewards 29.644 :: steps: 1.00 :: Time: 0.001(0.00056/step) :: Entropy : 0.000 :: Grads : []
110 :: Rewards 36.830 :: steps: 1.00 :: Time: 0.001(0.00054/step) :: Entropy : 0.000 :: Grads : []
120 :: Rewards 42.837 :: steps: 1.00 :: Time: 0.001(0.00054/step) :: Entropy : 0.000 :: Grads : []
130 :: Rewards 48.933 :: steps: 1.00 :: Time: 0.001(0.00057/step) :: Entropy : 0.000 :: Grads : []
140 :: Rewards 54.751 :: steps: 1.00 :: Time: 0.001(0.00054/step) :: Entropy : 0.000 :: Grads : []
150 :: Rewards 61.045 :: steps: 1.00 :: Time: 0.001(0.00056/step) :: Entropy : 0.000 :: Grads : []
160 :: Rewards 66.472 :: steps: 1.00 :: Time: 0.001(0.00053/step) :: Entropy : 0.000 :: Grads : []
170 :: Rewards 71.202 :: steps: 1.00 :: Time: 0.001(0.00056/step) :: Entropy : 0.000 :: Grads : []
180 :: Rewards 75.262 :: steps: 1.00 :: Time: 0.001(0.00055/step) :: Entropy : 0.000 :: Grads : []
190 :: Rewards 78.626 :: steps: 1.00 :: Time: 0.001(0.00057/step) :: Entropy : 0.000 :: Grads : []
200 :: Rewards 81.062 :: steps: 1.00 :: Time: 0.001(0.00054/step) :: Entropy : 0.000 :: Grads : []
210 :: Rewards 83.063 :: steps: 1.00 :: Time: 0.001(0.00055/step) :: Entropy : 0.000 :: Grads : []
220 :: Rewards 83.750 :: steps: 1.00 :: Time: 0.001(0.00053/step) :: Entropy : 0.000 :: Grads : []
230 :: Rewards 83.799 :: steps: 1.00 :: Time: 0.001(0.00054/step) :: Entropy : 0.000 :: Grads : []
240 :: Rewards 84.161 :: steps: 1.00 :: Time: 0.001(0.00054/step) :: Entropy : 0.000 :: Grads : []
250 :: Rewards 83.059 :: steps: 1.00 :: Time: 0.001(0.00053/step) :: Entropy : 0.000 :: Grads : []
260 :: Rewards 83.075 :: steps: 1.00 :: Time: 0.001(0.00055/step) :: Entropy : 0.000 :: Grads : []
270 :: Rewards 82.163 :: steps: 1.00 :: Time: 0.001(0.00053/step) :: Entropy : 0.000 :: Grads : []
280 :: Rewards 80.411 :: steps: 1.00 :: Time: 0.001(0.00055/step) :: Entropy : 0.000 :: Grads : []
290 :: Rewards 79.571 :: steps: 1.00 :: Time: 0.001(0.00053/step) :: Entropy : 0.000 :: Grads : []
300 :: Rewards 79.414 :: steps: 1.00 :: Time: 0.001(0.00056/step) :: Entropy : 0.000 :: Grads : []
310 :: Rewards 78.551 :: steps: 1.00 :: Time: 0.001(0.00054/step) :: Entropy : 0.000 :: Grads : []
320 :: Rewards 77.463 :: steps: 1.00 :: Time: 0.001(0.00054/step) :: Entropy : 0.000 :: Grads : []
330 :: Rewards 76.228 :: steps: 1.00 :: Time: 0.001(0.00053/step) :: Entropy : 0.000 :: Grads : []
340 :: Rewards 76.236 :: steps: 1.00 :: Time: 0.001(0.00053/step) :: Entropy : 0.000 :: Grads : []
350 :: Rewards 74.647 :: steps: 1.00 :: Time: 0.001(0.00053/step) :: Entropy : 0.000 :: Grads : []
360 :: Rewards 74.295 :: steps: 1.00 :: Time: 0.001(0.00055/step) :: Entropy : 0.000 :: Grads : []
370 :: Rewards 73.176 :: steps: 1.00 :: Time: 0.001(0.00053/step) :: Entropy : 0.000 :: Grads : []
380 :: Rewards 72.008 :: steps: 1.00 :: Time: 0.001(0.00056/step) :: Entropy : 0.000 :: Grads : []
390 :: Rewards 70.849 :: steps: 1.00 :: Time: 0.001(0.00054/step) :: Entropy : 0.000 :: Grads : []
400 :: Rewards 70.160 :: steps: 1.00 :: Time: 0.001(0.00055/step) :: Entropy : 0.000 :: Grads : []
410 :: Rewards 69.381 :: steps: 1.00 :: Time: 0.001(0.00053/step) :: Entropy : 0.000 :: Grads : []
420 :: Rewards 68.687 :: steps: 1.00 :: Time: 0.001(0.00055/step) :: Entropy : 0.000 :: Grads : []
430 :: Rewards 68.086 :: steps: 1.00 :: Time: 0.001(0.00054/step) :: Entropy : 0.000 :: Grads : []
440 :: Rewards 67.728 :: steps: 1.00 :: Time: 0.001(0.00053/step) :: Entropy : 0.000 :: Grads : []
450 :: Rewards 66.674 :: steps: 1.00 :: Time: 0.001(0.00053/step) :: Entropy : 0.000 :: Grads : []
460 :: Rewards 65.684 :: steps: 1.00 :: Time: 0.001(0.00055/step) :: Entropy : 0.000 :: Grads : []
470 :: Rewards 65.734 :: steps: 1.00 :: Time: 0.001(0.00053/step) :: Entropy : 0.000 :: Grads : []
480 :: Rewards 64.908 :: steps: 1.00 :: Time: 0.001(0.00054/step) :: Entropy : 0.000 :: Grads : []
490 :: Rewards 63.424 :: steps: 1.00 :: Time: 0.001(0.00054/step) :: Entropy : 0.000 :: Grads : []
500 :: Rewards 62.712 :: steps: 1.00 :: Time: 0.001(0.00053/step) :: Entropy : 0.000 :: Grads : []
510 :: Rewards 62.311 :: steps: 1.00 :: Time: 0.001(0.00056/step) :: Entropy : 0.000 :: Grads : []
520 :: Rewards 61.764 :: steps: 1.00 :: Time: 0.001(0.00053/step) :: Entropy : 0.000 :: Grads : []
530 :: Rewards 61.958 :: steps: 1.00 :: Time: 0.001(0.00054/step) :: Entropy : 0.000 :: Grads : []
540 :: Rewards 62.201 :: steps: 1.00 :: Time: 0.001(0.00053/step) :: Entropy : 0.000 :: Grads : []
550 :: Rewards 61.679 :: steps: 1.00 :: Time: 0.001(0.00054/step) :: Entropy : 0.000 :: Grads : []
560 :: Rewards 62.619 :: steps: 1.00 :: Time: 0.001(0.00053/step) :: Entropy : 0.000 :: Grads : []
570 :: Rewards 65.031 :: steps: 1.00 :: Time: 0.001(0.00055/step) :: Entropy : 0.000 :: Grads : []
580 :: Rewards 67.068 :: steps: 1.00 :: Time: 0.001(0.00053/step) :: Entropy : 0.000 :: Grads : []
590 :: Rewards 69.678 :: steps: 1.00 :: Time: 0.001(0.00053/step) :: Entropy : 0.000 :: Grads : []
600 :: Rewards 71.848 :: steps: 1.00 :: Time: 0.001(0.00053/step) :: Entropy : 0.000 :: Grads : []
610 :: Rewards 74.916 :: steps: 1.00 :: Time: 0.001(0.00053/step) :: Entropy : 0.000 :: Grads : []
620 :: Rewards 77.965 :: steps: 1.00 :: Time: 0.001(0.00054/step) :: Entropy : 0.000 :: Grads : []
630 :: Rewards 80.784 :: steps: 1.00 :: Time: 0.001(0.00054/step) :: Entropy : 0.000 :: Grads : []
640 :: Rewards 82.885 :: steps: 1.00 :: Time: 0.001(0.00054/step) :: Entropy : 0.000 :: Grads : []
650 :: Rewards 83.524 :: steps: 1.00 :: Time: 0.001(0.00053/step) :: Entropy : 0.000 :: Grads : []
660 :: Rewards 84.789 :: steps: 1.00 :: Time: 0.001(0.00055/step) :: Entropy : 0.000 :: Grads : []
670 :: Rewards 85.538 :: steps: 1.00 :: Time: 0.001(0.00055/step) :: Entropy : 0.000 :: Grads : []
680 :: Rewards 85.840 :: steps: 1.00 :: Time: 0.001(0.00057/step) :: Entropy : 0.000 :: Grads : []
690 :: Rewards 85.979 :: steps: 1.00 :: Time: 0.001(0.00053/step) :: Entropy : 0.000 :: Grads : []
700 :: Rewards 86.729 :: steps: 1.00 :: Time: 0.001(0.00055/step) :: Entropy : 0.000 :: Grads : []
710 :: Rewards 87.719 :: steps: 1.00 :: Time: 0.001(0.00054/step) :: Entropy : 0.000 :: Grads : []
720 :: Rewards 91.365 :: steps: 1.00 :: Time: 0.001(0.00053/step) :: Entropy : 0.000 :: Grads : []
730 :: Rewards 94.706 :: steps: 1.00 :: Time: 0.001(0.00053/step) :: Entropy : 0.000 :: Grads : []
740 :: Rewards 96.152 :: steps: 1.00 :: Time: 0.001(0.00056/step) :: Entropy : 0.000 :: Grads : []
750 :: Rewards 97.065 :: steps: 1.00 :: Time: 0.001(0.00053/step) :: Entropy : 0.000 :: Grads : []
760 :: Rewards 100.762 :: steps: 1.00 :: Time: 0.001(0.00054/step) :: Entropy : 0.000 :: Grads : []
770 :: Rewards 102.697 :: steps: 1.00 :: Time: 0.001(0.00053/step) :: Entropy : 0.000 :: Grads : []
780 :: Rewards 105.990 :: steps: 1.00 :: Time: 0.001(0.00054/step) :: Entropy : 0.000 :: Grads : []
790 :: Rewards 108.849 :: steps: 1.00 :: Time: 0.001(0.00054/step) :: Entropy : 0.000 :: Grads : []
800 :: Rewards 111.224 :: steps: 1.00 :: Time: 0.001(0.00054/step) :: Entropy : 0.000 :: Grads : []
810 :: Rewards 113.241 :: steps: 1.00 :: Time: 0.001(0.00056/step) :: Entropy : 0.000 :: Grads : []
820 :: Rewards 113.540 :: steps: 1.00 :: Time: 0.001(0.00054/step) :: Entropy : 0.000 :: Grads : []
830 :: Rewards 114.338 :: steps: 1.00 :: Time: 0.001(0.00054/step) :: Entropy : 0.000 :: Grads : []
840 :: Rewards 114.419 :: steps: 1.00 :: Time: 0.001(0.00053/step) :: Entropy : 0.000 :: Grads : []
850 :: Rewards 114.139 :: steps: 1.00 :: Time: 0.001(0.00054/step) :: Entropy : 0.000 :: Grads : []
860 :: Rewards 114.444 :: steps: 1.00 :: Time: 0.001(0.00053/step) :: Entropy : 0.000 :: Grads : []
870 :: Rewards 114.262 :: steps: 1.00 :: Time: 0.001(0.00053/step) :: Entropy : 0.000 :: Grads : []
880 :: Rewards 114.571 :: steps: 1.00 :: Time: 0.001(0.00053/step) :: Entropy : 0.000 :: Grads : []
890 :: Rewards 114.122 :: steps: 1.00 :: Time: 0.001(0.00053/step) :: Entropy : 0.000 :: Grads : []
900 :: Rewards 113.762 :: steps: 1.00 :: Time: 0.001(0.00053/step) :: Entropy : 0.000 :: Grads : []
910 :: Rewards 112.677 :: steps: 1.00 :: Time: 0.001(0.00055/step) :: Entropy : 0.000 :: Grads : []
920 :: Rewards 112.347 :: steps: 1.00 :: Time: 0.001(0.00054/step) :: Entropy : 0.000 :: Grads : []
930 :: Rewards 113.273 :: steps: 1.00 :: Time: 0.001(0.00053/step) :: Entropy : 0.000 :: Grads : []
940 :: Rewards 111.943 :: steps: 1.00 :: Time: 0.001(0.00053/step) :: Entropy : 0.000 :: Grads : []
950 :: Rewards 111.122 :: steps: 1.00 :: Time: 0.001(0.00055/step) :: Entropy : 0.000 :: Grads : []
960 :: Rewards 111.716 :: steps: 1.00 :: Time: 0.001(0.00053/step) :: Entropy : 0.000 :: Grads : []
970 :: Rewards 111.336 :: steps: 1.00 :: Time: 0.001(0.00056/step) :: Entropy : 0.000 :: Grads : []
980 :: Rewards 110.540 :: steps: 1.00 :: Time: 0.001(0.00055/step) :: Entropy : 0.000 :: Grads : []
990 :: Rewards 110.198 :: steps: 1.00 :: Time: 0.001(0.00054/step) :: Entropy : 0.000 :: Grads : []
999 :: Rewards 110.374 :: steps: 0.90 :: Time: 0.001(0.00059/step) :: Entropy : 0.000 :: Grads : []
Total time taken: 0.5936551094055176
