Module path:  Environments.NS_Reco NS_Reco
Dynamically loaded from:  <class 'Environments.NS_Reco.NS_Reco'>
Reward Amplitudes: [4.17022005e-01 7.20324493e-01 1.14374817e-04 3.02332573e-01
 1.46755891e-01] :: Avg 0.317309867282206 
Module path:  Src.Algorithms.ProOLS ProOLS
Dynamically loaded from:  <class 'Src.Algorithms.ProOLS.ProOLS'>
=====Configurations=====
 Namespace(NN_basis_dim='32', Policy_basis_dim='32', actor_lr=0.006330904637554062, algo_name='ProOLS', base=0, batch_size=1000, buffer_size=1000, debug=False, delta=1, entropy_lambda=0.05062512794041892, env_name='NS_Reco', experiment='NS_4r_', extrapolator_basis='Fourier', folder_suffix='Default', fourier_coupled=True, fourier_k=5, fourier_order=3, gamma=0.99, gauss_std=1.5, gpu=0, hyper='default', importance_clip=5.0, inc=1, log_output='term_file', max_episodes=1000, max_inner=20, max_steps=500, optim='rmsprop', oracle=-1, raw_basis=True, restore=False, save_count=100, save_model=True, seed=24, speed=4, state_lr=0.001, summary=True, swarm=False, timestamp='5|25|9:58:27')
Actions space: 5 :: State space: 1
State Low: tensor([0.]) :: State High: tensor([1.])
State features:  [('dummy_param', torch.Size([1]))]
Policy:  [('fc1.weight', torch.Size([5, 1])), ('fc1.bias', torch.Size([5]))]
0 :: Rewards -0.004 :: steps: 0.10 :: Time: 0.000(0.00063/step) :: Entropy : 0.000 :: Grads : []
10 :: Rewards -0.191 :: steps: 1.00 :: Time: 0.007(0.00651/step) :: Entropy : 0.000 :: Grads : []
20 :: Rewards -1.358 :: steps: 1.00 :: Time: 0.009(0.00946/step) :: Entropy : 0.000 :: Grads : []
30 :: Rewards -2.470 :: steps: 1.00 :: Time: 0.009(0.00917/step) :: Entropy : 0.000 :: Grads : []
40 :: Rewards -3.067 :: steps: 1.00 :: Time: 0.009(0.00910/step) :: Entropy : 0.000 :: Grads : []
50 :: Rewards -3.524 :: steps: 1.00 :: Time: 0.009(0.00894/step) :: Entropy : 0.000 :: Grads : []
60 :: Rewards -4.912 :: steps: 1.00 :: Time: 0.009(0.00898/step) :: Entropy : 0.000 :: Grads : []
70 :: Rewards -7.349 :: steps: 1.00 :: Time: 0.009(0.00882/step) :: Entropy : 0.000 :: Grads : []
80 :: Rewards -8.978 :: steps: 1.00 :: Time: 0.009(0.00896/step) :: Entropy : 0.000 :: Grads : []
90 :: Rewards -8.978 :: steps: 1.00 :: Time: 0.009(0.00919/step) :: Entropy : 0.000 :: Grads : []
100 :: Rewards -8.978 :: steps: 1.00 :: Time: 0.009(0.00907/step) :: Entropy : 0.000 :: Grads : []
110 :: Rewards -8.978 :: steps: 1.00 :: Time: 0.009(0.00917/step) :: Entropy : 0.000 :: Grads : []
120 :: Rewards -8.978 :: steps: 1.00 :: Time: 0.009(0.00923/step) :: Entropy : 0.000 :: Grads : []
130 :: Rewards -8.978 :: steps: 1.00 :: Time: 0.009(0.00924/step) :: Entropy : 0.000 :: Grads : []
140 :: Rewards -8.978 :: steps: 1.00 :: Time: 0.009(0.00932/step) :: Entropy : 0.000 :: Grads : []
150 :: Rewards -8.978 :: steps: 1.00 :: Time: 0.010(0.00959/step) :: Entropy : 0.000 :: Grads : []
160 :: Rewards -8.978 :: steps: 1.00 :: Time: 0.010(0.00954/step) :: Entropy : 0.000 :: Grads : []
170 :: Rewards -8.978 :: steps: 1.00 :: Time: 0.010(0.00954/step) :: Entropy : 0.000 :: Grads : []
180 :: Rewards -8.979 :: steps: 1.00 :: Time: 0.010(0.00957/step) :: Entropy : 0.000 :: Grads : []
190 :: Rewards -9.288 :: steps: 1.00 :: Time: 0.010(0.00965/step) :: Entropy : 0.000 :: Grads : []
200 :: Rewards -10.330 :: steps: 1.00 :: Time: 0.010(0.00971/step) :: Entropy : 0.000 :: Grads : []
210 :: Rewards -12.048 :: steps: 1.00 :: Time: 0.010(0.01007/step) :: Entropy : 0.000 :: Grads : []
220 :: Rewards -13.949 :: steps: 1.00 :: Time: 0.010(0.01001/step) :: Entropy : 0.000 :: Grads : []
230 :: Rewards -15.441 :: steps: 1.00 :: Time: 0.010(0.00997/step) :: Entropy : 0.000 :: Grads : []
240 :: Rewards -16.417 :: steps: 1.00 :: Time: 0.010(0.01003/step) :: Entropy : 0.000 :: Grads : []
250 :: Rewards -17.089 :: steps: 1.00 :: Time: 0.010(0.01006/step) :: Entropy : 0.000 :: Grads : []
260 :: Rewards -17.286 :: steps: 1.00 :: Time: 0.010(0.01042/step) :: Entropy : 0.000 :: Grads : []
270 :: Rewards -17.405 :: steps: 1.00 :: Time: 0.010(0.01048/step) :: Entropy : 0.000 :: Grads : []
280 :: Rewards -17.492 :: steps: 1.00 :: Time: 0.010(0.01047/step) :: Entropy : 0.000 :: Grads : []
290 :: Rewards -17.683 :: steps: 1.00 :: Time: 0.011(0.01055/step) :: Entropy : 0.000 :: Grads : []
300 :: Rewards -18.688 :: steps: 1.00 :: Time: 0.011(0.01058/step) :: Entropy : 0.000 :: Grads : []
310 :: Rewards -19.121 :: steps: 1.00 :: Time: 0.011(0.01085/step) :: Entropy : 0.000 :: Grads : []
320 :: Rewards -19.684 :: steps: 1.00 :: Time: 0.011(0.01080/step) :: Entropy : 0.000 :: Grads : []
330 :: Rewards -19.722 :: steps: 1.00 :: Time: 0.011(0.01107/step) :: Entropy : 0.000 :: Grads : []
340 :: Rewards -20.025 :: steps: 1.00 :: Time: 0.011(0.01108/step) :: Entropy : 0.000 :: Grads : []
350 :: Rewards -21.193 :: steps: 1.00 :: Time: 0.011(0.01135/step) :: Entropy : 0.000 :: Grads : []
360 :: Rewards -21.486 :: steps: 1.00 :: Time: 0.011(0.01138/step) :: Entropy : 0.000 :: Grads : []
370 :: Rewards -21.753 :: steps: 1.00 :: Time: 0.011(0.01148/step) :: Entropy : 0.000 :: Grads : []
380 :: Rewards -22.020 :: steps: 1.00 :: Time: 0.012(0.01160/step) :: Entropy : 0.000 :: Grads : []
390 :: Rewards -22.090 :: steps: 1.00 :: Time: 0.012(0.01166/step) :: Entropy : 0.000 :: Grads : []
400 :: Rewards -22.607 :: steps: 1.00 :: Time: 0.012(0.01190/step) :: Entropy : 0.000 :: Grads : []
410 :: Rewards -23.032 :: steps: 1.00 :: Time: 0.012(0.01192/step) :: Entropy : 0.000 :: Grads : []
420 :: Rewards -24.441 :: steps: 1.00 :: Time: 0.012(0.01220/step) :: Entropy : 0.000 :: Grads : []
430 :: Rewards -25.367 :: steps: 1.00 :: Time: 0.012(0.01225/step) :: Entropy : 0.000 :: Grads : []
440 :: Rewards -25.624 :: steps: 1.00 :: Time: 0.013(0.01268/step) :: Entropy : 0.000 :: Grads : []
450 :: Rewards -26.288 :: steps: 1.00 :: Time: 0.013(0.01269/step) :: Entropy : 0.000 :: Grads : []
460 :: Rewards -27.210 :: steps: 1.00 :: Time: 0.013(0.01265/step) :: Entropy : 0.000 :: Grads : []
470 :: Rewards -29.203 :: steps: 1.00 :: Time: 0.013(0.01277/step) :: Entropy : 0.000 :: Grads : []
480 :: Rewards -30.547 :: steps: 1.00 :: Time: 0.013(0.01287/step) :: Entropy : 0.000 :: Grads : []
490 :: Rewards -30.547 :: steps: 1.00 :: Time: 0.013(0.01311/step) :: Entropy : 0.000 :: Grads : []
500 :: Rewards -30.547 :: steps: 1.00 :: Time: 0.013(0.01303/step) :: Entropy : 0.000 :: Grads : []
510 :: Rewards -30.547 :: steps: 1.00 :: Time: 0.014(0.01353/step) :: Entropy : 0.000 :: Grads : []
520 :: Rewards -30.547 :: steps: 1.00 :: Time: 0.014(0.01352/step) :: Entropy : 0.000 :: Grads : []
530 :: Rewards -30.547 :: steps: 1.00 :: Time: 0.014(0.01351/step) :: Entropy : 0.000 :: Grads : []
540 :: Rewards -30.547 :: steps: 1.00 :: Time: 0.013(0.01340/step) :: Entropy : 0.000 :: Grads : []
550 :: Rewards -30.547 :: steps: 1.00 :: Time: 0.013(0.01341/step) :: Entropy : 0.000 :: Grads : []
560 :: Rewards -30.547 :: steps: 1.00 :: Time: 0.014(0.01357/step) :: Entropy : 0.000 :: Grads : []
570 :: Rewards -30.547 :: steps: 1.00 :: Time: 0.014(0.01369/step) :: Entropy : 0.000 :: Grads : []
580 :: Rewards -30.547 :: steps: 1.00 :: Time: 0.014(0.01372/step) :: Entropy : 0.000 :: Grads : []
590 :: Rewards -30.547 :: steps: 1.00 :: Time: 0.014(0.01381/step) :: Entropy : 0.000 :: Grads : []
600 :: Rewards -30.547 :: steps: 1.00 :: Time: 0.014(0.01396/step) :: Entropy : 0.000 :: Grads : []
610 :: Rewards -30.547 :: steps: 1.00 :: Time: 0.014(0.01386/step) :: Entropy : 0.000 :: Grads : []
620 :: Rewards -30.547 :: steps: 1.00 :: Time: 0.015(0.01494/step) :: Entropy : 0.000 :: Grads : []
630 :: Rewards -30.547 :: steps: 1.00 :: Time: 0.016(0.01585/step) :: Entropy : 0.000 :: Grads : []
640 :: Rewards -30.940 :: steps: 1.00 :: Time: 0.016(0.01560/step) :: Entropy : 0.000 :: Grads : []
650 :: Rewards -32.606 :: steps: 1.00 :: Time: 0.015(0.01476/step) :: Entropy : 0.000 :: Grads : []
660 :: Rewards -35.512 :: steps: 1.00 :: Time: 0.015(0.01494/step) :: Entropy : 0.000 :: Grads : []
670 :: Rewards -39.764 :: steps: 1.00 :: Time: 0.014(0.01425/step) :: Entropy : 0.000 :: Grads : []
680 :: Rewards -43.700 :: steps: 1.00 :: Time: 0.015(0.01456/step) :: Entropy : 0.000 :: Grads : []
690 :: Rewards -45.270 :: steps: 1.00 :: Time: 0.014(0.01433/step) :: Entropy : 0.000 :: Grads : []
700 :: Rewards -45.270 :: steps: 1.00 :: Time: 0.014(0.01428/step) :: Entropy : 0.000 :: Grads : []
710 :: Rewards -45.688 :: steps: 1.00 :: Time: 0.015(0.01450/step) :: Entropy : 0.000 :: Grads : []
720 :: Rewards -45.688 :: steps: 1.00 :: Time: 0.015(0.01471/step) :: Entropy : 0.000 :: Grads : []
730 :: Rewards -45.688 :: steps: 1.00 :: Time: 0.015(0.01455/step) :: Entropy : 0.000 :: Grads : []
740 :: Rewards -45.688 :: steps: 1.00 :: Time: 0.014(0.01449/step) :: Entropy : 0.000 :: Grads : []
750 :: Rewards -45.688 :: steps: 1.00 :: Time: 0.015(0.01475/step) :: Entropy : 0.000 :: Grads : []
760 :: Rewards -45.688 :: steps: 1.00 :: Time: 0.015(0.01478/step) :: Entropy : 0.000 :: Grads : []
770 :: Rewards -45.688 :: steps: 1.00 :: Time: 0.015(0.01477/step) :: Entropy : 0.000 :: Grads : []
780 :: Rewards -45.688 :: steps: 1.00 :: Time: 0.015(0.01507/step) :: Entropy : 0.000 :: Grads : []
790 :: Rewards -45.688 :: steps: 1.00 :: Time: 0.015(0.01499/step) :: Entropy : 0.000 :: Grads : []
800 :: Rewards -45.688 :: steps: 1.00 :: Time: 0.015(0.01506/step) :: Entropy : 0.000 :: Grads : []
810 :: Rewards -45.688 :: steps: 1.00 :: Time: 0.015(0.01512/step) :: Entropy : 0.000 :: Grads : []
820 :: Rewards -45.688 :: steps: 1.00 :: Time: 0.015(0.01540/step) :: Entropy : 0.000 :: Grads : []
830 :: Rewards -45.688 :: steps: 1.00 :: Time: 0.015(0.01531/step) :: Entropy : 0.000 :: Grads : []
840 :: Rewards -45.769 :: steps: 1.00 :: Time: 0.015(0.01535/step) :: Entropy : 0.000 :: Grads : []
850 :: Rewards -46.317 :: steps: 1.00 :: Time: 0.016(0.01557/step) :: Entropy : 0.000 :: Grads : []
860 :: Rewards -47.376 :: steps: 1.00 :: Time: 0.015(0.01546/step) :: Entropy : 0.000 :: Grads : []
870 :: Rewards -48.956 :: steps: 1.00 :: Time: 0.015(0.01546/step) :: Entropy : 0.000 :: Grads : []
880 :: Rewards -51.052 :: steps: 1.00 :: Time: 0.016(0.01556/step) :: Entropy : 0.000 :: Grads : []
890 :: Rewards -53.284 :: steps: 1.00 :: Time: 0.016(0.01558/step) :: Entropy : 0.000 :: Grads : []
900 :: Rewards -56.539 :: steps: 1.00 :: Time: 0.016(0.01562/step) :: Entropy : 0.000 :: Grads : []
910 :: Rewards -59.679 :: steps: 1.00 :: Time: 0.016(0.01571/step) :: Entropy : 0.000 :: Grads : []
920 :: Rewards -62.830 :: steps: 1.00 :: Time: 0.016(0.01596/step) :: Entropy : 0.000 :: Grads : []
930 :: Rewards -65.909 :: steps: 1.00 :: Time: 0.016(0.01596/step) :: Entropy : 0.000 :: Grads : []
940 :: Rewards -67.339 :: steps: 1.00 :: Time: 0.016(0.01590/step) :: Entropy : 0.000 :: Grads : []
950 :: Rewards -68.684 :: steps: 1.00 :: Time: 0.016(0.01601/step) :: Entropy : 0.000 :: Grads : []
960 :: Rewards -68.684 :: steps: 1.00 :: Time: 0.016(0.01612/step) :: Entropy : 0.000 :: Grads : []
970 :: Rewards -68.684 :: steps: 1.00 :: Time: 0.016(0.01613/step) :: Entropy : 0.000 :: Grads : []
980 :: Rewards -68.684 :: steps: 1.00 :: Time: 0.016(0.01608/step) :: Entropy : 0.000 :: Grads : []
990 :: Rewards -68.684 :: steps: 1.00 :: Time: 0.017(0.01664/step) :: Entropy : 0.000 :: Grads : []
999 :: Rewards -68.684 :: steps: 0.90 :: Time: 0.015(0.01621/step) :: Entropy : 0.000 :: Grads : []
Total time taken: 12.759497880935669
