Module path:  Environments.NS_Reco NS_Reco
Dynamically loaded from:  <class 'Environments.NS_Reco.NS_Reco'>
Reward Amplitudes: [4.17022005e-01 7.20324493e-01 1.14374817e-04 3.02332573e-01
 1.46755891e-01] :: Avg 0.317309867282206 
Module path:  Src.Algorithms.OFPG OFPG
Dynamically loaded from:  <class 'Src.Algorithms.OFPG.OFPG'>
=====Configurations=====
 Namespace(NN_basis_dim='32', Policy_basis_dim='32', actor_lr=0.0021758107191788777, algo_name='OFPG', base=0, batch_size=1000, buffer_size=1000, debug=False, delta=5, entropy_lambda=0.0820027845863337, env_name='NS_Reco', experiment='NS_2r_', extrapolator_basis='Fourier', folder_suffix='Default', fourier_coupled=True, fourier_k=7, fourier_order=3, gamma=0.99, gauss_std=1.5, gpu=0, hyper='default', importance_clip=15.0, inc=1, log_output='term_file', max_episodes=1000, max_inner=100, max_steps=500, optim='rmsprop', oracle=-1, raw_basis=True, restore=False, save_count=100, save_model=True, seed=24, speed=2, state_lr=0.001, summary=True, swarm=False, timestamp='5|25|11:19:40')
Actions space: 5 :: State space: 1
State Low: tensor([0.]) :: State High: tensor([1.])
State features:  [('dummy_param', torch.Size([1]))]
Policy:  [('fc1.weight', torch.Size([5, 1])), ('fc1.bias', torch.Size([5]))]
0 :: Rewards -0.004 :: steps: 0.10 :: Time: 0.000(0.00060/step) :: Entropy : 0.000 :: Grads : []
10 :: Rewards -0.167 :: steps: 1.00 :: Time: 0.008(0.00797/step) :: Entropy : 0.000 :: Grads : []
20 :: Rewards -0.681 :: steps: 1.00 :: Time: 0.008(0.00800/step) :: Entropy : 0.000 :: Grads : []
30 :: Rewards -1.388 :: steps: 1.00 :: Time: 0.008(0.00816/step) :: Entropy : 0.000 :: Grads : []
40 :: Rewards -2.523 :: steps: 1.00 :: Time: 0.008(0.00785/step) :: Entropy : 0.000 :: Grads : []
50 :: Rewards -3.477 :: steps: 1.00 :: Time: 0.008(0.00798/step) :: Entropy : 0.000 :: Grads : []
60 :: Rewards -4.554 :: steps: 1.00 :: Time: 0.008(0.00795/step) :: Entropy : 0.000 :: Grads : []
70 :: Rewards -5.930 :: steps: 1.00 :: Time: 0.008(0.00824/step) :: Entropy : 0.000 :: Grads : []
80 :: Rewards -7.667 :: steps: 1.00 :: Time: 0.008(0.00816/step) :: Entropy : 0.000 :: Grads : []
90 :: Rewards -8.727 :: steps: 1.00 :: Time: 0.008(0.00820/step) :: Entropy : 0.000 :: Grads : []
100 :: Rewards -10.677 :: steps: 1.00 :: Time: 0.008(0.00823/step) :: Entropy : 0.000 :: Grads : []
110 :: Rewards -11.563 :: steps: 1.00 :: Time: 0.008(0.00837/step) :: Entropy : 0.000 :: Grads : []
120 :: Rewards -12.819 :: steps: 1.00 :: Time: 0.008(0.00847/step) :: Entropy : 0.000 :: Grads : []
130 :: Rewards -13.101 :: steps: 1.00 :: Time: 0.009(0.00853/step) :: Entropy : 0.000 :: Grads : []
140 :: Rewards -14.417 :: steps: 1.00 :: Time: 0.009(0.00858/step) :: Entropy : 0.000 :: Grads : []
150 :: Rewards -15.211 :: steps: 1.00 :: Time: 0.009(0.00869/step) :: Entropy : 0.000 :: Grads : []
160 :: Rewards -15.964 :: steps: 1.00 :: Time: 0.009(0.00869/step) :: Entropy : 0.000 :: Grads : []
170 :: Rewards -15.964 :: steps: 1.00 :: Time: 0.009(0.00888/step) :: Entropy : 0.000 :: Grads : []
180 :: Rewards -17.065 :: steps: 1.00 :: Time: 0.009(0.00888/step) :: Entropy : 0.000 :: Grads : []
190 :: Rewards -17.517 :: steps: 1.00 :: Time: 0.009(0.00896/step) :: Entropy : 0.000 :: Grads : []
200 :: Rewards -17.517 :: steps: 1.00 :: Time: 0.009(0.00899/step) :: Entropy : 0.000 :: Grads : []
210 :: Rewards -18.616 :: steps: 1.00 :: Time: 0.009(0.00913/step) :: Entropy : 0.000 :: Grads : []
220 :: Rewards -18.616 :: steps: 1.00 :: Time: 0.009(0.00913/step) :: Entropy : 0.000 :: Grads : []
230 :: Rewards -18.616 :: steps: 1.00 :: Time: 0.011(0.01072/step) :: Entropy : 0.000 :: Grads : []
240 :: Rewards -18.925 :: steps: 1.00 :: Time: 0.010(0.00974/step) :: Entropy : 0.000 :: Grads : []
250 :: Rewards -19.213 :: steps: 1.00 :: Time: 0.009(0.00944/step) :: Entropy : 0.000 :: Grads : []
260 :: Rewards -19.602 :: steps: 1.00 :: Time: 0.010(0.00956/step) :: Entropy : 0.000 :: Grads : []
270 :: Rewards -19.602 :: steps: 1.00 :: Time: 0.010(0.00966/step) :: Entropy : 0.000 :: Grads : []
280 :: Rewards -19.602 :: steps: 1.00 :: Time: 0.010(0.00984/step) :: Entropy : 0.000 :: Grads : []
290 :: Rewards -19.831 :: steps: 1.00 :: Time: 0.010(0.00993/step) :: Entropy : 0.000 :: Grads : []
300 :: Rewards -19.831 :: steps: 1.00 :: Time: 0.010(0.00997/step) :: Entropy : 0.000 :: Grads : []
310 :: Rewards -20.097 :: steps: 1.00 :: Time: 0.010(0.01017/step) :: Entropy : 0.000 :: Grads : []
320 :: Rewards -20.097 :: steps: 1.00 :: Time: 0.010(0.01035/step) :: Entropy : 0.000 :: Grads : []
330 :: Rewards -20.097 :: steps: 1.00 :: Time: 0.011(0.01053/step) :: Entropy : 0.000 :: Grads : []
340 :: Rewards -20.178 :: steps: 1.00 :: Time: 0.011(0.01054/step) :: Entropy : 0.000 :: Grads : []
350 :: Rewards -20.227 :: steps: 1.00 :: Time: 0.011(0.01075/step) :: Entropy : 0.000 :: Grads : []
360 :: Rewards -20.353 :: steps: 1.00 :: Time: 0.011(0.01086/step) :: Entropy : 0.000 :: Grads : []
370 :: Rewards -20.601 :: steps: 1.00 :: Time: 0.011(0.01099/step) :: Entropy : 0.000 :: Grads : []
380 :: Rewards -21.003 :: steps: 1.00 :: Time: 0.011(0.01116/step) :: Entropy : 0.000 :: Grads : []
390 :: Rewards -21.836 :: steps: 1.00 :: Time: 0.011(0.01116/step) :: Entropy : 0.000 :: Grads : []
400 :: Rewards -23.053 :: steps: 1.00 :: Time: 0.011(0.01128/step) :: Entropy : 0.000 :: Grads : []
410 :: Rewards -24.637 :: steps: 1.00 :: Time: 0.012(0.01150/step) :: Entropy : 0.000 :: Grads : []
420 :: Rewards -26.158 :: steps: 1.00 :: Time: 0.012(0.01163/step) :: Entropy : 0.000 :: Grads : []
430 :: Rewards -27.679 :: steps: 1.00 :: Time: 0.014(0.01391/step) :: Entropy : 0.000 :: Grads : []
440 :: Rewards -29.669 :: steps: 1.00 :: Time: 0.012(0.01176/step) :: Entropy : 0.000 :: Grads : []
450 :: Rewards -32.352 :: steps: 1.00 :: Time: 0.012(0.01189/step) :: Entropy : 0.000 :: Grads : []
460 :: Rewards -34.821 :: steps: 1.00 :: Time: 0.012(0.01190/step) :: Entropy : 0.000 :: Grads : []
470 :: Rewards -37.504 :: steps: 1.00 :: Time: 0.012(0.01200/step) :: Entropy : 0.000 :: Grads : []
480 :: Rewards -40.676 :: steps: 1.00 :: Time: 0.012(0.01205/step) :: Entropy : 0.000 :: Grads : []
490 :: Rewards -44.140 :: steps: 1.00 :: Time: 0.012(0.01208/step) :: Entropy : 0.000 :: Grads : []
500 :: Rewards -47.349 :: steps: 1.00 :: Time: 0.012(0.01222/step) :: Entropy : 0.000 :: Grads : []
510 :: Rewards -49.352 :: steps: 1.00 :: Time: 0.012(0.01220/step) :: Entropy : 0.000 :: Grads : []
520 :: Rewards -52.407 :: steps: 1.00 :: Time: 0.013(0.01253/step) :: Entropy : 0.000 :: Grads : []
530 :: Rewards -55.684 :: steps: 1.00 :: Time: 0.013(0.01250/step) :: Entropy : 0.000 :: Grads : []
540 :: Rewards -59.228 :: steps: 1.00 :: Time: 0.013(0.01252/step) :: Entropy : 0.000 :: Grads : []
550 :: Rewards -62.428 :: steps: 1.00 :: Time: 0.013(0.01258/step) :: Entropy : 0.000 :: Grads : []
560 :: Rewards -64.221 :: steps: 1.00 :: Time: 0.013(0.01260/step) :: Entropy : 0.000 :: Grads : []
570 :: Rewards -65.633 :: steps: 1.00 :: Time: 0.013(0.01270/step) :: Entropy : 0.000 :: Grads : []
580 :: Rewards -67.711 :: steps: 1.00 :: Time: 0.013(0.01284/step) :: Entropy : 0.000 :: Grads : []
590 :: Rewards -71.238 :: steps: 1.00 :: Time: 0.013(0.01289/step) :: Entropy : 0.000 :: Grads : []
600 :: Rewards -73.743 :: steps: 1.00 :: Time: 0.013(0.01295/step) :: Entropy : 0.000 :: Grads : []
610 :: Rewards -76.874 :: steps: 1.00 :: Time: 0.013(0.01317/step) :: Entropy : 0.000 :: Grads : []
620 :: Rewards -79.627 :: steps: 1.00 :: Time: 0.013(0.01323/step) :: Entropy : 0.000 :: Grads : []
630 :: Rewards -81.842 :: steps: 1.00 :: Time: 0.013(0.01331/step) :: Entropy : 0.000 :: Grads : []
640 :: Rewards -85.262 :: steps: 1.00 :: Time: 0.013(0.01318/step) :: Entropy : 0.000 :: Grads : []
650 :: Rewards -89.650 :: steps: 1.00 :: Time: 0.013(0.01336/step) :: Entropy : 0.000 :: Grads : []
660 :: Rewards -92.464 :: steps: 1.00 :: Time: 0.013(0.01332/step) :: Entropy : 0.000 :: Grads : []
670 :: Rewards -97.432 :: steps: 1.00 :: Time: 0.013(0.01333/step) :: Entropy : 0.000 :: Grads : []
680 :: Rewards -100.455 :: steps: 1.00 :: Time: 0.014(0.01353/step) :: Entropy : 0.000 :: Grads : []
690 :: Rewards -102.862 :: steps: 1.00 :: Time: 0.013(0.01349/step) :: Entropy : 0.000 :: Grads : []
700 :: Rewards -105.432 :: steps: 1.00 :: Time: 0.014(0.01357/step) :: Entropy : 0.000 :: Grads : []
710 :: Rewards -109.051 :: steps: 1.00 :: Time: 0.014(0.01353/step) :: Entropy : 0.000 :: Grads : []
720 :: Rewards -111.959 :: steps: 1.00 :: Time: 0.014(0.01353/step) :: Entropy : 0.000 :: Grads : []
730 :: Rewards -115.005 :: steps: 1.00 :: Time: 0.014(0.01362/step) :: Entropy : 0.000 :: Grads : []
740 :: Rewards -118.953 :: steps: 1.00 :: Time: 0.014(0.01377/step) :: Entropy : 0.000 :: Grads : []
750 :: Rewards -121.834 :: steps: 1.00 :: Time: 0.014(0.01374/step) :: Entropy : 0.000 :: Grads : []
760 :: Rewards -124.488 :: steps: 1.00 :: Time: 0.014(0.01393/step) :: Entropy : 0.000 :: Grads : []
770 :: Rewards -127.577 :: steps: 1.00 :: Time: 0.014(0.01387/step) :: Entropy : 0.000 :: Grads : []
780 :: Rewards -130.148 :: steps: 1.00 :: Time: 0.014(0.01397/step) :: Entropy : 0.000 :: Grads : []
790 :: Rewards -132.288 :: steps: 1.00 :: Time: 0.014(0.01408/step) :: Entropy : 0.000 :: Grads : []
800 :: Rewards -135.303 :: steps: 1.00 :: Time: 0.014(0.01407/step) :: Entropy : 0.000 :: Grads : []
810 :: Rewards -138.042 :: steps: 1.00 :: Time: 0.014(0.01418/step) :: Entropy : 0.000 :: Grads : []
820 :: Rewards -140.490 :: steps: 1.00 :: Time: 0.014(0.01437/step) :: Entropy : 0.000 :: Grads : []
830 :: Rewards -142.911 :: steps: 1.00 :: Time: 0.014(0.01427/step) :: Entropy : 0.000 :: Grads : []
840 :: Rewards -145.669 :: steps: 1.00 :: Time: 0.014(0.01443/step) :: Entropy : 0.000 :: Grads : []
850 :: Rewards -148.126 :: steps: 1.00 :: Time: 0.015(0.01453/step) :: Entropy : 0.000 :: Grads : []
860 :: Rewards -150.935 :: steps: 1.00 :: Time: 0.015(0.01453/step) :: Entropy : 0.000 :: Grads : []
870 :: Rewards -152.686 :: steps: 1.00 :: Time: 0.015(0.01458/step) :: Entropy : 0.000 :: Grads : []
880 :: Rewards -155.202 :: steps: 1.00 :: Time: 0.015(0.01451/step) :: Entropy : 0.000 :: Grads : []
890 :: Rewards -156.977 :: steps: 1.00 :: Time: 0.015(0.01452/step) :: Entropy : 0.000 :: Grads : []
900 :: Rewards -158.566 :: steps: 1.00 :: Time: 0.015(0.01464/step) :: Entropy : 0.000 :: Grads : []
910 :: Rewards -162.034 :: steps: 1.00 :: Time: 0.015(0.01464/step) :: Entropy : 0.000 :: Grads : []
920 :: Rewards -164.352 :: steps: 1.00 :: Time: 0.015(0.01469/step) :: Entropy : 0.000 :: Grads : []
930 :: Rewards -167.519 :: steps: 1.00 :: Time: 0.015(0.01479/step) :: Entropy : 0.000 :: Grads : []
940 :: Rewards -172.266 :: steps: 1.00 :: Time: 0.015(0.01476/step) :: Entropy : 0.000 :: Grads : []
950 :: Rewards -177.149 :: steps: 1.00 :: Time: 0.015(0.01490/step) :: Entropy : 0.000 :: Grads : []
960 :: Rewards -179.113 :: steps: 1.00 :: Time: 0.015(0.01475/step) :: Entropy : 0.000 :: Grads : []
970 :: Rewards -184.135 :: steps: 1.00 :: Time: 0.015(0.01487/step) :: Entropy : 0.000 :: Grads : []
980 :: Rewards -188.954 :: steps: 1.00 :: Time: 0.015(0.01514/step) :: Entropy : 0.000 :: Grads : []
990 :: Rewards -194.696 :: steps: 1.00 :: Time: 0.015(0.01505/step) :: Entropy : 0.000 :: Grads : []
999 :: Rewards -199.105 :: steps: 0.90 :: Time: 0.015(0.01693/step) :: Entropy : 0.000 :: Grads : []
Total time taken: 11.907871961593628
