Module path:  Environments.NS_Reco NS_Reco
Dynamically loaded from:  <class 'Environments.NS_Reco.NS_Reco'>
Reward Amplitudes: [4.17022005e-01 7.20324493e-01 1.14374817e-04 3.02332573e-01
 1.46755891e-01] :: Avg 0.317309867282206 
Module path:  Src.Algorithms.ProOLS ProOLS
Dynamically loaded from:  <class 'Src.Algorithms.ProOLS.ProOLS'>
=====Configurations=====
 Namespace(NN_basis_dim='32', Policy_basis_dim='32', actor_lr=0.006528973986480399, algo_name='ProOLS', base=0, batch_size=1000, buffer_size=1000, debug=False, delta=1, entropy_lambda=0.03442646767804006, env_name='NS_Reco', experiment='NS_3r_', extrapolator_basis='Fourier', folder_suffix='Default', fourier_coupled=True, fourier_k=7, fourier_order=3, gamma=0.99, gauss_std=1.5, gpu=0, hyper='default', importance_clip=5.0, inc=1, log_output='term_file', max_episodes=1000, max_inner=30, max_steps=500, optim='rmsprop', oracle=-1, raw_basis=True, restore=False, save_count=100, save_model=True, seed=29, speed=3, state_lr=0.001, summary=True, swarm=False, timestamp='5|25|9:31:50')
Actions space: 5 :: State space: 1
State Low: tensor([0.]) :: State High: tensor([1.])
State features:  [('dummy_param', torch.Size([1]))]
Policy:  [('fc1.weight', torch.Size([5, 1])), ('fc1.bias', torch.Size([5]))]
0 :: Rewards -0.001 :: steps: 0.10 :: Time: 0.000(0.00062/step) :: Entropy : 0.000 :: Grads : []
10 :: Rewards -0.262 :: steps: 1.00 :: Time: 0.006(0.00562/step) :: Entropy : 0.000 :: Grads : []
20 :: Rewards -1.028 :: steps: 1.00 :: Time: 0.013(0.01349/step) :: Entropy : 0.000 :: Grads : []
30 :: Rewards -1.882 :: steps: 1.00 :: Time: 0.014(0.01378/step) :: Entropy : 0.000 :: Grads : []
40 :: Rewards -2.504 :: steps: 1.00 :: Time: 0.016(0.01638/step) :: Entropy : 0.000 :: Grads : []
50 :: Rewards -3.817 :: steps: 1.00 :: Time: 0.014(0.01429/step) :: Entropy : 0.000 :: Grads : []
60 :: Rewards -4.906 :: steps: 1.00 :: Time: 0.014(0.01431/step) :: Entropy : 0.000 :: Grads : []
70 :: Rewards -5.882 :: steps: 1.00 :: Time: 0.019(0.01860/step) :: Entropy : 0.000 :: Grads : []
80 :: Rewards -6.438 :: steps: 1.00 :: Time: 0.014(0.01433/step) :: Entropy : 0.000 :: Grads : []
90 :: Rewards -8.846 :: steps: 1.00 :: Time: 0.014(0.01387/step) :: Entropy : 0.000 :: Grads : []
100 :: Rewards -9.479 :: steps: 1.00 :: Time: 0.014(0.01393/step) :: Entropy : 0.000 :: Grads : []
110 :: Rewards -9.479 :: steps: 1.00 :: Time: 0.014(0.01398/step) :: Entropy : 0.000 :: Grads : []
120 :: Rewards -9.479 :: steps: 1.00 :: Time: 0.014(0.01412/step) :: Entropy : 0.000 :: Grads : []
130 :: Rewards -9.479 :: steps: 1.00 :: Time: 0.014(0.01431/step) :: Entropy : 0.000 :: Grads : []
140 :: Rewards -9.479 :: steps: 1.00 :: Time: 0.014(0.01438/step) :: Entropy : 0.000 :: Grads : []
150 :: Rewards -9.479 :: steps: 1.00 :: Time: 0.015(0.01466/step) :: Entropy : 0.000 :: Grads : []
160 :: Rewards -9.479 :: steps: 1.00 :: Time: 0.015(0.01466/step) :: Entropy : 0.000 :: Grads : []
170 :: Rewards -9.479 :: steps: 1.00 :: Time: 0.015(0.01479/step) :: Entropy : 0.000 :: Grads : []
180 :: Rewards -9.479 :: steps: 1.00 :: Time: 0.015(0.01530/step) :: Entropy : 0.000 :: Grads : []
190 :: Rewards -9.479 :: steps: 1.00 :: Time: 0.016(0.01640/step) :: Entropy : 0.000 :: Grads : []
200 :: Rewards -9.479 :: steps: 1.00 :: Time: 0.015(0.01539/step) :: Entropy : 0.000 :: Grads : []
210 :: Rewards -9.479 :: steps: 1.00 :: Time: 0.015(0.01541/step) :: Entropy : 0.000 :: Grads : []
220 :: Rewards -9.479 :: steps: 1.00 :: Time: 0.021(0.02077/step) :: Entropy : 0.000 :: Grads : []
230 :: Rewards -9.479 :: steps: 1.00 :: Time: 0.016(0.01607/step) :: Entropy : 0.000 :: Grads : []
240 :: Rewards -9.479 :: steps: 1.00 :: Time: 0.015(0.01548/step) :: Entropy : 0.000 :: Grads : []
250 :: Rewards -9.745 :: steps: 1.00 :: Time: 0.016(0.01567/step) :: Entropy : 0.000 :: Grads : []
260 :: Rewards -10.545 :: steps: 1.00 :: Time: 0.016(0.01604/step) :: Entropy : 0.000 :: Grads : []
270 :: Rewards -11.844 :: steps: 1.00 :: Time: 0.017(0.01660/step) :: Entropy : 0.000 :: Grads : []
280 :: Rewards -13.678 :: steps: 1.00 :: Time: 0.017(0.01723/step) :: Entropy : 0.000 :: Grads : []
290 :: Rewards -15.838 :: steps: 1.00 :: Time: 0.017(0.01721/step) :: Entropy : 0.000 :: Grads : []
300 :: Rewards -16.126 :: steps: 1.00 :: Time: 0.018(0.01759/step) :: Entropy : 0.000 :: Grads : []
310 :: Rewards -16.126 :: steps: 1.00 :: Time: 0.018(0.01766/step) :: Entropy : 0.000 :: Grads : []
320 :: Rewards -16.126 :: steps: 1.00 :: Time: 0.017(0.01740/step) :: Entropy : 0.000 :: Grads : []
330 :: Rewards -16.126 :: steps: 1.00 :: Time: 0.018(0.01826/step) :: Entropy : 0.000 :: Grads : []
340 :: Rewards -16.126 :: steps: 1.00 :: Time: 0.018(0.01765/step) :: Entropy : 0.000 :: Grads : []
350 :: Rewards -16.153 :: steps: 1.00 :: Time: 0.018(0.01770/step) :: Entropy : 0.000 :: Grads : []
360 :: Rewards -16.917 :: steps: 1.00 :: Time: 0.018(0.01824/step) :: Entropy : 0.000 :: Grads : []
370 :: Rewards -17.110 :: steps: 1.00 :: Time: 0.019(0.01924/step) :: Entropy : 0.000 :: Grads : []
380 :: Rewards -17.110 :: steps: 1.00 :: Time: 0.018(0.01847/step) :: Entropy : 0.000 :: Grads : []
390 :: Rewards -17.110 :: steps: 1.00 :: Time: 0.019(0.01856/step) :: Entropy : 0.000 :: Grads : []
400 :: Rewards -17.110 :: steps: 1.00 :: Time: 0.019(0.01898/step) :: Entropy : 0.000 :: Grads : []
410 :: Rewards -17.110 :: steps: 1.00 :: Time: 0.020(0.01972/step) :: Entropy : 0.000 :: Grads : []
420 :: Rewards -17.977 :: steps: 1.00 :: Time: 0.020(0.01963/step) :: Entropy : 0.000 :: Grads : []
430 :: Rewards -17.977 :: steps: 1.00 :: Time: 0.020(0.01975/step) :: Entropy : 0.000 :: Grads : []
440 :: Rewards -18.843 :: steps: 1.00 :: Time: 0.021(0.02066/step) :: Entropy : 0.000 :: Grads : []
450 :: Rewards -19.257 :: steps: 1.00 :: Time: 0.020(0.02000/step) :: Entropy : 0.000 :: Grads : []
460 :: Rewards -19.610 :: steps: 1.00 :: Time: 0.020(0.02006/step) :: Entropy : 0.000 :: Grads : []
470 :: Rewards -19.962 :: steps: 1.00 :: Time: 0.021(0.02132/step) :: Entropy : 0.000 :: Grads : []
480 :: Rewards -20.015 :: steps: 1.00 :: Time: 0.021(0.02075/step) :: Entropy : 0.000 :: Grads : []
490 :: Rewards -20.122 :: steps: 1.00 :: Time: 0.020(0.02024/step) :: Entropy : 0.000 :: Grads : []
500 :: Rewards -20.373 :: steps: 1.00 :: Time: 0.020(0.02042/step) :: Entropy : 0.000 :: Grads : []
510 :: Rewards -20.895 :: steps: 1.00 :: Time: 0.021(0.02062/step) :: Entropy : 0.000 :: Grads : []
520 :: Rewards -23.272 :: steps: 1.00 :: Time: 0.021(0.02085/step) :: Entropy : 0.000 :: Grads : []
530 :: Rewards -23.729 :: steps: 1.00 :: Time: 0.021(0.02098/step) :: Entropy : 0.000 :: Grads : []
540 :: Rewards -24.621 :: steps: 1.00 :: Time: 0.021(0.02090/step) :: Entropy : 0.000 :: Grads : []
550 :: Rewards -24.803 :: steps: 1.00 :: Time: 0.021(0.02105/step) :: Entropy : 0.000 :: Grads : []
560 :: Rewards -25.352 :: steps: 1.00 :: Time: 0.021(0.02110/step) :: Entropy : 0.000 :: Grads : []
570 :: Rewards -26.237 :: steps: 1.00 :: Time: 0.021(0.02122/step) :: Entropy : 0.000 :: Grads : []
580 :: Rewards -26.315 :: steps: 1.00 :: Time: 0.021(0.02126/step) :: Entropy : 0.000 :: Grads : []
590 :: Rewards -26.822 :: steps: 1.00 :: Time: 0.021(0.02133/step) :: Entropy : 0.000 :: Grads : []
600 :: Rewards -27.673 :: steps: 1.00 :: Time: 0.022(0.02169/step) :: Entropy : 0.000 :: Grads : []
610 :: Rewards -28.418 :: steps: 1.00 :: Time: 0.022(0.02164/step) :: Entropy : 0.000 :: Grads : []
620 :: Rewards -28.947 :: steps: 1.00 :: Time: 0.022(0.02173/step) :: Entropy : 0.000 :: Grads : []
630 :: Rewards -28.947 :: steps: 1.00 :: Time: 0.022(0.02180/step) :: Entropy : 0.000 :: Grads : []
640 :: Rewards -29.307 :: steps: 1.00 :: Time: 0.022(0.02208/step) :: Entropy : 0.000 :: Grads : []
650 :: Rewards -29.307 :: steps: 1.00 :: Time: 0.022(0.02201/step) :: Entropy : 0.000 :: Grads : []
660 :: Rewards -29.307 :: steps: 1.00 :: Time: 0.024(0.02351/step) :: Entropy : 0.000 :: Grads : []
670 :: Rewards -29.307 :: steps: 1.00 :: Time: 0.024(0.02445/step) :: Entropy : 0.000 :: Grads : []
680 :: Rewards -29.307 :: steps: 1.00 :: Time: 0.024(0.02407/step) :: Entropy : 0.000 :: Grads : []
690 :: Rewards -29.307 :: steps: 1.00 :: Time: 0.026(0.02646/step) :: Entropy : 0.000 :: Grads : []
700 :: Rewards -29.307 :: steps: 1.00 :: Time: 0.023(0.02283/step) :: Entropy : 0.000 :: Grads : []
710 :: Rewards -29.307 :: steps: 1.00 :: Time: 0.023(0.02287/step) :: Entropy : 0.000 :: Grads : []
720 :: Rewards -29.307 :: steps: 1.00 :: Time: 0.023(0.02300/step) :: Entropy : 0.000 :: Grads : []
730 :: Rewards -29.307 :: steps: 1.00 :: Time: 0.023(0.02305/step) :: Entropy : 0.000 :: Grads : []
740 :: Rewards -29.307 :: steps: 1.00 :: Time: 0.023(0.02307/step) :: Entropy : 0.000 :: Grads : []
750 :: Rewards -29.307 :: steps: 1.00 :: Time: 0.023(0.02322/step) :: Entropy : 0.000 :: Grads : []
760 :: Rewards -29.307 :: steps: 1.00 :: Time: 0.023(0.02320/step) :: Entropy : 0.000 :: Grads : []
770 :: Rewards -29.307 :: steps: 1.00 :: Time: 0.024(0.02354/step) :: Entropy : 0.000 :: Grads : []
780 :: Rewards -29.307 :: steps: 1.00 :: Time: 0.024(0.02396/step) :: Entropy : 0.000 :: Grads : []
790 :: Rewards -29.307 :: steps: 1.00 :: Time: 0.025(0.02468/step) :: Entropy : 0.000 :: Grads : []
800 :: Rewards -29.307 :: steps: 1.00 :: Time: 0.024(0.02412/step) :: Entropy : 0.000 :: Grads : []
810 :: Rewards -29.307 :: steps: 1.00 :: Time: 0.027(0.02707/step) :: Entropy : 0.000 :: Grads : []
820 :: Rewards -29.307 :: steps: 1.00 :: Time: 0.025(0.02522/step) :: Entropy : 0.000 :: Grads : []
830 :: Rewards -29.307 :: steps: 1.00 :: Time: 0.030(0.02998/step) :: Entropy : 0.000 :: Grads : []
840 :: Rewards -29.307 :: steps: 1.00 :: Time: 0.025(0.02509/step) :: Entropy : 0.000 :: Grads : []
850 :: Rewards -29.485 :: steps: 1.00 :: Time: 0.025(0.02485/step) :: Entropy : 0.000 :: Grads : []
860 :: Rewards -30.608 :: steps: 1.00 :: Time: 0.025(0.02467/step) :: Entropy : 0.000 :: Grads : []
870 :: Rewards -32.330 :: steps: 1.00 :: Time: 0.026(0.02627/step) :: Entropy : 0.000 :: Grads : []
880 :: Rewards -32.330 :: steps: 1.00 :: Time: 0.027(0.02655/step) :: Entropy : 0.000 :: Grads : []
890 :: Rewards -33.146 :: steps: 1.00 :: Time: 0.026(0.02560/step) :: Entropy : 0.000 :: Grads : []
900 :: Rewards -33.649 :: steps: 1.00 :: Time: 0.025(0.02516/step) :: Entropy : 0.000 :: Grads : []
910 :: Rewards -33.649 :: steps: 1.00 :: Time: 0.025(0.02517/step) :: Entropy : 0.000 :: Grads : []
920 :: Rewards -33.649 :: steps: 1.00 :: Time: 0.026(0.02600/step) :: Entropy : 0.000 :: Grads : []
930 :: Rewards -33.649 :: steps: 1.00 :: Time: 0.026(0.02552/step) :: Entropy : 0.000 :: Grads : []
940 :: Rewards -33.649 :: steps: 1.00 :: Time: 0.026(0.02564/step) :: Entropy : 0.000 :: Grads : []
950 :: Rewards -33.649 :: steps: 1.00 :: Time: 0.028(0.02780/step) :: Entropy : 0.000 :: Grads : []
960 :: Rewards -33.649 :: steps: 1.00 :: Time: 0.028(0.02791/step) :: Entropy : 0.000 :: Grads : []
970 :: Rewards -33.649 :: steps: 1.00 :: Time: 0.030(0.02988/step) :: Entropy : 0.000 :: Grads : []
980 :: Rewards -33.649 :: steps: 1.00 :: Time: 0.026(0.02602/step) :: Entropy : 0.000 :: Grads : []
990 :: Rewards -33.649 :: steps: 1.00 :: Time: 0.026(0.02576/step) :: Entropy : 0.000 :: Grads : []
999 :: Rewards -33.649 :: steps: 0.90 :: Time: 0.023(0.02577/step) :: Entropy : 0.000 :: Grads : []
Total time taken: 20.45656394958496
