Module path:  Environments.NS_Reco NS_Reco
Dynamically loaded from:  <class 'Environments.NS_Reco.NS_Reco'>
Reward Amplitudes: [4.17022005e-01 7.20324493e-01 1.14374817e-04 3.02332573e-01
 1.46755891e-01] :: Avg 0.317309867282206 
Module path:  Src.Algorithms.ProWLS ProWLS
Dynamically loaded from:  <class 'Src.Algorithms.ProWLS.ProWLS'>
=====Configurations=====
 Namespace(NN_basis_dim='32', Policy_basis_dim='32', actor_lr=0.007650333890460954, algo_name='ProWLS', base=0, batch_size=1000, buffer_size=1000, debug=False, delta=5, entropy_lambda=0.03134205440723196, env_name='NS_Reco', experiment='NS_2r_', extrapolator_basis='Fourier', folder_suffix='Default', fourier_coupled=True, fourier_k=3, fourier_order=3, gamma=0.99, gauss_std=1.5, gpu=0, hyper='default', importance_clip=15.0, inc=1, log_output='term_file', max_episodes=1000, max_inner=50, max_steps=500, optim='rmsprop', oracle=-1, raw_basis=True, restore=False, save_count=100, save_model=True, seed=16, speed=2, state_lr=0.001, summary=True, swarm=False, timestamp='5|25|11:28:28')
Actions space: 5 :: State space: 1
State Low: tensor([0.]) :: State High: tensor([1.])
State features:  [('dummy_param', torch.Size([1]))]
Policy:  [('fc1.weight', torch.Size([5, 1])), ('fc1.bias', torch.Size([5]))]
0 :: Rewards 0.000 :: steps: 0.10 :: Time: 0.000(0.00062/step) :: Entropy : 0.000 :: Grads : []
10 :: Rewards -0.200 :: steps: 1.00 :: Time: 0.006(0.00602/step) :: Entropy : 0.000 :: Grads : []
20 :: Rewards -0.853 :: steps: 1.00 :: Time: 0.006(0.00589/step) :: Entropy : 0.000 :: Grads : []
30 :: Rewards -1.894 :: steps: 1.00 :: Time: 0.006(0.00601/step) :: Entropy : 0.000 :: Grads : []
40 :: Rewards -3.095 :: steps: 1.00 :: Time: 0.006(0.00586/step) :: Entropy : 0.000 :: Grads : []
50 :: Rewards -4.696 :: steps: 1.00 :: Time: 0.006(0.00594/step) :: Entropy : 0.000 :: Grads : []
60 :: Rewards -6.161 :: steps: 1.00 :: Time: 0.006(0.00600/step) :: Entropy : 0.000 :: Grads : []
70 :: Rewards -7.191 :: steps: 1.00 :: Time: 0.006(0.00608/step) :: Entropy : 0.000 :: Grads : []
80 :: Rewards -7.900 :: steps: 1.00 :: Time: 0.006(0.00622/step) :: Entropy : 0.000 :: Grads : []
90 :: Rewards -8.779 :: steps: 1.00 :: Time: 0.006(0.00633/step) :: Entropy : 0.000 :: Grads : []
100 :: Rewards -9.542 :: steps: 1.00 :: Time: 0.006(0.00640/step) :: Entropy : 0.000 :: Grads : []
110 :: Rewards -9.887 :: steps: 1.00 :: Time: 0.007(0.00650/step) :: Entropy : 0.000 :: Grads : []
120 :: Rewards -9.887 :: steps: 1.00 :: Time: 0.007(0.00657/step) :: Entropy : 0.000 :: Grads : []
130 :: Rewards -9.887 :: steps: 1.00 :: Time: 0.007(0.00668/step) :: Entropy : 0.000 :: Grads : []
140 :: Rewards -9.887 :: steps: 1.00 :: Time: 0.007(0.00680/step) :: Entropy : 0.000 :: Grads : []
150 :: Rewards -9.887 :: steps: 1.00 :: Time: 0.007(0.00692/step) :: Entropy : 0.000 :: Grads : []
160 :: Rewards -11.090 :: steps: 1.00 :: Time: 0.007(0.00703/step) :: Entropy : 0.000 :: Grads : []
170 :: Rewards -12.766 :: steps: 1.00 :: Time: 0.007(0.00715/step) :: Entropy : 0.000 :: Grads : []
180 :: Rewards -14.090 :: steps: 1.00 :: Time: 0.007(0.00732/step) :: Entropy : 0.000 :: Grads : []
190 :: Rewards -14.972 :: steps: 1.00 :: Time: 0.008(0.00795/step) :: Entropy : 0.000 :: Grads : []
200 :: Rewards -16.160 :: steps: 1.00 :: Time: 0.008(0.00805/step) :: Entropy : 0.000 :: Grads : []
210 :: Rewards -17.820 :: steps: 1.00 :: Time: 0.008(0.00829/step) :: Entropy : 0.000 :: Grads : []
220 :: Rewards -19.696 :: steps: 1.00 :: Time: 0.008(0.00844/step) :: Entropy : 0.000 :: Grads : []
230 :: Rewards -19.696 :: steps: 1.00 :: Time: 0.009(0.00866/step) :: Entropy : 0.000 :: Grads : []
240 :: Rewards -19.696 :: steps: 1.00 :: Time: 0.009(0.00883/step) :: Entropy : 0.000 :: Grads : []
250 :: Rewards -19.696 :: steps: 1.00 :: Time: 0.009(0.00896/step) :: Entropy : 0.000 :: Grads : []
260 :: Rewards -19.696 :: steps: 1.00 :: Time: 0.009(0.00909/step) :: Entropy : 0.000 :: Grads : []
270 :: Rewards -19.696 :: steps: 1.00 :: Time: 0.009(0.00938/step) :: Entropy : 0.000 :: Grads : []
280 :: Rewards -19.696 :: steps: 1.00 :: Time: 0.009(0.00941/step) :: Entropy : 0.000 :: Grads : []
290 :: Rewards -20.337 :: steps: 1.00 :: Time: 0.010(0.00964/step) :: Entropy : 0.000 :: Grads : []
300 :: Rewards -20.337 :: steps: 1.00 :: Time: 0.010(0.00965/step) :: Entropy : 0.000 :: Grads : []
310 :: Rewards -20.913 :: steps: 1.00 :: Time: 0.010(0.00987/step) :: Entropy : 0.000 :: Grads : []
320 :: Rewards -20.913 :: steps: 1.00 :: Time: 0.010(0.01010/step) :: Entropy : 0.000 :: Grads : []
330 :: Rewards -21.342 :: steps: 1.00 :: Time: 0.010(0.01029/step) :: Entropy : 0.000 :: Grads : []
340 :: Rewards -22.113 :: steps: 1.00 :: Time: 0.010(0.01044/step) :: Entropy : 0.000 :: Grads : []
350 :: Rewards -23.115 :: steps: 1.00 :: Time: 0.011(0.01069/step) :: Entropy : 0.000 :: Grads : []
360 :: Rewards -23.211 :: steps: 1.00 :: Time: 0.011(0.01087/step) :: Entropy : 0.000 :: Grads : []
370 :: Rewards -23.389 :: steps: 1.00 :: Time: 0.011(0.01145/step) :: Entropy : 0.000 :: Grads : []
380 :: Rewards -23.733 :: steps: 1.00 :: Time: 0.011(0.01142/step) :: Entropy : 0.000 :: Grads : []
390 :: Rewards -24.674 :: steps: 1.00 :: Time: 0.012(0.01173/step) :: Entropy : 0.000 :: Grads : []
400 :: Rewards -25.071 :: steps: 1.00 :: Time: 0.012(0.01188/step) :: Entropy : 0.000 :: Grads : []
410 :: Rewards -25.458 :: steps: 1.00 :: Time: 0.012(0.01228/step) :: Entropy : 0.000 :: Grads : []
420 :: Rewards -26.479 :: steps: 1.00 :: Time: 0.012(0.01248/step) :: Entropy : 0.000 :: Grads : []
430 :: Rewards -26.479 :: steps: 1.00 :: Time: 0.013(0.01272/step) :: Entropy : 0.000 :: Grads : []
440 :: Rewards -26.639 :: steps: 1.00 :: Time: 0.013(0.01282/step) :: Entropy : 0.000 :: Grads : []
450 :: Rewards -26.709 :: steps: 1.00 :: Time: 0.013(0.01308/step) :: Entropy : 0.000 :: Grads : []
460 :: Rewards -26.890 :: steps: 1.00 :: Time: 0.013(0.01340/step) :: Entropy : 0.000 :: Grads : []
470 :: Rewards -27.034 :: steps: 1.00 :: Time: 0.014(0.01385/step) :: Entropy : 0.000 :: Grads : []
480 :: Rewards -27.198 :: steps: 1.00 :: Time: 0.014(0.01395/step) :: Entropy : 0.000 :: Grads : []
490 :: Rewards -27.198 :: steps: 1.00 :: Time: 0.014(0.01436/step) :: Entropy : 0.000 :: Grads : []
500 :: Rewards -27.331 :: steps: 1.00 :: Time: 0.015(0.01495/step) :: Entropy : 0.000 :: Grads : []
510 :: Rewards -27.375 :: steps: 1.00 :: Time: 0.015(0.01550/step) :: Entropy : 0.000 :: Grads : []
520 :: Rewards -27.564 :: steps: 1.00 :: Time: 0.015(0.01494/step) :: Entropy : 0.000 :: Grads : []
530 :: Rewards -27.880 :: steps: 1.00 :: Time: 0.015(0.01521/step) :: Entropy : 0.000 :: Grads : []
540 :: Rewards -28.207 :: steps: 1.00 :: Time: 0.015(0.01522/step) :: Entropy : 0.000 :: Grads : []
550 :: Rewards -28.618 :: steps: 1.00 :: Time: 0.016(0.01567/step) :: Entropy : 0.000 :: Grads : []
560 :: Rewards -29.126 :: steps: 1.00 :: Time: 0.016(0.01572/step) :: Entropy : 0.000 :: Grads : []
570 :: Rewards -29.388 :: steps: 1.00 :: Time: 0.017(0.01712/step) :: Entropy : 0.000 :: Grads : []
580 :: Rewards -29.946 :: steps: 1.00 :: Time: 0.017(0.01710/step) :: Entropy : 0.000 :: Grads : []
590 :: Rewards -30.373 :: steps: 1.00 :: Time: 0.017(0.01693/step) :: Entropy : 0.000 :: Grads : []
600 :: Rewards -30.590 :: steps: 1.00 :: Time: 0.017(0.01698/step) :: Entropy : 0.000 :: Grads : []
610 :: Rewards -30.590 :: steps: 1.00 :: Time: 0.017(0.01749/step) :: Entropy : 0.000 :: Grads : []
620 :: Rewards -30.737 :: steps: 1.00 :: Time: 0.020(0.01975/step) :: Entropy : 0.000 :: Grads : []
630 :: Rewards -30.864 :: steps: 1.00 :: Time: 0.018(0.01842/step) :: Entropy : 0.000 :: Grads : []
640 :: Rewards -30.864 :: steps: 1.00 :: Time: 0.019(0.01874/step) :: Entropy : 0.000 :: Grads : []
650 :: Rewards -30.910 :: steps: 1.00 :: Time: 0.019(0.01923/step) :: Entropy : 0.000 :: Grads : []
660 :: Rewards -30.995 :: steps: 1.00 :: Time: 0.019(0.01905/step) :: Entropy : 0.000 :: Grads : []
670 :: Rewards -31.074 :: steps: 1.00 :: Time: 0.020(0.01962/step) :: Entropy : 0.000 :: Grads : []
680 :: Rewards -31.121 :: steps: 1.00 :: Time: 0.020(0.01972/step) :: Entropy : 0.000 :: Grads : []
690 :: Rewards -31.121 :: steps: 1.00 :: Time: 0.021(0.02077/step) :: Entropy : 0.000 :: Grads : []
700 :: Rewards -31.178 :: steps: 1.00 :: Time: 0.021(0.02064/step) :: Entropy : 0.000 :: Grads : []
710 :: Rewards -31.193 :: steps: 1.00 :: Time: 0.022(0.02169/step) :: Entropy : 0.000 :: Grads : []
720 :: Rewards -31.218 :: steps: 1.00 :: Time: 0.022(0.02175/step) :: Entropy : 0.000 :: Grads : []
730 :: Rewards -31.270 :: steps: 1.00 :: Time: 0.022(0.02248/step) :: Entropy : 0.000 :: Grads : []
740 :: Rewards -31.293 :: steps: 1.00 :: Time: 0.023(0.02252/step) :: Entropy : 0.000 :: Grads : []
750 :: Rewards -31.363 :: steps: 1.00 :: Time: 0.023(0.02330/step) :: Entropy : 0.000 :: Grads : []
760 :: Rewards -31.372 :: steps: 1.00 :: Time: 0.024(0.02359/step) :: Entropy : 0.000 :: Grads : []
770 :: Rewards -31.513 :: steps: 1.00 :: Time: 0.025(0.02520/step) :: Entropy : 0.000 :: Grads : []
780 :: Rewards -31.887 :: steps: 1.00 :: Time: 0.023(0.02308/step) :: Entropy : 0.000 :: Grads : []
790 :: Rewards -32.113 :: steps: 1.00 :: Time: 0.025(0.02462/step) :: Entropy : 0.000 :: Grads : []
800 :: Rewards -32.333 :: steps: 1.00 :: Time: 0.027(0.02671/step) :: Entropy : 0.000 :: Grads : []
810 :: Rewards -32.509 :: steps: 1.00 :: Time: 0.026(0.02637/step) :: Entropy : 0.000 :: Grads : []
820 :: Rewards -32.648 :: steps: 1.00 :: Time: 0.026(0.02613/step) :: Entropy : 0.000 :: Grads : []
830 :: Rewards -32.928 :: steps: 1.00 :: Time: 0.026(0.02643/step) :: Entropy : 0.000 :: Grads : []
840 :: Rewards -32.989 :: steps: 1.00 :: Time: 0.026(0.02646/step) :: Entropy : 0.000 :: Grads : []
850 :: Rewards -33.114 :: steps: 1.00 :: Time: 0.027(0.02734/step) :: Entropy : 0.000 :: Grads : []
860 :: Rewards -33.114 :: steps: 1.00 :: Time: 0.027(0.02690/step) :: Entropy : 0.000 :: Grads : []
870 :: Rewards -33.177 :: steps: 1.00 :: Time: 0.028(0.02827/step) :: Entropy : 0.000 :: Grads : []
880 :: Rewards -33.294 :: steps: 1.00 :: Time: 0.029(0.02859/step) :: Entropy : 0.000 :: Grads : []
890 :: Rewards -33.729 :: steps: 1.00 :: Time: 0.030(0.02975/step) :: Entropy : 0.000 :: Grads : []
900 :: Rewards -34.596 :: steps: 1.00 :: Time: 0.030(0.02975/step) :: Entropy : 0.000 :: Grads : []
910 :: Rewards -36.056 :: steps: 1.00 :: Time: 0.031(0.03062/step) :: Entropy : 0.000 :: Grads : []
920 :: Rewards -37.968 :: steps: 1.00 :: Time: 0.031(0.03109/step) :: Entropy : 0.000 :: Grads : []
930 :: Rewards -40.326 :: steps: 1.00 :: Time: 0.032(0.03224/step) :: Entropy : 0.000 :: Grads : []
940 :: Rewards -43.290 :: steps: 1.00 :: Time: 0.033(0.03281/step) :: Entropy : 0.000 :: Grads : []
950 :: Rewards -46.692 :: steps: 1.00 :: Time: 0.034(0.03388/step) :: Entropy : 0.000 :: Grads : []
960 :: Rewards -50.891 :: steps: 1.00 :: Time: 0.034(0.03419/step) :: Entropy : 0.000 :: Grads : []
970 :: Rewards -55.077 :: steps: 1.00 :: Time: 0.035(0.03456/step) :: Entropy : 0.000 :: Grads : []
980 :: Rewards -59.650 :: steps: 1.00 :: Time: 0.035(0.03527/step) :: Entropy : 0.000 :: Grads : []
990 :: Rewards -63.598 :: steps: 1.00 :: Time: 0.036(0.03592/step) :: Entropy : 0.000 :: Grads : []
999 :: Rewards -65.671 :: steps: 0.90 :: Time: 0.036(0.04004/step) :: Entropy : 0.000 :: Grads : []
Total time taken: 16.71976590156555
