Module path:  Environments.NS_Reco NS_Reco
Dynamically loaded from:  <class 'Environments.NS_Reco.NS_Reco'>
Reward Amplitudes: [4.17022005e-01 7.20324493e-01 1.14374817e-04 3.02332573e-01
 1.46755891e-01] :: Avg 0.317309867282206 
Module path:  Src.Algorithms.ProOLS ProOLS
Dynamically loaded from:  <class 'Src.Algorithms.ProOLS.ProOLS'>
=====Configurations=====
 Namespace(NN_basis_dim='32', Policy_basis_dim='32', actor_lr=0.006528973986480399, algo_name='ProOLS', base=0, batch_size=1000, buffer_size=1000, debug=False, delta=1, entropy_lambda=0.03442646767804006, env_name='NS_Reco', experiment='NS_3_', extrapolator_basis='Fourier', folder_suffix='Default', fourier_coupled=True, fourier_k=7, fourier_order=3, gamma=0.99, gauss_std=1.5, gpu=0, hyper='default', importance_clip=5.0, inc=1, log_output='term_file', max_episodes=1000, max_inner=30, max_steps=500, optim='rmsprop', oracle=-1, raw_basis=True, restore=False, save_count=100, save_model=True, seed=10, speed=3, state_lr=0.001, summary=True, swarm=False, timestamp='5|24|22:9:29')
Actions space: 5 :: State space: 1
State Low: tensor([0.]) :: State High: tensor([1.])
State features:  [('dummy_param', torch.Size([1]))]
Policy:  [('fc1.weight', torch.Size([5, 1])), ('fc1.bias', torch.Size([5]))]
0 :: Rewards -0.000 :: steps: 0.10 :: Time: 0.000(0.00066/step) :: Entropy : 0.000 :: Grads : []
10 :: Rewards 0.175 :: steps: 1.00 :: Time: 0.006(0.00567/step) :: Entropy : 0.000 :: Grads : []
20 :: Rewards 1.332 :: steps: 1.00 :: Time: 0.014(0.01355/step) :: Entropy : 0.000 :: Grads : []
30 :: Rewards 2.994 :: steps: 1.00 :: Time: 0.014(0.01376/step) :: Entropy : 0.000 :: Grads : []
40 :: Rewards 5.125 :: steps: 1.00 :: Time: 0.013(0.01333/step) :: Entropy : 0.000 :: Grads : []
50 :: Rewards 7.707 :: steps: 1.00 :: Time: 0.013(0.01339/step) :: Entropy : 0.000 :: Grads : []
60 :: Rewards 11.711 :: steps: 1.00 :: Time: 0.013(0.01349/step) :: Entropy : 0.000 :: Grads : []
70 :: Rewards 16.330 :: steps: 1.00 :: Time: 0.014(0.01374/step) :: Entropy : 0.000 :: Grads : []
80 :: Rewards 21.531 :: steps: 1.00 :: Time: 0.014(0.01380/step) :: Entropy : 0.000 :: Grads : []
90 :: Rewards 27.299 :: steps: 1.00 :: Time: 0.014(0.01391/step) :: Entropy : 0.000 :: Grads : []
100 :: Rewards 33.463 :: steps: 1.00 :: Time: 0.014(0.01398/step) :: Entropy : 0.000 :: Grads : []
110 :: Rewards 40.007 :: steps: 1.00 :: Time: 0.014(0.01402/step) :: Entropy : 0.000 :: Grads : []
120 :: Rewards 46.817 :: steps: 1.00 :: Time: 0.014(0.01402/step) :: Entropy : 0.000 :: Grads : []
130 :: Rewards 53.811 :: steps: 1.00 :: Time: 0.014(0.01421/step) :: Entropy : 0.000 :: Grads : []
140 :: Rewards 60.964 :: steps: 1.00 :: Time: 0.014(0.01439/step) :: Entropy : 0.000 :: Grads : []
150 :: Rewards 68.164 :: steps: 1.00 :: Time: 0.015(0.01457/step) :: Entropy : 0.000 :: Grads : []
160 :: Rewards 75.364 :: steps: 1.00 :: Time: 0.015(0.01473/step) :: Entropy : 0.000 :: Grads : []
170 :: Rewards 82.438 :: steps: 1.00 :: Time: 0.015(0.01480/step) :: Entropy : 0.000 :: Grads : []
180 :: Rewards 89.300 :: steps: 1.00 :: Time: 0.015(0.01496/step) :: Entropy : 0.000 :: Grads : []
190 :: Rewards 95.903 :: steps: 1.00 :: Time: 0.015(0.01498/step) :: Entropy : 0.000 :: Grads : []
200 :: Rewards 102.158 :: steps: 1.00 :: Time: 0.015(0.01511/step) :: Entropy : 0.000 :: Grads : []
210 :: Rewards 107.965 :: steps: 1.00 :: Time: 0.015(0.01527/step) :: Entropy : 0.000 :: Grads : []
220 :: Rewards 113.287 :: steps: 1.00 :: Time: 0.016(0.01602/step) :: Entropy : 0.000 :: Grads : []
230 :: Rewards 118.048 :: steps: 1.00 :: Time: 0.015(0.01539/step) :: Entropy : 0.000 :: Grads : []
240 :: Rewards 122.187 :: steps: 1.00 :: Time: 0.016(0.01552/step) :: Entropy : 0.000 :: Grads : []
250 :: Rewards 125.705 :: steps: 1.00 :: Time: 0.016(0.01563/step) :: Entropy : 0.000 :: Grads : []
260 :: Rewards 128.485 :: steps: 1.00 :: Time: 0.016(0.01606/step) :: Entropy : 0.000 :: Grads : []
270 :: Rewards 130.594 :: steps: 1.00 :: Time: 0.016(0.01621/step) :: Entropy : 0.000 :: Grads : []
280 :: Rewards 131.896 :: steps: 1.00 :: Time: 0.016(0.01630/step) :: Entropy : 0.000 :: Grads : []
290 :: Rewards 132.470 :: steps: 1.00 :: Time: 0.016(0.01642/step) :: Entropy : 0.000 :: Grads : []
300 :: Rewards 133.655 :: steps: 1.00 :: Time: 0.017(0.01662/step) :: Entropy : 0.000 :: Grads : []
310 :: Rewards 135.260 :: steps: 1.00 :: Time: 0.017(0.01687/step) :: Entropy : 0.000 :: Grads : []
320 :: Rewards 136.942 :: steps: 1.00 :: Time: 0.017(0.01703/step) :: Entropy : 0.000 :: Grads : []
330 :: Rewards 138.356 :: steps: 1.00 :: Time: 0.017(0.01747/step) :: Entropy : 0.000 :: Grads : []
340 :: Rewards 139.687 :: steps: 1.00 :: Time: 0.018(0.01756/step) :: Entropy : 0.000 :: Grads : []
350 :: Rewards 140.815 :: steps: 1.00 :: Time: 0.018(0.01775/step) :: Entropy : 0.000 :: Grads : []
360 :: Rewards 141.612 :: steps: 1.00 :: Time: 0.018(0.01792/step) :: Entropy : 0.000 :: Grads : []
370 :: Rewards 142.066 :: steps: 1.00 :: Time: 0.018(0.01811/step) :: Entropy : 0.000 :: Grads : []
380 :: Rewards 141.786 :: steps: 1.00 :: Time: 0.018(0.01840/step) :: Entropy : 0.000 :: Grads : []
390 :: Rewards 142.352 :: steps: 1.00 :: Time: 0.018(0.01847/step) :: Entropy : 0.000 :: Grads : []
400 :: Rewards 143.023 :: steps: 1.00 :: Time: 0.019(0.01859/step) :: Entropy : 0.000 :: Grads : []
410 :: Rewards 143.575 :: steps: 1.00 :: Time: 0.019(0.01898/step) :: Entropy : 0.000 :: Grads : []
420 :: Rewards 143.272 :: steps: 1.00 :: Time: 0.019(0.01945/step) :: Entropy : 0.000 :: Grads : []
430 :: Rewards 143.864 :: steps: 1.00 :: Time: 0.020(0.01970/step) :: Entropy : 0.000 :: Grads : []
440 :: Rewards 144.119 :: steps: 1.00 :: Time: 0.020(0.01967/step) :: Entropy : 0.000 :: Grads : []
450 :: Rewards 144.538 :: steps: 1.00 :: Time: 0.020(0.01983/step) :: Entropy : 0.000 :: Grads : []
460 :: Rewards 144.653 :: steps: 1.00 :: Time: 0.020(0.01985/step) :: Entropy : 0.000 :: Grads : []
470 :: Rewards 144.567 :: steps: 1.00 :: Time: 0.020(0.02011/step) :: Entropy : 0.000 :: Grads : []
480 :: Rewards 144.031 :: steps: 1.00 :: Time: 0.020(0.02003/step) :: Entropy : 0.000 :: Grads : []
490 :: Rewards 143.743 :: steps: 1.00 :: Time: 0.020(0.02011/step) :: Entropy : 0.000 :: Grads : []
500 :: Rewards 142.836 :: steps: 1.00 :: Time: 0.020(0.02020/step) :: Entropy : 0.000 :: Grads : []
510 :: Rewards 140.899 :: steps: 1.00 :: Time: 0.020(0.02040/step) :: Entropy : 0.000 :: Grads : []
520 :: Rewards 140.011 :: steps: 1.00 :: Time: 0.021(0.02071/step) :: Entropy : 0.000 :: Grads : []
530 :: Rewards 139.524 :: steps: 1.00 :: Time: 0.021(0.02076/step) :: Entropy : 0.000 :: Grads : []
540 :: Rewards 139.408 :: steps: 1.00 :: Time: 0.021(0.02106/step) :: Entropy : 0.000 :: Grads : []
550 :: Rewards 139.416 :: steps: 1.00 :: Time: 0.021(0.02075/step) :: Entropy : 0.000 :: Grads : []
560 :: Rewards 139.174 :: steps: 1.00 :: Time: 0.021(0.02114/step) :: Entropy : 0.000 :: Grads : []
570 :: Rewards 138.733 :: steps: 1.00 :: Time: 0.021(0.02116/step) :: Entropy : 0.000 :: Grads : []
580 :: Rewards 138.231 :: steps: 1.00 :: Time: 0.021(0.02143/step) :: Entropy : 0.000 :: Grads : []
590 :: Rewards 137.722 :: steps: 1.00 :: Time: 0.021(0.02144/step) :: Entropy : 0.000 :: Grads : []
600 :: Rewards 138.089 :: steps: 1.00 :: Time: 0.022(0.02169/step) :: Entropy : 0.000 :: Grads : []
610 :: Rewards 139.430 :: steps: 1.00 :: Time: 0.022(0.02160/step) :: Entropy : 0.000 :: Grads : []
620 :: Rewards 141.677 :: steps: 1.00 :: Time: 0.022(0.02163/step) :: Entropy : 0.000 :: Grads : []
630 :: Rewards 144.664 :: steps: 1.00 :: Time: 0.022(0.02200/step) :: Entropy : 0.000 :: Grads : []
640 :: Rewards 148.314 :: steps: 1.00 :: Time: 0.022(0.02197/step) :: Entropy : 0.000 :: Grads : []
650 :: Rewards 152.646 :: steps: 1.00 :: Time: 0.022(0.02225/step) :: Entropy : 0.000 :: Grads : []
660 :: Rewards 157.561 :: steps: 1.00 :: Time: 0.022(0.02218/step) :: Entropy : 0.000 :: Grads : []
670 :: Rewards 163.019 :: steps: 1.00 :: Time: 0.022(0.02229/step) :: Entropy : 0.000 :: Grads : []
680 :: Rewards 168.967 :: steps: 1.00 :: Time: 0.022(0.02248/step) :: Entropy : 0.000 :: Grads : []
690 :: Rewards 175.237 :: steps: 1.00 :: Time: 0.023(0.02278/step) :: Entropy : 0.000 :: Grads : []
700 :: Rewards 181.883 :: steps: 1.00 :: Time: 0.023(0.02302/step) :: Entropy : 0.000 :: Grads : []
710 :: Rewards 188.835 :: steps: 1.00 :: Time: 0.023(0.02284/step) :: Entropy : 0.000 :: Grads : []
720 :: Rewards 195.938 :: steps: 1.00 :: Time: 0.023(0.02287/step) :: Entropy : 0.000 :: Grads : []
730 :: Rewards 203.136 :: steps: 1.00 :: Time: 0.023(0.02285/step) :: Entropy : 0.000 :: Grads : []
740 :: Rewards 210.328 :: steps: 1.00 :: Time: 0.023(0.02278/step) :: Entropy : 0.000 :: Grads : []
750 :: Rewards 217.456 :: steps: 1.00 :: Time: 0.023(0.02299/step) :: Entropy : 0.000 :: Grads : []
760 :: Rewards 224.424 :: steps: 1.00 :: Time: 0.023(0.02310/step) :: Entropy : 0.000 :: Grads : []
770 :: Rewards 231.205 :: steps: 1.00 :: Time: 0.023(0.02331/step) :: Entropy : 0.000 :: Grads : []
780 :: Rewards 237.628 :: steps: 1.00 :: Time: 0.024(0.02361/step) :: Entropy : 0.000 :: Grads : []
790 :: Rewards 243.709 :: steps: 1.00 :: Time: 0.024(0.02372/step) :: Entropy : 0.000 :: Grads : []
800 :: Rewards 249.323 :: steps: 1.00 :: Time: 0.024(0.02376/step) :: Entropy : 0.000 :: Grads : []
810 :: Rewards 254.392 :: steps: 1.00 :: Time: 0.024(0.02424/step) :: Entropy : 0.000 :: Grads : []
820 :: Rewards 258.898 :: steps: 1.00 :: Time: 0.025(0.02456/step) :: Entropy : 0.000 :: Grads : []
830 :: Rewards 262.762 :: steps: 1.00 :: Time: 0.024(0.02425/step) :: Entropy : 0.000 :: Grads : []
840 :: Rewards 265.957 :: steps: 1.00 :: Time: 0.024(0.02427/step) :: Entropy : 0.000 :: Grads : []
850 :: Rewards 268.444 :: steps: 1.00 :: Time: 0.024(0.02433/step) :: Entropy : 0.000 :: Grads : []
860 :: Rewards 270.203 :: steps: 1.00 :: Time: 0.025(0.02456/step) :: Entropy : 0.000 :: Grads : []
870 :: Rewards 271.486 :: steps: 1.00 :: Time: 0.025(0.02468/step) :: Entropy : 0.000 :: Grads : []
880 :: Rewards 272.873 :: steps: 1.00 :: Time: 0.025(0.02455/step) :: Entropy : 0.000 :: Grads : []
890 :: Rewards 275.194 :: steps: 1.00 :: Time: 0.025(0.02472/step) :: Entropy : 0.000 :: Grads : []
900 :: Rewards 278.871 :: steps: 1.00 :: Time: 0.025(0.02481/step) :: Entropy : 0.000 :: Grads : []
910 :: Rewards 282.741 :: steps: 1.00 :: Time: 0.025(0.02526/step) :: Entropy : 0.000 :: Grads : []
920 :: Rewards 286.678 :: steps: 1.00 :: Time: 0.025(0.02490/step) :: Entropy : 0.000 :: Grads : []
930 :: Rewards 290.738 :: steps: 1.00 :: Time: 0.025(0.02523/step) :: Entropy : 0.000 :: Grads : []
940 :: Rewards 294.846 :: steps: 1.00 :: Time: 0.025(0.02527/step) :: Entropy : 0.000 :: Grads : []
950 :: Rewards 299.028 :: steps: 1.00 :: Time: 0.025(0.02536/step) :: Entropy : 0.000 :: Grads : []
960 :: Rewards 303.223 :: steps: 1.00 :: Time: 0.025(0.02546/step) :: Entropy : 0.000 :: Grads : []
970 :: Rewards 307.376 :: steps: 1.00 :: Time: 0.025(0.02537/step) :: Entropy : 0.000 :: Grads : []
980 :: Rewards 311.457 :: steps: 1.00 :: Time: 0.026(0.02551/step) :: Entropy : 0.000 :: Grads : []
990 :: Rewards 315.498 :: steps: 1.00 :: Time: 0.026(0.02559/step) :: Entropy : 0.000 :: Grads : []
999 :: Rewards 319.048 :: steps: 0.90 :: Time: 0.023(0.02580/step) :: Entropy : 0.000 :: Grads : []
Total time taken: 19.774067878723145
