Module path:  Environments.NS_Reco NS_Reco
Dynamically loaded from:  <class 'Environments.NS_Reco.NS_Reco'>
Reward Amplitudes: [4.17022005e-01 7.20324493e-01 1.14374817e-04 3.02332573e-01
 1.46755891e-01] :: Avg 0.317309867282206 
Module path:  Src.Algorithms.ProOLS ProOLS
Dynamically loaded from:  <class 'Src.Algorithms.ProOLS.ProOLS'>
=====Configurations=====
 Namespace(NN_basis_dim='32', Policy_basis_dim='32', actor_lr=0.0013967975033711264, algo_name='ProOLS', base=0, batch_size=1000, buffer_size=1000, debug=False, delta=1, entropy_lambda=0.009309067356364342, env_name='NS_Reco', experiment='NS_0_', extrapolator_basis='Fourier', folder_suffix='Default', fourier_coupled=True, fourier_k=5, fourier_order=3, gamma=0.99, gauss_std=1.5, gpu=0, hyper='default', importance_clip=15.0, inc=1, log_output='term_file', max_episodes=1000, max_inner=30, max_steps=500, optim='rmsprop', oracle=-1, raw_basis=True, restore=False, save_count=100, save_model=True, seed=3, speed=0, state_lr=0.001, summary=True, swarm=False, timestamp='5|24|20:1:41')
Actions space: 5 :: State space: 1
State Low: tensor([0.]) :: State High: tensor([1.])
State features:  [('dummy_param', torch.Size([1]))]
Policy:  [('fc1.weight', torch.Size([5, 1])), ('fc1.bias', torch.Size([5]))]
0 :: Rewards 0.302 :: steps: 0.10 :: Time: 0.000(0.00053/step) :: Entropy : 0.000 :: Grads : []
10 :: Rewards 3.343 :: steps: 1.00 :: Time: 0.008(0.00786/step) :: Entropy : 0.000 :: Grads : []
20 :: Rewards 6.850 :: steps: 1.00 :: Time: 0.013(0.01301/step) :: Entropy : 0.000 :: Grads : []
30 :: Rewards 9.648 :: steps: 1.00 :: Time: 0.013(0.01288/step) :: Entropy : 0.000 :: Grads : []
40 :: Rewards 12.714 :: steps: 1.00 :: Time: 0.012(0.01237/step) :: Entropy : 0.000 :: Grads : []
50 :: Rewards 17.595 :: steps: 1.00 :: Time: 0.012(0.01244/step) :: Entropy : 0.000 :: Grads : []
60 :: Rewards 22.438 :: steps: 1.00 :: Time: 0.012(0.01244/step) :: Entropy : 0.000 :: Grads : []
70 :: Rewards 28.071 :: steps: 1.00 :: Time: 0.013(0.01265/step) :: Entropy : 0.000 :: Grads : []
80 :: Rewards 34.293 :: steps: 1.00 :: Time: 0.013(0.01330/step) :: Entropy : 0.000 :: Grads : []
90 :: Rewards 41.455 :: steps: 1.00 :: Time: 0.013(0.01293/step) :: Entropy : 0.000 :: Grads : []
100 :: Rewards 47.500 :: steps: 1.00 :: Time: 0.013(0.01308/step) :: Entropy : 0.000 :: Grads : []
110 :: Rewards 54.702 :: steps: 1.00 :: Time: 0.014(0.01365/step) :: Entropy : 0.000 :: Grads : []
120 :: Rewards 61.890 :: steps: 1.00 :: Time: 0.014(0.01358/step) :: Entropy : 0.000 :: Grads : []
130 :: Rewards 69.083 :: steps: 1.00 :: Time: 0.013(0.01334/step) :: Entropy : 0.000 :: Grads : []
140 :: Rewards 76.285 :: steps: 1.00 :: Time: 0.014(0.01386/step) :: Entropy : 0.000 :: Grads : []
150 :: Rewards 83.494 :: steps: 1.00 :: Time: 0.014(0.01408/step) :: Entropy : 0.000 :: Grads : []
160 :: Rewards 90.698 :: steps: 1.00 :: Time: 0.014(0.01374/step) :: Entropy : 0.000 :: Grads : []
170 :: Rewards 97.865 :: steps: 1.00 :: Time: 0.014(0.01387/step) :: Entropy : 0.000 :: Grads : []
180 :: Rewards 105.077 :: steps: 1.00 :: Time: 0.014(0.01391/step) :: Entropy : 0.000 :: Grads : []
190 :: Rewards 112.264 :: steps: 1.00 :: Time: 0.014(0.01402/step) :: Entropy : 0.000 :: Grads : []
200 :: Rewards 119.466 :: steps: 1.00 :: Time: 0.014(0.01410/step) :: Entropy : 0.000 :: Grads : []
210 :: Rewards 126.672 :: steps: 1.00 :: Time: 0.014(0.01419/step) :: Entropy : 0.000 :: Grads : []
220 :: Rewards 133.907 :: steps: 1.00 :: Time: 0.014(0.01428/step) :: Entropy : 0.000 :: Grads : []
230 :: Rewards 141.107 :: steps: 1.00 :: Time: 0.015(0.01464/step) :: Entropy : 0.000 :: Grads : []
240 :: Rewards 148.346 :: steps: 1.00 :: Time: 0.015(0.01465/step) :: Entropy : 0.000 :: Grads : []
250 :: Rewards 155.545 :: steps: 1.00 :: Time: 0.015(0.01453/step) :: Entropy : 0.000 :: Grads : []
260 :: Rewards 162.745 :: steps: 1.00 :: Time: 0.015(0.01478/step) :: Entropy : 0.000 :: Grads : []
270 :: Rewards 169.954 :: steps: 1.00 :: Time: 0.015(0.01487/step) :: Entropy : 0.000 :: Grads : []
280 :: Rewards 177.128 :: steps: 1.00 :: Time: 0.017(0.01744/step) :: Entropy : 0.000 :: Grads : []
290 :: Rewards 184.342 :: steps: 1.00 :: Time: 0.015(0.01514/step) :: Entropy : 0.000 :: Grads : []
300 :: Rewards 191.535 :: steps: 1.00 :: Time: 0.015(0.01507/step) :: Entropy : 0.000 :: Grads : []
310 :: Rewards 198.769 :: steps: 1.00 :: Time: 0.015(0.01535/step) :: Entropy : 0.000 :: Grads : []
320 :: Rewards 205.990 :: steps: 1.00 :: Time: 0.015(0.01537/step) :: Entropy : 0.000 :: Grads : []
330 :: Rewards 213.159 :: steps: 1.00 :: Time: 0.016(0.01587/step) :: Entropy : 0.000 :: Grads : []
340 :: Rewards 220.336 :: steps: 1.00 :: Time: 0.016(0.01596/step) :: Entropy : 0.000 :: Grads : []
350 :: Rewards 227.508 :: steps: 1.00 :: Time: 0.016(0.01612/step) :: Entropy : 0.000 :: Grads : []
360 :: Rewards 234.704 :: steps: 1.00 :: Time: 0.017(0.01656/step) :: Entropy : 0.000 :: Grads : []
370 :: Rewards 241.912 :: steps: 1.00 :: Time: 0.016(0.01643/step) :: Entropy : 0.000 :: Grads : []
380 :: Rewards 249.123 :: steps: 1.00 :: Time: 0.017(0.01659/step) :: Entropy : 0.000 :: Grads : []
390 :: Rewards 256.335 :: steps: 1.00 :: Time: 0.017(0.01684/step) :: Entropy : 0.000 :: Grads : []
400 :: Rewards 263.542 :: steps: 1.00 :: Time: 0.017(0.01708/step) :: Entropy : 0.000 :: Grads : []
410 :: Rewards 270.742 :: steps: 1.00 :: Time: 0.017(0.01695/step) :: Entropy : 0.000 :: Grads : []
420 :: Rewards 277.976 :: steps: 1.00 :: Time: 0.018(0.01770/step) :: Entropy : 0.000 :: Grads : []
430 :: Rewards 285.163 :: steps: 1.00 :: Time: 0.018(0.01756/step) :: Entropy : 0.000 :: Grads : []
440 :: Rewards 292.355 :: steps: 1.00 :: Time: 0.018(0.01760/step) :: Entropy : 0.000 :: Grads : []
450 :: Rewards 299.560 :: steps: 1.00 :: Time: 0.018(0.01770/step) :: Entropy : 0.000 :: Grads : []
460 :: Rewards 306.755 :: steps: 1.00 :: Time: 0.018(0.01817/step) :: Entropy : 0.000 :: Grads : []
470 :: Rewards 314.006 :: steps: 1.00 :: Time: 0.018(0.01796/step) :: Entropy : 0.000 :: Grads : []
480 :: Rewards 321.243 :: steps: 1.00 :: Time: 0.018(0.01782/step) :: Entropy : 0.000 :: Grads : []
490 :: Rewards 328.423 :: steps: 1.00 :: Time: 0.018(0.01785/step) :: Entropy : 0.000 :: Grads : []
500 :: Rewards 335.605 :: steps: 1.00 :: Time: 0.018(0.01849/step) :: Entropy : 0.000 :: Grads : []
510 :: Rewards 342.794 :: steps: 1.00 :: Time: 0.018(0.01806/step) :: Entropy : 0.000 :: Grads : []
520 :: Rewards 349.984 :: steps: 1.00 :: Time: 0.019(0.01858/step) :: Entropy : 0.000 :: Grads : []
530 :: Rewards 357.188 :: steps: 1.00 :: Time: 0.019(0.01868/step) :: Entropy : 0.000 :: Grads : []
540 :: Rewards 364.366 :: steps: 1.00 :: Time: 0.019(0.01868/step) :: Entropy : 0.000 :: Grads : []
550 :: Rewards 371.591 :: steps: 1.00 :: Time: 0.019(0.01883/step) :: Entropy : 0.000 :: Grads : []
560 :: Rewards 378.806 :: steps: 1.00 :: Time: 0.019(0.01890/step) :: Entropy : 0.000 :: Grads : []
570 :: Rewards 386.021 :: steps: 1.00 :: Time: 0.019(0.01893/step) :: Entropy : 0.000 :: Grads : []
580 :: Rewards 393.266 :: steps: 1.00 :: Time: 0.019(0.01901/step) :: Entropy : 0.000 :: Grads : []
590 :: Rewards 400.435 :: steps: 1.00 :: Time: 0.019(0.01920/step) :: Entropy : 0.000 :: Grads : []
600 :: Rewards 407.657 :: steps: 1.00 :: Time: 0.019(0.01911/step) :: Entropy : 0.000 :: Grads : []
610 :: Rewards 414.848 :: steps: 1.00 :: Time: 0.019(0.01924/step) :: Entropy : 0.000 :: Grads : []
620 :: Rewards 422.053 :: steps: 1.00 :: Time: 0.019(0.01916/step) :: Entropy : 0.000 :: Grads : []
630 :: Rewards 429.270 :: steps: 1.00 :: Time: 0.019(0.01923/step) :: Entropy : 0.000 :: Grads : []
640 :: Rewards 436.485 :: steps: 1.00 :: Time: 0.019(0.01920/step) :: Entropy : 0.000 :: Grads : []
650 :: Rewards 443.652 :: steps: 1.00 :: Time: 0.019(0.01949/step) :: Entropy : 0.000 :: Grads : []
660 :: Rewards 450.836 :: steps: 1.00 :: Time: 0.019(0.01937/step) :: Entropy : 0.000 :: Grads : []
670 :: Rewards 458.014 :: steps: 1.00 :: Time: 0.019(0.01932/step) :: Entropy : 0.000 :: Grads : []
680 :: Rewards 465.217 :: steps: 1.00 :: Time: 0.019(0.01944/step) :: Entropy : 0.000 :: Grads : []
690 :: Rewards 472.431 :: steps: 1.00 :: Time: 0.019(0.01945/step) :: Entropy : 0.000 :: Grads : []
700 :: Rewards 479.623 :: steps: 1.00 :: Time: 0.020(0.01982/step) :: Entropy : 0.000 :: Grads : []
710 :: Rewards 486.859 :: steps: 1.00 :: Time: 0.020(0.01966/step) :: Entropy : 0.000 :: Grads : []
720 :: Rewards 494.061 :: steps: 1.00 :: Time: 0.020(0.01981/step) :: Entropy : 0.000 :: Grads : []
730 :: Rewards 501.232 :: steps: 1.00 :: Time: 0.020(0.01986/step) :: Entropy : 0.000 :: Grads : []
740 :: Rewards 508.429 :: steps: 1.00 :: Time: 0.020(0.01990/step) :: Entropy : 0.000 :: Grads : []
750 :: Rewards 515.628 :: steps: 1.00 :: Time: 0.020(0.02008/step) :: Entropy : 0.000 :: Grads : []
760 :: Rewards 522.840 :: steps: 1.00 :: Time: 0.020(0.02006/step) :: Entropy : 0.000 :: Grads : []
770 :: Rewards 530.032 :: steps: 1.00 :: Time: 0.020(0.02025/step) :: Entropy : 0.000 :: Grads : []
780 :: Rewards 537.207 :: steps: 1.00 :: Time: 0.020(0.02041/step) :: Entropy : 0.000 :: Grads : []
790 :: Rewards 544.403 :: steps: 1.00 :: Time: 0.021(0.02087/step) :: Entropy : 0.000 :: Grads : []
800 :: Rewards 551.594 :: steps: 1.00 :: Time: 0.021(0.02060/step) :: Entropy : 0.000 :: Grads : []
810 :: Rewards 558.815 :: steps: 1.00 :: Time: 0.021(0.02106/step) :: Entropy : 0.000 :: Grads : []
820 :: Rewards 566.031 :: steps: 1.00 :: Time: 0.021(0.02112/step) :: Entropy : 0.000 :: Grads : []
830 :: Rewards 573.205 :: steps: 1.00 :: Time: 0.023(0.02332/step) :: Entropy : 0.000 :: Grads : []
840 :: Rewards 580.450 :: steps: 1.00 :: Time: 0.021(0.02139/step) :: Entropy : 0.000 :: Grads : []
850 :: Rewards 587.664 :: steps: 1.00 :: Time: 0.022(0.02181/step) :: Entropy : 0.000 :: Grads : []
860 :: Rewards 594.898 :: steps: 1.00 :: Time: 0.021(0.02096/step) :: Entropy : 0.000 :: Grads : []
870 :: Rewards 602.092 :: steps: 1.00 :: Time: 0.021(0.02096/step) :: Entropy : 0.000 :: Grads : []
880 :: Rewards 609.269 :: steps: 1.00 :: Time: 0.021(0.02098/step) :: Entropy : 0.000 :: Grads : []
890 :: Rewards 616.466 :: steps: 1.00 :: Time: 0.021(0.02095/step) :: Entropy : 0.000 :: Grads : []
900 :: Rewards 623.645 :: steps: 1.00 :: Time: 0.021(0.02108/step) :: Entropy : 0.000 :: Grads : []
910 :: Rewards 630.870 :: steps: 1.00 :: Time: 0.021(0.02102/step) :: Entropy : 0.000 :: Grads : []
920 :: Rewards 638.061 :: steps: 1.00 :: Time: 0.021(0.02141/step) :: Entropy : 0.000 :: Grads : []
930 :: Rewards 645.277 :: steps: 1.00 :: Time: 0.021(0.02135/step) :: Entropy : 0.000 :: Grads : []
940 :: Rewards 652.526 :: steps: 1.00 :: Time: 0.021(0.02134/step) :: Entropy : 0.000 :: Grads : []
950 :: Rewards 659.692 :: steps: 1.00 :: Time: 0.021(0.02130/step) :: Entropy : 0.000 :: Grads : []
960 :: Rewards 666.888 :: steps: 1.00 :: Time: 0.022(0.02195/step) :: Entropy : 0.000 :: Grads : []
970 :: Rewards 674.080 :: steps: 1.00 :: Time: 0.022(0.02239/step) :: Entropy : 0.000 :: Grads : []
980 :: Rewards 681.306 :: steps: 1.00 :: Time: 0.022(0.02163/step) :: Entropy : 0.000 :: Grads : []
990 :: Rewards 688.507 :: steps: 1.00 :: Time: 0.022(0.02238/step) :: Entropy : 0.000 :: Grads : []
999 :: Rewards 695.047 :: steps: 0.90 :: Time: 0.020(0.02204/step) :: Entropy : 0.000 :: Grads : []
Total time taken: 17.68787908554077
