Module path:  Src.Algorithms.OFPG OFPG
Dynamically loaded from:  <class 'Src.Algorithms.OFPG.OFPG'>
=====Configurations=====
 Namespace(NN_basis_dim='32', Policy_basis_dim='32', actor_lr=0.002971209546693609, algo_name='OFPG', base=0, batch_size=1000, buffer_size=1000, debug=False, delta=5, entropy_lambda=0.1, env_name='NS_SimGlucose-v0', experiment='NS_4_', extrapolator_basis='Fourier', folder_suffix='Default', fourier_coupled=True, fourier_k=7, fourier_order=3, gamma=0.99, gauss_std=2.17747, gpu=0, hyper='default', importance_clip=5.0, inc=1, log_output='term_file', max_episodes=1000, max_inner=100, max_steps=500, optim='rmsprop', oracle=-1, raw_basis=True, restore=False, save_count=100, save_model=True, seed=2, speed=4, state_lr=0.001, summary=True, swarm=False, timestamp='5|30|1:48:40')
Actions space: 2 :: State space: 1
State Low: tensor([0.]) :: State High: tensor([1.])
State features:  [('dummy_param', torch.Size([1]))]
Action Low: [3. 5.] :: Action High: [30. 50.]
Policy:  [('fc_mean.weight', torch.Size([2, 1])), ('fc_mean.bias', torch.Size([2]))]
0 :: Rewards 9.319 :: steps: 0.10 :: Time: 0.270(2.70068/step) :: Entropy : 0.000 :: Grads : []
10 :: Rewards 136.687 :: steps: 1.00 :: Time: 2.688(2.68842/step) :: Entropy : 0.000 :: Grads : []
20 :: Rewards 279.500 :: steps: 1.00 :: Time: 2.728(2.72762/step) :: Entropy : 0.000 :: Grads : []
30 :: Rewards 454.255 :: steps: 1.00 :: Time: 2.689(2.68903/step) :: Entropy : 0.000 :: Grads : []
40 :: Rewards 662.344 :: steps: 1.00 :: Time: 2.675(2.67539/step) :: Entropy : 0.000 :: Grads : []
50 :: Rewards 875.844 :: steps: 1.00 :: Time: 2.705(2.70485/step) :: Entropy : 0.000 :: Grads : []
60 :: Rewards 1096.569 :: steps: 1.00 :: Time: 2.708(2.70812/step) :: Entropy : 0.000 :: Grads : []
70 :: Rewards 1321.337 :: steps: 1.00 :: Time: 2.702(2.70191/step) :: Entropy : 0.000 :: Grads : []
80 :: Rewards 1562.764 :: steps: 1.00 :: Time: 2.684(2.68401/step) :: Entropy : 0.000 :: Grads : []
90 :: Rewards 1838.274 :: steps: 1.00 :: Time: 2.691(2.69073/step) :: Entropy : 0.000 :: Grads : []
100 :: Rewards 2119.413 :: steps: 1.00 :: Time: 2.682(2.68171/step) :: Entropy : 0.000 :: Grads : []
110 :: Rewards 2397.927 :: steps: 1.00 :: Time: 2.695(2.69466/step) :: Entropy : 0.000 :: Grads : []
120 :: Rewards 2672.628 :: steps: 1.00 :: Time: 2.714(2.71400/step) :: Entropy : 0.000 :: Grads : []
130 :: Rewards 2907.262 :: steps: 1.00 :: Time: 2.691(2.69135/step) :: Entropy : 0.000 :: Grads : []
140 :: Rewards 3151.630 :: steps: 1.00 :: Time: 2.753(2.75287/step) :: Entropy : 0.000 :: Grads : []
150 :: Rewards 3384.326 :: steps: 1.00 :: Time: 2.660(2.65998/step) :: Entropy : 0.000 :: Grads : []
160 :: Rewards 3623.876 :: steps: 1.00 :: Time: 2.658(2.65764/step) :: Entropy : 0.000 :: Grads : []
170 :: Rewards 3834.328 :: steps: 1.00 :: Time: 2.687(2.68680/step) :: Entropy : 0.000 :: Grads : []
180 :: Rewards 4026.939 :: steps: 1.00 :: Time: 2.663(2.66347/step) :: Entropy : 0.000 :: Grads : []
190 :: Rewards 4206.949 :: steps: 1.00 :: Time: 2.648(2.64811/step) :: Entropy : 0.000 :: Grads : []
200 :: Rewards 4379.341 :: steps: 1.00 :: Time: 2.678(2.67839/step) :: Entropy : 0.000 :: Grads : []
210 :: Rewards 4554.532 :: steps: 1.00 :: Time: 2.644(2.64402/step) :: Entropy : 0.000 :: Grads : []
220 :: Rewards 4663.220 :: steps: 1.00 :: Time: 2.654(2.65377/step) :: Entropy : 0.000 :: Grads : []
230 :: Rewards 4793.191 :: steps: 1.00 :: Time: 2.657(2.65653/step) :: Entropy : 0.000 :: Grads : []
240 :: Rewards 4872.649 :: steps: 1.00 :: Time: 2.676(2.67558/step) :: Entropy : 0.000 :: Grads : []
250 :: Rewards 4954.449 :: steps: 1.00 :: Time: 2.685(2.68451/step) :: Entropy : 0.000 :: Grads : []
260 :: Rewards 5034.492 :: steps: 1.00 :: Time: 2.677(2.67664/step) :: Entropy : 0.000 :: Grads : []
270 :: Rewards 5116.105 :: steps: 1.00 :: Time: 2.673(2.67295/step) :: Entropy : 0.000 :: Grads : []
280 :: Rewards 5183.417 :: steps: 1.00 :: Time: 2.673(2.67280/step) :: Entropy : 0.000 :: Grads : []
290 :: Rewards 5257.736 :: steps: 1.00 :: Time: 2.643(2.64254/step) :: Entropy : 0.000 :: Grads : []
300 :: Rewards 5327.137 :: steps: 1.00 :: Time: 2.651(2.65059/step) :: Entropy : 0.000 :: Grads : []
310 :: Rewards 5429.723 :: steps: 1.00 :: Time: 2.668(2.66754/step) :: Entropy : 0.000 :: Grads : []
320 :: Rewards 5622.752 :: steps: 1.00 :: Time: 2.662(2.66214/step) :: Entropy : 0.000 :: Grads : []
330 :: Rewards 5794.142 :: steps: 1.00 :: Time: 2.670(2.67036/step) :: Entropy : 0.000 :: Grads : []
340 :: Rewards 6003.990 :: steps: 1.00 :: Time: 2.689(2.68938/step) :: Entropy : 0.000 :: Grads : []
350 :: Rewards 6193.757 :: steps: 1.00 :: Time: 2.635(2.63512/step) :: Entropy : 0.000 :: Grads : []
360 :: Rewards 6417.018 :: steps: 1.00 :: Time: 2.689(2.68921/step) :: Entropy : 0.000 :: Grads : []
370 :: Rewards 6667.258 :: steps: 1.00 :: Time: 2.699(2.69885/step) :: Entropy : 0.000 :: Grads : []
380 :: Rewards 6929.866 :: steps: 1.00 :: Time: 2.656(2.65610/step) :: Entropy : 0.000 :: Grads : []
390 :: Rewards 7145.127 :: steps: 1.00 :: Time: 2.683(2.68260/step) :: Entropy : 0.000 :: Grads : []
400 :: Rewards 7454.979 :: steps: 1.00 :: Time: 2.696(2.69572/step) :: Entropy : 0.000 :: Grads : []
410 :: Rewards 7719.426 :: steps: 1.00 :: Time: 2.655(2.65493/step) :: Entropy : 0.000 :: Grads : []
420 :: Rewards 8004.526 :: steps: 1.00 :: Time: 2.686(2.68607/step) :: Entropy : 0.000 :: Grads : []
430 :: Rewards 8253.555 :: steps: 1.00 :: Time: 2.680(2.67963/step) :: Entropy : 0.000 :: Grads : []
440 :: Rewards 8471.539 :: steps: 1.00 :: Time: 2.723(2.72344/step) :: Entropy : 0.000 :: Grads : []
450 :: Rewards 8667.848 :: steps: 1.00 :: Time: 2.716(2.71561/step) :: Entropy : 0.000 :: Grads : []
460 :: Rewards 8797.682 :: steps: 1.00 :: Time: 2.710(2.70989/step) :: Entropy : 0.000 :: Grads : []
470 :: Rewards 9009.568 :: steps: 1.00 :: Time: 2.668(2.66773/step) :: Entropy : 0.000 :: Grads : []
480 :: Rewards 9200.750 :: steps: 1.00 :: Time: 2.675(2.67490/step) :: Entropy : 0.000 :: Grads : []
490 :: Rewards 9355.123 :: steps: 1.00 :: Time: 2.695(2.69496/step) :: Entropy : 0.000 :: Grads : []
500 :: Rewards 9464.614 :: steps: 1.00 :: Time: 2.725(2.72530/step) :: Entropy : 0.000 :: Grads : []
510 :: Rewards 9629.131 :: steps: 1.00 :: Time: 2.669(2.66875/step) :: Entropy : 0.000 :: Grads : []
520 :: Rewards 9807.034 :: steps: 1.00 :: Time: 2.685(2.68457/step) :: Entropy : 0.000 :: Grads : []
530 :: Rewards 9945.934 :: steps: 1.00 :: Time: 2.752(2.75165/step) :: Entropy : 0.000 :: Grads : []
540 :: Rewards 10093.312 :: steps: 1.00 :: Time: 2.674(2.67423/step) :: Entropy : 0.000 :: Grads : []
550 :: Rewards 10128.644 :: steps: 1.00 :: Time: 2.807(2.80718/step) :: Entropy : 0.000 :: Grads : []
560 :: Rewards 10317.855 :: steps: 1.00 :: Time: 2.697(2.69717/step) :: Entropy : 0.000 :: Grads : []
570 :: Rewards 10471.066 :: steps: 1.00 :: Time: 2.714(2.71408/step) :: Entropy : 0.000 :: Grads : []
580 :: Rewards 10657.253 :: steps: 1.00 :: Time: 2.717(2.71659/step) :: Entropy : 0.000 :: Grads : []
590 :: Rewards 10936.506 :: steps: 1.00 :: Time: 2.675(2.67459/step) :: Entropy : 0.000 :: Grads : []
600 :: Rewards 11139.385 :: steps: 1.00 :: Time: 2.718(2.71812/step) :: Entropy : 0.000 :: Grads : []
610 :: Rewards 11291.079 :: steps: 1.00 :: Time: 2.680(2.68037/step) :: Entropy : 0.000 :: Grads : []
620 :: Rewards 11551.127 :: steps: 1.00 :: Time: 2.754(2.75450/step) :: Entropy : 0.000 :: Grads : []
630 :: Rewards 11820.134 :: steps: 1.00 :: Time: 2.679(2.67935/step) :: Entropy : 0.000 :: Grads : []
640 :: Rewards 12078.314 :: steps: 1.00 :: Time: 2.688(2.68782/step) :: Entropy : 0.000 :: Grads : []
650 :: Rewards 12324.102 :: steps: 1.00 :: Time: 2.702(2.70200/step) :: Entropy : 0.000 :: Grads : []
660 :: Rewards 12573.038 :: steps: 1.00 :: Time: 2.684(2.68417/step) :: Entropy : 0.000 :: Grads : []
670 :: Rewards 12837.141 :: steps: 1.00 :: Time: 2.671(2.67107/step) :: Entropy : 0.000 :: Grads : []
680 :: Rewards 13094.623 :: steps: 1.00 :: Time: 2.668(2.66837/step) :: Entropy : 0.000 :: Grads : []
690 :: Rewards 13326.240 :: steps: 1.00 :: Time: 2.654(2.65373/step) :: Entropy : 0.000 :: Grads : []
700 :: Rewards 13552.865 :: steps: 1.00 :: Time: 2.684(2.68367/step) :: Entropy : 0.000 :: Grads : []
710 :: Rewards 13746.966 :: steps: 1.00 :: Time: 2.668(2.66783/step) :: Entropy : 0.000 :: Grads : []
720 :: Rewards 13921.630 :: steps: 1.00 :: Time: 2.691(2.69062/step) :: Entropy : 0.000 :: Grads : []
730 :: Rewards 14068.182 :: steps: 1.00 :: Time: 2.691(2.69109/step) :: Entropy : 0.000 :: Grads : []
740 :: Rewards 14211.097 :: steps: 1.00 :: Time: 2.682(2.68243/step) :: Entropy : 0.000 :: Grads : []
750 :: Rewards 14336.597 :: steps: 1.00 :: Time: 2.659(2.65877/step) :: Entropy : 0.000 :: Grads : []
760 :: Rewards 14428.292 :: steps: 1.00 :: Time: 2.671(2.67054/step) :: Entropy : 0.000 :: Grads : []
770 :: Rewards 14512.681 :: steps: 1.00 :: Time: 2.646(2.64642/step) :: Entropy : 0.000 :: Grads : []
780 :: Rewards 14531.579 :: steps: 1.00 :: Time: 2.665(2.66498/step) :: Entropy : 0.000 :: Grads : []
790 :: Rewards 14588.479 :: steps: 1.00 :: Time: 2.687(2.68702/step) :: Entropy : 0.000 :: Grads : []
800 :: Rewards 14675.137 :: steps: 1.00 :: Time: 2.683(2.68325/step) :: Entropy : 0.000 :: Grads : []
810 :: Rewards 14745.614 :: steps: 1.00 :: Time: 2.715(2.71531/step) :: Entropy : 0.000 :: Grads : []
820 :: Rewards 14877.363 :: steps: 1.00 :: Time: 2.693(2.69296/step) :: Entropy : 0.000 :: Grads : []
830 :: Rewards 14974.400 :: steps: 1.00 :: Time: 2.677(2.67692/step) :: Entropy : 0.000 :: Grads : []
840 :: Rewards 15132.876 :: steps: 1.00 :: Time: 2.694(2.69383/step) :: Entropy : 0.000 :: Grads : []
850 :: Rewards 15286.945 :: steps: 1.00 :: Time: 2.650(2.65034/step) :: Entropy : 0.000 :: Grads : []
860 :: Rewards 15452.521 :: steps: 1.00 :: Time: 2.668(2.66776/step) :: Entropy : 0.000 :: Grads : []
870 :: Rewards 15642.506 :: steps: 1.00 :: Time: 2.763(2.76286/step) :: Entropy : 0.000 :: Grads : []
880 :: Rewards 15854.097 :: steps: 1.00 :: Time: 2.687(2.68680/step) :: Entropy : 0.000 :: Grads : []
890 :: Rewards 16102.581 :: steps: 1.00 :: Time: 2.682(2.68200/step) :: Entropy : 0.000 :: Grads : []
900 :: Rewards 16379.239 :: steps: 1.00 :: Time: 2.686(2.68566/step) :: Entropy : 0.000 :: Grads : []
910 :: Rewards 16671.508 :: steps: 1.00 :: Time: 2.703(2.70324/step) :: Entropy : 0.000 :: Grads : []
920 :: Rewards 16892.098 :: steps: 1.00 :: Time: 2.679(2.67921/step) :: Entropy : 0.000 :: Grads : []
930 :: Rewards 17145.198 :: steps: 1.00 :: Time: 2.698(2.69813/step) :: Entropy : 0.000 :: Grads : []
940 :: Rewards 17396.451 :: steps: 1.00 :: Time: 2.665(2.66482/step) :: Entropy : 0.000 :: Grads : []
950 :: Rewards 17687.845 :: steps: 1.00 :: Time: 2.658(2.65751/step) :: Entropy : 0.000 :: Grads : []
960 :: Rewards 17953.599 :: steps: 1.00 :: Time: 2.671(2.67144/step) :: Entropy : 0.000 :: Grads : []
970 :: Rewards 18193.148 :: steps: 1.00 :: Time: 2.680(2.68017/step) :: Entropy : 0.000 :: Grads : []
980 :: Rewards 18446.500 :: steps: 1.00 :: Time: 2.676(2.67558/step) :: Entropy : 0.000 :: Grads : []
990 :: Rewards 18658.279 :: steps: 1.00 :: Time: 2.667(2.66697/step) :: Entropy : 0.000 :: Grads : []
999 :: Rewards 18845.295 :: steps: 0.90 :: Time: 2.424(2.69334/step) :: Entropy : 0.000 :: Grads : []
Total time taken: 2685.7936902046204
