Module path:  Environments.NS_Reco NS_Reco
Dynamically loaded from:  <class 'Environments.NS_Reco.NS_Reco'>
Reward Amplitudes: [4.17022005e-01 7.20324493e-01 1.14374817e-04 3.02332573e-01
 1.46755891e-01] :: Avg 0.317309867282206 
Module path:  Src.Algorithms.ProWLS ProWLS
Dynamically loaded from:  <class 'Src.Algorithms.ProWLS.ProWLS'>
=====Configurations=====
 Namespace(NN_basis_dim='32', Policy_basis_dim='32', actor_lr=0.0017966647558361548, algo_name='ProWLS', base=0, batch_size=1000, buffer_size=1000, debug=False, delta=1, entropy_lambda=0.006997441955638448, env_name='NS_Reco', experiment='NS_1r_', extrapolator_basis='Fourier', folder_suffix='Default', fourier_coupled=True, fourier_k=3, fourier_order=3, gamma=0.99, gauss_std=1.5, gpu=0, hyper='default', importance_clip=10.0, inc=1, log_output='term_file', max_episodes=1000, max_inner=30, max_steps=500, optim='rmsprop', oracle=-1, raw_basis=True, restore=False, save_count=100, save_model=True, seed=23, speed=1, state_lr=0.001, summary=True, swarm=False, timestamp='5|25|11:55:32')
Actions space: 5 :: State space: 1
State Low: tensor([0.]) :: State High: tensor([1.])
State features:  [('dummy_param', torch.Size([1]))]
Policy:  [('fc1.weight', torch.Size([5, 1])), ('fc1.bias', torch.Size([5]))]
0 :: Rewards -0.012 :: steps: 0.10 :: Time: 0.000(0.00070/step) :: Entropy : 0.000 :: Grads : []
10 :: Rewards -0.066 :: steps: 1.00 :: Time: 0.015(0.01543/step) :: Entropy : 0.000 :: Grads : []
20 :: Rewards -0.235 :: steps: 1.00 :: Time: 0.020(0.02033/step) :: Entropy : 0.000 :: Grads : []
30 :: Rewards -0.369 :: steps: 1.00 :: Time: 0.021(0.02053/step) :: Entropy : 0.000 :: Grads : []
40 :: Rewards -0.712 :: steps: 1.00 :: Time: 0.021(0.02131/step) :: Entropy : 0.000 :: Grads : []
50 :: Rewards -0.712 :: steps: 1.00 :: Time: 0.020(0.01951/step) :: Entropy : 0.000 :: Grads : []
60 :: Rewards -0.790 :: steps: 1.00 :: Time: 0.019(0.01877/step) :: Entropy : 0.000 :: Grads : []
70 :: Rewards -1.101 :: steps: 1.00 :: Time: 0.020(0.01965/step) :: Entropy : 0.000 :: Grads : []
80 :: Rewards -1.234 :: steps: 1.00 :: Time: 0.019(0.01946/step) :: Entropy : 0.000 :: Grads : []
90 :: Rewards -1.575 :: steps: 1.00 :: Time: 0.019(0.01927/step) :: Entropy : 0.000 :: Grads : []
100 :: Rewards -1.575 :: steps: 1.00 :: Time: 0.020(0.01983/step) :: Entropy : 0.000 :: Grads : []
110 :: Rewards -1.723 :: steps: 1.00 :: Time: 0.020(0.02047/step) :: Entropy : 0.000 :: Grads : []
120 :: Rewards -1.723 :: steps: 1.00 :: Time: 0.022(0.02155/step) :: Entropy : 0.000 :: Grads : []
130 :: Rewards -1.991 :: steps: 1.00 :: Time: 0.021(0.02122/step) :: Entropy : 0.000 :: Grads : []
140 :: Rewards -2.211 :: steps: 1.00 :: Time: 0.021(0.02109/step) :: Entropy : 0.000 :: Grads : []
150 :: Rewards -2.506 :: steps: 1.00 :: Time: 0.023(0.02332/step) :: Entropy : 0.000 :: Grads : []
160 :: Rewards -2.506 :: steps: 1.00 :: Time: 0.025(0.02487/step) :: Entropy : 0.000 :: Grads : []
170 :: Rewards -2.747 :: steps: 1.00 :: Time: 0.023(0.02284/step) :: Entropy : 0.000 :: Grads : []
180 :: Rewards -3.011 :: steps: 1.00 :: Time: 0.022(0.02247/step) :: Entropy : 0.000 :: Grads : []
190 :: Rewards -3.895 :: steps: 1.00 :: Time: 0.025(0.02541/step) :: Entropy : 0.000 :: Grads : []
200 :: Rewards -3.895 :: steps: 1.00 :: Time: 0.026(0.02556/step) :: Entropy : 0.000 :: Grads : []
210 :: Rewards -3.895 :: steps: 1.00 :: Time: 0.026(0.02584/step) :: Entropy : 0.000 :: Grads : []
220 :: Rewards -3.895 :: steps: 1.00 :: Time: 0.026(0.02598/step) :: Entropy : 0.000 :: Grads : []
230 :: Rewards -5.977 :: steps: 1.00 :: Time: 0.026(0.02614/step) :: Entropy : 0.000 :: Grads : []
240 :: Rewards -5.977 :: steps: 1.00 :: Time: 0.027(0.02727/step) :: Entropy : 0.000 :: Grads : []
250 :: Rewards -6.338 :: steps: 1.00 :: Time: 0.028(0.02845/step) :: Entropy : 0.000 :: Grads : []
260 :: Rewards -6.917 :: steps: 1.00 :: Time: 0.030(0.02964/step) :: Entropy : 0.000 :: Grads : []
270 :: Rewards -6.917 :: steps: 1.00 :: Time: 0.030(0.03044/step) :: Entropy : 0.000 :: Grads : []
280 :: Rewards -6.917 :: steps: 1.00 :: Time: 0.031(0.03087/step) :: Entropy : 0.000 :: Grads : []
290 :: Rewards -6.917 :: steps: 1.00 :: Time: 0.032(0.03185/step) :: Entropy : 0.000 :: Grads : []
300 :: Rewards -6.917 :: steps: 1.00 :: Time: 0.033(0.03295/step) :: Entropy : 0.000 :: Grads : []
310 :: Rewards -6.917 :: steps: 1.00 :: Time: 0.034(0.03354/step) :: Entropy : 0.000 :: Grads : []
320 :: Rewards -7.559 :: steps: 1.00 :: Time: 0.035(0.03482/step) :: Entropy : 0.000 :: Grads : []
330 :: Rewards -7.559 :: steps: 1.00 :: Time: 0.036(0.03563/step) :: Entropy : 0.000 :: Grads : []
340 :: Rewards -7.559 :: steps: 1.00 :: Time: 0.036(0.03612/step) :: Entropy : 0.000 :: Grads : []
350 :: Rewards -7.559 :: steps: 1.00 :: Time: 0.037(0.03695/step) :: Entropy : 0.000 :: Grads : []
360 :: Rewards -7.559 :: steps: 1.00 :: Time: 0.038(0.03771/step) :: Entropy : 0.000 :: Grads : []
370 :: Rewards -8.008 :: steps: 1.00 :: Time: 0.038(0.03834/step) :: Entropy : 0.000 :: Grads : []
380 :: Rewards -8.453 :: steps: 1.00 :: Time: 0.039(0.03912/step) :: Entropy : 0.000 :: Grads : []
390 :: Rewards -8.453 :: steps: 1.00 :: Time: 0.041(0.04090/step) :: Entropy : 0.000 :: Grads : []
400 :: Rewards -8.453 :: steps: 1.00 :: Time: 0.041(0.04065/step) :: Entropy : 0.000 :: Grads : []
410 :: Rewards -9.048 :: steps: 1.00 :: Time: 0.042(0.04225/step) :: Entropy : 0.000 :: Grads : []
420 :: Rewards -10.251 :: steps: 1.00 :: Time: 0.043(0.04316/step) :: Entropy : 0.000 :: Grads : []
430 :: Rewards -10.863 :: steps: 1.00 :: Time: 0.045(0.04455/step) :: Entropy : 0.000 :: Grads : []
440 :: Rewards -10.863 :: steps: 1.00 :: Time: 0.046(0.04583/step) :: Entropy : 0.000 :: Grads : []
450 :: Rewards -11.464 :: steps: 1.00 :: Time: 0.046(0.04646/step) :: Entropy : 0.000 :: Grads : []
460 :: Rewards -12.180 :: steps: 1.00 :: Time: 0.047(0.04744/step) :: Entropy : 0.000 :: Grads : []
470 :: Rewards -12.180 :: steps: 1.00 :: Time: 0.049(0.04895/step) :: Entropy : 0.000 :: Grads : []
480 :: Rewards -12.504 :: steps: 1.00 :: Time: 0.050(0.04955/step) :: Entropy : 0.000 :: Grads : []
490 :: Rewards -12.504 :: steps: 1.00 :: Time: 0.050(0.05018/step) :: Entropy : 0.000 :: Grads : []
500 :: Rewards -13.107 :: steps: 1.00 :: Time: 0.051(0.05144/step) :: Entropy : 0.000 :: Grads : []
510 :: Rewards -13.107 :: steps: 1.00 :: Time: 0.053(0.05321/step) :: Entropy : 0.000 :: Grads : []
520 :: Rewards -13.107 :: steps: 1.00 :: Time: 0.055(0.05535/step) :: Entropy : 0.000 :: Grads : []
530 :: Rewards -13.107 :: steps: 1.00 :: Time: 0.056(0.05566/step) :: Entropy : 0.000 :: Grads : []
540 :: Rewards -13.107 :: steps: 1.00 :: Time: 0.056(0.05579/step) :: Entropy : 0.000 :: Grads : []
550 :: Rewards -13.107 :: steps: 1.00 :: Time: 0.055(0.05541/step) :: Entropy : 0.000 :: Grads : []
560 :: Rewards -13.995 :: steps: 1.00 :: Time: 0.056(0.05564/step) :: Entropy : 0.000 :: Grads : []
570 :: Rewards -14.244 :: steps: 1.00 :: Time: 0.057(0.05705/step) :: Entropy : 0.000 :: Grads : []
580 :: Rewards -14.244 :: steps: 1.00 :: Time: 0.058(0.05814/step) :: Entropy : 0.000 :: Grads : []
590 :: Rewards -14.244 :: steps: 1.00 :: Time: 0.060(0.05983/step) :: Entropy : 0.000 :: Grads : []
600 :: Rewards -14.244 :: steps: 1.00 :: Time: 0.061(0.06133/step) :: Entropy : 0.000 :: Grads : []
610 :: Rewards -14.847 :: steps: 1.00 :: Time: 0.063(0.06265/step) :: Entropy : 0.000 :: Grads : []
620 :: Rewards -15.425 :: steps: 1.00 :: Time: 0.064(0.06381/step) :: Entropy : 0.000 :: Grads : []
630 :: Rewards -16.207 :: steps: 1.00 :: Time: 0.066(0.06602/step) :: Entropy : 0.000 :: Grads : []
640 :: Rewards -16.207 :: steps: 1.00 :: Time: 0.067(0.06748/step) :: Entropy : 0.000 :: Grads : []
650 :: Rewards -16.590 :: steps: 1.00 :: Time: 0.069(0.06879/step) :: Entropy : 0.000 :: Grads : []
660 :: Rewards -17.348 :: steps: 1.00 :: Time: 0.083(0.08253/step) :: Entropy : 0.000 :: Grads : []
670 :: Rewards -17.348 :: steps: 1.00 :: Time: 0.072(0.07158/step) :: Entropy : 0.000 :: Grads : []
680 :: Rewards -17.685 :: steps: 1.00 :: Time: 0.073(0.07285/step) :: Entropy : 0.000 :: Grads : []
690 :: Rewards -17.685 :: steps: 1.00 :: Time: 0.076(0.07565/step) :: Entropy : 0.000 :: Grads : []
700 :: Rewards -17.685 :: steps: 1.00 :: Time: 0.077(0.07666/step) :: Entropy : 0.000 :: Grads : []
710 :: Rewards -17.685 :: steps: 1.00 :: Time: 0.079(0.07864/step) :: Entropy : 0.000 :: Grads : []
720 :: Rewards -17.690 :: steps: 1.00 :: Time: 0.080(0.07995/step) :: Entropy : 0.000 :: Grads : []
730 :: Rewards -17.727 :: steps: 1.00 :: Time: 0.082(0.08228/step) :: Entropy : 0.000 :: Grads : []
740 :: Rewards -17.969 :: steps: 1.00 :: Time: 0.081(0.08116/step) :: Entropy : 0.000 :: Grads : []
750 :: Rewards -18.394 :: steps: 1.00 :: Time: 0.071(0.07132/step) :: Entropy : 0.000 :: Grads : []
760 :: Rewards -18.974 :: steps: 1.00 :: Time: 0.074(0.07399/step) :: Entropy : 0.000 :: Grads : []
770 :: Rewards -19.726 :: steps: 1.00 :: Time: 0.073(0.07331/step) :: Entropy : 0.000 :: Grads : []
780 :: Rewards -20.592 :: steps: 1.00 :: Time: 0.073(0.07339/step) :: Entropy : 0.000 :: Grads : []
790 :: Rewards -21.603 :: steps: 1.00 :: Time: 0.073(0.07315/step) :: Entropy : 0.000 :: Grads : []
800 :: Rewards -22.920 :: steps: 1.00 :: Time: 0.079(0.07872/step) :: Entropy : 0.000 :: Grads : []
810 :: Rewards -23.343 :: steps: 1.00 :: Time: 0.079(0.07868/step) :: Entropy : 0.000 :: Grads : []
820 :: Rewards -23.502 :: steps: 1.00 :: Time: 0.082(0.08232/step) :: Entropy : 0.000 :: Grads : []
830 :: Rewards -23.502 :: steps: 1.00 :: Time: 0.086(0.08554/step) :: Entropy : 0.000 :: Grads : []
840 :: Rewards -23.502 :: steps: 1.00 :: Time: 0.089(0.08885/step) :: Entropy : 0.000 :: Grads : []
850 :: Rewards -23.502 :: steps: 1.00 :: Time: 0.092(0.09151/step) :: Entropy : 0.000 :: Grads : []
860 :: Rewards -24.699 :: steps: 1.00 :: Time: 0.094(0.09364/step) :: Entropy : 0.000 :: Grads : []
870 :: Rewards -25.572 :: steps: 1.00 :: Time: 0.102(0.10156/step) :: Entropy : 0.000 :: Grads : []
880 :: Rewards -25.854 :: steps: 1.00 :: Time: 0.098(0.09794/step) :: Entropy : 0.000 :: Grads : []
890 :: Rewards -25.854 :: steps: 1.00 :: Time: 0.100(0.10039/step) :: Entropy : 0.000 :: Grads : []
900 :: Rewards -25.854 :: steps: 1.00 :: Time: 0.103(0.10312/step) :: Entropy : 0.000 :: Grads : []
910 :: Rewards -26.102 :: steps: 1.00 :: Time: 0.105(0.10478/step) :: Entropy : 0.000 :: Grads : []
920 :: Rewards -26.102 :: steps: 1.00 :: Time: 0.107(0.10745/step) :: Entropy : 0.000 :: Grads : []
930 :: Rewards -26.404 :: steps: 1.00 :: Time: 0.110(0.10957/step) :: Entropy : 0.000 :: Grads : []
940 :: Rewards -26.404 :: steps: 1.00 :: Time: 0.112(0.11242/step) :: Entropy : 0.000 :: Grads : []
950 :: Rewards -26.696 :: steps: 1.00 :: Time: 0.112(0.11227/step) :: Entropy : 0.000 :: Grads : []
960 :: Rewards -26.976 :: steps: 1.00 :: Time: 0.114(0.11445/step) :: Entropy : 0.000 :: Grads : []
970 :: Rewards -27.353 :: steps: 1.00 :: Time: 0.115(0.11474/step) :: Entropy : 0.000 :: Grads : []
980 :: Rewards -27.480 :: steps: 1.00 :: Time: 0.117(0.11738/step) :: Entropy : 0.000 :: Grads : []
990 :: Rewards -27.629 :: steps: 1.00 :: Time: 0.121(0.12108/step) :: Entropy : 0.000 :: Grads : []
999 :: Rewards -27.672 :: steps: 0.90 :: Time: 0.111(0.12349/step) :: Entropy : 0.000 :: Grads : []
Total time taken: 56.53662705421448
