Module path:  Environments.NS_Reco NS_Reco
Dynamically loaded from:  <class 'Environments.NS_Reco.NS_Reco'>
Reward Amplitudes: [4.17022005e-01 7.20324493e-01 1.14374817e-04 3.02332573e-01
 1.46755891e-01] :: Avg 0.317309867282206 
Module path:  Src.Algorithms.ProOLS ProOLS
Dynamically loaded from:  <class 'Src.Algorithms.ProOLS.ProOLS'>
=====Configurations=====
 Namespace(NN_basis_dim='32', Policy_basis_dim='32', actor_lr=0.0013967975033711264, algo_name='ProOLS', base=0, batch_size=1000, buffer_size=1000, debug=False, delta=1, entropy_lambda=0.009309067356364342, env_name='NS_Reco', experiment='NS_0r_', extrapolator_basis='Fourier', folder_suffix='Default', fourier_coupled=True, fourier_k=5, fourier_order=3, gamma=0.99, gauss_std=1.5, gpu=0, hyper='default', importance_clip=15.0, inc=1, log_output='term_file', max_episodes=1000, max_inner=30, max_steps=500, optim='rmsprop', oracle=-1, raw_basis=True, restore=False, save_count=100, save_model=True, seed=2, speed=0, state_lr=0.001, summary=True, swarm=False, timestamp='5|25|11:38:47')
Actions space: 5 :: State space: 1
State Low: tensor([0.]) :: State High: tensor([1.])
State features:  [('dummy_param', torch.Size([1]))]
Policy:  [('fc1.weight', torch.Size([5, 1])), ('fc1.bias', torch.Size([5]))]
0 :: Rewards -0.729 :: steps: 0.10 :: Time: 0.000(0.00059/step) :: Entropy : 0.000 :: Grads : []
10 :: Rewards -4.631 :: steps: 1.00 :: Time: 0.008(0.00834/step) :: Entropy : 0.000 :: Grads : []
20 :: Rewards -9.220 :: steps: 1.00 :: Time: 0.015(0.01522/step) :: Entropy : 0.000 :: Grads : []
30 :: Rewards -12.390 :: steps: 1.00 :: Time: 0.014(0.01412/step) :: Entropy : 0.000 :: Grads : []
40 :: Rewards -17.424 :: steps: 1.00 :: Time: 0.014(0.01358/step) :: Entropy : 0.000 :: Grads : []
50 :: Rewards -20.366 :: steps: 1.00 :: Time: 0.014(0.01362/step) :: Entropy : 0.000 :: Grads : []
60 :: Rewards -23.796 :: steps: 1.00 :: Time: 0.014(0.01379/step) :: Entropy : 0.000 :: Grads : []
70 :: Rewards -24.216 :: steps: 1.00 :: Time: 0.014(0.01411/step) :: Entropy : 0.000 :: Grads : []
80 :: Rewards -24.216 :: steps: 1.00 :: Time: 0.014(0.01406/step) :: Entropy : 0.000 :: Grads : []
90 :: Rewards -24.638 :: steps: 1.00 :: Time: 0.014(0.01421/step) :: Entropy : 0.000 :: Grads : []
100 :: Rewards -25.047 :: steps: 1.00 :: Time: 0.014(0.01446/step) :: Entropy : 0.000 :: Grads : []
110 :: Rewards -26.893 :: steps: 1.00 :: Time: 0.014(0.01450/step) :: Entropy : 0.000 :: Grads : []
120 :: Rewards -26.893 :: steps: 1.00 :: Time: 0.015(0.01455/step) :: Entropy : 0.000 :: Grads : []
130 :: Rewards -26.893 :: steps: 1.00 :: Time: 0.015(0.01486/step) :: Entropy : 0.000 :: Grads : []
140 :: Rewards -26.893 :: steps: 1.00 :: Time: 0.015(0.01491/step) :: Entropy : 0.000 :: Grads : []
150 :: Rewards -26.893 :: steps: 1.00 :: Time: 0.015(0.01515/step) :: Entropy : 0.000 :: Grads : []
160 :: Rewards -26.893 :: steps: 1.00 :: Time: 0.015(0.01508/step) :: Entropy : 0.000 :: Grads : []
170 :: Rewards -26.893 :: steps: 1.00 :: Time: 0.015(0.01528/step) :: Entropy : 0.000 :: Grads : []
180 :: Rewards -26.893 :: steps: 1.00 :: Time: 0.016(0.01555/step) :: Entropy : 0.000 :: Grads : []
190 :: Rewards -26.893 :: steps: 1.00 :: Time: 0.016(0.01568/step) :: Entropy : 0.000 :: Grads : []
200 :: Rewards -26.893 :: steps: 1.00 :: Time: 0.016(0.01576/step) :: Entropy : 0.000 :: Grads : []
210 :: Rewards -26.893 :: steps: 1.00 :: Time: 0.016(0.01602/step) :: Entropy : 0.000 :: Grads : []
220 :: Rewards -26.893 :: steps: 1.00 :: Time: 0.016(0.01596/step) :: Entropy : 0.000 :: Grads : []
230 :: Rewards -26.893 :: steps: 1.00 :: Time: 0.016(0.01598/step) :: Entropy : 0.000 :: Grads : []
240 :: Rewards -26.893 :: steps: 1.00 :: Time: 0.016(0.01620/step) :: Entropy : 0.000 :: Grads : []
250 :: Rewards -26.893 :: steps: 1.00 :: Time: 0.016(0.01631/step) :: Entropy : 0.000 :: Grads : []
260 :: Rewards -26.893 :: steps: 1.00 :: Time: 0.017(0.01662/step) :: Entropy : 0.000 :: Grads : []
270 :: Rewards -26.893 :: steps: 1.00 :: Time: 0.017(0.01695/step) :: Entropy : 0.000 :: Grads : []
280 :: Rewards -26.893 :: steps: 1.00 :: Time: 0.017(0.01698/step) :: Entropy : 0.000 :: Grads : []
290 :: Rewards -26.893 :: steps: 1.00 :: Time: 0.017(0.01714/step) :: Entropy : 0.000 :: Grads : []
300 :: Rewards -26.893 :: steps: 1.00 :: Time: 0.017(0.01724/step) :: Entropy : 0.000 :: Grads : []
310 :: Rewards -26.893 :: steps: 1.00 :: Time: 0.018(0.01760/step) :: Entropy : 0.000 :: Grads : []
320 :: Rewards -26.893 :: steps: 1.00 :: Time: 0.018(0.01765/step) :: Entropy : 0.000 :: Grads : []
330 :: Rewards -26.893 :: steps: 1.00 :: Time: 0.018(0.01790/step) :: Entropy : 0.000 :: Grads : []
340 :: Rewards -26.893 :: steps: 1.00 :: Time: 0.018(0.01779/step) :: Entropy : 0.000 :: Grads : []
350 :: Rewards -26.893 :: steps: 1.00 :: Time: 0.018(0.01812/step) :: Entropy : 0.000 :: Grads : []
360 :: Rewards -26.893 :: steps: 1.00 :: Time: 0.018(0.01811/step) :: Entropy : 0.000 :: Grads : []
370 :: Rewards -26.893 :: steps: 1.00 :: Time: 0.018(0.01830/step) :: Entropy : 0.000 :: Grads : []
380 :: Rewards -26.893 :: steps: 1.00 :: Time: 0.018(0.01844/step) :: Entropy : 0.000 :: Grads : []
390 :: Rewards -26.893 :: steps: 1.00 :: Time: 0.018(0.01839/step) :: Entropy : 0.000 :: Grads : []
400 :: Rewards -26.893 :: steps: 1.00 :: Time: 0.019(0.01851/step) :: Entropy : 0.000 :: Grads : []
410 :: Rewards -26.893 :: steps: 1.00 :: Time: 0.019(0.01886/step) :: Entropy : 0.000 :: Grads : []
420 :: Rewards -26.893 :: steps: 1.00 :: Time: 0.020(0.02006/step) :: Entropy : 0.000 :: Grads : []
430 :: Rewards -26.893 :: steps: 1.00 :: Time: 0.020(0.02020/step) :: Entropy : 0.000 :: Grads : []
440 :: Rewards -26.893 :: steps: 1.00 :: Time: 0.021(0.02056/step) :: Entropy : 0.000 :: Grads : []
450 :: Rewards -26.893 :: steps: 1.00 :: Time: 0.022(0.02164/step) :: Entropy : 0.000 :: Grads : []
460 :: Rewards -26.893 :: steps: 1.00 :: Time: 0.021(0.02102/step) :: Entropy : 0.000 :: Grads : []
470 :: Rewards -26.893 :: steps: 1.00 :: Time: 0.021(0.02130/step) :: Entropy : 0.000 :: Grads : []
480 :: Rewards -26.893 :: steps: 1.00 :: Time: 0.022(0.02154/step) :: Entropy : 0.000 :: Grads : []
490 :: Rewards -26.893 :: steps: 1.00 :: Time: 0.022(0.02165/step) :: Entropy : 0.000 :: Grads : []
500 :: Rewards -26.893 :: steps: 1.00 :: Time: 0.022(0.02184/step) :: Entropy : 0.000 :: Grads : []
510 :: Rewards -26.893 :: steps: 1.00 :: Time: 0.022(0.02195/step) :: Entropy : 0.000 :: Grads : []
520 :: Rewards -26.893 :: steps: 1.00 :: Time: 0.022(0.02231/step) :: Entropy : 0.000 :: Grads : []
530 :: Rewards -26.893 :: steps: 1.00 :: Time: 0.022(0.02246/step) :: Entropy : 0.000 :: Grads : []
540 :: Rewards -26.893 :: steps: 1.00 :: Time: 0.028(0.02847/step) :: Entropy : 0.000 :: Grads : []
550 :: Rewards -26.893 :: steps: 1.00 :: Time: 0.028(0.02802/step) :: Entropy : 0.000 :: Grads : []
560 :: Rewards -26.893 :: steps: 1.00 :: Time: 0.025(0.02469/step) :: Entropy : 0.000 :: Grads : []
570 :: Rewards -26.893 :: steps: 1.00 :: Time: 0.024(0.02366/step) :: Entropy : 0.000 :: Grads : []
580 :: Rewards -26.893 :: steps: 1.00 :: Time: 0.023(0.02331/step) :: Entropy : 0.000 :: Grads : []
590 :: Rewards -26.893 :: steps: 1.00 :: Time: 0.025(0.02458/step) :: Entropy : 0.000 :: Grads : []
600 :: Rewards -26.893 :: steps: 1.00 :: Time: 0.024(0.02352/step) :: Entropy : 0.000 :: Grads : []
610 :: Rewards -26.893 :: steps: 1.00 :: Time: 0.024(0.02363/step) :: Entropy : 0.000 :: Grads : []
620 :: Rewards -26.893 :: steps: 1.00 :: Time: 0.024(0.02379/step) :: Entropy : 0.000 :: Grads : []
630 :: Rewards -26.893 :: steps: 1.00 :: Time: 0.025(0.02492/step) :: Entropy : 0.000 :: Grads : []
640 :: Rewards -26.893 :: steps: 1.00 :: Time: 0.025(0.02453/step) :: Entropy : 0.000 :: Grads : []
650 :: Rewards -26.893 :: steps: 1.00 :: Time: 0.023(0.02291/step) :: Entropy : 0.000 :: Grads : []
660 :: Rewards -26.893 :: steps: 1.00 :: Time: 0.023(0.02268/step) :: Entropy : 0.000 :: Grads : []
670 :: Rewards -26.893 :: steps: 1.00 :: Time: 0.023(0.02310/step) :: Entropy : 0.000 :: Grads : []
680 :: Rewards -26.893 :: steps: 1.00 :: Time: 0.023(0.02317/step) :: Entropy : 0.000 :: Grads : []
690 :: Rewards -26.893 :: steps: 1.00 :: Time: 0.023(0.02333/step) :: Entropy : 0.000 :: Grads : []
700 :: Rewards -26.893 :: steps: 1.00 :: Time: 0.023(0.02302/step) :: Entropy : 0.000 :: Grads : []
710 :: Rewards -26.893 :: steps: 1.00 :: Time: 0.023(0.02345/step) :: Entropy : 0.000 :: Grads : []
720 :: Rewards -26.893 :: steps: 1.00 :: Time: 0.024(0.02371/step) :: Entropy : 0.000 :: Grads : []
730 :: Rewards -26.893 :: steps: 1.00 :: Time: 0.024(0.02385/step) :: Entropy : 0.000 :: Grads : []
740 :: Rewards -26.893 :: steps: 1.00 :: Time: 0.024(0.02413/step) :: Entropy : 0.000 :: Grads : []
750 :: Rewards -26.893 :: steps: 1.00 :: Time: 0.027(0.02667/step) :: Entropy : 0.000 :: Grads : []
760 :: Rewards -26.893 :: steps: 1.00 :: Time: 0.026(0.02610/step) :: Entropy : 0.000 :: Grads : []
770 :: Rewards -26.893 :: steps: 1.00 :: Time: 0.036(0.03625/step) :: Entropy : 0.000 :: Grads : []
780 :: Rewards -26.893 :: steps: 1.00 :: Time: 0.026(0.02641/step) :: Entropy : 0.000 :: Grads : []
790 :: Rewards -26.893 :: steps: 1.00 :: Time: 0.025(0.02517/step) :: Entropy : 0.000 :: Grads : []
800 :: Rewards -26.893 :: steps: 1.00 :: Time: 0.025(0.02515/step) :: Entropy : 0.000 :: Grads : []
810 :: Rewards -26.893 :: steps: 1.00 :: Time: 0.026(0.02553/step) :: Entropy : 0.000 :: Grads : []
820 :: Rewards -26.893 :: steps: 1.00 :: Time: 0.026(0.02600/step) :: Entropy : 0.000 :: Grads : []
830 :: Rewards -26.893 :: steps: 1.00 :: Time: 0.026(0.02625/step) :: Entropy : 0.000 :: Grads : []
840 :: Rewards -26.893 :: steps: 1.00 :: Time: 0.026(0.02622/step) :: Entropy : 0.000 :: Grads : []
850 :: Rewards -26.893 :: steps: 1.00 :: Time: 0.032(0.03166/step) :: Entropy : 0.000 :: Grads : []
860 :: Rewards -26.893 :: steps: 1.00 :: Time: 0.029(0.02918/step) :: Entropy : 0.000 :: Grads : []
870 :: Rewards -26.893 :: steps: 1.00 :: Time: 0.035(0.03536/step) :: Entropy : 0.000 :: Grads : []
880 :: Rewards -26.893 :: steps: 1.00 :: Time: 0.027(0.02657/step) :: Entropy : 0.000 :: Grads : []
890 :: Rewards -26.893 :: steps: 1.00 :: Time: 0.028(0.02750/step) :: Entropy : 0.000 :: Grads : []
900 :: Rewards -26.893 :: steps: 1.00 :: Time: 0.037(0.03650/step) :: Entropy : 0.000 :: Grads : []
910 :: Rewards -26.893 :: steps: 1.00 :: Time: 0.030(0.02955/step) :: Entropy : 0.000 :: Grads : []
920 :: Rewards -26.893 :: steps: 1.00 :: Time: 0.030(0.02956/step) :: Entropy : 0.000 :: Grads : []
930 :: Rewards -26.893 :: steps: 1.00 :: Time: 0.027(0.02720/step) :: Entropy : 0.000 :: Grads : []
940 :: Rewards -26.893 :: steps: 1.00 :: Time: 0.027(0.02725/step) :: Entropy : 0.000 :: Grads : []
950 :: Rewards -26.893 :: steps: 1.00 :: Time: 0.027(0.02730/step) :: Entropy : 0.000 :: Grads : []
960 :: Rewards -26.893 :: steps: 1.00 :: Time: 0.028(0.02774/step) :: Entropy : 0.000 :: Grads : []
970 :: Rewards -26.893 :: steps: 1.00 :: Time: 0.028(0.02761/step) :: Entropy : 0.000 :: Grads : []
980 :: Rewards -26.893 :: steps: 1.00 :: Time: 0.028(0.02780/step) :: Entropy : 0.000 :: Grads : []
990 :: Rewards -26.893 :: steps: 1.00 :: Time: 0.028(0.02801/step) :: Entropy : 0.000 :: Grads : []
999 :: Rewards -26.893 :: steps: 0.90 :: Time: 0.026(0.02835/step) :: Entropy : 0.000 :: Grads : []
Total time taken: 21.559693098068237
