Module path:  Src.Algorithms.ProOLS ProOLS
Dynamically loaded from:  <class 'Src.Algorithms.ProOLS.ProOLS'>
=====Configurations=====
 Namespace(NN_basis_dim='32', Policy_basis_dim='32', actor_lr=0.0014243000759653686, algo_name='ProOLS', base=1000, batch_size=1000, buffer_size=1000, debug=False, delta=1, entropy_lambda=0.1, env_name='NS_SimGlucose-v0', experiment='NS_2_', extrapolator_basis='Fourier', folder_suffix='Default', fourier_coupled=True, fourier_k=4, fourier_order=3, gamma=0.99, gauss_std=1.95574, gpu=0, hyper='default', importance_clip=5.0, inc=1, log_output='term_file', max_episodes=1000, max_inner=30, max_steps=500, optim='rmsprop', oracle=-1, raw_basis=True, restore=False, save_count=100, save_model=True, seed=5, speed=2, state_lr=0.001, summary=True, swarm=False, timestamp='5|25|19:59:16')
Actions space: 2 :: State space: 1
State Low: tensor([0.]) :: State High: tensor([1.])
State features:  [('dummy_param', torch.Size([1]))]
Action Low: [3. 5.] :: Action High: [30. 50.]
Policy:  [('fc_mean.weight', torch.Size([2, 1])), ('fc_mean.bias', torch.Size([2]))]
0 :: Rewards 12.231 :: steps: 0.10 :: Time: 0.284(2.83973/step) :: Entropy : 0.000 :: Grads : []
10 :: Rewards 139.462 :: steps: 1.00 :: Time: 2.858(2.85799/step) :: Entropy : 0.000 :: Grads : []
20 :: Rewards 266.339 :: steps: 1.00 :: Time: 2.949(2.94907/step) :: Entropy : 0.000 :: Grads : []
30 :: Rewards 405.239 :: steps: 1.00 :: Time: 2.984(2.98442/step) :: Entropy : 0.000 :: Grads : []
40 :: Rewards 560.180 :: steps: 1.00 :: Time: 33.489(33.48862/step) :: Entropy : 0.000 :: Grads : []
50 :: Rewards 725.863 :: steps: 1.00 :: Time: 2.888(2.88784/step) :: Entropy : 0.000 :: Grads : []
60 :: Rewards 883.321 :: steps: 1.00 :: Time: 2.886(2.88590/step) :: Entropy : 0.000 :: Grads : []
70 :: Rewards 1066.765 :: steps: 1.00 :: Time: 2.859(2.85890/step) :: Entropy : 0.000 :: Grads : []
80 :: Rewards 1255.234 :: steps: 1.00 :: Time: 2.955(2.95468/step) :: Entropy : 0.000 :: Grads : []
90 :: Rewards 1431.260 :: steps: 1.00 :: Time: 2.907(2.90728/step) :: Entropy : 0.000 :: Grads : []
100 :: Rewards 1610.991 :: steps: 1.00 :: Time: 3.238(3.23844/step) :: Entropy : 0.000 :: Grads : []
110 :: Rewards 1808.196 :: steps: 1.00 :: Time: 3.075(3.07468/step) :: Entropy : 0.000 :: Grads : []
120 :: Rewards 2022.240 :: steps: 1.00 :: Time: 3.216(3.21570/step) :: Entropy : 0.000 :: Grads : []
130 :: Rewards 2273.569 :: steps: 1.00 :: Time: 3.402(3.40184/step) :: Entropy : 0.000 :: Grads : []
140 :: Rewards 2528.895 :: steps: 1.00 :: Time: 3.209(3.20932/step) :: Entropy : 0.000 :: Grads : []
150 :: Rewards 2793.882 :: steps: 1.00 :: Time: 3.122(3.12208/step) :: Entropy : 0.000 :: Grads : []
160 :: Rewards 3075.955 :: steps: 1.00 :: Time: 3.119(3.11909/step) :: Entropy : 0.000 :: Grads : []
170 :: Rewards 3357.195 :: steps: 1.00 :: Time: 3.164(3.16350/step) :: Entropy : 0.000 :: Grads : []
180 :: Rewards 3662.990 :: steps: 1.00 :: Time: 3.239(3.23869/step) :: Entropy : 0.000 :: Grads : []
190 :: Rewards 3970.998 :: steps: 1.00 :: Time: 33.361(33.36058/step) :: Entropy : 0.000 :: Grads : []
200 :: Rewards 4279.077 :: steps: 1.00 :: Time: 2.759(2.75884/step) :: Entropy : 0.000 :: Grads : []
210 :: Rewards 4591.530 :: steps: 1.00 :: Time: 2.832(2.83203/step) :: Entropy : 0.000 :: Grads : []
220 :: Rewards 4902.639 :: steps: 1.00 :: Time: 2.967(2.96700/step) :: Entropy : 0.000 :: Grads : []
230 :: Rewards 5207.672 :: steps: 1.00 :: Time: 2.973(2.97304/step) :: Entropy : 0.000 :: Grads : []
240 :: Rewards 5516.896 :: steps: 1.00 :: Time: 2.998(2.99824/step) :: Entropy : 0.000 :: Grads : []
250 :: Rewards 5821.989 :: steps: 1.00 :: Time: 3.110(3.10982/step) :: Entropy : 0.000 :: Grads : []
260 :: Rewards 6134.238 :: steps: 1.00 :: Time: 2.994(2.99413/step) :: Entropy : 0.000 :: Grads : []
270 :: Rewards 6441.248 :: steps: 1.00 :: Time: 3.140(3.14010/step) :: Entropy : 0.000 :: Grads : []
280 :: Rewards 6770.699 :: steps: 1.00 :: Time: 3.245(3.24514/step) :: Entropy : 0.000 :: Grads : []
290 :: Rewards 7092.072 :: steps: 1.00 :: Time: 3.137(3.13670/step) :: Entropy : 0.000 :: Grads : []
300 :: Rewards 7417.852 :: steps: 1.00 :: Time: 3.095(3.09524/step) :: Entropy : 0.000 :: Grads : []
310 :: Rewards 7735.011 :: steps: 1.00 :: Time: 3.198(3.19763/step) :: Entropy : 0.000 :: Grads : []
320 :: Rewards 8046.150 :: steps: 1.00 :: Time: 3.394(3.39435/step) :: Entropy : 0.000 :: Grads : []
330 :: Rewards 8337.556 :: steps: 1.00 :: Time: 3.738(3.73750/step) :: Entropy : 0.000 :: Grads : []
340 :: Rewards 8623.167 :: steps: 1.00 :: Time: 4.064(4.06418/step) :: Entropy : 0.000 :: Grads : []
350 :: Rewards 8902.055 :: steps: 1.00 :: Time: 3.752(3.75198/step) :: Entropy : 0.000 :: Grads : []
360 :: Rewards 9170.019 :: steps: 1.00 :: Time: 3.495(3.49503/step) :: Entropy : 0.000 :: Grads : []
370 :: Rewards 9436.191 :: steps: 1.00 :: Time: 3.724(3.72391/step) :: Entropy : 0.000 :: Grads : []
380 :: Rewards 9695.824 :: steps: 1.00 :: Time: 3.591(3.59088/step) :: Entropy : 0.000 :: Grads : []
390 :: Rewards 9946.983 :: steps: 1.00 :: Time: 3.541(3.54076/step) :: Entropy : 0.000 :: Grads : []
400 :: Rewards 10188.771 :: steps: 1.00 :: Time: 3.642(3.64198/step) :: Entropy : 0.000 :: Grads : []
410 :: Rewards 10422.065 :: steps: 1.00 :: Time: 3.741(3.74084/step) :: Entropy : 0.000 :: Grads : []
420 :: Rewards 10645.743 :: steps: 1.00 :: Time: 3.769(3.76887/step) :: Entropy : 0.000 :: Grads : []
430 :: Rewards 10866.396 :: steps: 1.00 :: Time: 3.663(3.66319/step) :: Entropy : 0.000 :: Grads : []
440 :: Rewards 11077.393 :: steps: 1.00 :: Time: 3.491(3.49072/step) :: Entropy : 0.000 :: Grads : []
450 :: Rewards 11281.974 :: steps: 1.00 :: Time: 3.689(3.68939/step) :: Entropy : 0.000 :: Grads : []
460 :: Rewards 11479.296 :: steps: 1.00 :: Time: 3.655(3.65535/step) :: Entropy : 0.000 :: Grads : []
470 :: Rewards 11667.959 :: steps: 1.00 :: Time: 3.659(3.65866/step) :: Entropy : 0.000 :: Grads : []
480 :: Rewards 11847.939 :: steps: 1.00 :: Time: 3.654(3.65401/step) :: Entropy : 0.000 :: Grads : []
490 :: Rewards 12017.890 :: steps: 1.00 :: Time: 3.523(3.52285/step) :: Entropy : 0.000 :: Grads : []
500 :: Rewards 12186.683 :: steps: 1.00 :: Time: 3.648(3.64761/step) :: Entropy : 0.000 :: Grads : []
510 :: Rewards 12354.581 :: steps: 1.00 :: Time: 3.633(3.63297/step) :: Entropy : 0.000 :: Grads : []
520 :: Rewards 12518.418 :: steps: 1.00 :: Time: 3.728(3.72775/step) :: Entropy : 0.000 :: Grads : []
530 :: Rewards 12687.544 :: steps: 1.00 :: Time: 3.654(3.65420/step) :: Entropy : 0.000 :: Grads : []
540 :: Rewards 12855.905 :: steps: 1.00 :: Time: 3.651(3.65118/step) :: Entropy : 0.000 :: Grads : []
550 :: Rewards 13025.352 :: steps: 1.00 :: Time: 3.606(3.60648/step) :: Entropy : 0.000 :: Grads : []
560 :: Rewards 13201.175 :: steps: 1.00 :: Time: 3.594(3.59426/step) :: Entropy : 0.000 :: Grads : []
570 :: Rewards 13380.641 :: steps: 1.00 :: Time: 3.641(3.64116/step) :: Entropy : 0.000 :: Grads : []
580 :: Rewards 13569.424 :: steps: 1.00 :: Time: 3.735(3.73499/step) :: Entropy : 0.000 :: Grads : []
590 :: Rewards 13764.318 :: steps: 1.00 :: Time: 3.690(3.69032/step) :: Entropy : 0.000 :: Grads : []
600 :: Rewards 13970.451 :: steps: 1.00 :: Time: 3.663(3.66302/step) :: Entropy : 0.000 :: Grads : []
610 :: Rewards 14186.929 :: steps: 1.00 :: Time: 3.579(3.57909/step) :: Entropy : 0.000 :: Grads : []
620 :: Rewards 14410.048 :: steps: 1.00 :: Time: 3.509(3.50867/step) :: Entropy : 0.000 :: Grads : []
630 :: Rewards 14642.825 :: steps: 1.00 :: Time: 3.572(3.57175/step) :: Entropy : 0.000 :: Grads : []
640 :: Rewards 14904.764 :: steps: 1.00 :: Time: 3.681(3.68138/step) :: Entropy : 0.000 :: Grads : []
650 :: Rewards 15175.154 :: steps: 1.00 :: Time: 3.736(3.73637/step) :: Entropy : 0.000 :: Grads : []
660 :: Rewards 15447.825 :: steps: 1.00 :: Time: 3.785(3.78467/step) :: Entropy : 0.000 :: Grads : []
670 :: Rewards 15735.423 :: steps: 1.00 :: Time: 3.975(3.97508/step) :: Entropy : 0.000 :: Grads : []
680 :: Rewards 16042.526 :: steps: 1.00 :: Time: 3.834(3.83417/step) :: Entropy : 0.000 :: Grads : []
690 :: Rewards 16344.818 :: steps: 1.00 :: Time: 3.769(3.76854/step) :: Entropy : 0.000 :: Grads : []
700 :: Rewards 16659.218 :: steps: 1.00 :: Time: 3.856(3.85580/step) :: Entropy : 0.000 :: Grads : []
710 :: Rewards 16979.119 :: steps: 1.00 :: Time: 3.733(3.73338/step) :: Entropy : 0.000 :: Grads : []
720 :: Rewards 17300.302 :: steps: 1.00 :: Time: 3.779(3.77887/step) :: Entropy : 0.000 :: Grads : []
730 :: Rewards 17643.274 :: steps: 1.00 :: Time: 3.800(3.80005/step) :: Entropy : 0.000 :: Grads : []
740 :: Rewards 17984.798 :: steps: 1.00 :: Time: 93.742(93.74154/step) :: Entropy : 0.000 :: Grads : []
750 :: Rewards 18308.324 :: steps: 1.00 :: Time: 2.757(2.75706/step) :: Entropy : 0.000 :: Grads : []
760 :: Rewards 18643.230 :: steps: 1.00 :: Time: 2.843(2.84307/step) :: Entropy : 0.000 :: Grads : []
770 :: Rewards 18923.555 :: steps: 1.00 :: Time: 33.176(33.17551/step) :: Entropy : 0.000 :: Grads : []
780 :: Rewards 19238.969 :: steps: 1.00 :: Time: 2.700(2.70000/step) :: Entropy : 0.000 :: Grads : []
790 :: Rewards 19571.357 :: steps: 1.00 :: Time: 2.683(2.68338/step) :: Entropy : 0.000 :: Grads : []
800 :: Rewards 19878.372 :: steps: 1.00 :: Time: 2.701(2.70119/step) :: Entropy : 0.000 :: Grads : []
810 :: Rewards 20217.363 :: steps: 1.00 :: Time: 2.873(2.87264/step) :: Entropy : 0.000 :: Grads : []
820 :: Rewards 20551.358 :: steps: 1.00 :: Time: 2.821(2.82118/step) :: Entropy : 0.000 :: Grads : []
830 :: Rewards 20874.839 :: steps: 1.00 :: Time: 3.075(3.07470/step) :: Entropy : 0.000 :: Grads : []
840 :: Rewards 21172.907 :: steps: 1.00 :: Time: 3.091(3.09124/step) :: Entropy : 0.000 :: Grads : []
850 :: Rewards 21488.890 :: steps: 1.00 :: Time: 33.393(33.39348/step) :: Entropy : 0.000 :: Grads : []
860 :: Rewards 21766.898 :: steps: 1.00 :: Time: 2.852(2.85153/step) :: Entropy : 0.000 :: Grads : []
870 :: Rewards 22064.834 :: steps: 1.00 :: Time: 2.767(2.76732/step) :: Entropy : 0.000 :: Grads : []
880 :: Rewards 22354.150 :: steps: 1.00 :: Time: 2.927(2.92660/step) :: Entropy : 0.000 :: Grads : []
890 :: Rewards 22595.416 :: steps: 1.00 :: Time: 3.092(3.09161/step) :: Entropy : 0.000 :: Grads : []
900 :: Rewards 22861.843 :: steps: 1.00 :: Time: 2.980(2.98010/step) :: Entropy : 0.000 :: Grads : []
910 :: Rewards 23117.968 :: steps: 1.00 :: Time: 2.998(2.99828/step) :: Entropy : 0.000 :: Grads : []
920 :: Rewards 23347.960 :: steps: 1.00 :: Time: 3.112(3.11192/step) :: Entropy : 0.000 :: Grads : []
930 :: Rewards 23590.282 :: steps: 1.00 :: Time: 3.130(3.13039/step) :: Entropy : 0.000 :: Grads : []
940 :: Rewards 23820.440 :: steps: 1.00 :: Time: 3.427(3.42684/step) :: Entropy : 0.000 :: Grads : []
950 :: Rewards 24049.352 :: steps: 1.00 :: Time: 3.198(3.19803/step) :: Entropy : 0.000 :: Grads : []
960 :: Rewards 24273.209 :: steps: 1.00 :: Time: 3.048(3.04831/step) :: Entropy : 0.000 :: Grads : []
970 :: Rewards 24497.557 :: steps: 1.00 :: Time: 3.368(3.36756/step) :: Entropy : 0.000 :: Grads : []
980 :: Rewards 24718.642 :: steps: 1.00 :: Time: 3.104(3.10429/step) :: Entropy : 0.000 :: Grads : []
990 :: Rewards 24927.126 :: steps: 1.00 :: Time: 3.004(3.00400/step) :: Entropy : 0.000 :: Grads : []
999 :: Rewards 25110.376 :: steps: 0.90 :: Time: 3.038(3.37514/step) :: Entropy : 0.000 :: Grads : []
Total time taken: 5423.209238052368
