Module path:  Environments.NS_Reco NS_Reco
Dynamically loaded from:  <class 'Environments.NS_Reco.NS_Reco'>
Reward Amplitudes: [4.17022005e-01 7.20324493e-01 1.14374817e-04 3.02332573e-01
 1.46755891e-01] :: Avg 0.317309867282206 
Module path:  Src.Algorithms.ONPG ONPG
Dynamically loaded from:  <class 'Src.Algorithms.ONPG.ONPG'>
=====Configurations=====
 Namespace(NN_basis_dim='32', Policy_basis_dim='32', actor_lr=0.008425020536482294, algo_name='ONPG', base=0, batch_size=1000, buffer_size=1000, debug=False, delta=3, entropy_lambda=0.005900970803997456, env_name='NS_Reco', experiment='NS_0_', extrapolator_basis='Fourier', folder_suffix='Default', fourier_coupled=True, fourier_k=7, fourier_order=3, gamma=0.99, gauss_std=1.5, gpu=0, hyper='default', importance_clip=10.0, inc=1, log_output='term_file', max_episodes=1000, max_inner=150, max_steps=500, optim='rmsprop', oracle=-1, raw_basis=True, restore=False, save_count=100, save_model=True, seed=16, speed=0, state_lr=0.001, summary=True, swarm=False, timestamp='5|24|20:59:38')
Actions space: 5 :: State space: 1
State Low: tensor([0.]) :: State High: tensor([1.])
State features:  [('dummy_param', torch.Size([1]))]
Policy:  [('fc1.weight', torch.Size([5, 1])), ('fc1.bias', torch.Size([5]))]
0 :: Rewards 0.432 :: steps: 0.10 :: Time: 0.000(0.00060/step) :: Entropy : 0.000 :: Grads : []
10 :: Rewards 3.922 :: steps: 1.00 :: Time: 0.001(0.00062/step) :: Entropy : 0.000 :: Grads : []
20 :: Rewards 10.265 :: steps: 1.00 :: Time: 0.001(0.00057/step) :: Entropy : 0.000 :: Grads : []
30 :: Rewards 15.318 :: steps: 1.00 :: Time: 0.000(0.00046/step) :: Entropy : 0.000 :: Grads : []
40 :: Rewards 20.897 :: steps: 1.00 :: Time: 0.000(0.00048/step) :: Entropy : 0.000 :: Grads : []
50 :: Rewards 26.769 :: steps: 1.00 :: Time: 0.001(0.00056/step) :: Entropy : 0.000 :: Grads : []
60 :: Rewards 32.330 :: steps: 1.00 :: Time: 0.000(0.00045/step) :: Entropy : 0.000 :: Grads : []
70 :: Rewards 38.924 :: steps: 1.00 :: Time: 0.000(0.00045/step) :: Entropy : 0.000 :: Grads : []
80 :: Rewards 45.224 :: steps: 1.00 :: Time: 0.001(0.00055/step) :: Entropy : 0.000 :: Grads : []
90 :: Rewards 52.114 :: steps: 1.00 :: Time: 0.000(0.00044/step) :: Entropy : 0.000 :: Grads : []
100 :: Rewards 57.914 :: steps: 1.00 :: Time: 0.000(0.00046/step) :: Entropy : 0.000 :: Grads : []
110 :: Rewards 64.344 :: steps: 1.00 :: Time: 0.001(0.00055/step) :: Entropy : 0.000 :: Grads : []
120 :: Rewards 71.536 :: steps: 1.00 :: Time: 0.000(0.00044/step) :: Entropy : 0.000 :: Grads : []
130 :: Rewards 77.867 :: steps: 1.00 :: Time: 0.000(0.00044/step) :: Entropy : 0.000 :: Grads : []
140 :: Rewards 84.716 :: steps: 1.00 :: Time: 0.001(0.00055/step) :: Entropy : 0.000 :: Grads : []
150 :: Rewards 91.507 :: steps: 1.00 :: Time: 0.000(0.00044/step) :: Entropy : 0.000 :: Grads : []
160 :: Rewards 98.737 :: steps: 1.00 :: Time: 0.000(0.00044/step) :: Entropy : 0.000 :: Grads : []
170 :: Rewards 105.910 :: steps: 1.00 :: Time: 0.001(0.00056/step) :: Entropy : 0.000 :: Grads : []
180 :: Rewards 113.137 :: steps: 1.00 :: Time: 0.000(0.00045/step) :: Entropy : 0.000 :: Grads : []
190 :: Rewards 120.336 :: steps: 1.00 :: Time: 0.000(0.00044/step) :: Entropy : 0.000 :: Grads : []
200 :: Rewards 127.531 :: steps: 1.00 :: Time: 0.001(0.00055/step) :: Entropy : 0.000 :: Grads : []
210 :: Rewards 134.717 :: steps: 1.00 :: Time: 0.000(0.00046/step) :: Entropy : 0.000 :: Grads : []
220 :: Rewards 141.893 :: steps: 1.00 :: Time: 0.000(0.00045/step) :: Entropy : 0.000 :: Grads : []
230 :: Rewards 148.736 :: steps: 1.00 :: Time: 0.001(0.00055/step) :: Entropy : 0.000 :: Grads : []
240 :: Rewards 155.914 :: steps: 1.00 :: Time: 0.000(0.00045/step) :: Entropy : 0.000 :: Grads : []
250 :: Rewards 162.688 :: steps: 1.00 :: Time: 0.000(0.00045/step) :: Entropy : 0.000 :: Grads : []
260 :: Rewards 169.885 :: steps: 1.00 :: Time: 0.001(0.00055/step) :: Entropy : 0.000 :: Grads : []
270 :: Rewards 177.083 :: steps: 1.00 :: Time: 0.000(0.00044/step) :: Entropy : 0.000 :: Grads : []
280 :: Rewards 183.978 :: steps: 1.00 :: Time: 0.000(0.00044/step) :: Entropy : 0.000 :: Grads : []
290 :: Rewards 190.462 :: steps: 1.00 :: Time: 0.001(0.00055/step) :: Entropy : 0.000 :: Grads : []
300 :: Rewards 197.679 :: steps: 1.00 :: Time: 0.000(0.00044/step) :: Entropy : 0.000 :: Grads : []
310 :: Rewards 204.158 :: steps: 1.00 :: Time: 0.000(0.00045/step) :: Entropy : 0.000 :: Grads : []
320 :: Rewards 211.355 :: steps: 1.00 :: Time: 0.001(0.00056/step) :: Entropy : 0.000 :: Grads : []
330 :: Rewards 218.270 :: steps: 1.00 :: Time: 0.000(0.00044/step) :: Entropy : 0.000 :: Grads : []
340 :: Rewards 225.199 :: steps: 1.00 :: Time: 0.000(0.00044/step) :: Entropy : 0.000 :: Grads : []
350 :: Rewards 232.414 :: steps: 1.00 :: Time: 0.001(0.00055/step) :: Entropy : 0.000 :: Grads : []
360 :: Rewards 239.315 :: steps: 1.00 :: Time: 0.000(0.00045/step) :: Entropy : 0.000 :: Grads : []
370 :: Rewards 246.171 :: steps: 1.00 :: Time: 0.000(0.00045/step) :: Entropy : 0.000 :: Grads : []
380 :: Rewards 252.935 :: steps: 1.00 :: Time: 0.001(0.00055/step) :: Entropy : 0.000 :: Grads : []
390 :: Rewards 260.167 :: steps: 1.00 :: Time: 0.000(0.00045/step) :: Entropy : 0.000 :: Grads : []
400 :: Rewards 267.377 :: steps: 1.00 :: Time: 0.000(0.00044/step) :: Entropy : 0.000 :: Grads : []
410 :: Rewards 274.142 :: steps: 1.00 :: Time: 0.001(0.00055/step) :: Entropy : 0.000 :: Grads : []
420 :: Rewards 281.345 :: steps: 1.00 :: Time: 0.000(0.00044/step) :: Entropy : 0.000 :: Grads : []
430 :: Rewards 288.519 :: steps: 1.00 :: Time: 0.000(0.00044/step) :: Entropy : 0.000 :: Grads : []
440 :: Rewards 295.716 :: steps: 1.00 :: Time: 0.001(0.00056/step) :: Entropy : 0.000 :: Grads : []
450 :: Rewards 302.938 :: steps: 1.00 :: Time: 0.000(0.00044/step) :: Entropy : 0.000 :: Grads : []
460 :: Rewards 310.195 :: steps: 1.00 :: Time: 0.000(0.00045/step) :: Entropy : 0.000 :: Grads : []
470 :: Rewards 317.355 :: steps: 1.00 :: Time: 0.001(0.00055/step) :: Entropy : 0.000 :: Grads : []
480 :: Rewards 324.118 :: steps: 1.00 :: Time: 0.000(0.00044/step) :: Entropy : 0.000 :: Grads : []
490 :: Rewards 331.325 :: steps: 1.00 :: Time: 0.000(0.00044/step) :: Entropy : 0.000 :: Grads : []
500 :: Rewards 338.477 :: steps: 1.00 :: Time: 0.001(0.00055/step) :: Entropy : 0.000 :: Grads : []
510 :: Rewards 345.697 :: steps: 1.00 :: Time: 0.000(0.00044/step) :: Entropy : 0.000 :: Grads : []
520 :: Rewards 352.888 :: steps: 1.00 :: Time: 0.000(0.00044/step) :: Entropy : 0.000 :: Grads : []
530 :: Rewards 360.102 :: steps: 1.00 :: Time: 0.001(0.00057/step) :: Entropy : 0.000 :: Grads : []
540 :: Rewards 367.332 :: steps: 1.00 :: Time: 0.000(0.00045/step) :: Entropy : 0.000 :: Grads : []
550 :: Rewards 374.559 :: steps: 1.00 :: Time: 0.000(0.00044/step) :: Entropy : 0.000 :: Grads : []
560 :: Rewards 381.772 :: steps: 1.00 :: Time: 0.001(0.00055/step) :: Entropy : 0.000 :: Grads : []
570 :: Rewards 388.981 :: steps: 1.00 :: Time: 0.000(0.00044/step) :: Entropy : 0.000 :: Grads : []
580 :: Rewards 396.190 :: steps: 1.00 :: Time: 0.000(0.00044/step) :: Entropy : 0.000 :: Grads : []
590 :: Rewards 403.380 :: steps: 1.00 :: Time: 0.001(0.00055/step) :: Entropy : 0.000 :: Grads : []
600 :: Rewards 410.584 :: steps: 1.00 :: Time: 0.000(0.00044/step) :: Entropy : 0.000 :: Grads : []
610 :: Rewards 417.362 :: steps: 1.00 :: Time: 0.000(0.00045/step) :: Entropy : 0.000 :: Grads : []
620 :: Rewards 424.583 :: steps: 1.00 :: Time: 0.001(0.00055/step) :: Entropy : 0.000 :: Grads : []
630 :: Rewards 431.807 :: steps: 1.00 :: Time: 0.000(0.00044/step) :: Entropy : 0.000 :: Grads : []
640 :: Rewards 438.999 :: steps: 1.00 :: Time: 0.000(0.00044/step) :: Entropy : 0.000 :: Grads : []
650 :: Rewards 445.899 :: steps: 1.00 :: Time: 0.001(0.00055/step) :: Entropy : 0.000 :: Grads : []
660 :: Rewards 453.097 :: steps: 1.00 :: Time: 0.000(0.00044/step) :: Entropy : 0.000 :: Grads : []
670 :: Rewards 460.276 :: steps: 1.00 :: Time: 0.000(0.00044/step) :: Entropy : 0.000 :: Grads : []
680 :: Rewards 467.481 :: steps: 1.00 :: Time: 0.001(0.00056/step) :: Entropy : 0.000 :: Grads : []
690 :: Rewards 474.697 :: steps: 1.00 :: Time: 0.000(0.00045/step) :: Entropy : 0.000 :: Grads : []
700 :: Rewards 481.887 :: steps: 1.00 :: Time: 0.000(0.00044/step) :: Entropy : 0.000 :: Grads : []
710 :: Rewards 489.056 :: steps: 1.00 :: Time: 0.001(0.00055/step) :: Entropy : 0.000 :: Grads : []
720 :: Rewards 496.250 :: steps: 1.00 :: Time: 0.000(0.00044/step) :: Entropy : 0.000 :: Grads : []
730 :: Rewards 503.481 :: steps: 1.00 :: Time: 0.000(0.00044/step) :: Entropy : 0.000 :: Grads : []
740 :: Rewards 510.729 :: steps: 1.00 :: Time: 0.001(0.00055/step) :: Entropy : 0.000 :: Grads : []
750 :: Rewards 517.927 :: steps: 1.00 :: Time: 0.000(0.00044/step) :: Entropy : 0.000 :: Grads : []
760 :: Rewards 525.100 :: steps: 1.00 :: Time: 0.000(0.00045/step) :: Entropy : 0.000 :: Grads : []
770 :: Rewards 532.337 :: steps: 1.00 :: Time: 0.001(0.00055/step) :: Entropy : 0.000 :: Grads : []
780 :: Rewards 539.556 :: steps: 1.00 :: Time: 0.000(0.00044/step) :: Entropy : 0.000 :: Grads : []
790 :: Rewards 546.768 :: steps: 1.00 :: Time: 0.000(0.00044/step) :: Entropy : 0.000 :: Grads : []
800 :: Rewards 553.985 :: steps: 1.00 :: Time: 0.001(0.00055/step) :: Entropy : 0.000 :: Grads : []
810 :: Rewards 561.173 :: steps: 1.00 :: Time: 0.000(0.00044/step) :: Entropy : 0.000 :: Grads : []
820 :: Rewards 568.382 :: steps: 1.00 :: Time: 0.000(0.00044/step) :: Entropy : 0.000 :: Grads : []
830 :: Rewards 575.594 :: steps: 1.00 :: Time: 0.001(0.00056/step) :: Entropy : 0.000 :: Grads : []
840 :: Rewards 582.784 :: steps: 1.00 :: Time: 0.000(0.00044/step) :: Entropy : 0.000 :: Grads : []
850 :: Rewards 589.961 :: steps: 1.00 :: Time: 0.000(0.00044/step) :: Entropy : 0.000 :: Grads : []
860 :: Rewards 597.127 :: steps: 1.00 :: Time: 0.001(0.00055/step) :: Entropy : 0.000 :: Grads : []
870 :: Rewards 604.317 :: steps: 1.00 :: Time: 0.000(0.00044/step) :: Entropy : 0.000 :: Grads : []
880 :: Rewards 611.533 :: steps: 1.00 :: Time: 0.000(0.00044/step) :: Entropy : 0.000 :: Grads : []
890 :: Rewards 618.702 :: steps: 1.00 :: Time: 0.001(0.00056/step) :: Entropy : 0.000 :: Grads : []
900 :: Rewards 625.908 :: steps: 1.00 :: Time: 0.000(0.00044/step) :: Entropy : 0.000 :: Grads : []
910 :: Rewards 633.124 :: steps: 1.00 :: Time: 0.000(0.00045/step) :: Entropy : 0.000 :: Grads : []
920 :: Rewards 640.308 :: steps: 1.00 :: Time: 0.001(0.00055/step) :: Entropy : 0.000 :: Grads : []
930 :: Rewards 647.521 :: steps: 1.00 :: Time: 0.000(0.00044/step) :: Entropy : 0.000 :: Grads : []
940 :: Rewards 654.752 :: steps: 1.00 :: Time: 0.000(0.00044/step) :: Entropy : 0.000 :: Grads : []
950 :: Rewards 661.933 :: steps: 1.00 :: Time: 0.001(0.00055/step) :: Entropy : 0.000 :: Grads : []
960 :: Rewards 669.151 :: steps: 1.00 :: Time: 0.000(0.00044/step) :: Entropy : 0.000 :: Grads : []
970 :: Rewards 676.354 :: steps: 1.00 :: Time: 0.000(0.00044/step) :: Entropy : 0.000 :: Grads : []
980 :: Rewards 683.578 :: steps: 1.00 :: Time: 0.001(0.00056/step) :: Entropy : 0.000 :: Grads : []
990 :: Rewards 690.752 :: steps: 1.00 :: Time: 0.000(0.00045/step) :: Entropy : 0.000 :: Grads : []
999 :: Rewards 697.238 :: steps: 0.90 :: Time: 0.000(0.00048/step) :: Entropy : 0.000 :: Grads : []
Total time taken: 0.5338430404663086
