Module path:  Environments.NS_Reco NS_Reco
Dynamically loaded from:  <class 'Environments.NS_Reco.NS_Reco'>
Reward Amplitudes: [4.17022005e-01 7.20324493e-01 1.14374817e-04 3.02332573e-01
 1.46755891e-01] :: Avg 0.317309867282206 
Module path:  Src.Algorithms.ProOLS ProOLS
Dynamically loaded from:  <class 'Src.Algorithms.ProOLS.ProOLS'>
=====Configurations=====
 Namespace(NN_basis_dim='32', Policy_basis_dim='32', actor_lr=0.006330904637554062, algo_name='ProOLS', base=0, batch_size=1000, buffer_size=1000, debug=False, delta=1, entropy_lambda=0.05062512794041892, env_name='NS_Reco', experiment='NS_4r_', extrapolator_basis='Fourier', folder_suffix='Default', fourier_coupled=True, fourier_k=5, fourier_order=3, gamma=0.99, gauss_std=1.5, gpu=0, hyper='default', importance_clip=5.0, inc=1, log_output='term_file', max_episodes=1000, max_inner=20, max_steps=500, optim='rmsprop', oracle=-1, raw_basis=True, restore=False, save_count=100, save_model=True, seed=26, speed=4, state_lr=0.001, summary=True, swarm=False, timestamp='5|25|9:58:56')
Actions space: 5 :: State space: 1
State Low: tensor([0.]) :: State High: tensor([1.])
State features:  [('dummy_param', torch.Size([1]))]
Policy:  [('fc1.weight', torch.Size([5, 1])), ('fc1.bias', torch.Size([5]))]
0 :: Rewards -0.008 :: steps: 0.10 :: Time: 0.000(0.00067/step) :: Entropy : 0.000 :: Grads : []
10 :: Rewards -0.349 :: steps: 1.00 :: Time: 0.006(0.00595/step) :: Entropy : 0.000 :: Grads : []
20 :: Rewards -1.129 :: steps: 1.00 :: Time: 0.009(0.00925/step) :: Entropy : 0.000 :: Grads : []
30 :: Rewards -2.623 :: steps: 1.00 :: Time: 0.009(0.00932/step) :: Entropy : 0.000 :: Grads : []
40 :: Rewards -4.628 :: steps: 1.00 :: Time: 0.010(0.00962/step) :: Entropy : 0.000 :: Grads : []
50 :: Rewards -6.545 :: steps: 1.00 :: Time: 0.010(0.01028/step) :: Entropy : 0.000 :: Grads : []
60 :: Rewards -7.012 :: steps: 1.00 :: Time: 0.011(0.01053/step) :: Entropy : 0.000 :: Grads : []
70 :: Rewards -7.636 :: steps: 1.00 :: Time: 0.010(0.01047/step) :: Entropy : 0.000 :: Grads : []
80 :: Rewards -7.966 :: steps: 1.00 :: Time: 0.010(0.00951/step) :: Entropy : 0.000 :: Grads : []
90 :: Rewards -7.966 :: steps: 1.00 :: Time: 0.009(0.00946/step) :: Entropy : 0.000 :: Grads : []
100 :: Rewards -7.966 :: steps: 1.00 :: Time: 0.010(0.00966/step) :: Entropy : 0.000 :: Grads : []
110 :: Rewards -7.966 :: steps: 1.00 :: Time: 0.010(0.00971/step) :: Entropy : 0.000 :: Grads : []
120 :: Rewards -7.966 :: steps: 1.00 :: Time: 0.010(0.00968/step) :: Entropy : 0.000 :: Grads : []
130 :: Rewards -7.966 :: steps: 1.00 :: Time: 0.010(0.00973/step) :: Entropy : 0.000 :: Grads : []
140 :: Rewards -7.966 :: steps: 1.00 :: Time: 0.010(0.00993/step) :: Entropy : 0.000 :: Grads : []
150 :: Rewards -7.966 :: steps: 1.00 :: Time: 0.010(0.01012/step) :: Entropy : 0.000 :: Grads : []
160 :: Rewards -7.966 :: steps: 1.00 :: Time: 0.010(0.01003/step) :: Entropy : 0.000 :: Grads : []
170 :: Rewards -7.966 :: steps: 1.00 :: Time: 0.010(0.01002/step) :: Entropy : 0.000 :: Grads : []
180 :: Rewards -7.967 :: steps: 1.00 :: Time: 0.010(0.01018/step) :: Entropy : 0.000 :: Grads : []
190 :: Rewards -8.345 :: steps: 1.00 :: Time: 0.010(0.01032/step) :: Entropy : 0.000 :: Grads : []
200 :: Rewards -9.408 :: steps: 1.00 :: Time: 0.010(0.01032/step) :: Entropy : 0.000 :: Grads : []
210 :: Rewards -11.205 :: steps: 1.00 :: Time: 0.011(0.01064/step) :: Entropy : 0.000 :: Grads : []
220 :: Rewards -12.020 :: steps: 1.00 :: Time: 0.010(0.01043/step) :: Entropy : 0.000 :: Grads : []
230 :: Rewards -12.881 :: steps: 1.00 :: Time: 0.011(0.01054/step) :: Entropy : 0.000 :: Grads : []
240 :: Rewards -13.292 :: steps: 1.00 :: Time: 0.011(0.01068/step) :: Entropy : 0.000 :: Grads : []
250 :: Rewards -13.645 :: steps: 1.00 :: Time: 0.011(0.01070/step) :: Entropy : 0.000 :: Grads : []
260 :: Rewards -13.811 :: steps: 1.00 :: Time: 0.011(0.01112/step) :: Entropy : 0.000 :: Grads : []
270 :: Rewards -14.121 :: steps: 1.00 :: Time: 0.011(0.01116/step) :: Entropy : 0.000 :: Grads : []
280 :: Rewards -14.709 :: steps: 1.00 :: Time: 0.011(0.01122/step) :: Entropy : 0.000 :: Grads : []
290 :: Rewards -16.131 :: steps: 1.00 :: Time: 0.011(0.01115/step) :: Entropy : 0.000 :: Grads : []
300 :: Rewards -16.695 :: steps: 1.00 :: Time: 0.011(0.01140/step) :: Entropy : 0.000 :: Grads : []
310 :: Rewards -17.053 :: steps: 1.00 :: Time: 0.012(0.01169/step) :: Entropy : 0.000 :: Grads : []
320 :: Rewards -17.316 :: steps: 1.00 :: Time: 0.012(0.01176/step) :: Entropy : 0.000 :: Grads : []
330 :: Rewards -17.438 :: steps: 1.00 :: Time: 0.012(0.01195/step) :: Entropy : 0.000 :: Grads : []
340 :: Rewards -17.711 :: steps: 1.00 :: Time: 0.012(0.01193/step) :: Entropy : 0.000 :: Grads : []
350 :: Rewards -18.690 :: steps: 1.00 :: Time: 0.012(0.01227/step) :: Entropy : 0.000 :: Grads : []
360 :: Rewards -19.079 :: steps: 1.00 :: Time: 0.012(0.01226/step) :: Entropy : 0.000 :: Grads : []
370 :: Rewards -19.097 :: steps: 1.00 :: Time: 0.012(0.01247/step) :: Entropy : 0.000 :: Grads : []
380 :: Rewards -19.127 :: steps: 1.00 :: Time: 0.013(0.01250/step) :: Entropy : 0.000 :: Grads : []
390 :: Rewards -19.591 :: steps: 1.00 :: Time: 0.013(0.01260/step) :: Entropy : 0.000 :: Grads : []
400 :: Rewards -19.717 :: steps: 1.00 :: Time: 0.013(0.01286/step) :: Entropy : 0.000 :: Grads : []
410 :: Rewards -20.107 :: steps: 1.00 :: Time: 0.013(0.01294/step) :: Entropy : 0.000 :: Grads : []
420 :: Rewards -21.011 :: steps: 1.00 :: Time: 0.015(0.01523/step) :: Entropy : 0.000 :: Grads : []
430 :: Rewards -21.456 :: steps: 1.00 :: Time: 0.015(0.01458/step) :: Entropy : 0.000 :: Grads : []
440 :: Rewards -22.883 :: steps: 1.00 :: Time: 0.015(0.01540/step) :: Entropy : 0.000 :: Grads : []
450 :: Rewards -23.905 :: steps: 1.00 :: Time: 0.014(0.01360/step) :: Entropy : 0.000 :: Grads : []
460 :: Rewards -25.674 :: steps: 1.00 :: Time: 0.014(0.01358/step) :: Entropy : 0.000 :: Grads : []
470 :: Rewards -28.065 :: steps: 1.00 :: Time: 0.016(0.01609/step) :: Entropy : 0.000 :: Grads : []
480 :: Rewards -30.958 :: steps: 1.00 :: Time: 0.015(0.01512/step) :: Entropy : 0.000 :: Grads : []
490 :: Rewards -31.728 :: steps: 1.00 :: Time: 0.016(0.01637/step) :: Entropy : 0.000 :: Grads : []
500 :: Rewards -33.094 :: steps: 1.00 :: Time: 0.014(0.01396/step) :: Entropy : 0.000 :: Grads : []
510 :: Rewards -33.094 :: steps: 1.00 :: Time: 0.016(0.01612/step) :: Entropy : 0.000 :: Grads : []
520 :: Rewards -33.094 :: steps: 1.00 :: Time: 0.015(0.01484/step) :: Entropy : 0.000 :: Grads : []
530 :: Rewards -33.094 :: steps: 1.00 :: Time: 0.014(0.01431/step) :: Entropy : 0.000 :: Grads : []
540 :: Rewards -33.094 :: steps: 1.00 :: Time: 0.014(0.01426/step) :: Entropy : 0.000 :: Grads : []
550 :: Rewards -33.094 :: steps: 1.00 :: Time: 0.014(0.01439/step) :: Entropy : 0.000 :: Grads : []
560 :: Rewards -33.094 :: steps: 1.00 :: Time: 0.015(0.01457/step) :: Entropy : 0.000 :: Grads : []
570 :: Rewards -33.094 :: steps: 1.00 :: Time: 0.015(0.01455/step) :: Entropy : 0.000 :: Grads : []
580 :: Rewards -33.094 :: steps: 1.00 :: Time: 0.015(0.01456/step) :: Entropy : 0.000 :: Grads : []
590 :: Rewards -33.094 :: steps: 1.00 :: Time: 0.015(0.01460/step) :: Entropy : 0.000 :: Grads : []
600 :: Rewards -33.094 :: steps: 1.00 :: Time: 0.015(0.01492/step) :: Entropy : 0.000 :: Grads : []
610 :: Rewards -33.094 :: steps: 1.00 :: Time: 0.015(0.01476/step) :: Entropy : 0.000 :: Grads : []
620 :: Rewards -33.094 :: steps: 1.00 :: Time: 0.015(0.01494/step) :: Entropy : 0.000 :: Grads : []
630 :: Rewards -33.094 :: steps: 1.00 :: Time: 0.015(0.01512/step) :: Entropy : 0.000 :: Grads : []
640 :: Rewards -33.474 :: steps: 1.00 :: Time: 0.015(0.01494/step) :: Entropy : 0.000 :: Grads : []
650 :: Rewards -35.100 :: steps: 1.00 :: Time: 0.015(0.01503/step) :: Entropy : 0.000 :: Grads : []
660 :: Rewards -38.067 :: steps: 1.00 :: Time: 0.015(0.01510/step) :: Entropy : 0.000 :: Grads : []
670 :: Rewards -40.524 :: steps: 1.00 :: Time: 0.015(0.01527/step) :: Entropy : 0.000 :: Grads : []
680 :: Rewards -42.940 :: steps: 1.00 :: Time: 0.015(0.01532/step) :: Entropy : 0.000 :: Grads : []
690 :: Rewards -43.768 :: steps: 1.00 :: Time: 0.015(0.01523/step) :: Entropy : 0.000 :: Grads : []
700 :: Rewards -43.879 :: steps: 1.00 :: Time: 0.015(0.01546/step) :: Entropy : 0.000 :: Grads : []
710 :: Rewards -44.220 :: steps: 1.00 :: Time: 0.016(0.01568/step) :: Entropy : 0.000 :: Grads : []
720 :: Rewards -44.701 :: steps: 1.00 :: Time: 0.015(0.01544/step) :: Entropy : 0.000 :: Grads : []
730 :: Rewards -45.245 :: steps: 1.00 :: Time: 0.015(0.01547/step) :: Entropy : 0.000 :: Grads : []
740 :: Rewards -45.466 :: steps: 1.00 :: Time: 0.016(0.01559/step) :: Entropy : 0.000 :: Grads : []
750 :: Rewards -45.677 :: steps: 1.00 :: Time: 0.016(0.01579/step) :: Entropy : 0.000 :: Grads : []
760 :: Rewards -46.087 :: steps: 1.00 :: Time: 0.016(0.01563/step) :: Entropy : 0.000 :: Grads : []
770 :: Rewards -46.360 :: steps: 1.00 :: Time: 0.017(0.01718/step) :: Entropy : 0.000 :: Grads : []
780 :: Rewards -46.503 :: steps: 1.00 :: Time: 0.020(0.02049/step) :: Entropy : 0.000 :: Grads : []
790 :: Rewards -46.641 :: steps: 1.00 :: Time: 0.016(0.01648/step) :: Entropy : 0.000 :: Grads : []
800 :: Rewards -46.906 :: steps: 1.00 :: Time: 0.019(0.01935/step) :: Entropy : 0.000 :: Grads : []
810 :: Rewards -47.160 :: steps: 1.00 :: Time: 0.021(0.02147/step) :: Entropy : 0.000 :: Grads : []
820 :: Rewards -47.328 :: steps: 1.00 :: Time: 0.019(0.01920/step) :: Entropy : 0.000 :: Grads : []
830 :: Rewards -47.391 :: steps: 1.00 :: Time: 0.019(0.01877/step) :: Entropy : 0.000 :: Grads : []
840 :: Rewards -47.492 :: steps: 1.00 :: Time: 0.020(0.01998/step) :: Entropy : 0.000 :: Grads : []
850 :: Rewards -48.022 :: steps: 1.00 :: Time: 0.017(0.01682/step) :: Entropy : 0.000 :: Grads : []
860 :: Rewards -49.009 :: steps: 1.00 :: Time: 0.017(0.01682/step) :: Entropy : 0.000 :: Grads : []
870 :: Rewards -50.391 :: steps: 1.00 :: Time: 0.017(0.01678/step) :: Entropy : 0.000 :: Grads : []
880 :: Rewards -52.202 :: steps: 1.00 :: Time: 0.017(0.01686/step) :: Entropy : 0.000 :: Grads : []
890 :: Rewards -53.268 :: steps: 1.00 :: Time: 0.017(0.01683/step) :: Entropy : 0.000 :: Grads : []
900 :: Rewards -54.446 :: steps: 1.00 :: Time: 0.017(0.01687/step) :: Entropy : 0.000 :: Grads : []
910 :: Rewards -56.286 :: steps: 1.00 :: Time: 0.017(0.01718/step) :: Entropy : 0.000 :: Grads : []
920 :: Rewards -58.875 :: steps: 1.00 :: Time: 0.017(0.01715/step) :: Entropy : 0.000 :: Grads : []
930 :: Rewards -62.069 :: steps: 1.00 :: Time: 0.021(0.02064/step) :: Entropy : 0.000 :: Grads : []
940 :: Rewards -65.044 :: steps: 1.00 :: Time: 0.022(0.02223/step) :: Entropy : 0.000 :: Grads : []
950 :: Rewards -68.798 :: steps: 1.00 :: Time: 0.022(0.02246/step) :: Entropy : 0.000 :: Grads : []
960 :: Rewards -70.316 :: steps: 1.00 :: Time: 0.018(0.01755/step) :: Entropy : 0.000 :: Grads : []
970 :: Rewards -71.977 :: steps: 1.00 :: Time: 0.017(0.01728/step) :: Entropy : 0.000 :: Grads : []
980 :: Rewards -73.131 :: steps: 1.00 :: Time: 0.018(0.01757/step) :: Entropy : 0.000 :: Grads : []
990 :: Rewards -73.131 :: steps: 1.00 :: Time: 0.017(0.01729/step) :: Entropy : 0.000 :: Grads : []
999 :: Rewards -73.131 :: steps: 0.90 :: Time: 0.016(0.01763/step) :: Entropy : 0.000 :: Grads : []
Total time taken: 14.104305982589722
