Module path:  Environments.NS_Reco NS_Reco
Dynamically loaded from:  <class 'Environments.NS_Reco.NS_Reco'>
Reward Amplitudes: [4.17022005e-01 7.20324493e-01 1.14374817e-04 3.02332573e-01
 1.46755891e-01] :: Avg 0.317309867282206 
Module path:  Src.Algorithms.ProWLS ProWLS
Dynamically loaded from:  <class 'Src.Algorithms.ProWLS.ProWLS'>
=====Configurations=====
 Namespace(NN_basis_dim='32', Policy_basis_dim='32', actor_lr=0.0037403051736555927, algo_name='ProWLS', base=0, batch_size=1000, buffer_size=1000, debug=False, delta=3, entropy_lambda=0.041755411764967935, env_name='NS_Reco', experiment='NS_4r_', extrapolator_basis='Fourier', folder_suffix='Default', fourier_coupled=True, fourier_k=7, fourier_order=3, gamma=0.99, gauss_std=1.5, gpu=0, hyper='default', importance_clip=5.0, inc=1, log_output='term_file', max_episodes=1000, max_inner=60, max_steps=500, optim='rmsprop', oracle=-1, raw_basis=True, restore=False, save_count=100, save_model=True, seed=24, speed=4, state_lr=0.001, summary=True, swarm=False, timestamp='5|25|10:21:0')
Actions space: 5 :: State space: 1
State Low: tensor([0.]) :: State High: tensor([1.])
State features:  [('dummy_param', torch.Size([1]))]
Policy:  [('fc1.weight', torch.Size([5, 1])), ('fc1.bias', torch.Size([5]))]
0 :: Rewards -0.004 :: steps: 0.10 :: Time: 0.000(0.00067/step) :: Entropy : 0.000 :: Grads : []
10 :: Rewards -0.415 :: steps: 1.00 :: Time: 0.004(0.00373/step) :: Entropy : 0.000 :: Grads : []
20 :: Rewards -0.993 :: steps: 1.00 :: Time: 0.014(0.01406/step) :: Entropy : 0.000 :: Grads : []
30 :: Rewards -2.709 :: steps: 1.00 :: Time: 0.011(0.01093/step) :: Entropy : 0.000 :: Grads : []
40 :: Rewards -4.962 :: steps: 1.00 :: Time: 0.011(0.01061/step) :: Entropy : 0.000 :: Grads : []
50 :: Rewards -6.907 :: steps: 1.00 :: Time: 0.014(0.01418/step) :: Entropy : 0.000 :: Grads : []
60 :: Rewards -8.812 :: steps: 1.00 :: Time: 0.011(0.01091/step) :: Entropy : 0.000 :: Grads : []
70 :: Rewards -11.065 :: steps: 1.00 :: Time: 0.011(0.01099/step) :: Entropy : 0.000 :: Grads : []
80 :: Rewards -12.102 :: steps: 1.00 :: Time: 0.015(0.01483/step) :: Entropy : 0.000 :: Grads : []
90 :: Rewards -13.607 :: steps: 1.00 :: Time: 0.011(0.01142/step) :: Entropy : 0.000 :: Grads : []
100 :: Rewards -14.508 :: steps: 1.00 :: Time: 0.012(0.01152/step) :: Entropy : 0.000 :: Grads : []
110 :: Rewards -14.960 :: steps: 1.00 :: Time: 0.016(0.01631/step) :: Entropy : 0.000 :: Grads : []
120 :: Rewards -14.960 :: steps: 1.00 :: Time: 0.012(0.01208/step) :: Entropy : 0.000 :: Grads : []
130 :: Rewards -14.960 :: steps: 1.00 :: Time: 0.014(0.01365/step) :: Entropy : 0.000 :: Grads : []
140 :: Rewards -15.208 :: steps: 1.00 :: Time: 0.018(0.01826/step) :: Entropy : 0.000 :: Grads : []
150 :: Rewards -17.070 :: steps: 1.00 :: Time: 0.013(0.01337/step) :: Entropy : 0.000 :: Grads : []
160 :: Rewards -17.518 :: steps: 1.00 :: Time: 0.015(0.01490/step) :: Entropy : 0.000 :: Grads : []
170 :: Rewards -18.007 :: steps: 1.00 :: Time: 0.019(0.01853/step) :: Entropy : 0.000 :: Grads : []
180 :: Rewards -18.911 :: steps: 1.00 :: Time: 0.014(0.01374/step) :: Entropy : 0.000 :: Grads : []
190 :: Rewards -20.029 :: steps: 1.00 :: Time: 0.015(0.01526/step) :: Entropy : 0.000 :: Grads : []
200 :: Rewards -20.719 :: steps: 1.00 :: Time: 0.021(0.02146/step) :: Entropy : 0.000 :: Grads : []
210 :: Rewards -21.298 :: steps: 1.00 :: Time: 0.016(0.01605/step) :: Entropy : 0.000 :: Grads : []
220 :: Rewards -21.298 :: steps: 1.00 :: Time: 0.017(0.01694/step) :: Entropy : 0.000 :: Grads : []
230 :: Rewards -21.550 :: steps: 1.00 :: Time: 0.024(0.02404/step) :: Entropy : 0.000 :: Grads : []
240 :: Rewards -21.843 :: steps: 1.00 :: Time: 0.018(0.01764/step) :: Entropy : 0.000 :: Grads : []
250 :: Rewards -22.501 :: steps: 1.00 :: Time: 0.018(0.01775/step) :: Entropy : 0.000 :: Grads : []
260 :: Rewards -23.517 :: steps: 1.00 :: Time: 0.024(0.02375/step) :: Entropy : 0.000 :: Grads : []
270 :: Rewards -23.714 :: steps: 1.00 :: Time: 0.018(0.01819/step) :: Entropy : 0.000 :: Grads : []
280 :: Rewards -24.212 :: steps: 1.00 :: Time: 0.019(0.01886/step) :: Entropy : 0.000 :: Grads : []
290 :: Rewards -24.581 :: steps: 1.00 :: Time: 0.026(0.02582/step) :: Entropy : 0.000 :: Grads : []
300 :: Rewards -24.581 :: steps: 1.00 :: Time: 0.019(0.01909/step) :: Entropy : 0.000 :: Grads : []
310 :: Rewards -24.915 :: steps: 1.00 :: Time: 0.020(0.01954/step) :: Entropy : 0.000 :: Grads : []
320 :: Rewards -25.329 :: steps: 1.00 :: Time: 0.027(0.02686/step) :: Entropy : 0.000 :: Grads : []
330 :: Rewards -25.841 :: steps: 1.00 :: Time: 0.020(0.02040/step) :: Entropy : 0.000 :: Grads : []
340 :: Rewards -26.709 :: steps: 1.00 :: Time: 0.021(0.02104/step) :: Entropy : 0.000 :: Grads : []
350 :: Rewards -27.112 :: steps: 1.00 :: Time: 0.029(0.02921/step) :: Entropy : 0.000 :: Grads : []
360 :: Rewards -27.418 :: steps: 1.00 :: Time: 0.024(0.02365/step) :: Entropy : 0.000 :: Grads : []
370 :: Rewards -28.370 :: steps: 1.00 :: Time: 0.027(0.02666/step) :: Entropy : 0.000 :: Grads : []
380 :: Rewards -28.390 :: steps: 1.00 :: Time: 0.037(0.03674/step) :: Entropy : 0.000 :: Grads : []
390 :: Rewards -28.975 :: steps: 1.00 :: Time: 0.028(0.02804/step) :: Entropy : 0.000 :: Grads : []
400 :: Rewards -30.428 :: steps: 1.00 :: Time: 0.026(0.02584/step) :: Entropy : 0.000 :: Grads : []
410 :: Rewards -30.555 :: steps: 1.00 :: Time: 0.033(0.03336/step) :: Entropy : 0.000 :: Grads : []
420 :: Rewards -31.031 :: steps: 1.00 :: Time: 0.026(0.02554/step) :: Entropy : 0.000 :: Grads : []
430 :: Rewards -32.986 :: steps: 1.00 :: Time: 0.027(0.02719/step) :: Entropy : 0.000 :: Grads : []
440 :: Rewards -33.284 :: steps: 1.00 :: Time: 0.036(0.03572/step) :: Entropy : 0.000 :: Grads : []
450 :: Rewards -33.939 :: steps: 1.00 :: Time: 0.027(0.02711/step) :: Entropy : 0.000 :: Grads : []
460 :: Rewards -35.585 :: steps: 1.00 :: Time: 0.028(0.02787/step) :: Entropy : 0.000 :: Grads : []
470 :: Rewards -36.887 :: steps: 1.00 :: Time: 0.038(0.03786/step) :: Entropy : 0.000 :: Grads : []
480 :: Rewards -37.363 :: steps: 1.00 :: Time: 0.029(0.02900/step) :: Entropy : 0.000 :: Grads : []
490 :: Rewards -38.110 :: steps: 1.00 :: Time: 0.030(0.02996/step) :: Entropy : 0.000 :: Grads : []
500 :: Rewards -39.491 :: steps: 1.00 :: Time: 0.040(0.04002/step) :: Entropy : 0.000 :: Grads : []
510 :: Rewards -40.065 :: steps: 1.00 :: Time: 0.031(0.03111/step) :: Entropy : 0.000 :: Grads : []
520 :: Rewards -41.730 :: steps: 1.00 :: Time: 0.032(0.03155/step) :: Entropy : 0.000 :: Grads : []
530 :: Rewards -42.556 :: steps: 1.00 :: Time: 0.044(0.04371/step) :: Entropy : 0.000 :: Grads : []
540 :: Rewards -43.392 :: steps: 1.00 :: Time: 0.033(0.03307/step) :: Entropy : 0.000 :: Grads : []
550 :: Rewards -45.969 :: steps: 1.00 :: Time: 0.035(0.03478/step) :: Entropy : 0.000 :: Grads : []
560 :: Rewards -45.969 :: steps: 1.00 :: Time: 0.046(0.04641/step) :: Entropy : 0.000 :: Grads : []
570 :: Rewards -47.358 :: steps: 1.00 :: Time: 0.036(0.03568/step) :: Entropy : 0.000 :: Grads : []
580 :: Rewards -47.358 :: steps: 1.00 :: Time: 0.036(0.03565/step) :: Entropy : 0.000 :: Grads : []
590 :: Rewards -47.934 :: steps: 1.00 :: Time: 0.056(0.05572/step) :: Entropy : 0.000 :: Grads : []
600 :: Rewards -49.649 :: steps: 1.00 :: Time: 0.043(0.04257/step) :: Entropy : 0.000 :: Grads : []
610 :: Rewards -49.649 :: steps: 1.00 :: Time: 0.043(0.04315/step) :: Entropy : 0.000 :: Grads : []
620 :: Rewards -49.649 :: steps: 1.00 :: Time: 0.053(0.05319/step) :: Entropy : 0.000 :: Grads : []
630 :: Rewards -50.413 :: steps: 1.00 :: Time: 0.041(0.04066/step) :: Entropy : 0.000 :: Grads : []
640 :: Rewards -51.422 :: steps: 1.00 :: Time: 0.043(0.04276/step) :: Entropy : 0.000 :: Grads : []
650 :: Rewards -53.066 :: steps: 1.00 :: Time: 0.056(0.05628/step) :: Entropy : 0.000 :: Grads : []
660 :: Rewards -56.105 :: steps: 1.00 :: Time: 0.046(0.04599/step) :: Entropy : 0.000 :: Grads : []
670 :: Rewards -60.308 :: steps: 1.00 :: Time: 0.045(0.04492/step) :: Entropy : 0.000 :: Grads : []
680 :: Rewards -65.717 :: steps: 1.00 :: Time: 0.061(0.06058/step) :: Entropy : 0.000 :: Grads : []
690 :: Rewards -72.311 :: steps: 1.00 :: Time: 0.046(0.04636/step) :: Entropy : 0.000 :: Grads : []
700 :: Rewards -79.953 :: steps: 1.00 :: Time: 0.047(0.04713/step) :: Entropy : 0.000 :: Grads : []
710 :: Rewards -88.557 :: steps: 1.00 :: Time: 0.064(0.06407/step) :: Entropy : 0.000 :: Grads : []
720 :: Rewards -97.948 :: steps: 1.00 :: Time: 0.050(0.04954/step) :: Entropy : 0.000 :: Grads : []
730 :: Rewards -107.044 :: steps: 1.00 :: Time: 0.051(0.05135/step) :: Entropy : 0.000 :: Grads : []
740 :: Rewards -109.384 :: steps: 1.00 :: Time: 0.069(0.06890/step) :: Entropy : 0.000 :: Grads : []
750 :: Rewards -110.618 :: steps: 1.00 :: Time: 0.054(0.05384/step) :: Entropy : 0.000 :: Grads : []
760 :: Rewards -111.817 :: steps: 1.00 :: Time: 0.055(0.05467/step) :: Entropy : 0.000 :: Grads : []
770 :: Rewards -112.410 :: steps: 1.00 :: Time: 0.079(0.07886/step) :: Entropy : 0.000 :: Grads : []
780 :: Rewards -112.480 :: steps: 1.00 :: Time: 0.056(0.05594/step) :: Entropy : 0.000 :: Grads : []
790 :: Rewards -112.480 :: steps: 1.00 :: Time: 0.057(0.05736/step) :: Entropy : 0.000 :: Grads : []
800 :: Rewards -113.837 :: steps: 1.00 :: Time: 0.078(0.07760/step) :: Entropy : 0.000 :: Grads : []
810 :: Rewards -114.743 :: steps: 1.00 :: Time: 0.060(0.05979/step) :: Entropy : 0.000 :: Grads : []
820 :: Rewards -115.503 :: steps: 1.00 :: Time: 0.060(0.06045/step) :: Entropy : 0.000 :: Grads : []
830 :: Rewards -115.591 :: steps: 1.00 :: Time: 0.083(0.08255/step) :: Entropy : 0.000 :: Grads : []
840 :: Rewards -116.172 :: steps: 1.00 :: Time: 0.064(0.06386/step) :: Entropy : 0.000 :: Grads : []
850 :: Rewards -117.067 :: steps: 1.00 :: Time: 0.066(0.06608/step) :: Entropy : 0.000 :: Grads : []
860 :: Rewards -118.714 :: steps: 1.00 :: Time: 0.089(0.08896/step) :: Entropy : 0.000 :: Grads : []
870 :: Rewards -120.868 :: steps: 1.00 :: Time: 0.068(0.06824/step) :: Entropy : 0.000 :: Grads : []
880 :: Rewards -122.212 :: steps: 1.00 :: Time: 0.070(0.06980/step) :: Entropy : 0.000 :: Grads : []
890 :: Rewards -122.476 :: steps: 1.00 :: Time: 0.095(0.09530/step) :: Entropy : 0.000 :: Grads : []
900 :: Rewards -123.006 :: steps: 1.00 :: Time: 0.073(0.07347/step) :: Entropy : 0.000 :: Grads : []
910 :: Rewards -123.952 :: steps: 1.00 :: Time: 0.075(0.07466/step) :: Entropy : 0.000 :: Grads : []
920 :: Rewards -124.591 :: steps: 1.00 :: Time: 0.114(0.11364/step) :: Entropy : 0.000 :: Grads : []
930 :: Rewards -124.916 :: steps: 1.00 :: Time: 0.077(0.07693/step) :: Entropy : 0.000 :: Grads : []
940 :: Rewards -125.455 :: steps: 1.00 :: Time: 0.078(0.07798/step) :: Entropy : 0.000 :: Grads : []
950 :: Rewards -125.894 :: steps: 1.00 :: Time: 0.109(0.10857/step) :: Entropy : 0.000 :: Grads : []
960 :: Rewards -125.894 :: steps: 1.00 :: Time: 0.083(0.08259/step) :: Entropy : 0.000 :: Grads : []
970 :: Rewards -126.463 :: steps: 1.00 :: Time: 0.086(0.08581/step) :: Entropy : 0.000 :: Grads : []
980 :: Rewards -126.463 :: steps: 1.00 :: Time: 0.115(0.11520/step) :: Entropy : 0.000 :: Grads : []
990 :: Rewards -126.463 :: steps: 1.00 :: Time: 0.087(0.08710/step) :: Entropy : 0.000 :: Grads : []
999 :: Rewards -127.178 :: steps: 0.90 :: Time: 0.089(0.09917/step) :: Entropy : 0.000 :: Grads : []
Total time taken: 41.7147331237793
