Module path:  Environments.NS_Reco NS_Reco
Dynamically loaded from:  <class 'Environments.NS_Reco.NS_Reco'>
Reward Amplitudes: [4.17022005e-01 7.20324493e-01 1.14374817e-04 3.02332573e-01
 1.46755891e-01] :: Avg 0.317309867282206 
Module path:  Src.Algorithms.ProOLS ProOLS
Dynamically loaded from:  <class 'Src.Algorithms.ProOLS.ProOLS'>
=====Configurations=====
 Namespace(NN_basis_dim='32', Policy_basis_dim='32', actor_lr=0.0013967975033711264, algo_name='ProOLS', base=0, batch_size=1000, buffer_size=1000, debug=False, delta=1, entropy_lambda=0.009309067356364342, env_name='NS_Reco', experiment='NS_0r_', extrapolator_basis='Fourier', folder_suffix='Default', fourier_coupled=True, fourier_k=5, fourier_order=3, gamma=0.99, gauss_std=1.5, gpu=0, hyper='default', importance_clip=15.0, inc=1, log_output='term_file', max_episodes=1000, max_inner=30, max_steps=500, optim='rmsprop', oracle=-1, raw_basis=True, restore=False, save_count=100, save_model=True, seed=0, speed=0, state_lr=0.001, summary=True, swarm=False, timestamp='5|25|11:37:59')
Actions space: 5 :: State space: 1
State Low: tensor([0.]) :: State High: tensor([1.])
State features:  [('dummy_param', torch.Size([1]))]
Policy:  [('fc1.weight', torch.Size([5, 1])), ('fc1.bias', torch.Size([5]))]
0 :: Rewards -0.745 :: steps: 0.10 :: Time: 0.000(0.00069/step) :: Entropy : 0.000 :: Grads : []
10 :: Rewards -4.622 :: steps: 1.00 :: Time: 0.009(0.00884/step) :: Entropy : 0.000 :: Grads : []
20 :: Rewards -8.537 :: steps: 1.00 :: Time: 0.014(0.01397/step) :: Entropy : 0.000 :: Grads : []
30 :: Rewards -11.258 :: steps: 1.00 :: Time: 0.015(0.01525/step) :: Entropy : 0.000 :: Grads : []
40 :: Rewards -13.953 :: steps: 1.00 :: Time: 0.014(0.01372/step) :: Entropy : 0.000 :: Grads : []
50 :: Rewards -17.513 :: steps: 1.00 :: Time: 0.014(0.01442/step) :: Entropy : 0.000 :: Grads : []
60 :: Rewards -20.730 :: steps: 1.00 :: Time: 0.014(0.01401/step) :: Entropy : 0.000 :: Grads : []
70 :: Rewards -23.451 :: steps: 1.00 :: Time: 0.016(0.01566/step) :: Entropy : 0.000 :: Grads : []
80 :: Rewards -24.357 :: steps: 1.00 :: Time: 0.016(0.01627/step) :: Entropy : 0.000 :: Grads : []
90 :: Rewards -24.981 :: steps: 1.00 :: Time: 0.016(0.01584/step) :: Entropy : 0.000 :: Grads : []
100 :: Rewards -25.695 :: steps: 1.00 :: Time: 0.016(0.01564/step) :: Entropy : 0.000 :: Grads : []
110 :: Rewards -26.298 :: steps: 1.00 :: Time: 0.015(0.01484/step) :: Entropy : 0.000 :: Grads : []
120 :: Rewards -26.298 :: steps: 1.00 :: Time: 0.015(0.01470/step) :: Entropy : 0.000 :: Grads : []
130 :: Rewards -26.298 :: steps: 1.00 :: Time: 0.015(0.01492/step) :: Entropy : 0.000 :: Grads : []
140 :: Rewards -26.298 :: steps: 1.00 :: Time: 0.021(0.02068/step) :: Entropy : 0.000 :: Grads : []
150 :: Rewards -26.298 :: steps: 1.00 :: Time: 0.015(0.01542/step) :: Entropy : 0.000 :: Grads : []
160 :: Rewards -26.298 :: steps: 1.00 :: Time: 0.018(0.01755/step) :: Entropy : 0.000 :: Grads : []
170 :: Rewards -26.298 :: steps: 1.00 :: Time: 0.016(0.01559/step) :: Entropy : 0.000 :: Grads : []
180 :: Rewards -26.298 :: steps: 1.00 :: Time: 0.016(0.01570/step) :: Entropy : 0.000 :: Grads : []
190 :: Rewards -26.298 :: steps: 1.00 :: Time: 0.021(0.02083/step) :: Entropy : 0.000 :: Grads : []
200 :: Rewards -26.298 :: steps: 1.00 :: Time: 0.019(0.01898/step) :: Entropy : 0.000 :: Grads : []
210 :: Rewards -26.298 :: steps: 1.00 :: Time: 0.017(0.01708/step) :: Entropy : 0.000 :: Grads : []
220 :: Rewards -26.298 :: steps: 1.00 :: Time: 0.016(0.01622/step) :: Entropy : 0.000 :: Grads : []
230 :: Rewards -26.298 :: steps: 1.00 :: Time: 0.016(0.01610/step) :: Entropy : 0.000 :: Grads : []
240 :: Rewards -26.298 :: steps: 1.00 :: Time: 0.016(0.01626/step) :: Entropy : 0.000 :: Grads : []
250 :: Rewards -26.298 :: steps: 1.00 :: Time: 0.017(0.01663/step) :: Entropy : 0.000 :: Grads : []
260 :: Rewards -26.298 :: steps: 1.00 :: Time: 0.017(0.01665/step) :: Entropy : 0.000 :: Grads : []
270 :: Rewards -26.298 :: steps: 1.00 :: Time: 0.017(0.01732/step) :: Entropy : 0.000 :: Grads : []
280 :: Rewards -26.298 :: steps: 1.00 :: Time: 0.019(0.01912/step) :: Entropy : 0.000 :: Grads : []
290 :: Rewards -26.298 :: steps: 1.00 :: Time: 0.020(0.01964/step) :: Entropy : 0.000 :: Grads : []
300 :: Rewards -26.298 :: steps: 1.00 :: Time: 0.018(0.01765/step) :: Entropy : 0.000 :: Grads : []
310 :: Rewards -26.298 :: steps: 1.00 :: Time: 0.018(0.01802/step) :: Entropy : 0.000 :: Grads : []
320 :: Rewards -26.298 :: steps: 1.00 :: Time: 0.020(0.01963/step) :: Entropy : 0.000 :: Grads : []
330 :: Rewards -26.298 :: steps: 1.00 :: Time: 0.019(0.01865/step) :: Entropy : 0.000 :: Grads : []
340 :: Rewards -26.298 :: steps: 1.00 :: Time: 0.018(0.01826/step) :: Entropy : 0.000 :: Grads : []
350 :: Rewards -26.298 :: steps: 1.00 :: Time: 0.018(0.01830/step) :: Entropy : 0.000 :: Grads : []
360 :: Rewards -26.298 :: steps: 1.00 :: Time: 0.018(0.01844/step) :: Entropy : 0.000 :: Grads : []
370 :: Rewards -26.298 :: steps: 1.00 :: Time: 0.018(0.01849/step) :: Entropy : 0.000 :: Grads : []
380 :: Rewards -26.298 :: steps: 1.00 :: Time: 0.019(0.01884/step) :: Entropy : 0.000 :: Grads : []
390 :: Rewards -26.298 :: steps: 1.00 :: Time: 0.019(0.01892/step) :: Entropy : 0.000 :: Grads : []
400 :: Rewards -26.298 :: steps: 1.00 :: Time: 0.019(0.01920/step) :: Entropy : 0.000 :: Grads : []
410 :: Rewards -26.298 :: steps: 1.00 :: Time: 0.019(0.01920/step) :: Entropy : 0.000 :: Grads : []
420 :: Rewards -26.298 :: steps: 1.00 :: Time: 0.021(0.02093/step) :: Entropy : 0.000 :: Grads : []
430 :: Rewards -26.298 :: steps: 1.00 :: Time: 0.021(0.02072/step) :: Entropy : 0.000 :: Grads : []
440 :: Rewards -26.298 :: steps: 1.00 :: Time: 0.021(0.02080/step) :: Entropy : 0.000 :: Grads : []
450 :: Rewards -26.298 :: steps: 1.00 :: Time: 0.021(0.02114/step) :: Entropy : 0.000 :: Grads : []
460 :: Rewards -26.298 :: steps: 1.00 :: Time: 0.022(0.02162/step) :: Entropy : 0.000 :: Grads : []
470 :: Rewards -26.298 :: steps: 1.00 :: Time: 0.022(0.02170/step) :: Entropy : 0.000 :: Grads : []
480 :: Rewards -26.298 :: steps: 1.00 :: Time: 0.022(0.02187/step) :: Entropy : 0.000 :: Grads : []
490 :: Rewards -26.298 :: steps: 1.00 :: Time: 0.022(0.02220/step) :: Entropy : 0.000 :: Grads : []
500 :: Rewards -26.298 :: steps: 1.00 :: Time: 0.022(0.02235/step) :: Entropy : 0.000 :: Grads : []
510 :: Rewards -26.298 :: steps: 1.00 :: Time: 0.024(0.02362/step) :: Entropy : 0.000 :: Grads : []
520 :: Rewards -26.298 :: steps: 1.00 :: Time: 0.023(0.02331/step) :: Entropy : 0.000 :: Grads : []
530 :: Rewards -26.298 :: steps: 1.00 :: Time: 0.023(0.02334/step) :: Entropy : 0.000 :: Grads : []
540 :: Rewards -26.298 :: steps: 1.00 :: Time: 0.023(0.02334/step) :: Entropy : 0.000 :: Grads : []
550 :: Rewards -26.298 :: steps: 1.00 :: Time: 0.025(0.02542/step) :: Entropy : 0.000 :: Grads : []
560 :: Rewards -26.298 :: steps: 1.00 :: Time: 0.024(0.02429/step) :: Entropy : 0.000 :: Grads : []
570 :: Rewards -26.298 :: steps: 1.00 :: Time: 0.024(0.02393/step) :: Entropy : 0.000 :: Grads : []
580 :: Rewards -26.298 :: steps: 1.00 :: Time: 0.024(0.02389/step) :: Entropy : 0.000 :: Grads : []
590 :: Rewards -26.298 :: steps: 1.00 :: Time: 0.024(0.02401/step) :: Entropy : 0.000 :: Grads : []
600 :: Rewards -26.298 :: steps: 1.00 :: Time: 0.025(0.02455/step) :: Entropy : 0.000 :: Grads : []
610 :: Rewards -26.298 :: steps: 1.00 :: Time: 0.024(0.02424/step) :: Entropy : 0.000 :: Grads : []
620 :: Rewards -26.298 :: steps: 1.00 :: Time: 0.024(0.02433/step) :: Entropy : 0.000 :: Grads : []
630 :: Rewards -26.298 :: steps: 1.00 :: Time: 0.024(0.02424/step) :: Entropy : 0.000 :: Grads : []
640 :: Rewards -26.298 :: steps: 1.00 :: Time: 0.024(0.02445/step) :: Entropy : 0.000 :: Grads : []
650 :: Rewards -26.298 :: steps: 1.00 :: Time: 0.026(0.02615/step) :: Entropy : 0.000 :: Grads : []
660 :: Rewards -26.298 :: steps: 1.00 :: Time: 0.026(0.02567/step) :: Entropy : 0.000 :: Grads : []
670 :: Rewards -26.298 :: steps: 1.00 :: Time: 0.025(0.02498/step) :: Entropy : 0.000 :: Grads : []
680 :: Rewards -26.298 :: steps: 1.00 :: Time: 0.025(0.02479/step) :: Entropy : 0.000 :: Grads : []
690 :: Rewards -26.298 :: steps: 1.00 :: Time: 0.025(0.02537/step) :: Entropy : 0.000 :: Grads : []
700 :: Rewards -26.298 :: steps: 1.00 :: Time: 0.026(0.02572/step) :: Entropy : 0.000 :: Grads : []
710 :: Rewards -26.298 :: steps: 1.00 :: Time: 0.024(0.02398/step) :: Entropy : 0.000 :: Grads : []
720 :: Rewards -26.298 :: steps: 1.00 :: Time: 0.029(0.02924/step) :: Entropy : 0.000 :: Grads : []
730 :: Rewards -26.298 :: steps: 1.00 :: Time: 0.025(0.02544/step) :: Entropy : 0.000 :: Grads : []
740 :: Rewards -26.298 :: steps: 1.00 :: Time: 0.027(0.02661/step) :: Entropy : 0.000 :: Grads : []
750 :: Rewards -26.298 :: steps: 1.00 :: Time: 0.027(0.02665/step) :: Entropy : 0.000 :: Grads : []
760 :: Rewards -26.298 :: steps: 1.00 :: Time: 0.028(0.02752/step) :: Entropy : 0.000 :: Grads : []
770 :: Rewards -26.298 :: steps: 1.00 :: Time: 0.028(0.02849/step) :: Entropy : 0.000 :: Grads : []
780 :: Rewards -26.298 :: steps: 1.00 :: Time: 0.028(0.02777/step) :: Entropy : 0.000 :: Grads : []
790 :: Rewards -26.298 :: steps: 1.00 :: Time: 0.033(0.03276/step) :: Entropy : 0.000 :: Grads : []
800 :: Rewards -26.298 :: steps: 1.00 :: Time: 0.027(0.02678/step) :: Entropy : 0.000 :: Grads : []
810 :: Rewards -26.298 :: steps: 1.00 :: Time: 0.031(0.03086/step) :: Entropy : 0.000 :: Grads : []
820 :: Rewards -26.298 :: steps: 1.00 :: Time: 0.037(0.03689/step) :: Entropy : 0.000 :: Grads : []
830 :: Rewards -26.298 :: steps: 1.00 :: Time: 0.040(0.03960/step) :: Entropy : 0.000 :: Grads : []
840 :: Rewards -26.298 :: steps: 1.00 :: Time: 0.033(0.03341/step) :: Entropy : 0.000 :: Grads : []
850 :: Rewards -26.298 :: steps: 1.00 :: Time: 0.027(0.02735/step) :: Entropy : 0.000 :: Grads : []
860 :: Rewards -26.298 :: steps: 1.00 :: Time: 0.030(0.03033/step) :: Entropy : 0.000 :: Grads : []
870 :: Rewards -26.298 :: steps: 1.00 :: Time: 0.027(0.02669/step) :: Entropy : 0.000 :: Grads : []
880 :: Rewards -26.298 :: steps: 1.00 :: Time: 0.031(0.03100/step) :: Entropy : 0.000 :: Grads : []
890 :: Rewards -26.298 :: steps: 1.00 :: Time: 0.033(0.03284/step) :: Entropy : 0.000 :: Grads : []
900 :: Rewards -26.298 :: steps: 1.00 :: Time: 0.033(0.03338/step) :: Entropy : 0.000 :: Grads : []
910 :: Rewards -26.298 :: steps: 1.00 :: Time: 0.031(0.03094/step) :: Entropy : 0.000 :: Grads : []
920 :: Rewards -26.298 :: steps: 1.00 :: Time: 0.035(0.03488/step) :: Entropy : 0.000 :: Grads : []
930 :: Rewards -26.298 :: steps: 1.00 :: Time: 0.033(0.03270/step) :: Entropy : 0.000 :: Grads : []
940 :: Rewards -26.298 :: steps: 1.00 :: Time: 0.032(0.03246/step) :: Entropy : 0.000 :: Grads : []
950 :: Rewards -26.298 :: steps: 1.00 :: Time: 0.032(0.03235/step) :: Entropy : 0.000 :: Grads : []
960 :: Rewards -26.298 :: steps: 1.00 :: Time: 0.034(0.03389/step) :: Entropy : 0.000 :: Grads : []
970 :: Rewards -26.298 :: steps: 1.00 :: Time: 0.031(0.03058/step) :: Entropy : 0.000 :: Grads : []
980 :: Rewards -26.298 :: steps: 1.00 :: Time: 0.035(0.03467/step) :: Entropy : 0.000 :: Grads : []
990 :: Rewards -26.298 :: steps: 1.00 :: Time: 0.031(0.03119/step) :: Entropy : 0.000 :: Grads : []
999 :: Rewards -26.298 :: steps: 0.90 :: Time: 0.026(0.02916/step) :: Entropy : 0.000 :: Grads : []
Total time taken: 23.007379055023193
