Module path:  Environments.NS_Reco NS_Reco
Dynamically loaded from:  <class 'Environments.NS_Reco.NS_Reco'>
Reward Amplitudes: [4.17022005e-01 7.20324493e-01 1.14374817e-04 3.02332573e-01
 1.46755891e-01] :: Avg 0.317309867282206 
Module path:  Src.Algorithms.ProWLS ProWLS
Dynamically loaded from:  <class 'Src.Algorithms.ProWLS.ProWLS'>
=====Configurations=====
 Namespace(NN_basis_dim='32', Policy_basis_dim='32', actor_lr=0.0017966647558361548, algo_name='ProWLS', base=0, batch_size=1000, buffer_size=1000, debug=False, delta=1, entropy_lambda=0.006997441955638448, env_name='NS_Reco', experiment='NS_1_', extrapolator_basis='Fourier', folder_suffix='Default', fourier_coupled=True, fourier_k=3, fourier_order=3, gamma=0.99, gauss_std=1.5, gpu=0, hyper='default', importance_clip=10.0, inc=1, log_output='term_file', max_episodes=1000, max_inner=30, max_steps=500, optim='rmsprop', oracle=-1, raw_basis=True, restore=False, save_count=100, save_model=True, seed=29, speed=1, state_lr=0.001, summary=True, swarm=False, timestamp='5|24|21:48:8')
Actions space: 5 :: State space: 1
State Low: tensor([0.]) :: State High: tensor([1.])
State features:  [('dummy_param', torch.Size([1]))]
Policy:  [('fc1.weight', torch.Size([5, 1])), ('fc1.bias', torch.Size([5]))]
0 :: Rewards 0.007 :: steps: 0.10 :: Time: 0.000(0.00060/step) :: Entropy : 0.000 :: Grads : []
10 :: Rewards 0.044 :: steps: 1.00 :: Time: 0.014(0.01358/step) :: Entropy : 0.000 :: Grads : []
20 :: Rewards 0.285 :: steps: 1.00 :: Time: 0.017(0.01711/step) :: Entropy : 0.000 :: Grads : []
30 :: Rewards 0.669 :: steps: 1.00 :: Time: 0.017(0.01735/step) :: Entropy : 0.000 :: Grads : []
40 :: Rewards 1.576 :: steps: 1.00 :: Time: 0.017(0.01691/step) :: Entropy : 0.000 :: Grads : []
50 :: Rewards 2.465 :: steps: 1.00 :: Time: 0.017(0.01708/step) :: Entropy : 0.000 :: Grads : []
60 :: Rewards 3.582 :: steps: 1.00 :: Time: 0.017(0.01725/step) :: Entropy : 0.000 :: Grads : []
70 :: Rewards 5.284 :: steps: 1.00 :: Time: 0.018(0.01753/step) :: Entropy : 0.000 :: Grads : []
80 :: Rewards 7.214 :: steps: 1.00 :: Time: 0.018(0.01774/step) :: Entropy : 0.000 :: Grads : []
90 :: Rewards 9.049 :: steps: 1.00 :: Time: 0.018(0.01795/step) :: Entropy : 0.000 :: Grads : []
100 :: Rewards 11.090 :: steps: 1.00 :: Time: 0.018(0.01818/step) :: Entropy : 0.000 :: Grads : []
110 :: Rewards 13.567 :: steps: 1.00 :: Time: 0.018(0.01848/step) :: Entropy : 0.000 :: Grads : []
120 :: Rewards 16.444 :: steps: 1.00 :: Time: 0.019(0.01875/step) :: Entropy : 0.000 :: Grads : []
130 :: Rewards 19.360 :: steps: 1.00 :: Time: 0.019(0.01914/step) :: Entropy : 0.000 :: Grads : []
140 :: Rewards 22.243 :: steps: 1.00 :: Time: 0.019(0.01936/step) :: Entropy : 0.000 :: Grads : []
150 :: Rewards 25.853 :: steps: 1.00 :: Time: 0.020(0.01971/step) :: Entropy : 0.000 :: Grads : []
160 :: Rewards 29.369 :: steps: 1.00 :: Time: 0.020(0.02001/step) :: Entropy : 0.000 :: Grads : []
170 :: Rewards 33.355 :: steps: 1.00 :: Time: 0.020(0.02032/step) :: Entropy : 0.000 :: Grads : []
180 :: Rewards 37.633 :: steps: 1.00 :: Time: 0.021(0.02075/step) :: Entropy : 0.000 :: Grads : []
190 :: Rewards 42.107 :: steps: 1.00 :: Time: 0.022(0.02170/step) :: Entropy : 0.000 :: Grads : []
200 :: Rewards 46.057 :: steps: 1.00 :: Time: 0.022(0.02215/step) :: Entropy : 0.000 :: Grads : []
210 :: Rewards 50.881 :: steps: 1.00 :: Time: 0.023(0.02309/step) :: Entropy : 0.000 :: Grads : []
220 :: Rewards 55.424 :: steps: 1.00 :: Time: 0.023(0.02311/step) :: Entropy : 0.000 :: Grads : []
230 :: Rewards 60.137 :: steps: 1.00 :: Time: 0.024(0.02366/step) :: Entropy : 0.000 :: Grads : []
240 :: Rewards 65.165 :: steps: 1.00 :: Time: 0.024(0.02428/step) :: Entropy : 0.000 :: Grads : []
250 :: Rewards 70.747 :: steps: 1.00 :: Time: 0.025(0.02479/step) :: Entropy : 0.000 :: Grads : []
260 :: Rewards 76.440 :: steps: 1.00 :: Time: 0.025(0.02533/step) :: Entropy : 0.000 :: Grads : []
270 :: Rewards 82.292 :: steps: 1.00 :: Time: 0.026(0.02574/step) :: Entropy : 0.000 :: Grads : []
280 :: Rewards 88.313 :: steps: 1.00 :: Time: 0.026(0.02609/step) :: Entropy : 0.000 :: Grads : []
290 :: Rewards 93.913 :: steps: 1.00 :: Time: 0.026(0.02650/step) :: Entropy : 0.000 :: Grads : []
300 :: Rewards 99.520 :: steps: 1.00 :: Time: 0.027(0.02670/step) :: Entropy : 0.000 :: Grads : []
310 :: Rewards 105.385 :: steps: 1.00 :: Time: 0.027(0.02709/step) :: Entropy : 0.000 :: Grads : []
320 :: Rewards 111.548 :: steps: 1.00 :: Time: 0.028(0.02767/step) :: Entropy : 0.000 :: Grads : []
330 :: Rewards 118.178 :: steps: 1.00 :: Time: 0.028(0.02814/step) :: Entropy : 0.000 :: Grads : []
340 :: Rewards 124.876 :: steps: 1.00 :: Time: 0.029(0.02858/step) :: Entropy : 0.000 :: Grads : []
350 :: Rewards 131.231 :: steps: 1.00 :: Time: 0.029(0.02904/step) :: Entropy : 0.000 :: Grads : []
360 :: Rewards 136.339 :: steps: 1.00 :: Time: 0.031(0.03125/step) :: Entropy : 0.000 :: Grads : []
370 :: Rewards 143.331 :: steps: 1.00 :: Time: 0.030(0.03031/step) :: Entropy : 0.000 :: Grads : []
380 :: Rewards 149.644 :: steps: 1.00 :: Time: 0.031(0.03074/step) :: Entropy : 0.000 :: Grads : []
390 :: Rewards 156.741 :: steps: 1.00 :: Time: 0.031(0.03143/step) :: Entropy : 0.000 :: Grads : []
400 :: Rewards 163.825 :: steps: 1.00 :: Time: 0.032(0.03178/step) :: Entropy : 0.000 :: Grads : []
410 :: Rewards 170.992 :: steps: 1.00 :: Time: 0.033(0.03257/step) :: Entropy : 0.000 :: Grads : []
420 :: Rewards 178.164 :: steps: 1.00 :: Time: 0.033(0.03315/step) :: Entropy : 0.000 :: Grads : []
430 :: Rewards 185.358 :: steps: 1.00 :: Time: 0.034(0.03375/step) :: Entropy : 0.000 :: Grads : []
440 :: Rewards 192.579 :: steps: 1.00 :: Time: 0.034(0.03405/step) :: Entropy : 0.000 :: Grads : []
450 :: Rewards 199.789 :: steps: 1.00 :: Time: 0.035(0.03457/step) :: Entropy : 0.000 :: Grads : []
460 :: Rewards 206.986 :: steps: 1.00 :: Time: 0.035(0.03500/step) :: Entropy : 0.000 :: Grads : []
470 :: Rewards 214.161 :: steps: 1.00 :: Time: 0.036(0.03572/step) :: Entropy : 0.000 :: Grads : []
480 :: Rewards 221.269 :: steps: 1.00 :: Time: 0.036(0.03610/step) :: Entropy : 0.000 :: Grads : []
490 :: Rewards 228.419 :: steps: 1.00 :: Time: 0.037(0.03694/step) :: Entropy : 0.000 :: Grads : []
500 :: Rewards 235.477 :: steps: 1.00 :: Time: 0.037(0.03745/step) :: Entropy : 0.000 :: Grads : []
510 :: Rewards 242.524 :: steps: 1.00 :: Time: 0.038(0.03817/step) :: Entropy : 0.000 :: Grads : []
520 :: Rewards 248.253 :: steps: 1.00 :: Time: 0.039(0.03892/step) :: Entropy : 0.000 :: Grads : []
530 :: Rewards 254.449 :: steps: 1.00 :: Time: 0.040(0.03960/step) :: Entropy : 0.000 :: Grads : []
540 :: Rewards 260.989 :: steps: 1.00 :: Time: 0.040(0.03991/step) :: Entropy : 0.000 :: Grads : []
550 :: Rewards 267.419 :: steps: 1.00 :: Time: 0.041(0.04091/step) :: Entropy : 0.000 :: Grads : []
560 :: Rewards 273.784 :: steps: 1.00 :: Time: 0.041(0.04144/step) :: Entropy : 0.000 :: Grads : []
570 :: Rewards 280.267 :: steps: 1.00 :: Time: 0.042(0.04250/step) :: Entropy : 0.000 :: Grads : []
580 :: Rewards 286.194 :: steps: 1.00 :: Time: 0.043(0.04340/step) :: Entropy : 0.000 :: Grads : []
590 :: Rewards 292.412 :: steps: 1.00 :: Time: 0.044(0.04420/step) :: Entropy : 0.000 :: Grads : []
600 :: Rewards 298.530 :: steps: 1.00 :: Time: 0.045(0.04485/step) :: Entropy : 0.000 :: Grads : []
610 :: Rewards 304.498 :: steps: 1.00 :: Time: 0.049(0.04879/step) :: Entropy : 0.000 :: Grads : []
620 :: Rewards 310.157 :: steps: 1.00 :: Time: 0.047(0.04668/step) :: Entropy : 0.000 :: Grads : []
630 :: Rewards 315.839 :: steps: 1.00 :: Time: 0.047(0.04702/step) :: Entropy : 0.000 :: Grads : []
640 :: Rewards 321.221 :: steps: 1.00 :: Time: 0.048(0.04806/step) :: Entropy : 0.000 :: Grads : []
650 :: Rewards 326.540 :: steps: 1.00 :: Time: 0.049(0.04919/step) :: Entropy : 0.000 :: Grads : []
660 :: Rewards 331.185 :: steps: 1.00 :: Time: 0.050(0.04990/step) :: Entropy : 0.000 :: Grads : []
670 :: Rewards 335.371 :: steps: 1.00 :: Time: 0.051(0.05107/step) :: Entropy : 0.000 :: Grads : []
680 :: Rewards 339.130 :: steps: 1.00 :: Time: 0.052(0.05188/step) :: Entropy : 0.000 :: Grads : []
690 :: Rewards 342.471 :: steps: 1.00 :: Time: 0.054(0.05388/step) :: Entropy : 0.000 :: Grads : []
700 :: Rewards 346.597 :: steps: 1.00 :: Time: 0.054(0.05429/step) :: Entropy : 0.000 :: Grads : []
710 :: Rewards 350.725 :: steps: 1.00 :: Time: 0.056(0.05566/step) :: Entropy : 0.000 :: Grads : []
720 :: Rewards 354.489 :: steps: 1.00 :: Time: 0.057(0.05705/step) :: Entropy : 0.000 :: Grads : []
730 :: Rewards 357.499 :: steps: 1.00 :: Time: 0.059(0.05862/step) :: Entropy : 0.000 :: Grads : []
740 :: Rewards 361.012 :: steps: 1.00 :: Time: 0.060(0.05972/step) :: Entropy : 0.000 :: Grads : []
750 :: Rewards 364.316 :: steps: 1.00 :: Time: 0.064(0.06394/step) :: Entropy : 0.000 :: Grads : []
760 :: Rewards 367.310 :: steps: 1.00 :: Time: 0.068(0.06756/step) :: Entropy : 0.000 :: Grads : []
770 :: Rewards 370.206 :: steps: 1.00 :: Time: 0.064(0.06369/step) :: Entropy : 0.000 :: Grads : []
780 :: Rewards 372.796 :: steps: 1.00 :: Time: 0.065(0.06474/step) :: Entropy : 0.000 :: Grads : []
790 :: Rewards 375.100 :: steps: 1.00 :: Time: 0.066(0.06552/step) :: Entropy : 0.000 :: Grads : []
800 :: Rewards 377.146 :: steps: 1.00 :: Time: 0.066(0.06627/step) :: Entropy : 0.000 :: Grads : []
810 :: Rewards 379.367 :: steps: 1.00 :: Time: 0.068(0.06767/step) :: Entropy : 0.000 :: Grads : []
820 :: Rewards 382.476 :: steps: 1.00 :: Time: 0.069(0.06934/step) :: Entropy : 0.000 :: Grads : []
830 :: Rewards 385.699 :: steps: 1.00 :: Time: 0.073(0.07269/step) :: Entropy : 0.000 :: Grads : []
840 :: Rewards 388.839 :: steps: 1.00 :: Time: 0.075(0.07469/step) :: Entropy : 0.000 :: Grads : []
850 :: Rewards 391.910 :: steps: 1.00 :: Time: 0.074(0.07406/step) :: Entropy : 0.000 :: Grads : []
860 :: Rewards 394.738 :: steps: 1.00 :: Time: 0.075(0.07506/step) :: Entropy : 0.000 :: Grads : []
870 :: Rewards 397.470 :: steps: 1.00 :: Time: 0.077(0.07716/step) :: Entropy : 0.000 :: Grads : []
880 :: Rewards 400.222 :: steps: 1.00 :: Time: 0.078(0.07844/step) :: Entropy : 0.000 :: Grads : []
890 :: Rewards 402.932 :: steps: 1.00 :: Time: 0.080(0.08003/step) :: Entropy : 0.000 :: Grads : []
900 :: Rewards 405.547 :: steps: 1.00 :: Time: 0.083(0.08303/step) :: Entropy : 0.000 :: Grads : []
910 :: Rewards 408.081 :: steps: 1.00 :: Time: 0.083(0.08313/step) :: Entropy : 0.000 :: Grads : []
920 :: Rewards 410.520 :: steps: 1.00 :: Time: 0.084(0.08426/step) :: Entropy : 0.000 :: Grads : []
930 :: Rewards 412.883 :: steps: 1.00 :: Time: 0.085(0.08505/step) :: Entropy : 0.000 :: Grads : []
940 :: Rewards 415.139 :: steps: 1.00 :: Time: 0.087(0.08703/step) :: Entropy : 0.000 :: Grads : []
950 :: Rewards 417.286 :: steps: 1.00 :: Time: 0.090(0.09039/step) :: Entropy : 0.000 :: Grads : []
960 :: Rewards 419.351 :: steps: 1.00 :: Time: 0.092(0.09193/step) :: Entropy : 0.000 :: Grads : []
970 :: Rewards 421.326 :: steps: 1.00 :: Time: 0.094(0.09388/step) :: Entropy : 0.000 :: Grads : []
980 :: Rewards 423.164 :: steps: 1.00 :: Time: 0.097(0.09661/step) :: Entropy : 0.000 :: Grads : []
990 :: Rewards 424.880 :: steps: 1.00 :: Time: 0.098(0.09794/step) :: Entropy : 0.000 :: Grads : []
999 :: Rewards 426.398 :: steps: 0.90 :: Time: 0.089(0.09837/step) :: Entropy : 0.000 :: Grads : []
Total time taken: 44.61203098297119
