Module path:  Environments.NS_Reco NS_Reco
Dynamically loaded from:  <class 'Environments.NS_Reco.NS_Reco'>
Reward Amplitudes: [4.17022005e-01 7.20324493e-01 1.14374817e-04 3.02332573e-01
 1.46755891e-01] :: Avg 0.317309867282206 
Module path:  Src.Algorithms.ProWLS ProWLS
Dynamically loaded from:  <class 'Src.Algorithms.ProWLS.ProWLS'>
=====Configurations=====
 Namespace(NN_basis_dim='32', Policy_basis_dim='32', actor_lr=0.0037403051736555927, algo_name='ProWLS', base=0, batch_size=1000, buffer_size=1000, debug=False, delta=3, entropy_lambda=0.041755411764967935, env_name='NS_Reco', experiment='NS_4_', extrapolator_basis='Fourier', folder_suffix='Default', fourier_coupled=True, fourier_k=7, fourier_order=3, gamma=0.99, gauss_std=1.5, gpu=0, hyper='default', importance_clip=5.0, inc=1, log_output='term_file', max_episodes=1000, max_inner=60, max_steps=500, optim='rmsprop', oracle=-1, raw_basis=True, restore=False, save_count=100, save_model=True, seed=21, speed=4, state_lr=0.001, summary=True, swarm=False, timestamp='5|24|22:59:42')
Actions space: 5 :: State space: 1
State Low: tensor([0.]) :: State High: tensor([1.])
State features:  [('dummy_param', torch.Size([1]))]
Policy:  [('fc1.weight', torch.Size([5, 1])), ('fc1.bias', torch.Size([5]))]
0 :: Rewards 0.006 :: steps: 0.10 :: Time: 0.000(0.00068/step) :: Entropy : 0.000 :: Grads : []
10 :: Rewards 0.201 :: steps: 1.00 :: Time: 0.004(0.00374/step) :: Entropy : 0.000 :: Grads : []
20 :: Rewards 0.825 :: steps: 1.00 :: Time: 0.014(0.01398/step) :: Entropy : 0.000 :: Grads : []
30 :: Rewards 2.273 :: steps: 1.00 :: Time: 0.011(0.01075/step) :: Entropy : 0.000 :: Grads : []
40 :: Rewards 4.721 :: steps: 1.00 :: Time: 0.011(0.01051/step) :: Entropy : 0.000 :: Grads : []
50 :: Rewards 6.042 :: steps: 1.00 :: Time: 0.014(0.01412/step) :: Entropy : 0.000 :: Grads : []
60 :: Rewards 8.399 :: steps: 1.00 :: Time: 0.011(0.01079/step) :: Entropy : 0.000 :: Grads : []
70 :: Rewards 12.009 :: steps: 1.00 :: Time: 0.011(0.01095/step) :: Entropy : 0.000 :: Grads : []
80 :: Rewards 17.693 :: steps: 1.00 :: Time: 0.015(0.01477/step) :: Entropy : 0.000 :: Grads : []
90 :: Rewards 23.473 :: steps: 1.00 :: Time: 0.011(0.01134/step) :: Entropy : 0.000 :: Grads : []
100 :: Rewards 30.159 :: steps: 1.00 :: Time: 0.012(0.01153/step) :: Entropy : 0.000 :: Grads : []
110 :: Rewards 34.232 :: steps: 1.00 :: Time: 0.016(0.01567/step) :: Entropy : 0.000 :: Grads : []
120 :: Rewards 39.987 :: steps: 1.00 :: Time: 0.012(0.01199/step) :: Entropy : 0.000 :: Grads : []
130 :: Rewards 47.042 :: steps: 1.00 :: Time: 0.012(0.01228/step) :: Entropy : 0.000 :: Grads : []
140 :: Rewards 53.762 :: steps: 1.00 :: Time: 0.017(0.01678/step) :: Entropy : 0.000 :: Grads : []
150 :: Rewards 57.973 :: steps: 1.00 :: Time: 0.013(0.01284/step) :: Entropy : 0.000 :: Grads : []
160 :: Rewards 63.060 :: steps: 1.00 :: Time: 0.013(0.01308/step) :: Entropy : 0.000 :: Grads : []
170 :: Rewards 67.146 :: steps: 1.00 :: Time: 0.018(0.01776/step) :: Entropy : 0.000 :: Grads : []
180 :: Rewards 70.926 :: steps: 1.00 :: Time: 0.014(0.01368/step) :: Entropy : 0.000 :: Grads : []
190 :: Rewards 74.260 :: steps: 1.00 :: Time: 0.015(0.01495/step) :: Entropy : 0.000 :: Grads : []
200 :: Rewards 77.127 :: steps: 1.00 :: Time: 0.020(0.02017/step) :: Entropy : 0.000 :: Grads : []
210 :: Rewards 80.057 :: steps: 1.00 :: Time: 0.016(0.01584/step) :: Entropy : 0.000 :: Grads : []
220 :: Rewards 82.557 :: steps: 1.00 :: Time: 0.016(0.01649/step) :: Entropy : 0.000 :: Grads : []
230 :: Rewards 84.746 :: steps: 1.00 :: Time: 0.023(0.02255/step) :: Entropy : 0.000 :: Grads : []
240 :: Rewards 86.519 :: steps: 1.00 :: Time: 0.017(0.01740/step) :: Entropy : 0.000 :: Grads : []
250 :: Rewards 88.199 :: steps: 1.00 :: Time: 0.018(0.01791/step) :: Entropy : 0.000 :: Grads : []
260 :: Rewards 89.337 :: steps: 1.00 :: Time: 0.024(0.02446/step) :: Entropy : 0.000 :: Grads : []
270 :: Rewards 90.204 :: steps: 1.00 :: Time: 0.019(0.01883/step) :: Entropy : 0.000 :: Grads : []
280 :: Rewards 90.508 :: steps: 1.00 :: Time: 0.019(0.01920/step) :: Entropy : 0.000 :: Grads : []
290 :: Rewards 88.804 :: steps: 1.00 :: Time: 0.026(0.02605/step) :: Entropy : 0.000 :: Grads : []
300 :: Rewards 88.085 :: steps: 1.00 :: Time: 0.020(0.02031/step) :: Entropy : 0.000 :: Grads : []
310 :: Rewards 87.854 :: steps: 1.00 :: Time: 0.021(0.02084/step) :: Entropy : 0.000 :: Grads : []
320 :: Rewards 87.528 :: steps: 1.00 :: Time: 0.029(0.02859/step) :: Entropy : 0.000 :: Grads : []
330 :: Rewards 87.174 :: steps: 1.00 :: Time: 0.022(0.02175/step) :: Entropy : 0.000 :: Grads : []
340 :: Rewards 86.941 :: steps: 1.00 :: Time: 0.022(0.02223/step) :: Entropy : 0.000 :: Grads : []
350 :: Rewards 86.512 :: steps: 1.00 :: Time: 0.030(0.03038/step) :: Entropy : 0.000 :: Grads : []
360 :: Rewards 86.001 :: steps: 1.00 :: Time: 0.023(0.02333/step) :: Entropy : 0.000 :: Grads : []
370 :: Rewards 85.072 :: steps: 1.00 :: Time: 0.024(0.02425/step) :: Entropy : 0.000 :: Grads : []
380 :: Rewards 84.767 :: steps: 1.00 :: Time: 0.035(0.03473/step) :: Entropy : 0.000 :: Grads : []
390 :: Rewards 83.837 :: steps: 1.00 :: Time: 0.025(0.02520/step) :: Entropy : 0.000 :: Grads : []
400 :: Rewards 83.531 :: steps: 1.00 :: Time: 0.026(0.02586/step) :: Entropy : 0.000 :: Grads : []
410 :: Rewards 82.621 :: steps: 1.00 :: Time: 0.035(0.03526/step) :: Entropy : 0.000 :: Grads : []
420 :: Rewards 81.834 :: steps: 1.00 :: Time: 0.027(0.02718/step) :: Entropy : 0.000 :: Grads : []
430 :: Rewards 81.186 :: steps: 1.00 :: Time: 0.028(0.02818/step) :: Entropy : 0.000 :: Grads : []
440 :: Rewards 80.405 :: steps: 1.00 :: Time: 0.038(0.03779/step) :: Entropy : 0.000 :: Grads : []
450 :: Rewards 79.321 :: steps: 1.00 :: Time: 0.029(0.02900/step) :: Entropy : 0.000 :: Grads : []
460 :: Rewards 78.060 :: steps: 1.00 :: Time: 0.030(0.02973/step) :: Entropy : 0.000 :: Grads : []
470 :: Rewards 77.018 :: steps: 1.00 :: Time: 0.040(0.04047/step) :: Entropy : 0.000 :: Grads : []
480 :: Rewards 76.595 :: steps: 1.00 :: Time: 0.031(0.03099/step) :: Entropy : 0.000 :: Grads : []
490 :: Rewards 76.472 :: steps: 1.00 :: Time: 0.032(0.03202/step) :: Entropy : 0.000 :: Grads : []
500 :: Rewards 76.718 :: steps: 1.00 :: Time: 0.043(0.04344/step) :: Entropy : 0.000 :: Grads : []
510 :: Rewards 80.266 :: steps: 1.00 :: Time: 0.034(0.03357/step) :: Entropy : 0.000 :: Grads : []
520 :: Rewards 85.380 :: steps: 1.00 :: Time: 0.034(0.03419/step) :: Entropy : 0.000 :: Grads : []
530 :: Rewards 91.329 :: steps: 1.00 :: Time: 0.046(0.04630/step) :: Entropy : 0.000 :: Grads : []
540 :: Rewards 96.663 :: steps: 1.00 :: Time: 0.036(0.03562/step) :: Entropy : 0.000 :: Grads : []
550 :: Rewards 103.878 :: steps: 1.00 :: Time: 0.033(0.03293/step) :: Entropy : 0.000 :: Grads : []
560 :: Rewards 108.675 :: steps: 1.00 :: Time: 0.044(0.04428/step) :: Entropy : 0.000 :: Grads : []
570 :: Rewards 114.922 :: steps: 1.00 :: Time: 0.034(0.03377/step) :: Entropy : 0.000 :: Grads : []
580 :: Rewards 118.263 :: steps: 1.00 :: Time: 0.035(0.03465/step) :: Entropy : 0.000 :: Grads : []
590 :: Rewards 123.906 :: steps: 1.00 :: Time: 0.048(0.04763/step) :: Entropy : 0.000 :: Grads : []
600 :: Rewards 125.300 :: steps: 1.00 :: Time: 0.036(0.03629/step) :: Entropy : 0.000 :: Grads : []
610 :: Rewards 130.289 :: steps: 1.00 :: Time: 0.037(0.03733/step) :: Entropy : 0.000 :: Grads : []
620 :: Rewards 134.502 :: steps: 1.00 :: Time: 0.051(0.05057/step) :: Entropy : 0.000 :: Grads : []
630 :: Rewards 136.964 :: steps: 1.00 :: Time: 0.039(0.03856/step) :: Entropy : 0.000 :: Grads : []
640 :: Rewards 138.845 :: steps: 1.00 :: Time: 0.040(0.03967/step) :: Entropy : 0.000 :: Grads : []
650 :: Rewards 140.541 :: steps: 1.00 :: Time: 0.054(0.05351/step) :: Entropy : 0.000 :: Grads : []
660 :: Rewards 143.615 :: steps: 1.00 :: Time: 0.041(0.04129/step) :: Entropy : 0.000 :: Grads : []
670 :: Rewards 146.418 :: steps: 1.00 :: Time: 0.043(0.04323/step) :: Entropy : 0.000 :: Grads : []
680 :: Rewards 150.193 :: steps: 1.00 :: Time: 0.058(0.05791/step) :: Entropy : 0.000 :: Grads : []
690 :: Rewards 153.733 :: steps: 1.00 :: Time: 0.044(0.04423/step) :: Entropy : 0.000 :: Grads : []
700 :: Rewards 157.780 :: steps: 1.00 :: Time: 0.045(0.04531/step) :: Entropy : 0.000 :: Grads : []
710 :: Rewards 160.957 :: steps: 1.00 :: Time: 0.062(0.06226/step) :: Entropy : 0.000 :: Grads : []
720 :: Rewards 163.983 :: steps: 1.00 :: Time: 0.048(0.04760/step) :: Entropy : 0.000 :: Grads : []
730 :: Rewards 166.839 :: steps: 1.00 :: Time: 0.049(0.04903/step) :: Entropy : 0.000 :: Grads : []
740 :: Rewards 170.526 :: steps: 1.00 :: Time: 0.066(0.06566/step) :: Entropy : 0.000 :: Grads : []
750 :: Rewards 173.961 :: steps: 1.00 :: Time: 0.050(0.05018/step) :: Entropy : 0.000 :: Grads : []
760 :: Rewards 176.248 :: steps: 1.00 :: Time: 0.052(0.05150/step) :: Entropy : 0.000 :: Grads : []
770 :: Rewards 178.365 :: steps: 1.00 :: Time: 0.070(0.06997/step) :: Entropy : 0.000 :: Grads : []
780 :: Rewards 181.393 :: steps: 1.00 :: Time: 0.053(0.05295/step) :: Entropy : 0.000 :: Grads : []
790 :: Rewards 184.072 :: steps: 1.00 :: Time: 0.055(0.05465/step) :: Entropy : 0.000 :: Grads : []
800 :: Rewards 186.367 :: steps: 1.00 :: Time: 0.073(0.07316/step) :: Entropy : 0.000 :: Grads : []
810 :: Rewards 188.280 :: steps: 1.00 :: Time: 0.056(0.05585/step) :: Entropy : 0.000 :: Grads : []
820 :: Rewards 189.842 :: steps: 1.00 :: Time: 0.057(0.05738/step) :: Entropy : 0.000 :: Grads : []
830 :: Rewards 191.220 :: steps: 1.00 :: Time: 0.078(0.07847/step) :: Entropy : 0.000 :: Grads : []
840 :: Rewards 192.100 :: steps: 1.00 :: Time: 0.060(0.05955/step) :: Entropy : 0.000 :: Grads : []
850 :: Rewards 192.674 :: steps: 1.00 :: Time: 0.063(0.06259/step) :: Entropy : 0.000 :: Grads : []
860 :: Rewards 193.056 :: steps: 1.00 :: Time: 0.085(0.08469/step) :: Entropy : 0.000 :: Grads : []
870 :: Rewards 193.077 :: steps: 1.00 :: Time: 0.064(0.06446/step) :: Entropy : 0.000 :: Grads : []
880 :: Rewards 193.152 :: steps: 1.00 :: Time: 0.066(0.06630/step) :: Entropy : 0.000 :: Grads : []
890 :: Rewards 193.457 :: steps: 1.00 :: Time: 0.090(0.08958/step) :: Entropy : 0.000 :: Grads : []
900 :: Rewards 194.405 :: steps: 1.00 :: Time: 0.069(0.06950/step) :: Entropy : 0.000 :: Grads : []
910 :: Rewards 196.045 :: steps: 1.00 :: Time: 0.072(0.07236/step) :: Entropy : 0.000 :: Grads : []
920 :: Rewards 198.484 :: steps: 1.00 :: Time: 0.097(0.09712/step) :: Entropy : 0.000 :: Grads : []
930 :: Rewards 202.972 :: steps: 1.00 :: Time: 0.075(0.07482/step) :: Entropy : 0.000 :: Grads : []
940 :: Rewards 208.229 :: steps: 1.00 :: Time: 0.076(0.07600/step) :: Entropy : 0.000 :: Grads : []
950 :: Rewards 214.099 :: steps: 1.00 :: Time: 0.104(0.10393/step) :: Entropy : 0.000 :: Grads : []
960 :: Rewards 220.520 :: steps: 1.00 :: Time: 0.079(0.07925/step) :: Entropy : 0.000 :: Grads : []
970 :: Rewards 227.333 :: steps: 1.00 :: Time: 0.082(0.08216/step) :: Entropy : 0.000 :: Grads : []
980 :: Rewards 234.374 :: steps: 1.00 :: Time: 0.111(0.11120/step) :: Entropy : 0.000 :: Grads : []
990 :: Rewards 241.584 :: steps: 1.00 :: Time: 0.084(0.08417/step) :: Entropy : 0.000 :: Grads : []
999 :: Rewards 248.023 :: steps: 0.90 :: Time: 0.086(0.09603/step) :: Entropy : 0.000 :: Grads : []
Total time taken: 40.214877128601074
