Module path:  Environments.NS_Reco NS_Reco
Dynamically loaded from:  <class 'Environments.NS_Reco.NS_Reco'>
Reward Amplitudes: [4.17022005e-01 7.20324493e-01 1.14374817e-04 3.02332573e-01
 1.46755891e-01] :: Avg 0.317309867282206 
Module path:  Src.Algorithms.ProWLS ProWLS
Dynamically loaded from:  <class 'Src.Algorithms.ProWLS.ProWLS'>
=====Configurations=====
 Namespace(NN_basis_dim='32', Policy_basis_dim='32', actor_lr=0.00450428892499054, algo_name='ProWLS', base=0, batch_size=1000, buffer_size=1000, debug=False, delta=3, entropy_lambda=0.07518854390699839, env_name='NS_Reco', experiment='NS_3r_', extrapolator_basis='Fourier', folder_suffix='Default', fourier_coupled=True, fourier_k=5, fourier_order=3, gamma=0.99, gauss_std=1.5, gpu=0, hyper='default', importance_clip=10.0, inc=1, log_output='term_file', max_episodes=1000, max_inner=90, max_steps=500, optim='rmsprop', oracle=-1, raw_basis=True, restore=False, save_count=100, save_model=True, seed=2, speed=3, state_lr=0.001, summary=True, swarm=False, timestamp='5|25|9:32:33')
Actions space: 5 :: State space: 1
State Low: tensor([0.]) :: State High: tensor([1.])
State features:  [('dummy_param', torch.Size([1]))]
Policy:  [('fc1.weight', torch.Size([5, 1])), ('fc1.bias', torch.Size([5]))]
0 :: Rewards -0.012 :: steps: 0.10 :: Time: 0.000(0.00064/step) :: Entropy : 0.000 :: Grads : []
10 :: Rewards -0.188 :: steps: 1.00 :: Time: 0.010(0.01028/step) :: Entropy : 0.000 :: Grads : []
20 :: Rewards -0.573 :: steps: 1.00 :: Time: 0.021(0.02119/step) :: Entropy : 0.000 :: Grads : []
30 :: Rewards -1.632 :: steps: 1.00 :: Time: 0.016(0.01627/step) :: Entropy : 0.000 :: Grads : []
40 :: Rewards -3.580 :: steps: 1.00 :: Time: 0.016(0.01639/step) :: Entropy : 0.000 :: Grads : []
50 :: Rewards -4.797 :: steps: 1.00 :: Time: 0.021(0.02148/step) :: Entropy : 0.000 :: Grads : []
60 :: Rewards -5.812 :: steps: 1.00 :: Time: 0.017(0.01697/step) :: Entropy : 0.000 :: Grads : []
70 :: Rewards -6.434 :: steps: 1.00 :: Time: 0.017(0.01697/step) :: Entropy : 0.000 :: Grads : []
80 :: Rewards -6.434 :: steps: 1.00 :: Time: 0.023(0.02263/step) :: Entropy : 0.000 :: Grads : []
90 :: Rewards -8.389 :: steps: 1.00 :: Time: 0.018(0.01763/step) :: Entropy : 0.000 :: Grads : []
100 :: Rewards -8.807 :: steps: 1.00 :: Time: 0.017(0.01745/step) :: Entropy : 0.000 :: Grads : []
110 :: Rewards -9.798 :: steps: 1.00 :: Time: 0.024(0.02356/step) :: Entropy : 0.000 :: Grads : []
120 :: Rewards -11.166 :: steps: 1.00 :: Time: 0.018(0.01755/step) :: Entropy : 0.000 :: Grads : []
130 :: Rewards -11.859 :: steps: 1.00 :: Time: 0.018(0.01788/step) :: Entropy : 0.000 :: Grads : []
140 :: Rewards -13.703 :: steps: 1.00 :: Time: 0.025(0.02530/step) :: Entropy : 0.000 :: Grads : []
150 :: Rewards -14.141 :: steps: 1.00 :: Time: 0.019(0.01875/step) :: Entropy : 0.000 :: Grads : []
160 :: Rewards -15.114 :: steps: 1.00 :: Time: 0.019(0.01917/step) :: Entropy : 0.000 :: Grads : []
170 :: Rewards -16.925 :: steps: 1.00 :: Time: 0.028(0.02774/step) :: Entropy : 0.000 :: Grads : []
180 :: Rewards -19.507 :: steps: 1.00 :: Time: 0.020(0.02000/step) :: Entropy : 0.000 :: Grads : []
190 :: Rewards -20.983 :: steps: 1.00 :: Time: 0.021(0.02097/step) :: Entropy : 0.000 :: Grads : []
200 :: Rewards -20.983 :: steps: 1.00 :: Time: 0.029(0.02895/step) :: Entropy : 0.000 :: Grads : []
210 :: Rewards -21.146 :: steps: 1.00 :: Time: 0.023(0.02283/step) :: Entropy : 0.000 :: Grads : []
220 :: Rewards -22.708 :: steps: 1.00 :: Time: 0.023(0.02339/step) :: Entropy : 0.000 :: Grads : []
230 :: Rewards -24.158 :: steps: 1.00 :: Time: 0.032(0.03192/step) :: Entropy : 0.000 :: Grads : []
240 :: Rewards -24.636 :: steps: 1.00 :: Time: 0.025(0.02469/step) :: Entropy : 0.000 :: Grads : []
250 :: Rewards -25.197 :: steps: 1.00 :: Time: 0.025(0.02538/step) :: Entropy : 0.000 :: Grads : []
260 :: Rewards -26.404 :: steps: 1.00 :: Time: 0.035(0.03512/step) :: Entropy : 0.000 :: Grads : []
270 :: Rewards -26.617 :: steps: 1.00 :: Time: 0.028(0.02765/step) :: Entropy : 0.000 :: Grads : []
280 :: Rewards -27.363 :: steps: 1.00 :: Time: 0.028(0.02779/step) :: Entropy : 0.000 :: Grads : []
290 :: Rewards -28.259 :: steps: 1.00 :: Time: 0.037(0.03660/step) :: Entropy : 0.000 :: Grads : []
300 :: Rewards -28.657 :: steps: 1.00 :: Time: 0.028(0.02807/step) :: Entropy : 0.000 :: Grads : []
310 :: Rewards -29.809 :: steps: 1.00 :: Time: 0.029(0.02873/step) :: Entropy : 0.000 :: Grads : []
320 :: Rewards -30.523 :: steps: 1.00 :: Time: 0.040(0.04032/step) :: Entropy : 0.000 :: Grads : []
330 :: Rewards -30.914 :: steps: 1.00 :: Time: 0.031(0.03109/step) :: Entropy : 0.000 :: Grads : []
340 :: Rewards -32.100 :: steps: 1.00 :: Time: 0.035(0.03473/step) :: Entropy : 0.000 :: Grads : []
350 :: Rewards -32.402 :: steps: 1.00 :: Time: 0.050(0.04956/step) :: Entropy : 0.000 :: Grads : []
360 :: Rewards -32.533 :: steps: 1.00 :: Time: 0.034(0.03422/step) :: Entropy : 0.000 :: Grads : []
370 :: Rewards -32.874 :: steps: 1.00 :: Time: 0.034(0.03415/step) :: Entropy : 0.000 :: Grads : []
380 :: Rewards -33.253 :: steps: 1.00 :: Time: 0.047(0.04685/step) :: Entropy : 0.000 :: Grads : []
390 :: Rewards -33.451 :: steps: 1.00 :: Time: 0.036(0.03590/step) :: Entropy : 0.000 :: Grads : []
400 :: Rewards -33.857 :: steps: 1.00 :: Time: 0.036(0.03555/step) :: Entropy : 0.000 :: Grads : []
410 :: Rewards -34.701 :: steps: 1.00 :: Time: 0.050(0.05023/step) :: Entropy : 0.000 :: Grads : []
420 :: Rewards -35.483 :: steps: 1.00 :: Time: 0.039(0.03884/step) :: Entropy : 0.000 :: Grads : []
430 :: Rewards -36.794 :: steps: 1.00 :: Time: 0.041(0.04082/step) :: Entropy : 0.000 :: Grads : []
440 :: Rewards -38.113 :: steps: 1.00 :: Time: 0.056(0.05616/step) :: Entropy : 0.000 :: Grads : []
450 :: Rewards -38.568 :: steps: 1.00 :: Time: 0.051(0.05149/step) :: Entropy : 0.000 :: Grads : []
460 :: Rewards -38.917 :: steps: 1.00 :: Time: 0.048(0.04786/step) :: Entropy : 0.000 :: Grads : []
470 :: Rewards -39.256 :: steps: 1.00 :: Time: 0.057(0.05737/step) :: Entropy : 0.000 :: Grads : []
480 :: Rewards -39.749 :: steps: 1.00 :: Time: 0.044(0.04357/step) :: Entropy : 0.000 :: Grads : []
490 :: Rewards -40.349 :: steps: 1.00 :: Time: 0.046(0.04575/step) :: Entropy : 0.000 :: Grads : []
500 :: Rewards -40.984 :: steps: 1.00 :: Time: 0.060(0.06016/step) :: Entropy : 0.000 :: Grads : []
510 :: Rewards -41.357 :: steps: 1.00 :: Time: 0.045(0.04477/step) :: Entropy : 0.000 :: Grads : []
520 :: Rewards -41.453 :: steps: 1.00 :: Time: 0.046(0.04625/step) :: Entropy : 0.000 :: Grads : []
530 :: Rewards -41.566 :: steps: 1.00 :: Time: 0.063(0.06303/step) :: Entropy : 0.000 :: Grads : []
540 :: Rewards -42.501 :: steps: 1.00 :: Time: 0.049(0.04889/step) :: Entropy : 0.000 :: Grads : []
550 :: Rewards -42.945 :: steps: 1.00 :: Time: 0.048(0.04815/step) :: Entropy : 0.000 :: Grads : []
560 :: Rewards -43.689 :: steps: 1.00 :: Time: 0.067(0.06749/step) :: Entropy : 0.000 :: Grads : []
570 :: Rewards -44.353 :: steps: 1.00 :: Time: 0.052(0.05231/step) :: Entropy : 0.000 :: Grads : []
580 :: Rewards -44.896 :: steps: 1.00 :: Time: 0.051(0.05135/step) :: Entropy : 0.000 :: Grads : []
590 :: Rewards -45.089 :: steps: 1.00 :: Time: 0.072(0.07159/step) :: Entropy : 0.000 :: Grads : []
600 :: Rewards -46.114 :: steps: 1.00 :: Time: 0.056(0.05574/step) :: Entropy : 0.000 :: Grads : []
610 :: Rewards -48.406 :: steps: 1.00 :: Time: 0.055(0.05532/step) :: Entropy : 0.000 :: Grads : []
620 :: Rewards -49.482 :: steps: 1.00 :: Time: 0.076(0.07602/step) :: Entropy : 0.000 :: Grads : []
630 :: Rewards -50.100 :: steps: 1.00 :: Time: 0.061(0.06070/step) :: Entropy : 0.000 :: Grads : []
640 :: Rewards -50.100 :: steps: 1.00 :: Time: 0.058(0.05774/step) :: Entropy : 0.000 :: Grads : []
650 :: Rewards -50.100 :: steps: 1.00 :: Time: 0.081(0.08086/step) :: Entropy : 0.000 :: Grads : []
660 :: Rewards -50.100 :: steps: 1.00 :: Time: 0.062(0.06244/step) :: Entropy : 0.000 :: Grads : []
670 :: Rewards -50.856 :: steps: 1.00 :: Time: 0.061(0.06103/step) :: Entropy : 0.000 :: Grads : []
680 :: Rewards -50.856 :: steps: 1.00 :: Time: 0.087(0.08681/step) :: Entropy : 0.000 :: Grads : []
690 :: Rewards -50.856 :: steps: 1.00 :: Time: 0.066(0.06561/step) :: Entropy : 0.000 :: Grads : []
700 :: Rewards -51.665 :: steps: 1.00 :: Time: 0.066(0.06646/step) :: Entropy : 0.000 :: Grads : []
710 :: Rewards -54.309 :: steps: 1.00 :: Time: 0.091(0.09123/step) :: Entropy : 0.000 :: Grads : []
720 :: Rewards -54.309 :: steps: 1.00 :: Time: 0.067(0.06713/step) :: Entropy : 0.000 :: Grads : []
730 :: Rewards -55.867 :: steps: 1.00 :: Time: 0.072(0.07223/step) :: Entropy : 0.000 :: Grads : []
740 :: Rewards -55.867 :: steps: 1.00 :: Time: 0.095(0.09546/step) :: Entropy : 0.000 :: Grads : []
750 :: Rewards -55.867 :: steps: 1.00 :: Time: 0.073(0.07343/step) :: Entropy : 0.000 :: Grads : []
760 :: Rewards -56.560 :: steps: 1.00 :: Time: 0.077(0.07750/step) :: Entropy : 0.000 :: Grads : []
770 :: Rewards -56.560 :: steps: 1.00 :: Time: 0.102(0.10238/step) :: Entropy : 0.000 :: Grads : []
780 :: Rewards -57.160 :: steps: 1.00 :: Time: 0.082(0.08166/step) :: Entropy : 0.000 :: Grads : []
790 :: Rewards -57.691 :: steps: 1.00 :: Time: 0.080(0.08042/step) :: Entropy : 0.000 :: Grads : []
800 :: Rewards -59.523 :: steps: 1.00 :: Time: 0.114(0.11374/step) :: Entropy : 0.000 :: Grads : []
810 :: Rewards -60.800 :: steps: 1.00 :: Time: 0.083(0.08282/step) :: Entropy : 0.000 :: Grads : []
820 :: Rewards -62.543 :: steps: 1.00 :: Time: 0.089(0.08870/step) :: Entropy : 0.000 :: Grads : []
830 :: Rewards -63.019 :: steps: 1.00 :: Time: 0.119(0.11944/step) :: Entropy : 0.000 :: Grads : []
840 :: Rewards -63.856 :: steps: 1.00 :: Time: 0.093(0.09296/step) :: Entropy : 0.000 :: Grads : []
850 :: Rewards -64.289 :: steps: 1.00 :: Time: 0.093(0.09340/step) :: Entropy : 0.000 :: Grads : []
860 :: Rewards -66.233 :: steps: 1.00 :: Time: 0.128(0.12778/step) :: Entropy : 0.000 :: Grads : []
870 :: Rewards -69.047 :: steps: 1.00 :: Time: 0.098(0.09773/step) :: Entropy : 0.000 :: Grads : []
880 :: Rewards -72.232 :: steps: 1.00 :: Time: 0.101(0.10138/step) :: Entropy : 0.000 :: Grads : []
890 :: Rewards -73.617 :: steps: 1.00 :: Time: 0.137(0.13748/step) :: Entropy : 0.000 :: Grads : []
900 :: Rewards -73.928 :: steps: 1.00 :: Time: 0.101(0.10116/step) :: Entropy : 0.000 :: Grads : []
910 :: Rewards -74.991 :: steps: 1.00 :: Time: 0.099(0.09905/step) :: Entropy : 0.000 :: Grads : []
920 :: Rewards -75.553 :: steps: 1.00 :: Time: 0.134(0.13363/step) :: Entropy : 0.000 :: Grads : []
930 :: Rewards -75.876 :: steps: 1.00 :: Time: 0.103(0.10287/step) :: Entropy : 0.000 :: Grads : []
940 :: Rewards -75.876 :: steps: 1.00 :: Time: 0.104(0.10439/step) :: Entropy : 0.000 :: Grads : []
950 :: Rewards -76.216 :: steps: 1.00 :: Time: 0.144(0.14361/step) :: Entropy : 0.000 :: Grads : []
960 :: Rewards -76.437 :: steps: 1.00 :: Time: 0.109(0.10866/step) :: Entropy : 0.000 :: Grads : []
970 :: Rewards -76.564 :: steps: 1.00 :: Time: 0.111(0.11146/step) :: Entropy : 0.000 :: Grads : []
980 :: Rewards -76.673 :: steps: 1.00 :: Time: 0.151(0.15136/step) :: Entropy : 0.000 :: Grads : []
990 :: Rewards -76.673 :: steps: 1.00 :: Time: 0.115(0.11476/step) :: Entropy : 0.000 :: Grads : []
999 :: Rewards -76.791 :: steps: 0.90 :: Time: 0.117(0.13025/step) :: Entropy : 0.000 :: Grads : []
Total time taken: 58.57976794242859
