Module path:  Environments.NS_Reco NS_Reco
Dynamically loaded from:  <class 'Environments.NS_Reco.NS_Reco'>
Reward Amplitudes: [4.17022005e-01 7.20324493e-01 1.14374817e-04 3.02332573e-01
 1.46755891e-01] :: Avg 0.317309867282206 
Module path:  Src.Algorithms.ProOLS ProOLS
Dynamically loaded from:  <class 'Src.Algorithms.ProOLS.ProOLS'>
=====Configurations=====
 Namespace(NN_basis_dim='32', Policy_basis_dim='32', actor_lr=0.002855902814944507, algo_name='ProOLS', base=0, batch_size=1000, buffer_size=1000, debug=False, delta=1, entropy_lambda=0.053752942888962034, env_name='NS_Reco', experiment='NS_2r_', extrapolator_basis='Fourier', folder_suffix='Default', fourier_coupled=True, fourier_k=7, fourier_order=3, gamma=0.99, gauss_std=1.5, gpu=0, hyper='default', importance_clip=5.0, inc=1, log_output='term_file', max_episodes=1000, max_inner=30, max_steps=500, optim='rmsprop', oracle=-1, raw_basis=True, restore=False, save_count=100, save_model=True, seed=4, speed=2, state_lr=0.001, summary=True, swarm=False, timestamp='5|25|11:15:29')
Actions space: 5 :: State space: 1
State Low: tensor([0.]) :: State High: tensor([1.])
State features:  [('dummy_param', torch.Size([1]))]
Policy:  [('fc1.weight', torch.Size([5, 1])), ('fc1.bias', torch.Size([5]))]
0 :: Rewards 0.000 :: steps: 0.10 :: Time: 0.000(0.00055/step) :: Entropy : 0.000 :: Grads : []
10 :: Rewards -0.164 :: steps: 1.00 :: Time: 0.005(0.00535/step) :: Entropy : 0.000 :: Grads : []
20 :: Rewards -0.461 :: steps: 1.00 :: Time: 0.013(0.01267/step) :: Entropy : 0.000 :: Grads : []
30 :: Rewards -1.042 :: steps: 1.00 :: Time: 0.013(0.01306/step) :: Entropy : 0.000 :: Grads : []
40 :: Rewards -1.577 :: steps: 1.00 :: Time: 0.013(0.01273/step) :: Entropy : 0.000 :: Grads : []
50 :: Rewards -1.577 :: steps: 1.00 :: Time: 0.013(0.01286/step) :: Entropy : 0.000 :: Grads : []
60 :: Rewards -2.007 :: steps: 1.00 :: Time: 0.013(0.01297/step) :: Entropy : 0.000 :: Grads : []
70 :: Rewards -2.838 :: steps: 1.00 :: Time: 0.013(0.01304/step) :: Entropy : 0.000 :: Grads : []
80 :: Rewards -3.243 :: steps: 1.00 :: Time: 0.013(0.01318/step) :: Entropy : 0.000 :: Grads : []
90 :: Rewards -3.243 :: steps: 1.00 :: Time: 0.014(0.01425/step) :: Entropy : 0.000 :: Grads : []
100 :: Rewards -3.503 :: steps: 1.00 :: Time: 0.014(0.01368/step) :: Entropy : 0.000 :: Grads : []
110 :: Rewards -4.572 :: steps: 1.00 :: Time: 0.014(0.01364/step) :: Entropy : 0.000 :: Grads : []
120 :: Rewards -6.006 :: steps: 1.00 :: Time: 0.014(0.01361/step) :: Entropy : 0.000 :: Grads : []
130 :: Rewards -6.583 :: steps: 1.00 :: Time: 0.014(0.01378/step) :: Entropy : 0.000 :: Grads : []
140 :: Rewards -6.583 :: steps: 1.00 :: Time: 0.016(0.01557/step) :: Entropy : 0.000 :: Grads : []
150 :: Rewards -6.583 :: steps: 1.00 :: Time: 0.017(0.01678/step) :: Entropy : 0.000 :: Grads : []
160 :: Rewards -6.583 :: steps: 1.00 :: Time: 0.015(0.01496/step) :: Entropy : 0.000 :: Grads : []
170 :: Rewards -6.583 :: steps: 1.00 :: Time: 0.014(0.01445/step) :: Entropy : 0.000 :: Grads : []
180 :: Rewards -6.583 :: steps: 1.00 :: Time: 0.018(0.01788/step) :: Entropy : 0.000 :: Grads : []
190 :: Rewards -6.583 :: steps: 1.00 :: Time: 0.016(0.01639/step) :: Entropy : 0.000 :: Grads : []
200 :: Rewards -6.583 :: steps: 1.00 :: Time: 0.015(0.01481/step) :: Entropy : 0.000 :: Grads : []
210 :: Rewards -6.583 :: steps: 1.00 :: Time: 0.015(0.01498/step) :: Entropy : 0.000 :: Grads : []
220 :: Rewards -6.583 :: steps: 1.00 :: Time: 0.015(0.01509/step) :: Entropy : 0.000 :: Grads : []
230 :: Rewards -6.583 :: steps: 1.00 :: Time: 0.016(0.01557/step) :: Entropy : 0.000 :: Grads : []
240 :: Rewards -6.583 :: steps: 1.00 :: Time: 0.016(0.01590/step) :: Entropy : 0.000 :: Grads : []
250 :: Rewards -6.583 :: steps: 1.00 :: Time: 0.015(0.01529/step) :: Entropy : 0.000 :: Grads : []
260 :: Rewards -6.583 :: steps: 1.00 :: Time: 0.016(0.01592/step) :: Entropy : 0.000 :: Grads : []
270 :: Rewards -6.583 :: steps: 1.00 :: Time: 0.016(0.01586/step) :: Entropy : 0.000 :: Grads : []
280 :: Rewards -6.583 :: steps: 1.00 :: Time: 0.016(0.01611/step) :: Entropy : 0.000 :: Grads : []
290 :: Rewards -6.583 :: steps: 1.00 :: Time: 0.016(0.01602/step) :: Entropy : 0.000 :: Grads : []
300 :: Rewards -6.583 :: steps: 1.00 :: Time: 0.016(0.01614/step) :: Entropy : 0.000 :: Grads : []
310 :: Rewards -6.583 :: steps: 1.00 :: Time: 0.016(0.01632/step) :: Entropy : 0.000 :: Grads : []
320 :: Rewards -6.583 :: steps: 1.00 :: Time: 0.016(0.01643/step) :: Entropy : 0.000 :: Grads : []
330 :: Rewards -6.583 :: steps: 1.00 :: Time: 0.018(0.01770/step) :: Entropy : 0.000 :: Grads : []
340 :: Rewards -6.583 :: steps: 1.00 :: Time: 0.017(0.01697/step) :: Entropy : 0.000 :: Grads : []
350 :: Rewards -6.583 :: steps: 1.00 :: Time: 0.017(0.01725/step) :: Entropy : 0.000 :: Grads : []
360 :: Rewards -6.583 :: steps: 1.00 :: Time: 0.017(0.01743/step) :: Entropy : 0.000 :: Grads : []
370 :: Rewards -6.746 :: steps: 1.00 :: Time: 0.018(0.01761/step) :: Entropy : 0.000 :: Grads : []
380 :: Rewards -7.294 :: steps: 1.00 :: Time: 0.018(0.01770/step) :: Entropy : 0.000 :: Grads : []
390 :: Rewards -8.296 :: steps: 1.00 :: Time: 0.018(0.01799/step) :: Entropy : 0.000 :: Grads : []
400 :: Rewards -9.556 :: steps: 1.00 :: Time: 0.018(0.01816/step) :: Entropy : 0.000 :: Grads : []
410 :: Rewards -11.160 :: steps: 1.00 :: Time: 0.018(0.01822/step) :: Entropy : 0.000 :: Grads : []
420 :: Rewards -12.995 :: steps: 1.00 :: Time: 0.019(0.01884/step) :: Entropy : 0.000 :: Grads : []
430 :: Rewards -14.266 :: steps: 1.00 :: Time: 0.019(0.01881/step) :: Entropy : 0.000 :: Grads : []
440 :: Rewards -15.160 :: steps: 1.00 :: Time: 0.019(0.01890/step) :: Entropy : 0.000 :: Grads : []
450 :: Rewards -15.755 :: steps: 1.00 :: Time: 0.019(0.01904/step) :: Entropy : 0.000 :: Grads : []
460 :: Rewards -16.139 :: steps: 1.00 :: Time: 0.019(0.01911/step) :: Entropy : 0.000 :: Grads : []
470 :: Rewards -16.286 :: steps: 1.00 :: Time: 0.019(0.01918/step) :: Entropy : 0.000 :: Grads : []
480 :: Rewards -16.669 :: steps: 1.00 :: Time: 0.019(0.01929/step) :: Entropy : 0.000 :: Grads : []
490 :: Rewards -17.015 :: steps: 1.00 :: Time: 0.019(0.01941/step) :: Entropy : 0.000 :: Grads : []
500 :: Rewards -17.310 :: steps: 1.00 :: Time: 0.020(0.01976/step) :: Entropy : 0.000 :: Grads : []
510 :: Rewards -17.447 :: steps: 1.00 :: Time: 0.020(0.01982/step) :: Entropy : 0.000 :: Grads : []
520 :: Rewards -18.060 :: steps: 1.00 :: Time: 0.020(0.01995/step) :: Entropy : 0.000 :: Grads : []
530 :: Rewards -18.168 :: steps: 1.00 :: Time: 0.020(0.02009/step) :: Entropy : 0.000 :: Grads : []
540 :: Rewards -18.390 :: steps: 1.00 :: Time: 0.020(0.02004/step) :: Entropy : 0.000 :: Grads : []
550 :: Rewards -18.748 :: steps: 1.00 :: Time: 0.020(0.02018/step) :: Entropy : 0.000 :: Grads : []
560 :: Rewards -19.405 :: steps: 1.00 :: Time: 0.020(0.02036/step) :: Entropy : 0.000 :: Grads : []
570 :: Rewards -19.603 :: steps: 1.00 :: Time: 0.025(0.02485/step) :: Entropy : 0.000 :: Grads : []
580 :: Rewards -19.900 :: steps: 1.00 :: Time: 0.024(0.02375/step) :: Entropy : 0.000 :: Grads : []
590 :: Rewards -20.091 :: steps: 1.00 :: Time: 0.021(0.02081/step) :: Entropy : 0.000 :: Grads : []
600 :: Rewards -21.758 :: steps: 1.00 :: Time: 0.021(0.02084/step) :: Entropy : 0.000 :: Grads : []
610 :: Rewards -21.847 :: steps: 1.00 :: Time: 0.021(0.02096/step) :: Entropy : 0.000 :: Grads : []
620 :: Rewards -21.974 :: steps: 1.00 :: Time: 0.021(0.02089/step) :: Entropy : 0.000 :: Grads : []
630 :: Rewards -23.017 :: steps: 1.00 :: Time: 0.021(0.02092/step) :: Entropy : 0.000 :: Grads : []
640 :: Rewards -24.000 :: steps: 1.00 :: Time: 0.019(0.01934/step) :: Entropy : 0.000 :: Grads : []
650 :: Rewards -24.951 :: steps: 1.00 :: Time: 0.020(0.01962/step) :: Entropy : 0.000 :: Grads : []
660 :: Rewards -25.229 :: steps: 1.00 :: Time: 0.019(0.01936/step) :: Entropy : 0.000 :: Grads : []
670 :: Rewards -25.315 :: steps: 1.00 :: Time: 0.020(0.01951/step) :: Entropy : 0.000 :: Grads : []
680 :: Rewards -25.626 :: steps: 1.00 :: Time: 0.021(0.02058/step) :: Entropy : 0.000 :: Grads : []
690 :: Rewards -25.688 :: steps: 1.00 :: Time: 0.020(0.01986/step) :: Entropy : 0.000 :: Grads : []
700 :: Rewards -26.167 :: steps: 1.00 :: Time: 0.020(0.02000/step) :: Entropy : 0.000 :: Grads : []
710 :: Rewards -26.608 :: steps: 1.00 :: Time: 0.020(0.02020/step) :: Entropy : 0.000 :: Grads : []
720 :: Rewards -26.625 :: steps: 1.00 :: Time: 0.021(0.02088/step) :: Entropy : 0.000 :: Grads : []
730 :: Rewards -27.513 :: steps: 1.00 :: Time: 0.023(0.02300/step) :: Entropy : 0.000 :: Grads : []
740 :: Rewards -27.546 :: steps: 1.00 :: Time: 0.021(0.02100/step) :: Entropy : 0.000 :: Grads : []
750 :: Rewards -27.585 :: steps: 1.00 :: Time: 0.021(0.02053/step) :: Entropy : 0.000 :: Grads : []
760 :: Rewards -27.972 :: steps: 1.00 :: Time: 0.025(0.02535/step) :: Entropy : 0.000 :: Grads : []
770 :: Rewards -29.586 :: steps: 1.00 :: Time: 0.021(0.02082/step) :: Entropy : 0.000 :: Grads : []
780 :: Rewards -31.457 :: steps: 1.00 :: Time: 0.022(0.02167/step) :: Entropy : 0.000 :: Grads : []
790 :: Rewards -32.880 :: steps: 1.00 :: Time: 0.021(0.02139/step) :: Entropy : 0.000 :: Grads : []
800 :: Rewards -34.152 :: steps: 1.00 :: Time: 0.021(0.02143/step) :: Entropy : 0.000 :: Grads : []
810 :: Rewards -35.056 :: steps: 1.00 :: Time: 0.022(0.02193/step) :: Entropy : 0.000 :: Grads : []
820 :: Rewards -35.233 :: steps: 1.00 :: Time: 0.022(0.02232/step) :: Entropy : 0.000 :: Grads : []
830 :: Rewards -35.863 :: steps: 1.00 :: Time: 0.023(0.02279/step) :: Entropy : 0.000 :: Grads : []
840 :: Rewards -36.511 :: steps: 1.00 :: Time: 0.023(0.02283/step) :: Entropy : 0.000 :: Grads : []
850 :: Rewards -36.878 :: steps: 1.00 :: Time: 0.023(0.02291/step) :: Entropy : 0.000 :: Grads : []
860 :: Rewards -37.151 :: steps: 1.00 :: Time: 0.023(0.02272/step) :: Entropy : 0.000 :: Grads : []
870 :: Rewards -38.185 :: steps: 1.00 :: Time: 0.023(0.02296/step) :: Entropy : 0.000 :: Grads : []
880 :: Rewards -38.275 :: steps: 1.00 :: Time: 0.023(0.02270/step) :: Entropy : 0.000 :: Grads : []
890 :: Rewards -39.097 :: steps: 1.00 :: Time: 0.023(0.02276/step) :: Entropy : 0.000 :: Grads : []
900 :: Rewards -39.967 :: steps: 1.00 :: Time: 0.023(0.02302/step) :: Entropy : 0.000 :: Grads : []
910 :: Rewards -42.160 :: steps: 1.00 :: Time: 0.025(0.02483/step) :: Entropy : 0.000 :: Grads : []
920 :: Rewards -44.168 :: steps: 1.00 :: Time: 0.026(0.02635/step) :: Entropy : 0.000 :: Grads : []
930 :: Rewards -46.634 :: steps: 1.00 :: Time: 0.026(0.02621/step) :: Entropy : 0.000 :: Grads : []
940 :: Rewards -49.776 :: steps: 1.00 :: Time: 0.033(0.03326/step) :: Entropy : 0.000 :: Grads : []
950 :: Rewards -53.441 :: steps: 1.00 :: Time: 0.024(0.02444/step) :: Entropy : 0.000 :: Grads : []
960 :: Rewards -57.345 :: steps: 1.00 :: Time: 0.025(0.02486/step) :: Entropy : 0.000 :: Grads : []
970 :: Rewards -61.506 :: steps: 1.00 :: Time: 0.024(0.02414/step) :: Entropy : 0.000 :: Grads : []
980 :: Rewards -66.554 :: steps: 1.00 :: Time: 0.024(0.02371/step) :: Entropy : 0.000 :: Grads : []
990 :: Rewards -71.637 :: steps: 1.00 :: Time: 0.025(0.02476/step) :: Entropy : 0.000 :: Grads : []
999 :: Rewards -76.695 :: steps: 0.90 :: Time: 0.022(0.02393/step) :: Entropy : 0.000 :: Grads : []
Total time taken: 19.114667177200317
