Module path:  Environments.NS_Reco NS_Reco
Dynamically loaded from:  <class 'Environments.NS_Reco.NS_Reco'>
Reward Amplitudes: [4.17022005e-01 7.20324493e-01 1.14374817e-04 3.02332573e-01
 1.46755891e-01] :: Avg 0.317309867282206 
Module path:  Src.Algorithms.ProOLS ProOLS
Dynamically loaded from:  <class 'Src.Algorithms.ProOLS.ProOLS'>
=====Configurations=====
 Namespace(NN_basis_dim='32', Policy_basis_dim='32', actor_lr=0.006528973986480399, algo_name='ProOLS', base=0, batch_size=1000, buffer_size=1000, debug=False, delta=1, entropy_lambda=0.03442646767804006, env_name='NS_Reco', experiment='NS_3_', extrapolator_basis='Fourier', folder_suffix='Default', fourier_coupled=True, fourier_k=7, fourier_order=3, gamma=0.99, gauss_std=1.5, gpu=0, hyper='default', importance_clip=5.0, inc=1, log_output='term_file', max_episodes=1000, max_inner=30, max_steps=500, optim='rmsprop', oracle=-1, raw_basis=True, restore=False, save_count=100, save_model=True, seed=1, speed=3, state_lr=0.001, summary=True, swarm=False, timestamp='5|24|22:6:18')
Actions space: 5 :: State space: 1
State Low: tensor([0.]) :: State High: tensor([1.])
State features:  [('dummy_param', torch.Size([1]))]
Policy:  [('fc1.weight', torch.Size([5, 1])), ('fc1.bias', torch.Size([5]))]
0 :: Rewards -0.007 :: steps: 0.10 :: Time: 0.000(0.00059/step) :: Entropy : 0.000 :: Grads : []
10 :: Rewards 0.196 :: steps: 1.00 :: Time: 0.006(0.00561/step) :: Entropy : 0.000 :: Grads : []
20 :: Rewards 1.095 :: steps: 1.00 :: Time: 0.013(0.01340/step) :: Entropy : 0.000 :: Grads : []
30 :: Rewards 2.946 :: steps: 1.00 :: Time: 0.014(0.01363/step) :: Entropy : 0.000 :: Grads : []
40 :: Rewards 5.626 :: steps: 1.00 :: Time: 0.013(0.01317/step) :: Entropy : 0.000 :: Grads : []
50 :: Rewards 8.987 :: steps: 1.00 :: Time: 0.013(0.01327/step) :: Entropy : 0.000 :: Grads : []
60 :: Rewards 13.023 :: steps: 1.00 :: Time: 0.013(0.01339/step) :: Entropy : 0.000 :: Grads : []
70 :: Rewards 17.667 :: steps: 1.00 :: Time: 0.013(0.01348/step) :: Entropy : 0.000 :: Grads : []
80 :: Rewards 22.882 :: steps: 1.00 :: Time: 0.014(0.01371/step) :: Entropy : 0.000 :: Grads : []
90 :: Rewards 28.587 :: steps: 1.00 :: Time: 0.014(0.01380/step) :: Entropy : 0.000 :: Grads : []
100 :: Rewards 34.729 :: steps: 1.00 :: Time: 0.014(0.01385/step) :: Entropy : 0.000 :: Grads : []
110 :: Rewards 41.257 :: steps: 1.00 :: Time: 0.014(0.01395/step) :: Entropy : 0.000 :: Grads : []
120 :: Rewards 48.062 :: steps: 1.00 :: Time: 0.014(0.01404/step) :: Entropy : 0.000 :: Grads : []
130 :: Rewards 55.082 :: steps: 1.00 :: Time: 0.014(0.01424/step) :: Entropy : 0.000 :: Grads : []
140 :: Rewards 62.237 :: steps: 1.00 :: Time: 0.014(0.01434/step) :: Entropy : 0.000 :: Grads : []
150 :: Rewards 69.428 :: steps: 1.00 :: Time: 0.014(0.01445/step) :: Entropy : 0.000 :: Grads : []
160 :: Rewards 76.626 :: steps: 1.00 :: Time: 0.015(0.01456/step) :: Entropy : 0.000 :: Grads : []
170 :: Rewards 83.662 :: steps: 1.00 :: Time: 0.015(0.01466/step) :: Entropy : 0.000 :: Grads : []
180 :: Rewards 90.491 :: steps: 1.00 :: Time: 0.015(0.01547/step) :: Entropy : 0.000 :: Grads : []
190 :: Rewards 97.081 :: steps: 1.00 :: Time: 0.016(0.01561/step) :: Entropy : 0.000 :: Grads : []
200 :: Rewards 103.319 :: steps: 1.00 :: Time: 0.015(0.01501/step) :: Entropy : 0.000 :: Grads : []
210 :: Rewards 109.115 :: steps: 1.00 :: Time: 0.015(0.01525/step) :: Entropy : 0.000 :: Grads : []
220 :: Rewards 114.429 :: steps: 1.00 :: Time: 0.015(0.01520/step) :: Entropy : 0.000 :: Grads : []
230 :: Rewards 119.144 :: steps: 1.00 :: Time: 0.015(0.01530/step) :: Entropy : 0.000 :: Grads : []
240 :: Rewards 123.309 :: steps: 1.00 :: Time: 0.015(0.01532/step) :: Entropy : 0.000 :: Grads : []
250 :: Rewards 126.819 :: steps: 1.00 :: Time: 0.015(0.01533/step) :: Entropy : 0.000 :: Grads : []
260 :: Rewards 129.620 :: steps: 1.00 :: Time: 0.016(0.01585/step) :: Entropy : 0.000 :: Grads : []
270 :: Rewards 131.697 :: steps: 1.00 :: Time: 0.016(0.01610/step) :: Entropy : 0.000 :: Grads : []
280 :: Rewards 133.040 :: steps: 1.00 :: Time: 0.016(0.01616/step) :: Entropy : 0.000 :: Grads : []
290 :: Rewards 134.362 :: steps: 1.00 :: Time: 0.016(0.01631/step) :: Entropy : 0.000 :: Grads : []
300 :: Rewards 136.427 :: steps: 1.00 :: Time: 0.016(0.01626/step) :: Entropy : 0.000 :: Grads : []
310 :: Rewards 138.450 :: steps: 1.00 :: Time: 0.017(0.01653/step) :: Entropy : 0.000 :: Grads : []
320 :: Rewards 140.179 :: steps: 1.00 :: Time: 0.017(0.01667/step) :: Entropy : 0.000 :: Grads : []
330 :: Rewards 141.769 :: steps: 1.00 :: Time: 0.017(0.01709/step) :: Entropy : 0.000 :: Grads : []
340 :: Rewards 143.098 :: steps: 1.00 :: Time: 0.017(0.01730/step) :: Entropy : 0.000 :: Grads : []
350 :: Rewards 144.111 :: steps: 1.00 :: Time: 0.017(0.01743/step) :: Entropy : 0.000 :: Grads : []
360 :: Rewards 144.745 :: steps: 1.00 :: Time: 0.018(0.01757/step) :: Entropy : 0.000 :: Grads : []
370 :: Rewards 145.218 :: steps: 1.00 :: Time: 0.018(0.01774/step) :: Entropy : 0.000 :: Grads : []
380 :: Rewards 144.209 :: steps: 1.00 :: Time: 0.018(0.01796/step) :: Entropy : 0.000 :: Grads : []
390 :: Rewards 143.628 :: steps: 1.00 :: Time: 0.018(0.01810/step) :: Entropy : 0.000 :: Grads : []
400 :: Rewards 143.587 :: steps: 1.00 :: Time: 0.018(0.01818/step) :: Entropy : 0.000 :: Grads : []
410 :: Rewards 143.838 :: steps: 1.00 :: Time: 0.018(0.01846/step) :: Entropy : 0.000 :: Grads : []
420 :: Rewards 144.196 :: steps: 1.00 :: Time: 0.019(0.01911/step) :: Entropy : 0.000 :: Grads : []
430 :: Rewards 144.836 :: steps: 1.00 :: Time: 0.019(0.01905/step) :: Entropy : 0.000 :: Grads : []
440 :: Rewards 145.323 :: steps: 1.00 :: Time: 0.019(0.01914/step) :: Entropy : 0.000 :: Grads : []
450 :: Rewards 144.968 :: steps: 1.00 :: Time: 0.019(0.01927/step) :: Entropy : 0.000 :: Grads : []
460 :: Rewards 143.622 :: steps: 1.00 :: Time: 0.019(0.01938/step) :: Entropy : 0.000 :: Grads : []
470 :: Rewards 143.888 :: steps: 1.00 :: Time: 0.019(0.01947/step) :: Entropy : 0.000 :: Grads : []
480 :: Rewards 143.195 :: steps: 1.00 :: Time: 0.020(0.01969/step) :: Entropy : 0.000 :: Grads : []
490 :: Rewards 143.227 :: steps: 1.00 :: Time: 0.020(0.01973/step) :: Entropy : 0.000 :: Grads : []
500 :: Rewards 142.889 :: steps: 1.00 :: Time: 0.020(0.01987/step) :: Entropy : 0.000 :: Grads : []
510 :: Rewards 142.805 :: steps: 1.00 :: Time: 0.020(0.01998/step) :: Entropy : 0.000 :: Grads : []
520 :: Rewards 142.275 :: steps: 1.00 :: Time: 0.020(0.02035/step) :: Entropy : 0.000 :: Grads : []
530 :: Rewards 141.476 :: steps: 1.00 :: Time: 0.021(0.02061/step) :: Entropy : 0.000 :: Grads : []
540 :: Rewards 140.482 :: steps: 1.00 :: Time: 0.021(0.02052/step) :: Entropy : 0.000 :: Grads : []
550 :: Rewards 139.459 :: steps: 1.00 :: Time: 0.021(0.02053/step) :: Entropy : 0.000 :: Grads : []
560 :: Rewards 138.608 :: steps: 1.00 :: Time: 0.021(0.02057/step) :: Entropy : 0.000 :: Grads : []
570 :: Rewards 138.614 :: steps: 1.00 :: Time: 0.021(0.02071/step) :: Entropy : 0.000 :: Grads : []
580 :: Rewards 137.764 :: steps: 1.00 :: Time: 0.021(0.02085/step) :: Entropy : 0.000 :: Grads : []
590 :: Rewards 137.629 :: steps: 1.00 :: Time: 0.021(0.02108/step) :: Entropy : 0.000 :: Grads : []
600 :: Rewards 137.534 :: steps: 1.00 :: Time: 0.021(0.02111/step) :: Entropy : 0.000 :: Grads : []
610 :: Rewards 136.963 :: steps: 1.00 :: Time: 0.021(0.02112/step) :: Entropy : 0.000 :: Grads : []
620 :: Rewards 137.004 :: steps: 1.00 :: Time: 0.021(0.02126/step) :: Entropy : 0.000 :: Grads : []
630 :: Rewards 138.074 :: steps: 1.00 :: Time: 0.021(0.02134/step) :: Entropy : 0.000 :: Grads : []
640 :: Rewards 141.725 :: steps: 1.00 :: Time: 0.021(0.02144/step) :: Entropy : 0.000 :: Grads : []
650 :: Rewards 146.059 :: steps: 1.00 :: Time: 0.022(0.02150/step) :: Entropy : 0.000 :: Grads : []
660 :: Rewards 150.928 :: steps: 1.00 :: Time: 0.022(0.02171/step) :: Entropy : 0.000 :: Grads : []
670 :: Rewards 156.365 :: steps: 1.00 :: Time: 0.022(0.02187/step) :: Entropy : 0.000 :: Grads : []
680 :: Rewards 162.280 :: steps: 1.00 :: Time: 0.022(0.02188/step) :: Entropy : 0.000 :: Grads : []
690 :: Rewards 168.609 :: steps: 1.00 :: Time: 0.022(0.02198/step) :: Entropy : 0.000 :: Grads : []
700 :: Rewards 175.293 :: steps: 1.00 :: Time: 0.022(0.02216/step) :: Entropy : 0.000 :: Grads : []
710 :: Rewards 182.217 :: steps: 1.00 :: Time: 0.022(0.02204/step) :: Entropy : 0.000 :: Grads : []
720 :: Rewards 189.314 :: steps: 1.00 :: Time: 0.022(0.02219/step) :: Entropy : 0.000 :: Grads : []
730 :: Rewards 196.510 :: steps: 1.00 :: Time: 0.022(0.02234/step) :: Entropy : 0.000 :: Grads : []
740 :: Rewards 203.713 :: steps: 1.00 :: Time: 0.022(0.02232/step) :: Entropy : 0.000 :: Grads : []
750 :: Rewards 210.843 :: steps: 1.00 :: Time: 0.022(0.02250/step) :: Entropy : 0.000 :: Grads : []
760 :: Rewards 217.833 :: steps: 1.00 :: Time: 0.023(0.02255/step) :: Entropy : 0.000 :: Grads : []
770 :: Rewards 224.577 :: steps: 1.00 :: Time: 0.023(0.02285/step) :: Entropy : 0.000 :: Grads : []
780 :: Rewards 230.970 :: steps: 1.00 :: Time: 0.023(0.02298/step) :: Entropy : 0.000 :: Grads : []
790 :: Rewards 237.022 :: steps: 1.00 :: Time: 0.023(0.02306/step) :: Entropy : 0.000 :: Grads : []
800 :: Rewards 242.594 :: steps: 1.00 :: Time: 0.023(0.02332/step) :: Entropy : 0.000 :: Grads : []
810 :: Rewards 247.661 :: steps: 1.00 :: Time: 0.023(0.02347/step) :: Entropy : 0.000 :: Grads : []
820 :: Rewards 252.142 :: steps: 1.00 :: Time: 0.024(0.02381/step) :: Entropy : 0.000 :: Grads : []
830 :: Rewards 256.008 :: steps: 1.00 :: Time: 0.024(0.02355/step) :: Entropy : 0.000 :: Grads : []
840 :: Rewards 259.237 :: steps: 1.00 :: Time: 0.023(0.02348/step) :: Entropy : 0.000 :: Grads : []
850 :: Rewards 261.745 :: steps: 1.00 :: Time: 0.023(0.02346/step) :: Entropy : 0.000 :: Grads : []
860 :: Rewards 263.518 :: steps: 1.00 :: Time: 0.024(0.02378/step) :: Entropy : 0.000 :: Grads : []
870 :: Rewards 264.668 :: steps: 1.00 :: Time: 0.024(0.02387/step) :: Entropy : 0.000 :: Grads : []
880 :: Rewards 267.409 :: steps: 1.00 :: Time: 0.024(0.02376/step) :: Entropy : 0.000 :: Grads : []
890 :: Rewards 270.911 :: steps: 1.00 :: Time: 0.024(0.02391/step) :: Entropy : 0.000 :: Grads : []
900 :: Rewards 274.602 :: steps: 1.00 :: Time: 0.024(0.02415/step) :: Entropy : 0.000 :: Grads : []
910 :: Rewards 278.439 :: steps: 1.00 :: Time: 0.024(0.02414/step) :: Entropy : 0.000 :: Grads : []
920 :: Rewards 282.398 :: steps: 1.00 :: Time: 0.024(0.02443/step) :: Entropy : 0.000 :: Grads : []
930 :: Rewards 286.462 :: steps: 1.00 :: Time: 0.024(0.02445/step) :: Entropy : 0.000 :: Grads : []
940 :: Rewards 290.595 :: steps: 1.00 :: Time: 0.025(0.02465/step) :: Entropy : 0.000 :: Grads : []
950 :: Rewards 294.760 :: steps: 1.00 :: Time: 0.025(0.02474/step) :: Entropy : 0.000 :: Grads : []
960 :: Rewards 298.935 :: steps: 1.00 :: Time: 0.025(0.02468/step) :: Entropy : 0.000 :: Grads : []
970 :: Rewards 303.096 :: steps: 1.00 :: Time: 0.025(0.02497/step) :: Entropy : 0.000 :: Grads : []
980 :: Rewards 307.185 :: steps: 1.00 :: Time: 0.025(0.02495/step) :: Entropy : 0.000 :: Grads : []
990 :: Rewards 311.198 :: steps: 1.00 :: Time: 0.025(0.02512/step) :: Entropy : 0.000 :: Grads : []
999 :: Rewards 314.714 :: steps: 0.90 :: Time: 0.023(0.02522/step) :: Entropy : 0.000 :: Grads : []
Total time taken: 19.362319946289062
