Module path:  Environments.NS_Reco NS_Reco
Dynamically loaded from:  <class 'Environments.NS_Reco.NS_Reco'>
Reward Amplitudes: [4.17022005e-01 7.20324493e-01 1.14374817e-04 3.02332573e-01
 1.46755891e-01] :: Avg 0.317309867282206 
Module path:  Src.Algorithms.OFPG OFPG
Dynamically loaded from:  <class 'Src.Algorithms.OFPG.OFPG'>
=====Configurations=====
 Namespace(NN_basis_dim='32', Policy_basis_dim='32', actor_lr=0.0008539732050307968, algo_name='OFPG', base=0, batch_size=1000, buffer_size=1000, debug=False, delta=1, entropy_lambda=0.042883020256458786, env_name='NS_Reco', experiment='NS_0r_', extrapolator_basis='Fourier', folder_suffix='Default', fourier_coupled=True, fourier_k=7, fourier_order=3, gamma=0.99, gauss_std=1.5, gpu=0, hyper='default', importance_clip=15.0, inc=1, log_output='term_file', max_episodes=1000, max_inner=20, max_steps=500, optim='rmsprop', oracle=-1, raw_basis=True, restore=False, save_count=100, save_model=True, seed=24, speed=0, state_lr=0.001, summary=True, swarm=False, timestamp='5|25|12:0:25')
Actions space: 5 :: State space: 1
State Low: tensor([0.]) :: State High: tensor([1.])
State features:  [('dummy_param', torch.Size([1]))]
Policy:  [('fc1.weight', torch.Size([5, 1])), ('fc1.bias', torch.Size([5]))]
0 :: Rewards -0.571 :: steps: 0.10 :: Time: 0.001(0.01036/step) :: Entropy : 0.000 :: Grads : []
10 :: Rewards -5.153 :: steps: 1.00 :: Time: 0.009(0.00853/step) :: Entropy : 0.000 :: Grads : []
20 :: Rewards -8.984 :: steps: 1.00 :: Time: 0.009(0.00880/step) :: Entropy : 0.000 :: Grads : []
30 :: Rewards -11.785 :: steps: 1.00 :: Time: 0.009(0.00893/step) :: Entropy : 0.000 :: Grads : []
40 :: Rewards -13.674 :: steps: 1.00 :: Time: 0.009(0.00856/step) :: Entropy : 0.000 :: Grads : []
50 :: Rewards -13.674 :: steps: 1.00 :: Time: 0.009(0.00874/step) :: Entropy : 0.000 :: Grads : []
60 :: Rewards -15.816 :: steps: 1.00 :: Time: 0.009(0.00879/step) :: Entropy : 0.000 :: Grads : []
70 :: Rewards -16.227 :: steps: 1.00 :: Time: 0.009(0.00877/step) :: Entropy : 0.000 :: Grads : []
80 :: Rewards -17.057 :: steps: 1.00 :: Time: 0.009(0.00892/step) :: Entropy : 0.000 :: Grads : []
90 :: Rewards -17.622 :: steps: 1.00 :: Time: 0.009(0.00904/step) :: Entropy : 0.000 :: Grads : []
100 :: Rewards -17.622 :: steps: 1.00 :: Time: 0.009(0.00916/step) :: Entropy : 0.000 :: Grads : []
110 :: Rewards -18.334 :: steps: 1.00 :: Time: 0.009(0.00916/step) :: Entropy : 0.000 :: Grads : []
120 :: Rewards -18.334 :: steps: 1.00 :: Time: 0.009(0.00936/step) :: Entropy : 0.000 :: Grads : []
130 :: Rewards -18.334 :: steps: 1.00 :: Time: 0.009(0.00942/step) :: Entropy : 0.000 :: Grads : []
140 :: Rewards -18.334 :: steps: 1.00 :: Time: 0.010(0.00951/step) :: Entropy : 0.000 :: Grads : []
150 :: Rewards -18.334 :: steps: 1.00 :: Time: 0.010(0.00965/step) :: Entropy : 0.000 :: Grads : []
160 :: Rewards -18.334 :: steps: 1.00 :: Time: 0.010(0.00987/step) :: Entropy : 0.000 :: Grads : []
170 :: Rewards -18.334 :: steps: 1.00 :: Time: 0.010(0.01000/step) :: Entropy : 0.000 :: Grads : []
180 :: Rewards -18.334 :: steps: 1.00 :: Time: 0.010(0.00996/step) :: Entropy : 0.000 :: Grads : []
190 :: Rewards -18.334 :: steps: 1.00 :: Time: 0.010(0.00997/step) :: Entropy : 0.000 :: Grads : []
200 :: Rewards -18.334 :: steps: 1.00 :: Time: 0.010(0.01023/step) :: Entropy : 0.000 :: Grads : []
210 :: Rewards -18.334 :: steps: 1.00 :: Time: 0.010(0.01033/step) :: Entropy : 0.000 :: Grads : []
220 :: Rewards -18.334 :: steps: 1.00 :: Time: 0.010(0.01038/step) :: Entropy : 0.000 :: Grads : []
230 :: Rewards -18.334 :: steps: 1.00 :: Time: 0.010(0.01043/step) :: Entropy : 0.000 :: Grads : []
240 :: Rewards -18.334 :: steps: 1.00 :: Time: 0.010(0.01041/step) :: Entropy : 0.000 :: Grads : []
250 :: Rewards -18.334 :: steps: 1.00 :: Time: 0.010(0.01048/step) :: Entropy : 0.000 :: Grads : []
260 :: Rewards -18.334 :: steps: 1.00 :: Time: 0.011(0.01082/step) :: Entropy : 0.000 :: Grads : []
270 :: Rewards -18.334 :: steps: 1.00 :: Time: 0.011(0.01094/step) :: Entropy : 0.000 :: Grads : []
280 :: Rewards -18.334 :: steps: 1.00 :: Time: 0.011(0.01094/step) :: Entropy : 0.000 :: Grads : []
290 :: Rewards -18.334 :: steps: 1.00 :: Time: 0.011(0.01110/step) :: Entropy : 0.000 :: Grads : []
300 :: Rewards -18.334 :: steps: 1.00 :: Time: 0.011(0.01129/step) :: Entropy : 0.000 :: Grads : []
310 :: Rewards -18.334 :: steps: 1.00 :: Time: 0.011(0.01145/step) :: Entropy : 0.000 :: Grads : []
320 :: Rewards -18.334 :: steps: 1.00 :: Time: 0.012(0.01177/step) :: Entropy : 0.000 :: Grads : []
330 :: Rewards -18.334 :: steps: 1.00 :: Time: 0.012(0.01166/step) :: Entropy : 0.000 :: Grads : []
340 :: Rewards -18.334 :: steps: 1.00 :: Time: 0.012(0.01192/step) :: Entropy : 0.000 :: Grads : []
350 :: Rewards -18.334 :: steps: 1.00 :: Time: 0.012(0.01181/step) :: Entropy : 0.000 :: Grads : []
360 :: Rewards -18.334 :: steps: 1.00 :: Time: 0.012(0.01187/step) :: Entropy : 0.000 :: Grads : []
370 :: Rewards -18.334 :: steps: 1.00 :: Time: 0.012(0.01219/step) :: Entropy : 0.000 :: Grads : []
380 :: Rewards -18.334 :: steps: 1.00 :: Time: 0.012(0.01195/step) :: Entropy : 0.000 :: Grads : []
390 :: Rewards -18.334 :: steps: 1.00 :: Time: 0.012(0.01227/step) :: Entropy : 0.000 :: Grads : []
400 :: Rewards -18.334 :: steps: 1.00 :: Time: 0.012(0.01211/step) :: Entropy : 0.000 :: Grads : []
410 :: Rewards -18.334 :: steps: 1.00 :: Time: 0.013(0.01254/step) :: Entropy : 0.000 :: Grads : []
420 :: Rewards -18.334 :: steps: 1.00 :: Time: 0.014(0.01352/step) :: Entropy : 0.000 :: Grads : []
430 :: Rewards -18.334 :: steps: 1.00 :: Time: 0.013(0.01344/step) :: Entropy : 0.000 :: Grads : []
440 :: Rewards -18.334 :: steps: 1.00 :: Time: 0.014(0.01375/step) :: Entropy : 0.000 :: Grads : []
450 :: Rewards -18.334 :: steps: 1.00 :: Time: 0.014(0.01407/step) :: Entropy : 0.000 :: Grads : []
460 :: Rewards -18.334 :: steps: 1.00 :: Time: 0.014(0.01427/step) :: Entropy : 0.000 :: Grads : []
470 :: Rewards -18.334 :: steps: 1.00 :: Time: 0.014(0.01431/step) :: Entropy : 0.000 :: Grads : []
480 :: Rewards -18.334 :: steps: 1.00 :: Time: 0.015(0.01468/step) :: Entropy : 0.000 :: Grads : []
490 :: Rewards -18.334 :: steps: 1.00 :: Time: 0.014(0.01440/step) :: Entropy : 0.000 :: Grads : []
500 :: Rewards -18.334 :: steps: 1.00 :: Time: 0.014(0.01447/step) :: Entropy : 0.000 :: Grads : []
510 :: Rewards -18.334 :: steps: 1.00 :: Time: 0.015(0.01456/step) :: Entropy : 0.000 :: Grads : []
520 :: Rewards -18.334 :: steps: 1.00 :: Time: 0.015(0.01495/step) :: Entropy : 0.000 :: Grads : []
530 :: Rewards -18.334 :: steps: 1.00 :: Time: 0.015(0.01516/step) :: Entropy : 0.000 :: Grads : []
540 :: Rewards -18.334 :: steps: 1.00 :: Time: 0.015(0.01515/step) :: Entropy : 0.000 :: Grads : []
550 :: Rewards -18.334 :: steps: 1.00 :: Time: 0.015(0.01533/step) :: Entropy : 0.000 :: Grads : []
560 :: Rewards -18.334 :: steps: 1.00 :: Time: 0.015(0.01537/step) :: Entropy : 0.000 :: Grads : []
570 :: Rewards -18.334 :: steps: 1.00 :: Time: 0.015(0.01546/step) :: Entropy : 0.000 :: Grads : []
580 :: Rewards -18.334 :: steps: 1.00 :: Time: 0.015(0.01544/step) :: Entropy : 0.000 :: Grads : []
590 :: Rewards -18.334 :: steps: 1.00 :: Time: 0.016(0.01579/step) :: Entropy : 0.000 :: Grads : []
600 :: Rewards -18.334 :: steps: 1.00 :: Time: 0.016(0.01571/step) :: Entropy : 0.000 :: Grads : []
610 :: Rewards -18.334 :: steps: 1.00 :: Time: 0.016(0.01572/step) :: Entropy : 0.000 :: Grads : []
620 :: Rewards -18.334 :: steps: 1.00 :: Time: 0.016(0.01581/step) :: Entropy : 0.000 :: Grads : []
630 :: Rewards -18.334 :: steps: 1.00 :: Time: 0.016(0.01606/step) :: Entropy : 0.000 :: Grads : []
640 :: Rewards -18.334 :: steps: 1.00 :: Time: 0.016(0.01614/step) :: Entropy : 0.000 :: Grads : []
650 :: Rewards -18.334 :: steps: 1.00 :: Time: 0.017(0.01655/step) :: Entropy : 0.000 :: Grads : []
660 :: Rewards -18.334 :: steps: 1.00 :: Time: 0.017(0.01712/step) :: Entropy : 0.000 :: Grads : []
670 :: Rewards -18.334 :: steps: 1.00 :: Time: 0.016(0.01617/step) :: Entropy : 0.000 :: Grads : []
680 :: Rewards -18.334 :: steps: 1.00 :: Time: 0.016(0.01644/step) :: Entropy : 0.000 :: Grads : []
690 :: Rewards -18.334 :: steps: 1.00 :: Time: 0.017(0.01686/step) :: Entropy : 0.000 :: Grads : []
700 :: Rewards -18.334 :: steps: 1.00 :: Time: 0.017(0.01701/step) :: Entropy : 0.000 :: Grads : []
710 :: Rewards -18.334 :: steps: 1.00 :: Time: 0.017(0.01666/step) :: Entropy : 0.000 :: Grads : []
720 :: Rewards -18.334 :: steps: 1.00 :: Time: 0.017(0.01702/step) :: Entropy : 0.000 :: Grads : []
730 :: Rewards -18.334 :: steps: 1.00 :: Time: 0.017(0.01703/step) :: Entropy : 0.000 :: Grads : []
740 :: Rewards -18.334 :: steps: 1.00 :: Time: 0.017(0.01735/step) :: Entropy : 0.000 :: Grads : []
750 :: Rewards -18.334 :: steps: 1.00 :: Time: 0.017(0.01732/step) :: Entropy : 0.000 :: Grads : []
760 :: Rewards -18.334 :: steps: 1.00 :: Time: 0.018(0.01782/step) :: Entropy : 0.000 :: Grads : []
770 :: Rewards -18.334 :: steps: 1.00 :: Time: 0.018(0.01758/step) :: Entropy : 0.000 :: Grads : []
780 :: Rewards -18.334 :: steps: 1.00 :: Time: 0.018(0.01777/step) :: Entropy : 0.000 :: Grads : []
790 :: Rewards -18.334 :: steps: 1.00 :: Time: 0.018(0.01785/step) :: Entropy : 0.000 :: Grads : []
800 :: Rewards -18.334 :: steps: 1.00 :: Time: 0.018(0.01808/step) :: Entropy : 0.000 :: Grads : []
810 :: Rewards -18.334 :: steps: 1.00 :: Time: 0.018(0.01820/step) :: Entropy : 0.000 :: Grads : []
820 :: Rewards -18.334 :: steps: 1.00 :: Time: 0.018(0.01843/step) :: Entropy : 0.000 :: Grads : []
830 :: Rewards -18.334 :: steps: 1.00 :: Time: 0.020(0.01982/step) :: Entropy : 0.000 :: Grads : []
840 :: Rewards -18.334 :: steps: 1.00 :: Time: 0.019(0.01912/step) :: Entropy : 0.000 :: Grads : []
850 :: Rewards -18.334 :: steps: 1.00 :: Time: 0.019(0.01862/step) :: Entropy : 0.000 :: Grads : []
860 :: Rewards -18.334 :: steps: 1.00 :: Time: 0.019(0.01890/step) :: Entropy : 0.000 :: Grads : []
870 :: Rewards -18.334 :: steps: 1.00 :: Time: 0.019(0.01916/step) :: Entropy : 0.000 :: Grads : []
880 :: Rewards -18.334 :: steps: 1.00 :: Time: 0.019(0.01912/step) :: Entropy : 0.000 :: Grads : []
890 :: Rewards -18.334 :: steps: 1.00 :: Time: 0.019(0.01915/step) :: Entropy : 0.000 :: Grads : []
900 :: Rewards -18.334 :: steps: 1.00 :: Time: 0.020(0.01959/step) :: Entropy : 0.000 :: Grads : []
910 :: Rewards -18.334 :: steps: 1.00 :: Time: 0.019(0.01936/step) :: Entropy : 0.000 :: Grads : []
920 :: Rewards -18.334 :: steps: 1.00 :: Time: 0.020(0.01961/step) :: Entropy : 0.000 :: Grads : []
930 :: Rewards -18.334 :: steps: 1.00 :: Time: 0.020(0.01962/step) :: Entropy : 0.000 :: Grads : []
940 :: Rewards -18.334 :: steps: 1.00 :: Time: 0.020(0.01964/step) :: Entropy : 0.000 :: Grads : []
950 :: Rewards -18.334 :: steps: 1.00 :: Time: 0.020(0.01956/step) :: Entropy : 0.000 :: Grads : []
960 :: Rewards -18.334 :: steps: 1.00 :: Time: 0.020(0.01981/step) :: Entropy : 0.000 :: Grads : []
970 :: Rewards -18.334 :: steps: 1.00 :: Time: 0.020(0.01994/step) :: Entropy : 0.000 :: Grads : []
980 :: Rewards -18.334 :: steps: 1.00 :: Time: 0.020(0.02007/step) :: Entropy : 0.000 :: Grads : []
990 :: Rewards -18.334 :: steps: 1.00 :: Time: 0.020(0.02001/step) :: Entropy : 0.000 :: Grads : []
999 :: Rewards -18.334 :: steps: 0.90 :: Time: 0.016(0.01760/step) :: Entropy : 0.000 :: Grads : []
Total time taken: 14.34126901626587
