Module path:  Environments.NS_Reco NS_Reco
Dynamically loaded from:  <class 'Environments.NS_Reco.NS_Reco'>
Reward Amplitudes: [4.17022005e-01 7.20324493e-01 1.14374817e-04 3.02332573e-01
 1.46755891e-01] :: Avg 0.317309867282206 
Module path:  Src.Algorithms.OFPG OFPG
Dynamically loaded from:  <class 'Src.Algorithms.OFPG.OFPG'>
=====Configurations=====
 Namespace(NN_basis_dim='32', Policy_basis_dim='32', actor_lr=0.002921886362032286, algo_name='OFPG', base=0, batch_size=1000, buffer_size=1000, debug=False, delta=1, entropy_lambda=0.005132349330550144, env_name='NS_Reco', experiment='NS_1r_', extrapolator_basis='Fourier', folder_suffix='Default', fourier_coupled=True, fourier_k=7, fourier_order=3, gamma=0.99, gauss_std=1.5, gpu=0, hyper='default', importance_clip=5.0, inc=1, log_output='term_file', max_episodes=1000, max_inner=20, max_steps=500, optim='rmsprop', oracle=-1, raw_basis=True, restore=False, save_count=100, save_model=True, seed=7, speed=1, state_lr=0.001, summary=True, swarm=False, timestamp='5|25|11:35:39')
Actions space: 5 :: State space: 1
State Low: tensor([0.]) :: State High: tensor([1.])
State features:  [('dummy_param', torch.Size([1]))]
Policy:  [('fc1.weight', torch.Size([5, 1])), ('fc1.bias', torch.Size([5]))]
0 :: Rewards -0.007 :: steps: 0.10 :: Time: 0.001(0.01001/step) :: Entropy : 0.000 :: Grads : []
10 :: Rewards -0.009 :: steps: 1.00 :: Time: 0.008(0.00807/step) :: Entropy : 0.000 :: Grads : []
20 :: Rewards -0.024 :: steps: 1.00 :: Time: 0.008(0.00844/step) :: Entropy : 0.000 :: Grads : []
30 :: Rewards -0.024 :: steps: 1.00 :: Time: 0.009(0.00869/step) :: Entropy : 0.000 :: Grads : []
40 :: Rewards -0.024 :: steps: 1.00 :: Time: 0.008(0.00818/step) :: Entropy : 0.000 :: Grads : []
50 :: Rewards -0.024 :: steps: 1.00 :: Time: 0.008(0.00830/step) :: Entropy : 0.000 :: Grads : []
60 :: Rewards -0.160 :: steps: 1.00 :: Time: 0.008(0.00839/step) :: Entropy : 0.000 :: Grads : []
70 :: Rewards -0.160 :: steps: 1.00 :: Time: 0.009(0.00850/step) :: Entropy : 0.000 :: Grads : []
80 :: Rewards -0.160 :: steps: 1.00 :: Time: 0.009(0.00860/step) :: Entropy : 0.000 :: Grads : []
90 :: Rewards -0.160 :: steps: 1.00 :: Time: 0.009(0.00869/step) :: Entropy : 0.000 :: Grads : []
100 :: Rewards -0.160 :: steps: 1.00 :: Time: 0.009(0.00895/step) :: Entropy : 0.000 :: Grads : []
110 :: Rewards -0.160 :: steps: 1.00 :: Time: 0.009(0.00896/step) :: Entropy : 0.000 :: Grads : []
120 :: Rewards -0.160 :: steps: 1.00 :: Time: 0.009(0.00900/step) :: Entropy : 0.000 :: Grads : []
130 :: Rewards -0.160 :: steps: 1.00 :: Time: 0.009(0.00919/step) :: Entropy : 0.000 :: Grads : []
140 :: Rewards -0.160 :: steps: 1.00 :: Time: 0.009(0.00913/step) :: Entropy : 0.000 :: Grads : []
150 :: Rewards -0.160 :: steps: 1.00 :: Time: 0.009(0.00947/step) :: Entropy : 0.000 :: Grads : []
160 :: Rewards -0.160 :: steps: 1.00 :: Time: 0.009(0.00938/step) :: Entropy : 0.000 :: Grads : []
170 :: Rewards -0.160 :: steps: 1.00 :: Time: 0.009(0.00938/step) :: Entropy : 0.000 :: Grads : []
180 :: Rewards -0.160 :: steps: 1.00 :: Time: 0.009(0.00944/step) :: Entropy : 0.000 :: Grads : []
190 :: Rewards -0.160 :: steps: 1.00 :: Time: 0.010(0.00966/step) :: Entropy : 0.000 :: Grads : []
200 :: Rewards -0.160 :: steps: 1.00 :: Time: 0.010(0.00959/step) :: Entropy : 0.000 :: Grads : []
210 :: Rewards -0.160 :: steps: 1.00 :: Time: 0.010(0.00961/step) :: Entropy : 0.000 :: Grads : []
220 :: Rewards -0.160 :: steps: 1.00 :: Time: 0.010(0.00976/step) :: Entropy : 0.000 :: Grads : []
230 :: Rewards -0.160 :: steps: 1.00 :: Time: 0.010(0.00979/step) :: Entropy : 0.000 :: Grads : []
240 :: Rewards -0.160 :: steps: 1.00 :: Time: 0.010(0.00988/step) :: Entropy : 0.000 :: Grads : []
250 :: Rewards -0.160 :: steps: 1.00 :: Time: 0.010(0.00990/step) :: Entropy : 0.000 :: Grads : []
260 :: Rewards -0.160 :: steps: 1.00 :: Time: 0.010(0.01044/step) :: Entropy : 0.000 :: Grads : []
270 :: Rewards -0.160 :: steps: 1.00 :: Time: 0.010(0.01040/step) :: Entropy : 0.000 :: Grads : []
280 :: Rewards -0.160 :: steps: 1.00 :: Time: 0.010(0.01046/step) :: Entropy : 0.000 :: Grads : []
290 :: Rewards -0.160 :: steps: 1.00 :: Time: 0.011(0.01057/step) :: Entropy : 0.000 :: Grads : []
300 :: Rewards -0.160 :: steps: 1.00 :: Time: 0.011(0.01064/step) :: Entropy : 0.000 :: Grads : []
310 :: Rewards -0.160 :: steps: 1.00 :: Time: 0.011(0.01077/step) :: Entropy : 0.000 :: Grads : []
320 :: Rewards -0.160 :: steps: 1.00 :: Time: 0.011(0.01094/step) :: Entropy : 0.000 :: Grads : []
330 :: Rewards -0.160 :: steps: 1.00 :: Time: 0.011(0.01114/step) :: Entropy : 0.000 :: Grads : []
340 :: Rewards -0.160 :: steps: 1.00 :: Time: 0.011(0.01129/step) :: Entropy : 0.000 :: Grads : []
350 :: Rewards -0.160 :: steps: 1.00 :: Time: 0.012(0.01155/step) :: Entropy : 0.000 :: Grads : []
360 :: Rewards -0.160 :: steps: 1.00 :: Time: 0.012(0.01162/step) :: Entropy : 0.000 :: Grads : []
370 :: Rewards -0.160 :: steps: 1.00 :: Time: 0.012(0.01249/step) :: Entropy : 0.000 :: Grads : []
380 :: Rewards -0.160 :: steps: 1.00 :: Time: 0.012(0.01234/step) :: Entropy : 0.000 :: Grads : []
390 :: Rewards -0.160 :: steps: 1.00 :: Time: 0.013(0.01315/step) :: Entropy : 0.000 :: Grads : []
400 :: Rewards -0.160 :: steps: 1.00 :: Time: 0.012(0.01205/step) :: Entropy : 0.000 :: Grads : []
410 :: Rewards -0.160 :: steps: 1.00 :: Time: 0.012(0.01234/step) :: Entropy : 0.000 :: Grads : []
420 :: Rewards -0.160 :: steps: 1.00 :: Time: 0.013(0.01287/step) :: Entropy : 0.000 :: Grads : []
430 :: Rewards -0.160 :: steps: 1.00 :: Time: 0.013(0.01291/step) :: Entropy : 0.000 :: Grads : []
440 :: Rewards -0.160 :: steps: 1.00 :: Time: 0.013(0.01294/step) :: Entropy : 0.000 :: Grads : []
450 :: Rewards -0.160 :: steps: 1.00 :: Time: 0.013(0.01297/step) :: Entropy : 0.000 :: Grads : []
460 :: Rewards -0.160 :: steps: 1.00 :: Time: 0.013(0.01302/step) :: Entropy : 0.000 :: Grads : []
470 :: Rewards -0.160 :: steps: 1.00 :: Time: 0.013(0.01310/step) :: Entropy : 0.000 :: Grads : []
480 :: Rewards -0.160 :: steps: 1.00 :: Time: 0.013(0.01314/step) :: Entropy : 0.000 :: Grads : []
490 :: Rewards -0.160 :: steps: 1.00 :: Time: 0.013(0.01317/step) :: Entropy : 0.000 :: Grads : []
500 :: Rewards -0.160 :: steps: 1.00 :: Time: 0.013(0.01339/step) :: Entropy : 0.000 :: Grads : []
510 :: Rewards -0.160 :: steps: 1.00 :: Time: 0.013(0.01334/step) :: Entropy : 0.000 :: Grads : []
520 :: Rewards -0.160 :: steps: 1.00 :: Time: 0.014(0.01352/step) :: Entropy : 0.000 :: Grads : []
530 :: Rewards -0.160 :: steps: 1.00 :: Time: 0.014(0.01352/step) :: Entropy : 0.000 :: Grads : []
540 :: Rewards -0.160 :: steps: 1.00 :: Time: 0.014(0.01358/step) :: Entropy : 0.000 :: Grads : []
550 :: Rewards -0.160 :: steps: 1.00 :: Time: 0.014(0.01371/step) :: Entropy : 0.000 :: Grads : []
560 :: Rewards -0.160 :: steps: 1.00 :: Time: 0.014(0.01390/step) :: Entropy : 0.000 :: Grads : []
570 :: Rewards -0.160 :: steps: 1.00 :: Time: 0.014(0.01407/step) :: Entropy : 0.000 :: Grads : []
580 :: Rewards -0.160 :: steps: 1.00 :: Time: 0.014(0.01418/step) :: Entropy : 0.000 :: Grads : []
590 :: Rewards -0.160 :: steps: 1.00 :: Time: 0.014(0.01401/step) :: Entropy : 0.000 :: Grads : []
600 :: Rewards -0.160 :: steps: 1.00 :: Time: 0.014(0.01421/step) :: Entropy : 0.000 :: Grads : []
610 :: Rewards -0.160 :: steps: 1.00 :: Time: 0.014(0.01428/step) :: Entropy : 0.000 :: Grads : []
620 :: Rewards -0.160 :: steps: 1.00 :: Time: 0.014(0.01434/step) :: Entropy : 0.000 :: Grads : []
630 :: Rewards -0.160 :: steps: 1.00 :: Time: 0.014(0.01435/step) :: Entropy : 0.000 :: Grads : []
640 :: Rewards -0.160 :: steps: 1.00 :: Time: 0.014(0.01441/step) :: Entropy : 0.000 :: Grads : []
650 :: Rewards -0.160 :: steps: 1.00 :: Time: 0.015(0.01468/step) :: Entropy : 0.000 :: Grads : []
660 :: Rewards -0.160 :: steps: 1.00 :: Time: 0.015(0.01455/step) :: Entropy : 0.000 :: Grads : []
670 :: Rewards -0.160 :: steps: 1.00 :: Time: 0.014(0.01446/step) :: Entropy : 0.000 :: Grads : []
680 :: Rewards -0.160 :: steps: 1.00 :: Time: 0.015(0.01470/step) :: Entropy : 0.000 :: Grads : []
690 :: Rewards -0.160 :: steps: 1.00 :: Time: 0.015(0.01484/step) :: Entropy : 0.000 :: Grads : []
700 :: Rewards -0.160 :: steps: 1.00 :: Time: 0.015(0.01481/step) :: Entropy : 0.000 :: Grads : []
710 :: Rewards -0.160 :: steps: 1.00 :: Time: 0.015(0.01501/step) :: Entropy : 0.000 :: Grads : []
720 :: Rewards -0.175 :: steps: 1.00 :: Time: 0.015(0.01475/step) :: Entropy : 0.000 :: Grads : []
730 :: Rewards -0.241 :: steps: 1.00 :: Time: 0.015(0.01474/step) :: Entropy : 0.000 :: Grads : []
740 :: Rewards -0.440 :: steps: 1.00 :: Time: 0.015(0.01493/step) :: Entropy : 0.000 :: Grads : []
750 :: Rewards -0.831 :: steps: 1.00 :: Time: 0.015(0.01524/step) :: Entropy : 0.000 :: Grads : []
760 :: Rewards -1.382 :: steps: 1.00 :: Time: 0.015(0.01507/step) :: Entropy : 0.000 :: Grads : []
770 :: Rewards -2.162 :: steps: 1.00 :: Time: 0.015(0.01533/step) :: Entropy : 0.000 :: Grads : []
780 :: Rewards -3.089 :: steps: 1.00 :: Time: 0.015(0.01537/step) :: Entropy : 0.000 :: Grads : []
790 :: Rewards -4.175 :: steps: 1.00 :: Time: 0.015(0.01549/step) :: Entropy : 0.000 :: Grads : []
800 :: Rewards -5.491 :: steps: 1.00 :: Time: 0.016(0.01568/step) :: Entropy : 0.000 :: Grads : []
810 :: Rewards -6.997 :: steps: 1.00 :: Time: 0.016(0.01599/step) :: Entropy : 0.000 :: Grads : []
820 :: Rewards -8.672 :: steps: 1.00 :: Time: 0.016(0.01633/step) :: Entropy : 0.000 :: Grads : []
830 :: Rewards -10.563 :: steps: 1.00 :: Time: 0.016(0.01589/step) :: Entropy : 0.000 :: Grads : []
840 :: Rewards -12.601 :: steps: 1.00 :: Time: 0.016(0.01569/step) :: Entropy : 0.000 :: Grads : []
850 :: Rewards -14.811 :: steps: 1.00 :: Time: 0.016(0.01584/step) :: Entropy : 0.000 :: Grads : []
860 :: Rewards -17.227 :: steps: 1.00 :: Time: 0.016(0.01627/step) :: Entropy : 0.000 :: Grads : []
870 :: Rewards -19.781 :: steps: 1.00 :: Time: 0.016(0.01606/step) :: Entropy : 0.000 :: Grads : []
880 :: Rewards -22.484 :: steps: 1.00 :: Time: 0.016(0.01628/step) :: Entropy : 0.000 :: Grads : []
890 :: Rewards -25.403 :: steps: 1.00 :: Time: 0.016(0.01638/step) :: Entropy : 0.000 :: Grads : []
900 :: Rewards -28.460 :: steps: 1.00 :: Time: 0.016(0.01645/step) :: Entropy : 0.000 :: Grads : []
910 :: Rewards -31.747 :: steps: 1.00 :: Time: 0.016(0.01646/step) :: Entropy : 0.000 :: Grads : []
920 :: Rewards -35.102 :: steps: 1.00 :: Time: 0.017(0.01681/step) :: Entropy : 0.000 :: Grads : []
930 :: Rewards -38.642 :: steps: 1.00 :: Time: 0.017(0.01680/step) :: Entropy : 0.000 :: Grads : []
940 :: Rewards -42.402 :: steps: 1.00 :: Time: 0.016(0.01647/step) :: Entropy : 0.000 :: Grads : []
950 :: Rewards -46.261 :: steps: 1.00 :: Time: 0.017(0.01673/step) :: Entropy : 0.000 :: Grads : []
960 :: Rewards -50.309 :: steps: 1.00 :: Time: 0.017(0.01677/step) :: Entropy : 0.000 :: Grads : []
970 :: Rewards -54.460 :: steps: 1.00 :: Time: 0.017(0.01688/step) :: Entropy : 0.000 :: Grads : []
980 :: Rewards -58.798 :: steps: 1.00 :: Time: 0.017(0.01691/step) :: Entropy : 0.000 :: Grads : []
990 :: Rewards -63.230 :: steps: 1.00 :: Time: 0.017(0.01677/step) :: Entropy : 0.000 :: Grads : []
999 :: Rewards -67.340 :: steps: 0.90 :: Time: 0.015(0.01694/step) :: Entropy : 0.000 :: Grads : []
Total time taken: 12.968229055404663
