Module path:  Environments.NS_Reco NS_Reco
Dynamically loaded from:  <class 'Environments.NS_Reco.NS_Reco'>
Reward Amplitudes: [4.17022005e-01 7.20324493e-01 1.14374817e-04 3.02332573e-01
 1.46755891e-01] :: Avg 0.317309867282206 
Module path:  Src.Algorithms.ProWLS ProWLS
Dynamically loaded from:  <class 'Src.Algorithms.ProWLS.ProWLS'>
=====Configurations=====
 Namespace(NN_basis_dim='32', Policy_basis_dim='32', actor_lr=0.00450428892499054, algo_name='ProWLS', base=0, batch_size=1000, buffer_size=1000, debug=False, delta=3, entropy_lambda=0.07518854390699839, env_name='NS_Reco', experiment='NS_3r_', extrapolator_basis='Fourier', folder_suffix='Default', fourier_coupled=True, fourier_k=5, fourier_order=3, gamma=0.99, gauss_std=1.5, gpu=0, hyper='default', importance_clip=10.0, inc=1, log_output='term_file', max_episodes=1000, max_inner=90, max_steps=500, optim='rmsprop', oracle=-1, raw_basis=True, restore=False, save_count=100, save_model=True, seed=22, speed=3, state_lr=0.001, summary=True, swarm=False, timestamp='5|25|9:52:13')
Actions space: 5 :: State space: 1
State Low: tensor([0.]) :: State High: tensor([1.])
State features:  [('dummy_param', torch.Size([1]))]
Policy:  [('fc1.weight', torch.Size([5, 1])), ('fc1.bias', torch.Size([5]))]
0 :: Rewards -0.016 :: steps: 0.10 :: Time: 0.000(0.00064/step) :: Entropy : 0.000 :: Grads : []
10 :: Rewards -0.329 :: steps: 1.00 :: Time: 0.010(0.01035/step) :: Entropy : 0.000 :: Grads : []
20 :: Rewards -1.044 :: steps: 1.00 :: Time: 0.020(0.02046/step) :: Entropy : 0.000 :: Grads : []
30 :: Rewards -2.366 :: steps: 1.00 :: Time: 0.016(0.01571/step) :: Entropy : 0.000 :: Grads : []
40 :: Rewards -3.506 :: steps: 1.00 :: Time: 0.015(0.01539/step) :: Entropy : 0.000 :: Grads : []
50 :: Rewards -4.231 :: steps: 1.00 :: Time: 0.021(0.02067/step) :: Entropy : 0.000 :: Grads : []
60 :: Rewards -5.630 :: steps: 1.00 :: Time: 0.016(0.01574/step) :: Entropy : 0.000 :: Grads : []
70 :: Rewards -7.134 :: steps: 1.00 :: Time: 0.016(0.01597/step) :: Entropy : 0.000 :: Grads : []
80 :: Rewards -7.702 :: steps: 1.00 :: Time: 0.022(0.02160/step) :: Entropy : 0.000 :: Grads : []
90 :: Rewards -9.120 :: steps: 1.00 :: Time: 0.016(0.01640/step) :: Entropy : 0.000 :: Grads : []
100 :: Rewards -11.484 :: steps: 1.00 :: Time: 0.017(0.01727/step) :: Entropy : 0.000 :: Grads : []
110 :: Rewards -12.758 :: steps: 1.00 :: Time: 0.025(0.02473/step) :: Entropy : 0.000 :: Grads : []
120 :: Rewards -13.866 :: steps: 1.00 :: Time: 0.018(0.01791/step) :: Entropy : 0.000 :: Grads : []
130 :: Rewards -14.999 :: steps: 1.00 :: Time: 0.025(0.02519/step) :: Entropy : 0.000 :: Grads : []
140 :: Rewards -16.044 :: steps: 1.00 :: Time: 0.026(0.02600/step) :: Entropy : 0.000 :: Grads : []
150 :: Rewards -16.377 :: steps: 1.00 :: Time: 0.020(0.02022/step) :: Entropy : 0.000 :: Grads : []
160 :: Rewards -16.794 :: steps: 1.00 :: Time: 0.019(0.01915/step) :: Entropy : 0.000 :: Grads : []
170 :: Rewards -18.023 :: steps: 1.00 :: Time: 0.026(0.02562/step) :: Entropy : 0.000 :: Grads : []
180 :: Rewards -18.964 :: steps: 1.00 :: Time: 0.020(0.02012/step) :: Entropy : 0.000 :: Grads : []
190 :: Rewards -21.265 :: steps: 1.00 :: Time: 0.021(0.02137/step) :: Entropy : 0.000 :: Grads : []
200 :: Rewards -21.678 :: steps: 1.00 :: Time: 0.029(0.02910/step) :: Entropy : 0.000 :: Grads : []
210 :: Rewards -21.678 :: steps: 1.00 :: Time: 0.022(0.02239/step) :: Entropy : 0.000 :: Grads : []
220 :: Rewards -22.593 :: steps: 1.00 :: Time: 0.026(0.02578/step) :: Entropy : 0.000 :: Grads : []
230 :: Rewards -23.050 :: steps: 1.00 :: Time: 0.031(0.03109/step) :: Entropy : 0.000 :: Grads : []
240 :: Rewards -23.075 :: steps: 1.00 :: Time: 0.024(0.02359/step) :: Entropy : 0.000 :: Grads : []
250 :: Rewards -23.243 :: steps: 1.00 :: Time: 0.025(0.02459/step) :: Entropy : 0.000 :: Grads : []
260 :: Rewards -23.841 :: steps: 1.00 :: Time: 0.035(0.03453/step) :: Entropy : 0.000 :: Grads : []
270 :: Rewards -24.578 :: steps: 1.00 :: Time: 0.027(0.02663/step) :: Entropy : 0.000 :: Grads : []
280 :: Rewards -25.182 :: steps: 1.00 :: Time: 0.027(0.02729/step) :: Entropy : 0.000 :: Grads : []
290 :: Rewards -25.259 :: steps: 1.00 :: Time: 0.038(0.03752/step) :: Entropy : 0.000 :: Grads : []
300 :: Rewards -25.492 :: steps: 1.00 :: Time: 0.028(0.02785/step) :: Entropy : 0.000 :: Grads : []
310 :: Rewards -25.941 :: steps: 1.00 :: Time: 0.029(0.02882/step) :: Entropy : 0.000 :: Grads : []
320 :: Rewards -26.673 :: steps: 1.00 :: Time: 0.041(0.04087/step) :: Entropy : 0.000 :: Grads : []
330 :: Rewards -26.889 :: steps: 1.00 :: Time: 0.031(0.03072/step) :: Entropy : 0.000 :: Grads : []
340 :: Rewards -27.453 :: steps: 1.00 :: Time: 0.031(0.03097/step) :: Entropy : 0.000 :: Grads : []
350 :: Rewards -27.572 :: steps: 1.00 :: Time: 0.043(0.04338/step) :: Entropy : 0.000 :: Grads : []
360 :: Rewards -29.297 :: steps: 1.00 :: Time: 0.033(0.03251/step) :: Entropy : 0.000 :: Grads : []
370 :: Rewards -29.871 :: steps: 1.00 :: Time: 0.034(0.03382/step) :: Entropy : 0.000 :: Grads : []
380 :: Rewards -30.515 :: steps: 1.00 :: Time: 0.046(0.04612/step) :: Entropy : 0.000 :: Grads : []
390 :: Rewards -30.794 :: steps: 1.00 :: Time: 0.036(0.03569/step) :: Entropy : 0.000 :: Grads : []
400 :: Rewards -31.169 :: steps: 1.00 :: Time: 0.036(0.03634/step) :: Entropy : 0.000 :: Grads : []
410 :: Rewards -31.309 :: steps: 1.00 :: Time: 0.050(0.04982/step) :: Entropy : 0.000 :: Grads : []
420 :: Rewards -31.960 :: steps: 1.00 :: Time: 0.039(0.03869/step) :: Entropy : 0.000 :: Grads : []
430 :: Rewards -32.978 :: steps: 1.00 :: Time: 0.039(0.03937/step) :: Entropy : 0.000 :: Grads : []
440 :: Rewards -33.752 :: steps: 1.00 :: Time: 0.054(0.05420/step) :: Entropy : 0.000 :: Grads : []
450 :: Rewards -33.912 :: steps: 1.00 :: Time: 0.042(0.04225/step) :: Entropy : 0.000 :: Grads : []
460 :: Rewards -34.303 :: steps: 1.00 :: Time: 0.042(0.04201/step) :: Entropy : 0.000 :: Grads : []
470 :: Rewards -35.103 :: steps: 1.00 :: Time: 0.058(0.05770/step) :: Entropy : 0.000 :: Grads : []
480 :: Rewards -36.329 :: steps: 1.00 :: Time: 0.043(0.04339/step) :: Entropy : 0.000 :: Grads : []
490 :: Rewards -37.052 :: steps: 1.00 :: Time: 0.046(0.04554/step) :: Entropy : 0.000 :: Grads : []
500 :: Rewards -37.096 :: steps: 1.00 :: Time: 0.061(0.06050/step) :: Entropy : 0.000 :: Grads : []
510 :: Rewards -37.641 :: steps: 1.00 :: Time: 0.046(0.04633/step) :: Entropy : 0.000 :: Grads : []
520 :: Rewards -39.020 :: steps: 1.00 :: Time: 0.048(0.04765/step) :: Entropy : 0.000 :: Grads : []
530 :: Rewards -39.362 :: steps: 1.00 :: Time: 0.064(0.06396/step) :: Entropy : 0.000 :: Grads : []
540 :: Rewards -39.982 :: steps: 1.00 :: Time: 0.049(0.04885/step) :: Entropy : 0.000 :: Grads : []
550 :: Rewards -40.128 :: steps: 1.00 :: Time: 0.051(0.05058/step) :: Entropy : 0.000 :: Grads : []
560 :: Rewards -40.607 :: steps: 1.00 :: Time: 0.068(0.06824/step) :: Entropy : 0.000 :: Grads : []
570 :: Rewards -40.735 :: steps: 1.00 :: Time: 0.052(0.05199/step) :: Entropy : 0.000 :: Grads : []
580 :: Rewards -40.869 :: steps: 1.00 :: Time: 0.053(0.05318/step) :: Entropy : 0.000 :: Grads : []
590 :: Rewards -41.633 :: steps: 1.00 :: Time: 0.072(0.07172/step) :: Entropy : 0.000 :: Grads : []
600 :: Rewards -42.466 :: steps: 1.00 :: Time: 0.054(0.05419/step) :: Entropy : 0.000 :: Grads : []
610 :: Rewards -44.115 :: steps: 1.00 :: Time: 0.055(0.05534/step) :: Entropy : 0.000 :: Grads : []
620 :: Rewards -46.886 :: steps: 1.00 :: Time: 0.074(0.07358/step) :: Entropy : 0.000 :: Grads : []
630 :: Rewards -50.835 :: steps: 1.00 :: Time: 0.061(0.06094/step) :: Entropy : 0.000 :: Grads : []
640 :: Rewards -55.273 :: steps: 1.00 :: Time: 0.063(0.06292/step) :: Entropy : 0.000 :: Grads : []
650 :: Rewards -59.894 :: steps: 1.00 :: Time: 0.079(0.07921/step) :: Entropy : 0.000 :: Grads : []
660 :: Rewards -66.164 :: steps: 1.00 :: Time: 0.061(0.06121/step) :: Entropy : 0.000 :: Grads : []
670 :: Rewards -71.815 :: steps: 1.00 :: Time: 0.063(0.06348/step) :: Entropy : 0.000 :: Grads : []
680 :: Rewards -78.122 :: steps: 1.00 :: Time: 0.087(0.08670/step) :: Entropy : 0.000 :: Grads : []
690 :: Rewards -85.274 :: steps: 1.00 :: Time: 0.067(0.06659/step) :: Entropy : 0.000 :: Grads : []
700 :: Rewards -91.937 :: steps: 1.00 :: Time: 0.068(0.06778/step) :: Entropy : 0.000 :: Grads : []
710 :: Rewards -99.306 :: steps: 1.00 :: Time: 0.094(0.09363/step) :: Entropy : 0.000 :: Grads : []
720 :: Rewards -102.825 :: steps: 1.00 :: Time: 0.071(0.07126/step) :: Entropy : 0.000 :: Grads : []
730 :: Rewards -102.825 :: steps: 1.00 :: Time: 0.073(0.07284/step) :: Entropy : 0.000 :: Grads : []
740 :: Rewards -102.825 :: steps: 1.00 :: Time: 0.098(0.09806/step) :: Entropy : 0.000 :: Grads : []
750 :: Rewards -102.825 :: steps: 1.00 :: Time: 0.075(0.07492/step) :: Entropy : 0.000 :: Grads : []
760 :: Rewards -102.825 :: steps: 1.00 :: Time: 0.077(0.07746/step) :: Entropy : 0.000 :: Grads : []
770 :: Rewards -103.472 :: steps: 1.00 :: Time: 0.108(0.10797/step) :: Entropy : 0.000 :: Grads : []
780 :: Rewards -104.107 :: steps: 1.00 :: Time: 0.081(0.08094/step) :: Entropy : 0.000 :: Grads : []
790 :: Rewards -104.107 :: steps: 1.00 :: Time: 0.083(0.08282/step) :: Entropy : 0.000 :: Grads : []
800 :: Rewards -105.285 :: steps: 1.00 :: Time: 0.110(0.11048/step) :: Entropy : 0.000 :: Grads : []
810 :: Rewards -106.389 :: steps: 1.00 :: Time: 0.082(0.08233/step) :: Entropy : 0.000 :: Grads : []
820 :: Rewards -106.389 :: steps: 1.00 :: Time: 0.086(0.08571/step) :: Entropy : 0.000 :: Grads : []
830 :: Rewards -107.448 :: steps: 1.00 :: Time: 0.116(0.11613/step) :: Entropy : 0.000 :: Grads : []
840 :: Rewards -107.726 :: steps: 1.00 :: Time: 0.091(0.09087/step) :: Entropy : 0.000 :: Grads : []
850 :: Rewards -107.851 :: steps: 1.00 :: Time: 0.095(0.09513/step) :: Entropy : 0.000 :: Grads : []
860 :: Rewards -108.885 :: steps: 1.00 :: Time: 0.127(0.12742/step) :: Entropy : 0.000 :: Grads : []
870 :: Rewards -110.364 :: steps: 1.00 :: Time: 0.097(0.09707/step) :: Entropy : 0.000 :: Grads : []
880 :: Rewards -112.069 :: steps: 1.00 :: Time: 0.099(0.09902/step) :: Entropy : 0.000 :: Grads : []
890 :: Rewards -113.222 :: steps: 1.00 :: Time: 0.136(0.13608/step) :: Entropy : 0.000 :: Grads : []
900 :: Rewards -114.857 :: steps: 1.00 :: Time: 0.105(0.10513/step) :: Entropy : 0.000 :: Grads : []
910 :: Rewards -115.317 :: steps: 1.00 :: Time: 0.108(0.10789/step) :: Entropy : 0.000 :: Grads : []
920 :: Rewards -115.828 :: steps: 1.00 :: Time: 0.146(0.14564/step) :: Entropy : 0.000 :: Grads : []
930 :: Rewards -116.037 :: steps: 1.00 :: Time: 0.112(0.11209/step) :: Entropy : 0.000 :: Grads : []
940 :: Rewards -116.614 :: steps: 1.00 :: Time: 0.113(0.11338/step) :: Entropy : 0.000 :: Grads : []
950 :: Rewards -116.968 :: steps: 1.00 :: Time: 0.147(0.14664/step) :: Entropy : 0.000 :: Grads : []
960 :: Rewards -117.194 :: steps: 1.00 :: Time: 0.112(0.11179/step) :: Entropy : 0.000 :: Grads : []
970 :: Rewards -117.423 :: steps: 1.00 :: Time: 0.116(0.11630/step) :: Entropy : 0.000 :: Grads : []
980 :: Rewards -117.532 :: steps: 1.00 :: Time: 0.160(0.15970/step) :: Entropy : 0.000 :: Grads : []
990 :: Rewards -118.151 :: steps: 1.00 :: Time: 0.121(0.12072/step) :: Entropy : 0.000 :: Grads : []
999 :: Rewards -118.254 :: steps: 0.90 :: Time: 0.124(0.13825/step) :: Entropy : 0.000 :: Grads : []
Total time taken: 59.206175088882446
