Module path:  Environments.NS_Reco NS_Reco
Dynamically loaded from:  <class 'Environments.NS_Reco.NS_Reco'>
Reward Amplitudes: [4.17022005e-01 7.20324493e-01 1.14374817e-04 3.02332573e-01
 1.46755891e-01] :: Avg 0.317309867282206 
Module path:  Src.Algorithms.ProWLS ProWLS
Dynamically loaded from:  <class 'Src.Algorithms.ProWLS.ProWLS'>
=====Configurations=====
 Namespace(NN_basis_dim='32', Policy_basis_dim='32', actor_lr=0.00450428892499054, algo_name='ProWLS', base=0, batch_size=1000, buffer_size=1000, debug=False, delta=3, entropy_lambda=0.07518854390699839, env_name='NS_Reco', experiment='NS_3_', extrapolator_basis='Fourier', folder_suffix='Default', fourier_coupled=True, fourier_k=5, fourier_order=3, gamma=0.99, gauss_std=1.5, gpu=0, hyper='default', importance_clip=10.0, inc=1, log_output='term_file', max_episodes=1000, max_inner=90, max_steps=500, optim='rmsprop', oracle=-1, raw_basis=True, restore=False, save_count=100, save_model=True, seed=21, speed=3, state_lr=0.001, summary=True, swarm=False, timestamp='5|24|22:26:36')
Actions space: 5 :: State space: 1
State Low: tensor([0.]) :: State High: tensor([1.])
State features:  [('dummy_param', torch.Size([1]))]
Policy:  [('fc1.weight', torch.Size([5, 1])), ('fc1.bias', torch.Size([5]))]
0 :: Rewards 0.006 :: steps: 0.10 :: Time: 0.000(0.00068/step) :: Entropy : 0.000 :: Grads : []
10 :: Rewards 0.139 :: steps: 1.00 :: Time: 0.010(0.01048/step) :: Entropy : 0.000 :: Grads : []
20 :: Rewards 0.820 :: steps: 1.00 :: Time: 0.021(0.02146/step) :: Entropy : 0.000 :: Grads : []
30 :: Rewards 2.192 :: steps: 1.00 :: Time: 0.016(0.01617/step) :: Entropy : 0.000 :: Grads : []
40 :: Rewards 3.902 :: steps: 1.00 :: Time: 0.016(0.01587/step) :: Entropy : 0.000 :: Grads : []
50 :: Rewards 5.923 :: steps: 1.00 :: Time: 0.021(0.02109/step) :: Entropy : 0.000 :: Grads : []
60 :: Rewards 9.062 :: steps: 1.00 :: Time: 0.016(0.01606/step) :: Entropy : 0.000 :: Grads : []
70 :: Rewards 12.688 :: steps: 1.00 :: Time: 0.017(0.01671/step) :: Entropy : 0.000 :: Grads : []
80 :: Rewards 17.313 :: steps: 1.00 :: Time: 0.022(0.02190/step) :: Entropy : 0.000 :: Grads : []
90 :: Rewards 20.623 :: steps: 1.00 :: Time: 0.017(0.01691/step) :: Entropy : 0.000 :: Grads : []
100 :: Rewards 25.935 :: steps: 1.00 :: Time: 0.017(0.01700/step) :: Entropy : 0.000 :: Grads : []
110 :: Rewards 31.608 :: steps: 1.00 :: Time: 0.024(0.02370/step) :: Entropy : 0.000 :: Grads : []
120 :: Rewards 35.181 :: steps: 1.00 :: Time: 0.018(0.01786/step) :: Entropy : 0.000 :: Grads : []
130 :: Rewards 41.891 :: steps: 1.00 :: Time: 0.018(0.01828/step) :: Entropy : 0.000 :: Grads : []
140 :: Rewards 47.294 :: steps: 1.00 :: Time: 0.025(0.02461/step) :: Entropy : 0.000 :: Grads : []
150 :: Rewards 52.706 :: steps: 1.00 :: Time: 0.019(0.01928/step) :: Entropy : 0.000 :: Grads : []
160 :: Rewards 59.828 :: steps: 1.00 :: Time: 0.019(0.01943/step) :: Entropy : 0.000 :: Grads : []
170 :: Rewards 65.153 :: steps: 1.00 :: Time: 0.026(0.02580/step) :: Entropy : 0.000 :: Grads : []
180 :: Rewards 68.844 :: steps: 1.00 :: Time: 0.022(0.02176/step) :: Entropy : 0.000 :: Grads : []
190 :: Rewards 74.715 :: steps: 1.00 :: Time: 0.021(0.02137/step) :: Entropy : 0.000 :: Grads : []
200 :: Rewards 80.337 :: steps: 1.00 :: Time: 0.029(0.02931/step) :: Entropy : 0.000 :: Grads : []
210 :: Rewards 85.842 :: steps: 1.00 :: Time: 0.023(0.02282/step) :: Entropy : 0.000 :: Grads : []
220 :: Rewards 89.909 :: steps: 1.00 :: Time: 0.023(0.02332/step) :: Entropy : 0.000 :: Grads : []
230 :: Rewards 93.854 :: steps: 1.00 :: Time: 0.033(0.03269/step) :: Entropy : 0.000 :: Grads : []
240 :: Rewards 97.180 :: steps: 1.00 :: Time: 0.024(0.02424/step) :: Entropy : 0.000 :: Grads : []
250 :: Rewards 100.022 :: steps: 1.00 :: Time: 0.026(0.02577/step) :: Entropy : 0.000 :: Grads : []
260 :: Rewards 103.016 :: steps: 1.00 :: Time: 0.035(0.03485/step) :: Entropy : 0.000 :: Grads : []
270 :: Rewards 105.849 :: steps: 1.00 :: Time: 0.027(0.02715/step) :: Entropy : 0.000 :: Grads : []
280 :: Rewards 108.220 :: steps: 1.00 :: Time: 0.028(0.02779/step) :: Entropy : 0.000 :: Grads : []
290 :: Rewards 110.420 :: steps: 1.00 :: Time: 0.038(0.03758/step) :: Entropy : 0.000 :: Grads : []
300 :: Rewards 112.382 :: steps: 1.00 :: Time: 0.028(0.02804/step) :: Entropy : 0.000 :: Grads : []
310 :: Rewards 114.677 :: steps: 1.00 :: Time: 0.029(0.02893/step) :: Entropy : 0.000 :: Grads : []
320 :: Rewards 116.680 :: steps: 1.00 :: Time: 0.040(0.04038/step) :: Entropy : 0.000 :: Grads : []
330 :: Rewards 118.177 :: steps: 1.00 :: Time: 0.031(0.03072/step) :: Entropy : 0.000 :: Grads : []
340 :: Rewards 118.662 :: steps: 1.00 :: Time: 0.032(0.03191/step) :: Entropy : 0.000 :: Grads : []
350 :: Rewards 119.659 :: steps: 1.00 :: Time: 0.043(0.04286/step) :: Entropy : 0.000 :: Grads : []
360 :: Rewards 120.666 :: steps: 1.00 :: Time: 0.033(0.03298/step) :: Entropy : 0.000 :: Grads : []
370 :: Rewards 121.001 :: steps: 1.00 :: Time: 0.035(0.03458/step) :: Entropy : 0.000 :: Grads : []
380 :: Rewards 121.598 :: steps: 1.00 :: Time: 0.047(0.04672/step) :: Entropy : 0.000 :: Grads : []
390 :: Rewards 122.228 :: steps: 1.00 :: Time: 0.036(0.03601/step) :: Entropy : 0.000 :: Grads : []
400 :: Rewards 122.886 :: steps: 1.00 :: Time: 0.036(0.03574/step) :: Entropy : 0.000 :: Grads : []
410 :: Rewards 123.121 :: steps: 1.00 :: Time: 0.050(0.05033/step) :: Entropy : 0.000 :: Grads : []
420 :: Rewards 123.460 :: steps: 1.00 :: Time: 0.038(0.03785/step) :: Entropy : 0.000 :: Grads : []
430 :: Rewards 123.193 :: steps: 1.00 :: Time: 0.038(0.03802/step) :: Entropy : 0.000 :: Grads : []
440 :: Rewards 123.665 :: steps: 1.00 :: Time: 0.055(0.05519/step) :: Entropy : 0.000 :: Grads : []
450 :: Rewards 123.367 :: steps: 1.00 :: Time: 0.041(0.04117/step) :: Entropy : 0.000 :: Grads : []
460 :: Rewards 121.773 :: steps: 1.00 :: Time: 0.042(0.04238/step) :: Entropy : 0.000 :: Grads : []
470 :: Rewards 120.232 :: steps: 1.00 :: Time: 0.057(0.05689/step) :: Entropy : 0.000 :: Grads : []
480 :: Rewards 120.349 :: steps: 1.00 :: Time: 0.044(0.04369/step) :: Entropy : 0.000 :: Grads : []
490 :: Rewards 120.396 :: steps: 1.00 :: Time: 0.045(0.04469/step) :: Entropy : 0.000 :: Grads : []
500 :: Rewards 120.066 :: steps: 1.00 :: Time: 0.061(0.06130/step) :: Entropy : 0.000 :: Grads : []
510 :: Rewards 120.021 :: steps: 1.00 :: Time: 0.049(0.04927/step) :: Entropy : 0.000 :: Grads : []
520 :: Rewards 119.519 :: steps: 1.00 :: Time: 0.047(0.04738/step) :: Entropy : 0.000 :: Grads : []
530 :: Rewards 119.130 :: steps: 1.00 :: Time: 0.072(0.07169/step) :: Entropy : 0.000 :: Grads : []
540 :: Rewards 118.419 :: steps: 1.00 :: Time: 0.062(0.06225/step) :: Entropy : 0.000 :: Grads : []
550 :: Rewards 118.113 :: steps: 1.00 :: Time: 0.055(0.05487/step) :: Entropy : 0.000 :: Grads : []
560 :: Rewards 116.876 :: steps: 1.00 :: Time: 0.067(0.06738/step) :: Entropy : 0.000 :: Grads : []
570 :: Rewards 116.465 :: steps: 1.00 :: Time: 0.051(0.05109/step) :: Entropy : 0.000 :: Grads : []
580 :: Rewards 115.990 :: steps: 1.00 :: Time: 0.053(0.05315/step) :: Entropy : 0.000 :: Grads : []
590 :: Rewards 115.218 :: steps: 1.00 :: Time: 0.071(0.07117/step) :: Entropy : 0.000 :: Grads : []
600 :: Rewards 114.569 :: steps: 1.00 :: Time: 0.055(0.05452/step) :: Entropy : 0.000 :: Grads : []
610 :: Rewards 115.286 :: steps: 1.00 :: Time: 0.057(0.05705/step) :: Entropy : 0.000 :: Grads : []
620 :: Rewards 117.387 :: steps: 1.00 :: Time: 0.077(0.07663/step) :: Entropy : 0.000 :: Grads : []
630 :: Rewards 120.366 :: steps: 1.00 :: Time: 0.060(0.05951/step) :: Entropy : 0.000 :: Grads : []
640 :: Rewards 124.053 :: steps: 1.00 :: Time: 0.060(0.05961/step) :: Entropy : 0.000 :: Grads : []
650 :: Rewards 128.394 :: steps: 1.00 :: Time: 0.080(0.08009/step) :: Entropy : 0.000 :: Grads : []
660 :: Rewards 131.665 :: steps: 1.00 :: Time: 0.060(0.05961/step) :: Entropy : 0.000 :: Grads : []
670 :: Rewards 137.134 :: steps: 1.00 :: Time: 0.064(0.06354/step) :: Entropy : 0.000 :: Grads : []
680 :: Rewards 142.196 :: steps: 1.00 :: Time: 0.085(0.08523/step) :: Entropy : 0.000 :: Grads : []
690 :: Rewards 146.854 :: steps: 1.00 :: Time: 0.064(0.06433/step) :: Entropy : 0.000 :: Grads : []
700 :: Rewards 153.548 :: steps: 1.00 :: Time: 0.073(0.07303/step) :: Entropy : 0.000 :: Grads : []
710 :: Rewards 159.631 :: steps: 1.00 :: Time: 0.091(0.09068/step) :: Entropy : 0.000 :: Grads : []
720 :: Rewards 165.846 :: steps: 1.00 :: Time: 0.071(0.07092/step) :: Entropy : 0.000 :: Grads : []
730 :: Rewards 171.483 :: steps: 1.00 :: Time: 0.073(0.07259/step) :: Entropy : 0.000 :: Grads : []
740 :: Rewards 177.827 :: steps: 1.00 :: Time: 0.095(0.09474/step) :: Entropy : 0.000 :: Grads : []
750 :: Rewards 184.972 :: steps: 1.00 :: Time: 0.070(0.06951/step) :: Entropy : 0.000 :: Grads : []
760 :: Rewards 191.932 :: steps: 1.00 :: Time: 0.072(0.07173/step) :: Entropy : 0.000 :: Grads : []
770 :: Rewards 197.991 :: steps: 1.00 :: Time: 0.100(0.09963/step) :: Entropy : 0.000 :: Grads : []
780 :: Rewards 203.759 :: steps: 1.00 :: Time: 0.073(0.07261/step) :: Entropy : 0.000 :: Grads : []
790 :: Rewards 209.028 :: steps: 1.00 :: Time: 0.077(0.07733/step) :: Entropy : 0.000 :: Grads : []
800 :: Rewards 214.043 :: steps: 1.00 :: Time: 0.108(0.10787/step) :: Entropy : 0.000 :: Grads : []
810 :: Rewards 218.031 :: steps: 1.00 :: Time: 0.082(0.08198/step) :: Entropy : 0.000 :: Grads : []
820 :: Rewards 221.725 :: steps: 1.00 :: Time: 0.081(0.08097/step) :: Entropy : 0.000 :: Grads : []
830 :: Rewards 224.731 :: steps: 1.00 :: Time: 0.110(0.10999/step) :: Entropy : 0.000 :: Grads : []
840 :: Rewards 227.342 :: steps: 1.00 :: Time: 0.084(0.08411/step) :: Entropy : 0.000 :: Grads : []
850 :: Rewards 229.882 :: steps: 1.00 :: Time: 0.100(0.10021/step) :: Entropy : 0.000 :: Grads : []
860 :: Rewards 231.683 :: steps: 1.00 :: Time: 0.118(0.11785/step) :: Entropy : 0.000 :: Grads : []
870 :: Rewards 233.691 :: steps: 1.00 :: Time: 0.090(0.08956/step) :: Entropy : 0.000 :: Grads : []
880 :: Rewards 236.014 :: steps: 1.00 :: Time: 0.092(0.09200/step) :: Entropy : 0.000 :: Grads : []
890 :: Rewards 238.403 :: steps: 1.00 :: Time: 0.124(0.12437/step) :: Entropy : 0.000 :: Grads : []
900 :: Rewards 241.301 :: steps: 1.00 :: Time: 0.106(0.10552/step) :: Entropy : 0.000 :: Grads : []
910 :: Rewards 244.300 :: steps: 1.00 :: Time: 0.100(0.10012/step) :: Entropy : 0.000 :: Grads : []
920 :: Rewards 247.763 :: steps: 1.00 :: Time: 0.133(0.13325/step) :: Entropy : 0.000 :: Grads : []
930 :: Rewards 251.050 :: steps: 1.00 :: Time: 0.109(0.10918/step) :: Entropy : 0.000 :: Grads : []
940 :: Rewards 254.734 :: steps: 1.00 :: Time: 0.111(0.11120/step) :: Entropy : 0.000 :: Grads : []
950 :: Rewards 258.427 :: steps: 1.00 :: Time: 0.147(0.14678/step) :: Entropy : 0.000 :: Grads : []
960 :: Rewards 262.169 :: steps: 1.00 :: Time: 0.111(0.11073/step) :: Entropy : 0.000 :: Grads : []
970 :: Rewards 265.624 :: steps: 1.00 :: Time: 0.114(0.11372/step) :: Entropy : 0.000 :: Grads : []
980 :: Rewards 269.533 :: steps: 1.00 :: Time: 0.158(0.15777/step) :: Entropy : 0.000 :: Grads : []
990 :: Rewards 273.532 :: steps: 1.00 :: Time: 0.120(0.12011/step) :: Entropy : 0.000 :: Grads : []
999 :: Rewards 275.888 :: steps: 0.90 :: Time: 0.122(0.13597/step) :: Entropy : 0.000 :: Grads : []
Total time taken: 58.1855149269104
