Module path:  Environments.NS_Reco NS_Reco
Dynamically loaded from:  <class 'Environments.NS_Reco.NS_Reco'>
Reward Amplitudes: [4.17022005e-01 7.20324493e-01 1.14374817e-04 3.02332573e-01
 1.46755891e-01] :: Avg 0.317309867282206 
Module path:  Src.Algorithms.OFPG OFPG
Dynamically loaded from:  <class 'Src.Algorithms.OFPG.OFPG'>
=====Configurations=====
 Namespace(NN_basis_dim='32', Policy_basis_dim='32', actor_lr=0.002251439950474301, algo_name='OFPG', base=0, batch_size=1000, buffer_size=1000, debug=False, delta=1, entropy_lambda=0.11057727559233214, env_name='NS_Reco', experiment='NS_3r_', extrapolator_basis='Fourier', folder_suffix='Default', fourier_coupled=True, fourier_k=7, fourier_order=3, gamma=0.99, gauss_std=1.5, gpu=0, hyper='default', importance_clip=10.0, inc=1, log_output='term_file', max_episodes=1000, max_inner=30, max_steps=500, optim='rmsprop', oracle=-1, raw_basis=True, restore=False, save_count=100, save_model=True, seed=20, speed=3, state_lr=0.001, summary=True, swarm=False, timestamp='5|25|9:40:19')
Actions space: 5 :: State space: 1
State Low: tensor([0.]) :: State High: tensor([1.])
State features:  [('dummy_param', torch.Size([1]))]
Policy:  [('fc1.weight', torch.Size([5, 1])), ('fc1.bias', torch.Size([5]))]
0 :: Rewards -0.011 :: steps: 0.10 :: Time: 0.001(0.01496/step) :: Entropy : 0.000 :: Grads : []
10 :: Rewards -0.292 :: steps: 1.00 :: Time: 0.019(0.01929/step) :: Entropy : 0.000 :: Grads : []
20 :: Rewards -1.091 :: steps: 1.00 :: Time: 0.015(0.01466/step) :: Entropy : 0.000 :: Grads : []
30 :: Rewards -2.111 :: steps: 1.00 :: Time: 0.013(0.01312/step) :: Entropy : 0.000 :: Grads : []
40 :: Rewards -3.676 :: steps: 1.00 :: Time: 0.012(0.01238/step) :: Entropy : 0.000 :: Grads : []
50 :: Rewards -4.929 :: steps: 1.00 :: Time: 0.012(0.01223/step) :: Entropy : 0.000 :: Grads : []
60 :: Rewards -5.722 :: steps: 1.00 :: Time: 0.012(0.01237/step) :: Entropy : 0.000 :: Grads : []
70 :: Rewards -6.613 :: steps: 1.00 :: Time: 0.013(0.01253/step) :: Entropy : 0.000 :: Grads : []
80 :: Rewards -8.136 :: steps: 1.00 :: Time: 0.013(0.01296/step) :: Entropy : 0.000 :: Grads : []
90 :: Rewards -8.623 :: steps: 1.00 :: Time: 0.014(0.01366/step) :: Entropy : 0.000 :: Grads : []
100 :: Rewards -8.974 :: steps: 1.00 :: Time: 0.013(0.01317/step) :: Entropy : 0.000 :: Grads : []
110 :: Rewards -10.217 :: steps: 1.00 :: Time: 0.013(0.01306/step) :: Entropy : 0.000 :: Grads : []
120 :: Rewards -11.319 :: steps: 1.00 :: Time: 0.013(0.01329/step) :: Entropy : 0.000 :: Grads : []
130 :: Rewards -11.905 :: steps: 1.00 :: Time: 0.013(0.01346/step) :: Entropy : 0.000 :: Grads : []
140 :: Rewards -12.968 :: steps: 1.00 :: Time: 0.014(0.01384/step) :: Entropy : 0.000 :: Grads : []
150 :: Rewards -14.615 :: steps: 1.00 :: Time: 0.014(0.01384/step) :: Entropy : 0.000 :: Grads : []
160 :: Rewards -16.022 :: steps: 1.00 :: Time: 0.014(0.01398/step) :: Entropy : 0.000 :: Grads : []
170 :: Rewards -16.022 :: steps: 1.00 :: Time: 0.015(0.01532/step) :: Entropy : 0.000 :: Grads : []
180 :: Rewards -17.200 :: steps: 1.00 :: Time: 0.014(0.01413/step) :: Entropy : 0.000 :: Grads : []
190 :: Rewards -17.200 :: steps: 1.00 :: Time: 0.014(0.01402/step) :: Entropy : 0.000 :: Grads : []
200 :: Rewards -17.860 :: steps: 1.00 :: Time: 0.014(0.01419/step) :: Entropy : 0.000 :: Grads : []
210 :: Rewards -19.201 :: steps: 1.00 :: Time: 0.014(0.01422/step) :: Entropy : 0.000 :: Grads : []
220 :: Rewards -20.862 :: steps: 1.00 :: Time: 0.014(0.01441/step) :: Entropy : 0.000 :: Grads : []
230 :: Rewards -21.557 :: steps: 1.00 :: Time: 0.014(0.01435/step) :: Entropy : 0.000 :: Grads : []
240 :: Rewards -21.798 :: steps: 1.00 :: Time: 0.015(0.01454/step) :: Entropy : 0.000 :: Grads : []
250 :: Rewards -22.261 :: steps: 1.00 :: Time: 0.015(0.01463/step) :: Entropy : 0.000 :: Grads : []
260 :: Rewards -23.396 :: steps: 1.00 :: Time: 0.016(0.01607/step) :: Entropy : 0.000 :: Grads : []
270 :: Rewards -24.575 :: steps: 1.00 :: Time: 0.017(0.01713/step) :: Entropy : 0.000 :: Grads : []
280 :: Rewards -26.003 :: steps: 1.00 :: Time: 0.017(0.01673/step) :: Entropy : 0.000 :: Grads : []
290 :: Rewards -27.954 :: steps: 1.00 :: Time: 0.022(0.02227/step) :: Entropy : 0.000 :: Grads : []
300 :: Rewards -30.236 :: steps: 1.00 :: Time: 0.017(0.01737/step) :: Entropy : 0.000 :: Grads : []
310 :: Rewards -33.266 :: steps: 1.00 :: Time: 0.016(0.01592/step) :: Entropy : 0.000 :: Grads : []
320 :: Rewards -36.855 :: steps: 1.00 :: Time: 0.016(0.01609/step) :: Entropy : 0.000 :: Grads : []
330 :: Rewards -40.040 :: steps: 1.00 :: Time: 0.017(0.01662/step) :: Entropy : 0.000 :: Grads : []
340 :: Rewards -43.076 :: steps: 1.00 :: Time: 0.017(0.01670/step) :: Entropy : 0.000 :: Grads : []
350 :: Rewards -45.180 :: steps: 1.00 :: Time: 0.017(0.01684/step) :: Entropy : 0.000 :: Grads : []
360 :: Rewards -47.205 :: steps: 1.00 :: Time: 0.017(0.01709/step) :: Entropy : 0.000 :: Grads : []
370 :: Rewards -51.759 :: steps: 1.00 :: Time: 0.017(0.01749/step) :: Entropy : 0.000 :: Grads : []
380 :: Rewards -53.020 :: steps: 1.00 :: Time: 0.018(0.01764/step) :: Entropy : 0.000 :: Grads : []
390 :: Rewards -56.197 :: steps: 1.00 :: Time: 0.018(0.01775/step) :: Entropy : 0.000 :: Grads : []
400 :: Rewards -59.815 :: steps: 1.00 :: Time: 0.018(0.01782/step) :: Entropy : 0.000 :: Grads : []
410 :: Rewards -62.248 :: steps: 1.00 :: Time: 0.018(0.01811/step) :: Entropy : 0.000 :: Grads : []
420 :: Rewards -64.685 :: steps: 1.00 :: Time: 0.019(0.01880/step) :: Entropy : 0.000 :: Grads : []
430 :: Rewards -68.232 :: steps: 1.00 :: Time: 0.019(0.01880/step) :: Entropy : 0.000 :: Grads : []
440 :: Rewards -71.851 :: steps: 1.00 :: Time: 0.019(0.01911/step) :: Entropy : 0.000 :: Grads : []
450 :: Rewards -74.500 :: steps: 1.00 :: Time: 0.019(0.01926/step) :: Entropy : 0.000 :: Grads : []
460 :: Rewards -77.187 :: steps: 1.00 :: Time: 0.019(0.01932/step) :: Entropy : 0.000 :: Grads : []
470 :: Rewards -79.518 :: steps: 1.00 :: Time: 0.019(0.01917/step) :: Entropy : 0.000 :: Grads : []
480 :: Rewards -81.804 :: steps: 1.00 :: Time: 0.020(0.01966/step) :: Entropy : 0.000 :: Grads : []
490 :: Rewards -83.732 :: steps: 1.00 :: Time: 0.020(0.01963/step) :: Entropy : 0.000 :: Grads : []
500 :: Rewards -86.727 :: steps: 1.00 :: Time: 0.020(0.01950/step) :: Entropy : 0.000 :: Grads : []
510 :: Rewards -89.760 :: steps: 1.00 :: Time: 0.020(0.01969/step) :: Entropy : 0.000 :: Grads : []
520 :: Rewards -91.480 :: steps: 1.00 :: Time: 0.020(0.01978/step) :: Entropy : 0.000 :: Grads : []
530 :: Rewards -92.719 :: steps: 1.00 :: Time: 0.021(0.02124/step) :: Entropy : 0.000 :: Grads : []
540 :: Rewards -95.219 :: steps: 1.00 :: Time: 0.021(0.02138/step) :: Entropy : 0.000 :: Grads : []
550 :: Rewards -97.797 :: steps: 1.00 :: Time: 0.024(0.02362/step) :: Entropy : 0.000 :: Grads : []
560 :: Rewards -99.840 :: steps: 1.00 :: Time: 0.034(0.03351/step) :: Entropy : 0.000 :: Grads : []
570 :: Rewards -101.795 :: steps: 1.00 :: Time: 0.026(0.02561/step) :: Entropy : 0.000 :: Grads : []
580 :: Rewards -103.215 :: steps: 1.00 :: Time: 0.022(0.02178/step) :: Entropy : 0.000 :: Grads : []
590 :: Rewards -105.381 :: steps: 1.00 :: Time: 0.021(0.02086/step) :: Entropy : 0.000 :: Grads : []
600 :: Rewards -107.997 :: steps: 1.00 :: Time: 0.021(0.02082/step) :: Entropy : 0.000 :: Grads : []
610 :: Rewards -110.816 :: steps: 1.00 :: Time: 0.021(0.02092/step) :: Entropy : 0.000 :: Grads : []
620 :: Rewards -114.910 :: steps: 1.00 :: Time: 0.021(0.02107/step) :: Entropy : 0.000 :: Grads : []
630 :: Rewards -118.276 :: steps: 1.00 :: Time: 0.022(0.02224/step) :: Entropy : 0.000 :: Grads : []
640 :: Rewards -121.978 :: steps: 1.00 :: Time: 0.023(0.02277/step) :: Entropy : 0.000 :: Grads : []
650 :: Rewards -126.093 :: steps: 1.00 :: Time: 0.022(0.02159/step) :: Entropy : 0.000 :: Grads : []
660 :: Rewards -131.882 :: steps: 1.00 :: Time: 0.022(0.02179/step) :: Entropy : 0.000 :: Grads : []
670 :: Rewards -138.057 :: steps: 1.00 :: Time: 0.024(0.02426/step) :: Entropy : 0.000 :: Grads : []
680 :: Rewards -143.772 :: steps: 1.00 :: Time: 0.026(0.02632/step) :: Entropy : 0.000 :: Grads : []
690 :: Rewards -149.843 :: steps: 1.00 :: Time: 0.027(0.02734/step) :: Entropy : 0.000 :: Grads : []
700 :: Rewards -156.162 :: steps: 1.00 :: Time: 0.022(0.02185/step) :: Entropy : 0.000 :: Grads : []
710 :: Rewards -160.738 :: steps: 1.00 :: Time: 0.022(0.02170/step) :: Entropy : 0.000 :: Grads : []
720 :: Rewards -167.565 :: steps: 1.00 :: Time: 0.022(0.02193/step) :: Entropy : 0.000 :: Grads : []
730 :: Rewards -173.933 :: steps: 1.00 :: Time: 0.022(0.02167/step) :: Entropy : 0.000 :: Grads : []
740 :: Rewards -181.163 :: steps: 1.00 :: Time: 0.022(0.02183/step) :: Entropy : 0.000 :: Grads : []
750 :: Rewards -185.745 :: steps: 1.00 :: Time: 0.022(0.02219/step) :: Entropy : 0.000 :: Grads : []
760 :: Rewards -191.090 :: steps: 1.00 :: Time: 0.022(0.02212/step) :: Entropy : 0.000 :: Grads : []
770 :: Rewards -194.736 :: steps: 1.00 :: Time: 0.022(0.02225/step) :: Entropy : 0.000 :: Grads : []
780 :: Rewards -199.260 :: steps: 1.00 :: Time: 0.023(0.02272/step) :: Entropy : 0.000 :: Grads : []
790 :: Rewards -203.649 :: steps: 1.00 :: Time: 0.023(0.02289/step) :: Entropy : 0.000 :: Grads : []
800 :: Rewards -207.342 :: steps: 1.00 :: Time: 0.023(0.02302/step) :: Entropy : 0.000 :: Grads : []
810 :: Rewards -210.810 :: steps: 1.00 :: Time: 0.023(0.02326/step) :: Entropy : 0.000 :: Grads : []
820 :: Rewards -213.908 :: steps: 1.00 :: Time: 0.023(0.02320/step) :: Entropy : 0.000 :: Grads : []
830 :: Rewards -215.778 :: steps: 1.00 :: Time: 0.023(0.02319/step) :: Entropy : 0.000 :: Grads : []
840 :: Rewards -216.717 :: steps: 1.00 :: Time: 0.024(0.02388/step) :: Entropy : 0.000 :: Grads : []
850 :: Rewards -218.107 :: steps: 1.00 :: Time: 0.024(0.02358/step) :: Entropy : 0.000 :: Grads : []
860 :: Rewards -219.692 :: steps: 1.00 :: Time: 0.024(0.02350/step) :: Entropy : 0.000 :: Grads : []
870 :: Rewards -221.496 :: steps: 1.00 :: Time: 0.023(0.02331/step) :: Entropy : 0.000 :: Grads : []
880 :: Rewards -224.299 :: steps: 1.00 :: Time: 0.024(0.02357/step) :: Entropy : 0.000 :: Grads : []
890 :: Rewards -228.061 :: steps: 1.00 :: Time: 0.024(0.02369/step) :: Entropy : 0.000 :: Grads : []
900 :: Rewards -231.712 :: steps: 1.00 :: Time: 0.024(0.02411/step) :: Entropy : 0.000 :: Grads : []
910 :: Rewards -234.882 :: steps: 1.00 :: Time: 0.024(0.02426/step) :: Entropy : 0.000 :: Grads : []
920 :: Rewards -237.928 :: steps: 1.00 :: Time: 0.024(0.02413/step) :: Entropy : 0.000 :: Grads : []
930 :: Rewards -241.310 :: steps: 1.00 :: Time: 0.024(0.02392/step) :: Entropy : 0.000 :: Grads : []
940 :: Rewards -245.523 :: steps: 1.00 :: Time: 0.024(0.02415/step) :: Entropy : 0.000 :: Grads : []
950 :: Rewards -250.268 :: steps: 1.00 :: Time: 0.024(0.02423/step) :: Entropy : 0.000 :: Grads : []
960 :: Rewards -255.417 :: steps: 1.00 :: Time: 0.024(0.02420/step) :: Entropy : 0.000 :: Grads : []
970 :: Rewards -262.701 :: steps: 1.00 :: Time: 0.024(0.02427/step) :: Entropy : 0.000 :: Grads : []
980 :: Rewards -269.950 :: steps: 1.00 :: Time: 0.025(0.02474/step) :: Entropy : 0.000 :: Grads : []
990 :: Rewards -274.532 :: steps: 1.00 :: Time: 0.025(0.02479/step) :: Entropy : 0.000 :: Grads : []
999 :: Rewards -278.663 :: steps: 0.90 :: Time: 0.019(0.02112/step) :: Entropy : 0.000 :: Grads : []
Total time taken: 19.623504161834717
