Module path:  Environments.NS_Reco NS_Reco
Dynamically loaded from:  <class 'Environments.NS_Reco.NS_Reco'>
Reward Amplitudes: [4.17022005e-01 7.20324493e-01 1.14374817e-04 3.02332573e-01
 1.46755891e-01] :: Avg 0.317309867282206 
Module path:  Src.Algorithms.OFPG OFPG
Dynamically loaded from:  <class 'Src.Algorithms.OFPG.OFPG'>
=====Configurations=====
 Namespace(NN_basis_dim='32', Policy_basis_dim='32', actor_lr=0.0008539732050307968, algo_name='OFPG', base=0, batch_size=1000, buffer_size=1000, debug=False, delta=1, entropy_lambda=0.042883020256458786, env_name='NS_Reco', experiment='NS_0r_', extrapolator_basis='Fourier', folder_suffix='Default', fourier_coupled=True, fourier_k=7, fourier_order=3, gamma=0.99, gauss_std=1.5, gpu=0, hyper='default', importance_clip=15.0, inc=1, log_output='term_file', max_episodes=1000, max_inner=20, max_steps=500, optim='rmsprop', oracle=-1, raw_basis=True, restore=False, save_count=100, save_model=True, seed=21, speed=0, state_lr=0.001, summary=True, swarm=False, timestamp='5|25|11:59:35')
Actions space: 5 :: State space: 1
State Low: tensor([0.]) :: State High: tensor([1.])
State features:  [('dummy_param', torch.Size([1]))]
Policy:  [('fc1.weight', torch.Size([5, 1])), ('fc1.bias', torch.Size([5]))]
0 :: Rewards -0.291 :: steps: 0.10 :: Time: 0.001(0.01044/step) :: Entropy : 0.000 :: Grads : []
10 :: Rewards -4.965 :: steps: 1.00 :: Time: 0.008(0.00849/step) :: Entropy : 0.000 :: Grads : []
20 :: Rewards -8.744 :: steps: 1.00 :: Time: 0.009(0.00870/step) :: Entropy : 0.000 :: Grads : []
30 :: Rewards -13.971 :: steps: 1.00 :: Time: 0.009(0.00917/step) :: Entropy : 0.000 :: Grads : []
40 :: Rewards -17.320 :: steps: 1.00 :: Time: 0.009(0.00870/step) :: Entropy : 0.000 :: Grads : []
50 :: Rewards -20.329 :: steps: 1.00 :: Time: 0.009(0.00877/step) :: Entropy : 0.000 :: Grads : []
60 :: Rewards -22.363 :: steps: 1.00 :: Time: 0.009(0.00888/step) :: Entropy : 0.000 :: Grads : []
70 :: Rewards -24.858 :: steps: 1.00 :: Time: 0.009(0.00903/step) :: Entropy : 0.000 :: Grads : []
80 :: Rewards -25.588 :: steps: 1.00 :: Time: 0.009(0.00918/step) :: Entropy : 0.000 :: Grads : []
90 :: Rewards -26.290 :: steps: 1.00 :: Time: 0.009(0.00924/step) :: Entropy : 0.000 :: Grads : []
100 :: Rewards -27.020 :: steps: 1.00 :: Time: 0.009(0.00926/step) :: Entropy : 0.000 :: Grads : []
110 :: Rewards -28.161 :: steps: 1.00 :: Time: 0.009(0.00938/step) :: Entropy : 0.000 :: Grads : []
120 :: Rewards -28.161 :: steps: 1.00 :: Time: 0.009(0.00944/step) :: Entropy : 0.000 :: Grads : []
130 :: Rewards -28.595 :: steps: 1.00 :: Time: 0.010(0.00953/step) :: Entropy : 0.000 :: Grads : []
140 :: Rewards -28.595 :: steps: 1.00 :: Time: 0.010(0.00972/step) :: Entropy : 0.000 :: Grads : []
150 :: Rewards -28.595 :: steps: 1.00 :: Time: 0.010(0.00972/step) :: Entropy : 0.000 :: Grads : []
160 :: Rewards -28.595 :: steps: 1.00 :: Time: 0.010(0.00992/step) :: Entropy : 0.000 :: Grads : []
170 :: Rewards -28.595 :: steps: 1.00 :: Time: 0.010(0.01000/step) :: Entropy : 0.000 :: Grads : []
180 :: Rewards -28.595 :: steps: 1.00 :: Time: 0.010(0.01003/step) :: Entropy : 0.000 :: Grads : []
190 :: Rewards -28.595 :: steps: 1.00 :: Time: 0.010(0.01006/step) :: Entropy : 0.000 :: Grads : []
200 :: Rewards -28.595 :: steps: 1.00 :: Time: 0.010(0.01032/step) :: Entropy : 0.000 :: Grads : []
210 :: Rewards -28.595 :: steps: 1.00 :: Time: 0.010(0.01036/step) :: Entropy : 0.000 :: Grads : []
220 :: Rewards -28.595 :: steps: 1.00 :: Time: 0.010(0.01037/step) :: Entropy : 0.000 :: Grads : []
230 :: Rewards -28.595 :: steps: 1.00 :: Time: 0.011(0.01055/step) :: Entropy : 0.000 :: Grads : []
240 :: Rewards -28.595 :: steps: 1.00 :: Time: 0.011(0.01061/step) :: Entropy : 0.000 :: Grads : []
250 :: Rewards -28.595 :: steps: 1.00 :: Time: 0.011(0.01071/step) :: Entropy : 0.000 :: Grads : []
260 :: Rewards -28.595 :: steps: 1.00 :: Time: 0.011(0.01107/step) :: Entropy : 0.000 :: Grads : []
270 :: Rewards -28.595 :: steps: 1.00 :: Time: 0.011(0.01102/step) :: Entropy : 0.000 :: Grads : []
280 :: Rewards -28.595 :: steps: 1.00 :: Time: 0.011(0.01118/step) :: Entropy : 0.000 :: Grads : []
290 :: Rewards -28.595 :: steps: 1.00 :: Time: 0.011(0.01134/step) :: Entropy : 0.000 :: Grads : []
300 :: Rewards -28.595 :: steps: 1.00 :: Time: 0.012(0.01152/step) :: Entropy : 0.000 :: Grads : []
310 :: Rewards -28.595 :: steps: 1.00 :: Time: 0.012(0.01161/step) :: Entropy : 0.000 :: Grads : []
320 :: Rewards -28.595 :: steps: 1.00 :: Time: 0.012(0.01179/step) :: Entropy : 0.000 :: Grads : []
330 :: Rewards -28.595 :: steps: 1.00 :: Time: 0.012(0.01171/step) :: Entropy : 0.000 :: Grads : []
340 :: Rewards -28.595 :: steps: 1.00 :: Time: 0.012(0.01186/step) :: Entropy : 0.000 :: Grads : []
350 :: Rewards -28.595 :: steps: 1.00 :: Time: 0.012(0.01215/step) :: Entropy : 0.000 :: Grads : []
360 :: Rewards -28.595 :: steps: 1.00 :: Time: 0.012(0.01197/step) :: Entropy : 0.000 :: Grads : []
370 :: Rewards -28.595 :: steps: 1.00 :: Time: 0.012(0.01218/step) :: Entropy : 0.000 :: Grads : []
380 :: Rewards -28.595 :: steps: 1.00 :: Time: 0.012(0.01244/step) :: Entropy : 0.000 :: Grads : []
390 :: Rewards -28.595 :: steps: 1.00 :: Time: 0.012(0.01218/step) :: Entropy : 0.000 :: Grads : []
400 :: Rewards -28.595 :: steps: 1.00 :: Time: 0.012(0.01232/step) :: Entropy : 0.000 :: Grads : []
410 :: Rewards -28.595 :: steps: 1.00 :: Time: 0.013(0.01252/step) :: Entropy : 0.000 :: Grads : []
420 :: Rewards -28.595 :: steps: 1.00 :: Time: 0.014(0.01369/step) :: Entropy : 0.000 :: Grads : []
430 :: Rewards -28.595 :: steps: 1.00 :: Time: 0.014(0.01366/step) :: Entropy : 0.000 :: Grads : []
440 :: Rewards -28.595 :: steps: 1.00 :: Time: 0.014(0.01387/step) :: Entropy : 0.000 :: Grads : []
450 :: Rewards -28.595 :: steps: 1.00 :: Time: 0.014(0.01405/step) :: Entropy : 0.000 :: Grads : []
460 :: Rewards -28.595 :: steps: 1.00 :: Time: 0.014(0.01428/step) :: Entropy : 0.000 :: Grads : []
470 :: Rewards -28.595 :: steps: 1.00 :: Time: 0.014(0.01418/step) :: Entropy : 0.000 :: Grads : []
480 :: Rewards -28.595 :: steps: 1.00 :: Time: 0.014(0.01439/step) :: Entropy : 0.000 :: Grads : []
490 :: Rewards -28.595 :: steps: 1.00 :: Time: 0.015(0.01459/step) :: Entropy : 0.000 :: Grads : []
500 :: Rewards -28.595 :: steps: 1.00 :: Time: 0.015(0.01469/step) :: Entropy : 0.000 :: Grads : []
510 :: Rewards -28.595 :: steps: 1.00 :: Time: 0.015(0.01469/step) :: Entropy : 0.000 :: Grads : []
520 :: Rewards -28.595 :: steps: 1.00 :: Time: 0.015(0.01533/step) :: Entropy : 0.000 :: Grads : []
530 :: Rewards -28.595 :: steps: 1.00 :: Time: 0.015(0.01529/step) :: Entropy : 0.000 :: Grads : []
540 :: Rewards -28.595 :: steps: 1.00 :: Time: 0.015(0.01530/step) :: Entropy : 0.000 :: Grads : []
550 :: Rewards -28.595 :: steps: 1.00 :: Time: 0.016(0.01586/step) :: Entropy : 0.000 :: Grads : []
560 :: Rewards -28.595 :: steps: 1.00 :: Time: 0.015(0.01545/step) :: Entropy : 0.000 :: Grads : []
570 :: Rewards -28.595 :: steps: 1.00 :: Time: 0.015(0.01547/step) :: Entropy : 0.000 :: Grads : []
580 :: Rewards -28.595 :: steps: 1.00 :: Time: 0.016(0.01578/step) :: Entropy : 0.000 :: Grads : []
590 :: Rewards -28.595 :: steps: 1.00 :: Time: 0.016(0.01585/step) :: Entropy : 0.000 :: Grads : []
600 :: Rewards -28.595 :: steps: 1.00 :: Time: 0.016(0.01611/step) :: Entropy : 0.000 :: Grads : []
610 :: Rewards -28.595 :: steps: 1.00 :: Time: 0.016(0.01604/step) :: Entropy : 0.000 :: Grads : []
620 :: Rewards -28.595 :: steps: 1.00 :: Time: 0.016(0.01628/step) :: Entropy : 0.000 :: Grads : []
630 :: Rewards -28.595 :: steps: 1.00 :: Time: 0.016(0.01608/step) :: Entropy : 0.000 :: Grads : []
640 :: Rewards -28.595 :: steps: 1.00 :: Time: 0.017(0.01663/step) :: Entropy : 0.000 :: Grads : []
650 :: Rewards -28.595 :: steps: 1.00 :: Time: 0.016(0.01637/step) :: Entropy : 0.000 :: Grads : []
660 :: Rewards -28.595 :: steps: 1.00 :: Time: 0.016(0.01645/step) :: Entropy : 0.000 :: Grads : []
670 :: Rewards -28.595 :: steps: 1.00 :: Time: 0.017(0.01664/step) :: Entropy : 0.000 :: Grads : []
680 :: Rewards -28.595 :: steps: 1.00 :: Time: 0.017(0.01664/step) :: Entropy : 0.000 :: Grads : []
690 :: Rewards -28.595 :: steps: 1.00 :: Time: 0.017(0.01689/step) :: Entropy : 0.000 :: Grads : []
700 :: Rewards -28.595 :: steps: 1.00 :: Time: 0.017(0.01741/step) :: Entropy : 0.000 :: Grads : []
710 :: Rewards -28.595 :: steps: 1.00 :: Time: 0.018(0.01791/step) :: Entropy : 0.000 :: Grads : []
720 :: Rewards -28.595 :: steps: 1.00 :: Time: 0.017(0.01748/step) :: Entropy : 0.000 :: Grads : []
730 :: Rewards -28.595 :: steps: 1.00 :: Time: 0.018(0.01757/step) :: Entropy : 0.000 :: Grads : []
740 :: Rewards -28.595 :: steps: 1.00 :: Time: 0.018(0.01771/step) :: Entropy : 0.000 :: Grads : []
750 :: Rewards -28.595 :: steps: 1.00 :: Time: 0.018(0.01803/step) :: Entropy : 0.000 :: Grads : []
760 :: Rewards -28.595 :: steps: 1.00 :: Time: 0.018(0.01793/step) :: Entropy : 0.000 :: Grads : []
770 :: Rewards -28.595 :: steps: 1.00 :: Time: 0.018(0.01834/step) :: Entropy : 0.000 :: Grads : []
780 :: Rewards -28.595 :: steps: 1.00 :: Time: 0.019(0.01863/step) :: Entropy : 0.000 :: Grads : []
790 :: Rewards -28.595 :: steps: 1.00 :: Time: 0.019(0.01865/step) :: Entropy : 0.000 :: Grads : []
800 :: Rewards -28.595 :: steps: 1.00 :: Time: 0.019(0.01875/step) :: Entropy : 0.000 :: Grads : []
810 :: Rewards -28.595 :: steps: 1.00 :: Time: 0.019(0.01888/step) :: Entropy : 0.000 :: Grads : []
820 :: Rewards -28.595 :: steps: 1.00 :: Time: 0.019(0.01920/step) :: Entropy : 0.000 :: Grads : []
830 :: Rewards -28.595 :: steps: 1.00 :: Time: 0.020(0.01951/step) :: Entropy : 0.000 :: Grads : []
840 :: Rewards -28.595 :: steps: 1.00 :: Time: 0.019(0.01927/step) :: Entropy : 0.000 :: Grads : []
850 :: Rewards -28.595 :: steps: 1.00 :: Time: 0.019(0.01939/step) :: Entropy : 0.000 :: Grads : []
860 :: Rewards -28.595 :: steps: 1.00 :: Time: 0.019(0.01924/step) :: Entropy : 0.000 :: Grads : []
870 :: Rewards -28.595 :: steps: 1.00 :: Time: 0.019(0.01932/step) :: Entropy : 0.000 :: Grads : []
880 :: Rewards -28.595 :: steps: 1.00 :: Time: 0.019(0.01947/step) :: Entropy : 0.000 :: Grads : []
890 :: Rewards -28.595 :: steps: 1.00 :: Time: 0.019(0.01937/step) :: Entropy : 0.000 :: Grads : []
900 :: Rewards -28.595 :: steps: 1.00 :: Time: 0.020(0.01966/step) :: Entropy : 0.000 :: Grads : []
910 :: Rewards -28.595 :: steps: 1.00 :: Time: 0.020(0.02011/step) :: Entropy : 0.000 :: Grads : []
920 :: Rewards -28.595 :: steps: 1.00 :: Time: 0.020(0.02029/step) :: Entropy : 0.000 :: Grads : []
930 :: Rewards -28.595 :: steps: 1.00 :: Time: 0.020(0.02017/step) :: Entropy : 0.000 :: Grads : []
940 :: Rewards -28.595 :: steps: 1.00 :: Time: 0.020(0.02016/step) :: Entropy : 0.000 :: Grads : []
950 :: Rewards -28.595 :: steps: 1.00 :: Time: 0.020(0.01987/step) :: Entropy : 0.000 :: Grads : []
960 :: Rewards -28.595 :: steps: 1.00 :: Time: 0.020(0.02041/step) :: Entropy : 0.000 :: Grads : []
970 :: Rewards -28.595 :: steps: 1.00 :: Time: 0.020(0.02026/step) :: Entropy : 0.000 :: Grads : []
980 :: Rewards -28.595 :: steps: 1.00 :: Time: 0.021(0.02084/step) :: Entropy : 0.000 :: Grads : []
990 :: Rewards -28.595 :: steps: 1.00 :: Time: 0.021(0.02062/step) :: Entropy : 0.000 :: Grads : []
999 :: Rewards -28.595 :: steps: 0.90 :: Time: 0.019(0.02075/step) :: Entropy : 0.000 :: Grads : []
Total time taken: 14.61297607421875
