Module path:  Environments.NS_Reco NS_Reco
Dynamically loaded from:  <class 'Environments.NS_Reco.NS_Reco'>
Reward Amplitudes: [4.17022005e-01 7.20324493e-01 1.14374817e-04 3.02332573e-01
 1.46755891e-01] :: Avg 0.317309867282206 
Module path:  Src.Algorithms.ProOLS ProOLS
Dynamically loaded from:  <class 'Src.Algorithms.ProOLS.ProOLS'>
=====Configurations=====
 Namespace(NN_basis_dim='32', Policy_basis_dim='32', actor_lr=0.0013967975033711264, algo_name='ProOLS', base=0, batch_size=1000, buffer_size=1000, debug=False, delta=1, entropy_lambda=0.009309067356364342, env_name='NS_Reco', experiment='NS_0r_', extrapolator_basis='Fourier', folder_suffix='Default', fourier_coupled=True, fourier_k=5, fourier_order=3, gamma=0.99, gauss_std=1.5, gpu=0, hyper='default', importance_clip=15.0, inc=1, log_output='term_file', max_episodes=1000, max_inner=30, max_steps=500, optim='rmsprop', oracle=-1, raw_basis=True, restore=False, save_count=100, save_model=True, seed=15, speed=0, state_lr=0.001, summary=True, swarm=False, timestamp='5|25|11:43:35')
Actions space: 5 :: State space: 1
State Low: tensor([0.]) :: State High: tensor([1.])
State features:  [('dummy_param', torch.Size([1]))]
Policy:  [('fc1.weight', torch.Size([5, 1])), ('fc1.bias', torch.Size([5]))]
0 :: Rewards -0.570 :: steps: 0.10 :: Time: 0.000(0.00069/step) :: Entropy : 0.000 :: Grads : []
10 :: Rewards -4.004 :: steps: 1.00 :: Time: 0.009(0.00862/step) :: Entropy : 0.000 :: Grads : []
20 :: Rewards -6.870 :: steps: 1.00 :: Time: 0.014(0.01410/step) :: Entropy : 0.000 :: Grads : []
30 :: Rewards -10.172 :: steps: 1.00 :: Time: 0.014(0.01449/step) :: Entropy : 0.000 :: Grads : []
40 :: Rewards -12.947 :: steps: 1.00 :: Time: 0.014(0.01382/step) :: Entropy : 0.000 :: Grads : []
50 :: Rewards -14.952 :: steps: 1.00 :: Time: 0.014(0.01401/step) :: Entropy : 0.000 :: Grads : []
60 :: Rewards -15.353 :: steps: 1.00 :: Time: 0.014(0.01407/step) :: Entropy : 0.000 :: Grads : []
70 :: Rewards -15.665 :: steps: 1.00 :: Time: 0.014(0.01425/step) :: Entropy : 0.000 :: Grads : []
80 :: Rewards -15.966 :: steps: 1.00 :: Time: 0.014(0.01435/step) :: Entropy : 0.000 :: Grads : []
90 :: Rewards -16.377 :: steps: 1.00 :: Time: 0.014(0.01442/step) :: Entropy : 0.000 :: Grads : []
100 :: Rewards -16.377 :: steps: 1.00 :: Time: 0.015(0.01463/step) :: Entropy : 0.000 :: Grads : []
110 :: Rewards -16.377 :: steps: 1.00 :: Time: 0.015(0.01468/step) :: Entropy : 0.000 :: Grads : []
120 :: Rewards -16.377 :: steps: 1.00 :: Time: 0.015(0.01488/step) :: Entropy : 0.000 :: Grads : []
130 :: Rewards -16.377 :: steps: 1.00 :: Time: 0.015(0.01496/step) :: Entropy : 0.000 :: Grads : []
140 :: Rewards -16.377 :: steps: 1.00 :: Time: 0.015(0.01521/step) :: Entropy : 0.000 :: Grads : []
150 :: Rewards -16.377 :: steps: 1.00 :: Time: 0.015(0.01534/step) :: Entropy : 0.000 :: Grads : []
160 :: Rewards -16.377 :: steps: 1.00 :: Time: 0.015(0.01535/step) :: Entropy : 0.000 :: Grads : []
170 :: Rewards -16.377 :: steps: 1.00 :: Time: 0.015(0.01549/step) :: Entropy : 0.000 :: Grads : []
180 :: Rewards -16.377 :: steps: 1.00 :: Time: 0.016(0.01561/step) :: Entropy : 0.000 :: Grads : []
190 :: Rewards -16.377 :: steps: 1.00 :: Time: 0.016(0.01578/step) :: Entropy : 0.000 :: Grads : []
200 :: Rewards -16.377 :: steps: 1.00 :: Time: 0.016(0.01584/step) :: Entropy : 0.000 :: Grads : []
210 :: Rewards -16.377 :: steps: 1.00 :: Time: 0.016(0.01595/step) :: Entropy : 0.000 :: Grads : []
220 :: Rewards -16.377 :: steps: 1.00 :: Time: 0.016(0.01602/step) :: Entropy : 0.000 :: Grads : []
230 :: Rewards -16.377 :: steps: 1.00 :: Time: 0.016(0.01623/step) :: Entropy : 0.000 :: Grads : []
240 :: Rewards -16.377 :: steps: 1.00 :: Time: 0.016(0.01631/step) :: Entropy : 0.000 :: Grads : []
250 :: Rewards -16.377 :: steps: 1.00 :: Time: 0.016(0.01645/step) :: Entropy : 0.000 :: Grads : []
260 :: Rewards -16.377 :: steps: 1.00 :: Time: 0.017(0.01683/step) :: Entropy : 0.000 :: Grads : []
270 :: Rewards -16.377 :: steps: 1.00 :: Time: 0.017(0.01730/step) :: Entropy : 0.000 :: Grads : []
280 :: Rewards -16.377 :: steps: 1.00 :: Time: 0.019(0.01867/step) :: Entropy : 0.000 :: Grads : []
290 :: Rewards -16.377 :: steps: 1.00 :: Time: 0.017(0.01744/step) :: Entropy : 0.000 :: Grads : []
300 :: Rewards -16.377 :: steps: 1.00 :: Time: 0.017(0.01750/step) :: Entropy : 0.000 :: Grads : []
310 :: Rewards -16.377 :: steps: 1.00 :: Time: 0.018(0.01798/step) :: Entropy : 0.000 :: Grads : []
320 :: Rewards -16.377 :: steps: 1.00 :: Time: 0.018(0.01823/step) :: Entropy : 0.000 :: Grads : []
330 :: Rewards -16.377 :: steps: 1.00 :: Time: 0.018(0.01844/step) :: Entropy : 0.000 :: Grads : []
340 :: Rewards -16.377 :: steps: 1.00 :: Time: 0.019(0.01871/step) :: Entropy : 0.000 :: Grads : []
350 :: Rewards -16.377 :: steps: 1.00 :: Time: 0.019(0.01908/step) :: Entropy : 0.000 :: Grads : []
360 :: Rewards -16.377 :: steps: 1.00 :: Time: 0.019(0.01901/step) :: Entropy : 0.000 :: Grads : []
370 :: Rewards -16.377 :: steps: 1.00 :: Time: 0.019(0.01947/step) :: Entropy : 0.000 :: Grads : []
380 :: Rewards -16.377 :: steps: 1.00 :: Time: 0.020(0.01955/step) :: Entropy : 0.000 :: Grads : []
390 :: Rewards -16.377 :: steps: 1.00 :: Time: 0.020(0.02012/step) :: Entropy : 0.000 :: Grads : []
400 :: Rewards -16.377 :: steps: 1.00 :: Time: 0.020(0.02009/step) :: Entropy : 0.000 :: Grads : []
410 :: Rewards -16.377 :: steps: 1.00 :: Time: 0.020(0.02014/step) :: Entropy : 0.000 :: Grads : []
420 :: Rewards -16.377 :: steps: 1.00 :: Time: 0.021(0.02096/step) :: Entropy : 0.000 :: Grads : []
430 :: Rewards -16.377 :: steps: 1.00 :: Time: 0.022(0.02187/step) :: Entropy : 0.000 :: Grads : []
440 :: Rewards -16.377 :: steps: 1.00 :: Time: 0.021(0.02143/step) :: Entropy : 0.000 :: Grads : []
450 :: Rewards -16.377 :: steps: 1.00 :: Time: 0.021(0.02134/step) :: Entropy : 0.000 :: Grads : []
460 :: Rewards -16.377 :: steps: 1.00 :: Time: 0.021(0.02143/step) :: Entropy : 0.000 :: Grads : []
470 :: Rewards -16.377 :: steps: 1.00 :: Time: 0.022(0.02184/step) :: Entropy : 0.000 :: Grads : []
480 :: Rewards -16.377 :: steps: 1.00 :: Time: 0.022(0.02169/step) :: Entropy : 0.000 :: Grads : []
490 :: Rewards -16.377 :: steps: 1.00 :: Time: 0.022(0.02167/step) :: Entropy : 0.000 :: Grads : []
500 :: Rewards -16.377 :: steps: 1.00 :: Time: 0.022(0.02192/step) :: Entropy : 0.000 :: Grads : []
510 :: Rewards -16.377 :: steps: 1.00 :: Time: 0.022(0.02208/step) :: Entropy : 0.000 :: Grads : []
520 :: Rewards -16.377 :: steps: 1.00 :: Time: 0.023(0.02258/step) :: Entropy : 0.000 :: Grads : []
530 :: Rewards -16.377 :: steps: 1.00 :: Time: 0.023(0.02271/step) :: Entropy : 0.000 :: Grads : []
540 :: Rewards -16.377 :: steps: 1.00 :: Time: 0.023(0.02314/step) :: Entropy : 0.000 :: Grads : []
550 :: Rewards -16.377 :: steps: 1.00 :: Time: 0.023(0.02318/step) :: Entropy : 0.000 :: Grads : []
560 :: Rewards -16.377 :: steps: 1.00 :: Time: 0.023(0.02313/step) :: Entropy : 0.000 :: Grads : []
570 :: Rewards -16.377 :: steps: 1.00 :: Time: 0.023(0.02315/step) :: Entropy : 0.000 :: Grads : []
580 :: Rewards -16.377 :: steps: 1.00 :: Time: 0.023(0.02335/step) :: Entropy : 0.000 :: Grads : []
590 :: Rewards -16.377 :: steps: 1.00 :: Time: 0.024(0.02370/step) :: Entropy : 0.000 :: Grads : []
600 :: Rewards -16.377 :: steps: 1.00 :: Time: 0.024(0.02364/step) :: Entropy : 0.000 :: Grads : []
610 :: Rewards -16.377 :: steps: 1.00 :: Time: 0.024(0.02368/step) :: Entropy : 0.000 :: Grads : []
620 :: Rewards -16.377 :: steps: 1.00 :: Time: 0.024(0.02372/step) :: Entropy : 0.000 :: Grads : []
630 :: Rewards -16.377 :: steps: 1.00 :: Time: 0.024(0.02361/step) :: Entropy : 0.000 :: Grads : []
640 :: Rewards -16.377 :: steps: 1.00 :: Time: 0.024(0.02418/step) :: Entropy : 0.000 :: Grads : []
650 :: Rewards -16.377 :: steps: 1.00 :: Time: 0.024(0.02417/step) :: Entropy : 0.000 :: Grads : []
660 :: Rewards -16.377 :: steps: 1.00 :: Time: 0.025(0.02452/step) :: Entropy : 0.000 :: Grads : []
670 :: Rewards -16.377 :: steps: 1.00 :: Time: 0.025(0.02476/step) :: Entropy : 0.000 :: Grads : []
680 :: Rewards -16.377 :: steps: 1.00 :: Time: 0.024(0.02438/step) :: Entropy : 0.000 :: Grads : []
690 :: Rewards -16.377 :: steps: 1.00 :: Time: 0.025(0.02471/step) :: Entropy : 0.000 :: Grads : []
700 :: Rewards -16.377 :: steps: 1.00 :: Time: 0.025(0.02472/step) :: Entropy : 0.000 :: Grads : []
710 :: Rewards -16.377 :: steps: 1.00 :: Time: 0.025(0.02456/step) :: Entropy : 0.000 :: Grads : []
720 :: Rewards -16.377 :: steps: 1.00 :: Time: 0.020(0.02041/step) :: Entropy : 0.000 :: Grads : []
730 :: Rewards -16.377 :: steps: 1.00 :: Time: 0.020(0.01980/step) :: Entropy : 0.000 :: Grads : []
740 :: Rewards -16.377 :: steps: 1.00 :: Time: 0.020(0.01979/step) :: Entropy : 0.000 :: Grads : []
750 :: Rewards -16.377 :: steps: 1.00 :: Time: 0.020(0.02013/step) :: Entropy : 0.000 :: Grads : []
760 :: Rewards -16.377 :: steps: 1.00 :: Time: 0.020(0.01973/step) :: Entropy : 0.000 :: Grads : []
770 :: Rewards -16.377 :: steps: 1.00 :: Time: 0.020(0.01987/step) :: Entropy : 0.000 :: Grads : []
780 :: Rewards -16.377 :: steps: 1.00 :: Time: 0.021(0.02074/step) :: Entropy : 0.000 :: Grads : []
790 :: Rewards -16.377 :: steps: 1.00 :: Time: 0.021(0.02140/step) :: Entropy : 0.000 :: Grads : []
800 :: Rewards -16.377 :: steps: 1.00 :: Time: 0.021(0.02142/step) :: Entropy : 0.000 :: Grads : []
810 :: Rewards -16.377 :: steps: 1.00 :: Time: 0.022(0.02160/step) :: Entropy : 0.000 :: Grads : []
820 :: Rewards -16.377 :: steps: 1.00 :: Time: 0.022(0.02189/step) :: Entropy : 0.000 :: Grads : []
830 :: Rewards -16.377 :: steps: 1.00 :: Time: 0.022(0.02211/step) :: Entropy : 0.000 :: Grads : []
840 :: Rewards -16.377 :: steps: 1.00 :: Time: 0.022(0.02226/step) :: Entropy : 0.000 :: Grads : []
850 :: Rewards -16.377 :: steps: 1.00 :: Time: 0.023(0.02262/step) :: Entropy : 0.000 :: Grads : []
860 :: Rewards -16.377 :: steps: 1.00 :: Time: 0.022(0.02208/step) :: Entropy : 0.000 :: Grads : []
870 :: Rewards -16.377 :: steps: 1.00 :: Time: 0.022(0.02228/step) :: Entropy : 0.000 :: Grads : []
880 :: Rewards -16.377 :: steps: 1.00 :: Time: 0.022(0.02223/step) :: Entropy : 0.000 :: Grads : []
890 :: Rewards -16.377 :: steps: 1.00 :: Time: 0.022(0.02219/step) :: Entropy : 0.000 :: Grads : []
900 :: Rewards -16.377 :: steps: 1.00 :: Time: 0.022(0.02226/step) :: Entropy : 0.000 :: Grads : []
910 :: Rewards -16.377 :: steps: 1.00 :: Time: 0.022(0.02245/step) :: Entropy : 0.000 :: Grads : []
920 :: Rewards -16.377 :: steps: 1.00 :: Time: 0.023(0.02273/step) :: Entropy : 0.000 :: Grads : []
930 :: Rewards -16.377 :: steps: 1.00 :: Time: 0.023(0.02281/step) :: Entropy : 0.000 :: Grads : []
940 :: Rewards -16.377 :: steps: 1.00 :: Time: 0.023(0.02300/step) :: Entropy : 0.000 :: Grads : []
950 :: Rewards -16.377 :: steps: 1.00 :: Time: 0.023(0.02297/step) :: Entropy : 0.000 :: Grads : []
960 :: Rewards -16.377 :: steps: 1.00 :: Time: 0.023(0.02332/step) :: Entropy : 0.000 :: Grads : []
970 :: Rewards -16.377 :: steps: 1.00 :: Time: 0.024(0.02355/step) :: Entropy : 0.000 :: Grads : []
980 :: Rewards -16.377 :: steps: 1.00 :: Time: 0.024(0.02369/step) :: Entropy : 0.000 :: Grads : []
990 :: Rewards -16.377 :: steps: 1.00 :: Time: 0.024(0.02371/step) :: Entropy : 0.000 :: Grads : []
999 :: Rewards -16.377 :: steps: 0.90 :: Time: 0.021(0.02378/step) :: Entropy : 0.000 :: Grads : []
Total time taken: 20.06883406639099
