Module path:  Environments.NS_Reco NS_Reco
Dynamically loaded from:  <class 'Environments.NS_Reco.NS_Reco'>
Reward Amplitudes: [4.17022005e-01 7.20324493e-01 1.14374817e-04 3.02332573e-01
 1.46755891e-01] :: Avg 0.317309867282206 
Module path:  Src.Algorithms.OFPG OFPG
Dynamically loaded from:  <class 'Src.Algorithms.OFPG.OFPG'>
=====Configurations=====
 Namespace(NN_basis_dim='32', Policy_basis_dim='32', actor_lr=0.002251439950474301, algo_name='OFPG', base=0, batch_size=1000, buffer_size=1000, debug=False, delta=1, entropy_lambda=0.11057727559233214, env_name='NS_Reco', experiment='NS_3r_', extrapolator_basis='Fourier', folder_suffix='Default', fourier_coupled=True, fourier_k=7, fourier_order=3, gamma=0.99, gauss_std=1.5, gpu=0, hyper='default', importance_clip=10.0, inc=1, log_output='term_file', max_episodes=1000, max_inner=30, max_steps=500, optim='rmsprop', oracle=-1, raw_basis=True, restore=False, save_count=100, save_model=True, seed=3, speed=3, state_lr=0.001, summary=True, swarm=False, timestamp='5|25|9:34:43')
Actions space: 5 :: State space: 1
State Low: tensor([0.]) :: State High: tensor([1.])
State features:  [('dummy_param', torch.Size([1]))]
Policy:  [('fc1.weight', torch.Size([5, 1])), ('fc1.bias', torch.Size([5]))]
0 :: Rewards -0.007 :: steps: 0.10 :: Time: 0.001(0.01344/step) :: Entropy : 0.000 :: Grads : []
10 :: Rewards -0.337 :: steps: 1.00 :: Time: 0.012(0.01179/step) :: Entropy : 0.000 :: Grads : []
20 :: Rewards -0.867 :: steps: 1.00 :: Time: 0.012(0.01232/step) :: Entropy : 0.000 :: Grads : []
30 :: Rewards -1.791 :: steps: 1.00 :: Time: 0.012(0.01238/step) :: Entropy : 0.000 :: Grads : []
40 :: Rewards -2.292 :: steps: 1.00 :: Time: 0.012(0.01186/step) :: Entropy : 0.000 :: Grads : []
50 :: Rewards -2.701 :: steps: 1.00 :: Time: 0.012(0.01205/step) :: Entropy : 0.000 :: Grads : []
60 :: Rewards -3.087 :: steps: 1.00 :: Time: 0.012(0.01207/step) :: Entropy : 0.000 :: Grads : []
70 :: Rewards -4.162 :: steps: 1.00 :: Time: 0.012(0.01223/step) :: Entropy : 0.000 :: Grads : []
80 :: Rewards -5.526 :: steps: 1.00 :: Time: 0.012(0.01239/step) :: Entropy : 0.000 :: Grads : []
90 :: Rewards -6.527 :: steps: 1.00 :: Time: 0.012(0.01247/step) :: Entropy : 0.000 :: Grads : []
100 :: Rewards -7.449 :: steps: 1.00 :: Time: 0.013(0.01260/step) :: Entropy : 0.000 :: Grads : []
110 :: Rewards -8.415 :: steps: 1.00 :: Time: 0.013(0.01278/step) :: Entropy : 0.000 :: Grads : []
120 :: Rewards -10.021 :: steps: 1.00 :: Time: 0.013(0.01345/step) :: Entropy : 0.000 :: Grads : []
130 :: Rewards -10.376 :: steps: 1.00 :: Time: 0.013(0.01316/step) :: Entropy : 0.000 :: Grads : []
140 :: Rewards -11.543 :: steps: 1.00 :: Time: 0.013(0.01334/step) :: Entropy : 0.000 :: Grads : []
150 :: Rewards -12.881 :: steps: 1.00 :: Time: 0.014(0.01403/step) :: Entropy : 0.000 :: Grads : []
160 :: Rewards -13.299 :: steps: 1.00 :: Time: 0.014(0.01353/step) :: Entropy : 0.000 :: Grads : []
170 :: Rewards -13.299 :: steps: 1.00 :: Time: 0.013(0.01340/step) :: Entropy : 0.000 :: Grads : []
180 :: Rewards -13.871 :: steps: 1.00 :: Time: 0.013(0.01350/step) :: Entropy : 0.000 :: Grads : []
190 :: Rewards -14.222 :: steps: 1.00 :: Time: 0.014(0.01370/step) :: Entropy : 0.000 :: Grads : []
200 :: Rewards -14.650 :: steps: 1.00 :: Time: 0.014(0.01381/step) :: Entropy : 0.000 :: Grads : []
210 :: Rewards -14.953 :: steps: 1.00 :: Time: 0.014(0.01388/step) :: Entropy : 0.000 :: Grads : []
220 :: Rewards -15.057 :: steps: 1.00 :: Time: 0.014(0.01391/step) :: Entropy : 0.000 :: Grads : []
230 :: Rewards -15.568 :: steps: 1.00 :: Time: 0.014(0.01427/step) :: Entropy : 0.000 :: Grads : []
240 :: Rewards -15.766 :: steps: 1.00 :: Time: 0.014(0.01416/step) :: Entropy : 0.000 :: Grads : []
250 :: Rewards -16.291 :: steps: 1.00 :: Time: 0.015(0.01509/step) :: Entropy : 0.000 :: Grads : []
260 :: Rewards -17.059 :: steps: 1.00 :: Time: 0.015(0.01459/step) :: Entropy : 0.000 :: Grads : []
270 :: Rewards -18.215 :: steps: 1.00 :: Time: 0.015(0.01481/step) :: Entropy : 0.000 :: Grads : []
280 :: Rewards -19.977 :: steps: 1.00 :: Time: 0.015(0.01493/step) :: Entropy : 0.000 :: Grads : []
290 :: Rewards -22.043 :: steps: 1.00 :: Time: 0.015(0.01491/step) :: Entropy : 0.000 :: Grads : []
300 :: Rewards -24.500 :: steps: 1.00 :: Time: 0.015(0.01491/step) :: Entropy : 0.000 :: Grads : []
310 :: Rewards -26.987 :: steps: 1.00 :: Time: 0.015(0.01514/step) :: Entropy : 0.000 :: Grads : []
320 :: Rewards -30.873 :: steps: 1.00 :: Time: 0.015(0.01529/step) :: Entropy : 0.000 :: Grads : []
330 :: Rewards -33.952 :: steps: 1.00 :: Time: 0.016(0.01551/step) :: Entropy : 0.000 :: Grads : []
340 :: Rewards -36.843 :: steps: 1.00 :: Time: 0.016(0.01592/step) :: Entropy : 0.000 :: Grads : []
350 :: Rewards -39.486 :: steps: 1.00 :: Time: 0.016(0.01600/step) :: Entropy : 0.000 :: Grads : []
360 :: Rewards -41.799 :: steps: 1.00 :: Time: 0.016(0.01628/step) :: Entropy : 0.000 :: Grads : []
370 :: Rewards -44.527 :: steps: 1.00 :: Time: 0.016(0.01639/step) :: Entropy : 0.000 :: Grads : []
380 :: Rewards -47.456 :: steps: 1.00 :: Time: 0.017(0.01652/step) :: Entropy : 0.000 :: Grads : []
390 :: Rewards -50.174 :: steps: 1.00 :: Time: 0.017(0.01663/step) :: Entropy : 0.000 :: Grads : []
400 :: Rewards -54.479 :: steps: 1.00 :: Time: 0.017(0.01679/step) :: Entropy : 0.000 :: Grads : []
410 :: Rewards -57.579 :: steps: 1.00 :: Time: 0.017(0.01698/step) :: Entropy : 0.000 :: Grads : []
420 :: Rewards -60.821 :: steps: 1.00 :: Time: 0.018(0.01753/step) :: Entropy : 0.000 :: Grads : []
430 :: Rewards -64.814 :: steps: 1.00 :: Time: 0.018(0.01760/step) :: Entropy : 0.000 :: Grads : []
440 :: Rewards -67.269 :: steps: 1.00 :: Time: 0.018(0.01779/step) :: Entropy : 0.000 :: Grads : []
450 :: Rewards -69.960 :: steps: 1.00 :: Time: 0.018(0.01815/step) :: Entropy : 0.000 :: Grads : []
460 :: Rewards -71.563 :: steps: 1.00 :: Time: 0.018(0.01786/step) :: Entropy : 0.000 :: Grads : []
470 :: Rewards -74.354 :: steps: 1.00 :: Time: 0.018(0.01798/step) :: Entropy : 0.000 :: Grads : []
480 :: Rewards -76.238 :: steps: 1.00 :: Time: 0.018(0.01811/step) :: Entropy : 0.000 :: Grads : []
490 :: Rewards -79.644 :: steps: 1.00 :: Time: 0.018(0.01819/step) :: Entropy : 0.000 :: Grads : []
500 :: Rewards -82.545 :: steps: 1.00 :: Time: 0.018(0.01827/step) :: Entropy : 0.000 :: Grads : []
510 :: Rewards -83.986 :: steps: 1.00 :: Time: 0.018(0.01833/step) :: Entropy : 0.000 :: Grads : []
520 :: Rewards -85.655 :: steps: 1.00 :: Time: 0.019(0.01873/step) :: Entropy : 0.000 :: Grads : []
530 :: Rewards -88.566 :: steps: 1.00 :: Time: 0.019(0.01878/step) :: Entropy : 0.000 :: Grads : []
540 :: Rewards -90.905 :: steps: 1.00 :: Time: 0.019(0.01884/step) :: Entropy : 0.000 :: Grads : []
550 :: Rewards -93.184 :: steps: 1.00 :: Time: 0.019(0.01892/step) :: Entropy : 0.000 :: Grads : []
560 :: Rewards -95.029 :: steps: 1.00 :: Time: 0.019(0.01911/step) :: Entropy : 0.000 :: Grads : []
570 :: Rewards -97.572 :: steps: 1.00 :: Time: 0.019(0.01895/step) :: Entropy : 0.000 :: Grads : []
580 :: Rewards -98.988 :: steps: 1.00 :: Time: 0.019(0.01923/step) :: Entropy : 0.000 :: Grads : []
590 :: Rewards -100.612 :: steps: 1.00 :: Time: 0.019(0.01937/step) :: Entropy : 0.000 :: Grads : []
600 :: Rewards -102.748 :: steps: 1.00 :: Time: 0.019(0.01941/step) :: Entropy : 0.000 :: Grads : []
610 :: Rewards -105.633 :: steps: 1.00 :: Time: 0.020(0.01965/step) :: Entropy : 0.000 :: Grads : []
620 :: Rewards -109.481 :: steps: 1.00 :: Time: 0.020(0.01957/step) :: Entropy : 0.000 :: Grads : []
630 :: Rewards -113.515 :: steps: 1.00 :: Time: 0.020(0.01977/step) :: Entropy : 0.000 :: Grads : []
640 :: Rewards -118.295 :: steps: 1.00 :: Time: 0.020(0.01987/step) :: Entropy : 0.000 :: Grads : []
650 :: Rewards -123.403 :: steps: 1.00 :: Time: 0.020(0.01993/step) :: Entropy : 0.000 :: Grads : []
660 :: Rewards -130.295 :: steps: 1.00 :: Time: 0.020(0.01992/step) :: Entropy : 0.000 :: Grads : []
670 :: Rewards -135.925 :: steps: 1.00 :: Time: 0.020(0.02008/step) :: Entropy : 0.000 :: Grads : []
680 :: Rewards -141.783 :: steps: 1.00 :: Time: 0.020(0.02008/step) :: Entropy : 0.000 :: Grads : []
690 :: Rewards -147.094 :: steps: 1.00 :: Time: 0.020(0.02026/step) :: Entropy : 0.000 :: Grads : []
700 :: Rewards -152.847 :: steps: 1.00 :: Time: 0.020(0.02043/step) :: Entropy : 0.000 :: Grads : []
710 :: Rewards -159.426 :: steps: 1.00 :: Time: 0.020(0.02043/step) :: Entropy : 0.000 :: Grads : []
720 :: Rewards -165.125 :: steps: 1.00 :: Time: 0.020(0.02041/step) :: Entropy : 0.000 :: Grads : []
730 :: Rewards -168.551 :: steps: 1.00 :: Time: 0.021(0.02093/step) :: Entropy : 0.000 :: Grads : []
740 :: Rewards -173.396 :: steps: 1.00 :: Time: 0.021(0.02105/step) :: Entropy : 0.000 :: Grads : []
750 :: Rewards -179.621 :: steps: 1.00 :: Time: 0.021(0.02072/step) :: Entropy : 0.000 :: Grads : []
760 :: Rewards -184.867 :: steps: 1.00 :: Time: 0.021(0.02088/step) :: Entropy : 0.000 :: Grads : []
770 :: Rewards -189.386 :: steps: 1.00 :: Time: 0.021(0.02097/step) :: Entropy : 0.000 :: Grads : []
780 :: Rewards -192.970 :: steps: 1.00 :: Time: 0.021(0.02120/step) :: Entropy : 0.000 :: Grads : []
790 :: Rewards -194.860 :: steps: 1.00 :: Time: 0.021(0.02147/step) :: Entropy : 0.000 :: Grads : []
800 :: Rewards -196.833 :: steps: 1.00 :: Time: 0.022(0.02152/step) :: Entropy : 0.000 :: Grads : []
810 :: Rewards -199.625 :: steps: 1.00 :: Time: 0.022(0.02157/step) :: Entropy : 0.000 :: Grads : []
820 :: Rewards -201.527 :: steps: 1.00 :: Time: 0.022(0.02170/step) :: Entropy : 0.000 :: Grads : []
830 :: Rewards -203.602 :: steps: 1.00 :: Time: 0.022(0.02168/step) :: Entropy : 0.000 :: Grads : []
840 :: Rewards -204.868 :: steps: 1.00 :: Time: 0.022(0.02185/step) :: Entropy : 0.000 :: Grads : []
850 :: Rewards -205.434 :: steps: 1.00 :: Time: 0.022(0.02202/step) :: Entropy : 0.000 :: Grads : []
860 :: Rewards -206.836 :: steps: 1.00 :: Time: 0.022(0.02195/step) :: Entropy : 0.000 :: Grads : []
870 :: Rewards -208.904 :: steps: 1.00 :: Time: 0.022(0.02248/step) :: Entropy : 0.000 :: Grads : []
880 :: Rewards -211.409 :: steps: 1.00 :: Time: 0.022(0.02206/step) :: Entropy : 0.000 :: Grads : []
890 :: Rewards -215.093 :: steps: 1.00 :: Time: 0.022(0.02207/step) :: Entropy : 0.000 :: Grads : []
900 :: Rewards -219.011 :: steps: 1.00 :: Time: 0.022(0.02224/step) :: Entropy : 0.000 :: Grads : []
910 :: Rewards -223.626 :: steps: 1.00 :: Time: 0.023(0.02274/step) :: Entropy : 0.000 :: Grads : []
920 :: Rewards -227.395 :: steps: 1.00 :: Time: 0.023(0.02256/step) :: Entropy : 0.000 :: Grads : []
930 :: Rewards -230.776 :: steps: 1.00 :: Time: 0.023(0.02270/step) :: Entropy : 0.000 :: Grads : []
940 :: Rewards -234.900 :: steps: 1.00 :: Time: 0.023(0.02258/step) :: Entropy : 0.000 :: Grads : []
950 :: Rewards -239.511 :: steps: 1.00 :: Time: 0.023(0.02270/step) :: Entropy : 0.000 :: Grads : []
960 :: Rewards -244.197 :: steps: 1.00 :: Time: 0.023(0.02286/step) :: Entropy : 0.000 :: Grads : []
970 :: Rewards -251.730 :: steps: 1.00 :: Time: 0.023(0.02276/step) :: Entropy : 0.000 :: Grads : []
980 :: Rewards -254.705 :: steps: 1.00 :: Time: 0.023(0.02318/step) :: Entropy : 0.000 :: Grads : []
990 :: Rewards -260.869 :: steps: 1.00 :: Time: 0.023(0.02305/step) :: Entropy : 0.000 :: Grads : []
999 :: Rewards -265.110 :: steps: 0.90 :: Time: 0.021(0.02324/step) :: Entropy : 0.000 :: Grads : []
Total time taken: 17.957644939422607
