Module path:  Environments.NS_Reco NS_Reco
Dynamically loaded from:  <class 'Environments.NS_Reco.NS_Reco'>
Reward Amplitudes: [4.17022005e-01 7.20324493e-01 1.14374817e-04 3.02332573e-01
 1.46755891e-01] :: Avg 0.317309867282206 
Module path:  Src.Algorithms.ProWLS ProWLS
Dynamically loaded from:  <class 'Src.Algorithms.ProWLS.ProWLS'>
=====Configurations=====
 Namespace(NN_basis_dim='32', Policy_basis_dim='32', actor_lr=0.0037403051736555927, algo_name='ProWLS', base=0, batch_size=1000, buffer_size=1000, debug=False, delta=3, entropy_lambda=0.041755411764967935, env_name='NS_Reco', experiment='NS_4r_', extrapolator_basis='Fourier', folder_suffix='Default', fourier_coupled=True, fourier_k=7, fourier_order=3, gamma=0.99, gauss_std=1.5, gpu=0, hyper='default', importance_clip=5.0, inc=1, log_output='term_file', max_episodes=1000, max_inner=60, max_steps=500, optim='rmsprop', oracle=-1, raw_basis=True, restore=False, save_count=100, save_model=True, seed=18, speed=4, state_lr=0.001, summary=True, swarm=False, timestamp='5|25|10:16:41')
Actions space: 5 :: State space: 1
State Low: tensor([0.]) :: State High: tensor([1.])
State features:  [('dummy_param', torch.Size([1]))]
Policy:  [('fc1.weight', torch.Size([5, 1])), ('fc1.bias', torch.Size([5]))]
0 :: Rewards -0.007 :: steps: 0.10 :: Time: 0.000(0.00065/step) :: Entropy : 0.000 :: Grads : []
10 :: Rewards -0.306 :: steps: 1.00 :: Time: 0.004(0.00366/step) :: Entropy : 0.000 :: Grads : []
20 :: Rewards -1.427 :: steps: 1.00 :: Time: 0.014(0.01382/step) :: Entropy : 0.000 :: Grads : []
30 :: Rewards -3.432 :: steps: 1.00 :: Time: 0.011(0.01066/step) :: Entropy : 0.000 :: Grads : []
40 :: Rewards -5.297 :: steps: 1.00 :: Time: 0.010(0.01046/step) :: Entropy : 0.000 :: Grads : []
50 :: Rewards -7.509 :: steps: 1.00 :: Time: 0.014(0.01408/step) :: Entropy : 0.000 :: Grads : []
60 :: Rewards -8.983 :: steps: 1.00 :: Time: 0.011(0.01085/step) :: Entropy : 0.000 :: Grads : []
70 :: Rewards -10.419 :: steps: 1.00 :: Time: 0.011(0.01095/step) :: Entropy : 0.000 :: Grads : []
80 :: Rewards -10.419 :: steps: 1.00 :: Time: 0.015(0.01526/step) :: Entropy : 0.000 :: Grads : []
90 :: Rewards -10.767 :: steps: 1.00 :: Time: 0.012(0.01189/step) :: Entropy : 0.000 :: Grads : []
100 :: Rewards -11.810 :: steps: 1.00 :: Time: 0.012(0.01150/step) :: Entropy : 0.000 :: Grads : []
110 :: Rewards -11.810 :: steps: 1.00 :: Time: 0.016(0.01595/step) :: Entropy : 0.000 :: Grads : []
120 :: Rewards -12.532 :: steps: 1.00 :: Time: 0.012(0.01202/step) :: Entropy : 0.000 :: Grads : []
130 :: Rewards -14.977 :: steps: 1.00 :: Time: 0.012(0.01221/step) :: Entropy : 0.000 :: Grads : []
140 :: Rewards -15.641 :: steps: 1.00 :: Time: 0.017(0.01698/step) :: Entropy : 0.000 :: Grads : []
150 :: Rewards -15.641 :: steps: 1.00 :: Time: 0.013(0.01292/step) :: Entropy : 0.000 :: Grads : []
160 :: Rewards -17.198 :: steps: 1.00 :: Time: 0.013(0.01300/step) :: Entropy : 0.000 :: Grads : []
170 :: Rewards -17.796 :: steps: 1.00 :: Time: 0.018(0.01765/step) :: Entropy : 0.000 :: Grads : []
180 :: Rewards -17.959 :: steps: 1.00 :: Time: 0.014(0.01368/step) :: Entropy : 0.000 :: Grads : []
190 :: Rewards -18.377 :: steps: 1.00 :: Time: 0.015(0.01451/step) :: Entropy : 0.000 :: Grads : []
200 :: Rewards -19.094 :: steps: 1.00 :: Time: 0.020(0.01952/step) :: Entropy : 0.000 :: Grads : []
210 :: Rewards -19.274 :: steps: 1.00 :: Time: 0.015(0.01543/step) :: Entropy : 0.000 :: Grads : []
220 :: Rewards -20.467 :: steps: 1.00 :: Time: 0.016(0.01566/step) :: Entropy : 0.000 :: Grads : []
230 :: Rewards -20.800 :: steps: 1.00 :: Time: 0.021(0.02142/step) :: Entropy : 0.000 :: Grads : []
240 :: Rewards -20.895 :: steps: 1.00 :: Time: 0.017(0.01673/step) :: Entropy : 0.000 :: Grads : []
250 :: Rewards -22.299 :: steps: 1.00 :: Time: 0.017(0.01684/step) :: Entropy : 0.000 :: Grads : []
260 :: Rewards -22.394 :: steps: 1.00 :: Time: 0.023(0.02329/step) :: Entropy : 0.000 :: Grads : []
270 :: Rewards -22.639 :: steps: 1.00 :: Time: 0.018(0.01771/step) :: Entropy : 0.000 :: Grads : []
280 :: Rewards -22.931 :: steps: 1.00 :: Time: 0.018(0.01816/step) :: Entropy : 0.000 :: Grads : []
290 :: Rewards -23.822 :: steps: 1.00 :: Time: 0.025(0.02455/step) :: Entropy : 0.000 :: Grads : []
300 :: Rewards -24.544 :: steps: 1.00 :: Time: 0.019(0.01890/step) :: Entropy : 0.000 :: Grads : []
310 :: Rewards -24.764 :: steps: 1.00 :: Time: 0.020(0.01956/step) :: Entropy : 0.000 :: Grads : []
320 :: Rewards -25.374 :: steps: 1.00 :: Time: 0.027(0.02664/step) :: Entropy : 0.000 :: Grads : []
330 :: Rewards -26.290 :: steps: 1.00 :: Time: 0.020(0.02031/step) :: Entropy : 0.000 :: Grads : []
340 :: Rewards -27.169 :: steps: 1.00 :: Time: 0.021(0.02082/step) :: Entropy : 0.000 :: Grads : []
350 :: Rewards -27.694 :: steps: 1.00 :: Time: 0.028(0.02824/step) :: Entropy : 0.000 :: Grads : []
360 :: Rewards -28.183 :: steps: 1.00 :: Time: 0.022(0.02166/step) :: Entropy : 0.000 :: Grads : []
370 :: Rewards -28.551 :: steps: 1.00 :: Time: 0.023(0.02251/step) :: Entropy : 0.000 :: Grads : []
380 :: Rewards -28.830 :: steps: 1.00 :: Time: 0.035(0.03473/step) :: Entropy : 0.000 :: Grads : []
390 :: Rewards -28.885 :: steps: 1.00 :: Time: 0.026(0.02588/step) :: Entropy : 0.000 :: Grads : []
400 :: Rewards -29.053 :: steps: 1.00 :: Time: 0.025(0.02550/step) :: Entropy : 0.000 :: Grads : []
410 :: Rewards -29.175 :: steps: 1.00 :: Time: 0.033(0.03270/step) :: Entropy : 0.000 :: Grads : []
420 :: Rewards -29.671 :: steps: 1.00 :: Time: 0.026(0.02566/step) :: Entropy : 0.000 :: Grads : []
430 :: Rewards -30.197 :: steps: 1.00 :: Time: 0.026(0.02628/step) :: Entropy : 0.000 :: Grads : []
440 :: Rewards -30.856 :: steps: 1.00 :: Time: 0.035(0.03542/step) :: Entropy : 0.000 :: Grads : []
450 :: Rewards -31.709 :: steps: 1.00 :: Time: 0.027(0.02717/step) :: Entropy : 0.000 :: Grads : []
460 :: Rewards -33.542 :: steps: 1.00 :: Time: 0.028(0.02789/step) :: Entropy : 0.000 :: Grads : []
470 :: Rewards -36.313 :: steps: 1.00 :: Time: 0.038(0.03767/step) :: Entropy : 0.000 :: Grads : []
480 :: Rewards -39.901 :: steps: 1.00 :: Time: 0.029(0.02881/step) :: Entropy : 0.000 :: Grads : []
490 :: Rewards -42.922 :: steps: 1.00 :: Time: 0.030(0.02966/step) :: Entropy : 0.000 :: Grads : []
500 :: Rewards -43.930 :: steps: 1.00 :: Time: 0.040(0.03999/step) :: Entropy : 0.000 :: Grads : []
510 :: Rewards -45.590 :: steps: 1.00 :: Time: 0.031(0.03073/step) :: Entropy : 0.000 :: Grads : []
520 :: Rewards -47.371 :: steps: 1.00 :: Time: 0.032(0.03164/step) :: Entropy : 0.000 :: Grads : []
530 :: Rewards -47.371 :: steps: 1.00 :: Time: 0.043(0.04253/step) :: Entropy : 0.000 :: Grads : []
540 :: Rewards -49.076 :: steps: 1.00 :: Time: 0.033(0.03262/step) :: Entropy : 0.000 :: Grads : []
550 :: Rewards -51.507 :: steps: 1.00 :: Time: 0.034(0.03391/step) :: Entropy : 0.000 :: Grads : []
560 :: Rewards -53.778 :: steps: 1.00 :: Time: 0.045(0.04534/step) :: Entropy : 0.000 :: Grads : []
570 :: Rewards -55.213 :: steps: 1.00 :: Time: 0.035(0.03490/step) :: Entropy : 0.000 :: Grads : []
580 :: Rewards -55.885 :: steps: 1.00 :: Time: 0.035(0.03548/step) :: Entropy : 0.000 :: Grads : []
590 :: Rewards -57.428 :: steps: 1.00 :: Time: 0.049(0.04856/step) :: Entropy : 0.000 :: Grads : []
600 :: Rewards -57.428 :: steps: 1.00 :: Time: 0.037(0.03705/step) :: Entropy : 0.000 :: Grads : []
610 :: Rewards -58.020 :: steps: 1.00 :: Time: 0.039(0.03923/step) :: Entropy : 0.000 :: Grads : []
620 :: Rewards -59.331 :: steps: 1.00 :: Time: 0.053(0.05261/step) :: Entropy : 0.000 :: Grads : []
630 :: Rewards -59.331 :: steps: 1.00 :: Time: 0.040(0.03985/step) :: Entropy : 0.000 :: Grads : []
640 :: Rewards -59.687 :: steps: 1.00 :: Time: 0.041(0.04092/step) :: Entropy : 0.000 :: Grads : []
650 :: Rewards -61.207 :: steps: 1.00 :: Time: 0.056(0.05588/step) :: Entropy : 0.000 :: Grads : []
660 :: Rewards -62.087 :: steps: 1.00 :: Time: 0.043(0.04275/step) :: Entropy : 0.000 :: Grads : []
670 :: Rewards -62.174 :: steps: 1.00 :: Time: 0.044(0.04429/step) :: Entropy : 0.000 :: Grads : []
680 :: Rewards -62.383 :: steps: 1.00 :: Time: 0.060(0.06007/step) :: Entropy : 0.000 :: Grads : []
690 :: Rewards -62.489 :: steps: 1.00 :: Time: 0.046(0.04588/step) :: Entropy : 0.000 :: Grads : []
700 :: Rewards -62.489 :: steps: 1.00 :: Time: 0.047(0.04719/step) :: Entropy : 0.000 :: Grads : []
710 :: Rewards -62.595 :: steps: 1.00 :: Time: 0.064(0.06436/step) :: Entropy : 0.000 :: Grads : []
720 :: Rewards -63.541 :: steps: 1.00 :: Time: 0.049(0.04911/step) :: Entropy : 0.000 :: Grads : []
730 :: Rewards -63.969 :: steps: 1.00 :: Time: 0.051(0.05101/step) :: Entropy : 0.000 :: Grads : []
740 :: Rewards -65.598 :: steps: 1.00 :: Time: 0.068(0.06837/step) :: Entropy : 0.000 :: Grads : []
750 :: Rewards -66.089 :: steps: 1.00 :: Time: 0.052(0.05215/step) :: Entropy : 0.000 :: Grads : []
760 :: Rewards -66.653 :: steps: 1.00 :: Time: 0.054(0.05396/step) :: Entropy : 0.000 :: Grads : []
770 :: Rewards -67.833 :: steps: 1.00 :: Time: 0.073(0.07278/step) :: Entropy : 0.000 :: Grads : []
780 :: Rewards -68.996 :: steps: 1.00 :: Time: 0.056(0.05563/step) :: Entropy : 0.000 :: Grads : []
790 :: Rewards -69.372 :: steps: 1.00 :: Time: 0.058(0.05750/step) :: Entropy : 0.000 :: Grads : []
800 :: Rewards -69.840 :: steps: 1.00 :: Time: 0.077(0.07733/step) :: Entropy : 0.000 :: Grads : []
810 :: Rewards -69.889 :: steps: 1.00 :: Time: 0.059(0.05940/step) :: Entropy : 0.000 :: Grads : []
820 :: Rewards -70.368 :: steps: 1.00 :: Time: 0.062(0.06195/step) :: Entropy : 0.000 :: Grads : []
830 :: Rewards -70.452 :: steps: 1.00 :: Time: 0.084(0.08364/step) :: Entropy : 0.000 :: Grads : []
840 :: Rewards -71.067 :: steps: 1.00 :: Time: 0.064(0.06375/step) :: Entropy : 0.000 :: Grads : []
850 :: Rewards -71.556 :: steps: 1.00 :: Time: 0.066(0.06610/step) :: Entropy : 0.000 :: Grads : []
860 :: Rewards -72.821 :: steps: 1.00 :: Time: 0.089(0.08933/step) :: Entropy : 0.000 :: Grads : []
870 :: Rewards -74.337 :: steps: 1.00 :: Time: 0.068(0.06826/step) :: Entropy : 0.000 :: Grads : []
880 :: Rewards -76.047 :: steps: 1.00 :: Time: 0.070(0.06995/step) :: Entropy : 0.000 :: Grads : []
890 :: Rewards -77.890 :: steps: 1.00 :: Time: 0.098(0.09794/step) :: Entropy : 0.000 :: Grads : []
900 :: Rewards -78.838 :: steps: 1.00 :: Time: 0.075(0.07528/step) :: Entropy : 0.000 :: Grads : []
910 :: Rewards -79.192 :: steps: 1.00 :: Time: 0.075(0.07517/step) :: Entropy : 0.000 :: Grads : []
920 :: Rewards -79.192 :: steps: 1.00 :: Time: 0.104(0.10396/step) :: Entropy : 0.000 :: Grads : []
930 :: Rewards -79.192 :: steps: 1.00 :: Time: 0.077(0.07741/step) :: Entropy : 0.000 :: Grads : []
940 :: Rewards -79.192 :: steps: 1.00 :: Time: 0.080(0.07979/step) :: Entropy : 0.000 :: Grads : []
950 :: Rewards -79.192 :: steps: 1.00 :: Time: 0.108(0.10808/step) :: Entropy : 0.000 :: Grads : []
960 :: Rewards -79.192 :: steps: 1.00 :: Time: 0.082(0.08250/step) :: Entropy : 0.000 :: Grads : []
970 :: Rewards -79.192 :: steps: 1.00 :: Time: 0.085(0.08532/step) :: Entropy : 0.000 :: Grads : []
980 :: Rewards -79.192 :: steps: 1.00 :: Time: 0.115(0.11483/step) :: Entropy : 0.000 :: Grads : []
990 :: Rewards -79.192 :: steps: 1.00 :: Time: 0.088(0.08822/step) :: Entropy : 0.000 :: Grads : []
999 :: Rewards -79.192 :: steps: 0.90 :: Time: 0.089(0.09937/step) :: Entropy : 0.000 :: Grads : []
Total time taken: 40.98869872093201
