Module path:  Environments.NS_Reco NS_Reco
Dynamically loaded from:  <class 'Environments.NS_Reco.NS_Reco'>
Reward Amplitudes: [4.17022005e-01 7.20324493e-01 1.14374817e-04 3.02332573e-01
 1.46755891e-01] :: Avg 0.317309867282206 
Module path:  Src.Algorithms.ProOLS ProOLS
Dynamically loaded from:  <class 'Src.Algorithms.ProOLS.ProOLS'>
=====Configurations=====
 Namespace(NN_basis_dim='32', Policy_basis_dim='32', actor_lr=0.006330904637554062, algo_name='ProOLS', base=0, batch_size=1000, buffer_size=1000, debug=False, delta=1, entropy_lambda=0.05062512794041892, env_name='NS_Reco', experiment='NS_4r_', extrapolator_basis='Fourier', folder_suffix='Default', fourier_coupled=True, fourier_k=5, fourier_order=3, gamma=0.99, gauss_std=1.5, gpu=0, hyper='default', importance_clip=5.0, inc=1, log_output='term_file', max_episodes=1000, max_inner=20, max_steps=500, optim='rmsprop', oracle=-1, raw_basis=True, restore=False, save_count=100, save_model=True, seed=10, speed=4, state_lr=0.001, summary=True, swarm=False, timestamp='5|25|9:54:50')
Actions space: 5 :: State space: 1
State Low: tensor([0.]) :: State High: tensor([1.])
State features:  [('dummy_param', torch.Size([1]))]
Policy:  [('fc1.weight', torch.Size([5, 1])), ('fc1.bias', torch.Size([5]))]
0 :: Rewards -0.009 :: steps: 0.10 :: Time: 0.000(0.00063/step) :: Entropy : 0.000 :: Grads : []
10 :: Rewards -0.386 :: steps: 1.00 :: Time: 0.006(0.00577/step) :: Entropy : 0.000 :: Grads : []
20 :: Rewards -0.799 :: steps: 1.00 :: Time: 0.009(0.00925/step) :: Entropy : 0.000 :: Grads : []
30 :: Rewards -1.298 :: steps: 1.00 :: Time: 0.009(0.00936/step) :: Entropy : 0.000 :: Grads : []
40 :: Rewards -1.298 :: steps: 1.00 :: Time: 0.009(0.00910/step) :: Entropy : 0.000 :: Grads : []
50 :: Rewards -2.258 :: steps: 1.00 :: Time: 0.009(0.00943/step) :: Entropy : 0.000 :: Grads : []
60 :: Rewards -2.816 :: steps: 1.00 :: Time: 0.009(0.00928/step) :: Entropy : 0.000 :: Grads : []
70 :: Rewards -2.816 :: steps: 1.00 :: Time: 0.009(0.00945/step) :: Entropy : 0.000 :: Grads : []
80 :: Rewards -2.816 :: steps: 1.00 :: Time: 0.009(0.00948/step) :: Entropy : 0.000 :: Grads : []
90 :: Rewards -2.816 :: steps: 1.00 :: Time: 0.010(0.00956/step) :: Entropy : 0.000 :: Grads : []
100 :: Rewards -2.816 :: steps: 1.00 :: Time: 0.010(0.00960/step) :: Entropy : 0.000 :: Grads : []
110 :: Rewards -2.816 :: steps: 1.00 :: Time: 0.011(0.01055/step) :: Entropy : 0.000 :: Grads : []
120 :: Rewards -2.816 :: steps: 1.00 :: Time: 0.011(0.01085/step) :: Entropy : 0.000 :: Grads : []
130 :: Rewards -2.816 :: steps: 1.00 :: Time: 0.010(0.00993/step) :: Entropy : 0.000 :: Grads : []
140 :: Rewards -2.816 :: steps: 1.00 :: Time: 0.010(0.01007/step) :: Entropy : 0.000 :: Grads : []
150 :: Rewards -2.816 :: steps: 1.00 :: Time: 0.010(0.01011/step) :: Entropy : 0.000 :: Grads : []
160 :: Rewards -2.816 :: steps: 1.00 :: Time: 0.010(0.01012/step) :: Entropy : 0.000 :: Grads : []
170 :: Rewards -2.816 :: steps: 1.00 :: Time: 0.010(0.01021/step) :: Entropy : 0.000 :: Grads : []
180 :: Rewards -2.818 :: steps: 1.00 :: Time: 0.010(0.01036/step) :: Entropy : 0.000 :: Grads : []
190 :: Rewards -3.150 :: steps: 1.00 :: Time: 0.010(0.01041/step) :: Entropy : 0.000 :: Grads : []
200 :: Rewards -4.196 :: steps: 1.00 :: Time: 0.011(0.01058/step) :: Entropy : 0.000 :: Grads : []
210 :: Rewards -5.991 :: steps: 1.00 :: Time: 0.011(0.01055/step) :: Entropy : 0.000 :: Grads : []
220 :: Rewards -7.571 :: steps: 1.00 :: Time: 0.011(0.01064/step) :: Entropy : 0.000 :: Grads : []
230 :: Rewards -9.123 :: steps: 1.00 :: Time: 0.011(0.01074/step) :: Entropy : 0.000 :: Grads : []
240 :: Rewards -9.518 :: steps: 1.00 :: Time: 0.011(0.01080/step) :: Entropy : 0.000 :: Grads : []
250 :: Rewards -9.806 :: steps: 1.00 :: Time: 0.011(0.01085/step) :: Entropy : 0.000 :: Grads : []
260 :: Rewards -9.912 :: steps: 1.00 :: Time: 0.011(0.01111/step) :: Entropy : 0.000 :: Grads : []
270 :: Rewards -10.257 :: steps: 1.00 :: Time: 0.011(0.01120/step) :: Entropy : 0.000 :: Grads : []
280 :: Rewards -10.614 :: steps: 1.00 :: Time: 0.011(0.01135/step) :: Entropy : 0.000 :: Grads : []
290 :: Rewards -11.118 :: steps: 1.00 :: Time: 0.011(0.01136/step) :: Entropy : 0.000 :: Grads : []
300 :: Rewards -11.618 :: steps: 1.00 :: Time: 0.012(0.01160/step) :: Entropy : 0.000 :: Grads : []
310 :: Rewards -12.264 :: steps: 1.00 :: Time: 0.012(0.01160/step) :: Entropy : 0.000 :: Grads : []
320 :: Rewards -13.975 :: steps: 1.00 :: Time: 0.014(0.01369/step) :: Entropy : 0.000 :: Grads : []
330 :: Rewards -14.079 :: steps: 1.00 :: Time: 0.013(0.01274/step) :: Entropy : 0.000 :: Grads : []
340 :: Rewards -14.128 :: steps: 1.00 :: Time: 0.013(0.01261/step) :: Entropy : 0.000 :: Grads : []
350 :: Rewards -14.688 :: steps: 1.00 :: Time: 0.013(0.01276/step) :: Entropy : 0.000 :: Grads : []
360 :: Rewards -15.451 :: steps: 1.00 :: Time: 0.013(0.01289/step) :: Entropy : 0.000 :: Grads : []
370 :: Rewards -15.809 :: steps: 1.00 :: Time: 0.013(0.01340/step) :: Entropy : 0.000 :: Grads : []
380 :: Rewards -15.834 :: steps: 1.00 :: Time: 0.013(0.01285/step) :: Entropy : 0.000 :: Grads : []
390 :: Rewards -16.316 :: steps: 1.00 :: Time: 0.013(0.01277/step) :: Entropy : 0.000 :: Grads : []
400 :: Rewards -16.608 :: steps: 1.00 :: Time: 0.013(0.01290/step) :: Entropy : 0.000 :: Grads : []
410 :: Rewards -17.109 :: steps: 1.00 :: Time: 0.013(0.01302/step) :: Entropy : 0.000 :: Grads : []
420 :: Rewards -17.430 :: steps: 1.00 :: Time: 0.014(0.01357/step) :: Entropy : 0.000 :: Grads : []
430 :: Rewards -17.996 :: steps: 1.00 :: Time: 0.014(0.01375/step) :: Entropy : 0.000 :: Grads : []
440 :: Rewards -18.277 :: steps: 1.00 :: Time: 0.014(0.01373/step) :: Entropy : 0.000 :: Grads : []
450 :: Rewards -20.264 :: steps: 1.00 :: Time: 0.014(0.01386/step) :: Entropy : 0.000 :: Grads : []
460 :: Rewards -21.996 :: steps: 1.00 :: Time: 0.014(0.01383/step) :: Entropy : 0.000 :: Grads : []
470 :: Rewards -24.879 :: steps: 1.00 :: Time: 0.014(0.01388/step) :: Entropy : 0.000 :: Grads : []
480 :: Rewards -27.120 :: steps: 1.00 :: Time: 0.014(0.01382/step) :: Entropy : 0.000 :: Grads : []
490 :: Rewards -27.120 :: steps: 1.00 :: Time: 0.014(0.01399/step) :: Entropy : 0.000 :: Grads : []
500 :: Rewards -27.676 :: steps: 1.00 :: Time: 0.014(0.01396/step) :: Entropy : 0.000 :: Grads : []
510 :: Rewards -27.676 :: steps: 1.00 :: Time: 0.014(0.01405/step) :: Entropy : 0.000 :: Grads : []
520 :: Rewards -27.676 :: steps: 1.00 :: Time: 0.015(0.01465/step) :: Entropy : 0.000 :: Grads : []
530 :: Rewards -27.676 :: steps: 1.00 :: Time: 0.015(0.01478/step) :: Entropy : 0.000 :: Grads : []
540 :: Rewards -27.676 :: steps: 1.00 :: Time: 0.014(0.01447/step) :: Entropy : 0.000 :: Grads : []
550 :: Rewards -27.676 :: steps: 1.00 :: Time: 0.015(0.01455/step) :: Entropy : 0.000 :: Grads : []
560 :: Rewards -27.676 :: steps: 1.00 :: Time: 0.015(0.01526/step) :: Entropy : 0.000 :: Grads : []
570 :: Rewards -27.676 :: steps: 1.00 :: Time: 0.016(0.01557/step) :: Entropy : 0.000 :: Grads : []
580 :: Rewards -27.676 :: steps: 1.00 :: Time: 0.016(0.01573/step) :: Entropy : 0.000 :: Grads : []
590 :: Rewards -27.676 :: steps: 1.00 :: Time: 0.017(0.01674/step) :: Entropy : 0.000 :: Grads : []
600 :: Rewards -27.676 :: steps: 1.00 :: Time: 0.016(0.01590/step) :: Entropy : 0.000 :: Grads : []
610 :: Rewards -27.676 :: steps: 1.00 :: Time: 0.016(0.01643/step) :: Entropy : 0.000 :: Grads : []
620 :: Rewards -27.676 :: steps: 1.00 :: Time: 0.016(0.01627/step) :: Entropy : 0.000 :: Grads : []
630 :: Rewards -27.676 :: steps: 1.00 :: Time: 0.015(0.01507/step) :: Entropy : 0.000 :: Grads : []
640 :: Rewards -28.037 :: steps: 1.00 :: Time: 0.015(0.01515/step) :: Entropy : 0.000 :: Grads : []
650 :: Rewards -29.654 :: steps: 1.00 :: Time: 0.015(0.01532/step) :: Entropy : 0.000 :: Grads : []
660 :: Rewards -32.622 :: steps: 1.00 :: Time: 0.016(0.01613/step) :: Entropy : 0.000 :: Grads : []
670 :: Rewards -35.518 :: steps: 1.00 :: Time: 0.017(0.01662/step) :: Entropy : 0.000 :: Grads : []
680 :: Rewards -36.079 :: steps: 1.00 :: Time: 0.016(0.01579/step) :: Entropy : 0.000 :: Grads : []
690 :: Rewards -36.550 :: steps: 1.00 :: Time: 0.015(0.01541/step) :: Entropy : 0.000 :: Grads : []
700 :: Rewards -36.550 :: steps: 1.00 :: Time: 0.016(0.01628/step) :: Entropy : 0.000 :: Grads : []
710 :: Rewards -36.550 :: steps: 1.00 :: Time: 0.016(0.01584/step) :: Entropy : 0.000 :: Grads : []
720 :: Rewards -36.550 :: steps: 1.00 :: Time: 0.016(0.01554/step) :: Entropy : 0.000 :: Grads : []
730 :: Rewards -36.550 :: steps: 1.00 :: Time: 0.016(0.01586/step) :: Entropy : 0.000 :: Grads : []
740 :: Rewards -36.550 :: steps: 1.00 :: Time: 0.016(0.01576/step) :: Entropy : 0.000 :: Grads : []
750 :: Rewards -36.550 :: steps: 1.00 :: Time: 0.016(0.01595/step) :: Entropy : 0.000 :: Grads : []
760 :: Rewards -36.550 :: steps: 1.00 :: Time: 0.016(0.01602/step) :: Entropy : 0.000 :: Grads : []
770 :: Rewards -36.550 :: steps: 1.00 :: Time: 0.016(0.01601/step) :: Entropy : 0.000 :: Grads : []
780 :: Rewards -36.550 :: steps: 1.00 :: Time: 0.016(0.01617/step) :: Entropy : 0.000 :: Grads : []
790 :: Rewards -36.550 :: steps: 1.00 :: Time: 0.016(0.01624/step) :: Entropy : 0.000 :: Grads : []
800 :: Rewards -36.550 :: steps: 1.00 :: Time: 0.017(0.01654/step) :: Entropy : 0.000 :: Grads : []
810 :: Rewards -36.550 :: steps: 1.00 :: Time: 0.017(0.01664/step) :: Entropy : 0.000 :: Grads : []
820 :: Rewards -36.550 :: steps: 1.00 :: Time: 0.017(0.01695/step) :: Entropy : 0.000 :: Grads : []
830 :: Rewards -36.550 :: steps: 1.00 :: Time: 0.017(0.01699/step) :: Entropy : 0.000 :: Grads : []
840 :: Rewards -36.704 :: steps: 1.00 :: Time: 0.017(0.01707/step) :: Entropy : 0.000 :: Grads : []
850 :: Rewards -37.234 :: steps: 1.00 :: Time: 0.017(0.01694/step) :: Entropy : 0.000 :: Grads : []
860 :: Rewards -38.306 :: steps: 1.00 :: Time: 0.017(0.01689/step) :: Entropy : 0.000 :: Grads : []
870 :: Rewards -39.756 :: steps: 1.00 :: Time: 0.017(0.01691/step) :: Entropy : 0.000 :: Grads : []
880 :: Rewards -41.310 :: steps: 1.00 :: Time: 0.017(0.01702/step) :: Entropy : 0.000 :: Grads : []
890 :: Rewards -42.706 :: steps: 1.00 :: Time: 0.017(0.01695/step) :: Entropy : 0.000 :: Grads : []
900 :: Rewards -43.924 :: steps: 1.00 :: Time: 0.017(0.01694/step) :: Entropy : 0.000 :: Grads : []
910 :: Rewards -45.792 :: steps: 1.00 :: Time: 0.017(0.01723/step) :: Entropy : 0.000 :: Grads : []
920 :: Rewards -48.778 :: steps: 1.00 :: Time: 0.017(0.01722/step) :: Entropy : 0.000 :: Grads : []
930 :: Rewards -52.057 :: steps: 1.00 :: Time: 0.017(0.01721/step) :: Entropy : 0.000 :: Grads : []
940 :: Rewards -55.799 :: steps: 1.00 :: Time: 0.017(0.01737/step) :: Entropy : 0.000 :: Grads : []
950 :: Rewards -60.549 :: steps: 1.00 :: Time: 0.017(0.01747/step) :: Entropy : 0.000 :: Grads : []
960 :: Rewards -61.538 :: steps: 1.00 :: Time: 0.017(0.01738/step) :: Entropy : 0.000 :: Grads : []
970 :: Rewards -63.139 :: steps: 1.00 :: Time: 0.017(0.01733/step) :: Entropy : 0.000 :: Grads : []
980 :: Rewards -63.139 :: steps: 1.00 :: Time: 0.018(0.01758/step) :: Entropy : 0.000 :: Grads : []
990 :: Rewards -63.139 :: steps: 1.00 :: Time: 0.018(0.01751/step) :: Entropy : 0.000 :: Grads : []
999 :: Rewards -63.139 :: steps: 0.90 :: Time: 0.016(0.01757/step) :: Entropy : 0.000 :: Grads : []
Total time taken: 13.882749795913696
