Module path:  Environments.NS_Reco NS_Reco
Dynamically loaded from:  <class 'Environments.NS_Reco.NS_Reco'>
Reward Amplitudes: [4.17022005e-01 7.20324493e-01 1.14374817e-04 3.02332573e-01
 1.46755891e-01] :: Avg 0.317309867282206 
Module path:  Src.Algorithms.ONPG ONPG
Dynamically loaded from:  <class 'Src.Algorithms.ONPG.ONPG'>
=====Configurations=====
 Namespace(NN_basis_dim='32', Policy_basis_dim='32', actor_lr=0.008425020536482294, algo_name='ONPG', base=0, batch_size=1000, buffer_size=1000, debug=False, delta=3, entropy_lambda=0.005900970803997456, env_name='NS_Reco', experiment='NS_0r_', extrapolator_basis='Fourier', folder_suffix='Default', fourier_coupled=True, fourier_k=7, fourier_order=3, gamma=0.99, gauss_std=1.5, gpu=0, hyper='default', importance_clip=10.0, inc=1, log_output='term_file', max_episodes=1000, max_inner=150, max_steps=500, optim='rmsprop', oracle=-1, raw_basis=True, restore=False, save_count=100, save_model=True, seed=3, speed=0, state_lr=0.001, summary=True, swarm=False, timestamp='5|25|11:50:12')
Actions space: 5 :: State space: 1
State Low: tensor([0.]) :: State High: tensor([1.])
State features:  [('dummy_param', torch.Size([1]))]
Policy:  [('fc1.weight', torch.Size([5, 1])), ('fc1.bias', torch.Size([5]))]
0 :: Rewards -0.425 :: steps: 0.10 :: Time: 0.000(0.00083/step) :: Entropy : 0.000 :: Grads : []
10 :: Rewards -4.297 :: steps: 1.00 :: Time: 0.001(0.00077/step) :: Entropy : 0.000 :: Grads : []
20 :: Rewards -8.112 :: steps: 1.00 :: Time: 0.001(0.00069/step) :: Entropy : 0.000 :: Grads : []
30 :: Rewards -12.457 :: steps: 1.00 :: Time: 0.001(0.00057/step) :: Entropy : 0.000 :: Grads : []
40 :: Rewards -16.110 :: steps: 1.00 :: Time: 0.001(0.00056/step) :: Entropy : 0.000 :: Grads : []
50 :: Rewards -19.442 :: steps: 1.00 :: Time: 0.001(0.00075/step) :: Entropy : 0.000 :: Grads : []
60 :: Rewards -23.096 :: steps: 1.00 :: Time: 0.001(0.00059/step) :: Entropy : 0.000 :: Grads : []
70 :: Rewards -26.846 :: steps: 1.00 :: Time: 0.001(0.00061/step) :: Entropy : 0.000 :: Grads : []
80 :: Rewards -29.524 :: steps: 1.00 :: Time: 0.001(0.00073/step) :: Entropy : 0.000 :: Grads : []
90 :: Rewards -32.364 :: steps: 1.00 :: Time: 0.001(0.00063/step) :: Entropy : 0.000 :: Grads : []
100 :: Rewards -34.832 :: steps: 1.00 :: Time: 0.001(0.00060/step) :: Entropy : 0.000 :: Grads : []
110 :: Rewards -36.793 :: steps: 1.00 :: Time: 0.001(0.00079/step) :: Entropy : 0.000 :: Grads : []
120 :: Rewards -39.851 :: steps: 1.00 :: Time: 0.001(0.00058/step) :: Entropy : 0.000 :: Grads : []
130 :: Rewards -40.997 :: steps: 1.00 :: Time: 0.001(0.00057/step) :: Entropy : 0.000 :: Grads : []
140 :: Rewards -42.439 :: steps: 1.00 :: Time: 0.001(0.00073/step) :: Entropy : 0.000 :: Grads : []
150 :: Rewards -44.179 :: steps: 1.00 :: Time: 0.001(0.00060/step) :: Entropy : 0.000 :: Grads : []
160 :: Rewards -45.492 :: steps: 1.00 :: Time: 0.001(0.00057/step) :: Entropy : 0.000 :: Grads : []
170 :: Rewards -46.677 :: steps: 1.00 :: Time: 0.001(0.00071/step) :: Entropy : 0.000 :: Grads : []
180 :: Rewards -48.852 :: steps: 1.00 :: Time: 0.001(0.00056/step) :: Entropy : 0.000 :: Grads : []
190 :: Rewards -49.680 :: steps: 1.00 :: Time: 0.001(0.00061/step) :: Entropy : 0.000 :: Grads : []
200 :: Rewards -50.391 :: steps: 1.00 :: Time: 0.001(0.00071/step) :: Entropy : 0.000 :: Grads : []
210 :: Rewards -51.219 :: steps: 1.00 :: Time: 0.001(0.00060/step) :: Entropy : 0.000 :: Grads : []
220 :: Rewards -52.622 :: steps: 1.00 :: Time: 0.001(0.00058/step) :: Entropy : 0.000 :: Grads : []
230 :: Rewards -53.666 :: steps: 1.00 :: Time: 0.001(0.00083/step) :: Entropy : 0.000 :: Grads : []
240 :: Rewards -54.275 :: steps: 1.00 :: Time: 0.001(0.00061/step) :: Entropy : 0.000 :: Grads : []
250 :: Rewards -54.687 :: steps: 1.00 :: Time: 0.001(0.00057/step) :: Entropy : 0.000 :: Grads : []
260 :: Rewards -55.400 :: steps: 1.00 :: Time: 0.001(0.00073/step) :: Entropy : 0.000 :: Grads : []
270 :: Rewards -56.703 :: steps: 1.00 :: Time: 0.001(0.00061/step) :: Entropy : 0.000 :: Grads : []
280 :: Rewards -57.106 :: steps: 1.00 :: Time: 0.001(0.00062/step) :: Entropy : 0.000 :: Grads : []
290 :: Rewards -57.805 :: steps: 1.00 :: Time: 0.001(0.00076/step) :: Entropy : 0.000 :: Grads : []
300 :: Rewards -58.533 :: steps: 1.00 :: Time: 0.001(0.00059/step) :: Entropy : 0.000 :: Grads : []
310 :: Rewards -59.376 :: steps: 1.00 :: Time: 0.001(0.00058/step) :: Entropy : 0.000 :: Grads : []
320 :: Rewards -59.986 :: steps: 1.00 :: Time: 0.001(0.00072/step) :: Entropy : 0.000 :: Grads : []
330 :: Rewards -59.986 :: steps: 1.00 :: Time: 0.001(0.00064/step) :: Entropy : 0.000 :: Grads : []
340 :: Rewards -60.964 :: steps: 1.00 :: Time: 0.001(0.00061/step) :: Entropy : 0.000 :: Grads : []
350 :: Rewards -60.964 :: steps: 1.00 :: Time: 0.001(0.00077/step) :: Entropy : 0.000 :: Grads : []
360 :: Rewards -61.269 :: steps: 1.00 :: Time: 0.001(0.00058/step) :: Entropy : 0.000 :: Grads : []
370 :: Rewards -61.269 :: steps: 1.00 :: Time: 0.001(0.00057/step) :: Entropy : 0.000 :: Grads : []
380 :: Rewards -61.269 :: steps: 1.00 :: Time: 0.001(0.00071/step) :: Entropy : 0.000 :: Grads : []
390 :: Rewards -61.269 :: steps: 1.00 :: Time: 0.001(0.00060/step) :: Entropy : 0.000 :: Grads : []
400 :: Rewards -61.585 :: steps: 1.00 :: Time: 0.001(0.00060/step) :: Entropy : 0.000 :: Grads : []
410 :: Rewards -61.879 :: steps: 1.00 :: Time: 0.001(0.00075/step) :: Entropy : 0.000 :: Grads : []
420 :: Rewards -62.725 :: steps: 1.00 :: Time: 0.001(0.00060/step) :: Entropy : 0.000 :: Grads : []
430 :: Rewards -63.027 :: steps: 1.00 :: Time: 0.001(0.00056/step) :: Entropy : 0.000 :: Grads : []
440 :: Rewards -63.436 :: steps: 1.00 :: Time: 0.001(0.00069/step) :: Entropy : 0.000 :: Grads : []
450 :: Rewards -63.436 :: steps: 1.00 :: Time: 0.001(0.00060/step) :: Entropy : 0.000 :: Grads : []
460 :: Rewards -64.676 :: steps: 1.00 :: Time: 0.001(0.00065/step) :: Entropy : 0.000 :: Grads : []
470 :: Rewards -64.676 :: steps: 1.00 :: Time: 0.001(0.00078/step) :: Entropy : 0.000 :: Grads : []
480 :: Rewards -64.676 :: steps: 1.00 :: Time: 0.001(0.00059/step) :: Entropy : 0.000 :: Grads : []
490 :: Rewards -64.966 :: steps: 1.00 :: Time: 0.001(0.00057/step) :: Entropy : 0.000 :: Grads : []
500 :: Rewards -65.247 :: steps: 1.00 :: Time: 0.001(0.00069/step) :: Entropy : 0.000 :: Grads : []
510 :: Rewards -65.247 :: steps: 1.00 :: Time: 0.001(0.00063/step) :: Entropy : 0.000 :: Grads : []
520 :: Rewards -65.546 :: steps: 1.00 :: Time: 0.001(0.00061/step) :: Entropy : 0.000 :: Grads : []
530 :: Rewards -66.274 :: steps: 1.00 :: Time: 0.001(0.00076/step) :: Entropy : 0.000 :: Grads : []
540 :: Rewards -66.274 :: steps: 1.00 :: Time: 0.001(0.00062/step) :: Entropy : 0.000 :: Grads : []
550 :: Rewards -66.568 :: steps: 1.00 :: Time: 0.001(0.00058/step) :: Entropy : 0.000 :: Grads : []
560 :: Rewards -66.568 :: steps: 1.00 :: Time: 0.001(0.00076/step) :: Entropy : 0.000 :: Grads : []
570 :: Rewards -66.568 :: steps: 1.00 :: Time: 0.001(0.00062/step) :: Entropy : 0.000 :: Grads : []
580 :: Rewards -66.568 :: steps: 1.00 :: Time: 0.001(0.00061/step) :: Entropy : 0.000 :: Grads : []
590 :: Rewards -66.568 :: steps: 1.00 :: Time: 0.001(0.00072/step) :: Entropy : 0.000 :: Grads : []
600 :: Rewards -66.568 :: steps: 1.00 :: Time: 0.001(0.00059/step) :: Entropy : 0.000 :: Grads : []
610 :: Rewards -66.892 :: steps: 1.00 :: Time: 0.001(0.00057/step) :: Entropy : 0.000 :: Grads : []
620 :: Rewards -66.892 :: steps: 1.00 :: Time: 0.001(0.00069/step) :: Entropy : 0.000 :: Grads : []
630 :: Rewards -66.892 :: steps: 1.00 :: Time: 0.001(0.00064/step) :: Entropy : 0.000 :: Grads : []
640 :: Rewards -66.892 :: steps: 1.00 :: Time: 0.001(0.00064/step) :: Entropy : 0.000 :: Grads : []
650 :: Rewards -67.220 :: steps: 1.00 :: Time: 0.001(0.00078/step) :: Entropy : 0.000 :: Grads : []
660 :: Rewards -67.220 :: steps: 1.00 :: Time: 0.001(0.00061/step) :: Entropy : 0.000 :: Grads : []
670 :: Rewards -67.220 :: steps: 1.00 :: Time: 0.001(0.00057/step) :: Entropy : 0.000 :: Grads : []
680 :: Rewards -67.220 :: steps: 1.00 :: Time: 0.001(0.00072/step) :: Entropy : 0.000 :: Grads : []
690 :: Rewards -67.220 :: steps: 1.00 :: Time: 0.001(0.00057/step) :: Entropy : 0.000 :: Grads : []
700 :: Rewards -67.220 :: steps: 1.00 :: Time: 0.001(0.00057/step) :: Entropy : 0.000 :: Grads : []
710 :: Rewards -67.831 :: steps: 1.00 :: Time: 0.001(0.00075/step) :: Entropy : 0.000 :: Grads : []
720 :: Rewards -67.831 :: steps: 1.00 :: Time: 0.001(0.00057/step) :: Entropy : 0.000 :: Grads : []
730 :: Rewards -67.831 :: steps: 1.00 :: Time: 0.001(0.00056/step) :: Entropy : 0.000 :: Grads : []
740 :: Rewards -67.831 :: steps: 1.00 :: Time: 0.001(0.00077/step) :: Entropy : 0.000 :: Grads : []
750 :: Rewards -67.831 :: steps: 1.00 :: Time: 0.001(0.00062/step) :: Entropy : 0.000 :: Grads : []
760 :: Rewards -68.252 :: steps: 1.00 :: Time: 0.001(0.00063/step) :: Entropy : 0.000 :: Grads : []
770 :: Rewards -68.252 :: steps: 1.00 :: Time: 0.001(0.00082/step) :: Entropy : 0.000 :: Grads : []
780 :: Rewards -68.252 :: steps: 1.00 :: Time: 0.001(0.00064/step) :: Entropy : 0.000 :: Grads : []
790 :: Rewards -68.252 :: steps: 1.00 :: Time: 0.001(0.00066/step) :: Entropy : 0.000 :: Grads : []
800 :: Rewards -68.252 :: steps: 1.00 :: Time: 0.001(0.00077/step) :: Entropy : 0.000 :: Grads : []
810 :: Rewards -68.252 :: steps: 1.00 :: Time: 0.001(0.00057/step) :: Entropy : 0.000 :: Grads : []
820 :: Rewards -68.252 :: steps: 1.00 :: Time: 0.001(0.00060/step) :: Entropy : 0.000 :: Grads : []
830 :: Rewards -68.252 :: steps: 1.00 :: Time: 0.001(0.00073/step) :: Entropy : 0.000 :: Grads : []
840 :: Rewards -68.252 :: steps: 1.00 :: Time: 0.001(0.00061/step) :: Entropy : 0.000 :: Grads : []
850 :: Rewards -68.252 :: steps: 1.00 :: Time: 0.001(0.00059/step) :: Entropy : 0.000 :: Grads : []
860 :: Rewards -68.252 :: steps: 1.00 :: Time: 0.001(0.00074/step) :: Entropy : 0.000 :: Grads : []
870 :: Rewards -68.252 :: steps: 1.00 :: Time: 0.001(0.00059/step) :: Entropy : 0.000 :: Grads : []
880 :: Rewards -68.252 :: steps: 1.00 :: Time: 0.001(0.00060/step) :: Entropy : 0.000 :: Grads : []
890 :: Rewards -68.252 :: steps: 1.00 :: Time: 0.001(0.00079/step) :: Entropy : 0.000 :: Grads : []
900 :: Rewards -68.252 :: steps: 1.00 :: Time: 0.001(0.00061/step) :: Entropy : 0.000 :: Grads : []
910 :: Rewards -68.252 :: steps: 1.00 :: Time: 0.001(0.00058/step) :: Entropy : 0.000 :: Grads : []
920 :: Rewards -68.252 :: steps: 1.00 :: Time: 0.001(0.00071/step) :: Entropy : 0.000 :: Grads : []
930 :: Rewards -68.252 :: steps: 1.00 :: Time: 0.001(0.00060/step) :: Entropy : 0.000 :: Grads : []
940 :: Rewards -68.252 :: steps: 1.00 :: Time: 0.001(0.00058/step) :: Entropy : 0.000 :: Grads : []
950 :: Rewards -68.252 :: steps: 1.00 :: Time: 0.001(0.00077/step) :: Entropy : 0.000 :: Grads : []
960 :: Rewards -68.252 :: steps: 1.00 :: Time: 0.001(0.00064/step) :: Entropy : 0.000 :: Grads : []
970 :: Rewards -68.252 :: steps: 1.00 :: Time: 0.001(0.00064/step) :: Entropy : 0.000 :: Grads : []
980 :: Rewards -68.252 :: steps: 1.00 :: Time: 0.001(0.00072/step) :: Entropy : 0.000 :: Grads : []
990 :: Rewards -68.252 :: steps: 1.00 :: Time: 0.001(0.00058/step) :: Entropy : 0.000 :: Grads : []
999 :: Rewards -68.252 :: steps: 0.90 :: Time: 0.001(0.00063/step) :: Entropy : 0.000 :: Grads : []
Total time taken: 0.713294267654419
