Module path:  Environments.NS_Reco NS_Reco
Dynamically loaded from:  <class 'Environments.NS_Reco.NS_Reco'>
Reward Amplitudes: [4.17022005e-01 7.20324493e-01 1.14374817e-04 3.02332573e-01
 1.46755891e-01] :: Avg 0.317309867282206 
Module path:  Src.Algorithms.OFPG OFPG
Dynamically loaded from:  <class 'Src.Algorithms.OFPG.OFPG'>
=====Configurations=====
 Namespace(NN_basis_dim='32', Policy_basis_dim='32', actor_lr=0.002251439950474301, algo_name='OFPG', base=0, batch_size=1000, buffer_size=1000, debug=False, delta=1, entropy_lambda=0.11057727559233214, env_name='NS_Reco', experiment='NS_3_', extrapolator_basis='Fourier', folder_suffix='Default', fourier_coupled=True, fourier_k=7, fourier_order=3, gamma=0.99, gauss_std=1.5, gpu=0, hyper='default', importance_clip=10.0, inc=1, log_output='term_file', max_episodes=1000, max_inner=30, max_steps=500, optim='rmsprop', oracle=-1, raw_basis=True, restore=False, save_count=100, save_model=True, seed=9, speed=3, state_lr=0.001, summary=True, swarm=False, timestamp='5|24|22:30:23')
Actions space: 5 :: State space: 1
State Low: tensor([0.]) :: State High: tensor([1.])
State features:  [('dummy_param', torch.Size([1]))]
Policy:  [('fc1.weight', torch.Size([5, 1])), ('fc1.bias', torch.Size([5]))]
0 :: Rewards -0.022 :: steps: 0.10 :: Time: 0.001(0.01365/step) :: Entropy : 0.000 :: Grads : []
10 :: Rewards 0.054 :: steps: 1.00 :: Time: 0.012(0.01216/step) :: Entropy : 0.000 :: Grads : []
20 :: Rewards 0.375 :: steps: 1.00 :: Time: 0.012(0.01246/step) :: Entropy : 0.000 :: Grads : []
30 :: Rewards 1.622 :: steps: 1.00 :: Time: 0.013(0.01271/step) :: Entropy : 0.000 :: Grads : []
40 :: Rewards 3.350 :: steps: 1.00 :: Time: 0.012(0.01222/step) :: Entropy : 0.000 :: Grads : []
50 :: Rewards 5.199 :: steps: 1.00 :: Time: 0.012(0.01230/step) :: Entropy : 0.000 :: Grads : []
60 :: Rewards 7.986 :: steps: 1.00 :: Time: 0.012(0.01242/step) :: Entropy : 0.000 :: Grads : []
70 :: Rewards 11.652 :: steps: 1.00 :: Time: 0.013(0.01254/step) :: Entropy : 0.000 :: Grads : []
80 :: Rewards 16.889 :: steps: 1.00 :: Time: 0.013(0.01265/step) :: Entropy : 0.000 :: Grads : []
90 :: Rewards 21.690 :: steps: 1.00 :: Time: 0.013(0.01286/step) :: Entropy : 0.000 :: Grads : []
100 :: Rewards 26.329 :: steps: 1.00 :: Time: 0.013(0.01293/step) :: Entropy : 0.000 :: Grads : []
110 :: Rewards 32.418 :: steps: 1.00 :: Time: 0.013(0.01302/step) :: Entropy : 0.000 :: Grads : []
120 :: Rewards 38.063 :: steps: 1.00 :: Time: 0.013(0.01313/step) :: Entropy : 0.000 :: Grads : []
130 :: Rewards 44.298 :: steps: 1.00 :: Time: 0.013(0.01328/step) :: Entropy : 0.000 :: Grads : []
140 :: Rewards 51.441 :: steps: 1.00 :: Time: 0.013(0.01347/step) :: Entropy : 0.000 :: Grads : []
150 :: Rewards 58.303 :: steps: 1.00 :: Time: 0.014(0.01367/step) :: Entropy : 0.000 :: Grads : []
160 :: Rewards 65.158 :: steps: 1.00 :: Time: 0.014(0.01374/step) :: Entropy : 0.000 :: Grads : []
170 :: Rewards 71.629 :: steps: 1.00 :: Time: 0.014(0.01400/step) :: Entropy : 0.000 :: Grads : []
180 :: Rewards 78.256 :: steps: 1.00 :: Time: 0.014(0.01398/step) :: Entropy : 0.000 :: Grads : []
190 :: Rewards 84.355 :: steps: 1.00 :: Time: 0.014(0.01404/step) :: Entropy : 0.000 :: Grads : []
200 :: Rewards 90.058 :: steps: 1.00 :: Time: 0.014(0.01419/step) :: Entropy : 0.000 :: Grads : []
210 :: Rewards 95.415 :: steps: 1.00 :: Time: 0.014(0.01445/step) :: Entropy : 0.000 :: Grads : []
220 :: Rewards 100.388 :: steps: 1.00 :: Time: 0.014(0.01435/step) :: Entropy : 0.000 :: Grads : []
230 :: Rewards 105.066 :: steps: 1.00 :: Time: 0.015(0.01456/step) :: Entropy : 0.000 :: Grads : []
240 :: Rewards 109.033 :: steps: 1.00 :: Time: 0.015(0.01465/step) :: Entropy : 0.000 :: Grads : []
250 :: Rewards 112.537 :: steps: 1.00 :: Time: 0.015(0.01475/step) :: Entropy : 0.000 :: Grads : []
260 :: Rewards 115.486 :: steps: 1.00 :: Time: 0.015(0.01509/step) :: Entropy : 0.000 :: Grads : []
270 :: Rewards 117.883 :: steps: 1.00 :: Time: 0.015(0.01524/step) :: Entropy : 0.000 :: Grads : []
280 :: Rewards 119.899 :: steps: 1.00 :: Time: 0.015(0.01531/step) :: Entropy : 0.000 :: Grads : []
290 :: Rewards 121.393 :: steps: 1.00 :: Time: 0.015(0.01547/step) :: Entropy : 0.000 :: Grads : []
300 :: Rewards 122.260 :: steps: 1.00 :: Time: 0.016(0.01567/step) :: Entropy : 0.000 :: Grads : []
310 :: Rewards 122.818 :: steps: 1.00 :: Time: 0.016(0.01603/step) :: Entropy : 0.000 :: Grads : []
320 :: Rewards 124.107 :: steps: 1.00 :: Time: 0.018(0.01751/step) :: Entropy : 0.000 :: Grads : []
330 :: Rewards 123.785 :: steps: 1.00 :: Time: 0.017(0.01669/step) :: Entropy : 0.000 :: Grads : []
340 :: Rewards 123.348 :: steps: 1.00 :: Time: 0.017(0.01684/step) :: Entropy : 0.000 :: Grads : []
350 :: Rewards 122.450 :: steps: 1.00 :: Time: 0.017(0.01689/step) :: Entropy : 0.000 :: Grads : []
360 :: Rewards 121.686 :: steps: 1.00 :: Time: 0.017(0.01736/step) :: Entropy : 0.000 :: Grads : []
370 :: Rewards 119.455 :: steps: 1.00 :: Time: 0.017(0.01743/step) :: Entropy : 0.000 :: Grads : []
380 :: Rewards 117.882 :: steps: 1.00 :: Time: 0.017(0.01749/step) :: Entropy : 0.000 :: Grads : []
390 :: Rewards 115.405 :: steps: 1.00 :: Time: 0.018(0.01772/step) :: Entropy : 0.000 :: Grads : []
400 :: Rewards 113.231 :: steps: 1.00 :: Time: 0.018(0.01813/step) :: Entropy : 0.000 :: Grads : []
410 :: Rewards 111.482 :: steps: 1.00 :: Time: 0.018(0.01809/step) :: Entropy : 0.000 :: Grads : []
420 :: Rewards 108.872 :: steps: 1.00 :: Time: 0.019(0.01883/step) :: Entropy : 0.000 :: Grads : []
430 :: Rewards 107.000 :: steps: 1.00 :: Time: 0.019(0.01876/step) :: Entropy : 0.000 :: Grads : []
440 :: Rewards 104.747 :: steps: 1.00 :: Time: 0.019(0.01907/step) :: Entropy : 0.000 :: Grads : []
450 :: Rewards 100.846 :: steps: 1.00 :: Time: 0.019(0.01908/step) :: Entropy : 0.000 :: Grads : []
460 :: Rewards 97.414 :: steps: 1.00 :: Time: 0.019(0.01916/step) :: Entropy : 0.000 :: Grads : []
470 :: Rewards 94.681 :: steps: 1.00 :: Time: 0.019(0.01916/step) :: Entropy : 0.000 :: Grads : []
480 :: Rewards 91.849 :: steps: 1.00 :: Time: 0.019(0.01926/step) :: Entropy : 0.000 :: Grads : []
490 :: Rewards 89.234 :: steps: 1.00 :: Time: 0.019(0.01945/step) :: Entropy : 0.000 :: Grads : []
500 :: Rewards 85.504 :: steps: 1.00 :: Time: 0.020(0.01971/step) :: Entropy : 0.000 :: Grads : []
510 :: Rewards 82.061 :: steps: 1.00 :: Time: 0.020(0.01951/step) :: Entropy : 0.000 :: Grads : []
520 :: Rewards 78.768 :: steps: 1.00 :: Time: 0.020(0.02037/step) :: Entropy : 0.000 :: Grads : []
530 :: Rewards 75.379 :: steps: 1.00 :: Time: 0.020(0.02028/step) :: Entropy : 0.000 :: Grads : []
540 :: Rewards 72.325 :: steps: 1.00 :: Time: 0.020(0.02033/step) :: Entropy : 0.000 :: Grads : []
550 :: Rewards 68.871 :: steps: 1.00 :: Time: 0.020(0.02028/step) :: Entropy : 0.000 :: Grads : []
560 :: Rewards 66.133 :: steps: 1.00 :: Time: 0.021(0.02057/step) :: Entropy : 0.000 :: Grads : []
570 :: Rewards 63.627 :: steps: 1.00 :: Time: 0.021(0.02085/step) :: Entropy : 0.000 :: Grads : []
580 :: Rewards 60.970 :: steps: 1.00 :: Time: 0.021(0.02084/step) :: Entropy : 0.000 :: Grads : []
590 :: Rewards 59.378 :: steps: 1.00 :: Time: 0.021(0.02103/step) :: Entropy : 0.000 :: Grads : []
600 :: Rewards 56.908 :: steps: 1.00 :: Time: 0.021(0.02112/step) :: Entropy : 0.000 :: Grads : []
610 :: Rewards 54.538 :: steps: 1.00 :: Time: 0.021(0.02131/step) :: Entropy : 0.000 :: Grads : []
620 :: Rewards 52.144 :: steps: 1.00 :: Time: 0.021(0.02136/step) :: Entropy : 0.000 :: Grads : []
630 :: Rewards 51.008 :: steps: 1.00 :: Time: 0.021(0.02144/step) :: Entropy : 0.000 :: Grads : []
640 :: Rewards 50.346 :: steps: 1.00 :: Time: 0.022(0.02154/step) :: Entropy : 0.000 :: Grads : []
650 :: Rewards 49.315 :: steps: 1.00 :: Time: 0.022(0.02161/step) :: Entropy : 0.000 :: Grads : []
660 :: Rewards 49.608 :: steps: 1.00 :: Time: 0.022(0.02169/step) :: Entropy : 0.000 :: Grads : []
670 :: Rewards 49.649 :: steps: 1.00 :: Time: 0.022(0.02174/step) :: Entropy : 0.000 :: Grads : []
680 :: Rewards 50.691 :: steps: 1.00 :: Time: 0.022(0.02177/step) :: Entropy : 0.000 :: Grads : []
690 :: Rewards 49.648 :: steps: 1.00 :: Time: 0.022(0.02189/step) :: Entropy : 0.000 :: Grads : []
700 :: Rewards 48.900 :: steps: 1.00 :: Time: 0.022(0.02213/step) :: Entropy : 0.000 :: Grads : []
710 :: Rewards 51.698 :: steps: 1.00 :: Time: 0.020(0.02046/step) :: Entropy : 0.000 :: Grads : []
720 :: Rewards 52.881 :: steps: 1.00 :: Time: 0.018(0.01822/step) :: Entropy : 0.000 :: Grads : []
730 :: Rewards 55.230 :: steps: 1.00 :: Time: 0.019(0.01863/step) :: Entropy : 0.000 :: Grads : []
740 :: Rewards 57.800 :: steps: 1.00 :: Time: 0.018(0.01840/step) :: Entropy : 0.000 :: Grads : []
750 :: Rewards 60.280 :: steps: 1.00 :: Time: 0.018(0.01848/step) :: Entropy : 0.000 :: Grads : []
760 :: Rewards 61.975 :: steps: 1.00 :: Time: 0.018(0.01821/step) :: Entropy : 0.000 :: Grads : []
770 :: Rewards 63.848 :: steps: 1.00 :: Time: 0.018(0.01843/step) :: Entropy : 0.000 :: Grads : []
780 :: Rewards 65.700 :: steps: 1.00 :: Time: 0.018(0.01845/step) :: Entropy : 0.000 :: Grads : []
790 :: Rewards 67.722 :: steps: 1.00 :: Time: 0.020(0.01993/step) :: Entropy : 0.000 :: Grads : []
800 :: Rewards 70.258 :: steps: 1.00 :: Time: 0.020(0.02017/step) :: Entropy : 0.000 :: Grads : []
810 :: Rewards 72.774 :: steps: 1.00 :: Time: 0.021(0.02052/step) :: Entropy : 0.000 :: Grads : []
820 :: Rewards 75.631 :: steps: 1.00 :: Time: 0.021(0.02059/step) :: Entropy : 0.000 :: Grads : []
830 :: Rewards 78.792 :: steps: 1.00 :: Time: 0.021(0.02085/step) :: Entropy : 0.000 :: Grads : []
840 :: Rewards 81.269 :: steps: 1.00 :: Time: 0.021(0.02100/step) :: Entropy : 0.000 :: Grads : []
850 :: Rewards 82.614 :: steps: 1.00 :: Time: 0.021(0.02117/step) :: Entropy : 0.000 :: Grads : []
860 :: Rewards 83.861 :: steps: 1.00 :: Time: 0.021(0.02058/step) :: Entropy : 0.000 :: Grads : []
870 :: Rewards 85.756 :: steps: 1.00 :: Time: 0.022(0.02161/step) :: Entropy : 0.000 :: Grads : []
880 :: Rewards 86.413 :: steps: 1.00 :: Time: 0.022(0.02159/step) :: Entropy : 0.000 :: Grads : []
890 :: Rewards 86.636 :: steps: 1.00 :: Time: 0.023(0.02306/step) :: Entropy : 0.000 :: Grads : []
900 :: Rewards 86.900 :: steps: 1.00 :: Time: 0.022(0.02167/step) :: Entropy : 0.000 :: Grads : []
910 :: Rewards 86.649 :: steps: 1.00 :: Time: 0.021(0.02129/step) :: Entropy : 0.000 :: Grads : []
920 :: Rewards 85.246 :: steps: 1.00 :: Time: 0.021(0.02147/step) :: Entropy : 0.000 :: Grads : []
930 :: Rewards 84.804 :: steps: 1.00 :: Time: 0.022(0.02150/step) :: Entropy : 0.000 :: Grads : []
940 :: Rewards 85.349 :: steps: 1.00 :: Time: 0.022(0.02161/step) :: Entropy : 0.000 :: Grads : []
950 :: Rewards 84.289 :: steps: 1.00 :: Time: 0.022(0.02164/step) :: Entropy : 0.000 :: Grads : []
960 :: Rewards 84.031 :: steps: 1.00 :: Time: 0.022(0.02186/step) :: Entropy : 0.000 :: Grads : []
970 :: Rewards 84.791 :: steps: 1.00 :: Time: 0.022(0.02201/step) :: Entropy : 0.000 :: Grads : []
980 :: Rewards 84.473 :: steps: 1.00 :: Time: 0.022(0.02222/step) :: Entropy : 0.000 :: Grads : []
990 :: Rewards 84.179 :: steps: 1.00 :: Time: 0.022(0.02221/step) :: Entropy : 0.000 :: Grads : []
999 :: Rewards 85.190 :: steps: 0.90 :: Time: 0.020(0.02232/step) :: Entropy : 0.000 :: Grads : []
Total time taken: 18.212132930755615
