Module path:  Environments.NS_Reco NS_Reco
Dynamically loaded from:  <class 'Environments.NS_Reco.NS_Reco'>
Reward Amplitudes: [4.17022005e-01 7.20324493e-01 1.14374817e-04 3.02332573e-01
 1.46755891e-01] :: Avg 0.317309867282206 
Module path:  Src.Algorithms.OFPG OFPG
Dynamically loaded from:  <class 'Src.Algorithms.OFPG.OFPG'>
=====Configurations=====
 Namespace(NN_basis_dim='32', Policy_basis_dim='32', actor_lr=0.0021758107191788777, algo_name='OFPG', base=0, batch_size=1000, buffer_size=1000, debug=False, delta=5, entropy_lambda=0.0820027845863337, env_name='NS_Reco', experiment='NS_2_', extrapolator_basis='Fourier', folder_suffix='Default', fourier_coupled=True, fourier_k=7, fourier_order=3, gamma=0.99, gauss_std=1.5, gpu=0, hyper='default', importance_clip=15.0, inc=1, log_output='term_file', max_episodes=1000, max_inner=100, max_steps=500, optim='rmsprop', oracle=-1, raw_basis=True, restore=False, save_count=100, save_model=True, seed=21, speed=2, state_lr=0.001, summary=True, swarm=False, timestamp='5|24|17:54:10')
Actions space: 5 :: State space: 1
State Low: tensor([0.]) :: State High: tensor([1.])
State features:  [('dummy_param', torch.Size([1]))]
Policy:  [('fc1.weight', torch.Size([5, 1])), ('fc1.bias', torch.Size([5]))]
0 :: Rewards 0.006 :: steps: 0.10 :: Time: 0.000(0.00063/step) :: Entropy : 0.000 :: Grads : []
10 :: Rewards 0.083 :: steps: 1.00 :: Time: 0.008(0.00776/step) :: Entropy : 0.000 :: Grads : []
20 :: Rewards 0.372 :: steps: 1.00 :: Time: 0.008(0.00776/step) :: Entropy : 0.000 :: Grads : []
30 :: Rewards 1.037 :: steps: 1.00 :: Time: 0.008(0.00809/step) :: Entropy : 0.000 :: Grads : []
40 :: Rewards 2.100 :: steps: 1.00 :: Time: 0.008(0.00777/step) :: Entropy : 0.000 :: Grads : []
50 :: Rewards 3.654 :: steps: 1.00 :: Time: 0.008(0.00778/step) :: Entropy : 0.000 :: Grads : []
60 :: Rewards 5.765 :: steps: 1.00 :: Time: 0.008(0.00779/step) :: Entropy : 0.000 :: Grads : []
70 :: Rewards 7.433 :: steps: 1.00 :: Time: 0.008(0.00789/step) :: Entropy : 0.000 :: Grads : []
80 :: Rewards 9.677 :: steps: 1.00 :: Time: 0.008(0.00794/step) :: Entropy : 0.000 :: Grads : []
90 :: Rewards 12.448 :: steps: 1.00 :: Time: 0.008(0.00804/step) :: Entropy : 0.000 :: Grads : []
100 :: Rewards 16.742 :: steps: 1.00 :: Time: 0.008(0.00811/step) :: Entropy : 0.000 :: Grads : []
110 :: Rewards 21.359 :: steps: 1.00 :: Time: 0.008(0.00816/step) :: Entropy : 0.000 :: Grads : []
120 :: Rewards 26.328 :: steps: 1.00 :: Time: 0.008(0.00823/step) :: Entropy : 0.000 :: Grads : []
130 :: Rewards 31.973 :: steps: 1.00 :: Time: 0.008(0.00832/step) :: Entropy : 0.000 :: Grads : []
140 :: Rewards 37.536 :: steps: 1.00 :: Time: 0.008(0.00842/step) :: Entropy : 0.000 :: Grads : []
150 :: Rewards 43.734 :: steps: 1.00 :: Time: 0.008(0.00848/step) :: Entropy : 0.000 :: Grads : []
160 :: Rewards 50.213 :: steps: 1.00 :: Time: 0.009(0.00853/step) :: Entropy : 0.000 :: Grads : []
170 :: Rewards 56.909 :: steps: 1.00 :: Time: 0.009(0.00861/step) :: Entropy : 0.000 :: Grads : []
180 :: Rewards 63.786 :: steps: 1.00 :: Time: 0.009(0.00867/step) :: Entropy : 0.000 :: Grads : []
190 :: Rewards 70.281 :: steps: 1.00 :: Time: 0.009(0.00873/step) :: Entropy : 0.000 :: Grads : []
200 :: Rewards 77.378 :: steps: 1.00 :: Time: 0.009(0.00879/step) :: Entropy : 0.000 :: Grads : []
210 :: Rewards 84.550 :: steps: 1.00 :: Time: 0.009(0.00888/step) :: Entropy : 0.000 :: Grads : []
220 :: Rewards 91.348 :: steps: 1.00 :: Time: 0.009(0.00897/step) :: Entropy : 0.000 :: Grads : []
230 :: Rewards 98.548 :: steps: 1.00 :: Time: 0.009(0.00899/step) :: Entropy : 0.000 :: Grads : []
240 :: Rewards 105.647 :: steps: 1.00 :: Time: 0.009(0.00910/step) :: Entropy : 0.000 :: Grads : []
250 :: Rewards 112.277 :: steps: 1.00 :: Time: 0.009(0.00910/step) :: Entropy : 0.000 :: Grads : []
260 :: Rewards 118.148 :: steps: 1.00 :: Time: 0.009(0.00934/step) :: Entropy : 0.000 :: Grads : []
270 :: Rewards 124.543 :: steps: 1.00 :: Time: 0.009(0.00946/step) :: Entropy : 0.000 :: Grads : []
280 :: Rewards 130.811 :: steps: 1.00 :: Time: 0.009(0.00945/step) :: Entropy : 0.000 :: Grads : []
290 :: Rewards 137.216 :: steps: 1.00 :: Time: 0.010(0.00951/step) :: Entropy : 0.000 :: Grads : []
300 :: Rewards 142.891 :: steps: 1.00 :: Time: 0.010(0.00955/step) :: Entropy : 0.000 :: Grads : []
310 :: Rewards 148.182 :: steps: 1.00 :: Time: 0.010(0.00960/step) :: Entropy : 0.000 :: Grads : []
320 :: Rewards 153.770 :: steps: 1.00 :: Time: 0.010(0.00987/step) :: Entropy : 0.000 :: Grads : []
330 :: Rewards 158.520 :: steps: 1.00 :: Time: 0.010(0.00982/step) :: Entropy : 0.000 :: Grads : []
340 :: Rewards 163.398 :: steps: 1.00 :: Time: 0.010(0.00998/step) :: Entropy : 0.000 :: Grads : []
350 :: Rewards 167.781 :: steps: 1.00 :: Time: 0.010(0.00995/step) :: Entropy : 0.000 :: Grads : []
360 :: Rewards 171.665 :: steps: 1.00 :: Time: 0.010(0.01027/step) :: Entropy : 0.000 :: Grads : []
370 :: Rewards 175.214 :: steps: 1.00 :: Time: 0.010(0.01034/step) :: Entropy : 0.000 :: Grads : []
380 :: Rewards 178.465 :: steps: 1.00 :: Time: 0.011(0.01054/step) :: Entropy : 0.000 :: Grads : []
390 :: Rewards 181.217 :: steps: 1.00 :: Time: 0.011(0.01050/step) :: Entropy : 0.000 :: Grads : []
400 :: Rewards 183.652 :: steps: 1.00 :: Time: 0.011(0.01056/step) :: Entropy : 0.000 :: Grads : []
410 :: Rewards 185.495 :: steps: 1.00 :: Time: 0.011(0.01078/step) :: Entropy : 0.000 :: Grads : []
420 :: Rewards 186.793 :: steps: 1.00 :: Time: 0.011(0.01094/step) :: Entropy : 0.000 :: Grads : []
430 :: Rewards 187.697 :: steps: 1.00 :: Time: 0.011(0.01097/step) :: Entropy : 0.000 :: Grads : []
440 :: Rewards 188.311 :: steps: 1.00 :: Time: 0.011(0.01106/step) :: Entropy : 0.000 :: Grads : []
450 :: Rewards 188.290 :: steps: 1.00 :: Time: 0.011(0.01129/step) :: Entropy : 0.000 :: Grads : []
460 :: Rewards 188.363 :: steps: 1.00 :: Time: 0.011(0.01119/step) :: Entropy : 0.000 :: Grads : []
470 :: Rewards 188.348 :: steps: 1.00 :: Time: 0.011(0.01120/step) :: Entropy : 0.000 :: Grads : []
480 :: Rewards 186.531 :: steps: 1.00 :: Time: 0.011(0.01123/step) :: Entropy : 0.000 :: Grads : []
490 :: Rewards 184.823 :: steps: 1.00 :: Time: 0.011(0.01127/step) :: Entropy : 0.000 :: Grads : []
500 :: Rewards 183.231 :: steps: 1.00 :: Time: 0.011(0.01134/step) :: Entropy : 0.000 :: Grads : []
510 :: Rewards 181.321 :: steps: 1.00 :: Time: 0.011(0.01135/step) :: Entropy : 0.000 :: Grads : []
520 :: Rewards 178.105 :: steps: 1.00 :: Time: 0.012(0.01158/step) :: Entropy : 0.000 :: Grads : []
530 :: Rewards 175.453 :: steps: 1.00 :: Time: 0.012(0.01166/step) :: Entropy : 0.000 :: Grads : []
540 :: Rewards 171.978 :: steps: 1.00 :: Time: 0.012(0.01163/step) :: Entropy : 0.000 :: Grads : []
550 :: Rewards 170.397 :: steps: 1.00 :: Time: 0.012(0.01166/step) :: Entropy : 0.000 :: Grads : []
560 :: Rewards 167.298 :: steps: 1.00 :: Time: 0.012(0.01166/step) :: Entropy : 0.000 :: Grads : []
570 :: Rewards 164.046 :: steps: 1.00 :: Time: 0.012(0.01177/step) :: Entropy : 0.000 :: Grads : []
580 :: Rewards 162.866 :: steps: 1.00 :: Time: 0.012(0.01176/step) :: Entropy : 0.000 :: Grads : []
590 :: Rewards 160.871 :: steps: 1.00 :: Time: 0.012(0.01186/step) :: Entropy : 0.000 :: Grads : []
600 :: Rewards 157.578 :: steps: 1.00 :: Time: 0.012(0.01189/step) :: Entropy : 0.000 :: Grads : []
610 :: Rewards 154.544 :: steps: 1.00 :: Time: 0.012(0.01195/step) :: Entropy : 0.000 :: Grads : []
620 :: Rewards 153.209 :: steps: 1.00 :: Time: 0.012(0.01193/step) :: Entropy : 0.000 :: Grads : []
630 :: Rewards 150.487 :: steps: 1.00 :: Time: 0.012(0.01201/step) :: Entropy : 0.000 :: Grads : []
640 :: Rewards 148.295 :: steps: 1.00 :: Time: 0.012(0.01202/step) :: Entropy : 0.000 :: Grads : []
650 :: Rewards 146.658 :: steps: 1.00 :: Time: 0.012(0.01207/step) :: Entropy : 0.000 :: Grads : []
660 :: Rewards 143.986 :: steps: 1.00 :: Time: 0.012(0.01222/step) :: Entropy : 0.000 :: Grads : []
670 :: Rewards 141.826 :: steps: 1.00 :: Time: 0.012(0.01219/step) :: Entropy : 0.000 :: Grads : []
680 :: Rewards 137.932 :: steps: 1.00 :: Time: 0.012(0.01220/step) :: Entropy : 0.000 :: Grads : []
690 :: Rewards 134.515 :: steps: 1.00 :: Time: 0.012(0.01232/step) :: Entropy : 0.000 :: Grads : []
700 :: Rewards 131.988 :: steps: 1.00 :: Time: 0.012(0.01239/step) :: Entropy : 0.000 :: Grads : []
710 :: Rewards 127.913 :: steps: 1.00 :: Time: 0.012(0.01247/step) :: Entropy : 0.000 :: Grads : []
720 :: Rewards 125.574 :: steps: 1.00 :: Time: 0.013(0.01250/step) :: Entropy : 0.000 :: Grads : []
730 :: Rewards 123.689 :: steps: 1.00 :: Time: 0.013(0.01258/step) :: Entropy : 0.000 :: Grads : []
740 :: Rewards 121.417 :: steps: 1.00 :: Time: 0.013(0.01266/step) :: Entropy : 0.000 :: Grads : []
750 :: Rewards 119.525 :: steps: 1.00 :: Time: 0.013(0.01274/step) :: Entropy : 0.000 :: Grads : []
760 :: Rewards 116.409 :: steps: 1.00 :: Time: 0.013(0.01277/step) :: Entropy : 0.000 :: Grads : []
770 :: Rewards 113.992 :: steps: 1.00 :: Time: 0.013(0.01291/step) :: Entropy : 0.000 :: Grads : []
780 :: Rewards 111.418 :: steps: 1.00 :: Time: 0.013(0.01298/step) :: Entropy : 0.000 :: Grads : []
790 :: Rewards 108.852 :: steps: 1.00 :: Time: 0.013(0.01298/step) :: Entropy : 0.000 :: Grads : []
800 :: Rewards 105.872 :: steps: 1.00 :: Time: 0.013(0.01302/step) :: Entropy : 0.000 :: Grads : []
810 :: Rewards 102.596 :: steps: 1.00 :: Time: 0.013(0.01302/step) :: Entropy : 0.000 :: Grads : []
820 :: Rewards 99.949 :: steps: 1.00 :: Time: 0.013(0.01315/step) :: Entropy : 0.000 :: Grads : []
830 :: Rewards 97.406 :: steps: 1.00 :: Time: 0.013(0.01318/step) :: Entropy : 0.000 :: Grads : []
840 :: Rewards 95.187 :: steps: 1.00 :: Time: 0.013(0.01323/step) :: Entropy : 0.000 :: Grads : []
850 :: Rewards 93.169 :: steps: 1.00 :: Time: 0.013(0.01330/step) :: Entropy : 0.000 :: Grads : []
860 :: Rewards 91.219 :: steps: 1.00 :: Time: 0.013(0.01321/step) :: Entropy : 0.000 :: Grads : []
870 :: Rewards 89.618 :: steps: 1.00 :: Time: 0.013(0.01327/step) :: Entropy : 0.000 :: Grads : []
880 :: Rewards 88.373 :: steps: 1.00 :: Time: 0.013(0.01326/step) :: Entropy : 0.000 :: Grads : []
890 :: Rewards 87.233 :: steps: 1.00 :: Time: 0.013(0.01336/step) :: Entropy : 0.000 :: Grads : []
900 :: Rewards 86.137 :: steps: 1.00 :: Time: 0.013(0.01343/step) :: Entropy : 0.000 :: Grads : []
910 :: Rewards 84.893 :: steps: 1.00 :: Time: 0.013(0.01341/step) :: Entropy : 0.000 :: Grads : []
920 :: Rewards 83.823 :: steps: 1.00 :: Time: 0.014(0.01351/step) :: Entropy : 0.000 :: Grads : []
930 :: Rewards 81.970 :: steps: 1.00 :: Time: 0.013(0.01345/step) :: Entropy : 0.000 :: Grads : []
940 :: Rewards 80.718 :: steps: 1.00 :: Time: 0.014(0.01364/step) :: Entropy : 0.000 :: Grads : []
950 :: Rewards 80.449 :: steps: 1.00 :: Time: 0.014(0.01371/step) :: Entropy : 0.000 :: Grads : []
960 :: Rewards 80.872 :: steps: 1.00 :: Time: 0.014(0.01379/step) :: Entropy : 0.000 :: Grads : []
970 :: Rewards 80.220 :: steps: 1.00 :: Time: 0.014(0.01374/step) :: Entropy : 0.000 :: Grads : []
980 :: Rewards 80.152 :: steps: 1.00 :: Time: 0.014(0.01367/step) :: Entropy : 0.000 :: Grads : []
990 :: Rewards 81.616 :: steps: 1.00 :: Time: 0.014(0.01365/step) :: Entropy : 0.000 :: Grads : []
999 :: Rewards 82.734 :: steps: 0.90 :: Time: 0.014(0.01539/step) :: Entropy : 0.000 :: Grads : []
Total time taken: 11.106141328811646
