Module path:  Environments.NS_Reco NS_Reco
Dynamically loaded from:  <class 'Environments.NS_Reco.NS_Reco'>
Reward Amplitudes: [4.17022005e-01 7.20324493e-01 1.14374817e-04 3.02332573e-01
 1.46755891e-01] :: Avg 0.317309867282206 
Module path:  Src.Algorithms.ProOLS ProOLS
Dynamically loaded from:  <class 'Src.Algorithms.ProOLS.ProOLS'>
=====Configurations=====
 Namespace(NN_basis_dim='32', Policy_basis_dim='32', actor_lr=0.0013967975033711264, algo_name='ProOLS', base=0, batch_size=1000, buffer_size=1000, debug=False, delta=1, entropy_lambda=0.009309067356364342, env_name='NS_Reco', experiment='NS_2_', extrapolator_basis='Fourier', folder_suffix='Default', fourier_coupled=True, fourier_k=5, fourier_order=3, gamma=0.99, gauss_std=1.5, gpu=0, hyper='default', importance_clip=15.0, inc=1, log_output='term_file', max_episodes=1000, max_inner=30, max_steps=500, optim='rmsprop', oracle=-1, raw_basis=True, restore=False, save_count=100, save_model=True, seed=17, speed=2, state_lr=0.001, summary=True, swarm=False, timestamp='5|24|17:22:25')
Actions space: 5 :: State space: 1
State Low: tensor([0.]) :: State High: tensor([1.])
State features:  [('dummy_param', torch.Size([1]))]
Policy:  [('fc1.weight', torch.Size([5, 1])), ('fc1.bias', torch.Size([5]))]
0 :: Rewards 0.001 :: steps: 0.10 :: Time: 0.000(0.00055/step) :: Entropy : 0.000 :: Grads : []
10 :: Rewards 0.139 :: steps: 1.00 :: Time: 0.008(0.00768/step) :: Entropy : 0.000 :: Grads : []
20 :: Rewards 0.505 :: steps: 1.00 :: Time: 0.013(0.01251/step) :: Entropy : 0.000 :: Grads : []
30 :: Rewards 1.575 :: steps: 1.00 :: Time: 0.013(0.01292/step) :: Entropy : 0.000 :: Grads : []
40 :: Rewards 3.171 :: steps: 1.00 :: Time: 0.012(0.01240/step) :: Entropy : 0.000 :: Grads : []
50 :: Rewards 5.464 :: steps: 1.00 :: Time: 0.012(0.01246/step) :: Entropy : 0.000 :: Grads : []
60 :: Rewards 8.276 :: steps: 1.00 :: Time: 0.013(0.01257/step) :: Entropy : 0.000 :: Grads : []
70 :: Rewards 11.514 :: steps: 1.00 :: Time: 0.013(0.01276/step) :: Entropy : 0.000 :: Grads : []
80 :: Rewards 15.212 :: steps: 1.00 :: Time: 0.013(0.01277/step) :: Entropy : 0.000 :: Grads : []
90 :: Rewards 19.293 :: steps: 1.00 :: Time: 0.013(0.01287/step) :: Entropy : 0.000 :: Grads : []
100 :: Rewards 23.872 :: steps: 1.00 :: Time: 0.013(0.01294/step) :: Entropy : 0.000 :: Grads : []
110 :: Rewards 28.816 :: steps: 1.00 :: Time: 0.013(0.01310/step) :: Entropy : 0.000 :: Grads : []
120 :: Rewards 34.111 :: steps: 1.00 :: Time: 0.013(0.01314/step) :: Entropy : 0.000 :: Grads : []
130 :: Rewards 39.745 :: steps: 1.00 :: Time: 0.013(0.01335/step) :: Entropy : 0.000 :: Grads : []
140 :: Rewards 45.656 :: steps: 1.00 :: Time: 0.013(0.01348/step) :: Entropy : 0.000 :: Grads : []
150 :: Rewards 51.878 :: steps: 1.00 :: Time: 0.014(0.01359/step) :: Entropy : 0.000 :: Grads : []
160 :: Rewards 58.343 :: steps: 1.00 :: Time: 0.014(0.01365/step) :: Entropy : 0.000 :: Grads : []
170 :: Rewards 65.026 :: steps: 1.00 :: Time: 0.014(0.01377/step) :: Entropy : 0.000 :: Grads : []
180 :: Rewards 71.891 :: steps: 1.00 :: Time: 0.014(0.01385/step) :: Entropy : 0.000 :: Grads : []
190 :: Rewards 78.861 :: steps: 1.00 :: Time: 0.014(0.01398/step) :: Entropy : 0.000 :: Grads : []
200 :: Rewards 85.965 :: steps: 1.00 :: Time: 0.014(0.01408/step) :: Entropy : 0.000 :: Grads : []
210 :: Rewards 93.142 :: steps: 1.00 :: Time: 0.014(0.01420/step) :: Entropy : 0.000 :: Grads : []
220 :: Rewards 100.325 :: steps: 1.00 :: Time: 0.014(0.01430/step) :: Entropy : 0.000 :: Grads : []
230 :: Rewards 107.533 :: steps: 1.00 :: Time: 0.014(0.01440/step) :: Entropy : 0.000 :: Grads : []
240 :: Rewards 114.694 :: steps: 1.00 :: Time: 0.015(0.01450/step) :: Entropy : 0.000 :: Grads : []
250 :: Rewards 121.743 :: steps: 1.00 :: Time: 0.015(0.01458/step) :: Entropy : 0.000 :: Grads : []
260 :: Rewards 128.741 :: steps: 1.00 :: Time: 0.015(0.01478/step) :: Entropy : 0.000 :: Grads : []
270 :: Rewards 135.552 :: steps: 1.00 :: Time: 0.015(0.01497/step) :: Entropy : 0.000 :: Grads : []
280 :: Rewards 142.211 :: steps: 1.00 :: Time: 0.015(0.01508/step) :: Entropy : 0.000 :: Grads : []
290 :: Rewards 148.616 :: steps: 1.00 :: Time: 0.015(0.01516/step) :: Entropy : 0.000 :: Grads : []
300 :: Rewards 154.817 :: steps: 1.00 :: Time: 0.015(0.01530/step) :: Entropy : 0.000 :: Grads : []
310 :: Rewards 160.675 :: steps: 1.00 :: Time: 0.015(0.01530/step) :: Entropy : 0.000 :: Grads : []
320 :: Rewards 166.250 :: steps: 1.00 :: Time: 0.016(0.01550/step) :: Entropy : 0.000 :: Grads : []
330 :: Rewards 171.492 :: steps: 1.00 :: Time: 0.015(0.01550/step) :: Entropy : 0.000 :: Grads : []
340 :: Rewards 176.390 :: steps: 1.00 :: Time: 0.016(0.01588/step) :: Entropy : 0.000 :: Grads : []
350 :: Rewards 180.890 :: steps: 1.00 :: Time: 0.016(0.01585/step) :: Entropy : 0.000 :: Grads : []
360 :: Rewards 184.940 :: steps: 1.00 :: Time: 0.016(0.01628/step) :: Entropy : 0.000 :: Grads : []
370 :: Rewards 188.582 :: steps: 1.00 :: Time: 0.016(0.01645/step) :: Entropy : 0.000 :: Grads : []
380 :: Rewards 191.764 :: steps: 1.00 :: Time: 0.017(0.01661/step) :: Entropy : 0.000 :: Grads : []
390 :: Rewards 194.455 :: steps: 1.00 :: Time: 0.017(0.01669/step) :: Entropy : 0.000 :: Grads : []
400 :: Rewards 196.665 :: steps: 1.00 :: Time: 0.017(0.01681/step) :: Entropy : 0.000 :: Grads : []
410 :: Rewards 198.367 :: steps: 1.00 :: Time: 0.017(0.01701/step) :: Entropy : 0.000 :: Grads : []
420 :: Rewards 199.614 :: steps: 1.00 :: Time: 0.017(0.01743/step) :: Entropy : 0.000 :: Grads : []
430 :: Rewards 200.308 :: steps: 1.00 :: Time: 0.017(0.01749/step) :: Entropy : 0.000 :: Grads : []
440 :: Rewards 200.505 :: steps: 1.00 :: Time: 0.018(0.01753/step) :: Entropy : 0.000 :: Grads : []
450 :: Rewards 200.190 :: steps: 1.00 :: Time: 0.018(0.01764/step) :: Entropy : 0.000 :: Grads : []
460 :: Rewards 199.338 :: steps: 1.00 :: Time: 0.018(0.01770/step) :: Entropy : 0.000 :: Grads : []
470 :: Rewards 198.016 :: steps: 1.00 :: Time: 0.018(0.01778/step) :: Entropy : 0.000 :: Grads : []
480 :: Rewards 196.177 :: steps: 1.00 :: Time: 0.018(0.01783/step) :: Entropy : 0.000 :: Grads : []
490 :: Rewards 193.864 :: steps: 1.00 :: Time: 0.018(0.01790/step) :: Entropy : 0.000 :: Grads : []
500 :: Rewards 191.005 :: steps: 1.00 :: Time: 0.018(0.01799/step) :: Entropy : 0.000 :: Grads : []
510 :: Rewards 187.708 :: steps: 1.00 :: Time: 0.019(0.01863/step) :: Entropy : 0.000 :: Grads : []
520 :: Rewards 184.011 :: steps: 1.00 :: Time: 0.018(0.01850/step) :: Entropy : 0.000 :: Grads : []
530 :: Rewards 179.825 :: steps: 1.00 :: Time: 0.018(0.01847/step) :: Entropy : 0.000 :: Grads : []
540 :: Rewards 175.288 :: steps: 1.00 :: Time: 0.019(0.01850/step) :: Entropy : 0.000 :: Grads : []
550 :: Rewards 170.346 :: steps: 1.00 :: Time: 0.019(0.01853/step) :: Entropy : 0.000 :: Grads : []
560 :: Rewards 165.028 :: steps: 1.00 :: Time: 0.019(0.01867/step) :: Entropy : 0.000 :: Grads : []
570 :: Rewards 159.403 :: steps: 1.00 :: Time: 0.019(0.01869/step) :: Entropy : 0.000 :: Grads : []
580 :: Rewards 153.445 :: steps: 1.00 :: Time: 0.019(0.01872/step) :: Entropy : 0.000 :: Grads : []
590 :: Rewards 147.178 :: steps: 1.00 :: Time: 0.019(0.01882/step) :: Entropy : 0.000 :: Grads : []
600 :: Rewards 140.678 :: steps: 1.00 :: Time: 0.019(0.01895/step) :: Entropy : 0.000 :: Grads : []
610 :: Rewards 133.992 :: steps: 1.00 :: Time: 0.019(0.01901/step) :: Entropy : 0.000 :: Grads : []
620 :: Rewards 130.296 :: steps: 1.00 :: Time: 0.019(0.01896/step) :: Entropy : 0.000 :: Grads : []
630 :: Rewards 127.410 :: steps: 1.00 :: Time: 0.019(0.01902/step) :: Entropy : 0.000 :: Grads : []
640 :: Rewards 126.190 :: steps: 1.00 :: Time: 0.019(0.01906/step) :: Entropy : 0.000 :: Grads : []
650 :: Rewards 124.804 :: steps: 1.00 :: Time: 0.019(0.01916/step) :: Entropy : 0.000 :: Grads : []
660 :: Rewards 124.446 :: steps: 1.00 :: Time: 0.019(0.01927/step) :: Entropy : 0.000 :: Grads : []
670 :: Rewards 124.670 :: steps: 1.00 :: Time: 0.019(0.01937/step) :: Entropy : 0.000 :: Grads : []
680 :: Rewards 125.079 :: steps: 1.00 :: Time: 0.019(0.01937/step) :: Entropy : 0.000 :: Grads : []
690 :: Rewards 125.379 :: steps: 1.00 :: Time: 0.020(0.01952/step) :: Entropy : 0.000 :: Grads : []
700 :: Rewards 125.672 :: steps: 1.00 :: Time: 0.020(0.01965/step) :: Entropy : 0.000 :: Grads : []
710 :: Rewards 125.906 :: steps: 1.00 :: Time: 0.020(0.01965/step) :: Entropy : 0.000 :: Grads : []
720 :: Rewards 126.068 :: steps: 1.00 :: Time: 0.020(0.01951/step) :: Entropy : 0.000 :: Grads : []
730 :: Rewards 126.166 :: steps: 1.00 :: Time: 0.020(0.01956/step) :: Entropy : 0.000 :: Grads : []
740 :: Rewards 126.179 :: steps: 1.00 :: Time: 0.020(0.01967/step) :: Entropy : 0.000 :: Grads : []
750 :: Rewards 126.140 :: steps: 1.00 :: Time: 0.020(0.01980/step) :: Entropy : 0.000 :: Grads : []
760 :: Rewards 126.054 :: steps: 1.00 :: Time: 0.020(0.01992/step) :: Entropy : 0.000 :: Grads : []
770 :: Rewards 125.674 :: steps: 1.00 :: Time: 0.020(0.02001/step) :: Entropy : 0.000 :: Grads : []
780 :: Rewards 125.479 :: steps: 1.00 :: Time: 0.020(0.02015/step) :: Entropy : 0.000 :: Grads : []
790 :: Rewards 125.382 :: steps: 1.00 :: Time: 0.020(0.02018/step) :: Entropy : 0.000 :: Grads : []
800 :: Rewards 125.264 :: steps: 1.00 :: Time: 0.020(0.02029/step) :: Entropy : 0.000 :: Grads : []
810 :: Rewards 124.040 :: steps: 1.00 :: Time: 0.020(0.02032/step) :: Entropy : 0.000 :: Grads : []
820 :: Rewards 123.591 :: steps: 1.00 :: Time: 0.020(0.02039/step) :: Entropy : 0.000 :: Grads : []
830 :: Rewards 123.207 :: steps: 1.00 :: Time: 0.020(0.02048/step) :: Entropy : 0.000 :: Grads : []
840 :: Rewards 122.120 :: steps: 1.00 :: Time: 0.020(0.02049/step) :: Entropy : 0.000 :: Grads : []
850 :: Rewards 121.613 :: steps: 1.00 :: Time: 0.021(0.02054/step) :: Entropy : 0.000 :: Grads : []
860 :: Rewards 121.033 :: steps: 1.00 :: Time: 0.021(0.02064/step) :: Entropy : 0.000 :: Grads : []
870 :: Rewards 120.330 :: steps: 1.00 :: Time: 0.023(0.02259/step) :: Entropy : 0.000 :: Grads : []
880 :: Rewards 120.208 :: steps: 1.00 :: Time: 0.021(0.02082/step) :: Entropy : 0.000 :: Grads : []
890 :: Rewards 120.565 :: steps: 1.00 :: Time: 0.021(0.02088/step) :: Entropy : 0.000 :: Grads : []
900 :: Rewards 121.414 :: steps: 1.00 :: Time: 0.021(0.02067/step) :: Entropy : 0.000 :: Grads : []
910 :: Rewards 122.823 :: steps: 1.00 :: Time: 0.021(0.02080/step) :: Entropy : 0.000 :: Grads : []
920 :: Rewards 124.674 :: steps: 1.00 :: Time: 0.021(0.02091/step) :: Entropy : 0.000 :: Grads : []
930 :: Rewards 127.044 :: steps: 1.00 :: Time: 0.021(0.02072/step) :: Entropy : 0.000 :: Grads : []
940 :: Rewards 129.908 :: steps: 1.00 :: Time: 0.021(0.02086/step) :: Entropy : 0.000 :: Grads : []
950 :: Rewards 133.207 :: steps: 1.00 :: Time: 0.021(0.02140/step) :: Entropy : 0.000 :: Grads : []
960 :: Rewards 136.975 :: steps: 1.00 :: Time: 0.021(0.02149/step) :: Entropy : 0.000 :: Grads : []
970 :: Rewards 141.208 :: steps: 1.00 :: Time: 0.022(0.02158/step) :: Entropy : 0.000 :: Grads : []
980 :: Rewards 145.814 :: steps: 1.00 :: Time: 0.021(0.02149/step) :: Entropy : 0.000 :: Grads : []
990 :: Rewards 150.812 :: steps: 1.00 :: Time: 0.021(0.02127/step) :: Entropy : 0.000 :: Grads : []
999 :: Rewards 155.608 :: steps: 0.90 :: Time: 0.019(0.02113/step) :: Entropy : 0.000 :: Grads : []
Total time taken: 17.42605686187744
