Module path:  Environments.NS_Reco NS_Reco
Dynamically loaded from:  <class 'Environments.NS_Reco.NS_Reco'>
Reward Amplitudes: [4.17022005e-01 7.20324493e-01 1.14374817e-04 3.02332573e-01
 1.46755891e-01] :: Avg 0.317309867282206 
Module path:  Src.Algorithms.ProWLS ProWLS
Dynamically loaded from:  <class 'Src.Algorithms.ProWLS.ProWLS'>
=====Configurations=====
 Namespace(NN_basis_dim='32', Policy_basis_dim='32', actor_lr=0.007650333890460954, algo_name='ProWLS', base=0, batch_size=1000, buffer_size=1000, debug=False, delta=5, entropy_lambda=0.03134205440723196, env_name='NS_Reco', experiment='NS_2r_', extrapolator_basis='Fourier', folder_suffix='Default', fourier_coupled=True, fourier_k=3, fourier_order=3, gamma=0.99, gauss_std=1.5, gpu=0, hyper='default', importance_clip=15.0, inc=1, log_output='term_file', max_episodes=1000, max_inner=50, max_steps=500, optim='rmsprop', oracle=-1, raw_basis=True, restore=False, save_count=100, save_model=True, seed=3, speed=2, state_lr=0.001, summary=True, swarm=False, timestamp='5|25|11:24:34')
Actions space: 5 :: State space: 1
State Low: tensor([0.]) :: State High: tensor([1.])
State features:  [('dummy_param', torch.Size([1]))]
Policy:  [('fc1.weight', torch.Size([5, 1])), ('fc1.bias', torch.Size([5]))]
0 :: Rewards -0.007 :: steps: 0.10 :: Time: 0.000(0.00061/step) :: Entropy : 0.000 :: Grads : []
10 :: Rewards -0.162 :: steps: 1.00 :: Time: 0.006(0.00592/step) :: Entropy : 0.000 :: Grads : []
20 :: Rewards -0.793 :: steps: 1.00 :: Time: 0.006(0.00578/step) :: Entropy : 0.000 :: Grads : []
30 :: Rewards -1.664 :: steps: 1.00 :: Time: 0.006(0.00583/step) :: Entropy : 0.000 :: Grads : []
40 :: Rewards -2.929 :: steps: 1.00 :: Time: 0.006(0.00567/step) :: Entropy : 0.000 :: Grads : []
50 :: Rewards -4.525 :: steps: 1.00 :: Time: 0.006(0.00573/step) :: Entropy : 0.000 :: Grads : []
60 :: Rewards -6.424 :: steps: 1.00 :: Time: 0.006(0.00576/step) :: Entropy : 0.000 :: Grads : []
70 :: Rewards -8.463 :: steps: 1.00 :: Time: 0.006(0.00589/step) :: Entropy : 0.000 :: Grads : []
80 :: Rewards -11.350 :: steps: 1.00 :: Time: 0.006(0.00594/step) :: Entropy : 0.000 :: Grads : []
90 :: Rewards -13.662 :: steps: 1.00 :: Time: 0.006(0.00602/step) :: Entropy : 0.000 :: Grads : []
100 :: Rewards -16.790 :: steps: 1.00 :: Time: 0.006(0.00611/step) :: Entropy : 0.000 :: Grads : []
110 :: Rewards -19.508 :: steps: 1.00 :: Time: 0.006(0.00620/step) :: Entropy : 0.000 :: Grads : []
120 :: Rewards -21.524 :: steps: 1.00 :: Time: 0.006(0.00626/step) :: Entropy : 0.000 :: Grads : []
130 :: Rewards -22.022 :: steps: 1.00 :: Time: 0.006(0.00638/step) :: Entropy : 0.000 :: Grads : []
140 :: Rewards -22.619 :: steps: 1.00 :: Time: 0.006(0.00649/step) :: Entropy : 0.000 :: Grads : []
150 :: Rewards -22.942 :: steps: 1.00 :: Time: 0.007(0.00679/step) :: Entropy : 0.000 :: Grads : []
160 :: Rewards -22.942 :: steps: 1.00 :: Time: 0.007(0.00678/step) :: Entropy : 0.000 :: Grads : []
170 :: Rewards -22.942 :: steps: 1.00 :: Time: 0.007(0.00689/step) :: Entropy : 0.000 :: Grads : []
180 :: Rewards -24.717 :: steps: 1.00 :: Time: 0.007(0.00701/step) :: Entropy : 0.000 :: Grads : []
190 :: Rewards -25.149 :: steps: 1.00 :: Time: 0.007(0.00741/step) :: Entropy : 0.000 :: Grads : []
200 :: Rewards -27.881 :: steps: 1.00 :: Time: 0.008(0.00751/step) :: Entropy : 0.000 :: Grads : []
210 :: Rewards -29.847 :: steps: 1.00 :: Time: 0.008(0.00773/step) :: Entropy : 0.000 :: Grads : []
220 :: Rewards -30.462 :: steps: 1.00 :: Time: 0.008(0.00788/step) :: Entropy : 0.000 :: Grads : []
230 :: Rewards -30.462 :: steps: 1.00 :: Time: 0.011(0.01052/step) :: Entropy : 0.000 :: Grads : []
240 :: Rewards -31.820 :: steps: 1.00 :: Time: 0.008(0.00820/step) :: Entropy : 0.000 :: Grads : []
250 :: Rewards -32.835 :: steps: 1.00 :: Time: 0.008(0.00837/step) :: Entropy : 0.000 :: Grads : []
260 :: Rewards -33.693 :: steps: 1.00 :: Time: 0.008(0.00849/step) :: Entropy : 0.000 :: Grads : []
270 :: Rewards -35.090 :: steps: 1.00 :: Time: 0.009(0.00868/step) :: Entropy : 0.000 :: Grads : []
280 :: Rewards -35.815 :: steps: 1.00 :: Time: 0.009(0.00871/step) :: Entropy : 0.000 :: Grads : []
290 :: Rewards -35.815 :: steps: 1.00 :: Time: 0.009(0.00886/step) :: Entropy : 0.000 :: Grads : []
300 :: Rewards -36.673 :: steps: 1.00 :: Time: 0.009(0.00889/step) :: Entropy : 0.000 :: Grads : []
310 :: Rewards -36.833 :: steps: 1.00 :: Time: 0.009(0.00906/step) :: Entropy : 0.000 :: Grads : []
320 :: Rewards -37.257 :: steps: 1.00 :: Time: 0.009(0.00929/step) :: Entropy : 0.000 :: Grads : []
330 :: Rewards -37.257 :: steps: 1.00 :: Time: 0.009(0.00948/step) :: Entropy : 0.000 :: Grads : []
340 :: Rewards -37.257 :: steps: 1.00 :: Time: 0.010(0.00970/step) :: Entropy : 0.000 :: Grads : []
350 :: Rewards -37.257 :: steps: 1.00 :: Time: 0.010(0.00981/step) :: Entropy : 0.000 :: Grads : []
360 :: Rewards -37.270 :: steps: 1.00 :: Time: 0.010(0.00993/step) :: Entropy : 0.000 :: Grads : []
370 :: Rewards -37.601 :: steps: 1.00 :: Time: 0.010(0.01033/step) :: Entropy : 0.000 :: Grads : []
380 :: Rewards -38.452 :: steps: 1.00 :: Time: 0.010(0.01043/step) :: Entropy : 0.000 :: Grads : []
390 :: Rewards -39.373 :: steps: 1.00 :: Time: 0.011(0.01073/step) :: Entropy : 0.000 :: Grads : []
400 :: Rewards -40.721 :: steps: 1.00 :: Time: 0.011(0.01079/step) :: Entropy : 0.000 :: Grads : []
410 :: Rewards -41.054 :: steps: 1.00 :: Time: 0.011(0.01116/step) :: Entropy : 0.000 :: Grads : []
420 :: Rewards -42.494 :: steps: 1.00 :: Time: 0.011(0.01117/step) :: Entropy : 0.000 :: Grads : []
430 :: Rewards -42.494 :: steps: 1.00 :: Time: 0.012(0.01155/step) :: Entropy : 0.000 :: Grads : []
440 :: Rewards -43.090 :: steps: 1.00 :: Time: 0.012(0.01211/step) :: Entropy : 0.000 :: Grads : []
450 :: Rewards -43.090 :: steps: 1.00 :: Time: 0.012(0.01205/step) :: Entropy : 0.000 :: Grads : []
460 :: Rewards -43.090 :: steps: 1.00 :: Time: 0.012(0.01193/step) :: Entropy : 0.000 :: Grads : []
470 :: Rewards -43.191 :: steps: 1.00 :: Time: 0.012(0.01234/step) :: Entropy : 0.000 :: Grads : []
480 :: Rewards -43.191 :: steps: 1.00 :: Time: 0.012(0.01242/step) :: Entropy : 0.000 :: Grads : []
490 :: Rewards -43.305 :: steps: 1.00 :: Time: 0.013(0.01261/step) :: Entropy : 0.000 :: Grads : []
500 :: Rewards -43.568 :: steps: 1.00 :: Time: 0.018(0.01752/step) :: Entropy : 0.000 :: Grads : []
510 :: Rewards -43.601 :: steps: 1.00 :: Time: 0.015(0.01468/step) :: Entropy : 0.000 :: Grads : []
520 :: Rewards -43.760 :: steps: 1.00 :: Time: 0.014(0.01406/step) :: Entropy : 0.000 :: Grads : []
530 :: Rewards -43.892 :: steps: 1.00 :: Time: 0.014(0.01420/step) :: Entropy : 0.000 :: Grads : []
540 :: Rewards -44.228 :: steps: 1.00 :: Time: 0.026(0.02640/step) :: Entropy : 0.000 :: Grads : []
550 :: Rewards -44.590 :: steps: 1.00 :: Time: 0.017(0.01660/step) :: Entropy : 0.000 :: Grads : []
560 :: Rewards -45.037 :: steps: 1.00 :: Time: 0.015(0.01452/step) :: Entropy : 0.000 :: Grads : []
570 :: Rewards -45.359 :: steps: 1.00 :: Time: 0.016(0.01580/step) :: Entropy : 0.000 :: Grads : []
580 :: Rewards -45.732 :: steps: 1.00 :: Time: 0.016(0.01561/step) :: Entropy : 0.000 :: Grads : []
590 :: Rewards -46.043 :: steps: 1.00 :: Time: 0.019(0.01853/step) :: Entropy : 0.000 :: Grads : []
600 :: Rewards -46.369 :: steps: 1.00 :: Time: 0.015(0.01549/step) :: Entropy : 0.000 :: Grads : []
610 :: Rewards -46.575 :: steps: 1.00 :: Time: 0.016(0.01577/step) :: Entropy : 0.000 :: Grads : []
620 :: Rewards -46.703 :: steps: 1.00 :: Time: 0.022(0.02172/step) :: Entropy : 0.000 :: Grads : []
630 :: Rewards -46.703 :: steps: 1.00 :: Time: 0.020(0.02041/step) :: Entropy : 0.000 :: Grads : []
640 :: Rewards -46.703 :: steps: 1.00 :: Time: 0.018(0.01844/step) :: Entropy : 0.000 :: Grads : []
650 :: Rewards -46.805 :: steps: 1.00 :: Time: 0.022(0.02220/step) :: Entropy : 0.000 :: Grads : []
660 :: Rewards -46.875 :: steps: 1.00 :: Time: 0.018(0.01762/step) :: Entropy : 0.000 :: Grads : []
670 :: Rewards -46.910 :: steps: 1.00 :: Time: 0.019(0.01930/step) :: Entropy : 0.000 :: Grads : []
680 :: Rewards -46.910 :: steps: 1.00 :: Time: 0.018(0.01753/step) :: Entropy : 0.000 :: Grads : []
690 :: Rewards -46.976 :: steps: 1.00 :: Time: 0.018(0.01812/step) :: Entropy : 0.000 :: Grads : []
700 :: Rewards -47.005 :: steps: 1.00 :: Time: 0.018(0.01817/step) :: Entropy : 0.000 :: Grads : []
710 :: Rewards -47.058 :: steps: 1.00 :: Time: 0.019(0.01892/step) :: Entropy : 0.000 :: Grads : []
720 :: Rewards -47.073 :: steps: 1.00 :: Time: 0.019(0.01906/step) :: Entropy : 0.000 :: Grads : []
730 :: Rewards -47.087 :: steps: 1.00 :: Time: 0.020(0.02016/step) :: Entropy : 0.000 :: Grads : []
740 :: Rewards -47.430 :: steps: 1.00 :: Time: 0.020(0.01960/step) :: Entropy : 0.000 :: Grads : []
750 :: Rewards -47.463 :: steps: 1.00 :: Time: 0.020(0.02044/step) :: Entropy : 0.000 :: Grads : []
760 :: Rewards -47.510 :: steps: 1.00 :: Time: 0.021(0.02059/step) :: Entropy : 0.000 :: Grads : []
770 :: Rewards -47.561 :: steps: 1.00 :: Time: 0.021(0.02136/step) :: Entropy : 0.000 :: Grads : []
780 :: Rewards -47.680 :: steps: 1.00 :: Time: 0.022(0.02158/step) :: Entropy : 0.000 :: Grads : []
790 :: Rewards -47.787 :: steps: 1.00 :: Time: 0.022(0.02197/step) :: Entropy : 0.000 :: Grads : []
800 :: Rewards -47.899 :: steps: 1.00 :: Time: 0.023(0.02253/step) :: Entropy : 0.000 :: Grads : []
810 :: Rewards -48.058 :: steps: 1.00 :: Time: 0.023(0.02321/step) :: Entropy : 0.000 :: Grads : []
820 :: Rewards -48.204 :: steps: 1.00 :: Time: 0.023(0.02315/step) :: Entropy : 0.000 :: Grads : []
830 :: Rewards -48.312 :: steps: 1.00 :: Time: 0.024(0.02394/step) :: Entropy : 0.000 :: Grads : []
840 :: Rewards -48.372 :: steps: 1.00 :: Time: 0.025(0.02509/step) :: Entropy : 0.000 :: Grads : []
850 :: Rewards -48.438 :: steps: 1.00 :: Time: 0.025(0.02505/step) :: Entropy : 0.000 :: Grads : []
860 :: Rewards -48.572 :: steps: 1.00 :: Time: 0.026(0.02555/step) :: Entropy : 0.000 :: Grads : []
870 :: Rewards -48.572 :: steps: 1.00 :: Time: 0.029(0.02882/step) :: Entropy : 0.000 :: Grads : []
880 :: Rewards -48.661 :: steps: 1.00 :: Time: 0.031(0.03131/step) :: Entropy : 0.000 :: Grads : []
890 :: Rewards -49.156 :: steps: 1.00 :: Time: 0.028(0.02839/step) :: Entropy : 0.000 :: Grads : []
900 :: Rewards -50.015 :: steps: 1.00 :: Time: 0.029(0.02855/step) :: Entropy : 0.000 :: Grads : []
910 :: Rewards -51.462 :: steps: 1.00 :: Time: 0.034(0.03377/step) :: Entropy : 0.000 :: Grads : []
920 :: Rewards -53.369 :: steps: 1.00 :: Time: 0.031(0.03080/step) :: Entropy : 0.000 :: Grads : []
930 :: Rewards -55.280 :: steps: 1.00 :: Time: 0.035(0.03482/step) :: Entropy : 0.000 :: Grads : []
940 :: Rewards -57.990 :: steps: 1.00 :: Time: 0.032(0.03244/step) :: Entropy : 0.000 :: Grads : []
950 :: Rewards -60.686 :: steps: 1.00 :: Time: 0.034(0.03409/step) :: Entropy : 0.000 :: Grads : []
960 :: Rewards -61.088 :: steps: 1.00 :: Time: 0.035(0.03540/step) :: Entropy : 0.000 :: Grads : []
970 :: Rewards -61.088 :: steps: 1.00 :: Time: 0.039(0.03853/step) :: Entropy : 0.000 :: Grads : []
980 :: Rewards -61.088 :: steps: 1.00 :: Time: 0.034(0.03431/step) :: Entropy : 0.000 :: Grads : []
990 :: Rewards -61.088 :: steps: 1.00 :: Time: 0.034(0.03383/step) :: Entropy : 0.000 :: Grads : []
999 :: Rewards -61.088 :: steps: 0.90 :: Time: 0.035(0.03851/step) :: Entropy : 0.000 :: Grads : []
Total time taken: 16.11053490638733
