Module path:  Environments.NS_Reco NS_Reco
Dynamically loaded from:  <class 'Environments.NS_Reco.NS_Reco'>
Reward Amplitudes: [4.17022005e-01 7.20324493e-01 1.14374817e-04 3.02332573e-01
 1.46755891e-01] :: Avg 0.317309867282206 
Module path:  Src.Algorithms.ProOLS ProOLS
Dynamically loaded from:  <class 'Src.Algorithms.ProOLS.ProOLS'>
=====Configurations=====
 Namespace(NN_basis_dim='32', Policy_basis_dim='32', actor_lr=0.0013967975033711264, algo_name='ProOLS', base=0, batch_size=1000, buffer_size=1000, debug=False, delta=1, entropy_lambda=0.009309067356364342, env_name='NS_Reco', experiment='NS_0_', extrapolator_basis='Fourier', folder_suffix='Default', fourier_coupled=True, fourier_k=5, fourier_order=3, gamma=0.99, gauss_std=1.5, gpu=0, hyper='default', importance_clip=15.0, inc=1, log_output='term_file', max_episodes=1000, max_inner=30, max_steps=500, optim='rmsprop', oracle=-1, raw_basis=True, restore=False, save_count=100, save_model=True, seed=15, speed=0, state_lr=0.001, summary=True, swarm=False, timestamp='5|24|20:5:27')
Actions space: 5 :: State space: 1
State Low: tensor([0.]) :: State High: tensor([1.])
State features:  [('dummy_param', torch.Size([1]))]
Policy:  [('fc1.weight', torch.Size([5, 1])), ('fc1.bias', torch.Size([5]))]
0 :: Rewards 0.144 :: steps: 0.10 :: Time: 0.000(0.00052/step) :: Entropy : 0.000 :: Grads : []
10 :: Rewards 3.906 :: steps: 1.00 :: Time: 0.008(0.00759/step) :: Entropy : 0.000 :: Grads : []
20 :: Rewards 8.268 :: steps: 1.00 :: Time: 0.012(0.01238/step) :: Entropy : 0.000 :: Grads : []
30 :: Rewards 12.151 :: steps: 1.00 :: Time: 0.013(0.01268/step) :: Entropy : 0.000 :: Grads : []
40 :: Rewards 16.558 :: steps: 1.00 :: Time: 0.012(0.01220/step) :: Entropy : 0.000 :: Grads : []
50 :: Rewards 21.738 :: steps: 1.00 :: Time: 0.012(0.01229/step) :: Entropy : 0.000 :: Grads : []
60 :: Rewards 28.503 :: steps: 1.00 :: Time: 0.012(0.01241/step) :: Entropy : 0.000 :: Grads : []
70 :: Rewards 35.429 :: steps: 1.00 :: Time: 0.013(0.01254/step) :: Entropy : 0.000 :: Grads : []
80 :: Rewards 42.335 :: steps: 1.00 :: Time: 0.013(0.01265/step) :: Entropy : 0.000 :: Grads : []
90 :: Rewards 49.131 :: steps: 1.00 :: Time: 0.013(0.01275/step) :: Entropy : 0.000 :: Grads : []
100 :: Rewards 56.313 :: steps: 1.00 :: Time: 0.013(0.01284/step) :: Entropy : 0.000 :: Grads : []
110 :: Rewards 63.541 :: steps: 1.00 :: Time: 0.013(0.01296/step) :: Entropy : 0.000 :: Grads : []
120 :: Rewards 70.731 :: steps: 1.00 :: Time: 0.013(0.01305/step) :: Entropy : 0.000 :: Grads : []
130 :: Rewards 77.924 :: steps: 1.00 :: Time: 0.013(0.01318/step) :: Entropy : 0.000 :: Grads : []
140 :: Rewards 85.120 :: steps: 1.00 :: Time: 0.013(0.01340/step) :: Entropy : 0.000 :: Grads : []
150 :: Rewards 92.359 :: steps: 1.00 :: Time: 0.013(0.01345/step) :: Entropy : 0.000 :: Grads : []
160 :: Rewards 99.578 :: steps: 1.00 :: Time: 0.014(0.01354/step) :: Entropy : 0.000 :: Grads : []
170 :: Rewards 106.803 :: steps: 1.00 :: Time: 0.014(0.01367/step) :: Entropy : 0.000 :: Grads : []
180 :: Rewards 113.971 :: steps: 1.00 :: Time: 0.014(0.01376/step) :: Entropy : 0.000 :: Grads : []
190 :: Rewards 121.159 :: steps: 1.00 :: Time: 0.014(0.01384/step) :: Entropy : 0.000 :: Grads : []
200 :: Rewards 128.380 :: steps: 1.00 :: Time: 0.014(0.01393/step) :: Entropy : 0.000 :: Grads : []
210 :: Rewards 135.569 :: steps: 1.00 :: Time: 0.014(0.01407/step) :: Entropy : 0.000 :: Grads : []
220 :: Rewards 142.760 :: steps: 1.00 :: Time: 0.014(0.01415/step) :: Entropy : 0.000 :: Grads : []
230 :: Rewards 149.912 :: steps: 1.00 :: Time: 0.014(0.01423/step) :: Entropy : 0.000 :: Grads : []
240 :: Rewards 157.096 :: steps: 1.00 :: Time: 0.014(0.01433/step) :: Entropy : 0.000 :: Grads : []
250 :: Rewards 164.269 :: steps: 1.00 :: Time: 0.015(0.01454/step) :: Entropy : 0.000 :: Grads : []
260 :: Rewards 171.484 :: steps: 1.00 :: Time: 0.015(0.01471/step) :: Entropy : 0.000 :: Grads : []
270 :: Rewards 178.666 :: steps: 1.00 :: Time: 0.015(0.01511/step) :: Entropy : 0.000 :: Grads : []
280 :: Rewards 185.878 :: steps: 1.00 :: Time: 0.015(0.01507/step) :: Entropy : 0.000 :: Grads : []
290 :: Rewards 193.074 :: steps: 1.00 :: Time: 0.015(0.01482/step) :: Entropy : 0.000 :: Grads : []
300 :: Rewards 200.319 :: steps: 1.00 :: Time: 0.015(0.01487/step) :: Entropy : 0.000 :: Grads : []
310 :: Rewards 207.532 :: steps: 1.00 :: Time: 0.015(0.01504/step) :: Entropy : 0.000 :: Grads : []
320 :: Rewards 214.762 :: steps: 1.00 :: Time: 0.015(0.01515/step) :: Entropy : 0.000 :: Grads : []
330 :: Rewards 221.911 :: steps: 1.00 :: Time: 0.015(0.01549/step) :: Entropy : 0.000 :: Grads : []
340 :: Rewards 229.131 :: steps: 1.00 :: Time: 0.016(0.01557/step) :: Entropy : 0.000 :: Grads : []
350 :: Rewards 236.308 :: steps: 1.00 :: Time: 0.016(0.01591/step) :: Entropy : 0.000 :: Grads : []
360 :: Rewards 243.518 :: steps: 1.00 :: Time: 0.016(0.01604/step) :: Entropy : 0.000 :: Grads : []
370 :: Rewards 250.718 :: steps: 1.00 :: Time: 0.016(0.01617/step) :: Entropy : 0.000 :: Grads : []
380 :: Rewards 257.929 :: steps: 1.00 :: Time: 0.016(0.01627/step) :: Entropy : 0.000 :: Grads : []
390 :: Rewards 265.101 :: steps: 1.00 :: Time: 0.016(0.01638/step) :: Entropy : 0.000 :: Grads : []
400 :: Rewards 272.303 :: steps: 1.00 :: Time: 0.016(0.01648/step) :: Entropy : 0.000 :: Grads : []
410 :: Rewards 279.513 :: steps: 1.00 :: Time: 0.017(0.01673/step) :: Entropy : 0.000 :: Grads : []
420 :: Rewards 286.722 :: steps: 1.00 :: Time: 0.017(0.01715/step) :: Entropy : 0.000 :: Grads : []
430 :: Rewards 293.922 :: steps: 1.00 :: Time: 0.017(0.01726/step) :: Entropy : 0.000 :: Grads : []
440 :: Rewards 301.131 :: steps: 1.00 :: Time: 0.017(0.01732/step) :: Entropy : 0.000 :: Grads : []
450 :: Rewards 308.310 :: steps: 1.00 :: Time: 0.017(0.01738/step) :: Entropy : 0.000 :: Grads : []
460 :: Rewards 315.497 :: steps: 1.00 :: Time: 0.017(0.01746/step) :: Entropy : 0.000 :: Grads : []
470 :: Rewards 322.714 :: steps: 1.00 :: Time: 0.017(0.01750/step) :: Entropy : 0.000 :: Grads : []
480 :: Rewards 329.931 :: steps: 1.00 :: Time: 0.018(0.01754/step) :: Entropy : 0.000 :: Grads : []
490 :: Rewards 337.145 :: steps: 1.00 :: Time: 0.018(0.01767/step) :: Entropy : 0.000 :: Grads : []
500 :: Rewards 344.343 :: steps: 1.00 :: Time: 0.018(0.01773/step) :: Entropy : 0.000 :: Grads : []
510 :: Rewards 351.541 :: steps: 1.00 :: Time: 0.018(0.01781/step) :: Entropy : 0.000 :: Grads : []
520 :: Rewards 358.737 :: steps: 1.00 :: Time: 0.018(0.01820/step) :: Entropy : 0.000 :: Grads : []
530 :: Rewards 365.933 :: steps: 1.00 :: Time: 0.018(0.01823/step) :: Entropy : 0.000 :: Grads : []
540 :: Rewards 373.144 :: steps: 1.00 :: Time: 0.018(0.01831/step) :: Entropy : 0.000 :: Grads : []
550 :: Rewards 380.320 :: steps: 1.00 :: Time: 0.018(0.01838/step) :: Entropy : 0.000 :: Grads : []
560 :: Rewards 387.524 :: steps: 1.00 :: Time: 0.018(0.01840/step) :: Entropy : 0.000 :: Grads : []
570 :: Rewards 394.764 :: steps: 1.00 :: Time: 0.019(0.01851/step) :: Entropy : 0.000 :: Grads : []
580 :: Rewards 401.962 :: steps: 1.00 :: Time: 0.019(0.01863/step) :: Entropy : 0.000 :: Grads : []
590 :: Rewards 409.131 :: steps: 1.00 :: Time: 0.019(0.01867/step) :: Entropy : 0.000 :: Grads : []
600 :: Rewards 416.301 :: steps: 1.00 :: Time: 0.019(0.01869/step) :: Entropy : 0.000 :: Grads : []
610 :: Rewards 423.517 :: steps: 1.00 :: Time: 0.019(0.01870/step) :: Entropy : 0.000 :: Grads : []
620 :: Rewards 430.699 :: steps: 1.00 :: Time: 0.019(0.01873/step) :: Entropy : 0.000 :: Grads : []
630 :: Rewards 437.895 :: steps: 1.00 :: Time: 0.019(0.01879/step) :: Entropy : 0.000 :: Grads : []
640 :: Rewards 445.140 :: steps: 1.00 :: Time: 0.019(0.01886/step) :: Entropy : 0.000 :: Grads : []
650 :: Rewards 452.338 :: steps: 1.00 :: Time: 0.019(0.01895/step) :: Entropy : 0.000 :: Grads : []
660 :: Rewards 459.515 :: steps: 1.00 :: Time: 0.019(0.01907/step) :: Entropy : 0.000 :: Grads : []
670 :: Rewards 466.736 :: steps: 1.00 :: Time: 0.019(0.01918/step) :: Entropy : 0.000 :: Grads : []
680 :: Rewards 473.919 :: steps: 1.00 :: Time: 0.019(0.01928/step) :: Entropy : 0.000 :: Grads : []
690 :: Rewards 481.139 :: steps: 1.00 :: Time: 0.019(0.01926/step) :: Entropy : 0.000 :: Grads : []
700 :: Rewards 488.345 :: steps: 1.00 :: Time: 0.019(0.01944/step) :: Entropy : 0.000 :: Grads : []
710 :: Rewards 495.546 :: steps: 1.00 :: Time: 0.020(0.01952/step) :: Entropy : 0.000 :: Grads : []
720 :: Rewards 502.758 :: steps: 1.00 :: Time: 0.020(0.01958/step) :: Entropy : 0.000 :: Grads : []
730 :: Rewards 509.939 :: steps: 1.00 :: Time: 0.020(0.01969/step) :: Entropy : 0.000 :: Grads : []
740 :: Rewards 517.125 :: steps: 1.00 :: Time: 0.020(0.01978/step) :: Entropy : 0.000 :: Grads : []
750 :: Rewards 524.321 :: steps: 1.00 :: Time: 0.020(0.01988/step) :: Entropy : 0.000 :: Grads : []
760 :: Rewards 531.534 :: steps: 1.00 :: Time: 0.020(0.01999/step) :: Entropy : 0.000 :: Grads : []
770 :: Rewards 538.710 :: steps: 1.00 :: Time: 0.020(0.02007/step) :: Entropy : 0.000 :: Grads : []
780 :: Rewards 545.919 :: steps: 1.00 :: Time: 0.020(0.02027/step) :: Entropy : 0.000 :: Grads : []
790 :: Rewards 553.131 :: steps: 1.00 :: Time: 0.020(0.02028/step) :: Entropy : 0.000 :: Grads : []
800 :: Rewards 560.333 :: steps: 1.00 :: Time: 0.020(0.02037/step) :: Entropy : 0.000 :: Grads : []
810 :: Rewards 567.574 :: steps: 1.00 :: Time: 0.020(0.02041/step) :: Entropy : 0.000 :: Grads : []
820 :: Rewards 574.814 :: steps: 1.00 :: Time: 0.020(0.02050/step) :: Entropy : 0.000 :: Grads : []
830 :: Rewards 582.059 :: steps: 1.00 :: Time: 0.021(0.02073/step) :: Entropy : 0.000 :: Grads : []
840 :: Rewards 589.236 :: steps: 1.00 :: Time: 0.021(0.02069/step) :: Entropy : 0.000 :: Grads : []
850 :: Rewards 596.450 :: steps: 1.00 :: Time: 0.021(0.02075/step) :: Entropy : 0.000 :: Grads : []
860 :: Rewards 603.657 :: steps: 1.00 :: Time: 0.021(0.02079/step) :: Entropy : 0.000 :: Grads : []
870 :: Rewards 610.848 :: steps: 1.00 :: Time: 0.021(0.02079/step) :: Entropy : 0.000 :: Grads : []
880 :: Rewards 618.060 :: steps: 1.00 :: Time: 0.021(0.02079/step) :: Entropy : 0.000 :: Grads : []
890 :: Rewards 625.260 :: steps: 1.00 :: Time: 0.021(0.02083/step) :: Entropy : 0.000 :: Grads : []
900 :: Rewards 632.492 :: steps: 1.00 :: Time: 0.021(0.02115/step) :: Entropy : 0.000 :: Grads : []
910 :: Rewards 639.731 :: steps: 1.00 :: Time: 0.021(0.02092/step) :: Entropy : 0.000 :: Grads : []
920 :: Rewards 647.003 :: steps: 1.00 :: Time: 0.021(0.02087/step) :: Entropy : 0.000 :: Grads : []
930 :: Rewards 654.223 :: steps: 1.00 :: Time: 0.021(0.02103/step) :: Entropy : 0.000 :: Grads : []
940 :: Rewards 661.442 :: steps: 1.00 :: Time: 0.021(0.02105/step) :: Entropy : 0.000 :: Grads : []
950 :: Rewards 668.620 :: steps: 1.00 :: Time: 0.021(0.02108/step) :: Entropy : 0.000 :: Grads : []
960 :: Rewards 675.820 :: steps: 1.00 :: Time: 0.021(0.02109/step) :: Entropy : 0.000 :: Grads : []
970 :: Rewards 683.011 :: steps: 1.00 :: Time: 0.021(0.02112/step) :: Entropy : 0.000 :: Grads : []
980 :: Rewards 690.199 :: steps: 1.00 :: Time: 0.021(0.02121/step) :: Entropy : 0.000 :: Grads : []
990 :: Rewards 697.341 :: steps: 1.00 :: Time: 0.021(0.02110/step) :: Entropy : 0.000 :: Grads : []
999 :: Rewards 703.797 :: steps: 0.90 :: Time: 0.019(0.02128/step) :: Entropy : 0.000 :: Grads : []
Total time taken: 17.287549018859863
