Module path:  Environments.NS_Reco NS_Reco
Dynamically loaded from:  <class 'Environments.NS_Reco.NS_Reco'>
Reward Amplitudes: [4.17022005e-01 7.20324493e-01 1.14374817e-04 3.02332573e-01
 1.46755891e-01] :: Avg 0.317309867282206 
Module path:  Src.Algorithms.ProOLS ProOLS
Dynamically loaded from:  <class 'Src.Algorithms.ProOLS.ProOLS'>
=====Configurations=====
 Namespace(NN_basis_dim='32', Policy_basis_dim='32', actor_lr=0.006330904637554062, algo_name='ProOLS', base=0, batch_size=1000, buffer_size=1000, debug=False, delta=1, entropy_lambda=0.05062512794041892, env_name='NS_Reco', experiment='NS_4r_', extrapolator_basis='Fourier', folder_suffix='Default', fourier_coupled=True, fourier_k=5, fourier_order=3, gamma=0.99, gauss_std=1.5, gpu=0, hyper='default', importance_clip=5.0, inc=1, log_output='term_file', max_episodes=1000, max_inner=20, max_steps=500, optim='rmsprop', oracle=-1, raw_basis=True, restore=False, save_count=100, save_model=True, seed=17, speed=4, state_lr=0.001, summary=True, swarm=False, timestamp='5|25|9:56:33')
Actions space: 5 :: State space: 1
State Low: tensor([0.]) :: State High: tensor([1.])
State features:  [('dummy_param', torch.Size([1]))]
Policy:  [('fc1.weight', torch.Size([5, 1])), ('fc1.bias', torch.Size([5]))]
0 :: Rewards -0.007 :: steps: 0.10 :: Time: 0.000(0.00065/step) :: Entropy : 0.000 :: Grads : []
10 :: Rewards -0.304 :: steps: 1.00 :: Time: 0.006(0.00556/step) :: Entropy : 0.000 :: Grads : []
20 :: Rewards -0.752 :: steps: 1.00 :: Time: 0.009(0.00921/step) :: Entropy : 0.000 :: Grads : []
30 :: Rewards -1.566 :: steps: 1.00 :: Time: 0.009(0.00934/step) :: Entropy : 0.000 :: Grads : []
40 :: Rewards -1.566 :: steps: 1.00 :: Time: 0.009(0.00899/step) :: Entropy : 0.000 :: Grads : []
50 :: Rewards -1.566 :: steps: 1.00 :: Time: 0.009(0.00890/step) :: Entropy : 0.000 :: Grads : []
60 :: Rewards -1.566 :: steps: 1.00 :: Time: 0.010(0.00962/step) :: Entropy : 0.000 :: Grads : []
70 :: Rewards -1.566 :: steps: 1.00 :: Time: 0.009(0.00934/step) :: Entropy : 0.000 :: Grads : []
80 :: Rewards -1.566 :: steps: 1.00 :: Time: 0.009(0.00937/step) :: Entropy : 0.000 :: Grads : []
90 :: Rewards -1.566 :: steps: 1.00 :: Time: 0.009(0.00933/step) :: Entropy : 0.000 :: Grads : []
100 :: Rewards -1.566 :: steps: 1.00 :: Time: 0.009(0.00936/step) :: Entropy : 0.000 :: Grads : []
110 :: Rewards -1.566 :: steps: 1.00 :: Time: 0.010(0.00951/step) :: Entropy : 0.000 :: Grads : []
120 :: Rewards -1.566 :: steps: 1.00 :: Time: 0.010(0.00957/step) :: Entropy : 0.000 :: Grads : []
130 :: Rewards -1.566 :: steps: 1.00 :: Time: 0.011(0.01128/step) :: Entropy : 0.000 :: Grads : []
140 :: Rewards -1.566 :: steps: 1.00 :: Time: 0.014(0.01378/step) :: Entropy : 0.000 :: Grads : []
150 :: Rewards -1.566 :: steps: 1.00 :: Time: 0.013(0.01326/step) :: Entropy : 0.000 :: Grads : []
160 :: Rewards -1.566 :: steps: 1.00 :: Time: 0.011(0.01108/step) :: Entropy : 0.000 :: Grads : []
170 :: Rewards -1.566 :: steps: 1.00 :: Time: 0.011(0.01073/step) :: Entropy : 0.000 :: Grads : []
180 :: Rewards -1.567 :: steps: 1.00 :: Time: 0.018(0.01755/step) :: Entropy : 0.000 :: Grads : []
190 :: Rewards -2.000 :: steps: 1.00 :: Time: 0.023(0.02293/step) :: Entropy : 0.000 :: Grads : []
200 :: Rewards -3.062 :: steps: 1.00 :: Time: 0.014(0.01388/step) :: Entropy : 0.000 :: Grads : []
210 :: Rewards -4.814 :: steps: 1.00 :: Time: 0.011(0.01061/step) :: Entropy : 0.000 :: Grads : []
220 :: Rewards -6.394 :: steps: 1.00 :: Time: 0.011(0.01085/step) :: Entropy : 0.000 :: Grads : []
230 :: Rewards -8.044 :: steps: 1.00 :: Time: 0.011(0.01064/step) :: Entropy : 0.000 :: Grads : []
240 :: Rewards -8.830 :: steps: 1.00 :: Time: 0.011(0.01064/step) :: Entropy : 0.000 :: Grads : []
250 :: Rewards -9.329 :: steps: 1.00 :: Time: 0.011(0.01085/step) :: Entropy : 0.000 :: Grads : []
260 :: Rewards -9.562 :: steps: 1.00 :: Time: 0.011(0.01076/step) :: Entropy : 0.000 :: Grads : []
270 :: Rewards -9.773 :: steps: 1.00 :: Time: 0.011(0.01098/step) :: Entropy : 0.000 :: Grads : []
280 :: Rewards -10.853 :: steps: 1.00 :: Time: 0.012(0.01188/step) :: Entropy : 0.000 :: Grads : []
290 :: Rewards -11.469 :: steps: 1.00 :: Time: 0.011(0.01136/step) :: Entropy : 0.000 :: Grads : []
300 :: Rewards -11.840 :: steps: 1.00 :: Time: 0.011(0.01125/step) :: Entropy : 0.000 :: Grads : []
310 :: Rewards -12.058 :: steps: 1.00 :: Time: 0.011(0.01144/step) :: Entropy : 0.000 :: Grads : []
320 :: Rewards -12.977 :: steps: 1.00 :: Time: 0.011(0.01142/step) :: Entropy : 0.000 :: Grads : []
330 :: Rewards -13.265 :: steps: 1.00 :: Time: 0.012(0.01174/step) :: Entropy : 0.000 :: Grads : []
340 :: Rewards -13.621 :: steps: 1.00 :: Time: 0.012(0.01179/step) :: Entropy : 0.000 :: Grads : []
350 :: Rewards -13.744 :: steps: 1.00 :: Time: 0.012(0.01198/step) :: Entropy : 0.000 :: Grads : []
360 :: Rewards -15.694 :: steps: 1.00 :: Time: 0.012(0.01209/step) :: Entropy : 0.000 :: Grads : []
370 :: Rewards -16.686 :: steps: 1.00 :: Time: 0.012(0.01235/step) :: Entropy : 0.000 :: Grads : []
380 :: Rewards -16.738 :: steps: 1.00 :: Time: 0.013(0.01262/step) :: Entropy : 0.000 :: Grads : []
390 :: Rewards -17.203 :: steps: 1.00 :: Time: 0.013(0.01302/step) :: Entropy : 0.000 :: Grads : []
400 :: Rewards -17.680 :: steps: 1.00 :: Time: 0.013(0.01279/step) :: Entropy : 0.000 :: Grads : []
410 :: Rewards -18.415 :: steps: 1.00 :: Time: 0.019(0.01858/step) :: Entropy : 0.000 :: Grads : []
420 :: Rewards -18.768 :: steps: 1.00 :: Time: 0.014(0.01376/step) :: Entropy : 0.000 :: Grads : []
430 :: Rewards -18.926 :: steps: 1.00 :: Time: 0.013(0.01340/step) :: Entropy : 0.000 :: Grads : []
440 :: Rewards -19.508 :: steps: 1.00 :: Time: 0.014(0.01358/step) :: Entropy : 0.000 :: Grads : []
450 :: Rewards -20.429 :: steps: 1.00 :: Time: 0.013(0.01336/step) :: Entropy : 0.000 :: Grads : []
460 :: Rewards -22.376 :: steps: 1.00 :: Time: 0.013(0.01325/step) :: Entropy : 0.000 :: Grads : []
470 :: Rewards -25.214 :: steps: 1.00 :: Time: 0.013(0.01329/step) :: Entropy : 0.000 :: Grads : []
480 :: Rewards -29.643 :: steps: 1.00 :: Time: 0.013(0.01339/step) :: Entropy : 0.000 :: Grads : []
490 :: Rewards -34.431 :: steps: 1.00 :: Time: 0.013(0.01345/step) :: Entropy : 0.000 :: Grads : []
500 :: Rewards -39.772 :: steps: 1.00 :: Time: 0.014(0.01353/step) :: Entropy : 0.000 :: Grads : []
510 :: Rewards -45.823 :: steps: 1.00 :: Time: 0.014(0.01373/step) :: Entropy : 0.000 :: Grads : []
520 :: Rewards -52.329 :: steps: 1.00 :: Time: 0.014(0.01387/step) :: Entropy : 0.000 :: Grads : []
530 :: Rewards -59.425 :: steps: 1.00 :: Time: 0.014(0.01392/step) :: Entropy : 0.000 :: Grads : []
540 :: Rewards -66.912 :: steps: 1.00 :: Time: 0.014(0.01393/step) :: Entropy : 0.000 :: Grads : []
550 :: Rewards -74.554 :: steps: 1.00 :: Time: 0.014(0.01405/step) :: Entropy : 0.000 :: Grads : []
560 :: Rewards -82.090 :: steps: 1.00 :: Time: 0.014(0.01415/step) :: Entropy : 0.000 :: Grads : []
570 :: Rewards -89.471 :: steps: 1.00 :: Time: 0.014(0.01406/step) :: Entropy : 0.000 :: Grads : []
580 :: Rewards -96.159 :: steps: 1.00 :: Time: 0.014(0.01414/step) :: Entropy : 0.000 :: Grads : []
590 :: Rewards -102.239 :: steps: 1.00 :: Time: 0.014(0.01429/step) :: Entropy : 0.000 :: Grads : []
600 :: Rewards -107.300 :: steps: 1.00 :: Time: 0.014(0.01434/step) :: Entropy : 0.000 :: Grads : []
610 :: Rewards -111.510 :: steps: 1.00 :: Time: 0.014(0.01446/step) :: Entropy : 0.000 :: Grads : []
620 :: Rewards -114.213 :: steps: 1.00 :: Time: 0.014(0.01449/step) :: Entropy : 0.000 :: Grads : []
630 :: Rewards -116.116 :: steps: 1.00 :: Time: 0.014(0.01448/step) :: Entropy : 0.000 :: Grads : []
640 :: Rewards -116.497 :: steps: 1.00 :: Time: 0.015(0.01463/step) :: Entropy : 0.000 :: Grads : []
650 :: Rewards -116.846 :: steps: 1.00 :: Time: 0.015(0.01475/step) :: Entropy : 0.000 :: Grads : []
660 :: Rewards -117.676 :: steps: 1.00 :: Time: 0.015(0.01472/step) :: Entropy : 0.000 :: Grads : []
670 :: Rewards -118.127 :: steps: 1.00 :: Time: 0.015(0.01484/step) :: Entropy : 0.000 :: Grads : []
680 :: Rewards -118.823 :: steps: 1.00 :: Time: 0.015(0.01486/step) :: Entropy : 0.000 :: Grads : []
690 :: Rewards -119.545 :: steps: 1.00 :: Time: 0.015(0.01486/step) :: Entropy : 0.000 :: Grads : []
700 :: Rewards -120.119 :: steps: 1.00 :: Time: 0.015(0.01503/step) :: Entropy : 0.000 :: Grads : []
710 :: Rewards -120.827 :: steps: 1.00 :: Time: 0.015(0.01509/step) :: Entropy : 0.000 :: Grads : []
720 :: Rewards -121.666 :: steps: 1.00 :: Time: 0.015(0.01530/step) :: Entropy : 0.000 :: Grads : []
730 :: Rewards -122.232 :: steps: 1.00 :: Time: 0.015(0.01511/step) :: Entropy : 0.000 :: Grads : []
740 :: Rewards -122.544 :: steps: 1.00 :: Time: 0.015(0.01519/step) :: Entropy : 0.000 :: Grads : []
750 :: Rewards -122.752 :: steps: 1.00 :: Time: 0.015(0.01537/step) :: Entropy : 0.000 :: Grads : []
760 :: Rewards -122.752 :: steps: 1.00 :: Time: 0.015(0.01531/step) :: Entropy : 0.000 :: Grads : []
770 :: Rewards -122.752 :: steps: 1.00 :: Time: 0.015(0.01544/step) :: Entropy : 0.000 :: Grads : []
780 :: Rewards -122.752 :: steps: 1.00 :: Time: 0.016(0.01565/step) :: Entropy : 0.000 :: Grads : []
790 :: Rewards -122.752 :: steps: 1.00 :: Time: 0.016(0.01571/step) :: Entropy : 0.000 :: Grads : []
800 :: Rewards -122.752 :: steps: 1.00 :: Time: 0.016(0.01571/step) :: Entropy : 0.000 :: Grads : []
810 :: Rewards -122.752 :: steps: 1.00 :: Time: 0.016(0.01597/step) :: Entropy : 0.000 :: Grads : []
820 :: Rewards -122.752 :: steps: 1.00 :: Time: 0.016(0.01613/step) :: Entropy : 0.000 :: Grads : []
830 :: Rewards -122.752 :: steps: 1.00 :: Time: 0.016(0.01595/step) :: Entropy : 0.000 :: Grads : []
840 :: Rewards -122.807 :: steps: 1.00 :: Time: 0.016(0.01617/step) :: Entropy : 0.000 :: Grads : []
850 :: Rewards -123.292 :: steps: 1.00 :: Time: 0.016(0.01610/step) :: Entropy : 0.000 :: Grads : []
860 :: Rewards -124.356 :: steps: 1.00 :: Time: 0.016(0.01608/step) :: Entropy : 0.000 :: Grads : []
870 :: Rewards -125.950 :: steps: 1.00 :: Time: 0.016(0.01618/step) :: Entropy : 0.000 :: Grads : []
880 :: Rewards -128.030 :: steps: 1.00 :: Time: 0.016(0.01625/step) :: Entropy : 0.000 :: Grads : []
890 :: Rewards -129.236 :: steps: 1.00 :: Time: 0.016(0.01630/step) :: Entropy : 0.000 :: Grads : []
900 :: Rewards -130.301 :: steps: 1.00 :: Time: 0.016(0.01632/step) :: Entropy : 0.000 :: Grads : []
910 :: Rewards -131.581 :: steps: 1.00 :: Time: 0.016(0.01645/step) :: Entropy : 0.000 :: Grads : []
920 :: Rewards -132.522 :: steps: 1.00 :: Time: 0.017(0.01665/step) :: Entropy : 0.000 :: Grads : []
930 :: Rewards -134.837 :: steps: 1.00 :: Time: 0.017(0.01662/step) :: Entropy : 0.000 :: Grads : []
940 :: Rewards -135.358 :: steps: 1.00 :: Time: 0.017(0.01663/step) :: Entropy : 0.000 :: Grads : []
950 :: Rewards -135.358 :: steps: 1.00 :: Time: 0.016(0.01643/step) :: Entropy : 0.000 :: Grads : []
960 :: Rewards -135.358 :: steps: 1.00 :: Time: 0.017(0.01662/step) :: Entropy : 0.000 :: Grads : []
970 :: Rewards -135.358 :: steps: 1.00 :: Time: 0.017(0.01677/step) :: Entropy : 0.000 :: Grads : []
980 :: Rewards -135.358 :: steps: 1.00 :: Time: 0.017(0.01678/step) :: Entropy : 0.000 :: Grads : []
990 :: Rewards -135.358 :: steps: 1.00 :: Time: 0.017(0.01673/step) :: Entropy : 0.000 :: Grads : []
999 :: Rewards -135.358 :: steps: 0.90 :: Time: 0.015(0.01696/step) :: Entropy : 0.000 :: Grads : []
Total time taken: 13.680145025253296
