Module path:  Environments.NS_Reco NS_Reco
Dynamically loaded from:  <class 'Environments.NS_Reco.NS_Reco'>
Reward Amplitudes: [4.17022005e-01 7.20324493e-01 1.14374817e-04 3.02332573e-01
 1.46755891e-01] :: Avg 0.317309867282206 
Module path:  Src.Algorithms.OFPG OFPG
Dynamically loaded from:  <class 'Src.Algorithms.OFPG.OFPG'>
=====Configurations=====
 Namespace(NN_basis_dim='32', Policy_basis_dim='32', actor_lr=0.002251439950474301, algo_name='OFPG', base=0, batch_size=1000, buffer_size=1000, debug=False, delta=1, entropy_lambda=0.11057727559233214, env_name='NS_Reco', experiment='NS_3_', extrapolator_basis='Fourier', folder_suffix='Default', fourier_coupled=True, fourier_k=7, fourier_order=3, gamma=0.99, gauss_std=1.5, gpu=0, hyper='default', importance_clip=10.0, inc=1, log_output='term_file', max_episodes=1000, max_inner=30, max_steps=500, optim='rmsprop', oracle=-1, raw_basis=True, restore=False, save_count=100, save_model=True, seed=14, speed=3, state_lr=0.001, summary=True, swarm=False, timestamp='5|24|22:32:1')
Actions space: 5 :: State space: 1
State Low: tensor([0.]) :: State High: tensor([1.])
State features:  [('dummy_param', torch.Size([1]))]
Policy:  [('fc1.weight', torch.Size([5, 1])), ('fc1.bias', torch.Size([5]))]
0 :: Rewards 0.003 :: steps: 0.10 :: Time: 0.001(0.01439/step) :: Entropy : 0.000 :: Grads : []
10 :: Rewards 0.254 :: steps: 1.00 :: Time: 0.012(0.01189/step) :: Entropy : 0.000 :: Grads : []
20 :: Rewards 0.568 :: steps: 1.00 :: Time: 0.012(0.01197/step) :: Entropy : 0.000 :: Grads : []
30 :: Rewards 1.456 :: steps: 1.00 :: Time: 0.012(0.01246/step) :: Entropy : 0.000 :: Grads : []
40 :: Rewards 2.554 :: steps: 1.00 :: Time: 0.012(0.01190/step) :: Entropy : 0.000 :: Grads : []
50 :: Rewards 3.549 :: steps: 1.00 :: Time: 0.012(0.01202/step) :: Entropy : 0.000 :: Grads : []
60 :: Rewards 4.838 :: steps: 1.00 :: Time: 0.012(0.01216/step) :: Entropy : 0.000 :: Grads : []
70 :: Rewards 9.182 :: steps: 1.00 :: Time: 0.012(0.01226/step) :: Entropy : 0.000 :: Grads : []
80 :: Rewards 12.848 :: steps: 1.00 :: Time: 0.013(0.01253/step) :: Entropy : 0.000 :: Grads : []
90 :: Rewards 16.904 :: steps: 1.00 :: Time: 0.013(0.01261/step) :: Entropy : 0.000 :: Grads : []
100 :: Rewards 22.349 :: steps: 1.00 :: Time: 0.013(0.01264/step) :: Entropy : 0.000 :: Grads : []
110 :: Rewards 26.954 :: steps: 1.00 :: Time: 0.013(0.01281/step) :: Entropy : 0.000 :: Grads : []
120 :: Rewards 31.738 :: steps: 1.00 :: Time: 0.013(0.01281/step) :: Entropy : 0.000 :: Grads : []
130 :: Rewards 37.158 :: steps: 1.00 :: Time: 0.013(0.01308/step) :: Entropy : 0.000 :: Grads : []
140 :: Rewards 42.148 :: steps: 1.00 :: Time: 0.013(0.01311/step) :: Entropy : 0.000 :: Grads : []
150 :: Rewards 48.652 :: steps: 1.00 :: Time: 0.013(0.01326/step) :: Entropy : 0.000 :: Grads : []
160 :: Rewards 54.761 :: steps: 1.00 :: Time: 0.013(0.01336/step) :: Entropy : 0.000 :: Grads : []
170 :: Rewards 61.400 :: steps: 1.00 :: Time: 0.013(0.01340/step) :: Entropy : 0.000 :: Grads : []
180 :: Rewards 67.573 :: steps: 1.00 :: Time: 0.014(0.01360/step) :: Entropy : 0.000 :: Grads : []
190 :: Rewards 72.787 :: steps: 1.00 :: Time: 0.014(0.01407/step) :: Entropy : 0.000 :: Grads : []
200 :: Rewards 78.492 :: steps: 1.00 :: Time: 0.014(0.01378/step) :: Entropy : 0.000 :: Grads : []
210 :: Rewards 83.653 :: steps: 1.00 :: Time: 0.014(0.01389/step) :: Entropy : 0.000 :: Grads : []
220 :: Rewards 88.859 :: steps: 1.00 :: Time: 0.014(0.01399/step) :: Entropy : 0.000 :: Grads : []
230 :: Rewards 93.411 :: steps: 1.00 :: Time: 0.014(0.01408/step) :: Entropy : 0.000 :: Grads : []
240 :: Rewards 97.559 :: steps: 1.00 :: Time: 0.014(0.01426/step) :: Entropy : 0.000 :: Grads : []
250 :: Rewards 100.871 :: steps: 1.00 :: Time: 0.014(0.01435/step) :: Entropy : 0.000 :: Grads : []
260 :: Rewards 103.703 :: steps: 1.00 :: Time: 0.015(0.01467/step) :: Entropy : 0.000 :: Grads : []
270 :: Rewards 105.997 :: steps: 1.00 :: Time: 0.015(0.01492/step) :: Entropy : 0.000 :: Grads : []
280 :: Rewards 107.588 :: steps: 1.00 :: Time: 0.015(0.01504/step) :: Entropy : 0.000 :: Grads : []
290 :: Rewards 108.988 :: steps: 1.00 :: Time: 0.015(0.01512/step) :: Entropy : 0.000 :: Grads : []
300 :: Rewards 109.775 :: steps: 1.00 :: Time: 0.015(0.01522/step) :: Entropy : 0.000 :: Grads : []
310 :: Rewards 110.364 :: steps: 1.00 :: Time: 0.016(0.01559/step) :: Entropy : 0.000 :: Grads : []
320 :: Rewards 109.944 :: steps: 1.00 :: Time: 0.016(0.01578/step) :: Entropy : 0.000 :: Grads : []
330 :: Rewards 109.924 :: steps: 1.00 :: Time: 0.016(0.01594/step) :: Entropy : 0.000 :: Grads : []
340 :: Rewards 109.941 :: steps: 1.00 :: Time: 0.016(0.01620/step) :: Entropy : 0.000 :: Grads : []
350 :: Rewards 108.125 :: steps: 1.00 :: Time: 0.016(0.01626/step) :: Entropy : 0.000 :: Grads : []
360 :: Rewards 106.907 :: steps: 1.00 :: Time: 0.017(0.01653/step) :: Entropy : 0.000 :: Grads : []
370 :: Rewards 106.333 :: steps: 1.00 :: Time: 0.017(0.01688/step) :: Entropy : 0.000 :: Grads : []
380 :: Rewards 104.310 :: steps: 1.00 :: Time: 0.017(0.01694/step) :: Entropy : 0.000 :: Grads : []
390 :: Rewards 102.117 :: steps: 1.00 :: Time: 0.017(0.01713/step) :: Entropy : 0.000 :: Grads : []
400 :: Rewards 101.928 :: steps: 1.00 :: Time: 0.017(0.01715/step) :: Entropy : 0.000 :: Grads : []
410 :: Rewards 98.986 :: steps: 1.00 :: Time: 0.017(0.01736/step) :: Entropy : 0.000 :: Grads : []
420 :: Rewards 96.972 :: steps: 1.00 :: Time: 0.018(0.01829/step) :: Entropy : 0.000 :: Grads : []
430 :: Rewards 95.329 :: steps: 1.00 :: Time: 0.018(0.01824/step) :: Entropy : 0.000 :: Grads : []
440 :: Rewards 93.384 :: steps: 1.00 :: Time: 0.018(0.01825/step) :: Entropy : 0.000 :: Grads : []
450 :: Rewards 90.624 :: steps: 1.00 :: Time: 0.019(0.01858/step) :: Entropy : 0.000 :: Grads : []
460 :: Rewards 87.763 :: steps: 1.00 :: Time: 0.019(0.01861/step) :: Entropy : 0.000 :: Grads : []
470 :: Rewards 84.990 :: steps: 1.00 :: Time: 0.019(0.01873/step) :: Entropy : 0.000 :: Grads : []
480 :: Rewards 83.885 :: steps: 1.00 :: Time: 0.019(0.01888/step) :: Entropy : 0.000 :: Grads : []
490 :: Rewards 81.013 :: steps: 1.00 :: Time: 0.019(0.01877/step) :: Entropy : 0.000 :: Grads : []
500 :: Rewards 77.865 :: steps: 1.00 :: Time: 0.019(0.01882/step) :: Entropy : 0.000 :: Grads : []
510 :: Rewards 75.574 :: steps: 1.00 :: Time: 0.019(0.01900/step) :: Entropy : 0.000 :: Grads : []
520 :: Rewards 72.677 :: steps: 1.00 :: Time: 0.019(0.01928/step) :: Entropy : 0.000 :: Grads : []
530 :: Rewards 71.032 :: steps: 1.00 :: Time: 0.019(0.01939/step) :: Entropy : 0.000 :: Grads : []
540 :: Rewards 68.364 :: steps: 1.00 :: Time: 0.019(0.01943/step) :: Entropy : 0.000 :: Grads : []
550 :: Rewards 64.826 :: steps: 1.00 :: Time: 0.019(0.01940/step) :: Entropy : 0.000 :: Grads : []
560 :: Rewards 62.254 :: steps: 1.00 :: Time: 0.020(0.01963/step) :: Entropy : 0.000 :: Grads : []
570 :: Rewards 59.766 :: steps: 1.00 :: Time: 0.020(0.01986/step) :: Entropy : 0.000 :: Grads : []
580 :: Rewards 56.856 :: steps: 1.00 :: Time: 0.020(0.01985/step) :: Entropy : 0.000 :: Grads : []
590 :: Rewards 54.645 :: steps: 1.00 :: Time: 0.020(0.01995/step) :: Entropy : 0.000 :: Grads : []
600 :: Rewards 53.505 :: steps: 1.00 :: Time: 0.020(0.02005/step) :: Entropy : 0.000 :: Grads : []
610 :: Rewards 52.228 :: steps: 1.00 :: Time: 0.020(0.02018/step) :: Entropy : 0.000 :: Grads : []
620 :: Rewards 49.605 :: steps: 1.00 :: Time: 0.020(0.02024/step) :: Entropy : 0.000 :: Grads : []
630 :: Rewards 47.420 :: steps: 1.00 :: Time: 0.020(0.02040/step) :: Entropy : 0.000 :: Grads : []
640 :: Rewards 45.814 :: steps: 1.00 :: Time: 0.021(0.02061/step) :: Entropy : 0.000 :: Grads : []
650 :: Rewards 45.725 :: steps: 1.00 :: Time: 0.021(0.02050/step) :: Entropy : 0.000 :: Grads : []
660 :: Rewards 46.215 :: steps: 1.00 :: Time: 0.021(0.02068/step) :: Entropy : 0.000 :: Grads : []
670 :: Rewards 44.489 :: steps: 1.00 :: Time: 0.021(0.02074/step) :: Entropy : 0.000 :: Grads : []
680 :: Rewards 44.173 :: steps: 1.00 :: Time: 0.021(0.02088/step) :: Entropy : 0.000 :: Grads : []
690 :: Rewards 44.974 :: steps: 1.00 :: Time: 0.021(0.02093/step) :: Entropy : 0.000 :: Grads : []
700 :: Rewards 46.990 :: steps: 1.00 :: Time: 0.021(0.02100/step) :: Entropy : 0.000 :: Grads : []
710 :: Rewards 47.903 :: steps: 1.00 :: Time: 0.021(0.02123/step) :: Entropy : 0.000 :: Grads : []
720 :: Rewards 47.481 :: steps: 1.00 :: Time: 0.021(0.02128/step) :: Entropy : 0.000 :: Grads : []
730 :: Rewards 48.101 :: steps: 1.00 :: Time: 0.021(0.02126/step) :: Entropy : 0.000 :: Grads : []
740 :: Rewards 50.358 :: steps: 1.00 :: Time: 0.021(0.02141/step) :: Entropy : 0.000 :: Grads : []
750 :: Rewards 51.918 :: steps: 1.00 :: Time: 0.022(0.02166/step) :: Entropy : 0.000 :: Grads : []
760 :: Rewards 54.525 :: steps: 1.00 :: Time: 0.021(0.02142/step) :: Entropy : 0.000 :: Grads : []
770 :: Rewards 56.251 :: steps: 1.00 :: Time: 0.022(0.02160/step) :: Entropy : 0.000 :: Grads : []
780 :: Rewards 57.832 :: steps: 1.00 :: Time: 0.022(0.02210/step) :: Entropy : 0.000 :: Grads : []
790 :: Rewards 60.257 :: steps: 1.00 :: Time: 0.022(0.02231/step) :: Entropy : 0.000 :: Grads : []
800 :: Rewards 62.866 :: steps: 1.00 :: Time: 0.022(0.02237/step) :: Entropy : 0.000 :: Grads : []
810 :: Rewards 66.513 :: steps: 1.00 :: Time: 0.023(0.02270/step) :: Entropy : 0.000 :: Grads : []
820 :: Rewards 68.829 :: steps: 1.00 :: Time: 0.023(0.02250/step) :: Entropy : 0.000 :: Grads : []
830 :: Rewards 70.152 :: steps: 1.00 :: Time: 0.022(0.02232/step) :: Entropy : 0.000 :: Grads : []
840 :: Rewards 72.019 :: steps: 1.00 :: Time: 0.022(0.02241/step) :: Entropy : 0.000 :: Grads : []
850 :: Rewards 74.096 :: steps: 1.00 :: Time: 0.023(0.02252/step) :: Entropy : 0.000 :: Grads : []
860 :: Rewards 74.955 :: steps: 1.00 :: Time: 0.023(0.02261/step) :: Entropy : 0.000 :: Grads : []
870 :: Rewards 76.560 :: steps: 1.00 :: Time: 0.023(0.02268/step) :: Entropy : 0.000 :: Grads : []
880 :: Rewards 77.495 :: steps: 1.00 :: Time: 0.023(0.02298/step) :: Entropy : 0.000 :: Grads : []
890 :: Rewards 78.762 :: steps: 1.00 :: Time: 0.023(0.02277/step) :: Entropy : 0.000 :: Grads : []
900 :: Rewards 79.869 :: steps: 1.00 :: Time: 0.023(0.02334/step) :: Entropy : 0.000 :: Grads : []
910 :: Rewards 79.896 :: steps: 1.00 :: Time: 0.023(0.02319/step) :: Entropy : 0.000 :: Grads : []
920 :: Rewards 79.932 :: steps: 1.00 :: Time: 0.023(0.02340/step) :: Entropy : 0.000 :: Grads : []
930 :: Rewards 79.641 :: steps: 1.00 :: Time: 0.023(0.02338/step) :: Entropy : 0.000 :: Grads : []
940 :: Rewards 78.227 :: steps: 1.00 :: Time: 0.024(0.02351/step) :: Entropy : 0.000 :: Grads : []
950 :: Rewards 78.237 :: steps: 1.00 :: Time: 0.024(0.02361/step) :: Entropy : 0.000 :: Grads : []
960 :: Rewards 78.392 :: steps: 1.00 :: Time: 0.024(0.02392/step) :: Entropy : 0.000 :: Grads : []
970 :: Rewards 78.882 :: steps: 1.00 :: Time: 0.023(0.02348/step) :: Entropy : 0.000 :: Grads : []
980 :: Rewards 77.092 :: steps: 1.00 :: Time: 0.024(0.02367/step) :: Entropy : 0.000 :: Grads : []
990 :: Rewards 77.870 :: steps: 1.00 :: Time: 0.024(0.02393/step) :: Entropy : 0.000 :: Grads : []
999 :: Rewards 75.603 :: steps: 0.90 :: Time: 0.022(0.02399/step) :: Entropy : 0.000 :: Grads : []
Total time taken: 18.379106044769287
