Module path:  Environments.NS_Reco NS_Reco
Dynamically loaded from:  <class 'Environments.NS_Reco.NS_Reco'>
Reward Amplitudes: [4.17022005e-01 7.20324493e-01 1.14374817e-04 3.02332573e-01
 1.46755891e-01] :: Avg 0.317309867282206 
Module path:  Src.Algorithms.OFPG OFPG
Dynamically loaded from:  <class 'Src.Algorithms.OFPG.OFPG'>
=====Configurations=====
 Namespace(NN_basis_dim='32', Policy_basis_dim='32', actor_lr=0.0021758107191788777, algo_name='OFPG', base=0, batch_size=1000, buffer_size=1000, debug=False, delta=5, entropy_lambda=0.0820027845863337, env_name='NS_Reco', experiment='NS_2_', extrapolator_basis='Fourier', folder_suffix='Default', fourier_coupled=True, fourier_k=7, fourier_order=3, gamma=0.99, gauss_std=1.5, gpu=0, hyper='default', importance_clip=15.0, inc=1, log_output='term_file', max_episodes=1000, max_inner=100, max_steps=500, optim='rmsprop', oracle=-1, raw_basis=True, restore=False, save_count=100, save_model=True, seed=16, speed=2, state_lr=0.001, summary=True, swarm=False, timestamp='5|24|17:53:8')
Actions space: 5 :: State space: 1
State Low: tensor([0.]) :: State High: tensor([1.])
State features:  [('dummy_param', torch.Size([1]))]
Policy:  [('fc1.weight', torch.Size([5, 1])), ('fc1.bias', torch.Size([5]))]
0 :: Rewards 0.015 :: steps: 0.10 :: Time: 0.000(0.00062/step) :: Entropy : 0.000 :: Grads : []
10 :: Rewards 0.152 :: steps: 1.00 :: Time: 0.008(0.00762/step) :: Entropy : 0.000 :: Grads : []
20 :: Rewards 0.410 :: steps: 1.00 :: Time: 0.008(0.00768/step) :: Entropy : 0.000 :: Grads : []
30 :: Rewards 0.997 :: steps: 1.00 :: Time: 0.008(0.00807/step) :: Entropy : 0.000 :: Grads : []
40 :: Rewards 2.104 :: steps: 1.00 :: Time: 0.008(0.00762/step) :: Entropy : 0.000 :: Grads : []
50 :: Rewards 3.381 :: steps: 1.00 :: Time: 0.008(0.00766/step) :: Entropy : 0.000 :: Grads : []
60 :: Rewards 4.658 :: steps: 1.00 :: Time: 0.008(0.00768/step) :: Entropy : 0.000 :: Grads : []
70 :: Rewards 7.241 :: steps: 1.00 :: Time: 0.008(0.00777/step) :: Entropy : 0.000 :: Grads : []
80 :: Rewards 9.570 :: steps: 1.00 :: Time: 0.008(0.00786/step) :: Entropy : 0.000 :: Grads : []
90 :: Rewards 12.169 :: steps: 1.00 :: Time: 0.008(0.00793/step) :: Entropy : 0.000 :: Grads : []
100 :: Rewards 16.748 :: steps: 1.00 :: Time: 0.008(0.00806/step) :: Entropy : 0.000 :: Grads : []
110 :: Rewards 20.762 :: steps: 1.00 :: Time: 0.008(0.00809/step) :: Entropy : 0.000 :: Grads : []
120 :: Rewards 25.353 :: steps: 1.00 :: Time: 0.008(0.00808/step) :: Entropy : 0.000 :: Grads : []
130 :: Rewards 29.928 :: steps: 1.00 :: Time: 0.008(0.00820/step) :: Entropy : 0.000 :: Grads : []
140 :: Rewards 35.845 :: steps: 1.00 :: Time: 0.008(0.00827/step) :: Entropy : 0.000 :: Grads : []
150 :: Rewards 41.277 :: steps: 1.00 :: Time: 0.008(0.00839/step) :: Entropy : 0.000 :: Grads : []
160 :: Rewards 47.711 :: steps: 1.00 :: Time: 0.008(0.00841/step) :: Entropy : 0.000 :: Grads : []
170 :: Rewards 53.452 :: steps: 1.00 :: Time: 0.008(0.00849/step) :: Entropy : 0.000 :: Grads : []
180 :: Rewards 60.317 :: steps: 1.00 :: Time: 0.009(0.00856/step) :: Entropy : 0.000 :: Grads : []
190 :: Rewards 66.852 :: steps: 1.00 :: Time: 0.009(0.00864/step) :: Entropy : 0.000 :: Grads : []
200 :: Rewards 73.516 :: steps: 1.00 :: Time: 0.009(0.00867/step) :: Entropy : 0.000 :: Grads : []
210 :: Rewards 80.237 :: steps: 1.00 :: Time: 0.009(0.00875/step) :: Entropy : 0.000 :: Grads : []
220 :: Rewards 86.543 :: steps: 1.00 :: Time: 0.009(0.00882/step) :: Entropy : 0.000 :: Grads : []
230 :: Rewards 93.707 :: steps: 1.00 :: Time: 0.009(0.00887/step) :: Entropy : 0.000 :: Grads : []
240 :: Rewards 100.465 :: steps: 1.00 :: Time: 0.009(0.00913/step) :: Entropy : 0.000 :: Grads : []
250 :: Rewards 107.136 :: steps: 1.00 :: Time: 0.009(0.00916/step) :: Entropy : 0.000 :: Grads : []
260 :: Rewards 113.297 :: steps: 1.00 :: Time: 0.009(0.00919/step) :: Entropy : 0.000 :: Grads : []
270 :: Rewards 119.380 :: steps: 1.00 :: Time: 0.009(0.00930/step) :: Entropy : 0.000 :: Grads : []
280 :: Rewards 126.032 :: steps: 1.00 :: Time: 0.009(0.00930/step) :: Entropy : 0.000 :: Grads : []
290 :: Rewards 132.440 :: steps: 1.00 :: Time: 0.009(0.00945/step) :: Entropy : 0.000 :: Grads : []
300 :: Rewards 138.623 :: steps: 1.00 :: Time: 0.010(0.00956/step) :: Entropy : 0.000 :: Grads : []
310 :: Rewards 143.930 :: steps: 1.00 :: Time: 0.010(0.00961/step) :: Entropy : 0.000 :: Grads : []
320 :: Rewards 148.998 :: steps: 1.00 :: Time: 0.010(0.00972/step) :: Entropy : 0.000 :: Grads : []
330 :: Rewards 153.996 :: steps: 1.00 :: Time: 0.010(0.00975/step) :: Entropy : 0.000 :: Grads : []
340 :: Rewards 158.837 :: steps: 1.00 :: Time: 0.010(0.01007/step) :: Entropy : 0.000 :: Grads : []
350 :: Rewards 163.097 :: steps: 1.00 :: Time: 0.010(0.01002/step) :: Entropy : 0.000 :: Grads : []
360 :: Rewards 167.162 :: steps: 1.00 :: Time: 0.010(0.01028/step) :: Entropy : 0.000 :: Grads : []
370 :: Rewards 170.811 :: steps: 1.00 :: Time: 0.010(0.01038/step) :: Entropy : 0.000 :: Grads : []
380 :: Rewards 174.039 :: steps: 1.00 :: Time: 0.011(0.01052/step) :: Entropy : 0.000 :: Grads : []
390 :: Rewards 176.738 :: steps: 1.00 :: Time: 0.011(0.01053/step) :: Entropy : 0.000 :: Grads : []
400 :: Rewards 178.747 :: steps: 1.00 :: Time: 0.011(0.01062/step) :: Entropy : 0.000 :: Grads : []
410 :: Rewards 180.681 :: steps: 1.00 :: Time: 0.011(0.01117/step) :: Entropy : 0.000 :: Grads : []
420 :: Rewards 182.009 :: steps: 1.00 :: Time: 0.011(0.01137/step) :: Entropy : 0.000 :: Grads : []
430 :: Rewards 182.942 :: steps: 1.00 :: Time: 0.011(0.01134/step) :: Entropy : 0.000 :: Grads : []
440 :: Rewards 184.015 :: steps: 1.00 :: Time: 0.011(0.01122/step) :: Entropy : 0.000 :: Grads : []
450 :: Rewards 184.320 :: steps: 1.00 :: Time: 0.011(0.01122/step) :: Entropy : 0.000 :: Grads : []
460 :: Rewards 184.339 :: steps: 1.00 :: Time: 0.011(0.01122/step) :: Entropy : 0.000 :: Grads : []
470 :: Rewards 183.323 :: steps: 1.00 :: Time: 0.011(0.01137/step) :: Entropy : 0.000 :: Grads : []
480 :: Rewards 182.642 :: steps: 1.00 :: Time: 0.011(0.01134/step) :: Entropy : 0.000 :: Grads : []
490 :: Rewards 181.104 :: steps: 1.00 :: Time: 0.011(0.01142/step) :: Entropy : 0.000 :: Grads : []
500 :: Rewards 178.337 :: steps: 1.00 :: Time: 0.011(0.01144/step) :: Entropy : 0.000 :: Grads : []
510 :: Rewards 175.930 :: steps: 1.00 :: Time: 0.011(0.01145/step) :: Entropy : 0.000 :: Grads : []
520 :: Rewards 173.628 :: steps: 1.00 :: Time: 0.012(0.01165/step) :: Entropy : 0.000 :: Grads : []
530 :: Rewards 173.482 :: steps: 1.00 :: Time: 0.012(0.01175/step) :: Entropy : 0.000 :: Grads : []
540 :: Rewards 169.410 :: steps: 1.00 :: Time: 0.012(0.01167/step) :: Entropy : 0.000 :: Grads : []
550 :: Rewards 168.290 :: steps: 1.00 :: Time: 0.012(0.01167/step) :: Entropy : 0.000 :: Grads : []
560 :: Rewards 164.651 :: steps: 1.00 :: Time: 0.012(0.01181/step) :: Entropy : 0.000 :: Grads : []
570 :: Rewards 161.889 :: steps: 1.00 :: Time: 0.012(0.01171/step) :: Entropy : 0.000 :: Grads : []
580 :: Rewards 157.714 :: steps: 1.00 :: Time: 0.012(0.01185/step) :: Entropy : 0.000 :: Grads : []
590 :: Rewards 155.769 :: steps: 1.00 :: Time: 0.015(0.01476/step) :: Entropy : 0.000 :: Grads : []
600 :: Rewards 153.074 :: steps: 1.00 :: Time: 0.012(0.01204/step) :: Entropy : 0.000 :: Grads : []
610 :: Rewards 149.482 :: steps: 1.00 :: Time: 0.012(0.01218/step) :: Entropy : 0.000 :: Grads : []
620 :: Rewards 146.316 :: steps: 1.00 :: Time: 0.012(0.01212/step) :: Entropy : 0.000 :: Grads : []
630 :: Rewards 143.810 :: steps: 1.00 :: Time: 0.012(0.01213/step) :: Entropy : 0.000 :: Grads : []
640 :: Rewards 141.179 :: steps: 1.00 :: Time: 0.012(0.01219/step) :: Entropy : 0.000 :: Grads : []
650 :: Rewards 139.170 :: steps: 1.00 :: Time: 0.012(0.01227/step) :: Entropy : 0.000 :: Grads : []
660 :: Rewards 136.472 :: steps: 1.00 :: Time: 0.012(0.01213/step) :: Entropy : 0.000 :: Grads : []
670 :: Rewards 132.596 :: steps: 1.00 :: Time: 0.012(0.01226/step) :: Entropy : 0.000 :: Grads : []
680 :: Rewards 129.899 :: steps: 1.00 :: Time: 0.012(0.01218/step) :: Entropy : 0.000 :: Grads : []
690 :: Rewards 127.101 :: steps: 1.00 :: Time: 0.012(0.01237/step) :: Entropy : 0.000 :: Grads : []
700 :: Rewards 124.611 :: steps: 1.00 :: Time: 0.013(0.01253/step) :: Entropy : 0.000 :: Grads : []
710 :: Rewards 120.740 :: steps: 1.00 :: Time: 0.013(0.01250/step) :: Entropy : 0.000 :: Grads : []
720 :: Rewards 118.816 :: steps: 1.00 :: Time: 0.013(0.01260/step) :: Entropy : 0.000 :: Grads : []
730 :: Rewards 115.833 :: steps: 1.00 :: Time: 0.013(0.01269/step) :: Entropy : 0.000 :: Grads : []
740 :: Rewards 113.988 :: steps: 1.00 :: Time: 0.013(0.01272/step) :: Entropy : 0.000 :: Grads : []
750 :: Rewards 111.266 :: steps: 1.00 :: Time: 0.013(0.01262/step) :: Entropy : 0.000 :: Grads : []
760 :: Rewards 109.332 :: steps: 1.00 :: Time: 0.013(0.01291/step) :: Entropy : 0.000 :: Grads : []
770 :: Rewards 106.600 :: steps: 1.00 :: Time: 0.013(0.01289/step) :: Entropy : 0.000 :: Grads : []
780 :: Rewards 103.858 :: steps: 1.00 :: Time: 0.013(0.01277/step) :: Entropy : 0.000 :: Grads : []
790 :: Rewards 101.702 :: steps: 1.00 :: Time: 0.013(0.01264/step) :: Entropy : 0.000 :: Grads : []
800 :: Rewards 100.333 :: steps: 1.00 :: Time: 0.013(0.01273/step) :: Entropy : 0.000 :: Grads : []
810 :: Rewards 97.615 :: steps: 1.00 :: Time: 0.013(0.01277/step) :: Entropy : 0.000 :: Grads : []
820 :: Rewards 95.433 :: steps: 1.00 :: Time: 0.013(0.01284/step) :: Entropy : 0.000 :: Grads : []
830 :: Rewards 93.470 :: steps: 1.00 :: Time: 0.013(0.01284/step) :: Entropy : 0.000 :: Grads : []
840 :: Rewards 90.605 :: steps: 1.00 :: Time: 0.015(0.01473/step) :: Entropy : 0.000 :: Grads : []
850 :: Rewards 88.459 :: steps: 1.00 :: Time: 0.014(0.01409/step) :: Entropy : 0.000 :: Grads : []
860 :: Rewards 86.018 :: steps: 1.00 :: Time: 0.015(0.01538/step) :: Entropy : 0.000 :: Grads : []
870 :: Rewards 84.116 :: steps: 1.00 :: Time: 0.013(0.01331/step) :: Entropy : 0.000 :: Grads : []
880 :: Rewards 82.272 :: steps: 1.00 :: Time: 0.014(0.01352/step) :: Entropy : 0.000 :: Grads : []
890 :: Rewards 81.260 :: steps: 1.00 :: Time: 0.013(0.01297/step) :: Entropy : 0.000 :: Grads : []
900 :: Rewards 78.990 :: steps: 1.00 :: Time: 0.013(0.01270/step) :: Entropy : 0.000 :: Grads : []
910 :: Rewards 77.581 :: steps: 1.00 :: Time: 0.014(0.01405/step) :: Entropy : 0.000 :: Grads : []
920 :: Rewards 76.902 :: steps: 1.00 :: Time: 0.014(0.01366/step) :: Entropy : 0.000 :: Grads : []
930 :: Rewards 75.370 :: steps: 1.00 :: Time: 0.014(0.01368/step) :: Entropy : 0.000 :: Grads : []
940 :: Rewards 73.455 :: steps: 1.00 :: Time: 0.014(0.01356/step) :: Entropy : 0.000 :: Grads : []
950 :: Rewards 72.409 :: steps: 1.00 :: Time: 0.014(0.01373/step) :: Entropy : 0.000 :: Grads : []
960 :: Rewards 72.249 :: steps: 1.00 :: Time: 0.014(0.01366/step) :: Entropy : 0.000 :: Grads : []
970 :: Rewards 73.057 :: steps: 1.00 :: Time: 0.014(0.01358/step) :: Entropy : 0.000 :: Grads : []
980 :: Rewards 72.567 :: steps: 1.00 :: Time: 0.014(0.01371/step) :: Entropy : 0.000 :: Grads : []
990 :: Rewards 71.952 :: steps: 1.00 :: Time: 0.014(0.01375/step) :: Entropy : 0.000 :: Grads : []
999 :: Rewards 72.667 :: steps: 0.90 :: Time: 0.014(0.01569/step) :: Entropy : 0.000 :: Grads : []
Total time taken: 11.168658256530762
