Module path:  Environments.NS_Reco NS_Reco
Dynamically loaded from:  <class 'Environments.NS_Reco.NS_Reco'>
Reward Amplitudes: [4.17022005e-01 7.20324493e-01 1.14374817e-04 3.02332573e-01
 1.46755891e-01] :: Avg 0.317309867282206 
Module path:  Src.Algorithms.ProWLS ProWLS
Dynamically loaded from:  <class 'Src.Algorithms.ProWLS.ProWLS'>
=====Configurations=====
 Namespace(NN_basis_dim='32', Policy_basis_dim='32', actor_lr=0.004415491219348583, algo_name='ProWLS', base=0, batch_size=1000, buffer_size=1000, debug=False, delta=1, entropy_lambda=0.0010074417839719013, env_name='NS_Reco', experiment='NS_0_', extrapolator_basis='Fourier', folder_suffix='Default', fourier_coupled=True, fourier_k=3, fourier_order=3, gamma=0.99, gauss_std=1.5, gpu=0, hyper='default', importance_clip=5.0, inc=1, log_output='term_file', max_episodes=1000, max_inner=20, max_steps=500, optim='rmsprop', oracle=-1, raw_basis=True, restore=False, save_count=100, save_model=True, seed=19, speed=0, state_lr=0.001, summary=True, swarm=False, timestamp='5|24|20:22:51')
Actions space: 5 :: State space: 1
State Low: tensor([0.]) :: State High: tensor([1.])
State features:  [('dummy_param', torch.Size([1]))]
Policy:  [('fc1.weight', torch.Size([5, 1])), ('fc1.bias', torch.Size([5]))]
0 :: Rewards 0.726 :: steps: 0.10 :: Time: 0.000(0.00062/step) :: Entropy : 0.000 :: Grads : []
10 :: Rewards 2.660 :: steps: 1.00 :: Time: 0.009(0.00915/step) :: Entropy : 0.000 :: Grads : []
20 :: Rewards 6.995 :: steps: 1.00 :: Time: 0.011(0.01125/step) :: Entropy : 0.000 :: Grads : []
30 :: Rewards 12.182 :: steps: 1.00 :: Time: 0.011(0.01146/step) :: Entropy : 0.000 :: Grads : []
40 :: Rewards 16.516 :: steps: 1.00 :: Time: 0.011(0.01120/step) :: Entropy : 0.000 :: Grads : []
50 :: Rewards 23.725 :: steps: 1.00 :: Time: 0.011(0.01135/step) :: Entropy : 0.000 :: Grads : []
60 :: Rewards 30.924 :: steps: 1.00 :: Time: 0.011(0.01146/step) :: Entropy : 0.000 :: Grads : []
70 :: Rewards 38.101 :: steps: 1.00 :: Time: 0.012(0.01160/step) :: Entropy : 0.000 :: Grads : []
80 :: Rewards 45.020 :: steps: 1.00 :: Time: 0.012(0.01177/step) :: Entropy : 0.000 :: Grads : []
90 :: Rewards 51.187 :: steps: 1.00 :: Time: 0.012(0.01192/step) :: Entropy : 0.000 :: Grads : []
100 :: Rewards 57.402 :: steps: 1.00 :: Time: 0.012(0.01208/step) :: Entropy : 0.000 :: Grads : []
110 :: Rewards 64.652 :: steps: 1.00 :: Time: 0.012(0.01227/step) :: Entropy : 0.000 :: Grads : []
120 :: Rewards 71.282 :: steps: 1.00 :: Time: 0.012(0.01244/step) :: Entropy : 0.000 :: Grads : []
130 :: Rewards 78.489 :: steps: 1.00 :: Time: 0.013(0.01265/step) :: Entropy : 0.000 :: Grads : []
140 :: Rewards 85.688 :: steps: 1.00 :: Time: 0.013(0.01297/step) :: Entropy : 0.000 :: Grads : []
150 :: Rewards 92.874 :: steps: 1.00 :: Time: 0.013(0.01312/step) :: Entropy : 0.000 :: Grads : []
160 :: Rewards 100.098 :: steps: 1.00 :: Time: 0.013(0.01335/step) :: Entropy : 0.000 :: Grads : []
170 :: Rewards 107.326 :: steps: 1.00 :: Time: 0.014(0.01353/step) :: Entropy : 0.000 :: Grads : []
180 :: Rewards 114.211 :: steps: 1.00 :: Time: 0.014(0.01377/step) :: Entropy : 0.000 :: Grads : []
190 :: Rewards 121.422 :: steps: 1.00 :: Time: 0.014(0.01448/step) :: Entropy : 0.000 :: Grads : []
200 :: Rewards 128.665 :: steps: 1.00 :: Time: 0.015(0.01469/step) :: Entropy : 0.000 :: Grads : []
210 :: Rewards 135.858 :: steps: 1.00 :: Time: 0.015(0.01520/step) :: Entropy : 0.000 :: Grads : []
220 :: Rewards 143.058 :: steps: 1.00 :: Time: 0.016(0.01556/step) :: Entropy : 0.000 :: Grads : []
230 :: Rewards 149.707 :: steps: 1.00 :: Time: 0.016(0.01588/step) :: Entropy : 0.000 :: Grads : []
240 :: Rewards 156.887 :: steps: 1.00 :: Time: 0.016(0.01611/step) :: Entropy : 0.000 :: Grads : []
250 :: Rewards 164.067 :: steps: 1.00 :: Time: 0.016(0.01648/step) :: Entropy : 0.000 :: Grads : []
260 :: Rewards 171.322 :: steps: 1.00 :: Time: 0.017(0.01676/step) :: Entropy : 0.000 :: Grads : []
270 :: Rewards 178.515 :: steps: 1.00 :: Time: 0.017(0.01711/step) :: Entropy : 0.000 :: Grads : []
280 :: Rewards 185.136 :: steps: 1.00 :: Time: 0.017(0.01728/step) :: Entropy : 0.000 :: Grads : []
290 :: Rewards 192.301 :: steps: 1.00 :: Time: 0.017(0.01746/step) :: Entropy : 0.000 :: Grads : []
300 :: Rewards 199.549 :: steps: 1.00 :: Time: 0.018(0.01752/step) :: Entropy : 0.000 :: Grads : []
310 :: Rewards 206.749 :: steps: 1.00 :: Time: 0.018(0.01777/step) :: Entropy : 0.000 :: Grads : []
320 :: Rewards 213.927 :: steps: 1.00 :: Time: 0.018(0.01823/step) :: Entropy : 0.000 :: Grads : []
330 :: Rewards 221.122 :: steps: 1.00 :: Time: 0.019(0.01851/step) :: Entropy : 0.000 :: Grads : []
340 :: Rewards 228.347 :: steps: 1.00 :: Time: 0.019(0.01885/step) :: Entropy : 0.000 :: Grads : []
350 :: Rewards 235.570 :: steps: 1.00 :: Time: 0.019(0.01921/step) :: Entropy : 0.000 :: Grads : []
360 :: Rewards 242.746 :: steps: 1.00 :: Time: 0.019(0.01944/step) :: Entropy : 0.000 :: Grads : []
370 :: Rewards 249.979 :: steps: 1.00 :: Time: 0.020(0.01994/step) :: Entropy : 0.000 :: Grads : []
380 :: Rewards 256.903 :: steps: 1.00 :: Time: 0.020(0.02018/step) :: Entropy : 0.000 :: Grads : []
390 :: Rewards 264.091 :: steps: 1.00 :: Time: 0.021(0.02079/step) :: Entropy : 0.000 :: Grads : []
400 :: Rewards 270.735 :: steps: 1.00 :: Time: 0.021(0.02106/step) :: Entropy : 0.000 :: Grads : []
410 :: Rewards 277.950 :: steps: 1.00 :: Time: 0.021(0.02148/step) :: Entropy : 0.000 :: Grads : []
420 :: Rewards 285.196 :: steps: 1.00 :: Time: 0.022(0.02181/step) :: Entropy : 0.000 :: Grads : []
430 :: Rewards 292.389 :: steps: 1.00 :: Time: 0.022(0.02220/step) :: Entropy : 0.000 :: Grads : []
440 :: Rewards 299.613 :: steps: 1.00 :: Time: 0.022(0.02239/step) :: Entropy : 0.000 :: Grads : []
450 :: Rewards 306.822 :: steps: 1.00 :: Time: 0.023(0.02284/step) :: Entropy : 0.000 :: Grads : []
460 :: Rewards 314.007 :: steps: 1.00 :: Time: 0.023(0.02324/step) :: Entropy : 0.000 :: Grads : []
470 :: Rewards 321.233 :: steps: 1.00 :: Time: 0.024(0.02377/step) :: Entropy : 0.000 :: Grads : []
480 :: Rewards 328.354 :: steps: 1.00 :: Time: 0.024(0.02398/step) :: Entropy : 0.000 :: Grads : []
490 :: Rewards 335.550 :: steps: 1.00 :: Time: 0.024(0.02443/step) :: Entropy : 0.000 :: Grads : []
500 :: Rewards 342.757 :: steps: 1.00 :: Time: 0.025(0.02474/step) :: Entropy : 0.000 :: Grads : []
510 :: Rewards 349.955 :: steps: 1.00 :: Time: 0.025(0.02529/step) :: Entropy : 0.000 :: Grads : []
520 :: Rewards 357.175 :: steps: 1.00 :: Time: 0.026(0.02592/step) :: Entropy : 0.000 :: Grads : []
530 :: Rewards 364.363 :: steps: 1.00 :: Time: 0.026(0.02639/step) :: Entropy : 0.000 :: Grads : []
540 :: Rewards 371.546 :: steps: 1.00 :: Time: 0.027(0.02660/step) :: Entropy : 0.000 :: Grads : []
550 :: Rewards 378.743 :: steps: 1.00 :: Time: 0.027(0.02713/step) :: Entropy : 0.000 :: Grads : []
560 :: Rewards 385.933 :: steps: 1.00 :: Time: 0.028(0.02761/step) :: Entropy : 0.000 :: Grads : []
570 :: Rewards 393.159 :: steps: 1.00 :: Time: 0.028(0.02838/step) :: Entropy : 0.000 :: Grads : []
580 :: Rewards 400.381 :: steps: 1.00 :: Time: 0.029(0.02909/step) :: Entropy : 0.000 :: Grads : []
590 :: Rewards 407.602 :: steps: 1.00 :: Time: 0.030(0.02974/step) :: Entropy : 0.000 :: Grads : []
600 :: Rewards 414.847 :: steps: 1.00 :: Time: 0.030(0.03000/step) :: Entropy : 0.000 :: Grads : []
610 :: Rewards 422.049 :: steps: 1.00 :: Time: 0.031(0.03050/step) :: Entropy : 0.000 :: Grads : []
620 :: Rewards 429.241 :: steps: 1.00 :: Time: 0.031(0.03107/step) :: Entropy : 0.000 :: Grads : []
630 :: Rewards 436.444 :: steps: 1.00 :: Time: 0.031(0.03134/step) :: Entropy : 0.000 :: Grads : []
640 :: Rewards 443.641 :: steps: 1.00 :: Time: 0.032(0.03197/step) :: Entropy : 0.000 :: Grads : []
650 :: Rewards 450.798 :: steps: 1.00 :: Time: 0.033(0.03266/step) :: Entropy : 0.000 :: Grads : []
660 :: Rewards 458.003 :: steps: 1.00 :: Time: 0.033(0.03335/step) :: Entropy : 0.000 :: Grads : []
670 :: Rewards 465.201 :: steps: 1.00 :: Time: 0.034(0.03396/step) :: Entropy : 0.000 :: Grads : []
680 :: Rewards 472.416 :: steps: 1.00 :: Time: 0.035(0.03453/step) :: Entropy : 0.000 :: Grads : []
690 :: Rewards 479.596 :: steps: 1.00 :: Time: 0.036(0.03586/step) :: Entropy : 0.000 :: Grads : []
700 :: Rewards 486.508 :: steps: 1.00 :: Time: 0.036(0.03632/step) :: Entropy : 0.000 :: Grads : []
710 :: Rewards 493.755 :: steps: 1.00 :: Time: 0.037(0.03724/step) :: Entropy : 0.000 :: Grads : []
720 :: Rewards 501.005 :: steps: 1.00 :: Time: 0.038(0.03762/step) :: Entropy : 0.000 :: Grads : []
730 :: Rewards 508.176 :: steps: 1.00 :: Time: 0.038(0.03835/step) :: Entropy : 0.000 :: Grads : []
740 :: Rewards 515.352 :: steps: 1.00 :: Time: 0.039(0.03940/step) :: Entropy : 0.000 :: Grads : []
750 :: Rewards 522.594 :: steps: 1.00 :: Time: 0.041(0.04070/step) :: Entropy : 0.000 :: Grads : []
760 :: Rewards 529.825 :: steps: 1.00 :: Time: 0.041(0.04143/step) :: Entropy : 0.000 :: Grads : []
770 :: Rewards 537.031 :: steps: 1.00 :: Time: 0.042(0.04245/step) :: Entropy : 0.000 :: Grads : []
780 :: Rewards 544.192 :: steps: 1.00 :: Time: 0.043(0.04271/step) :: Entropy : 0.000 :: Grads : []
790 :: Rewards 551.372 :: steps: 1.00 :: Time: 0.043(0.04342/step) :: Entropy : 0.000 :: Grads : []
800 :: Rewards 558.534 :: steps: 1.00 :: Time: 0.044(0.04372/step) :: Entropy : 0.000 :: Grads : []
810 :: Rewards 565.762 :: steps: 1.00 :: Time: 0.045(0.04498/step) :: Entropy : 0.000 :: Grads : []
820 :: Rewards 572.989 :: steps: 1.00 :: Time: 0.046(0.04633/step) :: Entropy : 0.000 :: Grads : []
830 :: Rewards 580.215 :: steps: 1.00 :: Time: 0.047(0.04684/step) :: Entropy : 0.000 :: Grads : []
840 :: Rewards 587.037 :: steps: 1.00 :: Time: 0.048(0.04850/step) :: Entropy : 0.000 :: Grads : []
850 :: Rewards 594.253 :: steps: 1.00 :: Time: 0.049(0.04864/step) :: Entropy : 0.000 :: Grads : []
860 :: Rewards 601.472 :: steps: 1.00 :: Time: 0.049(0.04936/step) :: Entropy : 0.000 :: Grads : []
870 :: Rewards 608.707 :: steps: 1.00 :: Time: 0.051(0.05119/step) :: Entropy : 0.000 :: Grads : []
880 :: Rewards 615.919 :: steps: 1.00 :: Time: 0.052(0.05179/step) :: Entropy : 0.000 :: Grads : []
890 :: Rewards 623.121 :: steps: 1.00 :: Time: 0.054(0.05400/step) :: Entropy : 0.000 :: Grads : []
900 :: Rewards 630.322 :: steps: 1.00 :: Time: 0.055(0.05519/step) :: Entropy : 0.000 :: Grads : []
910 :: Rewards 637.517 :: steps: 1.00 :: Time: 0.057(0.05669/step) :: Entropy : 0.000 :: Grads : []
920 :: Rewards 644.723 :: steps: 1.00 :: Time: 0.057(0.05667/step) :: Entropy : 0.000 :: Grads : []
930 :: Rewards 651.974 :: steps: 1.00 :: Time: 0.058(0.05847/step) :: Entropy : 0.000 :: Grads : []
940 :: Rewards 659.158 :: steps: 1.00 :: Time: 0.059(0.05930/step) :: Entropy : 0.000 :: Grads : []
950 :: Rewards 666.355 :: steps: 1.00 :: Time: 0.060(0.06047/step) :: Entropy : 0.000 :: Grads : []
960 :: Rewards 673.524 :: steps: 1.00 :: Time: 0.061(0.06074/step) :: Entropy : 0.000 :: Grads : []
970 :: Rewards 680.736 :: steps: 1.00 :: Time: 0.063(0.06287/step) :: Entropy : 0.000 :: Grads : []
980 :: Rewards 687.944 :: steps: 1.00 :: Time: 0.064(0.06352/step) :: Entropy : 0.000 :: Grads : []
990 :: Rewards 695.161 :: steps: 1.00 :: Time: 0.065(0.06491/step) :: Entropy : 0.000 :: Grads : []
999 :: Rewards 701.648 :: steps: 0.90 :: Time: 0.059(0.06542/step) :: Entropy : 0.000 :: Grads : []
Total time taken: 29.569441080093384
