Module path:  Environments.NS_Reco NS_Reco
Dynamically loaded from:  <class 'Environments.NS_Reco.NS_Reco'>
Reward Amplitudes: [4.17022005e-01 7.20324493e-01 1.14374817e-04 3.02332573e-01
 1.46755891e-01] :: Avg 0.317309867282206 
Module path:  Src.Algorithms.OFPG OFPG
Dynamically loaded from:  <class 'Src.Algorithms.OFPG.OFPG'>
=====Configurations=====
 Namespace(NN_basis_dim='32', Policy_basis_dim='32', actor_lr=0.002251439950474301, algo_name='OFPG', base=0, batch_size=1000, buffer_size=1000, debug=False, delta=1, entropy_lambda=0.11057727559233214, env_name='NS_Reco', experiment='NS_3r_', extrapolator_basis='Fourier', folder_suffix='Default', fourier_coupled=True, fourier_k=7, fourier_order=3, gamma=0.99, gauss_std=1.5, gpu=0, hyper='default', importance_clip=10.0, inc=1, log_output='term_file', max_episodes=1000, max_inner=30, max_steps=500, optim='rmsprop', oracle=-1, raw_basis=True, restore=False, save_count=100, save_model=True, seed=22, speed=3, state_lr=0.001, summary=True, swarm=False, timestamp='5|25|9:40:59')
Actions space: 5 :: State space: 1
State Low: tensor([0.]) :: State High: tensor([1.])
State features:  [('dummy_param', torch.Size([1]))]
Policy:  [('fc1.weight', torch.Size([5, 1])), ('fc1.bias', torch.Size([5]))]
0 :: Rewards -0.016 :: steps: 0.10 :: Time: 0.001(0.01359/step) :: Entropy : 0.000 :: Grads : []
10 :: Rewards -0.354 :: steps: 1.00 :: Time: 0.012(0.01207/step) :: Entropy : 0.000 :: Grads : []
20 :: Rewards -0.817 :: steps: 1.00 :: Time: 0.012(0.01225/step) :: Entropy : 0.000 :: Grads : []
30 :: Rewards -1.628 :: steps: 1.00 :: Time: 0.012(0.01242/step) :: Entropy : 0.000 :: Grads : []
40 :: Rewards -2.890 :: steps: 1.00 :: Time: 0.012(0.01195/step) :: Entropy : 0.000 :: Grads : []
50 :: Rewards -3.553 :: steps: 1.00 :: Time: 0.012(0.01216/step) :: Entropy : 0.000 :: Grads : []
60 :: Rewards -5.458 :: steps: 1.00 :: Time: 0.012(0.01230/step) :: Entropy : 0.000 :: Grads : []
70 :: Rewards -6.753 :: steps: 1.00 :: Time: 0.013(0.01261/step) :: Entropy : 0.000 :: Grads : []
80 :: Rewards -8.357 :: steps: 1.00 :: Time: 0.013(0.01255/step) :: Entropy : 0.000 :: Grads : []
90 :: Rewards -10.210 :: steps: 1.00 :: Time: 0.013(0.01269/step) :: Entropy : 0.000 :: Grads : []
100 :: Rewards -12.266 :: steps: 1.00 :: Time: 0.013(0.01280/step) :: Entropy : 0.000 :: Grads : []
110 :: Rewards -13.354 :: steps: 1.00 :: Time: 0.013(0.01292/step) :: Entropy : 0.000 :: Grads : []
120 :: Rewards -14.621 :: steps: 1.00 :: Time: 0.013(0.01301/step) :: Entropy : 0.000 :: Grads : []
130 :: Rewards -15.650 :: steps: 1.00 :: Time: 0.013(0.01309/step) :: Entropy : 0.000 :: Grads : []
140 :: Rewards -16.269 :: steps: 1.00 :: Time: 0.013(0.01329/step) :: Entropy : 0.000 :: Grads : []
150 :: Rewards -16.927 :: steps: 1.00 :: Time: 0.013(0.01338/step) :: Entropy : 0.000 :: Grads : []
160 :: Rewards -17.238 :: steps: 1.00 :: Time: 0.014(0.01355/step) :: Entropy : 0.000 :: Grads : []
170 :: Rewards -17.556 :: steps: 1.00 :: Time: 0.014(0.01360/step) :: Entropy : 0.000 :: Grads : []
180 :: Rewards -18.110 :: steps: 1.00 :: Time: 0.014(0.01370/step) :: Entropy : 0.000 :: Grads : []
190 :: Rewards -18.344 :: steps: 1.00 :: Time: 0.014(0.01381/step) :: Entropy : 0.000 :: Grads : []
200 :: Rewards -18.831 :: steps: 1.00 :: Time: 0.014(0.01397/step) :: Entropy : 0.000 :: Grads : []
210 :: Rewards -19.012 :: steps: 1.00 :: Time: 0.014(0.01407/step) :: Entropy : 0.000 :: Grads : []
220 :: Rewards -19.153 :: steps: 1.00 :: Time: 0.014(0.01407/step) :: Entropy : 0.000 :: Grads : []
230 :: Rewards -19.218 :: steps: 1.00 :: Time: 0.014(0.01415/step) :: Entropy : 0.000 :: Grads : []
240 :: Rewards -19.236 :: steps: 1.00 :: Time: 0.014(0.01430/step) :: Entropy : 0.000 :: Grads : []
250 :: Rewards -19.473 :: steps: 1.00 :: Time: 0.015(0.01453/step) :: Entropy : 0.000 :: Grads : []
260 :: Rewards -20.156 :: steps: 1.00 :: Time: 0.015(0.01478/step) :: Entropy : 0.000 :: Grads : []
270 :: Rewards -21.700 :: steps: 1.00 :: Time: 0.015(0.01496/step) :: Entropy : 0.000 :: Grads : []
280 :: Rewards -23.372 :: steps: 1.00 :: Time: 0.015(0.01499/step) :: Entropy : 0.000 :: Grads : []
290 :: Rewards -25.630 :: steps: 1.00 :: Time: 0.015(0.01520/step) :: Entropy : 0.000 :: Grads : []
300 :: Rewards -27.717 :: steps: 1.00 :: Time: 0.015(0.01529/step) :: Entropy : 0.000 :: Grads : []
310 :: Rewards -31.075 :: steps: 1.00 :: Time: 0.015(0.01540/step) :: Entropy : 0.000 :: Grads : []
320 :: Rewards -33.722 :: steps: 1.00 :: Time: 0.016(0.01582/step) :: Entropy : 0.000 :: Grads : []
330 :: Rewards -35.774 :: steps: 1.00 :: Time: 0.016(0.01612/step) :: Entropy : 0.000 :: Grads : []
340 :: Rewards -39.075 :: steps: 1.00 :: Time: 0.016(0.01620/step) :: Entropy : 0.000 :: Grads : []
350 :: Rewards -43.251 :: steps: 1.00 :: Time: 0.016(0.01636/step) :: Entropy : 0.000 :: Grads : []
360 :: Rewards -46.712 :: steps: 1.00 :: Time: 0.017(0.01662/step) :: Entropy : 0.000 :: Grads : []
370 :: Rewards -50.015 :: steps: 1.00 :: Time: 0.017(0.01687/step) :: Entropy : 0.000 :: Grads : []
380 :: Rewards -54.753 :: steps: 1.00 :: Time: 0.017(0.01706/step) :: Entropy : 0.000 :: Grads : []
390 :: Rewards -59.969 :: steps: 1.00 :: Time: 0.017(0.01722/step) :: Entropy : 0.000 :: Grads : []
400 :: Rewards -62.849 :: steps: 1.00 :: Time: 0.017(0.01731/step) :: Entropy : 0.000 :: Grads : []
410 :: Rewards -65.346 :: steps: 1.00 :: Time: 0.018(0.01755/step) :: Entropy : 0.000 :: Grads : []
420 :: Rewards -67.613 :: steps: 1.00 :: Time: 0.018(0.01794/step) :: Entropy : 0.000 :: Grads : []
430 :: Rewards -70.600 :: steps: 1.00 :: Time: 0.018(0.01811/step) :: Entropy : 0.000 :: Grads : []
440 :: Rewards -74.710 :: steps: 1.00 :: Time: 0.018(0.01828/step) :: Entropy : 0.000 :: Grads : []
450 :: Rewards -78.971 :: steps: 1.00 :: Time: 0.018(0.01824/step) :: Entropy : 0.000 :: Grads : []
460 :: Rewards -83.525 :: steps: 1.00 :: Time: 0.018(0.01848/step) :: Entropy : 0.000 :: Grads : []
470 :: Rewards -87.552 :: steps: 1.00 :: Time: 0.019(0.01854/step) :: Entropy : 0.000 :: Grads : []
480 :: Rewards -90.786 :: steps: 1.00 :: Time: 0.019(0.01863/step) :: Entropy : 0.000 :: Grads : []
490 :: Rewards -93.524 :: steps: 1.00 :: Time: 0.019(0.01868/step) :: Entropy : 0.000 :: Grads : []
500 :: Rewards -95.929 :: steps: 1.00 :: Time: 0.019(0.01868/step) :: Entropy : 0.000 :: Grads : []
510 :: Rewards -99.646 :: steps: 1.00 :: Time: 0.019(0.01895/step) :: Entropy : 0.000 :: Grads : []
520 :: Rewards -102.103 :: steps: 1.00 :: Time: 0.019(0.01919/step) :: Entropy : 0.000 :: Grads : []
530 :: Rewards -104.893 :: steps: 1.00 :: Time: 0.019(0.01928/step) :: Entropy : 0.000 :: Grads : []
540 :: Rewards -106.338 :: steps: 1.00 :: Time: 0.019(0.01943/step) :: Entropy : 0.000 :: Grads : []
550 :: Rewards -108.839 :: steps: 1.00 :: Time: 0.019(0.01943/step) :: Entropy : 0.000 :: Grads : []
560 :: Rewards -110.137 :: steps: 1.00 :: Time: 0.019(0.01949/step) :: Entropy : 0.000 :: Grads : []
570 :: Rewards -112.388 :: steps: 1.00 :: Time: 0.020(0.01973/step) :: Entropy : 0.000 :: Grads : []
580 :: Rewards -115.449 :: steps: 1.00 :: Time: 0.020(0.01977/step) :: Entropy : 0.000 :: Grads : []
590 :: Rewards -117.241 :: steps: 1.00 :: Time: 0.020(0.01990/step) :: Entropy : 0.000 :: Grads : []
600 :: Rewards -119.615 :: steps: 1.00 :: Time: 0.020(0.02004/step) :: Entropy : 0.000 :: Grads : []
610 :: Rewards -123.568 :: steps: 1.00 :: Time: 0.020(0.02013/step) :: Entropy : 0.000 :: Grads : []
620 :: Rewards -127.283 :: steps: 1.00 :: Time: 0.020(0.02005/step) :: Entropy : 0.000 :: Grads : []
630 :: Rewards -130.503 :: steps: 1.00 :: Time: 0.020(0.02029/step) :: Entropy : 0.000 :: Grads : []
640 :: Rewards -136.047 :: steps: 1.00 :: Time: 0.020(0.02047/step) :: Entropy : 0.000 :: Grads : []
650 :: Rewards -141.560 :: steps: 1.00 :: Time: 0.021(0.02065/step) :: Entropy : 0.000 :: Grads : []
660 :: Rewards -146.219 :: steps: 1.00 :: Time: 0.021(0.02086/step) :: Entropy : 0.000 :: Grads : []
670 :: Rewards -153.826 :: steps: 1.00 :: Time: 0.021(0.02073/step) :: Entropy : 0.000 :: Grads : []
680 :: Rewards -157.004 :: steps: 1.00 :: Time: 0.022(0.02197/step) :: Entropy : 0.000 :: Grads : []
690 :: Rewards -162.163 :: steps: 1.00 :: Time: 0.021(0.02110/step) :: Entropy : 0.000 :: Grads : []
700 :: Rewards -167.120 :: steps: 1.00 :: Time: 0.021(0.02111/step) :: Entropy : 0.000 :: Grads : []
710 :: Rewards -172.219 :: steps: 1.00 :: Time: 0.021(0.02106/step) :: Entropy : 0.000 :: Grads : []
720 :: Rewards -178.749 :: steps: 1.00 :: Time: 0.021(0.02112/step) :: Entropy : 0.000 :: Grads : []
730 :: Rewards -182.720 :: steps: 1.00 :: Time: 0.021(0.02109/step) :: Entropy : 0.000 :: Grads : []
740 :: Rewards -188.310 :: steps: 1.00 :: Time: 0.021(0.02130/step) :: Entropy : 0.000 :: Grads : []
750 :: Rewards -191.641 :: steps: 1.00 :: Time: 0.021(0.02143/step) :: Entropy : 0.000 :: Grads : []
760 :: Rewards -196.905 :: steps: 1.00 :: Time: 0.025(0.02494/step) :: Entropy : 0.000 :: Grads : []
770 :: Rewards -200.419 :: steps: 1.00 :: Time: 0.022(0.02151/step) :: Entropy : 0.000 :: Grads : []
780 :: Rewards -202.501 :: steps: 1.00 :: Time: 0.022(0.02187/step) :: Entropy : 0.000 :: Grads : []
790 :: Rewards -207.003 :: steps: 1.00 :: Time: 0.022(0.02190/step) :: Entropy : 0.000 :: Grads : []
800 :: Rewards -208.745 :: steps: 1.00 :: Time: 0.022(0.02218/step) :: Entropy : 0.000 :: Grads : []
810 :: Rewards -210.673 :: steps: 1.00 :: Time: 0.022(0.02226/step) :: Entropy : 0.000 :: Grads : []
820 :: Rewards -212.672 :: steps: 1.00 :: Time: 0.022(0.02237/step) :: Entropy : 0.000 :: Grads : []
830 :: Rewards -214.257 :: steps: 1.00 :: Time: 0.022(0.02230/step) :: Entropy : 0.000 :: Grads : []
840 :: Rewards -215.251 :: steps: 1.00 :: Time: 0.023(0.02259/step) :: Entropy : 0.000 :: Grads : []
850 :: Rewards -216.249 :: steps: 1.00 :: Time: 0.023(0.02265/step) :: Entropy : 0.000 :: Grads : []
860 :: Rewards -217.102 :: steps: 1.00 :: Time: 0.023(0.02263/step) :: Entropy : 0.000 :: Grads : []
870 :: Rewards -218.840 :: steps: 1.00 :: Time: 0.023(0.02274/step) :: Entropy : 0.000 :: Grads : []
880 :: Rewards -220.734 :: steps: 1.00 :: Time: 0.023(0.02298/step) :: Entropy : 0.000 :: Grads : []
890 :: Rewards -223.658 :: steps: 1.00 :: Time: 0.023(0.02312/step) :: Entropy : 0.000 :: Grads : []
900 :: Rewards -227.030 :: steps: 1.00 :: Time: 0.023(0.02301/step) :: Entropy : 0.000 :: Grads : []
910 :: Rewards -230.349 :: steps: 1.00 :: Time: 0.023(0.02311/step) :: Entropy : 0.000 :: Grads : []
920 :: Rewards -236.185 :: steps: 1.00 :: Time: 0.024(0.02351/step) :: Entropy : 0.000 :: Grads : []
930 :: Rewards -239.872 :: steps: 1.00 :: Time: 0.024(0.02352/step) :: Entropy : 0.000 :: Grads : []
940 :: Rewards -243.988 :: steps: 1.00 :: Time: 0.023(0.02349/step) :: Entropy : 0.000 :: Grads : []
950 :: Rewards -248.565 :: steps: 1.00 :: Time: 0.024(0.02362/step) :: Entropy : 0.000 :: Grads : []
960 :: Rewards -255.153 :: steps: 1.00 :: Time: 0.024(0.02380/step) :: Entropy : 0.000 :: Grads : []
970 :: Rewards -260.187 :: steps: 1.00 :: Time: 0.024(0.02352/step) :: Entropy : 0.000 :: Grads : []
980 :: Rewards -264.680 :: steps: 1.00 :: Time: 0.024(0.02401/step) :: Entropy : 0.000 :: Grads : []
990 :: Rewards -268.449 :: steps: 1.00 :: Time: 0.024(0.02408/step) :: Entropy : 0.000 :: Grads : []
999 :: Rewards -271.696 :: steps: 0.90 :: Time: 0.022(0.02430/step) :: Entropy : 0.000 :: Grads : []
Total time taken: 18.43403697013855
