Module path:  Environments.NS_Reco NS_Reco
Dynamically loaded from:  <class 'Environments.NS_Reco.NS_Reco'>
Reward Amplitudes: [4.17022005e-01 7.20324493e-01 1.14374817e-04 3.02332573e-01
 1.46755891e-01] :: Avg 0.317309867282206 
Module path:  Src.Algorithms.OFPG OFPG
Dynamically loaded from:  <class 'Src.Algorithms.OFPG.OFPG'>
=====Configurations=====
 Namespace(NN_basis_dim='32', Policy_basis_dim='32', actor_lr=0.005252014538415403, algo_name='OFPG', base=0, batch_size=1000, buffer_size=1000, debug=False, delta=1, entropy_lambda=0.08551739420792737, env_name='NS_Reco', experiment='NS_4r_', extrapolator_basis='Fourier', folder_suffix='Default', fourier_coupled=True, fourier_k=7, fourier_order=3, gamma=0.99, gauss_std=1.5, gpu=0, hyper='default', importance_clip=10.0, inc=1, log_output='term_file', max_episodes=1000, max_inner=20, max_steps=500, optim='rmsprop', oracle=-1, raw_basis=True, restore=False, save_count=100, save_model=True, seed=24, speed=4, state_lr=0.001, summary=True, swarm=False, timestamp='5|25|10:9:51')
Actions space: 5 :: State space: 1
State Low: tensor([0.]) :: State High: tensor([1.])
State features:  [('dummy_param', torch.Size([1]))]
Policy:  [('fc1.weight', torch.Size([5, 1])), ('fc1.bias', torch.Size([5]))]
0 :: Rewards -0.004 :: steps: 0.10 :: Time: 0.001(0.00963/step) :: Entropy : 0.000 :: Grads : []
10 :: Rewards -0.260 :: steps: 1.00 :: Time: 0.008(0.00774/step) :: Entropy : 0.000 :: Grads : []
20 :: Rewards -1.305 :: steps: 1.00 :: Time: 0.008(0.00821/step) :: Entropy : 0.000 :: Grads : []
30 :: Rewards -1.820 :: steps: 1.00 :: Time: 0.008(0.00828/step) :: Entropy : 0.000 :: Grads : []
40 :: Rewards -2.490 :: steps: 1.00 :: Time: 0.008(0.00794/step) :: Entropy : 0.000 :: Grads : []
50 :: Rewards -2.490 :: steps: 1.00 :: Time: 0.008(0.00790/step) :: Entropy : 0.000 :: Grads : []
60 :: Rewards -3.196 :: steps: 1.00 :: Time: 0.008(0.00819/step) :: Entropy : 0.000 :: Grads : []
70 :: Rewards -3.559 :: steps: 1.00 :: Time: 0.009(0.00851/step) :: Entropy : 0.000 :: Grads : []
80 :: Rewards -4.384 :: steps: 1.00 :: Time: 0.008(0.00816/step) :: Entropy : 0.000 :: Grads : []
90 :: Rewards -5.807 :: steps: 1.00 :: Time: 0.008(0.00829/step) :: Entropy : 0.000 :: Grads : []
100 :: Rewards -6.700 :: steps: 1.00 :: Time: 0.009(0.00852/step) :: Entropy : 0.000 :: Grads : []
110 :: Rewards -7.144 :: steps: 1.00 :: Time: 0.009(0.00859/step) :: Entropy : 0.000 :: Grads : []
120 :: Rewards -7.568 :: steps: 1.00 :: Time: 0.009(0.00862/step) :: Entropy : 0.000 :: Grads : []
130 :: Rewards -7.568 :: steps: 1.00 :: Time: 0.009(0.00890/step) :: Entropy : 0.000 :: Grads : []
140 :: Rewards -7.568 :: steps: 1.00 :: Time: 0.009(0.00887/step) :: Entropy : 0.000 :: Grads : []
150 :: Rewards -7.908 :: steps: 1.00 :: Time: 0.009(0.00927/step) :: Entropy : 0.000 :: Grads : []
160 :: Rewards -8.483 :: steps: 1.00 :: Time: 0.009(0.00898/step) :: Entropy : 0.000 :: Grads : []
170 :: Rewards -8.865 :: steps: 1.00 :: Time: 0.009(0.00910/step) :: Entropy : 0.000 :: Grads : []
180 :: Rewards -8.874 :: steps: 1.00 :: Time: 0.009(0.00935/step) :: Entropy : 0.000 :: Grads : []
190 :: Rewards -9.367 :: steps: 1.00 :: Time: 0.009(0.00929/step) :: Entropy : 0.000 :: Grads : []
200 :: Rewards -10.428 :: steps: 1.00 :: Time: 0.009(0.00949/step) :: Entropy : 0.000 :: Grads : []
210 :: Rewards -12.175 :: steps: 1.00 :: Time: 0.009(0.00933/step) :: Entropy : 0.000 :: Grads : []
220 :: Rewards -14.642 :: steps: 1.00 :: Time: 0.009(0.00944/step) :: Entropy : 0.000 :: Grads : []
230 :: Rewards -17.868 :: steps: 1.00 :: Time: 0.009(0.00942/step) :: Entropy : 0.000 :: Grads : []
240 :: Rewards -21.054 :: steps: 1.00 :: Time: 0.010(0.00971/step) :: Entropy : 0.000 :: Grads : []
250 :: Rewards -25.050 :: steps: 1.00 :: Time: 0.010(0.00962/step) :: Entropy : 0.000 :: Grads : []
260 :: Rewards -28.991 :: steps: 1.00 :: Time: 0.010(0.00972/step) :: Entropy : 0.000 :: Grads : []
270 :: Rewards -32.999 :: steps: 1.00 :: Time: 0.010(0.00998/step) :: Entropy : 0.000 :: Grads : []
280 :: Rewards -38.091 :: steps: 1.00 :: Time: 0.010(0.00985/step) :: Entropy : 0.000 :: Grads : []
290 :: Rewards -43.585 :: steps: 1.00 :: Time: 0.010(0.00994/step) :: Entropy : 0.000 :: Grads : []
300 :: Rewards -47.660 :: steps: 1.00 :: Time: 0.010(0.01008/step) :: Entropy : 0.000 :: Grads : []
310 :: Rewards -50.382 :: steps: 1.00 :: Time: 0.011(0.01053/step) :: Entropy : 0.000 :: Grads : []
320 :: Rewards -53.527 :: steps: 1.00 :: Time: 0.011(0.01132/step) :: Entropy : 0.000 :: Grads : []
330 :: Rewards -57.299 :: steps: 1.00 :: Time: 0.011(0.01123/step) :: Entropy : 0.000 :: Grads : []
340 :: Rewards -61.167 :: steps: 1.00 :: Time: 0.011(0.01110/step) :: Entropy : 0.000 :: Grads : []
350 :: Rewards -64.558 :: steps: 1.00 :: Time: 0.011(0.01084/step) :: Entropy : 0.000 :: Grads : []
360 :: Rewards -66.914 :: steps: 1.00 :: Time: 0.011(0.01083/step) :: Entropy : 0.000 :: Grads : []
370 :: Rewards -69.469 :: steps: 1.00 :: Time: 0.012(0.01153/step) :: Entropy : 0.000 :: Grads : []
380 :: Rewards -71.447 :: steps: 1.00 :: Time: 0.011(0.01118/step) :: Entropy : 0.000 :: Grads : []
390 :: Rewards -73.105 :: steps: 1.00 :: Time: 0.011(0.01144/step) :: Entropy : 0.000 :: Grads : []
400 :: Rewards -76.184 :: steps: 1.00 :: Time: 0.011(0.01147/step) :: Entropy : 0.000 :: Grads : []
410 :: Rewards -79.309 :: steps: 1.00 :: Time: 0.011(0.01147/step) :: Entropy : 0.000 :: Grads : []
420 :: Rewards -80.629 :: steps: 1.00 :: Time: 0.012(0.01187/step) :: Entropy : 0.000 :: Grads : []
430 :: Rewards -82.785 :: steps: 1.00 :: Time: 0.012(0.01174/step) :: Entropy : 0.000 :: Grads : []
440 :: Rewards -84.693 :: steps: 1.00 :: Time: 0.012(0.01188/step) :: Entropy : 0.000 :: Grads : []
450 :: Rewards -86.733 :: steps: 1.00 :: Time: 0.012(0.01184/step) :: Entropy : 0.000 :: Grads : []
460 :: Rewards -89.325 :: steps: 1.00 :: Time: 0.012(0.01190/step) :: Entropy : 0.000 :: Grads : []
470 :: Rewards -93.289 :: steps: 1.00 :: Time: 0.012(0.01210/step) :: Entropy : 0.000 :: Grads : []
480 :: Rewards -96.713 :: steps: 1.00 :: Time: 0.012(0.01202/step) :: Entropy : 0.000 :: Grads : []
490 :: Rewards -99.153 :: steps: 1.00 :: Time: 0.012(0.01224/step) :: Entropy : 0.000 :: Grads : []
500 :: Rewards -103.152 :: steps: 1.00 :: Time: 0.012(0.01218/step) :: Entropy : 0.000 :: Grads : []
510 :: Rewards -108.585 :: steps: 1.00 :: Time: 0.012(0.01229/step) :: Entropy : 0.000 :: Grads : []
520 :: Rewards -112.343 :: steps: 1.00 :: Time: 0.024(0.02405/step) :: Entropy : 0.000 :: Grads : []
530 :: Rewards -115.532 :: steps: 1.00 :: Time: 0.013(0.01252/step) :: Entropy : 0.000 :: Grads : []
540 :: Rewards -118.067 :: steps: 1.00 :: Time: 0.013(0.01255/step) :: Entropy : 0.000 :: Grads : []
550 :: Rewards -121.150 :: steps: 1.00 :: Time: 0.013(0.01262/step) :: Entropy : 0.000 :: Grads : []
560 :: Rewards -122.735 :: steps: 1.00 :: Time: 0.013(0.01267/step) :: Entropy : 0.000 :: Grads : []
570 :: Rewards -126.747 :: steps: 1.00 :: Time: 0.013(0.01269/step) :: Entropy : 0.000 :: Grads : []
580 :: Rewards -130.565 :: steps: 1.00 :: Time: 0.013(0.01284/step) :: Entropy : 0.000 :: Grads : []
590 :: Rewards -133.124 :: steps: 1.00 :: Time: 0.013(0.01294/step) :: Entropy : 0.000 :: Grads : []
600 :: Rewards -134.569 :: steps: 1.00 :: Time: 0.013(0.01295/step) :: Entropy : 0.000 :: Grads : []
610 :: Rewards -134.569 :: steps: 1.00 :: Time: 0.013(0.01294/step) :: Entropy : 0.000 :: Grads : []
620 :: Rewards -135.342 :: steps: 1.00 :: Time: 0.013(0.01317/step) :: Entropy : 0.000 :: Grads : []
630 :: Rewards -136.109 :: steps: 1.00 :: Time: 0.013(0.01297/step) :: Entropy : 0.000 :: Grads : []
640 :: Rewards -136.776 :: steps: 1.00 :: Time: 0.013(0.01312/step) :: Entropy : 0.000 :: Grads : []
650 :: Rewards -138.430 :: steps: 1.00 :: Time: 0.013(0.01323/step) :: Entropy : 0.000 :: Grads : []
660 :: Rewards -141.130 :: steps: 1.00 :: Time: 0.013(0.01337/step) :: Entropy : 0.000 :: Grads : []
670 :: Rewards -144.710 :: steps: 1.00 :: Time: 0.013(0.01327/step) :: Entropy : 0.000 :: Grads : []
680 :: Rewards -150.074 :: steps: 1.00 :: Time: 0.013(0.01342/step) :: Entropy : 0.000 :: Grads : []
690 :: Rewards -156.150 :: steps: 1.00 :: Time: 0.013(0.01348/step) :: Entropy : 0.000 :: Grads : []
700 :: Rewards -162.191 :: steps: 1.00 :: Time: 0.013(0.01345/step) :: Entropy : 0.000 :: Grads : []
710 :: Rewards -169.617 :: steps: 1.00 :: Time: 0.014(0.01356/step) :: Entropy : 0.000 :: Grads : []
720 :: Rewards -175.689 :: steps: 1.00 :: Time: 0.013(0.01349/step) :: Entropy : 0.000 :: Grads : []
730 :: Rewards -182.426 :: steps: 1.00 :: Time: 0.014(0.01359/step) :: Entropy : 0.000 :: Grads : []
740 :: Rewards -188.492 :: steps: 1.00 :: Time: 0.014(0.01358/step) :: Entropy : 0.000 :: Grads : []
750 :: Rewards -195.596 :: steps: 1.00 :: Time: 0.014(0.01369/step) :: Entropy : 0.000 :: Grads : []
760 :: Rewards -203.011 :: steps: 1.00 :: Time: 0.014(0.01391/step) :: Entropy : 0.000 :: Grads : []
770 :: Rewards -209.337 :: steps: 1.00 :: Time: 0.014(0.01397/step) :: Entropy : 0.000 :: Grads : []
780 :: Rewards -213.007 :: steps: 1.00 :: Time: 0.014(0.01393/step) :: Entropy : 0.000 :: Grads : []
790 :: Rewards -218.783 :: steps: 1.00 :: Time: 0.014(0.01397/step) :: Entropy : 0.000 :: Grads : []
800 :: Rewards -222.810 :: steps: 1.00 :: Time: 0.014(0.01432/step) :: Entropy : 0.000 :: Grads : []
810 :: Rewards -227.638 :: steps: 1.00 :: Time: 0.016(0.01586/step) :: Entropy : 0.000 :: Grads : []
820 :: Rewards -230.435 :: steps: 1.00 :: Time: 0.016(0.01587/step) :: Entropy : 0.000 :: Grads : []
830 :: Rewards -234.453 :: steps: 1.00 :: Time: 0.017(0.01736/step) :: Entropy : 0.000 :: Grads : []
840 :: Rewards -236.702 :: steps: 1.00 :: Time: 0.027(0.02710/step) :: Entropy : 0.000 :: Grads : []
850 :: Rewards -237.702 :: steps: 1.00 :: Time: 0.018(0.01769/step) :: Entropy : 0.000 :: Grads : []
860 :: Rewards -238.912 :: steps: 1.00 :: Time: 0.016(0.01632/step) :: Entropy : 0.000 :: Grads : []
870 :: Rewards -240.487 :: steps: 1.00 :: Time: 0.015(0.01538/step) :: Entropy : 0.000 :: Grads : []
880 :: Rewards -241.765 :: steps: 1.00 :: Time: 0.019(0.01950/step) :: Entropy : 0.000 :: Grads : []
890 :: Rewards -243.144 :: steps: 1.00 :: Time: 0.015(0.01458/step) :: Entropy : 0.000 :: Grads : []
900 :: Rewards -244.546 :: steps: 1.00 :: Time: 0.015(0.01521/step) :: Entropy : 0.000 :: Grads : []
910 :: Rewards -246.792 :: steps: 1.00 :: Time: 0.015(0.01487/step) :: Entropy : 0.000 :: Grads : []
920 :: Rewards -249.962 :: steps: 1.00 :: Time: 0.016(0.01640/step) :: Entropy : 0.000 :: Grads : []
930 :: Rewards -253.383 :: steps: 1.00 :: Time: 0.015(0.01463/step) :: Entropy : 0.000 :: Grads : []
940 :: Rewards -257.549 :: steps: 1.00 :: Time: 0.016(0.01581/step) :: Entropy : 0.000 :: Grads : []
950 :: Rewards -260.169 :: steps: 1.00 :: Time: 0.015(0.01488/step) :: Entropy : 0.000 :: Grads : []
960 :: Rewards -264.750 :: steps: 1.00 :: Time: 0.015(0.01511/step) :: Entropy : 0.000 :: Grads : []
970 :: Rewards -269.912 :: steps: 1.00 :: Time: 0.015(0.01506/step) :: Entropy : 0.000 :: Grads : []
980 :: Rewards -277.638 :: steps: 1.00 :: Time: 0.015(0.01509/step) :: Entropy : 0.000 :: Grads : []
990 :: Rewards -282.410 :: steps: 1.00 :: Time: 0.016(0.01631/step) :: Entropy : 0.000 :: Grads : []
999 :: Rewards -285.878 :: steps: 0.90 :: Time: 0.015(0.01714/step) :: Entropy : 0.000 :: Grads : []
Total time taken: 12.457385063171387
