Module path:  Environments.NS_Reco NS_Reco
Dynamically loaded from:  <class 'Environments.NS_Reco.NS_Reco'>
Reward Amplitudes: [4.17022005e-01 7.20324493e-01 1.14374817e-04 3.02332573e-01
 1.46755891e-01] :: Avg 0.317309867282206 
Module path:  Src.Algorithms.ONPG ONPG
Dynamically loaded from:  <class 'Src.Algorithms.ONPG.ONPG'>
=====Configurations=====
 Namespace(NN_basis_dim='32', Policy_basis_dim='32', actor_lr=0.00870346493652871, algo_name='ONPG', base=0, batch_size=1000, buffer_size=1000, debug=False, delta=3, entropy_lambda=0.08983363054352403, env_name='NS_Reco', experiment='NS_1_', extrapolator_basis='Fourier', folder_suffix='Default', fourier_coupled=True, fourier_k=7, fourier_order=3, gamma=0.99, gauss_std=1.5, gpu=0, hyper='default', importance_clip=5.0, inc=1, log_output='term_file', max_episodes=1000, max_inner=150, max_steps=500, optim='rmsprop', oracle=-1, raw_basis=True, restore=False, save_count=100, save_model=True, seed=0, speed=1, state_lr=0.001, summary=True, swarm=False, timestamp='5|24|21:49:54')
Actions space: 5 :: State space: 1
State Low: tensor([0.]) :: State High: tensor([1.])
State features:  [('dummy_param', torch.Size([1]))]
Policy:  [('fc1.weight', torch.Size([5, 1])), ('fc1.bias', torch.Size([5]))]
0 :: Rewards -0.014 :: steps: 0.10 :: Time: 0.000(0.00062/step) :: Entropy : 0.000 :: Grads : []
10 :: Rewards 0.034 :: steps: 1.00 :: Time: 0.001(0.00077/step) :: Entropy : 0.000 :: Grads : []
20 :: Rewards 0.158 :: steps: 1.00 :: Time: 0.001(0.00057/step) :: Entropy : 0.000 :: Grads : []
30 :: Rewards 0.270 :: steps: 1.00 :: Time: 0.000(0.00045/step) :: Entropy : 0.000 :: Grads : []
40 :: Rewards 0.593 :: steps: 1.00 :: Time: 0.000(0.00045/step) :: Entropy : 0.000 :: Grads : []
50 :: Rewards 1.385 :: steps: 1.00 :: Time: 0.001(0.00059/step) :: Entropy : 0.000 :: Grads : []
60 :: Rewards 2.294 :: steps: 1.00 :: Time: 0.000(0.00048/step) :: Entropy : 0.000 :: Grads : []
70 :: Rewards 3.385 :: steps: 1.00 :: Time: 0.000(0.00047/step) :: Entropy : 0.000 :: Grads : []
80 :: Rewards 4.357 :: steps: 1.00 :: Time: 0.001(0.00056/step) :: Entropy : 0.000 :: Grads : []
90 :: Rewards 5.914 :: steps: 1.00 :: Time: 0.000(0.00045/step) :: Entropy : 0.000 :: Grads : []
100 :: Rewards 7.647 :: steps: 1.00 :: Time: 0.000(0.00045/step) :: Entropy : 0.000 :: Grads : []
110 :: Rewards 8.978 :: steps: 1.00 :: Time: 0.001(0.00057/step) :: Entropy : 0.000 :: Grads : []
120 :: Rewards 10.913 :: steps: 1.00 :: Time: 0.000(0.00047/step) :: Entropy : 0.000 :: Grads : []
130 :: Rewards 12.879 :: steps: 1.00 :: Time: 0.000(0.00045/step) :: Entropy : 0.000 :: Grads : []
140 :: Rewards 14.845 :: steps: 1.00 :: Time: 0.001(0.00056/step) :: Entropy : 0.000 :: Grads : []
150 :: Rewards 17.162 :: steps: 1.00 :: Time: 0.000(0.00046/step) :: Entropy : 0.000 :: Grads : []
160 :: Rewards 19.315 :: steps: 1.00 :: Time: 0.000(0.00045/step) :: Entropy : 0.000 :: Grads : []
170 :: Rewards 22.315 :: steps: 1.00 :: Time: 0.001(0.00056/step) :: Entropy : 0.000 :: Grads : []
180 :: Rewards 25.952 :: steps: 1.00 :: Time: 0.000(0.00045/step) :: Entropy : 0.000 :: Grads : []
190 :: Rewards 29.268 :: steps: 1.00 :: Time: 0.000(0.00046/step) :: Entropy : 0.000 :: Grads : []
200 :: Rewards 32.502 :: steps: 1.00 :: Time: 0.001(0.00056/step) :: Entropy : 0.000 :: Grads : []
210 :: Rewards 36.023 :: steps: 1.00 :: Time: 0.000(0.00045/step) :: Entropy : 0.000 :: Grads : []
220 :: Rewards 39.643 :: steps: 1.00 :: Time: 0.000(0.00045/step) :: Entropy : 0.000 :: Grads : []
230 :: Rewards 44.549 :: steps: 1.00 :: Time: 0.001(0.00056/step) :: Entropy : 0.000 :: Grads : []
240 :: Rewards 49.194 :: steps: 1.00 :: Time: 0.000(0.00045/step) :: Entropy : 0.000 :: Grads : []
250 :: Rewards 54.297 :: steps: 1.00 :: Time: 0.000(0.00045/step) :: Entropy : 0.000 :: Grads : []
260 :: Rewards 59.985 :: steps: 1.00 :: Time: 0.001(0.00057/step) :: Entropy : 0.000 :: Grads : []
270 :: Rewards 65.210 :: steps: 1.00 :: Time: 0.000(0.00045/step) :: Entropy : 0.000 :: Grads : []
280 :: Rewards 70.380 :: steps: 1.00 :: Time: 0.000(0.00045/step) :: Entropy : 0.000 :: Grads : []
290 :: Rewards 76.188 :: steps: 1.00 :: Time: 0.001(0.00056/step) :: Entropy : 0.000 :: Grads : []
300 :: Rewards 81.886 :: steps: 1.00 :: Time: 0.000(0.00045/step) :: Entropy : 0.000 :: Grads : []
310 :: Rewards 87.872 :: steps: 1.00 :: Time: 0.000(0.00045/step) :: Entropy : 0.000 :: Grads : []
320 :: Rewards 94.416 :: steps: 1.00 :: Time: 0.001(0.00056/step) :: Entropy : 0.000 :: Grads : []
330 :: Rewards 100.261 :: steps: 1.00 :: Time: 0.000(0.00047/step) :: Entropy : 0.000 :: Grads : []
340 :: Rewards 106.614 :: steps: 1.00 :: Time: 0.000(0.00045/step) :: Entropy : 0.000 :: Grads : []
350 :: Rewards 113.449 :: steps: 1.00 :: Time: 0.001(0.00056/step) :: Entropy : 0.000 :: Grads : []
360 :: Rewards 120.005 :: steps: 1.00 :: Time: 0.000(0.00045/step) :: Entropy : 0.000 :: Grads : []
370 :: Rewards 126.600 :: steps: 1.00 :: Time: 0.000(0.00045/step) :: Entropy : 0.000 :: Grads : []
380 :: Rewards 133.597 :: steps: 1.00 :: Time: 0.001(0.00056/step) :: Entropy : 0.000 :: Grads : []
390 :: Rewards 140.675 :: steps: 1.00 :: Time: 0.000(0.00045/step) :: Entropy : 0.000 :: Grads : []
400 :: Rewards 147.784 :: steps: 1.00 :: Time: 0.000(0.00046/step) :: Entropy : 0.000 :: Grads : []
410 :: Rewards 154.599 :: steps: 1.00 :: Time: 0.001(0.00057/step) :: Entropy : 0.000 :: Grads : []
420 :: Rewards 161.779 :: steps: 1.00 :: Time: 0.000(0.00045/step) :: Entropy : 0.000 :: Grads : []
430 :: Rewards 169.015 :: steps: 1.00 :: Time: 0.000(0.00045/step) :: Entropy : 0.000 :: Grads : []
440 :: Rewards 176.210 :: steps: 1.00 :: Time: 0.001(0.00056/step) :: Entropy : 0.000 :: Grads : []
450 :: Rewards 183.414 :: steps: 1.00 :: Time: 0.000(0.00045/step) :: Entropy : 0.000 :: Grads : []
460 :: Rewards 190.611 :: steps: 1.00 :: Time: 0.000(0.00045/step) :: Entropy : 0.000 :: Grads : []
470 :: Rewards 197.760 :: steps: 1.00 :: Time: 0.001(0.00057/step) :: Entropy : 0.000 :: Grads : []
480 :: Rewards 204.903 :: steps: 1.00 :: Time: 0.000(0.00045/step) :: Entropy : 0.000 :: Grads : []
490 :: Rewards 211.590 :: steps: 1.00 :: Time: 0.000(0.00045/step) :: Entropy : 0.000 :: Grads : []
500 :: Rewards 218.647 :: steps: 1.00 :: Time: 0.001(0.00056/step) :: Entropy : 0.000 :: Grads : []
510 :: Rewards 225.374 :: steps: 1.00 :: Time: 0.000(0.00045/step) :: Entropy : 0.000 :: Grads : []
520 :: Rewards 231.594 :: steps: 1.00 :: Time: 0.000(0.00045/step) :: Entropy : 0.000 :: Grads : []
530 :: Rewards 238.444 :: steps: 1.00 :: Time: 0.001(0.00056/step) :: Entropy : 0.000 :: Grads : []
540 :: Rewards 245.219 :: steps: 1.00 :: Time: 0.000(0.00046/step) :: Entropy : 0.000 :: Grads : []
550 :: Rewards 251.908 :: steps: 1.00 :: Time: 0.000(0.00046/step) :: Entropy : 0.000 :: Grads : []
560 :: Rewards 258.499 :: steps: 1.00 :: Time: 0.001(0.00056/step) :: Entropy : 0.000 :: Grads : []
570 :: Rewards 264.994 :: steps: 1.00 :: Time: 0.000(0.00045/step) :: Entropy : 0.000 :: Grads : []
580 :: Rewards 271.114 :: steps: 1.00 :: Time: 0.000(0.00045/step) :: Entropy : 0.000 :: Grads : []
590 :: Rewards 277.363 :: steps: 1.00 :: Time: 0.001(0.00056/step) :: Entropy : 0.000 :: Grads : []
600 :: Rewards 283.458 :: steps: 1.00 :: Time: 0.000(0.00045/step) :: Entropy : 0.000 :: Grads : []
610 :: Rewards 289.411 :: steps: 1.00 :: Time: 0.000(0.00046/step) :: Entropy : 0.000 :: Grads : []
620 :: Rewards 294.961 :: steps: 1.00 :: Time: 0.001(0.00057/step) :: Entropy : 0.000 :: Grads : []
630 :: Rewards 300.611 :: steps: 1.00 :: Time: 0.000(0.00046/step) :: Entropy : 0.000 :: Grads : []
640 :: Rewards 306.077 :: steps: 1.00 :: Time: 0.000(0.00045/step) :: Entropy : 0.000 :: Grads : []
650 :: Rewards 311.196 :: steps: 1.00 :: Time: 0.001(0.00056/step) :: Entropy : 0.000 :: Grads : []
660 :: Rewards 316.373 :: steps: 1.00 :: Time: 0.000(0.00045/step) :: Entropy : 0.000 :: Grads : []
670 :: Rewards 321.318 :: steps: 1.00 :: Time: 0.000(0.00045/step) :: Entropy : 0.000 :: Grads : []
680 :: Rewards 326.131 :: steps: 1.00 :: Time: 0.001(0.00057/step) :: Entropy : 0.000 :: Grads : []
690 :: Rewards 330.706 :: steps: 1.00 :: Time: 0.000(0.00045/step) :: Entropy : 0.000 :: Grads : []
700 :: Rewards 335.122 :: steps: 1.00 :: Time: 0.000(0.00045/step) :: Entropy : 0.000 :: Grads : []
710 :: Rewards 339.273 :: steps: 1.00 :: Time: 0.001(0.00056/step) :: Entropy : 0.000 :: Grads : []
720 :: Rewards 343.275 :: steps: 1.00 :: Time: 0.000(0.00045/step) :: Entropy : 0.000 :: Grads : []
730 :: Rewards 347.021 :: steps: 1.00 :: Time: 0.000(0.00045/step) :: Entropy : 0.000 :: Grads : []
740 :: Rewards 350.474 :: steps: 1.00 :: Time: 0.001(0.00056/step) :: Entropy : 0.000 :: Grads : []
750 :: Rewards 353.782 :: steps: 1.00 :: Time: 0.000(0.00046/step) :: Entropy : 0.000 :: Grads : []
760 :: Rewards 356.848 :: steps: 1.00 :: Time: 0.000(0.00046/step) :: Entropy : 0.000 :: Grads : []
770 :: Rewards 359.662 :: steps: 1.00 :: Time: 0.001(0.00056/step) :: Entropy : 0.000 :: Grads : []
780 :: Rewards 362.358 :: steps: 1.00 :: Time: 0.000(0.00045/step) :: Entropy : 0.000 :: Grads : []
790 :: Rewards 364.694 :: steps: 1.00 :: Time: 0.000(0.00046/step) :: Entropy : 0.000 :: Grads : []
800 :: Rewards 366.794 :: steps: 1.00 :: Time: 0.001(0.00056/step) :: Entropy : 0.000 :: Grads : []
810 :: Rewards 368.673 :: steps: 1.00 :: Time: 0.000(0.00045/step) :: Entropy : 0.000 :: Grads : []
820 :: Rewards 370.418 :: steps: 1.00 :: Time: 0.000(0.00046/step) :: Entropy : 0.000 :: Grads : []
830 :: Rewards 372.013 :: steps: 1.00 :: Time: 0.001(0.00057/step) :: Entropy : 0.000 :: Grads : []
840 :: Rewards 373.117 :: steps: 1.00 :: Time: 0.000(0.00045/step) :: Entropy : 0.000 :: Grads : []
850 :: Rewards 373.982 :: steps: 1.00 :: Time: 0.000(0.00045/step) :: Entropy : 0.000 :: Grads : []
860 :: Rewards 375.130 :: steps: 1.00 :: Time: 0.001(0.00056/step) :: Entropy : 0.000 :: Grads : []
870 :: Rewards 375.525 :: steps: 1.00 :: Time: 0.000(0.00045/step) :: Entropy : 0.000 :: Grads : []
880 :: Rewards 376.956 :: steps: 1.00 :: Time: 0.000(0.00045/step) :: Entropy : 0.000 :: Grads : []
890 :: Rewards 377.663 :: steps: 1.00 :: Time: 0.001(0.00057/step) :: Entropy : 0.000 :: Grads : []
900 :: Rewards 378.708 :: steps: 1.00 :: Time: 0.000(0.00046/step) :: Entropy : 0.000 :: Grads : []
910 :: Rewards 378.663 :: steps: 1.00 :: Time: 0.000(0.00045/step) :: Entropy : 0.000 :: Grads : []
920 :: Rewards 379.125 :: steps: 1.00 :: Time: 0.001(0.00056/step) :: Entropy : 0.000 :: Grads : []
930 :: Rewards 379.574 :: steps: 1.00 :: Time: 0.000(0.00045/step) :: Entropy : 0.000 :: Grads : []
940 :: Rewards 380.794 :: steps: 1.00 :: Time: 0.000(0.00045/step) :: Entropy : 0.000 :: Grads : []
950 :: Rewards 382.353 :: steps: 1.00 :: Time: 0.001(0.00056/step) :: Entropy : 0.000 :: Grads : []
960 :: Rewards 383.348 :: steps: 1.00 :: Time: 0.000(0.00046/step) :: Entropy : 0.000 :: Grads : []
970 :: Rewards 383.439 :: steps: 1.00 :: Time: 0.000(0.00045/step) :: Entropy : 0.000 :: Grads : []
980 :: Rewards 384.501 :: steps: 1.00 :: Time: 0.001(0.00056/step) :: Entropy : 0.000 :: Grads : []
990 :: Rewards 385.366 :: steps: 1.00 :: Time: 0.000(0.00045/step) :: Entropy : 0.000 :: Grads : []
999 :: Rewards 386.119 :: steps: 0.90 :: Time: 0.000(0.00049/step) :: Entropy : 0.000 :: Grads : []
Total time taken: 0.5319502353668213
