Module path:  Environments.NS_Reco NS_Reco
Dynamically loaded from:  <class 'Environments.NS_Reco.NS_Reco'>
Reward Amplitudes: [4.17022005e-01 7.20324493e-01 1.14374817e-04 3.02332573e-01
 1.46755891e-01] :: Avg 0.317309867282206 
Module path:  Src.Algorithms.ProWLS ProWLS
Dynamically loaded from:  <class 'Src.Algorithms.ProWLS.ProWLS'>
=====Configurations=====
 Namespace(NN_basis_dim='32', Policy_basis_dim='32', actor_lr=0.00450428892499054, algo_name='ProWLS', base=0, batch_size=1000, buffer_size=1000, debug=False, delta=3, entropy_lambda=0.07518854390699839, env_name='NS_Reco', experiment='NS_3r_', extrapolator_basis='Fourier', folder_suffix='Default', fourier_coupled=True, fourier_k=5, fourier_order=3, gamma=0.99, gauss_std=1.5, gpu=0, hyper='default', importance_clip=10.0, inc=1, log_output='term_file', max_episodes=1000, max_inner=90, max_steps=500, optim='rmsprop', oracle=-1, raw_basis=True, restore=False, save_count=100, save_model=True, seed=4, speed=3, state_lr=0.001, summary=True, swarm=False, timestamp='5|25|9:34:35')
Actions space: 5 :: State space: 1
State Low: tensor([0.]) :: State High: tensor([1.])
State features:  [('dummy_param', torch.Size([1]))]
Policy:  [('fc1.weight', torch.Size([5, 1])), ('fc1.bias', torch.Size([5]))]
0 :: Rewards 0.000 :: steps: 0.10 :: Time: 0.000(0.00066/step) :: Entropy : 0.000 :: Grads : []
10 :: Rewards -0.275 :: steps: 1.00 :: Time: 0.011(0.01096/step) :: Entropy : 0.000 :: Grads : []
20 :: Rewards -1.071 :: steps: 1.00 :: Time: 0.021(0.02136/step) :: Entropy : 0.000 :: Grads : []
30 :: Rewards -2.005 :: steps: 1.00 :: Time: 0.016(0.01632/step) :: Entropy : 0.000 :: Grads : []
40 :: Rewards -2.767 :: steps: 1.00 :: Time: 0.016(0.01583/step) :: Entropy : 0.000 :: Grads : []
50 :: Rewards -3.401 :: steps: 1.00 :: Time: 0.021(0.02134/step) :: Entropy : 0.000 :: Grads : []
60 :: Rewards -4.855 :: steps: 1.00 :: Time: 0.016(0.01647/step) :: Entropy : 0.000 :: Grads : []
70 :: Rewards -5.301 :: steps: 1.00 :: Time: 0.017(0.01686/step) :: Entropy : 0.000 :: Grads : []
80 :: Rewards -6.905 :: steps: 1.00 :: Time: 0.025(0.02469/step) :: Entropy : 0.000 :: Grads : []
90 :: Rewards -7.682 :: steps: 1.00 :: Time: 0.018(0.01754/step) :: Entropy : 0.000 :: Grads : []
100 :: Rewards -8.084 :: steps: 1.00 :: Time: 0.017(0.01749/step) :: Entropy : 0.000 :: Grads : []
110 :: Rewards -10.645 :: steps: 1.00 :: Time: 0.024(0.02368/step) :: Entropy : 0.000 :: Grads : []
120 :: Rewards -11.913 :: steps: 1.00 :: Time: 0.018(0.01807/step) :: Entropy : 0.000 :: Grads : []
130 :: Rewards -13.436 :: steps: 1.00 :: Time: 0.019(0.01857/step) :: Entropy : 0.000 :: Grads : []
140 :: Rewards -14.790 :: steps: 1.00 :: Time: 0.025(0.02548/step) :: Entropy : 0.000 :: Grads : []
150 :: Rewards -15.946 :: steps: 1.00 :: Time: 0.020(0.01958/step) :: Entropy : 0.000 :: Grads : []
160 :: Rewards -17.251 :: steps: 1.00 :: Time: 0.020(0.01985/step) :: Entropy : 0.000 :: Grads : []
170 :: Rewards -18.098 :: steps: 1.00 :: Time: 0.027(0.02714/step) :: Entropy : 0.000 :: Grads : []
180 :: Rewards -18.098 :: steps: 1.00 :: Time: 0.021(0.02076/step) :: Entropy : 0.000 :: Grads : []
190 :: Rewards -18.098 :: steps: 1.00 :: Time: 0.022(0.02214/step) :: Entropy : 0.000 :: Grads : []
200 :: Rewards -19.998 :: steps: 1.00 :: Time: 0.030(0.03019/step) :: Entropy : 0.000 :: Grads : []
210 :: Rewards -20.713 :: steps: 1.00 :: Time: 0.023(0.02347/step) :: Entropy : 0.000 :: Grads : []
220 :: Rewards -21.498 :: steps: 1.00 :: Time: 0.024(0.02403/step) :: Entropy : 0.000 :: Grads : []
230 :: Rewards -22.795 :: steps: 1.00 :: Time: 0.033(0.03283/step) :: Entropy : 0.000 :: Grads : []
240 :: Rewards -24.052 :: steps: 1.00 :: Time: 0.025(0.02532/step) :: Entropy : 0.000 :: Grads : []
250 :: Rewards -24.322 :: steps: 1.00 :: Time: 0.026(0.02606/step) :: Entropy : 0.000 :: Grads : []
260 :: Rewards -25.236 :: steps: 1.00 :: Time: 0.036(0.03574/step) :: Entropy : 0.000 :: Grads : []
270 :: Rewards -25.701 :: steps: 1.00 :: Time: 0.027(0.02710/step) :: Entropy : 0.000 :: Grads : []
280 :: Rewards -27.373 :: steps: 1.00 :: Time: 0.028(0.02828/step) :: Entropy : 0.000 :: Grads : []
290 :: Rewards -27.688 :: steps: 1.00 :: Time: 0.037(0.03742/step) :: Entropy : 0.000 :: Grads : []
300 :: Rewards -27.947 :: steps: 1.00 :: Time: 0.027(0.02747/step) :: Entropy : 0.000 :: Grads : []
310 :: Rewards -28.732 :: steps: 1.00 :: Time: 0.029(0.02892/step) :: Entropy : 0.000 :: Grads : []
320 :: Rewards -29.074 :: steps: 1.00 :: Time: 0.040(0.03968/step) :: Entropy : 0.000 :: Grads : []
330 :: Rewards -29.726 :: steps: 1.00 :: Time: 0.031(0.03073/step) :: Entropy : 0.000 :: Grads : []
340 :: Rewards -30.330 :: steps: 1.00 :: Time: 0.031(0.03111/step) :: Entropy : 0.000 :: Grads : []
350 :: Rewards -31.051 :: steps: 1.00 :: Time: 0.042(0.04224/step) :: Entropy : 0.000 :: Grads : []
360 :: Rewards -31.718 :: steps: 1.00 :: Time: 0.032(0.03245/step) :: Entropy : 0.000 :: Grads : []
370 :: Rewards -32.144 :: steps: 1.00 :: Time: 0.034(0.03398/step) :: Entropy : 0.000 :: Grads : []
380 :: Rewards -32.648 :: steps: 1.00 :: Time: 0.046(0.04634/step) :: Entropy : 0.000 :: Grads : []
390 :: Rewards -33.027 :: steps: 1.00 :: Time: 0.035(0.03460/step) :: Entropy : 0.000 :: Grads : []
400 :: Rewards -33.228 :: steps: 1.00 :: Time: 0.036(0.03570/step) :: Entropy : 0.000 :: Grads : []
410 :: Rewards -33.837 :: steps: 1.00 :: Time: 0.049(0.04893/step) :: Entropy : 0.000 :: Grads : []
420 :: Rewards -34.277 :: steps: 1.00 :: Time: 0.039(0.03913/step) :: Entropy : 0.000 :: Grads : []
430 :: Rewards -34.610 :: steps: 1.00 :: Time: 0.039(0.03922/step) :: Entropy : 0.000 :: Grads : []
440 :: Rewards -36.407 :: steps: 1.00 :: Time: 0.053(0.05320/step) :: Entropy : 0.000 :: Grads : []
450 :: Rewards -37.251 :: steps: 1.00 :: Time: 0.041(0.04116/step) :: Entropy : 0.000 :: Grads : []
460 :: Rewards -37.958 :: steps: 1.00 :: Time: 0.042(0.04166/step) :: Entropy : 0.000 :: Grads : []
470 :: Rewards -38.966 :: steps: 1.00 :: Time: 0.057(0.05692/step) :: Entropy : 0.000 :: Grads : []
480 :: Rewards -38.996 :: steps: 1.00 :: Time: 0.044(0.04359/step) :: Entropy : 0.000 :: Grads : []
490 :: Rewards -39.015 :: steps: 1.00 :: Time: 0.045(0.04527/step) :: Entropy : 0.000 :: Grads : []
500 :: Rewards -39.283 :: steps: 1.00 :: Time: 0.061(0.06071/step) :: Entropy : 0.000 :: Grads : []
510 :: Rewards -39.320 :: steps: 1.00 :: Time: 0.046(0.04620/step) :: Entropy : 0.000 :: Grads : []
520 :: Rewards -39.367 :: steps: 1.00 :: Time: 0.047(0.04737/step) :: Entropy : 0.000 :: Grads : []
530 :: Rewards -39.456 :: steps: 1.00 :: Time: 0.064(0.06407/step) :: Entropy : 0.000 :: Grads : []
540 :: Rewards -40.152 :: steps: 1.00 :: Time: 0.049(0.04875/step) :: Entropy : 0.000 :: Grads : []
550 :: Rewards -40.988 :: steps: 1.00 :: Time: 0.050(0.05042/step) :: Entropy : 0.000 :: Grads : []
560 :: Rewards -41.775 :: steps: 1.00 :: Time: 0.068(0.06845/step) :: Entropy : 0.000 :: Grads : []
570 :: Rewards -42.591 :: steps: 1.00 :: Time: 0.052(0.05198/step) :: Entropy : 0.000 :: Grads : []
580 :: Rewards -43.075 :: steps: 1.00 :: Time: 0.053(0.05315/step) :: Entropy : 0.000 :: Grads : []
590 :: Rewards -43.249 :: steps: 1.00 :: Time: 0.074(0.07396/step) :: Entropy : 0.000 :: Grads : []
600 :: Rewards -44.153 :: steps: 1.00 :: Time: 0.055(0.05541/step) :: Entropy : 0.000 :: Grads : []
610 :: Rewards -44.364 :: steps: 1.00 :: Time: 0.057(0.05746/step) :: Entropy : 0.000 :: Grads : []
620 :: Rewards -44.606 :: steps: 1.00 :: Time: 0.077(0.07718/step) :: Entropy : 0.000 :: Grads : []
630 :: Rewards -45.508 :: steps: 1.00 :: Time: 0.059(0.05933/step) :: Entropy : 0.000 :: Grads : []
640 :: Rewards -45.508 :: steps: 1.00 :: Time: 0.060(0.06038/step) :: Entropy : 0.000 :: Grads : []
650 :: Rewards -46.285 :: steps: 1.00 :: Time: 0.082(0.08214/step) :: Entropy : 0.000 :: Grads : []
660 :: Rewards -46.285 :: steps: 1.00 :: Time: 0.062(0.06244/step) :: Entropy : 0.000 :: Grads : []
670 :: Rewards -47.070 :: steps: 1.00 :: Time: 0.064(0.06430/step) :: Entropy : 0.000 :: Grads : []
680 :: Rewards -47.070 :: steps: 1.00 :: Time: 0.087(0.08732/step) :: Entropy : 0.000 :: Grads : []
690 :: Rewards -47.070 :: steps: 1.00 :: Time: 0.066(0.06600/step) :: Entropy : 0.000 :: Grads : []
700 :: Rewards -47.070 :: steps: 1.00 :: Time: 0.065(0.06533/step) :: Entropy : 0.000 :: Grads : []
710 :: Rewards -47.915 :: steps: 1.00 :: Time: 0.088(0.08818/step) :: Entropy : 0.000 :: Grads : []
720 :: Rewards -47.915 :: steps: 1.00 :: Time: 0.068(0.06798/step) :: Entropy : 0.000 :: Grads : []
730 :: Rewards -48.615 :: steps: 1.00 :: Time: 0.070(0.07010/step) :: Entropy : 0.000 :: Grads : []
740 :: Rewards -49.337 :: steps: 1.00 :: Time: 0.094(0.09447/step) :: Entropy : 0.000 :: Grads : []
750 :: Rewards -50.898 :: steps: 1.00 :: Time: 0.073(0.07277/step) :: Entropy : 0.000 :: Grads : []
760 :: Rewards -51.632 :: steps: 1.00 :: Time: 0.076(0.07558/step) :: Entropy : 0.000 :: Grads : []
770 :: Rewards -53.611 :: steps: 1.00 :: Time: 0.105(0.10494/step) :: Entropy : 0.000 :: Grads : []
780 :: Rewards -55.575 :: steps: 1.00 :: Time: 0.082(0.08190/step) :: Entropy : 0.000 :: Grads : []
790 :: Rewards -56.344 :: steps: 1.00 :: Time: 0.083(0.08317/step) :: Entropy : 0.000 :: Grads : []
800 :: Rewards -57.041 :: steps: 1.00 :: Time: 0.111(0.11090/step) :: Entropy : 0.000 :: Grads : []
810 :: Rewards -57.797 :: steps: 1.00 :: Time: 0.085(0.08540/step) :: Entropy : 0.000 :: Grads : []
820 :: Rewards -57.797 :: steps: 1.00 :: Time: 0.087(0.08697/step) :: Entropy : 0.000 :: Grads : []
830 :: Rewards -58.433 :: steps: 1.00 :: Time: 0.127(0.12679/step) :: Entropy : 0.000 :: Grads : []
840 :: Rewards -59.136 :: steps: 1.00 :: Time: 0.092(0.09213/step) :: Entropy : 0.000 :: Grads : []
850 :: Rewards -59.332 :: steps: 1.00 :: Time: 0.095(0.09451/step) :: Entropy : 0.000 :: Grads : []
860 :: Rewards -60.670 :: steps: 1.00 :: Time: 0.128(0.12784/step) :: Entropy : 0.000 :: Grads : []
870 :: Rewards -62.714 :: steps: 1.00 :: Time: 0.098(0.09821/step) :: Entropy : 0.000 :: Grads : []
880 :: Rewards -65.044 :: steps: 1.00 :: Time: 0.100(0.10025/step) :: Entropy : 0.000 :: Grads : []
890 :: Rewards -67.433 :: steps: 1.00 :: Time: 0.136(0.13620/step) :: Entropy : 0.000 :: Grads : []
900 :: Rewards -67.550 :: steps: 1.00 :: Time: 0.105(0.10520/step) :: Entropy : 0.000 :: Grads : []
910 :: Rewards -67.667 :: steps: 1.00 :: Time: 0.111(0.11063/step) :: Entropy : 0.000 :: Grads : []
920 :: Rewards -67.667 :: steps: 1.00 :: Time: 0.139(0.13949/step) :: Entropy : 0.000 :: Grads : []
930 :: Rewards -67.910 :: steps: 1.00 :: Time: 0.104(0.10419/step) :: Entropy : 0.000 :: Grads : []
940 :: Rewards -68.137 :: steps: 1.00 :: Time: 0.105(0.10548/step) :: Entropy : 0.000 :: Grads : []
950 :: Rewards -68.542 :: steps: 1.00 :: Time: 0.149(0.14927/step) :: Entropy : 0.000 :: Grads : []
960 :: Rewards -69.114 :: steps: 1.00 :: Time: 0.115(0.11490/step) :: Entropy : 0.000 :: Grads : []
970 :: Rewards -69.733 :: steps: 1.00 :: Time: 0.119(0.11924/step) :: Entropy : 0.000 :: Grads : []
980 :: Rewards -69.956 :: steps: 1.00 :: Time: 0.160(0.16002/step) :: Entropy : 0.000 :: Grads : []
990 :: Rewards -70.580 :: steps: 1.00 :: Time: 0.121(0.12110/step) :: Entropy : 0.000 :: Grads : []
999 :: Rewards -70.790 :: steps: 0.90 :: Time: 0.122(0.13588/step) :: Entropy : 0.000 :: Grads : []
Total time taken: 59.17953419685364
