Module path:  Environments.NS_Reco NS_Reco
Dynamically loaded from:  <class 'Environments.NS_Reco.NS_Reco'>
Reward Amplitudes: [4.17022005e-01 7.20324493e-01 1.14374817e-04 3.02332573e-01
 1.46755891e-01] :: Avg 0.317309867282206 
Module path:  Src.Algorithms.ProOLS ProOLS
Dynamically loaded from:  <class 'Src.Algorithms.ProOLS.ProOLS'>
=====Configurations=====
 Namespace(NN_basis_dim='32', Policy_basis_dim='32', actor_lr=0.0013967975033711264, algo_name='ProOLS', base=0, batch_size=1000, buffer_size=1000, debug=False, delta=1, entropy_lambda=0.009309067356364342, env_name='NS_Reco', experiment='NS_0r_', extrapolator_basis='Fourier', folder_suffix='Default', fourier_coupled=True, fourier_k=5, fourier_order=3, gamma=0.99, gauss_std=1.5, gpu=0, hyper='default', importance_clip=15.0, inc=1, log_output='term_file', max_episodes=1000, max_inner=30, max_steps=500, optim='rmsprop', oracle=-1, raw_basis=True, restore=False, save_count=100, save_model=True, seed=25, speed=0, state_lr=0.001, summary=True, swarm=False, timestamp='5|25|11:47:27')
Actions space: 5 :: State space: 1
State Low: tensor([0.]) :: State High: tensor([1.])
State features:  [('dummy_param', torch.Size([1]))]
Policy:  [('fc1.weight', torch.Size([5, 1])), ('fc1.bias', torch.Size([5]))]
0 :: Rewards -0.429 :: steps: 0.10 :: Time: 0.000(0.00119/step) :: Entropy : 0.000 :: Grads : []
10 :: Rewards -5.008 :: steps: 1.00 :: Time: 0.011(0.01072/step) :: Entropy : 0.000 :: Grads : []
20 :: Rewards -9.594 :: steps: 1.00 :: Time: 0.015(0.01459/step) :: Entropy : 0.000 :: Grads : []
30 :: Rewards -12.972 :: steps: 1.00 :: Time: 0.015(0.01550/step) :: Entropy : 0.000 :: Grads : []
40 :: Rewards -16.988 :: steps: 1.00 :: Time: 0.015(0.01508/step) :: Entropy : 0.000 :: Grads : []
50 :: Rewards -19.855 :: steps: 1.00 :: Time: 0.015(0.01517/step) :: Entropy : 0.000 :: Grads : []
60 :: Rewards -23.005 :: steps: 1.00 :: Time: 0.015(0.01477/step) :: Entropy : 0.000 :: Grads : []
70 :: Rewards -24.753 :: steps: 1.00 :: Time: 0.014(0.01417/step) :: Entropy : 0.000 :: Grads : []
80 :: Rewards -26.295 :: steps: 1.00 :: Time: 0.014(0.01423/step) :: Entropy : 0.000 :: Grads : []
90 :: Rewards -27.736 :: steps: 1.00 :: Time: 0.015(0.01471/step) :: Entropy : 0.000 :: Grads : []
100 :: Rewards -28.159 :: steps: 1.00 :: Time: 0.015(0.01470/step) :: Entropy : 0.000 :: Grads : []
110 :: Rewards -28.159 :: steps: 1.00 :: Time: 0.015(0.01454/step) :: Entropy : 0.000 :: Grads : []
120 :: Rewards -28.439 :: steps: 1.00 :: Time: 0.015(0.01494/step) :: Entropy : 0.000 :: Grads : []
130 :: Rewards -29.181 :: steps: 1.00 :: Time: 0.015(0.01546/step) :: Entropy : 0.000 :: Grads : []
140 :: Rewards -29.181 :: steps: 1.00 :: Time: 0.015(0.01521/step) :: Entropy : 0.000 :: Grads : []
150 :: Rewards -29.181 :: steps: 1.00 :: Time: 0.015(0.01519/step) :: Entropy : 0.000 :: Grads : []
160 :: Rewards -29.181 :: steps: 1.00 :: Time: 0.016(0.01572/step) :: Entropy : 0.000 :: Grads : []
170 :: Rewards -29.181 :: steps: 1.00 :: Time: 0.016(0.01570/step) :: Entropy : 0.000 :: Grads : []
180 :: Rewards -29.181 :: steps: 1.00 :: Time: 0.016(0.01581/step) :: Entropy : 0.000 :: Grads : []
190 :: Rewards -29.181 :: steps: 1.00 :: Time: 0.016(0.01597/step) :: Entropy : 0.000 :: Grads : []
200 :: Rewards -29.181 :: steps: 1.00 :: Time: 0.016(0.01589/step) :: Entropy : 0.000 :: Grads : []
210 :: Rewards -29.181 :: steps: 1.00 :: Time: 0.016(0.01624/step) :: Entropy : 0.000 :: Grads : []
220 :: Rewards -29.181 :: steps: 1.00 :: Time: 0.016(0.01610/step) :: Entropy : 0.000 :: Grads : []
230 :: Rewards -29.181 :: steps: 1.00 :: Time: 0.016(0.01635/step) :: Entropy : 0.000 :: Grads : []
240 :: Rewards -29.181 :: steps: 1.00 :: Time: 0.017(0.01691/step) :: Entropy : 0.000 :: Grads : []
250 :: Rewards -29.181 :: steps: 1.00 :: Time: 0.017(0.01675/step) :: Entropy : 0.000 :: Grads : []
260 :: Rewards -29.181 :: steps: 1.00 :: Time: 0.017(0.01740/step) :: Entropy : 0.000 :: Grads : []
270 :: Rewards -29.181 :: steps: 1.00 :: Time: 0.018(0.01750/step) :: Entropy : 0.000 :: Grads : []
280 :: Rewards -29.181 :: steps: 1.00 :: Time: 0.018(0.01774/step) :: Entropy : 0.000 :: Grads : []
290 :: Rewards -29.181 :: steps: 1.00 :: Time: 0.018(0.01785/step) :: Entropy : 0.000 :: Grads : []
300 :: Rewards -29.181 :: steps: 1.00 :: Time: 0.018(0.01799/step) :: Entropy : 0.000 :: Grads : []
310 :: Rewards -29.181 :: steps: 1.00 :: Time: 0.018(0.01829/step) :: Entropy : 0.000 :: Grads : []
320 :: Rewards -29.181 :: steps: 1.00 :: Time: 0.019(0.01851/step) :: Entropy : 0.000 :: Grads : []
330 :: Rewards -29.181 :: steps: 1.00 :: Time: 0.019(0.01890/step) :: Entropy : 0.000 :: Grads : []
340 :: Rewards -29.181 :: steps: 1.00 :: Time: 0.019(0.01875/step) :: Entropy : 0.000 :: Grads : []
350 :: Rewards -29.181 :: steps: 1.00 :: Time: 0.019(0.01906/step) :: Entropy : 0.000 :: Grads : []
360 :: Rewards -29.181 :: steps: 1.00 :: Time: 0.019(0.01913/step) :: Entropy : 0.000 :: Grads : []
370 :: Rewards -29.181 :: steps: 1.00 :: Time: 0.020(0.01988/step) :: Entropy : 0.000 :: Grads : []
380 :: Rewards -29.181 :: steps: 1.00 :: Time: 0.021(0.02051/step) :: Entropy : 0.000 :: Grads : []
390 :: Rewards -29.181 :: steps: 1.00 :: Time: 0.020(0.01995/step) :: Entropy : 0.000 :: Grads : []
400 :: Rewards -29.181 :: steps: 1.00 :: Time: 0.020(0.02018/step) :: Entropy : 0.000 :: Grads : []
410 :: Rewards -29.181 :: steps: 1.00 :: Time: 0.021(0.02057/step) :: Entropy : 0.000 :: Grads : []
420 :: Rewards -29.181 :: steps: 1.00 :: Time: 0.022(0.02215/step) :: Entropy : 0.000 :: Grads : []
430 :: Rewards -29.181 :: steps: 1.00 :: Time: 0.022(0.02201/step) :: Entropy : 0.000 :: Grads : []
440 :: Rewards -29.181 :: steps: 1.00 :: Time: 0.023(0.02283/step) :: Entropy : 0.000 :: Grads : []
450 :: Rewards -29.181 :: steps: 1.00 :: Time: 0.024(0.02367/step) :: Entropy : 0.000 :: Grads : []
460 :: Rewards -29.181 :: steps: 1.00 :: Time: 0.023(0.02298/step) :: Entropy : 0.000 :: Grads : []
470 :: Rewards -29.181 :: steps: 1.00 :: Time: 0.023(0.02306/step) :: Entropy : 0.000 :: Grads : []
480 :: Rewards -29.181 :: steps: 1.00 :: Time: 0.023(0.02342/step) :: Entropy : 0.000 :: Grads : []
490 :: Rewards -29.181 :: steps: 1.00 :: Time: 0.023(0.02339/step) :: Entropy : 0.000 :: Grads : []
500 :: Rewards -29.181 :: steps: 1.00 :: Time: 0.024(0.02352/step) :: Entropy : 0.000 :: Grads : []
510 :: Rewards -29.181 :: steps: 1.00 :: Time: 0.024(0.02392/step) :: Entropy : 0.000 :: Grads : []
520 :: Rewards -29.181 :: steps: 1.00 :: Time: 0.024(0.02430/step) :: Entropy : 0.000 :: Grads : []
530 :: Rewards -29.181 :: steps: 1.00 :: Time: 0.024(0.02446/step) :: Entropy : 0.000 :: Grads : []
540 :: Rewards -29.181 :: steps: 1.00 :: Time: 0.025(0.02493/step) :: Entropy : 0.000 :: Grads : []
550 :: Rewards -29.181 :: steps: 1.00 :: Time: 0.025(0.02488/step) :: Entropy : 0.000 :: Grads : []
560 :: Rewards -29.181 :: steps: 1.00 :: Time: 0.025(0.02518/step) :: Entropy : 0.000 :: Grads : []
570 :: Rewards -29.181 :: steps: 1.00 :: Time: 0.025(0.02529/step) :: Entropy : 0.000 :: Grads : []
580 :: Rewards -29.181 :: steps: 1.00 :: Time: 0.025(0.02537/step) :: Entropy : 0.000 :: Grads : []
590 :: Rewards -29.181 :: steps: 1.00 :: Time: 0.026(0.02607/step) :: Entropy : 0.000 :: Grads : []
600 :: Rewards -29.181 :: steps: 1.00 :: Time: 0.026(0.02588/step) :: Entropy : 0.000 :: Grads : []
610 :: Rewards -29.181 :: steps: 1.00 :: Time: 0.026(0.02622/step) :: Entropy : 0.000 :: Grads : []
620 :: Rewards -29.181 :: steps: 1.00 :: Time: 0.026(0.02622/step) :: Entropy : 0.000 :: Grads : []
630 :: Rewards -29.181 :: steps: 1.00 :: Time: 0.027(0.02679/step) :: Entropy : 0.000 :: Grads : []
640 :: Rewards -29.181 :: steps: 1.00 :: Time: 0.027(0.02670/step) :: Entropy : 0.000 :: Grads : []
650 :: Rewards -29.181 :: steps: 1.00 :: Time: 0.029(0.02909/step) :: Entropy : 0.000 :: Grads : []
660 :: Rewards -29.181 :: steps: 1.00 :: Time: 0.028(0.02844/step) :: Entropy : 0.000 :: Grads : []
670 :: Rewards -29.181 :: steps: 1.00 :: Time: 0.027(0.02748/step) :: Entropy : 0.000 :: Grads : []
680 :: Rewards -29.181 :: steps: 1.00 :: Time: 0.028(0.02764/step) :: Entropy : 0.000 :: Grads : []
690 :: Rewards -29.181 :: steps: 1.00 :: Time: 0.028(0.02784/step) :: Entropy : 0.000 :: Grads : []
700 :: Rewards -29.181 :: steps: 1.00 :: Time: 0.028(0.02828/step) :: Entropy : 0.000 :: Grads : []
710 :: Rewards -29.181 :: steps: 1.00 :: Time: 0.028(0.02818/step) :: Entropy : 0.000 :: Grads : []
720 :: Rewards -29.181 :: steps: 1.00 :: Time: 0.028(0.02834/step) :: Entropy : 0.000 :: Grads : []
730 :: Rewards -29.181 :: steps: 1.00 :: Time: 0.029(0.02916/step) :: Entropy : 0.000 :: Grads : []
740 :: Rewards -29.181 :: steps: 1.00 :: Time: 0.029(0.02907/step) :: Entropy : 0.000 :: Grads : []
750 :: Rewards -29.181 :: steps: 1.00 :: Time: 0.029(0.02914/step) :: Entropy : 0.000 :: Grads : []
760 :: Rewards -29.181 :: steps: 1.00 :: Time: 0.030(0.02988/step) :: Entropy : 0.000 :: Grads : []
770 :: Rewards -29.181 :: steps: 1.00 :: Time: 0.030(0.02982/step) :: Entropy : 0.000 :: Grads : []
780 :: Rewards -29.181 :: steps: 1.00 :: Time: 0.031(0.03111/step) :: Entropy : 0.000 :: Grads : []
790 :: Rewards -29.181 :: steps: 1.00 :: Time: 0.030(0.03020/step) :: Entropy : 0.000 :: Grads : []
800 :: Rewards -29.181 :: steps: 1.00 :: Time: 0.031(0.03057/step) :: Entropy : 0.000 :: Grads : []
810 :: Rewards -29.181 :: steps: 1.00 :: Time: 0.031(0.03070/step) :: Entropy : 0.000 :: Grads : []
820 :: Rewards -29.181 :: steps: 1.00 :: Time: 0.031(0.03094/step) :: Entropy : 0.000 :: Grads : []
830 :: Rewards -29.181 :: steps: 1.00 :: Time: 0.032(0.03157/step) :: Entropy : 0.000 :: Grads : []
840 :: Rewards -29.181 :: steps: 1.00 :: Time: 0.032(0.03193/step) :: Entropy : 0.000 :: Grads : []
850 :: Rewards -29.181 :: steps: 1.00 :: Time: 0.032(0.03223/step) :: Entropy : 0.000 :: Grads : []
860 :: Rewards -29.181 :: steps: 1.00 :: Time: 0.032(0.03181/step) :: Entropy : 0.000 :: Grads : []
870 :: Rewards -29.181 :: steps: 1.00 :: Time: 0.033(0.03254/step) :: Entropy : 0.000 :: Grads : []
880 :: Rewards -29.181 :: steps: 1.00 :: Time: 0.032(0.03234/step) :: Entropy : 0.000 :: Grads : []
890 :: Rewards -29.181 :: steps: 1.00 :: Time: 0.033(0.03299/step) :: Entropy : 0.000 :: Grads : []
900 :: Rewards -29.181 :: steps: 1.00 :: Time: 0.033(0.03313/step) :: Entropy : 0.000 :: Grads : []
910 :: Rewards -29.181 :: steps: 1.00 :: Time: 0.033(0.03269/step) :: Entropy : 0.000 :: Grads : []
920 :: Rewards -29.181 :: steps: 1.00 :: Time: 0.033(0.03283/step) :: Entropy : 0.000 :: Grads : []
930 :: Rewards -29.181 :: steps: 1.00 :: Time: 0.033(0.03267/step) :: Entropy : 0.000 :: Grads : []
940 :: Rewards -29.181 :: steps: 1.00 :: Time: 0.033(0.03345/step) :: Entropy : 0.000 :: Grads : []
950 :: Rewards -29.181 :: steps: 1.00 :: Time: 0.033(0.03328/step) :: Entropy : 0.000 :: Grads : []
960 :: Rewards -29.181 :: steps: 1.00 :: Time: 0.034(0.03388/step) :: Entropy : 0.000 :: Grads : []
970 :: Rewards -29.181 :: steps: 1.00 :: Time: 0.034(0.03383/step) :: Entropy : 0.000 :: Grads : []
980 :: Rewards -29.181 :: steps: 1.00 :: Time: 0.034(0.03424/step) :: Entropy : 0.000 :: Grads : []
990 :: Rewards -29.181 :: steps: 1.00 :: Time: 0.035(0.03453/step) :: Entropy : 0.000 :: Grads : []
999 :: Rewards -29.181 :: steps: 0.90 :: Time: 0.031(0.03453/step) :: Entropy : 0.000 :: Grads : []
Total time taken: 23.704458951950073
