Module path:  Environments.NS_Reco NS_Reco
Dynamically loaded from:  <class 'Environments.NS_Reco.NS_Reco'>
Reward Amplitudes: [4.17022005e-01 7.20324493e-01 1.14374817e-04 3.02332573e-01
 1.46755891e-01] :: Avg 0.317309867282206 
Module path:  Src.Algorithms.OFPG OFPG
Dynamically loaded from:  <class 'Src.Algorithms.OFPG.OFPG'>
=====Configurations=====
 Namespace(NN_basis_dim='32', Policy_basis_dim='32', actor_lr=0.002251439950474301, algo_name='OFPG', base=0, batch_size=1000, buffer_size=1000, debug=False, delta=1, entropy_lambda=0.11057727559233214, env_name='NS_Reco', experiment='NS_3_', extrapolator_basis='Fourier', folder_suffix='Default', fourier_coupled=True, fourier_k=7, fourier_order=3, gamma=0.99, gauss_std=1.5, gpu=0, hyper='default', importance_clip=10.0, inc=1, log_output='term_file', max_episodes=1000, max_inner=30, max_steps=500, optim='rmsprop', oracle=-1, raw_basis=True, restore=False, save_count=100, save_model=True, seed=13, speed=3, state_lr=0.001, summary=True, swarm=False, timestamp='5|24|22:31:42')
Actions space: 5 :: State space: 1
State Low: tensor([0.]) :: State High: tensor([1.])
State features:  [('dummy_param', torch.Size([1]))]
Policy:  [('fc1.weight', torch.Size([5, 1])), ('fc1.bias', torch.Size([5]))]
0 :: Rewards 0.013 :: steps: 0.10 :: Time: 0.001(0.01301/step) :: Entropy : 0.000 :: Grads : []
10 :: Rewards 0.196 :: steps: 1.00 :: Time: 0.011(0.01145/step) :: Entropy : 0.000 :: Grads : []
20 :: Rewards 0.847 :: steps: 1.00 :: Time: 0.012(0.01172/step) :: Entropy : 0.000 :: Grads : []
30 :: Rewards 2.026 :: steps: 1.00 :: Time: 0.012(0.01202/step) :: Entropy : 0.000 :: Grads : []
40 :: Rewards 3.180 :: steps: 1.00 :: Time: 0.012(0.01165/step) :: Entropy : 0.000 :: Grads : []
50 :: Rewards 5.252 :: steps: 1.00 :: Time: 0.012(0.01174/step) :: Entropy : 0.000 :: Grads : []
60 :: Rewards 7.033 :: steps: 1.00 :: Time: 0.012(0.01169/step) :: Entropy : 0.000 :: Grads : []
70 :: Rewards 9.628 :: steps: 1.00 :: Time: 0.012(0.01188/step) :: Entropy : 0.000 :: Grads : []
80 :: Rewards 12.620 :: steps: 1.00 :: Time: 0.012(0.01213/step) :: Entropy : 0.000 :: Grads : []
90 :: Rewards 16.110 :: steps: 1.00 :: Time: 0.012(0.01250/step) :: Entropy : 0.000 :: Grads : []
100 :: Rewards 19.010 :: steps: 1.00 :: Time: 0.013(0.01262/step) :: Entropy : 0.000 :: Grads : []
110 :: Rewards 23.548 :: steps: 1.00 :: Time: 0.013(0.01265/step) :: Entropy : 0.000 :: Grads : []
120 :: Rewards 27.878 :: steps: 1.00 :: Time: 0.013(0.01279/step) :: Entropy : 0.000 :: Grads : []
130 :: Rewards 33.374 :: steps: 1.00 :: Time: 0.013(0.01289/step) :: Entropy : 0.000 :: Grads : []
140 :: Rewards 38.399 :: steps: 1.00 :: Time: 0.013(0.01315/step) :: Entropy : 0.000 :: Grads : []
150 :: Rewards 43.717 :: steps: 1.00 :: Time: 0.013(0.01317/step) :: Entropy : 0.000 :: Grads : []
160 :: Rewards 49.604 :: steps: 1.00 :: Time: 0.013(0.01324/step) :: Entropy : 0.000 :: Grads : []
170 :: Rewards 55.194 :: steps: 1.00 :: Time: 0.013(0.01347/step) :: Entropy : 0.000 :: Grads : []
180 :: Rewards 60.442 :: steps: 1.00 :: Time: 0.013(0.01349/step) :: Entropy : 0.000 :: Grads : []
190 :: Rewards 65.836 :: steps: 1.00 :: Time: 0.014(0.01363/step) :: Entropy : 0.000 :: Grads : []
200 :: Rewards 70.258 :: steps: 1.00 :: Time: 0.014(0.01369/step) :: Entropy : 0.000 :: Grads : []
210 :: Rewards 75.434 :: steps: 1.00 :: Time: 0.014(0.01382/step) :: Entropy : 0.000 :: Grads : []
220 :: Rewards 80.238 :: steps: 1.00 :: Time: 0.014(0.01382/step) :: Entropy : 0.000 :: Grads : []
230 :: Rewards 83.913 :: steps: 1.00 :: Time: 0.014(0.01395/step) :: Entropy : 0.000 :: Grads : []
240 :: Rewards 87.753 :: steps: 1.00 :: Time: 0.014(0.01412/step) :: Entropy : 0.000 :: Grads : []
250 :: Rewards 90.855 :: steps: 1.00 :: Time: 0.014(0.01415/step) :: Entropy : 0.000 :: Grads : []
260 :: Rewards 93.736 :: steps: 1.00 :: Time: 0.014(0.01445/step) :: Entropy : 0.000 :: Grads : []
270 :: Rewards 95.734 :: steps: 1.00 :: Time: 0.015(0.01480/step) :: Entropy : 0.000 :: Grads : []
280 :: Rewards 97.740 :: steps: 1.00 :: Time: 0.015(0.01479/step) :: Entropy : 0.000 :: Grads : []
290 :: Rewards 98.890 :: steps: 1.00 :: Time: 0.015(0.01481/step) :: Entropy : 0.000 :: Grads : []
300 :: Rewards 99.136 :: steps: 1.00 :: Time: 0.015(0.01490/step) :: Entropy : 0.000 :: Grads : []
310 :: Rewards 99.199 :: steps: 1.00 :: Time: 0.015(0.01516/step) :: Entropy : 0.000 :: Grads : []
320 :: Rewards 98.745 :: steps: 1.00 :: Time: 0.015(0.01531/step) :: Entropy : 0.000 :: Grads : []
330 :: Rewards 98.393 :: steps: 1.00 :: Time: 0.016(0.01555/step) :: Entropy : 0.000 :: Grads : []
340 :: Rewards 99.157 :: steps: 1.00 :: Time: 0.016(0.01577/step) :: Entropy : 0.000 :: Grads : []
350 :: Rewards 98.844 :: steps: 1.00 :: Time: 0.016(0.01590/step) :: Entropy : 0.000 :: Grads : []
360 :: Rewards 97.527 :: steps: 1.00 :: Time: 0.016(0.01608/step) :: Entropy : 0.000 :: Grads : []
370 :: Rewards 96.377 :: steps: 1.00 :: Time: 0.016(0.01623/step) :: Entropy : 0.000 :: Grads : []
380 :: Rewards 94.933 :: steps: 1.00 :: Time: 0.016(0.01636/step) :: Entropy : 0.000 :: Grads : []
390 :: Rewards 92.500 :: steps: 1.00 :: Time: 0.017(0.01657/step) :: Entropy : 0.000 :: Grads : []
400 :: Rewards 91.791 :: steps: 1.00 :: Time: 0.017(0.01666/step) :: Entropy : 0.000 :: Grads : []
410 :: Rewards 90.778 :: steps: 1.00 :: Time: 0.017(0.01689/step) :: Entropy : 0.000 :: Grads : []
420 :: Rewards 88.659 :: steps: 1.00 :: Time: 0.017(0.01749/step) :: Entropy : 0.000 :: Grads : []
430 :: Rewards 86.627 :: steps: 1.00 :: Time: 0.017(0.01749/step) :: Entropy : 0.000 :: Grads : []
440 :: Rewards 84.307 :: steps: 1.00 :: Time: 0.018(0.01760/step) :: Entropy : 0.000 :: Grads : []
450 :: Rewards 82.809 :: steps: 1.00 :: Time: 0.018(0.01764/step) :: Entropy : 0.000 :: Grads : []
460 :: Rewards 80.630 :: steps: 1.00 :: Time: 0.018(0.01776/step) :: Entropy : 0.000 :: Grads : []
470 :: Rewards 77.324 :: steps: 1.00 :: Time: 0.018(0.01789/step) :: Entropy : 0.000 :: Grads : []
480 :: Rewards 74.800 :: steps: 1.00 :: Time: 0.018(0.01797/step) :: Entropy : 0.000 :: Grads : []
490 :: Rewards 72.449 :: steps: 1.00 :: Time: 0.018(0.01805/step) :: Entropy : 0.000 :: Grads : []
500 :: Rewards 69.531 :: steps: 1.00 :: Time: 0.018(0.01811/step) :: Entropy : 0.000 :: Grads : []
510 :: Rewards 66.553 :: steps: 1.00 :: Time: 0.018(0.01827/step) :: Entropy : 0.000 :: Grads : []
520 :: Rewards 63.922 :: steps: 1.00 :: Time: 0.019(0.01857/step) :: Entropy : 0.000 :: Grads : []
530 :: Rewards 61.159 :: steps: 1.00 :: Time: 0.019(0.01871/step) :: Entropy : 0.000 :: Grads : []
540 :: Rewards 57.675 :: steps: 1.00 :: Time: 0.019(0.01876/step) :: Entropy : 0.000 :: Grads : []
550 :: Rewards 55.586 :: steps: 1.00 :: Time: 0.019(0.01877/step) :: Entropy : 0.000 :: Grads : []
560 :: Rewards 53.159 :: steps: 1.00 :: Time: 0.019(0.01884/step) :: Entropy : 0.000 :: Grads : []
570 :: Rewards 50.702 :: steps: 1.00 :: Time: 0.019(0.01891/step) :: Entropy : 0.000 :: Grads : []
580 :: Rewards 47.967 :: steps: 1.00 :: Time: 0.019(0.01904/step) :: Entropy : 0.000 :: Grads : []
590 :: Rewards 46.834 :: steps: 1.00 :: Time: 0.019(0.01914/step) :: Entropy : 0.000 :: Grads : []
600 :: Rewards 44.733 :: steps: 1.00 :: Time: 0.019(0.01929/step) :: Entropy : 0.000 :: Grads : []
610 :: Rewards 42.086 :: steps: 1.00 :: Time: 0.019(0.01943/step) :: Entropy : 0.000 :: Grads : []
620 :: Rewards 41.166 :: steps: 1.00 :: Time: 0.019(0.01939/step) :: Entropy : 0.000 :: Grads : []
630 :: Rewards 40.456 :: steps: 1.00 :: Time: 0.019(0.01944/step) :: Entropy : 0.000 :: Grads : []
640 :: Rewards 40.204 :: steps: 1.00 :: Time: 0.020(0.01983/step) :: Entropy : 0.000 :: Grads : []
650 :: Rewards 40.911 :: steps: 1.00 :: Time: 0.020(0.01990/step) :: Entropy : 0.000 :: Grads : []
660 :: Rewards 41.783 :: steps: 1.00 :: Time: 0.020(0.01982/step) :: Entropy : 0.000 :: Grads : []
670 :: Rewards 40.499 :: steps: 1.00 :: Time: 0.020(0.02003/step) :: Entropy : 0.000 :: Grads : []
680 :: Rewards 42.009 :: steps: 1.00 :: Time: 0.020(0.02002/step) :: Entropy : 0.000 :: Grads : []
690 :: Rewards 44.030 :: steps: 1.00 :: Time: 0.020(0.02014/step) :: Entropy : 0.000 :: Grads : []
700 :: Rewards 45.815 :: steps: 1.00 :: Time: 0.020(0.01999/step) :: Entropy : 0.000 :: Grads : []
710 :: Rewards 48.825 :: steps: 1.00 :: Time: 0.020(0.02016/step) :: Entropy : 0.000 :: Grads : []
720 :: Rewards 49.175 :: steps: 1.00 :: Time: 0.020(0.02027/step) :: Entropy : 0.000 :: Grads : []
730 :: Rewards 53.102 :: steps: 1.00 :: Time: 0.020(0.02033/step) :: Entropy : 0.000 :: Grads : []
740 :: Rewards 55.591 :: steps: 1.00 :: Time: 0.020(0.02042/step) :: Entropy : 0.000 :: Grads : []
750 :: Rewards 58.514 :: steps: 1.00 :: Time: 0.021(0.02051/step) :: Entropy : 0.000 :: Grads : []
760 :: Rewards 61.588 :: steps: 1.00 :: Time: 0.021(0.02051/step) :: Entropy : 0.000 :: Grads : []
770 :: Rewards 64.506 :: steps: 1.00 :: Time: 0.021(0.02076/step) :: Entropy : 0.000 :: Grads : []
780 :: Rewards 67.020 :: steps: 1.00 :: Time: 0.021(0.02076/step) :: Entropy : 0.000 :: Grads : []
790 :: Rewards 69.658 :: steps: 1.00 :: Time: 0.021(0.02092/step) :: Entropy : 0.000 :: Grads : []
800 :: Rewards 70.148 :: steps: 1.00 :: Time: 0.022(0.02194/step) :: Entropy : 0.000 :: Grads : []
810 :: Rewards 72.898 :: steps: 1.00 :: Time: 0.021(0.02137/step) :: Entropy : 0.000 :: Grads : []
820 :: Rewards 75.772 :: steps: 1.00 :: Time: 0.021(0.02121/step) :: Entropy : 0.000 :: Grads : []
830 :: Rewards 78.035 :: steps: 1.00 :: Time: 0.022(0.02167/step) :: Entropy : 0.000 :: Grads : []
840 :: Rewards 80.498 :: steps: 1.00 :: Time: 0.022(0.02178/step) :: Entropy : 0.000 :: Grads : []
850 :: Rewards 82.460 :: steps: 1.00 :: Time: 0.022(0.02154/step) :: Entropy : 0.000 :: Grads : []
860 :: Rewards 83.868 :: steps: 1.00 :: Time: 0.022(0.02210/step) :: Entropy : 0.000 :: Grads : []
870 :: Rewards 84.585 :: steps: 1.00 :: Time: 0.022(0.02181/step) :: Entropy : 0.000 :: Grads : []
880 :: Rewards 85.237 :: steps: 1.00 :: Time: 0.022(0.02191/step) :: Entropy : 0.000 :: Grads : []
890 :: Rewards 85.979 :: steps: 1.00 :: Time: 0.022(0.02205/step) :: Entropy : 0.000 :: Grads : []
900 :: Rewards 85.479 :: steps: 1.00 :: Time: 0.022(0.02194/step) :: Entropy : 0.000 :: Grads : []
910 :: Rewards 84.866 :: steps: 1.00 :: Time: 0.022(0.02220/step) :: Entropy : 0.000 :: Grads : []
920 :: Rewards 84.569 :: steps: 1.00 :: Time: 0.022(0.02222/step) :: Entropy : 0.000 :: Grads : []
930 :: Rewards 83.601 :: steps: 1.00 :: Time: 0.022(0.02250/step) :: Entropy : 0.000 :: Grads : []
940 :: Rewards 83.070 :: steps: 1.00 :: Time: 0.022(0.02241/step) :: Entropy : 0.000 :: Grads : []
950 :: Rewards 83.223 :: steps: 1.00 :: Time: 0.023(0.02260/step) :: Entropy : 0.000 :: Grads : []
960 :: Rewards 80.592 :: steps: 1.00 :: Time: 0.023(0.02267/step) :: Entropy : 0.000 :: Grads : []
970 :: Rewards 80.078 :: steps: 1.00 :: Time: 0.023(0.02271/step) :: Entropy : 0.000 :: Grads : []
980 :: Rewards 79.802 :: steps: 1.00 :: Time: 0.023(0.02279/step) :: Entropy : 0.000 :: Grads : []
990 :: Rewards 81.365 :: steps: 1.00 :: Time: 0.023(0.02290/step) :: Entropy : 0.000 :: Grads : []
999 :: Rewards 82.932 :: steps: 0.90 :: Time: 0.021(0.02310/step) :: Entropy : 0.000 :: Grads : []
Total time taken: 17.732275009155273
