Module path:  Environments.NS_Reco NS_Reco
Dynamically loaded from:  <class 'Environments.NS_Reco.NS_Reco'>
Reward Amplitudes: [4.17022005e-01 7.20324493e-01 1.14374817e-04 3.02332573e-01
 1.46755891e-01] :: Avg 0.317309867282206 
Module path:  Src.Algorithms.ProWLS ProWLS
Dynamically loaded from:  <class 'Src.Algorithms.ProWLS.ProWLS'>
=====Configurations=====
 Namespace(NN_basis_dim='32', Policy_basis_dim='32', actor_lr=0.004415491219348583, algo_name='ProWLS', base=0, batch_size=1000, buffer_size=1000, debug=False, delta=1, entropy_lambda=0.0010074417839719013, env_name='NS_Reco', experiment='NS_0r_', extrapolator_basis='Fourier', folder_suffix='Default', fourier_coupled=True, fourier_k=3, fourier_order=3, gamma=0.99, gauss_std=1.5, gpu=0, hyper='default', importance_clip=5.0, inc=1, log_output='term_file', max_episodes=1000, max_inner=20, max_steps=500, optim='rmsprop', oracle=-1, raw_basis=True, restore=False, save_count=100, save_model=True, seed=16, speed=0, state_lr=0.001, summary=True, swarm=False, timestamp='5|30|11:49:56')
Actions space: 5 :: State space: 1
State Low: tensor([0.]) :: State High: tensor([1.])
State features:  [('dummy_param', torch.Size([1]))]
Policy:  [('fc1.weight', torch.Size([5, 1])), ('fc1.bias', torch.Size([5]))]
0 :: Rewards -0.297 :: steps: 0.10 :: Time: 0.000(0.00067/step) :: Entropy : 0.000 :: Grads : []
10 :: Rewards -4.086 :: steps: 1.00 :: Time: 0.010(0.00971/step) :: Entropy : 0.000 :: Grads : []
20 :: Rewards -8.147 :: steps: 1.00 :: Time: 0.012(0.01160/step) :: Entropy : 0.000 :: Grads : []
30 :: Rewards -11.017 :: steps: 1.00 :: Time: 0.013(0.01319/step) :: Entropy : 0.000 :: Grads : []
40 :: Rewards -12.360 :: steps: 1.00 :: Time: 0.013(0.01317/step) :: Entropy : 0.000 :: Grads : []
50 :: Rewards -15.220 :: steps: 1.00 :: Time: 0.012(0.01182/step) :: Entropy : 0.000 :: Grads : []
60 :: Rewards -15.646 :: steps: 1.00 :: Time: 0.013(0.01297/step) :: Entropy : 0.000 :: Grads : []
70 :: Rewards -15.646 :: steps: 1.00 :: Time: 0.012(0.01208/step) :: Entropy : 0.000 :: Grads : []
80 :: Rewards -15.646 :: steps: 1.00 :: Time: 0.012(0.01181/step) :: Entropy : 0.000 :: Grads : []
90 :: Rewards -15.956 :: steps: 1.00 :: Time: 0.012(0.01181/step) :: Entropy : 0.000 :: Grads : []
100 :: Rewards -15.956 :: steps: 1.00 :: Time: 0.012(0.01195/step) :: Entropy : 0.000 :: Grads : []
110 :: Rewards -15.956 :: steps: 1.00 :: Time: 0.012(0.01213/step) :: Entropy : 0.000 :: Grads : []
120 :: Rewards -15.956 :: steps: 1.00 :: Time: 0.012(0.01230/step) :: Entropy : 0.000 :: Grads : []
130 :: Rewards -17.098 :: steps: 1.00 :: Time: 0.013(0.01250/step) :: Entropy : 0.000 :: Grads : []
140 :: Rewards -17.671 :: steps: 1.00 :: Time: 0.013(0.01271/step) :: Entropy : 0.000 :: Grads : []
150 :: Rewards -17.671 :: steps: 1.00 :: Time: 0.013(0.01296/step) :: Entropy : 0.000 :: Grads : []
160 :: Rewards -17.671 :: steps: 1.00 :: Time: 0.013(0.01316/step) :: Entropy : 0.000 :: Grads : []
170 :: Rewards -17.671 :: steps: 1.00 :: Time: 0.013(0.01341/step) :: Entropy : 0.000 :: Grads : []
180 :: Rewards -17.671 :: steps: 1.00 :: Time: 0.014(0.01386/step) :: Entropy : 0.000 :: Grads : []
190 :: Rewards -17.671 :: steps: 1.00 :: Time: 0.014(0.01442/step) :: Entropy : 0.000 :: Grads : []
200 :: Rewards -17.671 :: steps: 1.00 :: Time: 0.015(0.01470/step) :: Entropy : 0.000 :: Grads : []
210 :: Rewards -17.969 :: steps: 1.00 :: Time: 0.015(0.01493/step) :: Entropy : 0.000 :: Grads : []
220 :: Rewards -18.266 :: steps: 1.00 :: Time: 0.015(0.01511/step) :: Entropy : 0.000 :: Grads : []
230 :: Rewards -18.266 :: steps: 1.00 :: Time: 0.016(0.01550/step) :: Entropy : 0.000 :: Grads : []
240 :: Rewards -18.266 :: steps: 1.00 :: Time: 0.016(0.01579/step) :: Entropy : 0.000 :: Grads : []
250 :: Rewards -18.266 :: steps: 1.00 :: Time: 0.016(0.01614/step) :: Entropy : 0.000 :: Grads : []
260 :: Rewards -18.266 :: steps: 1.00 :: Time: 0.017(0.01682/step) :: Entropy : 0.000 :: Grads : []
270 :: Rewards -18.266 :: steps: 1.00 :: Time: 0.023(0.02284/step) :: Entropy : 0.000 :: Grads : []
280 :: Rewards -18.266 :: steps: 1.00 :: Time: 0.018(0.01784/step) :: Entropy : 0.000 :: Grads : []
290 :: Rewards -18.266 :: steps: 1.00 :: Time: 0.018(0.01772/step) :: Entropy : 0.000 :: Grads : []
300 :: Rewards -18.266 :: steps: 1.00 :: Time: 0.017(0.01748/step) :: Entropy : 0.000 :: Grads : []
310 :: Rewards -18.266 :: steps: 1.00 :: Time: 0.018(0.01777/step) :: Entropy : 0.000 :: Grads : []
320 :: Rewards -18.266 :: steps: 1.00 :: Time: 0.018(0.01849/step) :: Entropy : 0.000 :: Grads : []
330 :: Rewards -18.266 :: steps: 1.00 :: Time: 0.020(0.02028/step) :: Entropy : 0.000 :: Grads : []
340 :: Rewards -18.266 :: steps: 1.00 :: Time: 0.019(0.01892/step) :: Entropy : 0.000 :: Grads : []
350 :: Rewards -18.564 :: steps: 1.00 :: Time: 0.019(0.01916/step) :: Entropy : 0.000 :: Grads : []
360 :: Rewards -18.564 :: steps: 1.00 :: Time: 0.020(0.01952/step) :: Entropy : 0.000 :: Grads : []
370 :: Rewards -18.564 :: steps: 1.00 :: Time: 0.020(0.01986/step) :: Entropy : 0.000 :: Grads : []
380 :: Rewards -18.564 :: steps: 1.00 :: Time: 0.020(0.02022/step) :: Entropy : 0.000 :: Grads : []
390 :: Rewards -18.564 :: steps: 1.00 :: Time: 0.024(0.02429/step) :: Entropy : 0.000 :: Grads : []
400 :: Rewards -18.564 :: steps: 1.00 :: Time: 0.022(0.02176/step) :: Entropy : 0.000 :: Grads : []
410 :: Rewards -18.564 :: steps: 1.00 :: Time: 0.030(0.02994/step) :: Entropy : 0.000 :: Grads : []
420 :: Rewards -18.564 :: steps: 1.00 :: Time: 0.025(0.02524/step) :: Entropy : 0.000 :: Grads : []
430 :: Rewards -18.564 :: steps: 1.00 :: Time: 0.029(0.02896/step) :: Entropy : 0.000 :: Grads : []
440 :: Rewards -18.564 :: steps: 1.00 :: Time: 0.025(0.02463/step) :: Entropy : 0.000 :: Grads : []
450 :: Rewards -18.564 :: steps: 1.00 :: Time: 0.023(0.02275/step) :: Entropy : 0.000 :: Grads : []
460 :: Rewards -18.564 :: steps: 1.00 :: Time: 0.023(0.02306/step) :: Entropy : 0.000 :: Grads : []
470 :: Rewards -18.564 :: steps: 1.00 :: Time: 0.024(0.02355/step) :: Entropy : 0.000 :: Grads : []
480 :: Rewards -18.564 :: steps: 1.00 :: Time: 0.024(0.02389/step) :: Entropy : 0.000 :: Grads : []
490 :: Rewards -18.564 :: steps: 1.00 :: Time: 0.024(0.02430/step) :: Entropy : 0.000 :: Grads : []
500 :: Rewards -18.564 :: steps: 1.00 :: Time: 0.025(0.02463/step) :: Entropy : 0.000 :: Grads : []
510 :: Rewards -18.564 :: steps: 1.00 :: Time: 0.025(0.02522/step) :: Entropy : 0.000 :: Grads : []
520 :: Rewards -18.564 :: steps: 1.00 :: Time: 0.026(0.02580/step) :: Entropy : 0.000 :: Grads : []
530 :: Rewards -18.564 :: steps: 1.00 :: Time: 0.041(0.04090/step) :: Entropy : 0.000 :: Grads : []
540 :: Rewards -18.564 :: steps: 1.00 :: Time: 0.028(0.02760/step) :: Entropy : 0.000 :: Grads : []
550 :: Rewards -18.564 :: steps: 1.00 :: Time: 0.027(0.02743/step) :: Entropy : 0.000 :: Grads : []
560 :: Rewards -18.564 :: steps: 1.00 :: Time: 0.028(0.02758/step) :: Entropy : 0.000 :: Grads : []
570 :: Rewards -18.564 :: steps: 1.00 :: Time: 0.028(0.02803/step) :: Entropy : 0.000 :: Grads : []
580 :: Rewards -18.564 :: steps: 1.00 :: Time: 0.029(0.02860/step) :: Entropy : 0.000 :: Grads : []
590 :: Rewards -18.564 :: steps: 1.00 :: Time: 0.029(0.02928/step) :: Entropy : 0.000 :: Grads : []
600 :: Rewards -18.564 :: steps: 1.00 :: Time: 0.030(0.02957/step) :: Entropy : 0.000 :: Grads : []
610 :: Rewards -18.564 :: steps: 1.00 :: Time: 0.030(0.03010/step) :: Entropy : 0.000 :: Grads : []
620 :: Rewards -18.564 :: steps: 1.00 :: Time: 0.031(0.03062/step) :: Entropy : 0.000 :: Grads : []
630 :: Rewards -18.564 :: steps: 1.00 :: Time: 0.031(0.03105/step) :: Entropy : 0.000 :: Grads : []
640 :: Rewards -18.564 :: steps: 1.00 :: Time: 0.032(0.03168/step) :: Entropy : 0.000 :: Grads : []
650 :: Rewards -18.564 :: steps: 1.00 :: Time: 0.032(0.03230/step) :: Entropy : 0.000 :: Grads : []
660 :: Rewards -18.564 :: steps: 1.00 :: Time: 0.035(0.03496/step) :: Entropy : 0.000 :: Grads : []
670 :: Rewards -18.564 :: steps: 1.00 :: Time: 0.034(0.03445/step) :: Entropy : 0.000 :: Grads : []
680 :: Rewards -18.564 :: steps: 1.00 :: Time: 0.035(0.03486/step) :: Entropy : 0.000 :: Grads : []
690 :: Rewards -18.564 :: steps: 1.00 :: Time: 0.036(0.03552/step) :: Entropy : 0.000 :: Grads : []
700 :: Rewards -18.564 :: steps: 1.00 :: Time: 0.036(0.03593/step) :: Entropy : 0.000 :: Grads : []
710 :: Rewards -18.564 :: steps: 1.00 :: Time: 0.037(0.03677/step) :: Entropy : 0.000 :: Grads : []
720 :: Rewards -18.564 :: steps: 1.00 :: Time: 0.038(0.03836/step) :: Entropy : 0.000 :: Grads : []
730 :: Rewards -18.564 :: steps: 1.00 :: Time: 0.039(0.03886/step) :: Entropy : 0.000 :: Grads : []
740 :: Rewards -18.564 :: steps: 1.00 :: Time: 0.040(0.03963/step) :: Entropy : 0.000 :: Grads : []
750 :: Rewards -18.564 :: steps: 1.00 :: Time: 0.040(0.04025/step) :: Entropy : 0.000 :: Grads : []
760 :: Rewards -18.564 :: steps: 1.00 :: Time: 0.041(0.04060/step) :: Entropy : 0.000 :: Grads : []
770 :: Rewards -18.564 :: steps: 1.00 :: Time: 0.043(0.04332/step) :: Entropy : 0.000 :: Grads : []
780 :: Rewards -18.564 :: steps: 1.00 :: Time: 0.044(0.04434/step) :: Entropy : 0.000 :: Grads : []
790 :: Rewards -18.564 :: steps: 1.00 :: Time: 0.045(0.04549/step) :: Entropy : 0.000 :: Grads : []
800 :: Rewards -18.564 :: steps: 1.00 :: Time: 0.046(0.04576/step) :: Entropy : 0.000 :: Grads : []
810 :: Rewards -18.564 :: steps: 1.00 :: Time: 0.050(0.04971/step) :: Entropy : 0.000 :: Grads : []
820 :: Rewards -18.564 :: steps: 1.00 :: Time: 0.049(0.04864/step) :: Entropy : 0.000 :: Grads : []
830 :: Rewards -18.564 :: steps: 1.00 :: Time: 0.050(0.04977/step) :: Entropy : 0.000 :: Grads : []
840 :: Rewards -18.564 :: steps: 1.00 :: Time: 0.051(0.05140/step) :: Entropy : 0.000 :: Grads : []
850 :: Rewards -18.564 :: steps: 1.00 :: Time: 0.052(0.05237/step) :: Entropy : 0.000 :: Grads : []
860 :: Rewards -18.564 :: steps: 1.00 :: Time: 0.052(0.05211/step) :: Entropy : 0.000 :: Grads : []
870 :: Rewards -18.564 :: steps: 1.00 :: Time: 0.053(0.05270/step) :: Entropy : 0.000 :: Grads : []
880 :: Rewards -18.564 :: steps: 1.00 :: Time: 0.054(0.05376/step) :: Entropy : 0.000 :: Grads : []
890 :: Rewards -18.564 :: steps: 1.00 :: Time: 0.056(0.05626/step) :: Entropy : 0.000 :: Grads : []
900 :: Rewards -18.564 :: steps: 1.00 :: Time: 0.059(0.05923/step) :: Entropy : 0.000 :: Grads : []
910 :: Rewards -18.564 :: steps: 1.00 :: Time: 0.060(0.05958/step) :: Entropy : 0.000 :: Grads : []
920 :: Rewards -18.564 :: steps: 1.00 :: Time: 0.061(0.06101/step) :: Entropy : 0.000 :: Grads : []
930 :: Rewards -18.564 :: steps: 1.00 :: Time: 0.060(0.06012/step) :: Entropy : 0.000 :: Grads : []
940 :: Rewards -18.564 :: steps: 1.00 :: Time: 0.059(0.05885/step) :: Entropy : 0.000 :: Grads : []
950 :: Rewards -18.564 :: steps: 1.00 :: Time: 0.060(0.06036/step) :: Entropy : 0.000 :: Grads : []
960 :: Rewards -18.564 :: steps: 1.00 :: Time: 0.062(0.06162/step) :: Entropy : 0.000 :: Grads : []
970 :: Rewards -18.564 :: steps: 1.00 :: Time: 0.063(0.06278/step) :: Entropy : 0.000 :: Grads : []
980 :: Rewards -18.564 :: steps: 1.00 :: Time: 0.065(0.06479/step) :: Entropy : 0.000 :: Grads : []
990 :: Rewards -18.564 :: steps: 1.00 :: Time: 0.066(0.06563/step) :: Entropy : 0.000 :: Grads : []
999 :: Rewards -18.564 :: steps: 0.90 :: Time: 0.060(0.06703/step) :: Entropy : 0.000 :: Grads : []
Total time taken: 30.57032608985901
