Module path:  Environments.NS_Reco NS_Reco
Dynamically loaded from:  <class 'Environments.NS_Reco.NS_Reco'>
Reward Amplitudes: [4.17022005e-01 7.20324493e-01 1.14374817e-04 3.02332573e-01
 1.46755891e-01] :: Avg 0.317309867282206 
Module path:  Src.Algorithms.ProOLS ProOLS
Dynamically loaded from:  <class 'Src.Algorithms.ProOLS.ProOLS'>
=====Configurations=====
 Namespace(NN_basis_dim='32', Policy_basis_dim='32', actor_lr=0.0013967975033711264, algo_name='ProOLS', base=0, batch_size=1000, buffer_size=1000, debug=False, delta=1, entropy_lambda=0.009309067356364342, env_name='NS_Reco', experiment='NS_0r_', extrapolator_basis='Fourier', folder_suffix='Default', fourier_coupled=True, fourier_k=5, fourier_order=3, gamma=0.99, gauss_std=1.5, gpu=0, hyper='default', importance_clip=15.0, inc=1, log_output='term_file', max_episodes=1000, max_inner=30, max_steps=500, optim='rmsprop', oracle=-1, raw_basis=True, restore=False, save_count=100, save_model=True, seed=6, speed=0, state_lr=0.001, summary=True, swarm=False, timestamp='5|25|11:40:19')
Actions space: 5 :: State space: 1
State Low: tensor([0.]) :: State High: tensor([1.])
State features:  [('dummy_param', torch.Size([1]))]
Policy:  [('fc1.weight', torch.Size([5, 1])), ('fc1.bias', torch.Size([5]))]
0 :: Rewards -0.401 :: steps: 0.10 :: Time: 0.000(0.00065/step) :: Entropy : 0.000 :: Grads : []
10 :: Rewards -2.407 :: steps: 1.00 :: Time: 0.009(0.00897/step) :: Entropy : 0.000 :: Grads : []
20 :: Rewards -6.085 :: steps: 1.00 :: Time: 0.015(0.01452/step) :: Entropy : 0.000 :: Grads : []
30 :: Rewards -6.388 :: steps: 1.00 :: Time: 0.015(0.01521/step) :: Entropy : 0.000 :: Grads : []
40 :: Rewards -8.946 :: steps: 1.00 :: Time: 0.015(0.01460/step) :: Entropy : 0.000 :: Grads : []
50 :: Rewards -9.358 :: steps: 1.00 :: Time: 0.015(0.01468/step) :: Entropy : 0.000 :: Grads : []
60 :: Rewards -10.176 :: steps: 1.00 :: Time: 0.015(0.01489/step) :: Entropy : 0.000 :: Grads : []
70 :: Rewards -11.433 :: steps: 1.00 :: Time: 0.015(0.01472/step) :: Entropy : 0.000 :: Grads : []
80 :: Rewards -11.847 :: steps: 1.00 :: Time: 0.016(0.01563/step) :: Entropy : 0.000 :: Grads : []
90 :: Rewards -12.838 :: steps: 1.00 :: Time: 0.015(0.01539/step) :: Entropy : 0.000 :: Grads : []
100 :: Rewards -12.838 :: steps: 1.00 :: Time: 0.016(0.01610/step) :: Entropy : 0.000 :: Grads : []
110 :: Rewards -13.259 :: steps: 1.00 :: Time: 0.017(0.01651/step) :: Entropy : 0.000 :: Grads : []
120 :: Rewards -13.259 :: steps: 1.00 :: Time: 0.016(0.01610/step) :: Entropy : 0.000 :: Grads : []
130 :: Rewards -13.259 :: steps: 1.00 :: Time: 0.016(0.01577/step) :: Entropy : 0.000 :: Grads : []
140 :: Rewards -13.666 :: steps: 1.00 :: Time: 0.016(0.01578/step) :: Entropy : 0.000 :: Grads : []
150 :: Rewards -13.666 :: steps: 1.00 :: Time: 0.016(0.01609/step) :: Entropy : 0.000 :: Grads : []
160 :: Rewards -13.666 :: steps: 1.00 :: Time: 0.016(0.01614/step) :: Entropy : 0.000 :: Grads : []
170 :: Rewards -13.666 :: steps: 1.00 :: Time: 0.016(0.01631/step) :: Entropy : 0.000 :: Grads : []
180 :: Rewards -13.666 :: steps: 1.00 :: Time: 0.016(0.01631/step) :: Entropy : 0.000 :: Grads : []
190 :: Rewards -13.666 :: steps: 1.00 :: Time: 0.017(0.01656/step) :: Entropy : 0.000 :: Grads : []
200 :: Rewards -13.666 :: steps: 1.00 :: Time: 0.017(0.01700/step) :: Entropy : 0.000 :: Grads : []
210 :: Rewards -13.666 :: steps: 1.00 :: Time: 0.017(0.01699/step) :: Entropy : 0.000 :: Grads : []
220 :: Rewards -13.666 :: steps: 1.00 :: Time: 0.017(0.01700/step) :: Entropy : 0.000 :: Grads : []
230 :: Rewards -13.666 :: steps: 1.00 :: Time: 0.017(0.01704/step) :: Entropy : 0.000 :: Grads : []
240 :: Rewards -13.666 :: steps: 1.00 :: Time: 0.017(0.01734/step) :: Entropy : 0.000 :: Grads : []
250 :: Rewards -13.666 :: steps: 1.00 :: Time: 0.017(0.01701/step) :: Entropy : 0.000 :: Grads : []
260 :: Rewards -13.666 :: steps: 1.00 :: Time: 0.017(0.01702/step) :: Entropy : 0.000 :: Grads : []
270 :: Rewards -13.666 :: steps: 1.00 :: Time: 0.016(0.01647/step) :: Entropy : 0.000 :: Grads : []
280 :: Rewards -13.666 :: steps: 1.00 :: Time: 0.016(0.01629/step) :: Entropy : 0.000 :: Grads : []
290 :: Rewards -13.666 :: steps: 1.00 :: Time: 0.016(0.01639/step) :: Entropy : 0.000 :: Grads : []
300 :: Rewards -13.666 :: steps: 1.00 :: Time: 0.017(0.01658/step) :: Entropy : 0.000 :: Grads : []
310 :: Rewards -13.666 :: steps: 1.00 :: Time: 0.017(0.01695/step) :: Entropy : 0.000 :: Grads : []
320 :: Rewards -13.666 :: steps: 1.00 :: Time: 0.017(0.01695/step) :: Entropy : 0.000 :: Grads : []
330 :: Rewards -13.666 :: steps: 1.00 :: Time: 0.017(0.01719/step) :: Entropy : 0.000 :: Grads : []
340 :: Rewards -13.666 :: steps: 1.00 :: Time: 0.017(0.01702/step) :: Entropy : 0.000 :: Grads : []
350 :: Rewards -13.666 :: steps: 1.00 :: Time: 0.017(0.01692/step) :: Entropy : 0.000 :: Grads : []
360 :: Rewards -13.666 :: steps: 1.00 :: Time: 0.017(0.01708/step) :: Entropy : 0.000 :: Grads : []
370 :: Rewards -13.666 :: steps: 1.00 :: Time: 0.017(0.01723/step) :: Entropy : 0.000 :: Grads : []
380 :: Rewards -13.666 :: steps: 1.00 :: Time: 0.017(0.01731/step) :: Entropy : 0.000 :: Grads : []
390 :: Rewards -13.666 :: steps: 1.00 :: Time: 0.018(0.01753/step) :: Entropy : 0.000 :: Grads : []
400 :: Rewards -13.666 :: steps: 1.00 :: Time: 0.017(0.01744/step) :: Entropy : 0.000 :: Grads : []
410 :: Rewards -13.666 :: steps: 1.00 :: Time: 0.018(0.01772/step) :: Entropy : 0.000 :: Grads : []
420 :: Rewards -13.666 :: steps: 1.00 :: Time: 0.019(0.01857/step) :: Entropy : 0.000 :: Grads : []
430 :: Rewards -13.666 :: steps: 1.00 :: Time: 0.019(0.01875/step) :: Entropy : 0.000 :: Grads : []
440 :: Rewards -13.666 :: steps: 1.00 :: Time: 0.019(0.01898/step) :: Entropy : 0.000 :: Grads : []
450 :: Rewards -13.666 :: steps: 1.00 :: Time: 0.019(0.01935/step) :: Entropy : 0.000 :: Grads : []
460 :: Rewards -13.666 :: steps: 1.00 :: Time: 0.020(0.01951/step) :: Entropy : 0.000 :: Grads : []
470 :: Rewards -13.666 :: steps: 1.00 :: Time: 0.020(0.01977/step) :: Entropy : 0.000 :: Grads : []
480 :: Rewards -13.666 :: steps: 1.00 :: Time: 0.020(0.01981/step) :: Entropy : 0.000 :: Grads : []
490 :: Rewards -13.666 :: steps: 1.00 :: Time: 0.020(0.01999/step) :: Entropy : 0.000 :: Grads : []
500 :: Rewards -13.666 :: steps: 1.00 :: Time: 0.020(0.01990/step) :: Entropy : 0.000 :: Grads : []
510 :: Rewards -13.666 :: steps: 1.00 :: Time: 0.020(0.02025/step) :: Entropy : 0.000 :: Grads : []
520 :: Rewards -13.666 :: steps: 1.00 :: Time: 0.021(0.02066/step) :: Entropy : 0.000 :: Grads : []
530 :: Rewards -13.666 :: steps: 1.00 :: Time: 0.021(0.02095/step) :: Entropy : 0.000 :: Grads : []
540 :: Rewards -13.666 :: steps: 1.00 :: Time: 0.020(0.02014/step) :: Entropy : 0.000 :: Grads : []
550 :: Rewards -13.666 :: steps: 1.00 :: Time: 0.021(0.02100/step) :: Entropy : 0.000 :: Grads : []
560 :: Rewards -13.666 :: steps: 1.00 :: Time: 0.021(0.02072/step) :: Entropy : 0.000 :: Grads : []
570 :: Rewards -13.666 :: steps: 1.00 :: Time: 0.022(0.02169/step) :: Entropy : 0.000 :: Grads : []
580 :: Rewards -13.666 :: steps: 1.00 :: Time: 0.022(0.02213/step) :: Entropy : 0.000 :: Grads : []
590 :: Rewards -13.666 :: steps: 1.00 :: Time: 0.021(0.02074/step) :: Entropy : 0.000 :: Grads : []
600 :: Rewards -13.666 :: steps: 1.00 :: Time: 0.021(0.02099/step) :: Entropy : 0.000 :: Grads : []
610 :: Rewards -13.666 :: steps: 1.00 :: Time: 0.021(0.02124/step) :: Entropy : 0.000 :: Grads : []
620 :: Rewards -13.666 :: steps: 1.00 :: Time: 0.023(0.02265/step) :: Entropy : 0.000 :: Grads : []
630 :: Rewards -13.666 :: steps: 1.00 :: Time: 0.025(0.02489/step) :: Entropy : 0.000 :: Grads : []
640 :: Rewards -13.666 :: steps: 1.00 :: Time: 0.022(0.02157/step) :: Entropy : 0.000 :: Grads : []
650 :: Rewards -13.666 :: steps: 1.00 :: Time: 0.021(0.02150/step) :: Entropy : 0.000 :: Grads : []
660 :: Rewards -13.666 :: steps: 1.00 :: Time: 0.022(0.02165/step) :: Entropy : 0.000 :: Grads : []
670 :: Rewards -13.666 :: steps: 1.00 :: Time: 0.022(0.02208/step) :: Entropy : 0.000 :: Grads : []
680 :: Rewards -13.666 :: steps: 1.00 :: Time: 0.024(0.02361/step) :: Entropy : 0.000 :: Grads : []
690 :: Rewards -13.666 :: steps: 1.00 :: Time: 0.022(0.02200/step) :: Entropy : 0.000 :: Grads : []
700 :: Rewards -13.666 :: steps: 1.00 :: Time: 0.022(0.02231/step) :: Entropy : 0.000 :: Grads : []
710 :: Rewards -13.666 :: steps: 1.00 :: Time: 0.022(0.02228/step) :: Entropy : 0.000 :: Grads : []
720 :: Rewards -13.666 :: steps: 1.00 :: Time: 0.024(0.02429/step) :: Entropy : 0.000 :: Grads : []
730 :: Rewards -13.666 :: steps: 1.00 :: Time: 0.023(0.02346/step) :: Entropy : 0.000 :: Grads : []
740 :: Rewards -13.666 :: steps: 1.00 :: Time: 0.023(0.02328/step) :: Entropy : 0.000 :: Grads : []
750 :: Rewards -13.666 :: steps: 1.00 :: Time: 0.023(0.02301/step) :: Entropy : 0.000 :: Grads : []
760 :: Rewards -13.666 :: steps: 1.00 :: Time: 0.023(0.02345/step) :: Entropy : 0.000 :: Grads : []
770 :: Rewards -13.666 :: steps: 1.00 :: Time: 0.024(0.02379/step) :: Entropy : 0.000 :: Grads : []
780 :: Rewards -13.666 :: steps: 1.00 :: Time: 0.024(0.02381/step) :: Entropy : 0.000 :: Grads : []
790 :: Rewards -13.666 :: steps: 1.00 :: Time: 0.024(0.02414/step) :: Entropy : 0.000 :: Grads : []
800 :: Rewards -13.666 :: steps: 1.00 :: Time: 0.024(0.02424/step) :: Entropy : 0.000 :: Grads : []
810 :: Rewards -13.666 :: steps: 1.00 :: Time: 0.024(0.02433/step) :: Entropy : 0.000 :: Grads : []
820 :: Rewards -13.666 :: steps: 1.00 :: Time: 0.024(0.02435/step) :: Entropy : 0.000 :: Grads : []
830 :: Rewards -13.666 :: steps: 1.00 :: Time: 0.025(0.02463/step) :: Entropy : 0.000 :: Grads : []
840 :: Rewards -13.666 :: steps: 1.00 :: Time: 0.025(0.02476/step) :: Entropy : 0.000 :: Grads : []
850 :: Rewards -13.666 :: steps: 1.00 :: Time: 0.025(0.02475/step) :: Entropy : 0.000 :: Grads : []
860 :: Rewards -13.666 :: steps: 1.00 :: Time: 0.025(0.02481/step) :: Entropy : 0.000 :: Grads : []
870 :: Rewards -13.666 :: steps: 1.00 :: Time: 0.025(0.02507/step) :: Entropy : 0.000 :: Grads : []
880 :: Rewards -13.666 :: steps: 1.00 :: Time: 0.026(0.02617/step) :: Entropy : 0.000 :: Grads : []
890 :: Rewards -13.666 :: steps: 1.00 :: Time: 0.027(0.02681/step) :: Entropy : 0.000 :: Grads : []
900 :: Rewards -13.666 :: steps: 1.00 :: Time: 0.028(0.02805/step) :: Entropy : 0.000 :: Grads : []
910 :: Rewards -13.666 :: steps: 1.00 :: Time: 0.028(0.02817/step) :: Entropy : 0.000 :: Grads : []
920 :: Rewards -13.666 :: steps: 1.00 :: Time: 0.028(0.02778/step) :: Entropy : 0.000 :: Grads : []
930 :: Rewards -13.666 :: steps: 1.00 :: Time: 0.028(0.02793/step) :: Entropy : 0.000 :: Grads : []
940 :: Rewards -13.666 :: steps: 1.00 :: Time: 0.026(0.02563/step) :: Entropy : 0.000 :: Grads : []
950 :: Rewards -13.666 :: steps: 1.00 :: Time: 0.026(0.02569/step) :: Entropy : 0.000 :: Grads : []
960 :: Rewards -13.666 :: steps: 1.00 :: Time: 0.026(0.02591/step) :: Entropy : 0.000 :: Grads : []
970 :: Rewards -13.666 :: steps: 1.00 :: Time: 0.026(0.02602/step) :: Entropy : 0.000 :: Grads : []
980 :: Rewards -13.666 :: steps: 1.00 :: Time: 0.026(0.02618/step) :: Entropy : 0.000 :: Grads : []
990 :: Rewards -13.666 :: steps: 1.00 :: Time: 0.026(0.02618/step) :: Entropy : 0.000 :: Grads : []
999 :: Rewards -13.666 :: steps: 0.90 :: Time: 0.024(0.02645/step) :: Entropy : 0.000 :: Grads : []
Total time taken: 20.332207918167114
