Module path:  Environments.NS_Reco NS_Reco
Dynamically loaded from:  <class 'Environments.NS_Reco.NS_Reco'>
Reward Amplitudes: [4.17022005e-01 7.20324493e-01 1.14374817e-04 3.02332573e-01
 1.46755891e-01] :: Avg 0.317309867282206 
Module path:  Src.Algorithms.ProWLS ProWLS
Dynamically loaded from:  <class 'Src.Algorithms.ProWLS.ProWLS'>
=====Configurations=====
 Namespace(NN_basis_dim='32', Policy_basis_dim='32', actor_lr=0.00450428892499054, algo_name='ProWLS', base=0, batch_size=1000, buffer_size=1000, debug=False, delta=3, entropy_lambda=0.07518854390699839, env_name='NS_Reco', experiment='NS_3r_', extrapolator_basis='Fourier', folder_suffix='Default', fourier_coupled=True, fourier_k=5, fourier_order=3, gamma=0.99, gauss_std=1.5, gpu=0, hyper='default', importance_clip=10.0, inc=1, log_output='term_file', max_episodes=1000, max_inner=90, max_steps=500, optim='rmsprop', oracle=-1, raw_basis=True, restore=False, save_count=100, save_model=True, seed=15, speed=3, state_lr=0.001, summary=True, swarm=False, timestamp='5|25|9:45:35')
Actions space: 5 :: State space: 1
State Low: tensor([0.]) :: State High: tensor([1.])
State features:  [('dummy_param', torch.Size([1]))]
Policy:  [('fc1.weight', torch.Size([5, 1])), ('fc1.bias', torch.Size([5]))]
0 :: Rewards -0.004 :: steps: 0.10 :: Time: 0.000(0.00384/step) :: Entropy : 0.000 :: Grads : []
10 :: Rewards -0.271 :: steps: 1.00 :: Time: 0.012(0.01181/step) :: Entropy : 0.000 :: Grads : []
20 :: Rewards -0.817 :: steps: 1.00 :: Time: 0.022(0.02233/step) :: Entropy : 0.000 :: Grads : []
30 :: Rewards -1.666 :: steps: 1.00 :: Time: 0.021(0.02064/step) :: Entropy : 0.000 :: Grads : []
40 :: Rewards -3.604 :: steps: 1.00 :: Time: 0.016(0.01624/step) :: Entropy : 0.000 :: Grads : []
50 :: Rewards -5.206 :: steps: 1.00 :: Time: 0.021(0.02119/step) :: Entropy : 0.000 :: Grads : []
60 :: Rewards -6.088 :: steps: 1.00 :: Time: 0.016(0.01560/step) :: Entropy : 0.000 :: Grads : []
70 :: Rewards -6.497 :: steps: 1.00 :: Time: 0.016(0.01581/step) :: Entropy : 0.000 :: Grads : []
80 :: Rewards -7.206 :: steps: 1.00 :: Time: 0.021(0.02130/step) :: Entropy : 0.000 :: Grads : []
90 :: Rewards -8.509 :: steps: 1.00 :: Time: 0.016(0.01629/step) :: Entropy : 0.000 :: Grads : []
100 :: Rewards -9.868 :: steps: 1.00 :: Time: 0.016(0.01649/step) :: Entropy : 0.000 :: Grads : []
110 :: Rewards -10.536 :: steps: 1.00 :: Time: 0.022(0.02235/step) :: Entropy : 0.000 :: Grads : []
120 :: Rewards -11.670 :: steps: 1.00 :: Time: 0.017(0.01710/step) :: Entropy : 0.000 :: Grads : []
130 :: Rewards -14.830 :: steps: 1.00 :: Time: 0.017(0.01744/step) :: Entropy : 0.000 :: Grads : []
140 :: Rewards -14.830 :: steps: 1.00 :: Time: 0.024(0.02393/step) :: Entropy : 0.000 :: Grads : []
150 :: Rewards -16.161 :: steps: 1.00 :: Time: 0.018(0.01828/step) :: Entropy : 0.000 :: Grads : []
160 :: Rewards -18.616 :: steps: 1.00 :: Time: 0.018(0.01849/step) :: Entropy : 0.000 :: Grads : []
170 :: Rewards -19.025 :: steps: 1.00 :: Time: 0.025(0.02509/step) :: Entropy : 0.000 :: Grads : []
180 :: Rewards -20.088 :: steps: 1.00 :: Time: 0.019(0.01926/step) :: Entropy : 0.000 :: Grads : []
190 :: Rewards -21.592 :: steps: 1.00 :: Time: 0.020(0.02031/step) :: Entropy : 0.000 :: Grads : []
200 :: Rewards -23.187 :: steps: 1.00 :: Time: 0.028(0.02762/step) :: Entropy : 0.000 :: Grads : []
210 :: Rewards -24.623 :: steps: 1.00 :: Time: 0.022(0.02166/step) :: Entropy : 0.000 :: Grads : []
220 :: Rewards -24.980 :: steps: 1.00 :: Time: 0.022(0.02222/step) :: Entropy : 0.000 :: Grads : []
230 :: Rewards -26.268 :: steps: 1.00 :: Time: 0.030(0.03031/step) :: Entropy : 0.000 :: Grads : []
240 :: Rewards -26.696 :: steps: 1.00 :: Time: 0.023(0.02327/step) :: Entropy : 0.000 :: Grads : []
250 :: Rewards -26.965 :: steps: 1.00 :: Time: 0.024(0.02393/step) :: Entropy : 0.000 :: Grads : []
260 :: Rewards -27.405 :: steps: 1.00 :: Time: 0.032(0.03246/step) :: Entropy : 0.000 :: Grads : []
270 :: Rewards -28.125 :: steps: 1.00 :: Time: 0.025(0.02483/step) :: Entropy : 0.000 :: Grads : []
280 :: Rewards -28.401 :: steps: 1.00 :: Time: 0.025(0.02526/step) :: Entropy : 0.000 :: Grads : []
290 :: Rewards -29.191 :: steps: 1.00 :: Time: 0.034(0.03435/step) :: Entropy : 0.000 :: Grads : []
300 :: Rewards -29.371 :: steps: 1.00 :: Time: 0.026(0.02589/step) :: Entropy : 0.000 :: Grads : []
310 :: Rewards -29.963 :: steps: 1.00 :: Time: 0.026(0.02647/step) :: Entropy : 0.000 :: Grads : []
320 :: Rewards -31.149 :: steps: 1.00 :: Time: 0.036(0.03600/step) :: Entropy : 0.000 :: Grads : []
330 :: Rewards -31.585 :: steps: 1.00 :: Time: 0.028(0.02758/step) :: Entropy : 0.000 :: Grads : []
340 :: Rewards -32.022 :: steps: 1.00 :: Time: 0.030(0.03001/step) :: Entropy : 0.000 :: Grads : []
350 :: Rewards -32.272 :: steps: 1.00 :: Time: 0.039(0.03874/step) :: Entropy : 0.000 :: Grads : []
360 :: Rewards -32.582 :: steps: 1.00 :: Time: 0.030(0.02983/step) :: Entropy : 0.000 :: Grads : []
370 :: Rewards -33.731 :: steps: 1.00 :: Time: 0.031(0.03065/step) :: Entropy : 0.000 :: Grads : []
380 :: Rewards -34.453 :: steps: 1.00 :: Time: 0.042(0.04151/step) :: Entropy : 0.000 :: Grads : []
390 :: Rewards -34.988 :: steps: 1.00 :: Time: 0.032(0.03199/step) :: Entropy : 0.000 :: Grads : []
400 :: Rewards -35.367 :: steps: 1.00 :: Time: 0.033(0.03272/step) :: Entropy : 0.000 :: Grads : []
410 :: Rewards -37.044 :: steps: 1.00 :: Time: 0.044(0.04432/step) :: Entropy : 0.000 :: Grads : []
420 :: Rewards -37.328 :: steps: 1.00 :: Time: 0.034(0.03415/step) :: Entropy : 0.000 :: Grads : []
430 :: Rewards -37.539 :: steps: 1.00 :: Time: 0.036(0.03570/step) :: Entropy : 0.000 :: Grads : []
440 :: Rewards -37.886 :: steps: 1.00 :: Time: 0.048(0.04761/step) :: Entropy : 0.000 :: Grads : []
450 :: Rewards -38.994 :: steps: 1.00 :: Time: 0.037(0.03729/step) :: Entropy : 0.000 :: Grads : []
460 :: Rewards -40.067 :: steps: 1.00 :: Time: 0.037(0.03744/step) :: Entropy : 0.000 :: Grads : []
470 :: Rewards -40.456 :: steps: 1.00 :: Time: 0.051(0.05057/step) :: Entropy : 0.000 :: Grads : []
480 :: Rewards -40.548 :: steps: 1.00 :: Time: 0.039(0.03866/step) :: Entropy : 0.000 :: Grads : []
490 :: Rewards -40.858 :: steps: 1.00 :: Time: 0.040(0.04017/step) :: Entropy : 0.000 :: Grads : []
500 :: Rewards -41.245 :: steps: 1.00 :: Time: 0.054(0.05425/step) :: Entropy : 0.000 :: Grads : []
510 :: Rewards -41.848 :: steps: 1.00 :: Time: 0.042(0.04163/step) :: Entropy : 0.000 :: Grads : []
520 :: Rewards -41.952 :: steps: 1.00 :: Time: 0.043(0.04266/step) :: Entropy : 0.000 :: Grads : []
530 :: Rewards -42.428 :: steps: 1.00 :: Time: 0.059(0.05892/step) :: Entropy : 0.000 :: Grads : []
540 :: Rewards -42.504 :: steps: 1.00 :: Time: 0.046(0.04611/step) :: Entropy : 0.000 :: Grads : []
550 :: Rewards -42.988 :: steps: 1.00 :: Time: 0.046(0.04621/step) :: Entropy : 0.000 :: Grads : []
560 :: Rewards -43.095 :: steps: 1.00 :: Time: 0.065(0.06514/step) :: Entropy : 0.000 :: Grads : []
570 :: Rewards -43.929 :: steps: 1.00 :: Time: 0.047(0.04685/step) :: Entropy : 0.000 :: Grads : []
580 :: Rewards -44.378 :: steps: 1.00 :: Time: 0.047(0.04711/step) :: Entropy : 0.000 :: Grads : []
590 :: Rewards -44.866 :: steps: 1.00 :: Time: 0.064(0.06449/step) :: Entropy : 0.000 :: Grads : []
600 :: Rewards -46.226 :: steps: 1.00 :: Time: 0.050(0.04962/step) :: Entropy : 0.000 :: Grads : []
610 :: Rewards -47.467 :: steps: 1.00 :: Time: 0.051(0.05100/step) :: Entropy : 0.000 :: Grads : []
620 :: Rewards -47.467 :: steps: 1.00 :: Time: 0.069(0.06874/step) :: Entropy : 0.000 :: Grads : []
630 :: Rewards -47.740 :: steps: 1.00 :: Time: 0.052(0.05205/step) :: Entropy : 0.000 :: Grads : []
640 :: Rewards -47.740 :: steps: 1.00 :: Time: 0.054(0.05350/step) :: Entropy : 0.000 :: Grads : []
650 :: Rewards -49.215 :: steps: 1.00 :: Time: 0.073(0.07315/step) :: Entropy : 0.000 :: Grads : []
660 :: Rewards -49.215 :: steps: 1.00 :: Time: 0.056(0.05622/step) :: Entropy : 0.000 :: Grads : []
670 :: Rewards -49.215 :: steps: 1.00 :: Time: 0.058(0.05789/step) :: Entropy : 0.000 :: Grads : []
680 :: Rewards -49.215 :: steps: 1.00 :: Time: 0.078(0.07801/step) :: Entropy : 0.000 :: Grads : []
690 :: Rewards -49.215 :: steps: 1.00 :: Time: 0.060(0.05976/step) :: Entropy : 0.000 :: Grads : []
700 :: Rewards -50.102 :: steps: 1.00 :: Time: 0.062(0.06224/step) :: Entropy : 0.000 :: Grads : []
710 :: Rewards -50.949 :: steps: 1.00 :: Time: 0.084(0.08394/step) :: Entropy : 0.000 :: Grads : []
720 :: Rewards -50.949 :: steps: 1.00 :: Time: 0.064(0.06378/step) :: Entropy : 0.000 :: Grads : []
730 :: Rewards -50.949 :: steps: 1.00 :: Time: 0.067(0.06680/step) :: Entropy : 0.000 :: Grads : []
740 :: Rewards -50.949 :: steps: 1.00 :: Time: 0.089(0.08928/step) :: Entropy : 0.000 :: Grads : []
750 :: Rewards -53.557 :: steps: 1.00 :: Time: 0.069(0.06852/step) :: Entropy : 0.000 :: Grads : []
760 :: Rewards -53.557 :: steps: 1.00 :: Time: 0.070(0.07036/step) :: Entropy : 0.000 :: Grads : []
770 :: Rewards -56.226 :: steps: 1.00 :: Time: 0.097(0.09658/step) :: Entropy : 0.000 :: Grads : []
780 :: Rewards -56.993 :: steps: 1.00 :: Time: 0.076(0.07591/step) :: Entropy : 0.000 :: Grads : []
790 :: Rewards -57.513 :: steps: 1.00 :: Time: 0.074(0.07446/step) :: Entropy : 0.000 :: Grads : []
800 :: Rewards -58.456 :: steps: 1.00 :: Time: 0.101(0.10065/step) :: Entropy : 0.000 :: Grads : []
810 :: Rewards -59.679 :: steps: 1.00 :: Time: 0.076(0.07631/step) :: Entropy : 0.000 :: Grads : []
820 :: Rewards -59.679 :: steps: 1.00 :: Time: 0.078(0.07765/step) :: Entropy : 0.000 :: Grads : []
830 :: Rewards -59.997 :: steps: 1.00 :: Time: 0.109(0.10862/step) :: Entropy : 0.000 :: Grads : []
840 :: Rewards -60.626 :: steps: 1.00 :: Time: 0.083(0.08320/step) :: Entropy : 0.000 :: Grads : []
850 :: Rewards -61.176 :: steps: 1.00 :: Time: 0.085(0.08546/step) :: Entropy : 0.000 :: Grads : []
860 :: Rewards -62.465 :: steps: 1.00 :: Time: 0.115(0.11495/step) :: Entropy : 0.000 :: Grads : []
870 :: Rewards -64.392 :: steps: 1.00 :: Time: 0.087(0.08725/step) :: Entropy : 0.000 :: Grads : []
880 :: Rewards -65.553 :: steps: 1.00 :: Time: 0.088(0.08782/step) :: Entropy : 0.000 :: Grads : []
890 :: Rewards -66.328 :: steps: 1.00 :: Time: 0.122(0.12195/step) :: Entropy : 0.000 :: Grads : []
900 :: Rewards -66.431 :: steps: 1.00 :: Time: 0.094(0.09372/step) :: Entropy : 0.000 :: Grads : []
910 :: Rewards -67.265 :: steps: 1.00 :: Time: 0.099(0.09854/step) :: Entropy : 0.000 :: Grads : []
920 :: Rewards -67.482 :: steps: 1.00 :: Time: 0.134(0.13388/step) :: Entropy : 0.000 :: Grads : []
930 :: Rewards -67.713 :: steps: 1.00 :: Time: 0.105(0.10457/step) :: Entropy : 0.000 :: Grads : []
940 :: Rewards -68.282 :: steps: 1.00 :: Time: 0.103(0.10261/step) :: Entropy : 0.000 :: Grads : []
950 :: Rewards -68.524 :: steps: 1.00 :: Time: 0.140(0.13987/step) :: Entropy : 0.000 :: Grads : []
960 :: Rewards -68.524 :: steps: 1.00 :: Time: 0.108(0.10760/step) :: Entropy : 0.000 :: Grads : []
970 :: Rewards -69.274 :: steps: 1.00 :: Time: 0.110(0.10966/step) :: Entropy : 0.000 :: Grads : []
980 :: Rewards -69.594 :: steps: 1.00 :: Time: 0.149(0.14894/step) :: Entropy : 0.000 :: Grads : []
990 :: Rewards -69.594 :: steps: 1.00 :: Time: 0.113(0.11337/step) :: Entropy : 0.000 :: Grads : []
999 :: Rewards -69.594 :: steps: 0.90 :: Time: 0.116(0.12867/step) :: Entropy : 0.000 :: Grads : []
Total time taken: 54.35450077056885
