Module path:  Environments.NS_Reco NS_Reco
Dynamically loaded from:  <class 'Environments.NS_Reco.NS_Reco'>
Reward Amplitudes: [4.17022005e-01 7.20324493e-01 1.14374817e-04 3.02332573e-01
 1.46755891e-01] :: Avg 0.317309867282206 
Module path:  Src.Algorithms.OFPG OFPG
Dynamically loaded from:  <class 'Src.Algorithms.OFPG.OFPG'>
=====Configurations=====
 Namespace(NN_basis_dim='32', Policy_basis_dim='32', actor_lr=0.0021758107191788777, algo_name='OFPG', base=0, batch_size=1000, buffer_size=1000, debug=False, delta=5, entropy_lambda=0.0820027845863337, env_name='NS_Reco', experiment='NS_2r_', extrapolator_basis='Fourier', folder_suffix='Default', fourier_coupled=True, fourier_k=7, fourier_order=3, gamma=0.99, gauss_std=1.5, gpu=0, hyper='default', importance_clip=15.0, inc=1, log_output='term_file', max_episodes=1000, max_inner=100, max_steps=500, optim='rmsprop', oracle=-1, raw_basis=True, restore=False, save_count=100, save_model=True, seed=23, speed=2, state_lr=0.001, summary=True, swarm=False, timestamp='5|25|11:19:27')
Actions space: 5 :: State space: 1
State Low: tensor([0.]) :: State High: tensor([1.])
State features:  [('dummy_param', torch.Size([1]))]
Policy:  [('fc1.weight', torch.Size([5, 1])), ('fc1.bias', torch.Size([5]))]
0 :: Rewards -0.012 :: steps: 0.10 :: Time: 0.000(0.00066/step) :: Entropy : 0.000 :: Grads : []
10 :: Rewards -0.169 :: steps: 1.00 :: Time: 0.008(0.00802/step) :: Entropy : 0.000 :: Grads : []
20 :: Rewards -0.510 :: steps: 1.00 :: Time: 0.008(0.00808/step) :: Entropy : 0.000 :: Grads : []
30 :: Rewards -0.971 :: steps: 1.00 :: Time: 0.008(0.00839/step) :: Entropy : 0.000 :: Grads : []
40 :: Rewards -1.770 :: steps: 1.00 :: Time: 0.008(0.00787/step) :: Entropy : 0.000 :: Grads : []
50 :: Rewards -2.685 :: steps: 1.00 :: Time: 0.008(0.00798/step) :: Entropy : 0.000 :: Grads : []
60 :: Rewards -3.363 :: steps: 1.00 :: Time: 0.008(0.00793/step) :: Entropy : 0.000 :: Grads : []
70 :: Rewards -4.426 :: steps: 1.00 :: Time: 0.008(0.00807/step) :: Entropy : 0.000 :: Grads : []
80 :: Rewards -5.389 :: steps: 1.00 :: Time: 0.008(0.00814/step) :: Entropy : 0.000 :: Grads : []
90 :: Rewards -6.535 :: steps: 1.00 :: Time: 0.008(0.00836/step) :: Entropy : 0.000 :: Grads : []
100 :: Rewards -8.297 :: steps: 1.00 :: Time: 0.008(0.00842/step) :: Entropy : 0.000 :: Grads : []
110 :: Rewards -10.236 :: steps: 1.00 :: Time: 0.008(0.00844/step) :: Entropy : 0.000 :: Grads : []
120 :: Rewards -10.607 :: steps: 1.00 :: Time: 0.009(0.00851/step) :: Entropy : 0.000 :: Grads : []
130 :: Rewards -11.625 :: steps: 1.00 :: Time: 0.009(0.00854/step) :: Entropy : 0.000 :: Grads : []
140 :: Rewards -12.758 :: steps: 1.00 :: Time: 0.009(0.00869/step) :: Entropy : 0.000 :: Grads : []
150 :: Rewards -13.767 :: steps: 1.00 :: Time: 0.009(0.00878/step) :: Entropy : 0.000 :: Grads : []
160 :: Rewards -16.061 :: steps: 1.00 :: Time: 0.009(0.00887/step) :: Entropy : 0.000 :: Grads : []
170 :: Rewards -16.492 :: steps: 1.00 :: Time: 0.009(0.00893/step) :: Entropy : 0.000 :: Grads : []
180 :: Rewards -16.840 :: steps: 1.00 :: Time: 0.009(0.00903/step) :: Entropy : 0.000 :: Grads : []
190 :: Rewards -17.188 :: steps: 1.00 :: Time: 0.009(0.00905/step) :: Entropy : 0.000 :: Grads : []
200 :: Rewards -17.954 :: steps: 1.00 :: Time: 0.009(0.00908/step) :: Entropy : 0.000 :: Grads : []
210 :: Rewards -17.954 :: steps: 1.00 :: Time: 0.009(0.00917/step) :: Entropy : 0.000 :: Grads : []
220 :: Rewards -18.280 :: steps: 1.00 :: Time: 0.009(0.00941/step) :: Entropy : 0.000 :: Grads : []
230 :: Rewards -18.727 :: steps: 1.00 :: Time: 0.009(0.00945/step) :: Entropy : 0.000 :: Grads : []
240 :: Rewards -18.727 :: steps: 1.00 :: Time: 0.010(0.00954/step) :: Entropy : 0.000 :: Grads : []
250 :: Rewards -18.727 :: steps: 1.00 :: Time: 0.010(0.00959/step) :: Entropy : 0.000 :: Grads : []
260 :: Rewards -18.727 :: steps: 1.00 :: Time: 0.010(0.00971/step) :: Entropy : 0.000 :: Grads : []
270 :: Rewards -18.727 :: steps: 1.00 :: Time: 0.010(0.00988/step) :: Entropy : 0.000 :: Grads : []
280 :: Rewards -18.727 :: steps: 1.00 :: Time: 0.010(0.00990/step) :: Entropy : 0.000 :: Grads : []
290 :: Rewards -18.727 :: steps: 1.00 :: Time: 0.010(0.01003/step) :: Entropy : 0.000 :: Grads : []
300 :: Rewards -18.921 :: steps: 1.00 :: Time: 0.010(0.00997/step) :: Entropy : 0.000 :: Grads : []
310 :: Rewards -18.921 :: steps: 1.00 :: Time: 0.010(0.01009/step) :: Entropy : 0.000 :: Grads : []
320 :: Rewards -19.066 :: steps: 1.00 :: Time: 0.010(0.01034/step) :: Entropy : 0.000 :: Grads : []
330 :: Rewards -19.066 :: steps: 1.00 :: Time: 0.011(0.01053/step) :: Entropy : 0.000 :: Grads : []
340 :: Rewards -19.279 :: steps: 1.00 :: Time: 0.011(0.01073/step) :: Entropy : 0.000 :: Grads : []
350 :: Rewards -19.279 :: steps: 1.00 :: Time: 0.011(0.01074/step) :: Entropy : 0.000 :: Grads : []
360 :: Rewards -19.310 :: steps: 1.00 :: Time: 0.011(0.01114/step) :: Entropy : 0.000 :: Grads : []
370 :: Rewards -19.523 :: steps: 1.00 :: Time: 0.011(0.01106/step) :: Entropy : 0.000 :: Grads : []
380 :: Rewards -20.095 :: steps: 1.00 :: Time: 0.011(0.01115/step) :: Entropy : 0.000 :: Grads : []
390 :: Rewards -20.963 :: steps: 1.00 :: Time: 0.011(0.01126/step) :: Entropy : 0.000 :: Grads : []
400 :: Rewards -22.357 :: steps: 1.00 :: Time: 0.011(0.01123/step) :: Entropy : 0.000 :: Grads : []
410 :: Rewards -24.118 :: steps: 1.00 :: Time: 0.012(0.01151/step) :: Entropy : 0.000 :: Grads : []
420 :: Rewards -26.050 :: steps: 1.00 :: Time: 0.012(0.01164/step) :: Entropy : 0.000 :: Grads : []
430 :: Rewards -28.366 :: steps: 1.00 :: Time: 0.012(0.01182/step) :: Entropy : 0.000 :: Grads : []
440 :: Rewards -30.796 :: steps: 1.00 :: Time: 0.012(0.01189/step) :: Entropy : 0.000 :: Grads : []
450 :: Rewards -33.413 :: steps: 1.00 :: Time: 0.012(0.01190/step) :: Entropy : 0.000 :: Grads : []
460 :: Rewards -36.404 :: steps: 1.00 :: Time: 0.012(0.01193/step) :: Entropy : 0.000 :: Grads : []
470 :: Rewards -39.656 :: steps: 1.00 :: Time: 0.012(0.01199/step) :: Entropy : 0.000 :: Grads : []
480 :: Rewards -43.191 :: steps: 1.00 :: Time: 0.012(0.01202/step) :: Entropy : 0.000 :: Grads : []
490 :: Rewards -46.226 :: steps: 1.00 :: Time: 0.012(0.01215/step) :: Entropy : 0.000 :: Grads : []
500 :: Rewards -49.419 :: steps: 1.00 :: Time: 0.012(0.01217/step) :: Entropy : 0.000 :: Grads : []
510 :: Rewards -52.911 :: steps: 1.00 :: Time: 0.012(0.01226/step) :: Entropy : 0.000 :: Grads : []
520 :: Rewards -57.964 :: steps: 1.00 :: Time: 0.013(0.01251/step) :: Entropy : 0.000 :: Grads : []
530 :: Rewards -61.312 :: steps: 1.00 :: Time: 0.013(0.01259/step) :: Entropy : 0.000 :: Grads : []
540 :: Rewards -65.956 :: steps: 1.00 :: Time: 0.013(0.01258/step) :: Entropy : 0.000 :: Grads : []
550 :: Rewards -69.796 :: steps: 1.00 :: Time: 0.013(0.01265/step) :: Entropy : 0.000 :: Grads : []
560 :: Rewards -75.017 :: steps: 1.00 :: Time: 0.013(0.01264/step) :: Entropy : 0.000 :: Grads : []
570 :: Rewards -79.945 :: steps: 1.00 :: Time: 0.013(0.01263/step) :: Entropy : 0.000 :: Grads : []
580 :: Rewards -85.686 :: steps: 1.00 :: Time: 0.013(0.01282/step) :: Entropy : 0.000 :: Grads : []
590 :: Rewards -89.853 :: steps: 1.00 :: Time: 0.013(0.01276/step) :: Entropy : 0.000 :: Grads : []
600 :: Rewards -95.389 :: steps: 1.00 :: Time: 0.012(0.01177/step) :: Entropy : 0.000 :: Grads : []
610 :: Rewards -100.453 :: steps: 1.00 :: Time: 0.012(0.01191/step) :: Entropy : 0.000 :: Grads : []
620 :: Rewards -103.899 :: steps: 1.00 :: Time: 0.012(0.01224/step) :: Entropy : 0.000 :: Grads : []
630 :: Rewards -108.047 :: steps: 1.00 :: Time: 0.012(0.01199/step) :: Entropy : 0.000 :: Grads : []
640 :: Rewards -111.653 :: steps: 1.00 :: Time: 0.012(0.01230/step) :: Entropy : 0.000 :: Grads : []
650 :: Rewards -116.221 :: steps: 1.00 :: Time: 0.012(0.01232/step) :: Entropy : 0.000 :: Grads : []
660 :: Rewards -119.385 :: steps: 1.00 :: Time: 0.012(0.01210/step) :: Entropy : 0.000 :: Grads : []
670 :: Rewards -123.500 :: steps: 1.00 :: Time: 0.012(0.01182/step) :: Entropy : 0.000 :: Grads : []
680 :: Rewards -127.766 :: steps: 1.00 :: Time: 0.012(0.01201/step) :: Entropy : 0.000 :: Grads : []
690 :: Rewards -129.799 :: steps: 1.00 :: Time: 0.012(0.01189/step) :: Entropy : 0.000 :: Grads : []
700 :: Rewards -131.277 :: steps: 1.00 :: Time: 0.012(0.01245/step) :: Entropy : 0.000 :: Grads : []
710 :: Rewards -134.560 :: steps: 1.00 :: Time: 0.013(0.01272/step) :: Entropy : 0.000 :: Grads : []
720 :: Rewards -137.479 :: steps: 1.00 :: Time: 0.013(0.01266/step) :: Entropy : 0.000 :: Grads : []
730 :: Rewards -140.536 :: steps: 1.00 :: Time: 0.013(0.01279/step) :: Entropy : 0.000 :: Grads : []
740 :: Rewards -143.508 :: steps: 1.00 :: Time: 0.013(0.01269/step) :: Entropy : 0.000 :: Grads : []
750 :: Rewards -145.642 :: steps: 1.00 :: Time: 0.013(0.01271/step) :: Entropy : 0.000 :: Grads : []
760 :: Rewards -148.239 :: steps: 1.00 :: Time: 0.013(0.01273/step) :: Entropy : 0.000 :: Grads : []
770 :: Rewards -150.738 :: steps: 1.00 :: Time: 0.013(0.01316/step) :: Entropy : 0.000 :: Grads : []
780 :: Rewards -153.479 :: steps: 1.00 :: Time: 0.013(0.01340/step) :: Entropy : 0.000 :: Grads : []
790 :: Rewards -155.698 :: steps: 1.00 :: Time: 0.013(0.01338/step) :: Entropy : 0.000 :: Grads : []
800 :: Rewards -158.256 :: steps: 1.00 :: Time: 0.013(0.01341/step) :: Entropy : 0.000 :: Grads : []
810 :: Rewards -161.336 :: steps: 1.00 :: Time: 0.013(0.01350/step) :: Entropy : 0.000 :: Grads : []
820 :: Rewards -164.987 :: steps: 1.00 :: Time: 0.014(0.01380/step) :: Entropy : 0.000 :: Grads : []
830 :: Rewards -167.583 :: steps: 1.00 :: Time: 0.014(0.01390/step) :: Entropy : 0.000 :: Grads : []
840 :: Rewards -169.728 :: steps: 1.00 :: Time: 0.014(0.01400/step) :: Entropy : 0.000 :: Grads : []
850 :: Rewards -172.211 :: steps: 1.00 :: Time: 0.014(0.01417/step) :: Entropy : 0.000 :: Grads : []
860 :: Rewards -174.855 :: steps: 1.00 :: Time: 0.014(0.01388/step) :: Entropy : 0.000 :: Grads : []
870 :: Rewards -178.204 :: steps: 1.00 :: Time: 0.014(0.01392/step) :: Entropy : 0.000 :: Grads : []
880 :: Rewards -180.103 :: steps: 1.00 :: Time: 0.014(0.01393/step) :: Entropy : 0.000 :: Grads : []
890 :: Rewards -182.646 :: steps: 1.00 :: Time: 0.014(0.01391/step) :: Entropy : 0.000 :: Grads : []
900 :: Rewards -186.101 :: steps: 1.00 :: Time: 0.014(0.01402/step) :: Entropy : 0.000 :: Grads : []
910 :: Rewards -188.616 :: steps: 1.00 :: Time: 0.014(0.01415/step) :: Entropy : 0.000 :: Grads : []
920 :: Rewards -191.772 :: steps: 1.00 :: Time: 0.014(0.01427/step) :: Entropy : 0.000 :: Grads : []
930 :: Rewards -194.548 :: steps: 1.00 :: Time: 0.014(0.01437/step) :: Entropy : 0.000 :: Grads : []
940 :: Rewards -198.354 :: steps: 1.00 :: Time: 0.014(0.01444/step) :: Entropy : 0.000 :: Grads : []
950 :: Rewards -201.472 :: steps: 1.00 :: Time: 0.014(0.01443/step) :: Entropy : 0.000 :: Grads : []
960 :: Rewards -205.945 :: steps: 1.00 :: Time: 0.014(0.01428/step) :: Entropy : 0.000 :: Grads : []
970 :: Rewards -210.966 :: steps: 1.00 :: Time: 0.014(0.01430/step) :: Entropy : 0.000 :: Grads : []
980 :: Rewards -214.487 :: steps: 1.00 :: Time: 0.014(0.01445/step) :: Entropy : 0.000 :: Grads : []
990 :: Rewards -219.615 :: steps: 1.00 :: Time: 0.015(0.01460/step) :: Entropy : 0.000 :: Grads : []
999 :: Rewards -223.135 :: steps: 0.90 :: Time: 0.015(0.01631/step) :: Entropy : 0.000 :: Grads : []
Total time taken: 11.575260877609253
