Module path:  Environments.NS_Reco NS_Reco
Dynamically loaded from:  <class 'Environments.NS_Reco.NS_Reco'>
Reward Amplitudes: [4.17022005e-01 7.20324493e-01 1.14374817e-04 3.02332573e-01
 1.46755891e-01] :: Avg 0.317309867282206 
Module path:  Src.Algorithms.ProWLS ProWLS
Dynamically loaded from:  <class 'Src.Algorithms.ProWLS.ProWLS'>
=====Configurations=====
 Namespace(NN_basis_dim='32', Policy_basis_dim='32', actor_lr=0.007650333890460954, algo_name='ProWLS', base=0, batch_size=1000, buffer_size=1000, debug=False, delta=5, entropy_lambda=0.03134205440723196, env_name='NS_Reco', experiment='NS_2_', extrapolator_basis='Fourier', folder_suffix='Default', fourier_coupled=True, fourier_k=3, fourier_order=3, gamma=0.99, gauss_std=1.5, gpu=0, hyper='default', importance_clip=15.0, inc=1, log_output='term_file', max_episodes=1000, max_inner=50, max_steps=500, optim='rmsprop', oracle=-1, raw_basis=True, restore=False, save_count=100, save_model=True, seed=9, speed=2, state_lr=0.001, summary=True, swarm=False, timestamp='5|24|17:35:9')
Actions space: 5 :: State space: 1
State Low: tensor([0.]) :: State High: tensor([1.])
State features:  [('dummy_param', torch.Size([1]))]
Policy:  [('fc1.weight', torch.Size([5, 1])), ('fc1.bias', torch.Size([5]))]
0 :: Rewards -0.022 :: steps: 0.10 :: Time: 0.000(0.00060/step) :: Entropy : 0.000 :: Grads : []
10 :: Rewards 0.149 :: steps: 1.00 :: Time: 0.006(0.00581/step) :: Entropy : 0.000 :: Grads : []
20 :: Rewards 0.358 :: steps: 1.00 :: Time: 0.006(0.00568/step) :: Entropy : 0.000 :: Grads : []
30 :: Rewards 0.662 :: steps: 1.00 :: Time: 0.006(0.00580/step) :: Entropy : 0.000 :: Grads : []
40 :: Rewards 2.050 :: steps: 1.00 :: Time: 0.006(0.00564/step) :: Entropy : 0.000 :: Grads : []
50 :: Rewards 3.568 :: steps: 1.00 :: Time: 0.006(0.00571/step) :: Entropy : 0.000 :: Grads : []
60 :: Rewards 5.816 :: steps: 1.00 :: Time: 0.006(0.00577/step) :: Entropy : 0.000 :: Grads : []
70 :: Rewards 7.944 :: steps: 1.00 :: Time: 0.006(0.00583/step) :: Entropy : 0.000 :: Grads : []
80 :: Rewards 10.974 :: steps: 1.00 :: Time: 0.006(0.00592/step) :: Entropy : 0.000 :: Grads : []
90 :: Rewards 15.120 :: steps: 1.00 :: Time: 0.006(0.00597/step) :: Entropy : 0.000 :: Grads : []
100 :: Rewards 19.654 :: steps: 1.00 :: Time: 0.006(0.00607/step) :: Entropy : 0.000 :: Grads : []
110 :: Rewards 24.623 :: steps: 1.00 :: Time: 0.006(0.00616/step) :: Entropy : 0.000 :: Grads : []
120 :: Rewards 28.714 :: steps: 1.00 :: Time: 0.006(0.00623/step) :: Entropy : 0.000 :: Grads : []
130 :: Rewards 32.407 :: steps: 1.00 :: Time: 0.006(0.00635/step) :: Entropy : 0.000 :: Grads : []
140 :: Rewards 36.286 :: steps: 1.00 :: Time: 0.006(0.00645/step) :: Entropy : 0.000 :: Grads : []
150 :: Rewards 41.364 :: steps: 1.00 :: Time: 0.007(0.00656/step) :: Entropy : 0.000 :: Grads : []
160 :: Rewards 47.193 :: steps: 1.00 :: Time: 0.007(0.00665/step) :: Entropy : 0.000 :: Grads : []
170 :: Rewards 53.873 :: steps: 1.00 :: Time: 0.007(0.00680/step) :: Entropy : 0.000 :: Grads : []
180 :: Rewards 60.730 :: steps: 1.00 :: Time: 0.007(0.00690/step) :: Entropy : 0.000 :: Grads : []
190 :: Rewards 67.023 :: steps: 1.00 :: Time: 0.007(0.00740/step) :: Entropy : 0.000 :: Grads : []
200 :: Rewards 72.992 :: steps: 1.00 :: Time: 0.007(0.00743/step) :: Entropy : 0.000 :: Grads : []
210 :: Rewards 80.156 :: steps: 1.00 :: Time: 0.008(0.00767/step) :: Entropy : 0.000 :: Grads : []
220 :: Rewards 86.637 :: steps: 1.00 :: Time: 0.008(0.00781/step) :: Entropy : 0.000 :: Grads : []
230 :: Rewards 93.893 :: steps: 1.00 :: Time: 0.008(0.00805/step) :: Entropy : 0.000 :: Grads : []
240 :: Rewards 101.082 :: steps: 1.00 :: Time: 0.008(0.00819/step) :: Entropy : 0.000 :: Grads : []
250 :: Rewards 108.198 :: steps: 1.00 :: Time: 0.008(0.00837/step) :: Entropy : 0.000 :: Grads : []
260 :: Rewards 115.163 :: steps: 1.00 :: Time: 0.008(0.00847/step) :: Entropy : 0.000 :: Grads : []
270 :: Rewards 121.745 :: steps: 1.00 :: Time: 0.009(0.00866/step) :: Entropy : 0.000 :: Grads : []
280 :: Rewards 128.386 :: steps: 1.00 :: Time: 0.009(0.00873/step) :: Entropy : 0.000 :: Grads : []
290 :: Rewards 134.044 :: steps: 1.00 :: Time: 0.009(0.00887/step) :: Entropy : 0.000 :: Grads : []
300 :: Rewards 138.317 :: steps: 1.00 :: Time: 0.009(0.00893/step) :: Entropy : 0.000 :: Grads : []
310 :: Rewards 143.769 :: steps: 1.00 :: Time: 0.009(0.00910/step) :: Entropy : 0.000 :: Grads : []
320 :: Rewards 149.222 :: steps: 1.00 :: Time: 0.009(0.00944/step) :: Entropy : 0.000 :: Grads : []
330 :: Rewards 154.470 :: steps: 1.00 :: Time: 0.009(0.00945/step) :: Entropy : 0.000 :: Grads : []
340 :: Rewards 158.263 :: steps: 1.00 :: Time: 0.010(0.00960/step) :: Entropy : 0.000 :: Grads : []
350 :: Rewards 161.970 :: steps: 1.00 :: Time: 0.010(0.00976/step) :: Entropy : 0.000 :: Grads : []
360 :: Rewards 165.373 :: steps: 1.00 :: Time: 0.010(0.00984/step) :: Entropy : 0.000 :: Grads : []
370 :: Rewards 168.648 :: steps: 1.00 :: Time: 0.010(0.01020/step) :: Entropy : 0.000 :: Grads : []
380 :: Rewards 171.445 :: steps: 1.00 :: Time: 0.010(0.01025/step) :: Entropy : 0.000 :: Grads : []
390 :: Rewards 174.251 :: steps: 1.00 :: Time: 0.011(0.01055/step) :: Entropy : 0.000 :: Grads : []
400 :: Rewards 177.419 :: steps: 1.00 :: Time: 0.011(0.01059/step) :: Entropy : 0.000 :: Grads : []
410 :: Rewards 180.467 :: steps: 1.00 :: Time: 0.011(0.01095/step) :: Entropy : 0.000 :: Grads : []
420 :: Rewards 183.314 :: steps: 1.00 :: Time: 0.011(0.01107/step) :: Entropy : 0.000 :: Grads : []
430 :: Rewards 186.029 :: steps: 1.00 :: Time: 0.011(0.01129/step) :: Entropy : 0.000 :: Grads : []
440 :: Rewards 188.761 :: steps: 1.00 :: Time: 0.011(0.01127/step) :: Entropy : 0.000 :: Grads : []
450 :: Rewards 191.106 :: steps: 1.00 :: Time: 0.012(0.01161/step) :: Entropy : 0.000 :: Grads : []
460 :: Rewards 192.803 :: steps: 1.00 :: Time: 0.012(0.01167/step) :: Entropy : 0.000 :: Grads : []
470 :: Rewards 195.058 :: steps: 1.00 :: Time: 0.012(0.01233/step) :: Entropy : 0.000 :: Grads : []
480 :: Rewards 196.873 :: steps: 1.00 :: Time: 0.012(0.01205/step) :: Entropy : 0.000 :: Grads : []
490 :: Rewards 198.338 :: steps: 1.00 :: Time: 0.012(0.01242/step) :: Entropy : 0.000 :: Grads : []
500 :: Rewards 199.922 :: steps: 1.00 :: Time: 0.012(0.01248/step) :: Entropy : 0.000 :: Grads : []
510 :: Rewards 201.346 :: steps: 1.00 :: Time: 0.013(0.01312/step) :: Entropy : 0.000 :: Grads : []
520 :: Rewards 202.425 :: steps: 1.00 :: Time: 0.013(0.01302/step) :: Entropy : 0.000 :: Grads : []
530 :: Rewards 203.210 :: steps: 1.00 :: Time: 0.013(0.01337/step) :: Entropy : 0.000 :: Grads : []
540 :: Rewards 203.870 :: steps: 1.00 :: Time: 0.013(0.01335/step) :: Entropy : 0.000 :: Grads : []
550 :: Rewards 204.481 :: steps: 1.00 :: Time: 0.014(0.01388/step) :: Entropy : 0.000 :: Grads : []
560 :: Rewards 204.851 :: steps: 1.00 :: Time: 0.014(0.01394/step) :: Entropy : 0.000 :: Grads : []
570 :: Rewards 205.265 :: steps: 1.00 :: Time: 0.014(0.01445/step) :: Entropy : 0.000 :: Grads : []
580 :: Rewards 205.649 :: steps: 1.00 :: Time: 0.014(0.01450/step) :: Entropy : 0.000 :: Grads : []
590 :: Rewards 206.256 :: steps: 1.00 :: Time: 0.015(0.01492/step) :: Entropy : 0.000 :: Grads : []
600 :: Rewards 206.864 :: steps: 1.00 :: Time: 0.015(0.01493/step) :: Entropy : 0.000 :: Grads : []
610 :: Rewards 207.243 :: steps: 1.00 :: Time: 0.016(0.01558/step) :: Entropy : 0.000 :: Grads : []
620 :: Rewards 207.991 :: steps: 1.00 :: Time: 0.016(0.01552/step) :: Entropy : 0.000 :: Grads : []
630 :: Rewards 208.683 :: steps: 1.00 :: Time: 0.016(0.01604/step) :: Entropy : 0.000 :: Grads : []
640 :: Rewards 208.916 :: steps: 1.00 :: Time: 0.016(0.01612/step) :: Entropy : 0.000 :: Grads : []
650 :: Rewards 209.495 :: steps: 1.00 :: Time: 0.017(0.01664/step) :: Entropy : 0.000 :: Grads : []
660 :: Rewards 210.021 :: steps: 1.00 :: Time: 0.017(0.01665/step) :: Entropy : 0.000 :: Grads : []
670 :: Rewards 210.398 :: steps: 1.00 :: Time: 0.017(0.01737/step) :: Entropy : 0.000 :: Grads : []
680 :: Rewards 210.737 :: steps: 1.00 :: Time: 0.017(0.01728/step) :: Entropy : 0.000 :: Grads : []
690 :: Rewards 211.010 :: steps: 1.00 :: Time: 0.018(0.01821/step) :: Entropy : 0.000 :: Grads : []
700 :: Rewards 211.234 :: steps: 1.00 :: Time: 0.018(0.01842/step) :: Entropy : 0.000 :: Grads : []
710 :: Rewards 211.388 :: steps: 1.00 :: Time: 0.021(0.02053/step) :: Entropy : 0.000 :: Grads : []
720 :: Rewards 211.539 :: steps: 1.00 :: Time: 0.019(0.01894/step) :: Entropy : 0.000 :: Grads : []
730 :: Rewards 211.613 :: steps: 1.00 :: Time: 0.020(0.02003/step) :: Entropy : 0.000 :: Grads : []
740 :: Rewards 211.664 :: steps: 1.00 :: Time: 0.020(0.01982/step) :: Entropy : 0.000 :: Grads : []
750 :: Rewards 211.652 :: steps: 1.00 :: Time: 0.021(0.02053/step) :: Entropy : 0.000 :: Grads : []
760 :: Rewards 211.596 :: steps: 1.00 :: Time: 0.021(0.02075/step) :: Entropy : 0.000 :: Grads : []
770 :: Rewards 211.454 :: steps: 1.00 :: Time: 0.021(0.02140/step) :: Entropy : 0.000 :: Grads : []
780 :: Rewards 211.341 :: steps: 1.00 :: Time: 0.022(0.02188/step) :: Entropy : 0.000 :: Grads : []
790 :: Rewards 211.131 :: steps: 1.00 :: Time: 0.022(0.02206/step) :: Entropy : 0.000 :: Grads : []
800 :: Rewards 210.977 :: steps: 1.00 :: Time: 0.023(0.02263/step) :: Entropy : 0.000 :: Grads : []
810 :: Rewards 210.910 :: steps: 1.00 :: Time: 0.023(0.02286/step) :: Entropy : 0.000 :: Grads : []
820 :: Rewards 210.712 :: steps: 1.00 :: Time: 0.023(0.02325/step) :: Entropy : 0.000 :: Grads : []
830 :: Rewards 210.625 :: steps: 1.00 :: Time: 0.024(0.02402/step) :: Entropy : 0.000 :: Grads : []
840 :: Rewards 210.320 :: steps: 1.00 :: Time: 0.024(0.02438/step) :: Entropy : 0.000 :: Grads : []
850 :: Rewards 210.001 :: steps: 1.00 :: Time: 0.025(0.02495/step) :: Entropy : 0.000 :: Grads : []
860 :: Rewards 209.876 :: steps: 1.00 :: Time: 0.026(0.02598/step) :: Entropy : 0.000 :: Grads : []
870 :: Rewards 209.473 :: steps: 1.00 :: Time: 0.029(0.02871/step) :: Entropy : 0.000 :: Grads : []
880 :: Rewards 209.479 :: steps: 1.00 :: Time: 0.027(0.02703/step) :: Entropy : 0.000 :: Grads : []
890 :: Rewards 209.085 :: steps: 1.00 :: Time: 0.027(0.02722/step) :: Entropy : 0.000 :: Grads : []
900 :: Rewards 208.983 :: steps: 1.00 :: Time: 0.027(0.02745/step) :: Entropy : 0.000 :: Grads : []
910 :: Rewards 208.766 :: steps: 1.00 :: Time: 0.028(0.02829/step) :: Entropy : 0.000 :: Grads : []
920 :: Rewards 208.664 :: steps: 1.00 :: Time: 0.028(0.02812/step) :: Entropy : 0.000 :: Grads : []
930 :: Rewards 208.463 :: steps: 1.00 :: Time: 0.029(0.02908/step) :: Entropy : 0.000 :: Grads : []
940 :: Rewards 208.186 :: steps: 1.00 :: Time: 0.029(0.02852/step) :: Entropy : 0.000 :: Grads : []
950 :: Rewards 207.825 :: steps: 1.00 :: Time: 0.031(0.03118/step) :: Entropy : 0.000 :: Grads : []
960 :: Rewards 207.830 :: steps: 1.00 :: Time: 0.031(0.03104/step) :: Entropy : 0.000 :: Grads : []
970 :: Rewards 207.822 :: steps: 1.00 :: Time: 0.032(0.03206/step) :: Entropy : 0.000 :: Grads : []
980 :: Rewards 208.267 :: steps: 1.00 :: Time: 0.032(0.03228/step) :: Entropy : 0.000 :: Grads : []
990 :: Rewards 209.807 :: steps: 1.00 :: Time: 0.033(0.03340/step) :: Entropy : 0.000 :: Grads : []
999 :: Rewards 214.091 :: steps: 0.90 :: Time: 0.033(0.03689/step) :: Entropy : 0.000 :: Grads : []
Total time taken: 15.09687089920044
