Module path:  Environments.NS_Reco NS_Reco
Dynamically loaded from:  <class 'Environments.NS_Reco.NS_Reco'>
Reward Amplitudes: [4.17022005e-01 7.20324493e-01 1.14374817e-04 3.02332573e-01
 1.46755891e-01] :: Avg 0.317309867282206 
Module path:  Src.Algorithms.ProOLS ProOLS
Dynamically loaded from:  <class 'Src.Algorithms.ProOLS.ProOLS'>
=====Configurations=====
 Namespace(NN_basis_dim='32', Policy_basis_dim='32', actor_lr=0.0045712864064011045, algo_name='ProOLS', base=0, batch_size=1000, buffer_size=1000, debug=False, delta=3, entropy_lambda=0.04318892012402085, env_name='NS_Reco', experiment='NS_1r_', extrapolator_basis='Fourier', folder_suffix='Default', fourier_coupled=True, fourier_k=5, fourier_order=3, gamma=0.99, gauss_std=1.5, gpu=0, hyper='default', importance_clip=5.0, inc=1, log_output='term_file', max_episodes=1000, max_inner=60, max_steps=500, optim='rmsprop', oracle=-1, raw_basis=True, restore=False, save_count=100, save_model=True, seed=5, speed=1, state_lr=0.001, summary=True, swarm=False, timestamp='5|25|11:26:42')
Actions space: 5 :: State space: 1
State Low: tensor([0.]) :: State High: tensor([1.])
State features:  [('dummy_param', torch.Size([1]))]
Policy:  [('fc1.weight', torch.Size([5, 1])), ('fc1.bias', torch.Size([5]))]
0 :: Rewards -0.003 :: steps: 0.10 :: Time: 0.000(0.00060/step) :: Entropy : 0.000 :: Grads : []
10 :: Rewards -0.096 :: steps: 1.00 :: Time: 0.006(0.00550/step) :: Entropy : 0.000 :: Grads : []
20 :: Rewards -0.295 :: steps: 1.00 :: Time: 0.011(0.01072/step) :: Entropy : 0.000 :: Grads : []
30 :: Rewards -0.693 :: steps: 1.00 :: Time: 0.009(0.00862/step) :: Entropy : 0.000 :: Grads : []
40 :: Rewards -1.111 :: steps: 1.00 :: Time: 0.008(0.00791/step) :: Entropy : 0.000 :: Grads : []
50 :: Rewards -1.373 :: steps: 1.00 :: Time: 0.011(0.01056/step) :: Entropy : 0.000 :: Grads : []
60 :: Rewards -2.283 :: steps: 1.00 :: Time: 0.008(0.00814/step) :: Entropy : 0.000 :: Grads : []
70 :: Rewards -3.358 :: steps: 1.00 :: Time: 0.008(0.00818/step) :: Entropy : 0.000 :: Grads : []
80 :: Rewards -4.714 :: steps: 1.00 :: Time: 0.011(0.01089/step) :: Entropy : 0.000 :: Grads : []
90 :: Rewards -5.413 :: steps: 1.00 :: Time: 0.008(0.00835/step) :: Entropy : 0.000 :: Grads : []
100 :: Rewards -5.551 :: steps: 1.00 :: Time: 0.008(0.00831/step) :: Entropy : 0.000 :: Grads : []
110 :: Rewards -5.551 :: steps: 1.00 :: Time: 0.011(0.01119/step) :: Entropy : 0.000 :: Grads : []
120 :: Rewards -5.551 :: steps: 1.00 :: Time: 0.008(0.00849/step) :: Entropy : 0.000 :: Grads : []
130 :: Rewards -5.551 :: steps: 1.00 :: Time: 0.009(0.00856/step) :: Entropy : 0.000 :: Grads : []
140 :: Rewards -5.551 :: steps: 1.00 :: Time: 0.012(0.01150/step) :: Entropy : 0.000 :: Grads : []
150 :: Rewards -5.551 :: steps: 1.00 :: Time: 0.009(0.00880/step) :: Entropy : 0.000 :: Grads : []
160 :: Rewards -5.551 :: steps: 1.00 :: Time: 0.009(0.00882/step) :: Entropy : 0.000 :: Grads : []
170 :: Rewards -5.551 :: steps: 1.00 :: Time: 0.012(0.01179/step) :: Entropy : 0.000 :: Grads : []
180 :: Rewards -5.551 :: steps: 1.00 :: Time: 0.009(0.00897/step) :: Entropy : 0.000 :: Grads : []
190 :: Rewards -5.551 :: steps: 1.00 :: Time: 0.009(0.00895/step) :: Entropy : 0.000 :: Grads : []
200 :: Rewards -5.551 :: steps: 1.00 :: Time: 0.012(0.01205/step) :: Entropy : 0.000 :: Grads : []
210 :: Rewards -5.551 :: steps: 1.00 :: Time: 0.009(0.00913/step) :: Entropy : 0.000 :: Grads : []
220 :: Rewards -5.551 :: steps: 1.00 :: Time: 0.009(0.00920/step) :: Entropy : 0.000 :: Grads : []
230 :: Rewards -5.551 :: steps: 1.00 :: Time: 0.012(0.01231/step) :: Entropy : 0.000 :: Grads : []
240 :: Rewards -5.551 :: steps: 1.00 :: Time: 0.009(0.00933/step) :: Entropy : 0.000 :: Grads : []
250 :: Rewards -5.551 :: steps: 1.00 :: Time: 0.009(0.00934/step) :: Entropy : 0.000 :: Grads : []
260 :: Rewards -5.551 :: steps: 1.00 :: Time: 0.013(0.01269/step) :: Entropy : 0.000 :: Grads : []
270 :: Rewards -5.551 :: steps: 1.00 :: Time: 0.010(0.00979/step) :: Entropy : 0.000 :: Grads : []
280 :: Rewards -5.551 :: steps: 1.00 :: Time: 0.010(0.00974/step) :: Entropy : 0.000 :: Grads : []
290 :: Rewards -5.551 :: steps: 1.00 :: Time: 0.013(0.01305/step) :: Entropy : 0.000 :: Grads : []
300 :: Rewards -5.551 :: steps: 1.00 :: Time: 0.010(0.01007/step) :: Entropy : 0.000 :: Grads : []
310 :: Rewards -5.551 :: steps: 1.00 :: Time: 0.010(0.01002/step) :: Entropy : 0.000 :: Grads : []
320 :: Rewards -5.551 :: steps: 1.00 :: Time: 0.014(0.01353/step) :: Entropy : 0.000 :: Grads : []
330 :: Rewards -5.551 :: steps: 1.00 :: Time: 0.010(0.01046/step) :: Entropy : 0.000 :: Grads : []
340 :: Rewards -5.551 :: steps: 1.00 :: Time: 0.010(0.01041/step) :: Entropy : 0.000 :: Grads : []
350 :: Rewards -5.551 :: steps: 1.00 :: Time: 0.014(0.01413/step) :: Entropy : 0.000 :: Grads : []
360 :: Rewards -5.551 :: steps: 1.00 :: Time: 0.011(0.01079/step) :: Entropy : 0.000 :: Grads : []
370 :: Rewards -5.551 :: steps: 1.00 :: Time: 0.011(0.01095/step) :: Entropy : 0.000 :: Grads : []
380 :: Rewards -5.551 :: steps: 1.00 :: Time: 0.015(0.01461/step) :: Entropy : 0.000 :: Grads : []
390 :: Rewards -5.551 :: steps: 1.00 :: Time: 0.011(0.01110/step) :: Entropy : 0.000 :: Grads : []
400 :: Rewards -5.551 :: steps: 1.00 :: Time: 0.011(0.01122/step) :: Entropy : 0.000 :: Grads : []
410 :: Rewards -5.551 :: steps: 1.00 :: Time: 0.015(0.01512/step) :: Entropy : 0.000 :: Grads : []
420 :: Rewards -5.551 :: steps: 1.00 :: Time: 0.012(0.01176/step) :: Entropy : 0.000 :: Grads : []
430 :: Rewards -5.551 :: steps: 1.00 :: Time: 0.012(0.01179/step) :: Entropy : 0.000 :: Grads : []
440 :: Rewards -5.551 :: steps: 1.00 :: Time: 0.016(0.01590/step) :: Entropy : 0.000 :: Grads : []
450 :: Rewards -5.551 :: steps: 1.00 :: Time: 0.012(0.01208/step) :: Entropy : 0.000 :: Grads : []
460 :: Rewards -5.551 :: steps: 1.00 :: Time: 0.012(0.01196/step) :: Entropy : 0.000 :: Grads : []
470 :: Rewards -5.551 :: steps: 1.00 :: Time: 0.016(0.01614/step) :: Entropy : 0.000 :: Grads : []
480 :: Rewards -5.551 :: steps: 1.00 :: Time: 0.012(0.01229/step) :: Entropy : 0.000 :: Grads : []
490 :: Rewards -5.551 :: steps: 1.00 :: Time: 0.012(0.01215/step) :: Entropy : 0.000 :: Grads : []
500 :: Rewards -5.551 :: steps: 1.00 :: Time: 0.017(0.01652/step) :: Entropy : 0.000 :: Grads : []
510 :: Rewards -5.551 :: steps: 1.00 :: Time: 0.013(0.01258/step) :: Entropy : 0.000 :: Grads : []
520 :: Rewards -5.551 :: steps: 1.00 :: Time: 0.013(0.01274/step) :: Entropy : 0.000 :: Grads : []
530 :: Rewards -5.551 :: steps: 1.00 :: Time: 0.017(0.01696/step) :: Entropy : 0.000 :: Grads : []
540 :: Rewards -5.551 :: steps: 1.00 :: Time: 0.013(0.01273/step) :: Entropy : 0.000 :: Grads : []
550 :: Rewards -5.551 :: steps: 1.00 :: Time: 0.013(0.01296/step) :: Entropy : 0.000 :: Grads : []
560 :: Rewards -5.551 :: steps: 1.00 :: Time: 0.017(0.01734/step) :: Entropy : 0.000 :: Grads : []
570 :: Rewards -5.551 :: steps: 1.00 :: Time: 0.013(0.01307/step) :: Entropy : 0.000 :: Grads : []
580 :: Rewards -5.551 :: steps: 1.00 :: Time: 0.013(0.01317/step) :: Entropy : 0.000 :: Grads : []
590 :: Rewards -5.551 :: steps: 1.00 :: Time: 0.018(0.01771/step) :: Entropy : 0.000 :: Grads : []
600 :: Rewards -5.551 :: steps: 1.00 :: Time: 0.013(0.01345/step) :: Entropy : 0.000 :: Grads : []
610 :: Rewards -5.551 :: steps: 1.00 :: Time: 0.013(0.01334/step) :: Entropy : 0.000 :: Grads : []
620 :: Rewards -5.551 :: steps: 1.00 :: Time: 0.018(0.01786/step) :: Entropy : 0.000 :: Grads : []
630 :: Rewards -5.551 :: steps: 1.00 :: Time: 0.014(0.01379/step) :: Entropy : 0.000 :: Grads : []
640 :: Rewards -5.551 :: steps: 1.00 :: Time: 0.014(0.01353/step) :: Entropy : 0.000 :: Grads : []
650 :: Rewards -5.551 :: steps: 1.00 :: Time: 0.018(0.01817/step) :: Entropy : 0.000 :: Grads : []
660 :: Rewards -5.551 :: steps: 1.00 :: Time: 0.014(0.01370/step) :: Entropy : 0.000 :: Grads : []
670 :: Rewards -5.551 :: steps: 1.00 :: Time: 0.014(0.01397/step) :: Entropy : 0.000 :: Grads : []
680 :: Rewards -5.551 :: steps: 1.00 :: Time: 0.019(0.01856/step) :: Entropy : 0.000 :: Grads : []
690 :: Rewards -5.551 :: steps: 1.00 :: Time: 0.014(0.01386/step) :: Entropy : 0.000 :: Grads : []
700 :: Rewards -5.551 :: steps: 1.00 :: Time: 0.014(0.01413/step) :: Entropy : 0.000 :: Grads : []
710 :: Rewards -5.551 :: steps: 1.00 :: Time: 0.019(0.01876/step) :: Entropy : 0.000 :: Grads : []
720 :: Rewards -5.551 :: steps: 1.00 :: Time: 0.014(0.01430/step) :: Entropy : 0.000 :: Grads : []
730 :: Rewards -5.603 :: steps: 1.00 :: Time: 0.014(0.01424/step) :: Entropy : 0.000 :: Grads : []
740 :: Rewards -5.827 :: steps: 1.00 :: Time: 0.019(0.01915/step) :: Entropy : 0.000 :: Grads : []
750 :: Rewards -6.267 :: steps: 1.00 :: Time: 0.015(0.01451/step) :: Entropy : 0.000 :: Grads : []
760 :: Rewards -6.903 :: steps: 1.00 :: Time: 0.014(0.01440/step) :: Entropy : 0.000 :: Grads : []
770 :: Rewards -7.700 :: steps: 1.00 :: Time: 0.020(0.01956/step) :: Entropy : 0.000 :: Grads : []
780 :: Rewards -8.619 :: steps: 1.00 :: Time: 0.015(0.01478/step) :: Entropy : 0.000 :: Grads : []
790 :: Rewards -9.724 :: steps: 1.00 :: Time: 0.015(0.01472/step) :: Entropy : 0.000 :: Grads : []
800 :: Rewards -11.044 :: steps: 1.00 :: Time: 0.020(0.01971/step) :: Entropy : 0.000 :: Grads : []
810 :: Rewards -12.542 :: steps: 1.00 :: Time: 0.015(0.01525/step) :: Entropy : 0.000 :: Grads : []
820 :: Rewards -14.215 :: steps: 1.00 :: Time: 0.015(0.01530/step) :: Entropy : 0.000 :: Grads : []
830 :: Rewards -16.204 :: steps: 1.00 :: Time: 0.020(0.02030/step) :: Entropy : 0.000 :: Grads : []
840 :: Rewards -17.987 :: steps: 1.00 :: Time: 0.016(0.01550/step) :: Entropy : 0.000 :: Grads : []
850 :: Rewards -19.469 :: steps: 1.00 :: Time: 0.016(0.01554/step) :: Entropy : 0.000 :: Grads : []
860 :: Rewards -20.505 :: steps: 1.00 :: Time: 0.021(0.02060/step) :: Entropy : 0.000 :: Grads : []
870 :: Rewards -20.834 :: steps: 1.00 :: Time: 0.015(0.01534/step) :: Entropy : 0.000 :: Grads : []
880 :: Rewards -21.508 :: steps: 1.00 :: Time: 0.016(0.01576/step) :: Entropy : 0.000 :: Grads : []
890 :: Rewards -21.573 :: steps: 1.00 :: Time: 0.021(0.02089/step) :: Entropy : 0.000 :: Grads : []
900 :: Rewards -22.377 :: steps: 1.00 :: Time: 0.016(0.01587/step) :: Entropy : 0.000 :: Grads : []
910 :: Rewards -22.498 :: steps: 1.00 :: Time: 0.016(0.01582/step) :: Entropy : 0.000 :: Grads : []
920 :: Rewards -22.737 :: steps: 1.00 :: Time: 0.022(0.02152/step) :: Entropy : 0.000 :: Grads : []
930 :: Rewards -22.983 :: steps: 1.00 :: Time: 0.016(0.01616/step) :: Entropy : 0.000 :: Grads : []
940 :: Rewards -23.092 :: steps: 1.00 :: Time: 0.016(0.01638/step) :: Entropy : 0.000 :: Grads : []
950 :: Rewards -23.092 :: steps: 1.00 :: Time: 0.022(0.02172/step) :: Entropy : 0.000 :: Grads : []
960 :: Rewards -23.092 :: steps: 1.00 :: Time: 0.016(0.01639/step) :: Entropy : 0.000 :: Grads : []
970 :: Rewards -23.227 :: steps: 1.00 :: Time: 0.016(0.01642/step) :: Entropy : 0.000 :: Grads : []
980 :: Rewards -23.346 :: steps: 1.00 :: Time: 0.022(0.02196/step) :: Entropy : 0.000 :: Grads : []
990 :: Rewards -23.474 :: steps: 1.00 :: Time: 0.017(0.01686/step) :: Entropy : 0.000 :: Grads : []
999 :: Rewards -23.575 :: steps: 0.90 :: Time: 0.017(0.01838/step) :: Entropy : 0.000 :: Grads : []
Total time taken: 13.579859018325806
