Module path:  Environments.NS_Reco NS_Reco
Dynamically loaded from:  <class 'Environments.NS_Reco.NS_Reco'>
Reward Amplitudes: [4.17022005e-01 7.20324493e-01 1.14374817e-04 3.02332573e-01
 1.46755891e-01] :: Avg 0.317309867282206 
Module path:  Src.Algorithms.ProWLS ProWLS
Dynamically loaded from:  <class 'Src.Algorithms.ProWLS.ProWLS'>
=====Configurations=====
 Namespace(NN_basis_dim='32', Policy_basis_dim='32', actor_lr=0.007650333890460954, algo_name='ProWLS', base=0, batch_size=1000, buffer_size=1000, debug=False, delta=5, entropy_lambda=0.03134205440723196, env_name='NS_Reco', experiment='NS_2r_', extrapolator_basis='Fourier', folder_suffix='Default', fourier_coupled=True, fourier_k=3, fourier_order=3, gamma=0.99, gauss_std=1.5, gpu=0, hyper='default', importance_clip=15.0, inc=1, log_output='term_file', max_episodes=1000, max_inner=50, max_steps=500, optim='rmsprop', oracle=-1, raw_basis=True, restore=False, save_count=100, save_model=True, seed=7, speed=2, state_lr=0.001, summary=True, swarm=False, timestamp='5|25|11:25:45')
Actions space: 5 :: State space: 1
State Low: tensor([0.]) :: State High: tensor([1.])
State features:  [('dummy_param', torch.Size([1]))]
Policy:  [('fc1.weight', torch.Size([5, 1])), ('fc1.bias', torch.Size([5]))]
0 :: Rewards -0.007 :: steps: 0.10 :: Time: 0.000(0.00074/step) :: Entropy : 0.000 :: Grads : []
10 :: Rewards -0.242 :: steps: 1.00 :: Time: 0.006(0.00599/step) :: Entropy : 0.000 :: Grads : []
20 :: Rewards -0.678 :: steps: 1.00 :: Time: 0.006(0.00622/step) :: Entropy : 0.000 :: Grads : []
30 :: Rewards -1.150 :: steps: 1.00 :: Time: 0.006(0.00594/step) :: Entropy : 0.000 :: Grads : []
40 :: Rewards -1.543 :: steps: 1.00 :: Time: 0.006(0.00573/step) :: Entropy : 0.000 :: Grads : []
50 :: Rewards -1.779 :: steps: 1.00 :: Time: 0.006(0.00646/step) :: Entropy : 0.000 :: Grads : []
60 :: Rewards -2.137 :: steps: 1.00 :: Time: 0.006(0.00610/step) :: Entropy : 0.000 :: Grads : []
70 :: Rewards -2.532 :: steps: 1.00 :: Time: 0.006(0.00594/step) :: Entropy : 0.000 :: Grads : []
80 :: Rewards -3.389 :: steps: 1.00 :: Time: 0.006(0.00601/step) :: Entropy : 0.000 :: Grads : []
90 :: Rewards -3.389 :: steps: 1.00 :: Time: 0.006(0.00607/step) :: Entropy : 0.000 :: Grads : []
100 :: Rewards -3.647 :: steps: 1.00 :: Time: 0.006(0.00624/step) :: Entropy : 0.000 :: Grads : []
110 :: Rewards -4.168 :: steps: 1.00 :: Time: 0.006(0.00629/step) :: Entropy : 0.000 :: Grads : []
120 :: Rewards -6.798 :: steps: 1.00 :: Time: 0.006(0.00633/step) :: Entropy : 0.000 :: Grads : []
130 :: Rewards -6.798 :: steps: 1.00 :: Time: 0.006(0.00648/step) :: Entropy : 0.000 :: Grads : []
140 :: Rewards -6.798 :: steps: 1.00 :: Time: 0.007(0.00659/step) :: Entropy : 0.000 :: Grads : []
150 :: Rewards -7.865 :: steps: 1.00 :: Time: 0.007(0.00673/step) :: Entropy : 0.000 :: Grads : []
160 :: Rewards -7.865 :: steps: 1.00 :: Time: 0.007(0.00691/step) :: Entropy : 0.000 :: Grads : []
170 :: Rewards -7.865 :: steps: 1.00 :: Time: 0.007(0.00704/step) :: Entropy : 0.000 :: Grads : []
180 :: Rewards -10.125 :: steps: 1.00 :: Time: 0.007(0.00706/step) :: Entropy : 0.000 :: Grads : []
190 :: Rewards -10.929 :: steps: 1.00 :: Time: 0.008(0.00772/step) :: Entropy : 0.000 :: Grads : []
200 :: Rewards -11.270 :: steps: 1.00 :: Time: 0.008(0.00777/step) :: Entropy : 0.000 :: Grads : []
210 :: Rewards -11.614 :: steps: 1.00 :: Time: 0.008(0.00815/step) :: Entropy : 0.000 :: Grads : []
220 :: Rewards -11.936 :: steps: 1.00 :: Time: 0.008(0.00824/step) :: Entropy : 0.000 :: Grads : []
230 :: Rewards -12.534 :: steps: 1.00 :: Time: 0.009(0.00857/step) :: Entropy : 0.000 :: Grads : []
240 :: Rewards -12.534 :: steps: 1.00 :: Time: 0.009(0.00870/step) :: Entropy : 0.000 :: Grads : []
250 :: Rewards -13.356 :: steps: 1.00 :: Time: 0.009(0.00884/step) :: Entropy : 0.000 :: Grads : []
260 :: Rewards -13.652 :: steps: 1.00 :: Time: 0.009(0.00902/step) :: Entropy : 0.000 :: Grads : []
270 :: Rewards -13.652 :: steps: 1.00 :: Time: 0.009(0.00932/step) :: Entropy : 0.000 :: Grads : []
280 :: Rewards -14.866 :: steps: 1.00 :: Time: 0.009(0.00939/step) :: Entropy : 0.000 :: Grads : []
290 :: Rewards -17.517 :: steps: 1.00 :: Time: 0.010(0.00956/step) :: Entropy : 0.000 :: Grads : []
300 :: Rewards -17.517 :: steps: 1.00 :: Time: 0.010(0.00960/step) :: Entropy : 0.000 :: Grads : []
310 :: Rewards -18.113 :: steps: 1.00 :: Time: 0.010(0.00989/step) :: Entropy : 0.000 :: Grads : []
320 :: Rewards -18.113 :: steps: 1.00 :: Time: 0.010(0.01034/step) :: Entropy : 0.000 :: Grads : []
330 :: Rewards -18.113 :: steps: 1.00 :: Time: 0.011(0.01052/step) :: Entropy : 0.000 :: Grads : []
340 :: Rewards -18.113 :: steps: 1.00 :: Time: 0.011(0.01068/step) :: Entropy : 0.000 :: Grads : []
350 :: Rewards -18.699 :: steps: 1.00 :: Time: 0.011(0.01094/step) :: Entropy : 0.000 :: Grads : []
360 :: Rewards -18.714 :: steps: 1.00 :: Time: 0.011(0.01107/step) :: Entropy : 0.000 :: Grads : []
370 :: Rewards -19.214 :: steps: 1.00 :: Time: 0.012(0.01168/step) :: Entropy : 0.000 :: Grads : []
380 :: Rewards -19.900 :: steps: 1.00 :: Time: 0.012(0.01154/step) :: Entropy : 0.000 :: Grads : []
390 :: Rewards -20.379 :: steps: 1.00 :: Time: 0.012(0.01179/step) :: Entropy : 0.000 :: Grads : []
400 :: Rewards -20.379 :: steps: 1.00 :: Time: 0.012(0.01192/step) :: Entropy : 0.000 :: Grads : []
410 :: Rewards -20.863 :: steps: 1.00 :: Time: 0.012(0.01230/step) :: Entropy : 0.000 :: Grads : []
420 :: Rewards -20.863 :: steps: 1.00 :: Time: 0.017(0.01687/step) :: Entropy : 0.000 :: Grads : []
430 :: Rewards -20.863 :: steps: 1.00 :: Time: 0.014(0.01445/step) :: Entropy : 0.000 :: Grads : []
440 :: Rewards -21.207 :: steps: 1.00 :: Time: 0.014(0.01362/step) :: Entropy : 0.000 :: Grads : []
450 :: Rewards -21.406 :: steps: 1.00 :: Time: 0.014(0.01435/step) :: Entropy : 0.000 :: Grads : []
460 :: Rewards -21.694 :: steps: 1.00 :: Time: 0.022(0.02212/step) :: Entropy : 0.000 :: Grads : []
470 :: Rewards -21.808 :: steps: 1.00 :: Time: 0.014(0.01371/step) :: Entropy : 0.000 :: Grads : []
480 :: Rewards -21.980 :: steps: 1.00 :: Time: 0.014(0.01387/step) :: Entropy : 0.000 :: Grads : []
490 :: Rewards -22.389 :: steps: 1.00 :: Time: 0.021(0.02140/step) :: Entropy : 0.000 :: Grads : []
500 :: Rewards -22.533 :: steps: 1.00 :: Time: 0.017(0.01713/step) :: Entropy : 0.000 :: Grads : []
510 :: Rewards -22.645 :: steps: 1.00 :: Time: 0.015(0.01493/step) :: Entropy : 0.000 :: Grads : []
520 :: Rewards -22.693 :: steps: 1.00 :: Time: 0.015(0.01488/step) :: Entropy : 0.000 :: Grads : []
530 :: Rewards -22.813 :: steps: 1.00 :: Time: 0.020(0.02025/step) :: Entropy : 0.000 :: Grads : []
540 :: Rewards -23.055 :: steps: 1.00 :: Time: 0.017(0.01725/step) :: Entropy : 0.000 :: Grads : []
550 :: Rewards -23.448 :: steps: 1.00 :: Time: 0.016(0.01646/step) :: Entropy : 0.000 :: Grads : []
560 :: Rewards -23.897 :: steps: 1.00 :: Time: 0.016(0.01589/step) :: Entropy : 0.000 :: Grads : []
570 :: Rewards -24.333 :: steps: 1.00 :: Time: 0.018(0.01783/step) :: Entropy : 0.000 :: Grads : []
580 :: Rewards -24.525 :: steps: 1.00 :: Time: 0.017(0.01718/step) :: Entropy : 0.000 :: Grads : []
590 :: Rewards -25.043 :: steps: 1.00 :: Time: 0.019(0.01862/step) :: Entropy : 0.000 :: Grads : []
600 :: Rewards -25.192 :: steps: 1.00 :: Time: 0.018(0.01844/step) :: Entropy : 0.000 :: Grads : []
610 :: Rewards -25.595 :: steps: 1.00 :: Time: 0.018(0.01842/step) :: Entropy : 0.000 :: Grads : []
620 :: Rewards -26.054 :: steps: 1.00 :: Time: 0.019(0.01910/step) :: Entropy : 0.000 :: Grads : []
630 :: Rewards -26.329 :: steps: 1.00 :: Time: 0.019(0.01922/step) :: Entropy : 0.000 :: Grads : []
640 :: Rewards -26.783 :: steps: 1.00 :: Time: 0.022(0.02232/step) :: Entropy : 0.000 :: Grads : []
650 :: Rewards -26.901 :: steps: 1.00 :: Time: 0.019(0.01903/step) :: Entropy : 0.000 :: Grads : []
660 :: Rewards -26.901 :: steps: 1.00 :: Time: 0.019(0.01893/step) :: Entropy : 0.000 :: Grads : []
670 :: Rewards -27.006 :: steps: 1.00 :: Time: 0.020(0.01952/step) :: Entropy : 0.000 :: Grads : []
680 :: Rewards -27.046 :: steps: 1.00 :: Time: 0.020(0.01960/step) :: Entropy : 0.000 :: Grads : []
690 :: Rewards -27.217 :: steps: 1.00 :: Time: 0.021(0.02070/step) :: Entropy : 0.000 :: Grads : []
700 :: Rewards -27.262 :: steps: 1.00 :: Time: 0.023(0.02252/step) :: Entropy : 0.000 :: Grads : []
710 :: Rewards -27.342 :: steps: 1.00 :: Time: 0.022(0.02157/step) :: Entropy : 0.000 :: Grads : []
720 :: Rewards -27.365 :: steps: 1.00 :: Time: 0.022(0.02159/step) :: Entropy : 0.000 :: Grads : []
730 :: Rewards -27.432 :: steps: 1.00 :: Time: 0.022(0.02240/step) :: Entropy : 0.000 :: Grads : []
740 :: Rewards -27.438 :: steps: 1.00 :: Time: 0.024(0.02376/step) :: Entropy : 0.000 :: Grads : []
750 :: Rewards -27.507 :: steps: 1.00 :: Time: 0.024(0.02415/step) :: Entropy : 0.000 :: Grads : []
760 :: Rewards -27.937 :: steps: 1.00 :: Time: 0.024(0.02361/step) :: Entropy : 0.000 :: Grads : []
770 :: Rewards -28.064 :: steps: 1.00 :: Time: 0.024(0.02421/step) :: Entropy : 0.000 :: Grads : []
780 :: Rewards -28.184 :: steps: 1.00 :: Time: 0.029(0.02875/step) :: Entropy : 0.000 :: Grads : []
790 :: Rewards -28.328 :: steps: 1.00 :: Time: 0.027(0.02656/step) :: Entropy : 0.000 :: Grads : []
800 :: Rewards -28.440 :: steps: 1.00 :: Time: 0.032(0.03155/step) :: Entropy : 0.000 :: Grads : []
810 :: Rewards -28.675 :: steps: 1.00 :: Time: 0.027(0.02738/step) :: Entropy : 0.000 :: Grads : []
820 :: Rewards -29.214 :: steps: 1.00 :: Time: 0.027(0.02689/step) :: Entropy : 0.000 :: Grads : []
830 :: Rewards -29.379 :: steps: 1.00 :: Time: 0.028(0.02814/step) :: Entropy : 0.000 :: Grads : []
840 :: Rewards -29.544 :: steps: 1.00 :: Time: 0.031(0.03149/step) :: Entropy : 0.000 :: Grads : []
850 :: Rewards -29.610 :: steps: 1.00 :: Time: 0.031(0.03059/step) :: Entropy : 0.000 :: Grads : []
860 :: Rewards -29.668 :: steps: 1.00 :: Time: 0.031(0.03086/step) :: Entropy : 0.000 :: Grads : []
870 :: Rewards -29.816 :: steps: 1.00 :: Time: 0.031(0.03104/step) :: Entropy : 0.000 :: Grads : []
880 :: Rewards -29.823 :: steps: 1.00 :: Time: 0.031(0.03074/step) :: Entropy : 0.000 :: Grads : []
890 :: Rewards -30.199 :: steps: 1.00 :: Time: 0.032(0.03157/step) :: Entropy : 0.000 :: Grads : []
900 :: Rewards -31.094 :: steps: 1.00 :: Time: 0.030(0.03020/step) :: Entropy : 0.000 :: Grads : []
910 :: Rewards -32.508 :: steps: 1.00 :: Time: 0.031(0.03116/step) :: Entropy : 0.000 :: Grads : []
920 :: Rewards -34.379 :: steps: 1.00 :: Time: 0.031(0.03094/step) :: Entropy : 0.000 :: Grads : []
930 :: Rewards -36.763 :: steps: 1.00 :: Time: 0.032(0.03174/step) :: Entropy : 0.000 :: Grads : []
940 :: Rewards -39.576 :: steps: 1.00 :: Time: 0.032(0.03216/step) :: Entropy : 0.000 :: Grads : []
950 :: Rewards -43.167 :: steps: 1.00 :: Time: 0.033(0.03320/step) :: Entropy : 0.000 :: Grads : []
960 :: Rewards -46.927 :: steps: 1.00 :: Time: 0.034(0.03355/step) :: Entropy : 0.000 :: Grads : []
970 :: Rewards -51.099 :: steps: 1.00 :: Time: 0.034(0.03363/step) :: Entropy : 0.000 :: Grads : []
980 :: Rewards -55.704 :: steps: 1.00 :: Time: 0.035(0.03473/step) :: Entropy : 0.000 :: Grads : []
990 :: Rewards -60.696 :: steps: 1.00 :: Time: 0.036(0.03580/step) :: Entropy : 0.000 :: Grads : []
999 :: Rewards -65.631 :: steps: 0.90 :: Time: 0.037(0.04062/step) :: Entropy : 0.000 :: Grads : []
Total time taken: 17.478260040283203
