Module path:  Environments.NS_Reco NS_Reco
Dynamically loaded from:  <class 'Environments.NS_Reco.NS_Reco'>
Reward Amplitudes: [4.17022005e-01 7.20324493e-01 1.14374817e-04 3.02332573e-01
 1.46755891e-01] :: Avg 0.317309867282206 
Module path:  Src.Algorithms.ProWLS ProWLS
Dynamically loaded from:  <class 'Src.Algorithms.ProWLS.ProWLS'>
=====Configurations=====
 Namespace(NN_basis_dim='32', Policy_basis_dim='32', actor_lr=0.0017966647558361548, algo_name='ProWLS', base=0, batch_size=1000, buffer_size=1000, debug=False, delta=1, entropy_lambda=0.006997441955638448, env_name='NS_Reco', experiment='NS_1_', extrapolator_basis='Fourier', folder_suffix='Default', fourier_coupled=True, fourier_k=3, fourier_order=3, gamma=0.99, gauss_std=1.5, gpu=0, hyper='default', importance_clip=10.0, inc=1, log_output='term_file', max_episodes=1000, max_inner=30, max_steps=500, optim='rmsprop', oracle=-1, raw_basis=True, restore=False, save_count=100, save_model=True, seed=22, speed=1, state_lr=0.001, summary=True, swarm=False, timestamp='5|24|21:42:45')
Actions space: 5 :: State space: 1
State Low: tensor([0.]) :: State High: tensor([1.])
State features:  [('dummy_param', torch.Size([1]))]
Policy:  [('fc1.weight', torch.Size([5, 1])), ('fc1.bias', torch.Size([5]))]
0 :: Rewards -0.014 :: steps: 0.10 :: Time: 0.000(0.00059/step) :: Entropy : 0.000 :: Grads : []
10 :: Rewards 0.012 :: steps: 1.00 :: Time: 0.014(0.01358/step) :: Entropy : 0.000 :: Grads : []
20 :: Rewards 0.259 :: steps: 1.00 :: Time: 0.017(0.01679/step) :: Entropy : 0.000 :: Grads : []
30 :: Rewards 0.654 :: steps: 1.00 :: Time: 0.017(0.01718/step) :: Entropy : 0.000 :: Grads : []
40 :: Rewards 1.479 :: steps: 1.00 :: Time: 0.017(0.01679/step) :: Entropy : 0.000 :: Grads : []
50 :: Rewards 2.645 :: steps: 1.00 :: Time: 0.017(0.01700/step) :: Entropy : 0.000 :: Grads : []
60 :: Rewards 3.868 :: steps: 1.00 :: Time: 0.017(0.01713/step) :: Entropy : 0.000 :: Grads : []
70 :: Rewards 5.134 :: steps: 1.00 :: Time: 0.017(0.01733/step) :: Entropy : 0.000 :: Grads : []
80 :: Rewards 7.055 :: steps: 1.00 :: Time: 0.018(0.01753/step) :: Entropy : 0.000 :: Grads : []
90 :: Rewards 8.802 :: steps: 1.00 :: Time: 0.018(0.01778/step) :: Entropy : 0.000 :: Grads : []
100 :: Rewards 11.009 :: steps: 1.00 :: Time: 0.018(0.01800/step) :: Entropy : 0.000 :: Grads : []
110 :: Rewards 13.646 :: steps: 1.00 :: Time: 0.018(0.01831/step) :: Entropy : 0.000 :: Grads : []
120 :: Rewards 16.503 :: steps: 1.00 :: Time: 0.019(0.01857/step) :: Entropy : 0.000 :: Grads : []
130 :: Rewards 19.639 :: steps: 1.00 :: Time: 0.019(0.01889/step) :: Entropy : 0.000 :: Grads : []
140 :: Rewards 22.182 :: steps: 1.00 :: Time: 0.019(0.01918/step) :: Entropy : 0.000 :: Grads : []
150 :: Rewards 25.552 :: steps: 1.00 :: Time: 0.020(0.01952/step) :: Entropy : 0.000 :: Grads : []
160 :: Rewards 29.369 :: steps: 1.00 :: Time: 0.020(0.01983/step) :: Entropy : 0.000 :: Grads : []
170 :: Rewards 33.374 :: steps: 1.00 :: Time: 0.020(0.02020/step) :: Entropy : 0.000 :: Grads : []
180 :: Rewards 37.151 :: steps: 1.00 :: Time: 0.021(0.02055/step) :: Entropy : 0.000 :: Grads : []
190 :: Rewards 41.188 :: steps: 1.00 :: Time: 0.022(0.02151/step) :: Entropy : 0.000 :: Grads : []
200 :: Rewards 45.823 :: steps: 1.00 :: Time: 0.022(0.02205/step) :: Entropy : 0.000 :: Grads : []
210 :: Rewards 50.661 :: steps: 1.00 :: Time: 0.023(0.02264/step) :: Entropy : 0.000 :: Grads : []
220 :: Rewards 55.672 :: steps: 1.00 :: Time: 0.023(0.02310/step) :: Entropy : 0.000 :: Grads : []
230 :: Rewards 60.852 :: steps: 1.00 :: Time: 0.024(0.02373/step) :: Entropy : 0.000 :: Grads : []
240 :: Rewards 66.210 :: steps: 1.00 :: Time: 0.024(0.02409/step) :: Entropy : 0.000 :: Grads : []
250 :: Rewards 71.161 :: steps: 1.00 :: Time: 0.025(0.02459/step) :: Entropy : 0.000 :: Grads : []
260 :: Rewards 76.168 :: steps: 1.00 :: Time: 0.025(0.02513/step) :: Entropy : 0.000 :: Grads : []
270 :: Rewards 81.262 :: steps: 1.00 :: Time: 0.026(0.02558/step) :: Entropy : 0.000 :: Grads : []
280 :: Rewards 86.846 :: steps: 1.00 :: Time: 0.026(0.02585/step) :: Entropy : 0.000 :: Grads : []
290 :: Rewards 92.997 :: steps: 1.00 :: Time: 0.026(0.02625/step) :: Entropy : 0.000 :: Grads : []
300 :: Rewards 99.252 :: steps: 1.00 :: Time: 0.027(0.02650/step) :: Entropy : 0.000 :: Grads : []
310 :: Rewards 105.606 :: steps: 1.00 :: Time: 0.027(0.02678/step) :: Entropy : 0.000 :: Grads : []
320 :: Rewards 111.124 :: steps: 1.00 :: Time: 0.027(0.02745/step) :: Entropy : 0.000 :: Grads : []
330 :: Rewards 117.160 :: steps: 1.00 :: Time: 0.028(0.02795/step) :: Entropy : 0.000 :: Grads : []
340 :: Rewards 123.856 :: steps: 1.00 :: Time: 0.028(0.02826/step) :: Entropy : 0.000 :: Grads : []
350 :: Rewards 130.644 :: steps: 1.00 :: Time: 0.029(0.02878/step) :: Entropy : 0.000 :: Grads : []
360 :: Rewards 136.852 :: steps: 1.00 :: Time: 0.029(0.02932/step) :: Entropy : 0.000 :: Grads : []
370 :: Rewards 143.788 :: steps: 1.00 :: Time: 0.031(0.03064/step) :: Entropy : 0.000 :: Grads : []
380 :: Rewards 150.794 :: steps: 1.00 :: Time: 0.030(0.03050/step) :: Entropy : 0.000 :: Grads : []
390 :: Rewards 157.899 :: steps: 1.00 :: Time: 0.031(0.03103/step) :: Entropy : 0.000 :: Grads : []
400 :: Rewards 165.013 :: steps: 1.00 :: Time: 0.032(0.03240/step) :: Entropy : 0.000 :: Grads : []
410 :: Rewards 172.176 :: steps: 1.00 :: Time: 0.033(0.03292/step) :: Entropy : 0.000 :: Grads : []
420 :: Rewards 178.400 :: steps: 1.00 :: Time: 0.033(0.03290/step) :: Entropy : 0.000 :: Grads : []
430 :: Rewards 185.247 :: steps: 1.00 :: Time: 0.033(0.03326/step) :: Entropy : 0.000 :: Grads : []
440 :: Rewards 192.434 :: steps: 1.00 :: Time: 0.034(0.03363/step) :: Entropy : 0.000 :: Grads : []
450 :: Rewards 199.003 :: steps: 1.00 :: Time: 0.034(0.03433/step) :: Entropy : 0.000 :: Grads : []
460 :: Rewards 206.194 :: steps: 1.00 :: Time: 0.035(0.03472/step) :: Entropy : 0.000 :: Grads : []
470 :: Rewards 213.302 :: steps: 1.00 :: Time: 0.035(0.03546/step) :: Entropy : 0.000 :: Grads : []
480 :: Rewards 220.406 :: steps: 1.00 :: Time: 0.036(0.03593/step) :: Entropy : 0.000 :: Grads : []
490 :: Rewards 227.483 :: steps: 1.00 :: Time: 0.037(0.03656/step) :: Entropy : 0.000 :: Grads : []
500 :: Rewards 234.501 :: steps: 1.00 :: Time: 0.037(0.03728/step) :: Entropy : 0.000 :: Grads : []
510 :: Rewards 240.697 :: steps: 1.00 :: Time: 0.039(0.03899/step) :: Entropy : 0.000 :: Grads : []
520 :: Rewards 246.972 :: steps: 1.00 :: Time: 0.039(0.03890/step) :: Entropy : 0.000 :: Grads : []
530 :: Rewards 253.836 :: steps: 1.00 :: Time: 0.039(0.03949/step) :: Entropy : 0.000 :: Grads : []
540 :: Rewards 259.269 :: steps: 1.00 :: Time: 0.040(0.03995/step) :: Entropy : 0.000 :: Grads : []
550 :: Rewards 265.690 :: steps: 1.00 :: Time: 0.041(0.04076/step) :: Entropy : 0.000 :: Grads : []
560 :: Rewards 272.278 :: steps: 1.00 :: Time: 0.041(0.04128/step) :: Entropy : 0.000 :: Grads : []
570 :: Rewards 278.754 :: steps: 1.00 :: Time: 0.042(0.04211/step) :: Entropy : 0.000 :: Grads : []
580 :: Rewards 285.114 :: steps: 1.00 :: Time: 0.043(0.04313/step) :: Entropy : 0.000 :: Grads : []
590 :: Rewards 291.159 :: steps: 1.00 :: Time: 0.044(0.04411/step) :: Entropy : 0.000 :: Grads : []
600 :: Rewards 297.250 :: steps: 1.00 :: Time: 0.045(0.04473/step) :: Entropy : 0.000 :: Grads : []
610 :: Rewards 303.253 :: steps: 1.00 :: Time: 0.046(0.04589/step) :: Entropy : 0.000 :: Grads : []
620 :: Rewards 308.802 :: steps: 1.00 :: Time: 0.047(0.04656/step) :: Entropy : 0.000 :: Grads : []
630 :: Rewards 314.462 :: steps: 1.00 :: Time: 0.047(0.04715/step) :: Entropy : 0.000 :: Grads : []
640 :: Rewards 319.970 :: steps: 1.00 :: Time: 0.048(0.04809/step) :: Entropy : 0.000 :: Grads : []
650 :: Rewards 325.287 :: steps: 1.00 :: Time: 0.049(0.04894/step) :: Entropy : 0.000 :: Grads : []
660 :: Rewards 330.426 :: steps: 1.00 :: Time: 0.050(0.04958/step) :: Entropy : 0.000 :: Grads : []
670 :: Rewards 335.389 :: steps: 1.00 :: Time: 0.051(0.05072/step) :: Entropy : 0.000 :: Grads : []
680 :: Rewards 340.154 :: steps: 1.00 :: Time: 0.052(0.05162/step) :: Entropy : 0.000 :: Grads : []
690 :: Rewards 344.568 :: steps: 1.00 :: Time: 0.053(0.05347/step) :: Entropy : 0.000 :: Grads : []
700 :: Rewards 348.955 :: steps: 1.00 :: Time: 0.054(0.05441/step) :: Entropy : 0.000 :: Grads : []
710 :: Rewards 352.985 :: steps: 1.00 :: Time: 0.056(0.05584/step) :: Entropy : 0.000 :: Grads : []
720 :: Rewards 356.945 :: steps: 1.00 :: Time: 0.057(0.05691/step) :: Entropy : 0.000 :: Grads : []
730 :: Rewards 360.683 :: steps: 1.00 :: Time: 0.058(0.05842/step) :: Entropy : 0.000 :: Grads : []
740 :: Rewards 364.211 :: steps: 1.00 :: Time: 0.059(0.05914/step) :: Entropy : 0.000 :: Grads : []
750 :: Rewards 367.520 :: steps: 1.00 :: Time: 0.060(0.06050/step) :: Entropy : 0.000 :: Grads : []
760 :: Rewards 370.315 :: steps: 1.00 :: Time: 0.062(0.06152/step) :: Entropy : 0.000 :: Grads : []
770 :: Rewards 373.156 :: steps: 1.00 :: Time: 0.064(0.06352/step) :: Entropy : 0.000 :: Grads : []
780 :: Rewards 375.730 :: steps: 1.00 :: Time: 0.064(0.06395/step) :: Entropy : 0.000 :: Grads : []
790 :: Rewards 378.130 :: steps: 1.00 :: Time: 0.066(0.06566/step) :: Entropy : 0.000 :: Grads : []
800 :: Rewards 380.240 :: steps: 1.00 :: Time: 0.066(0.06636/step) :: Entropy : 0.000 :: Grads : []
810 :: Rewards 382.116 :: steps: 1.00 :: Time: 0.068(0.06809/step) :: Entropy : 0.000 :: Grads : []
820 :: Rewards 383.693 :: steps: 1.00 :: Time: 0.070(0.06956/step) :: Entropy : 0.000 :: Grads : []
830 :: Rewards 385.012 :: steps: 1.00 :: Time: 0.071(0.07122/step) :: Entropy : 0.000 :: Grads : []
840 :: Rewards 386.129 :: steps: 1.00 :: Time: 0.073(0.07342/step) :: Entropy : 0.000 :: Grads : []
850 :: Rewards 387.849 :: steps: 1.00 :: Time: 0.074(0.07395/step) :: Entropy : 0.000 :: Grads : []
860 :: Rewards 390.593 :: steps: 1.00 :: Time: 0.075(0.07496/step) :: Entropy : 0.000 :: Grads : []
870 :: Rewards 393.225 :: steps: 1.00 :: Time: 0.078(0.07808/step) :: Entropy : 0.000 :: Grads : []
880 :: Rewards 396.015 :: steps: 1.00 :: Time: 0.078(0.07838/step) :: Entropy : 0.000 :: Grads : []
890 :: Rewards 398.742 :: steps: 1.00 :: Time: 0.081(0.08059/step) :: Entropy : 0.000 :: Grads : []
900 :: Rewards 401.407 :: steps: 1.00 :: Time: 0.083(0.08305/step) :: Entropy : 0.000 :: Grads : []
910 :: Rewards 403.972 :: steps: 1.00 :: Time: 0.084(0.08444/step) :: Entropy : 0.000 :: Grads : []
920 :: Rewards 406.415 :: steps: 1.00 :: Time: 0.086(0.08583/step) :: Entropy : 0.000 :: Grads : []
930 :: Rewards 408.776 :: steps: 1.00 :: Time: 0.088(0.08773/step) :: Entropy : 0.000 :: Grads : []
940 :: Rewards 411.017 :: steps: 1.00 :: Time: 0.090(0.08981/step) :: Entropy : 0.000 :: Grads : []
950 :: Rewards 412.848 :: steps: 1.00 :: Time: 0.100(0.09990/step) :: Entropy : 0.000 :: Grads : []
960 :: Rewards 414.706 :: steps: 1.00 :: Time: 0.110(0.11033/step) :: Entropy : 0.000 :: Grads : []
970 :: Rewards 416.286 :: steps: 1.00 :: Time: 0.101(0.10109/step) :: Entropy : 0.000 :: Grads : []
980 :: Rewards 418.187 :: steps: 1.00 :: Time: 0.099(0.09871/step) :: Entropy : 0.000 :: Grads : []
990 :: Rewards 419.776 :: steps: 1.00 :: Time: 0.101(0.10105/step) :: Entropy : 0.000 :: Grads : []
999 :: Rewards 421.108 :: steps: 0.90 :: Time: 0.091(0.10129/step) :: Entropy : 0.000 :: Grads : []
Total time taken: 44.846579790115356
