Module path:  Environments.NS_Reco NS_Reco
Dynamically loaded from:  <class 'Environments.NS_Reco.NS_Reco'>
Reward Amplitudes: [4.17022005e-01 7.20324493e-01 1.14374817e-04 3.02332573e-01
 1.46755891e-01] :: Avg 0.317309867282206 
Module path:  Src.Algorithms.OFPG OFPG
Dynamically loaded from:  <class 'Src.Algorithms.OFPG.OFPG'>
=====Configurations=====
 Namespace(NN_basis_dim='32', Policy_basis_dim='32', actor_lr=0.0008539732050307968, algo_name='OFPG', base=0, batch_size=1000, buffer_size=1000, debug=False, delta=1, entropy_lambda=0.042883020256458786, env_name='NS_Reco', experiment='NS_0r_', extrapolator_basis='Fourier', folder_suffix='Default', fourier_coupled=True, fourier_k=7, fourier_order=3, gamma=0.99, gauss_std=1.5, gpu=0, hyper='default', importance_clip=15.0, inc=1, log_output='term_file', max_episodes=1000, max_inner=20, max_steps=500, optim='rmsprop', oracle=-1, raw_basis=True, restore=False, save_count=100, save_model=True, seed=16, speed=0, state_lr=0.001, summary=True, swarm=False, timestamp='5|25|11:58:15')
Actions space: 5 :: State space: 1
State Low: tensor([0.]) :: State High: tensor([1.])
State features:  [('dummy_param', torch.Size([1]))]
Policy:  [('fc1.weight', torch.Size([5, 1])), ('fc1.bias', torch.Size([5]))]
0 :: Rewards -0.297 :: steps: 0.10 :: Time: 0.001(0.01128/step) :: Entropy : 0.000 :: Grads : []
10 :: Rewards -1.343 :: steps: 1.00 :: Time: 0.009(0.00932/step) :: Entropy : 0.000 :: Grads : []
20 :: Rewards -3.992 :: steps: 1.00 :: Time: 0.010(0.00968/step) :: Entropy : 0.000 :: Grads : []
30 :: Rewards -6.669 :: steps: 1.00 :: Time: 0.010(0.00994/step) :: Entropy : 0.000 :: Grads : []
40 :: Rewards -8.113 :: steps: 1.00 :: Time: 0.010(0.00950/step) :: Entropy : 0.000 :: Grads : []
50 :: Rewards -9.138 :: steps: 1.00 :: Time: 0.010(0.00969/step) :: Entropy : 0.000 :: Grads : []
60 :: Rewards -9.138 :: steps: 1.00 :: Time: 0.010(0.00978/step) :: Entropy : 0.000 :: Grads : []
70 :: Rewards -9.445 :: steps: 1.00 :: Time: 0.010(0.00986/step) :: Entropy : 0.000 :: Grads : []
80 :: Rewards -9.445 :: steps: 1.00 :: Time: 0.010(0.00990/step) :: Entropy : 0.000 :: Grads : []
90 :: Rewards -9.445 :: steps: 1.00 :: Time: 0.010(0.01007/step) :: Entropy : 0.000 :: Grads : []
100 :: Rewards -9.445 :: steps: 1.00 :: Time: 0.010(0.01029/step) :: Entropy : 0.000 :: Grads : []
110 :: Rewards -9.751 :: steps: 1.00 :: Time: 0.010(0.01019/step) :: Entropy : 0.000 :: Grads : []
120 :: Rewards -9.751 :: steps: 1.00 :: Time: 0.010(0.01048/step) :: Entropy : 0.000 :: Grads : []
130 :: Rewards -9.751 :: steps: 1.00 :: Time: 0.011(0.01054/step) :: Entropy : 0.000 :: Grads : []
140 :: Rewards -9.751 :: steps: 1.00 :: Time: 0.011(0.01073/step) :: Entropy : 0.000 :: Grads : []
150 :: Rewards -9.751 :: steps: 1.00 :: Time: 0.011(0.01081/step) :: Entropy : 0.000 :: Grads : []
160 :: Rewards -9.751 :: steps: 1.00 :: Time: 0.011(0.01111/step) :: Entropy : 0.000 :: Grads : []
170 :: Rewards -9.751 :: steps: 1.00 :: Time: 0.011(0.01086/step) :: Entropy : 0.000 :: Grads : []
180 :: Rewards -9.751 :: steps: 1.00 :: Time: 0.011(0.01118/step) :: Entropy : 0.000 :: Grads : []
190 :: Rewards -9.751 :: steps: 1.00 :: Time: 0.011(0.01113/step) :: Entropy : 0.000 :: Grads : []
200 :: Rewards -9.751 :: steps: 1.00 :: Time: 0.011(0.01123/step) :: Entropy : 0.000 :: Grads : []
210 :: Rewards -9.751 :: steps: 1.00 :: Time: 0.011(0.01144/step) :: Entropy : 0.000 :: Grads : []
220 :: Rewards -9.751 :: steps: 1.00 :: Time: 0.011(0.01141/step) :: Entropy : 0.000 :: Grads : []
230 :: Rewards -9.751 :: steps: 1.00 :: Time: 0.012(0.01154/step) :: Entropy : 0.000 :: Grads : []
240 :: Rewards -9.751 :: steps: 1.00 :: Time: 0.012(0.01179/step) :: Entropy : 0.000 :: Grads : []
250 :: Rewards -9.751 :: steps: 1.00 :: Time: 0.012(0.01191/step) :: Entropy : 0.000 :: Grads : []
260 :: Rewards -9.751 :: steps: 1.00 :: Time: 0.012(0.01203/step) :: Entropy : 0.000 :: Grads : []
270 :: Rewards -9.751 :: steps: 1.00 :: Time: 0.012(0.01232/step) :: Entropy : 0.000 :: Grads : []
280 :: Rewards -9.751 :: steps: 1.00 :: Time: 0.012(0.01228/step) :: Entropy : 0.000 :: Grads : []
290 :: Rewards -9.751 :: steps: 1.00 :: Time: 0.013(0.01286/step) :: Entropy : 0.000 :: Grads : []
300 :: Rewards -9.751 :: steps: 1.00 :: Time: 0.013(0.01266/step) :: Entropy : 0.000 :: Grads : []
310 :: Rewards -9.751 :: steps: 1.00 :: Time: 0.013(0.01311/step) :: Entropy : 0.000 :: Grads : []
320 :: Rewards -9.751 :: steps: 1.00 :: Time: 0.013(0.01306/step) :: Entropy : 0.000 :: Grads : []
330 :: Rewards -9.751 :: steps: 1.00 :: Time: 0.013(0.01336/step) :: Entropy : 0.000 :: Grads : []
340 :: Rewards -9.751 :: steps: 1.00 :: Time: 0.013(0.01315/step) :: Entropy : 0.000 :: Grads : []
350 :: Rewards -9.751 :: steps: 1.00 :: Time: 0.013(0.01310/step) :: Entropy : 0.000 :: Grads : []
360 :: Rewards -9.751 :: steps: 1.00 :: Time: 0.013(0.01345/step) :: Entropy : 0.000 :: Grads : []
370 :: Rewards -9.751 :: steps: 1.00 :: Time: 0.013(0.01340/step) :: Entropy : 0.000 :: Grads : []
380 :: Rewards -9.751 :: steps: 1.00 :: Time: 0.014(0.01379/step) :: Entropy : 0.000 :: Grads : []
390 :: Rewards -9.751 :: steps: 1.00 :: Time: 0.014(0.01391/step) :: Entropy : 0.000 :: Grads : []
400 :: Rewards -9.751 :: steps: 1.00 :: Time: 0.014(0.01380/step) :: Entropy : 0.000 :: Grads : []
410 :: Rewards -9.751 :: steps: 1.00 :: Time: 0.014(0.01415/step) :: Entropy : 0.000 :: Grads : []
420 :: Rewards -9.751 :: steps: 1.00 :: Time: 0.015(0.01547/step) :: Entropy : 0.000 :: Grads : []
430 :: Rewards -9.751 :: steps: 1.00 :: Time: 0.016(0.01554/step) :: Entropy : 0.000 :: Grads : []
440 :: Rewards -9.751 :: steps: 1.00 :: Time: 0.015(0.01547/step) :: Entropy : 0.000 :: Grads : []
450 :: Rewards -9.751 :: steps: 1.00 :: Time: 0.016(0.01575/step) :: Entropy : 0.000 :: Grads : []
460 :: Rewards -9.751 :: steps: 1.00 :: Time: 0.016(0.01601/step) :: Entropy : 0.000 :: Grads : []
470 :: Rewards -9.751 :: steps: 1.00 :: Time: 0.016(0.01629/step) :: Entropy : 0.000 :: Grads : []
480 :: Rewards -9.751 :: steps: 1.00 :: Time: 0.016(0.01613/step) :: Entropy : 0.000 :: Grads : []
490 :: Rewards -9.751 :: steps: 1.00 :: Time: 0.016(0.01636/step) :: Entropy : 0.000 :: Grads : []
500 :: Rewards -9.751 :: steps: 1.00 :: Time: 0.017(0.01655/step) :: Entropy : 0.000 :: Grads : []
510 :: Rewards -9.751 :: steps: 1.00 :: Time: 0.017(0.01704/step) :: Entropy : 0.000 :: Grads : []
520 :: Rewards -9.751 :: steps: 1.00 :: Time: 0.017(0.01705/step) :: Entropy : 0.000 :: Grads : []
530 :: Rewards -9.751 :: steps: 1.00 :: Time: 0.017(0.01744/step) :: Entropy : 0.000 :: Grads : []
540 :: Rewards -9.751 :: steps: 1.00 :: Time: 0.018(0.01786/step) :: Entropy : 0.000 :: Grads : []
550 :: Rewards -9.751 :: steps: 1.00 :: Time: 0.018(0.01752/step) :: Entropy : 0.000 :: Grads : []
560 :: Rewards -9.751 :: steps: 1.00 :: Time: 0.018(0.01752/step) :: Entropy : 0.000 :: Grads : []
570 :: Rewards -9.751 :: steps: 1.00 :: Time: 0.018(0.01776/step) :: Entropy : 0.000 :: Grads : []
580 :: Rewards -9.751 :: steps: 1.00 :: Time: 0.018(0.01778/step) :: Entropy : 0.000 :: Grads : []
590 :: Rewards -9.751 :: steps: 1.00 :: Time: 0.018(0.01790/step) :: Entropy : 0.000 :: Grads : []
600 :: Rewards -9.751 :: steps: 1.00 :: Time: 0.018(0.01789/step) :: Entropy : 0.000 :: Grads : []
610 :: Rewards -9.751 :: steps: 1.00 :: Time: 0.018(0.01814/step) :: Entropy : 0.000 :: Grads : []
620 :: Rewards -9.751 :: steps: 1.00 :: Time: 0.018(0.01812/step) :: Entropy : 0.000 :: Grads : []
630 :: Rewards -9.751 :: steps: 1.00 :: Time: 0.018(0.01827/step) :: Entropy : 0.000 :: Grads : []
640 :: Rewards -9.751 :: steps: 1.00 :: Time: 0.019(0.01862/step) :: Entropy : 0.000 :: Grads : []
650 :: Rewards -9.751 :: steps: 1.00 :: Time: 0.018(0.01817/step) :: Entropy : 0.000 :: Grads : []
660 :: Rewards -9.751 :: steps: 1.00 :: Time: 0.016(0.01559/step) :: Entropy : 0.000 :: Grads : []
670 :: Rewards -9.751 :: steps: 1.00 :: Time: 0.014(0.01442/step) :: Entropy : 0.000 :: Grads : []
680 :: Rewards -9.751 :: steps: 1.00 :: Time: 0.014(0.01425/step) :: Entropy : 0.000 :: Grads : []
690 :: Rewards -9.751 :: steps: 1.00 :: Time: 0.014(0.01443/step) :: Entropy : 0.000 :: Grads : []
700 :: Rewards -9.751 :: steps: 1.00 :: Time: 0.015(0.01475/step) :: Entropy : 0.000 :: Grads : []
710 :: Rewards -9.751 :: steps: 1.00 :: Time: 0.015(0.01463/step) :: Entropy : 0.000 :: Grads : []
720 :: Rewards -9.751 :: steps: 1.00 :: Time: 0.014(0.01446/step) :: Entropy : 0.000 :: Grads : []
730 :: Rewards -9.751 :: steps: 1.00 :: Time: 0.015(0.01478/step) :: Entropy : 0.000 :: Grads : []
740 :: Rewards -9.751 :: steps: 1.00 :: Time: 0.015(0.01477/step) :: Entropy : 0.000 :: Grads : []
750 :: Rewards -9.751 :: steps: 1.00 :: Time: 0.015(0.01459/step) :: Entropy : 0.000 :: Grads : []
760 :: Rewards -9.751 :: steps: 1.00 :: Time: 0.015(0.01527/step) :: Entropy : 0.000 :: Grads : []
770 :: Rewards -9.751 :: steps: 1.00 :: Time: 0.015(0.01547/step) :: Entropy : 0.000 :: Grads : []
780 :: Rewards -9.751 :: steps: 1.00 :: Time: 0.016(0.01560/step) :: Entropy : 0.000 :: Grads : []
790 :: Rewards -9.751 :: steps: 1.00 :: Time: 0.016(0.01577/step) :: Entropy : 0.000 :: Grads : []
800 :: Rewards -9.751 :: steps: 1.00 :: Time: 0.016(0.01588/step) :: Entropy : 0.000 :: Grads : []
810 :: Rewards -9.751 :: steps: 1.00 :: Time: 0.016(0.01590/step) :: Entropy : 0.000 :: Grads : []
820 :: Rewards -9.751 :: steps: 1.00 :: Time: 0.016(0.01617/step) :: Entropy : 0.000 :: Grads : []
830 :: Rewards -9.751 :: steps: 1.00 :: Time: 0.016(0.01648/step) :: Entropy : 0.000 :: Grads : []
840 :: Rewards -9.751 :: steps: 1.00 :: Time: 0.017(0.01653/step) :: Entropy : 0.000 :: Grads : []
850 :: Rewards -9.751 :: steps: 1.00 :: Time: 0.016(0.01637/step) :: Entropy : 0.000 :: Grads : []
860 :: Rewards -9.751 :: steps: 1.00 :: Time: 0.017(0.01652/step) :: Entropy : 0.000 :: Grads : []
870 :: Rewards -9.751 :: steps: 1.00 :: Time: 0.017(0.01665/step) :: Entropy : 0.000 :: Grads : []
880 :: Rewards -9.751 :: steps: 1.00 :: Time: 0.017(0.01675/step) :: Entropy : 0.000 :: Grads : []
890 :: Rewards -9.751 :: steps: 1.00 :: Time: 0.017(0.01679/step) :: Entropy : 0.000 :: Grads : []
900 :: Rewards -9.751 :: steps: 1.00 :: Time: 0.017(0.01673/step) :: Entropy : 0.000 :: Grads : []
910 :: Rewards -9.751 :: steps: 1.00 :: Time: 0.017(0.01678/step) :: Entropy : 0.000 :: Grads : []
920 :: Rewards -9.751 :: steps: 1.00 :: Time: 0.017(0.01689/step) :: Entropy : 0.000 :: Grads : []
930 :: Rewards -9.751 :: steps: 1.00 :: Time: 0.017(0.01680/step) :: Entropy : 0.000 :: Grads : []
940 :: Rewards -9.751 :: steps: 1.00 :: Time: 0.017(0.01680/step) :: Entropy : 0.000 :: Grads : []
950 :: Rewards -9.751 :: steps: 1.00 :: Time: 0.017(0.01694/step) :: Entropy : 0.000 :: Grads : []
960 :: Rewards -9.751 :: steps: 1.00 :: Time: 0.017(0.01694/step) :: Entropy : 0.000 :: Grads : []
970 :: Rewards -9.751 :: steps: 1.00 :: Time: 0.017(0.01694/step) :: Entropy : 0.000 :: Grads : []
980 :: Rewards -9.751 :: steps: 1.00 :: Time: 0.017(0.01697/step) :: Entropy : 0.000 :: Grads : []
990 :: Rewards -9.751 :: steps: 1.00 :: Time: 0.017(0.01739/step) :: Entropy : 0.000 :: Grads : []
999 :: Rewards -9.751 :: steps: 0.90 :: Time: 0.016(0.01784/step) :: Entropy : 0.000 :: Grads : []
Total time taken: 14.531466960906982
