Module path:  Environments.NS_Reco NS_Reco
Dynamically loaded from:  <class 'Environments.NS_Reco.NS_Reco'>
Reward Amplitudes: [4.17022005e-01 7.20324493e-01 1.14374817e-04 3.02332573e-01
 1.46755891e-01] :: Avg 0.317309867282206 
Module path:  Src.Algorithms.ProOLS ProOLS
Dynamically loaded from:  <class 'Src.Algorithms.ProOLS.ProOLS'>
=====Configurations=====
 Namespace(NN_basis_dim='32', Policy_basis_dim='32', actor_lr=0.006330904637554062, algo_name='ProOLS', base=0, batch_size=1000, buffer_size=1000, debug=False, delta=1, entropy_lambda=0.05062512794041892, env_name='NS_Reco', experiment='NS_4r_', extrapolator_basis='Fourier', folder_suffix='Default', fourier_coupled=True, fourier_k=5, fourier_order=3, gamma=0.99, gauss_std=1.5, gpu=0, hyper='default', importance_clip=5.0, inc=1, log_output='term_file', max_episodes=1000, max_inner=20, max_steps=500, optim='rmsprop', oracle=-1, raw_basis=True, restore=False, save_count=100, save_model=True, seed=16, speed=4, state_lr=0.001, summary=True, swarm=False, timestamp='5|25|9:56:19')
Actions space: 5 :: State space: 1
State Low: tensor([0.]) :: State High: tensor([1.])
State features:  [('dummy_param', torch.Size([1]))]
Policy:  [('fc1.weight', torch.Size([5, 1])), ('fc1.bias', torch.Size([5]))]
0 :: Rewards 0.000 :: steps: 0.10 :: Time: 0.000(0.00055/step) :: Entropy : 0.000 :: Grads : []
10 :: Rewards -0.130 :: steps: 1.00 :: Time: 0.005(0.00532/step) :: Entropy : 0.000 :: Grads : []
20 :: Rewards -0.600 :: steps: 1.00 :: Time: 0.009(0.00856/step) :: Entropy : 0.000 :: Grads : []
30 :: Rewards -0.888 :: steps: 1.00 :: Time: 0.009(0.00900/step) :: Entropy : 0.000 :: Grads : []
40 :: Rewards -2.426 :: steps: 1.00 :: Time: 0.009(0.00851/step) :: Entropy : 0.000 :: Grads : []
50 :: Rewards -3.579 :: steps: 1.00 :: Time: 0.009(0.00858/step) :: Entropy : 0.000 :: Grads : []
60 :: Rewards -4.409 :: steps: 1.00 :: Time: 0.009(0.00867/step) :: Entropy : 0.000 :: Grads : []
70 :: Rewards -4.409 :: steps: 1.00 :: Time: 0.009(0.00873/step) :: Entropy : 0.000 :: Grads : []
80 :: Rewards -4.409 :: steps: 1.00 :: Time: 0.009(0.00880/step) :: Entropy : 0.000 :: Grads : []
90 :: Rewards -4.409 :: steps: 1.00 :: Time: 0.009(0.00887/step) :: Entropy : 0.000 :: Grads : []
100 :: Rewards -4.409 :: steps: 1.00 :: Time: 0.009(0.00894/step) :: Entropy : 0.000 :: Grads : []
110 :: Rewards -4.409 :: steps: 1.00 :: Time: 0.009(0.00900/step) :: Entropy : 0.000 :: Grads : []
120 :: Rewards -4.409 :: steps: 1.00 :: Time: 0.009(0.00908/step) :: Entropy : 0.000 :: Grads : []
130 :: Rewards -4.409 :: steps: 1.00 :: Time: 0.009(0.00917/step) :: Entropy : 0.000 :: Grads : []
140 :: Rewards -4.409 :: steps: 1.00 :: Time: 0.009(0.00928/step) :: Entropy : 0.000 :: Grads : []
150 :: Rewards -4.409 :: steps: 1.00 :: Time: 0.009(0.00935/step) :: Entropy : 0.000 :: Grads : []
160 :: Rewards -4.409 :: steps: 1.00 :: Time: 0.009(0.00943/step) :: Entropy : 0.000 :: Grads : []
170 :: Rewards -4.409 :: steps: 1.00 :: Time: 0.009(0.00949/step) :: Entropy : 0.000 :: Grads : []
180 :: Rewards -4.412 :: steps: 1.00 :: Time: 0.010(0.00967/step) :: Entropy : 0.000 :: Grads : []
190 :: Rewards -4.748 :: steps: 1.00 :: Time: 0.010(0.00962/step) :: Entropy : 0.000 :: Grads : []
200 :: Rewards -5.802 :: steps: 1.00 :: Time: 0.010(0.00969/step) :: Entropy : 0.000 :: Grads : []
210 :: Rewards -7.314 :: steps: 1.00 :: Time: 0.010(0.00976/step) :: Entropy : 0.000 :: Grads : []
220 :: Rewards -9.350 :: steps: 1.00 :: Time: 0.010(0.00983/step) :: Entropy : 0.000 :: Grads : []
230 :: Rewards -10.212 :: steps: 1.00 :: Time: 0.010(0.00985/step) :: Entropy : 0.000 :: Grads : []
240 :: Rewards -10.918 :: steps: 1.00 :: Time: 0.010(0.00994/step) :: Entropy : 0.000 :: Grads : []
250 :: Rewards -11.100 :: steps: 1.00 :: Time: 0.010(0.01001/step) :: Entropy : 0.000 :: Grads : []
260 :: Rewards -11.118 :: steps: 1.00 :: Time: 0.010(0.01015/step) :: Entropy : 0.000 :: Grads : []
270 :: Rewards -11.330 :: steps: 1.00 :: Time: 0.010(0.01030/step) :: Entropy : 0.000 :: Grads : []
280 :: Rewards -11.907 :: steps: 1.00 :: Time: 0.010(0.01041/step) :: Entropy : 0.000 :: Grads : []
290 :: Rewards -12.371 :: steps: 1.00 :: Time: 0.011(0.01071/step) :: Entropy : 0.000 :: Grads : []
300 :: Rewards -12.484 :: steps: 1.00 :: Time: 0.011(0.01073/step) :: Entropy : 0.000 :: Grads : []
310 :: Rewards -13.298 :: steps: 1.00 :: Time: 0.011(0.01084/step) :: Entropy : 0.000 :: Grads : []
320 :: Rewards -13.511 :: steps: 1.00 :: Time: 0.011(0.01090/step) :: Entropy : 0.000 :: Grads : []
330 :: Rewards -14.389 :: steps: 1.00 :: Time: 0.011(0.01126/step) :: Entropy : 0.000 :: Grads : []
340 :: Rewards -14.525 :: steps: 1.00 :: Time: 0.011(0.01137/step) :: Entropy : 0.000 :: Grads : []
350 :: Rewards -15.373 :: steps: 1.00 :: Time: 0.012(0.01166/step) :: Entropy : 0.000 :: Grads : []
360 :: Rewards -15.935 :: steps: 1.00 :: Time: 0.012(0.01182/step) :: Entropy : 0.000 :: Grads : []
370 :: Rewards -15.992 :: steps: 1.00 :: Time: 0.012(0.01212/step) :: Entropy : 0.000 :: Grads : []
380 :: Rewards -16.027 :: steps: 1.00 :: Time: 0.012(0.01206/step) :: Entropy : 0.000 :: Grads : []
390 :: Rewards -16.101 :: steps: 1.00 :: Time: 0.012(0.01211/step) :: Entropy : 0.000 :: Grads : []
400 :: Rewards -16.430 :: steps: 1.00 :: Time: 0.012(0.01220/step) :: Entropy : 0.000 :: Grads : []
410 :: Rewards -17.548 :: steps: 1.00 :: Time: 0.012(0.01229/step) :: Entropy : 0.000 :: Grads : []
420 :: Rewards -17.713 :: steps: 1.00 :: Time: 0.013(0.01268/step) :: Entropy : 0.000 :: Grads : []
430 :: Rewards -18.586 :: steps: 1.00 :: Time: 0.013(0.01273/step) :: Entropy : 0.000 :: Grads : []
440 :: Rewards -19.057 :: steps: 1.00 :: Time: 0.013(0.01279/step) :: Entropy : 0.000 :: Grads : []
450 :: Rewards -20.672 :: steps: 1.00 :: Time: 0.013(0.01280/step) :: Entropy : 0.000 :: Grads : []
460 :: Rewards -22.383 :: steps: 1.00 :: Time: 0.013(0.01291/step) :: Entropy : 0.000 :: Grads : []
470 :: Rewards -24.102 :: steps: 1.00 :: Time: 0.013(0.01301/step) :: Entropy : 0.000 :: Grads : []
480 :: Rewards -25.344 :: steps: 1.00 :: Time: 0.013(0.01305/step) :: Entropy : 0.000 :: Grads : []
490 :: Rewards -25.344 :: steps: 1.00 :: Time: 0.013(0.01307/step) :: Entropy : 0.000 :: Grads : []
500 :: Rewards -25.344 :: steps: 1.00 :: Time: 0.013(0.01314/step) :: Entropy : 0.000 :: Grads : []
510 :: Rewards -25.344 :: steps: 1.00 :: Time: 0.013(0.01323/step) :: Entropy : 0.000 :: Grads : []
520 :: Rewards -25.344 :: steps: 1.00 :: Time: 0.013(0.01342/step) :: Entropy : 0.000 :: Grads : []
530 :: Rewards -25.344 :: steps: 1.00 :: Time: 0.013(0.01349/step) :: Entropy : 0.000 :: Grads : []
540 :: Rewards -25.344 :: steps: 1.00 :: Time: 0.013(0.01349/step) :: Entropy : 0.000 :: Grads : []
550 :: Rewards -25.344 :: steps: 1.00 :: Time: 0.014(0.01356/step) :: Entropy : 0.000 :: Grads : []
560 :: Rewards -25.344 :: steps: 1.00 :: Time: 0.014(0.01365/step) :: Entropy : 0.000 :: Grads : []
570 :: Rewards -25.344 :: steps: 1.00 :: Time: 0.014(0.01361/step) :: Entropy : 0.000 :: Grads : []
580 :: Rewards -25.344 :: steps: 1.00 :: Time: 0.014(0.01379/step) :: Entropy : 0.000 :: Grads : []
590 :: Rewards -25.344 :: steps: 1.00 :: Time: 0.014(0.01384/step) :: Entropy : 0.000 :: Grads : []
600 :: Rewards -25.344 :: steps: 1.00 :: Time: 0.014(0.01397/step) :: Entropy : 0.000 :: Grads : []
610 :: Rewards -25.344 :: steps: 1.00 :: Time: 0.014(0.01403/step) :: Entropy : 0.000 :: Grads : []
620 :: Rewards -25.344 :: steps: 1.00 :: Time: 0.017(0.01682/step) :: Entropy : 0.000 :: Grads : []
630 :: Rewards -25.344 :: steps: 1.00 :: Time: 0.016(0.01612/step) :: Entropy : 0.000 :: Grads : []
640 :: Rewards -25.697 :: steps: 1.00 :: Time: 0.014(0.01418/step) :: Entropy : 0.000 :: Grads : []
650 :: Rewards -27.138 :: steps: 1.00 :: Time: 0.014(0.01413/step) :: Entropy : 0.000 :: Grads : []
660 :: Rewards -28.491 :: steps: 1.00 :: Time: 0.014(0.01418/step) :: Entropy : 0.000 :: Grads : []
670 :: Rewards -29.280 :: steps: 1.00 :: Time: 0.014(0.01417/step) :: Entropy : 0.000 :: Grads : []
680 :: Rewards -29.280 :: steps: 1.00 :: Time: 0.014(0.01422/step) :: Entropy : 0.000 :: Grads : []
690 :: Rewards -29.656 :: steps: 1.00 :: Time: 0.014(0.01429/step) :: Entropy : 0.000 :: Grads : []
700 :: Rewards -29.656 :: steps: 1.00 :: Time: 0.014(0.01446/step) :: Entropy : 0.000 :: Grads : []
710 :: Rewards -29.656 :: steps: 1.00 :: Time: 0.015(0.01452/step) :: Entropy : 0.000 :: Grads : []
720 :: Rewards -29.656 :: steps: 1.00 :: Time: 0.015(0.01452/step) :: Entropy : 0.000 :: Grads : []
730 :: Rewards -29.656 :: steps: 1.00 :: Time: 0.015(0.01465/step) :: Entropy : 0.000 :: Grads : []
740 :: Rewards -29.656 :: steps: 1.00 :: Time: 0.015(0.01466/step) :: Entropy : 0.000 :: Grads : []
750 :: Rewards -29.656 :: steps: 1.00 :: Time: 0.015(0.01474/step) :: Entropy : 0.000 :: Grads : []
760 :: Rewards -29.656 :: steps: 1.00 :: Time: 0.015(0.01474/step) :: Entropy : 0.000 :: Grads : []
770 :: Rewards -29.656 :: steps: 1.00 :: Time: 0.015(0.01499/step) :: Entropy : 0.000 :: Grads : []
780 :: Rewards -29.656 :: steps: 1.00 :: Time: 0.015(0.01503/step) :: Entropy : 0.000 :: Grads : []
790 :: Rewards -29.656 :: steps: 1.00 :: Time: 0.015(0.01506/step) :: Entropy : 0.000 :: Grads : []
800 :: Rewards -29.656 :: steps: 1.00 :: Time: 0.015(0.01523/step) :: Entropy : 0.000 :: Grads : []
810 :: Rewards -29.656 :: steps: 1.00 :: Time: 0.015(0.01538/step) :: Entropy : 0.000 :: Grads : []
820 :: Rewards -29.656 :: steps: 1.00 :: Time: 0.015(0.01539/step) :: Entropy : 0.000 :: Grads : []
830 :: Rewards -29.656 :: steps: 1.00 :: Time: 0.015(0.01530/step) :: Entropy : 0.000 :: Grads : []
840 :: Rewards -29.746 :: steps: 1.00 :: Time: 0.015(0.01550/step) :: Entropy : 0.000 :: Grads : []
850 :: Rewards -30.237 :: steps: 1.00 :: Time: 0.016(0.01551/step) :: Entropy : 0.000 :: Grads : []
860 :: Rewards -31.281 :: steps: 1.00 :: Time: 0.016(0.01552/step) :: Entropy : 0.000 :: Grads : []
870 :: Rewards -32.866 :: steps: 1.00 :: Time: 0.016(0.01558/step) :: Entropy : 0.000 :: Grads : []
880 :: Rewards -34.971 :: steps: 1.00 :: Time: 0.015(0.01548/step) :: Entropy : 0.000 :: Grads : []
890 :: Rewards -36.230 :: steps: 1.00 :: Time: 0.016(0.01555/step) :: Entropy : 0.000 :: Grads : []
900 :: Rewards -37.134 :: steps: 1.00 :: Time: 0.016(0.01566/step) :: Entropy : 0.000 :: Grads : []
910 :: Rewards -39.051 :: steps: 1.00 :: Time: 0.016(0.01566/step) :: Entropy : 0.000 :: Grads : []
920 :: Rewards -41.041 :: steps: 1.00 :: Time: 0.016(0.01575/step) :: Entropy : 0.000 :: Grads : []
930 :: Rewards -43.611 :: steps: 1.00 :: Time: 0.016(0.01585/step) :: Entropy : 0.000 :: Grads : []
940 :: Rewards -45.226 :: steps: 1.00 :: Time: 0.016(0.01592/step) :: Entropy : 0.000 :: Grads : []
950 :: Rewards -46.529 :: steps: 1.00 :: Time: 0.016(0.01591/step) :: Entropy : 0.000 :: Grads : []
960 :: Rewards -47.020 :: steps: 1.00 :: Time: 0.016(0.01602/step) :: Entropy : 0.000 :: Grads : []
970 :: Rewards -47.020 :: steps: 1.00 :: Time: 0.016(0.01609/step) :: Entropy : 0.000 :: Grads : []
980 :: Rewards -47.020 :: steps: 1.00 :: Time: 0.016(0.01620/step) :: Entropy : 0.000 :: Grads : []
990 :: Rewards -47.020 :: steps: 1.00 :: Time: 0.016(0.01619/step) :: Entropy : 0.000 :: Grads : []
999 :: Rewards -47.020 :: steps: 0.90 :: Time: 0.015(0.01634/step) :: Entropy : 0.000 :: Grads : []
Total time taken: 12.745612859725952
