Module path:  Environments.NS_Reco NS_Reco
Dynamically loaded from:  <class 'Environments.NS_Reco.NS_Reco'>
Reward Amplitudes: [4.17022005e-01 7.20324493e-01 1.14374817e-04 3.02332573e-01
 1.46755891e-01] :: Avg 0.317309867282206 
Module path:  Src.Algorithms.ONPG ONPG
Dynamically loaded from:  <class 'Src.Algorithms.ONPG.ONPG'>
=====Configurations=====
 Namespace(NN_basis_dim='32', Policy_basis_dim='32', actor_lr=0.008425020536482294, algo_name='ONPG', base=0, batch_size=1000, buffer_size=1000, debug=False, delta=3, entropy_lambda=0.005900970803997456, env_name='NS_Reco', experiment='NS_0r_', extrapolator_basis='Fourier', folder_suffix='Default', fourier_coupled=True, fourier_k=7, fourier_order=3, gamma=0.99, gauss_std=1.5, gpu=0, hyper='default', importance_clip=10.0, inc=1, log_output='term_file', max_episodes=1000, max_inner=150, max_steps=500, optim='rmsprop', oracle=-1, raw_basis=True, restore=False, save_count=100, save_model=True, seed=26, speed=0, state_lr=0.001, summary=True, swarm=False, timestamp='5|25|11:51:6')
Actions space: 5 :: State space: 1
State Low: tensor([0.]) :: State High: tensor([1.])
State features:  [('dummy_param', torch.Size([1]))]
Policy:  [('fc1.weight', torch.Size([5, 1])), ('fc1.bias', torch.Size([5]))]
0 :: Rewards 0.000 :: steps: 0.10 :: Time: 0.000(0.00082/step) :: Entropy : 0.000 :: Grads : []
10 :: Rewards -2.157 :: steps: 1.00 :: Time: 0.001(0.00069/step) :: Entropy : 0.000 :: Grads : []
20 :: Rewards -4.625 :: steps: 1.00 :: Time: 0.001(0.00069/step) :: Entropy : 0.000 :: Grads : []
30 :: Rewards -5.343 :: steps: 1.00 :: Time: 0.001(0.00054/step) :: Entropy : 0.000 :: Grads : []
40 :: Rewards -6.774 :: steps: 1.00 :: Time: 0.001(0.00057/step) :: Entropy : 0.000 :: Grads : []
50 :: Rewards -7.923 :: steps: 1.00 :: Time: 0.001(0.00071/step) :: Entropy : 0.000 :: Grads : []
60 :: Rewards -7.923 :: steps: 1.00 :: Time: 0.001(0.00061/step) :: Entropy : 0.000 :: Grads : []
70 :: Rewards -8.634 :: steps: 1.00 :: Time: 0.001(0.00055/step) :: Entropy : 0.000 :: Grads : []
80 :: Rewards -8.634 :: steps: 1.00 :: Time: 0.001(0.00070/step) :: Entropy : 0.000 :: Grads : []
90 :: Rewards -8.634 :: steps: 1.00 :: Time: 0.001(0.00066/step) :: Entropy : 0.000 :: Grads : []
100 :: Rewards -8.933 :: steps: 1.00 :: Time: 0.001(0.00056/step) :: Entropy : 0.000 :: Grads : []
110 :: Rewards -10.073 :: steps: 1.00 :: Time: 0.001(0.00075/step) :: Entropy : 0.000 :: Grads : []
120 :: Rewards -10.073 :: steps: 1.00 :: Time: 0.001(0.00055/step) :: Entropy : 0.000 :: Grads : []
130 :: Rewards -10.073 :: steps: 1.00 :: Time: 0.001(0.00056/step) :: Entropy : 0.000 :: Grads : []
140 :: Rewards -10.073 :: steps: 1.00 :: Time: 0.001(0.00070/step) :: Entropy : 0.000 :: Grads : []
150 :: Rewards -10.377 :: steps: 1.00 :: Time: 0.001(0.00060/step) :: Entropy : 0.000 :: Grads : []
160 :: Rewards -10.804 :: steps: 1.00 :: Time: 0.001(0.00056/step) :: Entropy : 0.000 :: Grads : []
170 :: Rewards -10.804 :: steps: 1.00 :: Time: 0.001(0.00071/step) :: Entropy : 0.000 :: Grads : []
180 :: Rewards -10.804 :: steps: 1.00 :: Time: 0.001(0.00056/step) :: Entropy : 0.000 :: Grads : []
190 :: Rewards -10.804 :: steps: 1.00 :: Time: 0.001(0.00059/step) :: Entropy : 0.000 :: Grads : []
200 :: Rewards -10.804 :: steps: 1.00 :: Time: 0.001(0.00068/step) :: Entropy : 0.000 :: Grads : []
210 :: Rewards -10.804 :: steps: 1.00 :: Time: 0.001(0.00054/step) :: Entropy : 0.000 :: Grads : []
220 :: Rewards -10.804 :: steps: 1.00 :: Time: 0.001(0.00055/step) :: Entropy : 0.000 :: Grads : []
230 :: Rewards -10.804 :: steps: 1.00 :: Time: 0.001(0.00078/step) :: Entropy : 0.000 :: Grads : []
240 :: Rewards -10.804 :: steps: 1.00 :: Time: 0.001(0.00056/step) :: Entropy : 0.000 :: Grads : []
250 :: Rewards -10.804 :: steps: 1.00 :: Time: 0.001(0.00055/step) :: Entropy : 0.000 :: Grads : []
260 :: Rewards -10.804 :: steps: 1.00 :: Time: 0.001(0.00072/step) :: Entropy : 0.000 :: Grads : []
270 :: Rewards -10.804 :: steps: 1.00 :: Time: 0.001(0.00059/step) :: Entropy : 0.000 :: Grads : []
280 :: Rewards -10.804 :: steps: 1.00 :: Time: 0.001(0.00056/step) :: Entropy : 0.000 :: Grads : []
290 :: Rewards -10.804 :: steps: 1.00 :: Time: 0.001(0.00070/step) :: Entropy : 0.000 :: Grads : []
300 :: Rewards -10.804 :: steps: 1.00 :: Time: 0.001(0.00060/step) :: Entropy : 0.000 :: Grads : []
310 :: Rewards -11.230 :: steps: 1.00 :: Time: 0.001(0.00058/step) :: Entropy : 0.000 :: Grads : []
320 :: Rewards -11.230 :: steps: 1.00 :: Time: 0.001(0.00072/step) :: Entropy : 0.000 :: Grads : []
330 :: Rewards -11.230 :: steps: 1.00 :: Time: 0.001(0.00060/step) :: Entropy : 0.000 :: Grads : []
340 :: Rewards -11.230 :: steps: 1.00 :: Time: 0.001(0.00055/step) :: Entropy : 0.000 :: Grads : []
350 :: Rewards -11.230 :: steps: 1.00 :: Time: 0.001(0.00072/step) :: Entropy : 0.000 :: Grads : []
360 :: Rewards -11.230 :: steps: 1.00 :: Time: 0.001(0.00055/step) :: Entropy : 0.000 :: Grads : []
370 :: Rewards -11.230 :: steps: 1.00 :: Time: 0.001(0.00058/step) :: Entropy : 0.000 :: Grads : []
380 :: Rewards -11.230 :: steps: 1.00 :: Time: 0.001(0.00069/step) :: Entropy : 0.000 :: Grads : []
390 :: Rewards -11.230 :: steps: 1.00 :: Time: 0.001(0.00056/step) :: Entropy : 0.000 :: Grads : []
400 :: Rewards -11.230 :: steps: 1.00 :: Time: 0.001(0.00063/step) :: Entropy : 0.000 :: Grads : []
410 :: Rewards -11.230 :: steps: 1.00 :: Time: 0.001(0.00071/step) :: Entropy : 0.000 :: Grads : []
420 :: Rewards -11.230 :: steps: 1.00 :: Time: 0.001(0.00055/step) :: Entropy : 0.000 :: Grads : []
430 :: Rewards -11.230 :: steps: 1.00 :: Time: 0.001(0.00056/step) :: Entropy : 0.000 :: Grads : []
440 :: Rewards -11.230 :: steps: 1.00 :: Time: 0.001(0.00071/step) :: Entropy : 0.000 :: Grads : []
450 :: Rewards -11.230 :: steps: 1.00 :: Time: 0.001(0.00057/step) :: Entropy : 0.000 :: Grads : []
460 :: Rewards -11.230 :: steps: 1.00 :: Time: 0.001(0.00057/step) :: Entropy : 0.000 :: Grads : []
470 :: Rewards -11.230 :: steps: 1.00 :: Time: 0.001(0.00071/step) :: Entropy : 0.000 :: Grads : []
480 :: Rewards -11.230 :: steps: 1.00 :: Time: 0.001(0.00059/step) :: Entropy : 0.000 :: Grads : []
490 :: Rewards -11.230 :: steps: 1.00 :: Time: 0.001(0.00056/step) :: Entropy : 0.000 :: Grads : []
500 :: Rewards -11.230 :: steps: 1.00 :: Time: 0.001(0.00068/step) :: Entropy : 0.000 :: Grads : []
510 :: Rewards -11.230 :: steps: 1.00 :: Time: 0.001(0.00054/step) :: Entropy : 0.000 :: Grads : []
520 :: Rewards -11.230 :: steps: 1.00 :: Time: 0.001(0.00059/step) :: Entropy : 0.000 :: Grads : []
530 :: Rewards -11.230 :: steps: 1.00 :: Time: 0.001(0.00074/step) :: Entropy : 0.000 :: Grads : []
540 :: Rewards -11.230 :: steps: 1.00 :: Time: 0.001(0.00058/step) :: Entropy : 0.000 :: Grads : []
550 :: Rewards -11.230 :: steps: 1.00 :: Time: 0.001(0.00056/step) :: Entropy : 0.000 :: Grads : []
560 :: Rewards -11.230 :: steps: 1.00 :: Time: 0.001(0.00073/step) :: Entropy : 0.000 :: Grads : []
570 :: Rewards -11.230 :: steps: 1.00 :: Time: 0.001(0.00060/step) :: Entropy : 0.000 :: Grads : []
580 :: Rewards -11.230 :: steps: 1.00 :: Time: 0.001(0.00062/step) :: Entropy : 0.000 :: Grads : []
590 :: Rewards -11.543 :: steps: 1.00 :: Time: 0.001(0.00078/step) :: Entropy : 0.000 :: Grads : []
600 :: Rewards -11.543 :: steps: 1.00 :: Time: 0.001(0.00063/step) :: Entropy : 0.000 :: Grads : []
610 :: Rewards -11.834 :: steps: 1.00 :: Time: 0.001(0.00060/step) :: Entropy : 0.000 :: Grads : []
620 :: Rewards -11.834 :: steps: 1.00 :: Time: 0.001(0.00070/step) :: Entropy : 0.000 :: Grads : []
630 :: Rewards -11.834 :: steps: 1.00 :: Time: 0.001(0.00057/step) :: Entropy : 0.000 :: Grads : []
640 :: Rewards -11.834 :: steps: 1.00 :: Time: 0.001(0.00058/step) :: Entropy : 0.000 :: Grads : []
650 :: Rewards -11.834 :: steps: 1.00 :: Time: 0.001(0.00072/step) :: Entropy : 0.000 :: Grads : []
660 :: Rewards -11.834 :: steps: 1.00 :: Time: 0.001(0.00057/step) :: Entropy : 0.000 :: Grads : []
670 :: Rewards -11.834 :: steps: 1.00 :: Time: 0.001(0.00056/step) :: Entropy : 0.000 :: Grads : []
680 :: Rewards -12.257 :: steps: 1.00 :: Time: 0.001(0.00073/step) :: Entropy : 0.000 :: Grads : []
690 :: Rewards -12.257 :: steps: 1.00 :: Time: 0.001(0.00065/step) :: Entropy : 0.000 :: Grads : []
700 :: Rewards -12.257 :: steps: 1.00 :: Time: 0.001(0.00057/step) :: Entropy : 0.000 :: Grads : []
710 :: Rewards -12.257 :: steps: 1.00 :: Time: 0.001(0.00071/step) :: Entropy : 0.000 :: Grads : []
720 :: Rewards -12.257 :: steps: 1.00 :: Time: 0.001(0.00058/step) :: Entropy : 0.000 :: Grads : []
730 :: Rewards -12.257 :: steps: 1.00 :: Time: 0.001(0.00062/step) :: Entropy : 0.000 :: Grads : []
740 :: Rewards -12.257 :: steps: 1.00 :: Time: 0.001(0.00083/step) :: Entropy : 0.000 :: Grads : []
750 :: Rewards -12.257 :: steps: 1.00 :: Time: 0.001(0.00061/step) :: Entropy : 0.000 :: Grads : []
760 :: Rewards -12.257 :: steps: 1.00 :: Time: 0.001(0.00058/step) :: Entropy : 0.000 :: Grads : []
770 :: Rewards -12.257 :: steps: 1.00 :: Time: 0.001(0.00071/step) :: Entropy : 0.000 :: Grads : []
780 :: Rewards -12.257 :: steps: 1.00 :: Time: 0.001(0.00056/step) :: Entropy : 0.000 :: Grads : []
790 :: Rewards -12.257 :: steps: 1.00 :: Time: 0.001(0.00054/step) :: Entropy : 0.000 :: Grads : []
800 :: Rewards -12.257 :: steps: 1.00 :: Time: 0.001(0.00069/step) :: Entropy : 0.000 :: Grads : []
810 :: Rewards -12.257 :: steps: 1.00 :: Time: 0.001(0.00056/step) :: Entropy : 0.000 :: Grads : []
820 :: Rewards -12.257 :: steps: 1.00 :: Time: 0.001(0.00056/step) :: Entropy : 0.000 :: Grads : []
830 :: Rewards -12.257 :: steps: 1.00 :: Time: 0.001(0.00068/step) :: Entropy : 0.000 :: Grads : []
840 :: Rewards -12.257 :: steps: 1.00 :: Time: 0.001(0.00055/step) :: Entropy : 0.000 :: Grads : []
850 :: Rewards -12.257 :: steps: 1.00 :: Time: 0.001(0.00055/step) :: Entropy : 0.000 :: Grads : []
860 :: Rewards -12.257 :: steps: 1.00 :: Time: 0.001(0.00070/step) :: Entropy : 0.000 :: Grads : []
870 :: Rewards -12.257 :: steps: 1.00 :: Time: 0.001(0.00056/step) :: Entropy : 0.000 :: Grads : []
880 :: Rewards -12.257 :: steps: 1.00 :: Time: 0.001(0.00055/step) :: Entropy : 0.000 :: Grads : []
890 :: Rewards -12.676 :: steps: 1.00 :: Time: 0.001(0.00069/step) :: Entropy : 0.000 :: Grads : []
900 :: Rewards -12.676 :: steps: 1.00 :: Time: 0.001(0.00056/step) :: Entropy : 0.000 :: Grads : []
910 :: Rewards -12.676 :: steps: 1.00 :: Time: 0.001(0.00055/step) :: Entropy : 0.000 :: Grads : []
920 :: Rewards -12.676 :: steps: 1.00 :: Time: 0.001(0.00070/step) :: Entropy : 0.000 :: Grads : []
930 :: Rewards -12.676 :: steps: 1.00 :: Time: 0.001(0.00061/step) :: Entropy : 0.000 :: Grads : []
940 :: Rewards -12.676 :: steps: 1.00 :: Time: 0.001(0.00056/step) :: Entropy : 0.000 :: Grads : []
950 :: Rewards -12.676 :: steps: 1.00 :: Time: 0.001(0.00070/step) :: Entropy : 0.000 :: Grads : []
960 :: Rewards -12.676 :: steps: 1.00 :: Time: 0.001(0.00061/step) :: Entropy : 0.000 :: Grads : []
970 :: Rewards -12.676 :: steps: 1.00 :: Time: 0.001(0.00059/step) :: Entropy : 0.000 :: Grads : []
980 :: Rewards -12.676 :: steps: 1.00 :: Time: 0.001(0.00073/step) :: Entropy : 0.000 :: Grads : []
990 :: Rewards -12.676 :: steps: 1.00 :: Time: 0.001(0.00065/step) :: Entropy : 0.000 :: Grads : []
999 :: Rewards -12.676 :: steps: 0.90 :: Time: 0.001(0.00065/step) :: Entropy : 0.000 :: Grads : []
Total time taken: 0.7014627456665039
