Module path:  Src.Algorithms.ProOLS ProOLS
Dynamically loaded from:  <class 'Src.Algorithms.ProOLS.ProOLS'>
=====Configurations=====
 Namespace(NN_basis_dim='32', Policy_basis_dim='32', actor_lr=0.007232964846409767, algo_name='ProOLS', base=0, batch_size=1000, buffer_size=1000, debug=False, delta=1, entropy_lambda=0.1, env_name='NS_SimGlucose-v0', experiment='NS_0_', extrapolator_basis='Fourier', folder_suffix='Default', fourier_coupled=True, fourier_k=2, fourier_order=3, gamma=0.99, gauss_std=1.85938, gpu=0, hyper='default', importance_clip=5.0, inc=1, log_output='term_file', max_episodes=1000, max_inner=20, max_steps=500, optim='rmsprop', oracle=-1, raw_basis=True, restore=False, save_count=100, save_model=True, seed=2, speed=0, state_lr=0.001, summary=True, swarm=False, timestamp='5|27|9:48:42')
Actions space: 2 :: State space: 1
State Low: tensor([0.]) :: State High: tensor([1.])
State features:  [('dummy_param', torch.Size([1]))]
Action Low: [3. 5.] :: Action High: [30. 50.]
Policy:  [('fc_mean.weight', torch.Size([2, 1])), ('fc_mean.bias', torch.Size([2]))]
0 :: Rewards 9.395 :: steps: 0.10 :: Time: 0.275(2.75063/step) :: Entropy : 0.000 :: Grads : []
10 :: Rewards 136.212 :: steps: 1.00 :: Time: 2.853(2.85258/step) :: Entropy : 0.000 :: Grads : []
20 :: Rewards 285.607 :: steps: 1.00 :: Time: 2.672(2.67220/step) :: Entropy : 0.000 :: Grads : []
30 :: Rewards 509.736 :: steps: 1.00 :: Time: 2.728(2.72780/step) :: Entropy : 0.000 :: Grads : []
40 :: Rewards 680.244 :: steps: 1.00 :: Time: 2.645(2.64503/step) :: Entropy : 0.000 :: Grads : []
50 :: Rewards 871.888 :: steps: 1.00 :: Time: 2.692(2.69222/step) :: Entropy : 0.000 :: Grads : []
60 :: Rewards 1073.194 :: steps: 1.00 :: Time: 2.660(2.65997/step) :: Entropy : 0.000 :: Grads : []
70 :: Rewards 1261.833 :: steps: 1.00 :: Time: 2.700(2.70034/step) :: Entropy : 0.000 :: Grads : []
80 :: Rewards 1480.816 :: steps: 1.00 :: Time: 2.689(2.68932/step) :: Entropy : 0.000 :: Grads : []
90 :: Rewards 1656.587 :: steps: 1.00 :: Time: 2.803(2.80308/step) :: Entropy : 0.000 :: Grads : []
100 :: Rewards 1854.073 :: steps: 1.00 :: Time: 2.698(2.69807/step) :: Entropy : 0.000 :: Grads : []
110 :: Rewards 2082.773 :: steps: 1.00 :: Time: 2.737(2.73689/step) :: Entropy : 0.000 :: Grads : []
120 :: Rewards 2280.340 :: steps: 1.00 :: Time: 2.675(2.67476/step) :: Entropy : 0.000 :: Grads : []
130 :: Rewards 2466.761 :: steps: 1.00 :: Time: 2.648(2.64785/step) :: Entropy : 0.000 :: Grads : []
140 :: Rewards 2642.385 :: steps: 1.00 :: Time: 2.720(2.72009/step) :: Entropy : 0.000 :: Grads : []
150 :: Rewards 2820.798 :: steps: 1.00 :: Time: 2.645(2.64483/step) :: Entropy : 0.000 :: Grads : []
160 :: Rewards 3014.270 :: steps: 1.00 :: Time: 2.732(2.73179/step) :: Entropy : 0.000 :: Grads : []
170 :: Rewards 3171.461 :: steps: 1.00 :: Time: 2.687(2.68669/step) :: Entropy : 0.000 :: Grads : []
180 :: Rewards 3375.889 :: steps: 1.00 :: Time: 2.641(2.64122/step) :: Entropy : 0.000 :: Grads : []
190 :: Rewards 3535.227 :: steps: 1.00 :: Time: 2.705(2.70537/step) :: Entropy : 0.000 :: Grads : []
200 :: Rewards 3754.101 :: steps: 1.00 :: Time: 2.674(2.67420/step) :: Entropy : 0.000 :: Grads : []
210 :: Rewards 3914.214 :: steps: 1.00 :: Time: 2.642(2.64230/step) :: Entropy : 0.000 :: Grads : []
220 :: Rewards 4077.029 :: steps: 1.00 :: Time: 2.670(2.67028/step) :: Entropy : 0.000 :: Grads : []
230 :: Rewards 4265.740 :: steps: 1.00 :: Time: 2.653(2.65314/step) :: Entropy : 0.000 :: Grads : []
240 :: Rewards 4466.484 :: steps: 1.00 :: Time: 2.640(2.64035/step) :: Entropy : 0.000 :: Grads : []
250 :: Rewards 4610.648 :: steps: 1.00 :: Time: 2.639(2.63918/step) :: Entropy : 0.000 :: Grads : []
260 :: Rewards 4809.676 :: steps: 1.00 :: Time: 2.763(2.76268/step) :: Entropy : 0.000 :: Grads : []
270 :: Rewards 5030.908 :: steps: 1.00 :: Time: 2.673(2.67331/step) :: Entropy : 0.000 :: Grads : []
280 :: Rewards 5258.177 :: steps: 1.00 :: Time: 2.628(2.62843/step) :: Entropy : 0.000 :: Grads : []
290 :: Rewards 5408.524 :: steps: 1.00 :: Time: 2.653(2.65308/step) :: Entropy : 0.000 :: Grads : []
300 :: Rewards 5602.067 :: steps: 1.00 :: Time: 2.799(2.79906/step) :: Entropy : 0.000 :: Grads : []
310 :: Rewards 5762.524 :: steps: 1.00 :: Time: 2.699(2.69855/step) :: Entropy : 0.000 :: Grads : []
320 :: Rewards 5968.848 :: steps: 1.00 :: Time: 2.677(2.67691/step) :: Entropy : 0.000 :: Grads : []
330 :: Rewards 6171.886 :: steps: 1.00 :: Time: 2.670(2.67050/step) :: Entropy : 0.000 :: Grads : []
340 :: Rewards 6357.772 :: steps: 1.00 :: Time: 2.659(2.65920/step) :: Entropy : 0.000 :: Grads : []
350 :: Rewards 6538.807 :: steps: 1.00 :: Time: 2.762(2.76232/step) :: Entropy : 0.000 :: Grads : []
360 :: Rewards 6715.992 :: steps: 1.00 :: Time: 2.825(2.82478/step) :: Entropy : 0.000 :: Grads : []
370 :: Rewards 6897.656 :: steps: 1.00 :: Time: 2.693(2.69292/step) :: Entropy : 0.000 :: Grads : []
380 :: Rewards 7092.201 :: steps: 1.00 :: Time: 2.656(2.65592/step) :: Entropy : 0.000 :: Grads : []
390 :: Rewards 7259.483 :: steps: 1.00 :: Time: 2.679(2.67933/step) :: Entropy : 0.000 :: Grads : []
400 :: Rewards 7471.728 :: steps: 1.00 :: Time: 2.674(2.67364/step) :: Entropy : 0.000 :: Grads : []
410 :: Rewards 7680.568 :: steps: 1.00 :: Time: 2.665(2.66488/step) :: Entropy : 0.000 :: Grads : []
420 :: Rewards 7868.085 :: steps: 1.00 :: Time: 2.683(2.68348/step) :: Entropy : 0.000 :: Grads : []
430 :: Rewards 8066.711 :: steps: 1.00 :: Time: 2.680(2.68004/step) :: Entropy : 0.000 :: Grads : []
440 :: Rewards 8231.185 :: steps: 1.00 :: Time: 2.778(2.77812/step) :: Entropy : 0.000 :: Grads : []
450 :: Rewards 8418.829 :: steps: 1.00 :: Time: 2.690(2.68954/step) :: Entropy : 0.000 :: Grads : []
460 :: Rewards 8591.105 :: steps: 1.00 :: Time: 2.701(2.70104/step) :: Entropy : 0.000 :: Grads : []
470 :: Rewards 8822.118 :: steps: 1.00 :: Time: 2.665(2.66504/step) :: Entropy : 0.000 :: Grads : []
480 :: Rewards 9008.501 :: steps: 1.00 :: Time: 2.680(2.67993/step) :: Entropy : 0.000 :: Grads : []
490 :: Rewards 9193.979 :: steps: 1.00 :: Time: 2.664(2.66417/step) :: Entropy : 0.000 :: Grads : []
500 :: Rewards 9412.130 :: steps: 1.00 :: Time: 2.690(2.69021/step) :: Entropy : 0.000 :: Grads : []
510 :: Rewards 9617.961 :: steps: 1.00 :: Time: 2.670(2.67023/step) :: Entropy : 0.000 :: Grads : []
520 :: Rewards 9831.123 :: steps: 1.00 :: Time: 2.661(2.66081/step) :: Entropy : 0.000 :: Grads : []
530 :: Rewards 10036.669 :: steps: 1.00 :: Time: 2.653(2.65345/step) :: Entropy : 0.000 :: Grads : []
540 :: Rewards 10240.101 :: steps: 1.00 :: Time: 2.644(2.64392/step) :: Entropy : 0.000 :: Grads : []
550 :: Rewards 10383.469 :: steps: 1.00 :: Time: 2.646(2.64592/step) :: Entropy : 0.000 :: Grads : []
560 :: Rewards 10593.626 :: steps: 1.00 :: Time: 2.629(2.62876/step) :: Entropy : 0.000 :: Grads : []
570 :: Rewards 10756.060 :: steps: 1.00 :: Time: 2.674(2.67408/step) :: Entropy : 0.000 :: Grads : []
580 :: Rewards 10929.899 :: steps: 1.00 :: Time: 2.660(2.65962/step) :: Entropy : 0.000 :: Grads : []
590 :: Rewards 11144.126 :: steps: 1.00 :: Time: 2.695(2.69545/step) :: Entropy : 0.000 :: Grads : []
600 :: Rewards 11319.130 :: steps: 1.00 :: Time: 2.660(2.65961/step) :: Entropy : 0.000 :: Grads : []
610 :: Rewards 11484.724 :: steps: 1.00 :: Time: 2.657(2.65669/step) :: Entropy : 0.000 :: Grads : []
620 :: Rewards 11674.278 :: steps: 1.00 :: Time: 2.688(2.68825/step) :: Entropy : 0.000 :: Grads : []
630 :: Rewards 11861.356 :: steps: 1.00 :: Time: 2.678(2.67848/step) :: Entropy : 0.000 :: Grads : []
640 :: Rewards 12036.360 :: steps: 1.00 :: Time: 2.657(2.65703/step) :: Entropy : 0.000 :: Grads : []
650 :: Rewards 12206.923 :: steps: 1.00 :: Time: 2.680(2.67987/step) :: Entropy : 0.000 :: Grads : []
660 :: Rewards 12381.521 :: steps: 1.00 :: Time: 2.696(2.69608/step) :: Entropy : 0.000 :: Grads : []
670 :: Rewards 12581.045 :: steps: 1.00 :: Time: 2.680(2.68018/step) :: Entropy : 0.000 :: Grads : []
680 :: Rewards 12786.822 :: steps: 1.00 :: Time: 2.654(2.65400/step) :: Entropy : 0.000 :: Grads : []
690 :: Rewards 12987.659 :: steps: 1.00 :: Time: 2.681(2.68094/step) :: Entropy : 0.000 :: Grads : []
700 :: Rewards 13185.446 :: steps: 1.00 :: Time: 2.695(2.69513/step) :: Entropy : 0.000 :: Grads : []
710 :: Rewards 13396.234 :: steps: 1.00 :: Time: 2.728(2.72836/step) :: Entropy : 0.000 :: Grads : []
720 :: Rewards 13605.723 :: steps: 1.00 :: Time: 2.682(2.68173/step) :: Entropy : 0.000 :: Grads : []
730 :: Rewards 13807.053 :: steps: 1.00 :: Time: 2.710(2.70954/step) :: Entropy : 0.000 :: Grads : []
740 :: Rewards 14008.691 :: steps: 1.00 :: Time: 3.020(3.02020/step) :: Entropy : 0.000 :: Grads : []
750 :: Rewards 14170.541 :: steps: 1.00 :: Time: 2.733(2.73345/step) :: Entropy : 0.000 :: Grads : []
760 :: Rewards 14339.647 :: steps: 1.00 :: Time: 2.692(2.69201/step) :: Entropy : 0.000 :: Grads : []
770 :: Rewards 14567.612 :: steps: 1.00 :: Time: 2.701(2.70094/step) :: Entropy : 0.000 :: Grads : []
780 :: Rewards 14754.994 :: steps: 1.00 :: Time: 2.655(2.65464/step) :: Entropy : 0.000 :: Grads : []
790 :: Rewards 14950.158 :: steps: 1.00 :: Time: 2.664(2.66433/step) :: Entropy : 0.000 :: Grads : []
800 :: Rewards 15152.953 :: steps: 1.00 :: Time: 2.686(2.68575/step) :: Entropy : 0.000 :: Grads : []
810 :: Rewards 15359.568 :: steps: 1.00 :: Time: 2.639(2.63881/step) :: Entropy : 0.000 :: Grads : []
820 :: Rewards 15590.629 :: steps: 1.00 :: Time: 2.636(2.63556/step) :: Entropy : 0.000 :: Grads : []
830 :: Rewards 15781.804 :: steps: 1.00 :: Time: 2.655(2.65491/step) :: Entropy : 0.000 :: Grads : []
840 :: Rewards 15982.263 :: steps: 1.00 :: Time: 2.722(2.72195/step) :: Entropy : 0.000 :: Grads : []
850 :: Rewards 16182.441 :: steps: 1.00 :: Time: 2.700(2.70011/step) :: Entropy : 0.000 :: Grads : []
860 :: Rewards 16358.714 :: steps: 1.00 :: Time: 2.684(2.68359/step) :: Entropy : 0.000 :: Grads : []
870 :: Rewards 16509.550 :: steps: 1.00 :: Time: 2.717(2.71666/step) :: Entropy : 0.000 :: Grads : []
880 :: Rewards 16698.305 :: steps: 1.00 :: Time: 2.881(2.88128/step) :: Entropy : 0.000 :: Grads : []
890 :: Rewards 16892.645 :: steps: 1.00 :: Time: 2.789(2.78883/step) :: Entropy : 0.000 :: Grads : []
900 :: Rewards 17102.961 :: steps: 1.00 :: Time: 2.664(2.66371/step) :: Entropy : 0.000 :: Grads : []
910 :: Rewards 17314.733 :: steps: 1.00 :: Time: 2.766(2.76577/step) :: Entropy : 0.000 :: Grads : []
920 :: Rewards 17474.313 :: steps: 1.00 :: Time: 2.735(2.73512/step) :: Entropy : 0.000 :: Grads : []
930 :: Rewards 17640.664 :: steps: 1.00 :: Time: 2.711(2.71085/step) :: Entropy : 0.000 :: Grads : []
940 :: Rewards 17830.077 :: steps: 1.00 :: Time: 2.731(2.73057/step) :: Entropy : 0.000 :: Grads : []
950 :: Rewards 18028.461 :: steps: 1.00 :: Time: 2.688(2.68839/step) :: Entropy : 0.000 :: Grads : []
960 :: Rewards 18225.920 :: steps: 1.00 :: Time: 2.652(2.65249/step) :: Entropy : 0.000 :: Grads : []
970 :: Rewards 18404.704 :: steps: 1.00 :: Time: 2.647(2.64722/step) :: Entropy : 0.000 :: Grads : []
980 :: Rewards 18609.534 :: steps: 1.00 :: Time: 2.692(2.69202/step) :: Entropy : 0.000 :: Grads : []
990 :: Rewards 18813.773 :: steps: 1.00 :: Time: 2.631(2.63124/step) :: Entropy : 0.000 :: Grads : []
999 :: Rewards 18971.708 :: steps: 0.90 :: Time: 2.365(2.62803/step) :: Entropy : 0.000 :: Grads : []
Total time taken: 2695.6941537857056
