Module path:  Environments.NS_Reco NS_Reco
Dynamically loaded from:  <class 'Environments.NS_Reco.NS_Reco'>
Reward Amplitudes: [4.17022005e-01 7.20324493e-01 1.14374817e-04 3.02332573e-01
 1.46755891e-01] :: Avg 0.317309867282206 
Module path:  Src.Algorithms.ProWLS ProWLS
Dynamically loaded from:  <class 'Src.Algorithms.ProWLS.ProWLS'>
=====Configurations=====
 Namespace(NN_basis_dim='32', Policy_basis_dim='32', actor_lr=0.00450428892499054, algo_name='ProWLS', base=0, batch_size=1000, buffer_size=1000, debug=False, delta=3, entropy_lambda=0.07518854390699839, env_name='NS_Reco', experiment='NS_3_', extrapolator_basis='Fourier', folder_suffix='Default', fourier_coupled=True, fourier_k=5, fourier_order=3, gamma=0.99, gauss_std=1.5, gpu=0, hyper='default', importance_clip=10.0, inc=1, log_output='term_file', max_episodes=1000, max_inner=90, max_steps=500, optim='rmsprop', oracle=-1, raw_basis=True, restore=False, save_count=100, save_model=True, seed=11, speed=3, state_lr=0.001, summary=True, swarm=False, timestamp='5|24|22:17:17')
Actions space: 5 :: State space: 1
State Low: tensor([0.]) :: State High: tensor([1.])
State features:  [('dummy_param', torch.Size([1]))]
Policy:  [('fc1.weight', torch.Size([5, 1])), ('fc1.bias', torch.Size([5]))]
0 :: Rewards -0.003 :: steps: 0.10 :: Time: 0.000(0.00059/step) :: Entropy : 0.000 :: Grads : []
10 :: Rewards 0.196 :: steps: 1.00 :: Time: 0.010(0.01018/step) :: Entropy : 0.000 :: Grads : []
20 :: Rewards 0.773 :: steps: 1.00 :: Time: 0.020(0.02020/step) :: Entropy : 0.000 :: Grads : []
30 :: Rewards 1.550 :: steps: 1.00 :: Time: 0.016(0.01554/step) :: Entropy : 0.000 :: Grads : []
40 :: Rewards 3.414 :: steps: 1.00 :: Time: 0.015(0.01516/step) :: Entropy : 0.000 :: Grads : []
50 :: Rewards 5.370 :: steps: 1.00 :: Time: 0.020(0.02045/step) :: Entropy : 0.000 :: Grads : []
60 :: Rewards 8.753 :: steps: 1.00 :: Time: 0.016(0.01556/step) :: Entropy : 0.000 :: Grads : []
70 :: Rewards 11.677 :: steps: 1.00 :: Time: 0.016(0.01578/step) :: Entropy : 0.000 :: Grads : []
80 :: Rewards 16.381 :: steps: 1.00 :: Time: 0.021(0.02133/step) :: Entropy : 0.000 :: Grads : []
90 :: Rewards 19.451 :: steps: 1.00 :: Time: 0.016(0.01633/step) :: Entropy : 0.000 :: Grads : []
100 :: Rewards 25.221 :: steps: 1.00 :: Time: 0.017(0.01654/step) :: Entropy : 0.000 :: Grads : []
110 :: Rewards 30.844 :: steps: 1.00 :: Time: 0.022(0.02243/step) :: Entropy : 0.000 :: Grads : []
120 :: Rewards 35.915 :: steps: 1.00 :: Time: 0.017(0.01713/step) :: Entropy : 0.000 :: Grads : []
130 :: Rewards 41.561 :: steps: 1.00 :: Time: 0.018(0.01750/step) :: Entropy : 0.000 :: Grads : []
140 :: Rewards 46.991 :: steps: 1.00 :: Time: 0.024(0.02377/step) :: Entropy : 0.000 :: Grads : []
150 :: Rewards 52.989 :: steps: 1.00 :: Time: 0.018(0.01818/step) :: Entropy : 0.000 :: Grads : []
160 :: Rewards 58.030 :: steps: 1.00 :: Time: 0.019(0.01856/step) :: Entropy : 0.000 :: Grads : []
170 :: Rewards 62.558 :: steps: 1.00 :: Time: 0.025(0.02519/step) :: Entropy : 0.000 :: Grads : []
180 :: Rewards 68.344 :: steps: 1.00 :: Time: 0.019(0.01938/step) :: Entropy : 0.000 :: Grads : []
190 :: Rewards 74.564 :: steps: 1.00 :: Time: 0.021(0.02069/step) :: Entropy : 0.000 :: Grads : []
200 :: Rewards 80.159 :: steps: 1.00 :: Time: 0.028(0.02795/step) :: Entropy : 0.000 :: Grads : []
210 :: Rewards 85.298 :: steps: 1.00 :: Time: 0.022(0.02170/step) :: Entropy : 0.000 :: Grads : []
220 :: Rewards 89.111 :: steps: 1.00 :: Time: 0.022(0.02224/step) :: Entropy : 0.000 :: Grads : []
230 :: Rewards 92.680 :: steps: 1.00 :: Time: 0.030(0.03038/step) :: Entropy : 0.000 :: Grads : []
240 :: Rewards 96.356 :: steps: 1.00 :: Time: 0.023(0.02333/step) :: Entropy : 0.000 :: Grads : []
250 :: Rewards 99.557 :: steps: 1.00 :: Time: 0.024(0.02395/step) :: Entropy : 0.000 :: Grads : []
260 :: Rewards 102.459 :: steps: 1.00 :: Time: 0.033(0.03267/step) :: Entropy : 0.000 :: Grads : []
270 :: Rewards 105.230 :: steps: 1.00 :: Time: 0.025(0.02502/step) :: Entropy : 0.000 :: Grads : []
280 :: Rewards 107.525 :: steps: 1.00 :: Time: 0.025(0.02548/step) :: Entropy : 0.000 :: Grads : []
290 :: Rewards 109.911 :: steps: 1.00 :: Time: 0.034(0.03442/step) :: Entropy : 0.000 :: Grads : []
300 :: Rewards 111.896 :: steps: 1.00 :: Time: 0.026(0.02606/step) :: Entropy : 0.000 :: Grads : []
310 :: Rewards 113.804 :: steps: 1.00 :: Time: 0.027(0.02662/step) :: Entropy : 0.000 :: Grads : []
320 :: Rewards 115.618 :: steps: 1.00 :: Time: 0.036(0.03632/step) :: Entropy : 0.000 :: Grads : []
330 :: Rewards 116.912 :: steps: 1.00 :: Time: 0.028(0.02782/step) :: Entropy : 0.000 :: Grads : []
340 :: Rewards 118.096 :: steps: 1.00 :: Time: 0.028(0.02845/step) :: Entropy : 0.000 :: Grads : []
350 :: Rewards 119.265 :: steps: 1.00 :: Time: 0.039(0.03860/step) :: Entropy : 0.000 :: Grads : []
360 :: Rewards 119.982 :: steps: 1.00 :: Time: 0.030(0.02977/step) :: Entropy : 0.000 :: Grads : []
370 :: Rewards 120.673 :: steps: 1.00 :: Time: 0.031(0.03090/step) :: Entropy : 0.000 :: Grads : []
380 :: Rewards 121.120 :: steps: 1.00 :: Time: 0.042(0.04231/step) :: Entropy : 0.000 :: Grads : []
390 :: Rewards 121.034 :: steps: 1.00 :: Time: 0.032(0.03205/step) :: Entropy : 0.000 :: Grads : []
400 :: Rewards 121.594 :: steps: 1.00 :: Time: 0.033(0.03290/step) :: Entropy : 0.000 :: Grads : []
410 :: Rewards 121.475 :: steps: 1.00 :: Time: 0.044(0.04445/step) :: Entropy : 0.000 :: Grads : []
420 :: Rewards 121.042 :: steps: 1.00 :: Time: 0.034(0.03448/step) :: Entropy : 0.000 :: Grads : []
430 :: Rewards 121.170 :: steps: 1.00 :: Time: 0.035(0.03544/step) :: Entropy : 0.000 :: Grads : []
440 :: Rewards 120.676 :: steps: 1.00 :: Time: 0.048(0.04757/step) :: Entropy : 0.000 :: Grads : []
450 :: Rewards 119.833 :: steps: 1.00 :: Time: 0.037(0.03655/step) :: Entropy : 0.000 :: Grads : []
460 :: Rewards 120.095 :: steps: 1.00 :: Time: 0.037(0.03738/step) :: Entropy : 0.000 :: Grads : []
470 :: Rewards 120.098 :: steps: 1.00 :: Time: 0.051(0.05110/step) :: Entropy : 0.000 :: Grads : []
480 :: Rewards 120.187 :: steps: 1.00 :: Time: 0.039(0.03900/step) :: Entropy : 0.000 :: Grads : []
490 :: Rewards 119.497 :: steps: 1.00 :: Time: 0.040(0.04035/step) :: Entropy : 0.000 :: Grads : []
500 :: Rewards 119.256 :: steps: 1.00 :: Time: 0.054(0.05436/step) :: Entropy : 0.000 :: Grads : []
510 :: Rewards 119.209 :: steps: 1.00 :: Time: 0.042(0.04171/step) :: Entropy : 0.000 :: Grads : []
520 :: Rewards 118.867 :: steps: 1.00 :: Time: 0.043(0.04272/step) :: Entropy : 0.000 :: Grads : []
530 :: Rewards 118.735 :: steps: 1.00 :: Time: 0.057(0.05731/step) :: Entropy : 0.000 :: Grads : []
540 :: Rewards 118.267 :: steps: 1.00 :: Time: 0.044(0.04357/step) :: Entropy : 0.000 :: Grads : []
550 :: Rewards 116.888 :: steps: 1.00 :: Time: 0.045(0.04458/step) :: Entropy : 0.000 :: Grads : []
560 :: Rewards 116.596 :: steps: 1.00 :: Time: 0.060(0.06022/step) :: Entropy : 0.000 :: Grads : []
570 :: Rewards 115.788 :: steps: 1.00 :: Time: 0.046(0.04610/step) :: Entropy : 0.000 :: Grads : []
580 :: Rewards 114.815 :: steps: 1.00 :: Time: 0.047(0.04710/step) :: Entropy : 0.000 :: Grads : []
590 :: Rewards 114.288 :: steps: 1.00 :: Time: 0.065(0.06466/step) :: Entropy : 0.000 :: Grads : []
600 :: Rewards 113.662 :: steps: 1.00 :: Time: 0.049(0.04941/step) :: Entropy : 0.000 :: Grads : []
610 :: Rewards 113.476 :: steps: 1.00 :: Time: 0.051(0.05088/step) :: Entropy : 0.000 :: Grads : []
620 :: Rewards 113.265 :: steps: 1.00 :: Time: 0.068(0.06850/step) :: Entropy : 0.000 :: Grads : []
630 :: Rewards 113.743 :: steps: 1.00 :: Time: 0.053(0.05254/step) :: Entropy : 0.000 :: Grads : []
640 :: Rewards 116.184 :: steps: 1.00 :: Time: 0.054(0.05375/step) :: Entropy : 0.000 :: Grads : []
650 :: Rewards 120.505 :: steps: 1.00 :: Time: 0.073(0.07329/step) :: Entropy : 0.000 :: Grads : []
660 :: Rewards 125.393 :: steps: 1.00 :: Time: 0.056(0.05623/step) :: Entropy : 0.000 :: Grads : []
670 :: Rewards 129.982 :: steps: 1.00 :: Time: 0.058(0.05814/step) :: Entropy : 0.000 :: Grads : []
680 :: Rewards 135.041 :: steps: 1.00 :: Time: 0.078(0.07821/step) :: Entropy : 0.000 :: Grads : []
690 :: Rewards 141.359 :: steps: 1.00 :: Time: 0.060(0.05977/step) :: Entropy : 0.000 :: Grads : []
700 :: Rewards 148.030 :: steps: 1.00 :: Time: 0.061(0.06114/step) :: Entropy : 0.000 :: Grads : []
710 :: Rewards 154.066 :: steps: 1.00 :: Time: 0.084(0.08363/step) :: Entropy : 0.000 :: Grads : []
720 :: Rewards 161.174 :: steps: 1.00 :: Time: 0.064(0.06379/step) :: Entropy : 0.000 :: Grads : []
730 :: Rewards 168.344 :: steps: 1.00 :: Time: 0.066(0.06636/step) :: Entropy : 0.000 :: Grads : []
740 :: Rewards 174.724 :: steps: 1.00 :: Time: 0.089(0.08940/step) :: Entropy : 0.000 :: Grads : []
750 :: Rewards 181.153 :: steps: 1.00 :: Time: 0.068(0.06811/step) :: Entropy : 0.000 :: Grads : []
760 :: Rewards 187.403 :: steps: 1.00 :: Time: 0.070(0.07040/step) :: Entropy : 0.000 :: Grads : []
770 :: Rewards 192.506 :: steps: 1.00 :: Time: 0.095(0.09537/step) :: Entropy : 0.000 :: Grads : []
780 :: Rewards 197.353 :: steps: 1.00 :: Time: 0.073(0.07258/step) :: Entropy : 0.000 :: Grads : []
790 :: Rewards 201.589 :: steps: 1.00 :: Time: 0.075(0.07476/step) :: Entropy : 0.000 :: Grads : []
800 :: Rewards 205.165 :: steps: 1.00 :: Time: 0.101(0.10073/step) :: Entropy : 0.000 :: Grads : []
810 :: Rewards 209.753 :: steps: 1.00 :: Time: 0.076(0.07579/step) :: Entropy : 0.000 :: Grads : []
820 :: Rewards 214.274 :: steps: 1.00 :: Time: 0.078(0.07769/step) :: Entropy : 0.000 :: Grads : []
830 :: Rewards 217.101 :: steps: 1.00 :: Time: 0.108(0.10845/step) :: Entropy : 0.000 :: Grads : []
840 :: Rewards 220.092 :: steps: 1.00 :: Time: 0.084(0.08371/step) :: Entropy : 0.000 :: Grads : []
850 :: Rewards 221.987 :: steps: 1.00 :: Time: 0.086(0.08591/step) :: Entropy : 0.000 :: Grads : []
860 :: Rewards 223.566 :: steps: 1.00 :: Time: 0.114(0.11427/step) :: Entropy : 0.000 :: Grads : []
870 :: Rewards 225.528 :: steps: 1.00 :: Time: 0.088(0.08797/step) :: Entropy : 0.000 :: Grads : []
880 :: Rewards 227.473 :: steps: 1.00 :: Time: 0.090(0.08976/step) :: Entropy : 0.000 :: Grads : []
890 :: Rewards 229.653 :: steps: 1.00 :: Time: 0.124(0.12407/step) :: Entropy : 0.000 :: Grads : []
900 :: Rewards 232.672 :: steps: 1.00 :: Time: 0.099(0.09932/step) :: Entropy : 0.000 :: Grads : []
910 :: Rewards 235.943 :: steps: 1.00 :: Time: 0.098(0.09787/step) :: Entropy : 0.000 :: Grads : []
920 :: Rewards 239.896 :: steps: 1.00 :: Time: 0.131(0.13137/step) :: Entropy : 0.000 :: Grads : []
930 :: Rewards 243.802 :: steps: 1.00 :: Time: 0.101(0.10131/step) :: Entropy : 0.000 :: Grads : []
940 :: Rewards 247.912 :: steps: 1.00 :: Time: 0.101(0.10130/step) :: Entropy : 0.000 :: Grads : []
950 :: Rewards 251.551 :: steps: 1.00 :: Time: 0.141(0.14129/step) :: Entropy : 0.000 :: Grads : []
960 :: Rewards 255.592 :: steps: 1.00 :: Time: 0.107(0.10704/step) :: Entropy : 0.000 :: Grads : []
970 :: Rewards 259.072 :: steps: 1.00 :: Time: 0.110(0.10954/step) :: Entropy : 0.000 :: Grads : []
980 :: Rewards 262.260 :: steps: 1.00 :: Time: 0.148(0.14817/step) :: Entropy : 0.000 :: Grads : []
990 :: Rewards 265.875 :: steps: 1.00 :: Time: 0.113(0.11269/step) :: Entropy : 0.000 :: Grads : []
999 :: Rewards 268.810 :: steps: 0.90 :: Time: 0.116(0.12850/step) :: Entropy : 0.000 :: Grads : []
Total time taken: 54.053382873535156
