Module path:  Environments.NS_Reco NS_Reco
Dynamically loaded from:  <class 'Environments.NS_Reco.NS_Reco'>
Reward Amplitudes: [4.17022005e-01 7.20324493e-01 1.14374817e-04 3.02332573e-01
 1.46755891e-01] :: Avg 0.317309867282206 
Module path:  Src.Algorithms.ProOLS ProOLS
Dynamically loaded from:  <class 'Src.Algorithms.ProOLS.ProOLS'>
=====Configurations=====
 Namespace(NN_basis_dim='32', Policy_basis_dim='32', actor_lr=0.0045712864064011045, algo_name='ProOLS', base=0, batch_size=1000, buffer_size=1000, debug=False, delta=3, entropy_lambda=0.04318892012402085, env_name='NS_Reco', experiment='NS_1_', extrapolator_basis='Fourier', folder_suffix='Default', fourier_coupled=True, fourier_k=5, fourier_order=3, gamma=0.99, gauss_std=1.5, gpu=0, hyper='default', importance_clip=5.0, inc=1, log_output='term_file', max_episodes=1000, max_inner=60, max_steps=500, optim='rmsprop', oracle=-1, raw_basis=True, restore=False, save_count=100, save_model=True, seed=29, speed=1, state_lr=0.001, summary=True, swarm=False, timestamp='5|24|21:25:30')
Actions space: 5 :: State space: 1
State Low: tensor([0.]) :: State High: tensor([1.])
State features:  [('dummy_param', torch.Size([1]))]
Policy:  [('fc1.weight', torch.Size([5, 1])), ('fc1.bias', torch.Size([5]))]
0 :: Rewards 0.007 :: steps: 0.10 :: Time: 0.000(0.00055/step) :: Entropy : 0.000 :: Grads : []
10 :: Rewards 0.085 :: steps: 1.00 :: Time: 0.005(0.00509/step) :: Entropy : 0.000 :: Grads : []
20 :: Rewards 0.197 :: steps: 1.00 :: Time: 0.010(0.00994/step) :: Entropy : 0.000 :: Grads : []
30 :: Rewards 0.755 :: steps: 1.00 :: Time: 0.008(0.00778/step) :: Entropy : 0.000 :: Grads : []
40 :: Rewards 1.248 :: steps: 1.00 :: Time: 0.007(0.00741/step) :: Entropy : 0.000 :: Grads : []
50 :: Rewards 2.068 :: steps: 1.00 :: Time: 0.010(0.00986/step) :: Entropy : 0.000 :: Grads : []
60 :: Rewards 3.458 :: steps: 1.00 :: Time: 0.007(0.00749/step) :: Entropy : 0.000 :: Grads : []
70 :: Rewards 5.186 :: steps: 1.00 :: Time: 0.008(0.00776/step) :: Entropy : 0.000 :: Grads : []
80 :: Rewards 7.081 :: steps: 1.00 :: Time: 0.010(0.01032/step) :: Entropy : 0.000 :: Grads : []
90 :: Rewards 8.451 :: steps: 1.00 :: Time: 0.008(0.00784/step) :: Entropy : 0.000 :: Grads : []
100 :: Rewards 9.634 :: steps: 1.00 :: Time: 0.008(0.00770/step) :: Entropy : 0.000 :: Grads : []
110 :: Rewards 12.097 :: steps: 1.00 :: Time: 0.010(0.01023/step) :: Entropy : 0.000 :: Grads : []
120 :: Rewards 14.996 :: steps: 1.00 :: Time: 0.008(0.00783/step) :: Entropy : 0.000 :: Grads : []
130 :: Rewards 18.138 :: steps: 1.00 :: Time: 0.008(0.00790/step) :: Entropy : 0.000 :: Grads : []
140 :: Rewards 21.491 :: steps: 1.00 :: Time: 0.011(0.01060/step) :: Entropy : 0.000 :: Grads : []
150 :: Rewards 25.064 :: steps: 1.00 :: Time: 0.008(0.00805/step) :: Entropy : 0.000 :: Grads : []
160 :: Rewards 28.861 :: steps: 1.00 :: Time: 0.008(0.00811/step) :: Entropy : 0.000 :: Grads : []
170 :: Rewards 32.905 :: steps: 1.00 :: Time: 0.011(0.01104/step) :: Entropy : 0.000 :: Grads : []
180 :: Rewards 37.118 :: steps: 1.00 :: Time: 0.008(0.00840/step) :: Entropy : 0.000 :: Grads : []
190 :: Rewards 41.567 :: steps: 1.00 :: Time: 0.008(0.00845/step) :: Entropy : 0.000 :: Grads : []
200 :: Rewards 46.211 :: steps: 1.00 :: Time: 0.011(0.01129/step) :: Entropy : 0.000 :: Grads : []
210 :: Rewards 51.069 :: steps: 1.00 :: Time: 0.009(0.00856/step) :: Entropy : 0.000 :: Grads : []
220 :: Rewards 56.060 :: steps: 1.00 :: Time: 0.009(0.00861/step) :: Entropy : 0.000 :: Grads : []
230 :: Rewards 61.285 :: steps: 1.00 :: Time: 0.012(0.01152/step) :: Entropy : 0.000 :: Grads : []
240 :: Rewards 66.665 :: steps: 1.00 :: Time: 0.009(0.00874/step) :: Entropy : 0.000 :: Grads : []
250 :: Rewards 72.228 :: steps: 1.00 :: Time: 0.009(0.00881/step) :: Entropy : 0.000 :: Grads : []
260 :: Rewards 77.928 :: steps: 1.00 :: Time: 0.013(0.01286/step) :: Entropy : 0.000 :: Grads : []
270 :: Rewards 83.766 :: steps: 1.00 :: Time: 0.009(0.00893/step) :: Entropy : 0.000 :: Grads : []
280 :: Rewards 89.780 :: steps: 1.00 :: Time: 0.009(0.00897/step) :: Entropy : 0.000 :: Grads : []
290 :: Rewards 95.897 :: steps: 1.00 :: Time: 0.012(0.01206/step) :: Entropy : 0.000 :: Grads : []
300 :: Rewards 102.166 :: steps: 1.00 :: Time: 0.009(0.00914/step) :: Entropy : 0.000 :: Grads : []
310 :: Rewards 108.515 :: steps: 1.00 :: Time: 0.009(0.00918/step) :: Entropy : 0.000 :: Grads : []
320 :: Rewards 115.026 :: steps: 1.00 :: Time: 0.012(0.01224/step) :: Entropy : 0.000 :: Grads : []
330 :: Rewards 121.629 :: steps: 1.00 :: Time: 0.009(0.00942/step) :: Entropy : 0.000 :: Grads : []
340 :: Rewards 128.378 :: steps: 1.00 :: Time: 0.009(0.00942/step) :: Entropy : 0.000 :: Grads : []
350 :: Rewards 135.171 :: steps: 1.00 :: Time: 0.013(0.01276/step) :: Entropy : 0.000 :: Grads : []
360 :: Rewards 142.058 :: steps: 1.00 :: Time: 0.010(0.00973/step) :: Entropy : 0.000 :: Grads : []
370 :: Rewards 149.007 :: steps: 1.00 :: Time: 0.010(0.00980/step) :: Entropy : 0.000 :: Grads : []
380 :: Rewards 156.005 :: steps: 1.00 :: Time: 0.013(0.01310/step) :: Entropy : 0.000 :: Grads : []
390 :: Rewards 163.135 :: steps: 1.00 :: Time: 0.010(0.00992/step) :: Entropy : 0.000 :: Grads : []
400 :: Rewards 170.252 :: steps: 1.00 :: Time: 0.010(0.00999/step) :: Entropy : 0.000 :: Grads : []
410 :: Rewards 177.387 :: steps: 1.00 :: Time: 0.013(0.01346/step) :: Entropy : 0.000 :: Grads : []
420 :: Rewards 184.583 :: steps: 1.00 :: Time: 0.010(0.01040/step) :: Entropy : 0.000 :: Grads : []
430 :: Rewards 191.797 :: steps: 1.00 :: Time: 0.010(0.01045/step) :: Entropy : 0.000 :: Grads : []
440 :: Rewards 199.026 :: steps: 1.00 :: Time: 0.014(0.01391/step) :: Entropy : 0.000 :: Grads : []
450 :: Rewards 206.201 :: steps: 1.00 :: Time: 0.011(0.01052/step) :: Entropy : 0.000 :: Grads : []
460 :: Rewards 213.373 :: steps: 1.00 :: Time: 0.011(0.01057/step) :: Entropy : 0.000 :: Grads : []
470 :: Rewards 220.539 :: steps: 1.00 :: Time: 0.014(0.01410/step) :: Entropy : 0.000 :: Grads : []
480 :: Rewards 227.716 :: steps: 1.00 :: Time: 0.011(0.01063/step) :: Entropy : 0.000 :: Grads : []
490 :: Rewards 234.865 :: steps: 1.00 :: Time: 0.011(0.01067/step) :: Entropy : 0.000 :: Grads : []
500 :: Rewards 241.927 :: steps: 1.00 :: Time: 0.014(0.01424/step) :: Entropy : 0.000 :: Grads : []
510 :: Rewards 248.877 :: steps: 1.00 :: Time: 0.011(0.01077/step) :: Entropy : 0.000 :: Grads : []
520 :: Rewards 255.815 :: steps: 1.00 :: Time: 0.011(0.01101/step) :: Entropy : 0.000 :: Grads : []
530 :: Rewards 262.706 :: steps: 1.00 :: Time: 0.015(0.01463/step) :: Entropy : 0.000 :: Grads : []
540 :: Rewards 269.458 :: steps: 1.00 :: Time: 0.011(0.01104/step) :: Entropy : 0.000 :: Grads : []
550 :: Rewards 276.107 :: steps: 1.00 :: Time: 0.011(0.01107/step) :: Entropy : 0.000 :: Grads : []
560 :: Rewards 282.695 :: steps: 1.00 :: Time: 0.015(0.01476/step) :: Entropy : 0.000 :: Grads : []
570 :: Rewards 289.194 :: steps: 1.00 :: Time: 0.011(0.01118/step) :: Entropy : 0.000 :: Grads : []
580 :: Rewards 295.594 :: steps: 1.00 :: Time: 0.011(0.01123/step) :: Entropy : 0.000 :: Grads : []
590 :: Rewards 301.837 :: steps: 1.00 :: Time: 0.015(0.01495/step) :: Entropy : 0.000 :: Grads : []
600 :: Rewards 307.963 :: steps: 1.00 :: Time: 0.011(0.01128/step) :: Entropy : 0.000 :: Grads : []
610 :: Rewards 313.947 :: steps: 1.00 :: Time: 0.011(0.01129/step) :: Entropy : 0.000 :: Grads : []
620 :: Rewards 319.769 :: steps: 1.00 :: Time: 0.015(0.01501/step) :: Entropy : 0.000 :: Grads : []
630 :: Rewards 325.442 :: steps: 1.00 :: Time: 0.011(0.01130/step) :: Entropy : 0.000 :: Grads : []
640 :: Rewards 330.935 :: steps: 1.00 :: Time: 0.011(0.01136/step) :: Entropy : 0.000 :: Grads : []
650 :: Rewards 336.270 :: steps: 1.00 :: Time: 0.015(0.01512/step) :: Entropy : 0.000 :: Grads : []
660 :: Rewards 341.410 :: steps: 1.00 :: Time: 0.012(0.01150/step) :: Entropy : 0.000 :: Grads : []
670 :: Rewards 346.393 :: steps: 1.00 :: Time: 0.012(0.01159/step) :: Entropy : 0.000 :: Grads : []
680 :: Rewards 351.168 :: steps: 1.00 :: Time: 0.015(0.01543/step) :: Entropy : 0.000 :: Grads : []
690 :: Rewards 355.758 :: steps: 1.00 :: Time: 0.012(0.01163/step) :: Entropy : 0.000 :: Grads : []
700 :: Rewards 360.122 :: steps: 1.00 :: Time: 0.012(0.01174/step) :: Entropy : 0.000 :: Grads : []
710 :: Rewards 364.282 :: steps: 1.00 :: Time: 0.016(0.01566/step) :: Entropy : 0.000 :: Grads : []
720 :: Rewards 368.235 :: steps: 1.00 :: Time: 0.012(0.01183/step) :: Entropy : 0.000 :: Grads : []
730 :: Rewards 372.011 :: steps: 1.00 :: Time: 0.012(0.01188/step) :: Entropy : 0.000 :: Grads : []
740 :: Rewards 375.560 :: steps: 1.00 :: Time: 0.016(0.01609/step) :: Entropy : 0.000 :: Grads : []
750 :: Rewards 378.881 :: steps: 1.00 :: Time: 0.012(0.01203/step) :: Entropy : 0.000 :: Grads : []
760 :: Rewards 381.965 :: steps: 1.00 :: Time: 0.012(0.01210/step) :: Entropy : 0.000 :: Grads : []
770 :: Rewards 384.828 :: steps: 1.00 :: Time: 0.016(0.01613/step) :: Entropy : 0.000 :: Grads : []
780 :: Rewards 387.438 :: steps: 1.00 :: Time: 0.012(0.01222/step) :: Entropy : 0.000 :: Grads : []
790 :: Rewards 389.772 :: steps: 1.00 :: Time: 0.012(0.01227/step) :: Entropy : 0.000 :: Grads : []
800 :: Rewards 391.844 :: steps: 1.00 :: Time: 0.016(0.01630/step) :: Entropy : 0.000 :: Grads : []
810 :: Rewards 393.713 :: steps: 1.00 :: Time: 0.012(0.01236/step) :: Entropy : 0.000 :: Grads : []
820 :: Rewards 395.366 :: steps: 1.00 :: Time: 0.012(0.01239/step) :: Entropy : 0.000 :: Grads : []
830 :: Rewards 396.707 :: steps: 1.00 :: Time: 0.017(0.01663/step) :: Entropy : 0.000 :: Grads : []
840 :: Rewards 397.903 :: steps: 1.00 :: Time: 0.012(0.01241/step) :: Entropy : 0.000 :: Grads : []
850 :: Rewards 399.096 :: steps: 1.00 :: Time: 0.013(0.01252/step) :: Entropy : 0.000 :: Grads : []
860 :: Rewards 400.283 :: steps: 1.00 :: Time: 0.017(0.01665/step) :: Entropy : 0.000 :: Grads : []
870 :: Rewards 402.012 :: steps: 1.00 :: Time: 0.013(0.01253/step) :: Entropy : 0.000 :: Grads : []
880 :: Rewards 403.714 :: steps: 1.00 :: Time: 0.013(0.01255/step) :: Entropy : 0.000 :: Grads : []
890 :: Rewards 405.826 :: steps: 1.00 :: Time: 0.017(0.01669/step) :: Entropy : 0.000 :: Grads : []
900 :: Rewards 408.156 :: steps: 1.00 :: Time: 0.013(0.01265/step) :: Entropy : 0.000 :: Grads : []
910 :: Rewards 410.294 :: steps: 1.00 :: Time: 0.013(0.01262/step) :: Entropy : 0.000 :: Grads : []
920 :: Rewards 412.364 :: steps: 1.00 :: Time: 0.017(0.01678/step) :: Entropy : 0.000 :: Grads : []
930 :: Rewards 414.294 :: steps: 1.00 :: Time: 0.013(0.01266/step) :: Entropy : 0.000 :: Grads : []
940 :: Rewards 416.324 :: steps: 1.00 :: Time: 0.013(0.01268/step) :: Entropy : 0.000 :: Grads : []
950 :: Rewards 418.239 :: steps: 1.00 :: Time: 0.017(0.01690/step) :: Entropy : 0.000 :: Grads : []
960 :: Rewards 420.052 :: steps: 1.00 :: Time: 0.013(0.01268/step) :: Entropy : 0.000 :: Grads : []
970 :: Rewards 421.897 :: steps: 1.00 :: Time: 0.013(0.01272/step) :: Entropy : 0.000 :: Grads : []
980 :: Rewards 423.600 :: steps: 1.00 :: Time: 0.017(0.01688/step) :: Entropy : 0.000 :: Grads : []
990 :: Rewards 425.177 :: steps: 1.00 :: Time: 0.013(0.01279/step) :: Entropy : 0.000 :: Grads : []
999 :: Rewards 426.711 :: steps: 0.90 :: Time: 0.013(0.01421/step) :: Entropy : 0.000 :: Grads : []
Total time taken: 11.642282962799072
