Module path:  Src.Algorithms.ONPG ONPG
Dynamically loaded from:  <class 'Src.Algorithms.ONPG.ONPG'>
=====Configurations=====
 Namespace(NN_basis_dim='32', Policy_basis_dim='32', actor_lr=0.007108089210642577, algo_name='ONPG', base=0, batch_size=1000, buffer_size=1000, debug=False, delta=5, entropy_lambda=0.1, env_name='NS_SimGlucose-v0', experiment='NS_1_', extrapolator_basis='Fourier', folder_suffix='', fourier_coupled=True, fourier_k=7, fourier_order=3, gamma=0.99, gauss_std=2.45818, gpu=0, hyper='default', importance_clip=10.0, inc=1, log_output='term_file', max_episodes=1000, max_inner=150, max_steps=500, optim='rmsprop', oracle=-1, raw_basis=True, restore=False, save_count=100, save_model=True, seed=2, speed=1, state_lr=0.001, summary=True, swarm=False, timestamp='5|29|12:4:41')
Actions space: 2 :: State space: 1
State Low: tensor([0.]) :: State High: tensor([1.])
State features:  [('dummy_param', torch.Size([1]))]
Action Low: [3. 5.] :: Action High: [30. 50.]
Policy:  [('fc_mean.weight', torch.Size([2, 1])), ('fc_mean.bias', torch.Size([2]))]
0 :: Rewards 9.258 :: steps: 0.10 :: Time: 96.559(965.58590/step) :: Entropy : 0.000 :: Grads : []
10 :: Rewards 137.671 :: steps: 1.00 :: Time: 507.012(507.01181/step) :: Entropy : 0.000 :: Grads : []
20 :: Rewards 271.655 :: steps: 1.00 :: Time: 595.748(595.74828/step) :: Entropy : 0.000 :: Grads : []
30 :: Rewards 409.999 :: steps: 1.00 :: Time: 430.642(430.64152/step) :: Entropy : 0.000 :: Grads : []
40 :: Rewards 569.131 :: steps: 1.00 :: Time: 2.747(2.74692/step) :: Entropy : 0.000 :: Grads : []
50 :: Rewards 725.665 :: steps: 1.00 :: Time: 2.708(2.70779/step) :: Entropy : 0.000 :: Grads : []
60 :: Rewards 874.734 :: steps: 1.00 :: Time: 2.661(2.66071/step) :: Entropy : 0.000 :: Grads : []
70 :: Rewards 1023.487 :: steps: 1.00 :: Time: 2.680(2.67969/step) :: Entropy : 0.000 :: Grads : []
80 :: Rewards 1179.070 :: steps: 1.00 :: Time: 2.703(2.70253/step) :: Entropy : 0.000 :: Grads : []
90 :: Rewards 1370.120 :: steps: 1.00 :: Time: 2.692(2.69246/step) :: Entropy : 0.000 :: Grads : []
100 :: Rewards 1557.178 :: steps: 1.00 :: Time: 2.677(2.67707/step) :: Entropy : 0.000 :: Grads : []
110 :: Rewards 1736.017 :: steps: 1.00 :: Time: 2.663(2.66258/step) :: Entropy : 0.000 :: Grads : []
120 :: Rewards 1926.558 :: steps: 1.00 :: Time: 2.712(2.71158/step) :: Entropy : 0.000 :: Grads : []
130 :: Rewards 2080.129 :: steps: 1.00 :: Time: 2.757(2.75669/step) :: Entropy : 0.000 :: Grads : []
140 :: Rewards 2249.186 :: steps: 1.00 :: Time: 2.758(2.75819/step) :: Entropy : 0.000 :: Grads : []
150 :: Rewards 2433.386 :: steps: 1.00 :: Time: 2.703(2.70340/step) :: Entropy : 0.000 :: Grads : []
160 :: Rewards 2645.076 :: steps: 1.00 :: Time: 2.666(2.66647/step) :: Entropy : 0.000 :: Grads : []
170 :: Rewards 2838.363 :: steps: 1.00 :: Time: 2.688(2.68767/step) :: Entropy : 0.000 :: Grads : []
180 :: Rewards 3055.547 :: steps: 1.00 :: Time: 2.695(2.69479/step) :: Entropy : 0.000 :: Grads : []
190 :: Rewards 3253.307 :: steps: 1.00 :: Time: 2.691(2.69083/step) :: Entropy : 0.000 :: Grads : []
200 :: Rewards 3472.743 :: steps: 1.00 :: Time: 2.729(2.72949/step) :: Entropy : 0.000 :: Grads : []
210 :: Rewards 3685.442 :: steps: 1.00 :: Time: 2.762(2.76196/step) :: Entropy : 0.000 :: Grads : []
220 :: Rewards 3875.812 :: steps: 1.00 :: Time: 2.700(2.69969/step) :: Entropy : 0.000 :: Grads : []
230 :: Rewards 4097.711 :: steps: 1.00 :: Time: 2.688(2.68778/step) :: Entropy : 0.000 :: Grads : []
240 :: Rewards 4337.854 :: steps: 1.00 :: Time: 2.724(2.72357/step) :: Entropy : 0.000 :: Grads : []
250 :: Rewards 4532.541 :: steps: 1.00 :: Time: 2.657(2.65742/step) :: Entropy : 0.000 :: Grads : []
260 :: Rewards 4775.043 :: steps: 1.00 :: Time: 2.704(2.70410/step) :: Entropy : 0.000 :: Grads : []
270 :: Rewards 5038.418 :: steps: 1.00 :: Time: 2.721(2.72082/step) :: Entropy : 0.000 :: Grads : []
280 :: Rewards 5284.155 :: steps: 1.00 :: Time: 2.710(2.70963/step) :: Entropy : 0.000 :: Grads : []
290 :: Rewards 5492.752 :: steps: 1.00 :: Time: 2.736(2.73612/step) :: Entropy : 0.000 :: Grads : []
300 :: Rewards 5712.207 :: steps: 1.00 :: Time: 2.674(2.67437/step) :: Entropy : 0.000 :: Grads : []
310 :: Rewards 5924.324 :: steps: 1.00 :: Time: 2.688(2.68812/step) :: Entropy : 0.000 :: Grads : []
320 :: Rewards 6177.447 :: steps: 1.00 :: Time: 2.763(2.76310/step) :: Entropy : 0.000 :: Grads : []
330 :: Rewards 6427.545 :: steps: 1.00 :: Time: 2.699(2.69931/step) :: Entropy : 0.000 :: Grads : []
340 :: Rewards 6665.415 :: steps: 1.00 :: Time: 2.706(2.70642/step) :: Entropy : 0.000 :: Grads : []
350 :: Rewards 6904.663 :: steps: 1.00 :: Time: 2.680(2.67971/step) :: Entropy : 0.000 :: Grads : []
360 :: Rewards 7139.568 :: steps: 1.00 :: Time: 2.652(2.65166/step) :: Entropy : 0.000 :: Grads : []
370 :: Rewards 7387.510 :: steps: 1.00 :: Time: 2.743(2.74289/step) :: Entropy : 0.000 :: Grads : []
380 :: Rewards 7643.788 :: steps: 1.00 :: Time: 2.717(2.71654/step) :: Entropy : 0.000 :: Grads : []
390 :: Rewards 7885.026 :: steps: 1.00 :: Time: 2.717(2.71734/step) :: Entropy : 0.000 :: Grads : []
400 :: Rewards 8170.978 :: steps: 1.00 :: Time: 2.696(2.69610/step) :: Entropy : 0.000 :: Grads : []
410 :: Rewards 8448.782 :: steps: 1.00 :: Time: 2.689(2.68914/step) :: Entropy : 0.000 :: Grads : []
420 :: Rewards 8706.740 :: steps: 1.00 :: Time: 2.687(2.68661/step) :: Entropy : 0.000 :: Grads : []
430 :: Rewards 8977.169 :: steps: 1.00 :: Time: 2.657(2.65740/step) :: Entropy : 0.000 :: Grads : []
440 :: Rewards 9197.786 :: steps: 1.00 :: Time: 2.691(2.69125/step) :: Entropy : 0.000 :: Grads : []
450 :: Rewards 9465.976 :: steps: 1.00 :: Time: 2.665(2.66514/step) :: Entropy : 0.000 :: Grads : []
460 :: Rewards 9703.833 :: steps: 1.00 :: Time: 2.706(2.70611/step) :: Entropy : 0.000 :: Grads : []
470 :: Rewards 10010.415 :: steps: 1.00 :: Time: 2.684(2.68393/step) :: Entropy : 0.000 :: Grads : []
480 :: Rewards 10268.133 :: steps: 1.00 :: Time: 2.658(2.65780/step) :: Entropy : 0.000 :: Grads : []
490 :: Rewards 10527.883 :: steps: 1.00 :: Time: 2.670(2.66970/step) :: Entropy : 0.000 :: Grads : []
500 :: Rewards 10810.993 :: steps: 1.00 :: Time: 2.679(2.67937/step) :: Entropy : 0.000 :: Grads : []
510 :: Rewards 11091.319 :: steps: 1.00 :: Time: 2.657(2.65673/step) :: Entropy : 0.000 :: Grads : []
520 :: Rewards 11368.076 :: steps: 1.00 :: Time: 2.666(2.66639/step) :: Entropy : 0.000 :: Grads : []
530 :: Rewards 11645.180 :: steps: 1.00 :: Time: 2.683(2.68350/step) :: Entropy : 0.000 :: Grads : []
540 :: Rewards 11911.495 :: steps: 1.00 :: Time: 2.671(2.67052/step) :: Entropy : 0.000 :: Grads : []
550 :: Rewards 12097.234 :: steps: 1.00 :: Time: 2.678(2.67808/step) :: Entropy : 0.000 :: Grads : []
560 :: Rewards 12378.071 :: steps: 1.00 :: Time: 2.655(2.65474/step) :: Entropy : 0.000 :: Grads : []
570 :: Rewards 12605.704 :: steps: 1.00 :: Time: 2.692(2.69233/step) :: Entropy : 0.000 :: Grads : []
580 :: Rewards 12829.967 :: steps: 1.00 :: Time: 2.656(2.65574/step) :: Entropy : 0.000 :: Grads : []
590 :: Rewards 13094.474 :: steps: 1.00 :: Time: 2.681(2.68065/step) :: Entropy : 0.000 :: Grads : []
600 :: Rewards 13294.510 :: steps: 1.00 :: Time: 2.659(2.65928/step) :: Entropy : 0.000 :: Grads : []
610 :: Rewards 13493.098 :: steps: 1.00 :: Time: 2.647(2.64687/step) :: Entropy : 0.000 :: Grads : []
620 :: Rewards 13711.291 :: steps: 1.00 :: Time: 2.660(2.66020/step) :: Entropy : 0.000 :: Grads : []
630 :: Rewards 13924.884 :: steps: 1.00 :: Time: 2.666(2.66581/step) :: Entropy : 0.000 :: Grads : []
640 :: Rewards 14127.098 :: steps: 1.00 :: Time: 2.656(2.65641/step) :: Entropy : 0.000 :: Grads : []
650 :: Rewards 14321.873 :: steps: 1.00 :: Time: 2.685(2.68483/step) :: Entropy : 0.000 :: Grads : []
660 :: Rewards 14511.603 :: steps: 1.00 :: Time: 2.670(2.66957/step) :: Entropy : 0.000 :: Grads : []
670 :: Rewards 14716.469 :: steps: 1.00 :: Time: 2.654(2.65415/step) :: Entropy : 0.000 :: Grads : []
680 :: Rewards 14928.055 :: steps: 1.00 :: Time: 2.669(2.66947/step) :: Entropy : 0.000 :: Grads : []
690 :: Rewards 15128.759 :: steps: 1.00 :: Time: 2.671(2.67138/step) :: Entropy : 0.000 :: Grads : []
700 :: Rewards 15336.799 :: steps: 1.00 :: Time: 2.675(2.67540/step) :: Entropy : 0.000 :: Grads : []
710 :: Rewards 15541.587 :: steps: 1.00 :: Time: 2.669(2.66864/step) :: Entropy : 0.000 :: Grads : []
720 :: Rewards 15748.570 :: steps: 1.00 :: Time: 2.672(2.67154/step) :: Entropy : 0.000 :: Grads : []
730 :: Rewards 15938.067 :: steps: 1.00 :: Time: 2.723(2.72324/step) :: Entropy : 0.000 :: Grads : []
740 :: Rewards 16145.423 :: steps: 1.00 :: Time: 2.689(2.68851/step) :: Entropy : 0.000 :: Grads : []
750 :: Rewards 16237.039 :: steps: 1.00 :: Time: 2.703(2.70296/step) :: Entropy : 0.000 :: Grads : []
760 :: Rewards 16381.898 :: steps: 1.00 :: Time: 2.687(2.68745/step) :: Entropy : 0.000 :: Grads : []
770 :: Rewards 16596.142 :: steps: 1.00 :: Time: 2.666(2.66599/step) :: Entropy : 0.000 :: Grads : []
780 :: Rewards 16726.194 :: steps: 1.00 :: Time: 2.655(2.65513/step) :: Entropy : 0.000 :: Grads : []
790 :: Rewards 16884.153 :: steps: 1.00 :: Time: 38.583(38.58339/step) :: Entropy : 0.000 :: Grads : []
800 :: Rewards 17054.463 :: steps: 1.00 :: Time: 2.643(2.64267/step) :: Entropy : 0.000 :: Grads : []
810 :: Rewards 17218.548 :: steps: 1.00 :: Time: 2.620(2.62039/step) :: Entropy : 0.000 :: Grads : []
820 :: Rewards 17438.964 :: steps: 1.00 :: Time: 2.626(2.62604/step) :: Entropy : 0.000 :: Grads : []
830 :: Rewards 17574.082 :: steps: 1.00 :: Time: 2.637(2.63657/step) :: Entropy : 0.000 :: Grads : []
840 :: Rewards 17712.669 :: steps: 1.00 :: Time: 2.647(2.64698/step) :: Entropy : 0.000 :: Grads : []
850 :: Rewards 17843.734 :: steps: 1.00 :: Time: 2.646(2.64629/step) :: Entropy : 0.000 :: Grads : []
860 :: Rewards 17929.821 :: steps: 1.00 :: Time: 2.663(2.66305/step) :: Entropy : 0.000 :: Grads : []
870 :: Rewards 17999.906 :: steps: 1.00 :: Time: 2.647(2.64657/step) :: Entropy : 0.000 :: Grads : []
880 :: Rewards 18090.878 :: steps: 1.00 :: Time: 2.662(2.66194/step) :: Entropy : 0.000 :: Grads : []
890 :: Rewards 18190.827 :: steps: 1.00 :: Time: 2.636(2.63562/step) :: Entropy : 0.000 :: Grads : []
900 :: Rewards 18346.594 :: steps: 1.00 :: Time: 2.667(2.66705/step) :: Entropy : 0.000 :: Grads : []
910 :: Rewards 18485.792 :: steps: 1.00 :: Time: 2.637(2.63724/step) :: Entropy : 0.000 :: Grads : []
920 :: Rewards 18486.780 :: steps: 1.00 :: Time: 2.632(2.63158/step) :: Entropy : 0.000 :: Grads : []
930 :: Rewards 18530.581 :: steps: 1.00 :: Time: 2.641(2.64062/step) :: Entropy : 0.000 :: Grads : []
940 :: Rewards 18598.731 :: steps: 1.00 :: Time: 2.623(2.62322/step) :: Entropy : 0.000 :: Grads : []
950 :: Rewards 18699.974 :: steps: 1.00 :: Time: 2.655(2.65475/step) :: Entropy : 0.000 :: Grads : []
960 :: Rewards 18811.675 :: steps: 1.00 :: Time: 2.646(2.64558/step) :: Entropy : 0.000 :: Grads : []
970 :: Rewards 18868.882 :: steps: 1.00 :: Time: 2.675(2.67468/step) :: Entropy : 0.000 :: Grads : []
980 :: Rewards 18978.368 :: steps: 1.00 :: Time: 2.711(2.71130/step) :: Entropy : 0.000 :: Grads : []
990 :: Rewards 19081.783 :: steps: 1.00 :: Time: 2.688(2.68763/step) :: Entropy : 0.000 :: Grads : []
999 :: Rewards 19119.340 :: steps: 0.90 :: Time: 2.463(2.73662/step) :: Entropy : 0.000 :: Grads : []
Total time taken: 19258.220898866653
