Module path:  Environments.NS_Reco NS_Reco
Dynamically loaded from:  <class 'Environments.NS_Reco.NS_Reco'>
Reward Amplitudes: [4.17022005e-01 7.20324493e-01 1.14374817e-04 3.02332573e-01
 1.46755891e-01] :: Avg 0.317309867282206 
Module path:  Src.Algorithms.ProOLS ProOLS
Dynamically loaded from:  <class 'Src.Algorithms.ProOLS.ProOLS'>
=====Configurations=====
 Namespace(NN_basis_dim='32', Policy_basis_dim='32', actor_lr=0.0045712864064011045, algo_name='ProOLS', base=0, batch_size=1000, buffer_size=1000, debug=False, delta=3, entropy_lambda=0.04318892012402085, env_name='NS_Reco', experiment='NS_1_', extrapolator_basis='Fourier', folder_suffix='Default', fourier_coupled=True, fourier_k=5, fourier_order=3, gamma=0.99, gauss_std=1.5, gpu=0, hyper='default', importance_clip=5.0, inc=1, log_output='term_file', max_episodes=1000, max_inner=60, max_steps=500, optim='rmsprop', oracle=-1, raw_basis=True, restore=False, save_count=100, save_model=True, seed=6, speed=1, state_lr=0.001, summary=True, swarm=False, timestamp='5|24|21:20:29')
Actions space: 5 :: State space: 1
State Low: tensor([0.]) :: State High: tensor([1.])
State features:  [('dummy_param', torch.Size([1]))]
Policy:  [('fc1.weight', torch.Size([5, 1])), ('fc1.bias', torch.Size([5]))]
0 :: Rewards 0.013 :: steps: 0.10 :: Time: 0.000(0.00067/step) :: Entropy : 0.000 :: Grads : []
10 :: Rewards 0.115 :: steps: 1.00 :: Time: 0.005(0.00520/step) :: Entropy : 0.000 :: Grads : []
20 :: Rewards 0.258 :: steps: 1.00 :: Time: 0.010(0.00989/step) :: Entropy : 0.000 :: Grads : []
30 :: Rewards 0.460 :: steps: 1.00 :: Time: 0.008(0.00764/step) :: Entropy : 0.000 :: Grads : []
40 :: Rewards 0.914 :: steps: 1.00 :: Time: 0.007(0.00734/step) :: Entropy : 0.000 :: Grads : []
50 :: Rewards 1.334 :: steps: 1.00 :: Time: 0.010(0.00982/step) :: Entropy : 0.000 :: Grads : []
60 :: Rewards 1.859 :: steps: 1.00 :: Time: 0.007(0.00747/step) :: Entropy : 0.000 :: Grads : []
70 :: Rewards 2.760 :: steps: 1.00 :: Time: 0.008(0.00751/step) :: Entropy : 0.000 :: Grads : []
80 :: Rewards 3.879 :: steps: 1.00 :: Time: 0.010(0.01008/step) :: Entropy : 0.000 :: Grads : []
90 :: Rewards 6.026 :: steps: 1.00 :: Time: 0.008(0.00765/step) :: Entropy : 0.000 :: Grads : []
100 :: Rewards 8.445 :: steps: 1.00 :: Time: 0.008(0.00771/step) :: Entropy : 0.000 :: Grads : []
110 :: Rewards 11.095 :: steps: 1.00 :: Time: 0.010(0.01032/step) :: Entropy : 0.000 :: Grads : []
120 :: Rewards 13.988 :: steps: 1.00 :: Time: 0.008(0.00783/step) :: Entropy : 0.000 :: Grads : []
130 :: Rewards 17.128 :: steps: 1.00 :: Time: 0.008(0.00793/step) :: Entropy : 0.000 :: Grads : []
140 :: Rewards 20.476 :: steps: 1.00 :: Time: 0.011(0.01066/step) :: Entropy : 0.000 :: Grads : []
150 :: Rewards 24.057 :: steps: 1.00 :: Time: 0.008(0.00808/step) :: Entropy : 0.000 :: Grads : []
160 :: Rewards 27.891 :: steps: 1.00 :: Time: 0.008(0.00814/step) :: Entropy : 0.000 :: Grads : []
170 :: Rewards 31.893 :: steps: 1.00 :: Time: 0.011(0.01088/step) :: Entropy : 0.000 :: Grads : []
180 :: Rewards 36.113 :: steps: 1.00 :: Time: 0.008(0.00827/step) :: Entropy : 0.000 :: Grads : []
190 :: Rewards 40.592 :: steps: 1.00 :: Time: 0.008(0.00832/step) :: Entropy : 0.000 :: Grads : []
200 :: Rewards 45.245 :: steps: 1.00 :: Time: 0.011(0.01112/step) :: Entropy : 0.000 :: Grads : []
210 :: Rewards 50.099 :: steps: 1.00 :: Time: 0.008(0.00845/step) :: Entropy : 0.000 :: Grads : []
220 :: Rewards 55.092 :: steps: 1.00 :: Time: 0.008(0.00849/step) :: Entropy : 0.000 :: Grads : []
230 :: Rewards 60.292 :: steps: 1.00 :: Time: 0.011(0.01135/step) :: Entropy : 0.000 :: Grads : []
240 :: Rewards 65.656 :: steps: 1.00 :: Time: 0.009(0.00860/step) :: Entropy : 0.000 :: Grads : []
250 :: Rewards 71.201 :: steps: 1.00 :: Time: 0.009(0.00864/step) :: Entropy : 0.000 :: Grads : []
260 :: Rewards 76.930 :: steps: 1.00 :: Time: 0.012(0.01179/step) :: Entropy : 0.000 :: Grads : []
270 :: Rewards 82.791 :: steps: 1.00 :: Time: 0.009(0.00900/step) :: Entropy : 0.000 :: Grads : []
280 :: Rewards 88.761 :: steps: 1.00 :: Time: 0.009(0.00907/step) :: Entropy : 0.000 :: Grads : []
290 :: Rewards 94.894 :: steps: 1.00 :: Time: 0.012(0.01193/step) :: Entropy : 0.000 :: Grads : []
300 :: Rewards 101.162 :: steps: 1.00 :: Time: 0.009(0.00911/step) :: Entropy : 0.000 :: Grads : []
310 :: Rewards 107.534 :: steps: 1.00 :: Time: 0.009(0.00918/step) :: Entropy : 0.000 :: Grads : []
320 :: Rewards 114.083 :: steps: 1.00 :: Time: 0.012(0.01227/step) :: Entropy : 0.000 :: Grads : []
330 :: Rewards 120.703 :: steps: 1.00 :: Time: 0.009(0.00936/step) :: Entropy : 0.000 :: Grads : []
340 :: Rewards 127.406 :: steps: 1.00 :: Time: 0.009(0.00943/step) :: Entropy : 0.000 :: Grads : []
350 :: Rewards 134.174 :: steps: 1.00 :: Time: 0.013(0.01279/step) :: Entropy : 0.000 :: Grads : []
360 :: Rewards 141.060 :: steps: 1.00 :: Time: 0.010(0.00974/step) :: Entropy : 0.000 :: Grads : []
370 :: Rewards 148.080 :: steps: 1.00 :: Time: 0.010(0.00980/step) :: Entropy : 0.000 :: Grads : []
380 :: Rewards 155.128 :: steps: 1.00 :: Time: 0.013(0.01313/step) :: Entropy : 0.000 :: Grads : []
390 :: Rewards 162.164 :: steps: 1.00 :: Time: 0.010(0.00994/step) :: Entropy : 0.000 :: Grads : []
400 :: Rewards 169.310 :: steps: 1.00 :: Time: 0.010(0.01001/step) :: Entropy : 0.000 :: Grads : []
410 :: Rewards 176.476 :: steps: 1.00 :: Time: 0.013(0.01348/step) :: Entropy : 0.000 :: Grads : []
420 :: Rewards 183.637 :: steps: 1.00 :: Time: 0.010(0.01041/step) :: Entropy : 0.000 :: Grads : []
430 :: Rewards 190.840 :: steps: 1.00 :: Time: 0.010(0.01046/step) :: Entropy : 0.000 :: Grads : []
440 :: Rewards 198.009 :: steps: 1.00 :: Time: 0.014(0.01393/step) :: Entropy : 0.000 :: Grads : []
450 :: Rewards 205.209 :: steps: 1.00 :: Time: 0.011(0.01054/step) :: Entropy : 0.000 :: Grads : []
460 :: Rewards 212.364 :: steps: 1.00 :: Time: 0.011(0.01059/step) :: Entropy : 0.000 :: Grads : []
470 :: Rewards 219.528 :: steps: 1.00 :: Time: 0.014(0.01413/step) :: Entropy : 0.000 :: Grads : []
480 :: Rewards 226.695 :: steps: 1.00 :: Time: 0.011(0.01066/step) :: Entropy : 0.000 :: Grads : []
490 :: Rewards 233.799 :: steps: 1.00 :: Time: 0.011(0.01070/step) :: Entropy : 0.000 :: Grads : []
500 :: Rewards 240.853 :: steps: 1.00 :: Time: 0.014(0.01428/step) :: Entropy : 0.000 :: Grads : []
510 :: Rewards 247.800 :: steps: 1.00 :: Time: 0.011(0.01082/step) :: Entropy : 0.000 :: Grads : []
520 :: Rewards 254.737 :: steps: 1.00 :: Time: 0.011(0.01101/step) :: Entropy : 0.000 :: Grads : []
530 :: Rewards 261.617 :: steps: 1.00 :: Time: 0.015(0.01465/step) :: Entropy : 0.000 :: Grads : []
540 :: Rewards 268.433 :: steps: 1.00 :: Time: 0.011(0.01106/step) :: Entropy : 0.000 :: Grads : []
550 :: Rewards 275.161 :: steps: 1.00 :: Time: 0.011(0.01112/step) :: Entropy : 0.000 :: Grads : []
560 :: Rewards 281.763 :: steps: 1.00 :: Time: 0.015(0.01478/step) :: Entropy : 0.000 :: Grads : []
570 :: Rewards 288.244 :: steps: 1.00 :: Time: 0.011(0.01114/step) :: Entropy : 0.000 :: Grads : []
580 :: Rewards 294.557 :: steps: 1.00 :: Time: 0.011(0.01124/step) :: Entropy : 0.000 :: Grads : []
590 :: Rewards 300.814 :: steps: 1.00 :: Time: 0.015(0.01498/step) :: Entropy : 0.000 :: Grads : []
600 :: Rewards 306.960 :: steps: 1.00 :: Time: 0.011(0.01128/step) :: Entropy : 0.000 :: Grads : []
610 :: Rewards 312.882 :: steps: 1.00 :: Time: 0.011(0.01130/step) :: Entropy : 0.000 :: Grads : []
620 :: Rewards 318.698 :: steps: 1.00 :: Time: 0.015(0.01496/step) :: Entropy : 0.000 :: Grads : []
630 :: Rewards 324.336 :: steps: 1.00 :: Time: 0.011(0.01136/step) :: Entropy : 0.000 :: Grads : []
640 :: Rewards 329.812 :: steps: 1.00 :: Time: 0.011(0.01135/step) :: Entropy : 0.000 :: Grads : []
650 :: Rewards 335.175 :: steps: 1.00 :: Time: 0.015(0.01513/step) :: Entropy : 0.000 :: Grads : []
660 :: Rewards 340.351 :: steps: 1.00 :: Time: 0.012(0.01150/step) :: Entropy : 0.000 :: Grads : []
670 :: Rewards 345.335 :: steps: 1.00 :: Time: 0.012(0.01157/step) :: Entropy : 0.000 :: Grads : []
680 :: Rewards 350.115 :: steps: 1.00 :: Time: 0.015(0.01542/step) :: Entropy : 0.000 :: Grads : []
690 :: Rewards 354.680 :: steps: 1.00 :: Time: 0.012(0.01162/step) :: Entropy : 0.000 :: Grads : []
700 :: Rewards 359.065 :: steps: 1.00 :: Time: 0.012(0.01175/step) :: Entropy : 0.000 :: Grads : []
710 :: Rewards 363.259 :: steps: 1.00 :: Time: 0.016(0.01575/step) :: Entropy : 0.000 :: Grads : []
720 :: Rewards 367.245 :: steps: 1.00 :: Time: 0.012(0.01185/step) :: Entropy : 0.000 :: Grads : []
730 :: Rewards 370.982 :: steps: 1.00 :: Time: 0.012(0.01194/step) :: Entropy : 0.000 :: Grads : []
740 :: Rewards 374.540 :: steps: 1.00 :: Time: 0.016(0.01594/step) :: Entropy : 0.000 :: Grads : []
750 :: Rewards 377.846 :: steps: 1.00 :: Time: 0.012(0.01202/step) :: Entropy : 0.000 :: Grads : []
760 :: Rewards 380.942 :: steps: 1.00 :: Time: 0.012(0.01222/step) :: Entropy : 0.000 :: Grads : []
770 :: Rewards 383.733 :: steps: 1.00 :: Time: 0.016(0.01612/step) :: Entropy : 0.000 :: Grads : []
780 :: Rewards 386.391 :: steps: 1.00 :: Time: 0.012(0.01236/step) :: Entropy : 0.000 :: Grads : []
790 :: Rewards 388.771 :: steps: 1.00 :: Time: 0.012(0.01241/step) :: Entropy : 0.000 :: Grads : []
800 :: Rewards 390.957 :: steps: 1.00 :: Time: 0.016(0.01643/step) :: Entropy : 0.000 :: Grads : []
810 :: Rewards 393.087 :: steps: 1.00 :: Time: 0.012(0.01240/step) :: Entropy : 0.000 :: Grads : []
820 :: Rewards 395.045 :: steps: 1.00 :: Time: 0.013(0.01253/step) :: Entropy : 0.000 :: Grads : []
830 :: Rewards 397.510 :: steps: 1.00 :: Time: 0.017(0.01696/step) :: Entropy : 0.000 :: Grads : []
840 :: Rewards 400.220 :: steps: 1.00 :: Time: 0.013(0.01255/step) :: Entropy : 0.000 :: Grads : []
850 :: Rewards 402.597 :: steps: 1.00 :: Time: 0.013(0.01260/step) :: Entropy : 0.000 :: Grads : []
860 :: Rewards 405.584 :: steps: 1.00 :: Time: 0.017(0.01678/step) :: Entropy : 0.000 :: Grads : []
870 :: Rewards 408.470 :: steps: 1.00 :: Time: 0.013(0.01261/step) :: Entropy : 0.000 :: Grads : []
880 :: Rewards 411.292 :: steps: 1.00 :: Time: 0.013(0.01260/step) :: Entropy : 0.000 :: Grads : []
890 :: Rewards 414.011 :: steps: 1.00 :: Time: 0.017(0.01679/step) :: Entropy : 0.000 :: Grads : []
900 :: Rewards 416.647 :: steps: 1.00 :: Time: 0.013(0.01287/step) :: Entropy : 0.000 :: Grads : []
910 :: Rewards 419.191 :: steps: 1.00 :: Time: 0.013(0.01344/step) :: Entropy : 0.000 :: Grads : []
920 :: Rewards 421.669 :: steps: 1.00 :: Time: 0.017(0.01693/step) :: Entropy : 0.000 :: Grads : []
930 :: Rewards 424.016 :: steps: 1.00 :: Time: 0.013(0.01282/step) :: Entropy : 0.000 :: Grads : []
940 :: Rewards 426.256 :: steps: 1.00 :: Time: 0.013(0.01268/step) :: Entropy : 0.000 :: Grads : []
950 :: Rewards 428.435 :: steps: 1.00 :: Time: 0.017(0.01687/step) :: Entropy : 0.000 :: Grads : []
960 :: Rewards 430.515 :: steps: 1.00 :: Time: 0.013(0.01271/step) :: Entropy : 0.000 :: Grads : []
970 :: Rewards 432.495 :: steps: 1.00 :: Time: 0.013(0.01274/step) :: Entropy : 0.000 :: Grads : []
980 :: Rewards 434.361 :: steps: 1.00 :: Time: 0.017(0.01700/step) :: Entropy : 0.000 :: Grads : []
990 :: Rewards 436.120 :: steps: 1.00 :: Time: 0.014(0.01402/step) :: Entropy : 0.000 :: Grads : []
999 :: Rewards 437.644 :: steps: 0.90 :: Time: 0.014(0.01609/step) :: Entropy : 0.000 :: Grads : []
Total time taken: 11.673305034637451
