Module path:  Environments.NS_Reco NS_Reco
Dynamically loaded from:  <class 'Environments.NS_Reco.NS_Reco'>
Reward Amplitudes: [4.17022005e-01 7.20324493e-01 1.14374817e-04 3.02332573e-01
 1.46755891e-01] :: Avg 0.317309867282206 
Module path:  Src.Algorithms.OFPG OFPG
Dynamically loaded from:  <class 'Src.Algorithms.OFPG.OFPG'>
=====Configurations=====
 Namespace(NN_basis_dim='32', Policy_basis_dim='32', actor_lr=0.005252014538415403, algo_name='OFPG', base=0, batch_size=1000, buffer_size=1000, debug=False, delta=1, entropy_lambda=0.08551739420792737, env_name='NS_Reco', experiment='NS_4r_', extrapolator_basis='Fourier', folder_suffix='Default', fourier_coupled=True, fourier_k=7, fourier_order=3, gamma=0.99, gauss_std=1.5, gpu=0, hyper='default', importance_clip=10.0, inc=1, log_output='term_file', max_episodes=1000, max_inner=20, max_steps=500, optim='rmsprop', oracle=-1, raw_basis=True, restore=False, save_count=100, save_model=True, seed=19, speed=4, state_lr=0.001, summary=True, swarm=False, timestamp='5|25|10:8:40')
Actions space: 5 :: State space: 1
State Low: tensor([0.]) :: State High: tensor([1.])
State features:  [('dummy_param', torch.Size([1]))]
Policy:  [('fc1.weight', torch.Size([5, 1])), ('fc1.bias', torch.Size([5]))]
0 :: Rewards 0.000 :: steps: 0.10 :: Time: 0.001(0.01011/step) :: Entropy : 0.000 :: Grads : []
10 :: Rewards -0.355 :: steps: 1.00 :: Time: 0.008(0.00817/step) :: Entropy : 0.000 :: Grads : []
20 :: Rewards -1.107 :: steps: 1.00 :: Time: 0.011(0.01134/step) :: Entropy : 0.000 :: Grads : []
30 :: Rewards -2.049 :: steps: 1.00 :: Time: 0.010(0.00974/step) :: Entropy : 0.000 :: Grads : []
40 :: Rewards -3.193 :: steps: 1.00 :: Time: 0.009(0.00914/step) :: Entropy : 0.000 :: Grads : []
50 :: Rewards -4.933 :: steps: 1.00 :: Time: 0.009(0.00948/step) :: Entropy : 0.000 :: Grads : []
60 :: Rewards -6.871 :: steps: 1.00 :: Time: 0.009(0.00881/step) :: Entropy : 0.000 :: Grads : []
70 :: Rewards -8.742 :: steps: 1.00 :: Time: 0.009(0.00872/step) :: Entropy : 0.000 :: Grads : []
80 :: Rewards -10.971 :: steps: 1.00 :: Time: 0.009(0.00917/step) :: Entropy : 0.000 :: Grads : []
90 :: Rewards -13.915 :: steps: 1.00 :: Time: 0.009(0.00898/step) :: Entropy : 0.000 :: Grads : []
100 :: Rewards -15.292 :: steps: 1.00 :: Time: 0.009(0.00893/step) :: Entropy : 0.000 :: Grads : []
110 :: Rewards -16.070 :: steps: 1.00 :: Time: 0.009(0.00887/step) :: Entropy : 0.000 :: Grads : []
120 :: Rewards -16.070 :: steps: 1.00 :: Time: 0.009(0.00917/step) :: Entropy : 0.000 :: Grads : []
130 :: Rewards -16.465 :: steps: 1.00 :: Time: 0.009(0.00946/step) :: Entropy : 0.000 :: Grads : []
140 :: Rewards -16.465 :: steps: 1.00 :: Time: 0.009(0.00929/step) :: Entropy : 0.000 :: Grads : []
150 :: Rewards -16.664 :: steps: 1.00 :: Time: 0.009(0.00944/step) :: Entropy : 0.000 :: Grads : []
160 :: Rewards -17.230 :: steps: 1.00 :: Time: 0.009(0.00949/step) :: Entropy : 0.000 :: Grads : []
170 :: Rewards -17.230 :: steps: 1.00 :: Time: 0.010(0.00952/step) :: Entropy : 0.000 :: Grads : []
180 :: Rewards -17.230 :: steps: 1.00 :: Time: 0.010(0.01000/step) :: Entropy : 0.000 :: Grads : []
190 :: Rewards -17.608 :: steps: 1.00 :: Time: 0.010(0.00960/step) :: Entropy : 0.000 :: Grads : []
200 :: Rewards -18.918 :: steps: 1.00 :: Time: 0.010(0.00974/step) :: Entropy : 0.000 :: Grads : []
210 :: Rewards -20.870 :: steps: 1.00 :: Time: 0.010(0.00979/step) :: Entropy : 0.000 :: Grads : []
220 :: Rewards -22.862 :: steps: 1.00 :: Time: 0.010(0.00985/step) :: Entropy : 0.000 :: Grads : []
230 :: Rewards -25.272 :: steps: 1.00 :: Time: 0.010(0.01014/step) :: Entropy : 0.000 :: Grads : []
240 :: Rewards -28.304 :: steps: 1.00 :: Time: 0.010(0.01023/step) :: Entropy : 0.000 :: Grads : []
250 :: Rewards -31.803 :: steps: 1.00 :: Time: 0.010(0.01013/step) :: Entropy : 0.000 :: Grads : []
260 :: Rewards -35.711 :: steps: 1.00 :: Time: 0.010(0.01049/step) :: Entropy : 0.000 :: Grads : []
270 :: Rewards -40.763 :: steps: 1.00 :: Time: 0.011(0.01059/step) :: Entropy : 0.000 :: Grads : []
280 :: Rewards -44.651 :: steps: 1.00 :: Time: 0.011(0.01065/step) :: Entropy : 0.000 :: Grads : []
290 :: Rewards -49.121 :: steps: 1.00 :: Time: 0.011(0.01091/step) :: Entropy : 0.000 :: Grads : []
300 :: Rewards -53.249 :: steps: 1.00 :: Time: 0.011(0.01100/step) :: Entropy : 0.000 :: Grads : []
310 :: Rewards -57.586 :: steps: 1.00 :: Time: 0.012(0.01155/step) :: Entropy : 0.000 :: Grads : []
320 :: Rewards -59.899 :: steps: 1.00 :: Time: 0.011(0.01126/step) :: Entropy : 0.000 :: Grads : []
330 :: Rewards -63.079 :: steps: 1.00 :: Time: 0.011(0.01113/step) :: Entropy : 0.000 :: Grads : []
340 :: Rewards -66.286 :: steps: 1.00 :: Time: 0.012(0.01159/step) :: Entropy : 0.000 :: Grads : []
350 :: Rewards -68.633 :: steps: 1.00 :: Time: 0.011(0.01140/step) :: Entropy : 0.000 :: Grads : []
360 :: Rewards -73.403 :: steps: 1.00 :: Time: 0.011(0.01141/step) :: Entropy : 0.000 :: Grads : []
370 :: Rewards -75.285 :: steps: 1.00 :: Time: 0.012(0.01160/step) :: Entropy : 0.000 :: Grads : []
380 :: Rewards -78.220 :: steps: 1.00 :: Time: 0.012(0.01166/step) :: Entropy : 0.000 :: Grads : []
390 :: Rewards -80.893 :: steps: 1.00 :: Time: 0.012(0.01186/step) :: Entropy : 0.000 :: Grads : []
400 :: Rewards -83.623 :: steps: 1.00 :: Time: 0.012(0.01179/step) :: Entropy : 0.000 :: Grads : []
410 :: Rewards -85.808 :: steps: 1.00 :: Time: 0.012(0.01211/step) :: Entropy : 0.000 :: Grads : []
420 :: Rewards -87.299 :: steps: 1.00 :: Time: 0.012(0.01243/step) :: Entropy : 0.000 :: Grads : []
430 :: Rewards -89.120 :: steps: 1.00 :: Time: 0.012(0.01242/step) :: Entropy : 0.000 :: Grads : []
440 :: Rewards -91.159 :: steps: 1.00 :: Time: 0.013(0.01251/step) :: Entropy : 0.000 :: Grads : []
450 :: Rewards -93.431 :: steps: 1.00 :: Time: 0.013(0.01258/step) :: Entropy : 0.000 :: Grads : []
460 :: Rewards -97.067 :: steps: 1.00 :: Time: 0.013(0.01267/step) :: Entropy : 0.000 :: Grads : []
470 :: Rewards -99.873 :: steps: 1.00 :: Time: 0.013(0.01280/step) :: Entropy : 0.000 :: Grads : []
480 :: Rewards -103.448 :: steps: 1.00 :: Time: 0.018(0.01776/step) :: Entropy : 0.000 :: Grads : []
490 :: Rewards -109.703 :: steps: 1.00 :: Time: 0.013(0.01324/step) :: Entropy : 0.000 :: Grads : []
500 :: Rewards -114.930 :: steps: 1.00 :: Time: 0.014(0.01355/step) :: Entropy : 0.000 :: Grads : []
510 :: Rewards -120.142 :: steps: 1.00 :: Time: 0.015(0.01535/step) :: Entropy : 0.000 :: Grads : []
520 :: Rewards -127.255 :: steps: 1.00 :: Time: 0.018(0.01780/step) :: Entropy : 0.000 :: Grads : []
530 :: Rewards -133.961 :: steps: 1.00 :: Time: 0.015(0.01509/step) :: Entropy : 0.000 :: Grads : []
540 :: Rewards -138.675 :: steps: 1.00 :: Time: 0.014(0.01433/step) :: Entropy : 0.000 :: Grads : []
550 :: Rewards -142.053 :: steps: 1.00 :: Time: 0.014(0.01386/step) :: Entropy : 0.000 :: Grads : []
560 :: Rewards -145.824 :: steps: 1.00 :: Time: 0.014(0.01413/step) :: Entropy : 0.000 :: Grads : []
570 :: Rewards -150.310 :: steps: 1.00 :: Time: 0.014(0.01370/step) :: Entropy : 0.000 :: Grads : []
580 :: Rewards -153.285 :: steps: 1.00 :: Time: 0.014(0.01358/step) :: Entropy : 0.000 :: Grads : []
590 :: Rewards -157.685 :: steps: 1.00 :: Time: 0.014(0.01358/step) :: Entropy : 0.000 :: Grads : []
600 :: Rewards -161.842 :: steps: 1.00 :: Time: 0.014(0.01410/step) :: Entropy : 0.000 :: Grads : []
610 :: Rewards -162.695 :: steps: 1.00 :: Time: 0.015(0.01453/step) :: Entropy : 0.000 :: Grads : []
620 :: Rewards -163.808 :: steps: 1.00 :: Time: 0.015(0.01530/step) :: Entropy : 0.000 :: Grads : []
630 :: Rewards -165.419 :: steps: 1.00 :: Time: 0.014(0.01410/step) :: Entropy : 0.000 :: Grads : []
640 :: Rewards -165.898 :: steps: 1.00 :: Time: 0.014(0.01424/step) :: Entropy : 0.000 :: Grads : []
650 :: Rewards -168.075 :: steps: 1.00 :: Time: 0.014(0.01403/step) :: Entropy : 0.000 :: Grads : []
660 :: Rewards -170.826 :: steps: 1.00 :: Time: 0.015(0.01451/step) :: Entropy : 0.000 :: Grads : []
670 :: Rewards -173.336 :: steps: 1.00 :: Time: 0.014(0.01439/step) :: Entropy : 0.000 :: Grads : []
680 :: Rewards -178.280 :: steps: 1.00 :: Time: 0.015(0.01453/step) :: Entropy : 0.000 :: Grads : []
690 :: Rewards -181.806 :: steps: 1.00 :: Time: 0.014(0.01442/step) :: Entropy : 0.000 :: Grads : []
700 :: Rewards -184.974 :: steps: 1.00 :: Time: 0.014(0.01442/step) :: Entropy : 0.000 :: Grads : []
710 :: Rewards -189.272 :: steps: 1.00 :: Time: 0.015(0.01470/step) :: Entropy : 0.000 :: Grads : []
720 :: Rewards -193.642 :: steps: 1.00 :: Time: 0.014(0.01448/step) :: Entropy : 0.000 :: Grads : []
730 :: Rewards -198.689 :: steps: 1.00 :: Time: 0.014(0.01438/step) :: Entropy : 0.000 :: Grads : []
740 :: Rewards -201.695 :: steps: 1.00 :: Time: 0.015(0.01495/step) :: Entropy : 0.000 :: Grads : []
750 :: Rewards -204.933 :: steps: 1.00 :: Time: 0.015(0.01460/step) :: Entropy : 0.000 :: Grads : []
760 :: Rewards -210.464 :: steps: 1.00 :: Time: 0.015(0.01465/step) :: Entropy : 0.000 :: Grads : []
770 :: Rewards -214.309 :: steps: 1.00 :: Time: 0.015(0.01465/step) :: Entropy : 0.000 :: Grads : []
780 :: Rewards -217.316 :: steps: 1.00 :: Time: 0.015(0.01484/step) :: Entropy : 0.000 :: Grads : []
790 :: Rewards -219.998 :: steps: 1.00 :: Time: 0.015(0.01514/step) :: Entropy : 0.000 :: Grads : []
800 :: Rewards -220.679 :: steps: 1.00 :: Time: 0.015(0.01503/step) :: Entropy : 0.000 :: Grads : []
810 :: Rewards -224.751 :: steps: 1.00 :: Time: 0.015(0.01523/step) :: Entropy : 0.000 :: Grads : []
820 :: Rewards -225.807 :: steps: 1.00 :: Time: 0.015(0.01537/step) :: Entropy : 0.000 :: Grads : []
830 :: Rewards -227.389 :: steps: 1.00 :: Time: 0.016(0.01580/step) :: Entropy : 0.000 :: Grads : []
840 :: Rewards -227.987 :: steps: 1.00 :: Time: 0.016(0.01595/step) :: Entropy : 0.000 :: Grads : []
850 :: Rewards -229.135 :: steps: 1.00 :: Time: 0.016(0.01590/step) :: Entropy : 0.000 :: Grads : []
860 :: Rewards -230.512 :: steps: 1.00 :: Time: 0.016(0.01562/step) :: Entropy : 0.000 :: Grads : []
870 :: Rewards -231.900 :: steps: 1.00 :: Time: 0.016(0.01579/step) :: Entropy : 0.000 :: Grads : []
880 :: Rewards -233.284 :: steps: 1.00 :: Time: 0.016(0.01649/step) :: Entropy : 0.000 :: Grads : []
890 :: Rewards -235.204 :: steps: 1.00 :: Time: 0.016(0.01618/step) :: Entropy : 0.000 :: Grads : []
900 :: Rewards -236.933 :: steps: 1.00 :: Time: 0.016(0.01626/step) :: Entropy : 0.000 :: Grads : []
910 :: Rewards -240.512 :: steps: 1.00 :: Time: 0.017(0.01663/step) :: Entropy : 0.000 :: Grads : []
920 :: Rewards -243.908 :: steps: 1.00 :: Time: 0.016(0.01647/step) :: Entropy : 0.000 :: Grads : []
930 :: Rewards -249.918 :: steps: 1.00 :: Time: 0.016(0.01631/step) :: Entropy : 0.000 :: Grads : []
940 :: Rewards -256.533 :: steps: 1.00 :: Time: 0.016(0.01620/step) :: Entropy : 0.000 :: Grads : []
950 :: Rewards -264.389 :: steps: 1.00 :: Time: 0.016(0.01625/step) :: Entropy : 0.000 :: Grads : []
960 :: Rewards -272.037 :: steps: 1.00 :: Time: 0.017(0.01653/step) :: Entropy : 0.000 :: Grads : []
970 :: Rewards -279.495 :: steps: 1.00 :: Time: 0.017(0.01739/step) :: Entropy : 0.000 :: Grads : []
980 :: Rewards -285.452 :: steps: 1.00 :: Time: 0.017(0.01696/step) :: Entropy : 0.000 :: Grads : []
990 :: Rewards -292.507 :: steps: 1.00 :: Time: 0.017(0.01691/step) :: Entropy : 0.000 :: Grads : []
999 :: Rewards -298.228 :: steps: 0.90 :: Time: 0.017(0.01877/step) :: Entropy : 0.000 :: Grads : []
Total time taken: 13.08117389678955
