Module path:  Environments.NS_Reco NS_Reco
Dynamically loaded from:  <class 'Environments.NS_Reco.NS_Reco'>
Reward Amplitudes: [4.17022005e-01 7.20324493e-01 1.14374817e-04 3.02332573e-01
 1.46755891e-01] :: Avg 0.317309867282206 
Module path:  Src.Algorithms.OFPG OFPG
Dynamically loaded from:  <class 'Src.Algorithms.OFPG.OFPG'>
=====Configurations=====
 Namespace(NN_basis_dim='32', Policy_basis_dim='32', actor_lr=0.0021758107191788777, algo_name='OFPG', base=0, batch_size=1000, buffer_size=1000, debug=False, delta=5, entropy_lambda=0.0820027845863337, env_name='NS_Reco', experiment='NS_2_', extrapolator_basis='Fourier', folder_suffix='Default', fourier_coupled=True, fourier_k=7, fourier_order=3, gamma=0.99, gauss_std=1.5, gpu=0, hyper='default', importance_clip=15.0, inc=1, log_output='term_file', max_episodes=1000, max_inner=100, max_steps=500, optim='rmsprop', oracle=-1, raw_basis=True, restore=False, save_count=100, save_model=True, seed=11, speed=2, state_lr=0.001, summary=True, swarm=False, timestamp='5|24|17:52:6')
Actions space: 5 :: State space: 1
State Low: tensor([0.]) :: State High: tensor([1.])
State features:  [('dummy_param', torch.Size([1]))]
Policy:  [('fc1.weight', torch.Size([5, 1])), ('fc1.bias', torch.Size([5]))]
0 :: Rewards -0.003 :: steps: 0.10 :: Time: 0.000(0.00061/step) :: Entropy : 0.000 :: Grads : []
10 :: Rewards 0.178 :: steps: 1.00 :: Time: 0.008(0.00761/step) :: Entropy : 0.000 :: Grads : []
20 :: Rewards 0.538 :: steps: 1.00 :: Time: 0.008(0.00765/step) :: Entropy : 0.000 :: Grads : []
30 :: Rewards 1.036 :: steps: 1.00 :: Time: 0.008(0.00785/step) :: Entropy : 0.000 :: Grads : []
40 :: Rewards 1.742 :: steps: 1.00 :: Time: 0.008(0.00751/step) :: Entropy : 0.000 :: Grads : []
50 :: Rewards 2.616 :: steps: 1.00 :: Time: 0.008(0.00758/step) :: Entropy : 0.000 :: Grads : []
60 :: Rewards 4.581 :: steps: 1.00 :: Time: 0.008(0.00762/step) :: Entropy : 0.000 :: Grads : []
70 :: Rewards 6.427 :: steps: 1.00 :: Time: 0.008(0.00770/step) :: Entropy : 0.000 :: Grads : []
80 :: Rewards 8.712 :: steps: 1.00 :: Time: 0.008(0.00776/step) :: Entropy : 0.000 :: Grads : []
90 :: Rewards 11.892 :: steps: 1.00 :: Time: 0.008(0.00784/step) :: Entropy : 0.000 :: Grads : []
100 :: Rewards 15.780 :: steps: 1.00 :: Time: 0.008(0.00791/step) :: Entropy : 0.000 :: Grads : []
110 :: Rewards 20.204 :: steps: 1.00 :: Time: 0.008(0.00796/step) :: Entropy : 0.000 :: Grads : []
120 :: Rewards 24.971 :: steps: 1.00 :: Time: 0.008(0.00804/step) :: Entropy : 0.000 :: Grads : []
130 :: Rewards 30.303 :: steps: 1.00 :: Time: 0.008(0.00812/step) :: Entropy : 0.000 :: Grads : []
140 :: Rewards 35.224 :: steps: 1.00 :: Time: 0.008(0.00824/step) :: Entropy : 0.000 :: Grads : []
150 :: Rewards 41.111 :: steps: 1.00 :: Time: 0.009(0.00861/step) :: Entropy : 0.000 :: Grads : []
160 :: Rewards 46.863 :: steps: 1.00 :: Time: 0.008(0.00847/step) :: Entropy : 0.000 :: Grads : []
170 :: Rewards 53.554 :: steps: 1.00 :: Time: 0.009(0.00881/step) :: Entropy : 0.000 :: Grads : []
180 :: Rewards 60.390 :: steps: 1.00 :: Time: 0.009(0.00865/step) :: Entropy : 0.000 :: Grads : []
190 :: Rewards 67.062 :: steps: 1.00 :: Time: 0.009(0.00859/step) :: Entropy : 0.000 :: Grads : []
200 :: Rewards 74.164 :: steps: 1.00 :: Time: 0.009(0.00866/step) :: Entropy : 0.000 :: Grads : []
210 :: Rewards 81.019 :: steps: 1.00 :: Time: 0.009(0.00868/step) :: Entropy : 0.000 :: Grads : []
220 :: Rewards 87.578 :: steps: 1.00 :: Time: 0.009(0.00876/step) :: Entropy : 0.000 :: Grads : []
230 :: Rewards 94.439 :: steps: 1.00 :: Time: 0.009(0.00881/step) :: Entropy : 0.000 :: Grads : []
240 :: Rewards 101.577 :: steps: 1.00 :: Time: 0.009(0.00888/step) :: Entropy : 0.000 :: Grads : []
250 :: Rewards 108.372 :: steps: 1.00 :: Time: 0.009(0.00894/step) :: Entropy : 0.000 :: Grads : []
260 :: Rewards 115.067 :: steps: 1.00 :: Time: 0.009(0.00920/step) :: Entropy : 0.000 :: Grads : []
270 :: Rewards 121.875 :: steps: 1.00 :: Time: 0.009(0.00929/step) :: Entropy : 0.000 :: Grads : []
280 :: Rewards 128.265 :: steps: 1.00 :: Time: 0.009(0.00930/step) :: Entropy : 0.000 :: Grads : []
290 :: Rewards 134.694 :: steps: 1.00 :: Time: 0.009(0.00939/step) :: Entropy : 0.000 :: Grads : []
300 :: Rewards 140.871 :: steps: 1.00 :: Time: 0.009(0.00939/step) :: Entropy : 0.000 :: Grads : []
310 :: Rewards 146.777 :: steps: 1.00 :: Time: 0.009(0.00947/step) :: Entropy : 0.000 :: Grads : []
320 :: Rewards 152.325 :: steps: 1.00 :: Time: 0.010(0.00958/step) :: Entropy : 0.000 :: Grads : []
330 :: Rewards 157.558 :: steps: 1.00 :: Time: 0.010(0.00961/step) :: Entropy : 0.000 :: Grads : []
340 :: Rewards 162.379 :: steps: 1.00 :: Time: 0.010(0.00987/step) :: Entropy : 0.000 :: Grads : []
350 :: Rewards 166.854 :: steps: 1.00 :: Time: 0.010(0.00976/step) :: Entropy : 0.000 :: Grads : []
360 :: Rewards 170.973 :: steps: 1.00 :: Time: 0.010(0.00988/step) :: Entropy : 0.000 :: Grads : []
370 :: Rewards 174.585 :: steps: 1.00 :: Time: 0.010(0.00998/step) :: Entropy : 0.000 :: Grads : []
380 :: Rewards 177.443 :: steps: 1.00 :: Time: 0.010(0.01013/step) :: Entropy : 0.000 :: Grads : []
390 :: Rewards 180.166 :: steps: 1.00 :: Time: 0.010(0.01024/step) :: Entropy : 0.000 :: Grads : []
400 :: Rewards 182.527 :: steps: 1.00 :: Time: 0.010(0.01030/step) :: Entropy : 0.000 :: Grads : []
410 :: Rewards 184.275 :: steps: 1.00 :: Time: 0.011(0.01057/step) :: Entropy : 0.000 :: Grads : []
420 :: Rewards 185.491 :: steps: 1.00 :: Time: 0.011(0.01085/step) :: Entropy : 0.000 :: Grads : []
430 :: Rewards 186.399 :: steps: 1.00 :: Time: 0.011(0.01085/step) :: Entropy : 0.000 :: Grads : []
440 :: Rewards 186.867 :: steps: 1.00 :: Time: 0.012(0.01233/step) :: Entropy : 0.000 :: Grads : []
450 :: Rewards 186.528 :: steps: 1.00 :: Time: 0.012(0.01161/step) :: Entropy : 0.000 :: Grads : []
460 :: Rewards 186.046 :: steps: 1.00 :: Time: 0.012(0.01163/step) :: Entropy : 0.000 :: Grads : []
470 :: Rewards 184.818 :: steps: 1.00 :: Time: 0.011(0.01113/step) :: Entropy : 0.000 :: Grads : []
480 :: Rewards 183.683 :: steps: 1.00 :: Time: 0.011(0.01121/step) :: Entropy : 0.000 :: Grads : []
490 :: Rewards 181.319 :: steps: 1.00 :: Time: 0.011(0.01128/step) :: Entropy : 0.000 :: Grads : []
500 :: Rewards 180.301 :: steps: 1.00 :: Time: 0.011(0.01143/step) :: Entropy : 0.000 :: Grads : []
510 :: Rewards 176.978 :: steps: 1.00 :: Time: 0.011(0.01146/step) :: Entropy : 0.000 :: Grads : []
520 :: Rewards 173.744 :: steps: 1.00 :: Time: 0.012(0.01172/step) :: Entropy : 0.000 :: Grads : []
530 :: Rewards 170.095 :: steps: 1.00 :: Time: 0.012(0.01178/step) :: Entropy : 0.000 :: Grads : []
540 :: Rewards 167.137 :: steps: 1.00 :: Time: 0.012(0.01165/step) :: Entropy : 0.000 :: Grads : []
550 :: Rewards 163.212 :: steps: 1.00 :: Time: 0.012(0.01177/step) :: Entropy : 0.000 :: Grads : []
560 :: Rewards 159.014 :: steps: 1.00 :: Time: 0.012(0.01168/step) :: Entropy : 0.000 :: Grads : []
570 :: Rewards 155.118 :: steps: 1.00 :: Time: 0.012(0.01173/step) :: Entropy : 0.000 :: Grads : []
580 :: Rewards 149.709 :: steps: 1.00 :: Time: 0.012(0.01175/step) :: Entropy : 0.000 :: Grads : []
590 :: Rewards 145.870 :: steps: 1.00 :: Time: 0.012(0.01187/step) :: Entropy : 0.000 :: Grads : []
600 :: Rewards 140.622 :: steps: 1.00 :: Time: 0.012(0.01189/step) :: Entropy : 0.000 :: Grads : []
610 :: Rewards 137.875 :: steps: 1.00 :: Time: 0.012(0.01241/step) :: Entropy : 0.000 :: Grads : []
620 :: Rewards 133.954 :: steps: 1.00 :: Time: 0.012(0.01188/step) :: Entropy : 0.000 :: Grads : []
630 :: Rewards 131.827 :: steps: 1.00 :: Time: 0.012(0.01191/step) :: Entropy : 0.000 :: Grads : []
640 :: Rewards 129.180 :: steps: 1.00 :: Time: 0.012(0.01197/step) :: Entropy : 0.000 :: Grads : []
650 :: Rewards 125.271 :: steps: 1.00 :: Time: 0.012(0.01216/step) :: Entropy : 0.000 :: Grads : []
660 :: Rewards 120.757 :: steps: 1.00 :: Time: 0.012(0.01210/step) :: Entropy : 0.000 :: Grads : []
670 :: Rewards 117.674 :: steps: 1.00 :: Time: 0.013(0.01271/step) :: Entropy : 0.000 :: Grads : []
680 :: Rewards 114.196 :: steps: 1.00 :: Time: 0.012(0.01230/step) :: Entropy : 0.000 :: Grads : []
690 :: Rewards 110.401 :: steps: 1.00 :: Time: 0.012(0.01229/step) :: Entropy : 0.000 :: Grads : []
700 :: Rewards 109.029 :: steps: 1.00 :: Time: 0.012(0.01244/step) :: Entropy : 0.000 :: Grads : []
710 :: Rewards 105.650 :: steps: 1.00 :: Time: 0.012(0.01224/step) :: Entropy : 0.000 :: Grads : []
720 :: Rewards 103.235 :: steps: 1.00 :: Time: 0.015(0.01521/step) :: Entropy : 0.000 :: Grads : []
730 :: Rewards 99.564 :: steps: 1.00 :: Time: 0.013(0.01285/step) :: Entropy : 0.000 :: Grads : []
740 :: Rewards 97.049 :: steps: 1.00 :: Time: 0.012(0.01249/step) :: Entropy : 0.000 :: Grads : []
750 :: Rewards 94.816 :: steps: 1.00 :: Time: 0.013(0.01260/step) :: Entropy : 0.000 :: Grads : []
760 :: Rewards 92.814 :: steps: 1.00 :: Time: 0.013(0.01262/step) :: Entropy : 0.000 :: Grads : []
770 :: Rewards 89.728 :: steps: 1.00 :: Time: 0.013(0.01277/step) :: Entropy : 0.000 :: Grads : []
780 :: Rewards 86.947 :: steps: 1.00 :: Time: 0.013(0.01254/step) :: Entropy : 0.000 :: Grads : []
790 :: Rewards 84.039 :: steps: 1.00 :: Time: 0.012(0.01234/step) :: Entropy : 0.000 :: Grads : []
800 :: Rewards 80.482 :: steps: 1.00 :: Time: 0.013(0.01268/step) :: Entropy : 0.000 :: Grads : []
810 :: Rewards 77.626 :: steps: 1.00 :: Time: 0.013(0.01285/step) :: Entropy : 0.000 :: Grads : []
820 :: Rewards 74.650 :: steps: 1.00 :: Time: 0.013(0.01288/step) :: Entropy : 0.000 :: Grads : []
830 :: Rewards 72.060 :: steps: 1.00 :: Time: 0.013(0.01301/step) :: Entropy : 0.000 :: Grads : []
840 :: Rewards 69.067 :: steps: 1.00 :: Time: 0.013(0.01300/step) :: Entropy : 0.000 :: Grads : []
850 :: Rewards 66.990 :: steps: 1.00 :: Time: 0.013(0.01323/step) :: Entropy : 0.000 :: Grads : []
860 :: Rewards 64.798 :: steps: 1.00 :: Time: 0.013(0.01309/step) :: Entropy : 0.000 :: Grads : []
870 :: Rewards 63.303 :: steps: 1.00 :: Time: 0.013(0.01298/step) :: Entropy : 0.000 :: Grads : []
880 :: Rewards 61.487 :: steps: 1.00 :: Time: 0.013(0.01303/step) :: Entropy : 0.000 :: Grads : []
890 :: Rewards 60.179 :: steps: 1.00 :: Time: 0.013(0.01321/step) :: Entropy : 0.000 :: Grads : []
900 :: Rewards 58.521 :: steps: 1.00 :: Time: 0.013(0.01322/step) :: Entropy : 0.000 :: Grads : []
910 :: Rewards 57.477 :: steps: 1.00 :: Time: 0.013(0.01307/step) :: Entropy : 0.000 :: Grads : []
920 :: Rewards 56.772 :: steps: 1.00 :: Time: 0.013(0.01319/step) :: Entropy : 0.000 :: Grads : []
930 :: Rewards 55.769 :: steps: 1.00 :: Time: 0.013(0.01308/step) :: Entropy : 0.000 :: Grads : []
940 :: Rewards 55.763 :: steps: 1.00 :: Time: 0.013(0.01316/step) :: Entropy : 0.000 :: Grads : []
950 :: Rewards 57.034 :: steps: 1.00 :: Time: 0.013(0.01332/step) :: Entropy : 0.000 :: Grads : []
960 :: Rewards 57.233 :: steps: 1.00 :: Time: 0.014(0.01358/step) :: Entropy : 0.000 :: Grads : []
970 :: Rewards 57.447 :: steps: 1.00 :: Time: 0.013(0.01336/step) :: Entropy : 0.000 :: Grads : []
980 :: Rewards 58.011 :: steps: 1.00 :: Time: 0.013(0.01341/step) :: Entropy : 0.000 :: Grads : []
990 :: Rewards 59.530 :: steps: 1.00 :: Time: 0.013(0.01338/step) :: Entropy : 0.000 :: Grads : []
999 :: Rewards 58.158 :: steps: 0.90 :: Time: 0.014(0.01522/step) :: Entropy : 0.000 :: Grads : []
Total time taken: 11.005201816558838
