Module path:  Environments.NS_Reco NS_Reco
Dynamically loaded from:  <class 'Environments.NS_Reco.NS_Reco'>
Reward Amplitudes: [4.17022005e-01 7.20324493e-01 1.14374817e-04 3.02332573e-01
 1.46755891e-01] :: Avg 0.317309867282206 
Module path:  Src.Algorithms.ProWLS ProWLS
Dynamically loaded from:  <class 'Src.Algorithms.ProWLS.ProWLS'>
=====Configurations=====
 Namespace(NN_basis_dim='32', Policy_basis_dim='32', actor_lr=0.0017966647558361548, algo_name='ProWLS', base=0, batch_size=1000, buffer_size=1000, debug=False, delta=1, entropy_lambda=0.006997441955638448, env_name='NS_Reco', experiment='NS_1_', extrapolator_basis='Fourier', folder_suffix='Default', fourier_coupled=True, fourier_k=3, fourier_order=3, gamma=0.99, gauss_std=1.5, gpu=0, hyper='default', importance_clip=10.0, inc=1, log_output='term_file', max_episodes=1000, max_inner=30, max_steps=500, optim='rmsprop', oracle=-1, raw_basis=True, restore=False, save_count=100, save_model=True, seed=25, speed=1, state_lr=0.001, summary=True, swarm=False, timestamp='5|24|21:45:4')
Actions space: 5 :: State space: 1
State Low: tensor([0.]) :: State High: tensor([1.])
State features:  [('dummy_param', torch.Size([1]))]
Policy:  [('fc1.weight', torch.Size([5, 1])), ('fc1.bias', torch.Size([5]))]
0 :: Rewards -0.007 :: steps: 0.10 :: Time: 0.000(0.00060/step) :: Entropy : 0.000 :: Grads : []
10 :: Rewards 0.014 :: steps: 1.00 :: Time: 0.014(0.01368/step) :: Entropy : 0.000 :: Grads : []
20 :: Rewards 0.228 :: steps: 1.00 :: Time: 0.017(0.01679/step) :: Entropy : 0.000 :: Grads : []
30 :: Rewards 0.558 :: steps: 1.00 :: Time: 0.017(0.01711/step) :: Entropy : 0.000 :: Grads : []
40 :: Rewards 1.460 :: steps: 1.00 :: Time: 0.017(0.01688/step) :: Entropy : 0.000 :: Grads : []
50 :: Rewards 2.426 :: steps: 1.00 :: Time: 0.017(0.01701/step) :: Entropy : 0.000 :: Grads : []
60 :: Rewards 3.585 :: steps: 1.00 :: Time: 0.017(0.01717/step) :: Entropy : 0.000 :: Grads : []
70 :: Rewards 4.985 :: steps: 1.00 :: Time: 0.017(0.01734/step) :: Entropy : 0.000 :: Grads : []
80 :: Rewards 6.831 :: steps: 1.00 :: Time: 0.018(0.01757/step) :: Entropy : 0.000 :: Grads : []
90 :: Rewards 9.012 :: steps: 1.00 :: Time: 0.018(0.01774/step) :: Entropy : 0.000 :: Grads : []
100 :: Rewards 11.248 :: steps: 1.00 :: Time: 0.018(0.01795/step) :: Entropy : 0.000 :: Grads : []
110 :: Rewards 13.655 :: steps: 1.00 :: Time: 0.018(0.01829/step) :: Entropy : 0.000 :: Grads : []
120 :: Rewards 16.572 :: steps: 1.00 :: Time: 0.019(0.01863/step) :: Entropy : 0.000 :: Grads : []
130 :: Rewards 19.371 :: steps: 1.00 :: Time: 0.020(0.02037/step) :: Entropy : 0.000 :: Grads : []
140 :: Rewards 22.761 :: steps: 1.00 :: Time: 0.020(0.02041/step) :: Entropy : 0.000 :: Grads : []
150 :: Rewards 26.364 :: steps: 1.00 :: Time: 0.019(0.01943/step) :: Entropy : 0.000 :: Grads : []
160 :: Rewards 30.172 :: steps: 1.00 :: Time: 0.020(0.01978/step) :: Entropy : 0.000 :: Grads : []
170 :: Rewards 33.767 :: steps: 1.00 :: Time: 0.020(0.02010/step) :: Entropy : 0.000 :: Grads : []
180 :: Rewards 37.978 :: steps: 1.00 :: Time: 0.020(0.02043/step) :: Entropy : 0.000 :: Grads : []
190 :: Rewards 41.618 :: steps: 1.00 :: Time: 0.022(0.02152/step) :: Entropy : 0.000 :: Grads : []
200 :: Rewards 46.294 :: steps: 1.00 :: Time: 0.022(0.02186/step) :: Entropy : 0.000 :: Grads : []
210 :: Rewards 50.783 :: steps: 1.00 :: Time: 0.023(0.02258/step) :: Entropy : 0.000 :: Grads : []
220 :: Rewards 54.917 :: steps: 1.00 :: Time: 0.027(0.02674/step) :: Entropy : 0.000 :: Grads : []
230 :: Rewards 60.126 :: steps: 1.00 :: Time: 0.030(0.02993/step) :: Entropy : 0.000 :: Grads : []
240 :: Rewards 65.542 :: steps: 1.00 :: Time: 0.025(0.02457/step) :: Entropy : 0.000 :: Grads : []
250 :: Rewards 70.536 :: steps: 1.00 :: Time: 0.025(0.02542/step) :: Entropy : 0.000 :: Grads : []
260 :: Rewards 76.213 :: steps: 1.00 :: Time: 0.026(0.02586/step) :: Entropy : 0.000 :: Grads : []
270 :: Rewards 82.075 :: steps: 1.00 :: Time: 0.026(0.02584/step) :: Entropy : 0.000 :: Grads : []
280 :: Rewards 87.692 :: steps: 1.00 :: Time: 0.026(0.02627/step) :: Entropy : 0.000 :: Grads : []
290 :: Rewards 93.820 :: steps: 1.00 :: Time: 0.026(0.02622/step) :: Entropy : 0.000 :: Grads : []
300 :: Rewards 99.449 :: steps: 1.00 :: Time: 0.026(0.02648/step) :: Entropy : 0.000 :: Grads : []
310 :: Rewards 105.193 :: steps: 1.00 :: Time: 0.027(0.02684/step) :: Entropy : 0.000 :: Grads : []
320 :: Rewards 111.349 :: steps: 1.00 :: Time: 0.027(0.02743/step) :: Entropy : 0.000 :: Grads : []
330 :: Rewards 118.026 :: steps: 1.00 :: Time: 0.028(0.02792/step) :: Entropy : 0.000 :: Grads : []
340 :: Rewards 124.719 :: steps: 1.00 :: Time: 0.028(0.02825/step) :: Entropy : 0.000 :: Grads : []
350 :: Rewards 130.935 :: steps: 1.00 :: Time: 0.029(0.02879/step) :: Entropy : 0.000 :: Grads : []
360 :: Rewards 137.828 :: steps: 1.00 :: Time: 0.029(0.02926/step) :: Entropy : 0.000 :: Grads : []
370 :: Rewards 144.213 :: steps: 1.00 :: Time: 0.030(0.02995/step) :: Entropy : 0.000 :: Grads : []
380 :: Rewards 151.215 :: steps: 1.00 :: Time: 0.030(0.03045/step) :: Entropy : 0.000 :: Grads : []
390 :: Rewards 158.265 :: steps: 1.00 :: Time: 0.031(0.03109/step) :: Entropy : 0.000 :: Grads : []
400 :: Rewards 165.381 :: steps: 1.00 :: Time: 0.031(0.03149/step) :: Entropy : 0.000 :: Grads : []
410 :: Rewards 172.512 :: steps: 1.00 :: Time: 0.032(0.03238/step) :: Entropy : 0.000 :: Grads : []
420 :: Rewards 179.733 :: steps: 1.00 :: Time: 0.033(0.03269/step) :: Entropy : 0.000 :: Grads : []
430 :: Rewards 186.919 :: steps: 1.00 :: Time: 0.034(0.03354/step) :: Entropy : 0.000 :: Grads : []
440 :: Rewards 193.771 :: steps: 1.00 :: Time: 0.034(0.03355/step) :: Entropy : 0.000 :: Grads : []
450 :: Rewards 200.982 :: steps: 1.00 :: Time: 0.034(0.03419/step) :: Entropy : 0.000 :: Grads : []
460 :: Rewards 208.141 :: steps: 1.00 :: Time: 0.035(0.03481/step) :: Entropy : 0.000 :: Grads : []
470 :: Rewards 214.882 :: steps: 1.00 :: Time: 0.036(0.03565/step) :: Entropy : 0.000 :: Grads : []
480 :: Rewards 220.557 :: steps: 1.00 :: Time: 0.036(0.03609/step) :: Entropy : 0.000 :: Grads : []
490 :: Rewards 226.826 :: steps: 1.00 :: Time: 0.037(0.03727/step) :: Entropy : 0.000 :: Grads : []
500 :: Rewards 233.481 :: steps: 1.00 :: Time: 0.037(0.03739/step) :: Entropy : 0.000 :: Grads : []
510 :: Rewards 240.485 :: steps: 1.00 :: Time: 0.039(0.03851/step) :: Entropy : 0.000 :: Grads : []
520 :: Rewards 247.423 :: steps: 1.00 :: Time: 0.039(0.03905/step) :: Entropy : 0.000 :: Grads : []
530 :: Rewards 254.283 :: steps: 1.00 :: Time: 0.040(0.03966/step) :: Entropy : 0.000 :: Grads : []
540 :: Rewards 260.006 :: steps: 1.00 :: Time: 0.040(0.04007/step) :: Entropy : 0.000 :: Grads : []
550 :: Rewards 264.816 :: steps: 1.00 :: Time: 0.041(0.04103/step) :: Entropy : 0.000 :: Grads : []
560 :: Rewards 270.103 :: steps: 1.00 :: Time: 0.042(0.04182/step) :: Entropy : 0.000 :: Grads : []
570 :: Rewards 275.899 :: steps: 1.00 :: Time: 0.043(0.04303/step) :: Entropy : 0.000 :: Grads : []
580 :: Rewards 282.241 :: steps: 1.00 :: Time: 0.044(0.04382/step) :: Entropy : 0.000 :: Grads : []
590 :: Rewards 288.507 :: steps: 1.00 :: Time: 0.045(0.04488/step) :: Entropy : 0.000 :: Grads : []
600 :: Rewards 293.987 :: steps: 1.00 :: Time: 0.045(0.04493/step) :: Entropy : 0.000 :: Grads : []
610 :: Rewards 299.957 :: steps: 1.00 :: Time: 0.046(0.04595/step) :: Entropy : 0.000 :: Grads : []
620 :: Rewards 305.749 :: steps: 1.00 :: Time: 0.047(0.04660/step) :: Entropy : 0.000 :: Grads : []
630 :: Rewards 311.417 :: steps: 1.00 :: Time: 0.047(0.04712/step) :: Entropy : 0.000 :: Grads : []
640 :: Rewards 316.957 :: steps: 1.00 :: Time: 0.048(0.04796/step) :: Entropy : 0.000 :: Grads : []
650 :: Rewards 322.270 :: steps: 1.00 :: Time: 0.049(0.04919/step) :: Entropy : 0.000 :: Grads : []
660 :: Rewards 327.070 :: steps: 1.00 :: Time: 0.050(0.04986/step) :: Entropy : 0.000 :: Grads : []
670 :: Rewards 330.986 :: steps: 1.00 :: Time: 0.051(0.05133/step) :: Entropy : 0.000 :: Grads : []
680 :: Rewards 335.743 :: steps: 1.00 :: Time: 0.052(0.05220/step) :: Entropy : 0.000 :: Grads : []
690 :: Rewards 340.337 :: steps: 1.00 :: Time: 0.056(0.05579/step) :: Entropy : 0.000 :: Grads : []
700 :: Rewards 344.449 :: steps: 1.00 :: Time: 0.056(0.05553/step) :: Entropy : 0.000 :: Grads : []
710 :: Rewards 348.593 :: steps: 1.00 :: Time: 0.057(0.05710/step) :: Entropy : 0.000 :: Grads : []
720 :: Rewards 352.577 :: steps: 1.00 :: Time: 0.057(0.05739/step) :: Entropy : 0.000 :: Grads : []
730 :: Rewards 356.323 :: steps: 1.00 :: Time: 0.061(0.06125/step) :: Entropy : 0.000 :: Grads : []
740 :: Rewards 359.820 :: steps: 1.00 :: Time: 0.061(0.06115/step) :: Entropy : 0.000 :: Grads : []
750 :: Rewards 363.131 :: steps: 1.00 :: Time: 0.061(0.06099/step) :: Entropy : 0.000 :: Grads : []
760 :: Rewards 366.223 :: steps: 1.00 :: Time: 0.062(0.06186/step) :: Entropy : 0.000 :: Grads : []
770 :: Rewards 369.053 :: steps: 1.00 :: Time: 0.064(0.06445/step) :: Entropy : 0.000 :: Grads : []
780 :: Rewards 371.693 :: steps: 1.00 :: Time: 0.064(0.06373/step) :: Entropy : 0.000 :: Grads : []
790 :: Rewards 374.054 :: steps: 1.00 :: Time: 0.065(0.06521/step) :: Entropy : 0.000 :: Grads : []
800 :: Rewards 376.135 :: steps: 1.00 :: Time: 0.067(0.06673/step) :: Entropy : 0.000 :: Grads : []
810 :: Rewards 378.018 :: steps: 1.00 :: Time: 0.068(0.06789/step) :: Entropy : 0.000 :: Grads : []
820 :: Rewards 379.647 :: steps: 1.00 :: Time: 0.071(0.07068/step) :: Entropy : 0.000 :: Grads : []
830 :: Rewards 381.003 :: steps: 1.00 :: Time: 0.072(0.07233/step) :: Entropy : 0.000 :: Grads : []
840 :: Rewards 382.118 :: steps: 1.00 :: Time: 0.073(0.07319/step) :: Entropy : 0.000 :: Grads : []
850 :: Rewards 382.993 :: steps: 1.00 :: Time: 0.075(0.07477/step) :: Entropy : 0.000 :: Grads : []
860 :: Rewards 383.571 :: steps: 1.00 :: Time: 0.076(0.07568/step) :: Entropy : 0.000 :: Grads : []
870 :: Rewards 383.877 :: steps: 1.00 :: Time: 0.077(0.07694/step) :: Entropy : 0.000 :: Grads : []
880 :: Rewards 383.974 :: steps: 1.00 :: Time: 0.079(0.07895/step) :: Entropy : 0.000 :: Grads : []
890 :: Rewards 384.958 :: steps: 1.00 :: Time: 0.081(0.08124/step) :: Entropy : 0.000 :: Grads : []
900 :: Rewards 387.315 :: steps: 1.00 :: Time: 0.084(0.08377/step) :: Entropy : 0.000 :: Grads : []
910 :: Rewards 389.854 :: steps: 1.00 :: Time: 0.085(0.08516/step) :: Entropy : 0.000 :: Grads : []
920 :: Rewards 392.314 :: steps: 1.00 :: Time: 0.086(0.08644/step) :: Entropy : 0.000 :: Grads : []
930 :: Rewards 394.693 :: steps: 1.00 :: Time: 0.087(0.08699/step) :: Entropy : 0.000 :: Grads : []
940 :: Rewards 396.970 :: steps: 1.00 :: Time: 0.090(0.08954/step) :: Entropy : 0.000 :: Grads : []
950 :: Rewards 399.134 :: steps: 1.00 :: Time: 0.091(0.09123/step) :: Entropy : 0.000 :: Grads : []
960 :: Rewards 401.194 :: steps: 1.00 :: Time: 0.093(0.09297/step) :: Entropy : 0.000 :: Grads : []
970 :: Rewards 403.186 :: steps: 1.00 :: Time: 0.094(0.09377/step) :: Entropy : 0.000 :: Grads : []
980 :: Rewards 405.017 :: steps: 1.00 :: Time: 0.097(0.09698/step) :: Entropy : 0.000 :: Grads : []
990 :: Rewards 406.655 :: steps: 1.00 :: Time: 0.098(0.09844/step) :: Entropy : 0.000 :: Grads : []
999 :: Rewards 408.125 :: steps: 0.90 :: Time: 0.090(0.09990/step) :: Entropy : 0.000 :: Grads : []
Total time taken: 44.82201600074768
