Module path:  Environments.NS_Reco NS_Reco
Dynamically loaded from:  <class 'Environments.NS_Reco.NS_Reco'>
Reward Amplitudes: [4.17022005e-01 7.20324493e-01 1.14374817e-04 3.02332573e-01
 1.46755891e-01] :: Avg 0.317309867282206 
Module path:  Src.Algorithms.ProWLS ProWLS
Dynamically loaded from:  <class 'Src.Algorithms.ProWLS.ProWLS'>
=====Configurations=====
 Namespace(NN_basis_dim='32', Policy_basis_dim='32', actor_lr=0.007650333890460954, algo_name='ProWLS', base=0, batch_size=1000, buffer_size=1000, debug=False, delta=5, entropy_lambda=0.03134205440723196, env_name='NS_Reco', experiment='NS_2r_', extrapolator_basis='Fourier', folder_suffix='Default', fourier_coupled=True, fourier_k=3, fourier_order=3, gamma=0.99, gauss_std=1.5, gpu=0, hyper='default', importance_clip=15.0, inc=1, log_output='term_file', max_episodes=1000, max_inner=50, max_steps=500, optim='rmsprop', oracle=-1, raw_basis=True, restore=False, save_count=100, save_model=True, seed=8, speed=2, state_lr=0.001, summary=True, swarm=False, timestamp='5|25|11:26:4')
Actions space: 5 :: State space: 1
State Low: tensor([0.]) :: State High: tensor([1.])
State features:  [('dummy_param', torch.Size([1]))]
Policy:  [('fc1.weight', torch.Size([5, 1])), ('fc1.bias', torch.Size([5]))]
0 :: Rewards 0.000 :: steps: 0.10 :: Time: 0.000(0.00064/step) :: Entropy : 0.000 :: Grads : []
10 :: Rewards -0.178 :: steps: 1.00 :: Time: 0.006(0.00606/step) :: Entropy : 0.000 :: Grads : []
20 :: Rewards -0.489 :: steps: 1.00 :: Time: 0.006(0.00606/step) :: Entropy : 0.000 :: Grads : []
30 :: Rewards -0.901 :: steps: 1.00 :: Time: 0.006(0.00615/step) :: Entropy : 0.000 :: Grads : []
40 :: Rewards -1.404 :: steps: 1.00 :: Time: 0.006(0.00593/step) :: Entropy : 0.000 :: Grads : []
50 :: Rewards -1.804 :: steps: 1.00 :: Time: 0.006(0.00617/step) :: Entropy : 0.000 :: Grads : []
60 :: Rewards -1.804 :: steps: 1.00 :: Time: 0.006(0.00603/step) :: Entropy : 0.000 :: Grads : []
70 :: Rewards -2.279 :: steps: 1.00 :: Time: 0.006(0.00621/step) :: Entropy : 0.000 :: Grads : []
80 :: Rewards -2.893 :: steps: 1.00 :: Time: 0.006(0.00625/step) :: Entropy : 0.000 :: Grads : []
90 :: Rewards -3.789 :: steps: 1.00 :: Time: 0.006(0.00645/step) :: Entropy : 0.000 :: Grads : []
100 :: Rewards -5.095 :: steps: 1.00 :: Time: 0.006(0.00641/step) :: Entropy : 0.000 :: Grads : []
110 :: Rewards -5.534 :: steps: 1.00 :: Time: 0.006(0.00648/step) :: Entropy : 0.000 :: Grads : []
120 :: Rewards -5.534 :: steps: 1.00 :: Time: 0.007(0.00661/step) :: Entropy : 0.000 :: Grads : []
130 :: Rewards -6.487 :: steps: 1.00 :: Time: 0.007(0.00681/step) :: Entropy : 0.000 :: Grads : []
140 :: Rewards -6.487 :: steps: 1.00 :: Time: 0.007(0.00678/step) :: Entropy : 0.000 :: Grads : []
150 :: Rewards -6.487 :: steps: 1.00 :: Time: 0.007(0.00700/step) :: Entropy : 0.000 :: Grads : []
160 :: Rewards -6.487 :: steps: 1.00 :: Time: 0.007(0.00706/step) :: Entropy : 0.000 :: Grads : []
170 :: Rewards -6.487 :: steps: 1.00 :: Time: 0.008(0.00753/step) :: Entropy : 0.000 :: Grads : []
180 :: Rewards -9.005 :: steps: 1.00 :: Time: 0.007(0.00741/step) :: Entropy : 0.000 :: Grads : []
190 :: Rewards -11.031 :: steps: 1.00 :: Time: 0.008(0.00791/step) :: Entropy : 0.000 :: Grads : []
200 :: Rewards -12.256 :: steps: 1.00 :: Time: 0.008(0.00811/step) :: Entropy : 0.000 :: Grads : []
210 :: Rewards -12.256 :: steps: 1.00 :: Time: 0.008(0.00841/step) :: Entropy : 0.000 :: Grads : []
220 :: Rewards -13.195 :: steps: 1.00 :: Time: 0.008(0.00847/step) :: Entropy : 0.000 :: Grads : []
230 :: Rewards -15.637 :: steps: 1.00 :: Time: 0.009(0.00867/step) :: Entropy : 0.000 :: Grads : []
240 :: Rewards -17.647 :: steps: 1.00 :: Time: 0.009(0.00873/step) :: Entropy : 0.000 :: Grads : []
250 :: Rewards -18.230 :: steps: 1.00 :: Time: 0.009(0.00904/step) :: Entropy : 0.000 :: Grads : []
260 :: Rewards -18.806 :: steps: 1.00 :: Time: 0.009(0.00917/step) :: Entropy : 0.000 :: Grads : []
270 :: Rewards -19.496 :: steps: 1.00 :: Time: 0.009(0.00931/step) :: Entropy : 0.000 :: Grads : []
280 :: Rewards -19.496 :: steps: 1.00 :: Time: 0.009(0.00942/step) :: Entropy : 0.000 :: Grads : []
290 :: Rewards -20.011 :: steps: 1.00 :: Time: 0.010(0.00961/step) :: Entropy : 0.000 :: Grads : []
300 :: Rewards -20.944 :: steps: 1.00 :: Time: 0.010(0.00964/step) :: Entropy : 0.000 :: Grads : []
310 :: Rewards -21.813 :: steps: 1.00 :: Time: 0.010(0.00998/step) :: Entropy : 0.000 :: Grads : []
320 :: Rewards -21.813 :: steps: 1.00 :: Time: 0.010(0.01026/step) :: Entropy : 0.000 :: Grads : []
330 :: Rewards -22.061 :: steps: 1.00 :: Time: 0.010(0.01042/step) :: Entropy : 0.000 :: Grads : []
340 :: Rewards -22.061 :: steps: 1.00 :: Time: 0.011(0.01050/step) :: Entropy : 0.000 :: Grads : []
350 :: Rewards -22.368 :: steps: 1.00 :: Time: 0.011(0.01081/step) :: Entropy : 0.000 :: Grads : []
360 :: Rewards -22.368 :: steps: 1.00 :: Time: 0.011(0.01107/step) :: Entropy : 0.000 :: Grads : []
370 :: Rewards -22.549 :: steps: 1.00 :: Time: 0.012(0.01153/step) :: Entropy : 0.000 :: Grads : []
380 :: Rewards -22.771 :: steps: 1.00 :: Time: 0.012(0.01152/step) :: Entropy : 0.000 :: Grads : []
390 :: Rewards -23.116 :: steps: 1.00 :: Time: 0.012(0.01182/step) :: Entropy : 0.000 :: Grads : []
400 :: Rewards -23.230 :: steps: 1.00 :: Time: 0.012(0.01187/step) :: Entropy : 0.000 :: Grads : []
410 :: Rewards -23.452 :: steps: 1.00 :: Time: 0.012(0.01232/step) :: Entropy : 0.000 :: Grads : []
420 :: Rewards -23.937 :: steps: 1.00 :: Time: 0.012(0.01243/step) :: Entropy : 0.000 :: Grads : []
430 :: Rewards -23.937 :: steps: 1.00 :: Time: 0.013(0.01267/step) :: Entropy : 0.000 :: Grads : []
440 :: Rewards -24.342 :: steps: 1.00 :: Time: 0.013(0.01286/step) :: Entropy : 0.000 :: Grads : []
450 :: Rewards -24.861 :: steps: 1.00 :: Time: 0.013(0.01328/step) :: Entropy : 0.000 :: Grads : []
460 :: Rewards -24.861 :: steps: 1.00 :: Time: 0.013(0.01325/step) :: Entropy : 0.000 :: Grads : []
470 :: Rewards -24.919 :: steps: 1.00 :: Time: 0.014(0.01362/step) :: Entropy : 0.000 :: Grads : []
480 :: Rewards -25.175 :: steps: 1.00 :: Time: 0.014(0.01366/step) :: Entropy : 0.000 :: Grads : []
490 :: Rewards -25.455 :: steps: 1.00 :: Time: 0.014(0.01414/step) :: Entropy : 0.000 :: Grads : []
500 :: Rewards -25.623 :: steps: 1.00 :: Time: 0.014(0.01422/step) :: Entropy : 0.000 :: Grads : []
510 :: Rewards -25.849 :: steps: 1.00 :: Time: 0.015(0.01461/step) :: Entropy : 0.000 :: Grads : []
520 :: Rewards -25.967 :: steps: 1.00 :: Time: 0.015(0.01482/step) :: Entropy : 0.000 :: Grads : []
530 :: Rewards -26.071 :: steps: 1.00 :: Time: 0.015(0.01525/step) :: Entropy : 0.000 :: Grads : []
540 :: Rewards -26.231 :: steps: 1.00 :: Time: 0.015(0.01519/step) :: Entropy : 0.000 :: Grads : []
550 :: Rewards -26.716 :: steps: 1.00 :: Time: 0.016(0.01566/step) :: Entropy : 0.000 :: Grads : []
560 :: Rewards -27.195 :: steps: 1.00 :: Time: 0.016(0.01581/step) :: Entropy : 0.000 :: Grads : []
570 :: Rewards -27.971 :: steps: 1.00 :: Time: 0.016(0.01632/step) :: Entropy : 0.000 :: Grads : []
580 :: Rewards -27.971 :: steps: 1.00 :: Time: 0.017(0.01651/step) :: Entropy : 0.000 :: Grads : []
590 :: Rewards -28.089 :: steps: 1.00 :: Time: 0.017(0.01684/step) :: Entropy : 0.000 :: Grads : []
600 :: Rewards -28.198 :: steps: 1.00 :: Time: 0.017(0.01726/step) :: Entropy : 0.000 :: Grads : []
610 :: Rewards -28.638 :: steps: 1.00 :: Time: 0.017(0.01748/step) :: Entropy : 0.000 :: Grads : []
620 :: Rewards -28.638 :: steps: 1.00 :: Time: 0.018(0.01793/step) :: Entropy : 0.000 :: Grads : []
630 :: Rewards -28.862 :: steps: 1.00 :: Time: 0.018(0.01833/step) :: Entropy : 0.000 :: Grads : []
640 :: Rewards -28.929 :: steps: 1.00 :: Time: 0.019(0.01854/step) :: Entropy : 0.000 :: Grads : []
650 :: Rewards -29.049 :: steps: 1.00 :: Time: 0.019(0.01899/step) :: Entropy : 0.000 :: Grads : []
660 :: Rewards -29.100 :: steps: 1.00 :: Time: 0.019(0.01913/step) :: Entropy : 0.000 :: Grads : []
670 :: Rewards -29.352 :: steps: 1.00 :: Time: 0.020(0.01970/step) :: Entropy : 0.000 :: Grads : []
680 :: Rewards -29.401 :: steps: 1.00 :: Time: 0.020(0.01986/step) :: Entropy : 0.000 :: Grads : []
690 :: Rewards -29.447 :: steps: 1.00 :: Time: 0.022(0.02181/step) :: Entropy : 0.000 :: Grads : []
700 :: Rewards -29.651 :: steps: 1.00 :: Time: 0.021(0.02110/step) :: Entropy : 0.000 :: Grads : []
710 :: Rewards -29.683 :: steps: 1.00 :: Time: 0.020(0.01985/step) :: Entropy : 0.000 :: Grads : []
720 :: Rewards -29.715 :: steps: 1.00 :: Time: 0.022(0.02164/step) :: Entropy : 0.000 :: Grads : []
730 :: Rewards -29.753 :: steps: 1.00 :: Time: 0.022(0.02213/step) :: Entropy : 0.000 :: Grads : []
740 :: Rewards -29.758 :: steps: 1.00 :: Time: 0.022(0.02216/step) :: Entropy : 0.000 :: Grads : []
750 :: Rewards -29.796 :: steps: 1.00 :: Time: 0.023(0.02333/step) :: Entropy : 0.000 :: Grads : []
760 :: Rewards -29.840 :: steps: 1.00 :: Time: 0.022(0.02199/step) :: Entropy : 0.000 :: Grads : []
770 :: Rewards -29.912 :: steps: 1.00 :: Time: 0.023(0.02278/step) :: Entropy : 0.000 :: Grads : []
780 :: Rewards -30.042 :: steps: 1.00 :: Time: 0.023(0.02319/step) :: Entropy : 0.000 :: Grads : []
790 :: Rewards -30.178 :: steps: 1.00 :: Time: 0.024(0.02379/step) :: Entropy : 0.000 :: Grads : []
800 :: Rewards -30.322 :: steps: 1.00 :: Time: 0.024(0.02373/step) :: Entropy : 0.000 :: Grads : []
810 :: Rewards -30.504 :: steps: 1.00 :: Time: 0.025(0.02472/step) :: Entropy : 0.000 :: Grads : []
820 :: Rewards -30.588 :: steps: 1.00 :: Time: 0.025(0.02549/step) :: Entropy : 0.000 :: Grads : []
830 :: Rewards -30.694 :: steps: 1.00 :: Time: 0.027(0.02682/step) :: Entropy : 0.000 :: Grads : []
840 :: Rewards -30.694 :: steps: 1.00 :: Time: 0.027(0.02657/step) :: Entropy : 0.000 :: Grads : []
850 :: Rewards -30.812 :: steps: 1.00 :: Time: 0.028(0.02772/step) :: Entropy : 0.000 :: Grads : []
860 :: Rewards -30.812 :: steps: 1.00 :: Time: 0.028(0.02759/step) :: Entropy : 0.000 :: Grads : []
870 :: Rewards -30.882 :: steps: 1.00 :: Time: 0.029(0.02857/step) :: Entropy : 0.000 :: Grads : []
880 :: Rewards -31.186 :: steps: 1.00 :: Time: 0.029(0.02921/step) :: Entropy : 0.000 :: Grads : []
890 :: Rewards -31.551 :: steps: 1.00 :: Time: 0.031(0.03080/step) :: Entropy : 0.000 :: Grads : []
900 :: Rewards -32.606 :: steps: 1.00 :: Time: 0.031(0.03113/step) :: Entropy : 0.000 :: Grads : []
910 :: Rewards -33.943 :: steps: 1.00 :: Time: 0.031(0.03143/step) :: Entropy : 0.000 :: Grads : []
920 :: Rewards -35.891 :: steps: 1.00 :: Time: 0.032(0.03190/step) :: Entropy : 0.000 :: Grads : []
930 :: Rewards -38.253 :: steps: 1.00 :: Time: 0.033(0.03298/step) :: Entropy : 0.000 :: Grads : []
940 :: Rewards -41.114 :: steps: 1.00 :: Time: 0.033(0.03266/step) :: Entropy : 0.000 :: Grads : []
950 :: Rewards -44.434 :: steps: 1.00 :: Time: 0.034(0.03421/step) :: Entropy : 0.000 :: Grads : []
960 :: Rewards -48.317 :: steps: 1.00 :: Time: 0.034(0.03433/step) :: Entropy : 0.000 :: Grads : []
970 :: Rewards -52.497 :: steps: 1.00 :: Time: 0.035(0.03525/step) :: Entropy : 0.000 :: Grads : []
980 :: Rewards -57.137 :: steps: 1.00 :: Time: 0.035(0.03549/step) :: Entropy : 0.000 :: Grads : []
990 :: Rewards -62.110 :: steps: 1.00 :: Time: 0.036(0.03602/step) :: Entropy : 0.000 :: Grads : []
999 :: Rewards -66.920 :: steps: 0.90 :: Time: 0.036(0.04014/step) :: Entropy : 0.000 :: Grads : []
Total time taken: 16.68052101135254
