Module path:  Environments.NS_Reco NS_Reco
Dynamically loaded from:  <class 'Environments.NS_Reco.NS_Reco'>
Reward Amplitudes: [4.17022005e-01 7.20324493e-01 1.14374817e-04 3.02332573e-01
 1.46755891e-01] :: Avg 0.317309867282206 
Module path:  Src.Algorithms.ProOLS ProOLS
Dynamically loaded from:  <class 'Src.Algorithms.ProOLS.ProOLS'>
=====Configurations=====
 Namespace(NN_basis_dim='32', Policy_basis_dim='32', actor_lr=0.006330904637554062, algo_name='ProOLS', base=0, batch_size=1000, buffer_size=1000, debug=False, delta=1, entropy_lambda=0.05062512794041892, env_name='NS_Reco', experiment='NS_4_', extrapolator_basis='Fourier', folder_suffix='Default', fourier_coupled=True, fourier_k=5, fourier_order=3, gamma=0.99, gauss_std=1.5, gpu=0, hyper='default', importance_clip=5.0, inc=1, log_output='term_file', max_episodes=1000, max_inner=20, max_steps=500, optim='rmsprop', oracle=-1, raw_basis=True, restore=False, save_count=100, save_model=True, seed=13, speed=4, state_lr=0.001, summary=True, swarm=False, timestamp='5|24|22:47:12')
Actions space: 5 :: State space: 1
State Low: tensor([0.]) :: State High: tensor([1.])
State features:  [('dummy_param', torch.Size([1]))]
Policy:  [('fc1.weight', torch.Size([5, 1])), ('fc1.bias', torch.Size([5]))]
0 :: Rewards 0.013 :: steps: 0.10 :: Time: 0.000(0.00051/step) :: Entropy : 0.000 :: Grads : []
10 :: Rewards 0.298 :: steps: 1.00 :: Time: 0.006(0.00593/step) :: Entropy : 0.000 :: Grads : []
20 :: Rewards 1.254 :: steps: 1.00 :: Time: 0.010(0.00958/step) :: Entropy : 0.000 :: Grads : []
30 :: Rewards 2.756 :: steps: 1.00 :: Time: 0.009(0.00902/step) :: Entropy : 0.000 :: Grads : []
40 :: Rewards 5.303 :: steps: 1.00 :: Time: 0.009(0.00862/step) :: Entropy : 0.000 :: Grads : []
50 :: Rewards 9.703 :: steps: 1.00 :: Time: 0.009(0.00877/step) :: Entropy : 0.000 :: Grads : []
60 :: Rewards 14.861 :: steps: 1.00 :: Time: 0.009(0.00877/step) :: Entropy : 0.000 :: Grads : []
70 :: Rewards 20.659 :: steps: 1.00 :: Time: 0.009(0.00888/step) :: Entropy : 0.000 :: Grads : []
80 :: Rewards 26.988 :: steps: 1.00 :: Time: 0.009(0.00895/step) :: Entropy : 0.000 :: Grads : []
90 :: Rewards 33.759 :: steps: 1.00 :: Time: 0.009(0.00901/step) :: Entropy : 0.000 :: Grads : []
100 :: Rewards 40.821 :: steps: 1.00 :: Time: 0.009(0.00909/step) :: Entropy : 0.000 :: Grads : []
110 :: Rewards 48.003 :: steps: 1.00 :: Time: 0.009(0.00915/step) :: Entropy : 0.000 :: Grads : []
120 :: Rewards 55.163 :: steps: 1.00 :: Time: 0.009(0.00921/step) :: Entropy : 0.000 :: Grads : []
130 :: Rewards 62.196 :: steps: 1.00 :: Time: 0.009(0.00936/step) :: Entropy : 0.000 :: Grads : []
140 :: Rewards 68.917 :: steps: 1.00 :: Time: 0.009(0.00943/step) :: Entropy : 0.000 :: Grads : []
150 :: Rewards 75.206 :: steps: 1.00 :: Time: 0.010(0.00951/step) :: Entropy : 0.000 :: Grads : []
160 :: Rewards 80.968 :: steps: 1.00 :: Time: 0.010(0.00956/step) :: Entropy : 0.000 :: Grads : []
170 :: Rewards 85.957 :: steps: 1.00 :: Time: 0.010(0.00962/step) :: Entropy : 0.000 :: Grads : []
180 :: Rewards 90.168 :: steps: 1.00 :: Time: 0.010(0.00974/step) :: Entropy : 0.000 :: Grads : []
190 :: Rewards 93.338 :: steps: 1.00 :: Time: 0.010(0.00971/step) :: Entropy : 0.000 :: Grads : []
200 :: Rewards 95.484 :: steps: 1.00 :: Time: 0.010(0.00979/step) :: Entropy : 0.000 :: Grads : []
210 :: Rewards 96.878 :: steps: 1.00 :: Time: 0.010(0.00982/step) :: Entropy : 0.000 :: Grads : []
220 :: Rewards 98.303 :: steps: 1.00 :: Time: 0.010(0.00986/step) :: Entropy : 0.000 :: Grads : []
230 :: Rewards 99.661 :: steps: 1.00 :: Time: 0.010(0.00990/step) :: Entropy : 0.000 :: Grads : []
240 :: Rewards 101.183 :: steps: 1.00 :: Time: 0.010(0.01003/step) :: Entropy : 0.000 :: Grads : []
250 :: Rewards 102.548 :: steps: 1.00 :: Time: 0.010(0.01010/step) :: Entropy : 0.000 :: Grads : []
260 :: Rewards 103.618 :: steps: 1.00 :: Time: 0.011(0.01050/step) :: Entropy : 0.000 :: Grads : []
270 :: Rewards 104.451 :: steps: 1.00 :: Time: 0.011(0.01076/step) :: Entropy : 0.000 :: Grads : []
280 :: Rewards 104.618 :: steps: 1.00 :: Time: 0.011(0.01072/step) :: Entropy : 0.000 :: Grads : []
290 :: Rewards 105.327 :: steps: 1.00 :: Time: 0.011(0.01079/step) :: Entropy : 0.000 :: Grads : []
300 :: Rewards 105.865 :: steps: 1.00 :: Time: 0.011(0.01082/step) :: Entropy : 0.000 :: Grads : []
310 :: Rewards 106.268 :: steps: 1.00 :: Time: 0.011(0.01104/step) :: Entropy : 0.000 :: Grads : []
320 :: Rewards 106.654 :: steps: 1.00 :: Time: 0.011(0.01111/step) :: Entropy : 0.000 :: Grads : []
330 :: Rewards 106.874 :: steps: 1.00 :: Time: 0.011(0.01133/step) :: Entropy : 0.000 :: Grads : []
340 :: Rewards 106.787 :: steps: 1.00 :: Time: 0.011(0.01148/step) :: Entropy : 0.000 :: Grads : []
350 :: Rewards 104.595 :: steps: 1.00 :: Time: 0.012(0.01169/step) :: Entropy : 0.000 :: Grads : []
360 :: Rewards 104.653 :: steps: 1.00 :: Time: 0.012(0.01182/step) :: Entropy : 0.000 :: Grads : []
370 :: Rewards 104.243 :: steps: 1.00 :: Time: 0.012(0.01190/step) :: Entropy : 0.000 :: Grads : []
380 :: Rewards 103.612 :: steps: 1.00 :: Time: 0.012(0.01206/step) :: Entropy : 0.000 :: Grads : []
390 :: Rewards 103.570 :: steps: 1.00 :: Time: 0.012(0.01214/step) :: Entropy : 0.000 :: Grads : []
400 :: Rewards 103.456 :: steps: 1.00 :: Time: 0.012(0.01226/step) :: Entropy : 0.000 :: Grads : []
410 :: Rewards 102.648 :: steps: 1.00 :: Time: 0.012(0.01240/step) :: Entropy : 0.000 :: Grads : []
420 :: Rewards 102.513 :: steps: 1.00 :: Time: 0.013(0.01270/step) :: Entropy : 0.000 :: Grads : []
430 :: Rewards 101.088 :: steps: 1.00 :: Time: 0.013(0.01278/step) :: Entropy : 0.000 :: Grads : []
440 :: Rewards 100.782 :: steps: 1.00 :: Time: 0.013(0.01278/step) :: Entropy : 0.000 :: Grads : []
450 :: Rewards 100.495 :: steps: 1.00 :: Time: 0.013(0.01289/step) :: Entropy : 0.000 :: Grads : []
460 :: Rewards 100.287 :: steps: 1.00 :: Time: 0.013(0.01294/step) :: Entropy : 0.000 :: Grads : []
470 :: Rewards 100.177 :: steps: 1.00 :: Time: 0.013(0.01297/step) :: Entropy : 0.000 :: Grads : []
480 :: Rewards 100.387 :: steps: 1.00 :: Time: 0.013(0.01309/step) :: Entropy : 0.000 :: Grads : []
490 :: Rewards 103.464 :: steps: 1.00 :: Time: 0.013(0.01322/step) :: Entropy : 0.000 :: Grads : []
500 :: Rewards 107.817 :: steps: 1.00 :: Time: 0.013(0.01322/step) :: Entropy : 0.000 :: Grads : []
510 :: Rewards 112.940 :: steps: 1.00 :: Time: 0.013(0.01327/step) :: Entropy : 0.000 :: Grads : []
520 :: Rewards 119.332 :: steps: 1.00 :: Time: 0.013(0.01348/step) :: Entropy : 0.000 :: Grads : []
530 :: Rewards 126.098 :: steps: 1.00 :: Time: 0.014(0.01353/step) :: Entropy : 0.000 :: Grads : []
540 :: Rewards 133.154 :: steps: 1.00 :: Time: 0.014(0.01361/step) :: Entropy : 0.000 :: Grads : []
550 :: Rewards 140.328 :: steps: 1.00 :: Time: 0.014(0.01364/step) :: Entropy : 0.000 :: Grads : []
560 :: Rewards 147.511 :: steps: 1.00 :: Time: 0.014(0.01372/step) :: Entropy : 0.000 :: Grads : []
570 :: Rewards 154.512 :: steps: 1.00 :: Time: 0.014(0.01370/step) :: Entropy : 0.000 :: Grads : []
580 :: Rewards 161.225 :: steps: 1.00 :: Time: 0.014(0.01381/step) :: Entropy : 0.000 :: Grads : []
590 :: Rewards 167.498 :: steps: 1.00 :: Time: 0.014(0.01391/step) :: Entropy : 0.000 :: Grads : []
600 :: Rewards 173.161 :: steps: 1.00 :: Time: 0.014(0.01398/step) :: Entropy : 0.000 :: Grads : []
610 :: Rewards 178.127 :: steps: 1.00 :: Time: 0.014(0.01406/step) :: Entropy : 0.000 :: Grads : []
620 :: Rewards 182.307 :: steps: 1.00 :: Time: 0.014(0.01407/step) :: Entropy : 0.000 :: Grads : []
630 :: Rewards 185.633 :: steps: 1.00 :: Time: 0.014(0.01405/step) :: Entropy : 0.000 :: Grads : []
640 :: Rewards 188.003 :: steps: 1.00 :: Time: 0.014(0.01421/step) :: Entropy : 0.000 :: Grads : []
650 :: Rewards 189.399 :: steps: 1.00 :: Time: 0.014(0.01423/step) :: Entropy : 0.000 :: Grads : []
660 :: Rewards 189.754 :: steps: 1.00 :: Time: 0.014(0.01422/step) :: Entropy : 0.000 :: Grads : []
670 :: Rewards 190.911 :: steps: 1.00 :: Time: 0.014(0.01436/step) :: Entropy : 0.000 :: Grads : []
680 :: Rewards 192.707 :: steps: 1.00 :: Time: 0.014(0.01443/step) :: Entropy : 0.000 :: Grads : []
690 :: Rewards 195.955 :: steps: 1.00 :: Time: 0.015(0.01450/step) :: Entropy : 0.000 :: Grads : []
700 :: Rewards 200.036 :: steps: 1.00 :: Time: 0.015(0.01450/step) :: Entropy : 0.000 :: Grads : []
710 :: Rewards 203.931 :: steps: 1.00 :: Time: 0.015(0.01451/step) :: Entropy : 0.000 :: Grads : []
720 :: Rewards 207.526 :: steps: 1.00 :: Time: 0.015(0.01464/step) :: Entropy : 0.000 :: Grads : []
730 :: Rewards 211.107 :: steps: 1.00 :: Time: 0.015(0.01467/step) :: Entropy : 0.000 :: Grads : []
740 :: Rewards 214.630 :: steps: 1.00 :: Time: 0.015(0.01475/step) :: Entropy : 0.000 :: Grads : []
750 :: Rewards 218.385 :: steps: 1.00 :: Time: 0.015(0.01484/step) :: Entropy : 0.000 :: Grads : []
760 :: Rewards 222.043 :: steps: 1.00 :: Time: 0.015(0.01489/step) :: Entropy : 0.000 :: Grads : []
770 :: Rewards 225.424 :: steps: 1.00 :: Time: 0.015(0.01501/step) :: Entropy : 0.000 :: Grads : []
780 :: Rewards 228.473 :: steps: 1.00 :: Time: 0.015(0.01508/step) :: Entropy : 0.000 :: Grads : []
790 :: Rewards 231.331 :: steps: 1.00 :: Time: 0.015(0.01511/step) :: Entropy : 0.000 :: Grads : []
800 :: Rewards 233.873 :: steps: 1.00 :: Time: 0.015(0.01510/step) :: Entropy : 0.000 :: Grads : []
810 :: Rewards 235.906 :: steps: 1.00 :: Time: 0.015(0.01528/step) :: Entropy : 0.000 :: Grads : []
820 :: Rewards 237.718 :: steps: 1.00 :: Time: 0.015(0.01539/step) :: Entropy : 0.000 :: Grads : []
830 :: Rewards 239.117 :: steps: 1.00 :: Time: 0.015(0.01537/step) :: Entropy : 0.000 :: Grads : []
840 :: Rewards 240.150 :: steps: 1.00 :: Time: 0.015(0.01545/step) :: Entropy : 0.000 :: Grads : []
850 :: Rewards 240.735 :: steps: 1.00 :: Time: 0.016(0.01553/step) :: Entropy : 0.000 :: Grads : []
860 :: Rewards 240.940 :: steps: 1.00 :: Time: 0.016(0.01560/step) :: Entropy : 0.000 :: Grads : []
870 :: Rewards 240.749 :: steps: 1.00 :: Time: 0.016(0.01562/step) :: Entropy : 0.000 :: Grads : []
880 :: Rewards 240.128 :: steps: 1.00 :: Time: 0.016(0.01559/step) :: Entropy : 0.000 :: Grads : []
890 :: Rewards 239.270 :: steps: 1.00 :: Time: 0.016(0.01570/step) :: Entropy : 0.000 :: Grads : []
900 :: Rewards 238.674 :: steps: 1.00 :: Time: 0.016(0.01583/step) :: Entropy : 0.000 :: Grads : []
910 :: Rewards 238.672 :: steps: 1.00 :: Time: 0.016(0.01598/step) :: Entropy : 0.000 :: Grads : []
920 :: Rewards 240.595 :: steps: 1.00 :: Time: 0.016(0.01597/step) :: Entropy : 0.000 :: Grads : []
930 :: Rewards 243.276 :: steps: 1.00 :: Time: 0.016(0.01610/step) :: Entropy : 0.000 :: Grads : []
940 :: Rewards 248.503 :: steps: 1.00 :: Time: 0.016(0.01595/step) :: Entropy : 0.000 :: Grads : []
950 :: Rewards 253.782 :: steps: 1.00 :: Time: 0.016(0.01612/step) :: Entropy : 0.000 :: Grads : []
960 :: Rewards 260.180 :: steps: 1.00 :: Time: 0.016(0.01630/step) :: Entropy : 0.000 :: Grads : []
970 :: Rewards 266.983 :: steps: 1.00 :: Time: 0.016(0.01625/step) :: Entropy : 0.000 :: Grads : []
980 :: Rewards 274.046 :: steps: 1.00 :: Time: 0.016(0.01641/step) :: Entropy : 0.000 :: Grads : []
990 :: Rewards 281.165 :: steps: 1.00 :: Time: 0.016(0.01631/step) :: Entropy : 0.000 :: Grads : []
999 :: Rewards 287.623 :: steps: 0.90 :: Time: 0.015(0.01661/step) :: Entropy : 0.000 :: Grads : []
Total time taken: 12.807704210281372
