Module path:  Environments.NS_Reco NS_Reco
Dynamically loaded from:  <class 'Environments.NS_Reco.NS_Reco'>
Reward Amplitudes: [4.17022005e-01 7.20324493e-01 1.14374817e-04 3.02332573e-01
 1.46755891e-01] :: Avg 0.317309867282206 
Module path:  Src.Algorithms.OFPG OFPG
Dynamically loaded from:  <class 'Src.Algorithms.OFPG.OFPG'>
=====Configurations=====
 Namespace(NN_basis_dim='32', Policy_basis_dim='32', actor_lr=0.0021758107191788777, algo_name='OFPG', base=0, batch_size=1000, buffer_size=1000, debug=False, delta=5, entropy_lambda=0.0820027845863337, env_name='NS_Reco', experiment='NS_2r_', extrapolator_basis='Fourier', folder_suffix='Default', fourier_coupled=True, fourier_k=7, fourier_order=3, gamma=0.99, gauss_std=1.5, gpu=0, hyper='default', importance_clip=15.0, inc=1, log_output='term_file', max_episodes=1000, max_inner=100, max_steps=500, optim='rmsprop', oracle=-1, raw_basis=True, restore=False, save_count=100, save_model=True, seed=19, speed=2, state_lr=0.001, summary=True, swarm=False, timestamp='5|25|11:18:34')
Actions space: 5 :: State space: 1
State Low: tensor([0.]) :: State High: tensor([1.])
State features:  [('dummy_param', torch.Size([1]))]
Policy:  [('fc1.weight', torch.Size([5, 1])), ('fc1.bias', torch.Size([5]))]
0 :: Rewards 0.000 :: steps: 0.10 :: Time: 0.000(0.00064/step) :: Entropy : 0.000 :: Grads : []
10 :: Rewards -0.166 :: steps: 1.00 :: Time: 0.008(0.00794/step) :: Entropy : 0.000 :: Grads : []
20 :: Rewards -0.571 :: steps: 1.00 :: Time: 0.008(0.00804/step) :: Entropy : 0.000 :: Grads : []
30 :: Rewards -1.320 :: steps: 1.00 :: Time: 0.008(0.00828/step) :: Entropy : 0.000 :: Grads : []
40 :: Rewards -2.417 :: steps: 1.00 :: Time: 0.008(0.00793/step) :: Entropy : 0.000 :: Grads : []
50 :: Rewards -3.309 :: steps: 1.00 :: Time: 0.008(0.00801/step) :: Entropy : 0.000 :: Grads : []
60 :: Rewards -4.218 :: steps: 1.00 :: Time: 0.008(0.00803/step) :: Entropy : 0.000 :: Grads : []
70 :: Rewards -5.824 :: steps: 1.00 :: Time: 0.008(0.00826/step) :: Entropy : 0.000 :: Grads : []
80 :: Rewards -6.502 :: steps: 1.00 :: Time: 0.008(0.00806/step) :: Entropy : 0.000 :: Grads : []
90 :: Rewards -7.575 :: steps: 1.00 :: Time: 0.008(0.00813/step) :: Entropy : 0.000 :: Grads : []
100 :: Rewards -9.740 :: steps: 1.00 :: Time: 0.008(0.00819/step) :: Entropy : 0.000 :: Grads : []
110 :: Rewards -10.287 :: steps: 1.00 :: Time: 0.008(0.00826/step) :: Entropy : 0.000 :: Grads : []
120 :: Rewards -10.853 :: steps: 1.00 :: Time: 0.008(0.00832/step) :: Entropy : 0.000 :: Grads : []
130 :: Rewards -12.451 :: steps: 1.00 :: Time: 0.009(0.00859/step) :: Entropy : 0.000 :: Grads : []
140 :: Rewards -12.761 :: steps: 1.00 :: Time: 0.009(0.00855/step) :: Entropy : 0.000 :: Grads : []
150 :: Rewards -13.419 :: steps: 1.00 :: Time: 0.010(0.01019/step) :: Entropy : 0.000 :: Grads : []
160 :: Rewards -13.987 :: steps: 1.00 :: Time: 0.009(0.00906/step) :: Entropy : 0.000 :: Grads : []
170 :: Rewards -14.903 :: steps: 1.00 :: Time: 0.009(0.00920/step) :: Entropy : 0.000 :: Grads : []
180 :: Rewards -14.903 :: steps: 1.00 :: Time: 0.009(0.00879/step) :: Entropy : 0.000 :: Grads : []
190 :: Rewards -14.903 :: steps: 1.00 :: Time: 0.009(0.00903/step) :: Entropy : 0.000 :: Grads : []
200 :: Rewards -16.117 :: steps: 1.00 :: Time: 0.009(0.00899/step) :: Entropy : 0.000 :: Grads : []
210 :: Rewards -17.088 :: steps: 1.00 :: Time: 0.009(0.00944/step) :: Entropy : 0.000 :: Grads : []
220 :: Rewards -17.088 :: steps: 1.00 :: Time: 0.009(0.00941/step) :: Entropy : 0.000 :: Grads : []
230 :: Rewards -17.418 :: steps: 1.00 :: Time: 0.010(0.00954/step) :: Entropy : 0.000 :: Grads : []
240 :: Rewards -17.418 :: steps: 1.00 :: Time: 0.010(0.00983/step) :: Entropy : 0.000 :: Grads : []
250 :: Rewards -17.418 :: steps: 1.00 :: Time: 0.010(0.00951/step) :: Entropy : 0.000 :: Grads : []
260 :: Rewards -17.706 :: steps: 1.00 :: Time: 0.010(0.00975/step) :: Entropy : 0.000 :: Grads : []
270 :: Rewards -17.980 :: steps: 1.00 :: Time: 0.010(0.00998/step) :: Entropy : 0.000 :: Grads : []
280 :: Rewards -18.501 :: steps: 1.00 :: Time: 0.010(0.00997/step) :: Entropy : 0.000 :: Grads : []
290 :: Rewards -18.738 :: steps: 1.00 :: Time: 0.010(0.00979/step) :: Entropy : 0.000 :: Grads : []
300 :: Rewards -18.738 :: steps: 1.00 :: Time: 0.010(0.00976/step) :: Entropy : 0.000 :: Grads : []
310 :: Rewards -18.738 :: steps: 1.00 :: Time: 0.010(0.00989/step) :: Entropy : 0.000 :: Grads : []
320 :: Rewards -18.738 :: steps: 1.00 :: Time: 0.010(0.00989/step) :: Entropy : 0.000 :: Grads : []
330 :: Rewards -19.267 :: steps: 1.00 :: Time: 0.010(0.01016/step) :: Entropy : 0.000 :: Grads : []
340 :: Rewards -19.267 :: steps: 1.00 :: Time: 0.010(0.01026/step) :: Entropy : 0.000 :: Grads : []
350 :: Rewards -19.267 :: steps: 1.00 :: Time: 0.011(0.01056/step) :: Entropy : 0.000 :: Grads : []
360 :: Rewards -19.275 :: steps: 1.00 :: Time: 0.011(0.01064/step) :: Entropy : 0.000 :: Grads : []
370 :: Rewards -19.408 :: steps: 1.00 :: Time: 0.011(0.01073/step) :: Entropy : 0.000 :: Grads : []
380 :: Rewards -19.990 :: steps: 1.00 :: Time: 0.011(0.01071/step) :: Entropy : 0.000 :: Grads : []
390 :: Rewards -21.005 :: steps: 1.00 :: Time: 0.011(0.01083/step) :: Entropy : 0.000 :: Grads : []
400 :: Rewards -22.215 :: steps: 1.00 :: Time: 0.011(0.01122/step) :: Entropy : 0.000 :: Grads : []
410 :: Rewards -23.659 :: steps: 1.00 :: Time: 0.011(0.01137/step) :: Entropy : 0.000 :: Grads : []
420 :: Rewards -25.525 :: steps: 1.00 :: Time: 0.012(0.01168/step) :: Entropy : 0.000 :: Grads : []
430 :: Rewards -27.495 :: steps: 1.00 :: Time: 0.012(0.01159/step) :: Entropy : 0.000 :: Grads : []
440 :: Rewards -30.058 :: steps: 1.00 :: Time: 0.012(0.01178/step) :: Entropy : 0.000 :: Grads : []
450 :: Rewards -32.441 :: steps: 1.00 :: Time: 0.014(0.01361/step) :: Entropy : 0.000 :: Grads : []
460 :: Rewards -35.038 :: steps: 1.00 :: Time: 0.012(0.01188/step) :: Entropy : 0.000 :: Grads : []
470 :: Rewards -38.327 :: steps: 1.00 :: Time: 0.012(0.01238/step) :: Entropy : 0.000 :: Grads : []
480 :: Rewards -41.590 :: steps: 1.00 :: Time: 0.012(0.01240/step) :: Entropy : 0.000 :: Grads : []
490 :: Rewards -45.011 :: steps: 1.00 :: Time: 0.012(0.01231/step) :: Entropy : 0.000 :: Grads : []
500 :: Rewards -47.869 :: steps: 1.00 :: Time: 0.022(0.02233/step) :: Entropy : 0.000 :: Grads : []
510 :: Rewards -51.710 :: steps: 1.00 :: Time: 0.015(0.01505/step) :: Entropy : 0.000 :: Grads : []
520 :: Rewards -55.187 :: steps: 1.00 :: Time: 0.015(0.01513/step) :: Entropy : 0.000 :: Grads : []
530 :: Rewards -57.993 :: steps: 1.00 :: Time: 0.012(0.01247/step) :: Entropy : 0.000 :: Grads : []
540 :: Rewards -62.056 :: steps: 1.00 :: Time: 0.012(0.01248/step) :: Entropy : 0.000 :: Grads : []
550 :: Rewards -64.721 :: steps: 1.00 :: Time: 0.013(0.01254/step) :: Entropy : 0.000 :: Grads : []
560 :: Rewards -69.878 :: steps: 1.00 :: Time: 0.013(0.01260/step) :: Entropy : 0.000 :: Grads : []
570 :: Rewards -73.615 :: steps: 1.00 :: Time: 0.013(0.01320/step) :: Entropy : 0.000 :: Grads : []
580 :: Rewards -78.172 :: steps: 1.00 :: Time: 0.013(0.01322/step) :: Entropy : 0.000 :: Grads : []
590 :: Rewards -81.746 :: steps: 1.00 :: Time: 0.013(0.01312/step) :: Entropy : 0.000 :: Grads : []
600 :: Rewards -84.721 :: steps: 1.00 :: Time: 0.013(0.01336/step) :: Entropy : 0.000 :: Grads : []
610 :: Rewards -89.248 :: steps: 1.00 :: Time: 0.014(0.01372/step) :: Entropy : 0.000 :: Grads : []
620 :: Rewards -93.259 :: steps: 1.00 :: Time: 0.013(0.01331/step) :: Entropy : 0.000 :: Grads : []
630 :: Rewards -99.214 :: steps: 1.00 :: Time: 0.014(0.01380/step) :: Entropy : 0.000 :: Grads : []
640 :: Rewards -102.856 :: steps: 1.00 :: Time: 0.013(0.01339/step) :: Entropy : 0.000 :: Grads : []
650 :: Rewards -106.161 :: steps: 1.00 :: Time: 0.013(0.01349/step) :: Entropy : 0.000 :: Grads : []
660 :: Rewards -107.606 :: steps: 1.00 :: Time: 0.014(0.01400/step) :: Entropy : 0.000 :: Grads : []
670 :: Rewards -110.136 :: steps: 1.00 :: Time: 0.014(0.01399/step) :: Entropy : 0.000 :: Grads : []
680 :: Rewards -113.260 :: steps: 1.00 :: Time: 0.014(0.01431/step) :: Entropy : 0.000 :: Grads : []
690 :: Rewards -115.977 :: steps: 1.00 :: Time: 0.014(0.01384/step) :: Entropy : 0.000 :: Grads : []
700 :: Rewards -119.076 :: steps: 1.00 :: Time: 0.014(0.01355/step) :: Entropy : 0.000 :: Grads : []
710 :: Rewards -121.705 :: steps: 1.00 :: Time: 0.014(0.01426/step) :: Entropy : 0.000 :: Grads : []
720 :: Rewards -125.387 :: steps: 1.00 :: Time: 0.014(0.01419/step) :: Entropy : 0.000 :: Grads : []
730 :: Rewards -128.105 :: steps: 1.00 :: Time: 0.014(0.01428/step) :: Entropy : 0.000 :: Grads : []
740 :: Rewards -131.330 :: steps: 1.00 :: Time: 0.014(0.01419/step) :: Entropy : 0.000 :: Grads : []
750 :: Rewards -135.022 :: steps: 1.00 :: Time: 0.014(0.01409/step) :: Entropy : 0.000 :: Grads : []
760 :: Rewards -138.446 :: steps: 1.00 :: Time: 0.015(0.01455/step) :: Entropy : 0.000 :: Grads : []
770 :: Rewards -140.835 :: steps: 1.00 :: Time: 0.015(0.01462/step) :: Entropy : 0.000 :: Grads : []
780 :: Rewards -143.122 :: steps: 1.00 :: Time: 0.015(0.01502/step) :: Entropy : 0.000 :: Grads : []
790 :: Rewards -144.965 :: steps: 1.00 :: Time: 0.014(0.01408/step) :: Entropy : 0.000 :: Grads : []
800 :: Rewards -146.662 :: steps: 1.00 :: Time: 0.014(0.01386/step) :: Entropy : 0.000 :: Grads : []
810 :: Rewards -149.284 :: steps: 1.00 :: Time: 0.014(0.01420/step) :: Entropy : 0.000 :: Grads : []
820 :: Rewards -151.415 :: steps: 1.00 :: Time: 0.014(0.01393/step) :: Entropy : 0.000 :: Grads : []
830 :: Rewards -152.501 :: steps: 1.00 :: Time: 0.014(0.01403/step) :: Entropy : 0.000 :: Grads : []
840 :: Rewards -154.645 :: steps: 1.00 :: Time: 0.015(0.01526/step) :: Entropy : 0.000 :: Grads : []
850 :: Rewards -156.571 :: steps: 1.00 :: Time: 0.015(0.01489/step) :: Entropy : 0.000 :: Grads : []
860 :: Rewards -159.078 :: steps: 1.00 :: Time: 0.014(0.01435/step) :: Entropy : 0.000 :: Grads : []
870 :: Rewards -160.957 :: steps: 1.00 :: Time: 0.014(0.01411/step) :: Entropy : 0.000 :: Grads : []
880 :: Rewards -162.528 :: steps: 1.00 :: Time: 0.014(0.01428/step) :: Entropy : 0.000 :: Grads : []
890 :: Rewards -164.736 :: steps: 1.00 :: Time: 0.014(0.01438/step) :: Entropy : 0.000 :: Grads : []
900 :: Rewards -168.093 :: steps: 1.00 :: Time: 0.015(0.01456/step) :: Entropy : 0.000 :: Grads : []
910 :: Rewards -171.063 :: steps: 1.00 :: Time: 0.015(0.01468/step) :: Entropy : 0.000 :: Grads : []
920 :: Rewards -174.884 :: steps: 1.00 :: Time: 0.016(0.01588/step) :: Entropy : 0.000 :: Grads : []
930 :: Rewards -178.419 :: steps: 1.00 :: Time: 0.016(0.01560/step) :: Entropy : 0.000 :: Grads : []
940 :: Rewards -183.390 :: steps: 1.00 :: Time: 0.015(0.01540/step) :: Entropy : 0.000 :: Grads : []
950 :: Rewards -188.050 :: steps: 1.00 :: Time: 0.015(0.01462/step) :: Entropy : 0.000 :: Grads : []
960 :: Rewards -192.199 :: steps: 1.00 :: Time: 0.015(0.01536/step) :: Entropy : 0.000 :: Grads : []
970 :: Rewards -196.491 :: steps: 1.00 :: Time: 0.015(0.01505/step) :: Entropy : 0.000 :: Grads : []
980 :: Rewards -202.599 :: steps: 1.00 :: Time: 0.015(0.01482/step) :: Entropy : 0.000 :: Grads : []
990 :: Rewards -206.672 :: steps: 1.00 :: Time: 0.015(0.01500/step) :: Entropy : 0.000 :: Grads : []
999 :: Rewards -209.510 :: steps: 0.90 :: Time: 0.015(0.01653/step) :: Entropy : 0.000 :: Grads : []
Total time taken: 12.182585000991821
