Module path:  Environments.NS_Reco NS_Reco
Dynamically loaded from:  <class 'Environments.NS_Reco.NS_Reco'>
Reward Amplitudes: [4.17022005e-01 7.20324493e-01 1.14374817e-04 3.02332573e-01
 1.46755891e-01] :: Avg 0.317309867282206 
Module path:  Src.Algorithms.ProWLS ProWLS
Dynamically loaded from:  <class 'Src.Algorithms.ProWLS.ProWLS'>
=====Configurations=====
 Namespace(NN_basis_dim='32', Policy_basis_dim='32', actor_lr=0.0037403051736555927, algo_name='ProWLS', base=0, batch_size=1000, buffer_size=1000, debug=False, delta=3, entropy_lambda=0.041755411764967935, env_name='NS_Reco', experiment='NS_4r_', extrapolator_basis='Fourier', folder_suffix='Default', fourier_coupled=True, fourier_k=7, fourier_order=3, gamma=0.99, gauss_std=1.5, gpu=0, hyper='default', importance_clip=5.0, inc=1, log_output='term_file', max_episodes=1000, max_inner=60, max_steps=500, optim='rmsprop', oracle=-1, raw_basis=True, restore=False, save_count=100, save_model=True, seed=11, speed=4, state_lr=0.001, summary=True, swarm=False, timestamp='5|25|10:11:28')
Actions space: 5 :: State space: 1
State Low: tensor([0.]) :: State High: tensor([1.])
State features:  [('dummy_param', torch.Size([1]))]
Policy:  [('fc1.weight', torch.Size([5, 1])), ('fc1.bias', torch.Size([5]))]
0 :: Rewards -0.012 :: steps: 0.10 :: Time: 0.000(0.00066/step) :: Entropy : 0.000 :: Grads : []
10 :: Rewards -0.353 :: steps: 1.00 :: Time: 0.004(0.00376/step) :: Entropy : 0.000 :: Grads : []
20 :: Rewards -1.338 :: steps: 1.00 :: Time: 0.014(0.01360/step) :: Entropy : 0.000 :: Grads : []
30 :: Rewards -3.117 :: steps: 1.00 :: Time: 0.011(0.01075/step) :: Entropy : 0.000 :: Grads : []
40 :: Rewards -5.806 :: steps: 1.00 :: Time: 0.010(0.01031/step) :: Entropy : 0.000 :: Grads : []
50 :: Rewards -8.614 :: steps: 1.00 :: Time: 0.014(0.01385/step) :: Entropy : 0.000 :: Grads : []
60 :: Rewards -9.327 :: steps: 1.00 :: Time: 0.010(0.01050/step) :: Entropy : 0.000 :: Grads : []
70 :: Rewards -11.819 :: steps: 1.00 :: Time: 0.011(0.01073/step) :: Entropy : 0.000 :: Grads : []
80 :: Rewards -12.382 :: steps: 1.00 :: Time: 0.014(0.01448/step) :: Entropy : 0.000 :: Grads : []
90 :: Rewards -13.585 :: steps: 1.00 :: Time: 0.011(0.01110/step) :: Entropy : 0.000 :: Grads : []
100 :: Rewards -14.041 :: steps: 1.00 :: Time: 0.011(0.01145/step) :: Entropy : 0.000 :: Grads : []
110 :: Rewards -14.758 :: steps: 1.00 :: Time: 0.016(0.01559/step) :: Entropy : 0.000 :: Grads : []
120 :: Rewards -14.758 :: steps: 1.00 :: Time: 0.012(0.01240/step) :: Entropy : 0.000 :: Grads : []
130 :: Rewards -14.758 :: steps: 1.00 :: Time: 0.012(0.01242/step) :: Entropy : 0.000 :: Grads : []
140 :: Rewards -16.569 :: steps: 1.00 :: Time: 0.016(0.01640/step) :: Entropy : 0.000 :: Grads : []
150 :: Rewards -17.636 :: steps: 1.00 :: Time: 0.013(0.01256/step) :: Entropy : 0.000 :: Grads : []
160 :: Rewards -18.779 :: steps: 1.00 :: Time: 0.013(0.01281/step) :: Entropy : 0.000 :: Grads : []
170 :: Rewards -18.779 :: steps: 1.00 :: Time: 0.018(0.01752/step) :: Entropy : 0.000 :: Grads : []
180 :: Rewards -18.779 :: steps: 1.00 :: Time: 0.014(0.01359/step) :: Entropy : 0.000 :: Grads : []
190 :: Rewards -19.635 :: steps: 1.00 :: Time: 0.014(0.01428/step) :: Entropy : 0.000 :: Grads : []
200 :: Rewards -20.514 :: steps: 1.00 :: Time: 0.019(0.01938/step) :: Entropy : 0.000 :: Grads : []
210 :: Rewards -20.602 :: steps: 1.00 :: Time: 0.015(0.01542/step) :: Entropy : 0.000 :: Grads : []
220 :: Rewards -21.499 :: steps: 1.00 :: Time: 0.016(0.01551/step) :: Entropy : 0.000 :: Grads : []
230 :: Rewards -22.198 :: steps: 1.00 :: Time: 0.021(0.02118/step) :: Entropy : 0.000 :: Grads : []
240 :: Rewards -22.502 :: steps: 1.00 :: Time: 0.016(0.01633/step) :: Entropy : 0.000 :: Grads : []
250 :: Rewards -22.574 :: steps: 1.00 :: Time: 0.021(0.02145/step) :: Entropy : 0.000 :: Grads : []
260 :: Rewards -22.668 :: steps: 1.00 :: Time: 0.029(0.02895/step) :: Entropy : 0.000 :: Grads : []
270 :: Rewards -22.962 :: steps: 1.00 :: Time: 0.018(0.01811/step) :: Entropy : 0.000 :: Grads : []
280 :: Rewards -23.568 :: steps: 1.00 :: Time: 0.018(0.01806/step) :: Entropy : 0.000 :: Grads : []
290 :: Rewards -25.091 :: steps: 1.00 :: Time: 0.029(0.02949/step) :: Entropy : 0.000 :: Grads : []
300 :: Rewards -25.785 :: steps: 1.00 :: Time: 0.019(0.01894/step) :: Entropy : 0.000 :: Grads : []
310 :: Rewards -26.049 :: steps: 1.00 :: Time: 0.019(0.01930/step) :: Entropy : 0.000 :: Grads : []
320 :: Rewards -26.049 :: steps: 1.00 :: Time: 0.027(0.02655/step) :: Entropy : 0.000 :: Grads : []
330 :: Rewards -26.733 :: steps: 1.00 :: Time: 0.022(0.02155/step) :: Entropy : 0.000 :: Grads : []
340 :: Rewards -26.733 :: steps: 1.00 :: Time: 0.022(0.02182/step) :: Entropy : 0.000 :: Grads : []
350 :: Rewards -27.844 :: steps: 1.00 :: Time: 0.029(0.02935/step) :: Entropy : 0.000 :: Grads : []
360 :: Rewards -28.882 :: steps: 1.00 :: Time: 0.023(0.02341/step) :: Entropy : 0.000 :: Grads : []
370 :: Rewards -29.524 :: steps: 1.00 :: Time: 0.024(0.02396/step) :: Entropy : 0.000 :: Grads : []
380 :: Rewards -30.278 :: steps: 1.00 :: Time: 0.032(0.03198/step) :: Entropy : 0.000 :: Grads : []
390 :: Rewards -30.630 :: steps: 1.00 :: Time: 0.023(0.02315/step) :: Entropy : 0.000 :: Grads : []
400 :: Rewards -31.281 :: steps: 1.00 :: Time: 0.029(0.02869/step) :: Entropy : 0.000 :: Grads : []
410 :: Rewards -31.818 :: steps: 1.00 :: Time: 0.047(0.04714/step) :: Entropy : 0.000 :: Grads : []
420 :: Rewards -32.079 :: steps: 1.00 :: Time: 0.025(0.02522/step) :: Entropy : 0.000 :: Grads : []
430 :: Rewards -33.208 :: steps: 1.00 :: Time: 0.026(0.02583/step) :: Entropy : 0.000 :: Grads : []
440 :: Rewards -33.547 :: steps: 1.00 :: Time: 0.041(0.04092/step) :: Entropy : 0.000 :: Grads : []
450 :: Rewards -34.490 :: steps: 1.00 :: Time: 0.028(0.02847/step) :: Entropy : 0.000 :: Grads : []
460 :: Rewards -35.925 :: steps: 1.00 :: Time: 0.030(0.03029/step) :: Entropy : 0.000 :: Grads : []
470 :: Rewards -36.747 :: steps: 1.00 :: Time: 0.038(0.03805/step) :: Entropy : 0.000 :: Grads : []
480 :: Rewards -36.747 :: steps: 1.00 :: Time: 0.037(0.03657/step) :: Entropy : 0.000 :: Grads : []
490 :: Rewards -38.256 :: steps: 1.00 :: Time: 0.038(0.03766/step) :: Entropy : 0.000 :: Grads : []
500 :: Rewards -38.256 :: steps: 1.00 :: Time: 0.045(0.04477/step) :: Entropy : 0.000 :: Grads : []
510 :: Rewards -39.755 :: steps: 1.00 :: Time: 0.033(0.03337/step) :: Entropy : 0.000 :: Grads : []
520 :: Rewards -40.541 :: steps: 1.00 :: Time: 0.038(0.03791/step) :: Entropy : 0.000 :: Grads : []
530 :: Rewards -41.233 :: steps: 1.00 :: Time: 0.048(0.04841/step) :: Entropy : 0.000 :: Grads : []
540 :: Rewards -42.644 :: steps: 1.00 :: Time: 0.036(0.03577/step) :: Entropy : 0.000 :: Grads : []
550 :: Rewards -43.513 :: steps: 1.00 :: Time: 0.033(0.03316/step) :: Entropy : 0.000 :: Grads : []
560 :: Rewards -43.513 :: steps: 1.00 :: Time: 0.044(0.04439/step) :: Entropy : 0.000 :: Grads : []
570 :: Rewards -43.513 :: steps: 1.00 :: Time: 0.034(0.03413/step) :: Entropy : 0.000 :: Grads : []
580 :: Rewards -43.513 :: steps: 1.00 :: Time: 0.035(0.03471/step) :: Entropy : 0.000 :: Grads : []
590 :: Rewards -43.513 :: steps: 1.00 :: Time: 0.050(0.04974/step) :: Entropy : 0.000 :: Grads : []
600 :: Rewards -45.108 :: steps: 1.00 :: Time: 0.037(0.03678/step) :: Entropy : 0.000 :: Grads : []
610 :: Rewards -46.401 :: steps: 1.00 :: Time: 0.040(0.04022/step) :: Entropy : 0.000 :: Grads : []
620 :: Rewards -47.006 :: steps: 1.00 :: Time: 0.051(0.05135/step) :: Entropy : 0.000 :: Grads : []
630 :: Rewards -47.666 :: steps: 1.00 :: Time: 0.039(0.03890/step) :: Entropy : 0.000 :: Grads : []
640 :: Rewards -48.301 :: steps: 1.00 :: Time: 0.042(0.04193/step) :: Entropy : 0.000 :: Grads : []
650 :: Rewards -50.071 :: steps: 1.00 :: Time: 0.054(0.05386/step) :: Entropy : 0.000 :: Grads : []
660 :: Rewards -53.042 :: steps: 1.00 :: Time: 0.043(0.04306/step) :: Entropy : 0.000 :: Grads : []
670 :: Rewards -57.277 :: steps: 1.00 :: Time: 0.043(0.04349/step) :: Entropy : 0.000 :: Grads : []
680 :: Rewards -62.185 :: steps: 1.00 :: Time: 0.071(0.07120/step) :: Entropy : 0.000 :: Grads : []
690 :: Rewards -67.273 :: steps: 1.00 :: Time: 0.068(0.06781/step) :: Entropy : 0.000 :: Grads : []
700 :: Rewards -69.117 :: steps: 1.00 :: Time: 0.051(0.05108/step) :: Entropy : 0.000 :: Grads : []
710 :: Rewards -70.015 :: steps: 1.00 :: Time: 0.063(0.06298/step) :: Entropy : 0.000 :: Grads : []
720 :: Rewards -70.015 :: steps: 1.00 :: Time: 0.051(0.05084/step) :: Entropy : 0.000 :: Grads : []
730 :: Rewards -70.015 :: steps: 1.00 :: Time: 0.050(0.05006/step) :: Entropy : 0.000 :: Grads : []
740 :: Rewards -70.430 :: steps: 1.00 :: Time: 0.069(0.06943/step) :: Entropy : 0.000 :: Grads : []
750 :: Rewards -70.531 :: steps: 1.00 :: Time: 0.052(0.05234/step) :: Entropy : 0.000 :: Grads : []
760 :: Rewards -70.626 :: steps: 1.00 :: Time: 0.053(0.05290/step) :: Entropy : 0.000 :: Grads : []
770 :: Rewards -70.715 :: steps: 1.00 :: Time: 0.073(0.07281/step) :: Entropy : 0.000 :: Grads : []
780 :: Rewards -71.919 :: steps: 1.00 :: Time: 0.055(0.05511/step) :: Entropy : 0.000 :: Grads : []
790 :: Rewards -74.905 :: steps: 1.00 :: Time: 0.057(0.05671/step) :: Entropy : 0.000 :: Grads : []
800 :: Rewards -76.875 :: steps: 1.00 :: Time: 0.079(0.07864/step) :: Entropy : 0.000 :: Grads : []
810 :: Rewards -77.794 :: steps: 1.00 :: Time: 0.082(0.08208/step) :: Entropy : 0.000 :: Grads : []
820 :: Rewards -78.598 :: steps: 1.00 :: Time: 0.074(0.07436/step) :: Entropy : 0.000 :: Grads : []
830 :: Rewards -78.905 :: steps: 1.00 :: Time: 0.082(0.08157/step) :: Entropy : 0.000 :: Grads : []
840 :: Rewards -79.216 :: steps: 1.00 :: Time: 0.066(0.06567/step) :: Entropy : 0.000 :: Grads : []
850 :: Rewards -79.740 :: steps: 1.00 :: Time: 0.103(0.10264/step) :: Entropy : 0.000 :: Grads : []
860 :: Rewards -80.418 :: steps: 1.00 :: Time: 0.129(0.12931/step) :: Entropy : 0.000 :: Grads : []
870 :: Rewards -80.552 :: steps: 1.00 :: Time: 0.099(0.09928/step) :: Entropy : 0.000 :: Grads : []
880 :: Rewards -80.552 :: steps: 1.00 :: Time: 0.113(0.11325/step) :: Entropy : 0.000 :: Grads : []
890 :: Rewards -80.807 :: steps: 1.00 :: Time: 0.139(0.13916/step) :: Entropy : 0.000 :: Grads : []
900 :: Rewards -81.134 :: steps: 1.00 :: Time: 0.082(0.08188/step) :: Entropy : 0.000 :: Grads : []
910 :: Rewards -82.410 :: steps: 1.00 :: Time: 0.093(0.09272/step) :: Entropy : 0.000 :: Grads : []
920 :: Rewards -82.963 :: steps: 1.00 :: Time: 0.117(0.11698/step) :: Entropy : 0.000 :: Grads : []
930 :: Rewards -84.145 :: steps: 1.00 :: Time: 0.086(0.08626/step) :: Entropy : 0.000 :: Grads : []
940 :: Rewards -84.529 :: steps: 1.00 :: Time: 0.091(0.09069/step) :: Entropy : 0.000 :: Grads : []
950 :: Rewards -85.404 :: steps: 1.00 :: Time: 0.121(0.12063/step) :: Entropy : 0.000 :: Grads : []
960 :: Rewards -85.910 :: steps: 1.00 :: Time: 0.083(0.08329/step) :: Entropy : 0.000 :: Grads : []
970 :: Rewards -85.910 :: steps: 1.00 :: Time: 0.086(0.08617/step) :: Entropy : 0.000 :: Grads : []
980 :: Rewards -85.910 :: steps: 1.00 :: Time: 0.116(0.11586/step) :: Entropy : 0.000 :: Grads : []
990 :: Rewards -85.910 :: steps: 1.00 :: Time: 0.090(0.09036/step) :: Entropy : 0.000 :: Grads : []
999 :: Rewards -85.910 :: steps: 0.90 :: Time: 0.097(0.10790/step) :: Entropy : 0.000 :: Grads : []
Total time taken: 45.165457010269165
