Module path:  Src.Algorithms.ProOLS ProOLS
Dynamically loaded from:  <class 'Src.Algorithms.ProOLS.ProOLS'>
=====Configurations=====
 Namespace(NN_basis_dim='32', Policy_basis_dim='32', actor_lr=0.0037199417817850235, algo_name='ProOLS', base=0, batch_size=1000, buffer_size=1000, debug=False, delta=5, entropy_lambda=0.1, env_name='NS_SimGlucose-v0', experiment='NS_1_', extrapolator_basis='Fourier', folder_suffix='Default', fourier_coupled=True, fourier_k=4, fourier_order=3, gamma=0.99, gauss_std=1.38886, gpu=0, hyper='default', importance_clip=5.0, inc=1, log_output='term_file', max_episodes=1000, max_inner=100, max_steps=500, optim='rmsprop', oracle=-1, raw_basis=True, restore=False, save_count=100, save_model=True, seed=1, speed=1, state_lr=0.001, summary=True, swarm=False, timestamp='5|27|15:42:19')
Actions space: 2 :: State space: 1
State Low: tensor([0.]) :: State High: tensor([1.])
State features:  [('dummy_param', torch.Size([1]))]
Action Low: [3. 5.] :: Action High: [30. 50.]
Policy:  [('fc_mean.weight', torch.Size([2, 1])), ('fc_mean.bias', torch.Size([2]))]
0 :: Rewards 0.590 :: steps: 0.10 :: Time: 0.267(2.67230/step) :: Entropy : 0.000 :: Grads : []
10 :: Rewards 23.879 :: steps: 1.00 :: Time: 2.724(2.72421/step) :: Entropy : 0.000 :: Grads : []
20 :: Rewards 63.518 :: steps: 1.00 :: Time: 2.726(2.72597/step) :: Entropy : 0.000 :: Grads : []
30 :: Rewards 104.780 :: steps: 1.00 :: Time: 2.744(2.74393/step) :: Entropy : 0.000 :: Grads : []
40 :: Rewards 167.778 :: steps: 1.00 :: Time: 2.730(2.73013/step) :: Entropy : 0.000 :: Grads : []
50 :: Rewards 227.718 :: steps: 1.00 :: Time: 2.794(2.79434/step) :: Entropy : 0.000 :: Grads : []
60 :: Rewards 268.724 :: steps: 1.00 :: Time: 2.764(2.76418/step) :: Entropy : 0.000 :: Grads : []
70 :: Rewards 337.132 :: steps: 1.00 :: Time: 2.849(2.84859/step) :: Entropy : 0.000 :: Grads : []
80 :: Rewards 417.557 :: steps: 1.00 :: Time: 2.725(2.72547/step) :: Entropy : 0.000 :: Grads : []
90 :: Rewards 499.477 :: steps: 1.00 :: Time: 2.726(2.72581/step) :: Entropy : 0.000 :: Grads : []
100 :: Rewards 567.646 :: steps: 1.00 :: Time: 2.698(2.69753/step) :: Entropy : 0.000 :: Grads : []
110 :: Rewards 665.360 :: steps: 1.00 :: Time: 2.682(2.68205/step) :: Entropy : 0.000 :: Grads : []
120 :: Rewards 788.822 :: steps: 1.00 :: Time: 2.694(2.69396/step) :: Entropy : 0.000 :: Grads : []
130 :: Rewards 891.149 :: steps: 1.00 :: Time: 2.673(2.67264/step) :: Entropy : 0.000 :: Grads : []
140 :: Rewards 1002.471 :: steps: 1.00 :: Time: 2.662(2.66166/step) :: Entropy : 0.000 :: Grads : []
150 :: Rewards 1100.062 :: steps: 1.00 :: Time: 2.655(2.65496/step) :: Entropy : 0.000 :: Grads : []
160 :: Rewards 1209.563 :: steps: 1.00 :: Time: 2.671(2.67089/step) :: Entropy : 0.000 :: Grads : []
170 :: Rewards 1315.551 :: steps: 1.00 :: Time: 2.666(2.66571/step) :: Entropy : 0.000 :: Grads : []
180 :: Rewards 1451.749 :: steps: 1.00 :: Time: 2.676(2.67640/step) :: Entropy : 0.000 :: Grads : []
190 :: Rewards 1581.786 :: steps: 1.00 :: Time: 2.713(2.71265/step) :: Entropy : 0.000 :: Grads : []
200 :: Rewards 1700.338 :: steps: 1.00 :: Time: 2.751(2.75067/step) :: Entropy : 0.000 :: Grads : []
210 :: Rewards 1840.103 :: steps: 1.00 :: Time: 2.757(2.75747/step) :: Entropy : 0.000 :: Grads : []
220 :: Rewards 1969.188 :: steps: 1.00 :: Time: 2.750(2.75034/step) :: Entropy : 0.000 :: Grads : []
230 :: Rewards 2094.828 :: steps: 1.00 :: Time: 2.734(2.73439/step) :: Entropy : 0.000 :: Grads : []
240 :: Rewards 2243.467 :: steps: 1.00 :: Time: 2.691(2.69130/step) :: Entropy : 0.000 :: Grads : []
250 :: Rewards 2386.027 :: steps: 1.00 :: Time: 2.692(2.69151/step) :: Entropy : 0.000 :: Grads : []
260 :: Rewards 2533.172 :: steps: 1.00 :: Time: 2.819(2.81943/step) :: Entropy : 0.000 :: Grads : []
270 :: Rewards 2692.040 :: steps: 1.00 :: Time: 2.748(2.74839/step) :: Entropy : 0.000 :: Grads : []
280 :: Rewards 2838.498 :: steps: 1.00 :: Time: 2.721(2.72145/step) :: Entropy : 0.000 :: Grads : []
290 :: Rewards 2996.603 :: steps: 1.00 :: Time: 2.733(2.73314/step) :: Entropy : 0.000 :: Grads : []
300 :: Rewards 3173.859 :: steps: 1.00 :: Time: 2.750(2.75019/step) :: Entropy : 0.000 :: Grads : []
310 :: Rewards 3359.000 :: steps: 1.00 :: Time: 2.744(2.74377/step) :: Entropy : 0.000 :: Grads : []
320 :: Rewards 3537.050 :: steps: 1.00 :: Time: 2.811(2.81058/step) :: Entropy : 0.000 :: Grads : []
330 :: Rewards 3735.481 :: steps: 1.00 :: Time: 2.778(2.77801/step) :: Entropy : 0.000 :: Grads : []
340 :: Rewards 3949.845 :: steps: 1.00 :: Time: 2.707(2.70698/step) :: Entropy : 0.000 :: Grads : []
350 :: Rewards 4165.642 :: steps: 1.00 :: Time: 2.689(2.68903/step) :: Entropy : 0.000 :: Grads : []
360 :: Rewards 4383.330 :: steps: 1.00 :: Time: 2.731(2.73056/step) :: Entropy : 0.000 :: Grads : []
370 :: Rewards 4590.060 :: steps: 1.00 :: Time: 2.821(2.82059/step) :: Entropy : 0.000 :: Grads : []
380 :: Rewards 4844.102 :: steps: 1.00 :: Time: 2.758(2.75837/step) :: Entropy : 0.000 :: Grads : []
390 :: Rewards 5094.018 :: steps: 1.00 :: Time: 2.729(2.72901/step) :: Entropy : 0.000 :: Grads : []
400 :: Rewards 5328.800 :: steps: 1.00 :: Time: 2.780(2.77975/step) :: Entropy : 0.000 :: Grads : []
410 :: Rewards 5583.647 :: steps: 1.00 :: Time: 2.675(2.67522/step) :: Entropy : 0.000 :: Grads : []
420 :: Rewards 5839.216 :: steps: 1.00 :: Time: 2.709(2.70914/step) :: Entropy : 0.000 :: Grads : []
430 :: Rewards 6102.433 :: steps: 1.00 :: Time: 2.698(2.69772/step) :: Entropy : 0.000 :: Grads : []
440 :: Rewards 6335.378 :: steps: 1.00 :: Time: 2.711(2.71076/step) :: Entropy : 0.000 :: Grads : []
450 :: Rewards 6610.917 :: steps: 1.00 :: Time: 2.664(2.66382/step) :: Entropy : 0.000 :: Grads : []
460 :: Rewards 6893.968 :: steps: 1.00 :: Time: 2.708(2.70834/step) :: Entropy : 0.000 :: Grads : []
470 :: Rewards 7171.304 :: steps: 1.00 :: Time: 2.687(2.68667/step) :: Entropy : 0.000 :: Grads : []
480 :: Rewards 7406.774 :: steps: 1.00 :: Time: 2.761(2.76078/step) :: Entropy : 0.000 :: Grads : []
490 :: Rewards 7660.295 :: steps: 1.00 :: Time: 2.752(2.75240/step) :: Entropy : 0.000 :: Grads : []
500 :: Rewards 7884.205 :: steps: 1.00 :: Time: 2.855(2.85529/step) :: Entropy : 0.000 :: Grads : []
510 :: Rewards 8158.833 :: steps: 1.00 :: Time: 2.712(2.71221/step) :: Entropy : 0.000 :: Grads : []
520 :: Rewards 8408.076 :: steps: 1.00 :: Time: 2.740(2.74020/step) :: Entropy : 0.000 :: Grads : []
530 :: Rewards 8645.384 :: steps: 1.00 :: Time: 2.789(2.78896/step) :: Entropy : 0.000 :: Grads : []
540 :: Rewards 8884.291 :: steps: 1.00 :: Time: 2.783(2.78258/step) :: Entropy : 0.000 :: Grads : []
550 :: Rewards 9123.898 :: steps: 1.00 :: Time: 2.758(2.75829/step) :: Entropy : 0.000 :: Grads : []
560 :: Rewards 9320.784 :: steps: 1.00 :: Time: 2.945(2.94496/step) :: Entropy : 0.000 :: Grads : []
570 :: Rewards 9528.731 :: steps: 1.00 :: Time: 2.846(2.84622/step) :: Entropy : 0.000 :: Grads : []
580 :: Rewards 9752.346 :: steps: 1.00 :: Time: 2.761(2.76091/step) :: Entropy : 0.000 :: Grads : []
590 :: Rewards 9962.428 :: steps: 1.00 :: Time: 2.782(2.78182/step) :: Entropy : 0.000 :: Grads : []
600 :: Rewards 10165.965 :: steps: 1.00 :: Time: 2.802(2.80217/step) :: Entropy : 0.000 :: Grads : []
610 :: Rewards 10368.588 :: steps: 1.00 :: Time: 2.813(2.81344/step) :: Entropy : 0.000 :: Grads : []
620 :: Rewards 10529.997 :: steps: 1.00 :: Time: 2.692(2.69154/step) :: Entropy : 0.000 :: Grads : []
630 :: Rewards 10781.553 :: steps: 1.00 :: Time: 2.763(2.76315/step) :: Entropy : 0.000 :: Grads : []
640 :: Rewards 10976.423 :: steps: 1.00 :: Time: 2.790(2.78984/step) :: Entropy : 0.000 :: Grads : []
650 :: Rewards 11188.059 :: steps: 1.00 :: Time: 2.803(2.80308/step) :: Entropy : 0.000 :: Grads : []
660 :: Rewards 11438.482 :: steps: 1.00 :: Time: 2.717(2.71674/step) :: Entropy : 0.000 :: Grads : []
670 :: Rewards 11642.947 :: steps: 1.00 :: Time: 2.735(2.73524/step) :: Entropy : 0.000 :: Grads : []
680 :: Rewards 11871.688 :: steps: 1.00 :: Time: 2.746(2.74596/step) :: Entropy : 0.000 :: Grads : []
690 :: Rewards 12127.321 :: steps: 1.00 :: Time: 2.733(2.73292/step) :: Entropy : 0.000 :: Grads : []
700 :: Rewards 12371.927 :: steps: 1.00 :: Time: 2.794(2.79379/step) :: Entropy : 0.000 :: Grads : []
710 :: Rewards 12595.557 :: steps: 1.00 :: Time: 2.787(2.78667/step) :: Entropy : 0.000 :: Grads : []
720 :: Rewards 12833.855 :: steps: 1.00 :: Time: 2.723(2.72343/step) :: Entropy : 0.000 :: Grads : []
730 :: Rewards 13075.803 :: steps: 1.00 :: Time: 2.710(2.70983/step) :: Entropy : 0.000 :: Grads : []
740 :: Rewards 13316.102 :: steps: 1.00 :: Time: 2.687(2.68658/step) :: Entropy : 0.000 :: Grads : []
750 :: Rewards 13557.299 :: steps: 1.00 :: Time: 2.720(2.72004/step) :: Entropy : 0.000 :: Grads : []
760 :: Rewards 13798.830 :: steps: 1.00 :: Time: 2.710(2.71016/step) :: Entropy : 0.000 :: Grads : []
770 :: Rewards 14037.297 :: steps: 1.00 :: Time: 2.728(2.72845/step) :: Entropy : 0.000 :: Grads : []
780 :: Rewards 14264.939 :: steps: 1.00 :: Time: 2.783(2.78276/step) :: Entropy : 0.000 :: Grads : []
790 :: Rewards 14489.852 :: steps: 1.00 :: Time: 2.745(2.74531/step) :: Entropy : 0.000 :: Grads : []
800 :: Rewards 14711.651 :: steps: 1.00 :: Time: 2.745(2.74517/step) :: Entropy : 0.000 :: Grads : []
810 :: Rewards 14879.637 :: steps: 1.00 :: Time: 2.733(2.73271/step) :: Entropy : 0.000 :: Grads : []
820 :: Rewards 15109.072 :: steps: 1.00 :: Time: 2.698(2.69752/step) :: Entropy : 0.000 :: Grads : []
830 :: Rewards 15329.875 :: steps: 1.00 :: Time: 2.713(2.71278/step) :: Entropy : 0.000 :: Grads : []
840 :: Rewards 15571.166 :: steps: 1.00 :: Time: 2.688(2.68771/step) :: Entropy : 0.000 :: Grads : []
850 :: Rewards 15788.229 :: steps: 1.00 :: Time: 2.788(2.78792/step) :: Entropy : 0.000 :: Grads : []
860 :: Rewards 16009.937 :: steps: 1.00 :: Time: 2.843(2.84270/step) :: Entropy : 0.000 :: Grads : []
870 :: Rewards 16196.065 :: steps: 1.00 :: Time: 2.741(2.74081/step) :: Entropy : 0.000 :: Grads : []
880 :: Rewards 16417.851 :: steps: 1.00 :: Time: 2.821(2.82114/step) :: Entropy : 0.000 :: Grads : []
890 :: Rewards 16598.754 :: steps: 1.00 :: Time: 2.883(2.88316/step) :: Entropy : 0.000 :: Grads : []
900 :: Rewards 16810.906 :: steps: 1.00 :: Time: 2.751(2.75117/step) :: Entropy : 0.000 :: Grads : []
910 :: Rewards 17029.112 :: steps: 1.00 :: Time: 2.671(2.67112/step) :: Entropy : 0.000 :: Grads : []
920 :: Rewards 17210.841 :: steps: 1.00 :: Time: 2.683(2.68257/step) :: Entropy : 0.000 :: Grads : []
930 :: Rewards 17407.528 :: steps: 1.00 :: Time: 2.678(2.67765/step) :: Entropy : 0.000 :: Grads : []
940 :: Rewards 17578.406 :: steps: 1.00 :: Time: 2.687(2.68698/step) :: Entropy : 0.000 :: Grads : []
950 :: Rewards 17670.819 :: steps: 1.00 :: Time: 2.673(2.67282/step) :: Entropy : 0.000 :: Grads : []
960 :: Rewards 17859.039 :: steps: 1.00 :: Time: 2.667(2.66730/step) :: Entropy : 0.000 :: Grads : []
970 :: Rewards 17957.763 :: steps: 1.00 :: Time: 2.724(2.72407/step) :: Entropy : 0.000 :: Grads : []
980 :: Rewards 18133.106 :: steps: 1.00 :: Time: 2.744(2.74432/step) :: Entropy : 0.000 :: Grads : []
990 :: Rewards 18290.699 :: steps: 1.00 :: Time: 2.696(2.69640/step) :: Entropy : 0.000 :: Grads : []
999 :: Rewards 18460.584 :: steps: 0.90 :: Time: 2.519(2.79944/step) :: Entropy : 0.000 :: Grads : []
Total time taken: 2741.386743068695
