Module path:  Src.Algorithms.ONPG ONPG
Dynamically loaded from:  <class 'Src.Algorithms.ONPG.ONPG'>
=====Configurations=====
 Namespace(NN_basis_dim='32', Policy_basis_dim='32', actor_lr=0.007108089210642577, algo_name='ONPG', base=0, batch_size=1000, buffer_size=1000, debug=False, delta=5, entropy_lambda=0.1, env_name='NS_SimGlucose-v0', experiment='NS_1_', extrapolator_basis='Fourier', folder_suffix='', fourier_coupled=True, fourier_k=7, fourier_order=3, gamma=0.99, gauss_std=2.45818, gpu=0, hyper='default', importance_clip=10.0, inc=1, log_output='term_file', max_episodes=1000, max_inner=150, max_steps=500, optim='rmsprop', oracle=-1, raw_basis=True, restore=False, save_count=100, save_model=True, seed=0, speed=1, state_lr=0.001, summary=True, swarm=False, timestamp='5|27|17:19:12')
Actions space: 2 :: State space: 1
State Low: tensor([0.]) :: State High: tensor([1.])
State features:  [('dummy_param', torch.Size([1]))]
Action Low: [3. 5.] :: Action High: [30. 50.]
Policy:  [('fc_mean.weight', torch.Size([2, 1])), ('fc_mean.bias', torch.Size([2]))]
0 :: Rewards -8.956 :: steps: 0.10 :: Time: 0.276(2.75511/step) :: Entropy : 0.000 :: Grads : []
10 :: Rewards 47.833 :: steps: 1.00 :: Time: 2.747(2.74683/step) :: Entropy : 0.000 :: Grads : []
20 :: Rewards 136.145 :: steps: 1.00 :: Time: 2.781(2.78054/step) :: Entropy : 0.000 :: Grads : []
30 :: Rewards 215.940 :: steps: 1.00 :: Time: 2.719(2.71936/step) :: Entropy : 0.000 :: Grads : []
40 :: Rewards 313.303 :: steps: 1.00 :: Time: 2.797(2.79697/step) :: Entropy : 0.000 :: Grads : []
50 :: Rewards 431.670 :: steps: 1.00 :: Time: 2.773(2.77263/step) :: Entropy : 0.000 :: Grads : []
60 :: Rewards 546.293 :: steps: 1.00 :: Time: 2.738(2.73813/step) :: Entropy : 0.000 :: Grads : []
70 :: Rewards 662.990 :: steps: 1.00 :: Time: 2.709(2.70870/step) :: Entropy : 0.000 :: Grads : []
80 :: Rewards 762.686 :: steps: 1.00 :: Time: 2.717(2.71735/step) :: Entropy : 0.000 :: Grads : []
90 :: Rewards 882.623 :: steps: 1.00 :: Time: 2.684(2.68351/step) :: Entropy : 0.000 :: Grads : []
100 :: Rewards 994.511 :: steps: 1.00 :: Time: 2.686(2.68604/step) :: Entropy : 0.000 :: Grads : []
110 :: Rewards 1106.470 :: steps: 1.00 :: Time: 2.739(2.73865/step) :: Entropy : 0.000 :: Grads : []
120 :: Rewards 1207.039 :: steps: 1.00 :: Time: 2.743(2.74256/step) :: Entropy : 0.000 :: Grads : []
130 :: Rewards 1302.766 :: steps: 1.00 :: Time: 2.707(2.70744/step) :: Entropy : 0.000 :: Grads : []
140 :: Rewards 1395.944 :: steps: 1.00 :: Time: 2.681(2.68082/step) :: Entropy : 0.000 :: Grads : []
150 :: Rewards 1506.274 :: steps: 1.00 :: Time: 2.706(2.70577/step) :: Entropy : 0.000 :: Grads : []
160 :: Rewards 1625.775 :: steps: 1.00 :: Time: 2.689(2.68866/step) :: Entropy : 0.000 :: Grads : []
170 :: Rewards 1734.318 :: steps: 1.00 :: Time: 2.701(2.70148/step) :: Entropy : 0.000 :: Grads : []
180 :: Rewards 1847.016 :: steps: 1.00 :: Time: 2.725(2.72485/step) :: Entropy : 0.000 :: Grads : []
190 :: Rewards 1952.739 :: steps: 1.00 :: Time: 2.711(2.71147/step) :: Entropy : 0.000 :: Grads : []
200 :: Rewards 2062.430 :: steps: 1.00 :: Time: 2.754(2.75390/step) :: Entropy : 0.000 :: Grads : []
210 :: Rewards 2172.010 :: steps: 1.00 :: Time: 2.724(2.72365/step) :: Entropy : 0.000 :: Grads : []
220 :: Rewards 2279.597 :: steps: 1.00 :: Time: 2.717(2.71718/step) :: Entropy : 0.000 :: Grads : []
230 :: Rewards 2401.845 :: steps: 1.00 :: Time: 2.692(2.69212/step) :: Entropy : 0.000 :: Grads : []
240 :: Rewards 2527.464 :: steps: 1.00 :: Time: 2.713(2.71273/step) :: Entropy : 0.000 :: Grads : []
250 :: Rewards 2655.131 :: steps: 1.00 :: Time: 2.747(2.74681/step) :: Entropy : 0.000 :: Grads : []
260 :: Rewards 2792.626 :: steps: 1.00 :: Time: 2.710(2.70974/step) :: Entropy : 0.000 :: Grads : []
270 :: Rewards 2936.720 :: steps: 1.00 :: Time: 2.731(2.73082/step) :: Entropy : 0.000 :: Grads : []
280 :: Rewards 3076.207 :: steps: 1.00 :: Time: 2.722(2.72183/step) :: Entropy : 0.000 :: Grads : []
290 :: Rewards 3213.503 :: steps: 1.00 :: Time: 2.690(2.68964/step) :: Entropy : 0.000 :: Grads : []
300 :: Rewards 3362.514 :: steps: 1.00 :: Time: 2.693(2.69262/step) :: Entropy : 0.000 :: Grads : []
310 :: Rewards 3514.457 :: steps: 1.00 :: Time: 2.702(2.70177/step) :: Entropy : 0.000 :: Grads : []
320 :: Rewards 3663.287 :: steps: 1.00 :: Time: 2.677(2.67719/step) :: Entropy : 0.000 :: Grads : []
330 :: Rewards 3803.772 :: steps: 1.00 :: Time: 2.730(2.73010/step) :: Entropy : 0.000 :: Grads : []
340 :: Rewards 3964.231 :: steps: 1.00 :: Time: 2.728(2.72776/step) :: Entropy : 0.000 :: Grads : []
350 :: Rewards 4114.073 :: steps: 1.00 :: Time: 2.709(2.70851/step) :: Entropy : 0.000 :: Grads : []
360 :: Rewards 4259.282 :: steps: 1.00 :: Time: 2.718(2.71807/step) :: Entropy : 0.000 :: Grads : []
370 :: Rewards 4406.812 :: steps: 1.00 :: Time: 2.716(2.71646/step) :: Entropy : 0.000 :: Grads : []
380 :: Rewards 4562.361 :: steps: 1.00 :: Time: 2.717(2.71727/step) :: Entropy : 0.000 :: Grads : []
390 :: Rewards 4737.790 :: steps: 1.00 :: Time: 2.746(2.74646/step) :: Entropy : 0.000 :: Grads : []
400 :: Rewards 4906.918 :: steps: 1.00 :: Time: 2.812(2.81225/step) :: Entropy : 0.000 :: Grads : []
410 :: Rewards 5068.178 :: steps: 1.00 :: Time: 2.751(2.75077/step) :: Entropy : 0.000 :: Grads : []
420 :: Rewards 5236.134 :: steps: 1.00 :: Time: 2.763(2.76252/step) :: Entropy : 0.000 :: Grads : []
430 :: Rewards 5416.102 :: steps: 1.00 :: Time: 2.730(2.72997/step) :: Entropy : 0.000 :: Grads : []
440 :: Rewards 5607.956 :: steps: 1.00 :: Time: 2.735(2.73458/step) :: Entropy : 0.000 :: Grads : []
450 :: Rewards 5764.225 :: steps: 1.00 :: Time: 2.847(2.84658/step) :: Entropy : 0.000 :: Grads : []
460 :: Rewards 5936.244 :: steps: 1.00 :: Time: 2.754(2.75388/step) :: Entropy : 0.000 :: Grads : []
470 :: Rewards 6104.199 :: steps: 1.00 :: Time: 2.791(2.79113/step) :: Entropy : 0.000 :: Grads : []
480 :: Rewards 6263.858 :: steps: 1.00 :: Time: 2.795(2.79524/step) :: Entropy : 0.000 :: Grads : []
490 :: Rewards 6434.939 :: steps: 1.00 :: Time: 2.754(2.75351/step) :: Entropy : 0.000 :: Grads : []
500 :: Rewards 6603.114 :: steps: 1.00 :: Time: 2.727(2.72722/step) :: Entropy : 0.000 :: Grads : []
510 :: Rewards 6774.204 :: steps: 1.00 :: Time: 2.741(2.74146/step) :: Entropy : 0.000 :: Grads : []
520 :: Rewards 6947.869 :: steps: 1.00 :: Time: 2.716(2.71641/step) :: Entropy : 0.000 :: Grads : []
530 :: Rewards 7131.590 :: steps: 1.00 :: Time: 2.728(2.72848/step) :: Entropy : 0.000 :: Grads : []
540 :: Rewards 7313.945 :: steps: 1.00 :: Time: 2.721(2.72104/step) :: Entropy : 0.000 :: Grads : []
550 :: Rewards 7492.051 :: steps: 1.00 :: Time: 2.706(2.70649/step) :: Entropy : 0.000 :: Grads : []
560 :: Rewards 7652.189 :: steps: 1.00 :: Time: 2.705(2.70472/step) :: Entropy : 0.000 :: Grads : []
570 :: Rewards 7829.923 :: steps: 1.00 :: Time: 2.733(2.73344/step) :: Entropy : 0.000 :: Grads : []
580 :: Rewards 8018.781 :: steps: 1.00 :: Time: 2.713(2.71346/step) :: Entropy : 0.000 :: Grads : []
590 :: Rewards 8189.051 :: steps: 1.00 :: Time: 2.708(2.70785/step) :: Entropy : 0.000 :: Grads : []
600 :: Rewards 8345.500 :: steps: 1.00 :: Time: 2.721(2.72063/step) :: Entropy : 0.000 :: Grads : []
610 :: Rewards 8463.722 :: steps: 1.00 :: Time: 2.674(2.67421/step) :: Entropy : 0.000 :: Grads : []
620 :: Rewards 8629.299 :: steps: 1.00 :: Time: 2.723(2.72299/step) :: Entropy : 0.000 :: Grads : []
630 :: Rewards 8812.496 :: steps: 1.00 :: Time: 2.710(2.71009/step) :: Entropy : 0.000 :: Grads : []
640 :: Rewards 8979.642 :: steps: 1.00 :: Time: 2.709(2.70895/step) :: Entropy : 0.000 :: Grads : []
650 :: Rewards 9171.494 :: steps: 1.00 :: Time: 2.705(2.70497/step) :: Entropy : 0.000 :: Grads : []
660 :: Rewards 9325.985 :: steps: 1.00 :: Time: 2.729(2.72884/step) :: Entropy : 0.000 :: Grads : []
670 :: Rewards 9497.728 :: steps: 1.00 :: Time: 2.671(2.67078/step) :: Entropy : 0.000 :: Grads : []
680 :: Rewards 9649.803 :: steps: 1.00 :: Time: 2.676(2.67594/step) :: Entropy : 0.000 :: Grads : []
690 :: Rewards 9799.363 :: steps: 1.00 :: Time: 2.667(2.66682/step) :: Entropy : 0.000 :: Grads : []
700 :: Rewards 9949.222 :: steps: 1.00 :: Time: 2.696(2.69621/step) :: Entropy : 0.000 :: Grads : []
710 :: Rewards 10059.678 :: steps: 1.00 :: Time: 2.670(2.66977/step) :: Entropy : 0.000 :: Grads : []
720 :: Rewards 10195.674 :: steps: 1.00 :: Time: 2.672(2.67209/step) :: Entropy : 0.000 :: Grads : []
730 :: Rewards 10347.207 :: steps: 1.00 :: Time: 2.677(2.67721/step) :: Entropy : 0.000 :: Grads : []
740 :: Rewards 10500.027 :: steps: 1.00 :: Time: 2.697(2.69672/step) :: Entropy : 0.000 :: Grads : []
750 :: Rewards 10657.792 :: steps: 1.00 :: Time: 2.665(2.66469/step) :: Entropy : 0.000 :: Grads : []
760 :: Rewards 10774.668 :: steps: 1.00 :: Time: 2.648(2.64815/step) :: Entropy : 0.000 :: Grads : []
770 :: Rewards 10879.053 :: steps: 1.00 :: Time: 2.661(2.66086/step) :: Entropy : 0.000 :: Grads : []
780 :: Rewards 10969.647 :: steps: 1.00 :: Time: 2.653(2.65313/step) :: Entropy : 0.000 :: Grads : []
790 :: Rewards 11076.005 :: steps: 1.00 :: Time: 2.652(2.65243/step) :: Entropy : 0.000 :: Grads : []
800 :: Rewards 11178.276 :: steps: 1.00 :: Time: 2.660(2.65993/step) :: Entropy : 0.000 :: Grads : []
810 :: Rewards 11278.750 :: steps: 1.00 :: Time: 2.643(2.64327/step) :: Entropy : 0.000 :: Grads : []
820 :: Rewards 11386.636 :: steps: 1.00 :: Time: 2.693(2.69346/step) :: Entropy : 0.000 :: Grads : []
830 :: Rewards 11487.421 :: steps: 1.00 :: Time: 2.656(2.65601/step) :: Entropy : 0.000 :: Grads : []
840 :: Rewards 11596.696 :: steps: 1.00 :: Time: 2.669(2.66858/step) :: Entropy : 0.000 :: Grads : []
850 :: Rewards 11693.985 :: steps: 1.00 :: Time: 2.655(2.65461/step) :: Entropy : 0.000 :: Grads : []
860 :: Rewards 11783.467 :: steps: 1.00 :: Time: 2.655(2.65482/step) :: Entropy : 0.000 :: Grads : []
870 :: Rewards 11880.151 :: steps: 1.00 :: Time: 2.651(2.65136/step) :: Entropy : 0.000 :: Grads : []
880 :: Rewards 11906.899 :: steps: 1.00 :: Time: 2.640(2.63973/step) :: Entropy : 0.000 :: Grads : []
890 :: Rewards 11995.887 :: steps: 1.00 :: Time: 2.666(2.66594/step) :: Entropy : 0.000 :: Grads : []
900 :: Rewards 12080.606 :: steps: 1.00 :: Time: 2.644(2.64386/step) :: Entropy : 0.000 :: Grads : []
910 :: Rewards 12178.126 :: steps: 1.00 :: Time: 2.650(2.65038/step) :: Entropy : 0.000 :: Grads : []
920 :: Rewards 12218.357 :: steps: 1.00 :: Time: 2.654(2.65376/step) :: Entropy : 0.000 :: Grads : []
930 :: Rewards 12255.941 :: steps: 1.00 :: Time: 2.658(2.65825/step) :: Entropy : 0.000 :: Grads : []
940 :: Rewards 12358.835 :: steps: 1.00 :: Time: 2.690(2.69018/step) :: Entropy : 0.000 :: Grads : []
950 :: Rewards 12408.064 :: steps: 1.00 :: Time: 2.674(2.67404/step) :: Entropy : 0.000 :: Grads : []
960 :: Rewards 12441.891 :: steps: 1.00 :: Time: 2.651(2.65106/step) :: Entropy : 0.000 :: Grads : []
970 :: Rewards 12512.134 :: steps: 1.00 :: Time: 2.670(2.67031/step) :: Entropy : 0.000 :: Grads : []
980 :: Rewards 12587.795 :: steps: 1.00 :: Time: 2.659(2.65859/step) :: Entropy : 0.000 :: Grads : []
990 :: Rewards 12626.884 :: steps: 1.00 :: Time: 2.660(2.65957/step) :: Entropy : 0.000 :: Grads : []
999 :: Rewards 12681.567 :: steps: 0.90 :: Time: 2.439(2.71022/step) :: Entropy : 0.000 :: Grads : []
Total time taken: 2706.4151859283447
