Module path:  Environments.NS_Reco NS_Reco
Dynamically loaded from:  <class 'Environments.NS_Reco.NS_Reco'>
Reward Amplitudes: [4.17022005e-01 7.20324493e-01 1.14374817e-04 3.02332573e-01
 1.46755891e-01] :: Avg 0.317309867282206 
Module path:  Src.Algorithms.OFPG OFPG
Dynamically loaded from:  <class 'Src.Algorithms.OFPG.OFPG'>
=====Configurations=====
 Namespace(NN_basis_dim='32', Policy_basis_dim='32', actor_lr=0.005252014538415403, algo_name='OFPG', base=0, batch_size=1000, buffer_size=1000, debug=False, delta=1, entropy_lambda=0.08551739420792737, env_name='NS_Reco', experiment='NS_4_', extrapolator_basis='Fourier', folder_suffix='Default', fourier_coupled=True, fourier_k=7, fourier_order=3, gamma=0.99, gauss_std=1.5, gpu=0, hyper='default', importance_clip=10.0, inc=1, log_output='term_file', max_episodes=1000, max_inner=20, max_steps=500, optim='rmsprop', oracle=-1, raw_basis=True, restore=False, save_count=100, save_model=True, seed=22, speed=4, state_lr=0.001, summary=True, swarm=False, timestamp='5|24|22:58:7')
Actions space: 5 :: State space: 1
State Low: tensor([0.]) :: State High: tensor([1.])
State features:  [('dummy_param', torch.Size([1]))]
Policy:  [('fc1.weight', torch.Size([5, 1])), ('fc1.bias', torch.Size([5]))]
0 :: Rewards -0.014 :: steps: 0.10 :: Time: 0.001(0.01014/step) :: Entropy : 0.000 :: Grads : []
10 :: Rewards 0.197 :: steps: 1.00 :: Time: 0.008(0.00849/step) :: Entropy : 0.000 :: Grads : []
20 :: Rewards 0.877 :: steps: 1.00 :: Time: 0.008(0.00845/step) :: Entropy : 0.000 :: Grads : []
30 :: Rewards 2.578 :: steps: 1.00 :: Time: 0.009(0.00871/step) :: Entropy : 0.000 :: Grads : []
40 :: Rewards 4.001 :: steps: 1.00 :: Time: 0.008(0.00813/step) :: Entropy : 0.000 :: Grads : []
50 :: Rewards 7.334 :: steps: 1.00 :: Time: 0.008(0.00834/step) :: Entropy : 0.000 :: Grads : []
60 :: Rewards 10.274 :: steps: 1.00 :: Time: 0.008(0.00850/step) :: Entropy : 0.000 :: Grads : []
70 :: Rewards 14.291 :: steps: 1.00 :: Time: 0.008(0.00845/step) :: Entropy : 0.000 :: Grads : []
80 :: Rewards 18.721 :: steps: 1.00 :: Time: 0.008(0.00846/step) :: Entropy : 0.000 :: Grads : []
90 :: Rewards 24.811 :: steps: 1.00 :: Time: 0.009(0.00853/step) :: Entropy : 0.000 :: Grads : []
100 :: Rewards 31.403 :: steps: 1.00 :: Time: 0.009(0.00874/step) :: Entropy : 0.000 :: Grads : []
110 :: Rewards 38.158 :: steps: 1.00 :: Time: 0.009(0.00883/step) :: Entropy : 0.000 :: Grads : []
120 :: Rewards 45.329 :: steps: 1.00 :: Time: 0.009(0.00885/step) :: Entropy : 0.000 :: Grads : []
130 :: Rewards 52.098 :: steps: 1.00 :: Time: 0.009(0.00888/step) :: Entropy : 0.000 :: Grads : []
140 :: Rewards 57.513 :: steps: 1.00 :: Time: 0.009(0.00914/step) :: Entropy : 0.000 :: Grads : []
150 :: Rewards 63.374 :: steps: 1.00 :: Time: 0.009(0.00906/step) :: Entropy : 0.000 :: Grads : []
160 :: Rewards 68.967 :: steps: 1.00 :: Time: 0.009(0.00923/step) :: Entropy : 0.000 :: Grads : []
170 :: Rewards 73.814 :: steps: 1.00 :: Time: 0.009(0.00917/step) :: Entropy : 0.000 :: Grads : []
180 :: Rewards 77.893 :: steps: 1.00 :: Time: 0.009(0.00923/step) :: Entropy : 0.000 :: Grads : []
190 :: Rewards 81.252 :: steps: 1.00 :: Time: 0.009(0.00935/step) :: Entropy : 0.000 :: Grads : []
200 :: Rewards 83.838 :: steps: 1.00 :: Time: 0.010(0.00968/step) :: Entropy : 0.000 :: Grads : []
210 :: Rewards 85.432 :: steps: 1.00 :: Time: 0.010(0.00956/step) :: Entropy : 0.000 :: Grads : []
220 :: Rewards 86.294 :: steps: 1.00 :: Time: 0.010(0.00966/step) :: Entropy : 0.000 :: Grads : []
230 :: Rewards 86.589 :: steps: 1.00 :: Time: 0.010(0.00967/step) :: Entropy : 0.000 :: Grads : []
240 :: Rewards 86.544 :: steps: 1.00 :: Time: 0.010(0.00970/step) :: Entropy : 0.000 :: Grads : []
250 :: Rewards 85.228 :: steps: 1.00 :: Time: 0.010(0.00974/step) :: Entropy : 0.000 :: Grads : []
260 :: Rewards 84.602 :: steps: 1.00 :: Time: 0.010(0.01014/step) :: Entropy : 0.000 :: Grads : []
270 :: Rewards 81.831 :: steps: 1.00 :: Time: 0.010(0.01042/step) :: Entropy : 0.000 :: Grads : []
280 :: Rewards 80.653 :: steps: 1.00 :: Time: 0.010(0.01034/step) :: Entropy : 0.000 :: Grads : []
290 :: Rewards 79.527 :: steps: 1.00 :: Time: 0.010(0.01047/step) :: Entropy : 0.000 :: Grads : []
300 :: Rewards 75.522 :: steps: 1.00 :: Time: 0.011(0.01072/step) :: Entropy : 0.000 :: Grads : []
310 :: Rewards 72.305 :: steps: 1.00 :: Time: 0.011(0.01095/step) :: Entropy : 0.000 :: Grads : []
320 :: Rewards 69.912 :: steps: 1.00 :: Time: 0.011(0.01109/step) :: Entropy : 0.000 :: Grads : []
330 :: Rewards 68.090 :: steps: 1.00 :: Time: 0.011(0.01133/step) :: Entropy : 0.000 :: Grads : []
340 :: Rewards 64.767 :: steps: 1.00 :: Time: 0.012(0.01151/step) :: Entropy : 0.000 :: Grads : []
350 :: Rewards 61.841 :: steps: 1.00 :: Time: 0.012(0.01153/step) :: Entropy : 0.000 :: Grads : []
360 :: Rewards 58.978 :: steps: 1.00 :: Time: 0.012(0.01182/step) :: Entropy : 0.000 :: Grads : []
370 :: Rewards 55.606 :: steps: 1.00 :: Time: 0.012(0.01180/step) :: Entropy : 0.000 :: Grads : []
380 :: Rewards 52.529 :: steps: 1.00 :: Time: 0.012(0.01198/step) :: Entropy : 0.000 :: Grads : []
390 :: Rewards 49.407 :: steps: 1.00 :: Time: 0.012(0.01208/step) :: Entropy : 0.000 :: Grads : []
400 :: Rewards 47.286 :: steps: 1.00 :: Time: 0.012(0.01216/step) :: Entropy : 0.000 :: Grads : []
410 :: Rewards 45.073 :: steps: 1.00 :: Time: 0.012(0.01232/step) :: Entropy : 0.000 :: Grads : []
420 :: Rewards 42.750 :: steps: 1.00 :: Time: 0.013(0.01275/step) :: Entropy : 0.000 :: Grads : []
430 :: Rewards 40.042 :: steps: 1.00 :: Time: 0.013(0.01296/step) :: Entropy : 0.000 :: Grads : []
440 :: Rewards 37.978 :: steps: 1.00 :: Time: 0.013(0.01296/step) :: Entropy : 0.000 :: Grads : []
450 :: Rewards 36.322 :: steps: 1.00 :: Time: 0.013(0.01271/step) :: Entropy : 0.000 :: Grads : []
460 :: Rewards 34.469 :: steps: 1.00 :: Time: 0.012(0.01192/step) :: Entropy : 0.000 :: Grads : []
470 :: Rewards 33.768 :: steps: 1.00 :: Time: 0.012(0.01156/step) :: Entropy : 0.000 :: Grads : []
480 :: Rewards 32.859 :: steps: 1.00 :: Time: 0.011(0.01099/step) :: Entropy : 0.000 :: Grads : []
490 :: Rewards 32.460 :: steps: 1.00 :: Time: 0.011(0.01144/step) :: Entropy : 0.000 :: Grads : []
500 :: Rewards 34.052 :: steps: 1.00 :: Time: 0.012(0.01152/step) :: Entropy : 0.000 :: Grads : []
510 :: Rewards 34.679 :: steps: 1.00 :: Time: 0.011(0.01143/step) :: Entropy : 0.000 :: Grads : []
520 :: Rewards 35.976 :: steps: 1.00 :: Time: 0.012(0.01189/step) :: Entropy : 0.000 :: Grads : []
530 :: Rewards 37.536 :: steps: 1.00 :: Time: 0.011(0.01139/step) :: Entropy : 0.000 :: Grads : []
540 :: Rewards 40.509 :: steps: 1.00 :: Time: 0.012(0.01159/step) :: Entropy : 0.000 :: Grads : []
550 :: Rewards 45.181 :: steps: 1.00 :: Time: 0.012(0.01184/step) :: Entropy : 0.000 :: Grads : []
560 :: Rewards 48.557 :: steps: 1.00 :: Time: 0.012(0.01221/step) :: Entropy : 0.000 :: Grads : []
570 :: Rewards 51.925 :: steps: 1.00 :: Time: 0.012(0.01204/step) :: Entropy : 0.000 :: Grads : []
580 :: Rewards 57.165 :: steps: 1.00 :: Time: 0.012(0.01194/step) :: Entropy : 0.000 :: Grads : []
590 :: Rewards 59.048 :: steps: 1.00 :: Time: 0.012(0.01214/step) :: Entropy : 0.000 :: Grads : []
600 :: Rewards 63.314 :: steps: 1.00 :: Time: 0.012(0.01229/step) :: Entropy : 0.000 :: Grads : []
610 :: Rewards 66.815 :: steps: 1.00 :: Time: 0.012(0.01226/step) :: Entropy : 0.000 :: Grads : []
620 :: Rewards 69.621 :: steps: 1.00 :: Time: 0.012(0.01235/step) :: Entropy : 0.000 :: Grads : []
630 :: Rewards 72.005 :: steps: 1.00 :: Time: 0.012(0.01231/step) :: Entropy : 0.000 :: Grads : []
640 :: Rewards 73.861 :: steps: 1.00 :: Time: 0.012(0.01228/step) :: Entropy : 0.000 :: Grads : []
650 :: Rewards 75.628 :: steps: 1.00 :: Time: 0.012(0.01246/step) :: Entropy : 0.000 :: Grads : []
660 :: Rewards 76.439 :: steps: 1.00 :: Time: 0.012(0.01250/step) :: Entropy : 0.000 :: Grads : []
670 :: Rewards 76.258 :: steps: 1.00 :: Time: 0.012(0.01246/step) :: Entropy : 0.000 :: Grads : []
680 :: Rewards 75.724 :: steps: 1.00 :: Time: 0.012(0.01240/step) :: Entropy : 0.000 :: Grads : []
690 :: Rewards 76.238 :: steps: 1.00 :: Time: 0.013(0.01302/step) :: Entropy : 0.000 :: Grads : []
700 :: Rewards 75.299 :: steps: 1.00 :: Time: 0.013(0.01275/step) :: Entropy : 0.000 :: Grads : []
710 :: Rewards 73.138 :: steps: 1.00 :: Time: 0.013(0.01254/step) :: Entropy : 0.000 :: Grads : []
720 :: Rewards 72.908 :: steps: 1.00 :: Time: 0.013(0.01260/step) :: Entropy : 0.000 :: Grads : []
730 :: Rewards 70.799 :: steps: 1.00 :: Time: 0.013(0.01269/step) :: Entropy : 0.000 :: Grads : []
740 :: Rewards 71.143 :: steps: 1.00 :: Time: 0.013(0.01281/step) :: Entropy : 0.000 :: Grads : []
750 :: Rewards 70.390 :: steps: 1.00 :: Time: 0.013(0.01279/step) :: Entropy : 0.000 :: Grads : []
760 :: Rewards 68.545 :: steps: 1.00 :: Time: 0.013(0.01286/step) :: Entropy : 0.000 :: Grads : []
770 :: Rewards 69.451 :: steps: 1.00 :: Time: 0.013(0.01350/step) :: Entropy : 0.000 :: Grads : []
780 :: Rewards 67.986 :: steps: 1.00 :: Time: 0.014(0.01368/step) :: Entropy : 0.000 :: Grads : []
790 :: Rewards 67.407 :: steps: 1.00 :: Time: 0.014(0.01378/step) :: Entropy : 0.000 :: Grads : []
800 :: Rewards 65.074 :: steps: 1.00 :: Time: 0.014(0.01397/step) :: Entropy : 0.000 :: Grads : []
810 :: Rewards 65.171 :: steps: 1.00 :: Time: 0.014(0.01427/step) :: Entropy : 0.000 :: Grads : []
820 :: Rewards 65.402 :: steps: 1.00 :: Time: 0.014(0.01437/step) :: Entropy : 0.000 :: Grads : []
830 :: Rewards 65.683 :: steps: 1.00 :: Time: 0.014(0.01422/step) :: Entropy : 0.000 :: Grads : []
840 :: Rewards 65.431 :: steps: 1.00 :: Time: 0.014(0.01418/step) :: Entropy : 0.000 :: Grads : []
850 :: Rewards 65.031 :: steps: 1.00 :: Time: 0.014(0.01431/step) :: Entropy : 0.000 :: Grads : []
860 :: Rewards 64.977 :: steps: 1.00 :: Time: 0.014(0.01431/step) :: Entropy : 0.000 :: Grads : []
870 :: Rewards 65.209 :: steps: 1.00 :: Time: 0.014(0.01428/step) :: Entropy : 0.000 :: Grads : []
880 :: Rewards 64.823 :: steps: 1.00 :: Time: 0.014(0.01431/step) :: Entropy : 0.000 :: Grads : []
890 :: Rewards 64.604 :: steps: 1.00 :: Time: 0.014(0.01445/step) :: Entropy : 0.000 :: Grads : []
900 :: Rewards 63.937 :: steps: 1.00 :: Time: 0.015(0.01462/step) :: Entropy : 0.000 :: Grads : []
910 :: Rewards 63.233 :: steps: 1.00 :: Time: 0.015(0.01454/step) :: Entropy : 0.000 :: Grads : []
920 :: Rewards 61.541 :: steps: 1.00 :: Time: 0.015(0.01457/step) :: Entropy : 0.000 :: Grads : []
930 :: Rewards 62.837 :: steps: 1.00 :: Time: 0.015(0.01455/step) :: Entropy : 0.000 :: Grads : []
940 :: Rewards 61.822 :: steps: 1.00 :: Time: 0.015(0.01484/step) :: Entropy : 0.000 :: Grads : []
950 :: Rewards 61.315 :: steps: 1.00 :: Time: 0.015(0.01469/step) :: Entropy : 0.000 :: Grads : []
960 :: Rewards 63.207 :: steps: 1.00 :: Time: 0.015(0.01485/step) :: Entropy : 0.000 :: Grads : []
970 :: Rewards 63.441 :: steps: 1.00 :: Time: 0.015(0.01483/step) :: Entropy : 0.000 :: Grads : []
980 :: Rewards 65.200 :: steps: 1.00 :: Time: 0.015(0.01490/step) :: Entropy : 0.000 :: Grads : []
990 :: Rewards 62.447 :: steps: 1.00 :: Time: 0.015(0.01503/step) :: Entropy : 0.000 :: Grads : []
999 :: Rewards 61.173 :: steps: 0.90 :: Time: 0.014(0.01505/step) :: Entropy : 0.000 :: Grads : []
Total time taken: 11.860537052154541
