Module path:  Environments.NS_Reco NS_Reco
Dynamically loaded from:  <class 'Environments.NS_Reco.NS_Reco'>
Reward Amplitudes: [4.17022005e-01 7.20324493e-01 1.14374817e-04 3.02332573e-01
 1.46755891e-01] :: Avg 0.317309867282206 
Module path:  Src.Algorithms.ProWLS ProWLS
Dynamically loaded from:  <class 'Src.Algorithms.ProWLS.ProWLS'>
=====Configurations=====
 Namespace(NN_basis_dim='32', Policy_basis_dim='32', actor_lr=0.00450428892499054, algo_name='ProWLS', base=0, batch_size=1000, buffer_size=1000, debug=False, delta=3, entropy_lambda=0.07518854390699839, env_name='NS_Reco', experiment='NS_3_', extrapolator_basis='Fourier', folder_suffix='Default', fourier_coupled=True, fourier_k=5, fourier_order=3, gamma=0.99, gauss_std=1.5, gpu=0, hyper='default', importance_clip=10.0, inc=1, log_output='term_file', max_episodes=1000, max_inner=90, max_steps=500, optim='rmsprop', oracle=-1, raw_basis=True, restore=False, save_count=100, save_model=True, seed=10, speed=3, state_lr=0.001, summary=True, swarm=False, timestamp='5|24|22:16:18')
Actions space: 5 :: State space: 1
State Low: tensor([0.]) :: State High: tensor([1.])
State features:  [('dummy_param', torch.Size([1]))]
Policy:  [('fc1.weight', torch.Size([5, 1])), ('fc1.bias', torch.Size([5]))]
0 :: Rewards -0.000 :: steps: 0.10 :: Time: 0.000(0.00059/step) :: Entropy : 0.000 :: Grads : []
10 :: Rewards 0.132 :: steps: 1.00 :: Time: 0.010(0.01022/step) :: Entropy : 0.000 :: Grads : []
20 :: Rewards 0.654 :: steps: 1.00 :: Time: 0.020(0.02038/step) :: Entropy : 0.000 :: Grads : []
30 :: Rewards 1.733 :: steps: 1.00 :: Time: 0.016(0.01576/step) :: Entropy : 0.000 :: Grads : []
40 :: Rewards 1.790 :: steps: 1.00 :: Time: 0.016(0.01574/step) :: Entropy : 0.000 :: Grads : []
50 :: Rewards 2.418 :: steps: 1.00 :: Time: 0.021(0.02118/step) :: Entropy : 0.000 :: Grads : []
60 :: Rewards 5.747 :: steps: 1.00 :: Time: 0.016(0.01603/step) :: Entropy : 0.000 :: Grads : []
70 :: Rewards 8.373 :: steps: 1.00 :: Time: 0.016(0.01618/step) :: Entropy : 0.000 :: Grads : []
80 :: Rewards 13.590 :: steps: 1.00 :: Time: 0.022(0.02177/step) :: Entropy : 0.000 :: Grads : []
90 :: Rewards 18.905 :: steps: 1.00 :: Time: 0.017(0.01669/step) :: Entropy : 0.000 :: Grads : []
100 :: Rewards 23.362 :: steps: 1.00 :: Time: 0.017(0.01695/step) :: Entropy : 0.000 :: Grads : []
110 :: Rewards 27.472 :: steps: 1.00 :: Time: 0.023(0.02305/step) :: Entropy : 0.000 :: Grads : []
120 :: Rewards 33.158 :: steps: 1.00 :: Time: 0.018(0.01763/step) :: Entropy : 0.000 :: Grads : []
130 :: Rewards 39.820 :: steps: 1.00 :: Time: 0.018(0.01801/step) :: Entropy : 0.000 :: Grads : []
140 :: Rewards 45.734 :: steps: 1.00 :: Time: 0.025(0.02457/step) :: Entropy : 0.000 :: Grads : []
150 :: Rewards 50.928 :: steps: 1.00 :: Time: 0.019(0.01880/step) :: Entropy : 0.000 :: Grads : []
160 :: Rewards 53.760 :: steps: 1.00 :: Time: 0.019(0.01926/step) :: Entropy : 0.000 :: Grads : []
170 :: Rewards 60.387 :: steps: 1.00 :: Time: 0.026(0.02608/step) :: Entropy : 0.000 :: Grads : []
180 :: Rewards 67.252 :: steps: 1.00 :: Time: 0.020(0.01998/step) :: Entropy : 0.000 :: Grads : []
190 :: Rewards 71.621 :: steps: 1.00 :: Time: 0.022(0.02200/step) :: Entropy : 0.000 :: Grads : []
200 :: Rewards 77.254 :: steps: 1.00 :: Time: 0.030(0.03012/step) :: Entropy : 0.000 :: Grads : []
210 :: Rewards 82.346 :: steps: 1.00 :: Time: 0.023(0.02329/step) :: Entropy : 0.000 :: Grads : []
220 :: Rewards 86.514 :: steps: 1.00 :: Time: 0.025(0.02464/step) :: Entropy : 0.000 :: Grads : []
230 :: Rewards 89.262 :: steps: 1.00 :: Time: 0.033(0.03277/step) :: Entropy : 0.000 :: Grads : []
240 :: Rewards 92.565 :: steps: 1.00 :: Time: 0.025(0.02544/step) :: Entropy : 0.000 :: Grads : []
250 :: Rewards 95.607 :: steps: 1.00 :: Time: 0.026(0.02586/step) :: Entropy : 0.000 :: Grads : []
260 :: Rewards 98.816 :: steps: 1.00 :: Time: 0.037(0.03694/step) :: Entropy : 0.000 :: Grads : []
270 :: Rewards 101.941 :: steps: 1.00 :: Time: 0.027(0.02715/step) :: Entropy : 0.000 :: Grads : []
280 :: Rewards 104.266 :: steps: 1.00 :: Time: 0.027(0.02749/step) :: Entropy : 0.000 :: Grads : []
290 :: Rewards 107.155 :: steps: 1.00 :: Time: 0.038(0.03781/step) :: Entropy : 0.000 :: Grads : []
300 :: Rewards 109.664 :: steps: 1.00 :: Time: 0.029(0.02861/step) :: Entropy : 0.000 :: Grads : []
310 :: Rewards 111.012 :: steps: 1.00 :: Time: 0.030(0.02958/step) :: Entropy : 0.000 :: Grads : []
320 :: Rewards 112.814 :: steps: 1.00 :: Time: 0.040(0.03993/step) :: Entropy : 0.000 :: Grads : []
330 :: Rewards 113.930 :: steps: 1.00 :: Time: 0.031(0.03119/step) :: Entropy : 0.000 :: Grads : []
340 :: Rewards 115.260 :: steps: 1.00 :: Time: 0.032(0.03241/step) :: Entropy : 0.000 :: Grads : []
350 :: Rewards 116.255 :: steps: 1.00 :: Time: 0.043(0.04344/step) :: Entropy : 0.000 :: Grads : []
360 :: Rewards 116.379 :: steps: 1.00 :: Time: 0.033(0.03328/step) :: Entropy : 0.000 :: Grads : []
370 :: Rewards 117.030 :: steps: 1.00 :: Time: 0.035(0.03546/step) :: Entropy : 0.000 :: Grads : []
380 :: Rewards 117.535 :: steps: 1.00 :: Time: 0.047(0.04690/step) :: Entropy : 0.000 :: Grads : []
390 :: Rewards 117.080 :: steps: 1.00 :: Time: 0.036(0.03601/step) :: Entropy : 0.000 :: Grads : []
400 :: Rewards 117.485 :: steps: 1.00 :: Time: 0.037(0.03677/step) :: Entropy : 0.000 :: Grads : []
410 :: Rewards 117.371 :: steps: 1.00 :: Time: 0.051(0.05057/step) :: Entropy : 0.000 :: Grads : []
420 :: Rewards 117.374 :: steps: 1.00 :: Time: 0.039(0.03912/step) :: Entropy : 0.000 :: Grads : []
430 :: Rewards 117.595 :: steps: 1.00 :: Time: 0.040(0.04017/step) :: Entropy : 0.000 :: Grads : []
440 :: Rewards 118.083 :: steps: 1.00 :: Time: 0.054(0.05405/step) :: Entropy : 0.000 :: Grads : []
450 :: Rewards 118.447 :: steps: 1.00 :: Time: 0.041(0.04106/step) :: Entropy : 0.000 :: Grads : []
460 :: Rewards 118.401 :: steps: 1.00 :: Time: 0.042(0.04200/step) :: Entropy : 0.000 :: Grads : []
470 :: Rewards 118.098 :: steps: 1.00 :: Time: 0.057(0.05655/step) :: Entropy : 0.000 :: Grads : []
480 :: Rewards 117.909 :: steps: 1.00 :: Time: 0.043(0.04309/step) :: Entropy : 0.000 :: Grads : []
490 :: Rewards 117.937 :: steps: 1.00 :: Time: 0.044(0.04437/step) :: Entropy : 0.000 :: Grads : []
500 :: Rewards 117.343 :: steps: 1.00 :: Time: 0.060(0.06004/step) :: Entropy : 0.000 :: Grads : []
510 :: Rewards 116.912 :: steps: 1.00 :: Time: 0.047(0.04652/step) :: Entropy : 0.000 :: Grads : []
520 :: Rewards 116.355 :: steps: 1.00 :: Time: 0.049(0.04853/step) :: Entropy : 0.000 :: Grads : []
530 :: Rewards 116.195 :: steps: 1.00 :: Time: 0.066(0.06568/step) :: Entropy : 0.000 :: Grads : []
540 :: Rewards 115.920 :: steps: 1.00 :: Time: 0.049(0.04909/step) :: Entropy : 0.000 :: Grads : []
550 :: Rewards 115.003 :: steps: 1.00 :: Time: 0.046(0.04555/step) :: Entropy : 0.000 :: Grads : []
560 :: Rewards 114.336 :: steps: 1.00 :: Time: 0.063(0.06274/step) :: Entropy : 0.000 :: Grads : []
570 :: Rewards 113.666 :: steps: 1.00 :: Time: 0.047(0.04688/step) :: Entropy : 0.000 :: Grads : []
580 :: Rewards 113.069 :: steps: 1.00 :: Time: 0.048(0.04778/step) :: Entropy : 0.000 :: Grads : []
590 :: Rewards 112.542 :: steps: 1.00 :: Time: 0.066(0.06576/step) :: Entropy : 0.000 :: Grads : []
600 :: Rewards 112.327 :: steps: 1.00 :: Time: 0.050(0.04952/step) :: Entropy : 0.000 :: Grads : []
610 :: Rewards 111.627 :: steps: 1.00 :: Time: 0.051(0.05071/step) :: Entropy : 0.000 :: Grads : []
620 :: Rewards 111.041 :: steps: 1.00 :: Time: 0.069(0.06860/step) :: Entropy : 0.000 :: Grads : []
630 :: Rewards 110.563 :: steps: 1.00 :: Time: 0.052(0.05220/step) :: Entropy : 0.000 :: Grads : []
640 :: Rewards 110.156 :: steps: 1.00 :: Time: 0.054(0.05363/step) :: Entropy : 0.000 :: Grads : []
650 :: Rewards 111.547 :: steps: 1.00 :: Time: 0.073(0.07284/step) :: Entropy : 0.000 :: Grads : []
660 :: Rewards 115.990 :: steps: 1.00 :: Time: 0.056(0.05617/step) :: Entropy : 0.000 :: Grads : []
670 :: Rewards 121.404 :: steps: 1.00 :: Time: 0.059(0.05886/step) :: Entropy : 0.000 :: Grads : []
680 :: Rewards 127.308 :: steps: 1.00 :: Time: 0.080(0.08029/step) :: Entropy : 0.000 :: Grads : []
690 :: Rewards 133.598 :: steps: 1.00 :: Time: 0.068(0.06815/step) :: Entropy : 0.000 :: Grads : []
700 :: Rewards 140.247 :: steps: 1.00 :: Time: 0.069(0.06880/step) :: Entropy : 0.000 :: Grads : []
710 :: Rewards 147.139 :: steps: 1.00 :: Time: 0.102(0.10157/step) :: Entropy : 0.000 :: Grads : []
720 :: Rewards 153.386 :: steps: 1.00 :: Time: 0.066(0.06621/step) :: Entropy : 0.000 :: Grads : []
730 :: Rewards 160.577 :: steps: 1.00 :: Time: 0.070(0.07007/step) :: Entropy : 0.000 :: Grads : []
740 :: Rewards 167.789 :: steps: 1.00 :: Time: 0.094(0.09437/step) :: Entropy : 0.000 :: Grads : []
750 :: Rewards 171.822 :: steps: 1.00 :: Time: 0.069(0.06894/step) :: Entropy : 0.000 :: Grads : []
760 :: Rewards 177.355 :: steps: 1.00 :: Time: 0.072(0.07200/step) :: Entropy : 0.000 :: Grads : []
770 :: Rewards 181.941 :: steps: 1.00 :: Time: 0.098(0.09793/step) :: Entropy : 0.000 :: Grads : []
780 :: Rewards 187.784 :: steps: 1.00 :: Time: 0.075(0.07468/step) :: Entropy : 0.000 :: Grads : []
790 :: Rewards 192.472 :: steps: 1.00 :: Time: 0.078(0.07836/step) :: Entropy : 0.000 :: Grads : []
800 :: Rewards 198.066 :: steps: 1.00 :: Time: 0.103(0.10325/step) :: Entropy : 0.000 :: Grads : []
810 :: Rewards 200.933 :: steps: 1.00 :: Time: 0.079(0.07891/step) :: Entropy : 0.000 :: Grads : []
820 :: Rewards 204.544 :: steps: 1.00 :: Time: 0.081(0.08065/step) :: Entropy : 0.000 :: Grads : []
830 :: Rewards 207.208 :: steps: 1.00 :: Time: 0.110(0.11048/step) :: Entropy : 0.000 :: Grads : []
840 :: Rewards 209.992 :: steps: 1.00 :: Time: 0.085(0.08532/step) :: Entropy : 0.000 :: Grads : []
850 :: Rewards 212.406 :: steps: 1.00 :: Time: 0.090(0.09020/step) :: Entropy : 0.000 :: Grads : []
860 :: Rewards 214.405 :: steps: 1.00 :: Time: 0.125(0.12504/step) :: Entropy : 0.000 :: Grads : []
870 :: Rewards 216.256 :: steps: 1.00 :: Time: 0.094(0.09423/step) :: Entropy : 0.000 :: Grads : []
880 :: Rewards 218.371 :: steps: 1.00 :: Time: 0.095(0.09498/step) :: Entropy : 0.000 :: Grads : []
890 :: Rewards 221.309 :: steps: 1.00 :: Time: 0.128(0.12761/step) :: Entropy : 0.000 :: Grads : []
900 :: Rewards 224.895 :: steps: 1.00 :: Time: 0.097(0.09706/step) :: Entropy : 0.000 :: Grads : []
910 :: Rewards 228.284 :: steps: 1.00 :: Time: 0.101(0.10072/step) :: Entropy : 0.000 :: Grads : []
920 :: Rewards 231.899 :: steps: 1.00 :: Time: 0.136(0.13637/step) :: Entropy : 0.000 :: Grads : []
930 :: Rewards 235.500 :: steps: 1.00 :: Time: 0.103(0.10324/step) :: Entropy : 0.000 :: Grads : []
940 :: Rewards 239.630 :: steps: 1.00 :: Time: 0.106(0.10559/step) :: Entropy : 0.000 :: Grads : []
950 :: Rewards 243.442 :: steps: 1.00 :: Time: 0.146(0.14583/step) :: Entropy : 0.000 :: Grads : []
960 :: Rewards 246.258 :: steps: 1.00 :: Time: 0.110(0.10958/step) :: Entropy : 0.000 :: Grads : []
970 :: Rewards 249.967 :: steps: 1.00 :: Time: 0.113(0.11284/step) :: Entropy : 0.000 :: Grads : []
980 :: Rewards 253.425 :: steps: 1.00 :: Time: 0.157(0.15655/step) :: Entropy : 0.000 :: Grads : []
990 :: Rewards 257.459 :: steps: 1.00 :: Time: 0.115(0.11508/step) :: Entropy : 0.000 :: Grads : []
999 :: Rewards 260.500 :: steps: 0.90 :: Time: 0.117(0.13022/step) :: Entropy : 0.000 :: Grads : []
Total time taken: 56.97276997566223
