Module path:  Environments.NS_Reco NS_Reco
Dynamically loaded from:  <class 'Environments.NS_Reco.NS_Reco'>
Reward Amplitudes: [4.17022005e-01 7.20324493e-01 1.14374817e-04 3.02332573e-01
 1.46755891e-01] :: Avg 0.317309867282206 
Module path:  Src.Algorithms.ProWLS ProWLS
Dynamically loaded from:  <class 'Src.Algorithms.ProWLS.ProWLS'>
=====Configurations=====
 Namespace(NN_basis_dim='32', Policy_basis_dim='32', actor_lr=0.0017966647558361548, algo_name='ProWLS', base=0, batch_size=1000, buffer_size=1000, debug=False, delta=1, entropy_lambda=0.006997441955638448, env_name='NS_Reco', experiment='NS_1r_', extrapolator_basis='Fourier', folder_suffix='Default', fourier_coupled=True, fourier_k=3, fourier_order=3, gamma=0.99, gauss_std=1.5, gpu=0, hyper='default', importance_clip=10.0, inc=1, log_output='term_file', max_episodes=1000, max_inner=30, max_steps=500, optim='rmsprop', oracle=-1, raw_basis=True, restore=False, save_count=100, save_model=True, seed=25, speed=1, state_lr=0.001, summary=True, swarm=False, timestamp='5|25|11:57:28')
Actions space: 5 :: State space: 1
State Low: tensor([0.]) :: State High: tensor([1.])
State features:  [('dummy_param', torch.Size([1]))]
Policy:  [('fc1.weight', torch.Size([5, 1])), ('fc1.bias', torch.Size([5]))]
0 :: Rewards -0.011 :: steps: 0.10 :: Time: 0.000(0.00065/step) :: Entropy : 0.000 :: Grads : []
10 :: Rewards -0.173 :: steps: 1.00 :: Time: 0.014(0.01436/step) :: Entropy : 0.000 :: Grads : []
20 :: Rewards -0.387 :: steps: 1.00 :: Time: 0.018(0.01811/step) :: Entropy : 0.000 :: Grads : []
30 :: Rewards -0.683 :: steps: 1.00 :: Time: 0.019(0.01855/step) :: Entropy : 0.000 :: Grads : []
40 :: Rewards -0.683 :: steps: 1.00 :: Time: 0.018(0.01837/step) :: Entropy : 0.000 :: Grads : []
50 :: Rewards -0.880 :: steps: 1.00 :: Time: 0.019(0.01860/step) :: Entropy : 0.000 :: Grads : []
60 :: Rewards -1.142 :: steps: 1.00 :: Time: 0.019(0.01876/step) :: Entropy : 0.000 :: Grads : []
70 :: Rewards -1.398 :: steps: 1.00 :: Time: 0.019(0.01882/step) :: Entropy : 0.000 :: Grads : []
80 :: Rewards -1.511 :: steps: 1.00 :: Time: 0.019(0.01914/step) :: Entropy : 0.000 :: Grads : []
90 :: Rewards -1.511 :: steps: 1.00 :: Time: 0.019(0.01943/step) :: Entropy : 0.000 :: Grads : []
100 :: Rewards -1.682 :: steps: 1.00 :: Time: 0.019(0.01945/step) :: Entropy : 0.000 :: Grads : []
110 :: Rewards -1.899 :: steps: 1.00 :: Time: 0.020(0.02000/step) :: Entropy : 0.000 :: Grads : []
120 :: Rewards -1.899 :: steps: 1.00 :: Time: 0.020(0.02035/step) :: Entropy : 0.000 :: Grads : []
130 :: Rewards -2.198 :: steps: 1.00 :: Time: 0.021(0.02073/step) :: Entropy : 0.000 :: Grads : []
140 :: Rewards -2.198 :: steps: 1.00 :: Time: 0.021(0.02100/step) :: Entropy : 0.000 :: Grads : []
150 :: Rewards -2.198 :: steps: 1.00 :: Time: 0.022(0.02155/step) :: Entropy : 0.000 :: Grads : []
160 :: Rewards -2.198 :: steps: 1.00 :: Time: 0.022(0.02190/step) :: Entropy : 0.000 :: Grads : []
170 :: Rewards -2.636 :: steps: 1.00 :: Time: 0.022(0.02221/step) :: Entropy : 0.000 :: Grads : []
180 :: Rewards -2.636 :: steps: 1.00 :: Time: 0.023(0.02263/step) :: Entropy : 0.000 :: Grads : []
190 :: Rewards -3.418 :: steps: 1.00 :: Time: 0.026(0.02563/step) :: Entropy : 0.000 :: Grads : []
200 :: Rewards -3.418 :: steps: 1.00 :: Time: 0.026(0.02595/step) :: Entropy : 0.000 :: Grads : []
210 :: Rewards -3.751 :: steps: 1.00 :: Time: 0.026(0.02629/step) :: Entropy : 0.000 :: Grads : []
220 :: Rewards -4.621 :: steps: 1.00 :: Time: 0.027(0.02652/step) :: Entropy : 0.000 :: Grads : []
230 :: Rewards -4.621 :: steps: 1.00 :: Time: 0.027(0.02678/step) :: Entropy : 0.000 :: Grads : []
240 :: Rewards -4.621 :: steps: 1.00 :: Time: 0.028(0.02774/step) :: Entropy : 0.000 :: Grads : []
250 :: Rewards -5.189 :: steps: 1.00 :: Time: 0.029(0.02876/step) :: Entropy : 0.000 :: Grads : []
260 :: Rewards -5.189 :: steps: 1.00 :: Time: 0.030(0.02990/step) :: Entropy : 0.000 :: Grads : []
270 :: Rewards -5.189 :: steps: 1.00 :: Time: 0.031(0.03085/step) :: Entropy : 0.000 :: Grads : []
280 :: Rewards -5.589 :: steps: 1.00 :: Time: 0.031(0.03120/step) :: Entropy : 0.000 :: Grads : []
290 :: Rewards -5.589 :: steps: 1.00 :: Time: 0.032(0.03175/step) :: Entropy : 0.000 :: Grads : []
300 :: Rewards -6.210 :: steps: 1.00 :: Time: 0.032(0.03243/step) :: Entropy : 0.000 :: Grads : []
310 :: Rewards -6.851 :: steps: 1.00 :: Time: 0.033(0.03329/step) :: Entropy : 0.000 :: Grads : []
320 :: Rewards -7.184 :: steps: 1.00 :: Time: 0.035(0.03452/step) :: Entropy : 0.000 :: Grads : []
330 :: Rewards -7.184 :: steps: 1.00 :: Time: 0.035(0.03524/step) :: Entropy : 0.000 :: Grads : []
340 :: Rewards -7.184 :: steps: 1.00 :: Time: 0.036(0.03560/step) :: Entropy : 0.000 :: Grads : []
350 :: Rewards -7.758 :: steps: 1.00 :: Time: 0.037(0.03659/step) :: Entropy : 0.000 :: Grads : []
360 :: Rewards -7.758 :: steps: 1.00 :: Time: 0.037(0.03738/step) :: Entropy : 0.000 :: Grads : []
370 :: Rewards -8.349 :: steps: 1.00 :: Time: 0.038(0.03802/step) :: Entropy : 0.000 :: Grads : []
380 :: Rewards -8.349 :: steps: 1.00 :: Time: 0.039(0.03860/step) :: Entropy : 0.000 :: Grads : []
390 :: Rewards -8.349 :: steps: 1.00 :: Time: 0.040(0.03982/step) :: Entropy : 0.000 :: Grads : []
400 :: Rewards -8.349 :: steps: 1.00 :: Time: 0.040(0.04033/step) :: Entropy : 0.000 :: Grads : []
410 :: Rewards -8.349 :: steps: 1.00 :: Time: 0.041(0.04134/step) :: Entropy : 0.000 :: Grads : []
420 :: Rewards -8.349 :: steps: 1.00 :: Time: 0.043(0.04268/step) :: Entropy : 0.000 :: Grads : []
430 :: Rewards -8.349 :: steps: 1.00 :: Time: 0.044(0.04411/step) :: Entropy : 0.000 :: Grads : []
440 :: Rewards -8.690 :: steps: 1.00 :: Time: 0.044(0.04449/step) :: Entropy : 0.000 :: Grads : []
450 :: Rewards -8.690 :: steps: 1.00 :: Time: 0.047(0.04723/step) :: Entropy : 0.000 :: Grads : []
460 :: Rewards -8.690 :: steps: 1.00 :: Time: 0.046(0.04628/step) :: Entropy : 0.000 :: Grads : []
470 :: Rewards -9.124 :: steps: 1.00 :: Time: 0.047(0.04743/step) :: Entropy : 0.000 :: Grads : []
480 :: Rewards -10.600 :: steps: 1.00 :: Time: 0.048(0.04845/step) :: Entropy : 0.000 :: Grads : []
490 :: Rewards -11.445 :: steps: 1.00 :: Time: 0.049(0.04862/step) :: Entropy : 0.000 :: Grads : []
500 :: Rewards -11.876 :: steps: 1.00 :: Time: 0.049(0.04866/step) :: Entropy : 0.000 :: Grads : []
510 :: Rewards -11.876 :: steps: 1.00 :: Time: 0.050(0.05004/step) :: Entropy : 0.000 :: Grads : []
520 :: Rewards -11.876 :: steps: 1.00 :: Time: 0.052(0.05184/step) :: Entropy : 0.000 :: Grads : []
530 :: Rewards -11.876 :: steps: 1.00 :: Time: 0.053(0.05257/step) :: Entropy : 0.000 :: Grads : []
540 :: Rewards -12.978 :: steps: 1.00 :: Time: 0.053(0.05313/step) :: Entropy : 0.000 :: Grads : []
550 :: Rewards -14.851 :: steps: 1.00 :: Time: 0.055(0.05477/step) :: Entropy : 0.000 :: Grads : []
560 :: Rewards -16.160 :: steps: 1.00 :: Time: 0.056(0.05621/step) :: Entropy : 0.000 :: Grads : []
570 :: Rewards -16.813 :: steps: 1.00 :: Time: 0.058(0.05776/step) :: Entropy : 0.000 :: Grads : []
580 :: Rewards -16.813 :: steps: 1.00 :: Time: 0.060(0.05955/step) :: Entropy : 0.000 :: Grads : []
590 :: Rewards -16.813 :: steps: 1.00 :: Time: 0.061(0.06105/step) :: Entropy : 0.000 :: Grads : []
600 :: Rewards -17.428 :: steps: 1.00 :: Time: 0.062(0.06198/step) :: Entropy : 0.000 :: Grads : []
610 :: Rewards -17.428 :: steps: 1.00 :: Time: 0.064(0.06353/step) :: Entropy : 0.000 :: Grads : []
620 :: Rewards -17.428 :: steps: 1.00 :: Time: 0.065(0.06473/step) :: Entropy : 0.000 :: Grads : []
630 :: Rewards -17.428 :: steps: 1.00 :: Time: 0.066(0.06594/step) :: Entropy : 0.000 :: Grads : []
640 :: Rewards -17.428 :: steps: 1.00 :: Time: 0.067(0.06741/step) :: Entropy : 0.000 :: Grads : []
650 :: Rewards -17.428 :: steps: 1.00 :: Time: 0.069(0.06884/step) :: Entropy : 0.000 :: Grads : []
660 :: Rewards -17.800 :: steps: 1.00 :: Time: 0.070(0.07041/step) :: Entropy : 0.000 :: Grads : []
670 :: Rewards -18.862 :: steps: 1.00 :: Time: 0.072(0.07179/step) :: Entropy : 0.000 :: Grads : []
680 :: Rewards -18.862 :: steps: 1.00 :: Time: 0.073(0.07312/step) :: Entropy : 0.000 :: Grads : []
690 :: Rewards -18.862 :: steps: 1.00 :: Time: 0.075(0.07539/step) :: Entropy : 0.000 :: Grads : []
700 :: Rewards -19.142 :: steps: 1.00 :: Time: 0.077(0.07654/step) :: Entropy : 0.000 :: Grads : []
710 :: Rewards -19.142 :: steps: 1.00 :: Time: 0.079(0.07867/step) :: Entropy : 0.000 :: Grads : []
720 :: Rewards -19.142 :: steps: 1.00 :: Time: 0.080(0.08039/step) :: Entropy : 0.000 :: Grads : []
730 :: Rewards -19.242 :: steps: 1.00 :: Time: 0.083(0.08299/step) :: Entropy : 0.000 :: Grads : []
740 :: Rewards -19.504 :: steps: 1.00 :: Time: 0.083(0.08331/step) :: Entropy : 0.000 :: Grads : []
750 :: Rewards -19.895 :: steps: 1.00 :: Time: 0.082(0.08220/step) :: Entropy : 0.000 :: Grads : []
760 :: Rewards -20.464 :: steps: 1.00 :: Time: 0.082(0.08230/step) :: Entropy : 0.000 :: Grads : []
770 :: Rewards -21.257 :: steps: 1.00 :: Time: 0.075(0.07535/step) :: Entropy : 0.000 :: Grads : []
780 :: Rewards -22.179 :: steps: 1.00 :: Time: 0.073(0.07339/step) :: Entropy : 0.000 :: Grads : []
790 :: Rewards -23.275 :: steps: 1.00 :: Time: 0.076(0.07562/step) :: Entropy : 0.000 :: Grads : []
800 :: Rewards -24.619 :: steps: 1.00 :: Time: 0.075(0.07468/step) :: Entropy : 0.000 :: Grads : []
810 :: Rewards -26.067 :: steps: 1.00 :: Time: 0.078(0.07793/step) :: Entropy : 0.000 :: Grads : []
820 :: Rewards -27.724 :: steps: 1.00 :: Time: 0.082(0.08211/step) :: Entropy : 0.000 :: Grads : []
830 :: Rewards -29.589 :: steps: 1.00 :: Time: 0.085(0.08522/step) :: Entropy : 0.000 :: Grads : []
840 :: Rewards -31.627 :: steps: 1.00 :: Time: 0.088(0.08844/step) :: Entropy : 0.000 :: Grads : []
850 :: Rewards -33.835 :: steps: 1.00 :: Time: 0.091(0.09084/step) :: Entropy : 0.000 :: Grads : []
860 :: Rewards -36.218 :: steps: 1.00 :: Time: 0.092(0.09218/step) :: Entropy : 0.000 :: Grads : []
870 :: Rewards -38.791 :: steps: 1.00 :: Time: 0.095(0.09501/step) :: Entropy : 0.000 :: Grads : []
880 :: Rewards -41.486 :: steps: 1.00 :: Time: 0.097(0.09745/step) :: Entropy : 0.000 :: Grads : []
890 :: Rewards -43.215 :: steps: 1.00 :: Time: 0.100(0.10040/step) :: Entropy : 0.000 :: Grads : []
900 :: Rewards -43.524 :: steps: 1.00 :: Time: 0.102(0.10204/step) :: Entropy : 0.000 :: Grads : []
910 :: Rewards -43.524 :: steps: 1.00 :: Time: 0.104(0.10430/step) :: Entropy : 0.000 :: Grads : []
920 :: Rewards -43.524 :: steps: 1.00 :: Time: 0.105(0.10482/step) :: Entropy : 0.000 :: Grads : []
930 :: Rewards -43.524 :: steps: 1.00 :: Time: 0.106(0.10572/step) :: Entropy : 0.000 :: Grads : []
940 :: Rewards -43.524 :: steps: 1.00 :: Time: 0.108(0.10780/step) :: Entropy : 0.000 :: Grads : []
950 :: Rewards -43.524 :: steps: 1.00 :: Time: 0.110(0.11034/step) :: Entropy : 0.000 :: Grads : []
960 :: Rewards -43.524 :: steps: 1.00 :: Time: 0.114(0.11419/step) :: Entropy : 0.000 :: Grads : []
970 :: Rewards -43.524 :: steps: 1.00 :: Time: 0.117(0.11668/step) :: Entropy : 0.000 :: Grads : []
980 :: Rewards -43.524 :: steps: 1.00 :: Time: 0.120(0.12007/step) :: Entropy : 0.000 :: Grads : []
990 :: Rewards -43.642 :: steps: 1.00 :: Time: 0.122(0.12194/step) :: Entropy : 0.000 :: Grads : []
999 :: Rewards -43.691 :: steps: 0.90 :: Time: 0.111(0.12386/step) :: Entropy : 0.000 :: Grads : []
Total time taken: 56.077523946762085
