Module path:  Environments.NS_Reco NS_Reco
Dynamically loaded from:  <class 'Environments.NS_Reco.NS_Reco'>
Reward Amplitudes: [4.17022005e-01 7.20324493e-01 1.14374817e-04 3.02332573e-01
 1.46755891e-01] :: Avg 0.317309867282206 
Module path:  Src.Algorithms.OFPG OFPG
Dynamically loaded from:  <class 'Src.Algorithms.OFPG.OFPG'>
=====Configurations=====
 Namespace(NN_basis_dim='32', Policy_basis_dim='32', actor_lr=0.005252014538415403, algo_name='OFPG', base=0, batch_size=1000, buffer_size=1000, debug=False, delta=1, entropy_lambda=0.08551739420792737, env_name='NS_Reco', experiment='NS_4r_', extrapolator_basis='Fourier', folder_suffix='Default', fourier_coupled=True, fourier_k=7, fourier_order=3, gamma=0.99, gauss_std=1.5, gpu=0, hyper='default', importance_clip=10.0, inc=1, log_output='term_file', max_episodes=1000, max_inner=20, max_steps=500, optim='rmsprop', oracle=-1, raw_basis=True, restore=False, save_count=100, save_model=True, seed=4, speed=4, state_lr=0.001, summary=True, swarm=False, timestamp='5|25|10:4:50')
Actions space: 5 :: State space: 1
State Low: tensor([0.]) :: State High: tensor([1.])
State features:  [('dummy_param', torch.Size([1]))]
Policy:  [('fc1.weight', torch.Size([5, 1])), ('fc1.bias', torch.Size([5]))]
0 :: Rewards 0.000 :: steps: 0.10 :: Time: 0.001(0.01007/step) :: Entropy : 0.000 :: Grads : []
10 :: Rewards -0.465 :: steps: 1.00 :: Time: 0.008(0.00821/step) :: Entropy : 0.000 :: Grads : []
20 :: Rewards -1.668 :: steps: 1.00 :: Time: 0.008(0.00848/step) :: Entropy : 0.000 :: Grads : []
30 :: Rewards -3.474 :: steps: 1.00 :: Time: 0.009(0.00864/step) :: Entropy : 0.000 :: Grads : []
40 :: Rewards -5.682 :: steps: 1.00 :: Time: 0.008(0.00825/step) :: Entropy : 0.000 :: Grads : []
50 :: Rewards -6.734 :: steps: 1.00 :: Time: 0.008(0.00831/step) :: Entropy : 0.000 :: Grads : []
60 :: Rewards -7.454 :: steps: 1.00 :: Time: 0.008(0.00842/step) :: Entropy : 0.000 :: Grads : []
70 :: Rewards -8.068 :: steps: 1.00 :: Time: 0.008(0.00834/step) :: Entropy : 0.000 :: Grads : []
80 :: Rewards -8.410 :: steps: 1.00 :: Time: 0.008(0.00847/step) :: Entropy : 0.000 :: Grads : []
90 :: Rewards -8.410 :: steps: 1.00 :: Time: 0.009(0.00861/step) :: Entropy : 0.000 :: Grads : []
100 :: Rewards -8.410 :: steps: 1.00 :: Time: 0.009(0.00868/step) :: Entropy : 0.000 :: Grads : []
110 :: Rewards -8.752 :: steps: 1.00 :: Time: 0.009(0.00876/step) :: Entropy : 0.000 :: Grads : []
120 :: Rewards -9.078 :: steps: 1.00 :: Time: 0.011(0.01050/step) :: Entropy : 0.000 :: Grads : []
130 :: Rewards -9.778 :: steps: 1.00 :: Time: 0.009(0.00887/step) :: Entropy : 0.000 :: Grads : []
140 :: Rewards -9.778 :: steps: 1.00 :: Time: 0.009(0.00946/step) :: Entropy : 0.000 :: Grads : []
150 :: Rewards -9.973 :: steps: 1.00 :: Time: 0.009(0.00909/step) :: Entropy : 0.000 :: Grads : []
160 :: Rewards -9.973 :: steps: 1.00 :: Time: 0.009(0.00911/step) :: Entropy : 0.000 :: Grads : []
170 :: Rewards -10.044 :: steps: 1.00 :: Time: 0.009(0.00927/step) :: Entropy : 0.000 :: Grads : []
180 :: Rewards -10.064 :: steps: 1.00 :: Time: 0.009(0.00934/step) :: Entropy : 0.000 :: Grads : []
190 :: Rewards -10.370 :: steps: 1.00 :: Time: 0.009(0.00944/step) :: Entropy : 0.000 :: Grads : []
200 :: Rewards -11.163 :: steps: 1.00 :: Time: 0.009(0.00941/step) :: Entropy : 0.000 :: Grads : []
210 :: Rewards -12.766 :: steps: 1.00 :: Time: 0.010(0.00952/step) :: Entropy : 0.000 :: Grads : []
220 :: Rewards -14.151 :: steps: 1.00 :: Time: 0.010(0.00968/step) :: Entropy : 0.000 :: Grads : []
230 :: Rewards -16.842 :: steps: 1.00 :: Time: 0.010(0.00970/step) :: Entropy : 0.000 :: Grads : []
240 :: Rewards -19.170 :: steps: 1.00 :: Time: 0.010(0.00982/step) :: Entropy : 0.000 :: Grads : []
250 :: Rewards -20.903 :: steps: 1.00 :: Time: 0.010(0.00999/step) :: Entropy : 0.000 :: Grads : []
260 :: Rewards -22.462 :: steps: 1.00 :: Time: 0.010(0.01017/step) :: Entropy : 0.000 :: Grads : []
270 :: Rewards -26.385 :: steps: 1.00 :: Time: 0.010(0.01035/step) :: Entropy : 0.000 :: Grads : []
280 :: Rewards -29.825 :: steps: 1.00 :: Time: 0.010(0.01036/step) :: Entropy : 0.000 :: Grads : []
290 :: Rewards -32.413 :: steps: 1.00 :: Time: 0.011(0.01051/step) :: Entropy : 0.000 :: Grads : []
300 :: Rewards -35.954 :: steps: 1.00 :: Time: 0.011(0.01074/step) :: Entropy : 0.000 :: Grads : []
310 :: Rewards -39.146 :: steps: 1.00 :: Time: 0.011(0.01113/step) :: Entropy : 0.000 :: Grads : []
320 :: Rewards -42.509 :: steps: 1.00 :: Time: 0.011(0.01110/step) :: Entropy : 0.000 :: Grads : []
330 :: Rewards -47.111 :: steps: 1.00 :: Time: 0.011(0.01134/step) :: Entropy : 0.000 :: Grads : []
340 :: Rewards -50.884 :: steps: 1.00 :: Time: 0.011(0.01139/step) :: Entropy : 0.000 :: Grads : []
350 :: Rewards -53.299 :: steps: 1.00 :: Time: 0.011(0.01146/step) :: Entropy : 0.000 :: Grads : []
360 :: Rewards -55.511 :: steps: 1.00 :: Time: 0.012(0.01171/step) :: Entropy : 0.000 :: Grads : []
370 :: Rewards -57.832 :: steps: 1.00 :: Time: 0.012(0.01178/step) :: Entropy : 0.000 :: Grads : []
380 :: Rewards -60.098 :: steps: 1.00 :: Time: 0.012(0.01194/step) :: Entropy : 0.000 :: Grads : []
390 :: Rewards -63.982 :: steps: 1.00 :: Time: 0.012(0.01202/step) :: Entropy : 0.000 :: Grads : []
400 :: Rewards -65.991 :: steps: 1.00 :: Time: 0.012(0.01234/step) :: Entropy : 0.000 :: Grads : []
410 :: Rewards -69.113 :: steps: 1.00 :: Time: 0.012(0.01188/step) :: Entropy : 0.000 :: Grads : []
420 :: Rewards -71.559 :: steps: 1.00 :: Time: 0.023(0.02285/step) :: Entropy : 0.000 :: Grads : []
430 :: Rewards -74.253 :: steps: 1.00 :: Time: 0.013(0.01315/step) :: Entropy : 0.000 :: Grads : []
440 :: Rewards -76.596 :: steps: 1.00 :: Time: 0.013(0.01299/step) :: Entropy : 0.000 :: Grads : []
450 :: Rewards -79.181 :: steps: 1.00 :: Time: 0.013(0.01283/step) :: Entropy : 0.000 :: Grads : []
460 :: Rewards -82.918 :: steps: 1.00 :: Time: 0.013(0.01310/step) :: Entropy : 0.000 :: Grads : []
470 :: Rewards -87.809 :: steps: 1.00 :: Time: 0.013(0.01314/step) :: Entropy : 0.000 :: Grads : []
480 :: Rewards -92.768 :: steps: 1.00 :: Time: 0.013(0.01300/step) :: Entropy : 0.000 :: Grads : []
490 :: Rewards -99.256 :: steps: 1.00 :: Time: 0.013(0.01309/step) :: Entropy : 0.000 :: Grads : []
500 :: Rewards -106.049 :: steps: 1.00 :: Time: 0.013(0.01317/step) :: Entropy : 0.000 :: Grads : []
510 :: Rewards -113.169 :: steps: 1.00 :: Time: 0.017(0.01684/step) :: Entropy : 0.000 :: Grads : []
520 :: Rewards -119.859 :: steps: 1.00 :: Time: 0.014(0.01366/step) :: Entropy : 0.000 :: Grads : []
530 :: Rewards -126.799 :: steps: 1.00 :: Time: 0.014(0.01367/step) :: Entropy : 0.000 :: Grads : []
540 :: Rewards -131.866 :: steps: 1.00 :: Time: 0.014(0.01388/step) :: Entropy : 0.000 :: Grads : []
550 :: Rewards -138.443 :: steps: 1.00 :: Time: 0.013(0.01261/step) :: Entropy : 0.000 :: Grads : []
560 :: Rewards -144.856 :: steps: 1.00 :: Time: 0.012(0.01186/step) :: Entropy : 0.000 :: Grads : []
570 :: Rewards -149.313 :: steps: 1.00 :: Time: 0.012(0.01168/step) :: Entropy : 0.000 :: Grads : []
580 :: Rewards -154.293 :: steps: 1.00 :: Time: 0.012(0.01193/step) :: Entropy : 0.000 :: Grads : []
590 :: Rewards -156.830 :: steps: 1.00 :: Time: 0.012(0.01187/step) :: Entropy : 0.000 :: Grads : []
600 :: Rewards -160.294 :: steps: 1.00 :: Time: 0.012(0.01224/step) :: Entropy : 0.000 :: Grads : []
610 :: Rewards -163.199 :: steps: 1.00 :: Time: 0.012(0.01174/step) :: Entropy : 0.000 :: Grads : []
620 :: Rewards -164.547 :: steps: 1.00 :: Time: 0.012(0.01162/step) :: Entropy : 0.000 :: Grads : []
630 :: Rewards -165.886 :: steps: 1.00 :: Time: 0.012(0.01183/step) :: Entropy : 0.000 :: Grads : []
640 :: Rewards -166.399 :: steps: 1.00 :: Time: 0.012(0.01180/step) :: Entropy : 0.000 :: Grads : []
650 :: Rewards -168.327 :: steps: 1.00 :: Time: 0.012(0.01184/step) :: Entropy : 0.000 :: Grads : []
660 :: Rewards -170.324 :: steps: 1.00 :: Time: 0.012(0.01182/step) :: Entropy : 0.000 :: Grads : []
670 :: Rewards -174.131 :: steps: 1.00 :: Time: 0.012(0.01231/step) :: Entropy : 0.000 :: Grads : []
680 :: Rewards -178.013 :: steps: 1.00 :: Time: 0.013(0.01276/step) :: Entropy : 0.000 :: Grads : []
690 :: Rewards -182.445 :: steps: 1.00 :: Time: 0.012(0.01245/step) :: Entropy : 0.000 :: Grads : []
700 :: Rewards -186.604 :: steps: 1.00 :: Time: 0.012(0.01247/step) :: Entropy : 0.000 :: Grads : []
710 :: Rewards -192.443 :: steps: 1.00 :: Time: 0.013(0.01270/step) :: Entropy : 0.000 :: Grads : []
720 :: Rewards -198.787 :: steps: 1.00 :: Time: 0.013(0.01282/step) :: Entropy : 0.000 :: Grads : []
730 :: Rewards -200.909 :: steps: 1.00 :: Time: 0.013(0.01275/step) :: Entropy : 0.000 :: Grads : []
740 :: Rewards -206.000 :: steps: 1.00 :: Time: 0.013(0.01282/step) :: Entropy : 0.000 :: Grads : []
750 :: Rewards -209.739 :: steps: 1.00 :: Time: 0.013(0.01277/step) :: Entropy : 0.000 :: Grads : []
760 :: Rewards -213.468 :: steps: 1.00 :: Time: 0.013(0.01303/step) :: Entropy : 0.000 :: Grads : []
770 :: Rewards -218.180 :: steps: 1.00 :: Time: 0.013(0.01315/step) :: Entropy : 0.000 :: Grads : []
780 :: Rewards -220.249 :: steps: 1.00 :: Time: 0.013(0.01342/step) :: Entropy : 0.000 :: Grads : []
790 :: Rewards -222.413 :: steps: 1.00 :: Time: 0.014(0.01354/step) :: Entropy : 0.000 :: Grads : []
800 :: Rewards -225.838 :: steps: 1.00 :: Time: 0.014(0.01377/step) :: Entropy : 0.000 :: Grads : []
810 :: Rewards -227.547 :: steps: 1.00 :: Time: 0.014(0.01369/step) :: Entropy : 0.000 :: Grads : []
820 :: Rewards -228.933 :: steps: 1.00 :: Time: 0.014(0.01378/step) :: Entropy : 0.000 :: Grads : []
830 :: Rewards -230.086 :: steps: 1.00 :: Time: 0.014(0.01393/step) :: Entropy : 0.000 :: Grads : []
840 :: Rewards -231.437 :: steps: 1.00 :: Time: 0.014(0.01423/step) :: Entropy : 0.000 :: Grads : []
850 :: Rewards -232.258 :: steps: 1.00 :: Time: 0.014(0.01414/step) :: Entropy : 0.000 :: Grads : []
860 :: Rewards -233.132 :: steps: 1.00 :: Time: 0.014(0.01418/step) :: Entropy : 0.000 :: Grads : []
870 :: Rewards -234.493 :: steps: 1.00 :: Time: 0.014(0.01440/step) :: Entropy : 0.000 :: Grads : []
880 :: Rewards -235.699 :: steps: 1.00 :: Time: 0.015(0.01451/step) :: Entropy : 0.000 :: Grads : []
890 :: Rewards -237.711 :: steps: 1.00 :: Time: 0.014(0.01436/step) :: Entropy : 0.000 :: Grads : []
900 :: Rewards -239.415 :: steps: 1.00 :: Time: 0.014(0.01444/step) :: Entropy : 0.000 :: Grads : []
910 :: Rewards -241.924 :: steps: 1.00 :: Time: 0.015(0.01455/step) :: Entropy : 0.000 :: Grads : []
920 :: Rewards -245.947 :: steps: 1.00 :: Time: 0.015(0.01475/step) :: Entropy : 0.000 :: Grads : []
930 :: Rewards -251.380 :: steps: 1.00 :: Time: 0.015(0.01470/step) :: Entropy : 0.000 :: Grads : []
940 :: Rewards -258.188 :: steps: 1.00 :: Time: 0.015(0.01470/step) :: Entropy : 0.000 :: Grads : []
950 :: Rewards -263.163 :: steps: 1.00 :: Time: 0.015(0.01476/step) :: Entropy : 0.000 :: Grads : []
960 :: Rewards -266.993 :: steps: 1.00 :: Time: 0.015(0.01473/step) :: Entropy : 0.000 :: Grads : []
970 :: Rewards -270.900 :: steps: 1.00 :: Time: 0.015(0.01473/step) :: Entropy : 0.000 :: Grads : []
980 :: Rewards -274.271 :: steps: 1.00 :: Time: 0.015(0.01490/step) :: Entropy : 0.000 :: Grads : []
990 :: Rewards -279.951 :: steps: 1.00 :: Time: 0.015(0.01503/step) :: Entropy : 0.000 :: Grads : []
999 :: Rewards -284.737 :: steps: 0.90 :: Time: 0.014(0.01502/step) :: Entropy : 0.000 :: Grads : []
Total time taken: 12.112190961837769
