Module path:  Environments.NS_Reco NS_Reco
Dynamically loaded from:  <class 'Environments.NS_Reco.NS_Reco'>
Reward Amplitudes: [4.17022005e-01 7.20324493e-01 1.14374817e-04 3.02332573e-01
 1.46755891e-01] :: Avg 0.317309867282206 
Module path:  Src.Algorithms.ProOLS ProOLS
Dynamically loaded from:  <class 'Src.Algorithms.ProOLS.ProOLS'>
=====Configurations=====
 Namespace(NN_basis_dim='32', Policy_basis_dim='32', actor_lr=0.006330904637554062, algo_name='ProOLS', base=0, batch_size=1000, buffer_size=1000, debug=False, delta=1, entropy_lambda=0.05062512794041892, env_name='NS_Reco', experiment='NS_4_', extrapolator_basis='Fourier', folder_suffix='Default', fourier_coupled=True, fourier_k=5, fourier_order=3, gamma=0.99, gauss_std=1.5, gpu=0, hyper='default', importance_clip=5.0, inc=1, log_output='term_file', max_episodes=1000, max_inner=20, max_steps=500, optim='rmsprop', oracle=-1, raw_basis=True, restore=False, save_count=100, save_model=True, seed=29, speed=4, state_lr=0.001, summary=True, swarm=False, timestamp='5|24|22:51:7')
Actions space: 5 :: State space: 1
State Low: tensor([0.]) :: State High: tensor([1.])
State features:  [('dummy_param', torch.Size([1]))]
Policy:  [('fc1.weight', torch.Size([5, 1])), ('fc1.bias', torch.Size([5]))]
0 :: Rewards 0.007 :: steps: 0.10 :: Time: 0.000(0.00063/step) :: Entropy : 0.000 :: Grads : []
10 :: Rewards 0.207 :: steps: 1.00 :: Time: 0.006(0.00577/step) :: Entropy : 0.000 :: Grads : []
20 :: Rewards 1.147 :: steps: 1.00 :: Time: 0.010(0.00974/step) :: Entropy : 0.000 :: Grads : []
30 :: Rewards 2.772 :: steps: 1.00 :: Time: 0.009(0.00947/step) :: Entropy : 0.000 :: Grads : []
40 :: Rewards 5.155 :: steps: 1.00 :: Time: 0.009(0.00893/step) :: Entropy : 0.000 :: Grads : []
50 :: Rewards 9.097 :: steps: 1.00 :: Time: 0.009(0.00905/step) :: Entropy : 0.000 :: Grads : []
60 :: Rewards 14.221 :: steps: 1.00 :: Time: 0.009(0.00916/step) :: Entropy : 0.000 :: Grads : []
70 :: Rewards 20.026 :: steps: 1.00 :: Time: 0.009(0.00932/step) :: Entropy : 0.000 :: Grads : []
80 :: Rewards 26.371 :: steps: 1.00 :: Time: 0.009(0.00931/step) :: Entropy : 0.000 :: Grads : []
90 :: Rewards 33.110 :: steps: 1.00 :: Time: 0.009(0.00944/step) :: Entropy : 0.000 :: Grads : []
100 :: Rewards 40.195 :: steps: 1.00 :: Time: 0.009(0.00947/step) :: Entropy : 0.000 :: Grads : []
110 :: Rewards 47.392 :: steps: 1.00 :: Time: 0.010(0.00960/step) :: Entropy : 0.000 :: Grads : []
120 :: Rewards 54.546 :: steps: 1.00 :: Time: 0.010(0.00962/step) :: Entropy : 0.000 :: Grads : []
130 :: Rewards 61.561 :: steps: 1.00 :: Time: 0.010(0.00973/step) :: Entropy : 0.000 :: Grads : []
140 :: Rewards 68.338 :: steps: 1.00 :: Time: 0.010(0.00988/step) :: Entropy : 0.000 :: Grads : []
150 :: Rewards 74.569 :: steps: 1.00 :: Time: 0.010(0.00989/step) :: Entropy : 0.000 :: Grads : []
160 :: Rewards 80.293 :: steps: 1.00 :: Time: 0.010(0.01030/step) :: Entropy : 0.000 :: Grads : []
170 :: Rewards 85.283 :: steps: 1.00 :: Time: 0.011(0.01059/step) :: Entropy : 0.000 :: Grads : []
180 :: Rewards 89.526 :: steps: 1.00 :: Time: 0.011(0.01055/step) :: Entropy : 0.000 :: Grads : []
190 :: Rewards 92.915 :: steps: 1.00 :: Time: 0.010(0.01028/step) :: Entropy : 0.000 :: Grads : []
200 :: Rewards 95.359 :: steps: 1.00 :: Time: 0.010(0.01036/step) :: Entropy : 0.000 :: Grads : []
210 :: Rewards 96.798 :: steps: 1.00 :: Time: 0.010(0.01042/step) :: Entropy : 0.000 :: Grads : []
220 :: Rewards 97.629 :: steps: 1.00 :: Time: 0.010(0.01046/step) :: Entropy : 0.000 :: Grads : []
230 :: Rewards 98.935 :: steps: 1.00 :: Time: 0.010(0.01049/step) :: Entropy : 0.000 :: Grads : []
240 :: Rewards 100.465 :: steps: 1.00 :: Time: 0.011(0.01059/step) :: Entropy : 0.000 :: Grads : []
250 :: Rewards 101.634 :: steps: 1.00 :: Time: 0.011(0.01052/step) :: Entropy : 0.000 :: Grads : []
260 :: Rewards 102.823 :: steps: 1.00 :: Time: 0.011(0.01085/step) :: Entropy : 0.000 :: Grads : []
270 :: Rewards 103.824 :: steps: 1.00 :: Time: 0.011(0.01131/step) :: Entropy : 0.000 :: Grads : []
280 :: Rewards 104.626 :: steps: 1.00 :: Time: 0.012(0.01184/step) :: Entropy : 0.000 :: Grads : []
290 :: Rewards 105.451 :: steps: 1.00 :: Time: 0.011(0.01127/step) :: Entropy : 0.000 :: Grads : []
300 :: Rewards 105.834 :: steps: 1.00 :: Time: 0.011(0.01133/step) :: Entropy : 0.000 :: Grads : []
310 :: Rewards 105.512 :: steps: 1.00 :: Time: 0.011(0.01137/step) :: Entropy : 0.000 :: Grads : []
320 :: Rewards 104.954 :: steps: 1.00 :: Time: 0.012(0.01153/step) :: Entropy : 0.000 :: Grads : []
330 :: Rewards 105.328 :: steps: 1.00 :: Time: 0.012(0.01169/step) :: Entropy : 0.000 :: Grads : []
340 :: Rewards 105.378 :: steps: 1.00 :: Time: 0.012(0.01179/step) :: Entropy : 0.000 :: Grads : []
350 :: Rewards 105.504 :: steps: 1.00 :: Time: 0.012(0.01191/step) :: Entropy : 0.000 :: Grads : []
360 :: Rewards 105.433 :: steps: 1.00 :: Time: 0.012(0.01211/step) :: Entropy : 0.000 :: Grads : []
370 :: Rewards 105.463 :: steps: 1.00 :: Time: 0.012(0.01229/step) :: Entropy : 0.000 :: Grads : []
380 :: Rewards 104.754 :: steps: 1.00 :: Time: 0.012(0.01234/step) :: Entropy : 0.000 :: Grads : []
390 :: Rewards 103.802 :: steps: 1.00 :: Time: 0.012(0.01244/step) :: Entropy : 0.000 :: Grads : []
400 :: Rewards 103.391 :: steps: 1.00 :: Time: 0.013(0.01262/step) :: Entropy : 0.000 :: Grads : []
410 :: Rewards 103.001 :: steps: 1.00 :: Time: 0.013(0.01272/step) :: Entropy : 0.000 :: Grads : []
420 :: Rewards 102.489 :: steps: 1.00 :: Time: 0.013(0.01333/step) :: Entropy : 0.000 :: Grads : []
430 :: Rewards 101.088 :: steps: 1.00 :: Time: 0.013(0.01313/step) :: Entropy : 0.000 :: Grads : []
440 :: Rewards 100.277 :: steps: 1.00 :: Time: 0.013(0.01320/step) :: Entropy : 0.000 :: Grads : []
450 :: Rewards 100.093 :: steps: 1.00 :: Time: 0.013(0.01340/step) :: Entropy : 0.000 :: Grads : []
460 :: Rewards 100.582 :: steps: 1.00 :: Time: 0.013(0.01343/step) :: Entropy : 0.000 :: Grads : []
470 :: Rewards 101.894 :: steps: 1.00 :: Time: 0.014(0.01355/step) :: Entropy : 0.000 :: Grads : []
480 :: Rewards 104.456 :: steps: 1.00 :: Time: 0.014(0.01358/step) :: Entropy : 0.000 :: Grads : []
490 :: Rewards 107.934 :: steps: 1.00 :: Time: 0.014(0.01367/step) :: Entropy : 0.000 :: Grads : []
500 :: Rewards 113.093 :: steps: 1.00 :: Time: 0.014(0.01413/step) :: Entropy : 0.000 :: Grads : []
510 :: Rewards 118.945 :: steps: 1.00 :: Time: 0.014(0.01424/step) :: Entropy : 0.000 :: Grads : []
520 :: Rewards 125.325 :: steps: 1.00 :: Time: 0.014(0.01395/step) :: Entropy : 0.000 :: Grads : []
530 :: Rewards 132.118 :: steps: 1.00 :: Time: 0.014(0.01400/step) :: Entropy : 0.000 :: Grads : []
540 :: Rewards 139.180 :: steps: 1.00 :: Time: 0.014(0.01402/step) :: Entropy : 0.000 :: Grads : []
550 :: Rewards 146.395 :: steps: 1.00 :: Time: 0.014(0.01406/step) :: Entropy : 0.000 :: Grads : []
560 :: Rewards 153.561 :: steps: 1.00 :: Time: 0.014(0.01416/step) :: Entropy : 0.000 :: Grads : []
570 :: Rewards 160.543 :: steps: 1.00 :: Time: 0.014(0.01427/step) :: Entropy : 0.000 :: Grads : []
580 :: Rewards 167.280 :: steps: 1.00 :: Time: 0.014(0.01440/step) :: Entropy : 0.000 :: Grads : []
590 :: Rewards 173.508 :: steps: 1.00 :: Time: 0.014(0.01448/step) :: Entropy : 0.000 :: Grads : []
600 :: Rewards 179.141 :: steps: 1.00 :: Time: 0.015(0.01454/step) :: Entropy : 0.000 :: Grads : []
610 :: Rewards 184.104 :: steps: 1.00 :: Time: 0.015(0.01458/step) :: Entropy : 0.000 :: Grads : []
620 :: Rewards 188.322 :: steps: 1.00 :: Time: 0.015(0.01470/step) :: Entropy : 0.000 :: Grads : []
630 :: Rewards 191.632 :: steps: 1.00 :: Time: 0.015(0.01473/step) :: Entropy : 0.000 :: Grads : []
640 :: Rewards 193.977 :: steps: 1.00 :: Time: 0.015(0.01462/step) :: Entropy : 0.000 :: Grads : []
650 :: Rewards 195.409 :: steps: 1.00 :: Time: 0.015(0.01483/step) :: Entropy : 0.000 :: Grads : []
660 :: Rewards 196.057 :: steps: 1.00 :: Time: 0.015(0.01480/step) :: Entropy : 0.000 :: Grads : []
670 :: Rewards 196.234 :: steps: 1.00 :: Time: 0.015(0.01501/step) :: Entropy : 0.000 :: Grads : []
680 :: Rewards 197.885 :: steps: 1.00 :: Time: 0.015(0.01500/step) :: Entropy : 0.000 :: Grads : []
690 :: Rewards 199.653 :: steps: 1.00 :: Time: 0.015(0.01499/step) :: Entropy : 0.000 :: Grads : []
700 :: Rewards 203.156 :: steps: 1.00 :: Time: 0.016(0.01566/step) :: Entropy : 0.000 :: Grads : []
710 :: Rewards 207.074 :: steps: 1.00 :: Time: 0.015(0.01532/step) :: Entropy : 0.000 :: Grads : []
720 :: Rewards 211.109 :: steps: 1.00 :: Time: 0.015(0.01527/step) :: Entropy : 0.000 :: Grads : []
730 :: Rewards 215.125 :: steps: 1.00 :: Time: 0.015(0.01530/step) :: Entropy : 0.000 :: Grads : []
740 :: Rewards 219.219 :: steps: 1.00 :: Time: 0.015(0.01543/step) :: Entropy : 0.000 :: Grads : []
750 :: Rewards 223.038 :: steps: 1.00 :: Time: 0.015(0.01536/step) :: Entropy : 0.000 :: Grads : []
760 :: Rewards 226.631 :: steps: 1.00 :: Time: 0.015(0.01538/step) :: Entropy : 0.000 :: Grads : []
770 :: Rewards 230.017 :: steps: 1.00 :: Time: 0.016(0.01567/step) :: Entropy : 0.000 :: Grads : []
780 :: Rewards 233.068 :: steps: 1.00 :: Time: 0.016(0.01584/step) :: Entropy : 0.000 :: Grads : []
790 :: Rewards 236.021 :: steps: 1.00 :: Time: 0.016(0.01637/step) :: Entropy : 0.000 :: Grads : []
800 :: Rewards 238.690 :: steps: 1.00 :: Time: 0.016(0.01608/step) :: Entropy : 0.000 :: Grads : []
810 :: Rewards 240.999 :: steps: 1.00 :: Time: 0.016(0.01621/step) :: Entropy : 0.000 :: Grads : []
820 :: Rewards 242.914 :: steps: 1.00 :: Time: 0.016(0.01634/step) :: Entropy : 0.000 :: Grads : []
830 :: Rewards 244.380 :: steps: 1.00 :: Time: 0.016(0.01625/step) :: Entropy : 0.000 :: Grads : []
840 :: Rewards 245.438 :: steps: 1.00 :: Time: 0.017(0.01651/step) :: Entropy : 0.000 :: Grads : []
850 :: Rewards 246.065 :: steps: 1.00 :: Time: 0.016(0.01644/step) :: Entropy : 0.000 :: Grads : []
860 :: Rewards 246.205 :: steps: 1.00 :: Time: 0.017(0.01657/step) :: Entropy : 0.000 :: Grads : []
870 :: Rewards 245.908 :: steps: 1.00 :: Time: 0.016(0.01636/step) :: Entropy : 0.000 :: Grads : []
880 :: Rewards 245.130 :: steps: 1.00 :: Time: 0.017(0.01664/step) :: Entropy : 0.000 :: Grads : []
890 :: Rewards 244.534 :: steps: 1.00 :: Time: 0.016(0.01649/step) :: Entropy : 0.000 :: Grads : []
900 :: Rewards 244.609 :: steps: 1.00 :: Time: 0.017(0.01665/step) :: Entropy : 0.000 :: Grads : []
910 :: Rewards 245.281 :: steps: 1.00 :: Time: 0.017(0.01672/step) :: Entropy : 0.000 :: Grads : []
920 :: Rewards 246.606 :: steps: 1.00 :: Time: 0.018(0.01823/step) :: Entropy : 0.000 :: Grads : []
930 :: Rewards 249.110 :: steps: 1.00 :: Time: 0.017(0.01676/step) :: Entropy : 0.000 :: Grads : []
940 :: Rewards 252.866 :: steps: 1.00 :: Time: 0.017(0.01690/step) :: Entropy : 0.000 :: Grads : []
950 :: Rewards 257.877 :: steps: 1.00 :: Time: 0.017(0.01706/step) :: Entropy : 0.000 :: Grads : []
960 :: Rewards 264.265 :: steps: 1.00 :: Time: 0.017(0.01715/step) :: Entropy : 0.000 :: Grads : []
970 :: Rewards 270.539 :: steps: 1.00 :: Time: 0.018(0.01758/step) :: Entropy : 0.000 :: Grads : []
980 :: Rewards 277.642 :: steps: 1.00 :: Time: 0.017(0.01696/step) :: Entropy : 0.000 :: Grads : []
990 :: Rewards 284.853 :: steps: 1.00 :: Time: 0.017(0.01748/step) :: Entropy : 0.000 :: Grads : []
999 :: Rewards 290.690 :: steps: 0.90 :: Time: 0.015(0.01707/step) :: Entropy : 0.000 :: Grads : []
Total time taken: 13.430588960647583
