Module path:  Environments.NS_Reco NS_Reco
Dynamically loaded from:  <class 'Environments.NS_Reco.NS_Reco'>
Reward Amplitudes: [4.17022005e-01 7.20324493e-01 1.14374817e-04 3.02332573e-01
 1.46755891e-01] :: Avg 0.317309867282206 
Module path:  Src.Algorithms.ProWLS ProWLS
Dynamically loaded from:  <class 'Src.Algorithms.ProWLS.ProWLS'>
=====Configurations=====
 Namespace(NN_basis_dim='32', Policy_basis_dim='32', actor_lr=0.0017966647558361548, algo_name='ProWLS', base=0, batch_size=1000, buffer_size=1000, debug=False, delta=1, entropy_lambda=0.006997441955638448, env_name='NS_Reco', experiment='NS_1r_', extrapolator_basis='Fourier', folder_suffix='Default', fourier_coupled=True, fourier_k=3, fourier_order=3, gamma=0.99, gauss_std=1.5, gpu=0, hyper='default', importance_clip=10.0, inc=1, log_output='term_file', max_episodes=1000, max_inner=30, max_steps=500, optim='rmsprop', oracle=-1, raw_basis=True, restore=False, save_count=100, save_model=True, seed=7, speed=1, state_lr=0.001, summary=True, swarm=False, timestamp='5|25|11:40:24')
Actions space: 5 :: State space: 1
State Low: tensor([0.]) :: State High: tensor([1.])
State features:  [('dummy_param', torch.Size([1]))]
Policy:  [('fc1.weight', torch.Size([5, 1])), ('fc1.bias', torch.Size([5]))]
0 :: Rewards -0.007 :: steps: 0.10 :: Time: 0.000(0.00063/step) :: Entropy : 0.000 :: Grads : []
10 :: Rewards -0.126 :: steps: 1.00 :: Time: 0.015(0.01455/step) :: Entropy : 0.000 :: Grads : []
20 :: Rewards -0.320 :: steps: 1.00 :: Time: 0.018(0.01804/step) :: Entropy : 0.000 :: Grads : []
30 :: Rewards -0.468 :: steps: 1.00 :: Time: 0.019(0.01858/step) :: Entropy : 0.000 :: Grads : []
40 :: Rewards -0.556 :: steps: 1.00 :: Time: 0.018(0.01820/step) :: Entropy : 0.000 :: Grads : []
50 :: Rewards -0.746 :: steps: 1.00 :: Time: 0.018(0.01845/step) :: Entropy : 0.000 :: Grads : []
60 :: Rewards -0.854 :: steps: 1.00 :: Time: 0.018(0.01845/step) :: Entropy : 0.000 :: Grads : []
70 :: Rewards -1.016 :: steps: 1.00 :: Time: 0.019(0.01891/step) :: Entropy : 0.000 :: Grads : []
80 :: Rewards -1.125 :: steps: 1.00 :: Time: 0.019(0.01925/step) :: Entropy : 0.000 :: Grads : []
90 :: Rewards -1.252 :: steps: 1.00 :: Time: 0.019(0.01941/step) :: Entropy : 0.000 :: Grads : []
100 :: Rewards -1.464 :: steps: 1.00 :: Time: 0.020(0.01970/step) :: Entropy : 0.000 :: Grads : []
110 :: Rewards -1.720 :: steps: 1.00 :: Time: 0.020(0.01998/step) :: Entropy : 0.000 :: Grads : []
120 :: Rewards -2.321 :: steps: 1.00 :: Time: 0.020(0.02043/step) :: Entropy : 0.000 :: Grads : []
130 :: Rewards -2.321 :: steps: 1.00 :: Time: 0.021(0.02070/step) :: Entropy : 0.000 :: Grads : []
140 :: Rewards -2.321 :: steps: 1.00 :: Time: 0.021(0.02095/step) :: Entropy : 0.000 :: Grads : []
150 :: Rewards -3.395 :: steps: 1.00 :: Time: 0.022(0.02153/step) :: Entropy : 0.000 :: Grads : []
160 :: Rewards -3.395 :: steps: 1.00 :: Time: 0.022(0.02165/step) :: Entropy : 0.000 :: Grads : []
170 :: Rewards -4.059 :: steps: 1.00 :: Time: 0.022(0.02220/step) :: Entropy : 0.000 :: Grads : []
180 :: Rewards -4.290 :: steps: 1.00 :: Time: 0.023(0.02269/step) :: Entropy : 0.000 :: Grads : []
190 :: Rewards -4.290 :: steps: 1.00 :: Time: 0.026(0.02563/step) :: Entropy : 0.000 :: Grads : []
200 :: Rewards -4.702 :: steps: 1.00 :: Time: 0.025(0.02483/step) :: Entropy : 0.000 :: Grads : []
210 :: Rewards -4.702 :: steps: 1.00 :: Time: 0.026(0.02595/step) :: Entropy : 0.000 :: Grads : []
220 :: Rewards -4.702 :: steps: 1.00 :: Time: 0.027(0.02652/step) :: Entropy : 0.000 :: Grads : []
230 :: Rewards -4.702 :: steps: 1.00 :: Time: 0.028(0.02823/step) :: Entropy : 0.000 :: Grads : []
240 :: Rewards -5.448 :: steps: 1.00 :: Time: 0.026(0.02628/step) :: Entropy : 0.000 :: Grads : []
250 :: Rewards -8.043 :: steps: 1.00 :: Time: 0.027(0.02730/step) :: Entropy : 0.000 :: Grads : []
260 :: Rewards -8.412 :: steps: 1.00 :: Time: 0.030(0.03042/step) :: Entropy : 0.000 :: Grads : []
270 :: Rewards -8.412 :: steps: 1.00 :: Time: 0.032(0.03190/step) :: Entropy : 0.000 :: Grads : []
280 :: Rewards -8.412 :: steps: 1.00 :: Time: 0.030(0.02971/step) :: Entropy : 0.000 :: Grads : []
290 :: Rewards -8.412 :: steps: 1.00 :: Time: 0.030(0.02987/step) :: Entropy : 0.000 :: Grads : []
300 :: Rewards -8.412 :: steps: 1.00 :: Time: 0.032(0.03191/step) :: Entropy : 0.000 :: Grads : []
310 :: Rewards -9.286 :: steps: 1.00 :: Time: 0.032(0.03163/step) :: Entropy : 0.000 :: Grads : []
320 :: Rewards -9.286 :: steps: 1.00 :: Time: 0.032(0.03233/step) :: Entropy : 0.000 :: Grads : []
330 :: Rewards -9.286 :: steps: 1.00 :: Time: 0.034(0.03441/step) :: Entropy : 0.000 :: Grads : []
340 :: Rewards -9.286 :: steps: 1.00 :: Time: 0.035(0.03509/step) :: Entropy : 0.000 :: Grads : []
350 :: Rewards -9.286 :: steps: 1.00 :: Time: 0.034(0.03411/step) :: Entropy : 0.000 :: Grads : []
360 :: Rewards -9.286 :: steps: 1.00 :: Time: 0.035(0.03479/step) :: Entropy : 0.000 :: Grads : []
370 :: Rewards -9.286 :: steps: 1.00 :: Time: 0.035(0.03488/step) :: Entropy : 0.000 :: Grads : []
380 :: Rewards -10.004 :: steps: 1.00 :: Time: 0.036(0.03555/step) :: Entropy : 0.000 :: Grads : []
390 :: Rewards -11.877 :: steps: 1.00 :: Time: 0.036(0.03628/step) :: Entropy : 0.000 :: Grads : []
400 :: Rewards -11.877 :: steps: 1.00 :: Time: 0.037(0.03682/step) :: Entropy : 0.000 :: Grads : []
410 :: Rewards -12.314 :: steps: 1.00 :: Time: 0.038(0.03790/step) :: Entropy : 0.000 :: Grads : []
420 :: Rewards -12.314 :: steps: 1.00 :: Time: 0.039(0.03897/step) :: Entropy : 0.000 :: Grads : []
430 :: Rewards -12.314 :: steps: 1.00 :: Time: 0.040(0.04035/step) :: Entropy : 0.000 :: Grads : []
440 :: Rewards -12.314 :: steps: 1.00 :: Time: 0.044(0.04358/step) :: Entropy : 0.000 :: Grads : []
450 :: Rewards -12.628 :: steps: 1.00 :: Time: 0.047(0.04720/step) :: Entropy : 0.000 :: Grads : []
460 :: Rewards -12.628 :: steps: 1.00 :: Time: 0.047(0.04652/step) :: Entropy : 0.000 :: Grads : []
470 :: Rewards -12.628 :: steps: 1.00 :: Time: 0.046(0.04580/step) :: Entropy : 0.000 :: Grads : []
480 :: Rewards -13.226 :: steps: 1.00 :: Time: 0.045(0.04451/step) :: Entropy : 0.000 :: Grads : []
490 :: Rewards -13.836 :: steps: 1.00 :: Time: 0.045(0.04499/step) :: Entropy : 0.000 :: Grads : []
500 :: Rewards -13.836 :: steps: 1.00 :: Time: 0.046(0.04559/step) :: Entropy : 0.000 :: Grads : []
510 :: Rewards -13.836 :: steps: 1.00 :: Time: 0.048(0.04783/step) :: Entropy : 0.000 :: Grads : []
520 :: Rewards -13.836 :: steps: 1.00 :: Time: 0.046(0.04611/step) :: Entropy : 0.000 :: Grads : []
530 :: Rewards -14.786 :: steps: 1.00 :: Time: 0.048(0.04758/step) :: Entropy : 0.000 :: Grads : []
540 :: Rewards -15.994 :: steps: 1.00 :: Time: 0.048(0.04810/step) :: Entropy : 0.000 :: Grads : []
550 :: Rewards -15.994 :: steps: 1.00 :: Time: 0.049(0.04867/step) :: Entropy : 0.000 :: Grads : []
560 :: Rewards -16.648 :: steps: 1.00 :: Time: 0.049(0.04921/step) :: Entropy : 0.000 :: Grads : []
570 :: Rewards -16.648 :: steps: 1.00 :: Time: 0.050(0.04997/step) :: Entropy : 0.000 :: Grads : []
580 :: Rewards -16.648 :: steps: 1.00 :: Time: 0.050(0.05022/step) :: Entropy : 0.000 :: Grads : []
590 :: Rewards -16.648 :: steps: 1.00 :: Time: 0.051(0.05100/step) :: Entropy : 0.000 :: Grads : []
600 :: Rewards -16.648 :: steps: 1.00 :: Time: 0.050(0.05042/step) :: Entropy : 0.000 :: Grads : []
610 :: Rewards -16.648 :: steps: 1.00 :: Time: 0.052(0.05218/step) :: Entropy : 0.000 :: Grads : []
620 :: Rewards -16.648 :: steps: 1.00 :: Time: 0.052(0.05231/step) :: Entropy : 0.000 :: Grads : []
630 :: Rewards -16.648 :: steps: 1.00 :: Time: 0.054(0.05363/step) :: Entropy : 0.000 :: Grads : []
640 :: Rewards -16.648 :: steps: 1.00 :: Time: 0.058(0.05813/step) :: Entropy : 0.000 :: Grads : []
650 :: Rewards -16.648 :: steps: 1.00 :: Time: 0.058(0.05756/step) :: Entropy : 0.000 :: Grads : []
660 :: Rewards -16.648 :: steps: 1.00 :: Time: 0.058(0.05844/step) :: Entropy : 0.000 :: Grads : []
670 :: Rewards -16.648 :: steps: 1.00 :: Time: 0.061(0.06113/step) :: Entropy : 0.000 :: Grads : []
680 :: Rewards -16.648 :: steps: 1.00 :: Time: 0.066(0.06599/step) :: Entropy : 0.000 :: Grads : []
690 :: Rewards -16.648 :: steps: 1.00 :: Time: 0.065(0.06475/step) :: Entropy : 0.000 :: Grads : []
700 :: Rewards -16.648 :: steps: 1.00 :: Time: 0.066(0.06570/step) :: Entropy : 0.000 :: Grads : []
710 :: Rewards -16.648 :: steps: 1.00 :: Time: 0.067(0.06705/step) :: Entropy : 0.000 :: Grads : []
720 :: Rewards -16.659 :: steps: 1.00 :: Time: 0.068(0.06819/step) :: Entropy : 0.000 :: Grads : []
730 :: Rewards -16.737 :: steps: 1.00 :: Time: 0.070(0.06983/step) :: Entropy : 0.000 :: Grads : []
740 :: Rewards -17.013 :: steps: 1.00 :: Time: 0.071(0.07087/step) :: Entropy : 0.000 :: Grads : []
750 :: Rewards -17.453 :: steps: 1.00 :: Time: 0.072(0.07231/step) :: Entropy : 0.000 :: Grads : []
760 :: Rewards -17.975 :: steps: 1.00 :: Time: 0.074(0.07388/step) :: Entropy : 0.000 :: Grads : []
770 :: Rewards -18.721 :: steps: 1.00 :: Time: 0.077(0.07671/step) :: Entropy : 0.000 :: Grads : []
780 :: Rewards -19.716 :: steps: 1.00 :: Time: 0.082(0.08238/step) :: Entropy : 0.000 :: Grads : []
790 :: Rewards -20.846 :: steps: 1.00 :: Time: 0.079(0.07911/step) :: Entropy : 0.000 :: Grads : []
800 :: Rewards -22.209 :: steps: 1.00 :: Time: 0.079(0.07939/step) :: Entropy : 0.000 :: Grads : []
810 :: Rewards -23.671 :: steps: 1.00 :: Time: 0.080(0.08039/step) :: Entropy : 0.000 :: Grads : []
820 :: Rewards -25.327 :: steps: 1.00 :: Time: 0.082(0.08206/step) :: Entropy : 0.000 :: Grads : []
830 :: Rewards -27.226 :: steps: 1.00 :: Time: 0.084(0.08400/step) :: Entropy : 0.000 :: Grads : []
840 :: Rewards -29.227 :: steps: 1.00 :: Time: 0.086(0.08569/step) :: Entropy : 0.000 :: Grads : []
850 :: Rewards -31.458 :: steps: 1.00 :: Time: 0.088(0.08754/step) :: Entropy : 0.000 :: Grads : []
860 :: Rewards -32.593 :: steps: 1.00 :: Time: 0.090(0.09030/step) :: Entropy : 0.000 :: Grads : []
870 :: Rewards -33.603 :: steps: 1.00 :: Time: 0.090(0.08986/step) :: Entropy : 0.000 :: Grads : []
880 :: Rewards -33.603 :: steps: 1.00 :: Time: 0.093(0.09257/step) :: Entropy : 0.000 :: Grads : []
890 :: Rewards -33.603 :: steps: 1.00 :: Time: 0.094(0.09378/step) :: Entropy : 0.000 :: Grads : []
900 :: Rewards -33.603 :: steps: 1.00 :: Time: 0.095(0.09526/step) :: Entropy : 0.000 :: Grads : []
910 :: Rewards -33.603 :: steps: 1.00 :: Time: 0.097(0.09678/step) :: Entropy : 0.000 :: Grads : []
920 :: Rewards -33.603 :: steps: 1.00 :: Time: 0.099(0.09922/step) :: Entropy : 0.000 :: Grads : []
930 :: Rewards -33.603 :: steps: 1.00 :: Time: 0.100(0.10008/step) :: Entropy : 0.000 :: Grads : []
940 :: Rewards -33.974 :: steps: 1.00 :: Time: 0.103(0.10298/step) :: Entropy : 0.000 :: Grads : []
950 :: Rewards -34.118 :: steps: 1.00 :: Time: 0.107(0.10725/step) :: Entropy : 0.000 :: Grads : []
960 :: Rewards -34.118 :: steps: 1.00 :: Time: 0.108(0.10771/step) :: Entropy : 0.000 :: Grads : []
970 :: Rewards -34.118 :: steps: 1.00 :: Time: 0.104(0.10400/step) :: Entropy : 0.000 :: Grads : []
980 :: Rewards -34.173 :: steps: 1.00 :: Time: 0.106(0.10647/step) :: Entropy : 0.000 :: Grads : []
990 :: Rewards -34.173 :: steps: 1.00 :: Time: 0.108(0.10780/step) :: Entropy : 0.000 :: Grads : []
999 :: Rewards -34.207 :: steps: 0.90 :: Time: 0.098(0.10913/step) :: Entropy : 0.000 :: Grads : []
Total time taken: 52.11604571342468
