Module path:  Environments.NS_Reco NS_Reco
Dynamically loaded from:  <class 'Environments.NS_Reco.NS_Reco'>
Reward Amplitudes: [4.17022005e-01 7.20324493e-01 1.14374817e-04 3.02332573e-01
 1.46755891e-01] :: Avg 0.317309867282206 
Module path:  Src.Algorithms.ONPG ONPG
Dynamically loaded from:  <class 'Src.Algorithms.ONPG.ONPG'>
=====Configurations=====
 Namespace(NN_basis_dim='32', Policy_basis_dim='32', actor_lr=0.009763971172325225, algo_name='ONPG', base=0, batch_size=1000, buffer_size=1000, debug=False, delta=5, entropy_lambda=0.08923394226237882, env_name='NS_Reco', experiment='NS_2r_', extrapolator_basis='Fourier', folder_suffix='Default', fourier_coupled=True, fourier_k=7, fourier_order=3, gamma=0.99, gauss_std=1.5, gpu=0, hyper='default', importance_clip=15.0, inc=1, log_output='term_file', max_episodes=1000, max_inner=150, max_steps=500, optim='rmsprop', oracle=-1, raw_basis=True, restore=False, save_count=100, save_model=True, seed=0, speed=2, state_lr=0.001, summary=True, swarm=False, timestamp='5|25|11:22:7')
Actions space: 5 :: State space: 1
State Low: tensor([0.]) :: State High: tensor([1.])
State features:  [('dummy_param', torch.Size([1]))]
Policy:  [('fc1.weight', torch.Size([5, 1])), ('fc1.bias', torch.Size([5]))]
0 :: Rewards -0.025 :: steps: 0.10 :: Time: 0.000(0.00062/step) :: Entropy : 0.000 :: Grads : []
10 :: Rewards -0.148 :: steps: 1.00 :: Time: 0.001(0.00084/step) :: Entropy : 0.000 :: Grads : []
20 :: Rewards -0.568 :: steps: 1.00 :: Time: 0.001(0.00056/step) :: Entropy : 0.000 :: Grads : []
30 :: Rewards -1.244 :: steps: 1.00 :: Time: 0.001(0.00054/step) :: Entropy : 0.000 :: Grads : []
40 :: Rewards -1.906 :: steps: 1.00 :: Time: 0.001(0.00054/step) :: Entropy : 0.000 :: Grads : []
50 :: Rewards -2.724 :: steps: 1.00 :: Time: 0.001(0.00054/step) :: Entropy : 0.000 :: Grads : []
60 :: Rewards -2.912 :: steps: 1.00 :: Time: 0.001(0.00054/step) :: Entropy : 0.000 :: Grads : []
70 :: Rewards -3.399 :: steps: 1.00 :: Time: 0.001(0.00053/step) :: Entropy : 0.000 :: Grads : []
80 :: Rewards -3.809 :: steps: 1.00 :: Time: 0.001(0.00053/step) :: Entropy : 0.000 :: Grads : []
90 :: Rewards -4.469 :: steps: 1.00 :: Time: 0.001(0.00056/step) :: Entropy : 0.000 :: Grads : []
100 :: Rewards -4.968 :: steps: 1.00 :: Time: 0.001(0.00054/step) :: Entropy : 0.000 :: Grads : []
110 :: Rewards -5.815 :: steps: 1.00 :: Time: 0.001(0.00053/step) :: Entropy : 0.000 :: Grads : []
120 :: Rewards -6.091 :: steps: 1.00 :: Time: 0.001(0.00054/step) :: Entropy : 0.000 :: Grads : []
130 :: Rewards -7.213 :: steps: 1.00 :: Time: 0.001(0.00052/step) :: Entropy : 0.000 :: Grads : []
140 :: Rewards -8.018 :: steps: 1.00 :: Time: 0.001(0.00055/step) :: Entropy : 0.000 :: Grads : []
150 :: Rewards -8.673 :: steps: 1.00 :: Time: 0.001(0.00053/step) :: Entropy : 0.000 :: Grads : []
160 :: Rewards -9.000 :: steps: 1.00 :: Time: 0.001(0.00054/step) :: Entropy : 0.000 :: Grads : []
170 :: Rewards -10.012 :: steps: 1.00 :: Time: 0.001(0.00052/step) :: Entropy : 0.000 :: Grads : []
180 :: Rewards -10.012 :: steps: 1.00 :: Time: 0.001(0.00054/step) :: Entropy : 0.000 :: Grads : []
190 :: Rewards -11.155 :: steps: 1.00 :: Time: 0.001(0.00053/step) :: Entropy : 0.000 :: Grads : []
200 :: Rewards -11.155 :: steps: 1.00 :: Time: 0.001(0.00056/step) :: Entropy : 0.000 :: Grads : []
210 :: Rewards -12.382 :: steps: 1.00 :: Time: 0.001(0.00053/step) :: Entropy : 0.000 :: Grads : []
220 :: Rewards -12.382 :: steps: 1.00 :: Time: 0.001(0.00053/step) :: Entropy : 0.000 :: Grads : []
230 :: Rewards -12.382 :: steps: 1.00 :: Time: 0.001(0.00052/step) :: Entropy : 0.000 :: Grads : []
240 :: Rewards -12.985 :: steps: 1.00 :: Time: 0.001(0.00054/step) :: Entropy : 0.000 :: Grads : []
250 :: Rewards -12.985 :: steps: 1.00 :: Time: 0.001(0.00053/step) :: Entropy : 0.000 :: Grads : []
260 :: Rewards -13.545 :: steps: 1.00 :: Time: 0.001(0.00053/step) :: Entropy : 0.000 :: Grads : []
270 :: Rewards -13.545 :: steps: 1.00 :: Time: 0.001(0.00052/step) :: Entropy : 0.000 :: Grads : []
280 :: Rewards -13.545 :: steps: 1.00 :: Time: 0.001(0.00054/step) :: Entropy : 0.000 :: Grads : []
290 :: Rewards -13.545 :: steps: 1.00 :: Time: 0.001(0.00055/step) :: Entropy : 0.000 :: Grads : []
300 :: Rewards -13.754 :: steps: 1.00 :: Time: 0.001(0.00054/step) :: Entropy : 0.000 :: Grads : []
310 :: Rewards -13.941 :: steps: 1.00 :: Time: 0.001(0.00056/step) :: Entropy : 0.000 :: Grads : []
320 :: Rewards -14.087 :: steps: 1.00 :: Time: 0.001(0.00056/step) :: Entropy : 0.000 :: Grads : []
330 :: Rewards -14.087 :: steps: 1.00 :: Time: 0.001(0.00054/step) :: Entropy : 0.000 :: Grads : []
340 :: Rewards -14.087 :: steps: 1.00 :: Time: 0.001(0.00057/step) :: Entropy : 0.000 :: Grads : []
350 :: Rewards -14.087 :: steps: 1.00 :: Time: 0.001(0.00054/step) :: Entropy : 0.000 :: Grads : []
360 :: Rewards -14.100 :: steps: 1.00 :: Time: 0.001(0.00054/step) :: Entropy : 0.000 :: Grads : []
370 :: Rewards -14.261 :: steps: 1.00 :: Time: 0.001(0.00053/step) :: Entropy : 0.000 :: Grads : []
380 :: Rewards -14.750 :: steps: 1.00 :: Time: 0.001(0.00054/step) :: Entropy : 0.000 :: Grads : []
390 :: Rewards -15.624 :: steps: 1.00 :: Time: 0.001(0.00055/step) :: Entropy : 0.000 :: Grads : []
400 :: Rewards -16.849 :: steps: 1.00 :: Time: 0.001(0.00053/step) :: Entropy : 0.000 :: Grads : []
410 :: Rewards -18.209 :: steps: 1.00 :: Time: 0.001(0.00053/step) :: Entropy : 0.000 :: Grads : []
420 :: Rewards -20.314 :: steps: 1.00 :: Time: 0.001(0.00052/step) :: Entropy : 0.000 :: Grads : []
430 :: Rewards -22.652 :: steps: 1.00 :: Time: 0.001(0.00052/step) :: Entropy : 0.000 :: Grads : []
440 :: Rewards -25.084 :: steps: 1.00 :: Time: 0.001(0.00053/step) :: Entropy : 0.000 :: Grads : []
450 :: Rewards -27.747 :: steps: 1.00 :: Time: 0.001(0.00052/step) :: Entropy : 0.000 :: Grads : []
460 :: Rewards -30.476 :: steps: 1.00 :: Time: 0.001(0.00052/step) :: Entropy : 0.000 :: Grads : []
470 :: Rewards -32.910 :: steps: 1.00 :: Time: 0.001(0.00052/step) :: Entropy : 0.000 :: Grads : []
480 :: Rewards -35.573 :: steps: 1.00 :: Time: 0.001(0.00052/step) :: Entropy : 0.000 :: Grads : []
490 :: Rewards -37.123 :: steps: 1.00 :: Time: 0.001(0.00052/step) :: Entropy : 0.000 :: Grads : []
500 :: Rewards -39.174 :: steps: 1.00 :: Time: 0.001(0.00052/step) :: Entropy : 0.000 :: Grads : []
510 :: Rewards -39.920 :: steps: 1.00 :: Time: 0.001(0.00055/step) :: Entropy : 0.000 :: Grads : []
520 :: Rewards -41.684 :: steps: 1.00 :: Time: 0.001(0.00053/step) :: Entropy : 0.000 :: Grads : []
530 :: Rewards -42.105 :: steps: 1.00 :: Time: 0.001(0.00052/step) :: Entropy : 0.000 :: Grads : []
540 :: Rewards -43.207 :: steps: 1.00 :: Time: 0.001(0.00052/step) :: Entropy : 0.000 :: Grads : []
550 :: Rewards -44.185 :: steps: 1.00 :: Time: 0.001(0.00052/step) :: Entropy : 0.000 :: Grads : []
560 :: Rewards -45.150 :: steps: 1.00 :: Time: 0.001(0.00053/step) :: Entropy : 0.000 :: Grads : []
570 :: Rewards -46.308 :: steps: 1.00 :: Time: 0.001(0.00053/step) :: Entropy : 0.000 :: Grads : []
580 :: Rewards -47.548 :: steps: 1.00 :: Time: 0.001(0.00053/step) :: Entropy : 0.000 :: Grads : []
590 :: Rewards -48.819 :: steps: 1.00 :: Time: 0.001(0.00052/step) :: Entropy : 0.000 :: Grads : []
600 :: Rewards -49.192 :: steps: 1.00 :: Time: 0.001(0.00052/step) :: Entropy : 0.000 :: Grads : []
610 :: Rewards -49.626 :: steps: 1.00 :: Time: 0.001(0.00052/step) :: Entropy : 0.000 :: Grads : []
620 :: Rewards -50.355 :: steps: 1.00 :: Time: 0.001(0.00052/step) :: Entropy : 0.000 :: Grads : []
630 :: Rewards -51.159 :: steps: 1.00 :: Time: 0.001(0.00052/step) :: Entropy : 0.000 :: Grads : []
640 :: Rewards -51.706 :: steps: 1.00 :: Time: 0.001(0.00052/step) :: Entropy : 0.000 :: Grads : []
650 :: Rewards -51.932 :: steps: 1.00 :: Time: 0.001(0.00053/step) :: Entropy : 0.000 :: Grads : []
660 :: Rewards -53.352 :: steps: 1.00 :: Time: 0.001(0.00052/step) :: Entropy : 0.000 :: Grads : []
670 :: Rewards -54.684 :: steps: 1.00 :: Time: 0.001(0.00052/step) :: Entropy : 0.000 :: Grads : []
680 :: Rewards -55.653 :: steps: 1.00 :: Time: 0.001(0.00056/step) :: Entropy : 0.000 :: Grads : []
690 :: Rewards -56.017 :: steps: 1.00 :: Time: 0.001(0.00053/step) :: Entropy : 0.000 :: Grads : []
700 :: Rewards -56.434 :: steps: 1.00 :: Time: 0.001(0.00053/step) :: Entropy : 0.000 :: Grads : []
710 :: Rewards -57.162 :: steps: 1.00 :: Time: 0.001(0.00053/step) :: Entropy : 0.000 :: Grads : []
720 :: Rewards -57.649 :: steps: 1.00 :: Time: 0.001(0.00053/step) :: Entropy : 0.000 :: Grads : []
730 :: Rewards -57.727 :: steps: 1.00 :: Time: 0.001(0.00053/step) :: Entropy : 0.000 :: Grads : []
740 :: Rewards -58.390 :: steps: 1.00 :: Time: 0.001(0.00052/step) :: Entropy : 0.000 :: Grads : []
750 :: Rewards -59.685 :: steps: 1.00 :: Time: 0.001(0.00052/step) :: Entropy : 0.000 :: Grads : []
760 :: Rewards -59.975 :: steps: 1.00 :: Time: 0.001(0.00052/step) :: Entropy : 0.000 :: Grads : []
770 :: Rewards -60.321 :: steps: 1.00 :: Time: 0.001(0.00053/step) :: Entropy : 0.000 :: Grads : []
780 :: Rewards -60.443 :: steps: 1.00 :: Time: 0.001(0.00056/step) :: Entropy : 0.000 :: Grads : []
790 :: Rewards -60.923 :: steps: 1.00 :: Time: 0.001(0.00054/step) :: Entropy : 0.000 :: Grads : []
800 :: Rewards -61.879 :: steps: 1.00 :: Time: 0.001(0.00054/step) :: Entropy : 0.000 :: Grads : []
810 :: Rewards -62.300 :: steps: 1.00 :: Time: 0.001(0.00053/step) :: Entropy : 0.000 :: Grads : []
820 :: Rewards -62.855 :: steps: 1.00 :: Time: 0.001(0.00053/step) :: Entropy : 0.000 :: Grads : []
830 :: Rewards -63.393 :: steps: 1.00 :: Time: 0.001(0.00052/step) :: Entropy : 0.000 :: Grads : []
840 :: Rewards -63.754 :: steps: 1.00 :: Time: 0.001(0.00053/step) :: Entropy : 0.000 :: Grads : []
850 :: Rewards -63.868 :: steps: 1.00 :: Time: 0.001(0.00053/step) :: Entropy : 0.000 :: Grads : []
860 :: Rewards -64.363 :: steps: 1.00 :: Time: 0.001(0.00052/step) :: Entropy : 0.000 :: Grads : []
870 :: Rewards -64.883 :: steps: 1.00 :: Time: 0.001(0.00053/step) :: Entropy : 0.000 :: Grads : []
880 :: Rewards -65.505 :: steps: 1.00 :: Time: 0.001(0.00052/step) :: Entropy : 0.000 :: Grads : []
890 :: Rewards -66.181 :: steps: 1.00 :: Time: 0.001(0.00052/step) :: Entropy : 0.000 :: Grads : []
900 :: Rewards -68.035 :: steps: 1.00 :: Time: 0.001(0.00053/step) :: Entropy : 0.000 :: Grads : []
910 :: Rewards -69.609 :: steps: 1.00 :: Time: 0.001(0.00052/step) :: Entropy : 0.000 :: Grads : []
920 :: Rewards -71.704 :: steps: 1.00 :: Time: 0.001(0.00053/step) :: Entropy : 0.000 :: Grads : []
930 :: Rewards -74.847 :: steps: 1.00 :: Time: 0.001(0.00052/step) :: Entropy : 0.000 :: Grads : []
940 :: Rewards -78.260 :: steps: 1.00 :: Time: 0.001(0.00056/step) :: Entropy : 0.000 :: Grads : []
950 :: Rewards -81.920 :: steps: 1.00 :: Time: 0.001(0.00053/step) :: Entropy : 0.000 :: Grads : []
960 :: Rewards -86.148 :: steps: 1.00 :: Time: 0.001(0.00052/step) :: Entropy : 0.000 :: Grads : []
970 :: Rewards -91.051 :: steps: 1.00 :: Time: 0.001(0.00052/step) :: Entropy : 0.000 :: Grads : []
980 :: Rewards -95.877 :: steps: 1.00 :: Time: 0.001(0.00052/step) :: Entropy : 0.000 :: Grads : []
990 :: Rewards -101.359 :: steps: 1.00 :: Time: 0.001(0.00053/step) :: Entropy : 0.000 :: Grads : []
999 :: Rewards -106.612 :: steps: 0.90 :: Time: 0.001(0.00056/step) :: Entropy : 0.000 :: Grads : []
Total time taken: 0.5754070281982422
