Module path:  Environments.NS_Reco NS_Reco
Dynamically loaded from:  <class 'Environments.NS_Reco.NS_Reco'>
Reward Amplitudes: [4.17022005e-01 7.20324493e-01 1.14374817e-04 3.02332573e-01
 1.46755891e-01] :: Avg 0.317309867282206 
Module path:  Src.Algorithms.ProWLS ProWLS
Dynamically loaded from:  <class 'Src.Algorithms.ProWLS.ProWLS'>
=====Configurations=====
 Namespace(NN_basis_dim='32', Policy_basis_dim='32', actor_lr=0.004415491219348583, algo_name='ProWLS', base=0, batch_size=1000, buffer_size=1000, debug=False, delta=1, entropy_lambda=0.0010074417839719013, env_name='NS_Reco', experiment='NS_0_', extrapolator_basis='Fourier', folder_suffix='Default', fourier_coupled=True, fourier_k=3, fourier_order=3, gamma=0.99, gauss_std=1.5, gpu=0, hyper='default', importance_clip=5.0, inc=1, log_output='term_file', max_episodes=1000, max_inner=20, max_steps=500, optim='rmsprop', oracle=-1, raw_basis=True, restore=False, save_count=100, save_model=True, seed=12, speed=0, state_lr=0.001, summary=True, swarm=False, timestamp='5|24|20:19:14')
Actions space: 5 :: State space: 1
State Low: tensor([0.]) :: State High: tensor([1.])
State features:  [('dummy_param', torch.Size([1]))]
Policy:  [('fc1.weight', torch.Size([5, 1])), ('fc1.bias', torch.Size([5]))]
0 :: Rewards 0.412 :: steps: 0.10 :: Time: 0.000(0.00060/step) :: Entropy : 0.000 :: Grads : []
10 :: Rewards 1.860 :: steps: 1.00 :: Time: 0.009(0.00917/step) :: Entropy : 0.000 :: Grads : []
20 :: Rewards 4.791 :: steps: 1.00 :: Time: 0.011(0.01127/step) :: Entropy : 0.000 :: Grads : []
30 :: Rewards 8.057 :: steps: 1.00 :: Time: 0.011(0.01147/step) :: Entropy : 0.000 :: Grads : []
40 :: Rewards 11.807 :: steps: 1.00 :: Time: 0.011(0.01122/step) :: Entropy : 0.000 :: Grads : []
50 :: Rewards 15.707 :: steps: 1.00 :: Time: 0.011(0.01135/step) :: Entropy : 0.000 :: Grads : []
60 :: Rewards 19.877 :: steps: 1.00 :: Time: 0.011(0.01146/step) :: Entropy : 0.000 :: Grads : []
70 :: Rewards 24.020 :: steps: 1.00 :: Time: 0.012(0.01161/step) :: Entropy : 0.000 :: Grads : []
80 :: Rewards 28.048 :: steps: 1.00 :: Time: 0.012(0.01174/step) :: Entropy : 0.000 :: Grads : []
90 :: Rewards 32.628 :: steps: 1.00 :: Time: 0.012(0.01183/step) :: Entropy : 0.000 :: Grads : []
100 :: Rewards 39.137 :: steps: 1.00 :: Time: 0.012(0.01203/step) :: Entropy : 0.000 :: Grads : []
110 :: Rewards 45.920 :: steps: 1.00 :: Time: 0.012(0.01224/step) :: Entropy : 0.000 :: Grads : []
120 :: Rewards 53.105 :: steps: 1.00 :: Time: 0.012(0.01242/step) :: Entropy : 0.000 :: Grads : []
130 :: Rewards 60.293 :: steps: 1.00 :: Time: 0.013(0.01262/step) :: Entropy : 0.000 :: Grads : []
140 :: Rewards 66.519 :: steps: 1.00 :: Time: 0.013(0.01281/step) :: Entropy : 0.000 :: Grads : []
150 :: Rewards 73.425 :: steps: 1.00 :: Time: 0.013(0.01302/step) :: Entropy : 0.000 :: Grads : []
160 :: Rewards 80.361 :: steps: 1.00 :: Time: 0.013(0.01324/step) :: Entropy : 0.000 :: Grads : []
170 :: Rewards 87.555 :: steps: 1.00 :: Time: 0.013(0.01349/step) :: Entropy : 0.000 :: Grads : []
180 :: Rewards 94.752 :: steps: 1.00 :: Time: 0.014(0.01373/step) :: Entropy : 0.000 :: Grads : []
190 :: Rewards 101.966 :: steps: 1.00 :: Time: 0.015(0.01457/step) :: Entropy : 0.000 :: Grads : []
200 :: Rewards 109.148 :: steps: 1.00 :: Time: 0.015(0.01466/step) :: Entropy : 0.000 :: Grads : []
210 :: Rewards 116.352 :: steps: 1.00 :: Time: 0.015(0.01502/step) :: Entropy : 0.000 :: Grads : []
220 :: Rewards 123.548 :: steps: 1.00 :: Time: 0.015(0.01529/step) :: Entropy : 0.000 :: Grads : []
230 :: Rewards 130.707 :: steps: 1.00 :: Time: 0.016(0.01570/step) :: Entropy : 0.000 :: Grads : []
240 :: Rewards 137.882 :: steps: 1.00 :: Time: 0.016(0.01603/step) :: Entropy : 0.000 :: Grads : []
250 :: Rewards 145.071 :: steps: 1.00 :: Time: 0.016(0.01632/step) :: Entropy : 0.000 :: Grads : []
260 :: Rewards 152.278 :: steps: 1.00 :: Time: 0.017(0.01673/step) :: Entropy : 0.000 :: Grads : []
270 :: Rewards 159.441 :: steps: 1.00 :: Time: 0.017(0.01703/step) :: Entropy : 0.000 :: Grads : []
280 :: Rewards 166.653 :: steps: 1.00 :: Time: 0.017(0.01724/step) :: Entropy : 0.000 :: Grads : []
290 :: Rewards 173.822 :: steps: 1.00 :: Time: 0.018(0.01752/step) :: Entropy : 0.000 :: Grads : []
300 :: Rewards 181.040 :: steps: 1.00 :: Time: 0.018(0.01766/step) :: Entropy : 0.000 :: Grads : []
310 :: Rewards 188.274 :: steps: 1.00 :: Time: 0.018(0.01786/step) :: Entropy : 0.000 :: Grads : []
320 :: Rewards 195.438 :: steps: 1.00 :: Time: 0.018(0.01829/step) :: Entropy : 0.000 :: Grads : []
330 :: Rewards 202.616 :: steps: 1.00 :: Time: 0.019(0.01872/step) :: Entropy : 0.000 :: Grads : []
340 :: Rewards 209.120 :: steps: 1.00 :: Time: 0.019(0.01886/step) :: Entropy : 0.000 :: Grads : []
350 :: Rewards 216.331 :: steps: 1.00 :: Time: 0.019(0.01923/step) :: Entropy : 0.000 :: Grads : []
360 :: Rewards 223.504 :: steps: 1.00 :: Time: 0.019(0.01946/step) :: Entropy : 0.000 :: Grads : []
370 :: Rewards 230.715 :: steps: 1.00 :: Time: 0.020(0.01989/step) :: Entropy : 0.000 :: Grads : []
380 :: Rewards 237.928 :: steps: 1.00 :: Time: 0.020(0.02023/step) :: Entropy : 0.000 :: Grads : []
390 :: Rewards 245.123 :: steps: 1.00 :: Time: 0.021(0.02071/step) :: Entropy : 0.000 :: Grads : []
400 :: Rewards 252.305 :: steps: 1.00 :: Time: 0.021(0.02097/step) :: Entropy : 0.000 :: Grads : []
410 :: Rewards 259.511 :: steps: 1.00 :: Time: 0.023(0.02323/step) :: Entropy : 0.000 :: Grads : []
420 :: Rewards 266.753 :: steps: 1.00 :: Time: 0.022(0.02202/step) :: Entropy : 0.000 :: Grads : []
430 :: Rewards 273.969 :: steps: 1.00 :: Time: 0.022(0.02214/step) :: Entropy : 0.000 :: Grads : []
440 :: Rewards 281.220 :: steps: 1.00 :: Time: 0.023(0.02252/step) :: Entropy : 0.000 :: Grads : []
450 :: Rewards 288.377 :: steps: 1.00 :: Time: 0.023(0.02288/step) :: Entropy : 0.000 :: Grads : []
460 :: Rewards 295.555 :: steps: 1.00 :: Time: 0.023(0.02329/step) :: Entropy : 0.000 :: Grads : []
470 :: Rewards 302.737 :: steps: 1.00 :: Time: 0.024(0.02368/step) :: Entropy : 0.000 :: Grads : []
480 :: Rewards 309.952 :: steps: 1.00 :: Time: 0.024(0.02403/step) :: Entropy : 0.000 :: Grads : []
490 :: Rewards 317.175 :: steps: 1.00 :: Time: 0.025(0.02457/step) :: Entropy : 0.000 :: Grads : []
500 :: Rewards 324.387 :: steps: 1.00 :: Time: 0.025(0.02502/step) :: Entropy : 0.000 :: Grads : []
510 :: Rewards 331.588 :: steps: 1.00 :: Time: 0.025(0.02534/step) :: Entropy : 0.000 :: Grads : []
520 :: Rewards 338.768 :: steps: 1.00 :: Time: 0.026(0.02582/step) :: Entropy : 0.000 :: Grads : []
530 :: Rewards 345.984 :: steps: 1.00 :: Time: 0.026(0.02633/step) :: Entropy : 0.000 :: Grads : []
540 :: Rewards 353.177 :: steps: 1.00 :: Time: 0.027(0.02668/step) :: Entropy : 0.000 :: Grads : []
550 :: Rewards 360.390 :: steps: 1.00 :: Time: 0.027(0.02712/step) :: Entropy : 0.000 :: Grads : []
560 :: Rewards 367.587 :: steps: 1.00 :: Time: 0.028(0.02754/step) :: Entropy : 0.000 :: Grads : []
570 :: Rewards 374.818 :: steps: 1.00 :: Time: 0.028(0.02821/step) :: Entropy : 0.000 :: Grads : []
580 :: Rewards 382.027 :: steps: 1.00 :: Time: 0.029(0.02888/step) :: Entropy : 0.000 :: Grads : []
590 :: Rewards 389.248 :: steps: 1.00 :: Time: 0.029(0.02939/step) :: Entropy : 0.000 :: Grads : []
600 :: Rewards 396.481 :: steps: 1.00 :: Time: 0.030(0.02986/step) :: Entropy : 0.000 :: Grads : []
610 :: Rewards 403.702 :: steps: 1.00 :: Time: 0.030(0.03048/step) :: Entropy : 0.000 :: Grads : []
620 :: Rewards 410.896 :: steps: 1.00 :: Time: 0.031(0.03109/step) :: Entropy : 0.000 :: Grads : []
630 :: Rewards 418.110 :: steps: 1.00 :: Time: 0.032(0.03154/step) :: Entropy : 0.000 :: Grads : []
640 :: Rewards 425.311 :: steps: 1.00 :: Time: 0.032(0.03190/step) :: Entropy : 0.000 :: Grads : []
650 :: Rewards 432.479 :: steps: 1.00 :: Time: 0.033(0.03269/step) :: Entropy : 0.000 :: Grads : []
660 :: Rewards 439.699 :: steps: 1.00 :: Time: 0.033(0.03347/step) :: Entropy : 0.000 :: Grads : []
670 :: Rewards 446.888 :: steps: 1.00 :: Time: 0.034(0.03421/step) :: Entropy : 0.000 :: Grads : []
680 :: Rewards 454.111 :: steps: 1.00 :: Time: 0.035(0.03481/step) :: Entropy : 0.000 :: Grads : []
690 :: Rewards 461.303 :: steps: 1.00 :: Time: 0.036(0.03598/step) :: Entropy : 0.000 :: Grads : []
700 :: Rewards 468.491 :: steps: 1.00 :: Time: 0.037(0.03666/step) :: Entropy : 0.000 :: Grads : []
710 :: Rewards 475.717 :: steps: 1.00 :: Time: 0.037(0.03750/step) :: Entropy : 0.000 :: Grads : []
720 :: Rewards 482.974 :: steps: 1.00 :: Time: 0.038(0.03804/step) :: Entropy : 0.000 :: Grads : []
730 :: Rewards 490.194 :: steps: 1.00 :: Time: 0.039(0.03854/step) :: Entropy : 0.000 :: Grads : []
740 :: Rewards 497.381 :: steps: 1.00 :: Time: 0.039(0.03922/step) :: Entropy : 0.000 :: Grads : []
750 :: Rewards 504.581 :: steps: 1.00 :: Time: 0.040(0.03994/step) :: Entropy : 0.000 :: Grads : []
760 :: Rewards 511.754 :: steps: 1.00 :: Time: 0.041(0.04085/step) :: Entropy : 0.000 :: Grads : []
770 :: Rewards 518.960 :: steps: 1.00 :: Time: 0.043(0.04256/step) :: Entropy : 0.000 :: Grads : []
780 :: Rewards 526.178 :: steps: 1.00 :: Time: 0.043(0.04269/step) :: Entropy : 0.000 :: Grads : []
790 :: Rewards 533.402 :: steps: 1.00 :: Time: 0.044(0.04375/step) :: Entropy : 0.000 :: Grads : []
800 :: Rewards 540.627 :: steps: 1.00 :: Time: 0.044(0.04419/step) :: Entropy : 0.000 :: Grads : []
810 :: Rewards 547.828 :: steps: 1.00 :: Time: 0.045(0.04520/step) :: Entropy : 0.000 :: Grads : []
820 :: Rewards 555.027 :: steps: 1.00 :: Time: 0.046(0.04641/step) :: Entropy : 0.000 :: Grads : []
830 :: Rewards 562.241 :: steps: 1.00 :: Time: 0.048(0.04785/step) :: Entropy : 0.000 :: Grads : []
840 :: Rewards 569.465 :: steps: 1.00 :: Time: 0.048(0.04830/step) :: Entropy : 0.000 :: Grads : []
850 :: Rewards 576.740 :: steps: 1.00 :: Time: 0.050(0.05020/step) :: Entropy : 0.000 :: Grads : []
860 :: Rewards 583.916 :: steps: 1.00 :: Time: 0.050(0.05042/step) :: Entropy : 0.000 :: Grads : []
870 :: Rewards 591.134 :: steps: 1.00 :: Time: 0.051(0.05104/step) :: Entropy : 0.000 :: Grads : []
880 :: Rewards 598.350 :: steps: 1.00 :: Time: 0.052(0.05157/step) :: Entropy : 0.000 :: Grads : []
890 :: Rewards 605.537 :: steps: 1.00 :: Time: 0.053(0.05331/step) :: Entropy : 0.000 :: Grads : []
900 :: Rewards 612.719 :: steps: 1.00 :: Time: 0.055(0.05536/step) :: Entropy : 0.000 :: Grads : []
910 :: Rewards 619.873 :: steps: 1.00 :: Time: 0.056(0.05650/step) :: Entropy : 0.000 :: Grads : []
920 :: Rewards 627.046 :: steps: 1.00 :: Time: 0.057(0.05688/step) :: Entropy : 0.000 :: Grads : []
930 :: Rewards 634.276 :: steps: 1.00 :: Time: 0.059(0.05909/step) :: Entropy : 0.000 :: Grads : []
940 :: Rewards 641.460 :: steps: 1.00 :: Time: 0.060(0.05955/step) :: Entropy : 0.000 :: Grads : []
950 :: Rewards 648.640 :: steps: 1.00 :: Time: 0.061(0.06132/step) :: Entropy : 0.000 :: Grads : []
960 :: Rewards 655.833 :: steps: 1.00 :: Time: 0.063(0.06253/step) :: Entropy : 0.000 :: Grads : []
970 :: Rewards 663.013 :: steps: 1.00 :: Time: 0.064(0.06384/step) :: Entropy : 0.000 :: Grads : []
980 :: Rewards 670.217 :: steps: 1.00 :: Time: 0.065(0.06511/step) :: Entropy : 0.000 :: Grads : []
990 :: Rewards 677.399 :: steps: 1.00 :: Time: 0.067(0.06700/step) :: Entropy : 0.000 :: Grads : []
999 :: Rewards 683.872 :: steps: 0.90 :: Time: 0.060(0.06711/step) :: Entropy : 0.000 :: Grads : []
Total time taken: 29.72438621520996
