Module path:  Environments.NS_Reco NS_Reco
Dynamically loaded from:  <class 'Environments.NS_Reco.NS_Reco'>
Reward Amplitudes: [4.17022005e-01 7.20324493e-01 1.14374817e-04 3.02332573e-01
 1.46755891e-01] :: Avg 0.317309867282206 
Module path:  Src.Algorithms.OFPG OFPG
Dynamically loaded from:  <class 'Src.Algorithms.OFPG.OFPG'>
=====Configurations=====
 Namespace(NN_basis_dim='32', Policy_basis_dim='32', actor_lr=0.005252014538415403, algo_name='OFPG', base=0, batch_size=1000, buffer_size=1000, debug=False, delta=1, entropy_lambda=0.08551739420792737, env_name='NS_Reco', experiment='NS_4r_', extrapolator_basis='Fourier', folder_suffix='Default', fourier_coupled=True, fourier_k=7, fourier_order=3, gamma=0.99, gauss_std=1.5, gpu=0, hyper='default', importance_clip=10.0, inc=1, log_output='term_file', max_episodes=1000, max_inner=20, max_steps=500, optim='rmsprop', oracle=-1, raw_basis=True, restore=False, save_count=100, save_model=True, seed=26, speed=4, state_lr=0.001, summary=True, swarm=False, timestamp='5|25|10:10:22')
Actions space: 5 :: State space: 1
State Low: tensor([0.]) :: State High: tensor([1.])
State features:  [('dummy_param', torch.Size([1]))]
Policy:  [('fc1.weight', torch.Size([5, 1])), ('fc1.bias', torch.Size([5]))]
0 :: Rewards -0.008 :: steps: 0.10 :: Time: 0.001(0.01050/step) :: Entropy : 0.000 :: Grads : []
10 :: Rewards -0.375 :: steps: 1.00 :: Time: 0.009(0.00887/step) :: Entropy : 0.000 :: Grads : []
20 :: Rewards -1.361 :: steps: 1.00 :: Time: 0.009(0.00927/step) :: Entropy : 0.000 :: Grads : []
30 :: Rewards -2.862 :: steps: 1.00 :: Time: 0.009(0.00888/step) :: Entropy : 0.000 :: Grads : []
40 :: Rewards -4.116 :: steps: 1.00 :: Time: 0.008(0.00839/step) :: Entropy : 0.000 :: Grads : []
50 :: Rewards -5.453 :: steps: 1.00 :: Time: 0.009(0.00886/step) :: Entropy : 0.000 :: Grads : []
60 :: Rewards -5.993 :: steps: 1.00 :: Time: 0.010(0.01033/step) :: Entropy : 0.000 :: Grads : []
70 :: Rewards -6.300 :: steps: 1.00 :: Time: 0.009(0.00902/step) :: Entropy : 0.000 :: Grads : []
80 :: Rewards -7.770 :: steps: 1.00 :: Time: 0.009(0.00884/step) :: Entropy : 0.000 :: Grads : []
90 :: Rewards -9.455 :: steps: 1.00 :: Time: 0.009(0.00887/step) :: Entropy : 0.000 :: Grads : []
100 :: Rewards -10.404 :: steps: 1.00 :: Time: 0.009(0.00878/step) :: Entropy : 0.000 :: Grads : []
110 :: Rewards -10.842 :: steps: 1.00 :: Time: 0.009(0.00918/step) :: Entropy : 0.000 :: Grads : []
120 :: Rewards -10.842 :: steps: 1.00 :: Time: 0.010(0.00973/step) :: Entropy : 0.000 :: Grads : []
130 :: Rewards -11.147 :: steps: 1.00 :: Time: 0.011(0.01087/step) :: Entropy : 0.000 :: Grads : []
140 :: Rewards -11.416 :: steps: 1.00 :: Time: 0.010(0.00960/step) :: Entropy : 0.000 :: Grads : []
150 :: Rewards -11.624 :: steps: 1.00 :: Time: 0.009(0.00919/step) :: Entropy : 0.000 :: Grads : []
160 :: Rewards -11.757 :: steps: 1.00 :: Time: 0.009(0.00930/step) :: Entropy : 0.000 :: Grads : []
170 :: Rewards -12.096 :: steps: 1.00 :: Time: 0.009(0.00926/step) :: Entropy : 0.000 :: Grads : []
180 :: Rewards -12.225 :: steps: 1.00 :: Time: 0.010(0.01018/step) :: Entropy : 0.000 :: Grads : []
190 :: Rewards -12.579 :: steps: 1.00 :: Time: 0.010(0.00952/step) :: Entropy : 0.000 :: Grads : []
200 :: Rewards -13.602 :: steps: 1.00 :: Time: 0.010(0.01034/step) :: Entropy : 0.000 :: Grads : []
210 :: Rewards -15.009 :: steps: 1.00 :: Time: 0.010(0.00975/step) :: Entropy : 0.000 :: Grads : []
220 :: Rewards -17.525 :: steps: 1.00 :: Time: 0.010(0.01022/step) :: Entropy : 0.000 :: Grads : []
230 :: Rewards -20.710 :: steps: 1.00 :: Time: 0.010(0.01010/step) :: Entropy : 0.000 :: Grads : []
240 :: Rewards -23.826 :: steps: 1.00 :: Time: 0.010(0.00994/step) :: Entropy : 0.000 :: Grads : []
250 :: Rewards -26.973 :: steps: 1.00 :: Time: 0.010(0.00998/step) :: Entropy : 0.000 :: Grads : []
260 :: Rewards -30.529 :: steps: 1.00 :: Time: 0.011(0.01091/step) :: Entropy : 0.000 :: Grads : []
270 :: Rewards -33.950 :: steps: 1.00 :: Time: 0.010(0.01028/step) :: Entropy : 0.000 :: Grads : []
280 :: Rewards -36.765 :: steps: 1.00 :: Time: 0.011(0.01110/step) :: Entropy : 0.000 :: Grads : []
290 :: Rewards -41.139 :: steps: 1.00 :: Time: 0.011(0.01133/step) :: Entropy : 0.000 :: Grads : []
300 :: Rewards -43.002 :: steps: 1.00 :: Time: 0.012(0.01172/step) :: Entropy : 0.000 :: Grads : []
310 :: Rewards -47.385 :: steps: 1.00 :: Time: 0.011(0.01100/step) :: Entropy : 0.000 :: Grads : []
320 :: Rewards -49.637 :: steps: 1.00 :: Time: 0.012(0.01188/step) :: Entropy : 0.000 :: Grads : []
330 :: Rewards -55.218 :: steps: 1.00 :: Time: 0.011(0.01120/step) :: Entropy : 0.000 :: Grads : []
340 :: Rewards -56.898 :: steps: 1.00 :: Time: 0.012(0.01237/step) :: Entropy : 0.000 :: Grads : []
350 :: Rewards -59.256 :: steps: 1.00 :: Time: 0.011(0.01147/step) :: Entropy : 0.000 :: Grads : []
360 :: Rewards -62.519 :: steps: 1.00 :: Time: 0.012(0.01223/step) :: Entropy : 0.000 :: Grads : []
370 :: Rewards -65.575 :: steps: 1.00 :: Time: 0.012(0.01186/step) :: Entropy : 0.000 :: Grads : []
380 :: Rewards -68.381 :: steps: 1.00 :: Time: 0.012(0.01184/step) :: Entropy : 0.000 :: Grads : []
390 :: Rewards -71.955 :: steps: 1.00 :: Time: 0.012(0.01206/step) :: Entropy : 0.000 :: Grads : []
400 :: Rewards -74.211 :: steps: 1.00 :: Time: 0.012(0.01240/step) :: Entropy : 0.000 :: Grads : []
410 :: Rewards -77.211 :: steps: 1.00 :: Time: 0.012(0.01230/step) :: Entropy : 0.000 :: Grads : []
420 :: Rewards -79.035 :: steps: 1.00 :: Time: 0.014(0.01389/step) :: Entropy : 0.000 :: Grads : []
430 :: Rewards -81.148 :: steps: 1.00 :: Time: 0.014(0.01363/step) :: Entropy : 0.000 :: Grads : []
440 :: Rewards -83.471 :: steps: 1.00 :: Time: 0.013(0.01285/step) :: Entropy : 0.000 :: Grads : []
450 :: Rewards -86.058 :: steps: 1.00 :: Time: 0.017(0.01691/step) :: Entropy : 0.000 :: Grads : []
460 :: Rewards -88.923 :: steps: 1.00 :: Time: 0.014(0.01422/step) :: Entropy : 0.000 :: Grads : []
470 :: Rewards -92.305 :: steps: 1.00 :: Time: 0.013(0.01285/step) :: Entropy : 0.000 :: Grads : []
480 :: Rewards -96.334 :: steps: 1.00 :: Time: 0.013(0.01298/step) :: Entropy : 0.000 :: Grads : []
490 :: Rewards -101.882 :: steps: 1.00 :: Time: 0.013(0.01301/step) :: Entropy : 0.000 :: Grads : []
500 :: Rewards -107.928 :: steps: 1.00 :: Time: 0.013(0.01340/step) :: Entropy : 0.000 :: Grads : []
510 :: Rewards -114.506 :: steps: 1.00 :: Time: 0.015(0.01541/step) :: Entropy : 0.000 :: Grads : []
520 :: Rewards -120.076 :: steps: 1.00 :: Time: 0.014(0.01380/step) :: Entropy : 0.000 :: Grads : []
530 :: Rewards -126.635 :: steps: 1.00 :: Time: 0.014(0.01352/step) :: Entropy : 0.000 :: Grads : []
540 :: Rewards -134.025 :: steps: 1.00 :: Time: 0.016(0.01552/step) :: Entropy : 0.000 :: Grads : []
550 :: Rewards -138.066 :: steps: 1.00 :: Time: 0.014(0.01437/step) :: Entropy : 0.000 :: Grads : []
560 :: Rewards -143.596 :: steps: 1.00 :: Time: 0.015(0.01457/step) :: Entropy : 0.000 :: Grads : []
570 :: Rewards -145.981 :: steps: 1.00 :: Time: 0.016(0.01579/step) :: Entropy : 0.000 :: Grads : []
580 :: Rewards -150.197 :: steps: 1.00 :: Time: 0.015(0.01528/step) :: Entropy : 0.000 :: Grads : []
590 :: Rewards -154.654 :: steps: 1.00 :: Time: 0.015(0.01509/step) :: Entropy : 0.000 :: Grads : []
600 :: Rewards -158.731 :: steps: 1.00 :: Time: 0.015(0.01540/step) :: Entropy : 0.000 :: Grads : []
610 :: Rewards -159.391 :: steps: 1.00 :: Time: 0.016(0.01635/step) :: Entropy : 0.000 :: Grads : []
620 :: Rewards -159.391 :: steps: 1.00 :: Time: 0.016(0.01606/step) :: Entropy : 0.000 :: Grads : []
630 :: Rewards -160.103 :: steps: 1.00 :: Time: 0.017(0.01690/step) :: Entropy : 0.000 :: Grads : []
640 :: Rewards -160.877 :: steps: 1.00 :: Time: 0.018(0.01844/step) :: Entropy : 0.000 :: Grads : []
650 :: Rewards -162.583 :: steps: 1.00 :: Time: 0.015(0.01537/step) :: Entropy : 0.000 :: Grads : []
660 :: Rewards -164.959 :: steps: 1.00 :: Time: 0.021(0.02118/step) :: Entropy : 0.000 :: Grads : []
670 :: Rewards -168.793 :: steps: 1.00 :: Time: 0.016(0.01649/step) :: Entropy : 0.000 :: Grads : []
680 :: Rewards -171.020 :: steps: 1.00 :: Time: 0.016(0.01572/step) :: Entropy : 0.000 :: Grads : []
690 :: Rewards -175.345 :: steps: 1.00 :: Time: 0.017(0.01654/step) :: Entropy : 0.000 :: Grads : []
700 :: Rewards -180.668 :: steps: 1.00 :: Time: 0.016(0.01574/step) :: Entropy : 0.000 :: Grads : []
710 :: Rewards -185.948 :: steps: 1.00 :: Time: 0.016(0.01631/step) :: Entropy : 0.000 :: Grads : []
720 :: Rewards -191.344 :: steps: 1.00 :: Time: 0.037(0.03686/step) :: Entropy : 0.000 :: Grads : []
730 :: Rewards -196.525 :: steps: 1.00 :: Time: 0.020(0.01966/step) :: Entropy : 0.000 :: Grads : []
740 :: Rewards -200.850 :: steps: 1.00 :: Time: 0.033(0.03321/step) :: Entropy : 0.000 :: Grads : []
750 :: Rewards -206.393 :: steps: 1.00 :: Time: 0.023(0.02316/step) :: Entropy : 0.000 :: Grads : []
760 :: Rewards -213.388 :: steps: 1.00 :: Time: 0.019(0.01876/step) :: Entropy : 0.000 :: Grads : []
770 :: Rewards -217.737 :: steps: 1.00 :: Time: 0.018(0.01811/step) :: Entropy : 0.000 :: Grads : []
780 :: Rewards -222.587 :: steps: 1.00 :: Time: 0.018(0.01760/step) :: Entropy : 0.000 :: Grads : []
790 :: Rewards -224.950 :: steps: 1.00 :: Time: 0.019(0.01860/step) :: Entropy : 0.000 :: Grads : []
800 :: Rewards -226.344 :: steps: 1.00 :: Time: 0.023(0.02251/step) :: Entropy : 0.000 :: Grads : []
810 :: Rewards -229.199 :: steps: 1.00 :: Time: 0.018(0.01845/step) :: Entropy : 0.000 :: Grads : []
820 :: Rewards -230.211 :: steps: 1.00 :: Time: 0.018(0.01760/step) :: Entropy : 0.000 :: Grads : []
830 :: Rewards -231.098 :: steps: 1.00 :: Time: 0.018(0.01790/step) :: Entropy : 0.000 :: Grads : []
840 :: Rewards -232.814 :: steps: 1.00 :: Time: 0.017(0.01661/step) :: Entropy : 0.000 :: Grads : []
850 :: Rewards -233.899 :: steps: 1.00 :: Time: 0.017(0.01660/step) :: Entropy : 0.000 :: Grads : []
860 :: Rewards -235.241 :: steps: 1.00 :: Time: 0.016(0.01599/step) :: Entropy : 0.000 :: Grads : []
870 :: Rewards -236.633 :: steps: 1.00 :: Time: 0.017(0.01712/step) :: Entropy : 0.000 :: Grads : []
880 :: Rewards -238.110 :: steps: 1.00 :: Time: 0.016(0.01605/step) :: Entropy : 0.000 :: Grads : []
890 :: Rewards -239.368 :: steps: 1.00 :: Time: 0.015(0.01472/step) :: Entropy : 0.000 :: Grads : []
900 :: Rewards -241.219 :: steps: 1.00 :: Time: 0.014(0.01415/step) :: Entropy : 0.000 :: Grads : []
910 :: Rewards -243.458 :: steps: 1.00 :: Time: 0.013(0.01281/step) :: Entropy : 0.000 :: Grads : []
920 :: Rewards -247.836 :: steps: 1.00 :: Time: 0.013(0.01312/step) :: Entropy : 0.000 :: Grads : []
930 :: Rewards -253.124 :: steps: 1.00 :: Time: 0.014(0.01377/step) :: Entropy : 0.000 :: Grads : []
940 :: Rewards -259.008 :: steps: 1.00 :: Time: 0.014(0.01370/step) :: Entropy : 0.000 :: Grads : []
950 :: Rewards -265.722 :: steps: 1.00 :: Time: 0.014(0.01372/step) :: Entropy : 0.000 :: Grads : []
960 :: Rewards -271.704 :: steps: 1.00 :: Time: 0.014(0.01371/step) :: Entropy : 0.000 :: Grads : []
970 :: Rewards -278.587 :: steps: 1.00 :: Time: 0.013(0.01316/step) :: Entropy : 0.000 :: Grads : []
980 :: Rewards -284.628 :: steps: 1.00 :: Time: 0.013(0.01334/step) :: Entropy : 0.000 :: Grads : []
990 :: Rewards -292.269 :: steps: 1.00 :: Time: 0.014(0.01358/step) :: Entropy : 0.000 :: Grads : []
999 :: Rewards -297.401 :: steps: 0.90 :: Time: 0.012(0.01385/step) :: Entropy : 0.000 :: Grads : []
Total time taken: 13.995069980621338
