Module path:  Environments.NS_Reco NS_Reco
Dynamically loaded from:  <class 'Environments.NS_Reco.NS_Reco'>
Reward Amplitudes: [4.17022005e-01 7.20324493e-01 1.14374817e-04 3.02332573e-01
 1.46755891e-01] :: Avg 0.317309867282206 
Module path:  Src.Algorithms.ProOLS ProOLS
Dynamically loaded from:  <class 'Src.Algorithms.ProOLS.ProOLS'>
=====Configurations=====
 Namespace(NN_basis_dim='32', Policy_basis_dim='32', actor_lr=0.0013967975033711264, algo_name='ProOLS', base=0, batch_size=1000, buffer_size=1000, debug=False, delta=1, entropy_lambda=0.009309067356364342, env_name='NS_Reco', experiment='NS_0_', extrapolator_basis='Fourier', folder_suffix='Default', fourier_coupled=True, fourier_k=5, fourier_order=3, gamma=0.99, gauss_std=1.5, gpu=0, hyper='default', importance_clip=15.0, inc=1, log_output='term_file', max_episodes=1000, max_inner=30, max_steps=500, optim='rmsprop', oracle=-1, raw_basis=True, restore=False, save_count=100, save_model=True, seed=4, speed=0, state_lr=0.001, summary=True, swarm=False, timestamp='5|24|20:2:0')
Actions space: 5 :: State space: 1
State Low: tensor([0.]) :: State High: tensor([1.])
State features:  [('dummy_param', torch.Size([1]))]
Policy:  [('fc1.weight', torch.Size([5, 1])), ('fc1.bias', torch.Size([5]))]
0 :: Rewards 0.153 :: steps: 0.10 :: Time: 0.000(0.00054/step) :: Entropy : 0.000 :: Grads : []
10 :: Rewards 3.780 :: steps: 1.00 :: Time: 0.008(0.00778/step) :: Entropy : 0.000 :: Grads : []
20 :: Rewards 8.014 :: steps: 1.00 :: Time: 0.012(0.01250/step) :: Entropy : 0.000 :: Grads : []
30 :: Rewards 11.458 :: steps: 1.00 :: Time: 0.013(0.01276/step) :: Entropy : 0.000 :: Grads : []
40 :: Rewards 14.836 :: steps: 1.00 :: Time: 0.012(0.01249/step) :: Entropy : 0.000 :: Grads : []
50 :: Rewards 20.159 :: steps: 1.00 :: Time: 0.012(0.01232/step) :: Entropy : 0.000 :: Grads : []
60 :: Rewards 25.725 :: steps: 1.00 :: Time: 0.012(0.01238/step) :: Entropy : 0.000 :: Grads : []
70 :: Rewards 31.003 :: steps: 1.00 :: Time: 0.012(0.01250/step) :: Entropy : 0.000 :: Grads : []
80 :: Rewards 36.099 :: steps: 1.00 :: Time: 0.013(0.01277/step) :: Entropy : 0.000 :: Grads : []
90 :: Rewards 42.394 :: steps: 1.00 :: Time: 0.013(0.01277/step) :: Entropy : 0.000 :: Grads : []
100 :: Rewards 47.863 :: steps: 1.00 :: Time: 0.013(0.01310/step) :: Entropy : 0.000 :: Grads : []
110 :: Rewards 54.779 :: steps: 1.00 :: Time: 0.013(0.01322/step) :: Entropy : 0.000 :: Grads : []
120 :: Rewards 60.643 :: steps: 1.00 :: Time: 0.013(0.01306/step) :: Entropy : 0.000 :: Grads : []
130 :: Rewards 67.216 :: steps: 1.00 :: Time: 0.013(0.01321/step) :: Entropy : 0.000 :: Grads : []
140 :: Rewards 74.119 :: steps: 1.00 :: Time: 0.013(0.01337/step) :: Entropy : 0.000 :: Grads : []
150 :: Rewards 80.972 :: steps: 1.00 :: Time: 0.013(0.01344/step) :: Entropy : 0.000 :: Grads : []
160 :: Rewards 87.835 :: steps: 1.00 :: Time: 0.015(0.01474/step) :: Entropy : 0.000 :: Grads : []
170 :: Rewards 95.017 :: steps: 1.00 :: Time: 0.014(0.01372/step) :: Entropy : 0.000 :: Grads : []
180 :: Rewards 102.237 :: steps: 1.00 :: Time: 0.014(0.01376/step) :: Entropy : 0.000 :: Grads : []
190 :: Rewards 109.441 :: steps: 1.00 :: Time: 0.014(0.01387/step) :: Entropy : 0.000 :: Grads : []
200 :: Rewards 116.655 :: steps: 1.00 :: Time: 0.014(0.01396/step) :: Entropy : 0.000 :: Grads : []
210 :: Rewards 123.852 :: steps: 1.00 :: Time: 0.014(0.01427/step) :: Entropy : 0.000 :: Grads : []
220 :: Rewards 131.042 :: steps: 1.00 :: Time: 0.014(0.01446/step) :: Entropy : 0.000 :: Grads : []
230 :: Rewards 138.274 :: steps: 1.00 :: Time: 0.014(0.01427/step) :: Entropy : 0.000 :: Grads : []
240 :: Rewards 145.466 :: steps: 1.00 :: Time: 0.015(0.01478/step) :: Entropy : 0.000 :: Grads : []
250 :: Rewards 152.680 :: steps: 1.00 :: Time: 0.014(0.01438/step) :: Entropy : 0.000 :: Grads : []
260 :: Rewards 159.917 :: steps: 1.00 :: Time: 0.015(0.01456/step) :: Entropy : 0.000 :: Grads : []
270 :: Rewards 167.117 :: steps: 1.00 :: Time: 0.015(0.01488/step) :: Entropy : 0.000 :: Grads : []
280 :: Rewards 174.322 :: steps: 1.00 :: Time: 0.015(0.01549/step) :: Entropy : 0.000 :: Grads : []
290 :: Rewards 181.553 :: steps: 1.00 :: Time: 0.015(0.01500/step) :: Entropy : 0.000 :: Grads : []
300 :: Rewards 188.709 :: steps: 1.00 :: Time: 0.016(0.01567/step) :: Entropy : 0.000 :: Grads : []
310 :: Rewards 195.902 :: steps: 1.00 :: Time: 0.015(0.01525/step) :: Entropy : 0.000 :: Grads : []
320 :: Rewards 203.130 :: steps: 1.00 :: Time: 0.015(0.01519/step) :: Entropy : 0.000 :: Grads : []
330 :: Rewards 210.371 :: steps: 1.00 :: Time: 0.016(0.01553/step) :: Entropy : 0.000 :: Grads : []
340 :: Rewards 217.558 :: steps: 1.00 :: Time: 0.016(0.01633/step) :: Entropy : 0.000 :: Grads : []
350 :: Rewards 224.751 :: steps: 1.00 :: Time: 0.016(0.01627/step) :: Entropy : 0.000 :: Grads : []
360 :: Rewards 231.956 :: steps: 1.00 :: Time: 0.016(0.01620/step) :: Entropy : 0.000 :: Grads : []
370 :: Rewards 239.142 :: steps: 1.00 :: Time: 0.016(0.01643/step) :: Entropy : 0.000 :: Grads : []
380 :: Rewards 246.335 :: steps: 1.00 :: Time: 0.016(0.01644/step) :: Entropy : 0.000 :: Grads : []
390 :: Rewards 253.553 :: steps: 1.00 :: Time: 0.017(0.01653/step) :: Entropy : 0.000 :: Grads : []
400 :: Rewards 260.773 :: steps: 1.00 :: Time: 0.017(0.01687/step) :: Entropy : 0.000 :: Grads : []
410 :: Rewards 267.991 :: steps: 1.00 :: Time: 0.017(0.01723/step) :: Entropy : 0.000 :: Grads : []
420 :: Rewards 275.212 :: steps: 1.00 :: Time: 0.018(0.01754/step) :: Entropy : 0.000 :: Grads : []
430 :: Rewards 282.384 :: steps: 1.00 :: Time: 0.018(0.01783/step) :: Entropy : 0.000 :: Grads : []
440 :: Rewards 289.568 :: steps: 1.00 :: Time: 0.018(0.01755/step) :: Entropy : 0.000 :: Grads : []
450 :: Rewards 296.817 :: steps: 1.00 :: Time: 0.018(0.01759/step) :: Entropy : 0.000 :: Grads : []
460 :: Rewards 304.029 :: steps: 1.00 :: Time: 0.018(0.01772/step) :: Entropy : 0.000 :: Grads : []
470 :: Rewards 311.225 :: steps: 1.00 :: Time: 0.018(0.01832/step) :: Entropy : 0.000 :: Grads : []
480 :: Rewards 318.411 :: steps: 1.00 :: Time: 0.018(0.01843/step) :: Entropy : 0.000 :: Grads : []
490 :: Rewards 325.591 :: steps: 1.00 :: Time: 0.018(0.01818/step) :: Entropy : 0.000 :: Grads : []
500 :: Rewards 332.809 :: steps: 1.00 :: Time: 0.018(0.01791/step) :: Entropy : 0.000 :: Grads : []
510 :: Rewards 340.012 :: steps: 1.00 :: Time: 0.018(0.01814/step) :: Entropy : 0.000 :: Grads : []
520 :: Rewards 347.212 :: steps: 1.00 :: Time: 0.018(0.01837/step) :: Entropy : 0.000 :: Grads : []
530 :: Rewards 354.412 :: steps: 1.00 :: Time: 0.018(0.01835/step) :: Entropy : 0.000 :: Grads : []
540 :: Rewards 361.595 :: steps: 1.00 :: Time: 0.019(0.01853/step) :: Entropy : 0.000 :: Grads : []
550 :: Rewards 368.813 :: steps: 1.00 :: Time: 0.019(0.01856/step) :: Entropy : 0.000 :: Grads : []
560 :: Rewards 375.974 :: steps: 1.00 :: Time: 0.019(0.01906/step) :: Entropy : 0.000 :: Grads : []
570 :: Rewards 383.179 :: steps: 1.00 :: Time: 0.019(0.01865/step) :: Entropy : 0.000 :: Grads : []
580 :: Rewards 390.365 :: steps: 1.00 :: Time: 0.019(0.01870/step) :: Entropy : 0.000 :: Grads : []
590 :: Rewards 397.581 :: steps: 1.00 :: Time: 0.021(0.02064/step) :: Entropy : 0.000 :: Grads : []
600 :: Rewards 404.800 :: steps: 1.00 :: Time: 0.019(0.01885/step) :: Entropy : 0.000 :: Grads : []
610 :: Rewards 412.002 :: steps: 1.00 :: Time: 0.019(0.01883/step) :: Entropy : 0.000 :: Grads : []
620 :: Rewards 419.209 :: steps: 1.00 :: Time: 0.019(0.01915/step) :: Entropy : 0.000 :: Grads : []
630 :: Rewards 426.437 :: steps: 1.00 :: Time: 0.020(0.01955/step) :: Entropy : 0.000 :: Grads : []
640 :: Rewards 433.612 :: steps: 1.00 :: Time: 0.020(0.01950/step) :: Entropy : 0.000 :: Grads : []
650 :: Rewards 440.803 :: steps: 1.00 :: Time: 0.019(0.01919/step) :: Entropy : 0.000 :: Grads : []
660 :: Rewards 448.004 :: steps: 1.00 :: Time: 0.020(0.01997/step) :: Entropy : 0.000 :: Grads : []
670 :: Rewards 455.228 :: steps: 1.00 :: Time: 0.020(0.01992/step) :: Entropy : 0.000 :: Grads : []
680 :: Rewards 462.396 :: steps: 1.00 :: Time: 0.020(0.02003/step) :: Entropy : 0.000 :: Grads : []
690 :: Rewards 469.620 :: steps: 1.00 :: Time: 0.020(0.02013/step) :: Entropy : 0.000 :: Grads : []
700 :: Rewards 476.798 :: steps: 1.00 :: Time: 0.020(0.01951/step) :: Entropy : 0.000 :: Grads : []
710 :: Rewards 484.016 :: steps: 1.00 :: Time: 0.020(0.02029/step) :: Entropy : 0.000 :: Grads : []
720 :: Rewards 491.211 :: steps: 1.00 :: Time: 0.020(0.02030/step) :: Entropy : 0.000 :: Grads : []
730 :: Rewards 498.403 :: steps: 1.00 :: Time: 0.020(0.02039/step) :: Entropy : 0.000 :: Grads : []
740 :: Rewards 505.637 :: steps: 1.00 :: Time: 0.021(0.02060/step) :: Entropy : 0.000 :: Grads : []
750 :: Rewards 512.854 :: steps: 1.00 :: Time: 0.020(0.02025/step) :: Entropy : 0.000 :: Grads : []
760 :: Rewards 520.056 :: steps: 1.00 :: Time: 0.020(0.02014/step) :: Entropy : 0.000 :: Grads : []
770 :: Rewards 527.204 :: steps: 1.00 :: Time: 0.020(0.02037/step) :: Entropy : 0.000 :: Grads : []
780 :: Rewards 534.393 :: steps: 1.00 :: Time: 0.021(0.02103/step) :: Entropy : 0.000 :: Grads : []
790 :: Rewards 541.616 :: steps: 1.00 :: Time: 0.022(0.02164/step) :: Entropy : 0.000 :: Grads : []
800 :: Rewards 548.814 :: steps: 1.00 :: Time: 0.021(0.02146/step) :: Entropy : 0.000 :: Grads : []
810 :: Rewards 555.995 :: steps: 1.00 :: Time: 0.021(0.02113/step) :: Entropy : 0.000 :: Grads : []
820 :: Rewards 563.213 :: steps: 1.00 :: Time: 0.021(0.02132/step) :: Entropy : 0.000 :: Grads : []
830 :: Rewards 570.385 :: steps: 1.00 :: Time: 0.021(0.02138/step) :: Entropy : 0.000 :: Grads : []
840 :: Rewards 577.605 :: steps: 1.00 :: Time: 0.022(0.02156/step) :: Entropy : 0.000 :: Grads : []
850 :: Rewards 584.797 :: steps: 1.00 :: Time: 0.021(0.02088/step) :: Entropy : 0.000 :: Grads : []
860 :: Rewards 592.072 :: steps: 1.00 :: Time: 0.021(0.02093/step) :: Entropy : 0.000 :: Grads : []
870 :: Rewards 599.252 :: steps: 1.00 :: Time: 0.021(0.02110/step) :: Entropy : 0.000 :: Grads : []
880 :: Rewards 606.474 :: steps: 1.00 :: Time: 0.021(0.02124/step) :: Entropy : 0.000 :: Grads : []
890 :: Rewards 613.675 :: steps: 1.00 :: Time: 0.021(0.02098/step) :: Entropy : 0.000 :: Grads : []
900 :: Rewards 620.898 :: steps: 1.00 :: Time: 0.021(0.02099/step) :: Entropy : 0.000 :: Grads : []
910 :: Rewards 628.067 :: steps: 1.00 :: Time: 0.022(0.02186/step) :: Entropy : 0.000 :: Grads : []
920 :: Rewards 635.302 :: steps: 1.00 :: Time: 0.022(0.02179/step) :: Entropy : 0.000 :: Grads : []
930 :: Rewards 642.493 :: steps: 1.00 :: Time: 0.021(0.02148/step) :: Entropy : 0.000 :: Grads : []
940 :: Rewards 649.695 :: steps: 1.00 :: Time: 0.021(0.02101/step) :: Entropy : 0.000 :: Grads : []
950 :: Rewards 656.836 :: steps: 1.00 :: Time: 0.021(0.02121/step) :: Entropy : 0.000 :: Grads : []
960 :: Rewards 664.074 :: steps: 1.00 :: Time: 0.021(0.02124/step) :: Entropy : 0.000 :: Grads : []
970 :: Rewards 671.286 :: steps: 1.00 :: Time: 0.021(0.02144/step) :: Entropy : 0.000 :: Grads : []
980 :: Rewards 678.511 :: steps: 1.00 :: Time: 0.022(0.02182/step) :: Entropy : 0.000 :: Grads : []
990 :: Rewards 685.729 :: steps: 1.00 :: Time: 0.021(0.02140/step) :: Entropy : 0.000 :: Grads : []
999 :: Rewards 692.193 :: steps: 0.90 :: Time: 0.020(0.02194/step) :: Entropy : 0.000 :: Grads : []
Total time taken: 17.647223234176636
