Module path:  Environments.NS_Reco NS_Reco
Dynamically loaded from:  <class 'Environments.NS_Reco.NS_Reco'>
Reward Amplitudes: [4.17022005e-01 7.20324493e-01 1.14374817e-04 3.02332573e-01
 1.46755891e-01] :: Avg 0.317309867282206 
Module path:  Src.Algorithms.ProOLS ProOLS
Dynamically loaded from:  <class 'Src.Algorithms.ProOLS.ProOLS'>
=====Configurations=====
 Namespace(NN_basis_dim='32', Policy_basis_dim='32', actor_lr=0.0013967975033711264, algo_name='ProOLS', base=0, batch_size=1000, buffer_size=1000, debug=False, delta=1, entropy_lambda=0.009309067356364342, env_name='NS_Reco', experiment='NS_2_', extrapolator_basis='Fourier', folder_suffix='Default', fourier_coupled=True, fourier_k=5, fourier_order=3, gamma=0.99, gauss_std=1.5, gpu=0, hyper='default', importance_clip=15.0, inc=1, log_output='term_file', max_episodes=1000, max_inner=30, max_steps=500, optim='rmsprop', oracle=-1, raw_basis=True, restore=False, save_count=100, save_model=True, seed=19, speed=2, state_lr=0.001, summary=True, swarm=False, timestamp='5|24|17:23:2')
Actions space: 5 :: State space: 1
State Low: tensor([0.]) :: State High: tensor([1.])
State features:  [('dummy_param', torch.Size([1]))]
Policy:  [('fc1.weight', torch.Size([5, 1])), ('fc1.bias', torch.Size([5]))]
0 :: Rewards 0.006 :: steps: 0.10 :: Time: 0.000(0.00057/step) :: Entropy : 0.000 :: Grads : []
10 :: Rewards 0.075 :: steps: 1.00 :: Time: 0.008(0.00798/step) :: Entropy : 0.000 :: Grads : []
20 :: Rewards 0.361 :: steps: 1.00 :: Time: 0.013(0.01272/step) :: Entropy : 0.000 :: Grads : []
30 :: Rewards 0.518 :: steps: 1.00 :: Time: 0.013(0.01300/step) :: Entropy : 0.000 :: Grads : []
40 :: Rewards 1.067 :: steps: 1.00 :: Time: 0.013(0.01252/step) :: Entropy : 0.000 :: Grads : []
50 :: Rewards 1.799 :: steps: 1.00 :: Time: 0.013(0.01259/step) :: Entropy : 0.000 :: Grads : []
60 :: Rewards 2.641 :: steps: 1.00 :: Time: 0.013(0.01267/step) :: Entropy : 0.000 :: Grads : []
70 :: Rewards 3.796 :: steps: 1.00 :: Time: 0.013(0.01282/step) :: Entropy : 0.000 :: Grads : []
80 :: Rewards 5.493 :: steps: 1.00 :: Time: 0.013(0.01299/step) :: Entropy : 0.000 :: Grads : []
90 :: Rewards 8.772 :: steps: 1.00 :: Time: 0.013(0.01305/step) :: Entropy : 0.000 :: Grads : []
100 :: Rewards 11.771 :: steps: 1.00 :: Time: 0.013(0.01315/step) :: Entropy : 0.000 :: Grads : []
110 :: Rewards 15.061 :: steps: 1.00 :: Time: 0.013(0.01325/step) :: Entropy : 0.000 :: Grads : []
120 :: Rewards 19.636 :: steps: 1.00 :: Time: 0.013(0.01337/step) :: Entropy : 0.000 :: Grads : []
130 :: Rewards 25.279 :: steps: 1.00 :: Time: 0.014(0.01352/step) :: Entropy : 0.000 :: Grads : []
140 :: Rewards 30.802 :: steps: 1.00 :: Time: 0.014(0.01369/step) :: Entropy : 0.000 :: Grads : []
150 :: Rewards 37.037 :: steps: 1.00 :: Time: 0.014(0.01378/step) :: Entropy : 0.000 :: Grads : []
160 :: Rewards 43.482 :: steps: 1.00 :: Time: 0.014(0.01387/step) :: Entropy : 0.000 :: Grads : []
170 :: Rewards 50.171 :: steps: 1.00 :: Time: 0.014(0.01400/step) :: Entropy : 0.000 :: Grads : []
180 :: Rewards 57.032 :: steps: 1.00 :: Time: 0.014(0.01409/step) :: Entropy : 0.000 :: Grads : []
190 :: Rewards 64.010 :: steps: 1.00 :: Time: 0.014(0.01419/step) :: Entropy : 0.000 :: Grads : []
200 :: Rewards 71.093 :: steps: 1.00 :: Time: 0.014(0.01429/step) :: Entropy : 0.000 :: Grads : []
210 :: Rewards 78.200 :: steps: 1.00 :: Time: 0.014(0.01440/step) :: Entropy : 0.000 :: Grads : []
220 :: Rewards 85.420 :: steps: 1.00 :: Time: 0.014(0.01448/step) :: Entropy : 0.000 :: Grads : []
230 :: Rewards 92.601 :: steps: 1.00 :: Time: 0.015(0.01459/step) :: Entropy : 0.000 :: Grads : []
240 :: Rewards 99.742 :: steps: 1.00 :: Time: 0.015(0.01469/step) :: Entropy : 0.000 :: Grads : []
250 :: Rewards 106.832 :: steps: 1.00 :: Time: 0.015(0.01477/step) :: Entropy : 0.000 :: Grads : []
260 :: Rewards 113.808 :: steps: 1.00 :: Time: 0.015(0.01510/step) :: Entropy : 0.000 :: Grads : []
270 :: Rewards 120.629 :: steps: 1.00 :: Time: 0.015(0.01520/step) :: Entropy : 0.000 :: Grads : []
280 :: Rewards 127.275 :: steps: 1.00 :: Time: 0.015(0.01531/step) :: Entropy : 0.000 :: Grads : []
290 :: Rewards 133.659 :: steps: 1.00 :: Time: 0.015(0.01531/step) :: Entropy : 0.000 :: Grads : []
300 :: Rewards 139.849 :: steps: 1.00 :: Time: 0.015(0.01535/step) :: Entropy : 0.000 :: Grads : []
310 :: Rewards 145.727 :: steps: 1.00 :: Time: 0.015(0.01543/step) :: Entropy : 0.000 :: Grads : []
320 :: Rewards 151.296 :: steps: 1.00 :: Time: 0.016(0.01564/step) :: Entropy : 0.000 :: Grads : []
330 :: Rewards 156.487 :: steps: 1.00 :: Time: 0.016(0.01570/step) :: Entropy : 0.000 :: Grads : []
340 :: Rewards 161.361 :: steps: 1.00 :: Time: 0.016(0.01596/step) :: Entropy : 0.000 :: Grads : []
350 :: Rewards 165.833 :: steps: 1.00 :: Time: 0.016(0.01602/step) :: Entropy : 0.000 :: Grads : []
360 :: Rewards 169.883 :: steps: 1.00 :: Time: 0.016(0.01643/step) :: Entropy : 0.000 :: Grads : []
370 :: Rewards 173.500 :: steps: 1.00 :: Time: 0.017(0.01661/step) :: Entropy : 0.000 :: Grads : []
380 :: Rewards 176.667 :: steps: 1.00 :: Time: 0.017(0.01673/step) :: Entropy : 0.000 :: Grads : []
390 :: Rewards 179.346 :: steps: 1.00 :: Time: 0.017(0.01684/step) :: Entropy : 0.000 :: Grads : []
400 :: Rewards 181.577 :: steps: 1.00 :: Time: 0.017(0.01694/step) :: Entropy : 0.000 :: Grads : []
410 :: Rewards 183.299 :: steps: 1.00 :: Time: 0.017(0.01717/step) :: Entropy : 0.000 :: Grads : []
420 :: Rewards 184.509 :: steps: 1.00 :: Time: 0.018(0.01755/step) :: Entropy : 0.000 :: Grads : []
430 :: Rewards 185.214 :: steps: 1.00 :: Time: 0.018(0.01765/step) :: Entropy : 0.000 :: Grads : []
440 :: Rewards 185.418 :: steps: 1.00 :: Time: 0.018(0.01771/step) :: Entropy : 0.000 :: Grads : []
450 :: Rewards 185.073 :: steps: 1.00 :: Time: 0.018(0.01781/step) :: Entropy : 0.000 :: Grads : []
460 :: Rewards 184.272 :: steps: 1.00 :: Time: 0.018(0.01787/step) :: Entropy : 0.000 :: Grads : []
470 :: Rewards 182.964 :: steps: 1.00 :: Time: 0.018(0.01796/step) :: Entropy : 0.000 :: Grads : []
480 :: Rewards 181.137 :: steps: 1.00 :: Time: 0.018(0.01799/step) :: Entropy : 0.000 :: Grads : []
490 :: Rewards 178.821 :: steps: 1.00 :: Time: 0.018(0.01829/step) :: Entropy : 0.000 :: Grads : []
500 :: Rewards 175.992 :: steps: 1.00 :: Time: 0.018(0.01817/step) :: Entropy : 0.000 :: Grads : []
510 :: Rewards 172.697 :: steps: 1.00 :: Time: 0.018(0.01823/step) :: Entropy : 0.000 :: Grads : []
520 :: Rewards 168.963 :: steps: 1.00 :: Time: 0.018(0.01849/step) :: Entropy : 0.000 :: Grads : []
530 :: Rewards 164.797 :: steps: 1.00 :: Time: 0.019(0.01865/step) :: Entropy : 0.000 :: Grads : []
540 :: Rewards 160.223 :: steps: 1.00 :: Time: 0.019(0.01868/step) :: Entropy : 0.000 :: Grads : []
550 :: Rewards 155.268 :: steps: 1.00 :: Time: 0.019(0.01870/step) :: Entropy : 0.000 :: Grads : []
560 :: Rewards 149.939 :: steps: 1.00 :: Time: 0.019(0.01878/step) :: Entropy : 0.000 :: Grads : []
570 :: Rewards 145.481 :: steps: 1.00 :: Time: 0.019(0.01880/step) :: Entropy : 0.000 :: Grads : []
580 :: Rewards 141.920 :: steps: 1.00 :: Time: 0.019(0.01887/step) :: Entropy : 0.000 :: Grads : []
590 :: Rewards 139.891 :: steps: 1.00 :: Time: 0.019(0.01923/step) :: Entropy : 0.000 :: Grads : []
600 :: Rewards 138.956 :: steps: 1.00 :: Time: 0.019(0.01900/step) :: Entropy : 0.000 :: Grads : []
610 :: Rewards 138.538 :: steps: 1.00 :: Time: 0.019(0.01914/step) :: Entropy : 0.000 :: Grads : []
620 :: Rewards 138.103 :: steps: 1.00 :: Time: 0.019(0.01910/step) :: Entropy : 0.000 :: Grads : []
630 :: Rewards 137.368 :: steps: 1.00 :: Time: 0.019(0.01919/step) :: Entropy : 0.000 :: Grads : []
640 :: Rewards 137.481 :: steps: 1.00 :: Time: 0.019(0.01916/step) :: Entropy : 0.000 :: Grads : []
650 :: Rewards 137.720 :: steps: 1.00 :: Time: 0.019(0.01941/step) :: Entropy : 0.000 :: Grads : []
660 :: Rewards 137.924 :: steps: 1.00 :: Time: 0.019(0.01934/step) :: Entropy : 0.000 :: Grads : []
670 :: Rewards 138.331 :: steps: 1.00 :: Time: 0.019(0.01946/step) :: Entropy : 0.000 :: Grads : []
680 :: Rewards 138.749 :: steps: 1.00 :: Time: 0.020(0.01953/step) :: Entropy : 0.000 :: Grads : []
690 :: Rewards 139.102 :: steps: 1.00 :: Time: 0.020(0.01980/step) :: Entropy : 0.000 :: Grads : []
700 :: Rewards 139.398 :: steps: 1.00 :: Time: 0.020(0.01977/step) :: Entropy : 0.000 :: Grads : []
710 :: Rewards 139.614 :: steps: 1.00 :: Time: 0.020(0.01982/step) :: Entropy : 0.000 :: Grads : []
720 :: Rewards 139.795 :: steps: 1.00 :: Time: 0.020(0.01993/step) :: Entropy : 0.000 :: Grads : []
730 :: Rewards 139.879 :: steps: 1.00 :: Time: 0.020(0.01963/step) :: Entropy : 0.000 :: Grads : []
740 :: Rewards 139.889 :: steps: 1.00 :: Time: 0.020(0.01978/step) :: Entropy : 0.000 :: Grads : []
750 :: Rewards 138.132 :: steps: 1.00 :: Time: 0.020(0.01989/step) :: Entropy : 0.000 :: Grads : []
760 :: Rewards 136.924 :: steps: 1.00 :: Time: 0.020(0.02001/step) :: Entropy : 0.000 :: Grads : []
770 :: Rewards 135.295 :: steps: 1.00 :: Time: 0.020(0.02009/step) :: Entropy : 0.000 :: Grads : []
780 :: Rewards 134.670 :: steps: 1.00 :: Time: 0.020(0.02018/step) :: Entropy : 0.000 :: Grads : []
790 :: Rewards 134.405 :: steps: 1.00 :: Time: 0.020(0.02026/step) :: Entropy : 0.000 :: Grads : []
800 :: Rewards 133.815 :: steps: 1.00 :: Time: 0.020(0.02029/step) :: Entropy : 0.000 :: Grads : []
810 :: Rewards 133.616 :: steps: 1.00 :: Time: 0.020(0.02034/step) :: Entropy : 0.000 :: Grads : []
820 :: Rewards 132.898 :: steps: 1.00 :: Time: 0.020(0.02044/step) :: Entropy : 0.000 :: Grads : []
830 :: Rewards 131.789 :: steps: 1.00 :: Time: 0.021(0.02059/step) :: Entropy : 0.000 :: Grads : []
840 :: Rewards 131.801 :: steps: 1.00 :: Time: 0.021(0.02062/step) :: Entropy : 0.000 :: Grads : []
850 :: Rewards 131.298 :: steps: 1.00 :: Time: 0.021(0.02059/step) :: Entropy : 0.000 :: Grads : []
860 :: Rewards 131.312 :: steps: 1.00 :: Time: 0.021(0.02076/step) :: Entropy : 0.000 :: Grads : []
870 :: Rewards 131.252 :: steps: 1.00 :: Time: 0.021(0.02072/step) :: Entropy : 0.000 :: Grads : []
880 :: Rewards 131.236 :: steps: 1.00 :: Time: 0.021(0.02117/step) :: Entropy : 0.000 :: Grads : []
890 :: Rewards 131.262 :: steps: 1.00 :: Time: 0.021(0.02095/step) :: Entropy : 0.000 :: Grads : []
900 :: Rewards 131.278 :: steps: 1.00 :: Time: 0.021(0.02107/step) :: Entropy : 0.000 :: Grads : []
910 :: Rewards 131.275 :: steps: 1.00 :: Time: 0.021(0.02099/step) :: Entropy : 0.000 :: Grads : []
920 :: Rewards 131.310 :: steps: 1.00 :: Time: 0.021(0.02109/step) :: Entropy : 0.000 :: Grads : []
930 :: Rewards 131.315 :: steps: 1.00 :: Time: 0.021(0.02103/step) :: Entropy : 0.000 :: Grads : []
940 :: Rewards 131.331 :: steps: 1.00 :: Time: 0.021(0.02117/step) :: Entropy : 0.000 :: Grads : []
950 :: Rewards 131.374 :: steps: 1.00 :: Time: 0.022(0.02157/step) :: Entropy : 0.000 :: Grads : []
960 :: Rewards 131.360 :: steps: 1.00 :: Time: 0.022(0.02157/step) :: Entropy : 0.000 :: Grads : []
970 :: Rewards 131.354 :: steps: 1.00 :: Time: 0.022(0.02165/step) :: Entropy : 0.000 :: Grads : []
980 :: Rewards 131.301 :: steps: 1.00 :: Time: 0.022(0.02162/step) :: Entropy : 0.000 :: Grads : []
990 :: Rewards 131.314 :: steps: 1.00 :: Time: 0.021(0.02140/step) :: Entropy : 0.000 :: Grads : []
999 :: Rewards 131.346 :: steps: 0.90 :: Time: 0.019(0.02114/step) :: Entropy : 0.000 :: Grads : []
Total time taken: 17.56269121170044
