Module path:  Environments.NS_Reco NS_Reco
Dynamically loaded from:  <class 'Environments.NS_Reco.NS_Reco'>
Reward Amplitudes: [4.17022005e-01 7.20324493e-01 1.14374817e-04 3.02332573e-01
 1.46755891e-01] :: Avg 0.317309867282206 
Module path:  Src.Algorithms.OFPG OFPG
Dynamically loaded from:  <class 'Src.Algorithms.OFPG.OFPG'>
=====Configurations=====
 Namespace(NN_basis_dim='32', Policy_basis_dim='32', actor_lr=0.005252014538415403, algo_name='OFPG', base=0, batch_size=1000, buffer_size=1000, debug=False, delta=1, entropy_lambda=0.08551739420792737, env_name='NS_Reco', experiment='NS_4r_', extrapolator_basis='Fourier', folder_suffix='Default', fourier_coupled=True, fourier_k=7, fourier_order=3, gamma=0.99, gauss_std=1.5, gpu=0, hyper='default', importance_clip=10.0, inc=1, log_output='term_file', max_episodes=1000, max_inner=20, max_steps=500, optim='rmsprop', oracle=-1, raw_basis=True, restore=False, save_count=100, save_model=True, seed=15, speed=4, state_lr=0.001, summary=True, swarm=False, timestamp='5|25|10:7:40')
Actions space: 5 :: State space: 1
State Low: tensor([0.]) :: State High: tensor([1.])
State features:  [('dummy_param', torch.Size([1]))]
Policy:  [('fc1.weight', torch.Size([5, 1])), ('fc1.bias', torch.Size([5]))]
0 :: Rewards -0.004 :: steps: 0.10 :: Time: 0.001(0.01292/step) :: Entropy : 0.000 :: Grads : []
10 :: Rewards -0.216 :: steps: 1.00 :: Time: 0.010(0.00967/step) :: Entropy : 0.000 :: Grads : []
20 :: Rewards -1.199 :: steps: 1.00 :: Time: 0.009(0.00947/step) :: Entropy : 0.000 :: Grads : []
30 :: Rewards -2.424 :: steps: 1.00 :: Time: 0.009(0.00939/step) :: Entropy : 0.000 :: Grads : []
40 :: Rewards -4.368 :: steps: 1.00 :: Time: 0.009(0.00896/step) :: Entropy : 0.000 :: Grads : []
50 :: Rewards -5.978 :: steps: 1.00 :: Time: 0.009(0.00869/step) :: Entropy : 0.000 :: Grads : []
60 :: Rewards -8.053 :: steps: 1.00 :: Time: 0.009(0.00855/step) :: Entropy : 0.000 :: Grads : []
70 :: Rewards -10.277 :: steps: 1.00 :: Time: 0.009(0.00852/step) :: Entropy : 0.000 :: Grads : []
80 :: Rewards -11.848 :: steps: 1.00 :: Time: 0.009(0.00864/step) :: Entropy : 0.000 :: Grads : []
90 :: Rewards -13.750 :: steps: 1.00 :: Time: 0.009(0.00870/step) :: Entropy : 0.000 :: Grads : []
100 :: Rewards -14.793 :: steps: 1.00 :: Time: 0.009(0.00871/step) :: Entropy : 0.000 :: Grads : []
110 :: Rewards -15.129 :: steps: 1.00 :: Time: 0.009(0.00926/step) :: Entropy : 0.000 :: Grads : []
120 :: Rewards -16.598 :: steps: 1.00 :: Time: 0.009(0.00931/step) :: Entropy : 0.000 :: Grads : []
130 :: Rewards -17.575 :: steps: 1.00 :: Time: 0.009(0.00893/step) :: Entropy : 0.000 :: Grads : []
140 :: Rewards -18.320 :: steps: 1.00 :: Time: 0.009(0.00930/step) :: Entropy : 0.000 :: Grads : []
150 :: Rewards -18.734 :: steps: 1.00 :: Time: 0.009(0.00910/step) :: Entropy : 0.000 :: Grads : []
160 :: Rewards -18.734 :: steps: 1.00 :: Time: 0.009(0.00918/step) :: Entropy : 0.000 :: Grads : []
170 :: Rewards -18.734 :: steps: 1.00 :: Time: 0.009(0.00940/step) :: Entropy : 0.000 :: Grads : []
180 :: Rewards -18.851 :: steps: 1.00 :: Time: 0.009(0.00934/step) :: Entropy : 0.000 :: Grads : []
190 :: Rewards -19.162 :: steps: 1.00 :: Time: 0.009(0.00948/step) :: Entropy : 0.000 :: Grads : []
200 :: Rewards -20.233 :: steps: 1.00 :: Time: 0.009(0.00947/step) :: Entropy : 0.000 :: Grads : []
210 :: Rewards -21.733 :: steps: 1.00 :: Time: 0.010(0.00956/step) :: Entropy : 0.000 :: Grads : []
220 :: Rewards -23.936 :: steps: 1.00 :: Time: 0.010(0.00968/step) :: Entropy : 0.000 :: Grads : []
230 :: Rewards -27.088 :: steps: 1.00 :: Time: 0.010(0.01016/step) :: Entropy : 0.000 :: Grads : []
240 :: Rewards -30.476 :: steps: 1.00 :: Time: 0.011(0.01135/step) :: Entropy : 0.000 :: Grads : []
250 :: Rewards -34.200 :: steps: 1.00 :: Time: 0.011(0.01063/step) :: Entropy : 0.000 :: Grads : []
260 :: Rewards -38.162 :: steps: 1.00 :: Time: 0.010(0.01018/step) :: Entropy : 0.000 :: Grads : []
270 :: Rewards -41.132 :: steps: 1.00 :: Time: 0.010(0.01049/step) :: Entropy : 0.000 :: Grads : []
280 :: Rewards -45.091 :: steps: 1.00 :: Time: 0.011(0.01056/step) :: Entropy : 0.000 :: Grads : []
290 :: Rewards -48.229 :: steps: 1.00 :: Time: 0.010(0.01030/step) :: Entropy : 0.000 :: Grads : []
300 :: Rewards -51.119 :: steps: 1.00 :: Time: 0.011(0.01060/step) :: Entropy : 0.000 :: Grads : []
310 :: Rewards -54.119 :: steps: 1.00 :: Time: 0.011(0.01074/step) :: Entropy : 0.000 :: Grads : []
320 :: Rewards -58.334 :: steps: 1.00 :: Time: 0.011(0.01129/step) :: Entropy : 0.000 :: Grads : []
330 :: Rewards -60.541 :: steps: 1.00 :: Time: 0.011(0.01100/step) :: Entropy : 0.000 :: Grads : []
340 :: Rewards -63.313 :: steps: 1.00 :: Time: 0.011(0.01117/step) :: Entropy : 0.000 :: Grads : []
350 :: Rewards -65.277 :: steps: 1.00 :: Time: 0.011(0.01111/step) :: Entropy : 0.000 :: Grads : []
360 :: Rewards -68.131 :: steps: 1.00 :: Time: 0.011(0.01137/step) :: Entropy : 0.000 :: Grads : []
370 :: Rewards -71.555 :: steps: 1.00 :: Time: 0.011(0.01139/step) :: Entropy : 0.000 :: Grads : []
380 :: Rewards -74.539 :: steps: 1.00 :: Time: 0.011(0.01146/step) :: Entropy : 0.000 :: Grads : []
390 :: Rewards -77.668 :: steps: 1.00 :: Time: 0.012(0.01166/step) :: Entropy : 0.000 :: Grads : []
400 :: Rewards -80.880 :: steps: 1.00 :: Time: 0.012(0.01160/step) :: Entropy : 0.000 :: Grads : []
410 :: Rewards -83.419 :: steps: 1.00 :: Time: 0.012(0.01177/step) :: Entropy : 0.000 :: Grads : []
420 :: Rewards -86.109 :: steps: 1.00 :: Time: 0.012(0.01247/step) :: Entropy : 0.000 :: Grads : []
430 :: Rewards -87.707 :: steps: 1.00 :: Time: 0.012(0.01243/step) :: Entropy : 0.000 :: Grads : []
440 :: Rewards -89.348 :: steps: 1.00 :: Time: 0.013(0.01254/step) :: Entropy : 0.000 :: Grads : []
450 :: Rewards -91.466 :: steps: 1.00 :: Time: 0.012(0.01238/step) :: Entropy : 0.000 :: Grads : []
460 :: Rewards -94.387 :: steps: 1.00 :: Time: 0.012(0.01245/step) :: Entropy : 0.000 :: Grads : []
470 :: Rewards -97.167 :: steps: 1.00 :: Time: 0.012(0.01240/step) :: Entropy : 0.000 :: Grads : []
480 :: Rewards -101.612 :: steps: 1.00 :: Time: 0.013(0.01261/step) :: Entropy : 0.000 :: Grads : []
490 :: Rewards -106.571 :: steps: 1.00 :: Time: 0.013(0.01261/step) :: Entropy : 0.000 :: Grads : []
500 :: Rewards -112.249 :: steps: 1.00 :: Time: 0.013(0.01273/step) :: Entropy : 0.000 :: Grads : []
510 :: Rewards -116.590 :: steps: 1.00 :: Time: 0.013(0.01273/step) :: Entropy : 0.000 :: Grads : []
520 :: Rewards -120.514 :: steps: 1.00 :: Time: 0.013(0.01297/step) :: Entropy : 0.000 :: Grads : []
530 :: Rewards -123.564 :: steps: 1.00 :: Time: 0.014(0.01361/step) :: Entropy : 0.000 :: Grads : []
540 :: Rewards -129.405 :: steps: 1.00 :: Time: 0.013(0.01304/step) :: Entropy : 0.000 :: Grads : []
550 :: Rewards -135.834 :: steps: 1.00 :: Time: 0.013(0.01321/step) :: Entropy : 0.000 :: Grads : []
560 :: Rewards -140.395 :: steps: 1.00 :: Time: 0.015(0.01470/step) :: Entropy : 0.000 :: Grads : []
570 :: Rewards -143.423 :: steps: 1.00 :: Time: 0.019(0.01879/step) :: Entropy : 0.000 :: Grads : []
580 :: Rewards -148.430 :: steps: 1.00 :: Time: 0.015(0.01515/step) :: Entropy : 0.000 :: Grads : []
590 :: Rewards -149.839 :: steps: 1.00 :: Time: 0.014(0.01381/step) :: Entropy : 0.000 :: Grads : []
600 :: Rewards -153.069 :: steps: 1.00 :: Time: 0.014(0.01384/step) :: Entropy : 0.000 :: Grads : []
610 :: Rewards -154.456 :: steps: 1.00 :: Time: 0.013(0.01345/step) :: Entropy : 0.000 :: Grads : []
620 :: Rewards -155.822 :: steps: 1.00 :: Time: 0.014(0.01357/step) :: Entropy : 0.000 :: Grads : []
630 :: Rewards -156.368 :: steps: 1.00 :: Time: 0.014(0.01366/step) :: Entropy : 0.000 :: Grads : []
640 :: Rewards -157.430 :: steps: 1.00 :: Time: 0.015(0.01523/step) :: Entropy : 0.000 :: Grads : []
650 :: Rewards -159.375 :: steps: 1.00 :: Time: 0.014(0.01369/step) :: Entropy : 0.000 :: Grads : []
660 :: Rewards -161.449 :: steps: 1.00 :: Time: 0.016(0.01636/step) :: Entropy : 0.000 :: Grads : []
670 :: Rewards -164.644 :: steps: 1.00 :: Time: 0.014(0.01382/step) :: Entropy : 0.000 :: Grads : []
680 :: Rewards -169.278 :: steps: 1.00 :: Time: 0.024(0.02390/step) :: Entropy : 0.000 :: Grads : []
690 :: Rewards -173.197 :: steps: 1.00 :: Time: 0.023(0.02334/step) :: Entropy : 0.000 :: Grads : []
700 :: Rewards -176.482 :: steps: 1.00 :: Time: 0.015(0.01490/step) :: Entropy : 0.000 :: Grads : []
710 :: Rewards -181.741 :: steps: 1.00 :: Time: 0.014(0.01423/step) :: Entropy : 0.000 :: Grads : []
720 :: Rewards -187.185 :: steps: 1.00 :: Time: 0.014(0.01443/step) :: Entropy : 0.000 :: Grads : []
730 :: Rewards -190.116 :: steps: 1.00 :: Time: 0.014(0.01422/step) :: Entropy : 0.000 :: Grads : []
740 :: Rewards -193.890 :: steps: 1.00 :: Time: 0.015(0.01461/step) :: Entropy : 0.000 :: Grads : []
750 :: Rewards -199.663 :: steps: 1.00 :: Time: 0.015(0.01455/step) :: Entropy : 0.000 :: Grads : []
760 :: Rewards -202.496 :: steps: 1.00 :: Time: 0.018(0.01769/step) :: Entropy : 0.000 :: Grads : []
770 :: Rewards -206.074 :: steps: 1.00 :: Time: 0.015(0.01476/step) :: Entropy : 0.000 :: Grads : []
780 :: Rewards -210.670 :: steps: 1.00 :: Time: 0.016(0.01573/step) :: Entropy : 0.000 :: Grads : []
790 :: Rewards -212.330 :: steps: 1.00 :: Time: 0.016(0.01602/step) :: Entropy : 0.000 :: Grads : []
800 :: Rewards -214.781 :: steps: 1.00 :: Time: 0.015(0.01478/step) :: Entropy : 0.000 :: Grads : []
810 :: Rewards -217.887 :: steps: 1.00 :: Time: 0.015(0.01508/step) :: Entropy : 0.000 :: Grads : []
820 :: Rewards -219.184 :: steps: 1.00 :: Time: 0.015(0.01506/step) :: Entropy : 0.000 :: Grads : []
830 :: Rewards -220.005 :: steps: 1.00 :: Time: 0.015(0.01527/step) :: Entropy : 0.000 :: Grads : []
840 :: Rewards -221.717 :: steps: 1.00 :: Time: 0.015(0.01524/step) :: Entropy : 0.000 :: Grads : []
850 :: Rewards -222.501 :: steps: 1.00 :: Time: 0.016(0.01562/step) :: Entropy : 0.000 :: Grads : []
860 :: Rewards -223.176 :: steps: 1.00 :: Time: 0.015(0.01507/step) :: Entropy : 0.000 :: Grads : []
870 :: Rewards -224.626 :: steps: 1.00 :: Time: 0.015(0.01550/step) :: Entropy : 0.000 :: Grads : []
880 :: Rewards -226.111 :: steps: 1.00 :: Time: 0.015(0.01517/step) :: Entropy : 0.000 :: Grads : []
890 :: Rewards -227.911 :: steps: 1.00 :: Time: 0.016(0.01642/step) :: Entropy : 0.000 :: Grads : []
900 :: Rewards -230.442 :: steps: 1.00 :: Time: 0.015(0.01533/step) :: Entropy : 0.000 :: Grads : []
910 :: Rewards -233.263 :: steps: 1.00 :: Time: 0.020(0.01956/step) :: Entropy : 0.000 :: Grads : []
920 :: Rewards -237.091 :: steps: 1.00 :: Time: 0.016(0.01610/step) :: Entropy : 0.000 :: Grads : []
930 :: Rewards -241.660 :: steps: 1.00 :: Time: 0.016(0.01628/step) :: Entropy : 0.000 :: Grads : []
940 :: Rewards -247.839 :: steps: 1.00 :: Time: 0.016(0.01601/step) :: Entropy : 0.000 :: Grads : []
950 :: Rewards -253.530 :: steps: 1.00 :: Time: 0.016(0.01572/step) :: Entropy : 0.000 :: Grads : []
960 :: Rewards -258.509 :: steps: 1.00 :: Time: 0.016(0.01579/step) :: Entropy : 0.000 :: Grads : []
970 :: Rewards -267.377 :: steps: 1.00 :: Time: 0.016(0.01597/step) :: Entropy : 0.000 :: Grads : []
980 :: Rewards -272.608 :: steps: 1.00 :: Time: 0.016(0.01597/step) :: Entropy : 0.000 :: Grads : []
990 :: Rewards -279.225 :: steps: 1.00 :: Time: 0.016(0.01591/step) :: Entropy : 0.000 :: Grads : []
999 :: Rewards -283.830 :: steps: 0.90 :: Time: 0.015(0.01665/step) :: Entropy : 0.000 :: Grads : []
Total time taken: 13.039835214614868
