Module path:  Environments.NS_Reco NS_Reco
Dynamically loaded from:  <class 'Environments.NS_Reco.NS_Reco'>
Reward Amplitudes: [4.17022005e-01 7.20324493e-01 1.14374817e-04 3.02332573e-01
 1.46755891e-01] :: Avg 0.317309867282206 
Module path:  Src.Algorithms.OFPG OFPG
Dynamically loaded from:  <class 'Src.Algorithms.OFPG.OFPG'>
=====Configurations=====
 Namespace(NN_basis_dim='32', Policy_basis_dim='32', actor_lr=0.002251439950474301, algo_name='OFPG', base=0, batch_size=1000, buffer_size=1000, debug=False, delta=1, entropy_lambda=0.11057727559233214, env_name='NS_Reco', experiment='NS_3r_', extrapolator_basis='Fourier', folder_suffix='Default', fourier_coupled=True, fourier_k=7, fourier_order=3, gamma=0.99, gauss_std=1.5, gpu=0, hyper='default', importance_clip=10.0, inc=1, log_output='term_file', max_episodes=1000, max_inner=30, max_steps=500, optim='rmsprop', oracle=-1, raw_basis=True, restore=False, save_count=100, save_model=True, seed=18, speed=3, state_lr=0.001, summary=True, swarm=False, timestamp='5|25|9:39:39')
Actions space: 5 :: State space: 1
State Low: tensor([0.]) :: State High: tensor([1.])
State features:  [('dummy_param', torch.Size([1]))]
Policy:  [('fc1.weight', torch.Size([5, 1])), ('fc1.bias', torch.Size([5]))]
0 :: Rewards -0.007 :: steps: 0.10 :: Time: 0.001(0.01277/step) :: Entropy : 0.000 :: Grads : []
10 :: Rewards -0.271 :: steps: 1.00 :: Time: 0.011(0.01123/step) :: Entropy : 0.000 :: Grads : []
20 :: Rewards -1.201 :: steps: 1.00 :: Time: 0.011(0.01146/step) :: Entropy : 0.000 :: Grads : []
30 :: Rewards -2.060 :: steps: 1.00 :: Time: 0.012(0.01181/step) :: Entropy : 0.000 :: Grads : []
40 :: Rewards -2.944 :: steps: 1.00 :: Time: 0.011(0.01135/step) :: Entropy : 0.000 :: Grads : []
50 :: Rewards -3.806 :: steps: 1.00 :: Time: 0.011(0.01145/step) :: Entropy : 0.000 :: Grads : []
60 :: Rewards -5.093 :: steps: 1.00 :: Time: 0.012(0.01151/step) :: Entropy : 0.000 :: Grads : []
70 :: Rewards -5.983 :: steps: 1.00 :: Time: 0.012(0.01169/step) :: Entropy : 0.000 :: Grads : []
80 :: Rewards -7.512 :: steps: 1.00 :: Time: 0.012(0.01179/step) :: Entropy : 0.000 :: Grads : []
90 :: Rewards -8.435 :: steps: 1.00 :: Time: 0.012(0.01191/step) :: Entropy : 0.000 :: Grads : []
100 :: Rewards -9.579 :: steps: 1.00 :: Time: 0.012(0.01198/step) :: Entropy : 0.000 :: Grads : []
110 :: Rewards -9.579 :: steps: 1.00 :: Time: 0.012(0.01208/step) :: Entropy : 0.000 :: Grads : []
120 :: Rewards -9.579 :: steps: 1.00 :: Time: 0.012(0.01227/step) :: Entropy : 0.000 :: Grads : []
130 :: Rewards -9.579 :: steps: 1.00 :: Time: 0.013(0.01256/step) :: Entropy : 0.000 :: Grads : []
140 :: Rewards -9.579 :: steps: 1.00 :: Time: 0.013(0.01255/step) :: Entropy : 0.000 :: Grads : []
150 :: Rewards -10.179 :: steps: 1.00 :: Time: 0.013(0.01264/step) :: Entropy : 0.000 :: Grads : []
160 :: Rewards -10.778 :: steps: 1.00 :: Time: 0.013(0.01274/step) :: Entropy : 0.000 :: Grads : []
170 :: Rewards -11.183 :: steps: 1.00 :: Time: 0.013(0.01284/step) :: Entropy : 0.000 :: Grads : []
180 :: Rewards -11.725 :: steps: 1.00 :: Time: 0.013(0.01292/step) :: Entropy : 0.000 :: Grads : []
190 :: Rewards -12.609 :: steps: 1.00 :: Time: 0.013(0.01302/step) :: Entropy : 0.000 :: Grads : []
200 :: Rewards -12.609 :: steps: 1.00 :: Time: 0.013(0.01311/step) :: Entropy : 0.000 :: Grads : []
210 :: Rewards -13.458 :: steps: 1.00 :: Time: 0.013(0.01333/step) :: Entropy : 0.000 :: Grads : []
220 :: Rewards -13.848 :: steps: 1.00 :: Time: 0.013(0.01342/step) :: Entropy : 0.000 :: Grads : []
230 :: Rewards -13.848 :: steps: 1.00 :: Time: 0.014(0.01436/step) :: Entropy : 0.000 :: Grads : []
240 :: Rewards -14.270 :: steps: 1.00 :: Time: 0.014(0.01378/step) :: Entropy : 0.000 :: Grads : []
250 :: Rewards -14.508 :: steps: 1.00 :: Time: 0.014(0.01372/step) :: Entropy : 0.000 :: Grads : []
260 :: Rewards -15.300 :: steps: 1.00 :: Time: 0.014(0.01421/step) :: Entropy : 0.000 :: Grads : []
270 :: Rewards -16.620 :: steps: 1.00 :: Time: 0.014(0.01436/step) :: Entropy : 0.000 :: Grads : []
280 :: Rewards -18.430 :: steps: 1.00 :: Time: 0.014(0.01435/step) :: Entropy : 0.000 :: Grads : []
290 :: Rewards -20.912 :: steps: 1.00 :: Time: 0.015(0.01462/step) :: Entropy : 0.000 :: Grads : []
300 :: Rewards -23.796 :: steps: 1.00 :: Time: 0.015(0.01462/step) :: Entropy : 0.000 :: Grads : []
310 :: Rewards -26.981 :: steps: 1.00 :: Time: 0.017(0.01715/step) :: Entropy : 0.000 :: Grads : []
320 :: Rewards -30.517 :: steps: 1.00 :: Time: 0.015(0.01492/step) :: Entropy : 0.000 :: Grads : []
330 :: Rewards -34.572 :: steps: 1.00 :: Time: 0.015(0.01512/step) :: Entropy : 0.000 :: Grads : []
340 :: Rewards -37.060 :: steps: 1.00 :: Time: 0.015(0.01539/step) :: Entropy : 0.000 :: Grads : []
350 :: Rewards -41.178 :: steps: 1.00 :: Time: 0.016(0.01586/step) :: Entropy : 0.000 :: Grads : []
360 :: Rewards -45.324 :: steps: 1.00 :: Time: 0.016(0.01610/step) :: Entropy : 0.000 :: Grads : []
370 :: Rewards -49.718 :: steps: 1.00 :: Time: 0.016(0.01636/step) :: Entropy : 0.000 :: Grads : []
380 :: Rewards -53.871 :: steps: 1.00 :: Time: 0.016(0.01636/step) :: Entropy : 0.000 :: Grads : []
390 :: Rewards -57.138 :: steps: 1.00 :: Time: 0.017(0.01651/step) :: Entropy : 0.000 :: Grads : []
400 :: Rewards -62.629 :: steps: 1.00 :: Time: 0.017(0.01665/step) :: Entropy : 0.000 :: Grads : []
410 :: Rewards -65.883 :: steps: 1.00 :: Time: 0.017(0.01686/step) :: Entropy : 0.000 :: Grads : []
420 :: Rewards -70.745 :: steps: 1.00 :: Time: 0.017(0.01730/step) :: Entropy : 0.000 :: Grads : []
430 :: Rewards -72.477 :: steps: 1.00 :: Time: 0.017(0.01722/step) :: Entropy : 0.000 :: Grads : []
440 :: Rewards -77.542 :: steps: 1.00 :: Time: 0.017(0.01738/step) :: Entropy : 0.000 :: Grads : []
450 :: Rewards -80.920 :: steps: 1.00 :: Time: 0.018(0.01750/step) :: Entropy : 0.000 :: Grads : []
460 :: Rewards -85.531 :: steps: 1.00 :: Time: 0.018(0.01781/step) :: Entropy : 0.000 :: Grads : []
470 :: Rewards -87.547 :: steps: 1.00 :: Time: 0.018(0.01782/step) :: Entropy : 0.000 :: Grads : []
480 :: Rewards -89.523 :: steps: 1.00 :: Time: 0.018(0.01796/step) :: Entropy : 0.000 :: Grads : []
490 :: Rewards -91.172 :: steps: 1.00 :: Time: 0.018(0.01787/step) :: Entropy : 0.000 :: Grads : []
500 :: Rewards -94.942 :: steps: 1.00 :: Time: 0.018(0.01801/step) :: Entropy : 0.000 :: Grads : []
510 :: Rewards -96.818 :: steps: 1.00 :: Time: 0.018(0.01813/step) :: Entropy : 0.000 :: Grads : []
520 :: Rewards -99.930 :: steps: 1.00 :: Time: 0.018(0.01846/step) :: Entropy : 0.000 :: Grads : []
530 :: Rewards -101.776 :: steps: 1.00 :: Time: 0.018(0.01846/step) :: Entropy : 0.000 :: Grads : []
540 :: Rewards -104.126 :: steps: 1.00 :: Time: 0.019(0.01870/step) :: Entropy : 0.000 :: Grads : []
550 :: Rewards -106.624 :: steps: 1.00 :: Time: 0.019(0.01878/step) :: Entropy : 0.000 :: Grads : []
560 :: Rewards -108.717 :: steps: 1.00 :: Time: 0.019(0.01883/step) :: Entropy : 0.000 :: Grads : []
570 :: Rewards -110.684 :: steps: 1.00 :: Time: 0.019(0.01902/step) :: Entropy : 0.000 :: Grads : []
580 :: Rewards -112.520 :: steps: 1.00 :: Time: 0.019(0.01901/step) :: Entropy : 0.000 :: Grads : []
590 :: Rewards -113.942 :: steps: 1.00 :: Time: 0.019(0.01903/step) :: Entropy : 0.000 :: Grads : []
600 :: Rewards -116.081 :: steps: 1.00 :: Time: 0.019(0.01921/step) :: Entropy : 0.000 :: Grads : []
610 :: Rewards -117.891 :: steps: 1.00 :: Time: 0.019(0.01924/step) :: Entropy : 0.000 :: Grads : []
620 :: Rewards -121.127 :: steps: 1.00 :: Time: 0.019(0.01944/step) :: Entropy : 0.000 :: Grads : []
630 :: Rewards -124.083 :: steps: 1.00 :: Time: 0.019(0.01949/step) :: Entropy : 0.000 :: Grads : []
640 :: Rewards -128.432 :: steps: 1.00 :: Time: 0.019(0.01948/step) :: Entropy : 0.000 :: Grads : []
650 :: Rewards -133.399 :: steps: 1.00 :: Time: 0.020(0.01974/step) :: Entropy : 0.000 :: Grads : []
660 :: Rewards -137.636 :: steps: 1.00 :: Time: 0.021(0.02063/step) :: Entropy : 0.000 :: Grads : []
670 :: Rewards -142.148 :: steps: 1.00 :: Time: 0.019(0.01945/step) :: Entropy : 0.000 :: Grads : []
680 :: Rewards -147.727 :: steps: 1.00 :: Time: 0.020(0.01962/step) :: Entropy : 0.000 :: Grads : []
690 :: Rewards -152.404 :: steps: 1.00 :: Time: 0.020(0.01993/step) :: Entropy : 0.000 :: Grads : []
700 :: Rewards -158.854 :: steps: 1.00 :: Time: 0.020(0.02004/step) :: Entropy : 0.000 :: Grads : []
710 :: Rewards -162.901 :: steps: 1.00 :: Time: 0.020(0.02006/step) :: Entropy : 0.000 :: Grads : []
720 :: Rewards -171.341 :: steps: 1.00 :: Time: 0.020(0.02004/step) :: Entropy : 0.000 :: Grads : []
730 :: Rewards -176.183 :: steps: 1.00 :: Time: 0.020(0.02036/step) :: Entropy : 0.000 :: Grads : []
740 :: Rewards -181.531 :: steps: 1.00 :: Time: 0.020(0.02037/step) :: Entropy : 0.000 :: Grads : []
750 :: Rewards -185.377 :: steps: 1.00 :: Time: 0.020(0.02046/step) :: Entropy : 0.000 :: Grads : []
760 :: Rewards -190.074 :: steps: 1.00 :: Time: 0.021(0.02065/step) :: Entropy : 0.000 :: Grads : []
770 :: Rewards -192.105 :: steps: 1.00 :: Time: 0.021(0.02058/step) :: Entropy : 0.000 :: Grads : []
780 :: Rewards -198.082 :: steps: 1.00 :: Time: 0.021(0.02075/step) :: Entropy : 0.000 :: Grads : []
790 :: Rewards -201.035 :: steps: 1.00 :: Time: 0.022(0.02161/step) :: Entropy : 0.000 :: Grads : []
800 :: Rewards -204.556 :: steps: 1.00 :: Time: 0.022(0.02159/step) :: Entropy : 0.000 :: Grads : []
810 :: Rewards -208.313 :: steps: 1.00 :: Time: 0.022(0.02221/step) :: Entropy : 0.000 :: Grads : []
820 :: Rewards -210.425 :: steps: 1.00 :: Time: 0.023(0.02268/step) :: Entropy : 0.000 :: Grads : []
830 :: Rewards -212.240 :: steps: 1.00 :: Time: 0.022(0.02213/step) :: Entropy : 0.000 :: Grads : []
840 :: Rewards -213.964 :: steps: 1.00 :: Time: 0.028(0.02806/step) :: Entropy : 0.000 :: Grads : []
850 :: Rewards -215.289 :: steps: 1.00 :: Time: 0.023(0.02255/step) :: Entropy : 0.000 :: Grads : []
860 :: Rewards -216.777 :: steps: 1.00 :: Time: 0.022(0.02176/step) :: Entropy : 0.000 :: Grads : []
870 :: Rewards -219.311 :: steps: 1.00 :: Time: 0.023(0.02314/step) :: Entropy : 0.000 :: Grads : []
880 :: Rewards -222.575 :: steps: 1.00 :: Time: 0.022(0.02230/step) :: Entropy : 0.000 :: Grads : []
890 :: Rewards -225.884 :: steps: 1.00 :: Time: 0.022(0.02175/step) :: Entropy : 0.000 :: Grads : []
900 :: Rewards -230.298 :: steps: 1.00 :: Time: 0.022(0.02170/step) :: Entropy : 0.000 :: Grads : []
910 :: Rewards -234.981 :: steps: 1.00 :: Time: 0.023(0.02321/step) :: Entropy : 0.000 :: Grads : []
920 :: Rewards -239.275 :: steps: 1.00 :: Time: 0.022(0.02190/step) :: Entropy : 0.000 :: Grads : []
930 :: Rewards -244.027 :: steps: 1.00 :: Time: 0.022(0.02211/step) :: Entropy : 0.000 :: Grads : []
940 :: Rewards -249.681 :: steps: 1.00 :: Time: 0.022(0.02228/step) :: Entropy : 0.000 :: Grads : []
950 :: Rewards -255.461 :: steps: 1.00 :: Time: 0.022(0.02229/step) :: Entropy : 0.000 :: Grads : []
960 :: Rewards -261.484 :: steps: 1.00 :: Time: 0.022(0.02243/step) :: Entropy : 0.000 :: Grads : []
970 :: Rewards -265.570 :: steps: 1.00 :: Time: 0.022(0.02233/step) :: Entropy : 0.000 :: Grads : []
980 :: Rewards -271.109 :: steps: 1.00 :: Time: 0.022(0.02244/step) :: Entropy : 0.000 :: Grads : []
990 :: Rewards -277.615 :: steps: 1.00 :: Time: 0.023(0.02267/step) :: Entropy : 0.000 :: Grads : []
999 :: Rewards -280.158 :: steps: 0.90 :: Time: 0.021(0.02295/step) :: Entropy : 0.000 :: Grads : []
Total time taken: 17.693572759628296
