Module path:  Environments.NS_Reco NS_Reco
Dynamically loaded from:  <class 'Environments.NS_Reco.NS_Reco'>
Reward Amplitudes: [4.17022005e-01 7.20324493e-01 1.14374817e-04 3.02332573e-01
 1.46755891e-01] :: Avg 0.317309867282206 
Module path:  Src.Algorithms.ProWLS ProWLS
Dynamically loaded from:  <class 'Src.Algorithms.ProWLS.ProWLS'>
=====Configurations=====
 Namespace(NN_basis_dim='32', Policy_basis_dim='32', actor_lr=0.00450428892499054, algo_name='ProWLS', base=0, batch_size=1000, buffer_size=1000, debug=False, delta=3, entropy_lambda=0.07518854390699839, env_name='NS_Reco', experiment='NS_3_', extrapolator_basis='Fourier', folder_suffix='Default', fourier_coupled=True, fourier_k=5, fourier_order=3, gamma=0.99, gauss_std=1.5, gpu=0, hyper='default', importance_clip=10.0, inc=1, log_output='term_file', max_episodes=1000, max_inner=90, max_steps=500, optim='rmsprop', oracle=-1, raw_basis=True, restore=False, save_count=100, save_model=True, seed=19, speed=3, state_lr=0.001, summary=True, swarm=False, timestamp='5|24|22:24:42')
Actions space: 5 :: State space: 1
State Low: tensor([0.]) :: State High: tensor([1.])
State features:  [('dummy_param', torch.Size([1]))]
Policy:  [('fc1.weight', torch.Size([5, 1])), ('fc1.bias', torch.Size([5]))]
0 :: Rewards 0.006 :: steps: 0.10 :: Time: 0.000(0.00061/step) :: Entropy : 0.000 :: Grads : []
10 :: Rewards 0.118 :: steps: 1.00 :: Time: 0.010(0.01025/step) :: Entropy : 0.000 :: Grads : []
20 :: Rewards 0.772 :: steps: 1.00 :: Time: 0.020(0.02015/step) :: Entropy : 0.000 :: Grads : []
30 :: Rewards 2.249 :: steps: 1.00 :: Time: 0.016(0.01557/step) :: Entropy : 0.000 :: Grads : []
40 :: Rewards 3.923 :: steps: 1.00 :: Time: 0.015(0.01518/step) :: Entropy : 0.000 :: Grads : []
50 :: Rewards 6.325 :: steps: 1.00 :: Time: 0.020(0.02035/step) :: Entropy : 0.000 :: Grads : []
60 :: Rewards 9.727 :: steps: 1.00 :: Time: 0.016(0.01550/step) :: Entropy : 0.000 :: Grads : []
70 :: Rewards 12.586 :: steps: 1.00 :: Time: 0.016(0.01575/step) :: Entropy : 0.000 :: Grads : []
80 :: Rewards 16.798 :: steps: 1.00 :: Time: 0.021(0.02123/step) :: Entropy : 0.000 :: Grads : []
90 :: Rewards 21.521 :: steps: 1.00 :: Time: 0.016(0.01620/step) :: Entropy : 0.000 :: Grads : []
100 :: Rewards 26.437 :: steps: 1.00 :: Time: 0.016(0.01643/step) :: Entropy : 0.000 :: Grads : []
110 :: Rewards 31.707 :: steps: 1.00 :: Time: 0.022(0.02233/step) :: Entropy : 0.000 :: Grads : []
120 :: Rewards 36.648 :: steps: 1.00 :: Time: 0.017(0.01708/step) :: Entropy : 0.000 :: Grads : []
130 :: Rewards 42.280 :: steps: 1.00 :: Time: 0.017(0.01743/step) :: Entropy : 0.000 :: Grads : []
140 :: Rewards 47.307 :: steps: 1.00 :: Time: 0.024(0.02364/step) :: Entropy : 0.000 :: Grads : []
150 :: Rewards 53.743 :: steps: 1.00 :: Time: 0.018(0.01809/step) :: Entropy : 0.000 :: Grads : []
160 :: Rewards 60.017 :: steps: 1.00 :: Time: 0.018(0.01849/step) :: Entropy : 0.000 :: Grads : []
170 :: Rewards 66.794 :: steps: 1.00 :: Time: 0.025(0.02513/step) :: Entropy : 0.000 :: Grads : []
180 :: Rewards 73.249 :: steps: 1.00 :: Time: 0.019(0.01931/step) :: Entropy : 0.000 :: Grads : []
190 :: Rewards 79.238 :: steps: 1.00 :: Time: 0.020(0.02045/step) :: Entropy : 0.000 :: Grads : []
200 :: Rewards 83.665 :: steps: 1.00 :: Time: 0.028(0.02773/step) :: Entropy : 0.000 :: Grads : []
210 :: Rewards 88.305 :: steps: 1.00 :: Time: 0.021(0.02134/step) :: Entropy : 0.000 :: Grads : []
220 :: Rewards 93.133 :: steps: 1.00 :: Time: 0.022(0.02180/step) :: Entropy : 0.000 :: Grads : []
230 :: Rewards 96.918 :: steps: 1.00 :: Time: 0.030(0.02996/step) :: Entropy : 0.000 :: Grads : []
240 :: Rewards 100.954 :: steps: 1.00 :: Time: 0.023(0.02322/step) :: Entropy : 0.000 :: Grads : []
250 :: Rewards 104.244 :: steps: 1.00 :: Time: 0.024(0.02383/step) :: Entropy : 0.000 :: Grads : []
260 :: Rewards 107.561 :: steps: 1.00 :: Time: 0.033(0.03252/step) :: Entropy : 0.000 :: Grads : []
270 :: Rewards 110.451 :: steps: 1.00 :: Time: 0.025(0.02492/step) :: Entropy : 0.000 :: Grads : []
280 :: Rewards 113.287 :: steps: 1.00 :: Time: 0.025(0.02533/step) :: Entropy : 0.000 :: Grads : []
290 :: Rewards 116.076 :: steps: 1.00 :: Time: 0.034(0.03432/step) :: Entropy : 0.000 :: Grads : []
300 :: Rewards 118.388 :: steps: 1.00 :: Time: 0.026(0.02609/step) :: Entropy : 0.000 :: Grads : []
310 :: Rewards 120.674 :: steps: 1.00 :: Time: 0.027(0.02675/step) :: Entropy : 0.000 :: Grads : []
320 :: Rewards 121.980 :: steps: 1.00 :: Time: 0.036(0.03646/step) :: Entropy : 0.000 :: Grads : []
330 :: Rewards 123.709 :: steps: 1.00 :: Time: 0.028(0.02803/step) :: Entropy : 0.000 :: Grads : []
340 :: Rewards 124.672 :: steps: 1.00 :: Time: 0.028(0.02839/step) :: Entropy : 0.000 :: Grads : []
350 :: Rewards 125.002 :: steps: 1.00 :: Time: 0.039(0.03860/step) :: Entropy : 0.000 :: Grads : []
360 :: Rewards 125.581 :: steps: 1.00 :: Time: 0.030(0.02950/step) :: Entropy : 0.000 :: Grads : []
370 :: Rewards 125.994 :: steps: 1.00 :: Time: 0.031(0.03057/step) :: Entropy : 0.000 :: Grads : []
380 :: Rewards 125.646 :: steps: 1.00 :: Time: 0.041(0.04149/step) :: Entropy : 0.000 :: Grads : []
390 :: Rewards 125.603 :: steps: 1.00 :: Time: 0.032(0.03167/step) :: Entropy : 0.000 :: Grads : []
400 :: Rewards 125.496 :: steps: 1.00 :: Time: 0.032(0.03230/step) :: Entropy : 0.000 :: Grads : []
410 :: Rewards 124.773 :: steps: 1.00 :: Time: 0.044(0.04398/step) :: Entropy : 0.000 :: Grads : []
420 :: Rewards 125.286 :: steps: 1.00 :: Time: 0.034(0.03395/step) :: Entropy : 0.000 :: Grads : []
430 :: Rewards 125.783 :: steps: 1.00 :: Time: 0.035(0.03492/step) :: Entropy : 0.000 :: Grads : []
440 :: Rewards 125.542 :: steps: 1.00 :: Time: 0.047(0.04715/step) :: Entropy : 0.000 :: Grads : []
450 :: Rewards 125.217 :: steps: 1.00 :: Time: 0.036(0.03604/step) :: Entropy : 0.000 :: Grads : []
460 :: Rewards 124.807 :: steps: 1.00 :: Time: 0.037(0.03673/step) :: Entropy : 0.000 :: Grads : []
470 :: Rewards 124.936 :: steps: 1.00 :: Time: 0.050(0.04989/step) :: Entropy : 0.000 :: Grads : []
480 :: Rewards 124.415 :: steps: 1.00 :: Time: 0.038(0.03805/step) :: Entropy : 0.000 :: Grads : []
490 :: Rewards 124.133 :: steps: 1.00 :: Time: 0.040(0.03969/step) :: Entropy : 0.000 :: Grads : []
500 :: Rewards 123.900 :: steps: 1.00 :: Time: 0.054(0.05353/step) :: Entropy : 0.000 :: Grads : []
510 :: Rewards 123.356 :: steps: 1.00 :: Time: 0.041(0.04122/step) :: Entropy : 0.000 :: Grads : []
520 :: Rewards 122.741 :: steps: 1.00 :: Time: 0.042(0.04192/step) :: Entropy : 0.000 :: Grads : []
530 :: Rewards 121.636 :: steps: 1.00 :: Time: 0.056(0.05639/step) :: Entropy : 0.000 :: Grads : []
540 :: Rewards 121.110 :: steps: 1.00 :: Time: 0.043(0.04292/step) :: Entropy : 0.000 :: Grads : []
550 :: Rewards 120.922 :: steps: 1.00 :: Time: 0.044(0.04444/step) :: Entropy : 0.000 :: Grads : []
560 :: Rewards 119.907 :: steps: 1.00 :: Time: 0.060(0.05999/step) :: Entropy : 0.000 :: Grads : []
570 :: Rewards 119.690 :: steps: 1.00 :: Time: 0.046(0.04594/step) :: Entropy : 0.000 :: Grads : []
580 :: Rewards 119.003 :: steps: 1.00 :: Time: 0.047(0.04728/step) :: Entropy : 0.000 :: Grads : []
590 :: Rewards 118.974 :: steps: 1.00 :: Time: 0.065(0.06455/step) :: Entropy : 0.000 :: Grads : []
600 :: Rewards 118.303 :: steps: 1.00 :: Time: 0.049(0.04904/step) :: Entropy : 0.000 :: Grads : []
610 :: Rewards 118.613 :: steps: 1.00 :: Time: 0.051(0.05116/step) :: Entropy : 0.000 :: Grads : []
620 :: Rewards 119.880 :: steps: 1.00 :: Time: 0.068(0.06839/step) :: Entropy : 0.000 :: Grads : []
630 :: Rewards 122.554 :: steps: 1.00 :: Time: 0.055(0.05491/step) :: Entropy : 0.000 :: Grads : []
640 :: Rewards 125.092 :: steps: 1.00 :: Time: 0.053(0.05346/step) :: Entropy : 0.000 :: Grads : []
650 :: Rewards 129.354 :: steps: 1.00 :: Time: 0.073(0.07305/step) :: Entropy : 0.000 :: Grads : []
660 :: Rewards 132.732 :: steps: 1.00 :: Time: 0.056(0.05606/step) :: Entropy : 0.000 :: Grads : []
670 :: Rewards 137.644 :: steps: 1.00 :: Time: 0.058(0.05790/step) :: Entropy : 0.000 :: Grads : []
680 :: Rewards 143.568 :: steps: 1.00 :: Time: 0.078(0.07796/step) :: Entropy : 0.000 :: Grads : []
690 :: Rewards 149.863 :: steps: 1.00 :: Time: 0.061(0.06054/step) :: Entropy : 0.000 :: Grads : []
700 :: Rewards 156.535 :: steps: 1.00 :: Time: 0.061(0.06099/step) :: Entropy : 0.000 :: Grads : []
710 :: Rewards 161.940 :: steps: 1.00 :: Time: 0.084(0.08356/step) :: Entropy : 0.000 :: Grads : []
720 :: Rewards 168.196 :: steps: 1.00 :: Time: 0.064(0.06429/step) :: Entropy : 0.000 :: Grads : []
730 :: Rewards 173.663 :: steps: 1.00 :: Time: 0.067(0.06683/step) :: Entropy : 0.000 :: Grads : []
740 :: Rewards 179.254 :: steps: 1.00 :: Time: 0.089(0.08908/step) :: Entropy : 0.000 :: Grads : []
750 :: Rewards 185.717 :: steps: 1.00 :: Time: 0.069(0.06857/step) :: Entropy : 0.000 :: Grads : []
760 :: Rewards 192.720 :: steps: 1.00 :: Time: 0.070(0.06998/step) :: Entropy : 0.000 :: Grads : []
770 :: Rewards 198.795 :: steps: 1.00 :: Time: 0.095(0.09542/step) :: Entropy : 0.000 :: Grads : []
780 :: Rewards 204.394 :: steps: 1.00 :: Time: 0.073(0.07296/step) :: Entropy : 0.000 :: Grads : []
790 :: Rewards 209.321 :: steps: 1.00 :: Time: 0.075(0.07499/step) :: Entropy : 0.000 :: Grads : []
800 :: Rewards 213.936 :: steps: 1.00 :: Time: 0.102(0.10193/step) :: Entropy : 0.000 :: Grads : []
810 :: Rewards 218.178 :: steps: 1.00 :: Time: 0.078(0.07833/step) :: Entropy : 0.000 :: Grads : []
820 :: Rewards 221.526 :: steps: 1.00 :: Time: 0.080(0.07956/step) :: Entropy : 0.000 :: Grads : []
830 :: Rewards 224.870 :: steps: 1.00 :: Time: 0.109(0.10863/step) :: Entropy : 0.000 :: Grads : []
840 :: Rewards 227.342 :: steps: 1.00 :: Time: 0.083(0.08328/step) :: Entropy : 0.000 :: Grads : []
850 :: Rewards 229.609 :: steps: 1.00 :: Time: 0.087(0.08693/step) :: Entropy : 0.000 :: Grads : []
860 :: Rewards 231.937 :: steps: 1.00 :: Time: 0.117(0.11717/step) :: Entropy : 0.000 :: Grads : []
870 :: Rewards 234.157 :: steps: 1.00 :: Time: 0.088(0.08805/step) :: Entropy : 0.000 :: Grads : []
880 :: Rewards 236.552 :: steps: 1.00 :: Time: 0.089(0.08868/step) :: Entropy : 0.000 :: Grads : []
890 :: Rewards 239.535 :: steps: 1.00 :: Time: 0.123(0.12296/step) :: Entropy : 0.000 :: Grads : []
900 :: Rewards 243.011 :: steps: 1.00 :: Time: 0.094(0.09427/step) :: Entropy : 0.000 :: Grads : []
910 :: Rewards 246.863 :: steps: 1.00 :: Time: 0.097(0.09701/step) :: Entropy : 0.000 :: Grads : []
920 :: Rewards 250.814 :: steps: 1.00 :: Time: 0.133(0.13295/step) :: Entropy : 0.000 :: Grads : []
930 :: Rewards 254.756 :: steps: 1.00 :: Time: 0.101(0.10054/step) :: Entropy : 0.000 :: Grads : []
940 :: Rewards 258.258 :: steps: 1.00 :: Time: 0.103(0.10304/step) :: Entropy : 0.000 :: Grads : []
950 :: Rewards 262.404 :: steps: 1.00 :: Time: 0.141(0.14068/step) :: Entropy : 0.000 :: Grads : []
960 :: Rewards 265.912 :: steps: 1.00 :: Time: 0.108(0.10810/step) :: Entropy : 0.000 :: Grads : []
970 :: Rewards 269.501 :: steps: 1.00 :: Time: 0.110(0.10966/step) :: Entropy : 0.000 :: Grads : []
980 :: Rewards 272.404 :: steps: 1.00 :: Time: 0.149(0.14865/step) :: Entropy : 0.000 :: Grads : []
990 :: Rewards 275.917 :: steps: 1.00 :: Time: 0.112(0.11163/step) :: Entropy : 0.000 :: Grads : []
999 :: Rewards 279.240 :: steps: 0.90 :: Time: 0.114(0.12686/step) :: Entropy : 0.000 :: Grads : []
Total time taken: 53.943203926086426
