Module path:  Environments.NS_Reco NS_Reco
Dynamically loaded from:  <class 'Environments.NS_Reco.NS_Reco'>
Reward Amplitudes: [4.17022005e-01 7.20324493e-01 1.14374817e-04 3.02332573e-01
 1.46755891e-01] :: Avg 0.317309867282206 
Module path:  Src.Algorithms.ProOLS ProOLS
Dynamically loaded from:  <class 'Src.Algorithms.ProOLS.ProOLS'>
=====Configurations=====
 Namespace(NN_basis_dim='32', Policy_basis_dim='32', actor_lr=0.006528973986480399, algo_name='ProOLS', base=0, batch_size=1000, buffer_size=1000, debug=False, delta=1, entropy_lambda=0.03442646767804006, env_name='NS_Reco', experiment='NS_3r_', extrapolator_basis='Fourier', folder_suffix='Default', fourier_coupled=True, fourier_k=7, fourier_order=3, gamma=0.99, gauss_std=1.5, gpu=0, hyper='default', importance_clip=5.0, inc=1, log_output='term_file', max_episodes=1000, max_inner=30, max_steps=500, optim='rmsprop', oracle=-1, raw_basis=True, restore=False, save_count=100, save_model=True, seed=19, speed=3, state_lr=0.001, summary=True, swarm=False, timestamp='5|25|9:28:31')
Actions space: 5 :: State space: 1
State Low: tensor([0.]) :: State High: tensor([1.])
State features:  [('dummy_param', torch.Size([1]))]
Policy:  [('fc1.weight', torch.Size([5, 1])), ('fc1.bias', torch.Size([5]))]
0 :: Rewards 0.000 :: steps: 0.10 :: Time: 0.000(0.00055/step) :: Entropy : 0.000 :: Grads : []
10 :: Rewards -0.198 :: steps: 1.00 :: Time: 0.005(0.00546/step) :: Entropy : 0.000 :: Grads : []
20 :: Rewards -0.704 :: steps: 1.00 :: Time: 0.012(0.01249/step) :: Entropy : 0.000 :: Grads : []
30 :: Rewards -1.383 :: steps: 1.00 :: Time: 0.013(0.01330/step) :: Entropy : 0.000 :: Grads : []
40 :: Rewards -2.154 :: steps: 1.00 :: Time: 0.012(0.01226/step) :: Entropy : 0.000 :: Grads : []
50 :: Rewards -3.565 :: steps: 1.00 :: Time: 0.012(0.01235/step) :: Entropy : 0.000 :: Grads : []
60 :: Rewards -5.748 :: steps: 1.00 :: Time: 0.012(0.01238/step) :: Entropy : 0.000 :: Grads : []
70 :: Rewards -6.654 :: steps: 1.00 :: Time: 0.013(0.01252/step) :: Entropy : 0.000 :: Grads : []
80 :: Rewards -6.654 :: steps: 1.00 :: Time: 0.013(0.01263/step) :: Entropy : 0.000 :: Grads : []
90 :: Rewards -6.654 :: steps: 1.00 :: Time: 0.013(0.01272/step) :: Entropy : 0.000 :: Grads : []
100 :: Rewards -6.654 :: steps: 1.00 :: Time: 0.013(0.01307/step) :: Entropy : 0.000 :: Grads : []
110 :: Rewards -6.654 :: steps: 1.00 :: Time: 0.013(0.01290/step) :: Entropy : 0.000 :: Grads : []
120 :: Rewards -6.654 :: steps: 1.00 :: Time: 0.013(0.01298/step) :: Entropy : 0.000 :: Grads : []
130 :: Rewards -6.654 :: steps: 1.00 :: Time: 0.013(0.01314/step) :: Entropy : 0.000 :: Grads : []
140 :: Rewards -6.654 :: steps: 1.00 :: Time: 0.013(0.01334/step) :: Entropy : 0.000 :: Grads : []
150 :: Rewards -6.654 :: steps: 1.00 :: Time: 0.013(0.01346/step) :: Entropy : 0.000 :: Grads : []
160 :: Rewards -6.654 :: steps: 1.00 :: Time: 0.014(0.01356/step) :: Entropy : 0.000 :: Grads : []
170 :: Rewards -6.654 :: steps: 1.00 :: Time: 0.014(0.01366/step) :: Entropy : 0.000 :: Grads : []
180 :: Rewards -6.654 :: steps: 1.00 :: Time: 0.014(0.01370/step) :: Entropy : 0.000 :: Grads : []
190 :: Rewards -6.654 :: steps: 1.00 :: Time: 0.014(0.01387/step) :: Entropy : 0.000 :: Grads : []
200 :: Rewards -6.654 :: steps: 1.00 :: Time: 0.014(0.01396/step) :: Entropy : 0.000 :: Grads : []
210 :: Rewards -6.654 :: steps: 1.00 :: Time: 0.014(0.01404/step) :: Entropy : 0.000 :: Grads : []
220 :: Rewards -6.654 :: steps: 1.00 :: Time: 0.014(0.01412/step) :: Entropy : 0.000 :: Grads : []
230 :: Rewards -6.654 :: steps: 1.00 :: Time: 0.014(0.01423/step) :: Entropy : 0.000 :: Grads : []
240 :: Rewards -6.654 :: steps: 1.00 :: Time: 0.014(0.01431/step) :: Entropy : 0.000 :: Grads : []
250 :: Rewards -6.881 :: steps: 1.00 :: Time: 0.014(0.01436/step) :: Entropy : 0.000 :: Grads : []
260 :: Rewards -7.625 :: steps: 1.00 :: Time: 0.015(0.01463/step) :: Entropy : 0.000 :: Grads : []
270 :: Rewards -8.885 :: steps: 1.00 :: Time: 0.015(0.01477/step) :: Entropy : 0.000 :: Grads : []
280 :: Rewards -10.768 :: steps: 1.00 :: Time: 0.015(0.01485/step) :: Entropy : 0.000 :: Grads : []
290 :: Rewards -12.590 :: steps: 1.00 :: Time: 0.015(0.01491/step) :: Entropy : 0.000 :: Grads : []
300 :: Rewards -12.590 :: steps: 1.00 :: Time: 0.015(0.01513/step) :: Entropy : 0.000 :: Grads : []
310 :: Rewards -12.967 :: steps: 1.00 :: Time: 0.015(0.01525/step) :: Entropy : 0.000 :: Grads : []
320 :: Rewards -12.967 :: steps: 1.00 :: Time: 0.016(0.01550/step) :: Entropy : 0.000 :: Grads : []
330 :: Rewards -12.967 :: steps: 1.00 :: Time: 0.016(0.01568/step) :: Entropy : 0.000 :: Grads : []
340 :: Rewards -12.967 :: steps: 1.00 :: Time: 0.017(0.01654/step) :: Entropy : 0.000 :: Grads : []
350 :: Rewards -13.003 :: steps: 1.00 :: Time: 0.017(0.01660/step) :: Entropy : 0.000 :: Grads : []
360 :: Rewards -13.323 :: steps: 1.00 :: Time: 0.016(0.01636/step) :: Entropy : 0.000 :: Grads : []
370 :: Rewards -15.048 :: steps: 1.00 :: Time: 0.017(0.01685/step) :: Entropy : 0.000 :: Grads : []
380 :: Rewards -15.901 :: steps: 1.00 :: Time: 0.017(0.01691/step) :: Entropy : 0.000 :: Grads : []
390 :: Rewards -17.054 :: steps: 1.00 :: Time: 0.017(0.01668/step) :: Entropy : 0.000 :: Grads : []
400 :: Rewards -17.349 :: steps: 1.00 :: Time: 0.017(0.01708/step) :: Entropy : 0.000 :: Grads : []
410 :: Rewards -17.484 :: steps: 1.00 :: Time: 0.020(0.01975/step) :: Entropy : 0.000 :: Grads : []
420 :: Rewards -18.246 :: steps: 1.00 :: Time: 0.019(0.01893/step) :: Entropy : 0.000 :: Grads : []
430 :: Rewards -18.456 :: steps: 1.00 :: Time: 0.018(0.01831/step) :: Entropy : 0.000 :: Grads : []
440 :: Rewards -18.456 :: steps: 1.00 :: Time: 0.018(0.01762/step) :: Entropy : 0.000 :: Grads : []
450 :: Rewards -18.642 :: steps: 1.00 :: Time: 0.018(0.01758/step) :: Entropy : 0.000 :: Grads : []
460 :: Rewards -18.676 :: steps: 1.00 :: Time: 0.021(0.02085/step) :: Entropy : 0.000 :: Grads : []
470 :: Rewards -19.046 :: steps: 1.00 :: Time: 0.021(0.02088/step) :: Entropy : 0.000 :: Grads : []
480 :: Rewards -19.717 :: steps: 1.00 :: Time: 0.020(0.01999/step) :: Entropy : 0.000 :: Grads : []
490 :: Rewards -19.728 :: steps: 1.00 :: Time: 0.022(0.02209/step) :: Entropy : 0.000 :: Grads : []
500 :: Rewards -22.305 :: steps: 1.00 :: Time: 0.021(0.02097/step) :: Entropy : 0.000 :: Grads : []
510 :: Rewards -24.183 :: steps: 1.00 :: Time: 0.023(0.02281/step) :: Entropy : 0.000 :: Grads : []
520 :: Rewards -24.545 :: steps: 1.00 :: Time: 0.019(0.01858/step) :: Entropy : 0.000 :: Grads : []
530 :: Rewards -25.271 :: steps: 1.00 :: Time: 0.019(0.01867/step) :: Entropy : 0.000 :: Grads : []
540 :: Rewards -25.717 :: steps: 1.00 :: Time: 0.023(0.02346/step) :: Entropy : 0.000 :: Grads : []
550 :: Rewards -26.183 :: steps: 1.00 :: Time: 0.020(0.02025/step) :: Entropy : 0.000 :: Grads : []
560 :: Rewards -26.946 :: steps: 1.00 :: Time: 0.020(0.01986/step) :: Entropy : 0.000 :: Grads : []
570 :: Rewards -27.187 :: steps: 1.00 :: Time: 0.024(0.02433/step) :: Entropy : 0.000 :: Grads : []
580 :: Rewards -27.187 :: steps: 1.00 :: Time: 0.020(0.02031/step) :: Entropy : 0.000 :: Grads : []
590 :: Rewards -27.398 :: steps: 1.00 :: Time: 0.023(0.02334/step) :: Entropy : 0.000 :: Grads : []
600 :: Rewards -28.326 :: steps: 1.00 :: Time: 0.021(0.02125/step) :: Entropy : 0.000 :: Grads : []
610 :: Rewards -30.365 :: steps: 1.00 :: Time: 0.022(0.02241/step) :: Entropy : 0.000 :: Grads : []
620 :: Rewards -34.366 :: steps: 1.00 :: Time: 0.023(0.02341/step) :: Entropy : 0.000 :: Grads : []
630 :: Rewards -37.921 :: steps: 1.00 :: Time: 0.019(0.01891/step) :: Entropy : 0.000 :: Grads : []
640 :: Rewards -41.939 :: steps: 1.00 :: Time: 0.023(0.02325/step) :: Entropy : 0.000 :: Grads : []
650 :: Rewards -46.618 :: steps: 1.00 :: Time: 0.024(0.02370/step) :: Entropy : 0.000 :: Grads : []
660 :: Rewards -51.521 :: steps: 1.00 :: Time: 0.019(0.01932/step) :: Entropy : 0.000 :: Grads : []
670 :: Rewards -52.350 :: steps: 1.00 :: Time: 0.023(0.02322/step) :: Entropy : 0.000 :: Grads : []
680 :: Rewards -52.350 :: steps: 1.00 :: Time: 0.026(0.02592/step) :: Entropy : 0.000 :: Grads : []
690 :: Rewards -52.350 :: steps: 1.00 :: Time: 0.024(0.02383/step) :: Entropy : 0.000 :: Grads : []
700 :: Rewards -52.350 :: steps: 1.00 :: Time: 0.025(0.02494/step) :: Entropy : 0.000 :: Grads : []
710 :: Rewards -52.350 :: steps: 1.00 :: Time: 0.021(0.02138/step) :: Entropy : 0.000 :: Grads : []
720 :: Rewards -52.350 :: steps: 1.00 :: Time: 0.024(0.02440/step) :: Entropy : 0.000 :: Grads : []
730 :: Rewards -52.350 :: steps: 1.00 :: Time: 0.023(0.02335/step) :: Entropy : 0.000 :: Grads : []
740 :: Rewards -52.350 :: steps: 1.00 :: Time: 0.024(0.02448/step) :: Entropy : 0.000 :: Grads : []
750 :: Rewards -52.350 :: steps: 1.00 :: Time: 0.022(0.02184/step) :: Entropy : 0.000 :: Grads : []
760 :: Rewards -52.350 :: steps: 1.00 :: Time: 0.024(0.02391/step) :: Entropy : 0.000 :: Grads : []
770 :: Rewards -52.350 :: steps: 1.00 :: Time: 0.024(0.02425/step) :: Entropy : 0.000 :: Grads : []
780 :: Rewards -52.350 :: steps: 1.00 :: Time: 0.024(0.02366/step) :: Entropy : 0.000 :: Grads : []
790 :: Rewards -52.350 :: steps: 1.00 :: Time: 0.024(0.02375/step) :: Entropy : 0.000 :: Grads : []
800 :: Rewards -52.350 :: steps: 1.00 :: Time: 0.021(0.02075/step) :: Entropy : 0.000 :: Grads : []
810 :: Rewards -52.350 :: steps: 1.00 :: Time: 0.027(0.02676/step) :: Entropy : 0.000 :: Grads : []
820 :: Rewards -52.350 :: steps: 1.00 :: Time: 0.021(0.02127/step) :: Entropy : 0.000 :: Grads : []
830 :: Rewards -52.350 :: steps: 1.00 :: Time: 0.026(0.02568/step) :: Entropy : 0.000 :: Grads : []
840 :: Rewards -52.350 :: steps: 1.00 :: Time: 0.023(0.02307/step) :: Entropy : 0.000 :: Grads : []
850 :: Rewards -52.555 :: steps: 1.00 :: Time: 0.021(0.02094/step) :: Entropy : 0.000 :: Grads : []
860 :: Rewards -53.697 :: steps: 1.00 :: Time: 0.023(0.02348/step) :: Entropy : 0.000 :: Grads : []
870 :: Rewards -55.525 :: steps: 1.00 :: Time: 0.023(0.02324/step) :: Entropy : 0.000 :: Grads : []
880 :: Rewards -57.860 :: steps: 1.00 :: Time: 0.021(0.02104/step) :: Entropy : 0.000 :: Grads : []
890 :: Rewards -58.907 :: steps: 1.00 :: Time: 0.021(0.02112/step) :: Entropy : 0.000 :: Grads : []
900 :: Rewards -59.882 :: steps: 1.00 :: Time: 0.027(0.02732/step) :: Entropy : 0.000 :: Grads : []
910 :: Rewards -60.694 :: steps: 1.00 :: Time: 0.021(0.02121/step) :: Entropy : 0.000 :: Grads : []
920 :: Rewards -61.738 :: steps: 1.00 :: Time: 0.021(0.02128/step) :: Entropy : 0.000 :: Grads : []
930 :: Rewards -62.528 :: steps: 1.00 :: Time: 0.021(0.02116/step) :: Entropy : 0.000 :: Grads : []
940 :: Rewards -63.321 :: steps: 1.00 :: Time: 0.021(0.02115/step) :: Entropy : 0.000 :: Grads : []
950 :: Rewards -63.890 :: steps: 1.00 :: Time: 0.021(0.02121/step) :: Entropy : 0.000 :: Grads : []
960 :: Rewards -64.354 :: steps: 1.00 :: Time: 0.021(0.02132/step) :: Entropy : 0.000 :: Grads : []
970 :: Rewards -64.461 :: steps: 1.00 :: Time: 0.022(0.02181/step) :: Entropy : 0.000 :: Grads : []
980 :: Rewards -64.461 :: steps: 1.00 :: Time: 0.022(0.02210/step) :: Entropy : 0.000 :: Grads : []
990 :: Rewards -64.461 :: steps: 1.00 :: Time: 0.022(0.02215/step) :: Entropy : 0.000 :: Grads : []
999 :: Rewards -64.461 :: steps: 0.90 :: Time: 0.020(0.02190/step) :: Entropy : 0.000 :: Grads : []
Total time taken: 18.857171773910522
