Module path:  Environments.NS_Reco NS_Reco
Dynamically loaded from:  <class 'Environments.NS_Reco.NS_Reco'>
Reward Amplitudes: [4.17022005e-01 7.20324493e-01 1.14374817e-04 3.02332573e-01
 1.46755891e-01] :: Avg 0.317309867282206 
Module path:  Src.Algorithms.ONPG ONPG
Dynamically loaded from:  <class 'Src.Algorithms.ONPG.ONPG'>
=====Configurations=====
 Namespace(NN_basis_dim='32', Policy_basis_dim='32', actor_lr=0.008425020536482294, algo_name='ONPG', base=0, batch_size=1000, buffer_size=1000, debug=False, delta=3, entropy_lambda=0.005900970803997456, env_name='NS_Reco', experiment='NS_0_', extrapolator_basis='Fourier', folder_suffix='Default', fourier_coupled=True, fourier_k=7, fourier_order=3, gamma=0.99, gauss_std=1.5, gpu=0, hyper='default', importance_clip=10.0, inc=1, log_output='term_file', max_episodes=1000, max_inner=150, max_steps=500, optim='rmsprop', oracle=-1, raw_basis=True, restore=False, save_count=100, save_model=True, seed=27, speed=0, state_lr=0.001, summary=True, swarm=False, timestamp='5|24|20:59:56')
Actions space: 5 :: State space: 1
State Low: tensor([0.]) :: State High: tensor([1.])
State features:  [('dummy_param', torch.Size([1]))]
Policy:  [('fc1.weight', torch.Size([5, 1])), ('fc1.bias', torch.Size([5]))]
0 :: Rewards 0.150 :: steps: 0.10 :: Time: 0.000(0.00079/step) :: Entropy : 0.000 :: Grads : []
10 :: Rewards 3.760 :: steps: 1.00 :: Time: 0.001(0.00069/step) :: Entropy : 0.000 :: Grads : []
20 :: Rewards 7.523 :: steps: 1.00 :: Time: 0.001(0.00067/step) :: Entropy : 0.000 :: Grads : []
30 :: Rewards 13.021 :: steps: 1.00 :: Time: 0.000(0.00048/step) :: Entropy : 0.000 :: Grads : []
40 :: Rewards 18.099 :: steps: 1.00 :: Time: 0.000(0.00046/step) :: Entropy : 0.000 :: Grads : []
50 :: Rewards 24.276 :: steps: 1.00 :: Time: 0.001(0.00061/step) :: Entropy : 0.000 :: Grads : []
60 :: Rewards 31.487 :: steps: 1.00 :: Time: 0.000(0.00047/step) :: Entropy : 0.000 :: Grads : []
70 :: Rewards 38.255 :: steps: 1.00 :: Time: 0.000(0.00045/step) :: Entropy : 0.000 :: Grads : []
80 :: Rewards 44.863 :: steps: 1.00 :: Time: 0.001(0.00057/step) :: Entropy : 0.000 :: Grads : []
90 :: Rewards 50.925 :: steps: 1.00 :: Time: 0.000(0.00047/step) :: Entropy : 0.000 :: Grads : []
100 :: Rewards 57.241 :: steps: 1.00 :: Time: 0.000(0.00045/step) :: Entropy : 0.000 :: Grads : []
110 :: Rewards 64.113 :: steps: 1.00 :: Time: 0.001(0.00056/step) :: Entropy : 0.000 :: Grads : []
120 :: Rewards 71.316 :: steps: 1.00 :: Time: 0.000(0.00047/step) :: Entropy : 0.000 :: Grads : []
130 :: Rewards 78.560 :: steps: 1.00 :: Time: 0.000(0.00047/step) :: Entropy : 0.000 :: Grads : []
140 :: Rewards 84.625 :: steps: 1.00 :: Time: 0.001(0.00056/step) :: Entropy : 0.000 :: Grads : []
150 :: Rewards 91.445 :: steps: 1.00 :: Time: 0.000(0.00046/step) :: Entropy : 0.000 :: Grads : []
160 :: Rewards 98.678 :: steps: 1.00 :: Time: 0.000(0.00045/step) :: Entropy : 0.000 :: Grads : []
170 :: Rewards 105.324 :: steps: 1.00 :: Time: 0.001(0.00055/step) :: Entropy : 0.000 :: Grads : []
180 :: Rewards 111.977 :: steps: 1.00 :: Time: 0.000(0.00045/step) :: Entropy : 0.000 :: Grads : []
190 :: Rewards 118.618 :: steps: 1.00 :: Time: 0.000(0.00046/step) :: Entropy : 0.000 :: Grads : []
200 :: Rewards 125.855 :: steps: 1.00 :: Time: 0.001(0.00056/step) :: Entropy : 0.000 :: Grads : []
210 :: Rewards 133.088 :: steps: 1.00 :: Time: 0.000(0.00045/step) :: Entropy : 0.000 :: Grads : []
220 :: Rewards 140.305 :: steps: 1.00 :: Time: 0.000(0.00045/step) :: Entropy : 0.000 :: Grads : []
230 :: Rewards 146.959 :: steps: 1.00 :: Time: 0.001(0.00056/step) :: Entropy : 0.000 :: Grads : []
240 :: Rewards 153.201 :: steps: 1.00 :: Time: 0.000(0.00045/step) :: Entropy : 0.000 :: Grads : []
250 :: Rewards 160.426 :: steps: 1.00 :: Time: 0.000(0.00045/step) :: Entropy : 0.000 :: Grads : []
260 :: Rewards 167.617 :: steps: 1.00 :: Time: 0.001(0.00056/step) :: Entropy : 0.000 :: Grads : []
270 :: Rewards 174.389 :: steps: 1.00 :: Time: 0.000(0.00045/step) :: Entropy : 0.000 :: Grads : []
280 :: Rewards 181.630 :: steps: 1.00 :: Time: 0.000(0.00045/step) :: Entropy : 0.000 :: Grads : []
290 :: Rewards 188.858 :: steps: 1.00 :: Time: 0.001(0.00055/step) :: Entropy : 0.000 :: Grads : []
300 :: Rewards 196.081 :: steps: 1.00 :: Time: 0.000(0.00044/step) :: Entropy : 0.000 :: Grads : []
310 :: Rewards 203.285 :: steps: 1.00 :: Time: 0.000(0.00045/step) :: Entropy : 0.000 :: Grads : []
320 :: Rewards 210.485 :: steps: 1.00 :: Time: 0.001(0.00055/step) :: Entropy : 0.000 :: Grads : []
330 :: Rewards 217.676 :: steps: 1.00 :: Time: 0.000(0.00045/step) :: Entropy : 0.000 :: Grads : []
340 :: Rewards 224.873 :: steps: 1.00 :: Time: 0.000(0.00045/step) :: Entropy : 0.000 :: Grads : []
350 :: Rewards 232.076 :: steps: 1.00 :: Time: 0.001(0.00055/step) :: Entropy : 0.000 :: Grads : []
360 :: Rewards 239.289 :: steps: 1.00 :: Time: 0.000(0.00045/step) :: Entropy : 0.000 :: Grads : []
370 :: Rewards 246.516 :: steps: 1.00 :: Time: 0.000(0.00045/step) :: Entropy : 0.000 :: Grads : []
380 :: Rewards 253.689 :: steps: 1.00 :: Time: 0.001(0.00055/step) :: Entropy : 0.000 :: Grads : []
390 :: Rewards 260.887 :: steps: 1.00 :: Time: 0.000(0.00044/step) :: Entropy : 0.000 :: Grads : []
400 :: Rewards 268.082 :: steps: 1.00 :: Time: 0.000(0.00045/step) :: Entropy : 0.000 :: Grads : []
410 :: Rewards 275.284 :: steps: 1.00 :: Time: 0.001(0.00062/step) :: Entropy : 0.000 :: Grads : []
420 :: Rewards 282.495 :: steps: 1.00 :: Time: 0.000(0.00046/step) :: Entropy : 0.000 :: Grads : []
430 :: Rewards 289.731 :: steps: 1.00 :: Time: 0.000(0.00045/step) :: Entropy : 0.000 :: Grads : []
440 :: Rewards 296.928 :: steps: 1.00 :: Time: 0.001(0.00056/step) :: Entropy : 0.000 :: Grads : []
450 :: Rewards 304.149 :: steps: 1.00 :: Time: 0.000(0.00045/step) :: Entropy : 0.000 :: Grads : []
460 :: Rewards 311.304 :: steps: 1.00 :: Time: 0.000(0.00045/step) :: Entropy : 0.000 :: Grads : []
470 :: Rewards 318.496 :: steps: 1.00 :: Time: 0.001(0.00057/step) :: Entropy : 0.000 :: Grads : []
480 :: Rewards 325.714 :: steps: 1.00 :: Time: 0.000(0.00045/step) :: Entropy : 0.000 :: Grads : []
490 :: Rewards 332.943 :: steps: 1.00 :: Time: 0.000(0.00044/step) :: Entropy : 0.000 :: Grads : []
500 :: Rewards 340.166 :: steps: 1.00 :: Time: 0.001(0.00055/step) :: Entropy : 0.000 :: Grads : []
510 :: Rewards 347.373 :: steps: 1.00 :: Time: 0.000(0.00045/step) :: Entropy : 0.000 :: Grads : []
520 :: Rewards 354.596 :: steps: 1.00 :: Time: 0.000(0.00044/step) :: Entropy : 0.000 :: Grads : []
530 :: Rewards 361.813 :: steps: 1.00 :: Time: 0.001(0.00055/step) :: Entropy : 0.000 :: Grads : []
540 :: Rewards 369.033 :: steps: 1.00 :: Time: 0.000(0.00045/step) :: Entropy : 0.000 :: Grads : []
550 :: Rewards 376.238 :: steps: 1.00 :: Time: 0.000(0.00045/step) :: Entropy : 0.000 :: Grads : []
560 :: Rewards 383.405 :: steps: 1.00 :: Time: 0.001(0.00056/step) :: Entropy : 0.000 :: Grads : []
570 :: Rewards 390.624 :: steps: 1.00 :: Time: 0.000(0.00045/step) :: Entropy : 0.000 :: Grads : []
580 :: Rewards 397.796 :: steps: 1.00 :: Time: 0.000(0.00045/step) :: Entropy : 0.000 :: Grads : []
590 :: Rewards 404.971 :: steps: 1.00 :: Time: 0.001(0.00056/step) :: Entropy : 0.000 :: Grads : []
600 :: Rewards 412.158 :: steps: 1.00 :: Time: 0.000(0.00045/step) :: Entropy : 0.000 :: Grads : []
610 :: Rewards 419.379 :: steps: 1.00 :: Time: 0.000(0.00045/step) :: Entropy : 0.000 :: Grads : []
620 :: Rewards 426.589 :: steps: 1.00 :: Time: 0.001(0.00056/step) :: Entropy : 0.000 :: Grads : []
630 :: Rewards 433.767 :: steps: 1.00 :: Time: 0.000(0.00045/step) :: Entropy : 0.000 :: Grads : []
640 :: Rewards 440.982 :: steps: 1.00 :: Time: 0.000(0.00045/step) :: Entropy : 0.000 :: Grads : []
650 :: Rewards 448.160 :: steps: 1.00 :: Time: 0.001(0.00055/step) :: Entropy : 0.000 :: Grads : []
660 :: Rewards 455.366 :: steps: 1.00 :: Time: 0.000(0.00045/step) :: Entropy : 0.000 :: Grads : []
670 :: Rewards 462.564 :: steps: 1.00 :: Time: 0.000(0.00045/step) :: Entropy : 0.000 :: Grads : []
680 :: Rewards 469.791 :: steps: 1.00 :: Time: 0.001(0.00056/step) :: Entropy : 0.000 :: Grads : []
690 :: Rewards 477.053 :: steps: 1.00 :: Time: 0.000(0.00045/step) :: Entropy : 0.000 :: Grads : []
700 :: Rewards 484.231 :: steps: 1.00 :: Time: 0.000(0.00045/step) :: Entropy : 0.000 :: Grads : []
710 :: Rewards 491.356 :: steps: 1.00 :: Time: 0.001(0.00056/step) :: Entropy : 0.000 :: Grads : []
720 :: Rewards 498.577 :: steps: 1.00 :: Time: 0.000(0.00045/step) :: Entropy : 0.000 :: Grads : []
730 :: Rewards 505.783 :: steps: 1.00 :: Time: 0.000(0.00045/step) :: Entropy : 0.000 :: Grads : []
740 :: Rewards 512.964 :: steps: 1.00 :: Time: 0.001(0.00055/step) :: Entropy : 0.000 :: Grads : []
750 :: Rewards 520.236 :: steps: 1.00 :: Time: 0.000(0.00045/step) :: Entropy : 0.000 :: Grads : []
760 :: Rewards 527.438 :: steps: 1.00 :: Time: 0.000(0.00046/step) :: Entropy : 0.000 :: Grads : []
770 :: Rewards 534.645 :: steps: 1.00 :: Time: 0.001(0.00055/step) :: Entropy : 0.000 :: Grads : []
780 :: Rewards 541.838 :: steps: 1.00 :: Time: 0.000(0.00045/step) :: Entropy : 0.000 :: Grads : []
790 :: Rewards 549.001 :: steps: 1.00 :: Time: 0.000(0.00045/step) :: Entropy : 0.000 :: Grads : []
800 :: Rewards 556.221 :: steps: 1.00 :: Time: 0.001(0.00055/step) :: Entropy : 0.000 :: Grads : []
810 :: Rewards 563.417 :: steps: 1.00 :: Time: 0.000(0.00045/step) :: Entropy : 0.000 :: Grads : []
820 :: Rewards 570.633 :: steps: 1.00 :: Time: 0.000(0.00045/step) :: Entropy : 0.000 :: Grads : []
830 :: Rewards 577.801 :: steps: 1.00 :: Time: 0.001(0.00057/step) :: Entropy : 0.000 :: Grads : []
840 :: Rewards 585.034 :: steps: 1.00 :: Time: 0.000(0.00045/step) :: Entropy : 0.000 :: Grads : []
850 :: Rewards 592.265 :: steps: 1.00 :: Time: 0.000(0.00045/step) :: Entropy : 0.000 :: Grads : []
860 :: Rewards 599.437 :: steps: 1.00 :: Time: 0.001(0.00055/step) :: Entropy : 0.000 :: Grads : []
870 :: Rewards 606.650 :: steps: 1.00 :: Time: 0.000(0.00045/step) :: Entropy : 0.000 :: Grads : []
880 :: Rewards 613.850 :: steps: 1.00 :: Time: 0.000(0.00045/step) :: Entropy : 0.000 :: Grads : []
890 :: Rewards 621.038 :: steps: 1.00 :: Time: 0.001(0.00056/step) :: Entropy : 0.000 :: Grads : []
900 :: Rewards 628.198 :: steps: 1.00 :: Time: 0.000(0.00045/step) :: Entropy : 0.000 :: Grads : []
910 :: Rewards 635.408 :: steps: 1.00 :: Time: 0.000(0.00046/step) :: Entropy : 0.000 :: Grads : []
920 :: Rewards 642.606 :: steps: 1.00 :: Time: 0.001(0.00061/step) :: Entropy : 0.000 :: Grads : []
930 :: Rewards 649.786 :: steps: 1.00 :: Time: 0.000(0.00046/step) :: Entropy : 0.000 :: Grads : []
940 :: Rewards 656.997 :: steps: 1.00 :: Time: 0.000(0.00045/step) :: Entropy : 0.000 :: Grads : []
950 :: Rewards 664.207 :: steps: 1.00 :: Time: 0.001(0.00056/step) :: Entropy : 0.000 :: Grads : []
960 :: Rewards 671.434 :: steps: 1.00 :: Time: 0.000(0.00046/step) :: Entropy : 0.000 :: Grads : []
970 :: Rewards 678.670 :: steps: 1.00 :: Time: 0.000(0.00045/step) :: Entropy : 0.000 :: Grads : []
980 :: Rewards 685.861 :: steps: 1.00 :: Time: 0.001(0.00056/step) :: Entropy : 0.000 :: Grads : []
990 :: Rewards 693.088 :: steps: 1.00 :: Time: 0.000(0.00045/step) :: Entropy : 0.000 :: Grads : []
999 :: Rewards 699.611 :: steps: 0.90 :: Time: 0.000(0.00048/step) :: Entropy : 0.000 :: Grads : []
Total time taken: 0.532484769821167
