Module path:  Environments.NS_Reco NS_Reco
Dynamically loaded from:  <class 'Environments.NS_Reco.NS_Reco'>
Reward Amplitudes: [4.17022005e-01 7.20324493e-01 1.14374817e-04 3.02332573e-01
 1.46755891e-01] :: Avg 0.317309867282206 
Module path:  Src.Algorithms.ProWLS ProWLS
Dynamically loaded from:  <class 'Src.Algorithms.ProWLS.ProWLS'>
=====Configurations=====
 Namespace(NN_basis_dim='32', Policy_basis_dim='32', actor_lr=0.00450428892499054, algo_name='ProWLS', base=0, batch_size=1000, buffer_size=1000, debug=False, delta=3, entropy_lambda=0.07518854390699839, env_name='NS_Reco', experiment='NS_3r_', extrapolator_basis='Fourier', folder_suffix='Default', fourier_coupled=True, fourier_k=5, fourier_order=3, gamma=0.99, gauss_std=1.5, gpu=0, hyper='default', importance_clip=10.0, inc=1, log_output='term_file', max_episodes=1000, max_inner=90, max_steps=500, optim='rmsprop', oracle=-1, raw_basis=True, restore=False, save_count=100, save_model=True, seed=1, speed=3, state_lr=0.001, summary=True, swarm=False, timestamp='5|25|9:31:33')
Actions space: 5 :: State space: 1
State Low: tensor([0.]) :: State High: tensor([1.])
State features:  [('dummy_param', torch.Size([1]))]
Policy:  [('fc1.weight', torch.Size([5, 1])), ('fc1.bias', torch.Size([5]))]
0 :: Rewards -0.003 :: steps: 0.10 :: Time: 0.000(0.00059/step) :: Entropy : 0.000 :: Grads : []
10 :: Rewards -0.353 :: steps: 1.00 :: Time: 0.010(0.01039/step) :: Entropy : 0.000 :: Grads : []
20 :: Rewards -1.311 :: steps: 1.00 :: Time: 0.021(0.02065/step) :: Entropy : 0.000 :: Grads : []
30 :: Rewards -2.734 :: steps: 1.00 :: Time: 0.016(0.01610/step) :: Entropy : 0.000 :: Grads : []
40 :: Rewards -4.373 :: steps: 1.00 :: Time: 0.016(0.01568/step) :: Entropy : 0.000 :: Grads : []
50 :: Rewards -5.512 :: steps: 1.00 :: Time: 0.021(0.02104/step) :: Entropy : 0.000 :: Grads : []
60 :: Rewards -6.973 :: steps: 1.00 :: Time: 0.016(0.01602/step) :: Entropy : 0.000 :: Grads : []
70 :: Rewards -7.311 :: steps: 1.00 :: Time: 0.018(0.01789/step) :: Entropy : 0.000 :: Grads : []
80 :: Rewards -8.364 :: steps: 1.00 :: Time: 0.022(0.02211/step) :: Entropy : 0.000 :: Grads : []
90 :: Rewards -9.754 :: steps: 1.00 :: Time: 0.017(0.01678/step) :: Entropy : 0.000 :: Grads : []
100 :: Rewards -11.147 :: steps: 1.00 :: Time: 0.017(0.01728/step) :: Entropy : 0.000 :: Grads : []
110 :: Rewards -12.537 :: steps: 1.00 :: Time: 0.024(0.02403/step) :: Entropy : 0.000 :: Grads : []
120 :: Rewards -14.976 :: steps: 1.00 :: Time: 0.018(0.01776/step) :: Entropy : 0.000 :: Grads : []
130 :: Rewards -14.976 :: steps: 1.00 :: Time: 0.018(0.01822/step) :: Entropy : 0.000 :: Grads : []
140 :: Rewards -16.318 :: steps: 1.00 :: Time: 0.025(0.02481/step) :: Entropy : 0.000 :: Grads : []
150 :: Rewards -18.110 :: steps: 1.00 :: Time: 0.019(0.01896/step) :: Entropy : 0.000 :: Grads : []
160 :: Rewards -20.992 :: steps: 1.00 :: Time: 0.019(0.01945/step) :: Entropy : 0.000 :: Grads : []
170 :: Rewards -22.280 :: steps: 1.00 :: Time: 0.026(0.02647/step) :: Entropy : 0.000 :: Grads : []
180 :: Rewards -23.413 :: steps: 1.00 :: Time: 0.021(0.02054/step) :: Entropy : 0.000 :: Grads : []
190 :: Rewards -24.655 :: steps: 1.00 :: Time: 0.022(0.02192/step) :: Entropy : 0.000 :: Grads : []
200 :: Rewards -25.277 :: steps: 1.00 :: Time: 0.031(0.03056/step) :: Entropy : 0.000 :: Grads : []
210 :: Rewards -26.135 :: steps: 1.00 :: Time: 0.023(0.02341/step) :: Entropy : 0.000 :: Grads : []
220 :: Rewards -26.231 :: steps: 1.00 :: Time: 0.026(0.02565/step) :: Entropy : 0.000 :: Grads : []
230 :: Rewards -26.822 :: steps: 1.00 :: Time: 0.035(0.03487/step) :: Entropy : 0.000 :: Grads : []
240 :: Rewards -27.440 :: steps: 1.00 :: Time: 0.034(0.03439/step) :: Entropy : 0.000 :: Grads : []
250 :: Rewards -27.977 :: steps: 1.00 :: Time: 0.030(0.02998/step) :: Entropy : 0.000 :: Grads : []
260 :: Rewards -28.858 :: steps: 1.00 :: Time: 0.037(0.03694/step) :: Entropy : 0.000 :: Grads : []
270 :: Rewards -29.435 :: steps: 1.00 :: Time: 0.027(0.02714/step) :: Entropy : 0.000 :: Grads : []
280 :: Rewards -30.431 :: steps: 1.00 :: Time: 0.028(0.02799/step) :: Entropy : 0.000 :: Grads : []
290 :: Rewards -31.122 :: steps: 1.00 :: Time: 0.037(0.03744/step) :: Entropy : 0.000 :: Grads : []
300 :: Rewards -31.268 :: steps: 1.00 :: Time: 0.029(0.02875/step) :: Entropy : 0.000 :: Grads : []
310 :: Rewards -32.308 :: steps: 1.00 :: Time: 0.030(0.02978/step) :: Entropy : 0.000 :: Grads : []
320 :: Rewards -32.990 :: steps: 1.00 :: Time: 0.040(0.04010/step) :: Entropy : 0.000 :: Grads : []
330 :: Rewards -33.537 :: steps: 1.00 :: Time: 0.032(0.03247/step) :: Entropy : 0.000 :: Grads : []
340 :: Rewards -33.795 :: steps: 1.00 :: Time: 0.032(0.03224/step) :: Entropy : 0.000 :: Grads : []
350 :: Rewards -34.218 :: steps: 1.00 :: Time: 0.044(0.04351/step) :: Entropy : 0.000 :: Grads : []
360 :: Rewards -34.540 :: steps: 1.00 :: Time: 0.035(0.03511/step) :: Entropy : 0.000 :: Grads : []
370 :: Rewards -35.486 :: steps: 1.00 :: Time: 0.035(0.03465/step) :: Entropy : 0.000 :: Grads : []
380 :: Rewards -36.415 :: steps: 1.00 :: Time: 0.047(0.04699/step) :: Entropy : 0.000 :: Grads : []
390 :: Rewards -37.219 :: steps: 1.00 :: Time: 0.037(0.03721/step) :: Entropy : 0.000 :: Grads : []
400 :: Rewards -37.658 :: steps: 1.00 :: Time: 0.038(0.03804/step) :: Entropy : 0.000 :: Grads : []
410 :: Rewards -38.444 :: steps: 1.00 :: Time: 0.051(0.05132/step) :: Entropy : 0.000 :: Grads : []
420 :: Rewards -38.708 :: steps: 1.00 :: Time: 0.038(0.03839/step) :: Entropy : 0.000 :: Grads : []
430 :: Rewards -38.821 :: steps: 1.00 :: Time: 0.040(0.03982/step) :: Entropy : 0.000 :: Grads : []
440 :: Rewards -38.983 :: steps: 1.00 :: Time: 0.055(0.05486/step) :: Entropy : 0.000 :: Grads : []
450 :: Rewards -39.294 :: steps: 1.00 :: Time: 0.041(0.04130/step) :: Entropy : 0.000 :: Grads : []
460 :: Rewards -40.147 :: steps: 1.00 :: Time: 0.042(0.04168/step) :: Entropy : 0.000 :: Grads : []
470 :: Rewards -41.145 :: steps: 1.00 :: Time: 0.057(0.05722/step) :: Entropy : 0.000 :: Grads : []
480 :: Rewards -41.208 :: steps: 1.00 :: Time: 0.044(0.04351/step) :: Entropy : 0.000 :: Grads : []
490 :: Rewards -42.059 :: steps: 1.00 :: Time: 0.045(0.04487/step) :: Entropy : 0.000 :: Grads : []
500 :: Rewards -42.345 :: steps: 1.00 :: Time: 0.061(0.06087/step) :: Entropy : 0.000 :: Grads : []
510 :: Rewards -43.198 :: steps: 1.00 :: Time: 0.048(0.04791/step) :: Entropy : 0.000 :: Grads : []
520 :: Rewards -43.523 :: steps: 1.00 :: Time: 0.046(0.04600/step) :: Entropy : 0.000 :: Grads : []
530 :: Rewards -43.610 :: steps: 1.00 :: Time: 0.065(0.06477/step) :: Entropy : 0.000 :: Grads : []
540 :: Rewards -44.816 :: steps: 1.00 :: Time: 0.048(0.04802/step) :: Entropy : 0.000 :: Grads : []
550 :: Rewards -44.918 :: steps: 1.00 :: Time: 0.055(0.05465/step) :: Entropy : 0.000 :: Grads : []
560 :: Rewards -45.173 :: steps: 1.00 :: Time: 0.071(0.07076/step) :: Entropy : 0.000 :: Grads : []
570 :: Rewards -45.932 :: steps: 1.00 :: Time: 0.050(0.05013/step) :: Entropy : 0.000 :: Grads : []
580 :: Rewards -46.311 :: steps: 1.00 :: Time: 0.052(0.05163/step) :: Entropy : 0.000 :: Grads : []
590 :: Rewards -46.878 :: steps: 1.00 :: Time: 0.078(0.07782/step) :: Entropy : 0.000 :: Grads : []
600 :: Rewards -47.769 :: steps: 1.00 :: Time: 0.053(0.05310/step) :: Entropy : 0.000 :: Grads : []
610 :: Rewards -49.341 :: steps: 1.00 :: Time: 0.058(0.05815/step) :: Entropy : 0.000 :: Grads : []
620 :: Rewards -50.567 :: steps: 1.00 :: Time: 0.079(0.07938/step) :: Entropy : 0.000 :: Grads : []
630 :: Rewards -50.567 :: steps: 1.00 :: Time: 0.060(0.05990/step) :: Entropy : 0.000 :: Grads : []
640 :: Rewards -50.567 :: steps: 1.00 :: Time: 0.060(0.06044/step) :: Entropy : 0.000 :: Grads : []
650 :: Rewards -50.567 :: steps: 1.00 :: Time: 0.084(0.08383/step) :: Entropy : 0.000 :: Grads : []
660 :: Rewards -50.567 :: steps: 1.00 :: Time: 0.064(0.06426/step) :: Entropy : 0.000 :: Grads : []
670 :: Rewards -50.567 :: steps: 1.00 :: Time: 0.064(0.06447/step) :: Entropy : 0.000 :: Grads : []
680 :: Rewards -50.567 :: steps: 1.00 :: Time: 0.087(0.08707/step) :: Entropy : 0.000 :: Grads : []
690 :: Rewards -52.337 :: steps: 1.00 :: Time: 0.067(0.06653/step) :: Entropy : 0.000 :: Grads : []
700 :: Rewards -53.223 :: steps: 1.00 :: Time: 0.068(0.06774/step) :: Entropy : 0.000 :: Grads : []
710 :: Rewards -55.753 :: steps: 1.00 :: Time: 0.092(0.09249/step) :: Entropy : 0.000 :: Grads : []
720 :: Rewards -55.753 :: steps: 1.00 :: Time: 0.080(0.08002/step) :: Entropy : 0.000 :: Grads : []
730 :: Rewards -56.575 :: steps: 1.00 :: Time: 0.074(0.07356/step) :: Entropy : 0.000 :: Grads : []
740 :: Rewards -57.441 :: steps: 1.00 :: Time: 0.099(0.09878/step) :: Entropy : 0.000 :: Grads : []
750 :: Rewards -59.751 :: steps: 1.00 :: Time: 0.077(0.07663/step) :: Entropy : 0.000 :: Grads : []
760 :: Rewards -61.450 :: steps: 1.00 :: Time: 0.083(0.08343/step) :: Entropy : 0.000 :: Grads : []
770 :: Rewards -62.133 :: steps: 1.00 :: Time: 0.109(0.10932/step) :: Entropy : 0.000 :: Grads : []
780 :: Rewards -62.774 :: steps: 1.00 :: Time: 0.084(0.08379/step) :: Entropy : 0.000 :: Grads : []
790 :: Rewards -62.774 :: steps: 1.00 :: Time: 0.084(0.08385/step) :: Entropy : 0.000 :: Grads : []
800 :: Rewards -63.893 :: steps: 1.00 :: Time: 0.121(0.12116/step) :: Entropy : 0.000 :: Grads : []
810 :: Rewards -64.545 :: steps: 1.00 :: Time: 0.087(0.08741/step) :: Entropy : 0.000 :: Grads : []
820 :: Rewards -66.015 :: steps: 1.00 :: Time: 0.079(0.07853/step) :: Entropy : 0.000 :: Grads : []
830 :: Rewards -66.526 :: steps: 1.00 :: Time: 0.109(0.10874/step) :: Entropy : 0.000 :: Grads : []
840 :: Rewards -66.526 :: steps: 1.00 :: Time: 0.085(0.08492/step) :: Entropy : 0.000 :: Grads : []
850 :: Rewards -67.145 :: steps: 1.00 :: Time: 0.086(0.08559/step) :: Entropy : 0.000 :: Grads : []
860 :: Rewards -68.251 :: steps: 1.00 :: Time: 0.113(0.11325/step) :: Entropy : 0.000 :: Grads : []
870 :: Rewards -69.812 :: steps: 1.00 :: Time: 0.087(0.08719/step) :: Entropy : 0.000 :: Grads : []
880 :: Rewards -71.443 :: steps: 1.00 :: Time: 0.090(0.08967/step) :: Entropy : 0.000 :: Grads : []
890 :: Rewards -73.065 :: steps: 1.00 :: Time: 0.122(0.12241/step) :: Entropy : 0.000 :: Grads : []
900 :: Rewards -74.141 :: steps: 1.00 :: Time: 0.095(0.09520/step) :: Entropy : 0.000 :: Grads : []
910 :: Rewards -75.255 :: steps: 1.00 :: Time: 0.099(0.09853/step) :: Entropy : 0.000 :: Grads : []
920 :: Rewards -76.360 :: steps: 1.00 :: Time: 0.133(0.13332/step) :: Entropy : 0.000 :: Grads : []
930 :: Rewards -77.513 :: steps: 1.00 :: Time: 0.103(0.10262/step) :: Entropy : 0.000 :: Grads : []
940 :: Rewards -79.873 :: steps: 1.00 :: Time: 0.111(0.11080/step) :: Entropy : 0.000 :: Grads : []
950 :: Rewards -81.343 :: steps: 1.00 :: Time: 0.153(0.15267/step) :: Entropy : 0.000 :: Grads : []
960 :: Rewards -82.798 :: steps: 1.00 :: Time: 0.118(0.11800/step) :: Entropy : 0.000 :: Grads : []
970 :: Rewards -84.562 :: steps: 1.00 :: Time: 0.122(0.12246/step) :: Entropy : 0.000 :: Grads : []
980 :: Rewards -86.936 :: steps: 1.00 :: Time: 0.183(0.18305/step) :: Entropy : 0.000 :: Grads : []
990 :: Rewards -88.001 :: steps: 1.00 :: Time: 0.123(0.12301/step) :: Entropy : 0.000 :: Grads : []
999 :: Rewards -89.803 :: steps: 0.90 :: Time: 0.125(0.13928/step) :: Entropy : 0.000 :: Grads : []
Total time taken: 59.35899591445923
