Module path:  Environments.NS_Reco NS_Reco
Dynamically loaded from:  <class 'Environments.NS_Reco.NS_Reco'>
Reward Amplitudes: [4.17022005e-01 7.20324493e-01 1.14374817e-04 3.02332573e-01
 1.46755891e-01] :: Avg 0.317309867282206 
Module path:  Src.Algorithms.ProWLS ProWLS
Dynamically loaded from:  <class 'Src.Algorithms.ProWLS.ProWLS'>
=====Configurations=====
 Namespace(NN_basis_dim='32', Policy_basis_dim='32', actor_lr=0.004415491219348583, algo_name='ProWLS', base=0, batch_size=1000, buffer_size=1000, debug=False, delta=1, entropy_lambda=0.0010074417839719013, env_name='NS_Reco', experiment='NS_0r_', extrapolator_basis='Fourier', folder_suffix='Default', fourier_coupled=True, fourier_k=3, fourier_order=3, gamma=0.99, gauss_std=1.5, gpu=0, hyper='default', importance_clip=5.0, inc=1, log_output='term_file', max_episodes=1000, max_inner=20, max_steps=500, optim='rmsprop', oracle=-1, raw_basis=True, restore=False, save_count=100, save_model=True, seed=22, speed=0, state_lr=0.001, summary=True, swarm=False, timestamp='5|30|11:53:9')
Actions space: 5 :: State space: 1
State Low: tensor([0.]) :: State High: tensor([1.])
State features:  [('dummy_param', torch.Size([1]))]
Policy:  [('fc1.weight', torch.Size([5, 1])), ('fc1.bias', torch.Size([5]))]
0 :: Rewards -0.313 :: steps: 0.10 :: Time: 0.000(0.00059/step) :: Entropy : 0.000 :: Grads : []
10 :: Rewards -3.347 :: steps: 1.00 :: Time: 0.009(0.00899/step) :: Entropy : 0.000 :: Grads : []
20 :: Rewards -4.957 :: steps: 1.00 :: Time: 0.011(0.01115/step) :: Entropy : 0.000 :: Grads : []
30 :: Rewards -6.574 :: steps: 1.00 :: Time: 0.011(0.01137/step) :: Entropy : 0.000 :: Grads : []
40 :: Rewards -7.148 :: steps: 1.00 :: Time: 0.011(0.01106/step) :: Entropy : 0.000 :: Grads : []
50 :: Rewards -7.148 :: steps: 1.00 :: Time: 0.011(0.01119/step) :: Entropy : 0.000 :: Grads : []
60 :: Rewards -7.148 :: steps: 1.00 :: Time: 0.011(0.01132/step) :: Entropy : 0.000 :: Grads : []
70 :: Rewards -7.858 :: steps: 1.00 :: Time: 0.012(0.01151/step) :: Entropy : 0.000 :: Grads : []
80 :: Rewards -7.858 :: steps: 1.00 :: Time: 0.012(0.01159/step) :: Entropy : 0.000 :: Grads : []
90 :: Rewards -8.725 :: steps: 1.00 :: Time: 0.012(0.01175/step) :: Entropy : 0.000 :: Grads : []
100 :: Rewards -9.294 :: steps: 1.00 :: Time: 0.012(0.01190/step) :: Entropy : 0.000 :: Grads : []
110 :: Rewards -9.294 :: steps: 1.00 :: Time: 0.012(0.01225/step) :: Entropy : 0.000 :: Grads : []
120 :: Rewards -9.714 :: steps: 1.00 :: Time: 0.012(0.01232/step) :: Entropy : 0.000 :: Grads : []
130 :: Rewards -9.714 :: steps: 1.00 :: Time: 0.012(0.01249/step) :: Entropy : 0.000 :: Grads : []
140 :: Rewards -10.827 :: steps: 1.00 :: Time: 0.013(0.01287/step) :: Entropy : 0.000 :: Grads : []
150 :: Rewards -10.827 :: steps: 1.00 :: Time: 0.013(0.01311/step) :: Entropy : 0.000 :: Grads : []
160 :: Rewards -10.827 :: steps: 1.00 :: Time: 0.013(0.01319/step) :: Entropy : 0.000 :: Grads : []
170 :: Rewards -10.827 :: steps: 1.00 :: Time: 0.013(0.01343/step) :: Entropy : 0.000 :: Grads : []
180 :: Rewards -10.827 :: steps: 1.00 :: Time: 0.014(0.01367/step) :: Entropy : 0.000 :: Grads : []
190 :: Rewards -10.827 :: steps: 1.00 :: Time: 0.014(0.01438/step) :: Entropy : 0.000 :: Grads : []
200 :: Rewards -10.827 :: steps: 1.00 :: Time: 0.015(0.01452/step) :: Entropy : 0.000 :: Grads : []
210 :: Rewards -10.827 :: steps: 1.00 :: Time: 0.015(0.01480/step) :: Entropy : 0.000 :: Grads : []
220 :: Rewards -10.827 :: steps: 1.00 :: Time: 0.015(0.01526/step) :: Entropy : 0.000 :: Grads : []
230 :: Rewards -11.410 :: steps: 1.00 :: Time: 0.015(0.01542/step) :: Entropy : 0.000 :: Grads : []
240 :: Rewards -11.971 :: steps: 1.00 :: Time: 0.016(0.01586/step) :: Entropy : 0.000 :: Grads : []
250 :: Rewards -12.555 :: steps: 1.00 :: Time: 0.016(0.01620/step) :: Entropy : 0.000 :: Grads : []
260 :: Rewards -12.555 :: steps: 1.00 :: Time: 0.017(0.01659/step) :: Entropy : 0.000 :: Grads : []
270 :: Rewards -13.122 :: steps: 1.00 :: Time: 0.017(0.01683/step) :: Entropy : 0.000 :: Grads : []
280 :: Rewards -13.122 :: steps: 1.00 :: Time: 0.017(0.01706/step) :: Entropy : 0.000 :: Grads : []
290 :: Rewards -13.122 :: steps: 1.00 :: Time: 0.017(0.01736/step) :: Entropy : 0.000 :: Grads : []
300 :: Rewards -13.122 :: steps: 1.00 :: Time: 0.017(0.01749/step) :: Entropy : 0.000 :: Grads : []
310 :: Rewards -13.122 :: steps: 1.00 :: Time: 0.018(0.01777/step) :: Entropy : 0.000 :: Grads : []
320 :: Rewards -13.122 :: steps: 1.00 :: Time: 0.018(0.01808/step) :: Entropy : 0.000 :: Grads : []
330 :: Rewards -13.122 :: steps: 1.00 :: Time: 0.018(0.01846/step) :: Entropy : 0.000 :: Grads : []
340 :: Rewards -13.122 :: steps: 1.00 :: Time: 0.019(0.01871/step) :: Entropy : 0.000 :: Grads : []
350 :: Rewards -13.692 :: steps: 1.00 :: Time: 0.019(0.01907/step) :: Entropy : 0.000 :: Grads : []
360 :: Rewards -13.692 :: steps: 1.00 :: Time: 0.019(0.01932/step) :: Entropy : 0.000 :: Grads : []
370 :: Rewards -13.692 :: steps: 1.00 :: Time: 0.020(0.01966/step) :: Entropy : 0.000 :: Grads : []
380 :: Rewards -13.692 :: steps: 1.00 :: Time: 0.020(0.02002/step) :: Entropy : 0.000 :: Grads : []
390 :: Rewards -13.692 :: steps: 1.00 :: Time: 0.020(0.02047/step) :: Entropy : 0.000 :: Grads : []
400 :: Rewards -13.692 :: steps: 1.00 :: Time: 0.021(0.02082/step) :: Entropy : 0.000 :: Grads : []
410 :: Rewards -13.692 :: steps: 1.00 :: Time: 0.021(0.02147/step) :: Entropy : 0.000 :: Grads : []
420 :: Rewards -13.692 :: steps: 1.00 :: Time: 0.022(0.02186/step) :: Entropy : 0.000 :: Grads : []
430 :: Rewards -13.692 :: steps: 1.00 :: Time: 0.022(0.02224/step) :: Entropy : 0.000 :: Grads : []
440 :: Rewards -13.692 :: steps: 1.00 :: Time: 0.022(0.02244/step) :: Entropy : 0.000 :: Grads : []
450 :: Rewards -13.692 :: steps: 1.00 :: Time: 0.023(0.02298/step) :: Entropy : 0.000 :: Grads : []
460 :: Rewards -13.692 :: steps: 1.00 :: Time: 0.023(0.02320/step) :: Entropy : 0.000 :: Grads : []
470 :: Rewards -13.692 :: steps: 1.00 :: Time: 0.024(0.02363/step) :: Entropy : 0.000 :: Grads : []
480 :: Rewards -13.692 :: steps: 1.00 :: Time: 0.024(0.02387/step) :: Entropy : 0.000 :: Grads : []
490 :: Rewards -13.692 :: steps: 1.00 :: Time: 0.024(0.02437/step) :: Entropy : 0.000 :: Grads : []
500 :: Rewards -13.692 :: steps: 1.00 :: Time: 0.025(0.02464/step) :: Entropy : 0.000 :: Grads : []
510 :: Rewards -13.692 :: steps: 1.00 :: Time: 0.025(0.02511/step) :: Entropy : 0.000 :: Grads : []
520 :: Rewards -13.692 :: steps: 1.00 :: Time: 0.026(0.02561/step) :: Entropy : 0.000 :: Grads : []
530 :: Rewards -13.692 :: steps: 1.00 :: Time: 0.026(0.02593/step) :: Entropy : 0.000 :: Grads : []
540 :: Rewards -13.692 :: steps: 1.00 :: Time: 0.026(0.02633/step) :: Entropy : 0.000 :: Grads : []
550 :: Rewards -13.692 :: steps: 1.00 :: Time: 0.027(0.02675/step) :: Entropy : 0.000 :: Grads : []
560 :: Rewards -13.692 :: steps: 1.00 :: Time: 0.027(0.02736/step) :: Entropy : 0.000 :: Grads : []
570 :: Rewards -13.692 :: steps: 1.00 :: Time: 0.028(0.02822/step) :: Entropy : 0.000 :: Grads : []
580 :: Rewards -13.692 :: steps: 1.00 :: Time: 0.029(0.02868/step) :: Entropy : 0.000 :: Grads : []
590 :: Rewards -13.692 :: steps: 1.00 :: Time: 0.029(0.02901/step) :: Entropy : 0.000 :: Grads : []
600 :: Rewards -13.692 :: steps: 1.00 :: Time: 0.029(0.02946/step) :: Entropy : 0.000 :: Grads : []
610 :: Rewards -13.692 :: steps: 1.00 :: Time: 0.030(0.02999/step) :: Entropy : 0.000 :: Grads : []
620 :: Rewards -13.692 :: steps: 1.00 :: Time: 0.030(0.03034/step) :: Entropy : 0.000 :: Grads : []
630 :: Rewards -13.692 :: steps: 1.00 :: Time: 0.031(0.03113/step) :: Entropy : 0.000 :: Grads : []
640 :: Rewards -13.692 :: steps: 1.00 :: Time: 0.032(0.03163/step) :: Entropy : 0.000 :: Grads : []
650 :: Rewards -13.692 :: steps: 1.00 :: Time: 0.032(0.03230/step) :: Entropy : 0.000 :: Grads : []
660 :: Rewards -13.692 :: steps: 1.00 :: Time: 0.033(0.03280/step) :: Entropy : 0.000 :: Grads : []
670 :: Rewards -13.692 :: steps: 1.00 :: Time: 0.034(0.03353/step) :: Entropy : 0.000 :: Grads : []
680 :: Rewards -13.692 :: steps: 1.00 :: Time: 0.034(0.03401/step) :: Entropy : 0.000 :: Grads : []
690 :: Rewards -13.692 :: steps: 1.00 :: Time: 0.035(0.03530/step) :: Entropy : 0.000 :: Grads : []
700 :: Rewards -13.692 :: steps: 1.00 :: Time: 0.036(0.03628/step) :: Entropy : 0.000 :: Grads : []
710 :: Rewards -13.692 :: steps: 1.00 :: Time: 0.037(0.03708/step) :: Entropy : 0.000 :: Grads : []
720 :: Rewards -13.692 :: steps: 1.00 :: Time: 0.037(0.03727/step) :: Entropy : 0.000 :: Grads : []
730 :: Rewards -13.692 :: steps: 1.00 :: Time: 0.038(0.03840/step) :: Entropy : 0.000 :: Grads : []
740 :: Rewards -13.692 :: steps: 1.00 :: Time: 0.039(0.03872/step) :: Entropy : 0.000 :: Grads : []
750 :: Rewards -13.692 :: steps: 1.00 :: Time: 0.040(0.03973/step) :: Entropy : 0.000 :: Grads : []
760 :: Rewards -13.692 :: steps: 1.00 :: Time: 0.041(0.04099/step) :: Entropy : 0.000 :: Grads : []
770 :: Rewards -13.692 :: steps: 1.00 :: Time: 0.042(0.04216/step) :: Entropy : 0.000 :: Grads : []
780 :: Rewards -13.692 :: steps: 1.00 :: Time: 0.043(0.04289/step) :: Entropy : 0.000 :: Grads : []
790 :: Rewards -13.692 :: steps: 1.00 :: Time: 0.044(0.04358/step) :: Entropy : 0.000 :: Grads : []
800 :: Rewards -13.692 :: steps: 1.00 :: Time: 0.044(0.04419/step) :: Entropy : 0.000 :: Grads : []
810 :: Rewards -13.692 :: steps: 1.00 :: Time: 0.045(0.04540/step) :: Entropy : 0.000 :: Grads : []
820 :: Rewards -13.692 :: steps: 1.00 :: Time: 0.047(0.04670/step) :: Entropy : 0.000 :: Grads : []
830 :: Rewards -13.692 :: steps: 1.00 :: Time: 0.047(0.04701/step) :: Entropy : 0.000 :: Grads : []
840 :: Rewards -13.692 :: steps: 1.00 :: Time: 0.048(0.04793/step) :: Entropy : 0.000 :: Grads : []
850 :: Rewards -13.692 :: steps: 1.00 :: Time: 0.049(0.04898/step) :: Entropy : 0.000 :: Grads : []
860 :: Rewards -13.692 :: steps: 1.00 :: Time: 0.050(0.04963/step) :: Entropy : 0.000 :: Grads : []
870 :: Rewards -13.692 :: steps: 1.00 :: Time: 0.051(0.05102/step) :: Entropy : 0.000 :: Grads : []
880 :: Rewards -13.692 :: steps: 1.00 :: Time: 0.053(0.05262/step) :: Entropy : 0.000 :: Grads : []
890 :: Rewards -13.692 :: steps: 1.00 :: Time: 0.054(0.05379/step) :: Entropy : 0.000 :: Grads : []
900 :: Rewards -13.692 :: steps: 1.00 :: Time: 0.057(0.05713/step) :: Entropy : 0.000 :: Grads : []
910 :: Rewards -13.692 :: steps: 1.00 :: Time: 0.057(0.05658/step) :: Entropy : 0.000 :: Grads : []
920 :: Rewards -13.692 :: steps: 1.00 :: Time: 0.058(0.05781/step) :: Entropy : 0.000 :: Grads : []
930 :: Rewards -13.692 :: steps: 1.00 :: Time: 0.059(0.05896/step) :: Entropy : 0.000 :: Grads : []
940 :: Rewards -13.692 :: steps: 1.00 :: Time: 0.061(0.06083/step) :: Entropy : 0.000 :: Grads : []
950 :: Rewards -13.692 :: steps: 1.00 :: Time: 0.061(0.06099/step) :: Entropy : 0.000 :: Grads : []
960 :: Rewards -13.692 :: steps: 1.00 :: Time: 0.061(0.06120/step) :: Entropy : 0.000 :: Grads : []
970 :: Rewards -13.692 :: steps: 1.00 :: Time: 0.063(0.06288/step) :: Entropy : 0.000 :: Grads : []
980 :: Rewards -13.692 :: steps: 1.00 :: Time: 0.064(0.06438/step) :: Entropy : 0.000 :: Grads : []
990 :: Rewards -13.692 :: steps: 1.00 :: Time: 0.065(0.06469/step) :: Entropy : 0.000 :: Grads : []
999 :: Rewards -13.692 :: steps: 0.90 :: Time: 0.059(0.06592/step) :: Entropy : 0.000 :: Grads : []
Total time taken: 29.490797758102417
