Module path:  Environments.NS_Reco NS_Reco
Dynamically loaded from:  <class 'Environments.NS_Reco.NS_Reco'>
Reward Amplitudes: [4.17022005e-01 7.20324493e-01 1.14374817e-04 3.02332573e-01
 1.46755891e-01] :: Avg 0.317309867282206 
Module path:  Src.Algorithms.OFPG OFPG
Dynamically loaded from:  <class 'Src.Algorithms.OFPG.OFPG'>
=====Configurations=====
 Namespace(NN_basis_dim='32', Policy_basis_dim='32', actor_lr=0.0008539732050307968, algo_name='OFPG', base=0, batch_size=1000, buffer_size=1000, debug=False, delta=1, entropy_lambda=0.042883020256458786, env_name='NS_Reco', experiment='NS_0_', extrapolator_basis='Fourier', folder_suffix='Default', fourier_coupled=True, fourier_k=7, fourier_order=3, gamma=0.99, gauss_std=1.5, gpu=0, hyper='default', importance_clip=15.0, inc=1, log_output='term_file', max_episodes=1000, max_inner=20, max_steps=500, optim='rmsprop', oracle=-1, raw_basis=True, restore=False, save_count=100, save_model=True, seed=26, speed=0, state_lr=0.001, summary=True, swarm=False, timestamp='5|24|21:6:6')
Actions space: 5 :: State space: 1
State Low: tensor([0.]) :: State High: tensor([1.])
State features:  [('dummy_param', torch.Size([1]))]
Policy:  [('fc1.weight', torch.Size([5, 1])), ('fc1.bias', torch.Size([5]))]
0 :: Rewards 0.721 :: steps: 0.10 :: Time: 0.001(0.00867/step) :: Entropy : 0.000 :: Grads : []
10 :: Rewards 4.507 :: steps: 1.00 :: Time: 0.007(0.00727/step) :: Entropy : 0.000 :: Grads : []
20 :: Rewards 7.859 :: steps: 1.00 :: Time: 0.007(0.00745/step) :: Entropy : 0.000 :: Grads : []
30 :: Rewards 13.070 :: steps: 1.00 :: Time: 0.008(0.00764/step) :: Entropy : 0.000 :: Grads : []
40 :: Rewards 19.387 :: steps: 1.00 :: Time: 0.007(0.00734/step) :: Entropy : 0.000 :: Grads : []
50 :: Rewards 25.325 :: steps: 1.00 :: Time: 0.007(0.00740/step) :: Entropy : 0.000 :: Grads : []
60 :: Rewards 32.549 :: steps: 1.00 :: Time: 0.007(0.00745/step) :: Entropy : 0.000 :: Grads : []
70 :: Rewards 39.786 :: steps: 1.00 :: Time: 0.008(0.00756/step) :: Entropy : 0.000 :: Grads : []
80 :: Rewards 45.550 :: steps: 1.00 :: Time: 0.008(0.00764/step) :: Entropy : 0.000 :: Grads : []
90 :: Rewards 51.276 :: steps: 1.00 :: Time: 0.008(0.00770/step) :: Entropy : 0.000 :: Grads : []
100 :: Rewards 58.071 :: steps: 1.00 :: Time: 0.008(0.00776/step) :: Entropy : 0.000 :: Grads : []
110 :: Rewards 64.898 :: steps: 1.00 :: Time: 0.008(0.00782/step) :: Entropy : 0.000 :: Grads : []
120 :: Rewards 72.145 :: steps: 1.00 :: Time: 0.008(0.00787/step) :: Entropy : 0.000 :: Grads : []
130 :: Rewards 79.037 :: steps: 1.00 :: Time: 0.008(0.00796/step) :: Entropy : 0.000 :: Grads : []
140 :: Rewards 85.937 :: steps: 1.00 :: Time: 0.008(0.00807/step) :: Entropy : 0.000 :: Grads : []
150 :: Rewards 92.842 :: steps: 1.00 :: Time: 0.008(0.00818/step) :: Entropy : 0.000 :: Grads : []
160 :: Rewards 99.787 :: steps: 1.00 :: Time: 0.008(0.00825/step) :: Entropy : 0.000 :: Grads : []
170 :: Rewards 106.298 :: steps: 1.00 :: Time: 0.008(0.00828/step) :: Entropy : 0.000 :: Grads : []
180 :: Rewards 112.806 :: steps: 1.00 :: Time: 0.008(0.00836/step) :: Entropy : 0.000 :: Grads : []
190 :: Rewards 119.736 :: steps: 1.00 :: Time: 0.008(0.00840/step) :: Entropy : 0.000 :: Grads : []
200 :: Rewards 126.949 :: steps: 1.00 :: Time: 0.008(0.00846/step) :: Entropy : 0.000 :: Grads : []
210 :: Rewards 133.544 :: steps: 1.00 :: Time: 0.009(0.00855/step) :: Entropy : 0.000 :: Grads : []
220 :: Rewards 140.743 :: steps: 1.00 :: Time: 0.009(0.00861/step) :: Entropy : 0.000 :: Grads : []
230 :: Rewards 147.949 :: steps: 1.00 :: Time: 0.009(0.00867/step) :: Entropy : 0.000 :: Grads : []
240 :: Rewards 155.160 :: steps: 1.00 :: Time: 0.009(0.00873/step) :: Entropy : 0.000 :: Grads : []
250 :: Rewards 162.365 :: steps: 1.00 :: Time: 0.009(0.00879/step) :: Entropy : 0.000 :: Grads : []
260 :: Rewards 169.558 :: steps: 1.00 :: Time: 0.009(0.00906/step) :: Entropy : 0.000 :: Grads : []
270 :: Rewards 176.767 :: steps: 1.00 :: Time: 0.009(0.00929/step) :: Entropy : 0.000 :: Grads : []
280 :: Rewards 183.996 :: steps: 1.00 :: Time: 0.009(0.00933/step) :: Entropy : 0.000 :: Grads : []
290 :: Rewards 191.233 :: steps: 1.00 :: Time: 0.009(0.00930/step) :: Entropy : 0.000 :: Grads : []
300 :: Rewards 198.096 :: steps: 1.00 :: Time: 0.009(0.00933/step) :: Entropy : 0.000 :: Grads : []
310 :: Rewards 205.291 :: steps: 1.00 :: Time: 0.009(0.00931/step) :: Entropy : 0.000 :: Grads : []
320 :: Rewards 212.524 :: steps: 1.00 :: Time: 0.009(0.00940/step) :: Entropy : 0.000 :: Grads : []
330 :: Rewards 219.754 :: steps: 1.00 :: Time: 0.010(0.00962/step) :: Entropy : 0.000 :: Grads : []
340 :: Rewards 226.967 :: steps: 1.00 :: Time: 0.010(0.00964/step) :: Entropy : 0.000 :: Grads : []
350 :: Rewards 234.149 :: steps: 1.00 :: Time: 0.010(0.00989/step) :: Entropy : 0.000 :: Grads : []
360 :: Rewards 241.361 :: steps: 1.00 :: Time: 0.010(0.01003/step) :: Entropy : 0.000 :: Grads : []
370 :: Rewards 248.567 :: steps: 1.00 :: Time: 0.010(0.01008/step) :: Entropy : 0.000 :: Grads : []
380 :: Rewards 255.778 :: steps: 1.00 :: Time: 0.010(0.01018/step) :: Entropy : 0.000 :: Grads : []
390 :: Rewards 262.951 :: steps: 1.00 :: Time: 0.010(0.01024/step) :: Entropy : 0.000 :: Grads : []
400 :: Rewards 270.163 :: steps: 1.00 :: Time: 0.010(0.01030/step) :: Entropy : 0.000 :: Grads : []
410 :: Rewards 277.339 :: steps: 1.00 :: Time: 0.010(0.01046/step) :: Entropy : 0.000 :: Grads : []
420 :: Rewards 284.534 :: steps: 1.00 :: Time: 0.011(0.01079/step) :: Entropy : 0.000 :: Grads : []
430 :: Rewards 291.735 :: steps: 1.00 :: Time: 0.011(0.01082/step) :: Entropy : 0.000 :: Grads : []
440 :: Rewards 298.908 :: steps: 1.00 :: Time: 0.011(0.01085/step) :: Entropy : 0.000 :: Grads : []
450 :: Rewards 306.157 :: steps: 1.00 :: Time: 0.011(0.01089/step) :: Entropy : 0.000 :: Grads : []
460 :: Rewards 313.365 :: steps: 1.00 :: Time: 0.011(0.01094/step) :: Entropy : 0.000 :: Grads : []
470 :: Rewards 320.574 :: steps: 1.00 :: Time: 0.011(0.01095/step) :: Entropy : 0.000 :: Grads : []
480 :: Rewards 327.748 :: steps: 1.00 :: Time: 0.011(0.01101/step) :: Entropy : 0.000 :: Grads : []
490 :: Rewards 334.988 :: steps: 1.00 :: Time: 0.011(0.01105/step) :: Entropy : 0.000 :: Grads : []
500 :: Rewards 342.221 :: steps: 1.00 :: Time: 0.011(0.01112/step) :: Entropy : 0.000 :: Grads : []
510 :: Rewards 349.422 :: steps: 1.00 :: Time: 0.011(0.01121/step) :: Entropy : 0.000 :: Grads : []
520 :: Rewards 356.679 :: steps: 1.00 :: Time: 0.011(0.01139/step) :: Entropy : 0.000 :: Grads : []
530 :: Rewards 363.899 :: steps: 1.00 :: Time: 0.011(0.01145/step) :: Entropy : 0.000 :: Grads : []
540 :: Rewards 371.091 :: steps: 1.00 :: Time: 0.011(0.01149/step) :: Entropy : 0.000 :: Grads : []
550 :: Rewards 378.282 :: steps: 1.00 :: Time: 0.012(0.01153/step) :: Entropy : 0.000 :: Grads : []
560 :: Rewards 385.492 :: steps: 1.00 :: Time: 0.012(0.01155/step) :: Entropy : 0.000 :: Grads : []
570 :: Rewards 392.709 :: steps: 1.00 :: Time: 0.012(0.01159/step) :: Entropy : 0.000 :: Grads : []
580 :: Rewards 399.934 :: steps: 1.00 :: Time: 0.012(0.01167/step) :: Entropy : 0.000 :: Grads : []
590 :: Rewards 407.105 :: steps: 1.00 :: Time: 0.012(0.01171/step) :: Entropy : 0.000 :: Grads : []
600 :: Rewards 414.305 :: steps: 1.00 :: Time: 0.012(0.01175/step) :: Entropy : 0.000 :: Grads : []
610 :: Rewards 421.536 :: steps: 1.00 :: Time: 0.012(0.01171/step) :: Entropy : 0.000 :: Grads : []
620 :: Rewards 428.737 :: steps: 1.00 :: Time: 0.012(0.01172/step) :: Entropy : 0.000 :: Grads : []
630 :: Rewards 435.973 :: steps: 1.00 :: Time: 0.012(0.01177/step) :: Entropy : 0.000 :: Grads : []
640 :: Rewards 443.177 :: steps: 1.00 :: Time: 0.012(0.01181/step) :: Entropy : 0.000 :: Grads : []
650 :: Rewards 450.381 :: steps: 1.00 :: Time: 0.012(0.01188/step) :: Entropy : 0.000 :: Grads : []
660 :: Rewards 457.569 :: steps: 1.00 :: Time: 0.012(0.01200/step) :: Entropy : 0.000 :: Grads : []
670 :: Rewards 464.811 :: steps: 1.00 :: Time: 0.012(0.01204/step) :: Entropy : 0.000 :: Grads : []
680 :: Rewards 472.063 :: steps: 1.00 :: Time: 0.012(0.01209/step) :: Entropy : 0.000 :: Grads : []
690 :: Rewards 479.240 :: steps: 1.00 :: Time: 0.012(0.01212/step) :: Entropy : 0.000 :: Grads : []
700 :: Rewards 486.477 :: steps: 1.00 :: Time: 0.012(0.01218/step) :: Entropy : 0.000 :: Grads : []
710 :: Rewards 493.648 :: steps: 1.00 :: Time: 0.012(0.01223/step) :: Entropy : 0.000 :: Grads : []
720 :: Rewards 500.865 :: steps: 1.00 :: Time: 0.012(0.01226/step) :: Entropy : 0.000 :: Grads : []
730 :: Rewards 508.098 :: steps: 1.00 :: Time: 0.012(0.01235/step) :: Entropy : 0.000 :: Grads : []
740 :: Rewards 515.288 :: steps: 1.00 :: Time: 0.012(0.01239/step) :: Entropy : 0.000 :: Grads : []
750 :: Rewards 522.504 :: steps: 1.00 :: Time: 0.012(0.01246/step) :: Entropy : 0.000 :: Grads : []
760 :: Rewards 529.709 :: steps: 1.00 :: Time: 0.013(0.01253/step) :: Entropy : 0.000 :: Grads : []
770 :: Rewards 536.865 :: steps: 1.00 :: Time: 0.013(0.01257/step) :: Entropy : 0.000 :: Grads : []
780 :: Rewards 544.084 :: steps: 1.00 :: Time: 0.013(0.01276/step) :: Entropy : 0.000 :: Grads : []
790 :: Rewards 551.347 :: steps: 1.00 :: Time: 0.013(0.01275/step) :: Entropy : 0.000 :: Grads : []
800 :: Rewards 558.542 :: steps: 1.00 :: Time: 0.013(0.01277/step) :: Entropy : 0.000 :: Grads : []
810 :: Rewards 565.745 :: steps: 1.00 :: Time: 0.013(0.01282/step) :: Entropy : 0.000 :: Grads : []
820 :: Rewards 572.963 :: steps: 1.00 :: Time: 0.013(0.01287/step) :: Entropy : 0.000 :: Grads : []
830 :: Rewards 580.159 :: steps: 1.00 :: Time: 0.013(0.01297/step) :: Entropy : 0.000 :: Grads : []
840 :: Rewards 587.378 :: steps: 1.00 :: Time: 0.013(0.01304/step) :: Entropy : 0.000 :: Grads : []
850 :: Rewards 594.590 :: steps: 1.00 :: Time: 0.013(0.01303/step) :: Entropy : 0.000 :: Grads : []
860 :: Rewards 601.804 :: steps: 1.00 :: Time: 0.013(0.01302/step) :: Entropy : 0.000 :: Grads : []
870 :: Rewards 609.047 :: steps: 1.00 :: Time: 0.013(0.01306/step) :: Entropy : 0.000 :: Grads : []
880 :: Rewards 616.269 :: steps: 1.00 :: Time: 0.013(0.01309/step) :: Entropy : 0.000 :: Grads : []
890 :: Rewards 623.498 :: steps: 1.00 :: Time: 0.013(0.01305/step) :: Entropy : 0.000 :: Grads : []
900 :: Rewards 630.662 :: steps: 1.00 :: Time: 0.013(0.01310/step) :: Entropy : 0.000 :: Grads : []
910 :: Rewards 637.867 :: steps: 1.00 :: Time: 0.013(0.01313/step) :: Entropy : 0.000 :: Grads : []
920 :: Rewards 645.066 :: steps: 1.00 :: Time: 0.013(0.01314/step) :: Entropy : 0.000 :: Grads : []
930 :: Rewards 652.270 :: steps: 1.00 :: Time: 0.013(0.01321/step) :: Entropy : 0.000 :: Grads : []
940 :: Rewards 659.483 :: steps: 1.00 :: Time: 0.013(0.01311/step) :: Entropy : 0.000 :: Grads : []
950 :: Rewards 666.699 :: steps: 1.00 :: Time: 0.013(0.01322/step) :: Entropy : 0.000 :: Grads : []
960 :: Rewards 673.923 :: steps: 1.00 :: Time: 0.013(0.01323/step) :: Entropy : 0.000 :: Grads : []
970 :: Rewards 681.121 :: steps: 1.00 :: Time: 0.013(0.01324/step) :: Entropy : 0.000 :: Grads : []
980 :: Rewards 688.352 :: steps: 1.00 :: Time: 0.013(0.01329/step) :: Entropy : 0.000 :: Grads : []
990 :: Rewards 695.539 :: steps: 1.00 :: Time: 0.013(0.01336/step) :: Entropy : 0.000 :: Grads : []
999 :: Rewards 702.035 :: steps: 0.90 :: Time: 0.012(0.01338/step) :: Entropy : 0.000 :: Grads : []
Total time taken: 10.81664514541626
