Module path:  Environments.NS_Reco NS_Reco
Dynamically loaded from:  <class 'Environments.NS_Reco.NS_Reco'>
Reward Amplitudes: [4.17022005e-01 7.20324493e-01 1.14374817e-04 3.02332573e-01
 1.46755891e-01] :: Avg 0.317309867282206 
Module path:  Src.Algorithms.OFPG OFPG
Dynamically loaded from:  <class 'Src.Algorithms.OFPG.OFPG'>
=====Configurations=====
 Namespace(NN_basis_dim='32', Policy_basis_dim='32', actor_lr=0.0021758107191788777, algo_name='OFPG', base=0, batch_size=1000, buffer_size=1000, debug=False, delta=5, entropy_lambda=0.0820027845863337, env_name='NS_Reco', experiment='NS_2_', extrapolator_basis='Fourier', folder_suffix='Default', fourier_coupled=True, fourier_k=7, fourier_order=3, gamma=0.99, gauss_std=1.5, gpu=0, hyper='default', importance_clip=15.0, inc=1, log_output='term_file', max_episodes=1000, max_inner=100, max_steps=500, optim='rmsprop', oracle=-1, raw_basis=True, restore=False, save_count=100, save_model=True, seed=29, speed=2, state_lr=0.001, summary=True, swarm=False, timestamp='5|24|17:55:47')
Actions space: 5 :: State space: 1
State Low: tensor([0.]) :: State High: tensor([1.])
State features:  [('dummy_param', torch.Size([1]))]
Policy:  [('fc1.weight', torch.Size([5, 1])), ('fc1.bias', torch.Size([5]))]
0 :: Rewards 0.007 :: steps: 0.10 :: Time: 0.000(0.00062/step) :: Entropy : 0.000 :: Grads : []
10 :: Rewards 0.107 :: steps: 1.00 :: Time: 0.008(0.00764/step) :: Entropy : 0.000 :: Grads : []
20 :: Rewards 0.398 :: steps: 1.00 :: Time: 0.008(0.00768/step) :: Entropy : 0.000 :: Grads : []
30 :: Rewards 0.836 :: steps: 1.00 :: Time: 0.008(0.00786/step) :: Entropy : 0.000 :: Grads : []
40 :: Rewards 1.770 :: steps: 1.00 :: Time: 0.008(0.00754/step) :: Entropy : 0.000 :: Grads : []
50 :: Rewards 2.556 :: steps: 1.00 :: Time: 0.008(0.00765/step) :: Entropy : 0.000 :: Grads : []
60 :: Rewards 4.004 :: steps: 1.00 :: Time: 0.008(0.00788/step) :: Entropy : 0.000 :: Grads : []
70 :: Rewards 5.443 :: steps: 1.00 :: Time: 0.008(0.00782/step) :: Entropy : 0.000 :: Grads : []
80 :: Rewards 8.049 :: steps: 1.00 :: Time: 0.008(0.00787/step) :: Entropy : 0.000 :: Grads : []
90 :: Rewards 10.966 :: steps: 1.00 :: Time: 0.008(0.00794/step) :: Entropy : 0.000 :: Grads : []
100 :: Rewards 14.925 :: steps: 1.00 :: Time: 0.008(0.00799/step) :: Entropy : 0.000 :: Grads : []
110 :: Rewards 18.430 :: steps: 1.00 :: Time: 0.008(0.00803/step) :: Entropy : 0.000 :: Grads : []
120 :: Rewards 21.851 :: steps: 1.00 :: Time: 0.008(0.00812/step) :: Entropy : 0.000 :: Grads : []
130 :: Rewards 26.250 :: steps: 1.00 :: Time: 0.008(0.00824/step) :: Entropy : 0.000 :: Grads : []
140 :: Rewards 30.878 :: steps: 1.00 :: Time: 0.009(0.00856/step) :: Entropy : 0.000 :: Grads : []
150 :: Rewards 36.276 :: steps: 1.00 :: Time: 0.009(0.00851/step) :: Entropy : 0.000 :: Grads : []
160 :: Rewards 42.420 :: steps: 1.00 :: Time: 0.008(0.00847/step) :: Entropy : 0.000 :: Grads : []
170 :: Rewards 47.638 :: steps: 1.00 :: Time: 0.009(0.00852/step) :: Entropy : 0.000 :: Grads : []
180 :: Rewards 53.457 :: steps: 1.00 :: Time: 0.009(0.00857/step) :: Entropy : 0.000 :: Grads : []
190 :: Rewards 58.481 :: steps: 1.00 :: Time: 0.009(0.00864/step) :: Entropy : 0.000 :: Grads : []
200 :: Rewards 65.234 :: steps: 1.00 :: Time: 0.009(0.00871/step) :: Entropy : 0.000 :: Grads : []
210 :: Rewards 71.350 :: steps: 1.00 :: Time: 0.009(0.00878/step) :: Entropy : 0.000 :: Grads : []
220 :: Rewards 78.222 :: steps: 1.00 :: Time: 0.009(0.00889/step) :: Entropy : 0.000 :: Grads : []
230 :: Rewards 85.454 :: steps: 1.00 :: Time: 0.009(0.00892/step) :: Entropy : 0.000 :: Grads : []
240 :: Rewards 92.002 :: steps: 1.00 :: Time: 0.009(0.00896/step) :: Entropy : 0.000 :: Grads : []
250 :: Rewards 98.080 :: steps: 1.00 :: Time: 0.009(0.00904/step) :: Entropy : 0.000 :: Grads : []
260 :: Rewards 104.134 :: steps: 1.00 :: Time: 0.009(0.00927/step) :: Entropy : 0.000 :: Grads : []
270 :: Rewards 110.994 :: steps: 1.00 :: Time: 0.009(0.00928/step) :: Entropy : 0.000 :: Grads : []
280 :: Rewards 117.162 :: steps: 1.00 :: Time: 0.009(0.00933/step) :: Entropy : 0.000 :: Grads : []
290 :: Rewards 123.559 :: steps: 1.00 :: Time: 0.009(0.00941/step) :: Entropy : 0.000 :: Grads : []
300 :: Rewards 129.744 :: steps: 1.00 :: Time: 0.009(0.00941/step) :: Entropy : 0.000 :: Grads : []
310 :: Rewards 135.651 :: steps: 1.00 :: Time: 0.010(0.00951/step) :: Entropy : 0.000 :: Grads : []
320 :: Rewards 140.512 :: steps: 1.00 :: Time: 0.010(0.00959/step) :: Entropy : 0.000 :: Grads : []
330 :: Rewards 145.661 :: steps: 1.00 :: Time: 0.010(0.00973/step) :: Entropy : 0.000 :: Grads : []
340 :: Rewards 150.544 :: steps: 1.00 :: Time: 0.010(0.00991/step) :: Entropy : 0.000 :: Grads : []
350 :: Rewards 154.997 :: steps: 1.00 :: Time: 0.010(0.00995/step) :: Entropy : 0.000 :: Grads : []
360 :: Rewards 159.026 :: steps: 1.00 :: Time: 0.010(0.01018/step) :: Entropy : 0.000 :: Grads : []
370 :: Rewards 162.637 :: steps: 1.00 :: Time: 0.010(0.01024/step) :: Entropy : 0.000 :: Grads : []
380 :: Rewards 165.848 :: steps: 1.00 :: Time: 0.010(0.01031/step) :: Entropy : 0.000 :: Grads : []
390 :: Rewards 168.561 :: steps: 1.00 :: Time: 0.010(0.01049/step) :: Entropy : 0.000 :: Grads : []
400 :: Rewards 171.041 :: steps: 1.00 :: Time: 0.010(0.01045/step) :: Entropy : 0.000 :: Grads : []
410 :: Rewards 172.759 :: steps: 1.00 :: Time: 0.011(0.01065/step) :: Entropy : 0.000 :: Grads : []
420 :: Rewards 174.594 :: steps: 1.00 :: Time: 0.011(0.01084/step) :: Entropy : 0.000 :: Grads : []
430 :: Rewards 175.295 :: steps: 1.00 :: Time: 0.011(0.01091/step) :: Entropy : 0.000 :: Grads : []
440 :: Rewards 176.317 :: steps: 1.00 :: Time: 0.011(0.01102/step) :: Entropy : 0.000 :: Grads : []
450 :: Rewards 176.264 :: steps: 1.00 :: Time: 0.011(0.01100/step) :: Entropy : 0.000 :: Grads : []
460 :: Rewards 175.752 :: steps: 1.00 :: Time: 0.011(0.01108/step) :: Entropy : 0.000 :: Grads : []
470 :: Rewards 174.774 :: steps: 1.00 :: Time: 0.011(0.01112/step) :: Entropy : 0.000 :: Grads : []
480 :: Rewards 173.331 :: steps: 1.00 :: Time: 0.012(0.01181/step) :: Entropy : 0.000 :: Grads : []
490 :: Rewards 172.203 :: steps: 1.00 :: Time: 0.012(0.01152/step) :: Entropy : 0.000 :: Grads : []
500 :: Rewards 172.147 :: steps: 1.00 :: Time: 0.011(0.01146/step) :: Entropy : 0.000 :: Grads : []
510 :: Rewards 169.342 :: steps: 1.00 :: Time: 0.011(0.01149/step) :: Entropy : 0.000 :: Grads : []
520 :: Rewards 167.094 :: steps: 1.00 :: Time: 0.012(0.01155/step) :: Entropy : 0.000 :: Grads : []
530 :: Rewards 164.498 :: steps: 1.00 :: Time: 0.012(0.01155/step) :: Entropy : 0.000 :: Grads : []
540 :: Rewards 162.143 :: steps: 1.00 :: Time: 0.012(0.01155/step) :: Entropy : 0.000 :: Grads : []
550 :: Rewards 161.117 :: steps: 1.00 :: Time: 0.012(0.01160/step) :: Entropy : 0.000 :: Grads : []
560 :: Rewards 159.228 :: steps: 1.00 :: Time: 0.012(0.01175/step) :: Entropy : 0.000 :: Grads : []
570 :: Rewards 156.467 :: steps: 1.00 :: Time: 0.012(0.01169/step) :: Entropy : 0.000 :: Grads : []
580 :: Rewards 153.587 :: steps: 1.00 :: Time: 0.012(0.01171/step) :: Entropy : 0.000 :: Grads : []
590 :: Rewards 152.106 :: steps: 1.00 :: Time: 0.012(0.01180/step) :: Entropy : 0.000 :: Grads : []
600 :: Rewards 149.198 :: steps: 1.00 :: Time: 0.012(0.01188/step) :: Entropy : 0.000 :: Grads : []
610 :: Rewards 146.081 :: steps: 1.00 :: Time: 0.012(0.01192/step) :: Entropy : 0.000 :: Grads : []
620 :: Rewards 141.752 :: steps: 1.00 :: Time: 0.012(0.01190/step) :: Entropy : 0.000 :: Grads : []
630 :: Rewards 139.934 :: steps: 1.00 :: Time: 0.012(0.01192/step) :: Entropy : 0.000 :: Grads : []
640 :: Rewards 136.252 :: steps: 1.00 :: Time: 0.012(0.01196/step) :: Entropy : 0.000 :: Grads : []
650 :: Rewards 133.131 :: steps: 1.00 :: Time: 0.012(0.01208/step) :: Entropy : 0.000 :: Grads : []
660 :: Rewards 129.373 :: steps: 1.00 :: Time: 0.012(0.01200/step) :: Entropy : 0.000 :: Grads : []
670 :: Rewards 126.476 :: steps: 1.00 :: Time: 0.012(0.01208/step) :: Entropy : 0.000 :: Grads : []
680 :: Rewards 124.116 :: steps: 1.00 :: Time: 0.012(0.01215/step) :: Entropy : 0.000 :: Grads : []
690 :: Rewards 121.538 :: steps: 1.00 :: Time: 0.012(0.01224/step) :: Entropy : 0.000 :: Grads : []
700 :: Rewards 117.886 :: steps: 1.00 :: Time: 0.012(0.01231/step) :: Entropy : 0.000 :: Grads : []
710 :: Rewards 115.062 :: steps: 1.00 :: Time: 0.012(0.01237/step) :: Entropy : 0.000 :: Grads : []
720 :: Rewards 111.399 :: steps: 1.00 :: Time: 0.012(0.01238/step) :: Entropy : 0.000 :: Grads : []
730 :: Rewards 107.345 :: steps: 1.00 :: Time: 0.012(0.01244/step) :: Entropy : 0.000 :: Grads : []
740 :: Rewards 104.005 :: steps: 1.00 :: Time: 0.013(0.01254/step) :: Entropy : 0.000 :: Grads : []
750 :: Rewards 100.958 :: steps: 1.00 :: Time: 0.013(0.01260/step) :: Entropy : 0.000 :: Grads : []
760 :: Rewards 97.999 :: steps: 1.00 :: Time: 0.013(0.01265/step) :: Entropy : 0.000 :: Grads : []
770 :: Rewards 95.421 :: steps: 1.00 :: Time: 0.013(0.01277/step) :: Entropy : 0.000 :: Grads : []
780 :: Rewards 91.971 :: steps: 1.00 :: Time: 0.013(0.01284/step) :: Entropy : 0.000 :: Grads : []
790 :: Rewards 89.304 :: steps: 1.00 :: Time: 0.013(0.01271/step) :: Entropy : 0.000 :: Grads : []
800 :: Rewards 86.172 :: steps: 1.00 :: Time: 0.013(0.01291/step) :: Entropy : 0.000 :: Grads : []
810 :: Rewards 83.715 :: steps: 1.00 :: Time: 0.013(0.01267/step) :: Entropy : 0.000 :: Grads : []
820 :: Rewards 80.140 :: steps: 1.00 :: Time: 0.013(0.01271/step) :: Entropy : 0.000 :: Grads : []
830 :: Rewards 77.000 :: steps: 1.00 :: Time: 0.013(0.01293/step) :: Entropy : 0.000 :: Grads : []
840 :: Rewards 74.525 :: steps: 1.00 :: Time: 0.013(0.01275/step) :: Entropy : 0.000 :: Grads : []
850 :: Rewards 71.781 :: steps: 1.00 :: Time: 0.013(0.01309/step) :: Entropy : 0.000 :: Grads : []
860 :: Rewards 68.744 :: steps: 1.00 :: Time: 0.013(0.01312/step) :: Entropy : 0.000 :: Grads : []
870 :: Rewards 67.315 :: steps: 1.00 :: Time: 0.013(0.01328/step) :: Entropy : 0.000 :: Grads : []
880 :: Rewards 65.061 :: steps: 1.00 :: Time: 0.013(0.01340/step) :: Entropy : 0.000 :: Grads : []
890 :: Rewards 62.740 :: steps: 1.00 :: Time: 0.013(0.01321/step) :: Entropy : 0.000 :: Grads : []
900 :: Rewards 61.207 :: steps: 1.00 :: Time: 0.013(0.01334/step) :: Entropy : 0.000 :: Grads : []
910 :: Rewards 60.146 :: steps: 1.00 :: Time: 0.013(0.01330/step) :: Entropy : 0.000 :: Grads : []
920 :: Rewards 58.350 :: steps: 1.00 :: Time: 0.013(0.01333/step) :: Entropy : 0.000 :: Grads : []
930 :: Rewards 57.385 :: steps: 1.00 :: Time: 0.013(0.01342/step) :: Entropy : 0.000 :: Grads : []
940 :: Rewards 56.209 :: steps: 1.00 :: Time: 0.014(0.01357/step) :: Entropy : 0.000 :: Grads : []
950 :: Rewards 54.857 :: steps: 1.00 :: Time: 0.014(0.01358/step) :: Entropy : 0.000 :: Grads : []
960 :: Rewards 53.868 :: steps: 1.00 :: Time: 0.014(0.01353/step) :: Entropy : 0.000 :: Grads : []
970 :: Rewards 52.084 :: steps: 1.00 :: Time: 0.014(0.01358/step) :: Entropy : 0.000 :: Grads : []
980 :: Rewards 53.810 :: steps: 1.00 :: Time: 0.014(0.01363/step) :: Entropy : 0.000 :: Grads : []
990 :: Rewards 52.882 :: steps: 1.00 :: Time: 0.014(0.01371/step) :: Entropy : 0.000 :: Grads : []
999 :: Rewards 52.469 :: steps: 0.90 :: Time: 0.014(0.01534/step) :: Entropy : 0.000 :: Grads : []
Total time taken: 10.987443923950195
