Module path:  Environments.NS_Reco NS_Reco
Dynamically loaded from:  <class 'Environments.NS_Reco.NS_Reco'>
Reward Amplitudes: [4.17022005e-01 7.20324493e-01 1.14374817e-04 3.02332573e-01
 1.46755891e-01] :: Avg 0.317309867282206 
Module path:  Src.Algorithms.ProOLS ProOLS
Dynamically loaded from:  <class 'Src.Algorithms.ProOLS.ProOLS'>
=====Configurations=====
 Namespace(NN_basis_dim='32', Policy_basis_dim='32', actor_lr=0.0013967975033711264, algo_name='ProOLS', base=0, batch_size=1000, buffer_size=1000, debug=False, delta=1, entropy_lambda=0.009309067356364342, env_name='NS_Reco', experiment='NS_0_', extrapolator_basis='Fourier', folder_suffix='Default', fourier_coupled=True, fourier_k=5, fourier_order=3, gamma=0.99, gauss_std=1.5, gpu=0, hyper='default', importance_clip=15.0, inc=1, log_output='term_file', max_episodes=1000, max_inner=30, max_steps=500, optim='rmsprop', oracle=-1, raw_basis=True, restore=False, save_count=100, save_model=True, seed=29, speed=0, state_lr=0.001, summary=True, swarm=False, timestamp='5|24|20:9:48')
Actions space: 5 :: State space: 1
State Low: tensor([0.]) :: State High: tensor([1.])
State features:  [('dummy_param', torch.Size([1]))]
Policy:  [('fc1.weight', torch.Size([5, 1])), ('fc1.bias', torch.Size([5]))]
0 :: Rewards 0.154 :: steps: 0.10 :: Time: 0.000(0.00053/step) :: Entropy : 0.000 :: Grads : []
10 :: Rewards 3.240 :: steps: 1.00 :: Time: 0.008(0.00773/step) :: Entropy : 0.000 :: Grads : []
20 :: Rewards 6.423 :: steps: 1.00 :: Time: 0.012(0.01245/step) :: Entropy : 0.000 :: Grads : []
30 :: Rewards 8.433 :: steps: 1.00 :: Time: 0.013(0.01274/step) :: Entropy : 0.000 :: Grads : []
40 :: Rewards 13.258 :: steps: 1.00 :: Time: 0.012(0.01228/step) :: Entropy : 0.000 :: Grads : []
50 :: Rewards 17.447 :: steps: 1.00 :: Time: 0.012(0.01235/step) :: Entropy : 0.000 :: Grads : []
60 :: Rewards 22.680 :: steps: 1.00 :: Time: 0.012(0.01241/step) :: Entropy : 0.000 :: Grads : []
70 :: Rewards 27.883 :: steps: 1.00 :: Time: 0.013(0.01256/step) :: Entropy : 0.000 :: Grads : []
80 :: Rewards 33.020 :: steps: 1.00 :: Time: 0.013(0.01270/step) :: Entropy : 0.000 :: Grads : []
90 :: Rewards 38.171 :: steps: 1.00 :: Time: 0.013(0.01277/step) :: Entropy : 0.000 :: Grads : []
100 :: Rewards 43.334 :: steps: 1.00 :: Time: 0.013(0.01289/step) :: Entropy : 0.000 :: Grads : []
110 :: Rewards 47.583 :: steps: 1.00 :: Time: 0.013(0.01300/step) :: Entropy : 0.000 :: Grads : []
120 :: Rewards 52.124 :: steps: 1.00 :: Time: 0.013(0.01311/step) :: Entropy : 0.000 :: Grads : []
130 :: Rewards 56.636 :: steps: 1.00 :: Time: 0.013(0.01325/step) :: Entropy : 0.000 :: Grads : []
140 :: Rewards 63.104 :: steps: 1.00 :: Time: 0.013(0.01337/step) :: Entropy : 0.000 :: Grads : []
150 :: Rewards 69.598 :: steps: 1.00 :: Time: 0.013(0.01346/step) :: Entropy : 0.000 :: Grads : []
160 :: Rewards 76.503 :: steps: 1.00 :: Time: 0.014(0.01358/step) :: Entropy : 0.000 :: Grads : []
170 :: Rewards 83.662 :: steps: 1.00 :: Time: 0.014(0.01365/step) :: Entropy : 0.000 :: Grads : []
180 :: Rewards 90.841 :: steps: 1.00 :: Time: 0.014(0.01374/step) :: Entropy : 0.000 :: Grads : []
190 :: Rewards 98.074 :: steps: 1.00 :: Time: 0.014(0.01385/step) :: Entropy : 0.000 :: Grads : []
200 :: Rewards 105.270 :: steps: 1.00 :: Time: 0.014(0.01399/step) :: Entropy : 0.000 :: Grads : []
210 :: Rewards 112.431 :: steps: 1.00 :: Time: 0.014(0.01403/step) :: Entropy : 0.000 :: Grads : []
220 :: Rewards 119.627 :: steps: 1.00 :: Time: 0.014(0.01420/step) :: Entropy : 0.000 :: Grads : []
230 :: Rewards 126.815 :: steps: 1.00 :: Time: 0.014(0.01425/step) :: Entropy : 0.000 :: Grads : []
240 :: Rewards 134.038 :: steps: 1.00 :: Time: 0.014(0.01435/step) :: Entropy : 0.000 :: Grads : []
250 :: Rewards 141.274 :: steps: 1.00 :: Time: 0.014(0.01441/step) :: Entropy : 0.000 :: Grads : []
260 :: Rewards 148.475 :: steps: 1.00 :: Time: 0.015(0.01464/step) :: Entropy : 0.000 :: Grads : []
270 :: Rewards 155.717 :: steps: 1.00 :: Time: 0.015(0.01509/step) :: Entropy : 0.000 :: Grads : []
280 :: Rewards 162.949 :: steps: 1.00 :: Time: 0.015(0.01518/step) :: Entropy : 0.000 :: Grads : []
290 :: Rewards 170.123 :: steps: 1.00 :: Time: 0.015(0.01523/step) :: Entropy : 0.000 :: Grads : []
300 :: Rewards 177.331 :: steps: 1.00 :: Time: 0.015(0.01531/step) :: Entropy : 0.000 :: Grads : []
310 :: Rewards 184.526 :: steps: 1.00 :: Time: 0.015(0.01530/step) :: Entropy : 0.000 :: Grads : []
320 :: Rewards 191.731 :: steps: 1.00 :: Time: 0.015(0.01540/step) :: Entropy : 0.000 :: Grads : []
330 :: Rewards 198.927 :: steps: 1.00 :: Time: 0.016(0.01570/step) :: Entropy : 0.000 :: Grads : []
340 :: Rewards 206.119 :: steps: 1.00 :: Time: 0.016(0.01587/step) :: Entropy : 0.000 :: Grads : []
350 :: Rewards 213.341 :: steps: 1.00 :: Time: 0.016(0.01609/step) :: Entropy : 0.000 :: Grads : []
360 :: Rewards 220.557 :: steps: 1.00 :: Time: 0.016(0.01628/step) :: Entropy : 0.000 :: Grads : []
370 :: Rewards 227.754 :: steps: 1.00 :: Time: 0.016(0.01641/step) :: Entropy : 0.000 :: Grads : []
380 :: Rewards 234.949 :: steps: 1.00 :: Time: 0.016(0.01648/step) :: Entropy : 0.000 :: Grads : []
390 :: Rewards 242.143 :: steps: 1.00 :: Time: 0.017(0.01663/step) :: Entropy : 0.000 :: Grads : []
400 :: Rewards 249.340 :: steps: 1.00 :: Time: 0.017(0.01676/step) :: Entropy : 0.000 :: Grads : []
410 :: Rewards 256.520 :: steps: 1.00 :: Time: 0.017(0.01692/step) :: Entropy : 0.000 :: Grads : []
420 :: Rewards 263.733 :: steps: 1.00 :: Time: 0.017(0.01746/step) :: Entropy : 0.000 :: Grads : []
430 :: Rewards 270.975 :: steps: 1.00 :: Time: 0.018(0.01750/step) :: Entropy : 0.000 :: Grads : []
440 :: Rewards 278.189 :: steps: 1.00 :: Time: 0.018(0.01754/step) :: Entropy : 0.000 :: Grads : []
450 :: Rewards 285.376 :: steps: 1.00 :: Time: 0.018(0.01760/step) :: Entropy : 0.000 :: Grads : []
460 :: Rewards 292.587 :: steps: 1.00 :: Time: 0.018(0.01770/step) :: Entropy : 0.000 :: Grads : []
470 :: Rewards 299.767 :: steps: 1.00 :: Time: 0.018(0.01775/step) :: Entropy : 0.000 :: Grads : []
480 :: Rewards 306.951 :: steps: 1.00 :: Time: 0.018(0.01782/step) :: Entropy : 0.000 :: Grads : []
490 :: Rewards 314.143 :: steps: 1.00 :: Time: 0.018(0.01789/step) :: Entropy : 0.000 :: Grads : []
500 :: Rewards 321.358 :: steps: 1.00 :: Time: 0.018(0.01795/step) :: Entropy : 0.000 :: Grads : []
510 :: Rewards 328.528 :: steps: 1.00 :: Time: 0.018(0.01807/step) :: Entropy : 0.000 :: Grads : []
520 :: Rewards 335.726 :: steps: 1.00 :: Time: 0.018(0.01836/step) :: Entropy : 0.000 :: Grads : []
530 :: Rewards 342.895 :: steps: 1.00 :: Time: 0.018(0.01844/step) :: Entropy : 0.000 :: Grads : []
540 :: Rewards 350.114 :: steps: 1.00 :: Time: 0.019(0.01852/step) :: Entropy : 0.000 :: Grads : []
550 :: Rewards 357.318 :: steps: 1.00 :: Time: 0.019(0.01857/step) :: Entropy : 0.000 :: Grads : []
560 :: Rewards 364.498 :: steps: 1.00 :: Time: 0.019(0.01861/step) :: Entropy : 0.000 :: Grads : []
570 :: Rewards 371.748 :: steps: 1.00 :: Time: 0.019(0.01873/step) :: Entropy : 0.000 :: Grads : []
580 :: Rewards 378.933 :: steps: 1.00 :: Time: 0.019(0.01873/step) :: Entropy : 0.000 :: Grads : []
590 :: Rewards 386.163 :: steps: 1.00 :: Time: 0.019(0.01878/step) :: Entropy : 0.000 :: Grads : []
600 :: Rewards 393.333 :: steps: 1.00 :: Time: 0.019(0.01885/step) :: Entropy : 0.000 :: Grads : []
610 :: Rewards 400.580 :: steps: 1.00 :: Time: 0.019(0.01884/step) :: Entropy : 0.000 :: Grads : []
620 :: Rewards 407.751 :: steps: 1.00 :: Time: 0.019(0.01891/step) :: Entropy : 0.000 :: Grads : []
630 :: Rewards 414.933 :: steps: 1.00 :: Time: 0.019(0.01889/step) :: Entropy : 0.000 :: Grads : []
640 :: Rewards 422.174 :: steps: 1.00 :: Time: 0.019(0.01900/step) :: Entropy : 0.000 :: Grads : []
650 :: Rewards 429.369 :: steps: 1.00 :: Time: 0.019(0.01913/step) :: Entropy : 0.000 :: Grads : []
660 :: Rewards 436.542 :: steps: 1.00 :: Time: 0.019(0.01924/step) :: Entropy : 0.000 :: Grads : []
670 :: Rewards 443.741 :: steps: 1.00 :: Time: 0.019(0.01934/step) :: Entropy : 0.000 :: Grads : []
680 :: Rewards 450.952 :: steps: 1.00 :: Time: 0.019(0.01939/step) :: Entropy : 0.000 :: Grads : []
690 :: Rewards 458.161 :: steps: 1.00 :: Time: 0.019(0.01949/step) :: Entropy : 0.000 :: Grads : []
700 :: Rewards 465.398 :: steps: 1.00 :: Time: 0.020(0.01956/step) :: Entropy : 0.000 :: Grads : []
710 :: Rewards 472.605 :: steps: 1.00 :: Time: 0.020(0.01967/step) :: Entropy : 0.000 :: Grads : []
720 :: Rewards 479.835 :: steps: 1.00 :: Time: 0.020(0.01971/step) :: Entropy : 0.000 :: Grads : []
730 :: Rewards 487.029 :: steps: 1.00 :: Time: 0.020(0.01981/step) :: Entropy : 0.000 :: Grads : []
740 :: Rewards 494.255 :: steps: 1.00 :: Time: 0.020(0.01993/step) :: Entropy : 0.000 :: Grads : []
750 :: Rewards 501.421 :: steps: 1.00 :: Time: 0.020(0.02001/step) :: Entropy : 0.000 :: Grads : []
760 :: Rewards 508.603 :: steps: 1.00 :: Time: 0.020(0.02011/step) :: Entropy : 0.000 :: Grads : []
770 :: Rewards 515.781 :: steps: 1.00 :: Time: 0.020(0.02029/step) :: Entropy : 0.000 :: Grads : []
780 :: Rewards 522.958 :: steps: 1.00 :: Time: 0.021(0.02050/step) :: Entropy : 0.000 :: Grads : []
790 :: Rewards 530.158 :: steps: 1.00 :: Time: 0.020(0.02044/step) :: Entropy : 0.000 :: Grads : []
800 :: Rewards 537.325 :: steps: 1.00 :: Time: 0.021(0.02053/step) :: Entropy : 0.000 :: Grads : []
810 :: Rewards 544.547 :: steps: 1.00 :: Time: 0.021(0.02056/step) :: Entropy : 0.000 :: Grads : []
820 :: Rewards 551.718 :: steps: 1.00 :: Time: 0.021(0.02068/step) :: Entropy : 0.000 :: Grads : []
830 :: Rewards 558.942 :: steps: 1.00 :: Time: 0.021(0.02078/step) :: Entropy : 0.000 :: Grads : []
840 :: Rewards 566.153 :: steps: 1.00 :: Time: 0.021(0.02084/step) :: Entropy : 0.000 :: Grads : []
850 :: Rewards 573.357 :: steps: 1.00 :: Time: 0.021(0.02089/step) :: Entropy : 0.000 :: Grads : []
860 :: Rewards 580.547 :: steps: 1.00 :: Time: 0.021(0.02093/step) :: Entropy : 0.000 :: Grads : []
870 :: Rewards 587.741 :: steps: 1.00 :: Time: 0.021(0.02088/step) :: Entropy : 0.000 :: Grads : []
880 :: Rewards 594.978 :: steps: 1.00 :: Time: 0.021(0.02091/step) :: Entropy : 0.000 :: Grads : []
890 :: Rewards 602.202 :: steps: 1.00 :: Time: 0.021(0.02093/step) :: Entropy : 0.000 :: Grads : []
900 :: Rewards 609.390 :: steps: 1.00 :: Time: 0.021(0.02105/step) :: Entropy : 0.000 :: Grads : []
910 :: Rewards 616.594 :: steps: 1.00 :: Time: 0.021(0.02104/step) :: Entropy : 0.000 :: Grads : []
920 :: Rewards 623.787 :: steps: 1.00 :: Time: 0.021(0.02108/step) :: Entropy : 0.000 :: Grads : []
930 :: Rewards 631.000 :: steps: 1.00 :: Time: 0.021(0.02112/step) :: Entropy : 0.000 :: Grads : []
940 :: Rewards 638.210 :: steps: 1.00 :: Time: 0.021(0.02112/step) :: Entropy : 0.000 :: Grads : []
950 :: Rewards 645.369 :: steps: 1.00 :: Time: 0.021(0.02120/step) :: Entropy : 0.000 :: Grads : []
960 :: Rewards 652.605 :: steps: 1.00 :: Time: 0.021(0.02118/step) :: Entropy : 0.000 :: Grads : []
970 :: Rewards 659.793 :: steps: 1.00 :: Time: 0.021(0.02124/step) :: Entropy : 0.000 :: Grads : []
980 :: Rewards 666.996 :: steps: 1.00 :: Time: 0.021(0.02127/step) :: Entropy : 0.000 :: Grads : []
990 :: Rewards 674.242 :: steps: 1.00 :: Time: 0.021(0.02136/step) :: Entropy : 0.000 :: Grads : []
999 :: Rewards 680.719 :: steps: 0.90 :: Time: 0.019(0.02136/step) :: Entropy : 0.000 :: Grads : []
Total time taken: 17.440799236297607
