Module path:  Environments.NS_Reco NS_Reco
Dynamically loaded from:  <class 'Environments.NS_Reco.NS_Reco'>
Reward Amplitudes: [4.17022005e-01 7.20324493e-01 1.14374817e-04 3.02332573e-01
 1.46755891e-01] :: Avg 0.317309867282206 
Module path:  Src.Algorithms.ProOLS ProOLS
Dynamically loaded from:  <class 'Src.Algorithms.ProOLS.ProOLS'>
=====Configurations=====
 Namespace(NN_basis_dim='32', Policy_basis_dim='32', actor_lr=0.002855902814944507, algo_name='ProOLS', base=0, batch_size=1000, buffer_size=1000, debug=False, delta=1, entropy_lambda=0.053752942888962034, env_name='NS_Reco', experiment='NS_2r_', extrapolator_basis='Fourier', folder_suffix='Default', fourier_coupled=True, fourier_k=7, fourier_order=3, gamma=0.99, gauss_std=1.5, gpu=0, hyper='default', importance_clip=5.0, inc=1, log_output='term_file', max_episodes=1000, max_inner=30, max_steps=500, optim='rmsprop', oracle=-1, raw_basis=True, restore=False, save_count=100, save_model=True, seed=11, speed=2, state_lr=0.001, summary=True, swarm=False, timestamp='5|25|11:17:53')
Actions space: 5 :: State space: 1
State Low: tensor([0.]) :: State High: tensor([1.])
State features:  [('dummy_param', torch.Size([1]))]
Policy:  [('fc1.weight', torch.Size([5, 1])), ('fc1.bias', torch.Size([5]))]
0 :: Rewards -0.012 :: steps: 0.10 :: Time: 0.000(0.00060/step) :: Entropy : 0.000 :: Grads : []
10 :: Rewards -0.119 :: steps: 1.00 :: Time: 0.006(0.00563/step) :: Entropy : 0.000 :: Grads : []
20 :: Rewards -0.610 :: steps: 1.00 :: Time: 0.013(0.01328/step) :: Entropy : 0.000 :: Grads : []
30 :: Rewards -0.916 :: steps: 1.00 :: Time: 0.014(0.01355/step) :: Entropy : 0.000 :: Grads : []
40 :: Rewards -1.537 :: steps: 1.00 :: Time: 0.013(0.01310/step) :: Entropy : 0.000 :: Grads : []
50 :: Rewards -1.907 :: steps: 1.00 :: Time: 0.013(0.01330/step) :: Entropy : 0.000 :: Grads : []
60 :: Rewards -2.593 :: steps: 1.00 :: Time: 0.013(0.01319/step) :: Entropy : 0.000 :: Grads : []
70 :: Rewards -4.257 :: steps: 1.00 :: Time: 0.013(0.01328/step) :: Entropy : 0.000 :: Grads : []
80 :: Rewards -4.257 :: steps: 1.00 :: Time: 0.013(0.01305/step) :: Entropy : 0.000 :: Grads : []
90 :: Rewards -4.549 :: steps: 1.00 :: Time: 0.013(0.01327/step) :: Entropy : 0.000 :: Grads : []
100 :: Rewards -4.946 :: steps: 1.00 :: Time: 0.013(0.01345/step) :: Entropy : 0.000 :: Grads : []
110 :: Rewards -4.946 :: steps: 1.00 :: Time: 0.014(0.01350/step) :: Entropy : 0.000 :: Grads : []
120 :: Rewards -4.946 :: steps: 1.00 :: Time: 0.014(0.01360/step) :: Entropy : 0.000 :: Grads : []
130 :: Rewards -4.946 :: steps: 1.00 :: Time: 0.014(0.01373/step) :: Entropy : 0.000 :: Grads : []
140 :: Rewards -4.946 :: steps: 1.00 :: Time: 0.014(0.01393/step) :: Entropy : 0.000 :: Grads : []
150 :: Rewards -4.946 :: steps: 1.00 :: Time: 0.014(0.01390/step) :: Entropy : 0.000 :: Grads : []
160 :: Rewards -4.946 :: steps: 1.00 :: Time: 0.014(0.01398/step) :: Entropy : 0.000 :: Grads : []
170 :: Rewards -4.946 :: steps: 1.00 :: Time: 0.014(0.01410/step) :: Entropy : 0.000 :: Grads : []
180 :: Rewards -4.946 :: steps: 1.00 :: Time: 0.014(0.01420/step) :: Entropy : 0.000 :: Grads : []
190 :: Rewards -4.946 :: steps: 1.00 :: Time: 0.016(0.01613/step) :: Entropy : 0.000 :: Grads : []
200 :: Rewards -4.946 :: steps: 1.00 :: Time: 0.014(0.01441/step) :: Entropy : 0.000 :: Grads : []
210 :: Rewards -4.946 :: steps: 1.00 :: Time: 0.015(0.01452/step) :: Entropy : 0.000 :: Grads : []
220 :: Rewards -4.946 :: steps: 1.00 :: Time: 0.015(0.01459/step) :: Entropy : 0.000 :: Grads : []
230 :: Rewards -4.946 :: steps: 1.00 :: Time: 0.015(0.01477/step) :: Entropy : 0.000 :: Grads : []
240 :: Rewards -4.946 :: steps: 1.00 :: Time: 0.015(0.01486/step) :: Entropy : 0.000 :: Grads : []
250 :: Rewards -4.946 :: steps: 1.00 :: Time: 0.015(0.01511/step) :: Entropy : 0.000 :: Grads : []
260 :: Rewards -4.946 :: steps: 1.00 :: Time: 0.015(0.01528/step) :: Entropy : 0.000 :: Grads : []
270 :: Rewards -4.946 :: steps: 1.00 :: Time: 0.016(0.01557/step) :: Entropy : 0.000 :: Grads : []
280 :: Rewards -4.946 :: steps: 1.00 :: Time: 0.016(0.01553/step) :: Entropy : 0.000 :: Grads : []
290 :: Rewards -4.946 :: steps: 1.00 :: Time: 0.016(0.01580/step) :: Entropy : 0.000 :: Grads : []
300 :: Rewards -4.946 :: steps: 1.00 :: Time: 0.016(0.01590/step) :: Entropy : 0.000 :: Grads : []
310 :: Rewards -4.946 :: steps: 1.00 :: Time: 0.016(0.01608/step) :: Entropy : 0.000 :: Grads : []
320 :: Rewards -4.946 :: steps: 1.00 :: Time: 0.016(0.01617/step) :: Entropy : 0.000 :: Grads : []
330 :: Rewards -4.946 :: steps: 1.00 :: Time: 0.017(0.01677/step) :: Entropy : 0.000 :: Grads : []
340 :: Rewards -4.946 :: steps: 1.00 :: Time: 0.017(0.01683/step) :: Entropy : 0.000 :: Grads : []
350 :: Rewards -4.946 :: steps: 1.00 :: Time: 0.017(0.01713/step) :: Entropy : 0.000 :: Grads : []
360 :: Rewards -4.946 :: steps: 1.00 :: Time: 0.017(0.01736/step) :: Entropy : 0.000 :: Grads : []
370 :: Rewards -5.098 :: steps: 1.00 :: Time: 0.018(0.01766/step) :: Entropy : 0.000 :: Grads : []
380 :: Rewards -5.595 :: steps: 1.00 :: Time: 0.018(0.01762/step) :: Entropy : 0.000 :: Grads : []
390 :: Rewards -6.458 :: steps: 1.00 :: Time: 0.018(0.01773/step) :: Entropy : 0.000 :: Grads : []
400 :: Rewards -7.717 :: steps: 1.00 :: Time: 0.018(0.01777/step) :: Entropy : 0.000 :: Grads : []
410 :: Rewards -9.442 :: steps: 1.00 :: Time: 0.018(0.01797/step) :: Entropy : 0.000 :: Grads : []
420 :: Rewards -11.261 :: steps: 1.00 :: Time: 0.018(0.01821/step) :: Entropy : 0.000 :: Grads : []
430 :: Rewards -12.598 :: steps: 1.00 :: Time: 0.018(0.01825/step) :: Entropy : 0.000 :: Grads : []
440 :: Rewards -13.356 :: steps: 1.00 :: Time: 0.018(0.01829/step) :: Entropy : 0.000 :: Grads : []
450 :: Rewards -13.631 :: steps: 1.00 :: Time: 0.019(0.01851/step) :: Entropy : 0.000 :: Grads : []
460 :: Rewards -14.210 :: steps: 1.00 :: Time: 0.019(0.01872/step) :: Entropy : 0.000 :: Grads : []
470 :: Rewards -14.329 :: steps: 1.00 :: Time: 0.019(0.01869/step) :: Entropy : 0.000 :: Grads : []
480 :: Rewards -14.484 :: steps: 1.00 :: Time: 0.019(0.01902/step) :: Entropy : 0.000 :: Grads : []
490 :: Rewards -14.582 :: steps: 1.00 :: Time: 0.019(0.01909/step) :: Entropy : 0.000 :: Grads : []
500 :: Rewards -14.627 :: steps: 1.00 :: Time: 0.019(0.01914/step) :: Entropy : 0.000 :: Grads : []
510 :: Rewards -14.682 :: steps: 1.00 :: Time: 0.019(0.01926/step) :: Entropy : 0.000 :: Grads : []
520 :: Rewards -14.728 :: steps: 1.00 :: Time: 0.020(0.01966/step) :: Entropy : 0.000 :: Grads : []
530 :: Rewards -15.331 :: steps: 1.00 :: Time: 0.020(0.01964/step) :: Entropy : 0.000 :: Grads : []
540 :: Rewards -15.512 :: steps: 1.00 :: Time: 0.020(0.01972/step) :: Entropy : 0.000 :: Grads : []
550 :: Rewards -15.929 :: steps: 1.00 :: Time: 0.020(0.01969/step) :: Entropy : 0.000 :: Grads : []
560 :: Rewards -16.260 :: steps: 1.00 :: Time: 0.020(0.01991/step) :: Entropy : 0.000 :: Grads : []
570 :: Rewards -16.714 :: steps: 1.00 :: Time: 0.020(0.01990/step) :: Entropy : 0.000 :: Grads : []
580 :: Rewards -17.697 :: steps: 1.00 :: Time: 0.020(0.01997/step) :: Entropy : 0.000 :: Grads : []
590 :: Rewards -17.804 :: steps: 1.00 :: Time: 0.020(0.02022/step) :: Entropy : 0.000 :: Grads : []
600 :: Rewards -17.892 :: steps: 1.00 :: Time: 0.020(0.02022/step) :: Entropy : 0.000 :: Grads : []
610 :: Rewards -17.977 :: steps: 1.00 :: Time: 0.020(0.02040/step) :: Entropy : 0.000 :: Grads : []
620 :: Rewards -18.134 :: steps: 1.00 :: Time: 0.021(0.02051/step) :: Entropy : 0.000 :: Grads : []
630 :: Rewards -18.286 :: steps: 1.00 :: Time: 0.021(0.02059/step) :: Entropy : 0.000 :: Grads : []
640 :: Rewards -18.625 :: steps: 1.00 :: Time: 0.021(0.02072/step) :: Entropy : 0.000 :: Grads : []
650 :: Rewards -18.788 :: steps: 1.00 :: Time: 0.021(0.02091/step) :: Entropy : 0.000 :: Grads : []
660 :: Rewards -19.842 :: steps: 1.00 :: Time: 0.021(0.02111/step) :: Entropy : 0.000 :: Grads : []
670 :: Rewards -21.136 :: steps: 1.00 :: Time: 0.021(0.02120/step) :: Entropy : 0.000 :: Grads : []
680 :: Rewards -21.306 :: steps: 1.00 :: Time: 0.021(0.02116/step) :: Entropy : 0.000 :: Grads : []
690 :: Rewards -21.760 :: steps: 1.00 :: Time: 0.021(0.02132/step) :: Entropy : 0.000 :: Grads : []
700 :: Rewards -22.630 :: steps: 1.00 :: Time: 0.021(0.02147/step) :: Entropy : 0.000 :: Grads : []
710 :: Rewards -22.870 :: steps: 1.00 :: Time: 0.022(0.02151/step) :: Entropy : 0.000 :: Grads : []
720 :: Rewards -22.955 :: steps: 1.00 :: Time: 0.022(0.02157/step) :: Entropy : 0.000 :: Grads : []
730 :: Rewards -23.036 :: steps: 1.00 :: Time: 0.022(0.02170/step) :: Entropy : 0.000 :: Grads : []
740 :: Rewards -23.048 :: steps: 1.00 :: Time: 0.022(0.02181/step) :: Entropy : 0.000 :: Grads : []
750 :: Rewards -24.335 :: steps: 1.00 :: Time: 0.022(0.02191/step) :: Entropy : 0.000 :: Grads : []
760 :: Rewards -25.267 :: steps: 1.00 :: Time: 0.022(0.02196/step) :: Entropy : 0.000 :: Grads : []
770 :: Rewards -25.356 :: steps: 1.00 :: Time: 0.022(0.02221/step) :: Entropy : 0.000 :: Grads : []
780 :: Rewards -25.430 :: steps: 1.00 :: Time: 0.022(0.02192/step) :: Entropy : 0.000 :: Grads : []
790 :: Rewards -25.516 :: steps: 1.00 :: Time: 0.021(0.02065/step) :: Entropy : 0.000 :: Grads : []
800 :: Rewards -25.856 :: steps: 1.00 :: Time: 0.021(0.02117/step) :: Entropy : 0.000 :: Grads : []
810 :: Rewards -27.086 :: steps: 1.00 :: Time: 0.022(0.02212/step) :: Entropy : 0.000 :: Grads : []
820 :: Rewards -28.026 :: steps: 1.00 :: Time: 0.023(0.02265/step) :: Entropy : 0.000 :: Grads : []
830 :: Rewards -28.630 :: steps: 1.00 :: Time: 0.021(0.02123/step) :: Entropy : 0.000 :: Grads : []
840 :: Rewards -29.822 :: steps: 1.00 :: Time: 0.022(0.02216/step) :: Entropy : 0.000 :: Grads : []
850 :: Rewards -30.536 :: steps: 1.00 :: Time: 0.022(0.02244/step) :: Entropy : 0.000 :: Grads : []
860 :: Rewards -31.379 :: steps: 1.00 :: Time: 0.022(0.02237/step) :: Entropy : 0.000 :: Grads : []
870 :: Rewards -31.540 :: steps: 1.00 :: Time: 0.022(0.02237/step) :: Entropy : 0.000 :: Grads : []
880 :: Rewards -32.236 :: steps: 1.00 :: Time: 0.022(0.02225/step) :: Entropy : 0.000 :: Grads : []
890 :: Rewards -32.718 :: steps: 1.00 :: Time: 0.022(0.02235/step) :: Entropy : 0.000 :: Grads : []
900 :: Rewards -33.842 :: steps: 1.00 :: Time: 0.022(0.02238/step) :: Entropy : 0.000 :: Grads : []
910 :: Rewards -35.321 :: steps: 1.00 :: Time: 0.023(0.02259/step) :: Entropy : 0.000 :: Grads : []
920 :: Rewards -37.592 :: steps: 1.00 :: Time: 0.023(0.02267/step) :: Entropy : 0.000 :: Grads : []
930 :: Rewards -39.974 :: steps: 1.00 :: Time: 0.023(0.02292/step) :: Entropy : 0.000 :: Grads : []
940 :: Rewards -42.813 :: steps: 1.00 :: Time: 0.023(0.02303/step) :: Entropy : 0.000 :: Grads : []
950 :: Rewards -46.604 :: steps: 1.00 :: Time: 0.023(0.02305/step) :: Entropy : 0.000 :: Grads : []
960 :: Rewards -49.021 :: steps: 1.00 :: Time: 0.023(0.02313/step) :: Entropy : 0.000 :: Grads : []
970 :: Rewards -49.449 :: steps: 1.00 :: Time: 0.024(0.02351/step) :: Entropy : 0.000 :: Grads : []
980 :: Rewards -49.449 :: steps: 1.00 :: Time: 0.024(0.02370/step) :: Entropy : 0.000 :: Grads : []
990 :: Rewards -49.449 :: steps: 1.00 :: Time: 0.024(0.02379/step) :: Entropy : 0.000 :: Grads : []
999 :: Rewards -49.449 :: steps: 0.90 :: Time: 0.021(0.02385/step) :: Entropy : 0.000 :: Grads : []
Total time taken: 18.56987714767456
