Module path:  Environments.NS_Reco NS_Reco
Dynamically loaded from:  <class 'Environments.NS_Reco.NS_Reco'>
Reward Amplitudes: [4.17022005e-01 7.20324493e-01 1.14374817e-04 3.02332573e-01
 1.46755891e-01] :: Avg 0.317309867282206 
Module path:  Src.Algorithms.ProOLS ProOLS
Dynamically loaded from:  <class 'Src.Algorithms.ProOLS.ProOLS'>
=====Configurations=====
 Namespace(NN_basis_dim='32', Policy_basis_dim='32', actor_lr=0.0013967975033711264, algo_name='ProOLS', base=0, batch_size=1000, buffer_size=1000, debug=False, delta=1, entropy_lambda=0.009309067356364342, env_name='NS_Reco', experiment='NS_0r_', extrapolator_basis='Fourier', folder_suffix='Default', fourier_coupled=True, fourier_k=5, fourier_order=3, gamma=0.99, gauss_std=1.5, gpu=0, hyper='default', importance_clip=15.0, inc=1, log_output='term_file', max_episodes=1000, max_inner=30, max_steps=500, optim='rmsprop', oracle=-1, raw_basis=True, restore=False, save_count=100, save_model=True, seed=23, speed=0, state_lr=0.001, summary=True, swarm=False, timestamp='5|25|11:46:34')
Actions space: 5 :: State space: 1
State Low: tensor([0.]) :: State High: tensor([1.])
State features:  [('dummy_param', torch.Size([1]))]
Policy:  [('fc1.weight', torch.Size([5, 1])), ('fc1.bias', torch.Size([5]))]
0 :: Rewards -0.721 :: steps: 0.10 :: Time: 0.000(0.00062/step) :: Entropy : 0.000 :: Grads : []
10 :: Rewards -4.147 :: steps: 1.00 :: Time: 0.009(0.00860/step) :: Entropy : 0.000 :: Grads : []
20 :: Rewards -5.838 :: steps: 1.00 :: Time: 0.014(0.01397/step) :: Entropy : 0.000 :: Grads : []
30 :: Rewards -8.831 :: steps: 1.00 :: Time: 0.014(0.01426/step) :: Entropy : 0.000 :: Grads : []
40 :: Rewards -11.442 :: steps: 1.00 :: Time: 0.014(0.01356/step) :: Entropy : 0.000 :: Grads : []
50 :: Rewards -12.875 :: steps: 1.00 :: Time: 0.014(0.01373/step) :: Entropy : 0.000 :: Grads : []
60 :: Rewards -15.049 :: steps: 1.00 :: Time: 0.014(0.01365/step) :: Entropy : 0.000 :: Grads : []
70 :: Rewards -17.633 :: steps: 1.00 :: Time: 0.014(0.01412/step) :: Entropy : 0.000 :: Grads : []
80 :: Rewards -19.887 :: steps: 1.00 :: Time: 0.014(0.01441/step) :: Entropy : 0.000 :: Grads : []
90 :: Rewards -20.910 :: steps: 1.00 :: Time: 0.014(0.01437/step) :: Entropy : 0.000 :: Grads : []
100 :: Rewards -21.941 :: steps: 1.00 :: Time: 0.014(0.01438/step) :: Entropy : 0.000 :: Grads : []
110 :: Rewards -24.055 :: steps: 1.00 :: Time: 0.015(0.01459/step) :: Entropy : 0.000 :: Grads : []
120 :: Rewards -27.252 :: steps: 1.00 :: Time: 0.015(0.01473/step) :: Entropy : 0.000 :: Grads : []
130 :: Rewards -29.940 :: steps: 1.00 :: Time: 0.015(0.01483/step) :: Entropy : 0.000 :: Grads : []
140 :: Rewards -33.753 :: steps: 1.00 :: Time: 0.015(0.01499/step) :: Entropy : 0.000 :: Grads : []
150 :: Rewards -37.924 :: steps: 1.00 :: Time: 0.015(0.01524/step) :: Entropy : 0.000 :: Grads : []
160 :: Rewards -42.026 :: steps: 1.00 :: Time: 0.015(0.01525/step) :: Entropy : 0.000 :: Grads : []
170 :: Rewards -45.349 :: steps: 1.00 :: Time: 0.015(0.01546/step) :: Entropy : 0.000 :: Grads : []
180 :: Rewards -48.424 :: steps: 1.00 :: Time: 0.015(0.01549/step) :: Entropy : 0.000 :: Grads : []
190 :: Rewards -50.506 :: steps: 1.00 :: Time: 0.016(0.01581/step) :: Entropy : 0.000 :: Grads : []
200 :: Rewards -51.353 :: steps: 1.00 :: Time: 0.016(0.01595/step) :: Entropy : 0.000 :: Grads : []
210 :: Rewards -52.062 :: steps: 1.00 :: Time: 0.016(0.01601/step) :: Entropy : 0.000 :: Grads : []
220 :: Rewards -52.377 :: steps: 1.00 :: Time: 0.016(0.01606/step) :: Entropy : 0.000 :: Grads : []
230 :: Rewards -52.681 :: steps: 1.00 :: Time: 0.016(0.01620/step) :: Entropy : 0.000 :: Grads : []
240 :: Rewards -52.681 :: steps: 1.00 :: Time: 0.017(0.01673/step) :: Entropy : 0.000 :: Grads : []
250 :: Rewards -52.681 :: steps: 1.00 :: Time: 0.017(0.01655/step) :: Entropy : 0.000 :: Grads : []
260 :: Rewards -52.681 :: steps: 1.00 :: Time: 0.017(0.01701/step) :: Entropy : 0.000 :: Grads : []
270 :: Rewards -52.681 :: steps: 1.00 :: Time: 0.017(0.01710/step) :: Entropy : 0.000 :: Grads : []
280 :: Rewards -52.681 :: steps: 1.00 :: Time: 0.017(0.01718/step) :: Entropy : 0.000 :: Grads : []
290 :: Rewards -52.681 :: steps: 1.00 :: Time: 0.018(0.01750/step) :: Entropy : 0.000 :: Grads : []
300 :: Rewards -52.681 :: steps: 1.00 :: Time: 0.018(0.01765/step) :: Entropy : 0.000 :: Grads : []
310 :: Rewards -52.681 :: steps: 1.00 :: Time: 0.018(0.01780/step) :: Entropy : 0.000 :: Grads : []
320 :: Rewards -52.681 :: steps: 1.00 :: Time: 0.018(0.01804/step) :: Entropy : 0.000 :: Grads : []
330 :: Rewards -52.681 :: steps: 1.00 :: Time: 0.019(0.01851/step) :: Entropy : 0.000 :: Grads : []
340 :: Rewards -52.681 :: steps: 1.00 :: Time: 0.018(0.01824/step) :: Entropy : 0.000 :: Grads : []
350 :: Rewards -52.681 :: steps: 1.00 :: Time: 0.019(0.01859/step) :: Entropy : 0.000 :: Grads : []
360 :: Rewards -52.681 :: steps: 1.00 :: Time: 0.019(0.01921/step) :: Entropy : 0.000 :: Grads : []
370 :: Rewards -52.681 :: steps: 1.00 :: Time: 0.019(0.01882/step) :: Entropy : 0.000 :: Grads : []
380 :: Rewards -52.681 :: steps: 1.00 :: Time: 0.019(0.01874/step) :: Entropy : 0.000 :: Grads : []
390 :: Rewards -52.681 :: steps: 1.00 :: Time: 0.019(0.01907/step) :: Entropy : 0.000 :: Grads : []
400 :: Rewards -52.681 :: steps: 1.00 :: Time: 0.019(0.01934/step) :: Entropy : 0.000 :: Grads : []
410 :: Rewards -52.681 :: steps: 1.00 :: Time: 0.020(0.01968/step) :: Entropy : 0.000 :: Grads : []
420 :: Rewards -52.681 :: steps: 1.00 :: Time: 0.021(0.02114/step) :: Entropy : 0.000 :: Grads : []
430 :: Rewards -52.681 :: steps: 1.00 :: Time: 0.021(0.02100/step) :: Entropy : 0.000 :: Grads : []
440 :: Rewards -52.681 :: steps: 1.00 :: Time: 0.021(0.02145/step) :: Entropy : 0.000 :: Grads : []
450 :: Rewards -52.681 :: steps: 1.00 :: Time: 0.022(0.02200/step) :: Entropy : 0.000 :: Grads : []
460 :: Rewards -52.681 :: steps: 1.00 :: Time: 0.022(0.02207/step) :: Entropy : 0.000 :: Grads : []
470 :: Rewards -52.681 :: steps: 1.00 :: Time: 0.022(0.02242/step) :: Entropy : 0.000 :: Grads : []
480 :: Rewards -52.681 :: steps: 1.00 :: Time: 0.022(0.02248/step) :: Entropy : 0.000 :: Grads : []
490 :: Rewards -52.681 :: steps: 1.00 :: Time: 0.023(0.02323/step) :: Entropy : 0.000 :: Grads : []
500 :: Rewards -52.681 :: steps: 1.00 :: Time: 0.024(0.02351/step) :: Entropy : 0.000 :: Grads : []
510 :: Rewards -52.681 :: steps: 1.00 :: Time: 0.024(0.02365/step) :: Entropy : 0.000 :: Grads : []
520 :: Rewards -52.681 :: steps: 1.00 :: Time: 0.024(0.02363/step) :: Entropy : 0.000 :: Grads : []
530 :: Rewards -52.681 :: steps: 1.00 :: Time: 0.024(0.02418/step) :: Entropy : 0.000 :: Grads : []
540 :: Rewards -52.681 :: steps: 1.00 :: Time: 0.024(0.02421/step) :: Entropy : 0.000 :: Grads : []
550 :: Rewards -52.681 :: steps: 1.00 :: Time: 0.024(0.02444/step) :: Entropy : 0.000 :: Grads : []
560 :: Rewards -52.681 :: steps: 1.00 :: Time: 0.024(0.02435/step) :: Entropy : 0.000 :: Grads : []
570 :: Rewards -52.681 :: steps: 1.00 :: Time: 0.025(0.02452/step) :: Entropy : 0.000 :: Grads : []
580 :: Rewards -52.681 :: steps: 1.00 :: Time: 0.025(0.02505/step) :: Entropy : 0.000 :: Grads : []
590 :: Rewards -52.681 :: steps: 1.00 :: Time: 0.031(0.03069/step) :: Entropy : 0.000 :: Grads : []
600 :: Rewards -52.681 :: steps: 1.00 :: Time: 0.026(0.02590/step) :: Entropy : 0.000 :: Grads : []
610 :: Rewards -52.681 :: steps: 1.00 :: Time: 0.026(0.02585/step) :: Entropy : 0.000 :: Grads : []
620 :: Rewards -52.681 :: steps: 1.00 :: Time: 0.030(0.03027/step) :: Entropy : 0.000 :: Grads : []
630 :: Rewards -52.681 :: steps: 1.00 :: Time: 0.026(0.02619/step) :: Entropy : 0.000 :: Grads : []
640 :: Rewards -52.681 :: steps: 1.00 :: Time: 0.030(0.02950/step) :: Entropy : 0.000 :: Grads : []
650 :: Rewards -52.681 :: steps: 1.00 :: Time: 0.026(0.02639/step) :: Entropy : 0.000 :: Grads : []
660 :: Rewards -52.681 :: steps: 1.00 :: Time: 0.027(0.02679/step) :: Entropy : 0.000 :: Grads : []
670 :: Rewards -52.681 :: steps: 1.00 :: Time: 0.027(0.02661/step) :: Entropy : 0.000 :: Grads : []
680 :: Rewards -52.681 :: steps: 1.00 :: Time: 0.027(0.02688/step) :: Entropy : 0.000 :: Grads : []
690 :: Rewards -52.681 :: steps: 1.00 :: Time: 0.032(0.03167/step) :: Entropy : 0.000 :: Grads : []
700 :: Rewards -52.681 :: steps: 1.00 :: Time: 0.035(0.03480/step) :: Entropy : 0.000 :: Grads : []
710 :: Rewards -52.681 :: steps: 1.00 :: Time: 0.036(0.03638/step) :: Entropy : 0.000 :: Grads : []
720 :: Rewards -52.681 :: steps: 1.00 :: Time: 0.030(0.02957/step) :: Entropy : 0.000 :: Grads : []
730 :: Rewards -52.681 :: steps: 1.00 :: Time: 0.030(0.02976/step) :: Entropy : 0.000 :: Grads : []
740 :: Rewards -52.681 :: steps: 1.00 :: Time: 0.029(0.02906/step) :: Entropy : 0.000 :: Grads : []
750 :: Rewards -52.681 :: steps: 1.00 :: Time: 0.029(0.02917/step) :: Entropy : 0.000 :: Grads : []
760 :: Rewards -52.681 :: steps: 1.00 :: Time: 0.029(0.02937/step) :: Entropy : 0.000 :: Grads : []
770 :: Rewards -52.681 :: steps: 1.00 :: Time: 0.030(0.02956/step) :: Entropy : 0.000 :: Grads : []
780 :: Rewards -52.681 :: steps: 1.00 :: Time: 0.030(0.02968/step) :: Entropy : 0.000 :: Grads : []
790 :: Rewards -52.681 :: steps: 1.00 :: Time: 0.030(0.02984/step) :: Entropy : 0.000 :: Grads : []
800 :: Rewards -52.681 :: steps: 1.00 :: Time: 0.030(0.03012/step) :: Entropy : 0.000 :: Grads : []
810 :: Rewards -52.681 :: steps: 1.00 :: Time: 0.030(0.03037/step) :: Entropy : 0.000 :: Grads : []
820 :: Rewards -52.681 :: steps: 1.00 :: Time: 0.030(0.03046/step) :: Entropy : 0.000 :: Grads : []
830 :: Rewards -52.681 :: steps: 1.00 :: Time: 0.031(0.03084/step) :: Entropy : 0.000 :: Grads : []
840 :: Rewards -52.681 :: steps: 1.00 :: Time: 0.031(0.03101/step) :: Entropy : 0.000 :: Grads : []
850 :: Rewards -52.681 :: steps: 1.00 :: Time: 0.032(0.03209/step) :: Entropy : 0.000 :: Grads : []
860 :: Rewards -52.681 :: steps: 1.00 :: Time: 0.031(0.03135/step) :: Entropy : 0.000 :: Grads : []
870 :: Rewards -52.681 :: steps: 1.00 :: Time: 0.031(0.03146/step) :: Entropy : 0.000 :: Grads : []
880 :: Rewards -52.681 :: steps: 1.00 :: Time: 0.031(0.03097/step) :: Entropy : 0.000 :: Grads : []
890 :: Rewards -52.681 :: steps: 1.00 :: Time: 0.033(0.03300/step) :: Entropy : 0.000 :: Grads : []
900 :: Rewards -52.681 :: steps: 1.00 :: Time: 0.032(0.03178/step) :: Entropy : 0.000 :: Grads : []
910 :: Rewards -52.681 :: steps: 1.00 :: Time: 0.037(0.03717/step) :: Entropy : 0.000 :: Grads : []
920 :: Rewards -52.681 :: steps: 1.00 :: Time: 0.033(0.03271/step) :: Entropy : 0.000 :: Grads : []
930 :: Rewards -52.681 :: steps: 1.00 :: Time: 0.033(0.03256/step) :: Entropy : 0.000 :: Grads : []
940 :: Rewards -52.681 :: steps: 1.00 :: Time: 0.034(0.03364/step) :: Entropy : 0.000 :: Grads : []
950 :: Rewards -52.681 :: steps: 1.00 :: Time: 0.033(0.03304/step) :: Entropy : 0.000 :: Grads : []
960 :: Rewards -52.681 :: steps: 1.00 :: Time: 0.034(0.03357/step) :: Entropy : 0.000 :: Grads : []
970 :: Rewards -52.681 :: steps: 1.00 :: Time: 0.033(0.03341/step) :: Entropy : 0.000 :: Grads : []
980 :: Rewards -52.681 :: steps: 1.00 :: Time: 0.034(0.03376/step) :: Entropy : 0.000 :: Grads : []
990 :: Rewards -52.681 :: steps: 1.00 :: Time: 0.034(0.03414/step) :: Entropy : 0.000 :: Grads : []
999 :: Rewards -52.681 :: steps: 0.90 :: Time: 0.037(0.04139/step) :: Entropy : 0.000 :: Grads : []
Total time taken: 23.629817962646484
