Module path:  Environments.NS_Reco NS_Reco
Dynamically loaded from:  <class 'Environments.NS_Reco.NS_Reco'>
Reward Amplitudes: [4.17022005e-01 7.20324493e-01 1.14374817e-04 3.02332573e-01
 1.46755891e-01] :: Avg 0.317309867282206 
Module path:  Src.Algorithms.ProOLS ProOLS
Dynamically loaded from:  <class 'Src.Algorithms.ProOLS.ProOLS'>
=====Configurations=====
 Namespace(NN_basis_dim='32', Policy_basis_dim='32', actor_lr=0.006330904637554062, algo_name='ProOLS', base=0, batch_size=1000, buffer_size=1000, debug=False, delta=1, entropy_lambda=0.05062512794041892, env_name='NS_Reco', experiment='NS_4r_', extrapolator_basis='Fourier', folder_suffix='Default', fourier_coupled=True, fourier_k=5, fourier_order=3, gamma=0.99, gauss_std=1.5, gpu=0, hyper='default', importance_clip=5.0, inc=1, log_output='term_file', max_episodes=1000, max_inner=20, max_steps=500, optim='rmsprop', oracle=-1, raw_basis=True, restore=False, save_count=100, save_model=True, seed=11, speed=4, state_lr=0.001, summary=True, swarm=False, timestamp='5|25|9:55:5')
Actions space: 5 :: State space: 1
State Low: tensor([0.]) :: State High: tensor([1.])
State features:  [('dummy_param', torch.Size([1]))]
Policy:  [('fc1.weight', torch.Size([5, 1])), ('fc1.bias', torch.Size([5]))]
0 :: Rewards -0.012 :: steps: 0.10 :: Time: 0.000(0.00066/step) :: Entropy : 0.000 :: Grads : []
10 :: Rewards -0.197 :: steps: 1.00 :: Time: 0.006(0.00595/step) :: Entropy : 0.000 :: Grads : []
20 :: Rewards -0.897 :: steps: 1.00 :: Time: 0.009(0.00940/step) :: Entropy : 0.000 :: Grads : []
30 :: Rewards -1.289 :: steps: 1.00 :: Time: 0.009(0.00949/step) :: Entropy : 0.000 :: Grads : []
40 :: Rewards -1.830 :: steps: 1.00 :: Time: 0.009(0.00929/step) :: Entropy : 0.000 :: Grads : []
50 :: Rewards -3.010 :: steps: 1.00 :: Time: 0.009(0.00931/step) :: Entropy : 0.000 :: Grads : []
60 :: Rewards -3.333 :: steps: 1.00 :: Time: 0.010(0.00962/step) :: Entropy : 0.000 :: Grads : []
70 :: Rewards -3.333 :: steps: 1.00 :: Time: 0.009(0.00950/step) :: Entropy : 0.000 :: Grads : []
80 :: Rewards -3.333 :: steps: 1.00 :: Time: 0.010(0.00956/step) :: Entropy : 0.000 :: Grads : []
90 :: Rewards -3.333 :: steps: 1.00 :: Time: 0.010(0.00958/step) :: Entropy : 0.000 :: Grads : []
100 :: Rewards -3.333 :: steps: 1.00 :: Time: 0.010(0.00972/step) :: Entropy : 0.000 :: Grads : []
110 :: Rewards -3.333 :: steps: 1.00 :: Time: 0.010(0.00981/step) :: Entropy : 0.000 :: Grads : []
120 :: Rewards -3.333 :: steps: 1.00 :: Time: 0.010(0.00999/step) :: Entropy : 0.000 :: Grads : []
130 :: Rewards -3.333 :: steps: 1.00 :: Time: 0.010(0.01001/step) :: Entropy : 0.000 :: Grads : []
140 :: Rewards -3.333 :: steps: 1.00 :: Time: 0.010(0.01021/step) :: Entropy : 0.000 :: Grads : []
150 :: Rewards -3.333 :: steps: 1.00 :: Time: 0.010(0.01008/step) :: Entropy : 0.000 :: Grads : []
160 :: Rewards -3.333 :: steps: 1.00 :: Time: 0.010(0.01012/step) :: Entropy : 0.000 :: Grads : []
170 :: Rewards -3.333 :: steps: 1.00 :: Time: 0.010(0.01028/step) :: Entropy : 0.000 :: Grads : []
180 :: Rewards -3.333 :: steps: 1.00 :: Time: 0.010(0.01042/step) :: Entropy : 0.000 :: Grads : []
190 :: Rewards -3.716 :: steps: 1.00 :: Time: 0.010(0.01049/step) :: Entropy : 0.000 :: Grads : []
200 :: Rewards -4.789 :: steps: 1.00 :: Time: 0.010(0.01049/step) :: Entropy : 0.000 :: Grads : []
210 :: Rewards -6.694 :: steps: 1.00 :: Time: 0.010(0.01047/step) :: Entropy : 0.000 :: Grads : []
220 :: Rewards -8.591 :: steps: 1.00 :: Time: 0.011(0.01078/step) :: Entropy : 0.000 :: Grads : []
230 :: Rewards -8.591 :: steps: 1.00 :: Time: 0.011(0.01143/step) :: Entropy : 0.000 :: Grads : []
240 :: Rewards -8.591 :: steps: 1.00 :: Time: 0.011(0.01133/step) :: Entropy : 0.000 :: Grads : []
250 :: Rewards -8.591 :: steps: 1.00 :: Time: 0.011(0.01093/step) :: Entropy : 0.000 :: Grads : []
260 :: Rewards -8.591 :: steps: 1.00 :: Time: 0.011(0.01123/step) :: Entropy : 0.000 :: Grads : []
270 :: Rewards -9.345 :: steps: 1.00 :: Time: 0.012(0.01186/step) :: Entropy : 0.000 :: Grads : []
280 :: Rewards -10.023 :: steps: 1.00 :: Time: 0.011(0.01146/step) :: Entropy : 0.000 :: Grads : []
290 :: Rewards -10.918 :: steps: 1.00 :: Time: 0.011(0.01140/step) :: Entropy : 0.000 :: Grads : []
300 :: Rewards -11.439 :: steps: 1.00 :: Time: 0.012(0.01164/step) :: Entropy : 0.000 :: Grads : []
310 :: Rewards -11.658 :: steps: 1.00 :: Time: 0.012(0.01222/step) :: Entropy : 0.000 :: Grads : []
320 :: Rewards -11.808 :: steps: 1.00 :: Time: 0.012(0.01174/step) :: Entropy : 0.000 :: Grads : []
330 :: Rewards -11.859 :: steps: 1.00 :: Time: 0.012(0.01229/step) :: Entropy : 0.000 :: Grads : []
340 :: Rewards -12.349 :: steps: 1.00 :: Time: 0.012(0.01230/step) :: Entropy : 0.000 :: Grads : []
350 :: Rewards -13.267 :: steps: 1.00 :: Time: 0.013(0.01257/step) :: Entropy : 0.000 :: Grads : []
360 :: Rewards -13.298 :: steps: 1.00 :: Time: 0.013(0.01265/step) :: Entropy : 0.000 :: Grads : []
370 :: Rewards -14.625 :: steps: 1.00 :: Time: 0.013(0.01285/step) :: Entropy : 0.000 :: Grads : []
380 :: Rewards -15.258 :: steps: 1.00 :: Time: 0.013(0.01298/step) :: Entropy : 0.000 :: Grads : []
390 :: Rewards -15.651 :: steps: 1.00 :: Time: 0.013(0.01301/step) :: Entropy : 0.000 :: Grads : []
400 :: Rewards -16.033 :: steps: 1.00 :: Time: 0.013(0.01302/step) :: Entropy : 0.000 :: Grads : []
410 :: Rewards -17.101 :: steps: 1.00 :: Time: 0.013(0.01338/step) :: Entropy : 0.000 :: Grads : []
420 :: Rewards -18.450 :: steps: 1.00 :: Time: 0.014(0.01382/step) :: Entropy : 0.000 :: Grads : []
430 :: Rewards -18.641 :: steps: 1.00 :: Time: 0.014(0.01380/step) :: Entropy : 0.000 :: Grads : []
440 :: Rewards -19.060 :: steps: 1.00 :: Time: 0.014(0.01398/step) :: Entropy : 0.000 :: Grads : []
450 :: Rewards -19.687 :: steps: 1.00 :: Time: 0.014(0.01395/step) :: Entropy : 0.000 :: Grads : []
460 :: Rewards -20.379 :: steps: 1.00 :: Time: 0.014(0.01410/step) :: Entropy : 0.000 :: Grads : []
470 :: Rewards -21.274 :: steps: 1.00 :: Time: 0.014(0.01412/step) :: Entropy : 0.000 :: Grads : []
480 :: Rewards -21.274 :: steps: 1.00 :: Time: 0.014(0.01420/step) :: Entropy : 0.000 :: Grads : []
490 :: Rewards -21.274 :: steps: 1.00 :: Time: 0.014(0.01441/step) :: Entropy : 0.000 :: Grads : []
500 :: Rewards -21.274 :: steps: 1.00 :: Time: 0.014(0.01438/step) :: Entropy : 0.000 :: Grads : []
510 :: Rewards -21.274 :: steps: 1.00 :: Time: 0.015(0.01455/step) :: Entropy : 0.000 :: Grads : []
520 :: Rewards -21.274 :: steps: 1.00 :: Time: 0.015(0.01481/step) :: Entropy : 0.000 :: Grads : []
530 :: Rewards -21.274 :: steps: 1.00 :: Time: 0.015(0.01491/step) :: Entropy : 0.000 :: Grads : []
540 :: Rewards -21.274 :: steps: 1.00 :: Time: 0.020(0.01982/step) :: Entropy : 0.000 :: Grads : []
550 :: Rewards -21.274 :: steps: 1.00 :: Time: 0.016(0.01551/step) :: Entropy : 0.000 :: Grads : []
560 :: Rewards -21.274 :: steps: 1.00 :: Time: 0.015(0.01511/step) :: Entropy : 0.000 :: Grads : []
570 :: Rewards -21.274 :: steps: 1.00 :: Time: 0.015(0.01510/step) :: Entropy : 0.000 :: Grads : []
580 :: Rewards -21.274 :: steps: 1.00 :: Time: 0.015(0.01528/step) :: Entropy : 0.000 :: Grads : []
590 :: Rewards -21.274 :: steps: 1.00 :: Time: 0.015(0.01528/step) :: Entropy : 0.000 :: Grads : []
600 :: Rewards -21.274 :: steps: 1.00 :: Time: 0.015(0.01549/step) :: Entropy : 0.000 :: Grads : []
610 :: Rewards -21.274 :: steps: 1.00 :: Time: 0.015(0.01541/step) :: Entropy : 0.000 :: Grads : []
620 :: Rewards -21.274 :: steps: 1.00 :: Time: 0.015(0.01536/step) :: Entropy : 0.000 :: Grads : []
630 :: Rewards -21.274 :: steps: 1.00 :: Time: 0.015(0.01539/step) :: Entropy : 0.000 :: Grads : []
640 :: Rewards -21.622 :: steps: 1.00 :: Time: 0.016(0.01558/step) :: Entropy : 0.000 :: Grads : []
650 :: Rewards -23.264 :: steps: 1.00 :: Time: 0.016(0.01563/step) :: Entropy : 0.000 :: Grads : []
660 :: Rewards -26.241 :: steps: 1.00 :: Time: 0.016(0.01587/step) :: Entropy : 0.000 :: Grads : []
670 :: Rewards -29.740 :: steps: 1.00 :: Time: 0.016(0.01583/step) :: Entropy : 0.000 :: Grads : []
680 :: Rewards -32.704 :: steps: 1.00 :: Time: 0.016(0.01574/step) :: Entropy : 0.000 :: Grads : []
690 :: Rewards -34.095 :: steps: 1.00 :: Time: 0.016(0.01600/step) :: Entropy : 0.000 :: Grads : []
700 :: Rewards -35.754 :: steps: 1.00 :: Time: 0.016(0.01602/step) :: Entropy : 0.000 :: Grads : []
710 :: Rewards -36.683 :: steps: 1.00 :: Time: 0.017(0.01654/step) :: Entropy : 0.000 :: Grads : []
720 :: Rewards -37.867 :: steps: 1.00 :: Time: 0.017(0.01679/step) :: Entropy : 0.000 :: Grads : []
730 :: Rewards -38.657 :: steps: 1.00 :: Time: 0.016(0.01611/step) :: Entropy : 0.000 :: Grads : []
740 :: Rewards -39.301 :: steps: 1.00 :: Time: 0.016(0.01614/step) :: Entropy : 0.000 :: Grads : []
750 :: Rewards -39.833 :: steps: 1.00 :: Time: 0.016(0.01622/step) :: Entropy : 0.000 :: Grads : []
760 :: Rewards -40.600 :: steps: 1.00 :: Time: 0.016(0.01620/step) :: Entropy : 0.000 :: Grads : []
770 :: Rewards -41.195 :: steps: 1.00 :: Time: 0.017(0.01655/step) :: Entropy : 0.000 :: Grads : []
780 :: Rewards -41.510 :: steps: 1.00 :: Time: 0.017(0.01662/step) :: Entropy : 0.000 :: Grads : []
790 :: Rewards -41.907 :: steps: 1.00 :: Time: 0.017(0.01684/step) :: Entropy : 0.000 :: Grads : []
800 :: Rewards -42.026 :: steps: 1.00 :: Time: 0.017(0.01676/step) :: Entropy : 0.000 :: Grads : []
810 :: Rewards -42.068 :: steps: 1.00 :: Time: 0.017(0.01698/step) :: Entropy : 0.000 :: Grads : []
820 :: Rewards -42.172 :: steps: 1.00 :: Time: 0.017(0.01709/step) :: Entropy : 0.000 :: Grads : []
830 :: Rewards -42.260 :: steps: 1.00 :: Time: 0.017(0.01724/step) :: Entropy : 0.000 :: Grads : []
840 :: Rewards -42.343 :: steps: 1.00 :: Time: 0.015(0.01476/step) :: Entropy : 0.000 :: Grads : []
850 :: Rewards -42.850 :: steps: 1.00 :: Time: 0.015(0.01455/step) :: Entropy : 0.000 :: Grads : []
860 :: Rewards -43.850 :: steps: 1.00 :: Time: 0.014(0.01394/step) :: Entropy : 0.000 :: Grads : []
870 :: Rewards -45.304 :: steps: 1.00 :: Time: 0.015(0.01473/step) :: Entropy : 0.000 :: Grads : []
880 :: Rewards -47.209 :: steps: 1.00 :: Time: 0.014(0.01419/step) :: Entropy : 0.000 :: Grads : []
890 :: Rewards -49.225 :: steps: 1.00 :: Time: 0.015(0.01463/step) :: Entropy : 0.000 :: Grads : []
900 :: Rewards -51.721 :: steps: 1.00 :: Time: 0.014(0.01414/step) :: Entropy : 0.000 :: Grads : []
910 :: Rewards -53.980 :: steps: 1.00 :: Time: 0.014(0.01409/step) :: Entropy : 0.000 :: Grads : []
920 :: Rewards -58.129 :: steps: 1.00 :: Time: 0.014(0.01418/step) :: Entropy : 0.000 :: Grads : []
930 :: Rewards -60.044 :: steps: 1.00 :: Time: 0.016(0.01569/step) :: Entropy : 0.000 :: Grads : []
940 :: Rewards -60.383 :: steps: 1.00 :: Time: 0.015(0.01529/step) :: Entropy : 0.000 :: Grads : []
950 :: Rewards -62.029 :: steps: 1.00 :: Time: 0.015(0.01503/step) :: Entropy : 0.000 :: Grads : []
960 :: Rewards -62.029 :: steps: 1.00 :: Time: 0.015(0.01508/step) :: Entropy : 0.000 :: Grads : []
970 :: Rewards -62.029 :: steps: 1.00 :: Time: 0.016(0.01553/step) :: Entropy : 0.000 :: Grads : []
980 :: Rewards -62.029 :: steps: 1.00 :: Time: 0.015(0.01542/step) :: Entropy : 0.000 :: Grads : []
990 :: Rewards -62.029 :: steps: 1.00 :: Time: 0.016(0.01556/step) :: Entropy : 0.000 :: Grads : []
999 :: Rewards -62.029 :: steps: 0.90 :: Time: 0.014(0.01563/step) :: Entropy : 0.000 :: Grads : []
Total time taken: 13.582574129104614
