Module path:  Environments.NS_Reco NS_Reco
Dynamically loaded from:  <class 'Environments.NS_Reco.NS_Reco'>
Reward Amplitudes: [4.17022005e-01 7.20324493e-01 1.14374817e-04 3.02332573e-01
 1.46755891e-01] :: Avg 0.317309867282206 
Module path:  Src.Algorithms.ProOLS ProOLS
Dynamically loaded from:  <class 'Src.Algorithms.ProOLS.ProOLS'>
=====Configurations=====
 Namespace(NN_basis_dim='32', Policy_basis_dim='32', actor_lr=0.006330904637554062, algo_name='ProOLS', base=0, batch_size=1000, buffer_size=1000, debug=False, delta=1, entropy_lambda=0.05062512794041892, env_name='NS_Reco', experiment='NS_4r_', extrapolator_basis='Fourier', folder_suffix='Default', fourier_coupled=True, fourier_k=5, fourier_order=3, gamma=0.99, gauss_std=1.5, gpu=0, hyper='default', importance_clip=5.0, inc=1, log_output='term_file', max_episodes=1000, max_inner=20, max_steps=500, optim='rmsprop', oracle=-1, raw_basis=True, restore=False, save_count=100, save_model=True, seed=22, speed=4, state_lr=0.001, summary=True, swarm=False, timestamp='5|25|9:57:53')
Actions space: 5 :: State space: 1
State Low: tensor([0.]) :: State High: tensor([1.])
State features:  [('dummy_param', torch.Size([1]))]
Policy:  [('fc1.weight', torch.Size([5, 1])), ('fc1.bias', torch.Size([5]))]
0 :: Rewards -0.016 :: steps: 0.10 :: Time: 0.000(0.00076/step) :: Entropy : 0.000 :: Grads : []
10 :: Rewards -0.324 :: steps: 1.00 :: Time: 0.007(0.00684/step) :: Entropy : 0.000 :: Grads : []
20 :: Rewards -1.329 :: steps: 1.00 :: Time: 0.018(0.01767/step) :: Entropy : 0.000 :: Grads : []
30 :: Rewards -1.653 :: steps: 1.00 :: Time: 0.011(0.01118/step) :: Entropy : 0.000 :: Grads : []
40 :: Rewards -2.501 :: steps: 1.00 :: Time: 0.010(0.01005/step) :: Entropy : 0.000 :: Grads : []
50 :: Rewards -4.047 :: steps: 1.00 :: Time: 0.011(0.01060/step) :: Entropy : 0.000 :: Grads : []
60 :: Rewards -5.954 :: steps: 1.00 :: Time: 0.011(0.01058/step) :: Entropy : 0.000 :: Grads : []
70 :: Rewards -6.321 :: steps: 1.00 :: Time: 0.011(0.01085/step) :: Entropy : 0.000 :: Grads : []
80 :: Rewards -6.321 :: steps: 1.00 :: Time: 0.010(0.00969/step) :: Entropy : 0.000 :: Grads : []
90 :: Rewards -6.321 :: steps: 1.00 :: Time: 0.011(0.01120/step) :: Entropy : 0.000 :: Grads : []
100 :: Rewards -6.321 :: steps: 1.00 :: Time: 0.011(0.01111/step) :: Entropy : 0.000 :: Grads : []
110 :: Rewards -6.321 :: steps: 1.00 :: Time: 0.011(0.01091/step) :: Entropy : 0.000 :: Grads : []
120 :: Rewards -6.321 :: steps: 1.00 :: Time: 0.010(0.00990/step) :: Entropy : 0.000 :: Grads : []
130 :: Rewards -6.321 :: steps: 1.00 :: Time: 0.010(0.01030/step) :: Entropy : 0.000 :: Grads : []
140 :: Rewards -6.321 :: steps: 1.00 :: Time: 0.011(0.01122/step) :: Entropy : 0.000 :: Grads : []
150 :: Rewards -6.321 :: steps: 1.00 :: Time: 0.012(0.01196/step) :: Entropy : 0.000 :: Grads : []
160 :: Rewards -6.321 :: steps: 1.00 :: Time: 0.011(0.01081/step) :: Entropy : 0.000 :: Grads : []
170 :: Rewards -6.321 :: steps: 1.00 :: Time: 0.011(0.01143/step) :: Entropy : 0.000 :: Grads : []
180 :: Rewards -6.321 :: steps: 1.00 :: Time: 0.012(0.01211/step) :: Entropy : 0.000 :: Grads : []
190 :: Rewards -6.716 :: steps: 1.00 :: Time: 0.012(0.01176/step) :: Entropy : 0.000 :: Grads : []
200 :: Rewards -7.740 :: steps: 1.00 :: Time: 0.011(0.01055/step) :: Entropy : 0.000 :: Grads : []
210 :: Rewards -9.561 :: steps: 1.00 :: Time: 0.012(0.01161/step) :: Entropy : 0.000 :: Grads : []
220 :: Rewards -10.903 :: steps: 1.00 :: Time: 0.012(0.01237/step) :: Entropy : 0.000 :: Grads : []
230 :: Rewards -11.523 :: steps: 1.00 :: Time: 0.012(0.01203/step) :: Entropy : 0.000 :: Grads : []
240 :: Rewards -11.933 :: steps: 1.00 :: Time: 0.011(0.01070/step) :: Entropy : 0.000 :: Grads : []
250 :: Rewards -12.228 :: steps: 1.00 :: Time: 0.011(0.01058/step) :: Entropy : 0.000 :: Grads : []
260 :: Rewards -12.321 :: steps: 1.00 :: Time: 0.013(0.01291/step) :: Entropy : 0.000 :: Grads : []
270 :: Rewards -12.337 :: steps: 1.00 :: Time: 0.012(0.01171/step) :: Entropy : 0.000 :: Grads : []
280 :: Rewards -12.409 :: steps: 1.00 :: Time: 0.012(0.01169/step) :: Entropy : 0.000 :: Grads : []
290 :: Rewards -12.623 :: steps: 1.00 :: Time: 0.011(0.01122/step) :: Entropy : 0.000 :: Grads : []
300 :: Rewards -13.663 :: steps: 1.00 :: Time: 0.012(0.01246/step) :: Entropy : 0.000 :: Grads : []
310 :: Rewards -13.748 :: steps: 1.00 :: Time: 0.014(0.01385/step) :: Entropy : 0.000 :: Grads : []
320 :: Rewards -13.877 :: steps: 1.00 :: Time: 0.012(0.01238/step) :: Entropy : 0.000 :: Grads : []
330 :: Rewards -14.467 :: steps: 1.00 :: Time: 0.012(0.01233/step) :: Entropy : 0.000 :: Grads : []
340 :: Rewards -15.693 :: steps: 1.00 :: Time: 0.012(0.01202/step) :: Entropy : 0.000 :: Grads : []
350 :: Rewards -15.750 :: steps: 1.00 :: Time: 0.012(0.01211/step) :: Entropy : 0.000 :: Grads : []
360 :: Rewards -16.052 :: steps: 1.00 :: Time: 0.012(0.01223/step) :: Entropy : 0.000 :: Grads : []
370 :: Rewards -16.300 :: steps: 1.00 :: Time: 0.013(0.01275/step) :: Entropy : 0.000 :: Grads : []
380 :: Rewards -16.901 :: steps: 1.00 :: Time: 0.013(0.01323/step) :: Entropy : 0.000 :: Grads : []
390 :: Rewards -16.967 :: steps: 1.00 :: Time: 0.014(0.01442/step) :: Entropy : 0.000 :: Grads : []
400 :: Rewards -17.028 :: steps: 1.00 :: Time: 0.013(0.01302/step) :: Entropy : 0.000 :: Grads : []
410 :: Rewards -17.145 :: steps: 1.00 :: Time: 0.013(0.01324/step) :: Entropy : 0.000 :: Grads : []
420 :: Rewards -19.101 :: steps: 1.00 :: Time: 0.015(0.01519/step) :: Entropy : 0.000 :: Grads : []
430 :: Rewards -19.647 :: steps: 1.00 :: Time: 0.014(0.01447/step) :: Entropy : 0.000 :: Grads : []
440 :: Rewards -20.599 :: steps: 1.00 :: Time: 0.015(0.01473/step) :: Entropy : 0.000 :: Grads : []
450 :: Rewards -22.172 :: steps: 1.00 :: Time: 0.016(0.01584/step) :: Entropy : 0.000 :: Grads : []
460 :: Rewards -23.580 :: steps: 1.00 :: Time: 0.015(0.01453/step) :: Entropy : 0.000 :: Grads : []
470 :: Rewards -24.804 :: steps: 1.00 :: Time: 0.014(0.01372/step) :: Entropy : 0.000 :: Grads : []
480 :: Rewards -26.250 :: steps: 1.00 :: Time: 0.014(0.01394/step) :: Entropy : 0.000 :: Grads : []
490 :: Rewards -27.736 :: steps: 1.00 :: Time: 0.014(0.01399/step) :: Entropy : 0.000 :: Grads : []
500 :: Rewards -27.736 :: steps: 1.00 :: Time: 0.015(0.01462/step) :: Entropy : 0.000 :: Grads : []
510 :: Rewards -27.736 :: steps: 1.00 :: Time: 0.015(0.01543/step) :: Entropy : 0.000 :: Grads : []
520 :: Rewards -27.736 :: steps: 1.00 :: Time: 0.017(0.01699/step) :: Entropy : 0.000 :: Grads : []
530 :: Rewards -27.736 :: steps: 1.00 :: Time: 0.014(0.01443/step) :: Entropy : 0.000 :: Grads : []
540 :: Rewards -27.736 :: steps: 1.00 :: Time: 0.014(0.01434/step) :: Entropy : 0.000 :: Grads : []
550 :: Rewards -27.736 :: steps: 1.00 :: Time: 0.014(0.01448/step) :: Entropy : 0.000 :: Grads : []
560 :: Rewards -27.736 :: steps: 1.00 :: Time: 0.015(0.01520/step) :: Entropy : 0.000 :: Grads : []
570 :: Rewards -27.736 :: steps: 1.00 :: Time: 0.015(0.01467/step) :: Entropy : 0.000 :: Grads : []
580 :: Rewards -27.736 :: steps: 1.00 :: Time: 0.015(0.01506/step) :: Entropy : 0.000 :: Grads : []
590 :: Rewards -27.736 :: steps: 1.00 :: Time: 0.017(0.01739/step) :: Entropy : 0.000 :: Grads : []
600 :: Rewards -27.736 :: steps: 1.00 :: Time: 0.015(0.01539/step) :: Entropy : 0.000 :: Grads : []
610 :: Rewards -27.736 :: steps: 1.00 :: Time: 0.015(0.01487/step) :: Entropy : 0.000 :: Grads : []
620 :: Rewards -27.736 :: steps: 1.00 :: Time: 0.015(0.01481/step) :: Entropy : 0.000 :: Grads : []
630 :: Rewards -27.736 :: steps: 1.00 :: Time: 0.015(0.01545/step) :: Entropy : 0.000 :: Grads : []
640 :: Rewards -28.077 :: steps: 1.00 :: Time: 0.015(0.01505/step) :: Entropy : 0.000 :: Grads : []
650 :: Rewards -29.645 :: steps: 1.00 :: Time: 0.015(0.01521/step) :: Entropy : 0.000 :: Grads : []
660 :: Rewards -32.572 :: steps: 1.00 :: Time: 0.015(0.01525/step) :: Entropy : 0.000 :: Grads : []
670 :: Rewards -36.695 :: steps: 1.00 :: Time: 0.015(0.01520/step) :: Entropy : 0.000 :: Grads : []
680 :: Rewards -39.686 :: steps: 1.00 :: Time: 0.015(0.01535/step) :: Entropy : 0.000 :: Grads : []
690 :: Rewards -40.317 :: steps: 1.00 :: Time: 0.015(0.01547/step) :: Entropy : 0.000 :: Grads : []
700 :: Rewards -40.666 :: steps: 1.00 :: Time: 0.016(0.01575/step) :: Entropy : 0.000 :: Grads : []
710 :: Rewards -41.481 :: steps: 1.00 :: Time: 0.018(0.01797/step) :: Entropy : 0.000 :: Grads : []
720 :: Rewards -41.585 :: steps: 1.00 :: Time: 0.016(0.01586/step) :: Entropy : 0.000 :: Grads : []
730 :: Rewards -42.942 :: steps: 1.00 :: Time: 0.016(0.01604/step) :: Entropy : 0.000 :: Grads : []
740 :: Rewards -43.288 :: steps: 1.00 :: Time: 0.020(0.02006/step) :: Entropy : 0.000 :: Grads : []
750 :: Rewards -43.384 :: steps: 1.00 :: Time: 0.019(0.01932/step) :: Entropy : 0.000 :: Grads : []
760 :: Rewards -43.569 :: steps: 1.00 :: Time: 0.016(0.01588/step) :: Entropy : 0.000 :: Grads : []
770 :: Rewards -44.128 :: steps: 1.00 :: Time: 0.016(0.01593/step) :: Entropy : 0.000 :: Grads : []
780 :: Rewards -44.680 :: steps: 1.00 :: Time: 0.016(0.01647/step) :: Entropy : 0.000 :: Grads : []
790 :: Rewards -45.114 :: steps: 1.00 :: Time: 0.016(0.01639/step) :: Entropy : 0.000 :: Grads : []
800 :: Rewards -45.417 :: steps: 1.00 :: Time: 0.017(0.01659/step) :: Entropy : 0.000 :: Grads : []
810 :: Rewards -45.696 :: steps: 1.00 :: Time: 0.020(0.02015/step) :: Entropy : 0.000 :: Grads : []
820 :: Rewards -45.863 :: steps: 1.00 :: Time: 0.017(0.01687/step) :: Entropy : 0.000 :: Grads : []
830 :: Rewards -45.954 :: steps: 1.00 :: Time: 0.017(0.01674/step) :: Entropy : 0.000 :: Grads : []
840 :: Rewards -46.174 :: steps: 1.00 :: Time: 0.017(0.01708/step) :: Entropy : 0.000 :: Grads : []
850 :: Rewards -46.647 :: steps: 1.00 :: Time: 0.021(0.02076/step) :: Entropy : 0.000 :: Grads : []
860 :: Rewards -47.602 :: steps: 1.00 :: Time: 0.020(0.02037/step) :: Entropy : 0.000 :: Grads : []
870 :: Rewards -48.919 :: steps: 1.00 :: Time: 0.021(0.02087/step) :: Entropy : 0.000 :: Grads : []
880 :: Rewards -50.686 :: steps: 1.00 :: Time: 0.021(0.02127/step) :: Entropy : 0.000 :: Grads : []
890 :: Rewards -52.919 :: steps: 1.00 :: Time: 0.022(0.02232/step) :: Entropy : 0.000 :: Grads : []
900 :: Rewards -55.806 :: steps: 1.00 :: Time: 0.022(0.02159/step) :: Entropy : 0.000 :: Grads : []
910 :: Rewards -58.516 :: steps: 1.00 :: Time: 0.021(0.02128/step) :: Entropy : 0.000 :: Grads : []
920 :: Rewards -61.836 :: steps: 1.00 :: Time: 0.020(0.01985/step) :: Entropy : 0.000 :: Grads : []
930 :: Rewards -65.941 :: steps: 1.00 :: Time: 0.021(0.02053/step) :: Entropy : 0.000 :: Grads : []
940 :: Rewards -69.028 :: steps: 1.00 :: Time: 0.021(0.02145/step) :: Entropy : 0.000 :: Grads : []
950 :: Rewards -71.462 :: steps: 1.00 :: Time: 0.021(0.02119/step) :: Entropy : 0.000 :: Grads : []
960 :: Rewards -71.462 :: steps: 1.00 :: Time: 0.020(0.01957/step) :: Entropy : 0.000 :: Grads : []
970 :: Rewards -71.462 :: steps: 1.00 :: Time: 0.021(0.02125/step) :: Entropy : 0.000 :: Grads : []
980 :: Rewards -71.462 :: steps: 1.00 :: Time: 0.019(0.01899/step) :: Entropy : 0.000 :: Grads : []
990 :: Rewards -71.462 :: steps: 1.00 :: Time: 0.018(0.01756/step) :: Entropy : 0.000 :: Grads : []
999 :: Rewards -71.462 :: steps: 0.90 :: Time: 0.016(0.01764/step) :: Entropy : 0.000 :: Grads : []
Total time taken: 14.901887893676758
