Module path:  Environments.NS_Reco NS_Reco
Dynamically loaded from:  <class 'Environments.NS_Reco.NS_Reco'>
Reward Amplitudes: [4.17022005e-01 7.20324493e-01 1.14374817e-04 3.02332573e-01
 1.46755891e-01] :: Avg 0.317309867282206 
Module path:  Src.Algorithms.ProWLS ProWLS
Dynamically loaded from:  <class 'Src.Algorithms.ProWLS.ProWLS'>
=====Configurations=====
 Namespace(NN_basis_dim='32', Policy_basis_dim='32', actor_lr=0.0017966647558361548, algo_name='ProWLS', base=0, batch_size=1000, buffer_size=1000, debug=False, delta=1, entropy_lambda=0.006997441955638448, env_name='NS_Reco', experiment='NS_1_', extrapolator_basis='Fourier', folder_suffix='Default', fourier_coupled=True, fourier_k=3, fourier_order=3, gamma=0.99, gauss_std=1.5, gpu=0, hyper='default', importance_clip=10.0, inc=1, log_output='term_file', max_episodes=1000, max_inner=30, max_steps=500, optim='rmsprop', oracle=-1, raw_basis=True, restore=False, save_count=100, save_model=True, seed=8, speed=1, state_lr=0.001, summary=True, swarm=False, timestamp='5|24|21:32:2')
Actions space: 5 :: State space: 1
State Low: tensor([0.]) :: State High: tensor([1.])
State features:  [('dummy_param', torch.Size([1]))]
Policy:  [('fc1.weight', torch.Size([5, 1])), ('fc1.bias', torch.Size([5]))]
0 :: Rewards 0.002 :: steps: 0.10 :: Time: 0.000(0.00060/step) :: Entropy : 0.000 :: Grads : []
10 :: Rewards 0.057 :: steps: 1.00 :: Time: 0.014(0.01351/step) :: Entropy : 0.000 :: Grads : []
20 :: Rewards 0.253 :: steps: 1.00 :: Time: 0.017(0.01666/step) :: Entropy : 0.000 :: Grads : []
30 :: Rewards 0.779 :: steps: 1.00 :: Time: 0.017(0.01704/step) :: Entropy : 0.000 :: Grads : []
40 :: Rewards 1.396 :: steps: 1.00 :: Time: 0.017(0.01657/step) :: Entropy : 0.000 :: Grads : []
50 :: Rewards 2.488 :: steps: 1.00 :: Time: 0.017(0.01676/step) :: Entropy : 0.000 :: Grads : []
60 :: Rewards 3.863 :: steps: 1.00 :: Time: 0.017(0.01690/step) :: Entropy : 0.000 :: Grads : []
70 :: Rewards 5.213 :: steps: 1.00 :: Time: 0.017(0.01720/step) :: Entropy : 0.000 :: Grads : []
80 :: Rewards 7.049 :: steps: 1.00 :: Time: 0.017(0.01739/step) :: Entropy : 0.000 :: Grads : []
90 :: Rewards 9.047 :: steps: 1.00 :: Time: 0.018(0.01761/step) :: Entropy : 0.000 :: Grads : []
100 :: Rewards 11.131 :: steps: 1.00 :: Time: 0.018(0.01793/step) :: Entropy : 0.000 :: Grads : []
110 :: Rewards 13.579 :: steps: 1.00 :: Time: 0.018(0.01815/step) :: Entropy : 0.000 :: Grads : []
120 :: Rewards 16.481 :: steps: 1.00 :: Time: 0.018(0.01846/step) :: Entropy : 0.000 :: Grads : []
130 :: Rewards 19.062 :: steps: 1.00 :: Time: 0.019(0.01885/step) :: Entropy : 0.000 :: Grads : []
140 :: Rewards 22.397 :: steps: 1.00 :: Time: 0.019(0.01911/step) :: Entropy : 0.000 :: Grads : []
150 :: Rewards 25.933 :: steps: 1.00 :: Time: 0.020(0.01954/step) :: Entropy : 0.000 :: Grads : []
160 :: Rewards 29.727 :: steps: 1.00 :: Time: 0.020(0.01976/step) :: Entropy : 0.000 :: Grads : []
170 :: Rewards 33.729 :: steps: 1.00 :: Time: 0.020(0.02025/step) :: Entropy : 0.000 :: Grads : []
180 :: Rewards 37.967 :: steps: 1.00 :: Time: 0.021(0.02059/step) :: Entropy : 0.000 :: Grads : []
190 :: Rewards 42.179 :: steps: 1.00 :: Time: 0.022(0.02171/step) :: Entropy : 0.000 :: Grads : []
200 :: Rewards 45.340 :: steps: 1.00 :: Time: 0.022(0.02201/step) :: Entropy : 0.000 :: Grads : []
210 :: Rewards 50.151 :: steps: 1.00 :: Time: 0.023(0.02263/step) :: Entropy : 0.000 :: Grads : []
220 :: Rewards 54.668 :: steps: 1.00 :: Time: 0.023(0.02303/step) :: Entropy : 0.000 :: Grads : []
230 :: Rewards 59.882 :: steps: 1.00 :: Time: 0.024(0.02357/step) :: Entropy : 0.000 :: Grads : []
240 :: Rewards 64.747 :: steps: 1.00 :: Time: 0.024(0.02404/step) :: Entropy : 0.000 :: Grads : []
250 :: Rewards 69.929 :: steps: 1.00 :: Time: 0.025(0.02454/step) :: Entropy : 0.000 :: Grads : []
260 :: Rewards 75.603 :: steps: 1.00 :: Time: 0.025(0.02509/step) :: Entropy : 0.000 :: Grads : []
270 :: Rewards 80.569 :: steps: 1.00 :: Time: 0.026(0.02557/step) :: Entropy : 0.000 :: Grads : []
280 :: Rewards 86.576 :: steps: 1.00 :: Time: 0.026(0.02583/step) :: Entropy : 0.000 :: Grads : []
290 :: Rewards 92.392 :: steps: 1.00 :: Time: 0.026(0.02624/step) :: Entropy : 0.000 :: Grads : []
300 :: Rewards 98.689 :: steps: 1.00 :: Time: 0.026(0.02643/step) :: Entropy : 0.000 :: Grads : []
310 :: Rewards 105.087 :: steps: 1.00 :: Time: 0.027(0.02691/step) :: Entropy : 0.000 :: Grads : []
320 :: Rewards 110.924 :: steps: 1.00 :: Time: 0.027(0.02749/step) :: Entropy : 0.000 :: Grads : []
330 :: Rewards 117.121 :: steps: 1.00 :: Time: 0.028(0.02801/step) :: Entropy : 0.000 :: Grads : []
340 :: Rewards 123.512 :: steps: 1.00 :: Time: 0.028(0.02826/step) :: Entropy : 0.000 :: Grads : []
350 :: Rewards 130.289 :: steps: 1.00 :: Time: 0.029(0.02878/step) :: Entropy : 0.000 :: Grads : []
360 :: Rewards 137.177 :: steps: 1.00 :: Time: 0.029(0.02921/step) :: Entropy : 0.000 :: Grads : []
370 :: Rewards 144.113 :: steps: 1.00 :: Time: 0.030(0.02999/step) :: Entropy : 0.000 :: Grads : []
380 :: Rewards 149.922 :: steps: 1.00 :: Time: 0.030(0.03048/step) :: Entropy : 0.000 :: Grads : []
390 :: Rewards 156.966 :: steps: 1.00 :: Time: 0.032(0.03181/step) :: Entropy : 0.000 :: Grads : []
400 :: Rewards 164.128 :: steps: 1.00 :: Time: 0.032(0.03244/step) :: Entropy : 0.000 :: Grads : []
410 :: Rewards 170.581 :: steps: 1.00 :: Time: 0.032(0.03229/step) :: Entropy : 0.000 :: Grads : []
420 :: Rewards 177.719 :: steps: 1.00 :: Time: 0.033(0.03312/step) :: Entropy : 0.000 :: Grads : []
430 :: Rewards 184.904 :: steps: 1.00 :: Time: 0.034(0.03361/step) :: Entropy : 0.000 :: Grads : []
440 :: Rewards 192.098 :: steps: 1.00 :: Time: 0.034(0.03399/step) :: Entropy : 0.000 :: Grads : []
450 :: Rewards 199.329 :: steps: 1.00 :: Time: 0.035(0.03473/step) :: Entropy : 0.000 :: Grads : []
460 :: Rewards 206.548 :: steps: 1.00 :: Time: 0.035(0.03515/step) :: Entropy : 0.000 :: Grads : []
470 :: Rewards 213.708 :: steps: 1.00 :: Time: 0.036(0.03586/step) :: Entropy : 0.000 :: Grads : []
480 :: Rewards 220.400 :: steps: 1.00 :: Time: 0.036(0.03641/step) :: Entropy : 0.000 :: Grads : []
490 :: Rewards 226.818 :: steps: 1.00 :: Time: 0.037(0.03705/step) :: Entropy : 0.000 :: Grads : []
500 :: Rewards 233.890 :: steps: 1.00 :: Time: 0.037(0.03731/step) :: Entropy : 0.000 :: Grads : []
510 :: Rewards 240.915 :: steps: 1.00 :: Time: 0.038(0.03811/step) :: Entropy : 0.000 :: Grads : []
520 :: Rewards 246.895 :: steps: 1.00 :: Time: 0.039(0.03864/step) :: Entropy : 0.000 :: Grads : []
530 :: Rewards 253.764 :: steps: 1.00 :: Time: 0.039(0.03912/step) :: Entropy : 0.000 :: Grads : []
540 :: Rewards 260.563 :: steps: 1.00 :: Time: 0.040(0.03965/step) :: Entropy : 0.000 :: Grads : []
550 :: Rewards 266.514 :: steps: 1.00 :: Time: 0.041(0.04060/step) :: Entropy : 0.000 :: Grads : []
560 :: Rewards 272.659 :: steps: 1.00 :: Time: 0.041(0.04119/step) :: Entropy : 0.000 :: Grads : []
570 :: Rewards 279.139 :: steps: 1.00 :: Time: 0.042(0.04220/step) :: Entropy : 0.000 :: Grads : []
580 :: Rewards 284.835 :: steps: 1.00 :: Time: 0.043(0.04348/step) :: Entropy : 0.000 :: Grads : []
590 :: Rewards 290.761 :: steps: 1.00 :: Time: 0.044(0.04407/step) :: Entropy : 0.000 :: Grads : []
600 :: Rewards 296.856 :: steps: 1.00 :: Time: 0.044(0.04439/step) :: Entropy : 0.000 :: Grads : []
610 :: Rewards 302.805 :: steps: 1.00 :: Time: 0.045(0.04501/step) :: Entropy : 0.000 :: Grads : []
620 :: Rewards 308.608 :: steps: 1.00 :: Time: 0.046(0.04574/step) :: Entropy : 0.000 :: Grads : []
630 :: Rewards 314.278 :: steps: 1.00 :: Time: 0.047(0.04652/step) :: Entropy : 0.000 :: Grads : []
640 :: Rewards 319.755 :: steps: 1.00 :: Time: 0.048(0.04760/step) :: Entropy : 0.000 :: Grads : []
650 :: Rewards 325.103 :: steps: 1.00 :: Time: 0.048(0.04813/step) :: Entropy : 0.000 :: Grads : []
660 :: Rewards 329.843 :: steps: 1.00 :: Time: 0.049(0.04872/step) :: Entropy : 0.000 :: Grads : []
670 :: Rewards 334.855 :: steps: 1.00 :: Time: 0.050(0.05032/step) :: Entropy : 0.000 :: Grads : []
680 :: Rewards 339.636 :: steps: 1.00 :: Time: 0.052(0.05163/step) :: Entropy : 0.000 :: Grads : []
690 :: Rewards 344.227 :: steps: 1.00 :: Time: 0.053(0.05288/step) :: Entropy : 0.000 :: Grads : []
700 :: Rewards 348.585 :: steps: 1.00 :: Time: 0.054(0.05372/step) :: Entropy : 0.000 :: Grads : []
710 :: Rewards 352.732 :: steps: 1.00 :: Time: 0.056(0.05563/step) :: Entropy : 0.000 :: Grads : []
720 :: Rewards 356.701 :: steps: 1.00 :: Time: 0.057(0.05652/step) :: Entropy : 0.000 :: Grads : []
730 :: Rewards 360.439 :: steps: 1.00 :: Time: 0.058(0.05776/step) :: Entropy : 0.000 :: Grads : []
740 :: Rewards 364.056 :: steps: 1.00 :: Time: 0.058(0.05838/step) :: Entropy : 0.000 :: Grads : []
750 :: Rewards 367.440 :: steps: 1.00 :: Time: 0.060(0.05967/step) :: Entropy : 0.000 :: Grads : []
760 :: Rewards 370.568 :: steps: 1.00 :: Time: 0.061(0.06087/step) :: Entropy : 0.000 :: Grads : []
770 :: Rewards 373.494 :: steps: 1.00 :: Time: 0.063(0.06297/step) :: Entropy : 0.000 :: Grads : []
780 :: Rewards 376.208 :: steps: 1.00 :: Time: 0.065(0.06455/step) :: Entropy : 0.000 :: Grads : []
790 :: Rewards 379.040 :: steps: 1.00 :: Time: 0.065(0.06528/step) :: Entropy : 0.000 :: Grads : []
800 :: Rewards 382.359 :: steps: 1.00 :: Time: 0.066(0.06634/step) :: Entropy : 0.000 :: Grads : []
810 :: Rewards 385.671 :: steps: 1.00 :: Time: 0.067(0.06719/step) :: Entropy : 0.000 :: Grads : []
820 :: Rewards 388.861 :: steps: 1.00 :: Time: 0.069(0.06922/step) :: Entropy : 0.000 :: Grads : []
830 :: Rewards 391.870 :: steps: 1.00 :: Time: 0.071(0.07110/step) :: Entropy : 0.000 :: Grads : []
840 :: Rewards 394.999 :: steps: 1.00 :: Time: 0.072(0.07183/step) :: Entropy : 0.000 :: Grads : []
850 :: Rewards 397.798 :: steps: 1.00 :: Time: 0.074(0.07404/step) :: Entropy : 0.000 :: Grads : []
860 :: Rewards 400.781 :: steps: 1.00 :: Time: 0.076(0.07601/step) :: Entropy : 0.000 :: Grads : []
870 :: Rewards 403.529 :: steps: 1.00 :: Time: 0.077(0.07656/step) :: Entropy : 0.000 :: Grads : []
880 :: Rewards 406.265 :: steps: 1.00 :: Time: 0.078(0.07850/step) :: Entropy : 0.000 :: Grads : []
890 :: Rewards 408.946 :: steps: 1.00 :: Time: 0.081(0.08104/step) :: Entropy : 0.000 :: Grads : []
900 :: Rewards 411.482 :: steps: 1.00 :: Time: 0.084(0.08426/step) :: Entropy : 0.000 :: Grads : []
910 :: Rewards 414.051 :: steps: 1.00 :: Time: 0.086(0.08558/step) :: Entropy : 0.000 :: Grads : []
920 :: Rewards 416.463 :: steps: 1.00 :: Time: 0.086(0.08649/step) :: Entropy : 0.000 :: Grads : []
930 :: Rewards 418.814 :: steps: 1.00 :: Time: 0.089(0.08855/step) :: Entropy : 0.000 :: Grads : []
940 :: Rewards 421.080 :: steps: 1.00 :: Time: 0.091(0.09064/step) :: Entropy : 0.000 :: Grads : []
950 :: Rewards 423.186 :: steps: 1.00 :: Time: 0.093(0.09271/step) :: Entropy : 0.000 :: Grads : []
960 :: Rewards 425.035 :: steps: 1.00 :: Time: 0.094(0.09412/step) :: Entropy : 0.000 :: Grads : []
970 :: Rewards 427.009 :: steps: 1.00 :: Time: 0.098(0.09842/step) :: Entropy : 0.000 :: Grads : []
980 :: Rewards 428.879 :: steps: 1.00 :: Time: 0.097(0.09729/step) :: Entropy : 0.000 :: Grads : []
990 :: Rewards 430.602 :: steps: 1.00 :: Time: 0.097(0.09735/step) :: Entropy : 0.000 :: Grads : []
999 :: Rewards 432.116 :: steps: 0.90 :: Time: 0.089(0.09940/step) :: Entropy : 0.000 :: Grads : []
Total time taken: 44.43874001502991
