Module path:  Src.Algorithms.ProOLS ProOLS
Dynamically loaded from:  <class 'Src.Algorithms.ProOLS.ProOLS'>
=====Configurations=====
 Namespace(NN_basis_dim='32', Policy_basis_dim='32', actor_lr=0.007232964846409767, algo_name='ProOLS', base=0, batch_size=1000, buffer_size=1000, debug=False, delta=1, entropy_lambda=0.1, env_name='NS_SimGlucose-v0', experiment='NS_0_', extrapolator_basis='Fourier', folder_suffix='Default', fourier_coupled=True, fourier_k=2, fourier_order=3, gamma=0.99, gauss_std=1.85938, gpu=0, hyper='default', importance_clip=5.0, inc=1, log_output='term_file', max_episodes=1000, max_inner=20, max_steps=500, optim='rmsprop', oracle=-1, raw_basis=True, restore=False, save_count=100, save_model=True, seed=0, speed=0, state_lr=0.001, summary=True, swarm=False, timestamp='5|26|17:17:20')
Actions space: 2 :: State space: 1
State Low: tensor([0.]) :: State High: tensor([1.])
State features:  [('dummy_param', torch.Size([1]))]
Action Low: [3. 5.] :: Action High: [30. 50.]
Policy:  [('fc_mean.weight', torch.Size([2, 1])), ('fc_mean.bias', torch.Size([2]))]
0 :: Rewards -8.972 :: steps: 0.10 :: Time: 0.280(2.79633/step) :: Entropy : 0.000 :: Grads : []
10 :: Rewards 19.270 :: steps: 1.00 :: Time: 2.691(2.69077/step) :: Entropy : 0.000 :: Grads : []
20 :: Rewards 68.564 :: steps: 1.00 :: Time: 2.679(2.67857/step) :: Entropy : 0.000 :: Grads : []
30 :: Rewards 151.033 :: steps: 1.00 :: Time: 2.671(2.67136/step) :: Entropy : 0.000 :: Grads : []
40 :: Rewards 263.704 :: steps: 1.00 :: Time: 2.689(2.68920/step) :: Entropy : 0.000 :: Grads : []
50 :: Rewards 357.464 :: steps: 1.00 :: Time: 2.745(2.74491/step) :: Entropy : 0.000 :: Grads : []
60 :: Rewards 447.460 :: steps: 1.00 :: Time: 2.765(2.76460/step) :: Entropy : 0.000 :: Grads : []
70 :: Rewards 539.292 :: steps: 1.00 :: Time: 2.749(2.74904/step) :: Entropy : 0.000 :: Grads : []
80 :: Rewards 637.505 :: steps: 1.00 :: Time: 2.747(2.74746/step) :: Entropy : 0.000 :: Grads : []
90 :: Rewards 738.791 :: steps: 1.00 :: Time: 2.758(2.75755/step) :: Entropy : 0.000 :: Grads : []
100 :: Rewards 832.828 :: steps: 1.00 :: Time: 2.747(2.74667/step) :: Entropy : 0.000 :: Grads : []
110 :: Rewards 920.590 :: steps: 1.00 :: Time: 2.759(2.75908/step) :: Entropy : 0.000 :: Grads : []
120 :: Rewards 1016.194 :: steps: 1.00 :: Time: 2.762(2.76182/step) :: Entropy : 0.000 :: Grads : []
130 :: Rewards 1115.891 :: steps: 1.00 :: Time: 2.758(2.75819/step) :: Entropy : 0.000 :: Grads : []
140 :: Rewards 1210.687 :: steps: 1.00 :: Time: 2.759(2.75880/step) :: Entropy : 0.000 :: Grads : []
150 :: Rewards 1308.760 :: steps: 1.00 :: Time: 2.763(2.76266/step) :: Entropy : 0.000 :: Grads : []
160 :: Rewards 1411.722 :: steps: 1.00 :: Time: 2.838(2.83839/step) :: Entropy : 0.000 :: Grads : []
170 :: Rewards 1505.778 :: steps: 1.00 :: Time: 2.722(2.72161/step) :: Entropy : 0.000 :: Grads : []
180 :: Rewards 1605.603 :: steps: 1.00 :: Time: 2.723(2.72338/step) :: Entropy : 0.000 :: Grads : []
190 :: Rewards 1700.484 :: steps: 1.00 :: Time: 2.693(2.69300/step) :: Entropy : 0.000 :: Grads : []
200 :: Rewards 1801.085 :: steps: 1.00 :: Time: 2.691(2.69084/step) :: Entropy : 0.000 :: Grads : []
210 :: Rewards 1895.755 :: steps: 1.00 :: Time: 2.688(2.68783/step) :: Entropy : 0.000 :: Grads : []
220 :: Rewards 1989.747 :: steps: 1.00 :: Time: 2.699(2.69947/step) :: Entropy : 0.000 :: Grads : []
230 :: Rewards 2088.628 :: steps: 1.00 :: Time: 2.672(2.67249/step) :: Entropy : 0.000 :: Grads : []
240 :: Rewards 2189.113 :: steps: 1.00 :: Time: 2.677(2.67689/step) :: Entropy : 0.000 :: Grads : []
250 :: Rewards 2286.436 :: steps: 1.00 :: Time: 2.667(2.66656/step) :: Entropy : 0.000 :: Grads : []
260 :: Rewards 2384.512 :: steps: 1.00 :: Time: 2.726(2.72617/step) :: Entropy : 0.000 :: Grads : []
270 :: Rewards 2485.070 :: steps: 1.00 :: Time: 2.720(2.71960/step) :: Entropy : 0.000 :: Grads : []
280 :: Rewards 2582.642 :: steps: 1.00 :: Time: 2.721(2.72140/step) :: Entropy : 0.000 :: Grads : []
290 :: Rewards 2676.167 :: steps: 1.00 :: Time: 2.738(2.73841/step) :: Entropy : 0.000 :: Grads : []
300 :: Rewards 2777.423 :: steps: 1.00 :: Time: 2.735(2.73460/step) :: Entropy : 0.000 :: Grads : []
310 :: Rewards 2876.829 :: steps: 1.00 :: Time: 2.702(2.70214/step) :: Entropy : 0.000 :: Grads : []
320 :: Rewards 2966.261 :: steps: 1.00 :: Time: 2.797(2.79696/step) :: Entropy : 0.000 :: Grads : []
330 :: Rewards 3057.711 :: steps: 1.00 :: Time: 2.770(2.76953/step) :: Entropy : 0.000 :: Grads : []
340 :: Rewards 3148.368 :: steps: 1.00 :: Time: 2.732(2.73197/step) :: Entropy : 0.000 :: Grads : []
350 :: Rewards 3239.046 :: steps: 1.00 :: Time: 2.725(2.72483/step) :: Entropy : 0.000 :: Grads : []
360 :: Rewards 3330.182 :: steps: 1.00 :: Time: 2.721(2.72105/step) :: Entropy : 0.000 :: Grads : []
370 :: Rewards 3425.702 :: steps: 1.00 :: Time: 2.741(2.74060/step) :: Entropy : 0.000 :: Grads : []
380 :: Rewards 3523.332 :: steps: 1.00 :: Time: 2.718(2.71810/step) :: Entropy : 0.000 :: Grads : []
390 :: Rewards 3618.079 :: steps: 1.00 :: Time: 2.744(2.74437/step) :: Entropy : 0.000 :: Grads : []
400 :: Rewards 3718.075 :: steps: 1.00 :: Time: 2.710(2.70956/step) :: Entropy : 0.000 :: Grads : []
410 :: Rewards 3820.427 :: steps: 1.00 :: Time: 2.708(2.70797/step) :: Entropy : 0.000 :: Grads : []
420 :: Rewards 3921.240 :: steps: 1.00 :: Time: 2.700(2.70011/step) :: Entropy : 0.000 :: Grads : []
430 :: Rewards 4006.695 :: steps: 1.00 :: Time: 2.715(2.71468/step) :: Entropy : 0.000 :: Grads : []
440 :: Rewards 4113.505 :: steps: 1.00 :: Time: 2.688(2.68826/step) :: Entropy : 0.000 :: Grads : []
450 :: Rewards 4213.049 :: steps: 1.00 :: Time: 2.694(2.69408/step) :: Entropy : 0.000 :: Grads : []
460 :: Rewards 4310.494 :: steps: 1.00 :: Time: 2.708(2.70756/step) :: Entropy : 0.000 :: Grads : []
470 :: Rewards 4412.954 :: steps: 1.00 :: Time: 2.740(2.73965/step) :: Entropy : 0.000 :: Grads : []
480 :: Rewards 4505.876 :: steps: 1.00 :: Time: 2.730(2.73020/step) :: Entropy : 0.000 :: Grads : []
490 :: Rewards 4605.632 :: steps: 1.00 :: Time: 2.790(2.78998/step) :: Entropy : 0.000 :: Grads : []
500 :: Rewards 4707.111 :: steps: 1.00 :: Time: 2.738(2.73795/step) :: Entropy : 0.000 :: Grads : []
510 :: Rewards 4804.863 :: steps: 1.00 :: Time: 2.717(2.71687/step) :: Entropy : 0.000 :: Grads : []
520 :: Rewards 4905.584 :: steps: 1.00 :: Time: 2.727(2.72711/step) :: Entropy : 0.000 :: Grads : []
530 :: Rewards 5007.628 :: steps: 1.00 :: Time: 2.697(2.69733/step) :: Entropy : 0.000 :: Grads : []
540 :: Rewards 5104.794 :: steps: 1.00 :: Time: 2.701(2.70064/step) :: Entropy : 0.000 :: Grads : []
550 :: Rewards 5212.465 :: steps: 1.00 :: Time: 2.715(2.71468/step) :: Entropy : 0.000 :: Grads : []
560 :: Rewards 5320.977 :: steps: 1.00 :: Time: 2.714(2.71356/step) :: Entropy : 0.000 :: Grads : []
570 :: Rewards 5432.265 :: steps: 1.00 :: Time: 2.707(2.70740/step) :: Entropy : 0.000 :: Grads : []
580 :: Rewards 5543.460 :: steps: 1.00 :: Time: 2.710(2.70954/step) :: Entropy : 0.000 :: Grads : []
590 :: Rewards 5645.308 :: steps: 1.00 :: Time: 2.676(2.67584/step) :: Entropy : 0.000 :: Grads : []
600 :: Rewards 5756.971 :: steps: 1.00 :: Time: 2.739(2.73869/step) :: Entropy : 0.000 :: Grads : []
610 :: Rewards 5876.441 :: steps: 1.00 :: Time: 2.723(2.72336/step) :: Entropy : 0.000 :: Grads : []
620 :: Rewards 5991.495 :: steps: 1.00 :: Time: 2.724(2.72360/step) :: Entropy : 0.000 :: Grads : []
630 :: Rewards 6108.994 :: steps: 1.00 :: Time: 2.725(2.72479/step) :: Entropy : 0.000 :: Grads : []
640 :: Rewards 6198.788 :: steps: 1.00 :: Time: 2.719(2.71888/step) :: Entropy : 0.000 :: Grads : []
650 :: Rewards 6316.883 :: steps: 1.00 :: Time: 2.708(2.70827/step) :: Entropy : 0.000 :: Grads : []
660 :: Rewards 6430.815 :: steps: 1.00 :: Time: 2.691(2.69141/step) :: Entropy : 0.000 :: Grads : []
670 :: Rewards 6541.848 :: steps: 1.00 :: Time: 2.754(2.75392/step) :: Entropy : 0.000 :: Grads : []
680 :: Rewards 6661.482 :: steps: 1.00 :: Time: 2.732(2.73240/step) :: Entropy : 0.000 :: Grads : []
690 :: Rewards 6773.304 :: steps: 1.00 :: Time: 2.710(2.70965/step) :: Entropy : 0.000 :: Grads : []
700 :: Rewards 6889.258 :: steps: 1.00 :: Time: 2.755(2.75470/step) :: Entropy : 0.000 :: Grads : []
710 :: Rewards 6999.962 :: steps: 1.00 :: Time: 2.711(2.71136/step) :: Entropy : 0.000 :: Grads : []
720 :: Rewards 7114.914 :: steps: 1.00 :: Time: 2.714(2.71442/step) :: Entropy : 0.000 :: Grads : []
730 :: Rewards 7230.656 :: steps: 1.00 :: Time: 2.702(2.70156/step) :: Entropy : 0.000 :: Grads : []
740 :: Rewards 7343.721 :: steps: 1.00 :: Time: 2.695(2.69481/step) :: Entropy : 0.000 :: Grads : []
750 :: Rewards 7461.885 :: steps: 1.00 :: Time: 2.711(2.71064/step) :: Entropy : 0.000 :: Grads : []
760 :: Rewards 7573.427 :: steps: 1.00 :: Time: 2.705(2.70531/step) :: Entropy : 0.000 :: Grads : []
770 :: Rewards 7681.398 :: steps: 1.00 :: Time: 2.712(2.71151/step) :: Entropy : 0.000 :: Grads : []
780 :: Rewards 7799.306 :: steps: 1.00 :: Time: 2.708(2.70757/step) :: Entropy : 0.000 :: Grads : []
790 :: Rewards 7908.869 :: steps: 1.00 :: Time: 2.743(2.74295/step) :: Entropy : 0.000 :: Grads : []
800 :: Rewards 8020.345 :: steps: 1.00 :: Time: 2.733(2.73341/step) :: Entropy : 0.000 :: Grads : []
810 :: Rewards 8131.091 :: steps: 1.00 :: Time: 2.806(2.80606/step) :: Entropy : 0.000 :: Grads : []
820 :: Rewards 8260.519 :: steps: 1.00 :: Time: 2.754(2.75398/step) :: Entropy : 0.000 :: Grads : []
830 :: Rewards 8381.543 :: steps: 1.00 :: Time: 2.715(2.71462/step) :: Entropy : 0.000 :: Grads : []
840 :: Rewards 8503.487 :: steps: 1.00 :: Time: 2.719(2.71873/step) :: Entropy : 0.000 :: Grads : []
850 :: Rewards 8622.068 :: steps: 1.00 :: Time: 2.716(2.71637/step) :: Entropy : 0.000 :: Grads : []
860 :: Rewards 8746.204 :: steps: 1.00 :: Time: 2.727(2.72749/step) :: Entropy : 0.000 :: Grads : []
870 :: Rewards 8867.030 :: steps: 1.00 :: Time: 2.738(2.73839/step) :: Entropy : 0.000 :: Grads : []
880 :: Rewards 8993.167 :: steps: 1.00 :: Time: 2.703(2.70257/step) :: Entropy : 0.000 :: Grads : []
890 :: Rewards 9117.644 :: steps: 1.00 :: Time: 2.748(2.74755/step) :: Entropy : 0.000 :: Grads : []
900 :: Rewards 9243.495 :: steps: 1.00 :: Time: 2.741(2.74125/step) :: Entropy : 0.000 :: Grads : []
910 :: Rewards 9340.189 :: steps: 1.00 :: Time: 2.719(2.71947/step) :: Entropy : 0.000 :: Grads : []
920 :: Rewards 9455.967 :: steps: 1.00 :: Time: 2.770(2.77036/step) :: Entropy : 0.000 :: Grads : []
930 :: Rewards 9571.180 :: steps: 1.00 :: Time: 2.719(2.71912/step) :: Entropy : 0.000 :: Grads : []
940 :: Rewards 9690.687 :: steps: 1.00 :: Time: 2.762(2.76213/step) :: Entropy : 0.000 :: Grads : []
950 :: Rewards 9808.890 :: steps: 1.00 :: Time: 2.706(2.70640/step) :: Entropy : 0.000 :: Grads : []
960 :: Rewards 9933.347 :: steps: 1.00 :: Time: 2.759(2.75933/step) :: Entropy : 0.000 :: Grads : []
970 :: Rewards 10054.945 :: steps: 1.00 :: Time: 2.753(2.75315/step) :: Entropy : 0.000 :: Grads : []
980 :: Rewards 10177.709 :: steps: 1.00 :: Time: 2.738(2.73800/step) :: Entropy : 0.000 :: Grads : []
990 :: Rewards 10298.651 :: steps: 1.00 :: Time: 2.767(2.76652/step) :: Entropy : 0.000 :: Grads : []
999 :: Rewards 10415.223 :: steps: 0.90 :: Time: 2.483(2.75935/step) :: Entropy : 0.000 :: Grads : []
Total time taken: 2726.8865280151367
