Module path:  Environments.NS_Reco NS_Reco
Dynamically loaded from:  <class 'Environments.NS_Reco.NS_Reco'>
Reward Amplitudes: [4.17022005e-01 7.20324493e-01 1.14374817e-04 3.02332573e-01
 1.46755891e-01] :: Avg 0.317309867282206 
Module path:  Src.Algorithms.ONPG ONPG
Dynamically loaded from:  <class 'Src.Algorithms.ONPG.ONPG'>
=====Configurations=====
 Namespace(NN_basis_dim='32', Policy_basis_dim='32', actor_lr=0.009763971172325225, algo_name='ONPG', base=0, batch_size=1000, buffer_size=1000, debug=False, delta=5, entropy_lambda=0.08923394226237882, env_name='NS_Reco', experiment='NS_2_', extrapolator_basis='Fourier', folder_suffix='Default', fourier_coupled=True, fourier_k=7, fourier_order=3, gamma=0.99, gauss_std=1.5, gpu=0, hyper='default', importance_clip=15.0, inc=1, log_output='term_file', max_episodes=1000, max_inner=150, max_steps=500, optim='rmsprop', oracle=-1, raw_basis=True, restore=False, save_count=100, save_model=True, seed=14, speed=2, state_lr=0.001, summary=True, swarm=False, timestamp='5|24|17:45:4')
Actions space: 5 :: State space: 1
State Low: tensor([0.]) :: State High: tensor([1.])
State features:  [('dummy_param', torch.Size([1]))]
Policy:  [('fc1.weight', torch.Size([5, 1])), ('fc1.bias', torch.Size([5]))]
0 :: Rewards 0.003 :: steps: 0.10 :: Time: 0.000(0.00062/step) :: Entropy : 0.000 :: Grads : []
10 :: Rewards 0.130 :: steps: 1.00 :: Time: 0.001(0.00063/step) :: Entropy : 0.000 :: Grads : []
20 :: Rewards 0.317 :: steps: 1.00 :: Time: 0.000(0.00050/step) :: Entropy : 0.000 :: Grads : []
30 :: Rewards 1.242 :: steps: 1.00 :: Time: 0.000(0.00049/step) :: Entropy : 0.000 :: Grads : []
40 :: Rewards 1.868 :: steps: 1.00 :: Time: 0.000(0.00049/step) :: Entropy : 0.000 :: Grads : []
50 :: Rewards 2.925 :: steps: 1.00 :: Time: 0.000(0.00049/step) :: Entropy : 0.000 :: Grads : []
60 :: Rewards 4.251 :: steps: 1.00 :: Time: 0.001(0.00051/step) :: Entropy : 0.000 :: Grads : []
70 :: Rewards 6.313 :: steps: 1.00 :: Time: 0.000(0.00049/step) :: Entropy : 0.000 :: Grads : []
80 :: Rewards 8.762 :: steps: 1.00 :: Time: 0.000(0.00049/step) :: Entropy : 0.000 :: Grads : []
90 :: Rewards 11.513 :: steps: 1.00 :: Time: 0.000(0.00049/step) :: Entropy : 0.000 :: Grads : []
100 :: Rewards 14.919 :: steps: 1.00 :: Time: 0.000(0.00049/step) :: Entropy : 0.000 :: Grads : []
110 :: Rewards 18.763 :: steps: 1.00 :: Time: 0.000(0.00049/step) :: Entropy : 0.000 :: Grads : []
120 :: Rewards 22.562 :: steps: 1.00 :: Time: 0.000(0.00049/step) :: Entropy : 0.000 :: Grads : []
130 :: Rewards 27.147 :: steps: 1.00 :: Time: 0.000(0.00050/step) :: Entropy : 0.000 :: Grads : []
140 :: Rewards 32.298 :: steps: 1.00 :: Time: 0.000(0.00050/step) :: Entropy : 0.000 :: Grads : []
150 :: Rewards 36.640 :: steps: 1.00 :: Time: 0.000(0.00049/step) :: Entropy : 0.000 :: Grads : []
160 :: Rewards 41.413 :: steps: 1.00 :: Time: 0.000(0.00049/step) :: Entropy : 0.000 :: Grads : []
170 :: Rewards 45.875 :: steps: 1.00 :: Time: 0.000(0.00049/step) :: Entropy : 0.000 :: Grads : []
180 :: Rewards 52.298 :: steps: 1.00 :: Time: 0.000(0.00049/step) :: Entropy : 0.000 :: Grads : []
190 :: Rewards 57.945 :: steps: 1.00 :: Time: 0.000(0.00049/step) :: Entropy : 0.000 :: Grads : []
200 :: Rewards 63.809 :: steps: 1.00 :: Time: 0.000(0.00050/step) :: Entropy : 0.000 :: Grads : []
210 :: Rewards 68.623 :: steps: 1.00 :: Time: 0.000(0.00049/step) :: Entropy : 0.000 :: Grads : []
220 :: Rewards 73.897 :: steps: 1.00 :: Time: 0.000(0.00049/step) :: Entropy : 0.000 :: Grads : []
230 :: Rewards 80.793 :: steps: 1.00 :: Time: 0.000(0.00049/step) :: Entropy : 0.000 :: Grads : []
240 :: Rewards 87.091 :: steps: 1.00 :: Time: 0.000(0.00049/step) :: Entropy : 0.000 :: Grads : []
250 :: Rewards 92.886 :: steps: 1.00 :: Time: 0.000(0.00049/step) :: Entropy : 0.000 :: Grads : []
260 :: Rewards 98.485 :: steps: 1.00 :: Time: 0.000(0.00049/step) :: Entropy : 0.000 :: Grads : []
270 :: Rewards 103.970 :: steps: 1.00 :: Time: 0.000(0.00050/step) :: Entropy : 0.000 :: Grads : []
280 :: Rewards 109.975 :: steps: 1.00 :: Time: 0.000(0.00049/step) :: Entropy : 0.000 :: Grads : []
290 :: Rewards 115.751 :: steps: 1.00 :: Time: 0.000(0.00049/step) :: Entropy : 0.000 :: Grads : []
300 :: Rewards 120.972 :: steps: 1.00 :: Time: 0.000(0.00049/step) :: Entropy : 0.000 :: Grads : []
310 :: Rewards 126.283 :: steps: 1.00 :: Time: 0.000(0.00049/step) :: Entropy : 0.000 :: Grads : []
320 :: Rewards 131.343 :: steps: 1.00 :: Time: 0.000(0.00049/step) :: Entropy : 0.000 :: Grads : []
330 :: Rewards 135.914 :: steps: 1.00 :: Time: 0.000(0.00049/step) :: Entropy : 0.000 :: Grads : []
340 :: Rewards 140.381 :: steps: 1.00 :: Time: 0.000(0.00050/step) :: Entropy : 0.000 :: Grads : []
350 :: Rewards 144.815 :: steps: 1.00 :: Time: 0.000(0.00049/step) :: Entropy : 0.000 :: Grads : []
360 :: Rewards 148.268 :: steps: 1.00 :: Time: 0.000(0.00049/step) :: Entropy : 0.000 :: Grads : []
370 :: Rewards 151.598 :: steps: 1.00 :: Time: 0.000(0.00049/step) :: Entropy : 0.000 :: Grads : []
380 :: Rewards 154.736 :: steps: 1.00 :: Time: 0.000(0.00049/step) :: Entropy : 0.000 :: Grads : []
390 :: Rewards 157.452 :: steps: 1.00 :: Time: 0.000(0.00049/step) :: Entropy : 0.000 :: Grads : []
400 :: Rewards 159.852 :: steps: 1.00 :: Time: 0.000(0.00049/step) :: Entropy : 0.000 :: Grads : []
410 :: Rewards 162.019 :: steps: 1.00 :: Time: 0.001(0.00051/step) :: Entropy : 0.000 :: Grads : []
420 :: Rewards 163.194 :: steps: 1.00 :: Time: 0.000(0.00049/step) :: Entropy : 0.000 :: Grads : []
430 :: Rewards 164.391 :: steps: 1.00 :: Time: 0.000(0.00049/step) :: Entropy : 0.000 :: Grads : []
440 :: Rewards 165.408 :: steps: 1.00 :: Time: 0.000(0.00049/step) :: Entropy : 0.000 :: Grads : []
450 :: Rewards 166.361 :: steps: 1.00 :: Time: 0.000(0.00049/step) :: Entropy : 0.000 :: Grads : []
460 :: Rewards 167.086 :: steps: 1.00 :: Time: 0.000(0.00049/step) :: Entropy : 0.000 :: Grads : []
470 :: Rewards 166.941 :: steps: 1.00 :: Time: 0.000(0.00049/step) :: Entropy : 0.000 :: Grads : []
480 :: Rewards 167.349 :: steps: 1.00 :: Time: 0.001(0.00050/step) :: Entropy : 0.000 :: Grads : []
490 :: Rewards 168.247 :: steps: 1.00 :: Time: 0.001(0.00053/step) :: Entropy : 0.000 :: Grads : []
500 :: Rewards 169.619 :: steps: 1.00 :: Time: 0.000(0.00049/step) :: Entropy : 0.000 :: Grads : []
510 :: Rewards 170.438 :: steps: 1.00 :: Time: 0.000(0.00049/step) :: Entropy : 0.000 :: Grads : []
520 :: Rewards 171.010 :: steps: 1.00 :: Time: 0.000(0.00049/step) :: Entropy : 0.000 :: Grads : []
530 :: Rewards 171.339 :: steps: 1.00 :: Time: 0.000(0.00049/step) :: Entropy : 0.000 :: Grads : []
540 :: Rewards 171.482 :: steps: 1.00 :: Time: 0.000(0.00049/step) :: Entropy : 0.000 :: Grads : []
550 :: Rewards 171.359 :: steps: 1.00 :: Time: 0.000(0.00050/step) :: Entropy : 0.000 :: Grads : []
560 :: Rewards 170.942 :: steps: 1.00 :: Time: 0.000(0.00049/step) :: Entropy : 0.000 :: Grads : []
570 :: Rewards 171.158 :: steps: 1.00 :: Time: 0.000(0.00049/step) :: Entropy : 0.000 :: Grads : []
580 :: Rewards 171.243 :: steps: 1.00 :: Time: 0.000(0.00049/step) :: Entropy : 0.000 :: Grads : []
590 :: Rewards 171.716 :: steps: 1.00 :: Time: 0.000(0.00049/step) :: Entropy : 0.000 :: Grads : []
600 :: Rewards 171.580 :: steps: 1.00 :: Time: 0.000(0.00049/step) :: Entropy : 0.000 :: Grads : []
610 :: Rewards 171.189 :: steps: 1.00 :: Time: 0.000(0.00049/step) :: Entropy : 0.000 :: Grads : []
620 :: Rewards 171.175 :: steps: 1.00 :: Time: 0.000(0.00050/step) :: Entropy : 0.000 :: Grads : []
630 :: Rewards 170.124 :: steps: 1.00 :: Time: 0.000(0.00048/step) :: Entropy : 0.000 :: Grads : []
640 :: Rewards 168.330 :: steps: 1.00 :: Time: 0.000(0.00049/step) :: Entropy : 0.000 :: Grads : []
650 :: Rewards 167.587 :: steps: 1.00 :: Time: 0.000(0.00048/step) :: Entropy : 0.000 :: Grads : []
660 :: Rewards 167.668 :: steps: 1.00 :: Time: 0.000(0.00048/step) :: Entropy : 0.000 :: Grads : []
670 :: Rewards 167.675 :: steps: 1.00 :: Time: 0.000(0.00048/step) :: Entropy : 0.000 :: Grads : []
680 :: Rewards 167.411 :: steps: 1.00 :: Time: 0.000(0.00048/step) :: Entropy : 0.000 :: Grads : []
690 :: Rewards 167.388 :: steps: 1.00 :: Time: 0.000(0.00049/step) :: Entropy : 0.000 :: Grads : []
700 :: Rewards 167.105 :: steps: 1.00 :: Time: 0.000(0.00049/step) :: Entropy : 0.000 :: Grads : []
710 :: Rewards 165.862 :: steps: 1.00 :: Time: 0.000(0.00049/step) :: Entropy : 0.000 :: Grads : []
720 :: Rewards 165.364 :: steps: 1.00 :: Time: 0.000(0.00048/step) :: Entropy : 0.000 :: Grads : []
730 :: Rewards 164.880 :: steps: 1.00 :: Time: 0.000(0.00048/step) :: Entropy : 0.000 :: Grads : []
740 :: Rewards 164.037 :: steps: 1.00 :: Time: 0.000(0.00048/step) :: Entropy : 0.000 :: Grads : []
750 :: Rewards 163.982 :: steps: 1.00 :: Time: 0.000(0.00048/step) :: Entropy : 0.000 :: Grads : []
760 :: Rewards 163.921 :: steps: 1.00 :: Time: 0.000(0.00049/step) :: Entropy : 0.000 :: Grads : []
770 :: Rewards 163.310 :: steps: 1.00 :: Time: 0.000(0.00049/step) :: Entropy : 0.000 :: Grads : []
780 :: Rewards 162.457 :: steps: 1.00 :: Time: 0.000(0.00048/step) :: Entropy : 0.000 :: Grads : []
790 :: Rewards 162.381 :: steps: 1.00 :: Time: 0.000(0.00048/step) :: Entropy : 0.000 :: Grads : []
800 :: Rewards 161.512 :: steps: 1.00 :: Time: 0.000(0.00048/step) :: Entropy : 0.000 :: Grads : []
810 :: Rewards 161.061 :: steps: 1.00 :: Time: 0.000(0.00048/step) :: Entropy : 0.000 :: Grads : []
820 :: Rewards 160.851 :: steps: 1.00 :: Time: 0.000(0.00048/step) :: Entropy : 0.000 :: Grads : []
830 :: Rewards 160.312 :: steps: 1.00 :: Time: 0.000(0.00049/step) :: Entropy : 0.000 :: Grads : []
840 :: Rewards 159.346 :: steps: 1.00 :: Time: 0.000(0.00049/step) :: Entropy : 0.000 :: Grads : []
850 :: Rewards 159.356 :: steps: 1.00 :: Time: 0.000(0.00048/step) :: Entropy : 0.000 :: Grads : []
860 :: Rewards 158.720 :: steps: 1.00 :: Time: 0.000(0.00048/step) :: Entropy : 0.000 :: Grads : []
870 :: Rewards 158.067 :: steps: 1.00 :: Time: 0.000(0.00048/step) :: Entropy : 0.000 :: Grads : []
880 :: Rewards 157.769 :: steps: 1.00 :: Time: 0.000(0.00048/step) :: Entropy : 0.000 :: Grads : []
890 :: Rewards 157.647 :: steps: 1.00 :: Time: 0.000(0.00049/step) :: Entropy : 0.000 :: Grads : []
900 :: Rewards 157.456 :: steps: 1.00 :: Time: 0.000(0.00049/step) :: Entropy : 0.000 :: Grads : []
910 :: Rewards 157.439 :: steps: 1.00 :: Time: 0.000(0.00049/step) :: Entropy : 0.000 :: Grads : []
920 :: Rewards 156.658 :: steps: 1.00 :: Time: 0.000(0.00048/step) :: Entropy : 0.000 :: Grads : []
930 :: Rewards 156.353 :: steps: 1.00 :: Time: 0.000(0.00048/step) :: Entropy : 0.000 :: Grads : []
940 :: Rewards 155.590 :: steps: 1.00 :: Time: 0.000(0.00048/step) :: Entropy : 0.000 :: Grads : []
950 :: Rewards 155.014 :: steps: 1.00 :: Time: 0.000(0.00049/step) :: Entropy : 0.000 :: Grads : []
960 :: Rewards 154.439 :: steps: 1.00 :: Time: 0.000(0.00048/step) :: Entropy : 0.000 :: Grads : []
970 :: Rewards 154.342 :: steps: 1.00 :: Time: 0.000(0.00049/step) :: Entropy : 0.000 :: Grads : []
980 :: Rewards 154.994 :: steps: 1.00 :: Time: 0.000(0.00049/step) :: Entropy : 0.000 :: Grads : []
990 :: Rewards 156.182 :: steps: 1.00 :: Time: 0.000(0.00048/step) :: Entropy : 0.000 :: Grads : []
999 :: Rewards 159.359 :: steps: 0.90 :: Time: 0.000(0.00053/step) :: Entropy : 0.000 :: Grads : []
Total time taken: 0.5328090190887451
