Module path:  Environments.NS_Reco NS_Reco
Dynamically loaded from:  <class 'Environments.NS_Reco.NS_Reco'>
Reward Amplitudes: [4.17022005e-01 7.20324493e-01 1.14374817e-04 3.02332573e-01
 1.46755891e-01] :: Avg 0.317309867282206 
Module path:  Src.Algorithms.ProOLS ProOLS
Dynamically loaded from:  <class 'Src.Algorithms.ProOLS.ProOLS'>
=====Configurations=====
 Namespace(NN_basis_dim='32', Policy_basis_dim='32', actor_lr=0.0013967975033711264, algo_name='ProOLS', base=0, batch_size=1000, buffer_size=1000, debug=False, delta=1, entropy_lambda=0.009309067356364342, env_name='NS_Reco', experiment='NS_0r_', extrapolator_basis='Fourier', folder_suffix='Default', fourier_coupled=True, fourier_k=5, fourier_order=3, gamma=0.99, gauss_std=1.5, gpu=0, hyper='default', importance_clip=15.0, inc=1, log_output='term_file', max_episodes=1000, max_inner=30, max_steps=500, optim='rmsprop', oracle=-1, raw_basis=True, restore=False, save_count=100, save_model=True, seed=7, speed=0, state_lr=0.001, summary=True, swarm=False, timestamp='5|25|11:40:41')
Actions space: 5 :: State space: 1
State Low: tensor([0.]) :: State High: tensor([1.])
State features:  [('dummy_param', torch.Size([1]))]
Policy:  [('fc1.weight', torch.Size([5, 1])), ('fc1.bias', torch.Size([5]))]
0 :: Rewards 0.000 :: steps: 0.10 :: Time: 0.000(0.00065/step) :: Entropy : 0.000 :: Grads : []
10 :: Rewards -4.440 :: steps: 1.00 :: Time: 0.009(0.00881/step) :: Entropy : 0.000 :: Grads : []
20 :: Rewards -8.185 :: steps: 1.00 :: Time: 0.014(0.01417/step) :: Entropy : 0.000 :: Grads : []
30 :: Rewards -10.469 :: steps: 1.00 :: Time: 0.014(0.01445/step) :: Entropy : 0.000 :: Grads : []
40 :: Rewards -11.913 :: steps: 1.00 :: Time: 0.014(0.01396/step) :: Entropy : 0.000 :: Grads : []
50 :: Rewards -12.636 :: steps: 1.00 :: Time: 0.014(0.01413/step) :: Entropy : 0.000 :: Grads : []
60 :: Rewards -12.636 :: steps: 1.00 :: Time: 0.014(0.01416/step) :: Entropy : 0.000 :: Grads : []
70 :: Rewards -12.636 :: steps: 1.00 :: Time: 0.014(0.01432/step) :: Entropy : 0.000 :: Grads : []
80 :: Rewards -12.636 :: steps: 1.00 :: Time: 0.015(0.01530/step) :: Entropy : 0.000 :: Grads : []
90 :: Rewards -12.636 :: steps: 1.00 :: Time: 0.015(0.01468/step) :: Entropy : 0.000 :: Grads : []
100 :: Rewards -12.636 :: steps: 1.00 :: Time: 0.014(0.01440/step) :: Entropy : 0.000 :: Grads : []
110 :: Rewards -12.636 :: steps: 1.00 :: Time: 0.015(0.01461/step) :: Entropy : 0.000 :: Grads : []
120 :: Rewards -12.636 :: steps: 1.00 :: Time: 0.015(0.01491/step) :: Entropy : 0.000 :: Grads : []
130 :: Rewards -12.636 :: steps: 1.00 :: Time: 0.015(0.01495/step) :: Entropy : 0.000 :: Grads : []
140 :: Rewards -12.636 :: steps: 1.00 :: Time: 0.016(0.01575/step) :: Entropy : 0.000 :: Grads : []
150 :: Rewards -12.636 :: steps: 1.00 :: Time: 0.016(0.01554/step) :: Entropy : 0.000 :: Grads : []
160 :: Rewards -12.636 :: steps: 1.00 :: Time: 0.015(0.01538/step) :: Entropy : 0.000 :: Grads : []
170 :: Rewards -12.636 :: steps: 1.00 :: Time: 0.016(0.01573/step) :: Entropy : 0.000 :: Grads : []
180 :: Rewards -12.636 :: steps: 1.00 :: Time: 0.016(0.01551/step) :: Entropy : 0.000 :: Grads : []
190 :: Rewards -12.636 :: steps: 1.00 :: Time: 0.016(0.01556/step) :: Entropy : 0.000 :: Grads : []
200 :: Rewards -12.636 :: steps: 1.00 :: Time: 0.016(0.01575/step) :: Entropy : 0.000 :: Grads : []
210 :: Rewards -12.636 :: steps: 1.00 :: Time: 0.016(0.01585/step) :: Entropy : 0.000 :: Grads : []
220 :: Rewards -12.636 :: steps: 1.00 :: Time: 0.016(0.01575/step) :: Entropy : 0.000 :: Grads : []
230 :: Rewards -12.636 :: steps: 1.00 :: Time: 0.016(0.01650/step) :: Entropy : 0.000 :: Grads : []
240 :: Rewards -12.636 :: steps: 1.00 :: Time: 0.016(0.01647/step) :: Entropy : 0.000 :: Grads : []
250 :: Rewards -12.636 :: steps: 1.00 :: Time: 0.016(0.01628/step) :: Entropy : 0.000 :: Grads : []
260 :: Rewards -12.636 :: steps: 1.00 :: Time: 0.016(0.01646/step) :: Entropy : 0.000 :: Grads : []
270 :: Rewards -12.636 :: steps: 1.00 :: Time: 0.017(0.01669/step) :: Entropy : 0.000 :: Grads : []
280 :: Rewards -12.636 :: steps: 1.00 :: Time: 0.017(0.01687/step) :: Entropy : 0.000 :: Grads : []
290 :: Rewards -12.636 :: steps: 1.00 :: Time: 0.017(0.01679/step) :: Entropy : 0.000 :: Grads : []
300 :: Rewards -12.636 :: steps: 1.00 :: Time: 0.017(0.01716/step) :: Entropy : 0.000 :: Grads : []
310 :: Rewards -12.636 :: steps: 1.00 :: Time: 0.017(0.01736/step) :: Entropy : 0.000 :: Grads : []
320 :: Rewards -12.636 :: steps: 1.00 :: Time: 0.018(0.01772/step) :: Entropy : 0.000 :: Grads : []
330 :: Rewards -12.636 :: steps: 1.00 :: Time: 0.020(0.02018/step) :: Entropy : 0.000 :: Grads : []
340 :: Rewards -12.636 :: steps: 1.00 :: Time: 0.018(0.01805/step) :: Entropy : 0.000 :: Grads : []
350 :: Rewards -12.636 :: steps: 1.00 :: Time: 0.018(0.01838/step) :: Entropy : 0.000 :: Grads : []
360 :: Rewards -12.636 :: steps: 1.00 :: Time: 0.019(0.01851/step) :: Entropy : 0.000 :: Grads : []
370 :: Rewards -12.636 :: steps: 1.00 :: Time: 0.018(0.01843/step) :: Entropy : 0.000 :: Grads : []
380 :: Rewards -12.636 :: steps: 1.00 :: Time: 0.019(0.01852/step) :: Entropy : 0.000 :: Grads : []
390 :: Rewards -12.636 :: steps: 1.00 :: Time: 0.019(0.01869/step) :: Entropy : 0.000 :: Grads : []
400 :: Rewards -12.636 :: steps: 1.00 :: Time: 0.019(0.01877/step) :: Entropy : 0.000 :: Grads : []
410 :: Rewards -12.636 :: steps: 1.00 :: Time: 0.019(0.01927/step) :: Entropy : 0.000 :: Grads : []
420 :: Rewards -12.636 :: steps: 1.00 :: Time: 0.020(0.02039/step) :: Entropy : 0.000 :: Grads : []
430 :: Rewards -12.636 :: steps: 1.00 :: Time: 0.021(0.02068/step) :: Entropy : 0.000 :: Grads : []
440 :: Rewards -12.636 :: steps: 1.00 :: Time: 0.021(0.02117/step) :: Entropy : 0.000 :: Grads : []
450 :: Rewards -12.636 :: steps: 1.00 :: Time: 0.024(0.02441/step) :: Entropy : 0.000 :: Grads : []
460 :: Rewards -12.636 :: steps: 1.00 :: Time: 0.021(0.02142/step) :: Entropy : 0.000 :: Grads : []
470 :: Rewards -12.636 :: steps: 1.00 :: Time: 0.021(0.02139/step) :: Entropy : 0.000 :: Grads : []
480 :: Rewards -12.636 :: steps: 1.00 :: Time: 0.022(0.02173/step) :: Entropy : 0.000 :: Grads : []
490 :: Rewards -12.636 :: steps: 1.00 :: Time: 0.022(0.02177/step) :: Entropy : 0.000 :: Grads : []
500 :: Rewards -12.636 :: steps: 1.00 :: Time: 0.022(0.02186/step) :: Entropy : 0.000 :: Grads : []
510 :: Rewards -12.636 :: steps: 1.00 :: Time: 0.022(0.02209/step) :: Entropy : 0.000 :: Grads : []
520 :: Rewards -12.636 :: steps: 1.00 :: Time: 0.023(0.02261/step) :: Entropy : 0.000 :: Grads : []
530 :: Rewards -12.636 :: steps: 1.00 :: Time: 0.023(0.02263/step) :: Entropy : 0.000 :: Grads : []
540 :: Rewards -12.636 :: steps: 1.00 :: Time: 0.023(0.02283/step) :: Entropy : 0.000 :: Grads : []
550 :: Rewards -12.636 :: steps: 1.00 :: Time: 0.023(0.02280/step) :: Entropy : 0.000 :: Grads : []
560 :: Rewards -12.636 :: steps: 1.00 :: Time: 0.023(0.02304/step) :: Entropy : 0.000 :: Grads : []
570 :: Rewards -12.636 :: steps: 1.00 :: Time: 0.023(0.02305/step) :: Entropy : 0.000 :: Grads : []
580 :: Rewards -12.636 :: steps: 1.00 :: Time: 0.023(0.02335/step) :: Entropy : 0.000 :: Grads : []
590 :: Rewards -12.636 :: steps: 1.00 :: Time: 0.023(0.02333/step) :: Entropy : 0.000 :: Grads : []
600 :: Rewards -12.636 :: steps: 1.00 :: Time: 0.024(0.02357/step) :: Entropy : 0.000 :: Grads : []
610 :: Rewards -12.636 :: steps: 1.00 :: Time: 0.024(0.02374/step) :: Entropy : 0.000 :: Grads : []
620 :: Rewards -12.636 :: steps: 1.00 :: Time: 0.024(0.02376/step) :: Entropy : 0.000 :: Grads : []
630 :: Rewards -12.636 :: steps: 1.00 :: Time: 0.024(0.02383/step) :: Entropy : 0.000 :: Grads : []
640 :: Rewards -12.636 :: steps: 1.00 :: Time: 0.024(0.02416/step) :: Entropy : 0.000 :: Grads : []
650 :: Rewards -12.636 :: steps: 1.00 :: Time: 0.024(0.02423/step) :: Entropy : 0.000 :: Grads : []
660 :: Rewards -12.636 :: steps: 1.00 :: Time: 0.024(0.02436/step) :: Entropy : 0.000 :: Grads : []
670 :: Rewards -12.636 :: steps: 1.00 :: Time: 0.025(0.02469/step) :: Entropy : 0.000 :: Grads : []
680 :: Rewards -12.636 :: steps: 1.00 :: Time: 0.025(0.02471/step) :: Entropy : 0.000 :: Grads : []
690 :: Rewards -12.636 :: steps: 1.00 :: Time: 0.025(0.02480/step) :: Entropy : 0.000 :: Grads : []
700 :: Rewards -12.636 :: steps: 1.00 :: Time: 0.025(0.02479/step) :: Entropy : 0.000 :: Grads : []
710 :: Rewards -12.636 :: steps: 1.00 :: Time: 0.025(0.02477/step) :: Entropy : 0.000 :: Grads : []
720 :: Rewards -12.636 :: steps: 1.00 :: Time: 0.025(0.02504/step) :: Entropy : 0.000 :: Grads : []
730 :: Rewards -12.636 :: steps: 1.00 :: Time: 0.025(0.02513/step) :: Entropy : 0.000 :: Grads : []
740 :: Rewards -12.636 :: steps: 1.00 :: Time: 0.026(0.02559/step) :: Entropy : 0.000 :: Grads : []
750 :: Rewards -12.636 :: steps: 1.00 :: Time: 0.030(0.03013/step) :: Entropy : 0.000 :: Grads : []
760 :: Rewards -12.636 :: steps: 1.00 :: Time: 0.026(0.02622/step) :: Entropy : 0.000 :: Grads : []
770 :: Rewards -12.636 :: steps: 1.00 :: Time: 0.026(0.02615/step) :: Entropy : 0.000 :: Grads : []
780 :: Rewards -12.636 :: steps: 1.00 :: Time: 0.026(0.02643/step) :: Entropy : 0.000 :: Grads : []
790 :: Rewards -12.636 :: steps: 1.00 :: Time: 0.027(0.02670/step) :: Entropy : 0.000 :: Grads : []
800 :: Rewards -12.636 :: steps: 1.00 :: Time: 0.027(0.02682/step) :: Entropy : 0.000 :: Grads : []
810 :: Rewards -12.636 :: steps: 1.00 :: Time: 0.025(0.02523/step) :: Entropy : 0.000 :: Grads : []
820 :: Rewards -12.636 :: steps: 1.00 :: Time: 0.025(0.02548/step) :: Entropy : 0.000 :: Grads : []
830 :: Rewards -12.636 :: steps: 1.00 :: Time: 0.026(0.02577/step) :: Entropy : 0.000 :: Grads : []
840 :: Rewards -12.636 :: steps: 1.00 :: Time: 0.025(0.02546/step) :: Entropy : 0.000 :: Grads : []
850 :: Rewards -12.636 :: steps: 1.00 :: Time: 0.026(0.02599/step) :: Entropy : 0.000 :: Grads : []
860 :: Rewards -12.636 :: steps: 1.00 :: Time: 0.026(0.02647/step) :: Entropy : 0.000 :: Grads : []
870 :: Rewards -12.636 :: steps: 1.00 :: Time: 0.026(0.02641/step) :: Entropy : 0.000 :: Grads : []
880 :: Rewards -12.636 :: steps: 1.00 :: Time: 0.026(0.02632/step) :: Entropy : 0.000 :: Grads : []
890 :: Rewards -12.636 :: steps: 1.00 :: Time: 0.026(0.02645/step) :: Entropy : 0.000 :: Grads : []
900 :: Rewards -12.636 :: steps: 1.00 :: Time: 0.026(0.02643/step) :: Entropy : 0.000 :: Grads : []
910 :: Rewards -12.636 :: steps: 1.00 :: Time: 0.027(0.02670/step) :: Entropy : 0.000 :: Grads : []
920 :: Rewards -12.636 :: steps: 1.00 :: Time: 0.027(0.02662/step) :: Entropy : 0.000 :: Grads : []
930 :: Rewards -12.636 :: steps: 1.00 :: Time: 0.026(0.02649/step) :: Entropy : 0.000 :: Grads : []
940 :: Rewards -12.636 :: steps: 1.00 :: Time: 0.027(0.02688/step) :: Entropy : 0.000 :: Grads : []
950 :: Rewards -12.636 :: steps: 1.00 :: Time: 0.027(0.02666/step) :: Entropy : 0.000 :: Grads : []
960 :: Rewards -12.636 :: steps: 1.00 :: Time: 0.027(0.02717/step) :: Entropy : 0.000 :: Grads : []
970 :: Rewards -12.636 :: steps: 1.00 :: Time: 0.027(0.02741/step) :: Entropy : 0.000 :: Grads : []
980 :: Rewards -12.636 :: steps: 1.00 :: Time: 0.028(0.02754/step) :: Entropy : 0.000 :: Grads : []
990 :: Rewards -12.636 :: steps: 1.00 :: Time: 0.028(0.02766/step) :: Entropy : 0.000 :: Grads : []
999 :: Rewards -12.636 :: steps: 0.90 :: Time: 0.025(0.02790/step) :: Entropy : 0.000 :: Grads : []
Total time taken: 21.26594567298889
