Module path:  Environments.NS_Reco NS_Reco
Dynamically loaded from:  <class 'Environments.NS_Reco.NS_Reco'>
Reward Amplitudes: [4.17022005e-01 7.20324493e-01 1.14374817e-04 3.02332573e-01
 1.46755891e-01] :: Avg 0.317309867282206 
Module path:  Src.Algorithms.OFPG OFPG
Dynamically loaded from:  <class 'Src.Algorithms.OFPG.OFPG'>
=====Configurations=====
 Namespace(NN_basis_dim='32', Policy_basis_dim='32', actor_lr=0.002921886362032286, algo_name='OFPG', base=0, batch_size=1000, buffer_size=1000, debug=False, delta=1, entropy_lambda=0.005132349330550144, env_name='NS_Reco', experiment='NS_1_', extrapolator_basis='Fourier', folder_suffix='Default', fourier_coupled=True, fourier_k=7, fourier_order=3, gamma=0.99, gauss_std=1.5, gpu=0, hyper='default', importance_clip=5.0, inc=1, log_output='term_file', max_episodes=1000, max_inner=20, max_steps=500, optim='rmsprop', oracle=-1, raw_basis=True, restore=False, save_count=100, save_model=True, seed=5, speed=1, state_lr=0.001, summary=True, swarm=False, timestamp='5|24|21:56:56')
Actions space: 5 :: State space: 1
State Low: tensor([0.]) :: State High: tensor([1.])
State features:  [('dummy_param', torch.Size([1]))]
Policy:  [('fc1.weight', torch.Size([5, 1])), ('fc1.bias', torch.Size([5]))]
0 :: Rewards 0.003 :: steps: 0.10 :: Time: 0.001(0.00886/step) :: Entropy : 0.000 :: Grads : []
10 :: Rewards 0.080 :: steps: 1.00 :: Time: 0.008(0.00753/step) :: Entropy : 0.000 :: Grads : []
20 :: Rewards 0.411 :: steps: 1.00 :: Time: 0.008(0.00764/step) :: Entropy : 0.000 :: Grads : []
30 :: Rewards 1.083 :: steps: 1.00 :: Time: 0.008(0.00781/step) :: Entropy : 0.000 :: Grads : []
40 :: Rewards 1.944 :: steps: 1.00 :: Time: 0.008(0.00750/step) :: Entropy : 0.000 :: Grads : []
50 :: Rewards 3.025 :: steps: 1.00 :: Time: 0.008(0.00756/step) :: Entropy : 0.000 :: Grads : []
60 :: Rewards 4.454 :: steps: 1.00 :: Time: 0.008(0.00760/step) :: Entropy : 0.000 :: Grads : []
70 :: Rewards 6.019 :: steps: 1.00 :: Time: 0.008(0.00766/step) :: Entropy : 0.000 :: Grads : []
80 :: Rewards 7.938 :: steps: 1.00 :: Time: 0.008(0.00775/step) :: Entropy : 0.000 :: Grads : []
90 :: Rewards 10.122 :: steps: 1.00 :: Time: 0.008(0.00783/step) :: Entropy : 0.000 :: Grads : []
100 :: Rewards 12.547 :: steps: 1.00 :: Time: 0.008(0.00788/step) :: Entropy : 0.000 :: Grads : []
110 :: Rewards 15.192 :: steps: 1.00 :: Time: 0.008(0.00796/step) :: Entropy : 0.000 :: Grads : []
120 :: Rewards 18.065 :: steps: 1.00 :: Time: 0.008(0.00801/step) :: Entropy : 0.000 :: Grads : []
130 :: Rewards 21.166 :: steps: 1.00 :: Time: 0.008(0.00811/step) :: Entropy : 0.000 :: Grads : []
140 :: Rewards 24.519 :: steps: 1.00 :: Time: 0.008(0.00821/step) :: Entropy : 0.000 :: Grads : []
150 :: Rewards 28.073 :: steps: 1.00 :: Time: 0.008(0.00827/step) :: Entropy : 0.000 :: Grads : []
160 :: Rewards 31.858 :: steps: 1.00 :: Time: 0.008(0.00836/step) :: Entropy : 0.000 :: Grads : []
170 :: Rewards 35.862 :: steps: 1.00 :: Time: 0.009(0.00893/step) :: Entropy : 0.000 :: Grads : []
180 :: Rewards 40.126 :: steps: 1.00 :: Time: 0.011(0.01084/step) :: Entropy : 0.000 :: Grads : []
190 :: Rewards 44.533 :: steps: 1.00 :: Time: 0.010(0.01013/step) :: Entropy : 0.000 :: Grads : []
200 :: Rewards 49.118 :: steps: 1.00 :: Time: 0.009(0.00927/step) :: Entropy : 0.000 :: Grads : []
210 :: Rewards 53.987 :: steps: 1.00 :: Time: 0.009(0.00882/step) :: Entropy : 0.000 :: Grads : []
220 :: Rewards 58.990 :: steps: 1.00 :: Time: 0.009(0.00883/step) :: Entropy : 0.000 :: Grads : []
230 :: Rewards 64.154 :: steps: 1.00 :: Time: 0.009(0.00879/step) :: Entropy : 0.000 :: Grads : []
240 :: Rewards 69.484 :: steps: 1.00 :: Time: 0.009(0.00887/step) :: Entropy : 0.000 :: Grads : []
250 :: Rewards 74.968 :: steps: 1.00 :: Time: 0.009(0.00891/step) :: Entropy : 0.000 :: Grads : []
260 :: Rewards 80.667 :: steps: 1.00 :: Time: 0.009(0.00907/step) :: Entropy : 0.000 :: Grads : []
270 :: Rewards 86.507 :: steps: 1.00 :: Time: 0.009(0.00925/step) :: Entropy : 0.000 :: Grads : []
280 :: Rewards 92.470 :: steps: 1.00 :: Time: 0.009(0.00931/step) :: Entropy : 0.000 :: Grads : []
290 :: Rewards 98.634 :: steps: 1.00 :: Time: 0.009(0.00938/step) :: Entropy : 0.000 :: Grads : []
300 :: Rewards 104.907 :: steps: 1.00 :: Time: 0.009(0.00937/step) :: Entropy : 0.000 :: Grads : []
310 :: Rewards 111.293 :: steps: 1.00 :: Time: 0.009(0.00945/step) :: Entropy : 0.000 :: Grads : []
320 :: Rewards 117.787 :: steps: 1.00 :: Time: 0.010(0.00954/step) :: Entropy : 0.000 :: Grads : []
330 :: Rewards 124.449 :: steps: 1.00 :: Time: 0.010(0.00977/step) :: Entropy : 0.000 :: Grads : []
340 :: Rewards 131.204 :: steps: 1.00 :: Time: 0.010(0.00978/step) :: Entropy : 0.000 :: Grads : []
350 :: Rewards 137.976 :: steps: 1.00 :: Time: 0.010(0.01000/step) :: Entropy : 0.000 :: Grads : []
360 :: Rewards 144.836 :: steps: 1.00 :: Time: 0.010(0.01011/step) :: Entropy : 0.000 :: Grads : []
370 :: Rewards 151.796 :: steps: 1.00 :: Time: 0.010(0.01019/step) :: Entropy : 0.000 :: Grads : []
380 :: Rewards 158.809 :: steps: 1.00 :: Time: 0.011(0.01063/step) :: Entropy : 0.000 :: Grads : []
390 :: Rewards 165.888 :: steps: 1.00 :: Time: 0.010(0.01041/step) :: Entropy : 0.000 :: Grads : []
400 :: Rewards 173.002 :: steps: 1.00 :: Time: 0.010(0.01039/step) :: Entropy : 0.000 :: Grads : []
410 :: Rewards 180.124 :: steps: 1.00 :: Time: 0.011(0.01054/step) :: Entropy : 0.000 :: Grads : []
420 :: Rewards 187.282 :: steps: 1.00 :: Time: 0.011(0.01088/step) :: Entropy : 0.000 :: Grads : []
430 :: Rewards 194.447 :: steps: 1.00 :: Time: 0.011(0.01092/step) :: Entropy : 0.000 :: Grads : []
440 :: Rewards 201.632 :: steps: 1.00 :: Time: 0.011(0.01092/step) :: Entropy : 0.000 :: Grads : []
450 :: Rewards 208.852 :: steps: 1.00 :: Time: 0.011(0.01101/step) :: Entropy : 0.000 :: Grads : []
460 :: Rewards 216.045 :: steps: 1.00 :: Time: 0.011(0.01106/step) :: Entropy : 0.000 :: Grads : []
470 :: Rewards 223.234 :: steps: 1.00 :: Time: 0.011(0.01109/step) :: Entropy : 0.000 :: Grads : []
480 :: Rewards 230.372 :: steps: 1.00 :: Time: 0.011(0.01113/step) :: Entropy : 0.000 :: Grads : []
490 :: Rewards 237.485 :: steps: 1.00 :: Time: 0.011(0.01120/step) :: Entropy : 0.000 :: Grads : []
500 :: Rewards 244.580 :: steps: 1.00 :: Time: 0.011(0.01125/step) :: Entropy : 0.000 :: Grads : []
510 :: Rewards 251.540 :: steps: 1.00 :: Time: 0.011(0.01128/step) :: Entropy : 0.000 :: Grads : []
520 :: Rewards 258.463 :: steps: 1.00 :: Time: 0.012(0.01151/step) :: Entropy : 0.000 :: Grads : []
530 :: Rewards 265.354 :: steps: 1.00 :: Time: 0.012(0.01156/step) :: Entropy : 0.000 :: Grads : []
540 :: Rewards 272.144 :: steps: 1.00 :: Time: 0.012(0.01159/step) :: Entropy : 0.000 :: Grads : []
550 :: Rewards 278.816 :: steps: 1.00 :: Time: 0.012(0.01167/step) :: Entropy : 0.000 :: Grads : []
560 :: Rewards 285.384 :: steps: 1.00 :: Time: 0.012(0.01166/step) :: Entropy : 0.000 :: Grads : []
570 :: Rewards 291.881 :: steps: 1.00 :: Time: 0.012(0.01173/step) :: Entropy : 0.000 :: Grads : []
580 :: Rewards 298.266 :: steps: 1.00 :: Time: 0.012(0.01180/step) :: Entropy : 0.000 :: Grads : []
590 :: Rewards 304.480 :: steps: 1.00 :: Time: 0.012(0.01182/step) :: Entropy : 0.000 :: Grads : []
600 :: Rewards 310.637 :: steps: 1.00 :: Time: 0.012(0.01184/step) :: Entropy : 0.000 :: Grads : []
610 :: Rewards 316.645 :: steps: 1.00 :: Time: 0.012(0.01186/step) :: Entropy : 0.000 :: Grads : []
620 :: Rewards 322.450 :: steps: 1.00 :: Time: 0.012(0.01192/step) :: Entropy : 0.000 :: Grads : []
630 :: Rewards 328.109 :: steps: 1.00 :: Time: 0.012(0.01187/step) :: Entropy : 0.000 :: Grads : []
640 :: Rewards 333.601 :: steps: 1.00 :: Time: 0.012(0.01194/step) :: Entropy : 0.000 :: Grads : []
650 :: Rewards 338.925 :: steps: 1.00 :: Time: 0.012(0.01198/step) :: Entropy : 0.000 :: Grads : []
660 :: Rewards 344.053 :: steps: 1.00 :: Time: 0.012(0.01209/step) :: Entropy : 0.000 :: Grads : []
670 :: Rewards 349.012 :: steps: 1.00 :: Time: 0.012(0.01218/step) :: Entropy : 0.000 :: Grads : []
680 :: Rewards 353.799 :: steps: 1.00 :: Time: 0.012(0.01227/step) :: Entropy : 0.000 :: Grads : []
690 :: Rewards 358.365 :: steps: 1.00 :: Time: 0.012(0.01219/step) :: Entropy : 0.000 :: Grads : []
700 :: Rewards 362.769 :: steps: 1.00 :: Time: 0.012(0.01234/step) :: Entropy : 0.000 :: Grads : []
710 :: Rewards 366.978 :: steps: 1.00 :: Time: 0.012(0.01239/step) :: Entropy : 0.000 :: Grads : []
720 :: Rewards 370.910 :: steps: 1.00 :: Time: 0.012(0.01245/step) :: Entropy : 0.000 :: Grads : []
730 :: Rewards 374.678 :: steps: 1.00 :: Time: 0.012(0.01247/step) :: Entropy : 0.000 :: Grads : []
740 :: Rewards 378.216 :: steps: 1.00 :: Time: 0.013(0.01258/step) :: Entropy : 0.000 :: Grads : []
750 :: Rewards 381.522 :: steps: 1.00 :: Time: 0.013(0.01262/step) :: Entropy : 0.000 :: Grads : []
760 :: Rewards 384.556 :: steps: 1.00 :: Time: 0.013(0.01269/step) :: Entropy : 0.000 :: Grads : []
770 :: Rewards 387.403 :: steps: 1.00 :: Time: 0.013(0.01278/step) :: Entropy : 0.000 :: Grads : []
780 :: Rewards 389.963 :: steps: 1.00 :: Time: 0.013(0.01290/step) :: Entropy : 0.000 :: Grads : []
790 :: Rewards 392.320 :: steps: 1.00 :: Time: 0.013(0.01295/step) :: Entropy : 0.000 :: Grads : []
800 :: Rewards 394.412 :: steps: 1.00 :: Time: 0.013(0.01296/step) :: Entropy : 0.000 :: Grads : []
810 :: Rewards 396.270 :: steps: 1.00 :: Time: 0.013(0.01297/step) :: Entropy : 0.000 :: Grads : []
820 :: Rewards 397.865 :: steps: 1.00 :: Time: 0.013(0.01305/step) :: Entropy : 0.000 :: Grads : []
830 :: Rewards 399.209 :: steps: 1.00 :: Time: 0.013(0.01315/step) :: Entropy : 0.000 :: Grads : []
840 :: Rewards 400.298 :: steps: 1.00 :: Time: 0.013(0.01318/step) :: Entropy : 0.000 :: Grads : []
850 :: Rewards 401.163 :: steps: 1.00 :: Time: 0.013(0.01320/step) :: Entropy : 0.000 :: Grads : []
860 :: Rewards 401.738 :: steps: 1.00 :: Time: 0.013(0.01322/step) :: Entropy : 0.000 :: Grads : []
870 :: Rewards 402.087 :: steps: 1.00 :: Time: 0.013(0.01323/step) :: Entropy : 0.000 :: Grads : []
880 :: Rewards 402.175 :: steps: 1.00 :: Time: 0.013(0.01323/step) :: Entropy : 0.000 :: Grads : []
890 :: Rewards 401.994 :: steps: 1.00 :: Time: 0.013(0.01328/step) :: Entropy : 0.000 :: Grads : []
900 :: Rewards 401.519 :: steps: 1.00 :: Time: 0.013(0.01331/step) :: Entropy : 0.000 :: Grads : []
910 :: Rewards 400.811 :: steps: 1.00 :: Time: 0.013(0.01329/step) :: Entropy : 0.000 :: Grads : []
920 :: Rewards 399.866 :: steps: 1.00 :: Time: 0.013(0.01331/step) :: Entropy : 0.000 :: Grads : []
930 :: Rewards 398.644 :: steps: 1.00 :: Time: 0.013(0.01336/step) :: Entropy : 0.000 :: Grads : []
940 :: Rewards 397.170 :: steps: 1.00 :: Time: 0.013(0.01339/step) :: Entropy : 0.000 :: Grads : []
950 :: Rewards 395.460 :: steps: 1.00 :: Time: 0.013(0.01340/step) :: Entropy : 0.000 :: Grads : []
960 :: Rewards 393.489 :: steps: 1.00 :: Time: 0.013(0.01343/step) :: Entropy : 0.000 :: Grads : []
970 :: Rewards 391.296 :: steps: 1.00 :: Time: 0.013(0.01339/step) :: Entropy : 0.000 :: Grads : []
980 :: Rewards 388.800 :: steps: 1.00 :: Time: 0.013(0.01345/step) :: Entropy : 0.000 :: Grads : []
990 :: Rewards 386.073 :: steps: 1.00 :: Time: 0.013(0.01349/step) :: Entropy : 0.000 :: Grads : []
999 :: Rewards 383.424 :: steps: 0.90 :: Time: 0.012(0.01353/step) :: Entropy : 0.000 :: Grads : []
Total time taken: 11.008410930633545
