Module path:  Environments.NS_Reco NS_Reco
Dynamically loaded from:  <class 'Environments.NS_Reco.NS_Reco'>
Reward Amplitudes: [4.17022005e-01 7.20324493e-01 1.14374817e-04 3.02332573e-01
 1.46755891e-01] :: Avg 0.317309867282206 
Module path:  Src.Algorithms.ProWLS ProWLS
Dynamically loaded from:  <class 'Src.Algorithms.ProWLS.ProWLS'>
=====Configurations=====
 Namespace(NN_basis_dim='32', Policy_basis_dim='32', actor_lr=0.0017966647558361548, algo_name='ProWLS', base=0, batch_size=1000, buffer_size=1000, debug=False, delta=1, entropy_lambda=0.006997441955638448, env_name='NS_Reco', experiment='NS_1r_', extrapolator_basis='Fourier', folder_suffix='Default', fourier_coupled=True, fourier_k=3, fourier_order=3, gamma=0.99, gauss_std=1.5, gpu=0, hyper='default', importance_clip=10.0, inc=1, log_output='term_file', max_episodes=1000, max_inner=30, max_steps=500, optim='rmsprop', oracle=-1, raw_basis=True, restore=False, save_count=100, save_model=True, seed=2, speed=1, state_lr=0.001, summary=True, swarm=False, timestamp='5|25|11:35:57')
Actions space: 5 :: State space: 1
State Low: tensor([0.]) :: State High: tensor([1.])
State features:  [('dummy_param', torch.Size([1]))]
Policy:  [('fc1.weight', torch.Size([5, 1])), ('fc1.bias', torch.Size([5]))]
0 :: Rewards -0.012 :: steps: 0.10 :: Time: 0.000(0.00059/step) :: Entropy : 0.000 :: Grads : []
10 :: Rewards -0.127 :: steps: 1.00 :: Time: 0.014(0.01393/step) :: Entropy : 0.000 :: Grads : []
20 :: Rewards -0.270 :: steps: 1.00 :: Time: 0.017(0.01728/step) :: Entropy : 0.000 :: Grads : []
30 :: Rewards -0.511 :: steps: 1.00 :: Time: 0.018(0.01821/step) :: Entropy : 0.000 :: Grads : []
40 :: Rewards -0.738 :: steps: 1.00 :: Time: 0.018(0.01757/step) :: Entropy : 0.000 :: Grads : []
50 :: Rewards -0.844 :: steps: 1.00 :: Time: 0.019(0.01916/step) :: Entropy : 0.000 :: Grads : []
60 :: Rewards -0.844 :: steps: 1.00 :: Time: 0.018(0.01771/step) :: Entropy : 0.000 :: Grads : []
70 :: Rewards -1.113 :: steps: 1.00 :: Time: 0.018(0.01781/step) :: Entropy : 0.000 :: Grads : []
80 :: Rewards -1.113 :: steps: 1.00 :: Time: 0.018(0.01843/step) :: Entropy : 0.000 :: Grads : []
90 :: Rewards -1.292 :: steps: 1.00 :: Time: 0.018(0.01843/step) :: Entropy : 0.000 :: Grads : []
100 :: Rewards -1.292 :: steps: 1.00 :: Time: 0.019(0.01909/step) :: Entropy : 0.000 :: Grads : []
110 :: Rewards -1.563 :: steps: 1.00 :: Time: 0.019(0.01909/step) :: Entropy : 0.000 :: Grads : []
120 :: Rewards -1.718 :: steps: 1.00 :: Time: 0.019(0.01931/step) :: Entropy : 0.000 :: Grads : []
130 :: Rewards -1.922 :: steps: 1.00 :: Time: 0.020(0.01975/step) :: Entropy : 0.000 :: Grads : []
140 :: Rewards -1.922 :: steps: 1.00 :: Time: 0.020(0.01999/step) :: Entropy : 0.000 :: Grads : []
150 :: Rewards -1.922 :: steps: 1.00 :: Time: 0.020(0.02041/step) :: Entropy : 0.000 :: Grads : []
160 :: Rewards -1.922 :: steps: 1.00 :: Time: 0.021(0.02067/step) :: Entropy : 0.000 :: Grads : []
170 :: Rewards -2.281 :: steps: 1.00 :: Time: 0.021(0.02095/step) :: Entropy : 0.000 :: Grads : []
180 :: Rewards -2.926 :: steps: 1.00 :: Time: 0.021(0.02125/step) :: Entropy : 0.000 :: Grads : []
190 :: Rewards -3.792 :: steps: 1.00 :: Time: 0.023(0.02312/step) :: Entropy : 0.000 :: Grads : []
200 :: Rewards -3.792 :: steps: 1.00 :: Time: 0.024(0.02359/step) :: Entropy : 0.000 :: Grads : []
210 :: Rewards -3.792 :: steps: 1.00 :: Time: 0.024(0.02431/step) :: Entropy : 0.000 :: Grads : []
220 :: Rewards -3.792 :: steps: 1.00 :: Time: 0.025(0.02474/step) :: Entropy : 0.000 :: Grads : []
230 :: Rewards -4.245 :: steps: 1.00 :: Time: 0.025(0.02525/step) :: Entropy : 0.000 :: Grads : []
240 :: Rewards -4.535 :: steps: 1.00 :: Time: 0.026(0.02582/step) :: Entropy : 0.000 :: Grads : []
250 :: Rewards -5.102 :: steps: 1.00 :: Time: 0.026(0.02643/step) :: Entropy : 0.000 :: Grads : []
260 :: Rewards -5.102 :: steps: 1.00 :: Time: 0.027(0.02708/step) :: Entropy : 0.000 :: Grads : []
270 :: Rewards -5.102 :: steps: 1.00 :: Time: 0.028(0.02762/step) :: Entropy : 0.000 :: Grads : []
280 :: Rewards -5.102 :: steps: 1.00 :: Time: 0.028(0.02805/step) :: Entropy : 0.000 :: Grads : []
290 :: Rewards -5.102 :: steps: 1.00 :: Time: 0.028(0.02843/step) :: Entropy : 0.000 :: Grads : []
300 :: Rewards -5.102 :: steps: 1.00 :: Time: 0.029(0.02883/step) :: Entropy : 0.000 :: Grads : []
310 :: Rewards -6.160 :: steps: 1.00 :: Time: 0.029(0.02923/step) :: Entropy : 0.000 :: Grads : []
320 :: Rewards -6.597 :: steps: 1.00 :: Time: 0.030(0.02996/step) :: Entropy : 0.000 :: Grads : []
330 :: Rewards -7.581 :: steps: 1.00 :: Time: 0.031(0.03061/step) :: Entropy : 0.000 :: Grads : []
340 :: Rewards -7.581 :: steps: 1.00 :: Time: 0.032(0.03224/step) :: Entropy : 0.000 :: Grads : []
350 :: Rewards -7.581 :: steps: 1.00 :: Time: 0.033(0.03277/step) :: Entropy : 0.000 :: Grads : []
360 :: Rewards -7.581 :: steps: 1.00 :: Time: 0.033(0.03278/step) :: Entropy : 0.000 :: Grads : []
370 :: Rewards -7.581 :: steps: 1.00 :: Time: 0.034(0.03401/step) :: Entropy : 0.000 :: Grads : []
380 :: Rewards -7.581 :: steps: 1.00 :: Time: 0.035(0.03525/step) :: Entropy : 0.000 :: Grads : []
390 :: Rewards -7.581 :: steps: 1.00 :: Time: 0.035(0.03483/step) :: Entropy : 0.000 :: Grads : []
400 :: Rewards -7.917 :: steps: 1.00 :: Time: 0.035(0.03489/step) :: Entropy : 0.000 :: Grads : []
410 :: Rewards -8.617 :: steps: 1.00 :: Time: 0.036(0.03649/step) :: Entropy : 0.000 :: Grads : []
420 :: Rewards -8.617 :: steps: 1.00 :: Time: 0.037(0.03657/step) :: Entropy : 0.000 :: Grads : []
430 :: Rewards -8.617 :: steps: 1.00 :: Time: 0.037(0.03724/step) :: Entropy : 0.000 :: Grads : []
440 :: Rewards -8.617 :: steps: 1.00 :: Time: 0.037(0.03679/step) :: Entropy : 0.000 :: Grads : []
450 :: Rewards -8.617 :: steps: 1.00 :: Time: 0.038(0.03780/step) :: Entropy : 0.000 :: Grads : []
460 :: Rewards -11.014 :: steps: 1.00 :: Time: 0.039(0.03862/step) :: Entropy : 0.000 :: Grads : []
470 :: Rewards -11.616 :: steps: 1.00 :: Time: 0.040(0.04003/step) :: Entropy : 0.000 :: Grads : []
480 :: Rewards -12.206 :: steps: 1.00 :: Time: 0.041(0.04137/step) :: Entropy : 0.000 :: Grads : []
490 :: Rewards -12.494 :: steps: 1.00 :: Time: 0.042(0.04177/step) :: Entropy : 0.000 :: Grads : []
500 :: Rewards -12.795 :: steps: 1.00 :: Time: 0.042(0.04220/step) :: Entropy : 0.000 :: Grads : []
510 :: Rewards -12.795 :: steps: 1.00 :: Time: 0.043(0.04309/step) :: Entropy : 0.000 :: Grads : []
520 :: Rewards -13.199 :: steps: 1.00 :: Time: 0.044(0.04446/step) :: Entropy : 0.000 :: Grads : []
530 :: Rewards -13.589 :: steps: 1.00 :: Time: 0.045(0.04512/step) :: Entropy : 0.000 :: Grads : []
540 :: Rewards -13.589 :: steps: 1.00 :: Time: 0.046(0.04570/step) :: Entropy : 0.000 :: Grads : []
550 :: Rewards -13.589 :: steps: 1.00 :: Time: 0.049(0.04914/step) :: Entropy : 0.000 :: Grads : []
560 :: Rewards -13.589 :: steps: 1.00 :: Time: 0.047(0.04698/step) :: Entropy : 0.000 :: Grads : []
570 :: Rewards -13.589 :: steps: 1.00 :: Time: 0.048(0.04840/step) :: Entropy : 0.000 :: Grads : []
580 :: Rewards -13.589 :: steps: 1.00 :: Time: 0.049(0.04891/step) :: Entropy : 0.000 :: Grads : []
590 :: Rewards -13.589 :: steps: 1.00 :: Time: 0.050(0.04980/step) :: Entropy : 0.000 :: Grads : []
600 :: Rewards -13.589 :: steps: 1.00 :: Time: 0.051(0.05116/step) :: Entropy : 0.000 :: Grads : []
610 :: Rewards -13.589 :: steps: 1.00 :: Time: 0.052(0.05170/step) :: Entropy : 0.000 :: Grads : []
620 :: Rewards -13.589 :: steps: 1.00 :: Time: 0.053(0.05319/step) :: Entropy : 0.000 :: Grads : []
630 :: Rewards -14.020 :: steps: 1.00 :: Time: 0.054(0.05428/step) :: Entropy : 0.000 :: Grads : []
640 :: Rewards -14.020 :: steps: 1.00 :: Time: 0.057(0.05663/step) :: Entropy : 0.000 :: Grads : []
650 :: Rewards -14.020 :: steps: 1.00 :: Time: 0.056(0.05571/step) :: Entropy : 0.000 :: Grads : []
660 :: Rewards -14.020 :: steps: 1.00 :: Time: 0.059(0.05862/step) :: Entropy : 0.000 :: Grads : []
670 :: Rewards -14.020 :: steps: 1.00 :: Time: 0.056(0.05593/step) :: Entropy : 0.000 :: Grads : []
680 :: Rewards -14.020 :: steps: 1.00 :: Time: 0.058(0.05823/step) :: Entropy : 0.000 :: Grads : []
690 :: Rewards -14.020 :: steps: 1.00 :: Time: 0.058(0.05814/step) :: Entropy : 0.000 :: Grads : []
700 :: Rewards -14.887 :: steps: 1.00 :: Time: 0.059(0.05938/step) :: Entropy : 0.000 :: Grads : []
710 :: Rewards -14.887 :: steps: 1.00 :: Time: 0.060(0.05968/step) :: Entropy : 0.000 :: Grads : []
720 :: Rewards -14.893 :: steps: 1.00 :: Time: 0.061(0.06080/step) :: Entropy : 0.000 :: Grads : []
730 :: Rewards -14.955 :: steps: 1.00 :: Time: 0.063(0.06347/step) :: Entropy : 0.000 :: Grads : []
740 :: Rewards -15.182 :: steps: 1.00 :: Time: 0.065(0.06485/step) :: Entropy : 0.000 :: Grads : []
750 :: Rewards -15.594 :: steps: 1.00 :: Time: 0.068(0.06773/step) :: Entropy : 0.000 :: Grads : []
760 :: Rewards -16.104 :: steps: 1.00 :: Time: 0.069(0.06866/step) :: Entropy : 0.000 :: Grads : []
770 :: Rewards -16.604 :: steps: 1.00 :: Time: 0.070(0.06979/step) :: Entropy : 0.000 :: Grads : []
780 :: Rewards -17.349 :: steps: 1.00 :: Time: 0.071(0.07138/step) :: Entropy : 0.000 :: Grads : []
790 :: Rewards -17.570 :: steps: 1.00 :: Time: 0.073(0.07278/step) :: Entropy : 0.000 :: Grads : []
800 :: Rewards -17.714 :: steps: 1.00 :: Time: 0.074(0.07390/step) :: Entropy : 0.000 :: Grads : []
810 :: Rewards -17.714 :: steps: 1.00 :: Time: 0.076(0.07608/step) :: Entropy : 0.000 :: Grads : []
820 :: Rewards -18.267 :: steps: 1.00 :: Time: 0.080(0.07987/step) :: Entropy : 0.000 :: Grads : []
830 :: Rewards -18.267 :: steps: 1.00 :: Time: 0.079(0.07947/step) :: Entropy : 0.000 :: Grads : []
840 :: Rewards -18.429 :: steps: 1.00 :: Time: 0.081(0.08137/step) :: Entropy : 0.000 :: Grads : []
850 :: Rewards -18.587 :: steps: 1.00 :: Time: 0.083(0.08326/step) :: Entropy : 0.000 :: Grads : []
860 :: Rewards -19.252 :: steps: 1.00 :: Time: 0.087(0.08660/step) :: Entropy : 0.000 :: Grads : []
870 :: Rewards -19.395 :: steps: 1.00 :: Time: 0.085(0.08546/step) :: Entropy : 0.000 :: Grads : []
880 :: Rewards -19.538 :: steps: 1.00 :: Time: 0.086(0.08650/step) :: Entropy : 0.000 :: Grads : []
890 :: Rewards -19.538 :: steps: 1.00 :: Time: 0.088(0.08848/step) :: Entropy : 0.000 :: Grads : []
900 :: Rewards -19.538 :: steps: 1.00 :: Time: 0.088(0.08813/step) :: Entropy : 0.000 :: Grads : []
910 :: Rewards -19.767 :: steps: 1.00 :: Time: 0.092(0.09221/step) :: Entropy : 0.000 :: Grads : []
920 :: Rewards -19.968 :: steps: 1.00 :: Time: 0.094(0.09388/step) :: Entropy : 0.000 :: Grads : []
930 :: Rewards -20.120 :: steps: 1.00 :: Time: 0.096(0.09598/step) :: Entropy : 0.000 :: Grads : []
940 :: Rewards -20.120 :: steps: 1.00 :: Time: 0.098(0.09818/step) :: Entropy : 0.000 :: Grads : []
950 :: Rewards -20.276 :: steps: 1.00 :: Time: 0.102(0.10245/step) :: Entropy : 0.000 :: Grads : []
960 :: Rewards -20.372 :: steps: 1.00 :: Time: 0.107(0.10660/step) :: Entropy : 0.000 :: Grads : []
970 :: Rewards -20.436 :: steps: 1.00 :: Time: 0.112(0.11179/step) :: Entropy : 0.000 :: Grads : []
980 :: Rewards -20.436 :: steps: 1.00 :: Time: 0.111(0.11095/step) :: Entropy : 0.000 :: Grads : []
990 :: Rewards -20.436 :: steps: 1.00 :: Time: 0.108(0.10841/step) :: Entropy : 0.000 :: Grads : []
999 :: Rewards -20.490 :: steps: 0.90 :: Time: 0.098(0.10911/step) :: Entropy : 0.000 :: Grads : []
Total time taken: 49.36191201210022
