Module path:  Environments.NS_Reco NS_Reco
Dynamically loaded from:  <class 'Environments.NS_Reco.NS_Reco'>
Reward Amplitudes: [4.17022005e-01 7.20324493e-01 1.14374817e-04 3.02332573e-01
 1.46755891e-01] :: Avg 0.317309867282206 
Module path:  Src.Algorithms.ProOLS ProOLS
Dynamically loaded from:  <class 'Src.Algorithms.ProOLS.ProOLS'>
=====Configurations=====
 Namespace(NN_basis_dim='32', Policy_basis_dim='32', actor_lr=0.0013967975033711264, algo_name='ProOLS', base=0, batch_size=1000, buffer_size=1000, debug=False, delta=1, entropy_lambda=0.009309067356364342, env_name='NS_Reco', experiment='NS_2_', extrapolator_basis='Fourier', folder_suffix='Default', fourier_coupled=True, fourier_k=5, fourier_order=3, gamma=0.99, gauss_std=1.5, gpu=0, hyper='default', importance_clip=15.0, inc=1, log_output='term_file', max_episodes=1000, max_inner=30, max_steps=500, optim='rmsprop', oracle=-1, raw_basis=True, restore=False, save_count=100, save_model=True, seed=12, speed=2, state_lr=0.001, summary=True, swarm=False, timestamp='5|24|17:20:51')
Actions space: 5 :: State space: 1
State Low: tensor([0.]) :: State High: tensor([1.])
State features:  [('dummy_param', torch.Size([1]))]
Policy:  [('fc1.weight', torch.Size([5, 1])), ('fc1.bias', torch.Size([5]))]
0 :: Rewards -0.005 :: steps: 0.10 :: Time: 0.000(0.00056/step) :: Entropy : 0.000 :: Grads : []
10 :: Rewards 0.103 :: steps: 1.00 :: Time: 0.008(0.00798/step) :: Entropy : 0.000 :: Grads : []
20 :: Rewards 0.334 :: steps: 1.00 :: Time: 0.013(0.01265/step) :: Entropy : 0.000 :: Grads : []
30 :: Rewards 0.706 :: steps: 1.00 :: Time: 0.013(0.01293/step) :: Entropy : 0.000 :: Grads : []
40 :: Rewards 1.533 :: steps: 1.00 :: Time: 0.012(0.01244/step) :: Entropy : 0.000 :: Grads : []
50 :: Rewards 2.625 :: steps: 1.00 :: Time: 0.013(0.01254/step) :: Entropy : 0.000 :: Grads : []
60 :: Rewards 3.966 :: steps: 1.00 :: Time: 0.013(0.01260/step) :: Entropy : 0.000 :: Grads : []
70 :: Rewards 6.635 :: steps: 1.00 :: Time: 0.013(0.01271/step) :: Entropy : 0.000 :: Grads : []
80 :: Rewards 8.813 :: steps: 1.00 :: Time: 0.013(0.01283/step) :: Entropy : 0.000 :: Grads : []
90 :: Rewards 12.433 :: steps: 1.00 :: Time: 0.013(0.01293/step) :: Entropy : 0.000 :: Grads : []
100 :: Rewards 16.486 :: steps: 1.00 :: Time: 0.013(0.01302/step) :: Entropy : 0.000 :: Grads : []
110 :: Rewards 21.013 :: steps: 1.00 :: Time: 0.013(0.01339/step) :: Entropy : 0.000 :: Grads : []
120 :: Rewards 26.311 :: steps: 1.00 :: Time: 0.013(0.01347/step) :: Entropy : 0.000 :: Grads : []
130 :: Rewards 31.953 :: steps: 1.00 :: Time: 0.014(0.01357/step) :: Entropy : 0.000 :: Grads : []
140 :: Rewards 37.914 :: steps: 1.00 :: Time: 0.014(0.01373/step) :: Entropy : 0.000 :: Grads : []
150 :: Rewards 44.129 :: steps: 1.00 :: Time: 0.014(0.01385/step) :: Entropy : 0.000 :: Grads : []
160 :: Rewards 50.554 :: steps: 1.00 :: Time: 0.014(0.01408/step) :: Entropy : 0.000 :: Grads : []
170 :: Rewards 57.248 :: steps: 1.00 :: Time: 0.014(0.01397/step) :: Entropy : 0.000 :: Grads : []
180 :: Rewards 64.083 :: steps: 1.00 :: Time: 0.014(0.01405/step) :: Entropy : 0.000 :: Grads : []
190 :: Rewards 71.104 :: steps: 1.00 :: Time: 0.014(0.01411/step) :: Entropy : 0.000 :: Grads : []
200 :: Rewards 78.216 :: steps: 1.00 :: Time: 0.014(0.01421/step) :: Entropy : 0.000 :: Grads : []
210 :: Rewards 85.418 :: steps: 1.00 :: Time: 0.014(0.01431/step) :: Entropy : 0.000 :: Grads : []
220 :: Rewards 92.594 :: steps: 1.00 :: Time: 0.014(0.01441/step) :: Entropy : 0.000 :: Grads : []
230 :: Rewards 99.737 :: steps: 1.00 :: Time: 0.014(0.01450/step) :: Entropy : 0.000 :: Grads : []
240 :: Rewards 106.901 :: steps: 1.00 :: Time: 0.015(0.01458/step) :: Entropy : 0.000 :: Grads : []
250 :: Rewards 113.967 :: steps: 1.00 :: Time: 0.015(0.01466/step) :: Entropy : 0.000 :: Grads : []
260 :: Rewards 120.894 :: steps: 1.00 :: Time: 0.015(0.01487/step) :: Entropy : 0.000 :: Grads : []
270 :: Rewards 127.699 :: steps: 1.00 :: Time: 0.015(0.01512/step) :: Entropy : 0.000 :: Grads : []
280 :: Rewards 134.357 :: steps: 1.00 :: Time: 0.015(0.01518/step) :: Entropy : 0.000 :: Grads : []
290 :: Rewards 140.804 :: steps: 1.00 :: Time: 0.015(0.01522/step) :: Entropy : 0.000 :: Grads : []
300 :: Rewards 146.960 :: steps: 1.00 :: Time: 0.015(0.01524/step) :: Entropy : 0.000 :: Grads : []
310 :: Rewards 152.810 :: steps: 1.00 :: Time: 0.015(0.01536/step) :: Entropy : 0.000 :: Grads : []
320 :: Rewards 158.403 :: steps: 1.00 :: Time: 0.016(0.01556/step) :: Entropy : 0.000 :: Grads : []
330 :: Rewards 163.642 :: steps: 1.00 :: Time: 0.016(0.01563/step) :: Entropy : 0.000 :: Grads : []
340 :: Rewards 168.535 :: steps: 1.00 :: Time: 0.016(0.01579/step) :: Entropy : 0.000 :: Grads : []
350 :: Rewards 173.005 :: steps: 1.00 :: Time: 0.016(0.01607/step) :: Entropy : 0.000 :: Grads : []
360 :: Rewards 177.081 :: steps: 1.00 :: Time: 0.016(0.01609/step) :: Entropy : 0.000 :: Grads : []
370 :: Rewards 180.724 :: steps: 1.00 :: Time: 0.016(0.01643/step) :: Entropy : 0.000 :: Grads : []
380 :: Rewards 183.903 :: steps: 1.00 :: Time: 0.017(0.01659/step) :: Entropy : 0.000 :: Grads : []
390 :: Rewards 186.607 :: steps: 1.00 :: Time: 0.017(0.01666/step) :: Entropy : 0.000 :: Grads : []
400 :: Rewards 188.811 :: steps: 1.00 :: Time: 0.017(0.01684/step) :: Entropy : 0.000 :: Grads : []
410 :: Rewards 190.525 :: steps: 1.00 :: Time: 0.017(0.01705/step) :: Entropy : 0.000 :: Grads : []
420 :: Rewards 191.729 :: steps: 1.00 :: Time: 0.018(0.01752/step) :: Entropy : 0.000 :: Grads : []
430 :: Rewards 192.431 :: steps: 1.00 :: Time: 0.018(0.01762/step) :: Entropy : 0.000 :: Grads : []
440 :: Rewards 192.590 :: steps: 1.00 :: Time: 0.018(0.01765/step) :: Entropy : 0.000 :: Grads : []
450 :: Rewards 192.233 :: steps: 1.00 :: Time: 0.018(0.01769/step) :: Entropy : 0.000 :: Grads : []
460 :: Rewards 191.379 :: steps: 1.00 :: Time: 0.018(0.01781/step) :: Entropy : 0.000 :: Grads : []
470 :: Rewards 190.041 :: steps: 1.00 :: Time: 0.018(0.01788/step) :: Entropy : 0.000 :: Grads : []
480 :: Rewards 188.222 :: steps: 1.00 :: Time: 0.018(0.01790/step) :: Entropy : 0.000 :: Grads : []
490 :: Rewards 185.912 :: steps: 1.00 :: Time: 0.018(0.01804/step) :: Entropy : 0.000 :: Grads : []
500 :: Rewards 183.103 :: steps: 1.00 :: Time: 0.018(0.01802/step) :: Entropy : 0.000 :: Grads : []
510 :: Rewards 179.791 :: steps: 1.00 :: Time: 0.018(0.01809/step) :: Entropy : 0.000 :: Grads : []
520 :: Rewards 176.072 :: steps: 1.00 :: Time: 0.018(0.01849/step) :: Entropy : 0.000 :: Grads : []
530 :: Rewards 171.878 :: steps: 1.00 :: Time: 0.019(0.01855/step) :: Entropy : 0.000 :: Grads : []
540 :: Rewards 167.275 :: steps: 1.00 :: Time: 0.019(0.01867/step) :: Entropy : 0.000 :: Grads : []
550 :: Rewards 162.314 :: steps: 1.00 :: Time: 0.019(0.01865/step) :: Entropy : 0.000 :: Grads : []
560 :: Rewards 156.926 :: steps: 1.00 :: Time: 0.019(0.01865/step) :: Entropy : 0.000 :: Grads : []
570 :: Rewards 151.266 :: steps: 1.00 :: Time: 0.019(0.01873/step) :: Entropy : 0.000 :: Grads : []
580 :: Rewards 145.307 :: steps: 1.00 :: Time: 0.019(0.01879/step) :: Entropy : 0.000 :: Grads : []
590 :: Rewards 139.077 :: steps: 1.00 :: Time: 0.019(0.01890/step) :: Entropy : 0.000 :: Grads : []
600 :: Rewards 132.631 :: steps: 1.00 :: Time: 0.019(0.01900/step) :: Entropy : 0.000 :: Grads : []
610 :: Rewards 125.939 :: steps: 1.00 :: Time: 0.019(0.01901/step) :: Entropy : 0.000 :: Grads : []
620 :: Rewards 119.065 :: steps: 1.00 :: Time: 0.019(0.01895/step) :: Entropy : 0.000 :: Grads : []
630 :: Rewards 112.072 :: steps: 1.00 :: Time: 0.019(0.01906/step) :: Entropy : 0.000 :: Grads : []
640 :: Rewards 104.958 :: steps: 1.00 :: Time: 0.019(0.01912/step) :: Entropy : 0.000 :: Grads : []
650 :: Rewards 97.787 :: steps: 1.00 :: Time: 0.019(0.01922/step) :: Entropy : 0.000 :: Grads : []
660 :: Rewards 90.546 :: steps: 1.00 :: Time: 0.019(0.01930/step) :: Entropy : 0.000 :: Grads : []
670 :: Rewards 83.336 :: steps: 1.00 :: Time: 0.019(0.01904/step) :: Entropy : 0.000 :: Grads : []
680 :: Rewards 76.173 :: steps: 1.00 :: Time: 0.019(0.01908/step) :: Entropy : 0.000 :: Grads : []
690 :: Rewards 69.078 :: steps: 1.00 :: Time: 0.019(0.01921/step) :: Entropy : 0.000 :: Grads : []
700 :: Rewards 62.149 :: steps: 1.00 :: Time: 0.019(0.01935/step) :: Entropy : 0.000 :: Grads : []
710 :: Rewards 55.343 :: steps: 1.00 :: Time: 0.019(0.01941/step) :: Entropy : 0.000 :: Grads : []
720 :: Rewards 48.711 :: steps: 1.00 :: Time: 0.020(0.01951/step) :: Entropy : 0.000 :: Grads : []
730 :: Rewards 42.276 :: steps: 1.00 :: Time: 0.020(0.01962/step) :: Entropy : 0.000 :: Grads : []
740 :: Rewards 36.151 :: steps: 1.00 :: Time: 0.020(0.01969/step) :: Entropy : 0.000 :: Grads : []
750 :: Rewards 30.262 :: steps: 1.00 :: Time: 0.020(0.01992/step) :: Entropy : 0.000 :: Grads : []
760 :: Rewards 24.730 :: steps: 1.00 :: Time: 0.020(0.02000/step) :: Entropy : 0.000 :: Grads : []
770 :: Rewards 19.529 :: steps: 1.00 :: Time: 0.020(0.02010/step) :: Entropy : 0.000 :: Grads : []
780 :: Rewards 15.162 :: steps: 1.00 :: Time: 0.020(0.02019/step) :: Entropy : 0.000 :: Grads : []
790 :: Rewards 11.973 :: steps: 1.00 :: Time: 0.020(0.02021/step) :: Entropy : 0.000 :: Grads : []
800 :: Rewards 10.617 :: steps: 1.00 :: Time: 0.020(0.02023/step) :: Entropy : 0.000 :: Grads : []
810 :: Rewards 10.012 :: steps: 1.00 :: Time: 0.020(0.02035/step) :: Entropy : 0.000 :: Grads : []
820 :: Rewards 8.932 :: steps: 1.00 :: Time: 0.020(0.02042/step) :: Entropy : 0.000 :: Grads : []
830 :: Rewards 8.420 :: steps: 1.00 :: Time: 0.021(0.02053/step) :: Entropy : 0.000 :: Grads : []
840 :: Rewards 7.858 :: steps: 1.00 :: Time: 0.021(0.02060/step) :: Entropy : 0.000 :: Grads : []
850 :: Rewards 6.900 :: steps: 1.00 :: Time: 0.021(0.02054/step) :: Entropy : 0.000 :: Grads : []
860 :: Rewards 6.224 :: steps: 1.00 :: Time: 0.021(0.02067/step) :: Entropy : 0.000 :: Grads : []
870 :: Rewards 5.488 :: steps: 1.00 :: Time: 0.021(0.02072/step) :: Entropy : 0.000 :: Grads : []
880 :: Rewards 4.714 :: steps: 1.00 :: Time: 0.021(0.02070/step) :: Entropy : 0.000 :: Grads : []
890 :: Rewards 4.297 :: steps: 1.00 :: Time: 0.021(0.02080/step) :: Entropy : 0.000 :: Grads : []
900 :: Rewards 3.954 :: steps: 1.00 :: Time: 0.021(0.02084/step) :: Entropy : 0.000 :: Grads : []
910 :: Rewards 3.733 :: steps: 1.00 :: Time: 0.021(0.02088/step) :: Entropy : 0.000 :: Grads : []
920 :: Rewards 3.740 :: steps: 1.00 :: Time: 0.021(0.02093/step) :: Entropy : 0.000 :: Grads : []
930 :: Rewards 3.752 :: steps: 1.00 :: Time: 0.021(0.02085/step) :: Entropy : 0.000 :: Grads : []
940 :: Rewards 3.751 :: steps: 1.00 :: Time: 0.021(0.02092/step) :: Entropy : 0.000 :: Grads : []
950 :: Rewards 3.675 :: steps: 1.00 :: Time: 0.021(0.02133/step) :: Entropy : 0.000 :: Grads : []
960 :: Rewards 3.686 :: steps: 1.00 :: Time: 0.021(0.02148/step) :: Entropy : 0.000 :: Grads : []
970 :: Rewards 3.659 :: steps: 1.00 :: Time: 0.022(0.02160/step) :: Entropy : 0.000 :: Grads : []
980 :: Rewards 3.193 :: steps: 1.00 :: Time: 0.021(0.02102/step) :: Entropy : 0.000 :: Grads : []
990 :: Rewards 3.184 :: steps: 1.00 :: Time: 0.021(0.02095/step) :: Entropy : 0.000 :: Grads : []
999 :: Rewards 4.561 :: steps: 0.90 :: Time: 0.019(0.02117/step) :: Entropy : 0.000 :: Grads : []
Total time taken: 17.447150945663452
