Module path:  Environments.NS_Reco NS_Reco
Dynamically loaded from:  <class 'Environments.NS_Reco.NS_Reco'>
Reward Amplitudes: [4.17022005e-01 7.20324493e-01 1.14374817e-04 3.02332573e-01
 1.46755891e-01] :: Avg 0.317309867282206 
Module path:  Src.Algorithms.OFPG OFPG
Dynamically loaded from:  <class 'Src.Algorithms.OFPG.OFPG'>
=====Configurations=====
 Namespace(NN_basis_dim='32', Policy_basis_dim='32', actor_lr=0.002251439950474301, algo_name='OFPG', base=0, batch_size=1000, buffer_size=1000, debug=False, delta=1, entropy_lambda=0.11057727559233214, env_name='NS_Reco', experiment='NS_3_', extrapolator_basis='Fourier', folder_suffix='Default', fourier_coupled=True, fourier_k=7, fourier_order=3, gamma=0.99, gauss_std=1.5, gpu=0, hyper='default', importance_clip=10.0, inc=1, log_output='term_file', max_episodes=1000, max_inner=30, max_steps=500, optim='rmsprop', oracle=-1, raw_basis=True, restore=False, save_count=100, save_model=True, seed=5, speed=3, state_lr=0.001, summary=True, swarm=False, timestamp='5|24|22:29:4')
Actions space: 5 :: State space: 1
State Low: tensor([0.]) :: State High: tensor([1.])
State features:  [('dummy_param', torch.Size([1]))]
Policy:  [('fc1.weight', torch.Size([5, 1])), ('fc1.bias', torch.Size([5]))]
0 :: Rewards 0.003 :: steps: 0.10 :: Time: 0.001(0.01369/step) :: Entropy : 0.000 :: Grads : []
10 :: Rewards 0.157 :: steps: 1.00 :: Time: 0.012(0.01210/step) :: Entropy : 0.000 :: Grads : []
20 :: Rewards 0.565 :: steps: 1.00 :: Time: 0.012(0.01234/step) :: Entropy : 0.000 :: Grads : []
30 :: Rewards 1.532 :: steps: 1.00 :: Time: 0.013(0.01262/step) :: Entropy : 0.000 :: Grads : []
40 :: Rewards 3.532 :: steps: 1.00 :: Time: 0.012(0.01223/step) :: Entropy : 0.000 :: Grads : []
50 :: Rewards 5.464 :: steps: 1.00 :: Time: 0.012(0.01219/step) :: Entropy : 0.000 :: Grads : []
60 :: Rewards 8.984 :: steps: 1.00 :: Time: 0.012(0.01245/step) :: Entropy : 0.000 :: Grads : []
70 :: Rewards 13.080 :: steps: 1.00 :: Time: 0.013(0.01256/step) :: Entropy : 0.000 :: Grads : []
80 :: Rewards 17.942 :: steps: 1.00 :: Time: 0.013(0.01273/step) :: Entropy : 0.000 :: Grads : []
90 :: Rewards 21.439 :: steps: 1.00 :: Time: 0.013(0.01263/step) :: Entropy : 0.000 :: Grads : []
100 :: Rewards 26.791 :: steps: 1.00 :: Time: 0.013(0.01279/step) :: Entropy : 0.000 :: Grads : []
110 :: Rewards 31.910 :: steps: 1.00 :: Time: 0.013(0.01304/step) :: Entropy : 0.000 :: Grads : []
120 :: Rewards 37.900 :: steps: 1.00 :: Time: 0.013(0.01305/step) :: Entropy : 0.000 :: Grads : []
130 :: Rewards 43.662 :: steps: 1.00 :: Time: 0.013(0.01319/step) :: Entropy : 0.000 :: Grads : []
140 :: Rewards 50.467 :: steps: 1.00 :: Time: 0.013(0.01340/step) :: Entropy : 0.000 :: Grads : []
150 :: Rewards 56.815 :: steps: 1.00 :: Time: 0.013(0.01342/step) :: Entropy : 0.000 :: Grads : []
160 :: Rewards 62.368 :: steps: 1.00 :: Time: 0.014(0.01366/step) :: Entropy : 0.000 :: Grads : []
170 :: Rewards 68.276 :: steps: 1.00 :: Time: 0.014(0.01381/step) :: Entropy : 0.000 :: Grads : []
180 :: Rewards 73.045 :: steps: 1.00 :: Time: 0.014(0.01391/step) :: Entropy : 0.000 :: Grads : []
190 :: Rewards 79.273 :: steps: 1.00 :: Time: 0.014(0.01394/step) :: Entropy : 0.000 :: Grads : []
200 :: Rewards 84.952 :: steps: 1.00 :: Time: 0.014(0.01401/step) :: Entropy : 0.000 :: Grads : []
210 :: Rewards 90.298 :: steps: 1.00 :: Time: 0.014(0.01411/step) :: Entropy : 0.000 :: Grads : []
220 :: Rewards 95.592 :: steps: 1.00 :: Time: 0.014(0.01430/step) :: Entropy : 0.000 :: Grads : []
230 :: Rewards 100.142 :: steps: 1.00 :: Time: 0.014(0.01441/step) :: Entropy : 0.000 :: Grads : []
240 :: Rewards 104.314 :: steps: 1.00 :: Time: 0.015(0.01451/step) :: Entropy : 0.000 :: Grads : []
250 :: Rewards 107.828 :: steps: 1.00 :: Time: 0.015(0.01456/step) :: Entropy : 0.000 :: Grads : []
260 :: Rewards 110.628 :: steps: 1.00 :: Time: 0.015(0.01492/step) :: Entropy : 0.000 :: Grads : []
270 :: Rewards 112.778 :: steps: 1.00 :: Time: 0.015(0.01548/step) :: Entropy : 0.000 :: Grads : []
280 :: Rewards 114.297 :: steps: 1.00 :: Time: 0.015(0.01535/step) :: Entropy : 0.000 :: Grads : []
290 :: Rewards 115.265 :: steps: 1.00 :: Time: 0.015(0.01540/step) :: Entropy : 0.000 :: Grads : []
300 :: Rewards 115.499 :: steps: 1.00 :: Time: 0.016(0.01564/step) :: Entropy : 0.000 :: Grads : []
310 :: Rewards 115.573 :: steps: 1.00 :: Time: 0.016(0.01581/step) :: Entropy : 0.000 :: Grads : []
320 :: Rewards 114.573 :: steps: 1.00 :: Time: 0.016(0.01603/step) :: Entropy : 0.000 :: Grads : []
330 :: Rewards 112.973 :: steps: 1.00 :: Time: 0.016(0.01639/step) :: Entropy : 0.000 :: Grads : []
340 :: Rewards 112.008 :: steps: 1.00 :: Time: 0.017(0.01650/step) :: Entropy : 0.000 :: Grads : []
350 :: Rewards 109.649 :: steps: 1.00 :: Time: 0.017(0.01660/step) :: Entropy : 0.000 :: Grads : []
360 :: Rewards 106.781 :: steps: 1.00 :: Time: 0.017(0.01700/step) :: Entropy : 0.000 :: Grads : []
370 :: Rewards 104.539 :: steps: 1.00 :: Time: 0.017(0.01716/step) :: Entropy : 0.000 :: Grads : []
380 :: Rewards 100.906 :: steps: 1.00 :: Time: 0.017(0.01736/step) :: Entropy : 0.000 :: Grads : []
390 :: Rewards 97.867 :: steps: 1.00 :: Time: 0.018(0.01754/step) :: Entropy : 0.000 :: Grads : []
400 :: Rewards 93.858 :: steps: 1.00 :: Time: 0.017(0.01748/step) :: Entropy : 0.000 :: Grads : []
410 :: Rewards 91.523 :: steps: 1.00 :: Time: 0.018(0.01780/step) :: Entropy : 0.000 :: Grads : []
420 :: Rewards 88.132 :: steps: 1.00 :: Time: 0.018(0.01848/step) :: Entropy : 0.000 :: Grads : []
430 :: Rewards 85.005 :: steps: 1.00 :: Time: 0.019(0.01851/step) :: Entropy : 0.000 :: Grads : []
440 :: Rewards 82.634 :: steps: 1.00 :: Time: 0.019(0.01856/step) :: Entropy : 0.000 :: Grads : []
450 :: Rewards 81.258 :: steps: 1.00 :: Time: 0.019(0.01869/step) :: Entropy : 0.000 :: Grads : []
460 :: Rewards 78.764 :: steps: 1.00 :: Time: 0.019(0.01862/step) :: Entropy : 0.000 :: Grads : []
470 :: Rewards 75.347 :: steps: 1.00 :: Time: 0.019(0.01872/step) :: Entropy : 0.000 :: Grads : []
480 :: Rewards 74.224 :: steps: 1.00 :: Time: 0.019(0.01897/step) :: Entropy : 0.000 :: Grads : []
490 :: Rewards 72.113 :: steps: 1.00 :: Time: 0.019(0.01908/step) :: Entropy : 0.000 :: Grads : []
500 :: Rewards 70.218 :: steps: 1.00 :: Time: 0.019(0.01912/step) :: Entropy : 0.000 :: Grads : []
510 :: Rewards 67.337 :: steps: 1.00 :: Time: 0.019(0.01917/step) :: Entropy : 0.000 :: Grads : []
520 :: Rewards 64.566 :: steps: 1.00 :: Time: 0.019(0.01946/step) :: Entropy : 0.000 :: Grads : []
530 :: Rewards 61.954 :: steps: 1.00 :: Time: 0.020(0.01956/step) :: Entropy : 0.000 :: Grads : []
540 :: Rewards 60.086 :: steps: 1.00 :: Time: 0.020(0.01973/step) :: Entropy : 0.000 :: Grads : []
550 :: Rewards 58.476 :: steps: 1.00 :: Time: 0.020(0.01969/step) :: Entropy : 0.000 :: Grads : []
560 :: Rewards 56.884 :: steps: 1.00 :: Time: 0.020(0.01991/step) :: Entropy : 0.000 :: Grads : []
570 :: Rewards 55.190 :: steps: 1.00 :: Time: 0.020(0.02003/step) :: Entropy : 0.000 :: Grads : []
580 :: Rewards 54.182 :: steps: 1.00 :: Time: 0.020(0.02024/step) :: Entropy : 0.000 :: Grads : []
590 :: Rewards 53.539 :: steps: 1.00 :: Time: 0.020(0.02021/step) :: Entropy : 0.000 :: Grads : []
600 :: Rewards 53.337 :: steps: 1.00 :: Time: 0.020(0.02043/step) :: Entropy : 0.000 :: Grads : []
610 :: Rewards 52.172 :: steps: 1.00 :: Time: 0.020(0.02048/step) :: Entropy : 0.000 :: Grads : []
620 :: Rewards 50.815 :: steps: 1.00 :: Time: 0.021(0.02059/step) :: Entropy : 0.000 :: Grads : []
630 :: Rewards 49.725 :: steps: 1.00 :: Time: 0.021(0.02057/step) :: Entropy : 0.000 :: Grads : []
640 :: Rewards 48.878 :: steps: 1.00 :: Time: 0.021(0.02064/step) :: Entropy : 0.000 :: Grads : []
650 :: Rewards 49.107 :: steps: 1.00 :: Time: 0.021(0.02090/step) :: Entropy : 0.000 :: Grads : []
660 :: Rewards 50.213 :: steps: 1.00 :: Time: 0.021(0.02097/step) :: Entropy : 0.000 :: Grads : []
670 :: Rewards 49.160 :: steps: 1.00 :: Time: 0.021(0.02095/step) :: Entropy : 0.000 :: Grads : []
680 :: Rewards 51.475 :: steps: 1.00 :: Time: 0.021(0.02096/step) :: Entropy : 0.000 :: Grads : []
690 :: Rewards 52.337 :: steps: 1.00 :: Time: 0.021(0.02113/step) :: Entropy : 0.000 :: Grads : []
700 :: Rewards 53.319 :: steps: 1.00 :: Time: 0.021(0.02132/step) :: Entropy : 0.000 :: Grads : []
710 :: Rewards 54.374 :: steps: 1.00 :: Time: 0.021(0.02150/step) :: Entropy : 0.000 :: Grads : []
720 :: Rewards 54.827 :: steps: 1.00 :: Time: 0.021(0.02146/step) :: Entropy : 0.000 :: Grads : []
730 :: Rewards 54.543 :: steps: 1.00 :: Time: 0.021(0.02138/step) :: Entropy : 0.000 :: Grads : []
740 :: Rewards 55.406 :: steps: 1.00 :: Time: 0.022(0.02157/step) :: Entropy : 0.000 :: Grads : []
750 :: Rewards 57.120 :: steps: 1.00 :: Time: 0.022(0.02152/step) :: Entropy : 0.000 :: Grads : []
760 :: Rewards 58.298 :: steps: 1.00 :: Time: 0.022(0.02155/step) :: Entropy : 0.000 :: Grads : []
770 :: Rewards 61.506 :: steps: 1.00 :: Time: 0.022(0.02209/step) :: Entropy : 0.000 :: Grads : []
780 :: Rewards 63.229 :: steps: 1.00 :: Time: 0.022(0.02212/step) :: Entropy : 0.000 :: Grads : []
790 :: Rewards 65.364 :: steps: 1.00 :: Time: 0.022(0.02216/step) :: Entropy : 0.000 :: Grads : []
800 :: Rewards 68.495 :: steps: 1.00 :: Time: 0.022(0.02242/step) :: Entropy : 0.000 :: Grads : []
810 :: Rewards 69.924 :: steps: 1.00 :: Time: 0.023(0.02285/step) :: Entropy : 0.000 :: Grads : []
820 :: Rewards 73.088 :: steps: 1.00 :: Time: 0.023(0.02293/step) :: Entropy : 0.000 :: Grads : []
830 :: Rewards 76.082 :: steps: 1.00 :: Time: 0.023(0.02281/step) :: Entropy : 0.000 :: Grads : []
840 :: Rewards 77.289 :: steps: 1.00 :: Time: 0.023(0.02295/step) :: Entropy : 0.000 :: Grads : []
850 :: Rewards 79.071 :: steps: 1.00 :: Time: 0.023(0.02298/step) :: Entropy : 0.000 :: Grads : []
860 :: Rewards 80.023 :: steps: 1.00 :: Time: 0.023(0.02315/step) :: Entropy : 0.000 :: Grads : []
870 :: Rewards 80.995 :: steps: 1.00 :: Time: 0.023(0.02303/step) :: Entropy : 0.000 :: Grads : []
880 :: Rewards 81.388 :: steps: 1.00 :: Time: 0.023(0.02304/step) :: Entropy : 0.000 :: Grads : []
890 :: Rewards 81.717 :: steps: 1.00 :: Time: 0.023(0.02348/step) :: Entropy : 0.000 :: Grads : []
900 :: Rewards 81.741 :: steps: 1.00 :: Time: 0.023(0.02333/step) :: Entropy : 0.000 :: Grads : []
910 :: Rewards 80.820 :: steps: 1.00 :: Time: 0.023(0.02338/step) :: Entropy : 0.000 :: Grads : []
920 :: Rewards 80.351 :: steps: 1.00 :: Time: 0.023(0.02341/step) :: Entropy : 0.000 :: Grads : []
930 :: Rewards 80.073 :: steps: 1.00 :: Time: 0.024(0.02357/step) :: Entropy : 0.000 :: Grads : []
940 :: Rewards 79.548 :: steps: 1.00 :: Time: 0.024(0.02393/step) :: Entropy : 0.000 :: Grads : []
950 :: Rewards 79.785 :: steps: 1.00 :: Time: 0.024(0.02389/step) :: Entropy : 0.000 :: Grads : []
960 :: Rewards 79.553 :: steps: 1.00 :: Time: 0.024(0.02383/step) :: Entropy : 0.000 :: Grads : []
970 :: Rewards 78.234 :: steps: 1.00 :: Time: 0.024(0.02393/step) :: Entropy : 0.000 :: Grads : []
980 :: Rewards 75.404 :: steps: 1.00 :: Time: 0.024(0.02396/step) :: Entropy : 0.000 :: Grads : []
990 :: Rewards 75.761 :: steps: 1.00 :: Time: 0.024(0.02435/step) :: Entropy : 0.000 :: Grads : []
999 :: Rewards 75.089 :: steps: 0.90 :: Time: 0.022(0.02412/step) :: Entropy : 0.000 :: Grads : []
Total time taken: 18.62889075279236
