Module path:  Src.Algorithms.ProWLS ProWLS
Dynamically loaded from:  <class 'Src.Algorithms.ProWLS.ProWLS'>
=====Configurations=====
 Namespace(NN_basis_dim='32', Policy_basis_dim='32', actor_lr=0.005051869880014062, algo_name='ProWLS', base=1000, batch_size=1000, buffer_size=1000, debug=False, delta=3, entropy_lambda=0.1, env_name='NS_SimGlucose-v0', experiment='NS_2_', extrapolator_basis='Fourier', folder_suffix='Default', fourier_coupled=True, fourier_k=4, fourier_order=3, gamma=0.99, gauss_std=0.9251, gpu=0, hyper='default', importance_clip=10.0, inc=1, log_output='term_file', max_episodes=1000, max_inner=60, max_steps=500, optim='rmsprop', oracle=-1, raw_basis=True, restore=False, save_count=100, save_model=True, seed=2, speed=2, state_lr=0.001, summary=True, swarm=False, timestamp='5|26|13:46:17')
Actions space: 2 :: State space: 1
State Low: tensor([0.]) :: State High: tensor([1.])
State features:  [('dummy_param', torch.Size([1]))]
Action Low: [3. 5.] :: Action High: [30. 50.]
Policy:  [('fc_mean.weight', torch.Size([2, 1])), ('fc_mean.bias', torch.Size([2]))]
0 :: Rewards 9.727 :: steps: 0.10 :: Time: 0.280(2.79910/step) :: Entropy : 0.000 :: Grads : []
10 :: Rewards 132.095 :: steps: 1.00 :: Time: 2.755(2.75458/step) :: Entropy : 0.000 :: Grads : []
20 :: Rewards 271.527 :: steps: 1.00 :: Time: 2.737(2.73743/step) :: Entropy : 0.000 :: Grads : []
30 :: Rewards 413.868 :: steps: 1.00 :: Time: 2.799(2.79902/step) :: Entropy : 0.000 :: Grads : []
40 :: Rewards 560.295 :: steps: 1.00 :: Time: 2.805(2.80483/step) :: Entropy : 0.000 :: Grads : []
50 :: Rewards 708.144 :: steps: 1.00 :: Time: 2.760(2.75973/step) :: Entropy : 0.000 :: Grads : []
60 :: Rewards 858.663 :: steps: 1.00 :: Time: 2.800(2.80023/step) :: Entropy : 0.000 :: Grads : []
70 :: Rewards 1012.160 :: steps: 1.00 :: Time: 2.744(2.74414/step) :: Entropy : 0.000 :: Grads : []
80 :: Rewards 1172.726 :: steps: 1.00 :: Time: 2.789(2.78866/step) :: Entropy : 0.000 :: Grads : []
90 :: Rewards 1341.562 :: steps: 1.00 :: Time: 2.779(2.77940/step) :: Entropy : 0.000 :: Grads : []
100 :: Rewards 1518.911 :: steps: 1.00 :: Time: 2.800(2.79992/step) :: Entropy : 0.000 :: Grads : []
110 :: Rewards 1704.344 :: steps: 1.00 :: Time: 2.803(2.80347/step) :: Entropy : 0.000 :: Grads : []
120 :: Rewards 1904.376 :: steps: 1.00 :: Time: 2.799(2.79852/step) :: Entropy : 0.000 :: Grads : []
130 :: Rewards 2111.896 :: steps: 1.00 :: Time: 2.726(2.72560/step) :: Entropy : 0.000 :: Grads : []
140 :: Rewards 2331.323 :: steps: 1.00 :: Time: 2.745(2.74543/step) :: Entropy : 0.000 :: Grads : []
150 :: Rewards 2556.664 :: steps: 1.00 :: Time: 2.731(2.73119/step) :: Entropy : 0.000 :: Grads : []
160 :: Rewards 2792.151 :: steps: 1.00 :: Time: 2.761(2.76145/step) :: Entropy : 0.000 :: Grads : []
170 :: Rewards 3033.015 :: steps: 1.00 :: Time: 2.807(2.80659/step) :: Entropy : 0.000 :: Grads : []
180 :: Rewards 3279.981 :: steps: 1.00 :: Time: 2.758(2.75764/step) :: Entropy : 0.000 :: Grads : []
190 :: Rewards 3527.334 :: steps: 1.00 :: Time: 2.788(2.78810/step) :: Entropy : 0.000 :: Grads : []
200 :: Rewards 3775.424 :: steps: 1.00 :: Time: 2.753(2.75294/step) :: Entropy : 0.000 :: Grads : []
210 :: Rewards 4022.332 :: steps: 1.00 :: Time: 2.754(2.75356/step) :: Entropy : 0.000 :: Grads : []
220 :: Rewards 4258.986 :: steps: 1.00 :: Time: 2.789(2.78932/step) :: Entropy : 0.000 :: Grads : []
230 :: Rewards 4496.889 :: steps: 1.00 :: Time: 2.758(2.75840/step) :: Entropy : 0.000 :: Grads : []
240 :: Rewards 4721.026 :: steps: 1.00 :: Time: 2.731(2.73056/step) :: Entropy : 0.000 :: Grads : []
250 :: Rewards 4938.046 :: steps: 1.00 :: Time: 2.698(2.69786/step) :: Entropy : 0.000 :: Grads : []
260 :: Rewards 5149.741 :: steps: 1.00 :: Time: 2.720(2.71951/step) :: Entropy : 0.000 :: Grads : []
270 :: Rewards 5357.343 :: steps: 1.00 :: Time: 2.698(2.69804/step) :: Entropy : 0.000 :: Grads : []
280 :: Rewards 5557.699 :: steps: 1.00 :: Time: 2.706(2.70566/step) :: Entropy : 0.000 :: Grads : []
290 :: Rewards 5756.048 :: steps: 1.00 :: Time: 2.732(2.73208/step) :: Entropy : 0.000 :: Grads : []
300 :: Rewards 5948.258 :: steps: 1.00 :: Time: 2.715(2.71454/step) :: Entropy : 0.000 :: Grads : []
310 :: Rewards 6133.403 :: steps: 1.00 :: Time: 2.727(2.72662/step) :: Entropy : 0.000 :: Grads : []
320 :: Rewards 6313.813 :: steps: 1.00 :: Time: 2.712(2.71232/step) :: Entropy : 0.000 :: Grads : []
330 :: Rewards 6482.459 :: steps: 1.00 :: Time: 2.732(2.73201/step) :: Entropy : 0.000 :: Grads : []
340 :: Rewards 6654.687 :: steps: 1.00 :: Time: 2.717(2.71667/step) :: Entropy : 0.000 :: Grads : []
350 :: Rewards 6829.056 :: steps: 1.00 :: Time: 2.718(2.71758/step) :: Entropy : 0.000 :: Grads : []
360 :: Rewards 7007.353 :: steps: 1.00 :: Time: 2.719(2.71899/step) :: Entropy : 0.000 :: Grads : []
370 :: Rewards 7197.865 :: steps: 1.00 :: Time: 2.672(2.67202/step) :: Entropy : 0.000 :: Grads : []
380 :: Rewards 7385.152 :: steps: 1.00 :: Time: 2.681(2.68121/step) :: Entropy : 0.000 :: Grads : []
390 :: Rewards 7581.959 :: steps: 1.00 :: Time: 2.676(2.67613/step) :: Entropy : 0.000 :: Grads : []
400 :: Rewards 7758.546 :: steps: 1.00 :: Time: 2.684(2.68392/step) :: Entropy : 0.000 :: Grads : []
410 :: Rewards 7930.653 :: steps: 1.00 :: Time: 2.712(2.71159/step) :: Entropy : 0.000 :: Grads : []
420 :: Rewards 8086.019 :: steps: 1.00 :: Time: 2.676(2.67592/step) :: Entropy : 0.000 :: Grads : []
430 :: Rewards 8237.293 :: steps: 1.00 :: Time: 2.703(2.70276/step) :: Entropy : 0.000 :: Grads : []
440 :: Rewards 8380.860 :: steps: 1.00 :: Time: 2.753(2.75314/step) :: Entropy : 0.000 :: Grads : []
450 :: Rewards 8521.407 :: steps: 1.00 :: Time: 2.769(2.76883/step) :: Entropy : 0.000 :: Grads : []
460 :: Rewards 8667.555 :: steps: 1.00 :: Time: 4.482(4.48224/step) :: Entropy : 0.000 :: Grads : []
470 :: Rewards 8805.234 :: steps: 1.00 :: Time: 2.764(2.76372/step) :: Entropy : 0.000 :: Grads : []
480 :: Rewards 8935.541 :: steps: 1.00 :: Time: 2.762(2.76182/step) :: Entropy : 0.000 :: Grads : []
490 :: Rewards 9062.292 :: steps: 1.00 :: Time: 2.760(2.75993/step) :: Entropy : 0.000 :: Grads : []
500 :: Rewards 9187.315 :: steps: 1.00 :: Time: 2.754(2.75439/step) :: Entropy : 0.000 :: Grads : []
510 :: Rewards 9309.559 :: steps: 1.00 :: Time: 2.775(2.77472/step) :: Entropy : 0.000 :: Grads : []
520 :: Rewards 9425.276 :: steps: 1.00 :: Time: 2.754(2.75413/step) :: Entropy : 0.000 :: Grads : []
530 :: Rewards 9546.039 :: steps: 1.00 :: Time: 2.800(2.79979/step) :: Entropy : 0.000 :: Grads : []
540 :: Rewards 9667.872 :: steps: 1.00 :: Time: 2.848(2.84829/step) :: Entropy : 0.000 :: Grads : []
550 :: Rewards 9803.244 :: steps: 1.00 :: Time: 2.843(2.84345/step) :: Entropy : 0.000 :: Grads : []
560 :: Rewards 9933.295 :: steps: 1.00 :: Time: 2.862(2.86208/step) :: Entropy : 0.000 :: Grads : []
570 :: Rewards 10068.274 :: steps: 1.00 :: Time: 2.763(2.76342/step) :: Entropy : 0.000 :: Grads : []
580 :: Rewards 10207.427 :: steps: 1.00 :: Time: 2.853(2.85300/step) :: Entropy : 0.000 :: Grads : []
590 :: Rewards 10349.294 :: steps: 1.00 :: Time: 2.836(2.83561/step) :: Entropy : 0.000 :: Grads : []
600 :: Rewards 10503.781 :: steps: 1.00 :: Time: 2.837(2.83698/step) :: Entropy : 0.000 :: Grads : []
610 :: Rewards 10668.311 :: steps: 1.00 :: Time: 2.847(2.84718/step) :: Entropy : 0.000 :: Grads : []
620 :: Rewards 10846.455 :: steps: 1.00 :: Time: 2.825(2.82450/step) :: Entropy : 0.000 :: Grads : []
630 :: Rewards 11037.789 :: steps: 1.00 :: Time: 2.963(2.96349/step) :: Entropy : 0.000 :: Grads : []
640 :: Rewards 11245.054 :: steps: 1.00 :: Time: 2.811(2.81095/step) :: Entropy : 0.000 :: Grads : []
650 :: Rewards 11474.370 :: steps: 1.00 :: Time: 2.797(2.79750/step) :: Entropy : 0.000 :: Grads : []
660 :: Rewards 11727.005 :: steps: 1.00 :: Time: 2.780(2.78027/step) :: Entropy : 0.000 :: Grads : []
670 :: Rewards 12001.983 :: steps: 1.00 :: Time: 2.829(2.82856/step) :: Entropy : 0.000 :: Grads : []
680 :: Rewards 12290.654 :: steps: 1.00 :: Time: 2.815(2.81539/step) :: Entropy : 0.000 :: Grads : []
690 :: Rewards 12588.923 :: steps: 1.00 :: Time: 2.818(2.81771/step) :: Entropy : 0.000 :: Grads : []
700 :: Rewards 12870.081 :: steps: 1.00 :: Time: 2.794(2.79396/step) :: Entropy : 0.000 :: Grads : []
710 :: Rewards 13171.127 :: steps: 1.00 :: Time: 2.810(2.81018/step) :: Entropy : 0.000 :: Grads : []
720 :: Rewards 13473.864 :: steps: 1.00 :: Time: 2.887(2.88699/step) :: Entropy : 0.000 :: Grads : []
730 :: Rewards 13782.854 :: steps: 1.00 :: Time: 2.794(2.79358/step) :: Entropy : 0.000 :: Grads : []
740 :: Rewards 14089.967 :: steps: 1.00 :: Time: 2.875(2.87472/step) :: Entropy : 0.000 :: Grads : []
750 :: Rewards 14364.545 :: steps: 1.00 :: Time: 2.874(2.87427/step) :: Entropy : 0.000 :: Grads : []
760 :: Rewards 14640.041 :: steps: 1.00 :: Time: 2.918(2.91787/step) :: Entropy : 0.000 :: Grads : []
770 :: Rewards 14945.481 :: steps: 1.00 :: Time: 2.816(2.81568/step) :: Entropy : 0.000 :: Grads : []
780 :: Rewards 15283.717 :: steps: 1.00 :: Time: 2.813(2.81314/step) :: Entropy : 0.000 :: Grads : []
790 :: Rewards 15573.599 :: steps: 1.00 :: Time: 2.817(2.81735/step) :: Entropy : 0.000 :: Grads : []
800 :: Rewards 15842.269 :: steps: 1.00 :: Time: 3.425(3.42460/step) :: Entropy : 0.000 :: Grads : []
810 :: Rewards 16126.502 :: steps: 1.00 :: Time: 2.887(2.88655/step) :: Entropy : 0.000 :: Grads : []
820 :: Rewards 16355.720 :: steps: 1.00 :: Time: 2.800(2.80004/step) :: Entropy : 0.000 :: Grads : []
830 :: Rewards 16651.980 :: steps: 1.00 :: Time: 2.805(2.80509/step) :: Entropy : 0.000 :: Grads : []
840 :: Rewards 16865.895 :: steps: 1.00 :: Time: 2.761(2.76084/step) :: Entropy : 0.000 :: Grads : []
850 :: Rewards 17117.321 :: steps: 1.00 :: Time: 2.769(2.76911/step) :: Entropy : 0.000 :: Grads : []
860 :: Rewards 17382.392 :: steps: 1.00 :: Time: 2.784(2.78404/step) :: Entropy : 0.000 :: Grads : []
870 :: Rewards 17532.755 :: steps: 1.00 :: Time: 2.810(2.81046/step) :: Entropy : 0.000 :: Grads : []
880 :: Rewards 17760.800 :: steps: 1.00 :: Time: 2.788(2.78826/step) :: Entropy : 0.000 :: Grads : []
890 :: Rewards 17901.877 :: steps: 1.00 :: Time: 3.193(3.19308/step) :: Entropy : 0.000 :: Grads : []
900 :: Rewards 18004.856 :: steps: 1.00 :: Time: 2.925(2.92538/step) :: Entropy : 0.000 :: Grads : []
910 :: Rewards 18121.800 :: steps: 1.00 :: Time: 2.848(2.84848/step) :: Entropy : 0.000 :: Grads : []
920 :: Rewards 18275.359 :: steps: 1.00 :: Time: 2.877(2.87748/step) :: Entropy : 0.000 :: Grads : []
930 :: Rewards 18333.180 :: steps: 1.00 :: Time: 2.966(2.96583/step) :: Entropy : 0.000 :: Grads : []
940 :: Rewards 18407.893 :: steps: 1.00 :: Time: 2.977(2.97722/step) :: Entropy : 0.000 :: Grads : []
950 :: Rewards 18481.086 :: steps: 1.00 :: Time: 2.990(2.99004/step) :: Entropy : 0.000 :: Grads : []
960 :: Rewards 18510.684 :: steps: 1.00 :: Time: 3.120(3.11972/step) :: Entropy : 0.000 :: Grads : []
970 :: Rewards 18553.931 :: steps: 1.00 :: Time: 2.924(2.92403/step) :: Entropy : 0.000 :: Grads : []
980 :: Rewards 18485.650 :: steps: 1.00 :: Time: 2.990(2.98951/step) :: Entropy : 0.000 :: Grads : []
990 :: Rewards 18438.528 :: steps: 1.00 :: Time: 2.889(2.88889/step) :: Entropy : 0.000 :: Grads : []
999 :: Rewards 18372.361 :: steps: 0.90 :: Time: 2.632(2.92434/step) :: Entropy : 0.000 :: Grads : []
Total time taken: 2825.286477088928
