Module path:  Environments.NS_Reco NS_Reco
Dynamically loaded from:  <class 'Environments.NS_Reco.NS_Reco'>
Reward Amplitudes: [4.17022005e-01 7.20324493e-01 1.14374817e-04 3.02332573e-01
 1.46755891e-01] :: Avg 0.317309867282206 
Module path:  Src.Algorithms.ProOLS ProOLS
Dynamically loaded from:  <class 'Src.Algorithms.ProOLS.ProOLS'>
=====Configurations=====
 Namespace(NN_basis_dim='32', Policy_basis_dim='32', actor_lr=0.002855902814944507, algo_name='ProOLS', base=0, batch_size=1000, buffer_size=1000, debug=False, delta=1, entropy_lambda=0.053752942888962034, env_name='NS_Reco', experiment='NS_2r_', extrapolator_basis='Fourier', folder_suffix='Default', fourier_coupled=True, fourier_k=7, fourier_order=3, gamma=0.99, gauss_std=1.5, gpu=0, hyper='default', importance_clip=5.0, inc=1, log_output='term_file', max_episodes=1000, max_inner=30, max_steps=500, optim='rmsprop', oracle=-1, raw_basis=True, restore=False, save_count=100, save_model=True, seed=26, speed=2, state_lr=0.001, summary=True, swarm=False, timestamp='5|25|11:22:53')
Actions space: 5 :: State space: 1
State Low: tensor([0.]) :: State High: tensor([1.])
State features:  [('dummy_param', torch.Size([1]))]
Policy:  [('fc1.weight', torch.Size([5, 1])), ('fc1.bias', torch.Size([5]))]
0 :: Rewards -0.008 :: steps: 0.10 :: Time: 0.000(0.00056/step) :: Entropy : 0.000 :: Grads : []
10 :: Rewards -0.225 :: steps: 1.00 :: Time: 0.006(0.00552/step) :: Entropy : 0.000 :: Grads : []
20 :: Rewards -0.611 :: steps: 1.00 :: Time: 0.013(0.01303/step) :: Entropy : 0.000 :: Grads : []
30 :: Rewards -0.874 :: steps: 1.00 :: Time: 0.013(0.01337/step) :: Entropy : 0.000 :: Grads : []
40 :: Rewards -1.439 :: steps: 1.00 :: Time: 0.013(0.01311/step) :: Entropy : 0.000 :: Grads : []
50 :: Rewards -2.213 :: steps: 1.00 :: Time: 0.013(0.01328/step) :: Entropy : 0.000 :: Grads : []
60 :: Rewards -2.967 :: steps: 1.00 :: Time: 0.013(0.01338/step) :: Entropy : 0.000 :: Grads : []
70 :: Rewards -3.875 :: steps: 1.00 :: Time: 0.013(0.01323/step) :: Entropy : 0.000 :: Grads : []
80 :: Rewards -4.470 :: steps: 1.00 :: Time: 0.013(0.01318/step) :: Entropy : 0.000 :: Grads : []
90 :: Rewards -4.925 :: steps: 1.00 :: Time: 0.014(0.01353/step) :: Entropy : 0.000 :: Grads : []
100 :: Rewards -5.404 :: steps: 1.00 :: Time: 0.014(0.01353/step) :: Entropy : 0.000 :: Grads : []
110 :: Rewards -5.662 :: steps: 1.00 :: Time: 0.014(0.01359/step) :: Entropy : 0.000 :: Grads : []
120 :: Rewards -5.662 :: steps: 1.00 :: Time: 0.014(0.01402/step) :: Entropy : 0.000 :: Grads : []
130 :: Rewards -5.968 :: steps: 1.00 :: Time: 0.014(0.01393/step) :: Entropy : 0.000 :: Grads : []
140 :: Rewards -6.626 :: steps: 1.00 :: Time: 0.014(0.01436/step) :: Entropy : 0.000 :: Grads : []
150 :: Rewards -6.933 :: steps: 1.00 :: Time: 0.014(0.01419/step) :: Entropy : 0.000 :: Grads : []
160 :: Rewards -6.933 :: steps: 1.00 :: Time: 0.014(0.01435/step) :: Entropy : 0.000 :: Grads : []
170 :: Rewards -6.933 :: steps: 1.00 :: Time: 0.015(0.01456/step) :: Entropy : 0.000 :: Grads : []
180 :: Rewards -6.933 :: steps: 1.00 :: Time: 0.015(0.01503/step) :: Entropy : 0.000 :: Grads : []
190 :: Rewards -6.933 :: steps: 1.00 :: Time: 0.015(0.01456/step) :: Entropy : 0.000 :: Grads : []
200 :: Rewards -6.933 :: steps: 1.00 :: Time: 0.015(0.01459/step) :: Entropy : 0.000 :: Grads : []
210 :: Rewards -6.933 :: steps: 1.00 :: Time: 0.015(0.01472/step) :: Entropy : 0.000 :: Grads : []
220 :: Rewards -6.933 :: steps: 1.00 :: Time: 0.015(0.01482/step) :: Entropy : 0.000 :: Grads : []
230 :: Rewards -6.933 :: steps: 1.00 :: Time: 0.015(0.01507/step) :: Entropy : 0.000 :: Grads : []
240 :: Rewards -6.933 :: steps: 1.00 :: Time: 0.015(0.01505/step) :: Entropy : 0.000 :: Grads : []
250 :: Rewards -6.933 :: steps: 1.00 :: Time: 0.015(0.01519/step) :: Entropy : 0.000 :: Grads : []
260 :: Rewards -6.933 :: steps: 1.00 :: Time: 0.016(0.01570/step) :: Entropy : 0.000 :: Grads : []
270 :: Rewards -6.933 :: steps: 1.00 :: Time: 0.016(0.01614/step) :: Entropy : 0.000 :: Grads : []
280 :: Rewards -6.933 :: steps: 1.00 :: Time: 0.016(0.01610/step) :: Entropy : 0.000 :: Grads : []
290 :: Rewards -6.933 :: steps: 1.00 :: Time: 0.016(0.01640/step) :: Entropy : 0.000 :: Grads : []
300 :: Rewards -6.933 :: steps: 1.00 :: Time: 0.016(0.01585/step) :: Entropy : 0.000 :: Grads : []
310 :: Rewards -6.933 :: steps: 1.00 :: Time: 0.016(0.01596/step) :: Entropy : 0.000 :: Grads : []
320 :: Rewards -6.933 :: steps: 1.00 :: Time: 0.016(0.01637/step) :: Entropy : 0.000 :: Grads : []
330 :: Rewards -6.933 :: steps: 1.00 :: Time: 0.017(0.01666/step) :: Entropy : 0.000 :: Grads : []
340 :: Rewards -6.933 :: steps: 1.00 :: Time: 0.017(0.01707/step) :: Entropy : 0.000 :: Grads : []
350 :: Rewards -6.933 :: steps: 1.00 :: Time: 0.017(0.01705/step) :: Entropy : 0.000 :: Grads : []
360 :: Rewards -6.933 :: steps: 1.00 :: Time: 0.017(0.01717/step) :: Entropy : 0.000 :: Grads : []
370 :: Rewards -7.064 :: steps: 1.00 :: Time: 0.017(0.01697/step) :: Entropy : 0.000 :: Grads : []
380 :: Rewards -7.565 :: steps: 1.00 :: Time: 0.017(0.01693/step) :: Entropy : 0.000 :: Grads : []
390 :: Rewards -8.425 :: steps: 1.00 :: Time: 0.018(0.01753/step) :: Entropy : 0.000 :: Grads : []
400 :: Rewards -9.635 :: steps: 1.00 :: Time: 0.018(0.01792/step) :: Entropy : 0.000 :: Grads : []
410 :: Rewards -10.630 :: steps: 1.00 :: Time: 0.018(0.01772/step) :: Entropy : 0.000 :: Grads : []
420 :: Rewards -11.077 :: steps: 1.00 :: Time: 0.018(0.01845/step) :: Entropy : 0.000 :: Grads : []
430 :: Rewards -11.312 :: steps: 1.00 :: Time: 0.019(0.01854/step) :: Entropy : 0.000 :: Grads : []
440 :: Rewards -11.471 :: steps: 1.00 :: Time: 0.019(0.01895/step) :: Entropy : 0.000 :: Grads : []
450 :: Rewards -11.471 :: steps: 1.00 :: Time: 0.019(0.01871/step) :: Entropy : 0.000 :: Grads : []
460 :: Rewards -11.471 :: steps: 1.00 :: Time: 0.018(0.01766/step) :: Entropy : 0.000 :: Grads : []
470 :: Rewards -11.535 :: steps: 1.00 :: Time: 0.018(0.01813/step) :: Entropy : 0.000 :: Grads : []
480 :: Rewards -11.535 :: steps: 1.00 :: Time: 0.017(0.01748/step) :: Entropy : 0.000 :: Grads : []
490 :: Rewards -11.535 :: steps: 1.00 :: Time: 0.019(0.01857/step) :: Entropy : 0.000 :: Grads : []
500 :: Rewards -11.535 :: steps: 1.00 :: Time: 0.018(0.01823/step) :: Entropy : 0.000 :: Grads : []
510 :: Rewards -12.009 :: steps: 1.00 :: Time: 0.018(0.01832/step) :: Entropy : 0.000 :: Grads : []
520 :: Rewards -12.130 :: steps: 1.00 :: Time: 0.019(0.01857/step) :: Entropy : 0.000 :: Grads : []
530 :: Rewards -12.333 :: steps: 1.00 :: Time: 0.019(0.01866/step) :: Entropy : 0.000 :: Grads : []
540 :: Rewards -12.879 :: steps: 1.00 :: Time: 0.019(0.01872/step) :: Entropy : 0.000 :: Grads : []
550 :: Rewards -13.245 :: steps: 1.00 :: Time: 0.019(0.01877/step) :: Entropy : 0.000 :: Grads : []
560 :: Rewards -13.313 :: steps: 1.00 :: Time: 0.019(0.01888/step) :: Entropy : 0.000 :: Grads : []
570 :: Rewards -13.979 :: steps: 1.00 :: Time: 0.019(0.01888/step) :: Entropy : 0.000 :: Grads : []
580 :: Rewards -14.090 :: steps: 1.00 :: Time: 0.019(0.01889/step) :: Entropy : 0.000 :: Grads : []
590 :: Rewards -14.090 :: steps: 1.00 :: Time: 0.019(0.01902/step) :: Entropy : 0.000 :: Grads : []
600 :: Rewards -14.386 :: steps: 1.00 :: Time: 0.019(0.01909/step) :: Entropy : 0.000 :: Grads : []
610 :: Rewards -14.846 :: steps: 1.00 :: Time: 0.019(0.01917/step) :: Entropy : 0.000 :: Grads : []
620 :: Rewards -14.992 :: steps: 1.00 :: Time: 0.019(0.01915/step) :: Entropy : 0.000 :: Grads : []
630 :: Rewards -15.295 :: steps: 1.00 :: Time: 0.019(0.01919/step) :: Entropy : 0.000 :: Grads : []
640 :: Rewards -15.448 :: steps: 1.00 :: Time: 0.019(0.01919/step) :: Entropy : 0.000 :: Grads : []
650 :: Rewards -17.235 :: steps: 1.00 :: Time: 0.019(0.01947/step) :: Entropy : 0.000 :: Grads : []
660 :: Rewards -18.411 :: steps: 1.00 :: Time: 0.019(0.01935/step) :: Entropy : 0.000 :: Grads : []
670 :: Rewards -18.869 :: steps: 1.00 :: Time: 0.019(0.01946/step) :: Entropy : 0.000 :: Grads : []
680 :: Rewards -19.592 :: steps: 1.00 :: Time: 0.020(0.01958/step) :: Entropy : 0.000 :: Grads : []
690 :: Rewards -20.256 :: steps: 1.00 :: Time: 0.020(0.01977/step) :: Entropy : 0.000 :: Grads : []
700 :: Rewards -20.608 :: steps: 1.00 :: Time: 0.020(0.01979/step) :: Entropy : 0.000 :: Grads : []
710 :: Rewards -20.666 :: steps: 1.00 :: Time: 0.020(0.01995/step) :: Entropy : 0.000 :: Grads : []
720 :: Rewards -20.982 :: steps: 1.00 :: Time: 0.020(0.01993/step) :: Entropy : 0.000 :: Grads : []
730 :: Rewards -21.262 :: steps: 1.00 :: Time: 0.020(0.02016/step) :: Entropy : 0.000 :: Grads : []
740 :: Rewards -21.517 :: steps: 1.00 :: Time: 0.020(0.02023/step) :: Entropy : 0.000 :: Grads : []
750 :: Rewards -21.762 :: steps: 1.00 :: Time: 0.020(0.02031/step) :: Entropy : 0.000 :: Grads : []
760 :: Rewards -22.356 :: steps: 1.00 :: Time: 0.020(0.02045/step) :: Entropy : 0.000 :: Grads : []
770 :: Rewards -24.051 :: steps: 1.00 :: Time: 0.021(0.02055/step) :: Entropy : 0.000 :: Grads : []
780 :: Rewards -25.036 :: steps: 1.00 :: Time: 0.021(0.02070/step) :: Entropy : 0.000 :: Grads : []
790 :: Rewards -26.035 :: steps: 1.00 :: Time: 0.021(0.02086/step) :: Entropy : 0.000 :: Grads : []
800 :: Rewards -26.964 :: steps: 1.00 :: Time: 0.023(0.02347/step) :: Entropy : 0.000 :: Grads : []
810 :: Rewards -27.611 :: steps: 1.00 :: Time: 0.021(0.02113/step) :: Entropy : 0.000 :: Grads : []
820 :: Rewards -28.020 :: steps: 1.00 :: Time: 0.025(0.02477/step) :: Entropy : 0.000 :: Grads : []
830 :: Rewards -28.205 :: steps: 1.00 :: Time: 0.022(0.02243/step) :: Entropy : 0.000 :: Grads : []
840 :: Rewards -28.382 :: steps: 1.00 :: Time: 0.022(0.02207/step) :: Entropy : 0.000 :: Grads : []
850 :: Rewards -29.293 :: steps: 1.00 :: Time: 0.022(0.02171/step) :: Entropy : 0.000 :: Grads : []
860 :: Rewards -29.715 :: steps: 1.00 :: Time: 0.021(0.02137/step) :: Entropy : 0.000 :: Grads : []
870 :: Rewards -29.715 :: steps: 1.00 :: Time: 0.021(0.02135/step) :: Entropy : 0.000 :: Grads : []
880 :: Rewards -30.350 :: steps: 1.00 :: Time: 0.021(0.02134/step) :: Entropy : 0.000 :: Grads : []
890 :: Rewards -31.055 :: steps: 1.00 :: Time: 0.021(0.02132/step) :: Entropy : 0.000 :: Grads : []
900 :: Rewards -31.590 :: steps: 1.00 :: Time: 0.021(0.02144/step) :: Entropy : 0.000 :: Grads : []
910 :: Rewards -32.330 :: steps: 1.00 :: Time: 0.021(0.02148/step) :: Entropy : 0.000 :: Grads : []
920 :: Rewards -32.330 :: steps: 1.00 :: Time: 0.021(0.02145/step) :: Entropy : 0.000 :: Grads : []
930 :: Rewards -32.330 :: steps: 1.00 :: Time: 0.021(0.02144/step) :: Entropy : 0.000 :: Grads : []
940 :: Rewards -32.330 :: steps: 1.00 :: Time: 0.022(0.02172/step) :: Entropy : 0.000 :: Grads : []
950 :: Rewards -32.330 :: steps: 1.00 :: Time: 0.022(0.02177/step) :: Entropy : 0.000 :: Grads : []
960 :: Rewards -32.985 :: steps: 1.00 :: Time: 0.022(0.02160/step) :: Entropy : 0.000 :: Grads : []
970 :: Rewards -32.985 :: steps: 1.00 :: Time: 0.021(0.02135/step) :: Entropy : 0.000 :: Grads : []
980 :: Rewards -32.985 :: steps: 1.00 :: Time: 0.021(0.02101/step) :: Entropy : 0.000 :: Grads : []
990 :: Rewards -32.985 :: steps: 1.00 :: Time: 0.021(0.02142/step) :: Entropy : 0.000 :: Grads : []
999 :: Rewards -32.985 :: steps: 0.90 :: Time: 0.020(0.02185/step) :: Entropy : 0.000 :: Grads : []
Total time taken: 18.026203870773315
