Module path:  Environments.NS_Reco NS_Reco
Dynamically loaded from:  <class 'Environments.NS_Reco.NS_Reco'>
Reward Amplitudes: [4.17022005e-01 7.20324493e-01 1.14374817e-04 3.02332573e-01
 1.46755891e-01] :: Avg 0.317309867282206 
Module path:  Src.Algorithms.ProWLS ProWLS
Dynamically loaded from:  <class 'Src.Algorithms.ProWLS.ProWLS'>
=====Configurations=====
 Namespace(NN_basis_dim='32', Policy_basis_dim='32', actor_lr=0.0017966647558361548, algo_name='ProWLS', base=0, batch_size=1000, buffer_size=1000, debug=False, delta=1, entropy_lambda=0.006997441955638448, env_name='NS_Reco', experiment='NS_1_', extrapolator_basis='Fourier', folder_suffix='Default', fourier_coupled=True, fourier_k=3, fourier_order=3, gamma=0.99, gauss_std=1.5, gpu=0, hyper='default', importance_clip=10.0, inc=1, log_output='term_file', max_episodes=1000, max_inner=30, max_steps=500, optim='rmsprop', oracle=-1, raw_basis=True, restore=False, save_count=100, save_model=True, seed=14, speed=1, state_lr=0.001, summary=True, swarm=False, timestamp='5|24|21:36:37')
Actions space: 5 :: State space: 1
State Low: tensor([0.]) :: State High: tensor([1.])
State features:  [('dummy_param', torch.Size([1]))]
Policy:  [('fc1.weight', torch.Size([5, 1])), ('fc1.bias', torch.Size([5]))]
0 :: Rewards 0.003 :: steps: 0.10 :: Time: 0.000(0.00061/step) :: Entropy : 0.000 :: Grads : []
10 :: Rewards 0.030 :: steps: 1.00 :: Time: 0.014(0.01356/step) :: Entropy : 0.000 :: Grads : []
20 :: Rewards 0.161 :: steps: 1.00 :: Time: 0.017(0.01691/step) :: Entropy : 0.000 :: Grads : []
30 :: Rewards 0.550 :: steps: 1.00 :: Time: 0.017(0.01689/step) :: Entropy : 0.000 :: Grads : []
40 :: Rewards 1.315 :: steps: 1.00 :: Time: 0.016(0.01646/step) :: Entropy : 0.000 :: Grads : []
50 :: Rewards 2.371 :: steps: 1.00 :: Time: 0.017(0.01661/step) :: Entropy : 0.000 :: Grads : []
60 :: Rewards 3.046 :: steps: 1.00 :: Time: 0.017(0.01682/step) :: Entropy : 0.000 :: Grads : []
70 :: Rewards 4.718 :: steps: 1.00 :: Time: 0.017(0.01709/step) :: Entropy : 0.000 :: Grads : []
80 :: Rewards 6.657 :: steps: 1.00 :: Time: 0.017(0.01731/step) :: Entropy : 0.000 :: Grads : []
90 :: Rewards 8.860 :: steps: 1.00 :: Time: 0.018(0.01759/step) :: Entropy : 0.000 :: Grads : []
100 :: Rewards 11.153 :: steps: 1.00 :: Time: 0.018(0.01803/step) :: Entropy : 0.000 :: Grads : []
110 :: Rewards 13.489 :: steps: 1.00 :: Time: 0.018(0.01829/step) :: Entropy : 0.000 :: Grads : []
120 :: Rewards 15.623 :: steps: 1.00 :: Time: 0.019(0.01853/step) :: Entropy : 0.000 :: Grads : []
130 :: Rewards 18.466 :: steps: 1.00 :: Time: 0.019(0.01884/step) :: Entropy : 0.000 :: Grads : []
140 :: Rewards 21.843 :: steps: 1.00 :: Time: 0.019(0.01913/step) :: Entropy : 0.000 :: Grads : []
150 :: Rewards 25.208 :: steps: 1.00 :: Time: 0.019(0.01947/step) :: Entropy : 0.000 :: Grads : []
160 :: Rewards 28.374 :: steps: 1.00 :: Time: 0.020(0.01978/step) :: Entropy : 0.000 :: Grads : []
170 :: Rewards 31.997 :: steps: 1.00 :: Time: 0.020(0.02013/step) :: Entropy : 0.000 :: Grads : []
180 :: Rewards 34.687 :: steps: 1.00 :: Time: 0.021(0.02050/step) :: Entropy : 0.000 :: Grads : []
190 :: Rewards 39.160 :: steps: 1.00 :: Time: 0.021(0.02129/step) :: Entropy : 0.000 :: Grads : []
200 :: Rewards 43.798 :: steps: 1.00 :: Time: 0.022(0.02177/step) :: Entropy : 0.000 :: Grads : []
210 :: Rewards 48.308 :: steps: 1.00 :: Time: 0.022(0.02221/step) :: Entropy : 0.000 :: Grads : []
220 :: Rewards 52.983 :: steps: 1.00 :: Time: 0.023(0.02264/step) :: Entropy : 0.000 :: Grads : []
230 :: Rewards 58.200 :: steps: 1.00 :: Time: 0.023(0.02331/step) :: Entropy : 0.000 :: Grads : []
240 :: Rewards 63.574 :: steps: 1.00 :: Time: 0.024(0.02387/step) :: Entropy : 0.000 :: Grads : []
250 :: Rewards 69.108 :: steps: 1.00 :: Time: 0.024(0.02442/step) :: Entropy : 0.000 :: Grads : []
260 :: Rewards 74.806 :: steps: 1.00 :: Time: 0.025(0.02490/step) :: Entropy : 0.000 :: Grads : []
270 :: Rewards 79.875 :: steps: 1.00 :: Time: 0.026(0.02556/step) :: Entropy : 0.000 :: Grads : []
280 :: Rewards 85.567 :: steps: 1.00 :: Time: 0.027(0.02686/step) :: Entropy : 0.000 :: Grads : []
290 :: Rewards 90.561 :: steps: 1.00 :: Time: 0.026(0.02641/step) :: Entropy : 0.000 :: Grads : []
300 :: Rewards 96.865 :: steps: 1.00 :: Time: 0.026(0.02632/step) :: Entropy : 0.000 :: Grads : []
310 :: Rewards 102.688 :: steps: 1.00 :: Time: 0.027(0.02666/step) :: Entropy : 0.000 :: Grads : []
320 :: Rewards 109.184 :: steps: 1.00 :: Time: 0.027(0.02726/step) :: Entropy : 0.000 :: Grads : []
330 :: Rewards 115.834 :: steps: 1.00 :: Time: 0.028(0.02778/step) :: Entropy : 0.000 :: Grads : []
340 :: Rewards 122.579 :: steps: 1.00 :: Time: 0.028(0.02805/step) :: Entropy : 0.000 :: Grads : []
350 :: Rewards 127.987 :: steps: 1.00 :: Time: 0.029(0.02871/step) :: Entropy : 0.000 :: Grads : []
360 :: Rewards 134.840 :: steps: 1.00 :: Time: 0.029(0.02895/step) :: Entropy : 0.000 :: Grads : []
370 :: Rewards 141.307 :: steps: 1.00 :: Time: 0.030(0.02952/step) :: Entropy : 0.000 :: Grads : []
380 :: Rewards 148.348 :: steps: 1.00 :: Time: 0.030(0.03023/step) :: Entropy : 0.000 :: Grads : []
390 :: Rewards 154.956 :: steps: 1.00 :: Time: 0.031(0.03092/step) :: Entropy : 0.000 :: Grads : []
400 :: Rewards 162.051 :: steps: 1.00 :: Time: 0.031(0.03127/step) :: Entropy : 0.000 :: Grads : []
410 :: Rewards 169.179 :: steps: 1.00 :: Time: 0.032(0.03231/step) :: Entropy : 0.000 :: Grads : []
420 :: Rewards 176.366 :: steps: 1.00 :: Time: 0.033(0.03277/step) :: Entropy : 0.000 :: Grads : []
430 :: Rewards 183.545 :: steps: 1.00 :: Time: 0.033(0.03321/step) :: Entropy : 0.000 :: Grads : []
440 :: Rewards 190.726 :: steps: 1.00 :: Time: 0.034(0.03358/step) :: Entropy : 0.000 :: Grads : []
450 :: Rewards 197.947 :: steps: 1.00 :: Time: 0.034(0.03429/step) :: Entropy : 0.000 :: Grads : []
460 :: Rewards 204.830 :: steps: 1.00 :: Time: 0.035(0.03470/step) :: Entropy : 0.000 :: Grads : []
470 :: Rewards 212.008 :: steps: 1.00 :: Time: 0.035(0.03538/step) :: Entropy : 0.000 :: Grads : []
480 :: Rewards 219.146 :: steps: 1.00 :: Time: 0.036(0.03586/step) :: Entropy : 0.000 :: Grads : []
490 :: Rewards 226.257 :: steps: 1.00 :: Time: 0.037(0.03653/step) :: Entropy : 0.000 :: Grads : []
500 :: Rewards 233.259 :: steps: 1.00 :: Time: 0.037(0.03697/step) :: Entropy : 0.000 :: Grads : []
510 :: Rewards 240.223 :: steps: 1.00 :: Time: 0.038(0.03782/step) :: Entropy : 0.000 :: Grads : []
520 :: Rewards 247.185 :: steps: 1.00 :: Time: 0.038(0.03847/step) :: Entropy : 0.000 :: Grads : []
530 :: Rewards 253.321 :: steps: 1.00 :: Time: 0.039(0.03903/step) :: Entropy : 0.000 :: Grads : []
540 :: Rewards 260.095 :: steps: 1.00 :: Time: 0.039(0.03936/step) :: Entropy : 0.000 :: Grads : []
550 :: Rewards 266.764 :: steps: 1.00 :: Time: 0.040(0.04034/step) :: Entropy : 0.000 :: Grads : []
560 :: Rewards 273.370 :: steps: 1.00 :: Time: 0.041(0.04111/step) :: Entropy : 0.000 :: Grads : []
570 :: Rewards 279.858 :: steps: 1.00 :: Time: 0.042(0.04238/step) :: Entropy : 0.000 :: Grads : []
580 :: Rewards 285.993 :: steps: 1.00 :: Time: 0.043(0.04314/step) :: Entropy : 0.000 :: Grads : []
590 :: Rewards 290.570 :: steps: 1.00 :: Time: 0.044(0.04358/step) :: Entropy : 0.000 :: Grads : []
600 :: Rewards 295.127 :: steps: 1.00 :: Time: 0.044(0.04408/step) :: Entropy : 0.000 :: Grads : []
610 :: Rewards 300.696 :: steps: 1.00 :: Time: 0.045(0.04519/step) :: Entropy : 0.000 :: Grads : []
620 :: Rewards 305.947 :: steps: 1.00 :: Time: 0.046(0.04601/step) :: Entropy : 0.000 :: Grads : []
630 :: Rewards 311.611 :: steps: 1.00 :: Time: 0.047(0.04681/step) :: Entropy : 0.000 :: Grads : []
640 :: Rewards 317.116 :: steps: 1.00 :: Time: 0.048(0.04768/step) :: Entropy : 0.000 :: Grads : []
650 :: Rewards 322.435 :: steps: 1.00 :: Time: 0.049(0.04853/step) :: Entropy : 0.000 :: Grads : []
660 :: Rewards 327.547 :: steps: 1.00 :: Time: 0.049(0.04922/step) :: Entropy : 0.000 :: Grads : []
670 :: Rewards 332.416 :: steps: 1.00 :: Time: 0.050(0.05038/step) :: Entropy : 0.000 :: Grads : []
680 :: Rewards 336.671 :: steps: 1.00 :: Time: 0.051(0.05139/step) :: Entropy : 0.000 :: Grads : []
690 :: Rewards 341.102 :: steps: 1.00 :: Time: 0.053(0.05297/step) :: Entropy : 0.000 :: Grads : []
700 :: Rewards 345.511 :: steps: 1.00 :: Time: 0.054(0.05413/step) :: Entropy : 0.000 :: Grads : []
710 :: Rewards 349.541 :: steps: 1.00 :: Time: 0.056(0.05563/step) :: Entropy : 0.000 :: Grads : []
720 :: Rewards 353.375 :: steps: 1.00 :: Time: 0.057(0.05665/step) :: Entropy : 0.000 :: Grads : []
730 :: Rewards 356.813 :: steps: 1.00 :: Time: 0.058(0.05844/step) :: Entropy : 0.000 :: Grads : []
740 :: Rewards 360.012 :: steps: 1.00 :: Time: 0.060(0.06011/step) :: Entropy : 0.000 :: Grads : []
750 :: Rewards 363.303 :: steps: 1.00 :: Time: 0.062(0.06160/step) :: Entropy : 0.000 :: Grads : []
760 :: Rewards 366.390 :: steps: 1.00 :: Time: 0.063(0.06284/step) :: Entropy : 0.000 :: Grads : []
770 :: Rewards 369.162 :: steps: 1.00 :: Time: 0.064(0.06357/step) :: Entropy : 0.000 :: Grads : []
780 :: Rewards 371.751 :: steps: 1.00 :: Time: 0.064(0.06369/step) :: Entropy : 0.000 :: Grads : []
790 :: Rewards 374.099 :: steps: 1.00 :: Time: 0.065(0.06460/step) :: Entropy : 0.000 :: Grads : []
800 :: Rewards 376.184 :: steps: 1.00 :: Time: 0.066(0.06588/step) :: Entropy : 0.000 :: Grads : []
810 :: Rewards 378.062 :: steps: 1.00 :: Time: 0.068(0.06825/step) :: Entropy : 0.000 :: Grads : []
820 :: Rewards 379.658 :: steps: 1.00 :: Time: 0.069(0.06878/step) :: Entropy : 0.000 :: Grads : []
830 :: Rewards 381.105 :: steps: 1.00 :: Time: 0.071(0.07099/step) :: Entropy : 0.000 :: Grads : []
840 :: Rewards 382.453 :: steps: 1.00 :: Time: 0.072(0.07233/step) :: Entropy : 0.000 :: Grads : []
850 :: Rewards 385.075 :: steps: 1.00 :: Time: 0.074(0.07398/step) :: Entropy : 0.000 :: Grads : []
860 :: Rewards 388.066 :: steps: 1.00 :: Time: 0.075(0.07531/step) :: Entropy : 0.000 :: Grads : []
870 :: Rewards 390.806 :: steps: 1.00 :: Time: 0.077(0.07658/step) :: Entropy : 0.000 :: Grads : []
880 :: Rewards 393.642 :: steps: 1.00 :: Time: 0.078(0.07847/step) :: Entropy : 0.000 :: Grads : []
890 :: Rewards 396.366 :: steps: 1.00 :: Time: 0.081(0.08086/step) :: Entropy : 0.000 :: Grads : []
900 :: Rewards 399.029 :: steps: 1.00 :: Time: 0.083(0.08278/step) :: Entropy : 0.000 :: Grads : []
910 :: Rewards 401.533 :: steps: 1.00 :: Time: 0.085(0.08470/step) :: Entropy : 0.000 :: Grads : []
920 :: Rewards 404.003 :: steps: 1.00 :: Time: 0.087(0.08721/step) :: Entropy : 0.000 :: Grads : []
930 :: Rewards 406.348 :: steps: 1.00 :: Time: 0.088(0.08778/step) :: Entropy : 0.000 :: Grads : []
940 :: Rewards 408.584 :: steps: 1.00 :: Time: 0.089(0.08911/step) :: Entropy : 0.000 :: Grads : []
950 :: Rewards 410.762 :: steps: 1.00 :: Time: 0.090(0.08959/step) :: Entropy : 0.000 :: Grads : []
960 :: Rewards 412.825 :: steps: 1.00 :: Time: 0.092(0.09213/step) :: Entropy : 0.000 :: Grads : []
970 :: Rewards 414.761 :: steps: 1.00 :: Time: 0.093(0.09295/step) :: Entropy : 0.000 :: Grads : []
980 :: Rewards 416.626 :: steps: 1.00 :: Time: 0.096(0.09597/step) :: Entropy : 0.000 :: Grads : []
990 :: Rewards 418.373 :: steps: 1.00 :: Time: 0.099(0.09889/step) :: Entropy : 0.000 :: Grads : []
999 :: Rewards 419.882 :: steps: 0.90 :: Time: 0.090(0.09963/step) :: Entropy : 0.000 :: Grads : []
Total time taken: 44.2420859336853
