Module path:  Environments.NS_Reco NS_Reco
Dynamically loaded from:  <class 'Environments.NS_Reco.NS_Reco'>
Reward Amplitudes: [4.17022005e-01 7.20324493e-01 1.14374817e-04 3.02332573e-01
 1.46755891e-01] :: Avg 0.317309867282206 
Module path:  Src.Algorithms.ProOLS ProOLS
Dynamically loaded from:  <class 'Src.Algorithms.ProOLS.ProOLS'>
=====Configurations=====
 Namespace(NN_basis_dim='32', Policy_basis_dim='32', actor_lr=0.002855902814944507, algo_name='ProOLS', base=0, batch_size=1000, buffer_size=1000, debug=False, delta=1, entropy_lambda=0.053752942888962034, env_name='NS_Reco', experiment='NS_2r_', extrapolator_basis='Fourier', folder_suffix='Default', fourier_coupled=True, fourier_k=7, fourier_order=3, gamma=0.99, gauss_std=1.5, gpu=0, hyper='default', importance_clip=5.0, inc=1, log_output='term_file', max_episodes=1000, max_inner=30, max_steps=500, optim='rmsprop', oracle=-1, raw_basis=True, restore=False, save_count=100, save_model=True, seed=3, speed=2, state_lr=0.001, summary=True, swarm=False, timestamp='5|25|11:15:9')
Actions space: 5 :: State space: 1
State Low: tensor([0.]) :: State High: tensor([1.])
State features:  [('dummy_param', torch.Size([1]))]
Policy:  [('fc1.weight', torch.Size([5, 1])), ('fc1.bias', torch.Size([5]))]
0 :: Rewards -0.007 :: steps: 0.10 :: Time: 0.000(0.00058/step) :: Entropy : 0.000 :: Grads : []
10 :: Rewards -0.162 :: steps: 1.00 :: Time: 0.006(0.00557/step) :: Entropy : 0.000 :: Grads : []
20 :: Rewards -0.481 :: steps: 1.00 :: Time: 0.013(0.01311/step) :: Entropy : 0.000 :: Grads : []
30 :: Rewards -1.200 :: steps: 1.00 :: Time: 0.013(0.01349/step) :: Entropy : 0.000 :: Grads : []
40 :: Rewards -2.511 :: steps: 1.00 :: Time: 0.013(0.01297/step) :: Entropy : 0.000 :: Grads : []
50 :: Rewards -3.414 :: steps: 1.00 :: Time: 0.013(0.01307/step) :: Entropy : 0.000 :: Grads : []
60 :: Rewards -4.142 :: steps: 1.00 :: Time: 0.013(0.01302/step) :: Entropy : 0.000 :: Grads : []
70 :: Rewards -4.621 :: steps: 1.00 :: Time: 0.013(0.01330/step) :: Entropy : 0.000 :: Grads : []
80 :: Rewards -4.621 :: steps: 1.00 :: Time: 0.013(0.01347/step) :: Entropy : 0.000 :: Grads : []
90 :: Rewards -4.843 :: steps: 1.00 :: Time: 0.014(0.01361/step) :: Entropy : 0.000 :: Grads : []
100 :: Rewards -5.101 :: steps: 1.00 :: Time: 0.014(0.01370/step) :: Entropy : 0.000 :: Grads : []
110 :: Rewards -5.101 :: steps: 1.00 :: Time: 0.014(0.01383/step) :: Entropy : 0.000 :: Grads : []
120 :: Rewards -5.101 :: steps: 1.00 :: Time: 0.014(0.01405/step) :: Entropy : 0.000 :: Grads : []
130 :: Rewards -5.101 :: steps: 1.00 :: Time: 0.014(0.01423/step) :: Entropy : 0.000 :: Grads : []
140 :: Rewards -5.101 :: steps: 1.00 :: Time: 0.014(0.01438/step) :: Entropy : 0.000 :: Grads : []
150 :: Rewards -5.101 :: steps: 1.00 :: Time: 0.014(0.01449/step) :: Entropy : 0.000 :: Grads : []
160 :: Rewards -5.101 :: steps: 1.00 :: Time: 0.015(0.01462/step) :: Entropy : 0.000 :: Grads : []
170 :: Rewards -5.101 :: steps: 1.00 :: Time: 0.015(0.01468/step) :: Entropy : 0.000 :: Grads : []
180 :: Rewards -5.101 :: steps: 1.00 :: Time: 0.015(0.01477/step) :: Entropy : 0.000 :: Grads : []
190 :: Rewards -5.101 :: steps: 1.00 :: Time: 0.015(0.01491/step) :: Entropy : 0.000 :: Grads : []
200 :: Rewards -5.101 :: steps: 1.00 :: Time: 0.015(0.01499/step) :: Entropy : 0.000 :: Grads : []
210 :: Rewards -5.101 :: steps: 1.00 :: Time: 0.015(0.01509/step) :: Entropy : 0.000 :: Grads : []
220 :: Rewards -5.101 :: steps: 1.00 :: Time: 0.015(0.01517/step) :: Entropy : 0.000 :: Grads : []
230 :: Rewards -5.101 :: steps: 1.00 :: Time: 0.015(0.01525/step) :: Entropy : 0.000 :: Grads : []
240 :: Rewards -5.101 :: steps: 1.00 :: Time: 0.015(0.01537/step) :: Entropy : 0.000 :: Grads : []
250 :: Rewards -5.101 :: steps: 1.00 :: Time: 0.015(0.01545/step) :: Entropy : 0.000 :: Grads : []
260 :: Rewards -5.101 :: steps: 1.00 :: Time: 0.016(0.01571/step) :: Entropy : 0.000 :: Grads : []
270 :: Rewards -5.101 :: steps: 1.00 :: Time: 0.016(0.01591/step) :: Entropy : 0.000 :: Grads : []
280 :: Rewards -5.101 :: steps: 1.00 :: Time: 0.016(0.01599/step) :: Entropy : 0.000 :: Grads : []
290 :: Rewards -5.101 :: steps: 1.00 :: Time: 0.016(0.01614/step) :: Entropy : 0.000 :: Grads : []
300 :: Rewards -5.101 :: steps: 1.00 :: Time: 0.016(0.01629/step) :: Entropy : 0.000 :: Grads : []
310 :: Rewards -5.101 :: steps: 1.00 :: Time: 0.016(0.01616/step) :: Entropy : 0.000 :: Grads : []
320 :: Rewards -5.101 :: steps: 1.00 :: Time: 0.016(0.01609/step) :: Entropy : 0.000 :: Grads : []
330 :: Rewards -5.101 :: steps: 1.00 :: Time: 0.017(0.01734/step) :: Entropy : 0.000 :: Grads : []
340 :: Rewards -5.101 :: steps: 1.00 :: Time: 0.017(0.01690/step) :: Entropy : 0.000 :: Grads : []
350 :: Rewards -5.101 :: steps: 1.00 :: Time: 0.017(0.01688/step) :: Entropy : 0.000 :: Grads : []
360 :: Rewards -5.105 :: steps: 1.00 :: Time: 0.017(0.01697/step) :: Entropy : 0.000 :: Grads : []
370 :: Rewards -5.230 :: steps: 1.00 :: Time: 0.017(0.01702/step) :: Entropy : 0.000 :: Grads : []
380 :: Rewards -5.691 :: steps: 1.00 :: Time: 0.017(0.01714/step) :: Entropy : 0.000 :: Grads : []
390 :: Rewards -6.590 :: steps: 1.00 :: Time: 0.017(0.01718/step) :: Entropy : 0.000 :: Grads : []
400 :: Rewards -7.883 :: steps: 1.00 :: Time: 0.017(0.01730/step) :: Entropy : 0.000 :: Grads : []
410 :: Rewards -9.626 :: steps: 1.00 :: Time: 0.018(0.01753/step) :: Entropy : 0.000 :: Grads : []
420 :: Rewards -11.210 :: steps: 1.00 :: Time: 0.018(0.01818/step) :: Entropy : 0.000 :: Grads : []
430 :: Rewards -12.623 :: steps: 1.00 :: Time: 0.018(0.01803/step) :: Entropy : 0.000 :: Grads : []
440 :: Rewards -13.899 :: steps: 1.00 :: Time: 0.018(0.01819/step) :: Entropy : 0.000 :: Grads : []
450 :: Rewards -14.164 :: steps: 1.00 :: Time: 0.018(0.01814/step) :: Entropy : 0.000 :: Grads : []
460 :: Rewards -14.429 :: steps: 1.00 :: Time: 0.018(0.01821/step) :: Entropy : 0.000 :: Grads : []
470 :: Rewards -14.429 :: steps: 1.00 :: Time: 0.018(0.01830/step) :: Entropy : 0.000 :: Grads : []
480 :: Rewards -14.429 :: steps: 1.00 :: Time: 0.019(0.01855/step) :: Entropy : 0.000 :: Grads : []
490 :: Rewards -14.429 :: steps: 1.00 :: Time: 0.019(0.01857/step) :: Entropy : 0.000 :: Grads : []
500 :: Rewards -14.880 :: steps: 1.00 :: Time: 0.019(0.01893/step) :: Entropy : 0.000 :: Grads : []
510 :: Rewards -14.880 :: steps: 1.00 :: Time: 0.019(0.01907/step) :: Entropy : 0.000 :: Grads : []
520 :: Rewards -15.005 :: steps: 1.00 :: Time: 0.019(0.01937/step) :: Entropy : 0.000 :: Grads : []
530 :: Rewards -15.439 :: steps: 1.00 :: Time: 0.020(0.01963/step) :: Entropy : 0.000 :: Grads : []
540 :: Rewards -15.892 :: steps: 1.00 :: Time: 0.020(0.01981/step) :: Entropy : 0.000 :: Grads : []
550 :: Rewards -16.542 :: steps: 1.00 :: Time: 0.020(0.02000/step) :: Entropy : 0.000 :: Grads : []
560 :: Rewards -17.104 :: steps: 1.00 :: Time: 0.020(0.02011/step) :: Entropy : 0.000 :: Grads : []
570 :: Rewards -17.303 :: steps: 1.00 :: Time: 0.020(0.02006/step) :: Entropy : 0.000 :: Grads : []
580 :: Rewards -17.666 :: steps: 1.00 :: Time: 0.020(0.02015/step) :: Entropy : 0.000 :: Grads : []
590 :: Rewards -19.267 :: steps: 1.00 :: Time: 0.020(0.02045/step) :: Entropy : 0.000 :: Grads : []
600 :: Rewards -19.355 :: steps: 1.00 :: Time: 0.020(0.02047/step) :: Entropy : 0.000 :: Grads : []
610 :: Rewards -20.412 :: steps: 1.00 :: Time: 0.021(0.02062/step) :: Entropy : 0.000 :: Grads : []
620 :: Rewards -20.639 :: steps: 1.00 :: Time: 0.021(0.02059/step) :: Entropy : 0.000 :: Grads : []
630 :: Rewards -20.639 :: steps: 1.00 :: Time: 0.021(0.02079/step) :: Entropy : 0.000 :: Grads : []
640 :: Rewards -20.835 :: steps: 1.00 :: Time: 0.021(0.02077/step) :: Entropy : 0.000 :: Grads : []
650 :: Rewards -20.835 :: steps: 1.00 :: Time: 0.021(0.02079/step) :: Entropy : 0.000 :: Grads : []
660 :: Rewards -21.072 :: steps: 1.00 :: Time: 0.021(0.02090/step) :: Entropy : 0.000 :: Grads : []
670 :: Rewards -21.367 :: steps: 1.00 :: Time: 0.021(0.02092/step) :: Entropy : 0.000 :: Grads : []
680 :: Rewards -21.724 :: steps: 1.00 :: Time: 0.021(0.02103/step) :: Entropy : 0.000 :: Grads : []
690 :: Rewards -22.188 :: steps: 1.00 :: Time: 0.021(0.02114/step) :: Entropy : 0.000 :: Grads : []
700 :: Rewards -22.519 :: steps: 1.00 :: Time: 0.021(0.02094/step) :: Entropy : 0.000 :: Grads : []
710 :: Rewards -23.339 :: steps: 1.00 :: Time: 0.021(0.02110/step) :: Entropy : 0.000 :: Grads : []
720 :: Rewards -25.399 :: steps: 1.00 :: Time: 0.021(0.02111/step) :: Entropy : 0.000 :: Grads : []
730 :: Rewards -26.281 :: steps: 1.00 :: Time: 0.021(0.02120/step) :: Entropy : 0.000 :: Grads : []
740 :: Rewards -26.324 :: steps: 1.00 :: Time: 0.021(0.02136/step) :: Entropy : 0.000 :: Grads : []
750 :: Rewards -26.359 :: steps: 1.00 :: Time: 0.021(0.02132/step) :: Entropy : 0.000 :: Grads : []
760 :: Rewards -26.376 :: steps: 1.00 :: Time: 0.021(0.02129/step) :: Entropy : 0.000 :: Grads : []
770 :: Rewards -27.310 :: steps: 1.00 :: Time: 0.021(0.02150/step) :: Entropy : 0.000 :: Grads : []
780 :: Rewards -27.415 :: steps: 1.00 :: Time: 0.022(0.02185/step) :: Entropy : 0.000 :: Grads : []
790 :: Rewards -27.743 :: steps: 1.00 :: Time: 0.022(0.02204/step) :: Entropy : 0.000 :: Grads : []
800 :: Rewards -27.808 :: steps: 1.00 :: Time: 0.022(0.02203/step) :: Entropy : 0.000 :: Grads : []
810 :: Rewards -28.657 :: steps: 1.00 :: Time: 0.022(0.02207/step) :: Entropy : 0.000 :: Grads : []
820 :: Rewards -28.786 :: steps: 1.00 :: Time: 0.022(0.02226/step) :: Entropy : 0.000 :: Grads : []
830 :: Rewards -28.933 :: steps: 1.00 :: Time: 0.023(0.02258/step) :: Entropy : 0.000 :: Grads : []
840 :: Rewards -29.084 :: steps: 1.00 :: Time: 0.023(0.02266/step) :: Entropy : 0.000 :: Grads : []
850 :: Rewards -29.212 :: steps: 1.00 :: Time: 0.023(0.02268/step) :: Entropy : 0.000 :: Grads : []
860 :: Rewards -31.464 :: steps: 1.00 :: Time: 0.023(0.02257/step) :: Entropy : 0.000 :: Grads : []
870 :: Rewards -32.217 :: steps: 1.00 :: Time: 0.023(0.02270/step) :: Entropy : 0.000 :: Grads : []
880 :: Rewards -32.289 :: steps: 1.00 :: Time: 0.023(0.02284/step) :: Entropy : 0.000 :: Grads : []
890 :: Rewards -32.420 :: steps: 1.00 :: Time: 0.025(0.02454/step) :: Entropy : 0.000 :: Grads : []
900 :: Rewards -33.069 :: steps: 1.00 :: Time: 0.024(0.02375/step) :: Entropy : 0.000 :: Grads : []
910 :: Rewards -33.471 :: steps: 1.00 :: Time: 0.025(0.02519/step) :: Entropy : 0.000 :: Grads : []
920 :: Rewards -33.677 :: steps: 1.00 :: Time: 0.023(0.02329/step) :: Entropy : 0.000 :: Grads : []
930 :: Rewards -34.229 :: steps: 1.00 :: Time: 0.023(0.02311/step) :: Entropy : 0.000 :: Grads : []
940 :: Rewards -34.795 :: steps: 1.00 :: Time: 0.024(0.02360/step) :: Entropy : 0.000 :: Grads : []
950 :: Rewards -34.795 :: steps: 1.00 :: Time: 0.024(0.02427/step) :: Entropy : 0.000 :: Grads : []
960 :: Rewards -34.795 :: steps: 1.00 :: Time: 0.022(0.02222/step) :: Entropy : 0.000 :: Grads : []
970 :: Rewards -34.795 :: steps: 1.00 :: Time: 0.022(0.02215/step) :: Entropy : 0.000 :: Grads : []
980 :: Rewards -34.795 :: steps: 1.00 :: Time: 0.022(0.02218/step) :: Entropy : 0.000 :: Grads : []
990 :: Rewards -34.795 :: steps: 1.00 :: Time: 0.022(0.02152/step) :: Entropy : 0.000 :: Grads : []
999 :: Rewards -34.795 :: steps: 0.90 :: Time: 0.020(0.02177/step) :: Entropy : 0.000 :: Grads : []
Total time taken: 18.620378017425537
