Module path:  Environments.NS_Reco NS_Reco
Dynamically loaded from:  <class 'Environments.NS_Reco.NS_Reco'>
Reward Amplitudes: [4.17022005e-01 7.20324493e-01 1.14374817e-04 3.02332573e-01
 1.46755891e-01] :: Avg 0.317309867282206 
Module path:  Src.Algorithms.OFPG OFPG
Dynamically loaded from:  <class 'Src.Algorithms.OFPG.OFPG'>
=====Configurations=====
 Namespace(NN_basis_dim='32', Policy_basis_dim='32', actor_lr=0.002251439950474301, algo_name='OFPG', base=0, batch_size=1000, buffer_size=1000, debug=False, delta=1, entropy_lambda=0.11057727559233214, env_name='NS_Reco', experiment='NS_3r_', extrapolator_basis='Fourier', folder_suffix='Default', fourier_coupled=True, fourier_k=7, fourier_order=3, gamma=0.99, gauss_std=1.5, gpu=0, hyper='default', importance_clip=10.0, inc=1, log_output='term_file', max_episodes=1000, max_inner=30, max_steps=500, optim='rmsprop', oracle=-1, raw_basis=True, restore=False, save_count=100, save_model=True, seed=10, speed=3, state_lr=0.001, summary=True, swarm=False, timestamp='5|25|9:37:1')
Actions space: 5 :: State space: 1
State Low: tensor([0.]) :: State High: tensor([1.])
State features:  [('dummy_param', torch.Size([1]))]
Policy:  [('fc1.weight', torch.Size([5, 1])), ('fc1.bias', torch.Size([5]))]
0 :: Rewards -0.009 :: steps: 0.10 :: Time: 0.001(0.01330/step) :: Entropy : 0.000 :: Grads : []
10 :: Rewards -0.354 :: steps: 1.00 :: Time: 0.012(0.01182/step) :: Entropy : 0.000 :: Grads : []
20 :: Rewards -1.084 :: steps: 1.00 :: Time: 0.012(0.01215/step) :: Entropy : 0.000 :: Grads : []
30 :: Rewards -1.738 :: steps: 1.00 :: Time: 0.012(0.01243/step) :: Entropy : 0.000 :: Grads : []
40 :: Rewards -2.680 :: steps: 1.00 :: Time: 0.012(0.01186/step) :: Entropy : 0.000 :: Grads : []
50 :: Rewards -3.822 :: steps: 1.00 :: Time: 0.012(0.01205/step) :: Entropy : 0.000 :: Grads : []
60 :: Rewards -6.122 :: steps: 1.00 :: Time: 0.012(0.01206/step) :: Entropy : 0.000 :: Grads : []
70 :: Rewards -7.140 :: steps: 1.00 :: Time: 0.012(0.01221/step) :: Entropy : 0.000 :: Grads : []
80 :: Rewards -9.865 :: steps: 1.00 :: Time: 0.012(0.01243/step) :: Entropy : 0.000 :: Grads : []
90 :: Rewards -12.446 :: steps: 1.00 :: Time: 0.013(0.01264/step) :: Entropy : 0.000 :: Grads : []
100 :: Rewards -14.457 :: steps: 1.00 :: Time: 0.013(0.01261/step) :: Entropy : 0.000 :: Grads : []
110 :: Rewards -15.802 :: steps: 1.00 :: Time: 0.013(0.01279/step) :: Entropy : 0.000 :: Grads : []
120 :: Rewards -16.560 :: steps: 1.00 :: Time: 0.013(0.01278/step) :: Entropy : 0.000 :: Grads : []
130 :: Rewards -18.032 :: steps: 1.00 :: Time: 0.013(0.01292/step) :: Entropy : 0.000 :: Grads : []
140 :: Rewards -18.383 :: steps: 1.00 :: Time: 0.013(0.01312/step) :: Entropy : 0.000 :: Grads : []
150 :: Rewards -18.806 :: steps: 1.00 :: Time: 0.013(0.01328/step) :: Entropy : 0.000 :: Grads : []
160 :: Rewards -19.927 :: steps: 1.00 :: Time: 0.013(0.01329/step) :: Entropy : 0.000 :: Grads : []
170 :: Rewards -21.312 :: steps: 1.00 :: Time: 0.013(0.01348/step) :: Entropy : 0.000 :: Grads : []
180 :: Rewards -21.597 :: steps: 1.00 :: Time: 0.013(0.01349/step) :: Entropy : 0.000 :: Grads : []
190 :: Rewards -22.341 :: steps: 1.00 :: Time: 0.014(0.01372/step) :: Entropy : 0.000 :: Grads : []
200 :: Rewards -22.341 :: steps: 1.00 :: Time: 0.014(0.01379/step) :: Entropy : 0.000 :: Grads : []
210 :: Rewards -22.341 :: steps: 1.00 :: Time: 0.014(0.01378/step) :: Entropy : 0.000 :: Grads : []
220 :: Rewards -22.575 :: steps: 1.00 :: Time: 0.014(0.01385/step) :: Entropy : 0.000 :: Grads : []
230 :: Rewards -22.575 :: steps: 1.00 :: Time: 0.014(0.01410/step) :: Entropy : 0.000 :: Grads : []
240 :: Rewards -22.594 :: steps: 1.00 :: Time: 0.014(0.01420/step) :: Entropy : 0.000 :: Grads : []
250 :: Rewards -23.038 :: steps: 1.00 :: Time: 0.014(0.01423/step) :: Entropy : 0.000 :: Grads : []
260 :: Rewards -23.832 :: steps: 1.00 :: Time: 0.015(0.01465/step) :: Entropy : 0.000 :: Grads : []
270 :: Rewards -24.600 :: steps: 1.00 :: Time: 0.015(0.01487/step) :: Entropy : 0.000 :: Grads : []
280 :: Rewards -26.092 :: steps: 1.00 :: Time: 0.015(0.01488/step) :: Entropy : 0.000 :: Grads : []
290 :: Rewards -27.869 :: steps: 1.00 :: Time: 0.015(0.01508/step) :: Entropy : 0.000 :: Grads : []
300 :: Rewards -29.864 :: steps: 1.00 :: Time: 0.015(0.01517/step) :: Entropy : 0.000 :: Grads : []
310 :: Rewards -32.666 :: steps: 1.00 :: Time: 0.015(0.01539/step) :: Entropy : 0.000 :: Grads : []
320 :: Rewards -34.987 :: steps: 1.00 :: Time: 0.016(0.01585/step) :: Entropy : 0.000 :: Grads : []
330 :: Rewards -36.767 :: steps: 1.00 :: Time: 0.016(0.01599/step) :: Entropy : 0.000 :: Grads : []
340 :: Rewards -40.028 :: steps: 1.00 :: Time: 0.016(0.01592/step) :: Entropy : 0.000 :: Grads : []
350 :: Rewards -43.094 :: steps: 1.00 :: Time: 0.016(0.01628/step) :: Entropy : 0.000 :: Grads : []
360 :: Rewards -46.615 :: steps: 1.00 :: Time: 0.016(0.01649/step) :: Entropy : 0.000 :: Grads : []
370 :: Rewards -49.395 :: steps: 1.00 :: Time: 0.017(0.01665/step) :: Entropy : 0.000 :: Grads : []
380 :: Rewards -52.506 :: steps: 1.00 :: Time: 0.017(0.01689/step) :: Entropy : 0.000 :: Grads : []
390 :: Rewards -55.293 :: steps: 1.00 :: Time: 0.017(0.01709/step) :: Entropy : 0.000 :: Grads : []
400 :: Rewards -58.325 :: steps: 1.00 :: Time: 0.017(0.01712/step) :: Entropy : 0.000 :: Grads : []
410 :: Rewards -60.040 :: steps: 1.00 :: Time: 0.017(0.01737/step) :: Entropy : 0.000 :: Grads : []
420 :: Rewards -62.751 :: steps: 1.00 :: Time: 0.018(0.01818/step) :: Entropy : 0.000 :: Grads : []
430 :: Rewards -66.269 :: steps: 1.00 :: Time: 0.019(0.01911/step) :: Entropy : 0.000 :: Grads : []
440 :: Rewards -69.953 :: steps: 1.00 :: Time: 0.018(0.01839/step) :: Entropy : 0.000 :: Grads : []
450 :: Rewards -72.505 :: steps: 1.00 :: Time: 0.019(0.01853/step) :: Entropy : 0.000 :: Grads : []
460 :: Rewards -75.072 :: steps: 1.00 :: Time: 0.019(0.01853/step) :: Entropy : 0.000 :: Grads : []
470 :: Rewards -77.669 :: steps: 1.00 :: Time: 0.019(0.01865/step) :: Entropy : 0.000 :: Grads : []
480 :: Rewards -80.377 :: steps: 1.00 :: Time: 0.018(0.01849/step) :: Entropy : 0.000 :: Grads : []
490 :: Rewards -83.503 :: steps: 1.00 :: Time: 0.019(0.01877/step) :: Entropy : 0.000 :: Grads : []
500 :: Rewards -86.268 :: steps: 1.00 :: Time: 0.019(0.01896/step) :: Entropy : 0.000 :: Grads : []
510 :: Rewards -88.654 :: steps: 1.00 :: Time: 0.019(0.01900/step) :: Entropy : 0.000 :: Grads : []
520 :: Rewards -91.741 :: steps: 1.00 :: Time: 0.019(0.01917/step) :: Entropy : 0.000 :: Grads : []
530 :: Rewards -94.735 :: steps: 1.00 :: Time: 0.019(0.01935/step) :: Entropy : 0.000 :: Grads : []
540 :: Rewards -97.611 :: steps: 1.00 :: Time: 0.019(0.01932/step) :: Entropy : 0.000 :: Grads : []
550 :: Rewards -99.777 :: steps: 1.00 :: Time: 0.020(0.01952/step) :: Entropy : 0.000 :: Grads : []
560 :: Rewards -102.513 :: steps: 1.00 :: Time: 0.020(0.01959/step) :: Entropy : 0.000 :: Grads : []
570 :: Rewards -105.414 :: steps: 1.00 :: Time: 0.022(0.02192/step) :: Entropy : 0.000 :: Grads : []
580 :: Rewards -108.355 :: steps: 1.00 :: Time: 0.020(0.02031/step) :: Entropy : 0.000 :: Grads : []
590 :: Rewards -110.942 :: steps: 1.00 :: Time: 0.021(0.02064/step) :: Entropy : 0.000 :: Grads : []
600 :: Rewards -113.956 :: steps: 1.00 :: Time: 0.020(0.02025/step) :: Entropy : 0.000 :: Grads : []
610 :: Rewards -117.090 :: steps: 1.00 :: Time: 0.020(0.02018/step) :: Entropy : 0.000 :: Grads : []
620 :: Rewards -120.302 :: steps: 1.00 :: Time: 0.020(0.02023/step) :: Entropy : 0.000 :: Grads : []
630 :: Rewards -124.161 :: steps: 1.00 :: Time: 0.020(0.02030/step) :: Entropy : 0.000 :: Grads : []
640 :: Rewards -130.161 :: steps: 1.00 :: Time: 0.021(0.02058/step) :: Entropy : 0.000 :: Grads : []
650 :: Rewards -134.610 :: steps: 1.00 :: Time: 0.021(0.02058/step) :: Entropy : 0.000 :: Grads : []
660 :: Rewards -140.559 :: steps: 1.00 :: Time: 0.021(0.02081/step) :: Entropy : 0.000 :: Grads : []
670 :: Rewards -146.005 :: steps: 1.00 :: Time: 0.021(0.02079/step) :: Entropy : 0.000 :: Grads : []
680 :: Rewards -152.346 :: steps: 1.00 :: Time: 0.021(0.02073/step) :: Entropy : 0.000 :: Grads : []
690 :: Rewards -159.888 :: steps: 1.00 :: Time: 0.021(0.02096/step) :: Entropy : 0.000 :: Grads : []
700 :: Rewards -166.402 :: steps: 1.00 :: Time: 0.021(0.02086/step) :: Entropy : 0.000 :: Grads : []
710 :: Rewards -172.914 :: steps: 1.00 :: Time: 0.021(0.02107/step) :: Entropy : 0.000 :: Grads : []
720 :: Rewards -176.958 :: steps: 1.00 :: Time: 0.021(0.02113/step) :: Entropy : 0.000 :: Grads : []
730 :: Rewards -181.161 :: steps: 1.00 :: Time: 0.021(0.02128/step) :: Entropy : 0.000 :: Grads : []
740 :: Rewards -185.239 :: steps: 1.00 :: Time: 0.021(0.02118/step) :: Entropy : 0.000 :: Grads : []
750 :: Rewards -189.151 :: steps: 1.00 :: Time: 0.021(0.02122/step) :: Entropy : 0.000 :: Grads : []
760 :: Rewards -193.262 :: steps: 1.00 :: Time: 0.022(0.02221/step) :: Entropy : 0.000 :: Grads : []
770 :: Rewards -196.895 :: steps: 1.00 :: Time: 0.022(0.02176/step) :: Entropy : 0.000 :: Grads : []
780 :: Rewards -200.766 :: steps: 1.00 :: Time: 0.022(0.02190/step) :: Entropy : 0.000 :: Grads : []
790 :: Rewards -204.598 :: steps: 1.00 :: Time: 0.022(0.02198/step) :: Entropy : 0.000 :: Grads : []
800 :: Rewards -205.768 :: steps: 1.00 :: Time: 0.022(0.02208/step) :: Entropy : 0.000 :: Grads : []
810 :: Rewards -208.198 :: steps: 1.00 :: Time: 0.023(0.02256/step) :: Entropy : 0.000 :: Grads : []
820 :: Rewards -210.555 :: steps: 1.00 :: Time: 0.023(0.02308/step) :: Entropy : 0.000 :: Grads : []
830 :: Rewards -211.917 :: steps: 1.00 :: Time: 0.022(0.02228/step) :: Entropy : 0.000 :: Grads : []
840 :: Rewards -213.662 :: steps: 1.00 :: Time: 0.022(0.02237/step) :: Entropy : 0.000 :: Grads : []
850 :: Rewards -214.170 :: steps: 1.00 :: Time: 0.023(0.02262/step) :: Entropy : 0.000 :: Grads : []
860 :: Rewards -215.707 :: steps: 1.00 :: Time: 0.023(0.02268/step) :: Entropy : 0.000 :: Grads : []
870 :: Rewards -218.221 :: steps: 1.00 :: Time: 0.023(0.02278/step) :: Entropy : 0.000 :: Grads : []
880 :: Rewards -219.946 :: steps: 1.00 :: Time: 0.023(0.02282/step) :: Entropy : 0.000 :: Grads : []
890 :: Rewards -222.488 :: steps: 1.00 :: Time: 0.023(0.02268/step) :: Entropy : 0.000 :: Grads : []
900 :: Rewards -226.026 :: steps: 1.00 :: Time: 0.023(0.02309/step) :: Entropy : 0.000 :: Grads : []
910 :: Rewards -228.567 :: steps: 1.00 :: Time: 0.023(0.02347/step) :: Entropy : 0.000 :: Grads : []
920 :: Rewards -233.962 :: steps: 1.00 :: Time: 0.023(0.02315/step) :: Entropy : 0.000 :: Grads : []
930 :: Rewards -239.093 :: steps: 1.00 :: Time: 0.024(0.02359/step) :: Entropy : 0.000 :: Grads : []
940 :: Rewards -245.102 :: steps: 1.00 :: Time: 0.023(0.02333/step) :: Entropy : 0.000 :: Grads : []
950 :: Rewards -247.730 :: steps: 1.00 :: Time: 0.024(0.02369/step) :: Entropy : 0.000 :: Grads : []
960 :: Rewards -252.006 :: steps: 1.00 :: Time: 0.024(0.02380/step) :: Entropy : 0.000 :: Grads : []
970 :: Rewards -256.828 :: steps: 1.00 :: Time: 0.024(0.02371/step) :: Entropy : 0.000 :: Grads : []
980 :: Rewards -260.909 :: steps: 1.00 :: Time: 0.024(0.02390/step) :: Entropy : 0.000 :: Grads : []
990 :: Rewards -265.564 :: steps: 1.00 :: Time: 0.024(0.02382/step) :: Entropy : 0.000 :: Grads : []
999 :: Rewards -270.194 :: steps: 0.90 :: Time: 0.022(0.02400/step) :: Entropy : 0.000 :: Grads : []
Total time taken: 18.38730025291443
