Module path:  Environments.NS_Reco NS_Reco
Dynamically loaded from:  <class 'Environments.NS_Reco.NS_Reco'>
Reward Amplitudes: [4.17022005e-01 7.20324493e-01 1.14374817e-04 3.02332573e-01
 1.46755891e-01] :: Avg 0.317309867282206 
Module path:  Src.Algorithms.ProWLS ProWLS
Dynamically loaded from:  <class 'Src.Algorithms.ProWLS.ProWLS'>
=====Configurations=====
 Namespace(NN_basis_dim='32', Policy_basis_dim='32', actor_lr=0.0017966647558361548, algo_name='ProWLS', base=0, batch_size=1000, buffer_size=1000, debug=False, delta=1, entropy_lambda=0.006997441955638448, env_name='NS_Reco', experiment='NS_1r_', extrapolator_basis='Fourier', folder_suffix='Default', fourier_coupled=True, fourier_k=3, fourier_order=3, gamma=0.99, gauss_std=1.5, gpu=0, hyper='default', importance_clip=10.0, inc=1, log_output='term_file', max_episodes=1000, max_inner=30, max_steps=500, optim='rmsprop', oracle=-1, raw_basis=True, restore=False, save_count=100, save_model=True, seed=4, speed=1, state_lr=0.001, summary=True, swarm=False, timestamp='5|25|11:37:40')
Actions space: 5 :: State space: 1
State Low: tensor([0.]) :: State High: tensor([1.])
State features:  [('dummy_param', torch.Size([1]))]
Policy:  [('fc1.weight', torch.Size([5, 1])), ('fc1.bias', torch.Size([5]))]
0 :: Rewards 0.000 :: steps: 0.10 :: Time: 0.000(0.00067/step) :: Entropy : 0.000 :: Grads : []
10 :: Rewards -0.120 :: steps: 1.00 :: Time: 0.014(0.01412/step) :: Entropy : 0.000 :: Grads : []
20 :: Rewards -0.366 :: steps: 1.00 :: Time: 0.018(0.01759/step) :: Entropy : 0.000 :: Grads : []
30 :: Rewards -0.774 :: steps: 1.00 :: Time: 0.018(0.01838/step) :: Entropy : 0.000 :: Grads : []
40 :: Rewards -0.896 :: steps: 1.00 :: Time: 0.018(0.01770/step) :: Entropy : 0.000 :: Grads : []
50 :: Rewards -0.963 :: steps: 1.00 :: Time: 0.018(0.01758/step) :: Entropy : 0.000 :: Grads : []
60 :: Rewards -1.381 :: steps: 1.00 :: Time: 0.018(0.01835/step) :: Entropy : 0.000 :: Grads : []
70 :: Rewards -1.526 :: steps: 1.00 :: Time: 0.019(0.01904/step) :: Entropy : 0.000 :: Grads : []
80 :: Rewards -1.526 :: steps: 1.00 :: Time: 0.019(0.01893/step) :: Entropy : 0.000 :: Grads : []
90 :: Rewards -2.012 :: steps: 1.00 :: Time: 0.019(0.01870/step) :: Entropy : 0.000 :: Grads : []
100 :: Rewards -2.173 :: steps: 1.00 :: Time: 0.021(0.02055/step) :: Entropy : 0.000 :: Grads : []
110 :: Rewards -2.429 :: steps: 1.00 :: Time: 0.021(0.02074/step) :: Entropy : 0.000 :: Grads : []
120 :: Rewards -2.429 :: steps: 1.00 :: Time: 0.020(0.01950/step) :: Entropy : 0.000 :: Grads : []
130 :: Rewards -2.766 :: steps: 1.00 :: Time: 0.020(0.01980/step) :: Entropy : 0.000 :: Grads : []
140 :: Rewards -3.527 :: steps: 1.00 :: Time: 0.020(0.02021/step) :: Entropy : 0.000 :: Grads : []
150 :: Rewards -3.822 :: steps: 1.00 :: Time: 0.021(0.02057/step) :: Entropy : 0.000 :: Grads : []
160 :: Rewards -3.822 :: steps: 1.00 :: Time: 0.021(0.02073/step) :: Entropy : 0.000 :: Grads : []
170 :: Rewards -4.016 :: steps: 1.00 :: Time: 0.022(0.02155/step) :: Entropy : 0.000 :: Grads : []
180 :: Rewards -4.016 :: steps: 1.00 :: Time: 0.022(0.02225/step) :: Entropy : 0.000 :: Grads : []
190 :: Rewards -4.016 :: steps: 1.00 :: Time: 0.023(0.02294/step) :: Entropy : 0.000 :: Grads : []
200 :: Rewards -4.785 :: steps: 1.00 :: Time: 0.022(0.02246/step) :: Entropy : 0.000 :: Grads : []
210 :: Rewards -4.785 :: steps: 1.00 :: Time: 0.024(0.02431/step) :: Entropy : 0.000 :: Grads : []
220 :: Rewards -4.785 :: steps: 1.00 :: Time: 0.024(0.02438/step) :: Entropy : 0.000 :: Grads : []
230 :: Rewards -4.785 :: steps: 1.00 :: Time: 0.028(0.02762/step) :: Entropy : 0.000 :: Grads : []
240 :: Rewards -4.785 :: steps: 1.00 :: Time: 0.025(0.02548/step) :: Entropy : 0.000 :: Grads : []
250 :: Rewards -4.785 :: steps: 1.00 :: Time: 0.027(0.02729/step) :: Entropy : 0.000 :: Grads : []
260 :: Rewards -6.248 :: steps: 1.00 :: Time: 0.026(0.02599/step) :: Entropy : 0.000 :: Grads : []
270 :: Rewards -6.756 :: steps: 1.00 :: Time: 0.027(0.02670/step) :: Entropy : 0.000 :: Grads : []
280 :: Rewards -6.756 :: steps: 1.00 :: Time: 0.030(0.02985/step) :: Entropy : 0.000 :: Grads : []
290 :: Rewards -6.756 :: steps: 1.00 :: Time: 0.029(0.02928/step) :: Entropy : 0.000 :: Grads : []
300 :: Rewards -6.756 :: steps: 1.00 :: Time: 0.028(0.02771/step) :: Entropy : 0.000 :: Grads : []
310 :: Rewards -7.733 :: steps: 1.00 :: Time: 0.028(0.02817/step) :: Entropy : 0.000 :: Grads : []
320 :: Rewards -7.733 :: steps: 1.00 :: Time: 0.030(0.02954/step) :: Entropy : 0.000 :: Grads : []
330 :: Rewards -8.469 :: steps: 1.00 :: Time: 0.030(0.03045/step) :: Entropy : 0.000 :: Grads : []
340 :: Rewards -8.469 :: steps: 1.00 :: Time: 0.032(0.03181/step) :: Entropy : 0.000 :: Grads : []
350 :: Rewards -9.811 :: steps: 1.00 :: Time: 0.033(0.03314/step) :: Entropy : 0.000 :: Grads : []
360 :: Rewards -10.485 :: steps: 1.00 :: Time: 0.033(0.03322/step) :: Entropy : 0.000 :: Grads : []
370 :: Rewards -10.485 :: steps: 1.00 :: Time: 0.034(0.03359/step) :: Entropy : 0.000 :: Grads : []
380 :: Rewards -10.485 :: steps: 1.00 :: Time: 0.034(0.03430/step) :: Entropy : 0.000 :: Grads : []
390 :: Rewards -10.485 :: steps: 1.00 :: Time: 0.036(0.03592/step) :: Entropy : 0.000 :: Grads : []
400 :: Rewards -10.924 :: steps: 1.00 :: Time: 0.037(0.03713/step) :: Entropy : 0.000 :: Grads : []
410 :: Rewards -10.924 :: steps: 1.00 :: Time: 0.036(0.03593/step) :: Entropy : 0.000 :: Grads : []
420 :: Rewards -10.924 :: steps: 1.00 :: Time: 0.037(0.03673/step) :: Entropy : 0.000 :: Grads : []
430 :: Rewards -10.924 :: steps: 1.00 :: Time: 0.038(0.03839/step) :: Entropy : 0.000 :: Grads : []
440 :: Rewards -10.924 :: steps: 1.00 :: Time: 0.040(0.03966/step) :: Entropy : 0.000 :: Grads : []
450 :: Rewards -10.924 :: steps: 1.00 :: Time: 0.040(0.04020/step) :: Entropy : 0.000 :: Grads : []
460 :: Rewards -10.924 :: steps: 1.00 :: Time: 0.042(0.04220/step) :: Entropy : 0.000 :: Grads : []
470 :: Rewards -11.523 :: steps: 1.00 :: Time: 0.041(0.04067/step) :: Entropy : 0.000 :: Grads : []
480 :: Rewards -11.523 :: steps: 1.00 :: Time: 0.041(0.04132/step) :: Entropy : 0.000 :: Grads : []
490 :: Rewards -11.523 :: steps: 1.00 :: Time: 0.043(0.04260/step) :: Entropy : 0.000 :: Grads : []
500 :: Rewards -11.523 :: steps: 1.00 :: Time: 0.049(0.04890/step) :: Entropy : 0.000 :: Grads : []
510 :: Rewards -11.523 :: steps: 1.00 :: Time: 0.050(0.04952/step) :: Entropy : 0.000 :: Grads : []
520 :: Rewards -11.523 :: steps: 1.00 :: Time: 0.048(0.04760/step) :: Entropy : 0.000 :: Grads : []
530 :: Rewards -11.523 :: steps: 1.00 :: Time: 0.048(0.04782/step) :: Entropy : 0.000 :: Grads : []
540 :: Rewards -12.212 :: steps: 1.00 :: Time: 0.052(0.05185/step) :: Entropy : 0.000 :: Grads : []
550 :: Rewards -13.039 :: steps: 1.00 :: Time: 0.047(0.04652/step) :: Entropy : 0.000 :: Grads : []
560 :: Rewards -13.520 :: steps: 1.00 :: Time: 0.047(0.04666/step) :: Entropy : 0.000 :: Grads : []
570 :: Rewards -13.759 :: steps: 1.00 :: Time: 0.049(0.04895/step) :: Entropy : 0.000 :: Grads : []
580 :: Rewards -13.759 :: steps: 1.00 :: Time: 0.049(0.04936/step) :: Entropy : 0.000 :: Grads : []
590 :: Rewards -14.374 :: steps: 1.00 :: Time: 0.053(0.05281/step) :: Entropy : 0.000 :: Grads : []
600 :: Rewards -14.570 :: steps: 1.00 :: Time: 0.052(0.05246/step) :: Entropy : 0.000 :: Grads : []
610 :: Rewards -14.765 :: steps: 1.00 :: Time: 0.053(0.05340/step) :: Entropy : 0.000 :: Grads : []
620 :: Rewards -14.765 :: steps: 1.00 :: Time: 0.059(0.05903/step) :: Entropy : 0.000 :: Grads : []
630 :: Rewards -14.765 :: steps: 1.00 :: Time: 0.055(0.05549/step) :: Entropy : 0.000 :: Grads : []
640 :: Rewards -14.765 :: steps: 1.00 :: Time: 0.065(0.06481/step) :: Entropy : 0.000 :: Grads : []
650 :: Rewards -14.765 :: steps: 1.00 :: Time: 0.067(0.06709/step) :: Entropy : 0.000 :: Grads : []
660 :: Rewards -14.765 :: steps: 1.00 :: Time: 0.057(0.05739/step) :: Entropy : 0.000 :: Grads : []
670 :: Rewards -14.972 :: steps: 1.00 :: Time: 0.059(0.05915/step) :: Entropy : 0.000 :: Grads : []
680 :: Rewards -15.521 :: steps: 1.00 :: Time: 0.066(0.06560/step) :: Entropy : 0.000 :: Grads : []
690 :: Rewards -15.521 :: steps: 1.00 :: Time: 0.066(0.06588/step) :: Entropy : 0.000 :: Grads : []
700 :: Rewards -15.521 :: steps: 1.00 :: Time: 0.064(0.06416/step) :: Entropy : 0.000 :: Grads : []
710 :: Rewards -15.521 :: steps: 1.00 :: Time: 0.066(0.06586/step) :: Entropy : 0.000 :: Grads : []
720 :: Rewards -15.548 :: steps: 1.00 :: Time: 0.068(0.06774/step) :: Entropy : 0.000 :: Grads : []
730 :: Rewards -15.720 :: steps: 1.00 :: Time: 0.070(0.06990/step) :: Entropy : 0.000 :: Grads : []
740 :: Rewards -16.143 :: steps: 1.00 :: Time: 0.072(0.07177/step) :: Entropy : 0.000 :: Grads : []
750 :: Rewards -16.510 :: steps: 1.00 :: Time: 0.073(0.07279/step) :: Entropy : 0.000 :: Grads : []
760 :: Rewards -17.079 :: steps: 1.00 :: Time: 0.076(0.07632/step) :: Entropy : 0.000 :: Grads : []
770 :: Rewards -17.789 :: steps: 1.00 :: Time: 0.077(0.07670/step) :: Entropy : 0.000 :: Grads : []
780 :: Rewards -18.548 :: steps: 1.00 :: Time: 0.078(0.07754/step) :: Entropy : 0.000 :: Grads : []
790 :: Rewards -19.651 :: steps: 1.00 :: Time: 0.081(0.08072/step) :: Entropy : 0.000 :: Grads : []
800 :: Rewards -21.150 :: steps: 1.00 :: Time: 0.081(0.08094/step) :: Entropy : 0.000 :: Grads : []
810 :: Rewards -22.488 :: steps: 1.00 :: Time: 0.085(0.08534/step) :: Entropy : 0.000 :: Grads : []
820 :: Rewards -23.318 :: steps: 1.00 :: Time: 0.090(0.09015/step) :: Entropy : 0.000 :: Grads : []
830 :: Rewards -23.632 :: steps: 1.00 :: Time: 0.095(0.09496/step) :: Entropy : 0.000 :: Grads : []
840 :: Rewards -23.632 :: steps: 1.00 :: Time: 0.112(0.11194/step) :: Entropy : 0.000 :: Grads : []
850 :: Rewards -23.632 :: steps: 1.00 :: Time: 0.102(0.10245/step) :: Entropy : 0.000 :: Grads : []
860 :: Rewards -23.932 :: steps: 1.00 :: Time: 0.101(0.10139/step) :: Entropy : 0.000 :: Grads : []
870 :: Rewards -23.932 :: steps: 1.00 :: Time: 0.109(0.10860/step) :: Entropy : 0.000 :: Grads : []
880 :: Rewards -23.932 :: steps: 1.00 :: Time: 0.110(0.10951/step) :: Entropy : 0.000 :: Grads : []
890 :: Rewards -23.932 :: steps: 1.00 :: Time: 0.107(0.10658/step) :: Entropy : 0.000 :: Grads : []
900 :: Rewards -23.932 :: steps: 1.00 :: Time: 0.105(0.10471/step) :: Entropy : 0.000 :: Grads : []
910 :: Rewards -23.932 :: steps: 1.00 :: Time: 0.110(0.10998/step) :: Entropy : 0.000 :: Grads : []
920 :: Rewards -23.932 :: steps: 1.00 :: Time: 0.103(0.10307/step) :: Entropy : 0.000 :: Grads : []
930 :: Rewards -23.991 :: steps: 1.00 :: Time: 0.107(0.10723/step) :: Entropy : 0.000 :: Grads : []
940 :: Rewards -24.048 :: steps: 1.00 :: Time: 0.112(0.11234/step) :: Entropy : 0.000 :: Grads : []
950 :: Rewards -24.048 :: steps: 1.00 :: Time: 0.105(0.10488/step) :: Entropy : 0.000 :: Grads : []
960 :: Rewards -24.168 :: steps: 1.00 :: Time: 0.114(0.11351/step) :: Entropy : 0.000 :: Grads : []
970 :: Rewards -24.168 :: steps: 1.00 :: Time: 0.115(0.11485/step) :: Entropy : 0.000 :: Grads : []
980 :: Rewards -24.215 :: steps: 1.00 :: Time: 0.115(0.11474/step) :: Entropy : 0.000 :: Grads : []
990 :: Rewards -24.260 :: steps: 1.00 :: Time: 0.112(0.11208/step) :: Entropy : 0.000 :: Grads : []
999 :: Rewards -24.260 :: steps: 0.90 :: Time: 0.101(0.11253/step) :: Entropy : 0.000 :: Grads : []
Total time taken: 53.59025692939758
