Module path:  Environments.NS_Reco NS_Reco
Dynamically loaded from:  <class 'Environments.NS_Reco.NS_Reco'>
Reward Amplitudes: [4.17022005e-01 7.20324493e-01 1.14374817e-04 3.02332573e-01
 1.46755891e-01] :: Avg 0.317309867282206 
Module path:  Src.Algorithms.ProOLS ProOLS
Dynamically loaded from:  <class 'Src.Algorithms.ProOLS.ProOLS'>
=====Configurations=====
 Namespace(NN_basis_dim='32', Policy_basis_dim='32', actor_lr=0.0013967975033711264, algo_name='ProOLS', base=0, batch_size=1000, buffer_size=1000, debug=False, delta=1, entropy_lambda=0.009309067356364342, env_name='NS_Reco', experiment='NS_0r_', extrapolator_basis='Fourier', folder_suffix='Default', fourier_coupled=True, fourier_k=5, fourier_order=3, gamma=0.99, gauss_std=1.5, gpu=0, hyper='default', importance_clip=15.0, inc=1, log_output='term_file', max_episodes=1000, max_inner=30, max_steps=500, optim='rmsprop', oracle=-1, raw_basis=True, restore=False, save_count=100, save_model=True, seed=8, speed=0, state_lr=0.001, summary=True, swarm=False, timestamp='5|25|11:41:3')
Actions space: 5 :: State space: 1
State Low: tensor([0.]) :: State High: tensor([1.])
State features:  [('dummy_param', torch.Size([1]))]
Policy:  [('fc1.weight', torch.Size([5, 1])), ('fc1.bias', torch.Size([5]))]
0 :: Rewards -0.572 :: steps: 0.10 :: Time: 0.000(0.00077/step) :: Entropy : 0.000 :: Grads : []
10 :: Rewards -5.203 :: steps: 1.00 :: Time: 0.009(0.00908/step) :: Entropy : 0.000 :: Grads : []
20 :: Rewards -8.583 :: steps: 1.00 :: Time: 0.015(0.01463/step) :: Entropy : 0.000 :: Grads : []
30 :: Rewards -11.870 :: steps: 1.00 :: Time: 0.015(0.01495/step) :: Entropy : 0.000 :: Grads : []
40 :: Rewards -15.427 :: steps: 1.00 :: Time: 0.014(0.01447/step) :: Entropy : 0.000 :: Grads : []
50 :: Rewards -17.610 :: steps: 1.00 :: Time: 0.015(0.01465/step) :: Entropy : 0.000 :: Grads : []
60 :: Rewards -18.479 :: steps: 1.00 :: Time: 0.015(0.01462/step) :: Entropy : 0.000 :: Grads : []
70 :: Rewards -18.479 :: steps: 1.00 :: Time: 0.015(0.01470/step) :: Entropy : 0.000 :: Grads : []
80 :: Rewards -18.776 :: steps: 1.00 :: Time: 0.015(0.01490/step) :: Entropy : 0.000 :: Grads : []
90 :: Rewards -19.346 :: steps: 1.00 :: Time: 0.015(0.01516/step) :: Entropy : 0.000 :: Grads : []
100 :: Rewards -19.346 :: steps: 1.00 :: Time: 0.015(0.01531/step) :: Entropy : 0.000 :: Grads : []
110 :: Rewards -19.346 :: steps: 1.00 :: Time: 0.015(0.01529/step) :: Entropy : 0.000 :: Grads : []
120 :: Rewards -19.346 :: steps: 1.00 :: Time: 0.016(0.01551/step) :: Entropy : 0.000 :: Grads : []
130 :: Rewards -19.346 :: steps: 1.00 :: Time: 0.016(0.01564/step) :: Entropy : 0.000 :: Grads : []
140 :: Rewards -19.346 :: steps: 1.00 :: Time: 0.016(0.01583/step) :: Entropy : 0.000 :: Grads : []
150 :: Rewards -19.346 :: steps: 1.00 :: Time: 0.016(0.01600/step) :: Entropy : 0.000 :: Grads : []
160 :: Rewards -19.346 :: steps: 1.00 :: Time: 0.016(0.01593/step) :: Entropy : 0.000 :: Grads : []
170 :: Rewards -19.346 :: steps: 1.00 :: Time: 0.016(0.01613/step) :: Entropy : 0.000 :: Grads : []
180 :: Rewards -19.346 :: steps: 1.00 :: Time: 0.016(0.01617/step) :: Entropy : 0.000 :: Grads : []
190 :: Rewards -19.346 :: steps: 1.00 :: Time: 0.016(0.01631/step) :: Entropy : 0.000 :: Grads : []
200 :: Rewards -19.346 :: steps: 1.00 :: Time: 0.017(0.01674/step) :: Entropy : 0.000 :: Grads : []
210 :: Rewards -19.346 :: steps: 1.00 :: Time: 0.017(0.01659/step) :: Entropy : 0.000 :: Grads : []
220 :: Rewards -19.346 :: steps: 1.00 :: Time: 0.017(0.01669/step) :: Entropy : 0.000 :: Grads : []
230 :: Rewards -19.346 :: steps: 1.00 :: Time: 0.017(0.01689/step) :: Entropy : 0.000 :: Grads : []
240 :: Rewards -19.346 :: steps: 1.00 :: Time: 0.017(0.01691/step) :: Entropy : 0.000 :: Grads : []
250 :: Rewards -19.346 :: steps: 1.00 :: Time: 0.018(0.01788/step) :: Entropy : 0.000 :: Grads : []
260 :: Rewards -19.346 :: steps: 1.00 :: Time: 0.018(0.01766/step) :: Entropy : 0.000 :: Grads : []
270 :: Rewards -19.346 :: steps: 1.00 :: Time: 0.018(0.01773/step) :: Entropy : 0.000 :: Grads : []
280 :: Rewards -19.346 :: steps: 1.00 :: Time: 0.018(0.01787/step) :: Entropy : 0.000 :: Grads : []
290 :: Rewards -19.346 :: steps: 1.00 :: Time: 0.018(0.01811/step) :: Entropy : 0.000 :: Grads : []
300 :: Rewards -19.346 :: steps: 1.00 :: Time: 0.018(0.01820/step) :: Entropy : 0.000 :: Grads : []
310 :: Rewards -19.346 :: steps: 1.00 :: Time: 0.019(0.01855/step) :: Entropy : 0.000 :: Grads : []
320 :: Rewards -19.346 :: steps: 1.00 :: Time: 0.019(0.01878/step) :: Entropy : 0.000 :: Grads : []
330 :: Rewards -19.346 :: steps: 1.00 :: Time: 0.019(0.01888/step) :: Entropy : 0.000 :: Grads : []
340 :: Rewards -19.346 :: steps: 1.00 :: Time: 0.019(0.01915/step) :: Entropy : 0.000 :: Grads : []
350 :: Rewards -19.346 :: steps: 1.00 :: Time: 0.020(0.01951/step) :: Entropy : 0.000 :: Grads : []
360 :: Rewards -19.346 :: steps: 1.00 :: Time: 0.019(0.01935/step) :: Entropy : 0.000 :: Grads : []
370 :: Rewards -19.346 :: steps: 1.00 :: Time: 0.020(0.01965/step) :: Entropy : 0.000 :: Grads : []
380 :: Rewards -19.346 :: steps: 1.00 :: Time: 0.020(0.01968/step) :: Entropy : 0.000 :: Grads : []
390 :: Rewards -19.346 :: steps: 1.00 :: Time: 0.020(0.01981/step) :: Entropy : 0.000 :: Grads : []
400 :: Rewards -19.346 :: steps: 1.00 :: Time: 0.020(0.02017/step) :: Entropy : 0.000 :: Grads : []
410 :: Rewards -19.346 :: steps: 1.00 :: Time: 0.021(0.02065/step) :: Entropy : 0.000 :: Grads : []
420 :: Rewards -19.346 :: steps: 1.00 :: Time: 0.022(0.02168/step) :: Entropy : 0.000 :: Grads : []
430 :: Rewards -19.346 :: steps: 1.00 :: Time: 0.022(0.02178/step) :: Entropy : 0.000 :: Grads : []
440 :: Rewards -19.346 :: steps: 1.00 :: Time: 0.022(0.02219/step) :: Entropy : 0.000 :: Grads : []
450 :: Rewards -19.346 :: steps: 1.00 :: Time: 0.022(0.02246/step) :: Entropy : 0.000 :: Grads : []
460 :: Rewards -19.346 :: steps: 1.00 :: Time: 0.023(0.02260/step) :: Entropy : 0.000 :: Grads : []
470 :: Rewards -19.346 :: steps: 1.00 :: Time: 0.024(0.02396/step) :: Entropy : 0.000 :: Grads : []
480 :: Rewards -19.346 :: steps: 1.00 :: Time: 0.022(0.02179/step) :: Entropy : 0.000 :: Grads : []
490 :: Rewards -19.346 :: steps: 1.00 :: Time: 0.022(0.02190/step) :: Entropy : 0.000 :: Grads : []
500 :: Rewards -19.346 :: steps: 1.00 :: Time: 0.022(0.02239/step) :: Entropy : 0.000 :: Grads : []
510 :: Rewards -19.346 :: steps: 1.00 :: Time: 0.022(0.02216/step) :: Entropy : 0.000 :: Grads : []
520 :: Rewards -19.346 :: steps: 1.00 :: Time: 0.023(0.02276/step) :: Entropy : 0.000 :: Grads : []
530 :: Rewards -19.346 :: steps: 1.00 :: Time: 0.023(0.02259/step) :: Entropy : 0.000 :: Grads : []
540 :: Rewards -19.346 :: steps: 1.00 :: Time: 0.023(0.02315/step) :: Entropy : 0.000 :: Grads : []
550 :: Rewards -19.346 :: steps: 1.00 :: Time: 0.023(0.02281/step) :: Entropy : 0.000 :: Grads : []
560 :: Rewards -19.346 :: steps: 1.00 :: Time: 0.023(0.02339/step) :: Entropy : 0.000 :: Grads : []
570 :: Rewards -19.346 :: steps: 1.00 :: Time: 0.023(0.02340/step) :: Entropy : 0.000 :: Grads : []
580 :: Rewards -19.346 :: steps: 1.00 :: Time: 0.024(0.02426/step) :: Entropy : 0.000 :: Grads : []
590 :: Rewards -19.346 :: steps: 1.00 :: Time: 0.024(0.02406/step) :: Entropy : 0.000 :: Grads : []
600 :: Rewards -19.346 :: steps: 1.00 :: Time: 0.024(0.02383/step) :: Entropy : 0.000 :: Grads : []
610 :: Rewards -19.346 :: steps: 1.00 :: Time: 0.024(0.02418/step) :: Entropy : 0.000 :: Grads : []
620 :: Rewards -19.346 :: steps: 1.00 :: Time: 0.024(0.02398/step) :: Entropy : 0.000 :: Grads : []
630 :: Rewards -19.346 :: steps: 1.00 :: Time: 0.024(0.02430/step) :: Entropy : 0.000 :: Grads : []
640 :: Rewards -19.346 :: steps: 1.00 :: Time: 0.024(0.02418/step) :: Entropy : 0.000 :: Grads : []
650 :: Rewards -19.346 :: steps: 1.00 :: Time: 0.025(0.02456/step) :: Entropy : 0.000 :: Grads : []
660 :: Rewards -19.346 :: steps: 1.00 :: Time: 0.025(0.02457/step) :: Entropy : 0.000 :: Grads : []
670 :: Rewards -19.346 :: steps: 1.00 :: Time: 0.021(0.02092/step) :: Entropy : 0.000 :: Grads : []
680 :: Rewards -19.346 :: steps: 1.00 :: Time: 0.020(0.01958/step) :: Entropy : 0.000 :: Grads : []
690 :: Rewards -19.346 :: steps: 1.00 :: Time: 0.020(0.01993/step) :: Entropy : 0.000 :: Grads : []
700 :: Rewards -19.346 :: steps: 1.00 :: Time: 0.021(0.02097/step) :: Entropy : 0.000 :: Grads : []
710 :: Rewards -19.346 :: steps: 1.00 :: Time: 0.021(0.02074/step) :: Entropy : 0.000 :: Grads : []
720 :: Rewards -19.346 :: steps: 1.00 :: Time: 0.021(0.02059/step) :: Entropy : 0.000 :: Grads : []
730 :: Rewards -19.346 :: steps: 1.00 :: Time: 0.021(0.02056/step) :: Entropy : 0.000 :: Grads : []
740 :: Rewards -19.346 :: steps: 1.00 :: Time: 0.020(0.02032/step) :: Entropy : 0.000 :: Grads : []
750 :: Rewards -19.346 :: steps: 1.00 :: Time: 0.020(0.02038/step) :: Entropy : 0.000 :: Grads : []
760 :: Rewards -19.346 :: steps: 1.00 :: Time: 0.020(0.02044/step) :: Entropy : 0.000 :: Grads : []
770 :: Rewards -19.346 :: steps: 1.00 :: Time: 0.021(0.02071/step) :: Entropy : 0.000 :: Grads : []
780 :: Rewards -19.346 :: steps: 1.00 :: Time: 0.022(0.02163/step) :: Entropy : 0.000 :: Grads : []
790 :: Rewards -19.346 :: steps: 1.00 :: Time: 0.022(0.02175/step) :: Entropy : 0.000 :: Grads : []
800 :: Rewards -19.346 :: steps: 1.00 :: Time: 0.023(0.02252/step) :: Entropy : 0.000 :: Grads : []
810 :: Rewards -19.346 :: steps: 1.00 :: Time: 0.024(0.02362/step) :: Entropy : 0.000 :: Grads : []
820 :: Rewards -19.346 :: steps: 1.00 :: Time: 0.024(0.02366/step) :: Entropy : 0.000 :: Grads : []
830 :: Rewards -19.346 :: steps: 1.00 :: Time: 0.029(0.02865/step) :: Entropy : 0.000 :: Grads : []
840 :: Rewards -19.346 :: steps: 1.00 :: Time: 0.034(0.03373/step) :: Entropy : 0.000 :: Grads : []
850 :: Rewards -19.346 :: steps: 1.00 :: Time: 0.030(0.02951/step) :: Entropy : 0.000 :: Grads : []
860 :: Rewards -19.346 :: steps: 1.00 :: Time: 0.025(0.02503/step) :: Entropy : 0.000 :: Grads : []
870 :: Rewards -19.346 :: steps: 1.00 :: Time: 0.028(0.02763/step) :: Entropy : 0.000 :: Grads : []
880 :: Rewards -19.346 :: steps: 1.00 :: Time: 0.023(0.02329/step) :: Entropy : 0.000 :: Grads : []
890 :: Rewards -19.346 :: steps: 1.00 :: Time: 0.022(0.02236/step) :: Entropy : 0.000 :: Grads : []
900 :: Rewards -19.346 :: steps: 1.00 :: Time: 0.022(0.02243/step) :: Entropy : 0.000 :: Grads : []
910 :: Rewards -19.346 :: steps: 1.00 :: Time: 0.023(0.02281/step) :: Entropy : 0.000 :: Grads : []
920 :: Rewards -19.346 :: steps: 1.00 :: Time: 0.023(0.02337/step) :: Entropy : 0.000 :: Grads : []
930 :: Rewards -19.346 :: steps: 1.00 :: Time: 0.024(0.02350/step) :: Entropy : 0.000 :: Grads : []
940 :: Rewards -19.346 :: steps: 1.00 :: Time: 0.023(0.02341/step) :: Entropy : 0.000 :: Grads : []
950 :: Rewards -19.346 :: steps: 1.00 :: Time: 0.024(0.02366/step) :: Entropy : 0.000 :: Grads : []
960 :: Rewards -19.346 :: steps: 1.00 :: Time: 0.024(0.02433/step) :: Entropy : 0.000 :: Grads : []
970 :: Rewards -19.346 :: steps: 1.00 :: Time: 0.024(0.02355/step) :: Entropy : 0.000 :: Grads : []
980 :: Rewards -19.346 :: steps: 1.00 :: Time: 0.024(0.02366/step) :: Entropy : 0.000 :: Grads : []
990 :: Rewards -19.346 :: steps: 1.00 :: Time: 0.024(0.02384/step) :: Entropy : 0.000 :: Grads : []
999 :: Rewards -19.346 :: steps: 0.90 :: Time: 0.022(0.02440/step) :: Entropy : 0.000 :: Grads : []
Total time taken: 20.62509512901306
