Module path:  Environments.NS_Reco NS_Reco
Dynamically loaded from:  <class 'Environments.NS_Reco.NS_Reco'>
Reward Amplitudes: [4.17022005e-01 7.20324493e-01 1.14374817e-04 3.02332573e-01
 1.46755891e-01] :: Avg 0.317309867282206 
Module path:  Src.Algorithms.ProWLS ProWLS
Dynamically loaded from:  <class 'Src.Algorithms.ProWLS.ProWLS'>
=====Configurations=====
 Namespace(NN_basis_dim='32', Policy_basis_dim='32', actor_lr=0.0037403051736555927, algo_name='ProWLS', base=0, batch_size=1000, buffer_size=1000, debug=False, delta=3, entropy_lambda=0.041755411764967935, env_name='NS_Reco', experiment='NS_4r_', extrapolator_basis='Fourier', folder_suffix='Default', fourier_coupled=True, fourier_k=7, fourier_order=3, gamma=0.99, gauss_std=1.5, gpu=0, hyper='default', importance_clip=5.0, inc=1, log_output='term_file', max_episodes=1000, max_inner=60, max_steps=500, optim='rmsprop', oracle=-1, raw_basis=True, restore=False, save_count=100, save_model=True, seed=5, speed=4, state_lr=0.001, summary=True, swarm=False, timestamp='5|25|10:6:36')
Actions space: 5 :: State space: 1
State Low: tensor([0.]) :: State High: tensor([1.])
State features:  [('dummy_param', torch.Size([1]))]
Policy:  [('fc1.weight', torch.Size([5, 1])), ('fc1.bias', torch.Size([5]))]
0 :: Rewards -0.003 :: steps: 0.10 :: Time: 0.000(0.00073/step) :: Entropy : 0.000 :: Grads : []
10 :: Rewards -0.364 :: steps: 1.00 :: Time: 0.004(0.00391/step) :: Entropy : 0.000 :: Grads : []
20 :: Rewards -1.571 :: steps: 1.00 :: Time: 0.015(0.01456/step) :: Entropy : 0.000 :: Grads : []
30 :: Rewards -3.514 :: steps: 1.00 :: Time: 0.011(0.01124/step) :: Entropy : 0.000 :: Grads : []
40 :: Rewards -5.627 :: steps: 1.00 :: Time: 0.011(0.01111/step) :: Entropy : 0.000 :: Grads : []
50 :: Rewards -6.925 :: steps: 1.00 :: Time: 0.015(0.01473/step) :: Entropy : 0.000 :: Grads : []
60 :: Rewards -10.689 :: steps: 1.00 :: Time: 0.011(0.01119/step) :: Entropy : 0.000 :: Grads : []
70 :: Rewards -12.491 :: steps: 1.00 :: Time: 0.011(0.01137/step) :: Entropy : 0.000 :: Grads : []
80 :: Rewards -14.706 :: steps: 1.00 :: Time: 0.016(0.01570/step) :: Entropy : 0.000 :: Grads : []
90 :: Rewards -14.706 :: steps: 1.00 :: Time: 0.012(0.01200/step) :: Entropy : 0.000 :: Grads : []
100 :: Rewards -15.621 :: steps: 1.00 :: Time: 0.012(0.01190/step) :: Entropy : 0.000 :: Grads : []
110 :: Rewards -17.072 :: steps: 1.00 :: Time: 0.016(0.01588/step) :: Entropy : 0.000 :: Grads : []
120 :: Rewards -17.665 :: steps: 1.00 :: Time: 0.012(0.01204/step) :: Entropy : 0.000 :: Grads : []
130 :: Rewards -18.889 :: steps: 1.00 :: Time: 0.013(0.01251/step) :: Entropy : 0.000 :: Grads : []
140 :: Rewards -20.234 :: steps: 1.00 :: Time: 0.017(0.01705/step) :: Entropy : 0.000 :: Grads : []
150 :: Rewards -20.555 :: steps: 1.00 :: Time: 0.013(0.01338/step) :: Entropy : 0.000 :: Grads : []
160 :: Rewards -21.713 :: steps: 1.00 :: Time: 0.014(0.01358/step) :: Entropy : 0.000 :: Grads : []
170 :: Rewards -22.535 :: steps: 1.00 :: Time: 0.018(0.01828/step) :: Entropy : 0.000 :: Grads : []
180 :: Rewards -22.572 :: steps: 1.00 :: Time: 0.014(0.01374/step) :: Entropy : 0.000 :: Grads : []
190 :: Rewards -22.762 :: steps: 1.00 :: Time: 0.015(0.01538/step) :: Entropy : 0.000 :: Grads : []
200 :: Rewards -23.229 :: steps: 1.00 :: Time: 0.020(0.02035/step) :: Entropy : 0.000 :: Grads : []
210 :: Rewards -23.423 :: steps: 1.00 :: Time: 0.016(0.01599/step) :: Entropy : 0.000 :: Grads : []
220 :: Rewards -23.423 :: steps: 1.00 :: Time: 0.016(0.01633/step) :: Entropy : 0.000 :: Grads : []
230 :: Rewards -23.740 :: steps: 1.00 :: Time: 0.023(0.02294/step) :: Entropy : 0.000 :: Grads : []
240 :: Rewards -24.098 :: steps: 1.00 :: Time: 0.017(0.01711/step) :: Entropy : 0.000 :: Grads : []
250 :: Rewards -24.271 :: steps: 1.00 :: Time: 0.018(0.01781/step) :: Entropy : 0.000 :: Grads : []
260 :: Rewards -24.339 :: steps: 1.00 :: Time: 0.025(0.02452/step) :: Entropy : 0.000 :: Grads : []
270 :: Rewards -26.195 :: steps: 1.00 :: Time: 0.019(0.01855/step) :: Entropy : 0.000 :: Grads : []
280 :: Rewards -26.557 :: steps: 1.00 :: Time: 0.019(0.01909/step) :: Entropy : 0.000 :: Grads : []
290 :: Rewards -26.877 :: steps: 1.00 :: Time: 0.026(0.02563/step) :: Entropy : 0.000 :: Grads : []
300 :: Rewards -27.103 :: steps: 1.00 :: Time: 0.020(0.02012/step) :: Entropy : 0.000 :: Grads : []
310 :: Rewards -29.796 :: steps: 1.00 :: Time: 0.021(0.02071/step) :: Entropy : 0.000 :: Grads : []
320 :: Rewards -30.468 :: steps: 1.00 :: Time: 0.029(0.02863/step) :: Entropy : 0.000 :: Grads : []
330 :: Rewards -30.816 :: steps: 1.00 :: Time: 0.022(0.02232/step) :: Entropy : 0.000 :: Grads : []
340 :: Rewards -31.984 :: steps: 1.00 :: Time: 0.023(0.02276/step) :: Entropy : 0.000 :: Grads : []
350 :: Rewards -32.324 :: steps: 1.00 :: Time: 0.031(0.03110/step) :: Entropy : 0.000 :: Grads : []
360 :: Rewards -32.617 :: steps: 1.00 :: Time: 0.024(0.02370/step) :: Entropy : 0.000 :: Grads : []
370 :: Rewards -32.650 :: steps: 1.00 :: Time: 0.025(0.02520/step) :: Entropy : 0.000 :: Grads : []
380 :: Rewards -33.022 :: steps: 1.00 :: Time: 0.033(0.03322/step) :: Entropy : 0.000 :: Grads : []
390 :: Rewards -33.135 :: steps: 1.00 :: Time: 0.026(0.02588/step) :: Entropy : 0.000 :: Grads : []
400 :: Rewards -33.251 :: steps: 1.00 :: Time: 0.026(0.02604/step) :: Entropy : 0.000 :: Grads : []
410 :: Rewards -33.350 :: steps: 1.00 :: Time: 0.037(0.03674/step) :: Entropy : 0.000 :: Grads : []
420 :: Rewards -34.195 :: steps: 1.00 :: Time: 0.029(0.02924/step) :: Entropy : 0.000 :: Grads : []
430 :: Rewards -34.548 :: steps: 1.00 :: Time: 0.029(0.02857/step) :: Entropy : 0.000 :: Grads : []
440 :: Rewards -35.972 :: steps: 1.00 :: Time: 0.038(0.03839/step) :: Entropy : 0.000 :: Grads : []
450 :: Rewards -36.642 :: steps: 1.00 :: Time: 0.030(0.02980/step) :: Entropy : 0.000 :: Grads : []
460 :: Rewards -37.473 :: steps: 1.00 :: Time: 0.030(0.03036/step) :: Entropy : 0.000 :: Grads : []
470 :: Rewards -37.698 :: steps: 1.00 :: Time: 0.041(0.04112/step) :: Entropy : 0.000 :: Grads : []
480 :: Rewards -37.698 :: steps: 1.00 :: Time: 0.032(0.03196/step) :: Entropy : 0.000 :: Grads : []
490 :: Rewards -37.698 :: steps: 1.00 :: Time: 0.033(0.03303/step) :: Entropy : 0.000 :: Grads : []
500 :: Rewards -37.698 :: steps: 1.00 :: Time: 0.046(0.04588/step) :: Entropy : 0.000 :: Grads : []
510 :: Rewards -37.698 :: steps: 1.00 :: Time: 0.036(0.03551/step) :: Entropy : 0.000 :: Grads : []
520 :: Rewards -38.580 :: steps: 1.00 :: Time: 0.036(0.03570/step) :: Entropy : 0.000 :: Grads : []
530 :: Rewards -40.324 :: steps: 1.00 :: Time: 0.047(0.04717/step) :: Entropy : 0.000 :: Grads : []
540 :: Rewards -42.578 :: steps: 1.00 :: Time: 0.036(0.03596/step) :: Entropy : 0.000 :: Grads : []
550 :: Rewards -45.184 :: steps: 1.00 :: Time: 0.041(0.04071/step) :: Entropy : 0.000 :: Grads : []
560 :: Rewards -45.888 :: steps: 1.00 :: Time: 0.052(0.05150/step) :: Entropy : 0.000 :: Grads : []
570 :: Rewards -47.292 :: steps: 1.00 :: Time: 0.039(0.03912/step) :: Entropy : 0.000 :: Grads : []
580 :: Rewards -47.958 :: steps: 1.00 :: Time: 0.040(0.04032/step) :: Entropy : 0.000 :: Grads : []
590 :: Rewards -48.711 :: steps: 1.00 :: Time: 0.056(0.05564/step) :: Entropy : 0.000 :: Grads : []
600 :: Rewards -49.237 :: steps: 1.00 :: Time: 0.040(0.04029/step) :: Entropy : 0.000 :: Grads : []
610 :: Rewards -49.622 :: steps: 1.00 :: Time: 0.043(0.04302/step) :: Entropy : 0.000 :: Grads : []
620 :: Rewards -50.305 :: steps: 1.00 :: Time: 0.060(0.06041/step) :: Entropy : 0.000 :: Grads : []
630 :: Rewards -50.643 :: steps: 1.00 :: Time: 0.043(0.04276/step) :: Entropy : 0.000 :: Grads : []
640 :: Rewards -50.879 :: steps: 1.00 :: Time: 0.046(0.04579/step) :: Entropy : 0.000 :: Grads : []
650 :: Rewards -52.748 :: steps: 1.00 :: Time: 0.060(0.05961/step) :: Entropy : 0.000 :: Grads : []
660 :: Rewards -53.738 :: steps: 1.00 :: Time: 0.045(0.04544/step) :: Entropy : 0.000 :: Grads : []
670 :: Rewards -54.099 :: steps: 1.00 :: Time: 0.050(0.04987/step) :: Entropy : 0.000 :: Grads : []
680 :: Rewards -55.472 :: steps: 1.00 :: Time: 0.068(0.06816/step) :: Entropy : 0.000 :: Grads : []
690 :: Rewards -55.698 :: steps: 1.00 :: Time: 0.056(0.05626/step) :: Entropy : 0.000 :: Grads : []
700 :: Rewards -55.925 :: steps: 1.00 :: Time: 0.051(0.05143/step) :: Entropy : 0.000 :: Grads : []
710 :: Rewards -56.504 :: steps: 1.00 :: Time: 0.071(0.07062/step) :: Entropy : 0.000 :: Grads : []
720 :: Rewards -57.044 :: steps: 1.00 :: Time: 0.054(0.05395/step) :: Entropy : 0.000 :: Grads : []
730 :: Rewards -57.587 :: steps: 1.00 :: Time: 0.056(0.05595/step) :: Entropy : 0.000 :: Grads : []
740 :: Rewards -57.587 :: steps: 1.00 :: Time: 0.076(0.07627/step) :: Entropy : 0.000 :: Grads : []
750 :: Rewards -57.696 :: steps: 1.00 :: Time: 0.059(0.05896/step) :: Entropy : 0.000 :: Grads : []
760 :: Rewards -58.975 :: steps: 1.00 :: Time: 0.060(0.06001/step) :: Entropy : 0.000 :: Grads : []
770 :: Rewards -61.119 :: steps: 1.00 :: Time: 0.082(0.08198/step) :: Entropy : 0.000 :: Grads : []
780 :: Rewards -62.161 :: steps: 1.00 :: Time: 0.062(0.06188/step) :: Entropy : 0.000 :: Grads : []
790 :: Rewards -62.231 :: steps: 1.00 :: Time: 0.066(0.06601/step) :: Entropy : 0.000 :: Grads : []
800 :: Rewards -62.343 :: steps: 1.00 :: Time: 0.098(0.09841/step) :: Entropy : 0.000 :: Grads : []
810 :: Rewards -62.819 :: steps: 1.00 :: Time: 0.069(0.06922/step) :: Entropy : 0.000 :: Grads : []
820 :: Rewards -63.503 :: steps: 1.00 :: Time: 0.070(0.07025/step) :: Entropy : 0.000 :: Grads : []
830 :: Rewards -63.951 :: steps: 1.00 :: Time: 0.094(0.09449/step) :: Entropy : 0.000 :: Grads : []
840 :: Rewards -64.235 :: steps: 1.00 :: Time: 0.081(0.08107/step) :: Entropy : 0.000 :: Grads : []
850 :: Rewards -64.994 :: steps: 1.00 :: Time: 0.075(0.07488/step) :: Entropy : 0.000 :: Grads : []
860 :: Rewards -65.659 :: steps: 1.00 :: Time: 0.094(0.09435/step) :: Entropy : 0.000 :: Grads : []
870 :: Rewards -65.659 :: steps: 1.00 :: Time: 0.073(0.07301/step) :: Entropy : 0.000 :: Grads : []
880 :: Rewards -66.076 :: steps: 1.00 :: Time: 0.077(0.07651/step) :: Entropy : 0.000 :: Grads : []
890 :: Rewards -66.464 :: steps: 1.00 :: Time: 0.116(0.11561/step) :: Entropy : 0.000 :: Grads : []
900 :: Rewards -66.685 :: steps: 1.00 :: Time: 0.144(0.14401/step) :: Entropy : 0.000 :: Grads : []
910 :: Rewards -67.596 :: steps: 1.00 :: Time: 0.191(0.19149/step) :: Entropy : 0.000 :: Grads : []
920 :: Rewards -68.614 :: steps: 1.00 :: Time: 0.151(0.15136/step) :: Entropy : 0.000 :: Grads : []
930 :: Rewards -68.614 :: steps: 1.00 :: Time: 0.089(0.08886/step) :: Entropy : 0.000 :: Grads : []
940 :: Rewards -68.614 :: steps: 1.00 :: Time: 0.088(0.08811/step) :: Entropy : 0.000 :: Grads : []
950 :: Rewards -68.614 :: steps: 1.00 :: Time: 0.119(0.11861/step) :: Entropy : 0.000 :: Grads : []
960 :: Rewards -68.614 :: steps: 1.00 :: Time: 0.088(0.08826/step) :: Entropy : 0.000 :: Grads : []
970 :: Rewards -68.614 :: steps: 1.00 :: Time: 0.091(0.09078/step) :: Entropy : 0.000 :: Grads : []
980 :: Rewards -68.614 :: steps: 1.00 :: Time: 0.123(0.12318/step) :: Entropy : 0.000 :: Grads : []
990 :: Rewards -68.614 :: steps: 1.00 :: Time: 0.092(0.09157/step) :: Entropy : 0.000 :: Grads : []
999 :: Rewards -70.069 :: steps: 0.90 :: Time: 0.096(0.10685/step) :: Entropy : 0.000 :: Grads : []
Total time taken: 47.32354378700256
