Module path:  Environments.NS_Reco NS_Reco
Dynamically loaded from:  <class 'Environments.NS_Reco.NS_Reco'>
Reward Amplitudes: [4.17022005e-01 7.20324493e-01 1.14374817e-04 3.02332573e-01
 1.46755891e-01] :: Avg 0.317309867282206 
Module path:  Src.Algorithms.ProWLS ProWLS
Dynamically loaded from:  <class 'Src.Algorithms.ProWLS.ProWLS'>
=====Configurations=====
 Namespace(NN_basis_dim='32', Policy_basis_dim='32', actor_lr=0.007650333890460954, algo_name='ProWLS', base=0, batch_size=1000, buffer_size=1000, debug=False, delta=5, entropy_lambda=0.03134205440723196, env_name='NS_Reco', experiment='NS_2_', extrapolator_basis='Fourier', folder_suffix='Default', fourier_coupled=True, fourier_k=3, fourier_order=3, gamma=0.99, gauss_std=1.5, gpu=0, hyper='default', importance_clip=15.0, inc=1, log_output='term_file', max_episodes=1000, max_inner=50, max_steps=500, optim='rmsprop', oracle=-1, raw_basis=True, restore=False, save_count=100, save_model=True, seed=1, speed=2, state_lr=0.001, summary=True, swarm=False, timestamp='5|24|17:32:58')
Actions space: 5 :: State space: 1
State Low: tensor([0.]) :: State High: tensor([1.])
State features:  [('dummy_param', torch.Size([1]))]
Policy:  [('fc1.weight', torch.Size([5, 1])), ('fc1.bias', torch.Size([5]))]
0 :: Rewards -0.007 :: steps: 0.10 :: Time: 0.000(0.00058/step) :: Entropy : 0.000 :: Grads : []
10 :: Rewards 0.059 :: steps: 1.00 :: Time: 0.006(0.00581/step) :: Entropy : 0.000 :: Grads : []
20 :: Rewards 0.523 :: steps: 1.00 :: Time: 0.006(0.00571/step) :: Entropy : 0.000 :: Grads : []
30 :: Rewards 1.173 :: steps: 1.00 :: Time: 0.006(0.00581/step) :: Entropy : 0.000 :: Grads : []
40 :: Rewards 2.673 :: steps: 1.00 :: Time: 0.006(0.00566/step) :: Entropy : 0.000 :: Grads : []
50 :: Rewards 4.970 :: steps: 1.00 :: Time: 0.006(0.00573/step) :: Entropy : 0.000 :: Grads : []
60 :: Rewards 6.701 :: steps: 1.00 :: Time: 0.006(0.00577/step) :: Entropy : 0.000 :: Grads : []
70 :: Rewards 9.337 :: steps: 1.00 :: Time: 0.006(0.00587/step) :: Entropy : 0.000 :: Grads : []
80 :: Rewards 12.718 :: steps: 1.00 :: Time: 0.006(0.00593/step) :: Entropy : 0.000 :: Grads : []
90 :: Rewards 16.864 :: steps: 1.00 :: Time: 0.006(0.00621/step) :: Entropy : 0.000 :: Grads : []
100 :: Rewards 19.963 :: steps: 1.00 :: Time: 0.006(0.00618/step) :: Entropy : 0.000 :: Grads : []
110 :: Rewards 24.048 :: steps: 1.00 :: Time: 0.006(0.00617/step) :: Entropy : 0.000 :: Grads : []
120 :: Rewards 28.236 :: steps: 1.00 :: Time: 0.006(0.00622/step) :: Entropy : 0.000 :: Grads : []
130 :: Rewards 33.850 :: steps: 1.00 :: Time: 0.006(0.00636/step) :: Entropy : 0.000 :: Grads : []
140 :: Rewards 39.780 :: steps: 1.00 :: Time: 0.006(0.00642/step) :: Entropy : 0.000 :: Grads : []
150 :: Rewards 46.016 :: steps: 1.00 :: Time: 0.007(0.00653/step) :: Entropy : 0.000 :: Grads : []
160 :: Rewards 52.468 :: steps: 1.00 :: Time: 0.007(0.00661/step) :: Entropy : 0.000 :: Grads : []
170 :: Rewards 57.124 :: steps: 1.00 :: Time: 0.007(0.00675/step) :: Entropy : 0.000 :: Grads : []
180 :: Rewards 64.002 :: steps: 1.00 :: Time: 0.007(0.00690/step) :: Entropy : 0.000 :: Grads : []
190 :: Rewards 70.655 :: steps: 1.00 :: Time: 0.007(0.00734/step) :: Entropy : 0.000 :: Grads : []
200 :: Rewards 76.974 :: steps: 1.00 :: Time: 0.007(0.00740/step) :: Entropy : 0.000 :: Grads : []
210 :: Rewards 83.521 :: steps: 1.00 :: Time: 0.008(0.00771/step) :: Entropy : 0.000 :: Grads : []
220 :: Rewards 88.252 :: steps: 1.00 :: Time: 0.008(0.00788/step) :: Entropy : 0.000 :: Grads : []
230 :: Rewards 94.047 :: steps: 1.00 :: Time: 0.008(0.00801/step) :: Entropy : 0.000 :: Grads : []
240 :: Rewards 100.570 :: steps: 1.00 :: Time: 0.008(0.00814/step) :: Entropy : 0.000 :: Grads : []
250 :: Rewards 107.674 :: steps: 1.00 :: Time: 0.008(0.00827/step) :: Entropy : 0.000 :: Grads : []
260 :: Rewards 114.633 :: steps: 1.00 :: Time: 0.008(0.00842/step) :: Entropy : 0.000 :: Grads : []
270 :: Rewards 120.759 :: steps: 1.00 :: Time: 0.009(0.00886/step) :: Entropy : 0.000 :: Grads : []
280 :: Rewards 127.015 :: steps: 1.00 :: Time: 0.009(0.00875/step) :: Entropy : 0.000 :: Grads : []
290 :: Rewards 132.795 :: steps: 1.00 :: Time: 0.009(0.00943/step) :: Entropy : 0.000 :: Grads : []
300 :: Rewards 138.980 :: steps: 1.00 :: Time: 0.009(0.00912/step) :: Entropy : 0.000 :: Grads : []
310 :: Rewards 143.983 :: steps: 1.00 :: Time: 0.009(0.00904/step) :: Entropy : 0.000 :: Grads : []
320 :: Rewards 149.172 :: steps: 1.00 :: Time: 0.009(0.00915/step) :: Entropy : 0.000 :: Grads : []
330 :: Rewards 153.969 :: steps: 1.00 :: Time: 0.009(0.00940/step) :: Entropy : 0.000 :: Grads : []
340 :: Rewards 158.347 :: steps: 1.00 :: Time: 0.010(0.00952/step) :: Entropy : 0.000 :: Grads : []
350 :: Rewards 162.529 :: steps: 1.00 :: Time: 0.010(0.00971/step) :: Entropy : 0.000 :: Grads : []
360 :: Rewards 166.167 :: steps: 1.00 :: Time: 0.010(0.00992/step) :: Entropy : 0.000 :: Grads : []
370 :: Rewards 169.216 :: steps: 1.00 :: Time: 0.010(0.01033/step) :: Entropy : 0.000 :: Grads : []
380 :: Rewards 172.094 :: steps: 1.00 :: Time: 0.011(0.01091/step) :: Entropy : 0.000 :: Grads : []
390 :: Rewards 175.071 :: steps: 1.00 :: Time: 0.011(0.01103/step) :: Entropy : 0.000 :: Grads : []
400 :: Rewards 178.396 :: steps: 1.00 :: Time: 0.011(0.01069/step) :: Entropy : 0.000 :: Grads : []
410 :: Rewards 181.674 :: steps: 1.00 :: Time: 0.011(0.01103/step) :: Entropy : 0.000 :: Grads : []
420 :: Rewards 184.498 :: steps: 1.00 :: Time: 0.011(0.01118/step) :: Entropy : 0.000 :: Grads : []
430 :: Rewards 186.590 :: steps: 1.00 :: Time: 0.011(0.01146/step) :: Entropy : 0.000 :: Grads : []
440 :: Rewards 188.885 :: steps: 1.00 :: Time: 0.011(0.01150/step) :: Entropy : 0.000 :: Grads : []
450 :: Rewards 190.988 :: steps: 1.00 :: Time: 0.012(0.01187/step) :: Entropy : 0.000 :: Grads : []
460 :: Rewards 193.186 :: steps: 1.00 :: Time: 0.012(0.01186/step) :: Entropy : 0.000 :: Grads : []
470 :: Rewards 195.379 :: steps: 1.00 :: Time: 0.012(0.01221/step) :: Entropy : 0.000 :: Grads : []
480 :: Rewards 197.340 :: steps: 1.00 :: Time: 0.012(0.01229/step) :: Entropy : 0.000 :: Grads : []
490 :: Rewards 199.054 :: steps: 1.00 :: Time: 0.013(0.01270/step) :: Entropy : 0.000 :: Grads : []
500 :: Rewards 200.495 :: steps: 1.00 :: Time: 0.014(0.01416/step) :: Entropy : 0.000 :: Grads : []
510 :: Rewards 201.836 :: steps: 1.00 :: Time: 0.013(0.01301/step) :: Entropy : 0.000 :: Grads : []
520 :: Rewards 202.870 :: steps: 1.00 :: Time: 0.013(0.01312/step) :: Entropy : 0.000 :: Grads : []
530 :: Rewards 203.968 :: steps: 1.00 :: Time: 0.013(0.01328/step) :: Entropy : 0.000 :: Grads : []
540 :: Rewards 204.798 :: steps: 1.00 :: Time: 0.013(0.01338/step) :: Entropy : 0.000 :: Grads : []
550 :: Rewards 205.439 :: steps: 1.00 :: Time: 0.014(0.01395/step) :: Entropy : 0.000 :: Grads : []
560 :: Rewards 206.097 :: steps: 1.00 :: Time: 0.014(0.01397/step) :: Entropy : 0.000 :: Grads : []
570 :: Rewards 206.743 :: steps: 1.00 :: Time: 0.015(0.01450/step) :: Entropy : 0.000 :: Grads : []
580 :: Rewards 207.206 :: steps: 1.00 :: Time: 0.014(0.01438/step) :: Entropy : 0.000 :: Grads : []
590 :: Rewards 207.972 :: steps: 1.00 :: Time: 0.015(0.01493/step) :: Entropy : 0.000 :: Grads : []
600 :: Rewards 208.739 :: steps: 1.00 :: Time: 0.015(0.01485/step) :: Entropy : 0.000 :: Grads : []
610 :: Rewards 209.401 :: steps: 1.00 :: Time: 0.015(0.01538/step) :: Entropy : 0.000 :: Grads : []
620 :: Rewards 210.149 :: steps: 1.00 :: Time: 0.016(0.01552/step) :: Entropy : 0.000 :: Grads : []
630 :: Rewards 210.818 :: steps: 1.00 :: Time: 0.016(0.01601/step) :: Entropy : 0.000 :: Grads : []
640 :: Rewards 211.395 :: steps: 1.00 :: Time: 0.016(0.01605/step) :: Entropy : 0.000 :: Grads : []
650 :: Rewards 211.976 :: steps: 1.00 :: Time: 0.017(0.01651/step) :: Entropy : 0.000 :: Grads : []
660 :: Rewards 212.494 :: steps: 1.00 :: Time: 0.017(0.01667/step) :: Entropy : 0.000 :: Grads : []
670 :: Rewards 212.938 :: steps: 1.00 :: Time: 0.017(0.01716/step) :: Entropy : 0.000 :: Grads : []
680 :: Rewards 213.323 :: steps: 1.00 :: Time: 0.017(0.01718/step) :: Entropy : 0.000 :: Grads : []
690 :: Rewards 213.381 :: steps: 1.00 :: Time: 0.018(0.01804/step) :: Entropy : 0.000 :: Grads : []
700 :: Rewards 212.894 :: steps: 1.00 :: Time: 0.018(0.01808/step) :: Entropy : 0.000 :: Grads : []
710 :: Rewards 213.041 :: steps: 1.00 :: Time: 0.019(0.01857/step) :: Entropy : 0.000 :: Grads : []
720 :: Rewards 213.190 :: steps: 1.00 :: Time: 0.019(0.01859/step) :: Entropy : 0.000 :: Grads : []
730 :: Rewards 213.250 :: steps: 1.00 :: Time: 0.019(0.01930/step) :: Entropy : 0.000 :: Grads : []
740 :: Rewards 213.285 :: steps: 1.00 :: Time: 0.019(0.01945/step) :: Entropy : 0.000 :: Grads : []
750 :: Rewards 213.243 :: steps: 1.00 :: Time: 0.020(0.02016/step) :: Entropy : 0.000 :: Grads : []
760 :: Rewards 213.160 :: steps: 1.00 :: Time: 0.020(0.02000/step) :: Entropy : 0.000 :: Grads : []
770 :: Rewards 213.048 :: steps: 1.00 :: Time: 0.021(0.02118/step) :: Entropy : 0.000 :: Grads : []
780 :: Rewards 212.890 :: steps: 1.00 :: Time: 0.022(0.02150/step) :: Entropy : 0.000 :: Grads : []
790 :: Rewards 212.659 :: steps: 1.00 :: Time: 0.022(0.02174/step) :: Entropy : 0.000 :: Grads : []
800 :: Rewards 212.479 :: steps: 1.00 :: Time: 0.022(0.02213/step) :: Entropy : 0.000 :: Grads : []
810 :: Rewards 212.284 :: steps: 1.00 :: Time: 0.023(0.02275/step) :: Entropy : 0.000 :: Grads : []
820 :: Rewards 211.963 :: steps: 1.00 :: Time: 0.023(0.02303/step) :: Entropy : 0.000 :: Grads : []
830 :: Rewards 211.758 :: steps: 1.00 :: Time: 0.024(0.02409/step) :: Entropy : 0.000 :: Grads : []
840 :: Rewards 211.706 :: steps: 1.00 :: Time: 0.024(0.02421/step) :: Entropy : 0.000 :: Grads : []
850 :: Rewards 211.670 :: steps: 1.00 :: Time: 0.025(0.02516/step) :: Entropy : 0.000 :: Grads : []
860 :: Rewards 211.676 :: steps: 1.00 :: Time: 0.026(0.02563/step) :: Entropy : 0.000 :: Grads : []
870 :: Rewards 211.538 :: steps: 1.00 :: Time: 0.027(0.02661/step) :: Entropy : 0.000 :: Grads : []
880 :: Rewards 211.447 :: steps: 1.00 :: Time: 0.027(0.02664/step) :: Entropy : 0.000 :: Grads : []
890 :: Rewards 211.445 :: steps: 1.00 :: Time: 0.028(0.02758/step) :: Entropy : 0.000 :: Grads : []
900 :: Rewards 211.132 :: steps: 1.00 :: Time: 0.028(0.02765/step) :: Entropy : 0.000 :: Grads : []
910 :: Rewards 210.920 :: steps: 1.00 :: Time: 0.028(0.02837/step) :: Entropy : 0.000 :: Grads : []
920 :: Rewards 210.918 :: steps: 1.00 :: Time: 0.029(0.02889/step) :: Entropy : 0.000 :: Grads : []
930 :: Rewards 210.921 :: steps: 1.00 :: Time: 0.030(0.02964/step) :: Entropy : 0.000 :: Grads : []
940 :: Rewards 210.902 :: steps: 1.00 :: Time: 0.030(0.02989/step) :: Entropy : 0.000 :: Grads : []
950 :: Rewards 210.911 :: steps: 1.00 :: Time: 0.031(0.03136/step) :: Entropy : 0.000 :: Grads : []
960 :: Rewards 210.567 :: steps: 1.00 :: Time: 0.032(0.03180/step) :: Entropy : 0.000 :: Grads : []
970 :: Rewards 210.342 :: steps: 1.00 :: Time: 0.033(0.03250/step) :: Entropy : 0.000 :: Grads : []
980 :: Rewards 210.097 :: steps: 1.00 :: Time: 0.033(0.03272/step) :: Entropy : 0.000 :: Grads : []
990 :: Rewards 210.061 :: steps: 1.00 :: Time: 0.034(0.03380/step) :: Entropy : 0.000 :: Grads : []
999 :: Rewards 210.094 :: steps: 0.90 :: Time: 0.033(0.03689/step) :: Entropy : 0.000 :: Grads : []
Total time taken: 15.098359107971191
