Module path:  Environments.NS_Reco NS_Reco
Dynamically loaded from:  <class 'Environments.NS_Reco.NS_Reco'>
Reward Amplitudes: [4.17022005e-01 7.20324493e-01 1.14374817e-04 3.02332573e-01
 1.46755891e-01] :: Avg 0.317309867282206 
Module path:  Src.Algorithms.ONPG ONPG
Dynamically loaded from:  <class 'Src.Algorithms.ONPG.ONPG'>
=====Configurations=====
 Namespace(NN_basis_dim='32', Policy_basis_dim='32', actor_lr=0.009763971172325225, algo_name='ONPG', base=0, batch_size=1000, buffer_size=1000, debug=False, delta=5, entropy_lambda=0.08923394226237882, env_name='NS_Reco', experiment='NS_2_', extrapolator_basis='Fourier', folder_suffix='Default', fourier_coupled=True, fourier_k=7, fourier_order=3, gamma=0.99, gauss_std=1.5, gpu=0, hyper='default', importance_clip=15.0, inc=1, log_output='term_file', max_episodes=1000, max_inner=150, max_steps=500, optim='rmsprop', oracle=-1, raw_basis=True, restore=False, save_count=100, save_model=True, seed=1, speed=2, state_lr=0.001, summary=True, swarm=False, timestamp='5|24|17:44:43')
Actions space: 5 :: State space: 1
State Low: tensor([0.]) :: State High: tensor([1.])
State features:  [('dummy_param', torch.Size([1]))]
Policy:  [('fc1.weight', torch.Size([5, 1])), ('fc1.bias', torch.Size([5]))]
0 :: Rewards -0.007 :: steps: 0.10 :: Time: 0.000(0.00066/step) :: Entropy : 0.000 :: Grads : []
10 :: Rewards 0.160 :: steps: 1.00 :: Time: 0.001(0.00062/step) :: Entropy : 0.000 :: Grads : []
20 :: Rewards 0.525 :: steps: 1.00 :: Time: 0.000(0.00049/step) :: Entropy : 0.000 :: Grads : []
30 :: Rewards 1.240 :: steps: 1.00 :: Time: 0.000(0.00049/step) :: Entropy : 0.000 :: Grads : []
40 :: Rewards 1.970 :: steps: 1.00 :: Time: 0.000(0.00049/step) :: Entropy : 0.000 :: Grads : []
50 :: Rewards 3.227 :: steps: 1.00 :: Time: 0.000(0.00048/step) :: Entropy : 0.000 :: Grads : []
60 :: Rewards 5.479 :: steps: 1.00 :: Time: 0.001(0.00051/step) :: Entropy : 0.000 :: Grads : []
70 :: Rewards 7.222 :: steps: 1.00 :: Time: 0.001(0.00054/step) :: Entropy : 0.000 :: Grads : []
80 :: Rewards 10.453 :: steps: 1.00 :: Time: 0.001(0.00051/step) :: Entropy : 0.000 :: Grads : []
90 :: Rewards 14.550 :: steps: 1.00 :: Time: 0.000(0.00050/step) :: Entropy : 0.000 :: Grads : []
100 :: Rewards 18.206 :: steps: 1.00 :: Time: 0.000(0.00049/step) :: Entropy : 0.000 :: Grads : []
110 :: Rewards 21.981 :: steps: 1.00 :: Time: 0.000(0.00049/step) :: Entropy : 0.000 :: Grads : []
120 :: Rewards 26.276 :: steps: 1.00 :: Time: 0.000(0.00049/step) :: Entropy : 0.000 :: Grads : []
130 :: Rewards 31.636 :: steps: 1.00 :: Time: 0.000(0.00050/step) :: Entropy : 0.000 :: Grads : []
140 :: Rewards 37.231 :: steps: 1.00 :: Time: 0.000(0.00048/step) :: Entropy : 0.000 :: Grads : []
150 :: Rewards 43.143 :: steps: 1.00 :: Time: 0.000(0.00048/step) :: Entropy : 0.000 :: Grads : []
160 :: Rewards 49.272 :: steps: 1.00 :: Time: 0.000(0.00048/step) :: Entropy : 0.000 :: Grads : []
170 :: Rewards 55.305 :: steps: 1.00 :: Time: 0.000(0.00048/step) :: Entropy : 0.000 :: Grads : []
180 :: Rewards 61.365 :: steps: 1.00 :: Time: 0.000(0.00048/step) :: Entropy : 0.000 :: Grads : []
190 :: Rewards 67.466 :: steps: 1.00 :: Time: 0.000(0.00049/step) :: Entropy : 0.000 :: Grads : []
200 :: Rewards 72.914 :: steps: 1.00 :: Time: 0.000(0.00049/step) :: Entropy : 0.000 :: Grads : []
210 :: Rewards 80.100 :: steps: 1.00 :: Time: 0.000(0.00049/step) :: Entropy : 0.000 :: Grads : []
220 :: Rewards 87.341 :: steps: 1.00 :: Time: 0.000(0.00048/step) :: Entropy : 0.000 :: Grads : []
230 :: Rewards 93.956 :: steps: 1.00 :: Time: 0.000(0.00048/step) :: Entropy : 0.000 :: Grads : []
240 :: Rewards 100.274 :: steps: 1.00 :: Time: 0.000(0.00049/step) :: Entropy : 0.000 :: Grads : []
250 :: Rewards 107.364 :: steps: 1.00 :: Time: 0.001(0.00050/step) :: Entropy : 0.000 :: Grads : []
260 :: Rewards 114.021 :: steps: 1.00 :: Time: 0.000(0.00050/step) :: Entropy : 0.000 :: Grads : []
270 :: Rewards 120.288 :: steps: 1.00 :: Time: 0.000(0.00048/step) :: Entropy : 0.000 :: Grads : []
280 :: Rewards 126.283 :: steps: 1.00 :: Time: 0.000(0.00048/step) :: Entropy : 0.000 :: Grads : []
290 :: Rewards 132.362 :: steps: 1.00 :: Time: 0.000(0.00048/step) :: Entropy : 0.000 :: Grads : []
300 :: Rewards 137.539 :: steps: 1.00 :: Time: 0.000(0.00049/step) :: Entropy : 0.000 :: Grads : []
310 :: Rewards 143.094 :: steps: 1.00 :: Time: 0.000(0.00048/step) :: Entropy : 0.000 :: Grads : []
320 :: Rewards 147.769 :: steps: 1.00 :: Time: 0.000(0.00048/step) :: Entropy : 0.000 :: Grads : []
330 :: Rewards 152.116 :: steps: 1.00 :: Time: 0.000(0.00049/step) :: Entropy : 0.000 :: Grads : []
340 :: Rewards 156.980 :: steps: 1.00 :: Time: 0.001(0.00051/step) :: Entropy : 0.000 :: Grads : []
350 :: Rewards 160.974 :: steps: 1.00 :: Time: 0.000(0.00049/step) :: Entropy : 0.000 :: Grads : []
360 :: Rewards 164.905 :: steps: 1.00 :: Time: 0.000(0.00049/step) :: Entropy : 0.000 :: Grads : []
370 :: Rewards 168.529 :: steps: 1.00 :: Time: 0.000(0.00049/step) :: Entropy : 0.000 :: Grads : []
380 :: Rewards 171.705 :: steps: 1.00 :: Time: 0.000(0.00048/step) :: Entropy : 0.000 :: Grads : []
390 :: Rewards 174.724 :: steps: 1.00 :: Time: 0.000(0.00049/step) :: Entropy : 0.000 :: Grads : []
400 :: Rewards 177.242 :: steps: 1.00 :: Time: 0.000(0.00049/step) :: Entropy : 0.000 :: Grads : []
410 :: Rewards 179.717 :: steps: 1.00 :: Time: 0.000(0.00049/step) :: Entropy : 0.000 :: Grads : []
420 :: Rewards 181.461 :: steps: 1.00 :: Time: 0.000(0.00048/step) :: Entropy : 0.000 :: Grads : []
430 :: Rewards 182.756 :: steps: 1.00 :: Time: 0.000(0.00049/step) :: Entropy : 0.000 :: Grads : []
440 :: Rewards 184.367 :: steps: 1.00 :: Time: 0.000(0.00049/step) :: Entropy : 0.000 :: Grads : []
450 :: Rewards 186.390 :: steps: 1.00 :: Time: 0.000(0.00048/step) :: Entropy : 0.000 :: Grads : []
460 :: Rewards 187.196 :: steps: 1.00 :: Time: 0.000(0.00048/step) :: Entropy : 0.000 :: Grads : []
470 :: Rewards 187.869 :: steps: 1.00 :: Time: 0.000(0.00050/step) :: Entropy : 0.000 :: Grads : []
480 :: Rewards 188.946 :: steps: 1.00 :: Time: 0.000(0.00049/step) :: Entropy : 0.000 :: Grads : []
490 :: Rewards 189.254 :: steps: 1.00 :: Time: 0.000(0.00048/step) :: Entropy : 0.000 :: Grads : []
500 :: Rewards 189.986 :: steps: 1.00 :: Time: 0.000(0.00048/step) :: Entropy : 0.000 :: Grads : []
510 :: Rewards 190.369 :: steps: 1.00 :: Time: 0.000(0.00048/step) :: Entropy : 0.000 :: Grads : []
520 :: Rewards 190.918 :: steps: 1.00 :: Time: 0.000(0.00048/step) :: Entropy : 0.000 :: Grads : []
530 :: Rewards 190.780 :: steps: 1.00 :: Time: 0.000(0.00048/step) :: Entropy : 0.000 :: Grads : []
540 :: Rewards 191.325 :: steps: 1.00 :: Time: 0.000(0.00049/step) :: Entropy : 0.000 :: Grads : []
550 :: Rewards 191.179 :: steps: 1.00 :: Time: 0.000(0.00049/step) :: Entropy : 0.000 :: Grads : []
560 :: Rewards 190.919 :: steps: 1.00 :: Time: 0.000(0.00049/step) :: Entropy : 0.000 :: Grads : []
570 :: Rewards 191.166 :: steps: 1.00 :: Time: 0.000(0.00048/step) :: Entropy : 0.000 :: Grads : []
580 :: Rewards 190.576 :: steps: 1.00 :: Time: 0.000(0.00048/step) :: Entropy : 0.000 :: Grads : []
590 :: Rewards 189.857 :: steps: 1.00 :: Time: 0.000(0.00048/step) :: Entropy : 0.000 :: Grads : []
600 :: Rewards 189.740 :: steps: 1.00 :: Time: 0.000(0.00048/step) :: Entropy : 0.000 :: Grads : []
610 :: Rewards 189.329 :: steps: 1.00 :: Time: 0.000(0.00049/step) :: Entropy : 0.000 :: Grads : []
620 :: Rewards 188.274 :: steps: 1.00 :: Time: 0.000(0.00050/step) :: Entropy : 0.000 :: Grads : []
630 :: Rewards 187.096 :: steps: 1.00 :: Time: 0.000(0.00049/step) :: Entropy : 0.000 :: Grads : []
640 :: Rewards 187.102 :: steps: 1.00 :: Time: 0.000(0.00048/step) :: Entropy : 0.000 :: Grads : []
650 :: Rewards 186.380 :: steps: 1.00 :: Time: 0.000(0.00048/step) :: Entropy : 0.000 :: Grads : []
660 :: Rewards 186.267 :: steps: 1.00 :: Time: 0.000(0.00048/step) :: Entropy : 0.000 :: Grads : []
670 :: Rewards 185.888 :: steps: 1.00 :: Time: 0.000(0.00048/step) :: Entropy : 0.000 :: Grads : []
680 :: Rewards 184.887 :: steps: 1.00 :: Time: 0.000(0.00049/step) :: Entropy : 0.000 :: Grads : []
690 :: Rewards 184.912 :: steps: 1.00 :: Time: 0.000(0.00049/step) :: Entropy : 0.000 :: Grads : []
700 :: Rewards 184.076 :: steps: 1.00 :: Time: 0.000(0.00048/step) :: Entropy : 0.000 :: Grads : []
710 :: Rewards 183.220 :: steps: 1.00 :: Time: 0.000(0.00048/step) :: Entropy : 0.000 :: Grads : []
720 :: Rewards 182.490 :: steps: 1.00 :: Time: 0.000(0.00048/step) :: Entropy : 0.000 :: Grads : []
730 :: Rewards 181.661 :: steps: 1.00 :: Time: 0.000(0.00048/step) :: Entropy : 0.000 :: Grads : []
740 :: Rewards 181.447 :: steps: 1.00 :: Time: 0.000(0.00048/step) :: Entropy : 0.000 :: Grads : []
750 :: Rewards 181.453 :: steps: 1.00 :: Time: 0.000(0.00049/step) :: Entropy : 0.000 :: Grads : []
760 :: Rewards 180.810 :: steps: 1.00 :: Time: 0.000(0.00049/step) :: Entropy : 0.000 :: Grads : []
770 :: Rewards 180.727 :: steps: 1.00 :: Time: 0.000(0.00048/step) :: Entropy : 0.000 :: Grads : []
780 :: Rewards 180.671 :: steps: 1.00 :: Time: 0.000(0.00048/step) :: Entropy : 0.000 :: Grads : []
790 :: Rewards 180.254 :: steps: 1.00 :: Time: 0.000(0.00048/step) :: Entropy : 0.000 :: Grads : []
800 :: Rewards 180.115 :: steps: 1.00 :: Time: 0.000(0.00048/step) :: Entropy : 0.000 :: Grads : []
810 :: Rewards 179.970 :: steps: 1.00 :: Time: 0.000(0.00048/step) :: Entropy : 0.000 :: Grads : []
820 :: Rewards 179.691 :: steps: 1.00 :: Time: 0.000(0.00049/step) :: Entropy : 0.000 :: Grads : []
830 :: Rewards 178.732 :: steps: 1.00 :: Time: 0.000(0.00049/step) :: Entropy : 0.000 :: Grads : []
840 :: Rewards 178.031 :: steps: 1.00 :: Time: 0.000(0.00048/step) :: Entropy : 0.000 :: Grads : []
850 :: Rewards 176.978 :: steps: 1.00 :: Time: 0.000(0.00048/step) :: Entropy : 0.000 :: Grads : []
860 :: Rewards 176.551 :: steps: 1.00 :: Time: 0.000(0.00048/step) :: Entropy : 0.000 :: Grads : []
870 :: Rewards 175.757 :: steps: 1.00 :: Time: 0.000(0.00048/step) :: Entropy : 0.000 :: Grads : []
880 :: Rewards 174.926 :: steps: 1.00 :: Time: 0.000(0.00048/step) :: Entropy : 0.000 :: Grads : []
890 :: Rewards 174.443 :: steps: 1.00 :: Time: 0.000(0.00049/step) :: Entropy : 0.000 :: Grads : []
900 :: Rewards 174.142 :: steps: 1.00 :: Time: 0.000(0.00049/step) :: Entropy : 0.000 :: Grads : []
910 :: Rewards 173.352 :: steps: 1.00 :: Time: 0.000(0.00048/step) :: Entropy : 0.000 :: Grads : []
920 :: Rewards 173.164 :: steps: 1.00 :: Time: 0.000(0.00048/step) :: Entropy : 0.000 :: Grads : []
930 :: Rewards 172.345 :: steps: 1.00 :: Time: 0.000(0.00048/step) :: Entropy : 0.000 :: Grads : []
940 :: Rewards 172.562 :: steps: 1.00 :: Time: 0.000(0.00048/step) :: Entropy : 0.000 :: Grads : []
950 :: Rewards 172.076 :: steps: 1.00 :: Time: 0.000(0.00048/step) :: Entropy : 0.000 :: Grads : []
960 :: Rewards 171.204 :: steps: 1.00 :: Time: 0.000(0.00049/step) :: Entropy : 0.000 :: Grads : []
970 :: Rewards 170.490 :: steps: 1.00 :: Time: 0.000(0.00048/step) :: Entropy : 0.000 :: Grads : []
980 :: Rewards 170.819 :: steps: 1.00 :: Time: 0.000(0.00048/step) :: Entropy : 0.000 :: Grads : []
990 :: Rewards 170.698 :: steps: 1.00 :: Time: 0.000(0.00048/step) :: Entropy : 0.000 :: Grads : []
999 :: Rewards 170.482 :: steps: 0.90 :: Time: 0.000(0.00052/step) :: Entropy : 0.000 :: Grads : []
Total time taken: 0.5265429019927979
