Module path:  Environments.NS_Reco NS_Reco
Dynamically loaded from:  <class 'Environments.NS_Reco.NS_Reco'>
Reward Amplitudes: [4.17022005e-01 7.20324493e-01 1.14374817e-04 3.02332573e-01
 1.46755891e-01] :: Avg 0.317309867282206 
Module path:  Src.Algorithms.OFPG OFPG
Dynamically loaded from:  <class 'Src.Algorithms.OFPG.OFPG'>
=====Configurations=====
 Namespace(NN_basis_dim='32', Policy_basis_dim='32', actor_lr=0.005252014538415403, algo_name='OFPG', base=0, batch_size=1000, buffer_size=1000, debug=False, delta=1, entropy_lambda=0.08551739420792737, env_name='NS_Reco', experiment='NS_4_', extrapolator_basis='Fourier', folder_suffix='Default', fourier_coupled=True, fourier_k=7, fourier_order=3, gamma=0.99, gauss_std=1.5, gpu=0, hyper='default', importance_clip=10.0, inc=1, log_output='term_file', max_episodes=1000, max_inner=20, max_steps=500, optim='rmsprop', oracle=-1, raw_basis=True, restore=False, save_count=100, save_model=True, seed=16, speed=4, state_lr=0.001, summary=True, swarm=False, timestamp='5|24|22:56:45')
Actions space: 5 :: State space: 1
State Low: tensor([0.]) :: State High: tensor([1.])
State features:  [('dummy_param', torch.Size([1]))]
Policy:  [('fc1.weight', torch.Size([5, 1])), ('fc1.bias', torch.Size([5]))]
0 :: Rewards 0.015 :: steps: 0.10 :: Time: 0.001(0.00926/step) :: Entropy : 0.000 :: Grads : []
10 :: Rewards 0.268 :: steps: 1.00 :: Time: 0.008(0.00764/step) :: Entropy : 0.000 :: Grads : []
20 :: Rewards 0.792 :: steps: 1.00 :: Time: 0.008(0.00781/step) :: Entropy : 0.000 :: Grads : []
30 :: Rewards 1.917 :: steps: 1.00 :: Time: 0.008(0.00802/step) :: Entropy : 0.000 :: Grads : []
40 :: Rewards 3.150 :: steps: 1.00 :: Time: 0.008(0.00773/step) :: Entropy : 0.000 :: Grads : []
50 :: Rewards 5.335 :: steps: 1.00 :: Time: 0.008(0.00778/step) :: Entropy : 0.000 :: Grads : []
60 :: Rewards 9.720 :: steps: 1.00 :: Time: 0.008(0.00788/step) :: Entropy : 0.000 :: Grads : []
70 :: Rewards 15.190 :: steps: 1.00 :: Time: 0.008(0.00809/step) :: Entropy : 0.000 :: Grads : []
80 :: Rewards 21.217 :: steps: 1.00 :: Time: 0.008(0.00799/step) :: Entropy : 0.000 :: Grads : []
90 :: Rewards 27.970 :: steps: 1.00 :: Time: 0.008(0.00803/step) :: Entropy : 0.000 :: Grads : []
100 :: Rewards 34.635 :: steps: 1.00 :: Time: 0.008(0.00810/step) :: Entropy : 0.000 :: Grads : []
110 :: Rewards 41.469 :: steps: 1.00 :: Time: 0.008(0.00814/step) :: Entropy : 0.000 :: Grads : []
120 :: Rewards 48.338 :: steps: 1.00 :: Time: 0.008(0.00823/step) :: Entropy : 0.000 :: Grads : []
130 :: Rewards 55.076 :: steps: 1.00 :: Time: 0.008(0.00833/step) :: Entropy : 0.000 :: Grads : []
140 :: Rewards 61.840 :: steps: 1.00 :: Time: 0.009(0.00859/step) :: Entropy : 0.000 :: Grads : []
150 :: Rewards 67.879 :: steps: 1.00 :: Time: 0.009(0.00858/step) :: Entropy : 0.000 :: Grads : []
160 :: Rewards 73.591 :: steps: 1.00 :: Time: 0.009(0.00865/step) :: Entropy : 0.000 :: Grads : []
170 :: Rewards 78.629 :: steps: 1.00 :: Time: 0.009(0.00868/step) :: Entropy : 0.000 :: Grads : []
180 :: Rewards 82.839 :: steps: 1.00 :: Time: 0.009(0.00878/step) :: Entropy : 0.000 :: Grads : []
190 :: Rewards 86.301 :: steps: 1.00 :: Time: 0.009(0.00884/step) :: Entropy : 0.000 :: Grads : []
200 :: Rewards 88.715 :: steps: 1.00 :: Time: 0.009(0.00890/step) :: Entropy : 0.000 :: Grads : []
210 :: Rewards 90.175 :: steps: 1.00 :: Time: 0.009(0.00897/step) :: Entropy : 0.000 :: Grads : []
220 :: Rewards 90.844 :: steps: 1.00 :: Time: 0.009(0.00903/step) :: Entropy : 0.000 :: Grads : []
230 :: Rewards 90.899 :: steps: 1.00 :: Time: 0.009(0.00909/step) :: Entropy : 0.000 :: Grads : []
240 :: Rewards 89.720 :: steps: 1.00 :: Time: 0.009(0.00918/step) :: Entropy : 0.000 :: Grads : []
250 :: Rewards 88.473 :: steps: 1.00 :: Time: 0.009(0.00926/step) :: Entropy : 0.000 :: Grads : []
260 :: Rewards 85.966 :: steps: 1.00 :: Time: 0.010(0.00953/step) :: Entropy : 0.000 :: Grads : []
270 :: Rewards 82.693 :: steps: 1.00 :: Time: 0.010(0.00974/step) :: Entropy : 0.000 :: Grads : []
280 :: Rewards 79.832 :: steps: 1.00 :: Time: 0.010(0.00979/step) :: Entropy : 0.000 :: Grads : []
290 :: Rewards 75.163 :: steps: 1.00 :: Time: 0.010(0.00985/step) :: Entropy : 0.000 :: Grads : []
300 :: Rewards 72.499 :: steps: 1.00 :: Time: 0.010(0.00994/step) :: Entropy : 0.000 :: Grads : []
310 :: Rewards 70.615 :: steps: 1.00 :: Time: 0.010(0.01009/step) :: Entropy : 0.000 :: Grads : []
320 :: Rewards 67.141 :: steps: 1.00 :: Time: 0.010(0.01019/step) :: Entropy : 0.000 :: Grads : []
330 :: Rewards 63.092 :: steps: 1.00 :: Time: 0.010(0.01034/step) :: Entropy : 0.000 :: Grads : []
340 :: Rewards 60.349 :: steps: 1.00 :: Time: 0.011(0.01059/step) :: Entropy : 0.000 :: Grads : []
350 :: Rewards 57.244 :: steps: 1.00 :: Time: 0.011(0.01074/step) :: Entropy : 0.000 :: Grads : []
360 :: Rewards 53.520 :: steps: 1.00 :: Time: 0.011(0.01093/step) :: Entropy : 0.000 :: Grads : []
370 :: Rewards 50.371 :: steps: 1.00 :: Time: 0.011(0.01096/step) :: Entropy : 0.000 :: Grads : []
380 :: Rewards 47.271 :: steps: 1.00 :: Time: 0.011(0.01103/step) :: Entropy : 0.000 :: Grads : []
390 :: Rewards 45.405 :: steps: 1.00 :: Time: 0.011(0.01120/step) :: Entropy : 0.000 :: Grads : []
400 :: Rewards 41.949 :: steps: 1.00 :: Time: 0.011(0.01132/step) :: Entropy : 0.000 :: Grads : []
410 :: Rewards 40.243 :: steps: 1.00 :: Time: 0.011(0.01145/step) :: Entropy : 0.000 :: Grads : []
420 :: Rewards 37.767 :: steps: 1.00 :: Time: 0.012(0.01183/step) :: Entropy : 0.000 :: Grads : []
430 :: Rewards 35.758 :: steps: 1.00 :: Time: 0.012(0.01180/step) :: Entropy : 0.000 :: Grads : []
440 :: Rewards 33.459 :: steps: 1.00 :: Time: 0.012(0.01195/step) :: Entropy : 0.000 :: Grads : []
450 :: Rewards 32.184 :: steps: 1.00 :: Time: 0.012(0.01192/step) :: Entropy : 0.000 :: Grads : []
460 :: Rewards 30.108 :: steps: 1.00 :: Time: 0.012(0.01204/step) :: Entropy : 0.000 :: Grads : []
470 :: Rewards 28.066 :: steps: 1.00 :: Time: 0.012(0.01206/step) :: Entropy : 0.000 :: Grads : []
480 :: Rewards 27.346 :: steps: 1.00 :: Time: 0.012(0.01222/step) :: Entropy : 0.000 :: Grads : []
490 :: Rewards 28.471 :: steps: 1.00 :: Time: 0.012(0.01218/step) :: Entropy : 0.000 :: Grads : []
500 :: Rewards 29.641 :: steps: 1.00 :: Time: 0.012(0.01223/step) :: Entropy : 0.000 :: Grads : []
510 :: Rewards 30.372 :: steps: 1.00 :: Time: 0.013(0.01251/step) :: Entropy : 0.000 :: Grads : []
520 :: Rewards 32.471 :: steps: 1.00 :: Time: 0.013(0.01273/step) :: Entropy : 0.000 :: Grads : []
530 :: Rewards 32.008 :: steps: 1.00 :: Time: 0.013(0.01264/step) :: Entropy : 0.000 :: Grads : []
540 :: Rewards 34.765 :: steps: 1.00 :: Time: 0.013(0.01261/step) :: Entropy : 0.000 :: Grads : []
550 :: Rewards 36.347 :: steps: 1.00 :: Time: 0.013(0.01264/step) :: Entropy : 0.000 :: Grads : []
560 :: Rewards 40.530 :: steps: 1.00 :: Time: 0.013(0.01281/step) :: Entropy : 0.000 :: Grads : []
570 :: Rewards 45.960 :: steps: 1.00 :: Time: 0.013(0.01276/step) :: Entropy : 0.000 :: Grads : []
580 :: Rewards 51.158 :: steps: 1.00 :: Time: 0.013(0.01278/step) :: Entropy : 0.000 :: Grads : []
590 :: Rewards 55.498 :: steps: 1.00 :: Time: 0.013(0.01294/step) :: Entropy : 0.000 :: Grads : []
600 :: Rewards 58.273 :: steps: 1.00 :: Time: 0.013(0.01289/step) :: Entropy : 0.000 :: Grads : []
610 :: Rewards 60.641 :: steps: 1.00 :: Time: 0.013(0.01306/step) :: Entropy : 0.000 :: Grads : []
620 :: Rewards 63.935 :: steps: 1.00 :: Time: 0.013(0.01314/step) :: Entropy : 0.000 :: Grads : []
630 :: Rewards 66.790 :: steps: 1.00 :: Time: 0.013(0.01308/step) :: Entropy : 0.000 :: Grads : []
640 :: Rewards 68.225 :: steps: 1.00 :: Time: 0.013(0.01317/step) :: Entropy : 0.000 :: Grads : []
650 :: Rewards 69.217 :: steps: 1.00 :: Time: 0.013(0.01331/step) :: Entropy : 0.000 :: Grads : []
660 :: Rewards 69.298 :: steps: 1.00 :: Time: 0.013(0.01331/step) :: Entropy : 0.000 :: Grads : []
670 :: Rewards 69.938 :: steps: 1.00 :: Time: 0.013(0.01336/step) :: Entropy : 0.000 :: Grads : []
680 :: Rewards 70.467 :: steps: 1.00 :: Time: 0.013(0.01339/step) :: Entropy : 0.000 :: Grads : []
690 :: Rewards 69.872 :: steps: 1.00 :: Time: 0.014(0.01351/step) :: Entropy : 0.000 :: Grads : []
700 :: Rewards 69.284 :: steps: 1.00 :: Time: 0.014(0.01354/step) :: Entropy : 0.000 :: Grads : []
710 :: Rewards 66.829 :: steps: 1.00 :: Time: 0.014(0.01358/step) :: Entropy : 0.000 :: Grads : []
720 :: Rewards 65.481 :: steps: 1.00 :: Time: 0.014(0.01359/step) :: Entropy : 0.000 :: Grads : []
730 :: Rewards 64.527 :: steps: 1.00 :: Time: 0.014(0.01363/step) :: Entropy : 0.000 :: Grads : []
740 :: Rewards 64.977 :: steps: 1.00 :: Time: 0.014(0.01376/step) :: Entropy : 0.000 :: Grads : []
750 :: Rewards 63.862 :: steps: 1.00 :: Time: 0.014(0.01382/step) :: Entropy : 0.000 :: Grads : []
760 :: Rewards 61.697 :: steps: 1.00 :: Time: 0.014(0.01379/step) :: Entropy : 0.000 :: Grads : []
770 :: Rewards 60.634 :: steps: 1.00 :: Time: 0.014(0.01399/step) :: Entropy : 0.000 :: Grads : []
780 :: Rewards 59.588 :: steps: 1.00 :: Time: 0.014(0.01412/step) :: Entropy : 0.000 :: Grads : []
790 :: Rewards 59.930 :: steps: 1.00 :: Time: 0.014(0.01412/step) :: Entropy : 0.000 :: Grads : []
800 :: Rewards 58.420 :: steps: 1.00 :: Time: 0.014(0.01415/step) :: Entropy : 0.000 :: Grads : []
810 :: Rewards 58.395 :: steps: 1.00 :: Time: 0.014(0.01421/step) :: Entropy : 0.000 :: Grads : []
820 :: Rewards 57.739 :: steps: 1.00 :: Time: 0.014(0.01437/step) :: Entropy : 0.000 :: Grads : []
830 :: Rewards 58.761 :: steps: 1.00 :: Time: 0.014(0.01444/step) :: Entropy : 0.000 :: Grads : []
840 :: Rewards 59.812 :: steps: 1.00 :: Time: 0.015(0.01455/step) :: Entropy : 0.000 :: Grads : []
850 :: Rewards 59.625 :: steps: 1.00 :: Time: 0.014(0.01445/step) :: Entropy : 0.000 :: Grads : []
860 :: Rewards 59.342 :: steps: 1.00 :: Time: 0.015(0.01463/step) :: Entropy : 0.000 :: Grads : []
870 :: Rewards 59.310 :: steps: 1.00 :: Time: 0.015(0.01466/step) :: Entropy : 0.000 :: Grads : []
880 :: Rewards 59.109 :: steps: 1.00 :: Time: 0.015(0.01461/step) :: Entropy : 0.000 :: Grads : []
890 :: Rewards 58.678 :: steps: 1.00 :: Time: 0.015(0.01469/step) :: Entropy : 0.000 :: Grads : []
900 :: Rewards 57.694 :: steps: 1.00 :: Time: 0.015(0.01480/step) :: Entropy : 0.000 :: Grads : []
910 :: Rewards 57.000 :: steps: 1.00 :: Time: 0.015(0.01481/step) :: Entropy : 0.000 :: Grads : []
920 :: Rewards 56.502 :: steps: 1.00 :: Time: 0.015(0.01489/step) :: Entropy : 0.000 :: Grads : []
930 :: Rewards 56.301 :: steps: 1.00 :: Time: 0.015(0.01496/step) :: Entropy : 0.000 :: Grads : []
940 :: Rewards 57.004 :: steps: 1.00 :: Time: 0.015(0.01499/step) :: Entropy : 0.000 :: Grads : []
950 :: Rewards 55.860 :: steps: 1.00 :: Time: 0.015(0.01506/step) :: Entropy : 0.000 :: Grads : []
960 :: Rewards 57.610 :: steps: 1.00 :: Time: 0.015(0.01516/step) :: Entropy : 0.000 :: Grads : []
970 :: Rewards 60.276 :: steps: 1.00 :: Time: 0.015(0.01523/step) :: Entropy : 0.000 :: Grads : []
980 :: Rewards 61.438 :: steps: 1.00 :: Time: 0.015(0.01520/step) :: Entropy : 0.000 :: Grads : []
990 :: Rewards 62.858 :: steps: 1.00 :: Time: 0.015(0.01525/step) :: Entropy : 0.000 :: Grads : []
999 :: Rewards 63.302 :: steps: 0.90 :: Time: 0.014(0.01548/step) :: Entropy : 0.000 :: Grads : []
Total time taken: 11.865294218063354
