Module path:  Environments.NS_Reco NS_Reco
Dynamically loaded from:  <class 'Environments.NS_Reco.NS_Reco'>
Reward Amplitudes: [4.17022005e-01 7.20324493e-01 1.14374817e-04 3.02332573e-01
 1.46755891e-01] :: Avg 0.317309867282206 
Module path:  Src.Algorithms.ProWLS ProWLS
Dynamically loaded from:  <class 'Src.Algorithms.ProWLS.ProWLS'>
=====Configurations=====
 Namespace(NN_basis_dim='32', Policy_basis_dim='32', actor_lr=0.0017966647558361548, algo_name='ProWLS', base=0, batch_size=1000, buffer_size=1000, debug=False, delta=1, entropy_lambda=0.006997441955638448, env_name='NS_Reco', experiment='NS_1r_', extrapolator_basis='Fourier', folder_suffix='Default', fourier_coupled=True, fourier_k=3, fourier_order=3, gamma=0.99, gauss_std=1.5, gpu=0, hyper='default', importance_clip=10.0, inc=1, log_output='term_file', max_episodes=1000, max_inner=30, max_steps=500, optim='rmsprop', oracle=-1, raw_basis=True, restore=False, save_count=100, save_model=True, seed=19, speed=1, state_lr=0.001, summary=True, swarm=False, timestamp='5|25|11:51:43')
Actions space: 5 :: State space: 1
State Low: tensor([0.]) :: State High: tensor([1.])
State features:  [('dummy_param', torch.Size([1]))]
Policy:  [('fc1.weight', torch.Size([5, 1])), ('fc1.bias', torch.Size([5]))]
0 :: Rewards 0.000 :: steps: 0.10 :: Time: 0.000(0.00073/step) :: Entropy : 0.000 :: Grads : []
10 :: Rewards -0.113 :: steps: 1.00 :: Time: 0.014(0.01416/step) :: Entropy : 0.000 :: Grads : []
20 :: Rewards -0.244 :: steps: 1.00 :: Time: 0.018(0.01774/step) :: Entropy : 0.000 :: Grads : []
30 :: Rewards -0.362 :: steps: 1.00 :: Time: 0.018(0.01815/step) :: Entropy : 0.000 :: Grads : []
40 :: Rewards -0.782 :: steps: 1.00 :: Time: 0.018(0.01769/step) :: Entropy : 0.000 :: Grads : []
50 :: Rewards -0.782 :: steps: 1.00 :: Time: 0.018(0.01811/step) :: Entropy : 0.000 :: Grads : []
60 :: Rewards -0.853 :: steps: 1.00 :: Time: 0.018(0.01813/step) :: Entropy : 0.000 :: Grads : []
70 :: Rewards -1.254 :: steps: 1.00 :: Time: 0.018(0.01833/step) :: Entropy : 0.000 :: Grads : []
80 :: Rewards -1.254 :: steps: 1.00 :: Time: 0.019(0.01865/step) :: Entropy : 0.000 :: Grads : []
90 :: Rewards -1.254 :: steps: 1.00 :: Time: 0.019(0.01881/step) :: Entropy : 0.000 :: Grads : []
100 :: Rewards -1.693 :: steps: 1.00 :: Time: 0.019(0.01914/step) :: Entropy : 0.000 :: Grads : []
110 :: Rewards -1.926 :: steps: 1.00 :: Time: 0.020(0.01957/step) :: Entropy : 0.000 :: Grads : []
120 :: Rewards -2.441 :: steps: 1.00 :: Time: 0.020(0.01978/step) :: Entropy : 0.000 :: Grads : []
130 :: Rewards -2.441 :: steps: 1.00 :: Time: 0.020(0.02028/step) :: Entropy : 0.000 :: Grads : []
140 :: Rewards -3.343 :: steps: 1.00 :: Time: 0.021(0.02058/step) :: Entropy : 0.000 :: Grads : []
150 :: Rewards -3.754 :: steps: 1.00 :: Time: 0.021(0.02107/step) :: Entropy : 0.000 :: Grads : []
160 :: Rewards -4.096 :: steps: 1.00 :: Time: 0.021(0.02122/step) :: Entropy : 0.000 :: Grads : []
170 :: Rewards -4.314 :: steps: 1.00 :: Time: 0.022(0.02174/step) :: Entropy : 0.000 :: Grads : []
180 :: Rewards -5.160 :: steps: 1.00 :: Time: 0.022(0.02214/step) :: Entropy : 0.000 :: Grads : []
190 :: Rewards -5.160 :: steps: 1.00 :: Time: 0.024(0.02383/step) :: Entropy : 0.000 :: Grads : []
200 :: Rewards -5.160 :: steps: 1.00 :: Time: 0.025(0.02461/step) :: Entropy : 0.000 :: Grads : []
210 :: Rewards -5.160 :: steps: 1.00 :: Time: 0.026(0.02582/step) :: Entropy : 0.000 :: Grads : []
220 :: Rewards -5.160 :: steps: 1.00 :: Time: 0.026(0.02605/step) :: Entropy : 0.000 :: Grads : []
230 :: Rewards -5.160 :: steps: 1.00 :: Time: 0.027(0.02652/step) :: Entropy : 0.000 :: Grads : []
240 :: Rewards -5.160 :: steps: 1.00 :: Time: 0.027(0.02722/step) :: Entropy : 0.000 :: Grads : []
250 :: Rewards -5.694 :: steps: 1.00 :: Time: 0.028(0.02789/step) :: Entropy : 0.000 :: Grads : []
260 :: Rewards -6.293 :: steps: 1.00 :: Time: 0.029(0.02881/step) :: Entropy : 0.000 :: Grads : []
270 :: Rewards -6.674 :: steps: 1.00 :: Time: 0.029(0.02925/step) :: Entropy : 0.000 :: Grads : []
280 :: Rewards -7.456 :: steps: 1.00 :: Time: 0.030(0.02962/step) :: Entropy : 0.000 :: Grads : []
290 :: Rewards -8.247 :: steps: 1.00 :: Time: 0.030(0.03019/step) :: Entropy : 0.000 :: Grads : []
300 :: Rewards -8.247 :: steps: 1.00 :: Time: 0.031(0.03089/step) :: Entropy : 0.000 :: Grads : []
310 :: Rewards -8.247 :: steps: 1.00 :: Time: 0.033(0.03299/step) :: Entropy : 0.000 :: Grads : []
320 :: Rewards -8.247 :: steps: 1.00 :: Time: 0.034(0.03373/step) :: Entropy : 0.000 :: Grads : []
330 :: Rewards -8.883 :: steps: 1.00 :: Time: 0.034(0.03376/step) :: Entropy : 0.000 :: Grads : []
340 :: Rewards -8.883 :: steps: 1.00 :: Time: 0.035(0.03472/step) :: Entropy : 0.000 :: Grads : []
350 :: Rewards -8.883 :: steps: 1.00 :: Time: 0.036(0.03574/step) :: Entropy : 0.000 :: Grads : []
360 :: Rewards -10.040 :: steps: 1.00 :: Time: 0.037(0.03709/step) :: Entropy : 0.000 :: Grads : []
370 :: Rewards -11.338 :: steps: 1.00 :: Time: 0.038(0.03816/step) :: Entropy : 0.000 :: Grads : []
380 :: Rewards -11.338 :: steps: 1.00 :: Time: 0.039(0.03863/step) :: Entropy : 0.000 :: Grads : []
390 :: Rewards -11.338 :: steps: 1.00 :: Time: 0.040(0.04039/step) :: Entropy : 0.000 :: Grads : []
400 :: Rewards -11.338 :: steps: 1.00 :: Time: 0.040(0.04013/step) :: Entropy : 0.000 :: Grads : []
410 :: Rewards -11.338 :: steps: 1.00 :: Time: 0.041(0.04074/step) :: Entropy : 0.000 :: Grads : []
420 :: Rewards -11.674 :: steps: 1.00 :: Time: 0.044(0.04402/step) :: Entropy : 0.000 :: Grads : []
430 :: Rewards -12.558 :: steps: 1.00 :: Time: 0.044(0.04362/step) :: Entropy : 0.000 :: Grads : []
440 :: Rewards -12.558 :: steps: 1.00 :: Time: 0.046(0.04595/step) :: Entropy : 0.000 :: Grads : []
450 :: Rewards -12.558 :: steps: 1.00 :: Time: 0.046(0.04626/step) :: Entropy : 0.000 :: Grads : []
460 :: Rewards -12.558 :: steps: 1.00 :: Time: 0.046(0.04621/step) :: Entropy : 0.000 :: Grads : []
470 :: Rewards -12.988 :: steps: 1.00 :: Time: 0.048(0.04766/step) :: Entropy : 0.000 :: Grads : []
480 :: Rewards -13.825 :: steps: 1.00 :: Time: 0.048(0.04776/step) :: Entropy : 0.000 :: Grads : []
490 :: Rewards -13.825 :: steps: 1.00 :: Time: 0.049(0.04881/step) :: Entropy : 0.000 :: Grads : []
500 :: Rewards -14.403 :: steps: 1.00 :: Time: 0.049(0.04947/step) :: Entropy : 0.000 :: Grads : []
510 :: Rewards -14.403 :: steps: 1.00 :: Time: 0.051(0.05108/step) :: Entropy : 0.000 :: Grads : []
520 :: Rewards -14.403 :: steps: 1.00 :: Time: 0.054(0.05372/step) :: Entropy : 0.000 :: Grads : []
530 :: Rewards -14.403 :: steps: 1.00 :: Time: 0.053(0.05283/step) :: Entropy : 0.000 :: Grads : []
540 :: Rewards -14.403 :: steps: 1.00 :: Time: 0.054(0.05409/step) :: Entropy : 0.000 :: Grads : []
550 :: Rewards -15.751 :: steps: 1.00 :: Time: 0.056(0.05592/step) :: Entropy : 0.000 :: Grads : []
560 :: Rewards -15.751 :: steps: 1.00 :: Time: 0.056(0.05601/step) :: Entropy : 0.000 :: Grads : []
570 :: Rewards -15.751 :: steps: 1.00 :: Time: 0.058(0.05848/step) :: Entropy : 0.000 :: Grads : []
580 :: Rewards -16.387 :: steps: 1.00 :: Time: 0.059(0.05894/step) :: Entropy : 0.000 :: Grads : []
590 :: Rewards -16.387 :: steps: 1.00 :: Time: 0.064(0.06408/step) :: Entropy : 0.000 :: Grads : []
600 :: Rewards -16.597 :: steps: 1.00 :: Time: 0.061(0.06126/step) :: Entropy : 0.000 :: Grads : []
610 :: Rewards -16.597 :: steps: 1.00 :: Time: 0.063(0.06292/step) :: Entropy : 0.000 :: Grads : []
620 :: Rewards -16.906 :: steps: 1.00 :: Time: 0.064(0.06352/step) :: Entropy : 0.000 :: Grads : []
630 :: Rewards -16.906 :: steps: 1.00 :: Time: 0.065(0.06529/step) :: Entropy : 0.000 :: Grads : []
640 :: Rewards -16.906 :: steps: 1.00 :: Time: 0.067(0.06650/step) :: Entropy : 0.000 :: Grads : []
650 :: Rewards -16.906 :: steps: 1.00 :: Time: 0.068(0.06815/step) :: Entropy : 0.000 :: Grads : []
660 :: Rewards -17.125 :: steps: 1.00 :: Time: 0.070(0.06990/step) :: Entropy : 0.000 :: Grads : []
670 :: Rewards -17.125 :: steps: 1.00 :: Time: 0.071(0.07085/step) :: Entropy : 0.000 :: Grads : []
680 :: Rewards -17.125 :: steps: 1.00 :: Time: 0.068(0.06811/step) :: Entropy : 0.000 :: Grads : []
690 :: Rewards -17.125 :: steps: 1.00 :: Time: 0.057(0.05727/step) :: Entropy : 0.000 :: Grads : []
700 :: Rewards -17.125 :: steps: 1.00 :: Time: 0.060(0.06011/step) :: Entropy : 0.000 :: Grads : []
710 :: Rewards -17.125 :: steps: 1.00 :: Time: 0.058(0.05822/step) :: Entropy : 0.000 :: Grads : []
720 :: Rewards -17.145 :: steps: 1.00 :: Time: 0.058(0.05823/step) :: Entropy : 0.000 :: Grads : []
730 :: Rewards -17.438 :: steps: 1.00 :: Time: 0.060(0.05978/step) :: Entropy : 0.000 :: Grads : []
740 :: Rewards -17.673 :: steps: 1.00 :: Time: 0.061(0.06093/step) :: Entropy : 0.000 :: Grads : []
750 :: Rewards -18.128 :: steps: 1.00 :: Time: 0.065(0.06498/step) :: Entropy : 0.000 :: Grads : []
760 :: Rewards -18.667 :: steps: 1.00 :: Time: 0.073(0.07269/step) :: Entropy : 0.000 :: Grads : []
770 :: Rewards -19.386 :: steps: 1.00 :: Time: 0.074(0.07446/step) :: Entropy : 0.000 :: Grads : []
780 :: Rewards -20.260 :: steps: 1.00 :: Time: 0.080(0.07985/step) :: Entropy : 0.000 :: Grads : []
790 :: Rewards -20.359 :: steps: 1.00 :: Time: 0.074(0.07442/step) :: Entropy : 0.000 :: Grads : []
800 :: Rewards -20.547 :: steps: 1.00 :: Time: 0.076(0.07622/step) :: Entropy : 0.000 :: Grads : []
810 :: Rewards -20.547 :: steps: 1.00 :: Time: 0.079(0.07888/step) :: Entropy : 0.000 :: Grads : []
820 :: Rewards -20.923 :: steps: 1.00 :: Time: 0.081(0.08087/step) :: Entropy : 0.000 :: Grads : []
830 :: Rewards -21.094 :: steps: 1.00 :: Time: 0.084(0.08384/step) :: Entropy : 0.000 :: Grads : []
840 :: Rewards -21.094 :: steps: 1.00 :: Time: 0.086(0.08565/step) :: Entropy : 0.000 :: Grads : []
850 :: Rewards -21.429 :: steps: 1.00 :: Time: 0.088(0.08804/step) :: Entropy : 0.000 :: Grads : []
860 :: Rewards -21.589 :: steps: 1.00 :: Time: 0.090(0.08970/step) :: Entropy : 0.000 :: Grads : []
870 :: Rewards -21.889 :: steps: 1.00 :: Time: 0.093(0.09267/step) :: Entropy : 0.000 :: Grads : []
880 :: Rewards -21.889 :: steps: 1.00 :: Time: 0.095(0.09506/step) :: Entropy : 0.000 :: Grads : []
890 :: Rewards -22.021 :: steps: 1.00 :: Time: 0.097(0.09743/step) :: Entropy : 0.000 :: Grads : []
900 :: Rewards -22.098 :: steps: 1.00 :: Time: 0.099(0.09938/step) :: Entropy : 0.000 :: Grads : []
910 :: Rewards -22.098 :: steps: 1.00 :: Time: 0.104(0.10391/step) :: Entropy : 0.000 :: Grads : []
920 :: Rewards -22.098 :: steps: 1.00 :: Time: 0.104(0.10404/step) :: Entropy : 0.000 :: Grads : []
930 :: Rewards -22.098 :: steps: 1.00 :: Time: 0.106(0.10650/step) :: Entropy : 0.000 :: Grads : []
940 :: Rewards -22.098 :: steps: 1.00 :: Time: 0.113(0.11344/step) :: Entropy : 0.000 :: Grads : []
950 :: Rewards -22.098 :: steps: 1.00 :: Time: 0.130(0.12966/step) :: Entropy : 0.000 :: Grads : []
960 :: Rewards -22.172 :: steps: 1.00 :: Time: 0.113(0.11348/step) :: Entropy : 0.000 :: Grads : []
970 :: Rewards -22.172 :: steps: 1.00 :: Time: 0.124(0.12447/step) :: Entropy : 0.000 :: Grads : []
980 :: Rewards -22.416 :: steps: 1.00 :: Time: 0.116(0.11616/step) :: Entropy : 0.000 :: Grads : []
990 :: Rewards -22.474 :: steps: 1.00 :: Time: 0.132(0.13218/step) :: Entropy : 0.000 :: Grads : []
999 :: Rewards -22.474 :: steps: 0.90 :: Time: 0.113(0.12555/step) :: Entropy : 0.000 :: Grads : []
Total time taken: 54.55698823928833
