Module path:  Environments.NS_Reco NS_Reco
Dynamically loaded from:  <class 'Environments.NS_Reco.NS_Reco'>
Reward Amplitudes: [4.17022005e-01 7.20324493e-01 1.14374817e-04 3.02332573e-01
 1.46755891e-01] :: Avg 0.317309867282206 
Module path:  Src.Algorithms.ProWLS ProWLS
Dynamically loaded from:  <class 'Src.Algorithms.ProWLS.ProWLS'>
=====Configurations=====
 Namespace(NN_basis_dim='32', Policy_basis_dim='32', actor_lr=0.0017966647558361548, algo_name='ProWLS', base=0, batch_size=1000, buffer_size=1000, debug=False, delta=1, entropy_lambda=0.006997441955638448, env_name='NS_Reco', experiment='NS_1r_', extrapolator_basis='Fourier', folder_suffix='Default', fourier_coupled=True, fourier_k=3, fourier_order=3, gamma=0.99, gauss_std=1.5, gpu=0, hyper='default', importance_clip=10.0, inc=1, log_output='term_file', max_episodes=1000, max_inner=30, max_steps=500, optim='rmsprop', oracle=-1, raw_basis=True, restore=False, save_count=100, save_model=True, seed=22, speed=1, state_lr=0.001, summary=True, swarm=False, timestamp='5|25|11:54:34')
Actions space: 5 :: State space: 1
State Low: tensor([0.]) :: State High: tensor([1.])
State features:  [('dummy_param', torch.Size([1]))]
Policy:  [('fc1.weight', torch.Size([5, 1])), ('fc1.bias', torch.Size([5]))]
0 :: Rewards -0.016 :: steps: 0.10 :: Time: 0.000(0.00074/step) :: Entropy : 0.000 :: Grads : []
10 :: Rewards -0.150 :: steps: 1.00 :: Time: 0.015(0.01522/step) :: Entropy : 0.000 :: Grads : []
20 :: Rewards -0.309 :: steps: 1.00 :: Time: 0.019(0.01900/step) :: Entropy : 0.000 :: Grads : []
30 :: Rewards -0.576 :: steps: 1.00 :: Time: 0.020(0.02025/step) :: Entropy : 0.000 :: Grads : []
40 :: Rewards -0.666 :: steps: 1.00 :: Time: 0.020(0.01954/step) :: Entropy : 0.000 :: Grads : []
50 :: Rewards -0.666 :: steps: 1.00 :: Time: 0.020(0.01997/step) :: Entropy : 0.000 :: Grads : []
60 :: Rewards -0.826 :: steps: 1.00 :: Time: 0.021(0.02079/step) :: Entropy : 0.000 :: Grads : []
70 :: Rewards -1.222 :: steps: 1.00 :: Time: 0.020(0.02029/step) :: Entropy : 0.000 :: Grads : []
80 :: Rewards -1.222 :: steps: 1.00 :: Time: 0.021(0.02055/step) :: Entropy : 0.000 :: Grads : []
90 :: Rewards -1.653 :: steps: 1.00 :: Time: 0.021(0.02078/step) :: Entropy : 0.000 :: Grads : []
100 :: Rewards -1.859 :: steps: 1.00 :: Time: 0.021(0.02136/step) :: Entropy : 0.000 :: Grads : []
110 :: Rewards -1.859 :: steps: 1.00 :: Time: 0.022(0.02175/step) :: Entropy : 0.000 :: Grads : []
120 :: Rewards -1.859 :: steps: 1.00 :: Time: 0.022(0.02204/step) :: Entropy : 0.000 :: Grads : []
130 :: Rewards -1.859 :: steps: 1.00 :: Time: 0.022(0.02216/step) :: Entropy : 0.000 :: Grads : []
140 :: Rewards -2.619 :: steps: 1.00 :: Time: 0.023(0.02250/step) :: Entropy : 0.000 :: Grads : []
150 :: Rewards -2.806 :: steps: 1.00 :: Time: 0.023(0.02327/step) :: Entropy : 0.000 :: Grads : []
160 :: Rewards -2.806 :: steps: 1.00 :: Time: 0.024(0.02409/step) :: Entropy : 0.000 :: Grads : []
170 :: Rewards -2.806 :: steps: 1.00 :: Time: 0.025(0.02483/step) :: Entropy : 0.000 :: Grads : []
180 :: Rewards -3.261 :: steps: 1.00 :: Time: 0.025(0.02529/step) :: Entropy : 0.000 :: Grads : []
190 :: Rewards -3.655 :: steps: 1.00 :: Time: 0.028(0.02823/step) :: Entropy : 0.000 :: Grads : []
200 :: Rewards -3.655 :: steps: 1.00 :: Time: 0.029(0.02853/step) :: Entropy : 0.000 :: Grads : []
210 :: Rewards -3.655 :: steps: 1.00 :: Time: 0.029(0.02926/step) :: Entropy : 0.000 :: Grads : []
220 :: Rewards -3.655 :: steps: 1.00 :: Time: 0.029(0.02949/step) :: Entropy : 0.000 :: Grads : []
230 :: Rewards -3.655 :: steps: 1.00 :: Time: 0.030(0.02977/step) :: Entropy : 0.000 :: Grads : []
240 :: Rewards -3.655 :: steps: 1.00 :: Time: 0.030(0.03048/step) :: Entropy : 0.000 :: Grads : []
250 :: Rewards -4.215 :: steps: 1.00 :: Time: 0.032(0.03212/step) :: Entropy : 0.000 :: Grads : []
260 :: Rewards -4.915 :: steps: 1.00 :: Time: 0.033(0.03346/step) :: Entropy : 0.000 :: Grads : []
270 :: Rewards -5.667 :: steps: 1.00 :: Time: 0.036(0.03562/step) :: Entropy : 0.000 :: Grads : []
280 :: Rewards -6.058 :: steps: 1.00 :: Time: 0.035(0.03505/step) :: Entropy : 0.000 :: Grads : []
290 :: Rewards -6.058 :: steps: 1.00 :: Time: 0.036(0.03617/step) :: Entropy : 0.000 :: Grads : []
300 :: Rewards -6.058 :: steps: 1.00 :: Time: 0.036(0.03613/step) :: Entropy : 0.000 :: Grads : []
310 :: Rewards -6.058 :: steps: 1.00 :: Time: 0.037(0.03735/step) :: Entropy : 0.000 :: Grads : []
320 :: Rewards -7.060 :: steps: 1.00 :: Time: 0.038(0.03769/step) :: Entropy : 0.000 :: Grads : []
330 :: Rewards -7.628 :: steps: 1.00 :: Time: 0.039(0.03924/step) :: Entropy : 0.000 :: Grads : []
340 :: Rewards -7.628 :: steps: 1.00 :: Time: 0.040(0.03952/step) :: Entropy : 0.000 :: Grads : []
350 :: Rewards -7.628 :: steps: 1.00 :: Time: 0.041(0.04079/step) :: Entropy : 0.000 :: Grads : []
360 :: Rewards -8.331 :: steps: 1.00 :: Time: 0.042(0.04245/step) :: Entropy : 0.000 :: Grads : []
370 :: Rewards -8.331 :: steps: 1.00 :: Time: 0.043(0.04307/step) :: Entropy : 0.000 :: Grads : []
380 :: Rewards -8.331 :: steps: 1.00 :: Time: 0.041(0.04090/step) :: Entropy : 0.000 :: Grads : []
390 :: Rewards -8.331 :: steps: 1.00 :: Time: 0.035(0.03506/step) :: Entropy : 0.000 :: Grads : []
400 :: Rewards -8.331 :: steps: 1.00 :: Time: 0.036(0.03576/step) :: Entropy : 0.000 :: Grads : []
410 :: Rewards -8.331 :: steps: 1.00 :: Time: 0.036(0.03638/step) :: Entropy : 0.000 :: Grads : []
420 :: Rewards -9.329 :: steps: 1.00 :: Time: 0.037(0.03661/step) :: Entropy : 0.000 :: Grads : []
430 :: Rewards -9.673 :: steps: 1.00 :: Time: 0.037(0.03726/step) :: Entropy : 0.000 :: Grads : []
440 :: Rewards -9.673 :: steps: 1.00 :: Time: 0.038(0.03756/step) :: Entropy : 0.000 :: Grads : []
450 :: Rewards -10.277 :: steps: 1.00 :: Time: 0.038(0.03849/step) :: Entropy : 0.000 :: Grads : []
460 :: Rewards -10.277 :: steps: 1.00 :: Time: 0.039(0.03913/step) :: Entropy : 0.000 :: Grads : []
470 :: Rewards -10.277 :: steps: 1.00 :: Time: 0.040(0.04020/step) :: Entropy : 0.000 :: Grads : []
480 :: Rewards -10.277 :: steps: 1.00 :: Time: 0.044(0.04373/step) :: Entropy : 0.000 :: Grads : []
490 :: Rewards -10.277 :: steps: 1.00 :: Time: 0.043(0.04317/step) :: Entropy : 0.000 :: Grads : []
500 :: Rewards -10.277 :: steps: 1.00 :: Time: 0.044(0.04420/step) :: Entropy : 0.000 :: Grads : []
510 :: Rewards -11.101 :: steps: 1.00 :: Time: 0.046(0.04580/step) :: Entropy : 0.000 :: Grads : []
520 :: Rewards -11.785 :: steps: 1.00 :: Time: 0.047(0.04698/step) :: Entropy : 0.000 :: Grads : []
530 :: Rewards -11.785 :: steps: 1.00 :: Time: 0.051(0.05085/step) :: Entropy : 0.000 :: Grads : []
540 :: Rewards -13.153 :: steps: 1.00 :: Time: 0.049(0.04896/step) :: Entropy : 0.000 :: Grads : []
550 :: Rewards -13.422 :: steps: 1.00 :: Time: 0.050(0.05008/step) :: Entropy : 0.000 :: Grads : []
560 :: Rewards -13.422 :: steps: 1.00 :: Time: 0.051(0.05106/step) :: Entropy : 0.000 :: Grads : []
570 :: Rewards -13.422 :: steps: 1.00 :: Time: 0.052(0.05239/step) :: Entropy : 0.000 :: Grads : []
580 :: Rewards -13.422 :: steps: 1.00 :: Time: 0.053(0.05345/step) :: Entropy : 0.000 :: Grads : []
590 :: Rewards -13.628 :: steps: 1.00 :: Time: 0.056(0.05646/step) :: Entropy : 0.000 :: Grads : []
600 :: Rewards -13.628 :: steps: 1.00 :: Time: 0.056(0.05610/step) :: Entropy : 0.000 :: Grads : []
610 :: Rewards -13.628 :: steps: 1.00 :: Time: 0.058(0.05758/step) :: Entropy : 0.000 :: Grads : []
620 :: Rewards -13.910 :: steps: 1.00 :: Time: 0.059(0.05915/step) :: Entropy : 0.000 :: Grads : []
630 :: Rewards -13.910 :: steps: 1.00 :: Time: 0.060(0.06042/step) :: Entropy : 0.000 :: Grads : []
640 :: Rewards -13.910 :: steps: 1.00 :: Time: 0.062(0.06164/step) :: Entropy : 0.000 :: Grads : []
650 :: Rewards -13.910 :: steps: 1.00 :: Time: 0.063(0.06338/step) :: Entropy : 0.000 :: Grads : []
660 :: Rewards -13.910 :: steps: 1.00 :: Time: 0.065(0.06492/step) :: Entropy : 0.000 :: Grads : []
670 :: Rewards -13.910 :: steps: 1.00 :: Time: 0.067(0.06710/step) :: Entropy : 0.000 :: Grads : []
680 :: Rewards -13.910 :: steps: 1.00 :: Time: 0.065(0.06506/step) :: Entropy : 0.000 :: Grads : []
690 :: Rewards -14.070 :: steps: 1.00 :: Time: 0.067(0.06721/step) :: Entropy : 0.000 :: Grads : []
700 :: Rewards -14.070 :: steps: 1.00 :: Time: 0.069(0.06890/step) :: Entropy : 0.000 :: Grads : []
710 :: Rewards -14.229 :: steps: 1.00 :: Time: 0.071(0.07072/step) :: Entropy : 0.000 :: Grads : []
720 :: Rewards -14.240 :: steps: 1.00 :: Time: 0.072(0.07209/step) :: Entropy : 0.000 :: Grads : []
730 :: Rewards -14.325 :: steps: 1.00 :: Time: 0.074(0.07402/step) :: Entropy : 0.000 :: Grads : []
740 :: Rewards -14.543 :: steps: 1.00 :: Time: 0.077(0.07673/step) :: Entropy : 0.000 :: Grads : []
750 :: Rewards -14.933 :: steps: 1.00 :: Time: 0.078(0.07755/step) :: Entropy : 0.000 :: Grads : []
760 :: Rewards -15.804 :: steps: 1.00 :: Time: 0.080(0.07969/step) :: Entropy : 0.000 :: Grads : []
770 :: Rewards -16.574 :: steps: 1.00 :: Time: 0.083(0.08276/step) :: Entropy : 0.000 :: Grads : []
780 :: Rewards -17.533 :: steps: 1.00 :: Time: 0.084(0.08448/step) :: Entropy : 0.000 :: Grads : []
790 :: Rewards -18.599 :: steps: 1.00 :: Time: 0.087(0.08673/step) :: Entropy : 0.000 :: Grads : []
800 :: Rewards -19.887 :: steps: 1.00 :: Time: 0.089(0.08932/step) :: Entropy : 0.000 :: Grads : []
810 :: Rewards -21.366 :: steps: 1.00 :: Time: 0.091(0.09129/step) :: Entropy : 0.000 :: Grads : []
820 :: Rewards -23.085 :: steps: 1.00 :: Time: 0.093(0.09325/step) :: Entropy : 0.000 :: Grads : []
830 :: Rewards -24.963 :: steps: 1.00 :: Time: 0.096(0.09604/step) :: Entropy : 0.000 :: Grads : []
840 :: Rewards -26.997 :: steps: 1.00 :: Time: 0.099(0.09905/step) :: Entropy : 0.000 :: Grads : []
850 :: Rewards -28.314 :: steps: 1.00 :: Time: 0.101(0.10135/step) :: Entropy : 0.000 :: Grads : []
860 :: Rewards -28.533 :: steps: 1.00 :: Time: 0.106(0.10621/step) :: Entropy : 0.000 :: Grads : []
870 :: Rewards -28.797 :: steps: 1.00 :: Time: 0.105(0.10545/step) :: Entropy : 0.000 :: Grads : []
880 :: Rewards -28.797 :: steps: 1.00 :: Time: 0.109(0.10934/step) :: Entropy : 0.000 :: Grads : []
890 :: Rewards -28.797 :: steps: 1.00 :: Time: 0.112(0.11225/step) :: Entropy : 0.000 :: Grads : []
900 :: Rewards -28.797 :: steps: 1.00 :: Time: 0.110(0.10997/step) :: Entropy : 0.000 :: Grads : []
910 :: Rewards -28.797 :: steps: 1.00 :: Time: 0.110(0.11006/step) :: Entropy : 0.000 :: Grads : []
920 :: Rewards -28.797 :: steps: 1.00 :: Time: 0.119(0.11894/step) :: Entropy : 0.000 :: Grads : []
930 :: Rewards -28.797 :: steps: 1.00 :: Time: 0.116(0.11587/step) :: Entropy : 0.000 :: Grads : []
940 :: Rewards -28.797 :: steps: 1.00 :: Time: 0.117(0.11724/step) :: Entropy : 0.000 :: Grads : []
950 :: Rewards -29.134 :: steps: 1.00 :: Time: 0.118(0.11759/step) :: Entropy : 0.000 :: Grads : []
960 :: Rewards -29.357 :: steps: 1.00 :: Time: 0.106(0.10571/step) :: Entropy : 0.000 :: Grads : []
970 :: Rewards -29.756 :: steps: 1.00 :: Time: 0.107(0.10678/step) :: Entropy : 0.000 :: Grads : []
980 :: Rewards -29.756 :: steps: 1.00 :: Time: 0.108(0.10805/step) :: Entropy : 0.000 :: Grads : []
990 :: Rewards -29.943 :: steps: 1.00 :: Time: 0.111(0.11080/step) :: Entropy : 0.000 :: Grads : []
999 :: Rewards -30.113 :: steps: 0.90 :: Time: 0.102(0.11347/step) :: Entropy : 0.000 :: Grads : []
Total time taken: 56.42741417884827
