Module path:  Environments.NS_Reco NS_Reco
Dynamically loaded from:  <class 'Environments.NS_Reco.NS_Reco'>
Reward Amplitudes: [4.17022005e-01 7.20324493e-01 1.14374817e-04 3.02332573e-01
 1.46755891e-01] :: Avg 0.317309867282206 
Module path:  Src.Algorithms.ProWLS ProWLS
Dynamically loaded from:  <class 'Src.Algorithms.ProWLS.ProWLS'>
=====Configurations=====
 Namespace(NN_basis_dim='32', Policy_basis_dim='32', actor_lr=0.0037403051736555927, algo_name='ProWLS', base=0, batch_size=1000, buffer_size=1000, debug=False, delta=3, entropy_lambda=0.041755411764967935, env_name='NS_Reco', experiment='NS_4_', extrapolator_basis='Fourier', folder_suffix='Default', fourier_coupled=True, fourier_k=7, fourier_order=3, gamma=0.99, gauss_std=1.5, gpu=0, hyper='default', importance_clip=5.0, inc=1, log_output='term_file', max_episodes=1000, max_inner=60, max_steps=500, optim='rmsprop', oracle=-1, raw_basis=True, restore=False, save_count=100, save_model=True, seed=17, speed=4, state_lr=0.001, summary=True, swarm=False, timestamp='5|24|22:56:45')
Actions space: 5 :: State space: 1
State Low: tensor([0.]) :: State High: tensor([1.])
State features:  [('dummy_param', torch.Size([1]))]
Policy:  [('fc1.weight', torch.Size([5, 1])), ('fc1.bias', torch.Size([5]))]
0 :: Rewards 0.001 :: steps: 0.10 :: Time: 0.000(0.00078/step) :: Entropy : 0.000 :: Grads : []
10 :: Rewards 0.318 :: steps: 1.00 :: Time: 0.004(0.00391/step) :: Entropy : 0.000 :: Grads : []
20 :: Rewards 1.180 :: steps: 1.00 :: Time: 0.014(0.01385/step) :: Entropy : 0.000 :: Grads : []
30 :: Rewards 2.884 :: steps: 1.00 :: Time: 0.011(0.01067/step) :: Entropy : 0.000 :: Grads : []
40 :: Rewards 4.667 :: steps: 1.00 :: Time: 0.010(0.01041/step) :: Entropy : 0.000 :: Grads : []
50 :: Rewards 8.031 :: steps: 1.00 :: Time: 0.014(0.01397/step) :: Entropy : 0.000 :: Grads : []
60 :: Rewards 12.559 :: steps: 1.00 :: Time: 0.011(0.01075/step) :: Entropy : 0.000 :: Grads : []
70 :: Rewards 17.750 :: steps: 1.00 :: Time: 0.011(0.01087/step) :: Entropy : 0.000 :: Grads : []
80 :: Rewards 23.214 :: steps: 1.00 :: Time: 0.015(0.01468/step) :: Entropy : 0.000 :: Grads : []
90 :: Rewards 28.815 :: steps: 1.00 :: Time: 0.011(0.01124/step) :: Entropy : 0.000 :: Grads : []
100 :: Rewards 35.881 :: steps: 1.00 :: Time: 0.011(0.01144/step) :: Entropy : 0.000 :: Grads : []
110 :: Rewards 42.186 :: steps: 1.00 :: Time: 0.016(0.01574/step) :: Entropy : 0.000 :: Grads : []
120 :: Rewards 49.044 :: steps: 1.00 :: Time: 0.012(0.01197/step) :: Entropy : 0.000 :: Grads : []
130 :: Rewards 55.773 :: steps: 1.00 :: Time: 0.012(0.01220/step) :: Entropy : 0.000 :: Grads : []
140 :: Rewards 61.840 :: steps: 1.00 :: Time: 0.017(0.01654/step) :: Entropy : 0.000 :: Grads : []
150 :: Rewards 67.778 :: steps: 1.00 :: Time: 0.013(0.01269/step) :: Entropy : 0.000 :: Grads : []
160 :: Rewards 72.641 :: steps: 1.00 :: Time: 0.013(0.01299/step) :: Entropy : 0.000 :: Grads : []
170 :: Rewards 76.535 :: steps: 1.00 :: Time: 0.018(0.01766/step) :: Entropy : 0.000 :: Grads : []
180 :: Rewards 80.495 :: steps: 1.00 :: Time: 0.014(0.01371/step) :: Entropy : 0.000 :: Grads : []
190 :: Rewards 83.905 :: steps: 1.00 :: Time: 0.015(0.01486/step) :: Entropy : 0.000 :: Grads : []
200 :: Rewards 86.493 :: steps: 1.00 :: Time: 0.020(0.02013/step) :: Entropy : 0.000 :: Grads : []
210 :: Rewards 89.036 :: steps: 1.00 :: Time: 0.016(0.01579/step) :: Entropy : 0.000 :: Grads : []
220 :: Rewards 91.765 :: steps: 1.00 :: Time: 0.016(0.01631/step) :: Entropy : 0.000 :: Grads : []
230 :: Rewards 93.399 :: steps: 1.00 :: Time: 0.023(0.02264/step) :: Entropy : 0.000 :: Grads : []
240 :: Rewards 95.257 :: steps: 1.00 :: Time: 0.017(0.01748/step) :: Entropy : 0.000 :: Grads : []
250 :: Rewards 96.712 :: steps: 1.00 :: Time: 0.018(0.01796/step) :: Entropy : 0.000 :: Grads : []
260 :: Rewards 98.069 :: steps: 1.00 :: Time: 0.024(0.02449/step) :: Entropy : 0.000 :: Grads : []
270 :: Rewards 98.981 :: steps: 1.00 :: Time: 0.019(0.01889/step) :: Entropy : 0.000 :: Grads : []
280 :: Rewards 99.482 :: steps: 1.00 :: Time: 0.019(0.01932/step) :: Entropy : 0.000 :: Grads : []
290 :: Rewards 100.021 :: steps: 1.00 :: Time: 0.026(0.02618/step) :: Entropy : 0.000 :: Grads : []
300 :: Rewards 100.142 :: steps: 1.00 :: Time: 0.020(0.02032/step) :: Entropy : 0.000 :: Grads : []
310 :: Rewards 100.436 :: steps: 1.00 :: Time: 0.021(0.02085/step) :: Entropy : 0.000 :: Grads : []
320 :: Rewards 100.318 :: steps: 1.00 :: Time: 0.029(0.02884/step) :: Entropy : 0.000 :: Grads : []
330 :: Rewards 100.876 :: steps: 1.00 :: Time: 0.022(0.02201/step) :: Entropy : 0.000 :: Grads : []
340 :: Rewards 101.052 :: steps: 1.00 :: Time: 0.022(0.02236/step) :: Entropy : 0.000 :: Grads : []
350 :: Rewards 101.364 :: steps: 1.00 :: Time: 0.030(0.03039/step) :: Entropy : 0.000 :: Grads : []
360 :: Rewards 101.366 :: steps: 1.00 :: Time: 0.023(0.02332/step) :: Entropy : 0.000 :: Grads : []
370 :: Rewards 101.088 :: steps: 1.00 :: Time: 0.025(0.02452/step) :: Entropy : 0.000 :: Grads : []
380 :: Rewards 100.350 :: steps: 1.00 :: Time: 0.033(0.03337/step) :: Entropy : 0.000 :: Grads : []
390 :: Rewards 99.803 :: steps: 1.00 :: Time: 0.025(0.02550/step) :: Entropy : 0.000 :: Grads : []
400 :: Rewards 99.529 :: steps: 1.00 :: Time: 0.026(0.02593/step) :: Entropy : 0.000 :: Grads : []
410 :: Rewards 98.333 :: steps: 1.00 :: Time: 0.035(0.03543/step) :: Entropy : 0.000 :: Grads : []
420 :: Rewards 97.611 :: steps: 1.00 :: Time: 0.027(0.02733/step) :: Entropy : 0.000 :: Grads : []
430 :: Rewards 97.346 :: steps: 1.00 :: Time: 0.028(0.02839/step) :: Entropy : 0.000 :: Grads : []
440 :: Rewards 97.047 :: steps: 1.00 :: Time: 0.038(0.03797/step) :: Entropy : 0.000 :: Grads : []
450 :: Rewards 96.701 :: steps: 1.00 :: Time: 0.029(0.02905/step) :: Entropy : 0.000 :: Grads : []
460 :: Rewards 96.724 :: steps: 1.00 :: Time: 0.030(0.02967/step) :: Entropy : 0.000 :: Grads : []
470 :: Rewards 96.412 :: steps: 1.00 :: Time: 0.041(0.04059/step) :: Entropy : 0.000 :: Grads : []
480 :: Rewards 97.408 :: steps: 1.00 :: Time: 0.031(0.03096/step) :: Entropy : 0.000 :: Grads : []
490 :: Rewards 100.071 :: steps: 1.00 :: Time: 0.032(0.03208/step) :: Entropy : 0.000 :: Grads : []
500 :: Rewards 104.411 :: steps: 1.00 :: Time: 0.043(0.04295/step) :: Entropy : 0.000 :: Grads : []
510 :: Rewards 110.238 :: steps: 1.00 :: Time: 0.033(0.03305/step) :: Entropy : 0.000 :: Grads : []
520 :: Rewards 116.579 :: steps: 1.00 :: Time: 0.034(0.03416/step) :: Entropy : 0.000 :: Grads : []
530 :: Rewards 121.010 :: steps: 1.00 :: Time: 0.046(0.04631/step) :: Entropy : 0.000 :: Grads : []
540 :: Rewards 127.223 :: steps: 1.00 :: Time: 0.037(0.03664/step) :: Entropy : 0.000 :: Grads : []
550 :: Rewards 134.414 :: steps: 1.00 :: Time: 0.035(0.03523/step) :: Entropy : 0.000 :: Grads : []
560 :: Rewards 139.263 :: steps: 1.00 :: Time: 0.048(0.04844/step) :: Entropy : 0.000 :: Grads : []
570 :: Rewards 145.589 :: steps: 1.00 :: Time: 0.037(0.03749/step) :: Entropy : 0.000 :: Grads : []
580 :: Rewards 151.608 :: steps: 1.00 :: Time: 0.038(0.03780/step) :: Entropy : 0.000 :: Grads : []
590 :: Rewards 157.852 :: steps: 1.00 :: Time: 0.051(0.05092/step) :: Entropy : 0.000 :: Grads : []
600 :: Rewards 162.939 :: steps: 1.00 :: Time: 0.039(0.03858/step) :: Entropy : 0.000 :: Grads : []
610 :: Rewards 167.953 :: steps: 1.00 :: Time: 0.040(0.03993/step) :: Entropy : 0.000 :: Grads : []
620 :: Rewards 172.135 :: steps: 1.00 :: Time: 0.054(0.05401/step) :: Entropy : 0.000 :: Grads : []
630 :: Rewards 175.112 :: steps: 1.00 :: Time: 0.041(0.04139/step) :: Entropy : 0.000 :: Grads : []
640 :: Rewards 177.509 :: steps: 1.00 :: Time: 0.043(0.04301/step) :: Entropy : 0.000 :: Grads : []
650 :: Rewards 178.309 :: steps: 1.00 :: Time: 0.059(0.05910/step) :: Entropy : 0.000 :: Grads : []
660 :: Rewards 179.332 :: steps: 1.00 :: Time: 0.045(0.04528/step) :: Entropy : 0.000 :: Grads : []
670 :: Rewards 182.904 :: steps: 1.00 :: Time: 0.047(0.04690/step) :: Entropy : 0.000 :: Grads : []
680 :: Rewards 186.292 :: steps: 1.00 :: Time: 0.063(0.06323/step) :: Entropy : 0.000 :: Grads : []
690 :: Rewards 190.253 :: steps: 1.00 :: Time: 0.049(0.04874/step) :: Entropy : 0.000 :: Grads : []
700 :: Rewards 193.931 :: steps: 1.00 :: Time: 0.050(0.04969/step) :: Entropy : 0.000 :: Grads : []
710 :: Rewards 197.211 :: steps: 1.00 :: Time: 0.068(0.06819/step) :: Entropy : 0.000 :: Grads : []
720 :: Rewards 200.996 :: steps: 1.00 :: Time: 0.052(0.05208/step) :: Entropy : 0.000 :: Grads : []
730 :: Rewards 205.108 :: steps: 1.00 :: Time: 0.054(0.05395/step) :: Entropy : 0.000 :: Grads : []
740 :: Rewards 208.343 :: steps: 1.00 :: Time: 0.072(0.07231/step) :: Entropy : 0.000 :: Grads : []
750 :: Rewards 211.865 :: steps: 1.00 :: Time: 0.055(0.05525/step) :: Entropy : 0.000 :: Grads : []
760 :: Rewards 215.158 :: steps: 1.00 :: Time: 0.057(0.05665/step) :: Entropy : 0.000 :: Grads : []
770 :: Rewards 218.724 :: steps: 1.00 :: Time: 0.077(0.07748/step) :: Entropy : 0.000 :: Grads : []
780 :: Rewards 221.962 :: steps: 1.00 :: Time: 0.059(0.05905/step) :: Entropy : 0.000 :: Grads : []
790 :: Rewards 224.603 :: steps: 1.00 :: Time: 0.061(0.06131/step) :: Entropy : 0.000 :: Grads : []
800 :: Rewards 226.442 :: steps: 1.00 :: Time: 0.084(0.08433/step) :: Entropy : 0.000 :: Grads : []
810 :: Rewards 226.780 :: steps: 1.00 :: Time: 0.062(0.06207/step) :: Entropy : 0.000 :: Grads : []
820 :: Rewards 227.193 :: steps: 1.00 :: Time: 0.065(0.06482/step) :: Entropy : 0.000 :: Grads : []
830 :: Rewards 228.436 :: steps: 1.00 :: Time: 0.086(0.08570/step) :: Entropy : 0.000 :: Grads : []
840 :: Rewards 227.381 :: steps: 1.00 :: Time: 0.066(0.06574/step) :: Entropy : 0.000 :: Grads : []
850 :: Rewards 227.973 :: steps: 1.00 :: Time: 0.068(0.06786/step) :: Entropy : 0.000 :: Grads : []
860 :: Rewards 227.911 :: steps: 1.00 :: Time: 0.093(0.09336/step) :: Entropy : 0.000 :: Grads : []
870 :: Rewards 227.681 :: steps: 1.00 :: Time: 0.070(0.07050/step) :: Entropy : 0.000 :: Grads : []
880 :: Rewards 227.508 :: steps: 1.00 :: Time: 0.073(0.07304/step) :: Entropy : 0.000 :: Grads : []
890 :: Rewards 228.086 :: steps: 1.00 :: Time: 0.100(0.09987/step) :: Entropy : 0.000 :: Grads : []
900 :: Rewards 229.372 :: steps: 1.00 :: Time: 0.077(0.07667/step) :: Entropy : 0.000 :: Grads : []
910 :: Rewards 230.470 :: steps: 1.00 :: Time: 0.079(0.07881/step) :: Entropy : 0.000 :: Grads : []
920 :: Rewards 231.928 :: steps: 1.00 :: Time: 0.106(0.10604/step) :: Entropy : 0.000 :: Grads : []
930 :: Rewards 233.722 :: steps: 1.00 :: Time: 0.081(0.08116/step) :: Entropy : 0.000 :: Grads : []
940 :: Rewards 238.580 :: steps: 1.00 :: Time: 0.083(0.08290/step) :: Entropy : 0.000 :: Grads : []
950 :: Rewards 244.465 :: steps: 1.00 :: Time: 0.113(0.11275/step) :: Entropy : 0.000 :: Grads : []
960 :: Rewards 250.857 :: steps: 1.00 :: Time: 0.086(0.08585/step) :: Entropy : 0.000 :: Grads : []
970 :: Rewards 257.685 :: steps: 1.00 :: Time: 0.090(0.09017/step) :: Entropy : 0.000 :: Grads : []
980 :: Rewards 264.756 :: steps: 1.00 :: Time: 0.120(0.12000/step) :: Entropy : 0.000 :: Grads : []
990 :: Rewards 272.000 :: steps: 1.00 :: Time: 0.088(0.08778/step) :: Entropy : 0.000 :: Grads : []
999 :: Rewards 277.403 :: steps: 0.90 :: Time: 0.088(0.09724/step) :: Entropy : 0.000 :: Grads : []
Total time taken: 42.80263686180115
