Module path:  Environments.NS_Reco NS_Reco
Dynamically loaded from:  <class 'Environments.NS_Reco.NS_Reco'>
Reward Amplitudes: [4.17022005e-01 7.20324493e-01 1.14374817e-04 3.02332573e-01
 1.46755891e-01] :: Avg 0.317309867282206 
Module path:  Src.Algorithms.OFPG OFPG
Dynamically loaded from:  <class 'Src.Algorithms.OFPG.OFPG'>
=====Configurations=====
 Namespace(NN_basis_dim='32', Policy_basis_dim='32', actor_lr=0.005252014538415403, algo_name='OFPG', base=0, batch_size=1000, buffer_size=1000, debug=False, delta=1, entropy_lambda=0.08551739420792737, env_name='NS_Reco', experiment='NS_4r_', extrapolator_basis='Fourier', folder_suffix='Default', fourier_coupled=True, fourier_k=7, fourier_order=3, gamma=0.99, gauss_std=1.5, gpu=0, hyper='default', importance_clip=10.0, inc=1, log_output='term_file', max_episodes=1000, max_inner=20, max_steps=500, optim='rmsprop', oracle=-1, raw_basis=True, restore=False, save_count=100, save_model=True, seed=29, speed=4, state_lr=0.001, summary=True, swarm=False, timestamp='5|25|10:11:8')
Actions space: 5 :: State space: 1
State Low: tensor([0.]) :: State High: tensor([1.])
State features:  [('dummy_param', torch.Size([1]))]
Policy:  [('fc1.weight', torch.Size([5, 1])), ('fc1.bias', torch.Size([5]))]
0 :: Rewards -0.001 :: steps: 0.10 :: Time: 0.001(0.00981/step) :: Entropy : 0.000 :: Grads : []
10 :: Rewards -0.160 :: steps: 1.00 :: Time: 0.008(0.00831/step) :: Entropy : 0.000 :: Grads : []
20 :: Rewards -0.677 :: steps: 1.00 :: Time: 0.008(0.00840/step) :: Entropy : 0.000 :: Grads : []
30 :: Rewards -1.212 :: steps: 1.00 :: Time: 0.009(0.00864/step) :: Entropy : 0.000 :: Grads : []
40 :: Rewards -1.934 :: steps: 1.00 :: Time: 0.008(0.00834/step) :: Entropy : 0.000 :: Grads : []
50 :: Rewards -2.510 :: steps: 1.00 :: Time: 0.008(0.00848/step) :: Entropy : 0.000 :: Grads : []
60 :: Rewards -4.555 :: steps: 1.00 :: Time: 0.008(0.00842/step) :: Entropy : 0.000 :: Grads : []
70 :: Rewards -5.046 :: steps: 1.00 :: Time: 0.008(0.00845/step) :: Entropy : 0.000 :: Grads : []
80 :: Rewards -5.885 :: steps: 1.00 :: Time: 0.009(0.00859/step) :: Entropy : 0.000 :: Grads : []
90 :: Rewards -8.514 :: steps: 1.00 :: Time: 0.009(0.00890/step) :: Entropy : 0.000 :: Grads : []
100 :: Rewards -9.310 :: steps: 1.00 :: Time: 0.009(0.00870/step) :: Entropy : 0.000 :: Grads : []
110 :: Rewards -10.803 :: steps: 1.00 :: Time: 0.009(0.00893/step) :: Entropy : 0.000 :: Grads : []
120 :: Rewards -11.642 :: steps: 1.00 :: Time: 0.009(0.00900/step) :: Entropy : 0.000 :: Grads : []
130 :: Rewards -12.350 :: steps: 1.00 :: Time: 0.009(0.00906/step) :: Entropy : 0.000 :: Grads : []
140 :: Rewards -12.726 :: steps: 1.00 :: Time: 0.009(0.00912/step) :: Entropy : 0.000 :: Grads : []
150 :: Rewards -13.377 :: steps: 1.00 :: Time: 0.009(0.00918/step) :: Entropy : 0.000 :: Grads : []
160 :: Rewards -13.790 :: steps: 1.00 :: Time: 0.009(0.00926/step) :: Entropy : 0.000 :: Grads : []
170 :: Rewards -13.897 :: steps: 1.00 :: Time: 0.010(0.01028/step) :: Entropy : 0.000 :: Grads : []
180 :: Rewards -14.083 :: steps: 1.00 :: Time: 0.013(0.01263/step) :: Entropy : 0.000 :: Grads : []
190 :: Rewards -14.291 :: steps: 1.00 :: Time: 0.010(0.01012/step) :: Entropy : 0.000 :: Grads : []
200 :: Rewards -15.155 :: steps: 1.00 :: Time: 0.010(0.01015/step) :: Entropy : 0.000 :: Grads : []
210 :: Rewards -16.544 :: steps: 1.00 :: Time: 0.010(0.00976/step) :: Entropy : 0.000 :: Grads : []
220 :: Rewards -18.388 :: steps: 1.00 :: Time: 0.010(0.00961/step) :: Entropy : 0.000 :: Grads : []
230 :: Rewards -20.319 :: steps: 1.00 :: Time: 0.011(0.01065/step) :: Entropy : 0.000 :: Grads : []
240 :: Rewards -22.623 :: steps: 1.00 :: Time: 0.010(0.01009/step) :: Entropy : 0.000 :: Grads : []
250 :: Rewards -25.665 :: steps: 1.00 :: Time: 0.010(0.00989/step) :: Entropy : 0.000 :: Grads : []
260 :: Rewards -29.122 :: steps: 1.00 :: Time: 0.010(0.01009/step) :: Entropy : 0.000 :: Grads : []
270 :: Rewards -30.940 :: steps: 1.00 :: Time: 0.010(0.01045/step) :: Entropy : 0.000 :: Grads : []
280 :: Rewards -32.088 :: steps: 1.00 :: Time: 0.011(0.01055/step) :: Entropy : 0.000 :: Grads : []
290 :: Rewards -34.793 :: steps: 1.00 :: Time: 0.010(0.01035/step) :: Entropy : 0.000 :: Grads : []
300 :: Rewards -38.456 :: steps: 1.00 :: Time: 0.011(0.01065/step) :: Entropy : 0.000 :: Grads : []
310 :: Rewards -42.444 :: steps: 1.00 :: Time: 0.012(0.01175/step) :: Entropy : 0.000 :: Grads : []
320 :: Rewards -45.604 :: steps: 1.00 :: Time: 0.012(0.01166/step) :: Entropy : 0.000 :: Grads : []
330 :: Rewards -48.735 :: steps: 1.00 :: Time: 0.012(0.01171/step) :: Entropy : 0.000 :: Grads : []
340 :: Rewards -50.911 :: steps: 1.00 :: Time: 0.012(0.01177/step) :: Entropy : 0.000 :: Grads : []
350 :: Rewards -53.698 :: steps: 1.00 :: Time: 0.012(0.01190/step) :: Entropy : 0.000 :: Grads : []
360 :: Rewards -56.433 :: steps: 1.00 :: Time: 0.012(0.01168/step) :: Entropy : 0.000 :: Grads : []
370 :: Rewards -59.030 :: steps: 1.00 :: Time: 0.012(0.01220/step) :: Entropy : 0.000 :: Grads : []
380 :: Rewards -62.104 :: steps: 1.00 :: Time: 0.012(0.01181/step) :: Entropy : 0.000 :: Grads : []
390 :: Rewards -65.179 :: steps: 1.00 :: Time: 0.012(0.01182/step) :: Entropy : 0.000 :: Grads : []
400 :: Rewards -68.064 :: steps: 1.00 :: Time: 0.012(0.01193/step) :: Entropy : 0.000 :: Grads : []
410 :: Rewards -70.960 :: steps: 1.00 :: Time: 0.013(0.01272/step) :: Entropy : 0.000 :: Grads : []
420 :: Rewards -73.666 :: steps: 1.00 :: Time: 0.013(0.01258/step) :: Entropy : 0.000 :: Grads : []
430 :: Rewards -76.656 :: steps: 1.00 :: Time: 0.013(0.01257/step) :: Entropy : 0.000 :: Grads : []
440 :: Rewards -79.761 :: steps: 1.00 :: Time: 0.013(0.01257/step) :: Entropy : 0.000 :: Grads : []
450 :: Rewards -82.833 :: steps: 1.00 :: Time: 0.013(0.01264/step) :: Entropy : 0.000 :: Grads : []
460 :: Rewards -85.565 :: steps: 1.00 :: Time: 0.013(0.01304/step) :: Entropy : 0.000 :: Grads : []
470 :: Rewards -89.967 :: steps: 1.00 :: Time: 0.013(0.01276/step) :: Entropy : 0.000 :: Grads : []
480 :: Rewards -94.375 :: steps: 1.00 :: Time: 0.013(0.01289/step) :: Entropy : 0.000 :: Grads : []
490 :: Rewards -99.193 :: steps: 1.00 :: Time: 0.014(0.01428/step) :: Entropy : 0.000 :: Grads : []
500 :: Rewards -102.679 :: steps: 1.00 :: Time: 0.015(0.01482/step) :: Entropy : 0.000 :: Grads : []
510 :: Rewards -108.357 :: steps: 1.00 :: Time: 0.021(0.02119/step) :: Entropy : 0.000 :: Grads : []
520 :: Rewards -113.656 :: steps: 1.00 :: Time: 0.016(0.01556/step) :: Entropy : 0.000 :: Grads : []
530 :: Rewards -119.733 :: steps: 1.00 :: Time: 0.013(0.01345/step) :: Entropy : 0.000 :: Grads : []
540 :: Rewards -124.753 :: steps: 1.00 :: Time: 0.014(0.01363/step) :: Entropy : 0.000 :: Grads : []
550 :: Rewards -129.437 :: steps: 1.00 :: Time: 0.014(0.01372/step) :: Entropy : 0.000 :: Grads : []
560 :: Rewards -132.601 :: steps: 1.00 :: Time: 0.018(0.01847/step) :: Entropy : 0.000 :: Grads : []
570 :: Rewards -136.257 :: steps: 1.00 :: Time: 0.014(0.01378/step) :: Entropy : 0.000 :: Grads : []
580 :: Rewards -138.213 :: steps: 1.00 :: Time: 0.014(0.01377/step) :: Entropy : 0.000 :: Grads : []
590 :: Rewards -142.015 :: steps: 1.00 :: Time: 0.014(0.01402/step) :: Entropy : 0.000 :: Grads : []
600 :: Rewards -145.570 :: steps: 1.00 :: Time: 0.024(0.02352/step) :: Entropy : 0.000 :: Grads : []
610 :: Rewards -147.008 :: steps: 1.00 :: Time: 0.019(0.01897/step) :: Entropy : 0.000 :: Grads : []
620 :: Rewards -150.090 :: steps: 1.00 :: Time: 0.042(0.04171/step) :: Entropy : 0.000 :: Grads : []
630 :: Rewards -150.238 :: steps: 1.00 :: Time: 0.025(0.02525/step) :: Entropy : 0.000 :: Grads : []
640 :: Rewards -150.959 :: steps: 1.00 :: Time: 0.019(0.01865/step) :: Entropy : 0.000 :: Grads : []
650 :: Rewards -152.360 :: steps: 1.00 :: Time: 0.028(0.02811/step) :: Entropy : 0.000 :: Grads : []
660 :: Rewards -154.595 :: steps: 1.00 :: Time: 0.020(0.01958/step) :: Entropy : 0.000 :: Grads : []
670 :: Rewards -157.869 :: steps: 1.00 :: Time: 0.014(0.01447/step) :: Entropy : 0.000 :: Grads : []
680 :: Rewards -161.701 :: steps: 1.00 :: Time: 0.015(0.01541/step) :: Entropy : 0.000 :: Grads : []
690 :: Rewards -166.320 :: steps: 1.00 :: Time: 0.016(0.01629/step) :: Entropy : 0.000 :: Grads : []
700 :: Rewards -170.831 :: steps: 1.00 :: Time: 0.015(0.01484/step) :: Entropy : 0.000 :: Grads : []
710 :: Rewards -176.262 :: steps: 1.00 :: Time: 0.015(0.01477/step) :: Entropy : 0.000 :: Grads : []
720 :: Rewards -182.811 :: steps: 1.00 :: Time: 0.015(0.01500/step) :: Entropy : 0.000 :: Grads : []
730 :: Rewards -186.626 :: steps: 1.00 :: Time: 0.015(0.01476/step) :: Entropy : 0.000 :: Grads : []
740 :: Rewards -191.135 :: steps: 1.00 :: Time: 0.015(0.01453/step) :: Entropy : 0.000 :: Grads : []
750 :: Rewards -197.501 :: steps: 1.00 :: Time: 0.015(0.01463/step) :: Entropy : 0.000 :: Grads : []
760 :: Rewards -201.853 :: steps: 1.00 :: Time: 0.015(0.01529/step) :: Entropy : 0.000 :: Grads : []
770 :: Rewards -205.541 :: steps: 1.00 :: Time: 0.015(0.01528/step) :: Entropy : 0.000 :: Grads : []
780 :: Rewards -208.404 :: steps: 1.00 :: Time: 0.015(0.01525/step) :: Entropy : 0.000 :: Grads : []
790 :: Rewards -212.740 :: steps: 1.00 :: Time: 0.015(0.01514/step) :: Entropy : 0.000 :: Grads : []
800 :: Rewards -215.553 :: steps: 1.00 :: Time: 0.015(0.01546/step) :: Entropy : 0.000 :: Grads : []
810 :: Rewards -217.787 :: steps: 1.00 :: Time: 0.015(0.01518/step) :: Entropy : 0.000 :: Grads : []
820 :: Rewards -219.373 :: steps: 1.00 :: Time: 0.015(0.01540/step) :: Entropy : 0.000 :: Grads : []
830 :: Rewards -219.755 :: steps: 1.00 :: Time: 0.016(0.01573/step) :: Entropy : 0.000 :: Grads : []
840 :: Rewards -219.849 :: steps: 1.00 :: Time: 0.023(0.02280/step) :: Entropy : 0.000 :: Grads : []
850 :: Rewards -220.943 :: steps: 1.00 :: Time: 0.019(0.01853/step) :: Entropy : 0.000 :: Grads : []
860 :: Rewards -221.815 :: steps: 1.00 :: Time: 0.027(0.02740/step) :: Entropy : 0.000 :: Grads : []
870 :: Rewards -223.110 :: steps: 1.00 :: Time: 0.034(0.03408/step) :: Entropy : 0.000 :: Grads : []
880 :: Rewards -224.943 :: steps: 1.00 :: Time: 0.024(0.02442/step) :: Entropy : 0.000 :: Grads : []
890 :: Rewards -226.653 :: steps: 1.00 :: Time: 0.020(0.01987/step) :: Entropy : 0.000 :: Grads : []
900 :: Rewards -229.475 :: steps: 1.00 :: Time: 0.020(0.02030/step) :: Entropy : 0.000 :: Grads : []
910 :: Rewards -233.092 :: steps: 1.00 :: Time: 0.024(0.02443/step) :: Entropy : 0.000 :: Grads : []
920 :: Rewards -238.387 :: steps: 1.00 :: Time: 0.020(0.01966/step) :: Entropy : 0.000 :: Grads : []
930 :: Rewards -243.980 :: steps: 1.00 :: Time: 0.018(0.01789/step) :: Entropy : 0.000 :: Grads : []
940 :: Rewards -249.475 :: steps: 1.00 :: Time: 0.030(0.02956/step) :: Entropy : 0.000 :: Grads : []
950 :: Rewards -255.038 :: steps: 1.00 :: Time: 0.028(0.02826/step) :: Entropy : 0.000 :: Grads : []
960 :: Rewards -260.287 :: steps: 1.00 :: Time: 0.018(0.01841/step) :: Entropy : 0.000 :: Grads : []
970 :: Rewards -265.020 :: steps: 1.00 :: Time: 0.025(0.02456/step) :: Entropy : 0.000 :: Grads : []
980 :: Rewards -273.682 :: steps: 1.00 :: Time: 0.023(0.02340/step) :: Entropy : 0.000 :: Grads : []
990 :: Rewards -279.751 :: steps: 1.00 :: Time: 0.022(0.02153/step) :: Entropy : 0.000 :: Grads : []
999 :: Rewards -286.513 :: steps: 0.90 :: Time: 0.026(0.02870/step) :: Entropy : 0.000 :: Grads : []
Total time taken: 15.25285291671753
