Module path:  Environments.NS_Reco NS_Reco
Dynamically loaded from:  <class 'Environments.NS_Reco.NS_Reco'>
Reward Amplitudes: [4.17022005e-01 7.20324493e-01 1.14374817e-04 3.02332573e-01
 1.46755891e-01] :: Avg 0.317309867282206 
Module path:  Src.Algorithms.ProOLS ProOLS
Dynamically loaded from:  <class 'Src.Algorithms.ProOLS.ProOLS'>
=====Configurations=====
 Namespace(NN_basis_dim='32', Policy_basis_dim='32', actor_lr=0.0013967975033711264, algo_name='ProOLS', base=0, batch_size=1000, buffer_size=1000, debug=False, delta=1, entropy_lambda=0.009309067356364342, env_name='NS_Reco', experiment='NS_0r_', extrapolator_basis='Fourier', folder_suffix='Default', fourier_coupled=True, fourier_k=5, fourier_order=3, gamma=0.99, gauss_std=1.5, gpu=0, hyper='default', importance_clip=15.0, inc=1, log_output='term_file', max_episodes=1000, max_inner=30, max_steps=500, optim='rmsprop', oracle=-1, raw_basis=True, restore=False, save_count=100, save_model=True, seed=18, speed=0, state_lr=0.001, summary=True, swarm=False, timestamp='5|25|11:44:40')
Actions space: 5 :: State space: 1
State Low: tensor([0.]) :: State High: tensor([1.])
State features:  [('dummy_param', torch.Size([1]))]
Policy:  [('fc1.weight', torch.Size([5, 1])), ('fc1.bias', torch.Size([5]))]
0 :: Rewards -0.420 :: steps: 0.10 :: Time: 0.000(0.00060/step) :: Entropy : 0.000 :: Grads : []
10 :: Rewards -4.265 :: steps: 1.00 :: Time: 0.008(0.00845/step) :: Entropy : 0.000 :: Grads : []
20 :: Rewards -8.576 :: steps: 1.00 :: Time: 0.013(0.01327/step) :: Entropy : 0.000 :: Grads : []
30 :: Rewards -11.786 :: steps: 1.00 :: Time: 0.013(0.01309/step) :: Entropy : 0.000 :: Grads : []
40 :: Rewards -15.825 :: steps: 1.00 :: Time: 0.013(0.01270/step) :: Entropy : 0.000 :: Grads : []
50 :: Rewards -19.863 :: steps: 1.00 :: Time: 0.013(0.01292/step) :: Entropy : 0.000 :: Grads : []
60 :: Rewards -22.418 :: steps: 1.00 :: Time: 0.013(0.01296/step) :: Entropy : 0.000 :: Grads : []
70 :: Rewards -25.765 :: steps: 1.00 :: Time: 0.013(0.01290/step) :: Entropy : 0.000 :: Grads : []
80 :: Rewards -29.169 :: steps: 1.00 :: Time: 0.013(0.01300/step) :: Entropy : 0.000 :: Grads : []
90 :: Rewards -32.221 :: steps: 1.00 :: Time: 0.013(0.01311/step) :: Entropy : 0.000 :: Grads : []
100 :: Rewards -35.209 :: steps: 1.00 :: Time: 0.013(0.01323/step) :: Entropy : 0.000 :: Grads : []
110 :: Rewards -38.436 :: steps: 1.00 :: Time: 0.013(0.01331/step) :: Entropy : 0.000 :: Grads : []
120 :: Rewards -41.069 :: steps: 1.00 :: Time: 0.013(0.01340/step) :: Entropy : 0.000 :: Grads : []
130 :: Rewards -43.106 :: steps: 1.00 :: Time: 0.013(0.01346/step) :: Entropy : 0.000 :: Grads : []
140 :: Rewards -46.265 :: steps: 1.00 :: Time: 0.014(0.01362/step) :: Entropy : 0.000 :: Grads : []
150 :: Rewards -48.973 :: steps: 1.00 :: Time: 0.014(0.01370/step) :: Entropy : 0.000 :: Grads : []
160 :: Rewards -52.108 :: steps: 1.00 :: Time: 0.014(0.01379/step) :: Entropy : 0.000 :: Grads : []
170 :: Rewards -54.529 :: steps: 1.00 :: Time: 0.014(0.01391/step) :: Entropy : 0.000 :: Grads : []
180 :: Rewards -57.237 :: steps: 1.00 :: Time: 0.014(0.01400/step) :: Entropy : 0.000 :: Grads : []
190 :: Rewards -59.504 :: steps: 1.00 :: Time: 0.014(0.01409/step) :: Entropy : 0.000 :: Grads : []
200 :: Rewards -60.716 :: steps: 1.00 :: Time: 0.014(0.01424/step) :: Entropy : 0.000 :: Grads : []
210 :: Rewards -62.223 :: steps: 1.00 :: Time: 0.014(0.01431/step) :: Entropy : 0.000 :: Grads : []
220 :: Rewards -62.536 :: steps: 1.00 :: Time: 0.014(0.01443/step) :: Entropy : 0.000 :: Grads : []
230 :: Rewards -64.073 :: steps: 1.00 :: Time: 0.015(0.01452/step) :: Entropy : 0.000 :: Grads : []
240 :: Rewards -64.985 :: steps: 1.00 :: Time: 0.015(0.01488/step) :: Entropy : 0.000 :: Grads : []
250 :: Rewards -65.890 :: steps: 1.00 :: Time: 0.015(0.01485/step) :: Entropy : 0.000 :: Grads : []
260 :: Rewards -67.088 :: steps: 1.00 :: Time: 0.015(0.01508/step) :: Entropy : 0.000 :: Grads : []
270 :: Rewards -67.999 :: steps: 1.00 :: Time: 0.015(0.01529/step) :: Entropy : 0.000 :: Grads : []
280 :: Rewards -67.999 :: steps: 1.00 :: Time: 0.015(0.01546/step) :: Entropy : 0.000 :: Grads : []
290 :: Rewards -68.620 :: steps: 1.00 :: Time: 0.015(0.01547/step) :: Entropy : 0.000 :: Grads : []
300 :: Rewards -68.620 :: steps: 1.00 :: Time: 0.016(0.01584/step) :: Entropy : 0.000 :: Grads : []
310 :: Rewards -68.620 :: steps: 1.00 :: Time: 0.016(0.01614/step) :: Entropy : 0.000 :: Grads : []
320 :: Rewards -68.620 :: steps: 1.00 :: Time: 0.017(0.01667/step) :: Entropy : 0.000 :: Grads : []
330 :: Rewards -68.620 :: steps: 1.00 :: Time: 0.020(0.02040/step) :: Entropy : 0.000 :: Grads : []
340 :: Rewards -68.620 :: steps: 1.00 :: Time: 0.022(0.02191/step) :: Entropy : 0.000 :: Grads : []
350 :: Rewards -68.620 :: steps: 1.00 :: Time: 0.017(0.01734/step) :: Entropy : 0.000 :: Grads : []
360 :: Rewards -68.620 :: steps: 1.00 :: Time: 0.017(0.01749/step) :: Entropy : 0.000 :: Grads : []
370 :: Rewards -68.620 :: steps: 1.00 :: Time: 0.018(0.01758/step) :: Entropy : 0.000 :: Grads : []
380 :: Rewards -68.620 :: steps: 1.00 :: Time: 0.018(0.01782/step) :: Entropy : 0.000 :: Grads : []
390 :: Rewards -68.620 :: steps: 1.00 :: Time: 0.018(0.01794/step) :: Entropy : 0.000 :: Grads : []
400 :: Rewards -68.620 :: steps: 1.00 :: Time: 0.018(0.01811/step) :: Entropy : 0.000 :: Grads : []
410 :: Rewards -68.620 :: steps: 1.00 :: Time: 0.018(0.01836/step) :: Entropy : 0.000 :: Grads : []
420 :: Rewards -68.620 :: steps: 1.00 :: Time: 0.019(0.01883/step) :: Entropy : 0.000 :: Grads : []
430 :: Rewards -68.620 :: steps: 1.00 :: Time: 0.019(0.01886/step) :: Entropy : 0.000 :: Grads : []
440 :: Rewards -68.620 :: steps: 1.00 :: Time: 0.019(0.01904/step) :: Entropy : 0.000 :: Grads : []
450 :: Rewards -68.620 :: steps: 1.00 :: Time: 0.019(0.01916/step) :: Entropy : 0.000 :: Grads : []
460 :: Rewards -68.620 :: steps: 1.00 :: Time: 0.019(0.01911/step) :: Entropy : 0.000 :: Grads : []
470 :: Rewards -68.620 :: steps: 1.00 :: Time: 0.019(0.01941/step) :: Entropy : 0.000 :: Grads : []
480 :: Rewards -68.620 :: steps: 1.00 :: Time: 0.019(0.01941/step) :: Entropy : 0.000 :: Grads : []
490 :: Rewards -68.620 :: steps: 1.00 :: Time: 0.020(0.01953/step) :: Entropy : 0.000 :: Grads : []
500 :: Rewards -68.620 :: steps: 1.00 :: Time: 0.020(0.01966/step) :: Entropy : 0.000 :: Grads : []
510 :: Rewards -68.620 :: steps: 1.00 :: Time: 0.020(0.01968/step) :: Entropy : 0.000 :: Grads : []
520 :: Rewards -68.620 :: steps: 1.00 :: Time: 0.020(0.02001/step) :: Entropy : 0.000 :: Grads : []
530 :: Rewards -68.620 :: steps: 1.00 :: Time: 0.020(0.02007/step) :: Entropy : 0.000 :: Grads : []
540 :: Rewards -68.620 :: steps: 1.00 :: Time: 0.020(0.02014/step) :: Entropy : 0.000 :: Grads : []
550 :: Rewards -68.620 :: steps: 1.00 :: Time: 0.020(0.02049/step) :: Entropy : 0.000 :: Grads : []
560 :: Rewards -68.620 :: steps: 1.00 :: Time: 0.020(0.02040/step) :: Entropy : 0.000 :: Grads : []
570 :: Rewards -68.620 :: steps: 1.00 :: Time: 0.021(0.02051/step) :: Entropy : 0.000 :: Grads : []
580 :: Rewards -68.620 :: steps: 1.00 :: Time: 0.021(0.02062/step) :: Entropy : 0.000 :: Grads : []
590 :: Rewards -68.620 :: steps: 1.00 :: Time: 0.021(0.02076/step) :: Entropy : 0.000 :: Grads : []
600 :: Rewards -68.620 :: steps: 1.00 :: Time: 0.021(0.02075/step) :: Entropy : 0.000 :: Grads : []
610 :: Rewards -68.620 :: steps: 1.00 :: Time: 0.021(0.02083/step) :: Entropy : 0.000 :: Grads : []
620 :: Rewards -68.620 :: steps: 1.00 :: Time: 0.021(0.02094/step) :: Entropy : 0.000 :: Grads : []
630 :: Rewards -68.620 :: steps: 1.00 :: Time: 0.021(0.02109/step) :: Entropy : 0.000 :: Grads : []
640 :: Rewards -68.620 :: steps: 1.00 :: Time: 0.021(0.02114/step) :: Entropy : 0.000 :: Grads : []
650 :: Rewards -68.620 :: steps: 1.00 :: Time: 0.021(0.02131/step) :: Entropy : 0.000 :: Grads : []
660 :: Rewards -68.620 :: steps: 1.00 :: Time: 0.021(0.02136/step) :: Entropy : 0.000 :: Grads : []
670 :: Rewards -68.620 :: steps: 1.00 :: Time: 0.021(0.02140/step) :: Entropy : 0.000 :: Grads : []
680 :: Rewards -68.620 :: steps: 1.00 :: Time: 0.022(0.02150/step) :: Entropy : 0.000 :: Grads : []
690 :: Rewards -68.620 :: steps: 1.00 :: Time: 0.022(0.02154/step) :: Entropy : 0.000 :: Grads : []
700 :: Rewards -68.620 :: steps: 1.00 :: Time: 0.022(0.02172/step) :: Entropy : 0.000 :: Grads : []
710 :: Rewards -68.620 :: steps: 1.00 :: Time: 0.022(0.02181/step) :: Entropy : 0.000 :: Grads : []
720 :: Rewards -68.620 :: steps: 1.00 :: Time: 0.022(0.02172/step) :: Entropy : 0.000 :: Grads : []
730 :: Rewards -68.620 :: steps: 1.00 :: Time: 0.022(0.02187/step) :: Entropy : 0.000 :: Grads : []
740 :: Rewards -68.620 :: steps: 1.00 :: Time: 0.022(0.02184/step) :: Entropy : 0.000 :: Grads : []
750 :: Rewards -68.620 :: steps: 1.00 :: Time: 0.022(0.02197/step) :: Entropy : 0.000 :: Grads : []
760 :: Rewards -68.620 :: steps: 1.00 :: Time: 0.022(0.02203/step) :: Entropy : 0.000 :: Grads : []
770 :: Rewards -68.620 :: steps: 1.00 :: Time: 0.022(0.02225/step) :: Entropy : 0.000 :: Grads : []
780 :: Rewards -68.620 :: steps: 1.00 :: Time: 0.022(0.02243/step) :: Entropy : 0.000 :: Grads : []
790 :: Rewards -68.620 :: steps: 1.00 :: Time: 0.023(0.02253/step) :: Entropy : 0.000 :: Grads : []
800 :: Rewards -68.620 :: steps: 1.00 :: Time: 0.023(0.02260/step) :: Entropy : 0.000 :: Grads : []
810 :: Rewards -68.620 :: steps: 1.00 :: Time: 0.023(0.02291/step) :: Entropy : 0.000 :: Grads : []
820 :: Rewards -68.620 :: steps: 1.00 :: Time: 0.023(0.02306/step) :: Entropy : 0.000 :: Grads : []
830 :: Rewards -68.620 :: steps: 1.00 :: Time: 0.023(0.02313/step) :: Entropy : 0.000 :: Grads : []
840 :: Rewards -68.620 :: steps: 1.00 :: Time: 0.023(0.02295/step) :: Entropy : 0.000 :: Grads : []
850 :: Rewards -68.620 :: steps: 1.00 :: Time: 0.023(0.02333/step) :: Entropy : 0.000 :: Grads : []
860 :: Rewards -68.620 :: steps: 1.00 :: Time: 0.023(0.02330/step) :: Entropy : 0.000 :: Grads : []
870 :: Rewards -68.620 :: steps: 1.00 :: Time: 0.024(0.02352/step) :: Entropy : 0.000 :: Grads : []
880 :: Rewards -68.620 :: steps: 1.00 :: Time: 0.023(0.02348/step) :: Entropy : 0.000 :: Grads : []
890 :: Rewards -68.620 :: steps: 1.00 :: Time: 0.024(0.02363/step) :: Entropy : 0.000 :: Grads : []
900 :: Rewards -68.620 :: steps: 1.00 :: Time: 0.024(0.02374/step) :: Entropy : 0.000 :: Grads : []
910 :: Rewards -68.620 :: steps: 1.00 :: Time: 0.024(0.02384/step) :: Entropy : 0.000 :: Grads : []
920 :: Rewards -68.620 :: steps: 1.00 :: Time: 0.024(0.02401/step) :: Entropy : 0.000 :: Grads : []
930 :: Rewards -68.620 :: steps: 1.00 :: Time: 0.024(0.02420/step) :: Entropy : 0.000 :: Grads : []
940 :: Rewards -68.620 :: steps: 1.00 :: Time: 0.024(0.02419/step) :: Entropy : 0.000 :: Grads : []
950 :: Rewards -68.620 :: steps: 1.00 :: Time: 0.024(0.02444/step) :: Entropy : 0.000 :: Grads : []
960 :: Rewards -68.620 :: steps: 1.00 :: Time: 0.024(0.02442/step) :: Entropy : 0.000 :: Grads : []
970 :: Rewards -68.620 :: steps: 1.00 :: Time: 0.024(0.02444/step) :: Entropy : 0.000 :: Grads : []
980 :: Rewards -68.620 :: steps: 1.00 :: Time: 0.024(0.02445/step) :: Entropy : 0.000 :: Grads : []
990 :: Rewards -68.620 :: steps: 1.00 :: Time: 0.025(0.02479/step) :: Entropy : 0.000 :: Grads : []
999 :: Rewards -68.620 :: steps: 0.90 :: Time: 0.022(0.02489/step) :: Entropy : 0.000 :: Grads : []
Total time taken: 19.046125650405884
