Module path:  Environments.NS_Reco NS_Reco
Dynamically loaded from:  <class 'Environments.NS_Reco.NS_Reco'>
Reward Amplitudes: [4.17022005e-01 7.20324493e-01 1.14374817e-04 3.02332573e-01
 1.46755891e-01] :: Avg 0.317309867282206 
Module path:  Src.Algorithms.OFPG OFPG
Dynamically loaded from:  <class 'Src.Algorithms.OFPG.OFPG'>
=====Configurations=====
 Namespace(NN_basis_dim='32', Policy_basis_dim='32', actor_lr=0.002251439950474301, algo_name='OFPG', base=0, batch_size=1000, buffer_size=1000, debug=False, delta=1, entropy_lambda=0.11057727559233214, env_name='NS_Reco', experiment='NS_3r_', extrapolator_basis='Fourier', folder_suffix='Default', fourier_coupled=True, fourier_k=7, fourier_order=3, gamma=0.99, gauss_std=1.5, gpu=0, hyper='default', importance_clip=10.0, inc=1, log_output='term_file', max_episodes=1000, max_inner=30, max_steps=500, optim='rmsprop', oracle=-1, raw_basis=True, restore=False, save_count=100, save_model=True, seed=5, speed=3, state_lr=0.001, summary=True, swarm=False, timestamp='5|25|9:35:23')
Actions space: 5 :: State space: 1
State Low: tensor([0.]) :: State High: tensor([1.])
State features:  [('dummy_param', torch.Size([1]))]
Policy:  [('fc1.weight', torch.Size([5, 1])), ('fc1.bias', torch.Size([5]))]
0 :: Rewards -0.003 :: steps: 0.10 :: Time: 0.001(0.01384/step) :: Entropy : 0.000 :: Grads : []
10 :: Rewards -0.239 :: steps: 1.00 :: Time: 0.012(0.01218/step) :: Entropy : 0.000 :: Grads : []
20 :: Rewards -1.031 :: steps: 1.00 :: Time: 0.012(0.01244/step) :: Entropy : 0.000 :: Grads : []
30 :: Rewards -1.998 :: steps: 1.00 :: Time: 0.013(0.01279/step) :: Entropy : 0.000 :: Grads : []
40 :: Rewards -2.673 :: steps: 1.00 :: Time: 0.014(0.01391/step) :: Entropy : 0.000 :: Grads : []
50 :: Rewards -4.092 :: steps: 1.00 :: Time: 0.013(0.01290/step) :: Entropy : 0.000 :: Grads : []
60 :: Rewards -4.589 :: steps: 1.00 :: Time: 0.013(0.01261/step) :: Entropy : 0.000 :: Grads : []
70 :: Rewards -5.150 :: steps: 1.00 :: Time: 0.013(0.01258/step) :: Entropy : 0.000 :: Grads : []
80 :: Rewards -5.492 :: steps: 1.00 :: Time: 0.013(0.01288/step) :: Entropy : 0.000 :: Grads : []
90 :: Rewards -7.695 :: steps: 1.00 :: Time: 0.013(0.01294/step) :: Entropy : 0.000 :: Grads : []
100 :: Rewards -8.510 :: steps: 1.00 :: Time: 0.013(0.01285/step) :: Entropy : 0.000 :: Grads : []
110 :: Rewards -9.887 :: steps: 1.00 :: Time: 0.013(0.01306/step) :: Entropy : 0.000 :: Grads : []
120 :: Rewards -10.660 :: steps: 1.00 :: Time: 0.013(0.01349/step) :: Entropy : 0.000 :: Grads : []
130 :: Rewards -11.885 :: steps: 1.00 :: Time: 0.013(0.01342/step) :: Entropy : 0.000 :: Grads : []
140 :: Rewards -12.233 :: steps: 1.00 :: Time: 0.014(0.01360/step) :: Entropy : 0.000 :: Grads : []
150 :: Rewards -13.107 :: steps: 1.00 :: Time: 0.014(0.01363/step) :: Entropy : 0.000 :: Grads : []
160 :: Rewards -14.730 :: steps: 1.00 :: Time: 0.014(0.01373/step) :: Entropy : 0.000 :: Grads : []
170 :: Rewards -15.858 :: steps: 1.00 :: Time: 0.014(0.01387/step) :: Entropy : 0.000 :: Grads : []
180 :: Rewards -17.954 :: steps: 1.00 :: Time: 0.014(0.01398/step) :: Entropy : 0.000 :: Grads : []
190 :: Rewards -18.331 :: steps: 1.00 :: Time: 0.014(0.01402/step) :: Entropy : 0.000 :: Grads : []
200 :: Rewards -18.874 :: steps: 1.00 :: Time: 0.014(0.01418/step) :: Entropy : 0.000 :: Grads : []
210 :: Rewards -19.339 :: steps: 1.00 :: Time: 0.014(0.01418/step) :: Entropy : 0.000 :: Grads : []
220 :: Rewards -19.339 :: steps: 1.00 :: Time: 0.014(0.01436/step) :: Entropy : 0.000 :: Grads : []
230 :: Rewards -19.561 :: steps: 1.00 :: Time: 0.015(0.01465/step) :: Entropy : 0.000 :: Grads : []
240 :: Rewards -19.561 :: steps: 1.00 :: Time: 0.015(0.01459/step) :: Entropy : 0.000 :: Grads : []
250 :: Rewards -19.791 :: steps: 1.00 :: Time: 0.015(0.01471/step) :: Entropy : 0.000 :: Grads : []
260 :: Rewards -20.586 :: steps: 1.00 :: Time: 0.015(0.01506/step) :: Entropy : 0.000 :: Grads : []
270 :: Rewards -21.866 :: steps: 1.00 :: Time: 0.015(0.01546/step) :: Entropy : 0.000 :: Grads : []
280 :: Rewards -23.537 :: steps: 1.00 :: Time: 0.015(0.01542/step) :: Entropy : 0.000 :: Grads : []
290 :: Rewards -25.553 :: steps: 1.00 :: Time: 0.016(0.01555/step) :: Entropy : 0.000 :: Grads : []
300 :: Rewards -27.987 :: steps: 1.00 :: Time: 0.017(0.01680/step) :: Entropy : 0.000 :: Grads : []
310 :: Rewards -30.392 :: steps: 1.00 :: Time: 0.016(0.01645/step) :: Entropy : 0.000 :: Grads : []
320 :: Rewards -33.535 :: steps: 1.00 :: Time: 0.016(0.01635/step) :: Entropy : 0.000 :: Grads : []
330 :: Rewards -37.013 :: steps: 1.00 :: Time: 0.017(0.01670/step) :: Entropy : 0.000 :: Grads : []
340 :: Rewards -39.517 :: steps: 1.00 :: Time: 0.017(0.01681/step) :: Entropy : 0.000 :: Grads : []
350 :: Rewards -43.126 :: steps: 1.00 :: Time: 0.017(0.01707/step) :: Entropy : 0.000 :: Grads : []
360 :: Rewards -47.124 :: steps: 1.00 :: Time: 0.017(0.01732/step) :: Entropy : 0.000 :: Grads : []
370 :: Rewards -50.425 :: steps: 1.00 :: Time: 0.018(0.01779/step) :: Entropy : 0.000 :: Grads : []
380 :: Rewards -55.097 :: steps: 1.00 :: Time: 0.018(0.01781/step) :: Entropy : 0.000 :: Grads : []
390 :: Rewards -59.058 :: steps: 1.00 :: Time: 0.018(0.01790/step) :: Entropy : 0.000 :: Grads : []
400 :: Rewards -63.939 :: steps: 1.00 :: Time: 0.018(0.01784/step) :: Entropy : 0.000 :: Grads : []
410 :: Rewards -67.066 :: steps: 1.00 :: Time: 0.018(0.01819/step) :: Entropy : 0.000 :: Grads : []
420 :: Rewards -71.179 :: steps: 1.00 :: Time: 0.020(0.01985/step) :: Entropy : 0.000 :: Grads : []
430 :: Rewards -74.929 :: steps: 1.00 :: Time: 0.019(0.01931/step) :: Entropy : 0.000 :: Grads : []
440 :: Rewards -77.854 :: steps: 1.00 :: Time: 0.019(0.01901/step) :: Entropy : 0.000 :: Grads : []
450 :: Rewards -79.678 :: steps: 1.00 :: Time: 0.019(0.01914/step) :: Entropy : 0.000 :: Grads : []
460 :: Rewards -82.504 :: steps: 1.00 :: Time: 0.019(0.01898/step) :: Entropy : 0.000 :: Grads : []
470 :: Rewards -86.219 :: steps: 1.00 :: Time: 0.019(0.01918/step) :: Entropy : 0.000 :: Grads : []
480 :: Rewards -87.519 :: steps: 1.00 :: Time: 0.020(0.01959/step) :: Entropy : 0.000 :: Grads : []
490 :: Rewards -89.730 :: steps: 1.00 :: Time: 0.020(0.01959/step) :: Entropy : 0.000 :: Grads : []
500 :: Rewards -91.660 :: steps: 1.00 :: Time: 0.020(0.01973/step) :: Entropy : 0.000 :: Grads : []
510 :: Rewards -94.557 :: steps: 1.00 :: Time: 0.020(0.01984/step) :: Entropy : 0.000 :: Grads : []
520 :: Rewards -97.353 :: steps: 1.00 :: Time: 0.021(0.02057/step) :: Entropy : 0.000 :: Grads : []
530 :: Rewards -99.978 :: steps: 1.00 :: Time: 0.020(0.02026/step) :: Entropy : 0.000 :: Grads : []
540 :: Rewards -101.833 :: steps: 1.00 :: Time: 0.021(0.02051/step) :: Entropy : 0.000 :: Grads : []
550 :: Rewards -103.474 :: steps: 1.00 :: Time: 0.021(0.02054/step) :: Entropy : 0.000 :: Grads : []
560 :: Rewards -105.068 :: steps: 1.00 :: Time: 0.021(0.02066/step) :: Entropy : 0.000 :: Grads : []
570 :: Rewards -106.740 :: steps: 1.00 :: Time: 0.021(0.02075/step) :: Entropy : 0.000 :: Grads : []
580 :: Rewards -107.774 :: steps: 1.00 :: Time: 0.021(0.02106/step) :: Entropy : 0.000 :: Grads : []
590 :: Rewards -108.529 :: steps: 1.00 :: Time: 0.021(0.02090/step) :: Entropy : 0.000 :: Grads : []
600 :: Rewards -109.510 :: steps: 1.00 :: Time: 0.021(0.02098/step) :: Entropy : 0.000 :: Grads : []
610 :: Rewards -112.178 :: steps: 1.00 :: Time: 0.021(0.02149/step) :: Entropy : 0.000 :: Grads : []
620 :: Rewards -115.772 :: steps: 1.00 :: Time: 0.021(0.02138/step) :: Entropy : 0.000 :: Grads : []
630 :: Rewards -119.798 :: steps: 1.00 :: Time: 0.021(0.02110/step) :: Entropy : 0.000 :: Grads : []
640 :: Rewards -124.283 :: steps: 1.00 :: Time: 0.021(0.02128/step) :: Entropy : 0.000 :: Grads : []
650 :: Rewards -128.353 :: steps: 1.00 :: Time: 0.022(0.02150/step) :: Entropy : 0.000 :: Grads : []
660 :: Rewards -132.171 :: steps: 1.00 :: Time: 0.022(0.02160/step) :: Entropy : 0.000 :: Grads : []
670 :: Rewards -138.665 :: steps: 1.00 :: Time: 0.022(0.02161/step) :: Entropy : 0.000 :: Grads : []
680 :: Rewards -142.242 :: steps: 1.00 :: Time: 0.019(0.01914/step) :: Entropy : 0.000 :: Grads : []
690 :: Rewards -147.688 :: steps: 1.00 :: Time: 0.018(0.01806/step) :: Entropy : 0.000 :: Grads : []
700 :: Rewards -153.357 :: steps: 1.00 :: Time: 0.018(0.01827/step) :: Entropy : 0.000 :: Grads : []
710 :: Rewards -159.219 :: steps: 1.00 :: Time: 0.022(0.02151/step) :: Entropy : 0.000 :: Grads : []
720 :: Rewards -165.806 :: steps: 1.00 :: Time: 0.018(0.01848/step) :: Entropy : 0.000 :: Grads : []
730 :: Rewards -173.269 :: steps: 1.00 :: Time: 0.018(0.01794/step) :: Entropy : 0.000 :: Grads : []
740 :: Rewards -179.601 :: steps: 1.00 :: Time: 0.019(0.01887/step) :: Entropy : 0.000 :: Grads : []
750 :: Rewards -185.000 :: steps: 1.00 :: Time: 0.018(0.01834/step) :: Entropy : 0.000 :: Grads : []
760 :: Rewards -190.843 :: steps: 1.00 :: Time: 0.019(0.01882/step) :: Entropy : 0.000 :: Grads : []
770 :: Rewards -194.366 :: steps: 1.00 :: Time: 0.019(0.01934/step) :: Entropy : 0.000 :: Grads : []
780 :: Rewards -199.106 :: steps: 1.00 :: Time: 0.020(0.01989/step) :: Entropy : 0.000 :: Grads : []
790 :: Rewards -203.022 :: steps: 1.00 :: Time: 0.020(0.02039/step) :: Entropy : 0.000 :: Grads : []
800 :: Rewards -205.430 :: steps: 1.00 :: Time: 0.020(0.02000/step) :: Entropy : 0.000 :: Grads : []
810 :: Rewards -209.119 :: steps: 1.00 :: Time: 0.021(0.02080/step) :: Entropy : 0.000 :: Grads : []
820 :: Rewards -210.441 :: steps: 1.00 :: Time: 0.021(0.02059/step) :: Entropy : 0.000 :: Grads : []
830 :: Rewards -211.316 :: steps: 1.00 :: Time: 0.021(0.02089/step) :: Entropy : 0.000 :: Grads : []
840 :: Rewards -213.320 :: steps: 1.00 :: Time: 0.021(0.02096/step) :: Entropy : 0.000 :: Grads : []
850 :: Rewards -214.237 :: steps: 1.00 :: Time: 0.021(0.02104/step) :: Entropy : 0.000 :: Grads : []
860 :: Rewards -216.179 :: steps: 1.00 :: Time: 0.021(0.02106/step) :: Entropy : 0.000 :: Grads : []
870 :: Rewards -218.294 :: steps: 1.00 :: Time: 0.020(0.02010/step) :: Entropy : 0.000 :: Grads : []
880 :: Rewards -221.226 :: steps: 1.00 :: Time: 0.021(0.02066/step) :: Entropy : 0.000 :: Grads : []
890 :: Rewards -224.441 :: steps: 1.00 :: Time: 0.021(0.02078/step) :: Entropy : 0.000 :: Grads : []
900 :: Rewards -228.097 :: steps: 1.00 :: Time: 0.021(0.02095/step) :: Entropy : 0.000 :: Grads : []
910 :: Rewards -232.844 :: steps: 1.00 :: Time: 0.021(0.02136/step) :: Entropy : 0.000 :: Grads : []
920 :: Rewards -237.297 :: steps: 1.00 :: Time: 0.021(0.02136/step) :: Entropy : 0.000 :: Grads : []
930 :: Rewards -241.622 :: steps: 1.00 :: Time: 0.022(0.02160/step) :: Entropy : 0.000 :: Grads : []
940 :: Rewards -246.243 :: steps: 1.00 :: Time: 0.022(0.02180/step) :: Entropy : 0.000 :: Grads : []
950 :: Rewards -250.169 :: steps: 1.00 :: Time: 0.022(0.02181/step) :: Entropy : 0.000 :: Grads : []
960 :: Rewards -254.582 :: steps: 1.00 :: Time: 0.022(0.02208/step) :: Entropy : 0.000 :: Grads : []
970 :: Rewards -260.049 :: steps: 1.00 :: Time: 0.022(0.02226/step) :: Entropy : 0.000 :: Grads : []
980 :: Rewards -266.985 :: steps: 1.00 :: Time: 0.022(0.02236/step) :: Entropy : 0.000 :: Grads : []
990 :: Rewards -270.668 :: steps: 1.00 :: Time: 0.022(0.02236/step) :: Entropy : 0.000 :: Grads : []
999 :: Rewards -274.872 :: steps: 0.90 :: Time: 0.020(0.02246/step) :: Entropy : 0.000 :: Grads : []
Total time taken: 18.19239592552185
