Module path:  Environments.NS_Reco NS_Reco
Dynamically loaded from:  <class 'Environments.NS_Reco.NS_Reco'>
Reward Amplitudes: [4.17022005e-01 7.20324493e-01 1.14374817e-04 3.02332573e-01
 1.46755891e-01] :: Avg 0.317309867282206 
Module path:  Src.Algorithms.ProOLS ProOLS
Dynamically loaded from:  <class 'Src.Algorithms.ProOLS.ProOLS'>
=====Configurations=====
 Namespace(NN_basis_dim='32', Policy_basis_dim='32', actor_lr=0.006330904637554062, algo_name='ProOLS', base=0, batch_size=1000, buffer_size=1000, debug=False, delta=1, entropy_lambda=0.05062512794041892, env_name='NS_Reco', experiment='NS_4r_', extrapolator_basis='Fourier', folder_suffix='Default', fourier_coupled=True, fourier_k=5, fourier_order=3, gamma=0.99, gauss_std=1.5, gpu=0, hyper='default', importance_clip=5.0, inc=1, log_output='term_file', max_episodes=1000, max_inner=20, max_steps=500, optim='rmsprop', oracle=-1, raw_basis=True, restore=False, save_count=100, save_model=True, seed=3, speed=4, state_lr=0.001, summary=True, swarm=False, timestamp='5|25|9:53:5')
Actions space: 5 :: State space: 1
State Low: tensor([0.]) :: State High: tensor([1.])
State features:  [('dummy_param', torch.Size([1]))]
Policy:  [('fc1.weight', torch.Size([5, 1])), ('fc1.bias', torch.Size([5]))]
0 :: Rewards -0.007 :: steps: 0.10 :: Time: 0.000(0.00064/step) :: Entropy : 0.000 :: Grads : []
10 :: Rewards -0.329 :: steps: 1.00 :: Time: 0.006(0.00612/step) :: Entropy : 0.000 :: Grads : []
20 :: Rewards -1.452 :: steps: 1.00 :: Time: 0.010(0.00989/step) :: Entropy : 0.000 :: Grads : []
30 :: Rewards -3.183 :: steps: 1.00 :: Time: 0.010(0.00973/step) :: Entropy : 0.000 :: Grads : []
40 :: Rewards -5.186 :: steps: 1.00 :: Time: 0.009(0.00938/step) :: Entropy : 0.000 :: Grads : []
50 :: Rewards -6.325 :: steps: 1.00 :: Time: 0.009(0.00945/step) :: Entropy : 0.000 :: Grads : []
60 :: Rewards -7.783 :: steps: 1.00 :: Time: 0.010(0.00954/step) :: Entropy : 0.000 :: Grads : []
70 :: Rewards -10.582 :: steps: 1.00 :: Time: 0.010(0.01013/step) :: Entropy : 0.000 :: Grads : []
80 :: Rewards -13.868 :: steps: 1.00 :: Time: 0.010(0.00961/step) :: Entropy : 0.000 :: Grads : []
90 :: Rewards -16.622 :: steps: 1.00 :: Time: 0.010(0.00972/step) :: Entropy : 0.000 :: Grads : []
100 :: Rewards -17.651 :: steps: 1.00 :: Time: 0.010(0.00986/step) :: Entropy : 0.000 :: Grads : []
110 :: Rewards -17.651 :: steps: 1.00 :: Time: 0.010(0.00997/step) :: Entropy : 0.000 :: Grads : []
120 :: Rewards -17.651 :: steps: 1.00 :: Time: 0.010(0.01034/step) :: Entropy : 0.000 :: Grads : []
130 :: Rewards -17.651 :: steps: 1.00 :: Time: 0.010(0.01013/step) :: Entropy : 0.000 :: Grads : []
140 :: Rewards -17.651 :: steps: 1.00 :: Time: 0.010(0.01023/step) :: Entropy : 0.000 :: Grads : []
150 :: Rewards -17.651 :: steps: 1.00 :: Time: 0.010(0.01023/step) :: Entropy : 0.000 :: Grads : []
160 :: Rewards -17.651 :: steps: 1.00 :: Time: 0.010(0.01036/step) :: Entropy : 0.000 :: Grads : []
170 :: Rewards -17.651 :: steps: 1.00 :: Time: 0.010(0.01049/step) :: Entropy : 0.000 :: Grads : []
180 :: Rewards -17.657 :: steps: 1.00 :: Time: 0.011(0.01058/step) :: Entropy : 0.000 :: Grads : []
190 :: Rewards -18.058 :: steps: 1.00 :: Time: 0.011(0.01096/step) :: Entropy : 0.000 :: Grads : []
200 :: Rewards -19.050 :: steps: 1.00 :: Time: 0.011(0.01073/step) :: Entropy : 0.000 :: Grads : []
210 :: Rewards -20.089 :: steps: 1.00 :: Time: 0.011(0.01065/step) :: Entropy : 0.000 :: Grads : []
220 :: Rewards -21.089 :: steps: 1.00 :: Time: 0.011(0.01077/step) :: Entropy : 0.000 :: Grads : []
230 :: Rewards -21.089 :: steps: 1.00 :: Time: 0.011(0.01089/step) :: Entropy : 0.000 :: Grads : []
240 :: Rewards -21.089 :: steps: 1.00 :: Time: 0.011(0.01112/step) :: Entropy : 0.000 :: Grads : []
250 :: Rewards -21.529 :: steps: 1.00 :: Time: 0.011(0.01114/step) :: Entropy : 0.000 :: Grads : []
260 :: Rewards -21.641 :: steps: 1.00 :: Time: 0.011(0.01142/step) :: Entropy : 0.000 :: Grads : []
270 :: Rewards -21.948 :: steps: 1.00 :: Time: 0.012(0.01150/step) :: Entropy : 0.000 :: Grads : []
280 :: Rewards -22.508 :: steps: 1.00 :: Time: 0.012(0.01157/step) :: Entropy : 0.000 :: Grads : []
290 :: Rewards -23.134 :: steps: 1.00 :: Time: 0.012(0.01163/step) :: Entropy : 0.000 :: Grads : []
300 :: Rewards -23.458 :: steps: 1.00 :: Time: 0.012(0.01177/step) :: Entropy : 0.000 :: Grads : []
310 :: Rewards -24.112 :: steps: 1.00 :: Time: 0.012(0.01210/step) :: Entropy : 0.000 :: Grads : []
320 :: Rewards -24.905 :: steps: 1.00 :: Time: 0.012(0.01239/step) :: Entropy : 0.000 :: Grads : []
330 :: Rewards -25.680 :: steps: 1.00 :: Time: 0.012(0.01243/step) :: Entropy : 0.000 :: Grads : []
340 :: Rewards -26.791 :: steps: 1.00 :: Time: 0.013(0.01265/step) :: Entropy : 0.000 :: Grads : []
350 :: Rewards -26.915 :: steps: 1.00 :: Time: 0.013(0.01281/step) :: Entropy : 0.000 :: Grads : []
360 :: Rewards -27.963 :: steps: 1.00 :: Time: 0.013(0.01305/step) :: Entropy : 0.000 :: Grads : []
370 :: Rewards -27.979 :: steps: 1.00 :: Time: 0.013(0.01303/step) :: Entropy : 0.000 :: Grads : []
380 :: Rewards -28.261 :: steps: 1.00 :: Time: 0.013(0.01300/step) :: Entropy : 0.000 :: Grads : []
390 :: Rewards -28.607 :: steps: 1.00 :: Time: 0.013(0.01328/step) :: Entropy : 0.000 :: Grads : []
400 :: Rewards -28.724 :: steps: 1.00 :: Time: 0.013(0.01330/step) :: Entropy : 0.000 :: Grads : []
410 :: Rewards -29.205 :: steps: 1.00 :: Time: 0.014(0.01352/step) :: Entropy : 0.000 :: Grads : []
420 :: Rewards -30.030 :: steps: 1.00 :: Time: 0.014(0.01406/step) :: Entropy : 0.000 :: Grads : []
430 :: Rewards -30.517 :: steps: 1.00 :: Time: 0.014(0.01422/step) :: Entropy : 0.000 :: Grads : []
440 :: Rewards -30.606 :: steps: 1.00 :: Time: 0.014(0.01390/step) :: Entropy : 0.000 :: Grads : []
450 :: Rewards -31.581 :: steps: 1.00 :: Time: 0.014(0.01416/step) :: Entropy : 0.000 :: Grads : []
460 :: Rewards -32.688 :: steps: 1.00 :: Time: 0.014(0.01449/step) :: Entropy : 0.000 :: Grads : []
470 :: Rewards -33.234 :: steps: 1.00 :: Time: 0.014(0.01445/step) :: Entropy : 0.000 :: Grads : []
480 :: Rewards -33.234 :: steps: 1.00 :: Time: 0.015(0.01450/step) :: Entropy : 0.000 :: Grads : []
490 :: Rewards -34.249 :: steps: 1.00 :: Time: 0.015(0.01498/step) :: Entropy : 0.000 :: Grads : []
500 :: Rewards -34.249 :: steps: 1.00 :: Time: 0.015(0.01477/step) :: Entropy : 0.000 :: Grads : []
510 :: Rewards -34.249 :: steps: 1.00 :: Time: 0.015(0.01468/step) :: Entropy : 0.000 :: Grads : []
520 :: Rewards -34.249 :: steps: 1.00 :: Time: 0.015(0.01486/step) :: Entropy : 0.000 :: Grads : []
530 :: Rewards -34.249 :: steps: 1.00 :: Time: 0.015(0.01528/step) :: Entropy : 0.000 :: Grads : []
540 :: Rewards -34.249 :: steps: 1.00 :: Time: 0.015(0.01509/step) :: Entropy : 0.000 :: Grads : []
550 :: Rewards -34.249 :: steps: 1.00 :: Time: 0.015(0.01516/step) :: Entropy : 0.000 :: Grads : []
560 :: Rewards -34.249 :: steps: 1.00 :: Time: 0.015(0.01538/step) :: Entropy : 0.000 :: Grads : []
570 :: Rewards -34.249 :: steps: 1.00 :: Time: 0.015(0.01549/step) :: Entropy : 0.000 :: Grads : []
580 :: Rewards -34.249 :: steps: 1.00 :: Time: 0.016(0.01552/step) :: Entropy : 0.000 :: Grads : []
590 :: Rewards -34.249 :: steps: 1.00 :: Time: 0.016(0.01564/step) :: Entropy : 0.000 :: Grads : []
600 :: Rewards -34.249 :: steps: 1.00 :: Time: 0.016(0.01565/step) :: Entropy : 0.000 :: Grads : []
610 :: Rewards -34.249 :: steps: 1.00 :: Time: 0.016(0.01581/step) :: Entropy : 0.000 :: Grads : []
620 :: Rewards -34.249 :: steps: 1.00 :: Time: 0.016(0.01599/step) :: Entropy : 0.000 :: Grads : []
630 :: Rewards -34.249 :: steps: 1.00 :: Time: 0.016(0.01590/step) :: Entropy : 0.000 :: Grads : []
640 :: Rewards -34.544 :: steps: 1.00 :: Time: 0.013(0.01319/step) :: Entropy : 0.000 :: Grads : []
650 :: Rewards -36.125 :: steps: 1.00 :: Time: 0.013(0.01349/step) :: Entropy : 0.000 :: Grads : []
660 :: Rewards -38.789 :: steps: 1.00 :: Time: 0.013(0.01331/step) :: Entropy : 0.000 :: Grads : []
670 :: Rewards -39.785 :: steps: 1.00 :: Time: 0.014(0.01358/step) :: Entropy : 0.000 :: Grads : []
680 :: Rewards -39.899 :: steps: 1.00 :: Time: 0.013(0.01331/step) :: Entropy : 0.000 :: Grads : []
690 :: Rewards -39.899 :: steps: 1.00 :: Time: 0.014(0.01385/step) :: Entropy : 0.000 :: Grads : []
700 :: Rewards -39.899 :: steps: 1.00 :: Time: 0.015(0.01496/step) :: Entropy : 0.000 :: Grads : []
710 :: Rewards -40.127 :: steps: 1.00 :: Time: 0.014(0.01427/step) :: Entropy : 0.000 :: Grads : []
720 :: Rewards -40.127 :: steps: 1.00 :: Time: 0.020(0.02026/step) :: Entropy : 0.000 :: Grads : []
730 :: Rewards -40.127 :: steps: 1.00 :: Time: 0.016(0.01562/step) :: Entropy : 0.000 :: Grads : []
740 :: Rewards -40.350 :: steps: 1.00 :: Time: 0.014(0.01394/step) :: Entropy : 0.000 :: Grads : []
750 :: Rewards -40.350 :: steps: 1.00 :: Time: 0.014(0.01394/step) :: Entropy : 0.000 :: Grads : []
760 :: Rewards -40.350 :: steps: 1.00 :: Time: 0.015(0.01475/step) :: Entropy : 0.000 :: Grads : []
770 :: Rewards -40.350 :: steps: 1.00 :: Time: 0.014(0.01435/step) :: Entropy : 0.000 :: Grads : []
780 :: Rewards -40.350 :: steps: 1.00 :: Time: 0.015(0.01493/step) :: Entropy : 0.000 :: Grads : []
790 :: Rewards -40.406 :: steps: 1.00 :: Time: 0.015(0.01463/step) :: Entropy : 0.000 :: Grads : []
800 :: Rewards -40.537 :: steps: 1.00 :: Time: 0.015(0.01472/step) :: Entropy : 0.000 :: Grads : []
810 :: Rewards -40.665 :: steps: 1.00 :: Time: 0.015(0.01491/step) :: Entropy : 0.000 :: Grads : []
820 :: Rewards -40.692 :: steps: 1.00 :: Time: 0.015(0.01500/step) :: Entropy : 0.000 :: Grads : []
830 :: Rewards -40.766 :: steps: 1.00 :: Time: 0.015(0.01509/step) :: Entropy : 0.000 :: Grads : []
840 :: Rewards -40.857 :: steps: 1.00 :: Time: 0.016(0.01560/step) :: Entropy : 0.000 :: Grads : []
850 :: Rewards -41.352 :: steps: 1.00 :: Time: 0.015(0.01537/step) :: Entropy : 0.000 :: Grads : []
860 :: Rewards -42.366 :: steps: 1.00 :: Time: 0.015(0.01529/step) :: Entropy : 0.000 :: Grads : []
870 :: Rewards -43.820 :: steps: 1.00 :: Time: 0.015(0.01518/step) :: Entropy : 0.000 :: Grads : []
880 :: Rewards -45.676 :: steps: 1.00 :: Time: 0.015(0.01501/step) :: Entropy : 0.000 :: Grads : []
890 :: Rewards -47.806 :: steps: 1.00 :: Time: 0.015(0.01531/step) :: Entropy : 0.000 :: Grads : []
900 :: Rewards -50.421 :: steps: 1.00 :: Time: 0.016(0.01584/step) :: Entropy : 0.000 :: Grads : []
910 :: Rewards -53.596 :: steps: 1.00 :: Time: 0.017(0.01722/step) :: Entropy : 0.000 :: Grads : []
920 :: Rewards -58.207 :: steps: 1.00 :: Time: 0.015(0.01514/step) :: Entropy : 0.000 :: Grads : []
930 :: Rewards -62.016 :: steps: 1.00 :: Time: 0.016(0.01575/step) :: Entropy : 0.000 :: Grads : []
940 :: Rewards -66.358 :: steps: 1.00 :: Time: 0.016(0.01568/step) :: Entropy : 0.000 :: Grads : []
950 :: Rewards -71.468 :: steps: 1.00 :: Time: 0.016(0.01564/step) :: Entropy : 0.000 :: Grads : []
960 :: Rewards -74.059 :: steps: 1.00 :: Time: 0.016(0.01565/step) :: Entropy : 0.000 :: Grads : []
970 :: Rewards -74.751 :: steps: 1.00 :: Time: 0.016(0.01602/step) :: Entropy : 0.000 :: Grads : []
980 :: Rewards -74.751 :: steps: 1.00 :: Time: 0.016(0.01592/step) :: Entropy : 0.000 :: Grads : []
990 :: Rewards -74.751 :: steps: 1.00 :: Time: 0.017(0.01664/step) :: Entropy : 0.000 :: Grads : []
999 :: Rewards -74.751 :: steps: 0.90 :: Time: 0.014(0.01604/step) :: Entropy : 0.000 :: Grads : []
Total time taken: 13.458987951278687
