Module path:  Src.Algorithms.OFPG OFPG
Dynamically loaded from:  <class 'Src.Algorithms.OFPG.OFPG'>
=====Configurations=====
 Namespace(NN_basis_dim='32', Policy_basis_dim='32', actor_lr=0.004542294448784554, algo_name='OFPG', base=0, batch_size=1000, buffer_size=1000, debug=False, delta=5, entropy_lambda=0.1, env_name='NS_SimGlucose-v0', experiment='NS_1_', extrapolator_basis='Fourier', folder_suffix='', fourier_coupled=True, fourier_k=3, fourier_order=3, gamma=0.99, gauss_std=2.06337, gpu=0, hyper='default', importance_clip=5.0, inc=1, log_output='term_file', max_episodes=1000, max_inner=100, max_steps=500, optim='rmsprop', oracle=-1, raw_basis=True, restore=False, save_count=100, save_model=True, seed=0, speed=1, state_lr=0.001, summary=True, swarm=False, timestamp='5|29|17:27:45')
Actions space: 2 :: State space: 1
State Low: tensor([0.]) :: State High: tensor([1.])
State features:  [('dummy_param', torch.Size([1]))]
Action Low: [3. 5.] :: Action High: [30. 50.]
Policy:  [('fc_mean.weight', torch.Size([2, 1])), ('fc_mean.bias', torch.Size([2]))]
0 :: Rewards -8.968 :: steps: 0.10 :: Time: 0.274(2.73577/step) :: Entropy : 0.000 :: Grads : []
10 :: Rewards 51.958 :: steps: 1.00 :: Time: 2.752(2.75226/step) :: Entropy : 0.000 :: Grads : []
20 :: Rewards 176.776 :: steps: 1.00 :: Time: 2.710(2.70971/step) :: Entropy : 0.000 :: Grads : []
30 :: Rewards 271.514 :: steps: 1.00 :: Time: 2.711(2.71069/step) :: Entropy : 0.000 :: Grads : []
40 :: Rewards 371.148 :: steps: 1.00 :: Time: 2.713(2.71348/step) :: Entropy : 0.000 :: Grads : []
50 :: Rewards 488.560 :: steps: 1.00 :: Time: 2.677(2.67732/step) :: Entropy : 0.000 :: Grads : []
60 :: Rewards 604.867 :: steps: 1.00 :: Time: 2.660(2.66047/step) :: Entropy : 0.000 :: Grads : []
70 :: Rewards 719.948 :: steps: 1.00 :: Time: 2.670(2.66958/step) :: Entropy : 0.000 :: Grads : []
80 :: Rewards 818.147 :: steps: 1.00 :: Time: 2.673(2.67297/step) :: Entropy : 0.000 :: Grads : []
90 :: Rewards 939.381 :: steps: 1.00 :: Time: 2.669(2.66907/step) :: Entropy : 0.000 :: Grads : []
100 :: Rewards 1055.342 :: steps: 1.00 :: Time: 2.674(2.67441/step) :: Entropy : 0.000 :: Grads : []
110 :: Rewards 1173.784 :: steps: 1.00 :: Time: 2.658(2.65755/step) :: Entropy : 0.000 :: Grads : []
120 :: Rewards 1280.142 :: steps: 1.00 :: Time: 2.667(2.66735/step) :: Entropy : 0.000 :: Grads : []
130 :: Rewards 1389.780 :: steps: 1.00 :: Time: 2.649(2.64925/step) :: Entropy : 0.000 :: Grads : []
140 :: Rewards 1489.987 :: steps: 1.00 :: Time: 2.664(2.66384/step) :: Entropy : 0.000 :: Grads : []
150 :: Rewards 1605.977 :: steps: 1.00 :: Time: 2.659(2.65929/step) :: Entropy : 0.000 :: Grads : []
160 :: Rewards 1730.796 :: steps: 1.00 :: Time: 2.656(2.65587/step) :: Entropy : 0.000 :: Grads : []
170 :: Rewards 1841.678 :: steps: 1.00 :: Time: 2.666(2.66583/step) :: Entropy : 0.000 :: Grads : []
180 :: Rewards 1964.856 :: steps: 1.00 :: Time: 2.662(2.66196/step) :: Entropy : 0.000 :: Grads : []
190 :: Rewards 2088.391 :: steps: 1.00 :: Time: 2.669(2.66925/step) :: Entropy : 0.000 :: Grads : []
200 :: Rewards 2217.358 :: steps: 1.00 :: Time: 2.672(2.67245/step) :: Entropy : 0.000 :: Grads : []
210 :: Rewards 2343.107 :: steps: 1.00 :: Time: 2.662(2.66217/step) :: Entropy : 0.000 :: Grads : []
220 :: Rewards 2465.214 :: steps: 1.00 :: Time: 2.688(2.68753/step) :: Entropy : 0.000 :: Grads : []
230 :: Rewards 2596.213 :: steps: 1.00 :: Time: 2.669(2.66931/step) :: Entropy : 0.000 :: Grads : []
240 :: Rewards 2733.730 :: steps: 1.00 :: Time: 2.670(2.66962/step) :: Entropy : 0.000 :: Grads : []
250 :: Rewards 2869.470 :: steps: 1.00 :: Time: 2.708(2.70801/step) :: Entropy : 0.000 :: Grads : []
260 :: Rewards 3011.232 :: steps: 1.00 :: Time: 2.708(2.70765/step) :: Entropy : 0.000 :: Grads : []
270 :: Rewards 3152.723 :: steps: 1.00 :: Time: 93.188(93.18816/step) :: Entropy : 0.000 :: Grads : []
280 :: Rewards 3290.216 :: steps: 1.00 :: Time: 2.661(2.66126/step) :: Entropy : 0.000 :: Grads : []
290 :: Rewards 3428.519 :: steps: 1.00 :: Time: 2.653(2.65302/step) :: Entropy : 0.000 :: Grads : []
300 :: Rewards 3573.773 :: steps: 1.00 :: Time: 2.670(2.67015/step) :: Entropy : 0.000 :: Grads : []
310 :: Rewards 3722.599 :: steps: 1.00 :: Time: 2.662(2.66194/step) :: Entropy : 0.000 :: Grads : []
320 :: Rewards 3868.030 :: steps: 1.00 :: Time: 2.668(2.66820/step) :: Entropy : 0.000 :: Grads : []
330 :: Rewards 4005.763 :: steps: 1.00 :: Time: 2.675(2.67483/step) :: Entropy : 0.000 :: Grads : []
340 :: Rewards 4160.398 :: steps: 1.00 :: Time: 74.487(74.48687/step) :: Entropy : 0.000 :: Grads : []
350 :: Rewards 4303.762 :: steps: 1.00 :: Time: 2.646(2.64609/step) :: Entropy : 0.000 :: Grads : []
360 :: Rewards 4444.972 :: steps: 1.00 :: Time: 2.646(2.64554/step) :: Entropy : 0.000 :: Grads : []
370 :: Rewards 4594.847 :: steps: 1.00 :: Time: 2.659(2.65926/step) :: Entropy : 0.000 :: Grads : []
380 :: Rewards 4744.184 :: steps: 1.00 :: Time: 2.665(2.66522/step) :: Entropy : 0.000 :: Grads : []
390 :: Rewards 4898.650 :: steps: 1.00 :: Time: 2.682(2.68211/step) :: Entropy : 0.000 :: Grads : []
400 :: Rewards 5053.588 :: steps: 1.00 :: Time: 2.673(2.67250/step) :: Entropy : 0.000 :: Grads : []
410 :: Rewards 5204.042 :: steps: 1.00 :: Time: 2.670(2.66950/step) :: Entropy : 0.000 :: Grads : []
420 :: Rewards 5351.243 :: steps: 1.00 :: Time: 2.666(2.66580/step) :: Entropy : 0.000 :: Grads : []
430 :: Rewards 5509.026 :: steps: 1.00 :: Time: 2.660(2.65994/step) :: Entropy : 0.000 :: Grads : []
440 :: Rewards 5661.698 :: steps: 1.00 :: Time: 2.667(2.66659/step) :: Entropy : 0.000 :: Grads : []
450 :: Rewards 5806.683 :: steps: 1.00 :: Time: 2.660(2.65976/step) :: Entropy : 0.000 :: Grads : []
460 :: Rewards 5957.576 :: steps: 1.00 :: Time: 2.666(2.66568/step) :: Entropy : 0.000 :: Grads : []
470 :: Rewards 6107.113 :: steps: 1.00 :: Time: 2.664(2.66358/step) :: Entropy : 0.000 :: Grads : []
480 :: Rewards 6250.349 :: steps: 1.00 :: Time: 2.657(2.65695/step) :: Entropy : 0.000 :: Grads : []
490 :: Rewards 6393.026 :: steps: 1.00 :: Time: 2.665(2.66520/step) :: Entropy : 0.000 :: Grads : []
500 :: Rewards 6539.830 :: steps: 1.00 :: Time: 2.669(2.66946/step) :: Entropy : 0.000 :: Grads : []
510 :: Rewards 6682.050 :: steps: 1.00 :: Time: 2.668(2.66778/step) :: Entropy : 0.000 :: Grads : []
520 :: Rewards 6821.965 :: steps: 1.00 :: Time: 2.687(2.68673/step) :: Entropy : 0.000 :: Grads : []
530 :: Rewards 6958.390 :: steps: 1.00 :: Time: 2.665(2.66541/step) :: Entropy : 0.000 :: Grads : []
540 :: Rewards 7093.518 :: steps: 1.00 :: Time: 2.676(2.67622/step) :: Entropy : 0.000 :: Grads : []
550 :: Rewards 7224.663 :: steps: 1.00 :: Time: 2.661(2.66074/step) :: Entropy : 0.000 :: Grads : []
560 :: Rewards 7351.200 :: steps: 1.00 :: Time: 2.667(2.66722/step) :: Entropy : 0.000 :: Grads : []
570 :: Rewards 7483.328 :: steps: 1.00 :: Time: 2.673(2.67281/step) :: Entropy : 0.000 :: Grads : []
580 :: Rewards 7617.528 :: steps: 1.00 :: Time: 2.661(2.66083/step) :: Entropy : 0.000 :: Grads : []
590 :: Rewards 7744.916 :: steps: 1.00 :: Time: 2.677(2.67708/step) :: Entropy : 0.000 :: Grads : []
600 :: Rewards 7864.512 :: steps: 1.00 :: Time: 2.672(2.67233/step) :: Entropy : 0.000 :: Grads : []
610 :: Rewards 7997.965 :: steps: 1.00 :: Time: 2.674(2.67362/step) :: Entropy : 0.000 :: Grads : []
620 :: Rewards 8112.836 :: steps: 1.00 :: Time: 2.674(2.67398/step) :: Entropy : 0.000 :: Grads : []
630 :: Rewards 8227.454 :: steps: 1.00 :: Time: 2.651(2.65106/step) :: Entropy : 0.000 :: Grads : []
640 :: Rewards 8337.896 :: steps: 1.00 :: Time: 2.663(2.66312/step) :: Entropy : 0.000 :: Grads : []
650 :: Rewards 8447.043 :: steps: 1.00 :: Time: 2.655(2.65489/step) :: Entropy : 0.000 :: Grads : []
660 :: Rewards 8545.332 :: steps: 1.00 :: Time: 2.660(2.66028/step) :: Entropy : 0.000 :: Grads : []
670 :: Rewards 8639.409 :: steps: 1.00 :: Time: 2.666(2.66602/step) :: Entropy : 0.000 :: Grads : []
680 :: Rewards 8734.224 :: steps: 1.00 :: Time: 93.522(93.52241/step) :: Entropy : 0.000 :: Grads : []
690 :: Rewards 8821.638 :: steps: 1.00 :: Time: 2.628(2.62794/step) :: Entropy : 0.000 :: Grads : []
700 :: Rewards 8909.014 :: steps: 1.00 :: Time: 93.984(93.98407/step) :: Entropy : 0.000 :: Grads : []
710 :: Rewards 8979.272 :: steps: 1.00 :: Time: 2.660(2.65983/step) :: Entropy : 0.000 :: Grads : []
720 :: Rewards 9053.516 :: steps: 1.00 :: Time: 2.661(2.66147/step) :: Entropy : 0.000 :: Grads : []
730 :: Rewards 9129.531 :: steps: 1.00 :: Time: 2.634(2.63404/step) :: Entropy : 0.000 :: Grads : []
740 :: Rewards 9198.983 :: steps: 1.00 :: Time: 2.658(2.65788/step) :: Entropy : 0.000 :: Grads : []
750 :: Rewards 9268.970 :: steps: 1.00 :: Time: 2.657(2.65730/step) :: Entropy : 0.000 :: Grads : []
760 :: Rewards 9322.570 :: steps: 1.00 :: Time: 2.685(2.68474/step) :: Entropy : 0.000 :: Grads : []
770 :: Rewards 9364.804 :: steps: 1.00 :: Time: 2.663(2.66332/step) :: Entropy : 0.000 :: Grads : []
780 :: Rewards 9420.769 :: steps: 1.00 :: Time: 2.677(2.67678/step) :: Entropy : 0.000 :: Grads : []
790 :: Rewards 9455.526 :: steps: 1.00 :: Time: 2.665(2.66501/step) :: Entropy : 0.000 :: Grads : []
800 :: Rewards 9492.069 :: steps: 1.00 :: Time: 2.674(2.67369/step) :: Entropy : 0.000 :: Grads : []
810 :: Rewards 9523.963 :: steps: 1.00 :: Time: 2.678(2.67801/step) :: Entropy : 0.000 :: Grads : []
820 :: Rewards 9573.965 :: steps: 1.00 :: Time: 2.668(2.66808/step) :: Entropy : 0.000 :: Grads : []
830 :: Rewards 9603.256 :: steps: 1.00 :: Time: 2.686(2.68582/step) :: Entropy : 0.000 :: Grads : []
840 :: Rewards 9623.349 :: steps: 1.00 :: Time: 2.657(2.65689/step) :: Entropy : 0.000 :: Grads : []
850 :: Rewards 9635.906 :: steps: 1.00 :: Time: 2.681(2.68139/step) :: Entropy : 0.000 :: Grads : []
860 :: Rewards 9646.135 :: steps: 1.00 :: Time: 2.656(2.65567/step) :: Entropy : 0.000 :: Grads : []
870 :: Rewards 9651.527 :: steps: 1.00 :: Time: 2.671(2.67070/step) :: Entropy : 0.000 :: Grads : []
880 :: Rewards 9655.541 :: steps: 1.00 :: Time: 2.660(2.65969/step) :: Entropy : 0.000 :: Grads : []
890 :: Rewards 9657.022 :: steps: 1.00 :: Time: 2.668(2.66772/step) :: Entropy : 0.000 :: Grads : []
900 :: Rewards 9650.494 :: steps: 1.00 :: Time: 2.655(2.65467/step) :: Entropy : 0.000 :: Grads : []
910 :: Rewards 9639.718 :: steps: 1.00 :: Time: 2.654(2.65417/step) :: Entropy : 0.000 :: Grads : []
920 :: Rewards 9619.676 :: steps: 1.00 :: Time: 2.657(2.65695/step) :: Entropy : 0.000 :: Grads : []
930 :: Rewards 9591.068 :: steps: 1.00 :: Time: 32.573(32.57273/step) :: Entropy : 0.000 :: Grads : []
940 :: Rewards 9574.384 :: steps: 1.00 :: Time: 2.643(2.64280/step) :: Entropy : 0.000 :: Grads : []
950 :: Rewards 9549.752 :: steps: 1.00 :: Time: 32.538(32.53837/step) :: Entropy : 0.000 :: Grads : []
960 :: Rewards 9531.338 :: steps: 1.00 :: Time: 2.625(2.62521/step) :: Entropy : 0.000 :: Grads : []
970 :: Rewards 9501.770 :: steps: 1.00 :: Time: 32.518(32.51818/step) :: Entropy : 0.000 :: Grads : []
980 :: Rewards 9467.436 :: steps: 1.00 :: Time: 2.640(2.64025/step) :: Entropy : 0.000 :: Grads : []
990 :: Rewards 9432.162 :: steps: 1.00 :: Time: 2.647(2.64719/step) :: Entropy : 0.000 :: Grads : []
999 :: Rewards 9407.338 :: steps: 0.90 :: Time: 2.380(2.64424/step) :: Entropy : 0.000 :: Grads : []
Total time taken: 7009.100782155991
