Module path:  Environments.NS_Reco NS_Reco
Dynamically loaded from:  <class 'Environments.NS_Reco.NS_Reco'>
Reward Amplitudes: [4.17022005e-01 7.20324493e-01 1.14374817e-04 3.02332573e-01
 1.46755891e-01] :: Avg 0.317309867282206 
Module path:  Src.Algorithms.ProOLS ProOLS
Dynamically loaded from:  <class 'Src.Algorithms.ProOLS.ProOLS'>
=====Configurations=====
 Namespace(NN_basis_dim='32', Policy_basis_dim='32', actor_lr=0.006528973986480399, algo_name='ProOLS', base=0, batch_size=1000, buffer_size=1000, debug=False, delta=1, entropy_lambda=0.03442646767804006, env_name='NS_Reco', experiment='NS_3_', extrapolator_basis='Fourier', folder_suffix='Default', fourier_coupled=True, fourier_k=7, fourier_order=3, gamma=0.99, gauss_std=1.5, gpu=0, hyper='default', importance_clip=5.0, inc=1, log_output='term_file', max_episodes=1000, max_inner=30, max_steps=500, optim='rmsprop', oracle=-1, raw_basis=True, restore=False, save_count=100, save_model=True, seed=19, speed=3, state_lr=0.001, summary=True, swarm=False, timestamp='5|24|22:12:38')
Actions space: 5 :: State space: 1
State Low: tensor([0.]) :: State High: tensor([1.])
State features:  [('dummy_param', torch.Size([1]))]
Policy:  [('fc1.weight', torch.Size([5, 1])), ('fc1.bias', torch.Size([5]))]
0 :: Rewards 0.006 :: steps: 0.10 :: Time: 0.000(0.00062/step) :: Entropy : 0.000 :: Grads : []
10 :: Rewards 0.219 :: steps: 1.00 :: Time: 0.006(0.00569/step) :: Entropy : 0.000 :: Grads : []
20 :: Rewards 0.889 :: steps: 1.00 :: Time: 0.014(0.01351/step) :: Entropy : 0.000 :: Grads : []
30 :: Rewards 2.174 :: steps: 1.00 :: Time: 0.014(0.01391/step) :: Entropy : 0.000 :: Grads : []
40 :: Rewards 4.064 :: steps: 1.00 :: Time: 0.013(0.01342/step) :: Entropy : 0.000 :: Grads : []
50 :: Rewards 6.008 :: steps: 1.00 :: Time: 0.014(0.01351/step) :: Entropy : 0.000 :: Grads : []
60 :: Rewards 7.846 :: steps: 1.00 :: Time: 0.013(0.01350/step) :: Entropy : 0.000 :: Grads : []
70 :: Rewards 11.593 :: steps: 1.00 :: Time: 0.014(0.01374/step) :: Entropy : 0.000 :: Grads : []
80 :: Rewards 16.783 :: steps: 1.00 :: Time: 0.014(0.01390/step) :: Entropy : 0.000 :: Grads : []
90 :: Rewards 22.533 :: steps: 1.00 :: Time: 0.014(0.01392/step) :: Entropy : 0.000 :: Grads : []
100 :: Rewards 28.702 :: steps: 1.00 :: Time: 0.014(0.01406/step) :: Entropy : 0.000 :: Grads : []
110 :: Rewards 35.199 :: steps: 1.00 :: Time: 0.014(0.01431/step) :: Entropy : 0.000 :: Grads : []
120 :: Rewards 42.002 :: steps: 1.00 :: Time: 0.014(0.01429/step) :: Entropy : 0.000 :: Grads : []
130 :: Rewards 49.019 :: steps: 1.00 :: Time: 0.014(0.01437/step) :: Entropy : 0.000 :: Grads : []
140 :: Rewards 56.191 :: steps: 1.00 :: Time: 0.015(0.01463/step) :: Entropy : 0.000 :: Grads : []
150 :: Rewards 63.407 :: steps: 1.00 :: Time: 0.015(0.01472/step) :: Entropy : 0.000 :: Grads : []
160 :: Rewards 70.568 :: steps: 1.00 :: Time: 0.015(0.01479/step) :: Entropy : 0.000 :: Grads : []
170 :: Rewards 77.614 :: steps: 1.00 :: Time: 0.015(0.01484/step) :: Entropy : 0.000 :: Grads : []
180 :: Rewards 84.462 :: steps: 1.00 :: Time: 0.015(0.01507/step) :: Entropy : 0.000 :: Grads : []
190 :: Rewards 91.019 :: steps: 1.00 :: Time: 0.015(0.01508/step) :: Entropy : 0.000 :: Grads : []
200 :: Rewards 97.243 :: steps: 1.00 :: Time: 0.015(0.01524/step) :: Entropy : 0.000 :: Grads : []
210 :: Rewards 103.020 :: steps: 1.00 :: Time: 0.015(0.01535/step) :: Entropy : 0.000 :: Grads : []
220 :: Rewards 108.321 :: steps: 1.00 :: Time: 0.015(0.01538/step) :: Entropy : 0.000 :: Grads : []
230 :: Rewards 113.058 :: steps: 1.00 :: Time: 0.016(0.01558/step) :: Entropy : 0.000 :: Grads : []
240 :: Rewards 117.235 :: steps: 1.00 :: Time: 0.016(0.01572/step) :: Entropy : 0.000 :: Grads : []
250 :: Rewards 120.763 :: steps: 1.00 :: Time: 0.016(0.01567/step) :: Entropy : 0.000 :: Grads : []
260 :: Rewards 123.605 :: steps: 1.00 :: Time: 0.016(0.01605/step) :: Entropy : 0.000 :: Grads : []
270 :: Rewards 125.707 :: steps: 1.00 :: Time: 0.016(0.01629/step) :: Entropy : 0.000 :: Grads : []
280 :: Rewards 127.044 :: steps: 1.00 :: Time: 0.016(0.01646/step) :: Entropy : 0.000 :: Grads : []
290 :: Rewards 128.246 :: steps: 1.00 :: Time: 0.017(0.01674/step) :: Entropy : 0.000 :: Grads : []
300 :: Rewards 130.964 :: steps: 1.00 :: Time: 0.017(0.01704/step) :: Entropy : 0.000 :: Grads : []
310 :: Rewards 133.048 :: steps: 1.00 :: Time: 0.017(0.01727/step) :: Entropy : 0.000 :: Grads : []
320 :: Rewards 135.202 :: steps: 1.00 :: Time: 0.017(0.01718/step) :: Entropy : 0.000 :: Grads : []
330 :: Rewards 137.066 :: steps: 1.00 :: Time: 0.018(0.01761/step) :: Entropy : 0.000 :: Grads : []
340 :: Rewards 138.628 :: steps: 1.00 :: Time: 0.018(0.01772/step) :: Entropy : 0.000 :: Grads : []
350 :: Rewards 139.831 :: steps: 1.00 :: Time: 0.018(0.01797/step) :: Entropy : 0.000 :: Grads : []
360 :: Rewards 140.648 :: steps: 1.00 :: Time: 0.018(0.01815/step) :: Entropy : 0.000 :: Grads : []
370 :: Rewards 140.010 :: steps: 1.00 :: Time: 0.018(0.01832/step) :: Entropy : 0.000 :: Grads : []
380 :: Rewards 140.182 :: steps: 1.00 :: Time: 0.019(0.01861/step) :: Entropy : 0.000 :: Grads : []
390 :: Rewards 139.945 :: steps: 1.00 :: Time: 0.019(0.01855/step) :: Entropy : 0.000 :: Grads : []
400 :: Rewards 140.499 :: steps: 1.00 :: Time: 0.019(0.01877/step) :: Entropy : 0.000 :: Grads : []
410 :: Rewards 141.144 :: steps: 1.00 :: Time: 0.019(0.01907/step) :: Entropy : 0.000 :: Grads : []
420 :: Rewards 141.070 :: steps: 1.00 :: Time: 0.020(0.01968/step) :: Entropy : 0.000 :: Grads : []
430 :: Rewards 141.503 :: steps: 1.00 :: Time: 0.020(0.01986/step) :: Entropy : 0.000 :: Grads : []
440 :: Rewards 142.029 :: steps: 1.00 :: Time: 0.020(0.01988/step) :: Entropy : 0.000 :: Grads : []
450 :: Rewards 142.274 :: steps: 1.00 :: Time: 0.020(0.02004/step) :: Entropy : 0.000 :: Grads : []
460 :: Rewards 142.605 :: steps: 1.00 :: Time: 0.020(0.02025/step) :: Entropy : 0.000 :: Grads : []
470 :: Rewards 142.499 :: steps: 1.00 :: Time: 0.020(0.02024/step) :: Entropy : 0.000 :: Grads : []
480 :: Rewards 142.023 :: steps: 1.00 :: Time: 0.020(0.02045/step) :: Entropy : 0.000 :: Grads : []
490 :: Rewards 142.097 :: steps: 1.00 :: Time: 0.021(0.02054/step) :: Entropy : 0.000 :: Grads : []
500 :: Rewards 139.534 :: steps: 1.00 :: Time: 0.021(0.02054/step) :: Entropy : 0.000 :: Grads : []
510 :: Rewards 137.686 :: steps: 1.00 :: Time: 0.021(0.02071/step) :: Entropy : 0.000 :: Grads : []
520 :: Rewards 137.322 :: steps: 1.00 :: Time: 0.021(0.02110/step) :: Entropy : 0.000 :: Grads : []
530 :: Rewards 136.620 :: steps: 1.00 :: Time: 0.021(0.02087/step) :: Entropy : 0.000 :: Grads : []
540 :: Rewards 136.155 :: steps: 1.00 :: Time: 0.021(0.02117/step) :: Entropy : 0.000 :: Grads : []
550 :: Rewards 135.651 :: steps: 1.00 :: Time: 0.021(0.02130/step) :: Entropy : 0.000 :: Grads : []
560 :: Rewards 134.842 :: steps: 1.00 :: Time: 0.022(0.02153/step) :: Entropy : 0.000 :: Grads : []
570 :: Rewards 134.562 :: steps: 1.00 :: Time: 0.022(0.02162/step) :: Entropy : 0.000 :: Grads : []
580 :: Rewards 134.558 :: steps: 1.00 :: Time: 0.022(0.02169/step) :: Entropy : 0.000 :: Grads : []
590 :: Rewards 134.473 :: steps: 1.00 :: Time: 0.022(0.02183/step) :: Entropy : 0.000 :: Grads : []
600 :: Rewards 134.308 :: steps: 1.00 :: Time: 0.022(0.02191/step) :: Entropy : 0.000 :: Grads : []
610 :: Rewards 133.827 :: steps: 1.00 :: Time: 0.022(0.02200/step) :: Entropy : 0.000 :: Grads : []
620 :: Rewards 132.097 :: steps: 1.00 :: Time: 0.022(0.02223/step) :: Entropy : 0.000 :: Grads : []
630 :: Rewards 131.538 :: steps: 1.00 :: Time: 0.022(0.02204/step) :: Entropy : 0.000 :: Grads : []
640 :: Rewards 131.172 :: steps: 1.00 :: Time: 0.022(0.02210/step) :: Entropy : 0.000 :: Grads : []
650 :: Rewards 130.805 :: steps: 1.00 :: Time: 0.022(0.02241/step) :: Entropy : 0.000 :: Grads : []
660 :: Rewards 130.748 :: steps: 1.00 :: Time: 0.022(0.02247/step) :: Entropy : 0.000 :: Grads : []
670 :: Rewards 135.342 :: steps: 1.00 :: Time: 0.023(0.02272/step) :: Entropy : 0.000 :: Grads : []
680 :: Rewards 141.230 :: steps: 1.00 :: Time: 0.023(0.02270/step) :: Entropy : 0.000 :: Grads : []
690 :: Rewards 147.515 :: steps: 1.00 :: Time: 0.023(0.02287/step) :: Entropy : 0.000 :: Grads : []
700 :: Rewards 154.179 :: steps: 1.00 :: Time: 0.023(0.02275/step) :: Entropy : 0.000 :: Grads : []
710 :: Rewards 161.067 :: steps: 1.00 :: Time: 0.023(0.02282/step) :: Entropy : 0.000 :: Grads : []
720 :: Rewards 168.159 :: steps: 1.00 :: Time: 0.023(0.02315/step) :: Entropy : 0.000 :: Grads : []
730 :: Rewards 175.339 :: steps: 1.00 :: Time: 0.023(0.02333/step) :: Entropy : 0.000 :: Grads : []
740 :: Rewards 182.577 :: steps: 1.00 :: Time: 0.023(0.02302/step) :: Entropy : 0.000 :: Grads : []
750 :: Rewards 189.705 :: steps: 1.00 :: Time: 0.023(0.02329/step) :: Entropy : 0.000 :: Grads : []
760 :: Rewards 196.701 :: steps: 1.00 :: Time: 0.023(0.02332/step) :: Entropy : 0.000 :: Grads : []
770 :: Rewards 203.436 :: steps: 1.00 :: Time: 0.024(0.02366/step) :: Entropy : 0.000 :: Grads : []
780 :: Rewards 209.824 :: steps: 1.00 :: Time: 0.024(0.02400/step) :: Entropy : 0.000 :: Grads : []
790 :: Rewards 215.871 :: steps: 1.00 :: Time: 0.024(0.02400/step) :: Entropy : 0.000 :: Grads : []
800 :: Rewards 221.477 :: steps: 1.00 :: Time: 0.024(0.02418/step) :: Entropy : 0.000 :: Grads : []
810 :: Rewards 226.596 :: steps: 1.00 :: Time: 0.024(0.02447/step) :: Entropy : 0.000 :: Grads : []
820 :: Rewards 231.109 :: steps: 1.00 :: Time: 0.025(0.02479/step) :: Entropy : 0.000 :: Grads : []
830 :: Rewards 234.989 :: steps: 1.00 :: Time: 0.025(0.02474/step) :: Entropy : 0.000 :: Grads : []
840 :: Rewards 238.201 :: steps: 1.00 :: Time: 0.025(0.02489/step) :: Entropy : 0.000 :: Grads : []
850 :: Rewards 240.691 :: steps: 1.00 :: Time: 0.025(0.02487/step) :: Entropy : 0.000 :: Grads : []
860 :: Rewards 242.429 :: steps: 1.00 :: Time: 0.025(0.02463/step) :: Entropy : 0.000 :: Grads : []
870 :: Rewards 243.694 :: steps: 1.00 :: Time: 0.025(0.02494/step) :: Entropy : 0.000 :: Grads : []
880 :: Rewards 244.670 :: steps: 1.00 :: Time: 0.025(0.02487/step) :: Entropy : 0.000 :: Grads : []
890 :: Rewards 247.149 :: steps: 1.00 :: Time: 0.025(0.02506/step) :: Entropy : 0.000 :: Grads : []
900 :: Rewards 249.855 :: steps: 1.00 :: Time: 0.025(0.02518/step) :: Entropy : 0.000 :: Grads : []
910 :: Rewards 252.882 :: steps: 1.00 :: Time: 0.025(0.02522/step) :: Entropy : 0.000 :: Grads : []
920 :: Rewards 255.805 :: steps: 1.00 :: Time: 0.025(0.02538/step) :: Entropy : 0.000 :: Grads : []
930 :: Rewards 259.062 :: steps: 1.00 :: Time: 0.026(0.02558/step) :: Entropy : 0.000 :: Grads : []
940 :: Rewards 262.377 :: steps: 1.00 :: Time: 0.026(0.02568/step) :: Entropy : 0.000 :: Grads : []
950 :: Rewards 265.958 :: steps: 1.00 :: Time: 0.026(0.02552/step) :: Entropy : 0.000 :: Grads : []
960 :: Rewards 269.679 :: steps: 1.00 :: Time: 0.026(0.02560/step) :: Entropy : 0.000 :: Grads : []
970 :: Rewards 273.711 :: steps: 1.00 :: Time: 0.026(0.02568/step) :: Entropy : 0.000 :: Grads : []
980 :: Rewards 277.826 :: steps: 1.00 :: Time: 0.027(0.02696/step) :: Entropy : 0.000 :: Grads : []
990 :: Rewards 281.876 :: steps: 1.00 :: Time: 0.026(0.02609/step) :: Entropy : 0.000 :: Grads : []
999 :: Rewards 285.452 :: steps: 0.90 :: Time: 0.023(0.02600/step) :: Entropy : 0.000 :: Grads : []
Total time taken: 20.0069420337677
