Module path:  Environments.NS_Reco NS_Reco
Dynamically loaded from:  <class 'Environments.NS_Reco.NS_Reco'>
Reward Amplitudes: [4.17022005e-01 7.20324493e-01 1.14374817e-04 3.02332573e-01
 1.46755891e-01] :: Avg 0.317309867282206 
Module path:  Src.Algorithms.ProWLS ProWLS
Dynamically loaded from:  <class 'Src.Algorithms.ProWLS.ProWLS'>
=====Configurations=====
 Namespace(NN_basis_dim='32', Policy_basis_dim='32', actor_lr=0.0017966647558361548, algo_name='ProWLS', base=0, batch_size=1000, buffer_size=1000, debug=False, delta=1, entropy_lambda=0.006997441955638448, env_name='NS_Reco', experiment='NS_1_', extrapolator_basis='Fourier', folder_suffix='Default', fourier_coupled=True, fourier_k=3, fourier_order=3, gamma=0.99, gauss_std=1.5, gpu=0, hyper='default', importance_clip=10.0, inc=1, log_output='term_file', max_episodes=1000, max_inner=30, max_steps=500, optim='rmsprop', oracle=-1, raw_basis=True, restore=False, save_count=100, save_model=True, seed=5, speed=1, state_lr=0.001, summary=True, swarm=False, timestamp='5|24|21:29:43')
Actions space: 5 :: State space: 1
State Low: tensor([0.]) :: State High: tensor([1.])
State features:  [('dummy_param', torch.Size([1]))]
Policy:  [('fc1.weight', torch.Size([5, 1])), ('fc1.bias', torch.Size([5]))]
0 :: Rewards 0.003 :: steps: 0.10 :: Time: 0.000(0.00064/step) :: Entropy : 0.000 :: Grads : []
10 :: Rewards 0.026 :: steps: 1.00 :: Time: 0.013(0.01347/step) :: Entropy : 0.000 :: Grads : []
20 :: Rewards 0.246 :: steps: 1.00 :: Time: 0.017(0.01696/step) :: Entropy : 0.000 :: Grads : []
30 :: Rewards 0.667 :: steps: 1.00 :: Time: 0.017(0.01701/step) :: Entropy : 0.000 :: Grads : []
40 :: Rewards 1.405 :: steps: 1.00 :: Time: 0.017(0.01667/step) :: Entropy : 0.000 :: Grads : []
50 :: Rewards 2.429 :: steps: 1.00 :: Time: 0.017(0.01735/step) :: Entropy : 0.000 :: Grads : []
60 :: Rewards 3.637 :: steps: 1.00 :: Time: 0.018(0.01799/step) :: Entropy : 0.000 :: Grads : []
70 :: Rewards 5.219 :: steps: 1.00 :: Time: 0.019(0.01850/step) :: Entropy : 0.000 :: Grads : []
80 :: Rewards 7.000 :: steps: 1.00 :: Time: 0.018(0.01809/step) :: Entropy : 0.000 :: Grads : []
90 :: Rewards 9.194 :: steps: 1.00 :: Time: 0.018(0.01783/step) :: Entropy : 0.000 :: Grads : []
100 :: Rewards 11.126 :: steps: 1.00 :: Time: 0.018(0.01786/step) :: Entropy : 0.000 :: Grads : []
110 :: Rewards 13.510 :: steps: 1.00 :: Time: 0.018(0.01825/step) :: Entropy : 0.000 :: Grads : []
120 :: Rewards 16.159 :: steps: 1.00 :: Time: 0.019(0.01850/step) :: Entropy : 0.000 :: Grads : []
130 :: Rewards 18.996 :: steps: 1.00 :: Time: 0.019(0.01882/step) :: Entropy : 0.000 :: Grads : []
140 :: Rewards 22.146 :: steps: 1.00 :: Time: 0.019(0.01933/step) :: Entropy : 0.000 :: Grads : []
150 :: Rewards 25.732 :: steps: 1.00 :: Time: 0.020(0.02000/step) :: Entropy : 0.000 :: Grads : []
160 :: Rewards 28.362 :: steps: 1.00 :: Time: 0.020(0.01979/step) :: Entropy : 0.000 :: Grads : []
170 :: Rewards 32.379 :: steps: 1.00 :: Time: 0.020(0.02015/step) :: Entropy : 0.000 :: Grads : []
180 :: Rewards 36.587 :: steps: 1.00 :: Time: 0.020(0.02043/step) :: Entropy : 0.000 :: Grads : []
190 :: Rewards 41.065 :: steps: 1.00 :: Time: 0.022(0.02171/step) :: Entropy : 0.000 :: Grads : []
200 :: Rewards 45.382 :: steps: 1.00 :: Time: 0.022(0.02246/step) :: Entropy : 0.000 :: Grads : []
210 :: Rewards 49.261 :: steps: 1.00 :: Time: 0.022(0.02227/step) :: Entropy : 0.000 :: Grads : []
220 :: Rewards 54.050 :: steps: 1.00 :: Time: 0.023(0.02255/step) :: Entropy : 0.000 :: Grads : []
230 :: Rewards 59.225 :: steps: 1.00 :: Time: 0.024(0.02390/step) :: Entropy : 0.000 :: Grads : []
240 :: Rewards 64.522 :: steps: 1.00 :: Time: 0.024(0.02399/step) :: Entropy : 0.000 :: Grads : []
250 :: Rewards 69.568 :: steps: 1.00 :: Time: 0.024(0.02446/step) :: Entropy : 0.000 :: Grads : []
260 :: Rewards 73.765 :: steps: 1.00 :: Time: 0.025(0.02535/step) :: Entropy : 0.000 :: Grads : []
270 :: Rewards 79.619 :: steps: 1.00 :: Time: 0.026(0.02563/step) :: Entropy : 0.000 :: Grads : []
280 :: Rewards 85.625 :: steps: 1.00 :: Time: 0.026(0.02627/step) :: Entropy : 0.000 :: Grads : []
290 :: Rewards 91.798 :: steps: 1.00 :: Time: 0.027(0.02699/step) :: Entropy : 0.000 :: Grads : []
300 :: Rewards 98.056 :: steps: 1.00 :: Time: 0.027(0.02675/step) :: Entropy : 0.000 :: Grads : []
310 :: Rewards 104.134 :: steps: 1.00 :: Time: 0.027(0.02657/step) :: Entropy : 0.000 :: Grads : []
320 :: Rewards 110.670 :: steps: 1.00 :: Time: 0.028(0.02769/step) :: Entropy : 0.000 :: Grads : []
330 :: Rewards 117.300 :: steps: 1.00 :: Time: 0.028(0.02783/step) :: Entropy : 0.000 :: Grads : []
340 :: Rewards 122.246 :: steps: 1.00 :: Time: 0.029(0.02897/step) :: Entropy : 0.000 :: Grads : []
350 :: Rewards 129.014 :: steps: 1.00 :: Time: 0.030(0.02991/step) :: Entropy : 0.000 :: Grads : []
360 :: Rewards 135.901 :: steps: 1.00 :: Time: 0.029(0.02949/step) :: Entropy : 0.000 :: Grads : []
370 :: Rewards 142.799 :: steps: 1.00 :: Time: 0.029(0.02949/step) :: Entropy : 0.000 :: Grads : []
380 :: Rewards 149.829 :: steps: 1.00 :: Time: 0.030(0.03041/step) :: Entropy : 0.000 :: Grads : []
390 :: Rewards 156.296 :: steps: 1.00 :: Time: 0.031(0.03096/step) :: Entropy : 0.000 :: Grads : []
400 :: Rewards 163.368 :: steps: 1.00 :: Time: 0.032(0.03153/step) :: Entropy : 0.000 :: Grads : []
410 :: Rewards 170.482 :: steps: 1.00 :: Time: 0.032(0.03216/step) :: Entropy : 0.000 :: Grads : []
420 :: Rewards 176.326 :: steps: 1.00 :: Time: 0.033(0.03308/step) :: Entropy : 0.000 :: Grads : []
430 :: Rewards 182.932 :: steps: 1.00 :: Time: 0.034(0.03356/step) :: Entropy : 0.000 :: Grads : []
440 :: Rewards 189.564 :: steps: 1.00 :: Time: 0.033(0.03349/step) :: Entropy : 0.000 :: Grads : []
450 :: Rewards 196.764 :: steps: 1.00 :: Time: 0.034(0.03421/step) :: Entropy : 0.000 :: Grads : []
460 :: Rewards 203.947 :: steps: 1.00 :: Time: 0.035(0.03514/step) :: Entropy : 0.000 :: Grads : []
470 :: Rewards 210.782 :: steps: 1.00 :: Time: 0.037(0.03708/step) :: Entropy : 0.000 :: Grads : []
480 :: Rewards 217.603 :: steps: 1.00 :: Time: 0.037(0.03652/step) :: Entropy : 0.000 :: Grads : []
490 :: Rewards 224.089 :: steps: 1.00 :: Time: 0.038(0.03843/step) :: Entropy : 0.000 :: Grads : []
500 :: Rewards 230.874 :: steps: 1.00 :: Time: 0.037(0.03720/step) :: Entropy : 0.000 :: Grads : []
510 :: Rewards 237.884 :: steps: 1.00 :: Time: 0.038(0.03788/step) :: Entropy : 0.000 :: Grads : []
520 :: Rewards 244.812 :: steps: 1.00 :: Time: 0.039(0.03864/step) :: Entropy : 0.000 :: Grads : []
530 :: Rewards 251.680 :: steps: 1.00 :: Time: 0.040(0.04004/step) :: Entropy : 0.000 :: Grads : []
540 :: Rewards 258.464 :: steps: 1.00 :: Time: 0.040(0.04006/step) :: Entropy : 0.000 :: Grads : []
550 :: Rewards 265.179 :: steps: 1.00 :: Time: 0.041(0.04126/step) :: Entropy : 0.000 :: Grads : []
560 :: Rewards 271.759 :: steps: 1.00 :: Time: 0.046(0.04641/step) :: Entropy : 0.000 :: Grads : []
570 :: Rewards 278.260 :: steps: 1.00 :: Time: 0.045(0.04525/step) :: Entropy : 0.000 :: Grads : []
580 :: Rewards 284.624 :: steps: 1.00 :: Time: 0.044(0.04371/step) :: Entropy : 0.000 :: Grads : []
590 :: Rewards 290.882 :: steps: 1.00 :: Time: 0.044(0.04385/step) :: Entropy : 0.000 :: Grads : []
600 :: Rewards 297.004 :: steps: 1.00 :: Time: 0.046(0.04600/step) :: Entropy : 0.000 :: Grads : []
610 :: Rewards 302.979 :: steps: 1.00 :: Time: 0.045(0.04543/step) :: Entropy : 0.000 :: Grads : []
620 :: Rewards 308.799 :: steps: 1.00 :: Time: 0.046(0.04642/step) :: Entropy : 0.000 :: Grads : []
630 :: Rewards 314.517 :: steps: 1.00 :: Time: 0.047(0.04702/step) :: Entropy : 0.000 :: Grads : []
640 :: Rewards 320.042 :: steps: 1.00 :: Time: 0.050(0.04967/step) :: Entropy : 0.000 :: Grads : []
650 :: Rewards 325.362 :: steps: 1.00 :: Time: 0.051(0.05081/step) :: Entropy : 0.000 :: Grads : []
660 :: Rewards 330.505 :: steps: 1.00 :: Time: 0.049(0.04915/step) :: Entropy : 0.000 :: Grads : []
670 :: Rewards 335.506 :: steps: 1.00 :: Time: 0.051(0.05114/step) :: Entropy : 0.000 :: Grads : []
680 :: Rewards 340.323 :: steps: 1.00 :: Time: 0.053(0.05276/step) :: Entropy : 0.000 :: Grads : []
690 :: Rewards 344.925 :: steps: 1.00 :: Time: 0.054(0.05354/step) :: Entropy : 0.000 :: Grads : []
700 :: Rewards 349.345 :: steps: 1.00 :: Time: 0.056(0.05616/step) :: Entropy : 0.000 :: Grads : []
710 :: Rewards 353.502 :: steps: 1.00 :: Time: 0.059(0.05868/step) :: Entropy : 0.000 :: Grads : []
720 :: Rewards 357.480 :: steps: 1.00 :: Time: 0.062(0.06167/step) :: Entropy : 0.000 :: Grads : []
730 :: Rewards 361.234 :: steps: 1.00 :: Time: 0.059(0.05867/step) :: Entropy : 0.000 :: Grads : []
740 :: Rewards 364.820 :: steps: 1.00 :: Time: 0.065(0.06536/step) :: Entropy : 0.000 :: Grads : []
750 :: Rewards 368.075 :: steps: 1.00 :: Time: 0.066(0.06614/step) :: Entropy : 0.000 :: Grads : []
760 :: Rewards 371.185 :: steps: 1.00 :: Time: 0.063(0.06271/step) :: Entropy : 0.000 :: Grads : []
770 :: Rewards 373.728 :: steps: 1.00 :: Time: 0.070(0.06968/step) :: Entropy : 0.000 :: Grads : []
780 :: Rewards 376.964 :: steps: 1.00 :: Time: 0.065(0.06474/step) :: Entropy : 0.000 :: Grads : []
790 :: Rewards 380.165 :: steps: 1.00 :: Time: 0.074(0.07427/step) :: Entropy : 0.000 :: Grads : []
800 :: Rewards 383.054 :: steps: 1.00 :: Time: 0.075(0.07531/step) :: Entropy : 0.000 :: Grads : []
810 :: Rewards 385.409 :: steps: 1.00 :: Time: 0.075(0.07514/step) :: Entropy : 0.000 :: Grads : []
820 :: Rewards 388.025 :: steps: 1.00 :: Time: 0.072(0.07221/step) :: Entropy : 0.000 :: Grads : []
830 :: Rewards 391.257 :: steps: 1.00 :: Time: 0.073(0.07318/step) :: Entropy : 0.000 :: Grads : []
840 :: Rewards 394.081 :: steps: 1.00 :: Time: 0.077(0.07683/step) :: Entropy : 0.000 :: Grads : []
850 :: Rewards 397.149 :: steps: 1.00 :: Time: 0.077(0.07652/step) :: Entropy : 0.000 :: Grads : []
860 :: Rewards 400.120 :: steps: 1.00 :: Time: 0.075(0.07540/step) :: Entropy : 0.000 :: Grads : []
870 :: Rewards 402.852 :: steps: 1.00 :: Time: 0.078(0.07804/step) :: Entropy : 0.000 :: Grads : []
880 :: Rewards 405.549 :: steps: 1.00 :: Time: 0.079(0.07916/step) :: Entropy : 0.000 :: Grads : []
890 :: Rewards 408.238 :: steps: 1.00 :: Time: 0.081(0.08139/step) :: Entropy : 0.000 :: Grads : []
900 :: Rewards 410.487 :: steps: 1.00 :: Time: 0.083(0.08312/step) :: Entropy : 0.000 :: Grads : []
910 :: Rewards 412.904 :: steps: 1.00 :: Time: 0.085(0.08475/step) :: Entropy : 0.000 :: Grads : []
920 :: Rewards 415.374 :: steps: 1.00 :: Time: 0.086(0.08577/step) :: Entropy : 0.000 :: Grads : []
930 :: Rewards 417.752 :: steps: 1.00 :: Time: 0.087(0.08745/step) :: Entropy : 0.000 :: Grads : []
940 :: Rewards 419.933 :: steps: 1.00 :: Time: 0.089(0.08910/step) :: Entropy : 0.000 :: Grads : []
950 :: Rewards 421.794 :: steps: 1.00 :: Time: 0.093(0.09291/step) :: Entropy : 0.000 :: Grads : []
960 :: Rewards 423.844 :: steps: 1.00 :: Time: 0.094(0.09392/step) :: Entropy : 0.000 :: Grads : []
970 :: Rewards 425.642 :: steps: 1.00 :: Time: 0.095(0.09533/step) :: Entropy : 0.000 :: Grads : []
980 :: Rewards 427.233 :: steps: 1.00 :: Time: 0.097(0.09742/step) :: Entropy : 0.000 :: Grads : []
990 :: Rewards 429.006 :: steps: 1.00 :: Time: 0.099(0.09877/step) :: Entropy : 0.000 :: Grads : []
999 :: Rewards 430.232 :: steps: 0.90 :: Time: 0.090(0.10022/step) :: Entropy : 0.000 :: Grads : []
Total time taken: 45.4118378162384
