Module path:  Environments.NS_Reco NS_Reco
Dynamically loaded from:  <class 'Environments.NS_Reco.NS_Reco'>
Reward Amplitudes: [4.17022005e-01 7.20324493e-01 1.14374817e-04 3.02332573e-01
 1.46755891e-01] :: Avg 0.317309867282206 
Module path:  Src.Algorithms.ProOLS ProOLS
Dynamically loaded from:  <class 'Src.Algorithms.ProOLS.ProOLS'>
=====Configurations=====
 Namespace(NN_basis_dim='32', Policy_basis_dim='32', actor_lr=0.006528973986480399, algo_name='ProOLS', base=0, batch_size=1000, buffer_size=1000, debug=False, delta=1, entropy_lambda=0.03442646767804006, env_name='NS_Reco', experiment='NS_3r_', extrapolator_basis='Fourier', folder_suffix='Default', fourier_coupled=True, fourier_k=7, fourier_order=3, gamma=0.99, gauss_std=1.5, gpu=0, hyper='default', importance_clip=5.0, inc=1, log_output='term_file', max_episodes=1000, max_inner=30, max_steps=500, optim='rmsprop', oracle=-1, raw_basis=True, restore=False, save_count=100, save_model=True, seed=2, speed=3, state_lr=0.001, summary=True, swarm=False, timestamp='5|25|9:23:7')
Actions space: 5 :: State space: 1
State Low: tensor([0.]) :: State High: tensor([1.])
State features:  [('dummy_param', torch.Size([1]))]
Policy:  [('fc1.weight', torch.Size([5, 1])), ('fc1.bias', torch.Size([5]))]
0 :: Rewards -0.012 :: steps: 0.10 :: Time: 0.000(0.00054/step) :: Entropy : 0.000 :: Grads : []
10 :: Rewards -0.242 :: steps: 1.00 :: Time: 0.005(0.00519/step) :: Entropy : 0.000 :: Grads : []
20 :: Rewards -0.553 :: steps: 1.00 :: Time: 0.012(0.01236/step) :: Entropy : 0.000 :: Grads : []
30 :: Rewards -1.334 :: steps: 1.00 :: Time: 0.013(0.01273/step) :: Entropy : 0.000 :: Grads : []
40 :: Rewards -2.349 :: steps: 1.00 :: Time: 0.012(0.01241/step) :: Entropy : 0.000 :: Grads : []
50 :: Rewards -2.662 :: steps: 1.00 :: Time: 0.012(0.01238/step) :: Entropy : 0.000 :: Grads : []
60 :: Rewards -2.662 :: steps: 1.00 :: Time: 0.012(0.01244/step) :: Entropy : 0.000 :: Grads : []
70 :: Rewards -2.662 :: steps: 1.00 :: Time: 0.013(0.01257/step) :: Entropy : 0.000 :: Grads : []
80 :: Rewards -2.662 :: steps: 1.00 :: Time: 0.013(0.01260/step) :: Entropy : 0.000 :: Grads : []
90 :: Rewards -2.662 :: steps: 1.00 :: Time: 0.013(0.01265/step) :: Entropy : 0.000 :: Grads : []
100 :: Rewards -2.662 :: steps: 1.00 :: Time: 0.013(0.01275/step) :: Entropy : 0.000 :: Grads : []
110 :: Rewards -2.662 :: steps: 1.00 :: Time: 0.013(0.01285/step) :: Entropy : 0.000 :: Grads : []
120 :: Rewards -2.662 :: steps: 1.00 :: Time: 0.013(0.01295/step) :: Entropy : 0.000 :: Grads : []
130 :: Rewards -2.662 :: steps: 1.00 :: Time: 0.013(0.01307/step) :: Entropy : 0.000 :: Grads : []
140 :: Rewards -2.662 :: steps: 1.00 :: Time: 0.013(0.01324/step) :: Entropy : 0.000 :: Grads : []
150 :: Rewards -2.662 :: steps: 1.00 :: Time: 0.013(0.01332/step) :: Entropy : 0.000 :: Grads : []
160 :: Rewards -2.662 :: steps: 1.00 :: Time: 0.013(0.01342/step) :: Entropy : 0.000 :: Grads : []
170 :: Rewards -2.662 :: steps: 1.00 :: Time: 0.014(0.01355/step) :: Entropy : 0.000 :: Grads : []
180 :: Rewards -2.662 :: steps: 1.00 :: Time: 0.014(0.01365/step) :: Entropy : 0.000 :: Grads : []
190 :: Rewards -2.662 :: steps: 1.00 :: Time: 0.014(0.01372/step) :: Entropy : 0.000 :: Grads : []
200 :: Rewards -2.662 :: steps: 1.00 :: Time: 0.014(0.01384/step) :: Entropy : 0.000 :: Grads : []
210 :: Rewards -2.662 :: steps: 1.00 :: Time: 0.014(0.01392/step) :: Entropy : 0.000 :: Grads : []
220 :: Rewards -2.662 :: steps: 1.00 :: Time: 0.014(0.01405/step) :: Entropy : 0.000 :: Grads : []
230 :: Rewards -2.662 :: steps: 1.00 :: Time: 0.014(0.01413/step) :: Entropy : 0.000 :: Grads : []
240 :: Rewards -2.662 :: steps: 1.00 :: Time: 0.014(0.01421/step) :: Entropy : 0.000 :: Grads : []
250 :: Rewards -2.913 :: steps: 1.00 :: Time: 0.014(0.01431/step) :: Entropy : 0.000 :: Grads : []
260 :: Rewards -3.664 :: steps: 1.00 :: Time: 0.015(0.01468/step) :: Entropy : 0.000 :: Grads : []
270 :: Rewards -4.924 :: steps: 1.00 :: Time: 0.015(0.01473/step) :: Entropy : 0.000 :: Grads : []
280 :: Rewards -6.470 :: steps: 1.00 :: Time: 0.015(0.01485/step) :: Entropy : 0.000 :: Grads : []
290 :: Rewards -7.264 :: steps: 1.00 :: Time: 0.015(0.01485/step) :: Entropy : 0.000 :: Grads : []
300 :: Rewards -8.002 :: steps: 1.00 :: Time: 0.015(0.01506/step) :: Entropy : 0.000 :: Grads : []
310 :: Rewards -8.661 :: steps: 1.00 :: Time: 0.015(0.01517/step) :: Entropy : 0.000 :: Grads : []
320 :: Rewards -9.161 :: steps: 1.00 :: Time: 0.015(0.01523/step) :: Entropy : 0.000 :: Grads : []
330 :: Rewards -9.594 :: steps: 1.00 :: Time: 0.016(0.01567/step) :: Entropy : 0.000 :: Grads : []
340 :: Rewards -9.980 :: steps: 1.00 :: Time: 0.016(0.01573/step) :: Entropy : 0.000 :: Grads : []
350 :: Rewards -10.040 :: steps: 1.00 :: Time: 0.016(0.01607/step) :: Entropy : 0.000 :: Grads : []
360 :: Rewards -10.137 :: steps: 1.00 :: Time: 0.016(0.01624/step) :: Entropy : 0.000 :: Grads : []
370 :: Rewards -10.392 :: steps: 1.00 :: Time: 0.016(0.01635/step) :: Entropy : 0.000 :: Grads : []
380 :: Rewards -10.493 :: steps: 1.00 :: Time: 0.016(0.01648/step) :: Entropy : 0.000 :: Grads : []
390 :: Rewards -11.178 :: steps: 1.00 :: Time: 0.017(0.01657/step) :: Entropy : 0.000 :: Grads : []
400 :: Rewards -11.286 :: steps: 1.00 :: Time: 0.017(0.01667/step) :: Entropy : 0.000 :: Grads : []
410 :: Rewards -11.286 :: steps: 1.00 :: Time: 0.017(0.01688/step) :: Entropy : 0.000 :: Grads : []
420 :: Rewards -11.502 :: steps: 1.00 :: Time: 0.017(0.01735/step) :: Entropy : 0.000 :: Grads : []
430 :: Rewards -11.726 :: steps: 1.00 :: Time: 0.017(0.01741/step) :: Entropy : 0.000 :: Grads : []
440 :: Rewards -12.171 :: steps: 1.00 :: Time: 0.018(0.01752/step) :: Entropy : 0.000 :: Grads : []
450 :: Rewards -12.980 :: steps: 1.00 :: Time: 0.018(0.01756/step) :: Entropy : 0.000 :: Grads : []
460 :: Rewards -14.422 :: steps: 1.00 :: Time: 0.018(0.01763/step) :: Entropy : 0.000 :: Grads : []
470 :: Rewards -14.732 :: steps: 1.00 :: Time: 0.018(0.01769/step) :: Entropy : 0.000 :: Grads : []
480 :: Rewards -14.775 :: steps: 1.00 :: Time: 0.018(0.01777/step) :: Entropy : 0.000 :: Grads : []
490 :: Rewards -16.049 :: steps: 1.00 :: Time: 0.018(0.01785/step) :: Entropy : 0.000 :: Grads : []
500 :: Rewards -16.650 :: steps: 1.00 :: Time: 0.018(0.01794/step) :: Entropy : 0.000 :: Grads : []
510 :: Rewards -17.198 :: steps: 1.00 :: Time: 0.018(0.01800/step) :: Entropy : 0.000 :: Grads : []
520 :: Rewards -17.274 :: steps: 1.00 :: Time: 0.018(0.01836/step) :: Entropy : 0.000 :: Grads : []
530 :: Rewards -17.341 :: steps: 1.00 :: Time: 0.018(0.01839/step) :: Entropy : 0.000 :: Grads : []
540 :: Rewards -17.788 :: steps: 1.00 :: Time: 0.018(0.01845/step) :: Entropy : 0.000 :: Grads : []
550 :: Rewards -18.727 :: steps: 1.00 :: Time: 0.019(0.01855/step) :: Entropy : 0.000 :: Grads : []
560 :: Rewards -18.856 :: steps: 1.00 :: Time: 0.019(0.01857/step) :: Entropy : 0.000 :: Grads : []
570 :: Rewards -18.981 :: steps: 1.00 :: Time: 0.019(0.01865/step) :: Entropy : 0.000 :: Grads : []
580 :: Rewards -19.123 :: steps: 1.00 :: Time: 0.019(0.01888/step) :: Entropy : 0.000 :: Grads : []
590 :: Rewards -19.557 :: steps: 1.00 :: Time: 0.019(0.01882/step) :: Entropy : 0.000 :: Grads : []
600 :: Rewards -19.836 :: steps: 1.00 :: Time: 0.019(0.01886/step) :: Entropy : 0.000 :: Grads : []
610 :: Rewards -19.956 :: steps: 1.00 :: Time: 0.019(0.01891/step) :: Entropy : 0.000 :: Grads : []
620 :: Rewards -19.956 :: steps: 1.00 :: Time: 0.019(0.01880/step) :: Entropy : 0.000 :: Grads : []
630 :: Rewards -19.956 :: steps: 1.00 :: Time: 0.019(0.01879/step) :: Entropy : 0.000 :: Grads : []
640 :: Rewards -19.956 :: steps: 1.00 :: Time: 0.019(0.01907/step) :: Entropy : 0.000 :: Grads : []
650 :: Rewards -19.956 :: steps: 1.00 :: Time: 0.019(0.01915/step) :: Entropy : 0.000 :: Grads : []
660 :: Rewards -19.956 :: steps: 1.00 :: Time: 0.019(0.01924/step) :: Entropy : 0.000 :: Grads : []
670 :: Rewards -19.956 :: steps: 1.00 :: Time: 0.019(0.01930/step) :: Entropy : 0.000 :: Grads : []
680 :: Rewards -19.956 :: steps: 1.00 :: Time: 0.019(0.01938/step) :: Entropy : 0.000 :: Grads : []
690 :: Rewards -19.956 :: steps: 1.00 :: Time: 0.019(0.01942/step) :: Entropy : 0.000 :: Grads : []
700 :: Rewards -19.956 :: steps: 1.00 :: Time: 0.020(0.01969/step) :: Entropy : 0.000 :: Grads : []
710 :: Rewards -19.956 :: steps: 1.00 :: Time: 0.020(0.01972/step) :: Entropy : 0.000 :: Grads : []
720 :: Rewards -19.956 :: steps: 1.00 :: Time: 0.020(0.01982/step) :: Entropy : 0.000 :: Grads : []
730 :: Rewards -19.956 :: steps: 1.00 :: Time: 0.020(0.01993/step) :: Entropy : 0.000 :: Grads : []
740 :: Rewards -19.956 :: steps: 1.00 :: Time: 0.020(0.01995/step) :: Entropy : 0.000 :: Grads : []
750 :: Rewards -19.956 :: steps: 1.00 :: Time: 0.020(0.02008/step) :: Entropy : 0.000 :: Grads : []
760 :: Rewards -19.956 :: steps: 1.00 :: Time: 0.020(0.02022/step) :: Entropy : 0.000 :: Grads : []
770 :: Rewards -19.956 :: steps: 1.00 :: Time: 0.020(0.02027/step) :: Entropy : 0.000 :: Grads : []
780 :: Rewards -19.956 :: steps: 1.00 :: Time: 0.020(0.02042/step) :: Entropy : 0.000 :: Grads : []
790 :: Rewards -19.956 :: steps: 1.00 :: Time: 0.020(0.02037/step) :: Entropy : 0.000 :: Grads : []
800 :: Rewards -19.956 :: steps: 1.00 :: Time: 0.021(0.02052/step) :: Entropy : 0.000 :: Grads : []
810 :: Rewards -19.956 :: steps: 1.00 :: Time: 0.021(0.02053/step) :: Entropy : 0.000 :: Grads : []
820 :: Rewards -19.956 :: steps: 1.00 :: Time: 0.021(0.02082/step) :: Entropy : 0.000 :: Grads : []
830 :: Rewards -19.956 :: steps: 1.00 :: Time: 0.021(0.02082/step) :: Entropy : 0.000 :: Grads : []
840 :: Rewards -19.956 :: steps: 1.00 :: Time: 0.021(0.02098/step) :: Entropy : 0.000 :: Grads : []
850 :: Rewards -20.152 :: steps: 1.00 :: Time: 0.025(0.02489/step) :: Entropy : 0.000 :: Grads : []
860 :: Rewards -21.138 :: steps: 1.00 :: Time: 0.022(0.02157/step) :: Entropy : 0.000 :: Grads : []
870 :: Rewards -22.470 :: steps: 1.00 :: Time: 0.025(0.02548/step) :: Entropy : 0.000 :: Grads : []
880 :: Rewards -23.478 :: steps: 1.00 :: Time: 0.023(0.02277/step) :: Entropy : 0.000 :: Grads : []
890 :: Rewards -24.513 :: steps: 1.00 :: Time: 0.025(0.02484/step) :: Entropy : 0.000 :: Grads : []
900 :: Rewards -25.645 :: steps: 1.00 :: Time: 0.021(0.02143/step) :: Entropy : 0.000 :: Grads : []
910 :: Rewards -26.789 :: steps: 1.00 :: Time: 0.022(0.02205/step) :: Entropy : 0.000 :: Grads : []
920 :: Rewards -27.950 :: steps: 1.00 :: Time: 0.024(0.02378/step) :: Entropy : 0.000 :: Grads : []
930 :: Rewards -29.169 :: steps: 1.00 :: Time: 0.021(0.02145/step) :: Entropy : 0.000 :: Grads : []
940 :: Rewards -30.272 :: steps: 1.00 :: Time: 0.023(0.02263/step) :: Entropy : 0.000 :: Grads : []
950 :: Rewards -31.400 :: steps: 1.00 :: Time: 0.021(0.02143/step) :: Entropy : 0.000 :: Grads : []
960 :: Rewards -32.551 :: steps: 1.00 :: Time: 0.021(0.02142/step) :: Entropy : 0.000 :: Grads : []
970 :: Rewards -33.660 :: steps: 1.00 :: Time: 0.021(0.02146/step) :: Entropy : 0.000 :: Grads : []
980 :: Rewards -34.730 :: steps: 1.00 :: Time: 0.022(0.02157/step) :: Entropy : 0.000 :: Grads : []
990 :: Rewards -35.803 :: steps: 1.00 :: Time: 0.021(0.02147/step) :: Entropy : 0.000 :: Grads : []
999 :: Rewards -36.724 :: steps: 0.90 :: Time: 0.019(0.02156/step) :: Entropy : 0.000 :: Grads : []
Total time taken: 17.58347511291504
