Module path:  Environments.NS_Reco NS_Reco
Dynamically loaded from:  <class 'Environments.NS_Reco.NS_Reco'>
Reward Amplitudes: [4.17022005e-01 7.20324493e-01 1.14374817e-04 3.02332573e-01
 1.46755891e-01] :: Avg 0.317309867282206 
Module path:  Src.Algorithms.OFPG OFPG
Dynamically loaded from:  <class 'Src.Algorithms.OFPG.OFPG'>
=====Configurations=====
 Namespace(NN_basis_dim='32', Policy_basis_dim='32', actor_lr=0.0021758107191788777, algo_name='OFPG', base=0, batch_size=1000, buffer_size=1000, debug=False, delta=5, entropy_lambda=0.0820027845863337, env_name='NS_Reco', experiment='NS_2_', extrapolator_basis='Fourier', folder_suffix='Default', fourier_coupled=True, fourier_k=7, fourier_order=3, gamma=0.99, gauss_std=1.5, gpu=0, hyper='default', importance_clip=15.0, inc=1, log_output='term_file', max_episodes=1000, max_inner=100, max_steps=500, optim='rmsprop', oracle=-1, raw_basis=True, restore=False, save_count=100, save_model=True, seed=4, speed=2, state_lr=0.001, summary=True, swarm=False, timestamp='5|24|17:50:41')
Actions space: 5 :: State space: 1
State Low: tensor([0.]) :: State High: tensor([1.])
State features:  [('dummy_param', torch.Size([1]))]
Policy:  [('fc1.weight', torch.Size([5, 1])), ('fc1.bias', torch.Size([5]))]
0 :: Rewards 0.006 :: steps: 0.10 :: Time: 0.000(0.00060/step) :: Entropy : 0.000 :: Grads : []
10 :: Rewards 0.152 :: steps: 1.00 :: Time: 0.008(0.00789/step) :: Entropy : 0.000 :: Grads : []
20 :: Rewards 0.584 :: steps: 1.00 :: Time: 0.008(0.00766/step) :: Entropy : 0.000 :: Grads : []
30 :: Rewards 1.187 :: steps: 1.00 :: Time: 0.008(0.00774/step) :: Entropy : 0.000 :: Grads : []
40 :: Rewards 2.637 :: steps: 1.00 :: Time: 0.007(0.00742/step) :: Entropy : 0.000 :: Grads : []
50 :: Rewards 3.874 :: steps: 1.00 :: Time: 0.008(0.00751/step) :: Entropy : 0.000 :: Grads : []
60 :: Rewards 5.658 :: steps: 1.00 :: Time: 0.008(0.00752/step) :: Entropy : 0.000 :: Grads : []
70 :: Rewards 7.435 :: steps: 1.00 :: Time: 0.008(0.00766/step) :: Entropy : 0.000 :: Grads : []
80 :: Rewards 9.845 :: steps: 1.00 :: Time: 0.008(0.00772/step) :: Entropy : 0.000 :: Grads : []
90 :: Rewards 12.825 :: steps: 1.00 :: Time: 0.008(0.00777/step) :: Entropy : 0.000 :: Grads : []
100 :: Rewards 15.826 :: steps: 1.00 :: Time: 0.008(0.00785/step) :: Entropy : 0.000 :: Grads : []
110 :: Rewards 19.619 :: steps: 1.00 :: Time: 0.008(0.00793/step) :: Entropy : 0.000 :: Grads : []
120 :: Rewards 22.834 :: steps: 1.00 :: Time: 0.008(0.00798/step) :: Entropy : 0.000 :: Grads : []
130 :: Rewards 27.077 :: steps: 1.00 :: Time: 0.008(0.00808/step) :: Entropy : 0.000 :: Grads : []
140 :: Rewards 32.060 :: steps: 1.00 :: Time: 0.008(0.00824/step) :: Entropy : 0.000 :: Grads : []
150 :: Rewards 37.952 :: steps: 1.00 :: Time: 0.008(0.00828/step) :: Entropy : 0.000 :: Grads : []
160 :: Rewards 43.738 :: steps: 1.00 :: Time: 0.008(0.00831/step) :: Entropy : 0.000 :: Grads : []
170 :: Rewards 49.495 :: steps: 1.00 :: Time: 0.008(0.00838/step) :: Entropy : 0.000 :: Grads : []
180 :: Rewards 55.755 :: steps: 1.00 :: Time: 0.008(0.00843/step) :: Entropy : 0.000 :: Grads : []
190 :: Rewards 62.401 :: steps: 1.00 :: Time: 0.009(0.00852/step) :: Entropy : 0.000 :: Grads : []
200 :: Rewards 69.204 :: steps: 1.00 :: Time: 0.009(0.00859/step) :: Entropy : 0.000 :: Grads : []
210 :: Rewards 76.379 :: steps: 1.00 :: Time: 0.009(0.00866/step) :: Entropy : 0.000 :: Grads : []
220 :: Rewards 83.576 :: steps: 1.00 :: Time: 0.009(0.00872/step) :: Entropy : 0.000 :: Grads : []
230 :: Rewards 90.140 :: steps: 1.00 :: Time: 0.009(0.00883/step) :: Entropy : 0.000 :: Grads : []
240 :: Rewards 97.316 :: steps: 1.00 :: Time: 0.009(0.00931/step) :: Entropy : 0.000 :: Grads : []
250 :: Rewards 104.439 :: steps: 1.00 :: Time: 0.009(0.00897/step) :: Entropy : 0.000 :: Grads : []
260 :: Rewards 111.396 :: steps: 1.00 :: Time: 0.009(0.00908/step) :: Entropy : 0.000 :: Grads : []
270 :: Rewards 118.197 :: steps: 1.00 :: Time: 0.009(0.00919/step) :: Entropy : 0.000 :: Grads : []
280 :: Rewards 124.822 :: steps: 1.00 :: Time: 0.009(0.00929/step) :: Entropy : 0.000 :: Grads : []
290 :: Rewards 130.649 :: steps: 1.00 :: Time: 0.009(0.00933/step) :: Entropy : 0.000 :: Grads : []
300 :: Rewards 136.832 :: steps: 1.00 :: Time: 0.012(0.01192/step) :: Entropy : 0.000 :: Grads : []
310 :: Rewards 142.697 :: steps: 1.00 :: Time: 0.009(0.00940/step) :: Entropy : 0.000 :: Grads : []
320 :: Rewards 148.129 :: steps: 1.00 :: Time: 0.009(0.00945/step) :: Entropy : 0.000 :: Grads : []
330 :: Rewards 153.348 :: steps: 1.00 :: Time: 0.010(0.00970/step) :: Entropy : 0.000 :: Grads : []
340 :: Rewards 158.097 :: steps: 1.00 :: Time: 0.010(0.00972/step) :: Entropy : 0.000 :: Grads : []
350 :: Rewards 162.588 :: steps: 1.00 :: Time: 0.010(0.00994/step) :: Entropy : 0.000 :: Grads : []
360 :: Rewards 166.612 :: steps: 1.00 :: Time: 0.010(0.01010/step) :: Entropy : 0.000 :: Grads : []
370 :: Rewards 170.255 :: steps: 1.00 :: Time: 0.010(0.01017/step) :: Entropy : 0.000 :: Grads : []
380 :: Rewards 173.264 :: steps: 1.00 :: Time: 0.010(0.01022/step) :: Entropy : 0.000 :: Grads : []
390 :: Rewards 175.942 :: steps: 1.00 :: Time: 0.010(0.01029/step) :: Entropy : 0.000 :: Grads : []
400 :: Rewards 178.200 :: steps: 1.00 :: Time: 0.010(0.01031/step) :: Entropy : 0.000 :: Grads : []
410 :: Rewards 179.901 :: steps: 1.00 :: Time: 0.011(0.01059/step) :: Entropy : 0.000 :: Grads : []
420 :: Rewards 181.210 :: steps: 1.00 :: Time: 0.011(0.01079/step) :: Entropy : 0.000 :: Grads : []
430 :: Rewards 182.376 :: steps: 1.00 :: Time: 0.011(0.01082/step) :: Entropy : 0.000 :: Grads : []
440 :: Rewards 183.132 :: steps: 1.00 :: Time: 0.011(0.01089/step) :: Entropy : 0.000 :: Grads : []
450 :: Rewards 183.388 :: steps: 1.00 :: Time: 0.011(0.01093/step) :: Entropy : 0.000 :: Grads : []
460 :: Rewards 183.199 :: steps: 1.00 :: Time: 0.014(0.01351/step) :: Entropy : 0.000 :: Grads : []
470 :: Rewards 182.885 :: steps: 1.00 :: Time: 0.011(0.01123/step) :: Entropy : 0.000 :: Grads : []
480 :: Rewards 182.200 :: steps: 1.00 :: Time: 0.011(0.01110/step) :: Entropy : 0.000 :: Grads : []
490 :: Rewards 180.998 :: steps: 1.00 :: Time: 0.011(0.01114/step) :: Entropy : 0.000 :: Grads : []
500 :: Rewards 179.980 :: steps: 1.00 :: Time: 0.011(0.01121/step) :: Entropy : 0.000 :: Grads : []
510 :: Rewards 177.602 :: steps: 1.00 :: Time: 0.011(0.01119/step) :: Entropy : 0.000 :: Grads : []
520 :: Rewards 176.800 :: steps: 1.00 :: Time: 0.011(0.01146/step) :: Entropy : 0.000 :: Grads : []
530 :: Rewards 175.239 :: steps: 1.00 :: Time: 0.011(0.01147/step) :: Entropy : 0.000 :: Grads : []
540 :: Rewards 172.783 :: steps: 1.00 :: Time: 0.012(0.01152/step) :: Entropy : 0.000 :: Grads : []
550 :: Rewards 170.040 :: steps: 1.00 :: Time: 0.011(0.01149/step) :: Entropy : 0.000 :: Grads : []
560 :: Rewards 167.096 :: steps: 1.00 :: Time: 0.012(0.01159/step) :: Entropy : 0.000 :: Grads : []
570 :: Rewards 166.257 :: steps: 1.00 :: Time: 0.012(0.01186/step) :: Entropy : 0.000 :: Grads : []
580 :: Rewards 162.691 :: steps: 1.00 :: Time: 0.012(0.01174/step) :: Entropy : 0.000 :: Grads : []
590 :: Rewards 160.670 :: steps: 1.00 :: Time: 0.012(0.01173/step) :: Entropy : 0.000 :: Grads : []
600 :: Rewards 157.904 :: steps: 1.00 :: Time: 0.012(0.01173/step) :: Entropy : 0.000 :: Grads : []
610 :: Rewards 153.040 :: steps: 1.00 :: Time: 0.012(0.01197/step) :: Entropy : 0.000 :: Grads : []
620 :: Rewards 150.394 :: steps: 1.00 :: Time: 0.012(0.01195/step) :: Entropy : 0.000 :: Grads : []
630 :: Rewards 146.975 :: steps: 1.00 :: Time: 0.012(0.01186/step) :: Entropy : 0.000 :: Grads : []
640 :: Rewards 143.494 :: steps: 1.00 :: Time: 0.012(0.01187/step) :: Entropy : 0.000 :: Grads : []
650 :: Rewards 140.260 :: steps: 1.00 :: Time: 0.012(0.01201/step) :: Entropy : 0.000 :: Grads : []
660 :: Rewards 136.692 :: steps: 1.00 :: Time: 0.012(0.01203/step) :: Entropy : 0.000 :: Grads : []
670 :: Rewards 133.533 :: steps: 1.00 :: Time: 0.012(0.01222/step) :: Entropy : 0.000 :: Grads : []
680 :: Rewards 130.190 :: steps: 1.00 :: Time: 0.012(0.01232/step) :: Entropy : 0.000 :: Grads : []
690 :: Rewards 127.596 :: steps: 1.00 :: Time: 0.012(0.01216/step) :: Entropy : 0.000 :: Grads : []
700 :: Rewards 123.063 :: steps: 1.00 :: Time: 0.012(0.01225/step) :: Entropy : 0.000 :: Grads : []
710 :: Rewards 121.675 :: steps: 1.00 :: Time: 0.012(0.01231/step) :: Entropy : 0.000 :: Grads : []
720 :: Rewards 117.932 :: steps: 1.00 :: Time: 0.012(0.01231/step) :: Entropy : 0.000 :: Grads : []
730 :: Rewards 115.325 :: steps: 1.00 :: Time: 0.012(0.01239/step) :: Entropy : 0.000 :: Grads : []
740 :: Rewards 112.818 :: steps: 1.00 :: Time: 0.012(0.01248/step) :: Entropy : 0.000 :: Grads : []
750 :: Rewards 110.222 :: steps: 1.00 :: Time: 0.012(0.01245/step) :: Entropy : 0.000 :: Grads : []
760 :: Rewards 106.333 :: steps: 1.00 :: Time: 0.013(0.01254/step) :: Entropy : 0.000 :: Grads : []
770 :: Rewards 102.979 :: steps: 1.00 :: Time: 0.013(0.01268/step) :: Entropy : 0.000 :: Grads : []
780 :: Rewards 100.550 :: steps: 1.00 :: Time: 0.013(0.01275/step) :: Entropy : 0.000 :: Grads : []
790 :: Rewards 98.291 :: steps: 1.00 :: Time: 0.013(0.01291/step) :: Entropy : 0.000 :: Grads : []
800 :: Rewards 95.171 :: steps: 1.00 :: Time: 0.013(0.01291/step) :: Entropy : 0.000 :: Grads : []
810 :: Rewards 92.369 :: steps: 1.00 :: Time: 0.013(0.01292/step) :: Entropy : 0.000 :: Grads : []
820 :: Rewards 89.374 :: steps: 1.00 :: Time: 0.013(0.01307/step) :: Entropy : 0.000 :: Grads : []
830 :: Rewards 86.238 :: steps: 1.00 :: Time: 0.013(0.01307/step) :: Entropy : 0.000 :: Grads : []
840 :: Rewards 82.874 :: steps: 1.00 :: Time: 0.013(0.01316/step) :: Entropy : 0.000 :: Grads : []
850 :: Rewards 80.809 :: steps: 1.00 :: Time: 0.013(0.01315/step) :: Entropy : 0.000 :: Grads : []
860 :: Rewards 78.088 :: steps: 1.00 :: Time: 0.013(0.01325/step) :: Entropy : 0.000 :: Grads : []
870 :: Rewards 76.245 :: steps: 1.00 :: Time: 0.013(0.01340/step) :: Entropy : 0.000 :: Grads : []
880 :: Rewards 74.889 :: steps: 1.00 :: Time: 0.013(0.01324/step) :: Entropy : 0.000 :: Grads : []
890 :: Rewards 72.761 :: steps: 1.00 :: Time: 0.013(0.01308/step) :: Entropy : 0.000 :: Grads : []
900 :: Rewards 70.239 :: steps: 1.00 :: Time: 0.013(0.01316/step) :: Entropy : 0.000 :: Grads : []
910 :: Rewards 68.400 :: steps: 1.00 :: Time: 0.013(0.01314/step) :: Entropy : 0.000 :: Grads : []
920 :: Rewards 67.715 :: steps: 1.00 :: Time: 0.013(0.01322/step) :: Entropy : 0.000 :: Grads : []
930 :: Rewards 66.219 :: steps: 1.00 :: Time: 0.013(0.01316/step) :: Entropy : 0.000 :: Grads : []
940 :: Rewards 64.385 :: steps: 1.00 :: Time: 0.013(0.01339/step) :: Entropy : 0.000 :: Grads : []
950 :: Rewards 61.794 :: steps: 1.00 :: Time: 0.013(0.01323/step) :: Entropy : 0.000 :: Grads : []
960 :: Rewards 61.126 :: steps: 1.00 :: Time: 0.013(0.01330/step) :: Entropy : 0.000 :: Grads : []
970 :: Rewards 60.666 :: steps: 1.00 :: Time: 0.013(0.01327/step) :: Entropy : 0.000 :: Grads : []
980 :: Rewards 58.697 :: steps: 1.00 :: Time: 0.013(0.01327/step) :: Entropy : 0.000 :: Grads : []
990 :: Rewards 56.836 :: steps: 1.00 :: Time: 0.013(0.01333/step) :: Entropy : 0.000 :: Grads : []
999 :: Rewards 56.075 :: steps: 0.90 :: Time: 0.013(0.01495/step) :: Entropy : 0.000 :: Grads : []
Total time taken: 10.974220991134644
