Module path:  Environments.NS_Reco NS_Reco
Dynamically loaded from:  <class 'Environments.NS_Reco.NS_Reco'>
Reward Amplitudes: [4.17022005e-01 7.20324493e-01 1.14374817e-04 3.02332573e-01
 1.46755891e-01] :: Avg 0.317309867282206 
Module path:  Src.Algorithms.ProWLS ProWLS
Dynamically loaded from:  <class 'Src.Algorithms.ProWLS.ProWLS'>
=====Configurations=====
 Namespace(NN_basis_dim='32', Policy_basis_dim='32', actor_lr=0.0017966647558361548, algo_name='ProWLS', base=0, batch_size=1000, buffer_size=1000, debug=False, delta=1, entropy_lambda=0.006997441955638448, env_name='NS_Reco', experiment='NS_1_', extrapolator_basis='Fourier', folder_suffix='Default', fourier_coupled=True, fourier_k=3, fourier_order=3, gamma=0.99, gauss_std=1.5, gpu=0, hyper='default', importance_clip=10.0, inc=1, log_output='term_file', max_episodes=1000, max_inner=30, max_steps=500, optim='rmsprop', oracle=-1, raw_basis=True, restore=False, save_count=100, save_model=True, seed=28, speed=1, state_lr=0.001, summary=True, swarm=False, timestamp='5|24|21:47:22')
Actions space: 5 :: State space: 1
State Low: tensor([0.]) :: State High: tensor([1.])
State features:  [('dummy_param', torch.Size([1]))]
Policy:  [('fc1.weight', torch.Size([5, 1])), ('fc1.bias', torch.Size([5]))]
0 :: Rewards -0.003 :: steps: 0.10 :: Time: 0.000(0.00059/step) :: Entropy : 0.000 :: Grads : []
10 :: Rewards 0.081 :: steps: 1.00 :: Time: 0.013(0.01331/step) :: Entropy : 0.000 :: Grads : []
20 :: Rewards 0.349 :: steps: 1.00 :: Time: 0.017(0.01666/step) :: Entropy : 0.000 :: Grads : []
30 :: Rewards 0.765 :: steps: 1.00 :: Time: 0.017(0.01704/step) :: Entropy : 0.000 :: Grads : []
40 :: Rewards 1.428 :: steps: 1.00 :: Time: 0.017(0.01723/step) :: Entropy : 0.000 :: Grads : []
50 :: Rewards 2.503 :: steps: 1.00 :: Time: 0.017(0.01701/step) :: Entropy : 0.000 :: Grads : []
60 :: Rewards 3.925 :: steps: 1.00 :: Time: 0.017(0.01717/step) :: Entropy : 0.000 :: Grads : []
70 :: Rewards 5.477 :: steps: 1.00 :: Time: 0.017(0.01741/step) :: Entropy : 0.000 :: Grads : []
80 :: Rewards 7.283 :: steps: 1.00 :: Time: 0.017(0.01747/step) :: Entropy : 0.000 :: Grads : []
90 :: Rewards 9.138 :: steps: 1.00 :: Time: 0.018(0.01778/step) :: Entropy : 0.000 :: Grads : []
100 :: Rewards 10.830 :: steps: 1.00 :: Time: 0.018(0.01795/step) :: Entropy : 0.000 :: Grads : []
110 :: Rewards 12.990 :: steps: 1.00 :: Time: 0.018(0.01821/step) :: Entropy : 0.000 :: Grads : []
120 :: Rewards 15.628 :: steps: 1.00 :: Time: 0.019(0.01852/step) :: Entropy : 0.000 :: Grads : []
130 :: Rewards 18.739 :: steps: 1.00 :: Time: 0.019(0.01876/step) :: Entropy : 0.000 :: Grads : []
140 :: Rewards 21.889 :: steps: 1.00 :: Time: 0.019(0.01906/step) :: Entropy : 0.000 :: Grads : []
150 :: Rewards 25.272 :: steps: 1.00 :: Time: 0.019(0.01939/step) :: Entropy : 0.000 :: Grads : []
160 :: Rewards 29.068 :: steps: 1.00 :: Time: 0.020(0.01975/step) :: Entropy : 0.000 :: Grads : []
170 :: Rewards 33.125 :: steps: 1.00 :: Time: 0.020(0.02007/step) :: Entropy : 0.000 :: Grads : []
180 :: Rewards 37.382 :: steps: 1.00 :: Time: 0.021(0.02058/step) :: Entropy : 0.000 :: Grads : []
190 :: Rewards 41.819 :: steps: 1.00 :: Time: 0.022(0.02214/step) :: Entropy : 0.000 :: Grads : []
200 :: Rewards 46.443 :: steps: 1.00 :: Time: 0.022(0.02244/step) :: Entropy : 0.000 :: Grads : []
210 :: Rewards 49.506 :: steps: 1.00 :: Time: 0.023(0.02258/step) :: Entropy : 0.000 :: Grads : []
220 :: Rewards 54.075 :: steps: 1.00 :: Time: 0.023(0.02334/step) :: Entropy : 0.000 :: Grads : []
230 :: Rewards 58.735 :: steps: 1.00 :: Time: 0.023(0.02349/step) :: Entropy : 0.000 :: Grads : []
240 :: Rewards 63.839 :: steps: 1.00 :: Time: 0.024(0.02401/step) :: Entropy : 0.000 :: Grads : []
250 :: Rewards 69.378 :: steps: 1.00 :: Time: 0.025(0.02453/step) :: Entropy : 0.000 :: Grads : []
260 :: Rewards 74.466 :: steps: 1.00 :: Time: 0.025(0.02505/step) :: Entropy : 0.000 :: Grads : []
270 :: Rewards 80.348 :: steps: 1.00 :: Time: 0.026(0.02555/step) :: Entropy : 0.000 :: Grads : []
280 :: Rewards 85.973 :: steps: 1.00 :: Time: 0.027(0.02716/step) :: Entropy : 0.000 :: Grads : []
290 :: Rewards 92.116 :: steps: 1.00 :: Time: 0.026(0.02623/step) :: Entropy : 0.000 :: Grads : []
300 :: Rewards 97.965 :: steps: 1.00 :: Time: 0.026(0.02639/step) :: Entropy : 0.000 :: Grads : []
310 :: Rewards 104.317 :: steps: 1.00 :: Time: 0.027(0.02679/step) :: Entropy : 0.000 :: Grads : []
320 :: Rewards 110.847 :: steps: 1.00 :: Time: 0.027(0.02727/step) :: Entropy : 0.000 :: Grads : []
330 :: Rewards 117.491 :: steps: 1.00 :: Time: 0.028(0.02794/step) :: Entropy : 0.000 :: Grads : []
340 :: Rewards 124.183 :: steps: 1.00 :: Time: 0.028(0.02825/step) :: Entropy : 0.000 :: Grads : []
350 :: Rewards 130.990 :: steps: 1.00 :: Time: 0.029(0.02872/step) :: Entropy : 0.000 :: Grads : []
360 :: Rewards 137.437 :: steps: 1.00 :: Time: 0.029(0.02909/step) :: Entropy : 0.000 :: Grads : []
370 :: Rewards 144.375 :: steps: 1.00 :: Time: 0.030(0.02979/step) :: Entropy : 0.000 :: Grads : []
380 :: Rewards 149.476 :: steps: 1.00 :: Time: 0.030(0.03023/step) :: Entropy : 0.000 :: Grads : []
390 :: Rewards 154.549 :: steps: 1.00 :: Time: 0.031(0.03098/step) :: Entropy : 0.000 :: Grads : []
400 :: Rewards 161.684 :: steps: 1.00 :: Time: 0.031(0.03128/step) :: Entropy : 0.000 :: Grads : []
410 :: Rewards 167.869 :: steps: 1.00 :: Time: 0.032(0.03203/step) :: Entropy : 0.000 :: Grads : []
420 :: Rewards 173.972 :: steps: 1.00 :: Time: 0.033(0.03288/step) :: Entropy : 0.000 :: Grads : []
430 :: Rewards 181.146 :: steps: 1.00 :: Time: 0.033(0.03329/step) :: Entropy : 0.000 :: Grads : []
440 :: Rewards 188.347 :: steps: 1.00 :: Time: 0.034(0.03365/step) :: Entropy : 0.000 :: Grads : []
450 :: Rewards 195.588 :: steps: 1.00 :: Time: 0.034(0.03424/step) :: Entropy : 0.000 :: Grads : []
460 :: Rewards 202.195 :: steps: 1.00 :: Time: 0.035(0.03456/step) :: Entropy : 0.000 :: Grads : []
470 :: Rewards 208.930 :: steps: 1.00 :: Time: 0.035(0.03534/step) :: Entropy : 0.000 :: Grads : []
480 :: Rewards 216.064 :: steps: 1.00 :: Time: 0.036(0.03572/step) :: Entropy : 0.000 :: Grads : []
490 :: Rewards 222.004 :: steps: 1.00 :: Time: 0.036(0.03647/step) :: Entropy : 0.000 :: Grads : []
500 :: Rewards 229.079 :: steps: 1.00 :: Time: 0.037(0.03704/step) :: Entropy : 0.000 :: Grads : []
510 :: Rewards 235.499 :: steps: 1.00 :: Time: 0.038(0.03806/step) :: Entropy : 0.000 :: Grads : []
520 :: Rewards 242.461 :: steps: 1.00 :: Time: 0.039(0.03912/step) :: Entropy : 0.000 :: Grads : []
530 :: Rewards 249.328 :: steps: 1.00 :: Time: 0.039(0.03930/step) :: Entropy : 0.000 :: Grads : []
540 :: Rewards 256.123 :: steps: 1.00 :: Time: 0.040(0.03964/step) :: Entropy : 0.000 :: Grads : []
550 :: Rewards 262.754 :: steps: 1.00 :: Time: 0.041(0.04053/step) :: Entropy : 0.000 :: Grads : []
560 :: Rewards 269.349 :: steps: 1.00 :: Time: 0.041(0.04109/step) :: Entropy : 0.000 :: Grads : []
570 :: Rewards 275.369 :: steps: 1.00 :: Time: 0.042(0.04211/step) :: Entropy : 0.000 :: Grads : []
580 :: Rewards 281.509 :: steps: 1.00 :: Time: 0.043(0.04329/step) :: Entropy : 0.000 :: Grads : []
590 :: Rewards 287.774 :: steps: 1.00 :: Time: 0.044(0.04357/step) :: Entropy : 0.000 :: Grads : []
600 :: Rewards 293.849 :: steps: 1.00 :: Time: 0.045(0.04451/step) :: Entropy : 0.000 :: Grads : []
610 :: Rewards 299.842 :: steps: 1.00 :: Time: 0.045(0.04541/step) :: Entropy : 0.000 :: Grads : []
620 :: Rewards 305.632 :: steps: 1.00 :: Time: 0.046(0.04627/step) :: Entropy : 0.000 :: Grads : []
630 :: Rewards 311.301 :: steps: 1.00 :: Time: 0.047(0.04712/step) :: Entropy : 0.000 :: Grads : []
640 :: Rewards 316.519 :: steps: 1.00 :: Time: 0.048(0.04761/step) :: Entropy : 0.000 :: Grads : []
650 :: Rewards 321.737 :: steps: 1.00 :: Time: 0.049(0.04884/step) :: Entropy : 0.000 :: Grads : []
660 :: Rewards 326.759 :: steps: 1.00 :: Time: 0.050(0.05024/step) :: Entropy : 0.000 :: Grads : []
670 :: Rewards 331.756 :: steps: 1.00 :: Time: 0.051(0.05096/step) :: Entropy : 0.000 :: Grads : []
680 :: Rewards 336.546 :: steps: 1.00 :: Time: 0.052(0.05161/step) :: Entropy : 0.000 :: Grads : []
690 :: Rewards 341.130 :: steps: 1.00 :: Time: 0.053(0.05336/step) :: Entropy : 0.000 :: Grads : []
700 :: Rewards 345.554 :: steps: 1.00 :: Time: 0.055(0.05450/step) :: Entropy : 0.000 :: Grads : []
710 :: Rewards 349.782 :: steps: 1.00 :: Time: 0.056(0.05608/step) :: Entropy : 0.000 :: Grads : []
720 :: Rewards 353.737 :: steps: 1.00 :: Time: 0.056(0.05644/step) :: Entropy : 0.000 :: Grads : []
730 :: Rewards 357.460 :: steps: 1.00 :: Time: 0.058(0.05806/step) :: Entropy : 0.000 :: Grads : []
740 :: Rewards 360.938 :: steps: 1.00 :: Time: 0.059(0.05906/step) :: Entropy : 0.000 :: Grads : []
750 :: Rewards 363.950 :: steps: 1.00 :: Time: 0.060(0.06047/step) :: Entropy : 0.000 :: Grads : []
760 :: Rewards 366.953 :: steps: 1.00 :: Time: 0.061(0.06135/step) :: Entropy : 0.000 :: Grads : []
770 :: Rewards 369.739 :: steps: 1.00 :: Time: 0.063(0.06348/step) :: Entropy : 0.000 :: Grads : []
780 :: Rewards 372.308 :: steps: 1.00 :: Time: 0.064(0.06442/step) :: Entropy : 0.000 :: Grads : []
790 :: Rewards 374.652 :: steps: 1.00 :: Time: 0.065(0.06509/step) :: Entropy : 0.000 :: Grads : []
800 :: Rewards 376.853 :: steps: 1.00 :: Time: 0.066(0.06642/step) :: Entropy : 0.000 :: Grads : []
810 :: Rewards 378.872 :: steps: 1.00 :: Time: 0.068(0.06771/step) :: Entropy : 0.000 :: Grads : []
820 :: Rewards 380.464 :: steps: 1.00 :: Time: 0.069(0.06887/step) :: Entropy : 0.000 :: Grads : []
830 :: Rewards 382.118 :: steps: 1.00 :: Time: 0.071(0.07101/step) :: Entropy : 0.000 :: Grads : []
840 :: Rewards 384.017 :: steps: 1.00 :: Time: 0.072(0.07246/step) :: Entropy : 0.000 :: Grads : []
850 :: Rewards 386.152 :: steps: 1.00 :: Time: 0.074(0.07392/step) :: Entropy : 0.000 :: Grads : []
860 :: Rewards 388.353 :: steps: 1.00 :: Time: 0.075(0.07488/step) :: Entropy : 0.000 :: Grads : []
870 :: Rewards 390.475 :: steps: 1.00 :: Time: 0.077(0.07713/step) :: Entropy : 0.000 :: Grads : []
880 :: Rewards 392.690 :: steps: 1.00 :: Time: 0.078(0.07789/step) :: Entropy : 0.000 :: Grads : []
890 :: Rewards 394.983 :: steps: 1.00 :: Time: 0.079(0.07919/step) :: Entropy : 0.000 :: Grads : []
900 :: Rewards 397.535 :: steps: 1.00 :: Time: 0.081(0.08078/step) :: Entropy : 0.000 :: Grads : []
910 :: Rewards 399.964 :: steps: 1.00 :: Time: 0.088(0.08783/step) :: Entropy : 0.000 :: Grads : []
920 :: Rewards 402.416 :: steps: 1.00 :: Time: 0.084(0.08404/step) :: Entropy : 0.000 :: Grads : []
930 :: Rewards 404.584 :: steps: 1.00 :: Time: 0.086(0.08570/step) :: Entropy : 0.000 :: Grads : []
940 :: Rewards 406.385 :: steps: 1.00 :: Time: 0.087(0.08684/step) :: Entropy : 0.000 :: Grads : []
950 :: Rewards 408.485 :: steps: 1.00 :: Time: 0.090(0.08961/step) :: Entropy : 0.000 :: Grads : []
960 :: Rewards 410.400 :: steps: 1.00 :: Time: 0.091(0.09074/step) :: Entropy : 0.000 :: Grads : []
970 :: Rewards 412.377 :: steps: 1.00 :: Time: 0.093(0.09292/step) :: Entropy : 0.000 :: Grads : []
980 :: Rewards 414.251 :: steps: 1.00 :: Time: 0.094(0.09442/step) :: Entropy : 0.000 :: Grads : []
990 :: Rewards 415.968 :: steps: 1.00 :: Time: 0.097(0.09655/step) :: Entropy : 0.000 :: Grads : []
999 :: Rewards 417.417 :: steps: 0.90 :: Time: 0.089(0.09850/step) :: Entropy : 0.000 :: Grads : []
Total time taken: 44.187548875808716
