Module path:  Src.Algorithms.ONPG ONPG
Dynamically loaded from:  <class 'Src.Algorithms.ONPG.ONPG'>
=====Configurations=====
 Namespace(NN_basis_dim='32', Policy_basis_dim='32', actor_lr=0.006636403756913685, algo_name='ONPG', base=0, batch_size=1000, buffer_size=1000, debug=False, delta=5, entropy_lambda=0.1, env_name='NS_SimGlucose-v0', experiment='NS_0_', extrapolator_basis='Fourier', folder_suffix='Default', fourier_coupled=True, fourier_k=7, fourier_order=3, gamma=0.99, gauss_std=1.30953, gpu=0, hyper='default', importance_clip=5.0, inc=1, log_output='term_file', max_episodes=1000, max_inner=150, max_steps=500, optim='rmsprop', oracle=-1, raw_basis=True, restore=False, save_count=100, save_model=True, seed=2, speed=0, state_lr=0.001, summary=True, swarm=False, timestamp='5|27|12:19:34')
Actions space: 2 :: State space: 1
State Low: tensor([0.]) :: State High: tensor([1.])
State features:  [('dummy_param', torch.Size([1]))]
Action Low: [3. 5.] :: Action High: [30. 50.]
Policy:  [('fc_mean.weight', torch.Size([2, 1])), ('fc_mean.bias', torch.Size([2]))]
0 :: Rewards 9.570 :: steps: 0.10 :: Time: 0.278(2.77733/step) :: Entropy : 0.000 :: Grads : []
10 :: Rewards 127.677 :: steps: 1.00 :: Time: 2.808(2.80815/step) :: Entropy : 0.000 :: Grads : []
20 :: Rewards 239.789 :: steps: 1.00 :: Time: 2.821(2.82114/step) :: Entropy : 0.000 :: Grads : []
30 :: Rewards 350.844 :: steps: 1.00 :: Time: 2.816(2.81644/step) :: Entropy : 0.000 :: Grads : []
40 :: Rewards 477.906 :: steps: 1.00 :: Time: 2.821(2.82090/step) :: Entropy : 0.000 :: Grads : []
50 :: Rewards 598.770 :: steps: 1.00 :: Time: 2.848(2.84788/step) :: Entropy : 0.000 :: Grads : []
60 :: Rewards 714.949 :: steps: 1.00 :: Time: 2.898(2.89812/step) :: Entropy : 0.000 :: Grads : []
70 :: Rewards 832.211 :: steps: 1.00 :: Time: 2.786(2.78640/step) :: Entropy : 0.000 :: Grads : []
80 :: Rewards 948.141 :: steps: 1.00 :: Time: 2.830(2.83038/step) :: Entropy : 0.000 :: Grads : []
90 :: Rewards 1083.614 :: steps: 1.00 :: Time: 2.814(2.81407/step) :: Entropy : 0.000 :: Grads : []
100 :: Rewards 1231.003 :: steps: 1.00 :: Time: 2.839(2.83857/step) :: Entropy : 0.000 :: Grads : []
110 :: Rewards 1373.899 :: steps: 1.00 :: Time: 2.824(2.82355/step) :: Entropy : 0.000 :: Grads : []
120 :: Rewards 1512.427 :: steps: 1.00 :: Time: 2.842(2.84192/step) :: Entropy : 0.000 :: Grads : []
130 :: Rewards 1655.307 :: steps: 1.00 :: Time: 2.783(2.78255/step) :: Entropy : 0.000 :: Grads : []
140 :: Rewards 1811.951 :: steps: 1.00 :: Time: 2.782(2.78209/step) :: Entropy : 0.000 :: Grads : []
150 :: Rewards 1961.313 :: steps: 1.00 :: Time: 2.757(2.75677/step) :: Entropy : 0.000 :: Grads : []
160 :: Rewards 2122.948 :: steps: 1.00 :: Time: 2.760(2.75989/step) :: Entropy : 0.000 :: Grads : []
170 :: Rewards 2280.309 :: steps: 1.00 :: Time: 2.772(2.77174/step) :: Entropy : 0.000 :: Grads : []
180 :: Rewards 2443.727 :: steps: 1.00 :: Time: 2.752(2.75157/step) :: Entropy : 0.000 :: Grads : []
190 :: Rewards 2612.151 :: steps: 1.00 :: Time: 2.748(2.74790/step) :: Entropy : 0.000 :: Grads : []
200 :: Rewards 2788.089 :: steps: 1.00 :: Time: 2.788(2.78819/step) :: Entropy : 0.000 :: Grads : []
210 :: Rewards 2982.492 :: steps: 1.00 :: Time: 2.773(2.77340/step) :: Entropy : 0.000 :: Grads : []
220 :: Rewards 3164.091 :: steps: 1.00 :: Time: 2.768(2.76779/step) :: Entropy : 0.000 :: Grads : []
230 :: Rewards 3361.913 :: steps: 1.00 :: Time: 2.741(2.74060/step) :: Entropy : 0.000 :: Grads : []
240 :: Rewards 3551.038 :: steps: 1.00 :: Time: 2.763(2.76327/step) :: Entropy : 0.000 :: Grads : []
250 :: Rewards 3753.359 :: steps: 1.00 :: Time: 2.740(2.74042/step) :: Entropy : 0.000 :: Grads : []
260 :: Rewards 3957.579 :: steps: 1.00 :: Time: 2.770(2.77007/step) :: Entropy : 0.000 :: Grads : []
270 :: Rewards 4159.959 :: steps: 1.00 :: Time: 2.783(2.78274/step) :: Entropy : 0.000 :: Grads : []
280 :: Rewards 4354.314 :: steps: 1.00 :: Time: 2.771(2.77109/step) :: Entropy : 0.000 :: Grads : []
290 :: Rewards 4562.056 :: steps: 1.00 :: Time: 2.819(2.81905/step) :: Entropy : 0.000 :: Grads : []
300 :: Rewards 4753.737 :: steps: 1.00 :: Time: 2.795(2.79480/step) :: Entropy : 0.000 :: Grads : []
310 :: Rewards 4964.916 :: steps: 1.00 :: Time: 2.793(2.79346/step) :: Entropy : 0.000 :: Grads : []
320 :: Rewards 5191.590 :: steps: 1.00 :: Time: 2.770(2.76953/step) :: Entropy : 0.000 :: Grads : []
330 :: Rewards 5392.818 :: steps: 1.00 :: Time: 2.797(2.79684/step) :: Entropy : 0.000 :: Grads : []
340 :: Rewards 5616.321 :: steps: 1.00 :: Time: 2.799(2.79865/step) :: Entropy : 0.000 :: Grads : []
350 :: Rewards 5841.577 :: steps: 1.00 :: Time: 2.766(2.76622/step) :: Entropy : 0.000 :: Grads : []
360 :: Rewards 6039.728 :: steps: 1.00 :: Time: 2.780(2.78024/step) :: Entropy : 0.000 :: Grads : []
370 :: Rewards 6251.418 :: steps: 1.00 :: Time: 3.554(3.55421/step) :: Entropy : 0.000 :: Grads : []
380 :: Rewards 6463.593 :: steps: 1.00 :: Time: 4.787(4.78718/step) :: Entropy : 0.000 :: Grads : []
390 :: Rewards 6662.376 :: steps: 1.00 :: Time: 2.803(2.80323/step) :: Entropy : 0.000 :: Grads : []
400 :: Rewards 6881.389 :: steps: 1.00 :: Time: 2.769(2.76941/step) :: Entropy : 0.000 :: Grads : []
410 :: Rewards 7103.714 :: steps: 1.00 :: Time: 2.810(2.80995/step) :: Entropy : 0.000 :: Grads : []
420 :: Rewards 7308.787 :: steps: 1.00 :: Time: 2.988(2.98753/step) :: Entropy : 0.000 :: Grads : []
430 :: Rewards 7528.293 :: steps: 1.00 :: Time: 3.572(3.57222/step) :: Entropy : 0.000 :: Grads : []
440 :: Rewards 7721.920 :: steps: 1.00 :: Time: 3.376(3.37585/step) :: Entropy : 0.000 :: Grads : []
450 :: Rewards 7941.328 :: steps: 1.00 :: Time: 2.830(2.83035/step) :: Entropy : 0.000 :: Grads : []
460 :: Rewards 8134.221 :: steps: 1.00 :: Time: 2.829(2.82861/step) :: Entropy : 0.000 :: Grads : []
470 :: Rewards 8385.075 :: steps: 1.00 :: Time: 2.769(2.76861/step) :: Entropy : 0.000 :: Grads : []
480 :: Rewards 8597.189 :: steps: 1.00 :: Time: 2.793(2.79253/step) :: Entropy : 0.000 :: Grads : []
490 :: Rewards 8808.056 :: steps: 1.00 :: Time: 2.786(2.78645/step) :: Entropy : 0.000 :: Grads : []
500 :: Rewards 9033.675 :: steps: 1.00 :: Time: 2.774(2.77381/step) :: Entropy : 0.000 :: Grads : []
510 :: Rewards 9265.025 :: steps: 1.00 :: Time: 2.742(2.74250/step) :: Entropy : 0.000 :: Grads : []
520 :: Rewards 9498.606 :: steps: 1.00 :: Time: 2.788(2.78779/step) :: Entropy : 0.000 :: Grads : []
530 :: Rewards 9725.057 :: steps: 1.00 :: Time: 2.802(2.80232/step) :: Entropy : 0.000 :: Grads : []
540 :: Rewards 9945.653 :: steps: 1.00 :: Time: 3.091(3.09084/step) :: Entropy : 0.000 :: Grads : []
550 :: Rewards 10093.097 :: steps: 1.00 :: Time: 2.755(2.75485/step) :: Entropy : 0.000 :: Grads : []
560 :: Rewards 10328.710 :: steps: 1.00 :: Time: 2.776(2.77634/step) :: Entropy : 0.000 :: Grads : []
570 :: Rewards 10524.037 :: steps: 1.00 :: Time: 2.769(2.76919/step) :: Entropy : 0.000 :: Grads : []
580 :: Rewards 10724.295 :: steps: 1.00 :: Time: 2.756(2.75596/step) :: Entropy : 0.000 :: Grads : []
590 :: Rewards 10974.690 :: steps: 1.00 :: Time: 2.749(2.74895/step) :: Entropy : 0.000 :: Grads : []
600 :: Rewards 11164.420 :: steps: 1.00 :: Time: 2.733(2.73267/step) :: Entropy : 0.000 :: Grads : []
610 :: Rewards 11356.582 :: steps: 1.00 :: Time: 2.722(2.72183/step) :: Entropy : 0.000 :: Grads : []
620 :: Rewards 11572.675 :: steps: 1.00 :: Time: 2.719(2.71891/step) :: Entropy : 0.000 :: Grads : []
630 :: Rewards 11784.216 :: steps: 1.00 :: Time: 2.692(2.69182/step) :: Entropy : 0.000 :: Grads : []
640 :: Rewards 11985.566 :: steps: 1.00 :: Time: 2.688(2.68773/step) :: Entropy : 0.000 :: Grads : []
650 :: Rewards 12182.368 :: steps: 1.00 :: Time: 2.708(2.70780/step) :: Entropy : 0.000 :: Grads : []
660 :: Rewards 12379.178 :: steps: 1.00 :: Time: 2.695(2.69511/step) :: Entropy : 0.000 :: Grads : []
670 :: Rewards 12587.480 :: steps: 1.00 :: Time: 2.717(2.71737/step) :: Entropy : 0.000 :: Grads : []
680 :: Rewards 12800.056 :: steps: 1.00 :: Time: 2.737(2.73730/step) :: Entropy : 0.000 :: Grads : []
690 :: Rewards 13011.520 :: steps: 1.00 :: Time: 2.739(2.73853/step) :: Entropy : 0.000 :: Grads : []
700 :: Rewards 13230.000 :: steps: 1.00 :: Time: 2.716(2.71630/step) :: Entropy : 0.000 :: Grads : []
710 :: Rewards 13453.893 :: steps: 1.00 :: Time: 2.720(2.72038/step) :: Entropy : 0.000 :: Grads : []
720 :: Rewards 13678.823 :: steps: 1.00 :: Time: 2.717(2.71676/step) :: Entropy : 0.000 :: Grads : []
730 :: Rewards 13897.371 :: steps: 1.00 :: Time: 2.740(2.74003/step) :: Entropy : 0.000 :: Grads : []
740 :: Rewards 14125.254 :: steps: 1.00 :: Time: 2.729(2.72887/step) :: Entropy : 0.000 :: Grads : []
750 :: Rewards 14315.565 :: steps: 1.00 :: Time: 2.702(2.70195/step) :: Entropy : 0.000 :: Grads : []
760 :: Rewards 14515.031 :: steps: 1.00 :: Time: 2.765(2.76452/step) :: Entropy : 0.000 :: Grads : []
770 :: Rewards 14778.658 :: steps: 1.00 :: Time: 2.725(2.72455/step) :: Entropy : 0.000 :: Grads : []
780 :: Rewards 14996.770 :: steps: 1.00 :: Time: 2.746(2.74625/step) :: Entropy : 0.000 :: Grads : []
790 :: Rewards 15215.612 :: steps: 1.00 :: Time: 2.717(2.71712/step) :: Entropy : 0.000 :: Grads : []
800 :: Rewards 15441.324 :: steps: 1.00 :: Time: 2.737(2.73700/step) :: Entropy : 0.000 :: Grads : []
810 :: Rewards 15666.600 :: steps: 1.00 :: Time: 2.719(2.71872/step) :: Entropy : 0.000 :: Grads : []
820 :: Rewards 15925.567 :: steps: 1.00 :: Time: 2.673(2.67318/step) :: Entropy : 0.000 :: Grads : []
830 :: Rewards 16156.836 :: steps: 1.00 :: Time: 2.691(2.69116/step) :: Entropy : 0.000 :: Grads : []
840 :: Rewards 16390.874 :: steps: 1.00 :: Time: 2.703(2.70297/step) :: Entropy : 0.000 :: Grads : []
850 :: Rewards 16631.401 :: steps: 1.00 :: Time: 2.727(2.72721/step) :: Entropy : 0.000 :: Grads : []
860 :: Rewards 16835.576 :: steps: 1.00 :: Time: 2.739(2.73856/step) :: Entropy : 0.000 :: Grads : []
870 :: Rewards 17025.881 :: steps: 1.00 :: Time: 2.813(2.81302/step) :: Entropy : 0.000 :: Grads : []
880 :: Rewards 17240.934 :: steps: 1.00 :: Time: 160.631(160.63058/step) :: Entropy : 0.000 :: Grads : []
890 :: Rewards 17463.869 :: steps: 1.00 :: Time: 44.764(44.76418/step) :: Entropy : 0.000 :: Grads : []
900 :: Rewards 17681.911 :: steps: 1.00 :: Time: 2.784(2.78402/step) :: Entropy : 0.000 :: Grads : []
910 :: Rewards 17930.600 :: steps: 1.00 :: Time: 2.687(2.68723/step) :: Entropy : 0.000 :: Grads : []
920 :: Rewards 18114.512 :: steps: 1.00 :: Time: 2.705(2.70525/step) :: Entropy : 0.000 :: Grads : []
930 :: Rewards 18312.239 :: steps: 1.00 :: Time: 2.706(2.70562/step) :: Entropy : 0.000 :: Grads : []
940 :: Rewards 18519.917 :: steps: 1.00 :: Time: 2.682(2.68226/step) :: Entropy : 0.000 :: Grads : []
950 :: Rewards 18749.836 :: steps: 1.00 :: Time: 2.701(2.70107/step) :: Entropy : 0.000 :: Grads : []
960 :: Rewards 18969.102 :: steps: 1.00 :: Time: 2.697(2.69720/step) :: Entropy : 0.000 :: Grads : []
970 :: Rewards 19176.393 :: steps: 1.00 :: Time: 2.695(2.69478/step) :: Entropy : 0.000 :: Grads : []
980 :: Rewards 19414.150 :: steps: 1.00 :: Time: 2.682(2.68158/step) :: Entropy : 0.000 :: Grads : []
990 :: Rewards 19637.165 :: steps: 1.00 :: Time: 2.679(2.67866/step) :: Entropy : 0.000 :: Grads : []
999 :: Rewards 19831.378 :: steps: 0.90 :: Time: 2.407(2.67479/step) :: Entropy : 0.000 :: Grads : []
Total time taken: 4806.301107883453
