Module path:  Environments.NS_Reco NS_Reco
Dynamically loaded from:  <class 'Environments.NS_Reco.NS_Reco'>
Reward Amplitudes: [4.17022005e-01 7.20324493e-01 1.14374817e-04 3.02332573e-01
 1.46755891e-01] :: Avg 0.317309867282206 
Module path:  Src.Algorithms.ProWLS ProWLS
Dynamically loaded from:  <class 'Src.Algorithms.ProWLS.ProWLS'>
=====Configurations=====
 Namespace(NN_basis_dim='32', Policy_basis_dim='32', actor_lr=0.00450428892499054, algo_name='ProWLS', base=0, batch_size=1000, buffer_size=1000, debug=False, delta=3, entropy_lambda=0.07518854390699839, env_name='NS_Reco', experiment='NS_3r_', extrapolator_basis='Fourier', folder_suffix='Default', fourier_coupled=True, fourier_k=5, fourier_order=3, gamma=0.99, gauss_std=1.5, gpu=0, hyper='default', importance_clip=10.0, inc=1, log_output='term_file', max_episodes=1000, max_inner=90, max_steps=500, optim='rmsprop', oracle=-1, raw_basis=True, restore=False, save_count=100, save_model=True, seed=16, speed=3, state_lr=0.001, summary=True, swarm=False, timestamp='5|25|9:46:31')
Actions space: 5 :: State space: 1
State Low: tensor([0.]) :: State High: tensor([1.])
State features:  [('dummy_param', torch.Size([1]))]
Policy:  [('fc1.weight', torch.Size([5, 1])), ('fc1.bias', torch.Size([5]))]
0 :: Rewards 0.000 :: steps: 0.10 :: Time: 0.000(0.00061/step) :: Entropy : 0.000 :: Grads : []
10 :: Rewards -0.289 :: steps: 1.00 :: Time: 0.010(0.01009/step) :: Entropy : 0.000 :: Grads : []
20 :: Rewards -1.035 :: steps: 1.00 :: Time: 0.020(0.02015/step) :: Entropy : 0.000 :: Grads : []
30 :: Rewards -2.648 :: steps: 1.00 :: Time: 0.016(0.01565/step) :: Entropy : 0.000 :: Grads : []
40 :: Rewards -3.359 :: steps: 1.00 :: Time: 0.015(0.01526/step) :: Entropy : 0.000 :: Grads : []
50 :: Rewards -4.188 :: steps: 1.00 :: Time: 0.020(0.02032/step) :: Entropy : 0.000 :: Grads : []
60 :: Rewards -4.558 :: steps: 1.00 :: Time: 0.016(0.01610/step) :: Entropy : 0.000 :: Grads : []
70 :: Rewards -5.072 :: steps: 1.00 :: Time: 0.016(0.01588/step) :: Entropy : 0.000 :: Grads : []
80 :: Rewards -6.749 :: steps: 1.00 :: Time: 0.021(0.02122/step) :: Entropy : 0.000 :: Grads : []
90 :: Rewards -8.507 :: steps: 1.00 :: Time: 0.016(0.01625/step) :: Entropy : 0.000 :: Grads : []
100 :: Rewards -9.457 :: steps: 1.00 :: Time: 0.016(0.01643/step) :: Entropy : 0.000 :: Grads : []
110 :: Rewards -10.702 :: steps: 1.00 :: Time: 0.022(0.02232/step) :: Entropy : 0.000 :: Grads : []
120 :: Rewards -12.259 :: steps: 1.00 :: Time: 0.017(0.01710/step) :: Entropy : 0.000 :: Grads : []
130 :: Rewards -13.639 :: steps: 1.00 :: Time: 0.017(0.01741/step) :: Entropy : 0.000 :: Grads : []
140 :: Rewards -14.355 :: steps: 1.00 :: Time: 0.024(0.02374/step) :: Entropy : 0.000 :: Grads : []
150 :: Rewards -15.562 :: steps: 1.00 :: Time: 0.019(0.01851/step) :: Entropy : 0.000 :: Grads : []
160 :: Rewards -17.584 :: steps: 1.00 :: Time: 0.019(0.01868/step) :: Entropy : 0.000 :: Grads : []
170 :: Rewards -17.981 :: steps: 1.00 :: Time: 0.026(0.02630/step) :: Entropy : 0.000 :: Grads : []
180 :: Rewards -18.804 :: steps: 1.00 :: Time: 0.019(0.01941/step) :: Entropy : 0.000 :: Grads : []
190 :: Rewards -19.088 :: steps: 1.00 :: Time: 0.021(0.02071/step) :: Entropy : 0.000 :: Grads : []
200 :: Rewards -19.387 :: steps: 1.00 :: Time: 0.028(0.02797/step) :: Entropy : 0.000 :: Grads : []
210 :: Rewards -20.433 :: steps: 1.00 :: Time: 0.022(0.02221/step) :: Entropy : 0.000 :: Grads : []
220 :: Rewards -21.103 :: steps: 1.00 :: Time: 0.022(0.02228/step) :: Entropy : 0.000 :: Grads : []
230 :: Rewards -21.565 :: steps: 1.00 :: Time: 0.030(0.03042/step) :: Entropy : 0.000 :: Grads : []
240 :: Rewards -22.047 :: steps: 1.00 :: Time: 0.024(0.02429/step) :: Entropy : 0.000 :: Grads : []
250 :: Rewards -22.874 :: steps: 1.00 :: Time: 0.024(0.02396/step) :: Entropy : 0.000 :: Grads : []
260 :: Rewards -23.418 :: steps: 1.00 :: Time: 0.032(0.03239/step) :: Entropy : 0.000 :: Grads : []
270 :: Rewards -23.713 :: steps: 1.00 :: Time: 0.026(0.02612/step) :: Entropy : 0.000 :: Grads : []
280 :: Rewards -24.195 :: steps: 1.00 :: Time: 0.028(0.02825/step) :: Entropy : 0.000 :: Grads : []
290 :: Rewards -24.340 :: steps: 1.00 :: Time: 0.035(0.03459/step) :: Entropy : 0.000 :: Grads : []
300 :: Rewards -25.369 :: steps: 1.00 :: Time: 0.026(0.02632/step) :: Entropy : 0.000 :: Grads : []
310 :: Rewards -26.049 :: steps: 1.00 :: Time: 0.027(0.02705/step) :: Entropy : 0.000 :: Grads : []
320 :: Rewards -26.503 :: steps: 1.00 :: Time: 0.036(0.03627/step) :: Entropy : 0.000 :: Grads : []
330 :: Rewards -27.121 :: steps: 1.00 :: Time: 0.028(0.02840/step) :: Entropy : 0.000 :: Grads : []
340 :: Rewards -27.821 :: steps: 1.00 :: Time: 0.029(0.02875/step) :: Entropy : 0.000 :: Grads : []
350 :: Rewards -27.892 :: steps: 1.00 :: Time: 0.039(0.03850/step) :: Entropy : 0.000 :: Grads : []
360 :: Rewards -28.560 :: steps: 1.00 :: Time: 0.030(0.03014/step) :: Entropy : 0.000 :: Grads : []
370 :: Rewards -28.848 :: steps: 1.00 :: Time: 0.031(0.03091/step) :: Entropy : 0.000 :: Grads : []
380 :: Rewards -29.368 :: steps: 1.00 :: Time: 0.042(0.04168/step) :: Entropy : 0.000 :: Grads : []
390 :: Rewards -29.556 :: steps: 1.00 :: Time: 0.032(0.03194/step) :: Entropy : 0.000 :: Grads : []
400 :: Rewards -30.788 :: steps: 1.00 :: Time: 0.033(0.03286/step) :: Entropy : 0.000 :: Grads : []
410 :: Rewards -31.772 :: steps: 1.00 :: Time: 0.044(0.04450/step) :: Entropy : 0.000 :: Grads : []
420 :: Rewards -32.080 :: steps: 1.00 :: Time: 0.035(0.03470/step) :: Entropy : 0.000 :: Grads : []
430 :: Rewards -32.453 :: steps: 1.00 :: Time: 0.036(0.03570/step) :: Entropy : 0.000 :: Grads : []
440 :: Rewards -33.731 :: steps: 1.00 :: Time: 0.050(0.05025/step) :: Entropy : 0.000 :: Grads : []
450 :: Rewards -35.125 :: steps: 1.00 :: Time: 0.037(0.03718/step) :: Entropy : 0.000 :: Grads : []
460 :: Rewards -35.491 :: steps: 1.00 :: Time: 0.039(0.03865/step) :: Entropy : 0.000 :: Grads : []
470 :: Rewards -35.580 :: steps: 1.00 :: Time: 0.051(0.05143/step) :: Entropy : 0.000 :: Grads : []
480 :: Rewards -36.156 :: steps: 1.00 :: Time: 0.040(0.03957/step) :: Entropy : 0.000 :: Grads : []
490 :: Rewards -36.645 :: steps: 1.00 :: Time: 0.040(0.04032/step) :: Entropy : 0.000 :: Grads : []
500 :: Rewards -36.664 :: steps: 1.00 :: Time: 0.054(0.05435/step) :: Entropy : 0.000 :: Grads : []
510 :: Rewards -36.708 :: steps: 1.00 :: Time: 0.042(0.04198/step) :: Entropy : 0.000 :: Grads : []
520 :: Rewards -37.216 :: steps: 1.00 :: Time: 0.043(0.04262/step) :: Entropy : 0.000 :: Grads : []
530 :: Rewards -37.789 :: steps: 1.00 :: Time: 0.058(0.05791/step) :: Entropy : 0.000 :: Grads : []
540 :: Rewards -38.054 :: steps: 1.00 :: Time: 0.045(0.04462/step) :: Entropy : 0.000 :: Grads : []
550 :: Rewards -38.704 :: steps: 1.00 :: Time: 0.045(0.04507/step) :: Entropy : 0.000 :: Grads : []
560 :: Rewards -39.219 :: steps: 1.00 :: Time: 0.061(0.06065/step) :: Entropy : 0.000 :: Grads : []
570 :: Rewards -39.977 :: steps: 1.00 :: Time: 0.047(0.04668/step) :: Entropy : 0.000 :: Grads : []
580 :: Rewards -40.129 :: steps: 1.00 :: Time: 0.048(0.04773/step) :: Entropy : 0.000 :: Grads : []
590 :: Rewards -40.788 :: steps: 1.00 :: Time: 0.065(0.06507/step) :: Entropy : 0.000 :: Grads : []
600 :: Rewards -41.779 :: steps: 1.00 :: Time: 0.050(0.04952/step) :: Entropy : 0.000 :: Grads : []
610 :: Rewards -43.495 :: steps: 1.00 :: Time: 0.052(0.05154/step) :: Entropy : 0.000 :: Grads : []
620 :: Rewards -46.793 :: steps: 1.00 :: Time: 0.070(0.07012/step) :: Entropy : 0.000 :: Grads : []
630 :: Rewards -49.520 :: steps: 1.00 :: Time: 0.053(0.05313/step) :: Entropy : 0.000 :: Grads : []
640 :: Rewards -49.520 :: steps: 1.00 :: Time: 0.054(0.05434/step) :: Entropy : 0.000 :: Grads : []
650 :: Rewards -49.520 :: steps: 1.00 :: Time: 0.078(0.07817/step) :: Entropy : 0.000 :: Grads : []
660 :: Rewards -49.520 :: steps: 1.00 :: Time: 0.058(0.05849/step) :: Entropy : 0.000 :: Grads : []
670 :: Rewards -50.315 :: steps: 1.00 :: Time: 0.059(0.05885/step) :: Entropy : 0.000 :: Grads : []
680 :: Rewards -50.315 :: steps: 1.00 :: Time: 0.078(0.07823/step) :: Entropy : 0.000 :: Grads : []
690 :: Rewards -50.315 :: steps: 1.00 :: Time: 0.060(0.06012/step) :: Entropy : 0.000 :: Grads : []
700 :: Rewards -52.832 :: steps: 1.00 :: Time: 0.061(0.06080/step) :: Entropy : 0.000 :: Grads : []
710 :: Rewards -52.832 :: steps: 1.00 :: Time: 0.091(0.09143/step) :: Entropy : 0.000 :: Grads : []
720 :: Rewards -52.832 :: steps: 1.00 :: Time: 0.064(0.06443/step) :: Entropy : 0.000 :: Grads : []
730 :: Rewards -53.656 :: steps: 1.00 :: Time: 0.066(0.06625/step) :: Entropy : 0.000 :: Grads : []
740 :: Rewards -55.279 :: steps: 1.00 :: Time: 0.091(0.09090/step) :: Entropy : 0.000 :: Grads : []
750 :: Rewards -56.754 :: steps: 1.00 :: Time: 0.070(0.07024/step) :: Entropy : 0.000 :: Grads : []
760 :: Rewards -58.355 :: steps: 1.00 :: Time: 0.071(0.07053/step) :: Entropy : 0.000 :: Grads : []
770 :: Rewards -59.692 :: steps: 1.00 :: Time: 0.098(0.09786/step) :: Entropy : 0.000 :: Grads : []
780 :: Rewards -60.305 :: steps: 1.00 :: Time: 0.075(0.07460/step) :: Entropy : 0.000 :: Grads : []
790 :: Rewards -60.907 :: steps: 1.00 :: Time: 0.078(0.07811/step) :: Entropy : 0.000 :: Grads : []
800 :: Rewards -61.346 :: steps: 1.00 :: Time: 0.102(0.10242/step) :: Entropy : 0.000 :: Grads : []
810 :: Rewards -62.225 :: steps: 1.00 :: Time: 0.077(0.07740/step) :: Entropy : 0.000 :: Grads : []
820 :: Rewards -62.530 :: steps: 1.00 :: Time: 0.080(0.08041/step) :: Entropy : 0.000 :: Grads : []
830 :: Rewards -64.156 :: steps: 1.00 :: Time: 0.110(0.11033/step) :: Entropy : 0.000 :: Grads : []
840 :: Rewards -64.482 :: steps: 1.00 :: Time: 0.084(0.08425/step) :: Entropy : 0.000 :: Grads : []
850 :: Rewards -64.600 :: steps: 1.00 :: Time: 0.087(0.08689/step) :: Entropy : 0.000 :: Grads : []
860 :: Rewards -65.445 :: steps: 1.00 :: Time: 0.117(0.11715/step) :: Entropy : 0.000 :: Grads : []
870 :: Rewards -66.785 :: steps: 1.00 :: Time: 0.091(0.09149/step) :: Entropy : 0.000 :: Grads : []
880 :: Rewards -68.856 :: steps: 1.00 :: Time: 0.089(0.08893/step) :: Entropy : 0.000 :: Grads : []
890 :: Rewards -69.623 :: steps: 1.00 :: Time: 0.126(0.12588/step) :: Entropy : 0.000 :: Grads : []
900 :: Rewards -70.439 :: steps: 1.00 :: Time: 0.094(0.09422/step) :: Entropy : 0.000 :: Grads : []
910 :: Rewards -71.127 :: steps: 1.00 :: Time: 0.100(0.09967/step) :: Entropy : 0.000 :: Grads : []
920 :: Rewards -71.825 :: steps: 1.00 :: Time: 0.132(0.13160/step) :: Entropy : 0.000 :: Grads : []
930 :: Rewards -72.181 :: steps: 1.00 :: Time: 0.101(0.10118/step) :: Entropy : 0.000 :: Grads : []
940 :: Rewards -72.862 :: steps: 1.00 :: Time: 0.104(0.10410/step) :: Entropy : 0.000 :: Grads : []
950 :: Rewards -72.978 :: steps: 1.00 :: Time: 0.142(0.14159/step) :: Entropy : 0.000 :: Grads : []
960 :: Rewards -73.087 :: steps: 1.00 :: Time: 0.107(0.10744/step) :: Entropy : 0.000 :: Grads : []
970 :: Rewards -74.515 :: steps: 1.00 :: Time: 0.110(0.11031/step) :: Entropy : 0.000 :: Grads : []
980 :: Rewards -75.367 :: steps: 1.00 :: Time: 0.153(0.15293/step) :: Entropy : 0.000 :: Grads : []
990 :: Rewards -75.367 :: steps: 1.00 :: Time: 0.118(0.11815/step) :: Entropy : 0.000 :: Grads : []
999 :: Rewards -76.074 :: steps: 0.90 :: Time: 0.118(0.13154/step) :: Entropy : 0.000 :: Grads : []
Total time taken: 54.85448622703552
