Module path:  Environments.NS_Reco NS_Reco
Dynamically loaded from:  <class 'Environments.NS_Reco.NS_Reco'>
Reward Amplitudes: [4.17022005e-01 7.20324493e-01 1.14374817e-04 3.02332573e-01
 1.46755891e-01] :: Avg 0.317309867282206 
Module path:  Src.Algorithms.ProWLS ProWLS
Dynamically loaded from:  <class 'Src.Algorithms.ProWLS.ProWLS'>
=====Configurations=====
 Namespace(NN_basis_dim='32', Policy_basis_dim='32', actor_lr=0.004415491219348583, algo_name='ProWLS', base=0, batch_size=1000, buffer_size=1000, debug=False, delta=1, entropy_lambda=0.0010074417839719013, env_name='NS_Reco', experiment='NS_0r_', extrapolator_basis='Fourier', folder_suffix='Default', fourier_coupled=True, fourier_k=3, fourier_order=3, gamma=0.99, gauss_std=1.5, gpu=0, hyper='default', importance_clip=5.0, inc=1, log_output='term_file', max_episodes=1000, max_inner=20, max_steps=500, optim='rmsprop', oracle=-1, raw_basis=True, restore=False, save_count=100, save_model=True, seed=4, speed=0, state_lr=0.001, summary=True, swarm=False, timestamp='5|30|11:43:28')
Actions space: 5 :: State space: 1
State Low: tensor([0.]) :: State High: tensor([1.])
State features:  [('dummy_param', torch.Size([1]))]
Policy:  [('fc1.weight', torch.Size([5, 1])), ('fc1.bias', torch.Size([5]))]
0 :: Rewards -0.568 :: steps: 0.10 :: Time: 0.000(0.00058/step) :: Entropy : 0.000 :: Grads : []
10 :: Rewards -5.513 :: steps: 1.00 :: Time: 0.009(0.00906/step) :: Entropy : 0.000 :: Grads : []
20 :: Rewards -8.425 :: steps: 1.00 :: Time: 0.012(0.01155/step) :: Entropy : 0.000 :: Grads : []
30 :: Rewards -10.450 :: steps: 1.00 :: Time: 0.012(0.01150/step) :: Entropy : 0.000 :: Grads : []
40 :: Rewards -10.450 :: steps: 1.00 :: Time: 0.011(0.01117/step) :: Entropy : 0.000 :: Grads : []
50 :: Rewards -10.450 :: steps: 1.00 :: Time: 0.011(0.01133/step) :: Entropy : 0.000 :: Grads : []
60 :: Rewards -10.450 :: steps: 1.00 :: Time: 0.011(0.01144/step) :: Entropy : 0.000 :: Grads : []
70 :: Rewards -10.450 :: steps: 1.00 :: Time: 0.012(0.01157/step) :: Entropy : 0.000 :: Grads : []
80 :: Rewards -10.450 :: steps: 1.00 :: Time: 0.012(0.01173/step) :: Entropy : 0.000 :: Grads : []
90 :: Rewards -10.450 :: steps: 1.00 :: Time: 0.012(0.01189/step) :: Entropy : 0.000 :: Grads : []
100 :: Rewards -10.450 :: steps: 1.00 :: Time: 0.012(0.01202/step) :: Entropy : 0.000 :: Grads : []
110 :: Rewards -10.450 :: steps: 1.00 :: Time: 0.012(0.01224/step) :: Entropy : 0.000 :: Grads : []
120 :: Rewards -10.450 :: steps: 1.00 :: Time: 0.014(0.01412/step) :: Entropy : 0.000 :: Grads : []
130 :: Rewards -10.450 :: steps: 1.00 :: Time: 0.013(0.01297/step) :: Entropy : 0.000 :: Grads : []
140 :: Rewards -10.450 :: steps: 1.00 :: Time: 0.013(0.01276/step) :: Entropy : 0.000 :: Grads : []
150 :: Rewards -10.450 :: steps: 1.00 :: Time: 0.013(0.01299/step) :: Entropy : 0.000 :: Grads : []
160 :: Rewards -10.450 :: steps: 1.00 :: Time: 0.013(0.01315/step) :: Entropy : 0.000 :: Grads : []
170 :: Rewards -10.450 :: steps: 1.00 :: Time: 0.013(0.01339/step) :: Entropy : 0.000 :: Grads : []
180 :: Rewards -10.450 :: steps: 1.00 :: Time: 0.014(0.01359/step) :: Entropy : 0.000 :: Grads : []
190 :: Rewards -10.450 :: steps: 1.00 :: Time: 0.014(0.01450/step) :: Entropy : 0.000 :: Grads : []
200 :: Rewards -10.450 :: steps: 1.00 :: Time: 0.015(0.01468/step) :: Entropy : 0.000 :: Grads : []
210 :: Rewards -10.450 :: steps: 1.00 :: Time: 0.015(0.01518/step) :: Entropy : 0.000 :: Grads : []
220 :: Rewards -10.450 :: steps: 1.00 :: Time: 0.015(0.01545/step) :: Entropy : 0.000 :: Grads : []
230 :: Rewards -10.450 :: steps: 1.00 :: Time: 0.016(0.01618/step) :: Entropy : 0.000 :: Grads : []
240 :: Rewards -10.450 :: steps: 1.00 :: Time: 0.016(0.01602/step) :: Entropy : 0.000 :: Grads : []
250 :: Rewards -10.450 :: steps: 1.00 :: Time: 0.016(0.01629/step) :: Entropy : 0.000 :: Grads : []
260 :: Rewards -10.450 :: steps: 1.00 :: Time: 0.018(0.01764/step) :: Entropy : 0.000 :: Grads : []
270 :: Rewards -10.450 :: steps: 1.00 :: Time: 0.017(0.01697/step) :: Entropy : 0.000 :: Grads : []
280 :: Rewards -10.450 :: steps: 1.00 :: Time: 0.017(0.01710/step) :: Entropy : 0.000 :: Grads : []
290 :: Rewards -10.450 :: steps: 1.00 :: Time: 0.018(0.01755/step) :: Entropy : 0.000 :: Grads : []
300 :: Rewards -10.450 :: steps: 1.00 :: Time: 0.017(0.01744/step) :: Entropy : 0.000 :: Grads : []
310 :: Rewards -10.450 :: steps: 1.00 :: Time: 0.018(0.01775/step) :: Entropy : 0.000 :: Grads : []
320 :: Rewards -10.450 :: steps: 1.00 :: Time: 0.019(0.01863/step) :: Entropy : 0.000 :: Grads : []
330 :: Rewards -10.450 :: steps: 1.00 :: Time: 0.019(0.01851/step) :: Entropy : 0.000 :: Grads : []
340 :: Rewards -10.450 :: steps: 1.00 :: Time: 0.019(0.01862/step) :: Entropy : 0.000 :: Grads : []
350 :: Rewards -10.450 :: steps: 1.00 :: Time: 0.019(0.01910/step) :: Entropy : 0.000 :: Grads : []
360 :: Rewards -10.450 :: steps: 1.00 :: Time: 0.019(0.01946/step) :: Entropy : 0.000 :: Grads : []
370 :: Rewards -10.450 :: steps: 1.00 :: Time: 0.020(0.01986/step) :: Entropy : 0.000 :: Grads : []
380 :: Rewards -10.450 :: steps: 1.00 :: Time: 0.020(0.02023/step) :: Entropy : 0.000 :: Grads : []
390 :: Rewards -10.450 :: steps: 1.00 :: Time: 0.021(0.02093/step) :: Entropy : 0.000 :: Grads : []
400 :: Rewards -10.450 :: steps: 1.00 :: Time: 0.021(0.02084/step) :: Entropy : 0.000 :: Grads : []
410 :: Rewards -10.450 :: steps: 1.00 :: Time: 0.024(0.02375/step) :: Entropy : 0.000 :: Grads : []
420 :: Rewards -10.450 :: steps: 1.00 :: Time: 0.025(0.02465/step) :: Entropy : 0.000 :: Grads : []
430 :: Rewards -10.450 :: steps: 1.00 :: Time: 0.025(0.02450/step) :: Entropy : 0.000 :: Grads : []
440 :: Rewards -10.450 :: steps: 1.00 :: Time: 0.023(0.02276/step) :: Entropy : 0.000 :: Grads : []
450 :: Rewards -10.450 :: steps: 1.00 :: Time: 0.023(0.02345/step) :: Entropy : 0.000 :: Grads : []
460 :: Rewards -10.450 :: steps: 1.00 :: Time: 0.024(0.02364/step) :: Entropy : 0.000 :: Grads : []
470 :: Rewards -10.450 :: steps: 1.00 :: Time: 0.024(0.02409/step) :: Entropy : 0.000 :: Grads : []
480 :: Rewards -10.450 :: steps: 1.00 :: Time: 0.024(0.02431/step) :: Entropy : 0.000 :: Grads : []
490 :: Rewards -10.450 :: steps: 1.00 :: Time: 0.025(0.02484/step) :: Entropy : 0.000 :: Grads : []
500 :: Rewards -10.450 :: steps: 1.00 :: Time: 0.025(0.02494/step) :: Entropy : 0.000 :: Grads : []
510 :: Rewards -10.450 :: steps: 1.00 :: Time: 0.026(0.02567/step) :: Entropy : 0.000 :: Grads : []
520 :: Rewards -10.450 :: steps: 1.00 :: Time: 0.026(0.02597/step) :: Entropy : 0.000 :: Grads : []
530 :: Rewards -10.450 :: steps: 1.00 :: Time: 0.026(0.02613/step) :: Entropy : 0.000 :: Grads : []
540 :: Rewards -10.450 :: steps: 1.00 :: Time: 0.026(0.02650/step) :: Entropy : 0.000 :: Grads : []
550 :: Rewards -10.450 :: steps: 1.00 :: Time: 0.027(0.02726/step) :: Entropy : 0.000 :: Grads : []
560 :: Rewards -10.450 :: steps: 1.00 :: Time: 0.028(0.02762/step) :: Entropy : 0.000 :: Grads : []
570 :: Rewards -10.450 :: steps: 1.00 :: Time: 0.028(0.02832/step) :: Entropy : 0.000 :: Grads : []
580 :: Rewards -10.450 :: steps: 1.00 :: Time: 0.029(0.02893/step) :: Entropy : 0.000 :: Grads : []
590 :: Rewards -10.450 :: steps: 1.00 :: Time: 0.030(0.02954/step) :: Entropy : 0.000 :: Grads : []
600 :: Rewards -10.450 :: steps: 1.00 :: Time: 0.030(0.03000/step) :: Entropy : 0.000 :: Grads : []
610 :: Rewards -10.450 :: steps: 1.00 :: Time: 0.031(0.03068/step) :: Entropy : 0.000 :: Grads : []
620 :: Rewards -10.450 :: steps: 1.00 :: Time: 0.031(0.03095/step) :: Entropy : 0.000 :: Grads : []
630 :: Rewards -10.450 :: steps: 1.00 :: Time: 0.032(0.03172/step) :: Entropy : 0.000 :: Grads : []
640 :: Rewards -10.450 :: steps: 1.00 :: Time: 0.033(0.03286/step) :: Entropy : 0.000 :: Grads : []
650 :: Rewards -10.450 :: steps: 1.00 :: Time: 0.033(0.03300/step) :: Entropy : 0.000 :: Grads : []
660 :: Rewards -10.450 :: steps: 1.00 :: Time: 0.033(0.03339/step) :: Entropy : 0.000 :: Grads : []
670 :: Rewards -10.450 :: steps: 1.00 :: Time: 0.034(0.03429/step) :: Entropy : 0.000 :: Grads : []
680 :: Rewards -10.450 :: steps: 1.00 :: Time: 0.035(0.03453/step) :: Entropy : 0.000 :: Grads : []
690 :: Rewards -10.450 :: steps: 1.00 :: Time: 0.036(0.03632/step) :: Entropy : 0.000 :: Grads : []
700 :: Rewards -10.450 :: steps: 1.00 :: Time: 0.036(0.03627/step) :: Entropy : 0.000 :: Grads : []
710 :: Rewards -10.450 :: steps: 1.00 :: Time: 0.037(0.03706/step) :: Entropy : 0.000 :: Grads : []
720 :: Rewards -10.450 :: steps: 1.00 :: Time: 0.037(0.03746/step) :: Entropy : 0.000 :: Grads : []
730 :: Rewards -10.450 :: steps: 1.00 :: Time: 0.038(0.03836/step) :: Entropy : 0.000 :: Grads : []
740 :: Rewards -10.450 :: steps: 1.00 :: Time: 0.039(0.03902/step) :: Entropy : 0.000 :: Grads : []
750 :: Rewards -10.450 :: steps: 1.00 :: Time: 0.040(0.04000/step) :: Entropy : 0.000 :: Grads : []
760 :: Rewards -10.450 :: steps: 1.00 :: Time: 0.040(0.04027/step) :: Entropy : 0.000 :: Grads : []
770 :: Rewards -10.450 :: steps: 1.00 :: Time: 0.042(0.04239/step) :: Entropy : 0.000 :: Grads : []
780 :: Rewards -10.450 :: steps: 1.00 :: Time: 0.044(0.04415/step) :: Entropy : 0.000 :: Grads : []
790 :: Rewards -10.450 :: steps: 1.00 :: Time: 0.045(0.04466/step) :: Entropy : 0.000 :: Grads : []
800 :: Rewards -10.450 :: steps: 1.00 :: Time: 0.046(0.04564/step) :: Entropy : 0.000 :: Grads : []
810 :: Rewards -10.450 :: steps: 1.00 :: Time: 0.046(0.04591/step) :: Entropy : 0.000 :: Grads : []
820 :: Rewards -10.450 :: steps: 1.00 :: Time: 0.048(0.04792/step) :: Entropy : 0.000 :: Grads : []
830 :: Rewards -10.450 :: steps: 1.00 :: Time: 0.049(0.04865/step) :: Entropy : 0.000 :: Grads : []
840 :: Rewards -10.450 :: steps: 1.00 :: Time: 0.050(0.05040/step) :: Entropy : 0.000 :: Grads : []
850 :: Rewards -10.450 :: steps: 1.00 :: Time: 0.052(0.05214/step) :: Entropy : 0.000 :: Grads : []
860 :: Rewards -10.450 :: steps: 1.00 :: Time: 0.052(0.05213/step) :: Entropy : 0.000 :: Grads : []
870 :: Rewards -10.450 :: steps: 1.00 :: Time: 0.054(0.05388/step) :: Entropy : 0.000 :: Grads : []
880 :: Rewards -10.450 :: steps: 1.00 :: Time: 0.054(0.05379/step) :: Entropy : 0.000 :: Grads : []
890 :: Rewards -10.450 :: steps: 1.00 :: Time: 0.054(0.05372/step) :: Entropy : 0.000 :: Grads : []
900 :: Rewards -10.450 :: steps: 1.00 :: Time: 0.060(0.05996/step) :: Entropy : 0.000 :: Grads : []
910 :: Rewards -10.450 :: steps: 1.00 :: Time: 0.058(0.05799/step) :: Entropy : 0.000 :: Grads : []
920 :: Rewards -10.450 :: steps: 1.00 :: Time: 0.059(0.05865/step) :: Entropy : 0.000 :: Grads : []
930 :: Rewards -10.450 :: steps: 1.00 :: Time: 0.061(0.06072/step) :: Entropy : 0.000 :: Grads : []
940 :: Rewards -10.450 :: steps: 1.00 :: Time: 0.061(0.06101/step) :: Entropy : 0.000 :: Grads : []
950 :: Rewards -10.450 :: steps: 1.00 :: Time: 0.062(0.06205/step) :: Entropy : 0.000 :: Grads : []
960 :: Rewards -10.450 :: steps: 1.00 :: Time: 0.063(0.06258/step) :: Entropy : 0.000 :: Grads : []
970 :: Rewards -10.450 :: steps: 1.00 :: Time: 0.066(0.06550/step) :: Entropy : 0.000 :: Grads : []
980 :: Rewards -10.450 :: steps: 1.00 :: Time: 0.067(0.06720/step) :: Entropy : 0.000 :: Grads : []
990 :: Rewards -10.450 :: steps: 1.00 :: Time: 0.066(0.06638/step) :: Entropy : 0.000 :: Grads : []
999 :: Rewards -10.450 :: steps: 0.90 :: Time: 0.060(0.06649/step) :: Entropy : 0.000 :: Grads : []
Total time taken: 30.133063793182373
